Dec-12 12:51:51.375 [main] DEBUG nextflow.cli.Launcher - $> nextflow run /input/chain -c /experiments/experiment/chain/nextflow.config -c /experiments/experiment/nextflow_la.config -c /experiments/experiment/nextflow_ceph.config
Dec-12 12:51:51.440 [main] INFO  nextflow.cli.CmdRun - N E X T F L O W  ~  version 23.07.0-edge
Dec-12 12:51:51.457 [main] DEBUG nextflow.plugin.PluginsFacade - Setting up plugin manager > mode=prod; embedded=false; plugins-dir=/.nextflow/plugins; core-plugins: nf-amazon@2.1.0,nf-azure@1.1.4,nf-cloudcache@0.1.0,nf-codecommit@0.1.5,nf-console@1.0.6,nf-ga4gh@1.1.0,nf-google@1.8.1,nf-tower@1.5.15,nf-wave@0.11.0
Dec-12 12:51:51.469 [main] INFO  o.pf4j.DefaultPluginStatusProvider - Enabled plugins: []
Dec-12 12:51:51.471 [main] INFO  o.pf4j.DefaultPluginStatusProvider - Disabled plugins: []
Dec-12 12:51:51.474 [main] INFO  org.pf4j.DefaultPluginManager - PF4J version 3.4.1 in 'deployment' mode
Dec-12 12:51:51.484 [main] INFO  org.pf4j.AbstractPluginManager - No plugins
Dec-12 12:51:51.503 [main] DEBUG nextflow.scm.AssetManager - Project manifest does not exist: /input/chain/nextflow.config (No such file or directory)
Dec-12 12:51:51.524 [main] DEBUG nextflow.config.ConfigBuilder - User config file: /experiments/experiment/chain/nextflow.config
Dec-12 12:51:51.524 [main] DEBUG nextflow.config.ConfigBuilder - User config file: /experiments/experiment/nextflow_la.config
Dec-12 12:51:51.524 [main] DEBUG nextflow.config.ConfigBuilder - User config file: /experiments/experiment/nextflow_ceph.config
Dec-12 12:51:51.525 [main] DEBUG nextflow.config.ConfigBuilder - Parsing config file: /experiments/experiment/chain/nextflow.config
Dec-12 12:51:51.525 [main] DEBUG nextflow.config.ConfigBuilder - Parsing config file: /experiments/experiment/nextflow_la.config
Dec-12 12:51:51.525 [main] DEBUG nextflow.config.ConfigBuilder - Parsing config file: /experiments/experiment/nextflow_ceph.config
Dec-12 12:51:51.538 [main] DEBUG nextflow.config.ConfigBuilder - Applying config profile: `standard`
Dec-12 12:51:52.059 [main] DEBUG nextflow.config.ConfigBuilder - Applying config profile: `standard`
Dec-12 12:51:52.224 [main] DEBUG nextflow.config.ConfigBuilder - Applying config profile: `standard`
Dec-12 12:51:52.250 [main] DEBUG nextflow.cli.CmdRun - Applied DSL=2 by global default
Dec-12 12:51:52.262 [main] INFO  nextflow.cli.CmdRun - Launching `/input/chain/main.nf` [cheesy_bell] DSL2 - revision: c6264bd70c
Dec-12 12:51:52.263 [main] DEBUG nextflow.plugin.PluginsFacade - Plugins default=[]
Dec-12 12:51:52.263 [main] DEBUG nextflow.plugin.PluginsFacade - Plugins resolved requirement=[]
Dec-12 12:51:52.270 [main] DEBUG n.secret.LocalSecretsProvider - Secrets store: /.nextflow/secrets/store.json
Dec-12 12:51:52.272 [main] DEBUG nextflow.secret.SecretsLoader - Discovered secrets providers: [nextflow.secret.LocalSecretsProvider@20d87335] - activable => nextflow.secret.LocalSecretsProvider@20d87335
Dec-12 12:51:52.324 [main] DEBUG nextflow.Session - Session UUID: 41eb32e8-5749-451b-b10f-9d18a3343c63
Dec-12 12:51:52.324 [main] DEBUG nextflow.Session - Run name: cheesy_bell
Dec-12 12:51:52.324 [main] DEBUG nextflow.Session - Executor pool size: 32
Dec-12 12:51:52.329 [main] DEBUG nextflow.file.FilePorter - File porter settings maxRetries=3; maxTransfers=50; pollTimeout=null
Dec-12 12:51:52.332 [main] DEBUG nextflow.util.ThreadPoolBuilder - Creating thread pool 'FileTransfer' minSize=10; maxSize=96; workQueue=LinkedBlockingQueue[10000]; allowCoreThreadTimeout=false
Dec-12 12:51:52.361 [main] DEBUG nextflow.cli.CmdRun - 
  Version: 23.07.0-edge build 5875
  Created: 28-07-2023 20:27 UTC (20:27 GMT)
  System: Linux 5.4.0-166-generic
  Runtime: Groovy 3.0.18 on OpenJDK 64-Bit Server VM 17.0.6+10-LTS
  Encoding: UTF-8 (UTF-8)
  Process: 2505575@nextflow [10.233.76.33]
  CPUs: 32 - Mem: 125.7 GB (121.4 GB) - Swap: 0 (0)
Dec-12 12:51:52.388 [main] DEBUG nextflow.Session - Work-dir: /input/data/work [ceph]
Dec-12 12:51:52.388 [main] DEBUG nextflow.Session - Script base path does not exist or is not a directory: /input/chain/bin
Dec-12 12:51:52.398 [main] DEBUG nextflow.executor.ExecutorFactory - Extension executors providers=[]
Dec-12 12:51:52.405 [main] DEBUG nextflow.Session - Observer factory: DefaultObserverFactory
Dec-12 12:51:52.432 [main] DEBUG nextflow.cache.CacheFactory - Using Nextflow cache factory: nextflow.cache.DefaultCacheFactory
Dec-12 12:51:52.439 [main] DEBUG nextflow.util.CustomThreadPool - Creating default thread pool > poolSize: 33; maxThreads: 1000
Dec-12 12:51:52.534 [main] DEBUG nextflow.Session - Session start
Dec-12 12:51:52.540 [main] DEBUG nextflow.trace.TraceFileObserver - Workflow started -- trace file: /input/data/output/trace.csv
Dec-12 12:51:52.671 [main] DEBUG nextflow.script.ScriptRunner - > Launching execution
Dec-12 12:51:52.908 [main] DEBUG nextflow.script.ProcessConfig - Config settings `withName:writeLargeFile` matches process writeLargeFile
Dec-12 12:51:52.921 [main] DEBUG nextflow.executor.ExecutorFactory - << taskConfig executor: k8s
Dec-12 12:51:52.921 [main] DEBUG nextflow.executor.ExecutorFactory - >> processorType: 'k8s'
Dec-12 12:51:52.929 [main] DEBUG nextflow.executor.Executor - [warm up] executor > k8s
Dec-12 12:51:52.947 [main] DEBUG n.processor.TaskPollingMonitor - Creating task monitor for executor 'k8s' > capacity: 300; pollInterval: 5s; dumpInterval: 5m; schedulerBatch: null
Dec-12 12:51:52.951 [main] DEBUG nextflow.k8s.client.ConfigDiscovery - K8s config file does not exist: /root/.kube/config
Dec-12 12:51:52.962 [main] DEBUG nextflow.k8s.K8sExecutor - [K8s] config=[localPath:/localdata, localStorageMountPath:/localdata, scheduler:[strategy:LAv2, name:workflow-scheduler, autoClose:false, nodeSelector:usedby=anonymized, container:anonymized/test1:sch_v194], storage:[type:copy, workdir:/localdata/localwork/, nodeSelector:usedby=anonymized, imageName:anonymized/test1:ftp_v122], debug:[yaml:true], namespace:anonymized, serviceAccount:nextflow, workDir:/input/data/work/, projectDir:/input/data/project/, imagePullPolicy:IfNotPresent, launchDir:/input/data/launch/, runAsUser:0, fetchNodeName:true, storageMountPath:/input, pod:[nodeSelector:usedby=anonymized], storageClaimName:ceph-data]; API client config=ClientConfig[ server=10.233.0.1:443, namespace=anonymized, serviceAccount=nextflow, token=eyJhbGciOiJ.., sslCert=LS0tLS1CRUd.., clientCert=-, clientKey=-, verifySsl=false, fromFile=true, httpReadTimeout=null, httpConnectTimeout=null, maxErrorRetry=4 ]
Dec-12 12:51:53.418 [main] DEBUG nextflow.k8s.K8sExecutor - Created K8s configMap with name: nf-get-stat-41cac373
Dec-12 12:51:57.120 [main] DEBUG nextflow.script.ProcessConfig - Config settings `withName:revertFile` matches process revertFile
Dec-12 12:51:57.122 [main] DEBUG nextflow.executor.ExecutorFactory - << taskConfig executor: k8s
Dec-12 12:51:57.122 [main] DEBUG nextflow.executor.ExecutorFactory - >> processorType: 'k8s'
Dec-12 12:51:57.134 [main] DEBUG nextflow.Session - Workflow process names [dsl2]: revertFile, combineFiles, writeLargeFile
Dec-12 12:51:57.136 [main] DEBUG nextflow.Session - Igniting dataflow network (3)
Dec-12 12:51:57.139 [main] DEBUG nextflow.processor.TaskProcessor - Starting process > writeLargeFile
Dec-12 12:51:57.140 [main] DEBUG nextflow.processor.TaskProcessor - Starting process > revertFile
Dec-12 12:51:57.140 [main] DEBUG nextflow.script.ScriptRunner - > Awaiting termination 
Dec-12 12:51:57.140 [main] DEBUG nextflow.Session - Session await
Dec-12 12:51:57.418 [Task submitter] INFO  nextflow.Session - [5f/19dbc7] Submitted process > writeLargeFile (29)
Dec-12 12:51:57.465 [Task submitter] INFO  nextflow.Session - [12/a4ad4f] Submitted process > writeLargeFile (24)
Dec-12 12:51:57.510 [Task submitter] INFO  nextflow.Session - [55/d9795b] Submitted process > writeLargeFile (11)
Dec-12 12:51:57.549 [Task submitter] INFO  nextflow.Session - [88/9dcac1] Submitted process > writeLargeFile (17)
Dec-12 12:51:57.588 [Task submitter] INFO  nextflow.Session - [4e/704f43] Submitted process > writeLargeFile (22)
Dec-12 12:51:57.623 [Task submitter] INFO  nextflow.Session - [80/fe52db] Submitted process > writeLargeFile (25)
Dec-12 12:51:57.659 [Task submitter] INFO  nextflow.Session - [63/0f67a1] Submitted process > writeLargeFile (26)
Dec-12 12:51:57.699 [Task submitter] INFO  nextflow.Session - [74/f1d862] Submitted process > writeLargeFile (4)
Dec-12 12:51:57.736 [Task submitter] INFO  nextflow.Session - [51/37fa52] Submitted process > writeLargeFile (10)
Dec-12 12:51:57.771 [Task submitter] INFO  nextflow.Session - [40/157625] Submitted process > writeLargeFile (21)
Dec-12 12:51:57.810 [Task submitter] INFO  nextflow.Session - [ed/75330a] Submitted process > writeLargeFile (18)
Dec-12 12:51:57.846 [Task submitter] INFO  nextflow.Session - [0a/5f8404] Submitted process > writeLargeFile (28)
Dec-12 12:51:57.878 [Task submitter] INFO  nextflow.Session - [54/be664f] Submitted process > writeLargeFile (14)
Dec-12 12:51:57.914 [Task submitter] INFO  nextflow.Session - [0e/6c30d9] Submitted process > writeLargeFile (7)
Dec-12 12:51:57.944 [Task submitter] INFO  nextflow.Session - [a6/ce9808] Submitted process > writeLargeFile (2)
Dec-12 12:51:57.978 [Task submitter] INFO  nextflow.Session - [97/6e1993] Submitted process > writeLargeFile (30)
Dec-12 12:51:58.015 [Task submitter] INFO  nextflow.Session - [55/ab7250] Submitted process > writeLargeFile (23)
Dec-12 12:51:58.047 [Task submitter] INFO  nextflow.Session - [c9/af6a1b] Submitted process > writeLargeFile (12)
Dec-12 12:51:58.082 [Task submitter] INFO  nextflow.Session - [30/481a22] Submitted process > writeLargeFile (15)
Dec-12 12:51:58.120 [Task submitter] INFO  nextflow.Session - [47/185ca6] Submitted process > writeLargeFile (19)
Dec-12 12:51:58.154 [Task submitter] INFO  nextflow.Session - [27/e8dc50] Submitted process > writeLargeFile (6)
Dec-12 12:51:58.189 [Task submitter] INFO  nextflow.Session - [ea/ee7066] Submitted process > writeLargeFile (3)
Dec-12 12:51:58.219 [Task submitter] INFO  nextflow.Session - [b0/0cdcca] Submitted process > writeLargeFile (27)
Dec-12 12:51:58.251 [Task submitter] INFO  nextflow.Session - [ca/229205] Submitted process > writeLargeFile (1)
Dec-12 12:51:58.282 [Task submitter] INFO  nextflow.Session - [20/859f53] Submitted process > writeLargeFile (16)
Dec-12 12:51:58.314 [Task submitter] INFO  nextflow.Session - [61/48b999] Submitted process > writeLargeFile (31)
Dec-12 12:51:58.347 [Task submitter] INFO  nextflow.Session - [31/8a947e] Submitted process > writeLargeFile (9)
Dec-12 12:51:58.381 [Task submitter] INFO  nextflow.Session - [47/afab99] Submitted process > writeLargeFile (32)
Dec-12 12:51:58.410 [Task submitter] INFO  nextflow.Session - [ba/9d627e] Submitted process > writeLargeFile (13)
Dec-12 12:51:58.437 [Task submitter] INFO  nextflow.Session - [07/ab584f] Submitted process > writeLargeFile (5)
Dec-12 12:51:58.469 [Task submitter] INFO  nextflow.Session - [79/b82da1] Submitted process > writeLargeFile (20)
Dec-12 12:51:58.503 [Task submitter] INFO  nextflow.Session - [48/0bc1d1] Submitted process > writeLargeFile (8)
Dec-12 12:51:58.535 [Task submitter] INFO  nextflow.Session - [e4/f3b109] Submitted process > writeLargeFile (33)
Dec-12 12:51:58.566 [Task submitter] INFO  nextflow.Session - [81/63051c] Submitted process > writeLargeFile (34)
Dec-12 12:51:58.598 [Task submitter] INFO  nextflow.Session - [c0/d2608d] Submitted process > writeLargeFile (36)
Dec-12 12:51:58.629 [Task submitter] INFO  nextflow.Session - [0c/9eeca4] Submitted process > writeLargeFile (35)
Dec-12 12:51:58.659 [Task submitter] INFO  nextflow.Session - [bb/7ad9a3] Submitted process > writeLargeFile (37)
Dec-12 12:51:58.690 [Task submitter] INFO  nextflow.Session - [57/0c756c] Submitted process > writeLargeFile (38)
Dec-12 12:51:58.721 [Task submitter] INFO  nextflow.Session - [88/a13ab2] Submitted process > writeLargeFile (39)
Dec-12 12:51:58.751 [Task submitter] INFO  nextflow.Session - [98/ff6109] Submitted process > writeLargeFile (40)
Dec-12 12:51:58.783 [Task submitter] INFO  nextflow.Session - [6b/790b9a] Submitted process > writeLargeFile (64)
Dec-12 12:51:58.811 [Task submitter] INFO  nextflow.Session - [fd/c3bdd0] Submitted process > writeLargeFile (41)
Dec-12 12:51:58.844 [Task submitter] INFO  nextflow.Session - [c5/876798] Submitted process > writeLargeFile (42)
Dec-12 12:51:58.872 [Task submitter] INFO  nextflow.Session - [e5/09227d] Submitted process > writeLargeFile (43)
Dec-12 12:51:58.903 [Task submitter] INFO  nextflow.Session - [7a/c05b1e] Submitted process > writeLargeFile (44)
Dec-12 12:51:58.934 [Task submitter] INFO  nextflow.Session - [ff/56fb56] Submitted process > writeLargeFile (45)
Dec-12 12:51:58.965 [Task submitter] INFO  nextflow.Session - [ec/af6934] Submitted process > writeLargeFile (46)
Dec-12 12:51:58.994 [Task submitter] INFO  nextflow.Session - [a9/f1b4a9] Submitted process > writeLargeFile (47)
Dec-12 12:51:59.026 [Task submitter] INFO  nextflow.Session - [af/4e6c84] Submitted process > writeLargeFile (48)
Dec-12 12:51:59.057 [Task submitter] INFO  nextflow.Session - [27/7c50c9] Submitted process > writeLargeFile (50)
Dec-12 12:51:59.087 [Task submitter] INFO  nextflow.Session - [0e/d82aad] Submitted process > writeLargeFile (49)
Dec-12 12:51:59.118 [Task submitter] INFO  nextflow.Session - [42/220c5c] Submitted process > writeLargeFile (52)
Dec-12 12:51:59.149 [Task submitter] INFO  nextflow.Session - [ca/cb7e1b] Submitted process > writeLargeFile (53)
Dec-12 12:51:59.178 [Task submitter] INFO  nextflow.Session - [6e/41b159] Submitted process > writeLargeFile (51)
Dec-12 12:51:59.210 [Task submitter] INFO  nextflow.Session - [c0/60348c] Submitted process > writeLargeFile (55)
Dec-12 12:51:59.241 [Task submitter] INFO  nextflow.Session - [cd/a8e7ba] Submitted process > writeLargeFile (54)
Dec-12 12:51:59.271 [Task submitter] INFO  nextflow.Session - [c3/71f6e4] Submitted process > writeLargeFile (84)
Dec-12 12:51:59.302 [Task submitter] INFO  nextflow.Session - [32/40cea5] Submitted process > writeLargeFile (56)
Dec-12 12:51:59.331 [Task submitter] INFO  nextflow.Session - [f4/61ed66] Submitted process > writeLargeFile (57)
Dec-12 12:51:59.361 [Task submitter] INFO  nextflow.Session - [67/504bdc] Submitted process > writeLargeFile (58)
Dec-12 12:51:59.390 [Task submitter] INFO  nextflow.Session - [97/c9a5c3] Submitted process > writeLargeFile (59)
Dec-12 12:51:59.419 [Task submitter] INFO  nextflow.Session - [41/44ce21] Submitted process > writeLargeFile (60)
Dec-12 12:51:59.447 [Task submitter] INFO  nextflow.Session - [83/d7808d] Submitted process > writeLargeFile (61)
Dec-12 12:51:59.479 [Task submitter] INFO  nextflow.Session - [14/4b4b85] Submitted process > writeLargeFile (62)
Dec-12 12:51:59.509 [Task submitter] INFO  nextflow.Session - [05/9422fe] Submitted process > writeLargeFile (63)
Dec-12 12:51:59.539 [Task submitter] INFO  nextflow.Session - [3b/a3985e] Submitted process > writeLargeFile (65)
Dec-12 12:51:59.568 [Task submitter] INFO  nextflow.Session - [2f/e29665] Submitted process > writeLargeFile (66)
Dec-12 12:51:59.596 [Task submitter] INFO  nextflow.Session - [32/716ec7] Submitted process > writeLargeFile (69)
Dec-12 12:51:59.624 [Task submitter] INFO  nextflow.Session - [3e/fb37bc] Submitted process > writeLargeFile (67)
Dec-12 12:51:59.658 [Task submitter] INFO  nextflow.Session - [be/953283] Submitted process > writeLargeFile (68)
Dec-12 12:51:59.688 [Task submitter] INFO  nextflow.Session - [b5/a07d63] Submitted process > writeLargeFile (70)
Dec-12 12:51:59.716 [Task submitter] INFO  nextflow.Session - [db/ee99ed] Submitted process > writeLargeFile (72)
Dec-12 12:51:59.743 [Task submitter] INFO  nextflow.Session - [09/aad087] Submitted process > writeLargeFile (71)
Dec-12 12:51:59.771 [Task submitter] INFO  nextflow.Session - [97/fd7ead] Submitted process > writeLargeFile (74)
Dec-12 12:51:59.797 [Task submitter] INFO  nextflow.Session - [dd/3d4a13] Submitted process > writeLargeFile (73)
Dec-12 12:51:59.825 [Task submitter] INFO  nextflow.Session - [c3/7fe78a] Submitted process > writeLargeFile (75)
Dec-12 12:51:59.855 [Task submitter] INFO  nextflow.Session - [04/35f41f] Submitted process > writeLargeFile (76)
Dec-12 12:51:59.882 [Task submitter] INFO  nextflow.Session - [b3/b010c8] Submitted process > writeLargeFile (78)
Dec-12 12:51:59.912 [Task submitter] INFO  nextflow.Session - [8c/200636] Submitted process > writeLargeFile (77)
Dec-12 12:51:59.943 [Task submitter] INFO  nextflow.Session - [d9/6dc688] Submitted process > writeLargeFile (79)
Dec-12 12:51:59.974 [Task submitter] INFO  nextflow.Session - [75/74cdb2] Submitted process > writeLargeFile (80)
Dec-12 12:52:00.003 [Task submitter] INFO  nextflow.Session - [9f/54f8df] Submitted process > writeLargeFile (81)
Dec-12 12:52:00.032 [Task submitter] INFO  nextflow.Session - [4f/453199] Submitted process > writeLargeFile (82)
Dec-12 12:52:00.068 [Task submitter] INFO  nextflow.Session - [a1/b36efd] Submitted process > writeLargeFile (83)
Dec-12 12:52:00.100 [Task submitter] INFO  nextflow.Session - [ae/97f59c] Submitted process > writeLargeFile (85)
Dec-12 12:52:00.128 [Task submitter] INFO  nextflow.Session - [be/322db7] Submitted process > writeLargeFile (87)
Dec-12 12:52:00.159 [Task submitter] INFO  nextflow.Session - [b0/ccc9be] Submitted process > writeLargeFile (86)
Dec-12 12:52:00.189 [Task submitter] INFO  nextflow.Session - [c7/9c3018] Submitted process > writeLargeFile (88)
Dec-12 12:52:00.215 [Task submitter] INFO  nextflow.Session - [85/0a6ed9] Submitted process > writeLargeFile (89)
Dec-12 12:52:00.243 [Task submitter] INFO  nextflow.Session - [bb/0f6c72] Submitted process > writeLargeFile (90)
Dec-12 12:52:00.272 [Task submitter] INFO  nextflow.Session - [0b/c09e4d] Submitted process > writeLargeFile (92)
Dec-12 12:52:00.310 [Task submitter] INFO  nextflow.Session - [cb/030fc4] Submitted process > writeLargeFile (91)
Dec-12 12:52:00.338 [Task submitter] INFO  nextflow.Session - [38/baf852] Submitted process > writeLargeFile (93)
Dec-12 12:52:00.367 [Task submitter] INFO  nextflow.Session - [90/034e41] Submitted process > writeLargeFile (94)
Dec-12 12:52:00.396 [Task submitter] INFO  nextflow.Session - [65/672543] Submitted process > writeLargeFile (95)
Dec-12 12:52:00.424 [Task submitter] INFO  nextflow.Session - [14/18f5e5] Submitted process > writeLargeFile (96)
Dec-12 12:52:00.452 [Task submitter] INFO  nextflow.Session - [f8/8dcd74] Submitted process > writeLargeFile (97)
Dec-12 12:52:00.480 [Task submitter] INFO  nextflow.Session - [ca/7f0b01] Submitted process > writeLargeFile (98)
Dec-12 12:52:00.507 [Task submitter] INFO  nextflow.Session - [da/dd0f1c] Submitted process > writeLargeFile (100)
Dec-12 12:52:00.535 [Task submitter] INFO  nextflow.Session - [39/f312ec] Submitted process > writeLargeFile (99)
Dec-12 12:52:08.139 [Task monitor] DEBUG n.processor.TaskPollingMonitor - Task completed > TaskHandler[id: 26; name: writeLargeFile (26); status: COMPLETED; exit: 0; error: -; workDir: /input/data/work/63/0f67a15442d647f305d02bcc96f35b]
Dec-12 12:52:08.225 [Task submitter] INFO  nextflow.Session - [bd/86d3f9] Submitted process > revertFile (26)
Dec-12 12:52:08.234 [Task monitor] DEBUG n.processor.TaskPollingMonitor - Task completed > TaskHandler[id: 4; name: writeLargeFile (4); status: COMPLETED; exit: 0; error: -; workDir: /input/data/work/74/f1d862a8baa28d6c064f6e1f1f55ad]
Dec-12 12:52:08.272 [Task submitter] INFO  nextflow.Session - [24/b026e2] Submitted process > revertFile (4)
Dec-12 12:52:08.282 [Task monitor] DEBUG n.processor.TaskPollingMonitor - Task completed > TaskHandler[id: 10; name: writeLargeFile (10); status: COMPLETED; exit: 0; error: -; workDir: /input/data/work/51/37fa525aafab5334d1365d350a14c4]
Dec-12 12:52:08.314 [Task submitter] INFO  nextflow.Session - [34/06bb64] Submitted process > revertFile (10)
Dec-12 12:52:08.327 [Task monitor] DEBUG n.processor.TaskPollingMonitor - Task completed > TaskHandler[id: 21; name: writeLargeFile (21); status: COMPLETED; exit: 0; error: -; workDir: /input/data/work/40/15762538b9c719db9f1649ffe6bf08]
Dec-12 12:52:08.360 [Task submitter] INFO  nextflow.Session - [10/e516ef] Submitted process > revertFile (21)
Dec-12 12:52:08.366 [Task monitor] DEBUG n.processor.TaskPollingMonitor - Task completed > TaskHandler[id: 18; name: writeLargeFile (18); status: COMPLETED; exit: 0; error: -; workDir: /input/data/work/ed/75330a5b91630aa3996a9be9aff007]
Dec-12 12:52:08.403 [Task monitor] DEBUG n.processor.TaskPollingMonitor - Task completed > TaskHandler[id: 28; name: writeLargeFile (28); status: COMPLETED; exit: 0; error: -; workDir: /input/data/work/0a/5f8404aaff3ab55397853562f4d792]
Dec-12 12:52:08.403 [Task submitter] INFO  nextflow.Session - [eb/9d99b6] Submitted process > revertFile (18)
Dec-12 12:52:08.432 [Task submitter] INFO  nextflow.Session - [23/6e9167] Submitted process > revertFile (28)
Dec-12 12:52:13.089 [Task monitor] DEBUG n.processor.TaskPollingMonitor - Task completed > TaskHandler[id: 29; name: writeLargeFile (29); status: COMPLETED; exit: 0; error: -; workDir: /input/data/work/5f/19dbc7be5be6eb815cc8113e4c3b06]
Dec-12 12:52:13.210 [Task submitter] INFO  nextflow.Session - [f1/15d11f] Submitted process > revertFile (29)
Dec-12 12:52:13.268 [Task monitor] DEBUG n.processor.TaskPollingMonitor - Task completed > TaskHandler[id: 24; name: writeLargeFile (24); status: COMPLETED; exit: 0; error: -; workDir: /input/data/work/12/a4ad4fe83e3e23d0b4b01f3f7a119c]
Dec-12 12:52:13.305 [Task submitter] INFO  nextflow.Session - [09/74a966] Submitted process > revertFile (24)
Dec-12 12:52:13.480 [Task monitor] DEBUG n.processor.TaskPollingMonitor - Task completed > TaskHandler[id: 11; name: writeLargeFile (11); status: COMPLETED; exit: 0; error: -; workDir: /input/data/work/55/d9795b7552d24c2079832f0d046171]
Dec-12 12:52:13.515 [Task submitter] INFO  nextflow.Session - [83/15f7a4] Submitted process > revertFile (11)
Dec-12 12:52:13.659 [Task monitor] DEBUG n.processor.TaskPollingMonitor - Task completed > TaskHandler[id: 17; name: writeLargeFile (17); status: COMPLETED; exit: 0; error: -; workDir: /input/data/work/88/9dcac17db6e9e940575e16f25ac37f]
Dec-12 12:52:13.695 [Task submitter] INFO  nextflow.Session - [54/762b08] Submitted process > revertFile (17)
Dec-12 12:52:13.787 [Task monitor] DEBUG n.processor.TaskPollingMonitor - Task completed > TaskHandler[id: 22; name: writeLargeFile (22); status: COMPLETED; exit: 0; error: -; workDir: /input/data/work/4e/704f43cf8c4fd9269b858bcf7fa30a]
Dec-12 12:52:13.868 [Task submitter] INFO  nextflow.Session - [fb/08bb70] Submitted process > revertFile (22)
Dec-12 12:52:13.874 [Task monitor] DEBUG n.processor.TaskPollingMonitor - Task completed > TaskHandler[id: 25; name: writeLargeFile (25); status: COMPLETED; exit: 0; error: -; workDir: /input/data/work/80/fe52dbacb5608580217c40b2e7a96f]
Dec-12 12:52:13.908 [Task submitter] INFO  nextflow.Session - [16/5b3e33] Submitted process > revertFile (25)
Dec-12 12:52:23.591 [Task monitor] DEBUG n.processor.TaskPollingMonitor - Task completed > TaskHandler[id: 34; name: writeLargeFile (34); status: COMPLETED; exit: 0; error: -; workDir: /input/data/work/81/63051c0e3007c73ff4158eb8896985]
Dec-12 12:52:23.638 [Task submitter] INFO  nextflow.Session - [36/88fb80] Submitted process > revertFile (34)
Dec-12 12:52:25.388 [Task monitor] DEBUG n.processor.TaskPollingMonitor - Task completed > TaskHandler[id: 90; name: writeLargeFile (90); status: COMPLETED; exit: 0; error: -; workDir: /input/data/work/bb/0f6c723bbe6cf7480c8767081b3401]
Dec-12 12:52:25.421 [Task submitter] INFO  nextflow.Session - [b5/9075e7] Submitted process > revertFile (90)
Dec-12 12:52:25.456 [Task monitor] DEBUG n.processor.TaskPollingMonitor - Task completed > TaskHandler[id: 92; name: writeLargeFile (92); status: COMPLETED; exit: 0; error: -; workDir: /input/data/work/0b/c09e4d58bc05504c1ebbdbc55fc9e6]
Dec-12 12:52:25.489 [Task submitter] INFO  nextflow.Session - [79/a22e47] Submitted process > revertFile (92)
Dec-12 12:52:25.585 [Task monitor] DEBUG n.processor.TaskPollingMonitor - Task completed > TaskHandler[id: 91; name: writeLargeFile (91); status: COMPLETED; exit: 0; error: -; workDir: /input/data/work/cb/030fc4bc3e6f3f82aa966a03296973]
Dec-12 12:52:25.633 [Task submitter] INFO  nextflow.Session - [a3/8d4030] Submitted process > revertFile (91)
Dec-12 12:52:25.709 [Task monitor] DEBUG n.processor.TaskPollingMonitor - Task completed > TaskHandler[id: 93; name: writeLargeFile (93); status: COMPLETED; exit: 0; error: -; workDir: /input/data/work/38/baf852b4b7e16d27862c317d2eb36c]
Dec-12 12:52:25.744 [Task submitter] INFO  nextflow.Session - [2b/3ced2d] Submitted process > revertFile (93)
Dec-12 12:52:25.780 [Task monitor] DEBUG n.processor.TaskPollingMonitor - Task completed > TaskHandler[id: 94; name: writeLargeFile (94); status: COMPLETED; exit: 0; error: -; workDir: /input/data/work/90/034e410f5c050bd4289a27ef0c56b5]
Dec-12 12:52:25.815 [Task submitter] INFO  nextflow.Session - [fa/3d5ccf] Submitted process > revertFile (94)
Dec-12 12:52:25.901 [Task monitor] DEBUG n.processor.TaskPollingMonitor - Task completed > TaskHandler[id: 95; name: writeLargeFile (95); status: COMPLETED; exit: 0; error: -; workDir: /input/data/work/65/672543c740a451b824d55ca5190246]
Dec-12 12:52:25.935 [Task submitter] INFO  nextflow.Session - [5b/40209e] Submitted process > revertFile (95)
Dec-12 12:52:25.993 [Task monitor] DEBUG n.processor.TaskPollingMonitor - Task completed > TaskHandler[id: 96; name: writeLargeFile (96); status: COMPLETED; exit: 0; error: -; workDir: /input/data/work/14/18f5e56d21493fbb7a3bcb0054cb48]
Dec-12 12:52:26.027 [Task submitter] INFO  nextflow.Session - [fd/95db4b] Submitted process > revertFile (96)
Dec-12 12:52:26.107 [Task monitor] DEBUG n.processor.TaskPollingMonitor - Task completed > TaskHandler[id: 97; name: writeLargeFile (97); status: COMPLETED; exit: 0; error: -; workDir: /input/data/work/f8/8dcd74118816747f7aa586fd7ffa02]
Dec-12 12:52:26.143 [Task submitter] INFO  nextflow.Session - [7e/95e2de] Submitted process > revertFile (97)
Dec-12 12:52:26.220 [Task monitor] DEBUG n.processor.TaskPollingMonitor - Task completed > TaskHandler[id: 98; name: writeLargeFile (98); status: COMPLETED; exit: 0; error: -; workDir: /input/data/work/ca/7f0b0155d8a418e509edff285e5fdb]
Dec-12 12:52:26.255 [Task submitter] INFO  nextflow.Session - [3e/0f3a76] Submitted process > revertFile (98)
Dec-12 12:52:26.361 [Task monitor] DEBUG n.processor.TaskPollingMonitor - Task completed > TaskHandler[id: 100; name: writeLargeFile (100); status: COMPLETED; exit: 0; error: -; workDir: /input/data/work/da/dd0f1c34ee459183f6ec7bb229015b]
Dec-12 12:52:26.409 [Task submitter] INFO  nextflow.Session - [bf/96e4f3] Submitted process > revertFile (100)
Dec-12 12:52:26.459 [Task monitor] DEBUG n.processor.TaskPollingMonitor - Task completed > TaskHandler[id: 99; name: writeLargeFile (99); status: COMPLETED; exit: 0; error: -; workDir: /input/data/work/39/f312ecd1e26ff67fddd815b330f1c7]
Dec-12 12:52:26.498 [Task submitter] INFO  nextflow.Session - [a1/3723b9] Submitted process > revertFile (99)
Dec-12 12:52:32.994 [Task monitor] DEBUG n.processor.TaskPollingMonitor - Task completed > TaskHandler[id: 14; name: writeLargeFile (14); status: COMPLETED; exit: 0; error: -; workDir: /input/data/work/54/be664f9a133f9c6cd9a9363beb2915]
Dec-12 12:52:33.029 [Task submitter] INFO  nextflow.Session - [23/d3b870] Submitted process > revertFile (14)
Dec-12 12:52:33.621 [Task monitor] DEBUG n.processor.TaskPollingMonitor - Task completed > TaskHandler[id: 8; name: writeLargeFile (8); status: COMPLETED; exit: 0; error: -; workDir: /input/data/work/48/0bc1d194ca139436e19965c4361a1f]
Dec-12 12:52:33.676 [Task submitter] INFO  nextflow.Session - [e4/f16397] Submitted process > revertFile (8)
Dec-12 12:52:33.707 [Task monitor] DEBUG n.processor.TaskPollingMonitor - Task completed > TaskHandler[id: 33; name: writeLargeFile (33); status: COMPLETED; exit: 0; error: -; workDir: /input/data/work/e4/f3b1091493ab415899bfdc955f3a69]
Dec-12 12:52:33.757 [Task submitter] INFO  nextflow.Session - [1b/b2e183] Submitted process > revertFile (33)
Dec-12 12:52:33.898 [Task monitor] DEBUG n.processor.TaskPollingMonitor - Task completed > TaskHandler[id: 36; name: writeLargeFile (36); status: COMPLETED; exit: 0; error: -; workDir: /input/data/work/c0/d2608dd16d4da810089b7f06a374da]
Dec-12 12:52:33.935 [Task submitter] INFO  nextflow.Session - [3e/1c6d72] Submitted process > revertFile (36)
Dec-12 12:52:34.121 [Task monitor] DEBUG n.processor.TaskPollingMonitor - Task completed > TaskHandler[id: 35; name: writeLargeFile (35); status: COMPLETED; exit: 0; error: -; workDir: /input/data/work/0c/9eeca49bfec2e7af23457133979c53]
Dec-12 12:52:34.157 [Task submitter] INFO  nextflow.Session - [70/b5cadf] Submitted process > revertFile (35)
Dec-12 12:52:34.276 [Task monitor] DEBUG n.processor.TaskPollingMonitor - Task completed > TaskHandler[id: 37; name: writeLargeFile (37); status: COMPLETED; exit: 0; error: -; workDir: /input/data/work/bb/7ad9a39f288f07e40e92842bcf57a1]
Dec-12 12:52:34.336 [Task submitter] INFO  nextflow.Session - [c1/4ea340] Submitted process > revertFile (37)
Dec-12 12:52:34.403 [Task monitor] DEBUG n.processor.TaskPollingMonitor - Task completed > TaskHandler[id: 38; name: writeLargeFile (38); status: COMPLETED; exit: 0; error: -; workDir: /input/data/work/57/0c756c4aa0d2cb6a36f539936ecf0a]
Dec-12 12:52:34.448 [Task submitter] INFO  nextflow.Session - [2e/bd7b91] Submitted process > revertFile (38)
Dec-12 12:52:34.578 [Task monitor] DEBUG n.processor.TaskPollingMonitor - Task completed > TaskHandler[id: 39; name: writeLargeFile (39); status: COMPLETED; exit: 0; error: -; workDir: /input/data/work/88/a13ab26239bb5ff76d24e01039d7b5]
Dec-12 12:52:34.620 [Task submitter] INFO  nextflow.Session - [5b/aef70f] Submitted process > revertFile (39)
Dec-12 12:52:34.704 [Task monitor] DEBUG n.processor.TaskPollingMonitor - Task completed > TaskHandler[id: 40; name: writeLargeFile (40); status: COMPLETED; exit: 0; error: -; workDir: /input/data/work/98/ff610983aabce04eb58537f61c11da]
Dec-12 12:52:34.738 [Task submitter] INFO  nextflow.Session - [e7/ff89f0] Submitted process > revertFile (40)
Dec-12 12:52:35.281 [Task monitor] DEBUG n.processor.TaskPollingMonitor - Task completed > TaskHandler[id: 48; name: writeLargeFile (48); status: COMPLETED; exit: 0; error: -; workDir: /input/data/work/af/4e6c84178f8e410ac1a595fbae8353]
Dec-12 12:52:35.320 [Task submitter] INFO  nextflow.Session - [94/5bfca4] Submitted process > revertFile (48)
Dec-12 12:52:36.870 [Task monitor] DEBUG n.processor.TaskPollingMonitor - Task completed > TaskHandler[id: 74; name: writeLargeFile (74); status: COMPLETED; exit: 0; error: -; workDir: /input/data/work/97/fd7eadf8f5274f5f4f7b8107c695c0]
Dec-12 12:52:36.915 [Task submitter] INFO  nextflow.Session - [98/3b5d51] Submitted process > revertFile (74)
Dec-12 12:52:37.912 [Task monitor] DEBUG n.processor.TaskPollingMonitor - Task completed > TaskHandler[id: 89; name: writeLargeFile (89); status: COMPLETED; exit: 0; error: -; workDir: /input/data/work/85/0a6ed9cb8546ad8b932ac7de6b9c1f]
Dec-12 12:52:37.980 [Task submitter] INFO  nextflow.Session - [60/6e4737] Submitted process > revertFile (89)
Dec-12 12:52:45.569 [Task monitor] DEBUG n.processor.TaskPollingMonitor - Task completed > TaskHandler[id: 64; name: writeLargeFile (64); status: COMPLETED; exit: 0; error: -; workDir: /input/data/work/6b/790b9a4fca8ae0c02c82105fa44d81]
Dec-12 12:52:45.638 [Task submitter] INFO  nextflow.Session - [39/779d05] Submitted process > revertFile (64)
Dec-12 12:52:45.766 [Task monitor] DEBUG n.processor.TaskPollingMonitor - Task completed > TaskHandler[id: 41; name: writeLargeFile (41); status: COMPLETED; exit: 0; error: -; workDir: /input/data/work/fd/c3bdd080b27e4c5349e340c3f225bc]
Dec-12 12:52:45.797 [Task submitter] INFO  nextflow.Session - [47/97ec59] Submitted process > revertFile (41)
Dec-12 12:52:46.018 [Task monitor] DEBUG n.processor.TaskPollingMonitor - Task completed > TaskHandler[id: 42; name: writeLargeFile (42); status: COMPLETED; exit: 0; error: -; workDir: /input/data/work/c5/8767988b5c6909d6363f05f71db011]
Dec-12 12:52:46.085 [Task submitter] INFO  nextflow.Session - [6c/c11dfa] Submitted process > revertFile (42)
Dec-12 12:52:46.207 [Task monitor] DEBUG n.processor.TaskPollingMonitor - Task completed > TaskHandler[id: 43; name: writeLargeFile (43); status: COMPLETED; exit: 0; error: -; workDir: /input/data/work/e5/09227dcc85ada3c592239e4238cdcb]
Dec-12 12:52:46.269 [Task submitter] INFO  nextflow.Session - [69/bc8ccb] Submitted process > revertFile (43)
Dec-12 12:52:46.914 [Task monitor] DEBUG n.processor.TaskPollingMonitor - Task completed > TaskHandler[id: 52; name: writeLargeFile (52); status: COMPLETED; exit: 0; error: -; workDir: /input/data/work/42/220c5c1c81d21ba8230bb9c30ccb62]
Dec-12 12:52:46.958 [Task submitter] INFO  nextflow.Session - [73/cb49da] Submitted process > revertFile (52)
Dec-12 12:52:47.267 [Task monitor] DEBUG n.processor.TaskPollingMonitor - Task completed > TaskHandler[id: 51; name: writeLargeFile (51); status: COMPLETED; exit: 0; error: -; workDir: /input/data/work/6e/41b159e2f198f8637f5815a3ea3819]
Dec-12 12:52:47.344 [Task submitter] INFO  nextflow.Session - [ec/3c35aa] Submitted process > revertFile (51)
Dec-12 12:52:47.449 [Task monitor] DEBUG n.processor.TaskPollingMonitor - Task completed > TaskHandler[id: 55; name: writeLargeFile (55); status: COMPLETED; exit: 0; error: -; workDir: /input/data/work/c0/60348c2ea2ee87cd973c1487b0e19a]
Dec-12 12:52:47.585 [Task submitter] INFO  nextflow.Session - [30/20dd10] Submitted process > revertFile (55)
Dec-12 12:52:47.640 [Task monitor] DEBUG n.processor.TaskPollingMonitor - Task completed > TaskHandler[id: 54; name: writeLargeFile (54); status: COMPLETED; exit: 0; error: -; workDir: /input/data/work/cd/a8e7ba7523876d6d887ed7e5d2519f]
Dec-12 12:52:47.740 [Task submitter] INFO  nextflow.Session - [e2/088b2b] Submitted process > revertFile (54)
Dec-12 12:52:47.871 [Task monitor] DEBUG n.processor.TaskPollingMonitor - Task completed > TaskHandler[id: 84; name: writeLargeFile (84); status: COMPLETED; exit: 0; error: -; workDir: /input/data/work/c3/71f6e4d2f9c26af1813de70f3fc204]
Dec-12 12:52:48.031 [Task submitter] INFO  nextflow.Session - [b0/a11a27] Submitted process > revertFile (84)
Dec-12 12:52:48.059 [Task monitor] DEBUG n.processor.TaskPollingMonitor - Task completed > TaskHandler[id: 56; name: writeLargeFile (56); status: COMPLETED; exit: 0; error: -; workDir: /input/data/work/32/40cea5e4453414099fc671ef72b2ae]
Dec-12 12:52:48.154 [Task submitter] INFO  nextflow.Session - [a2/379d3d] Submitted process > revertFile (56)
Dec-12 12:52:48.287 [Task monitor] DEBUG n.processor.TaskPollingMonitor - Task completed > TaskHandler[id: 57; name: writeLargeFile (57); status: COMPLETED; exit: 0; error: -; workDir: /input/data/work/f4/61ed66e1cc790ce2481ea474c4cd03]
Dec-12 12:52:48.392 [Task submitter] INFO  nextflow.Session - [89/4adac5] Submitted process > revertFile (57)
Dec-12 12:52:48.475 [Task monitor] DEBUG n.processor.TaskPollingMonitor - Task completed > TaskHandler[id: 58; name: writeLargeFile (58); status: COMPLETED; exit: 0; error: -; workDir: /input/data/work/67/504bdcc0b80a82b659f3f4317e4722]
Dec-12 12:52:48.571 [Task submitter] INFO  nextflow.Session - [3f/d6c9de] Submitted process > revertFile (58)
Dec-12 12:52:56.120 [Task monitor] DEBUG n.processor.TaskPollingMonitor - Task completed > TaskHandler[id: 59; name: writeLargeFile (59); status: COMPLETED; exit: 0; error: -; workDir: /input/data/work/97/c9a5c31d5be27d8963960cb9fce9d6]
Dec-12 12:52:56.202 [Task submitter] INFO  nextflow.Session - [13/b999e4] Submitted process > revertFile (59)
Dec-12 12:52:56.393 [Task monitor] DEBUG n.processor.TaskPollingMonitor - Task completed > TaskHandler[id: 60; name: writeLargeFile (60); status: COMPLETED; exit: 0; error: -; workDir: /input/data/work/41/44ce21f8a35d4d847ceec52c5eb0b9]
Dec-12 12:52:56.450 [Task submitter] INFO  nextflow.Session - [5c/d935d9] Submitted process > revertFile (60)
Dec-12 12:52:56.540 [Task monitor] DEBUG n.processor.TaskPollingMonitor - Task completed > TaskHandler[id: 61; name: writeLargeFile (61); status: COMPLETED; exit: 0; error: -; workDir: /input/data/work/83/d7808d222532a063412177353f176a]
Dec-12 12:52:56.588 [Task submitter] INFO  nextflow.Session - [81/16b8ef] Submitted process > revertFile (61)
Dec-12 12:52:56.644 [Task monitor] DEBUG n.processor.TaskPollingMonitor - Task completed > TaskHandler[id: 62; name: writeLargeFile (62); status: COMPLETED; exit: 0; error: -; workDir: /input/data/work/14/4b4b85a9df490f893ff235f6f465dc]
Dec-12 12:52:56.703 [Task submitter] INFO  nextflow.Session - [cd/6be5a1] Submitted process > revertFile (62)
Dec-12 12:52:56.790 [Task monitor] DEBUG n.processor.TaskPollingMonitor - Task completed > TaskHandler[id: 63; name: writeLargeFile (63); status: COMPLETED; exit: 0; error: -; workDir: /input/data/work/05/9422fee48b023f63dbb3885d9b11e6]
Dec-12 12:52:56.885 [Task submitter] INFO  nextflow.Session - [93/1a8be6] Submitted process > revertFile (63)
Dec-12 12:52:57.011 [Task monitor] DEBUG n.processor.TaskPollingMonitor - Task completed > TaskHandler[id: 65; name: writeLargeFile (65); status: COMPLETED; exit: 0; error: -; workDir: /input/data/work/3b/a3985ef40e49bc661095ffad819f1d]
Dec-12 12:52:57.062 [Task submitter] INFO  nextflow.Session - [df/136f9c] Submitted process > revertFile (65)
Dec-12 12:52:57.112 [Task monitor] DEBUG n.processor.TaskPollingMonitor - Task completed > TaskHandler[id: 66; name: writeLargeFile (66); status: COMPLETED; exit: 0; error: -; workDir: /input/data/work/2f/e29665aac5a7527706dbff14099807]
Dec-12 12:52:57.154 [Task submitter] INFO  nextflow.Session - [d2/ebc964] Submitted process > revertFile (66)
Dec-12 12:52:57.179 [Task monitor] DEBUG n.processor.TaskPollingMonitor - Task completed > TaskHandler[id: 69; name: writeLargeFile (69); status: COMPLETED; exit: 0; error: -; workDir: /input/data/work/32/716ec7c2bc40668c361d8e05058024]
Dec-12 12:52:57.232 [Task submitter] INFO  nextflow.Session - [af/372ef7] Submitted process > revertFile (69)
Dec-12 12:52:57.306 [Task monitor] DEBUG n.processor.TaskPollingMonitor - Task completed > TaskHandler[id: 67; name: writeLargeFile (67); status: COMPLETED; exit: 0; error: -; workDir: /input/data/work/3e/fb37bc50a59a5da53825754672ab55]
Dec-12 12:52:57.350 [Task submitter] INFO  nextflow.Session - [ea/0dafce] Submitted process > revertFile (67)
Dec-12 12:52:57.412 [Task monitor] DEBUG n.processor.TaskPollingMonitor - Task completed > TaskHandler[id: 68; name: writeLargeFile (68); status: COMPLETED; exit: 0; error: -; workDir: /input/data/work/be/953283eb2392613beec35d5392e542]
Dec-12 12:52:57.474 [Task monitor] DEBUG n.processor.TaskPollingMonitor - Task completed > TaskHandler[id: 70; name: writeLargeFile (70); status: COMPLETED; exit: 0; error: -; workDir: /input/data/work/b5/a07d634ee2aaadd4a7e3c1ee4dfa31]
Dec-12 12:52:57.475 [Task submitter] INFO  nextflow.Session - [7f/cbc7da] Submitted process > revertFile (68)
Dec-12 12:52:57.531 [Task submitter] INFO  nextflow.Session - [6f/aef631] Submitted process > revertFile (70)
Dec-12 12:52:57.668 [Task monitor] DEBUG n.processor.TaskPollingMonitor - Task completed > TaskHandler[id: 72; name: writeLargeFile (72); status: COMPLETED; exit: 0; error: -; workDir: /input/data/work/db/ee99ed02a7d89ac4bbad9b386a4a49]
Dec-12 12:52:57.753 [Task submitter] INFO  nextflow.Session - [5f/d4cd90] Submitted process > revertFile (72)
Dec-12 12:53:07.236 [Task monitor] DEBUG n.processor.TaskPollingMonitor - Task completed > TaskHandler[id: 50; name: writeLargeFile (50); status: COMPLETED; exit: 0; error: -; workDir: /input/data/work/27/7c50c9403899dc80b66a188a98051f]
Dec-12 12:53:07.313 [Task submitter] INFO  nextflow.Session - [ae/7031d7] Submitted process > revertFile (50)
Dec-12 12:53:07.344 [Task monitor] DEBUG n.processor.TaskPollingMonitor - Task completed > TaskHandler[id: 49; name: writeLargeFile (49); status: COMPLETED; exit: 0; error: -; workDir: /input/data/work/0e/d82aad6f83623d50f2a7f7d2ff8398]
Dec-12 12:53:07.438 [Task submitter] INFO  nextflow.Session - [f6/d6f006] Submitted process > revertFile (49)
Dec-12 12:53:07.510 [Task monitor] DEBUG n.processor.TaskPollingMonitor - Task completed > TaskHandler[id: 53; name: writeLargeFile (53); status: COMPLETED; exit: 0; error: -; workDir: /input/data/work/ca/cb7e1bdd212b32cc05341df81f6fd7]
Dec-12 12:53:07.597 [Task submitter] INFO  nextflow.Session - [9a/65ccb1] Submitted process > revertFile (53)
Dec-12 12:53:07.635 [Task monitor] DEBUG n.processor.TaskPollingMonitor - Task completed > TaskHandler[id: 71; name: writeLargeFile (71); status: COMPLETED; exit: 0; error: -; workDir: /input/data/work/09/aad087019fb24bec1352bb95a5025a]
Dec-12 12:53:07.734 [Task submitter] INFO  nextflow.Session - [ef/333f78] Submitted process > revertFile (71)
Dec-12 12:53:07.822 [Task monitor] DEBUG n.processor.TaskPollingMonitor - Task completed > TaskHandler[id: 73; name: writeLargeFile (73); status: COMPLETED; exit: 0; error: -; workDir: /input/data/work/dd/3d4a138678f908f959de7cf2a68212]
Dec-12 12:53:07.971 [Task submitter] INFO  nextflow.Session - [cb/10876a] Submitted process > revertFile (73)
Dec-12 12:53:08.053 [Task monitor] DEBUG n.processor.TaskPollingMonitor - Task completed > TaskHandler[id: 75; name: writeLargeFile (75); status: COMPLETED; exit: 0; error: -; workDir: /input/data/work/c3/7fe78ada202c43eb1039f6a4ff1cbf]
Dec-12 12:53:08.129 [Task submitter] INFO  nextflow.Session - [75/0bded6] Submitted process > revertFile (75)
Dec-12 12:53:08.253 [Task monitor] DEBUG n.processor.TaskPollingMonitor - Task completed > TaskHandler[id: 76; name: writeLargeFile (76); status: COMPLETED; exit: 0; error: -; workDir: /input/data/work/04/35f41fad36e6351c1631511d5bb2c5]
Dec-12 12:53:08.400 [Task submitter] INFO  nextflow.Session - [8d/70ef38] Submitted process > revertFile (76)
Dec-12 12:53:08.426 [Task monitor] DEBUG n.processor.TaskPollingMonitor - Task completed > TaskHandler[id: 78; name: writeLargeFile (78); status: COMPLETED; exit: 0; error: -; workDir: /input/data/work/b3/b010c808e75fa70713d2283ff71816]
Dec-12 12:53:08.521 [Task monitor] DEBUG n.processor.TaskPollingMonitor - Task completed > TaskHandler[id: 77; name: writeLargeFile (77); status: COMPLETED; exit: 0; error: -; workDir: /input/data/work/8c/2006367af42aa686fb880c6b5324a9]
Dec-12 12:53:08.549 [Task submitter] INFO  nextflow.Session - [ed/536e8c] Submitted process > revertFile (78)
Dec-12 12:53:08.607 [Task submitter] INFO  nextflow.Session - [a6/c6517d] Submitted process > revertFile (77)
Dec-12 12:53:08.664 [Task monitor] DEBUG n.processor.TaskPollingMonitor - Task completed > TaskHandler[id: 79; name: writeLargeFile (79); status: COMPLETED; exit: 0; error: -; workDir: /input/data/work/d9/6dc688b6dcf0ca14c086a0440a87a0]
Dec-12 12:53:08.758 [Task submitter] INFO  nextflow.Session - [6a/44a7a9] Submitted process > revertFile (79)
Dec-12 12:53:08.859 [Task monitor] DEBUG n.processor.TaskPollingMonitor - Task completed > TaskHandler[id: 80; name: writeLargeFile (80); status: COMPLETED; exit: 0; error: -; workDir: /input/data/work/75/74cdb2bf945c6b86d6abb80feb40e7]
Dec-12 12:53:08.951 [Task submitter] INFO  nextflow.Session - [f8/ed0e02] Submitted process > revertFile (80)
Dec-12 12:53:09.068 [Task monitor] DEBUG n.processor.TaskPollingMonitor - Task completed > TaskHandler[id: 81; name: writeLargeFile (81); status: COMPLETED; exit: 0; error: -; workDir: /input/data/work/9f/54f8dfcba24f98d2a2b8be447028b4]
Dec-12 12:53:09.183 [Task submitter] INFO  nextflow.Session - [fa/826d4f] Submitted process > revertFile (81)
Dec-12 12:53:15.321 [Task monitor] DEBUG n.processor.TaskPollingMonitor - Task completed > TaskHandler[id: 46; name: writeLargeFile (46); status: COMPLETED; exit: 0; error: -; workDir: /input/data/work/ec/af69345b3c33dc9d2b914ab1c48382]
Dec-12 12:53:15.389 [Task submitter] INFO  nextflow.Session - [04/75f14a] Submitted process > revertFile (46)
Dec-12 12:53:15.424 [Task monitor] DEBUG n.processor.TaskPollingMonitor - Task completed > TaskHandler[id: 47; name: writeLargeFile (47); status: COMPLETED; exit: 0; error: -; workDir: /input/data/work/a9/f1b4a9f729ecb7667b0a3668075c61]
Dec-12 12:53:15.495 [Task monitor] DEBUG n.processor.TaskPollingMonitor - Task completed > TaskHandler[id: 82; name: writeLargeFile (82); status: COMPLETED; exit: 0; error: -; workDir: /input/data/work/4f/453199eeed0b7c7d0afc02c17a5559]
Dec-12 12:53:15.496 [Task submitter] INFO  nextflow.Session - [c1/d3585c] Submitted process > revertFile (47)
Dec-12 12:53:15.553 [Task submitter] INFO  nextflow.Session - [dd/162c21] Submitted process > revertFile (82)
Dec-12 12:53:21.357 [Task monitor] DEBUG n.processor.TaskPollingMonitor - Task completed > TaskHandler[id: 31; name: writeLargeFile (31); status: COMPLETED; exit: 0; error: -; workDir: /input/data/work/61/48b999df28691fea5aeeaca541b221]
Dec-12 12:53:21.402 [Task submitter] INFO  nextflow.Session - [0d/e5e610] Submitted process > revertFile (31)
Dec-12 12:53:21.469 [Task monitor] DEBUG n.processor.TaskPollingMonitor - Task completed > TaskHandler[id: 32; name: writeLargeFile (32); status: COMPLETED; exit: 0; error: -; workDir: /input/data/work/47/afab99b75c3cb64d929c64fe81c3ad]
Dec-12 12:53:21.511 [Task submitter] INFO  nextflow.Session - [58/8454cb] Submitted process > revertFile (32)
Dec-12 12:53:21.745 [Task monitor] DEBUG n.processor.TaskPollingMonitor - Task completed > TaskHandler[id: 20; name: writeLargeFile (20); status: COMPLETED; exit: 0; error: -; workDir: /input/data/work/79/b82da1aa7188611481e7f9919f7096]
Dec-12 12:53:21.792 [Task submitter] INFO  nextflow.Session - [17/3c0b15] Submitted process > revertFile (20)
Dec-12 12:53:21.844 [Task monitor] DEBUG n.processor.TaskPollingMonitor - Task completed > TaskHandler[id: 44; name: writeLargeFile (44); status: COMPLETED; exit: 0; error: -; workDir: /input/data/work/7a/c05b1ec378cf761ed9cc451da5049f]
Dec-12 12:53:21.880 [Task submitter] INFO  nextflow.Session - [2f/9ca5a1] Submitted process > revertFile (44)
Dec-12 12:53:21.954 [Task monitor] DEBUG n.processor.TaskPollingMonitor - Task completed > TaskHandler[id: 45; name: writeLargeFile (45); status: COMPLETED; exit: 0; error: -; workDir: /input/data/work/ff/56fb56cbebd6d93e57836bf2d9ab6a]
Dec-12 12:53:21.995 [Task submitter] INFO  nextflow.Session - [95/fd5a55] Submitted process > revertFile (45)
Dec-12 12:53:22.191 [Task monitor] DEBUG n.processor.TaskPollingMonitor - Task completed > TaskHandler[id: 83; name: writeLargeFile (83); status: COMPLETED; exit: 0; error: -; workDir: /input/data/work/a1/b36efdc9ac4d9fb6687ed05e53b519]
Dec-12 12:53:22.233 [Task submitter] INFO  nextflow.Session - [16/7026ad] Submitted process > revertFile (83)
Dec-12 12:53:22.389 [Task monitor] DEBUG n.processor.TaskPollingMonitor - Task completed > TaskHandler[id: 85; name: writeLargeFile (85); status: COMPLETED; exit: 0; error: -; workDir: /input/data/work/ae/97f59cf8f07ce6eb27d823ec5b4cae]
Dec-12 12:53:22.421 [Task submitter] INFO  nextflow.Session - [e1/b30b74] Submitted process > revertFile (85)
Dec-12 12:53:22.633 [Task monitor] DEBUG n.processor.TaskPollingMonitor - Task completed > TaskHandler[id: 87; name: writeLargeFile (87); status: COMPLETED; exit: 0; error: -; workDir: /input/data/work/be/322db7b95d6ad3dac6ad205a68ad49]
Dec-12 12:53:22.664 [Task submitter] INFO  nextflow.Session - [39/1fb2f7] Submitted process > revertFile (87)
Dec-12 12:53:22.797 [Task monitor] DEBUG n.processor.TaskPollingMonitor - Task completed > TaskHandler[id: 86; name: writeLargeFile (86); status: COMPLETED; exit: 0; error: -; workDir: /input/data/work/b0/ccc9be2c656fda9c014494ac6586d5]
Dec-12 12:53:22.830 [Task submitter] INFO  nextflow.Session - [39/debc70] Submitted process > revertFile (86)
Dec-12 12:53:26.737 [Task monitor] DEBUG n.processor.TaskPollingMonitor - Task completed > TaskHandler[id: 2; name: writeLargeFile (2); status: COMPLETED; exit: 0; error: -; workDir: /input/data/work/a6/ce9808d42ddf09a5fe313c2445da56]
Dec-12 12:53:26.826 [Task submitter] INFO  nextflow.Session - [ce/456307] Submitted process > revertFile (2)
Dec-12 12:53:27.285 [Task monitor] DEBUG n.processor.TaskPollingMonitor - Task completed > TaskHandler[id: 1; name: writeLargeFile (1); status: COMPLETED; exit: 0; error: -; workDir: /input/data/work/ca/229205336759178ae672f40b220b13]
Dec-12 12:53:27.327 [Task submitter] INFO  nextflow.Session - [93/5f24db] Submitted process > revertFile (1)
Dec-12 12:53:27.411 [Task monitor] DEBUG n.processor.TaskPollingMonitor - Task completed > TaskHandler[id: 16; name: writeLargeFile (16); status: COMPLETED; exit: 0; error: -; workDir: /input/data/work/20/859f5373afdea5a283877e3cba51f2]
Dec-12 12:53:27.444 [Task submitter] INFO  nextflow.Session - [e9/f8e28f] Submitted process > revertFile (16)
Dec-12 12:53:27.597 [Task monitor] DEBUG n.processor.TaskPollingMonitor - Task completed > TaskHandler[id: 5; name: writeLargeFile (5); status: COMPLETED; exit: 0; error: -; workDir: /input/data/work/07/ab584f9daf8deadc022f4ba4f3948a]
Dec-12 12:53:27.628 [Task submitter] INFO  nextflow.Session - [03/58c1b4] Submitted process > revertFile (5)
Dec-12 12:53:27.723 [Task monitor] DEBUG n.processor.TaskPollingMonitor - Task completed > TaskHandler[id: 88; name: writeLargeFile (88); status: COMPLETED; exit: 0; error: -; workDir: /input/data/work/c7/9c30188a3216e68dd16a7a1754b91b]
Dec-12 12:53:27.764 [Task submitter] INFO  nextflow.Session - [5f/432802] Submitted process > revertFile (88)
Dec-12 12:53:32.560 [Task monitor] DEBUG n.processor.TaskPollingMonitor - Task completed > TaskHandler[id: 7; name: writeLargeFile (7); status: COMPLETED; exit: 0; error: -; workDir: /input/data/work/0e/6c30d925eb28b11c7da180e179fb74]
Dec-12 12:53:32.623 [Task submitter] INFO  nextflow.Session - [9a/d2b74a] Submitted process > revertFile (7)
Dec-12 12:53:32.656 [Task monitor] DEBUG n.processor.TaskPollingMonitor - Task completed > TaskHandler[id: 30; name: writeLargeFile (30); status: COMPLETED; exit: 0; error: -; workDir: /input/data/work/97/6e199387b3a08ae232b134e136404f]
Dec-12 12:53:32.686 [Task submitter] INFO  nextflow.Session - [83/3d8968] Submitted process > revertFile (30)
Dec-12 12:53:32.801 [Task monitor] DEBUG n.processor.TaskPollingMonitor - Task completed > TaskHandler[id: 23; name: writeLargeFile (23); status: COMPLETED; exit: 0; error: -; workDir: /input/data/work/55/ab7250894011db005447e0f81693b7]
Dec-12 12:53:32.836 [Task submitter] INFO  nextflow.Session - [c2/7d237b] Submitted process > revertFile (23)
Dec-12 12:53:32.863 [Task monitor] DEBUG n.processor.TaskPollingMonitor - Task completed > TaskHandler[id: 12; name: writeLargeFile (12); status: COMPLETED; exit: 0; error: -; workDir: /input/data/work/c9/af6a1b305ed02585c1501ca0952bc1]
Dec-12 12:53:32.973 [Task submitter] INFO  nextflow.Session - [26/828e4c] Submitted process > revertFile (12)
Dec-12 12:53:33.055 [Task monitor] DEBUG n.processor.TaskPollingMonitor - Task completed > TaskHandler[id: 15; name: writeLargeFile (15); status: COMPLETED; exit: 0; error: -; workDir: /input/data/work/30/481a2255ae3e7a57e6f9a40d417cbb]
Dec-12 12:53:33.088 [Task submitter] INFO  nextflow.Session - [57/6d362d] Submitted process > revertFile (15)
Dec-12 12:53:33.341 [Task monitor] DEBUG n.processor.TaskPollingMonitor - Task completed > TaskHandler[id: 9; name: writeLargeFile (9); status: COMPLETED; exit: 0; error: -; workDir: /input/data/work/31/8a947e532e3a8644da484523f895d5]
Dec-12 12:53:33.401 [Task submitter] INFO  nextflow.Session - [fe/88c8a2] Submitted process > revertFile (9)
Dec-12 12:53:33.439 [Task monitor] DEBUG n.processor.TaskPollingMonitor - Task completed > TaskHandler[id: 13; name: writeLargeFile (13); status: COMPLETED; exit: 0; error: -; workDir: /input/data/work/ba/9d627eeb81bd32ea3752477187ad3f]
Dec-12 12:53:33.471 [Task submitter] INFO  nextflow.Session - [36/fe25eb] Submitted process > revertFile (13)
Dec-12 12:53:40.714 [Task monitor] DEBUG n.processor.TaskPollingMonitor - Task completed > TaskHandler[id: 181; name: revertFile (83); status: COMPLETED; exit: 0; error: -; workDir: /input/data/work/16/7026adad7c2ece8dc0ea870fad5697]
Dec-12 12:53:42.669 [Task monitor] DEBUG n.processor.TaskPollingMonitor - Task completed > TaskHandler[id: 19; name: writeLargeFile (19); status: COMPLETED; exit: 0; error: -; workDir: /input/data/work/47/185ca6c9e784da6707257bf01704bb]
Dec-12 12:53:42.717 [Task submitter] INFO  nextflow.Session - [52/3432b7] Submitted process > revertFile (19)
Dec-12 12:53:42.766 [Task monitor] DEBUG n.processor.TaskPollingMonitor - Task completed > TaskHandler[id: 6; name: writeLargeFile (6); status: COMPLETED; exit: 0; error: -; workDir: /input/data/work/27/e8dc5043599fe1c7d3323d555f7666]
Dec-12 12:53:42.831 [Task submitter] INFO  nextflow.Session - [d3/04c0d2] Submitted process > revertFile (6)
Dec-12 12:53:42.865 [Task monitor] DEBUG n.processor.TaskPollingMonitor - Task completed > TaskHandler[id: 3; name: writeLargeFile (3); status: COMPLETED; exit: 0; error: -; workDir: /input/data/work/ea/ee70665d58fdd956110f0803f91212]
Dec-12 12:53:42.898 [Task submitter] INFO  nextflow.Session - [81/b22ac6] Submitted process > revertFile (3)
Dec-12 12:53:42.968 [Task monitor] DEBUG n.processor.TaskPollingMonitor - Task completed > TaskHandler[id: 27; name: writeLargeFile (27); status: COMPLETED; exit: 0; error: -; workDir: /input/data/work/b0/0cdccadbba69c39fc944d60d5c6c42]
Dec-12 12:53:43.032 [Task submitter] INFO  nextflow.Session - [32/130308] Submitted process > revertFile (27)
Dec-12 12:53:45.462 [Task monitor] DEBUG n.processor.TaskPollingMonitor - Task completed > TaskHandler[id: 148; name: revertFile (58); status: COMPLETED; exit: 0; error: -; workDir: /input/data/work/3f/d6c9de9b14bad64f509a81de000671]
Dec-12 12:53:47.214 [Task monitor] DEBUG n.processor.TaskPollingMonitor - Task completed > TaskHandler[id: 177; name: revertFile (32); status: COMPLETED; exit: 0; error: -; workDir: /input/data/work/58/8454cb6167b07ae321015d1b67ab63]
Dec-12 12:53:48.477 [Task monitor] DEBUG n.processor.TaskPollingMonitor - Task completed > TaskHandler[id: 101; name: revertFile (26); status: COMPLETED; exit: 0; error: -; workDir: /input/data/work/bd/86d3f991ecfdcb351007559f5b2e16]
Dec-12 12:53:48.958 [Task monitor] DEBUG n.processor.TaskPollingMonitor - Task completed > TaskHandler[id: 108; name: revertFile (24); status: COMPLETED; exit: 0; error: -; workDir: /input/data/work/09/74a966fa3b84c1a24451c2bc5b5ceb]
Dec-12 12:53:49.074 [Task monitor] DEBUG n.processor.TaskPollingMonitor - Task completed > TaskHandler[id: 111; name: revertFile (22); status: COMPLETED; exit: 0; error: -; workDir: /input/data/work/fb/08bb70344b5940b782d5a9be623180]
Dec-12 12:53:51.388 [Task monitor] DEBUG n.processor.TaskPollingMonitor - Task completed > TaskHandler[id: 143; name: revertFile (55); status: COMPLETED; exit: 0; error: -; workDir: /input/data/work/30/20dd10f04efb18d265d4bacf8fe2d7]
Dec-12 12:53:51.929 [Task monitor] DEBUG n.processor.TaskPollingMonitor - Task completed > TaskHandler[id: 156; name: revertFile (69); status: COMPLETED; exit: 0; error: -; workDir: /input/data/work/af/372ef740270a9c368b944f361a744d]
Dec-12 12:53:54.413 [Task monitor] DEBUG n.processor.TaskPollingMonitor - Task completed > TaskHandler[id: 114; name: revertFile (90); status: COMPLETED; exit: 0; error: -; workDir: /input/data/work/b5/9075e7c856c5788cb03a451d841269]
Dec-12 12:53:56.904 [Task monitor] DEBUG n.processor.TaskPollingMonitor - Task completed > TaskHandler[id: 164; name: revertFile (71); status: COMPLETED; exit: 0; error: -; workDir: /input/data/work/ef/333f785aa3a7ade226e9207895a814]
Dec-12 12:53:57.373 [Task monitor] DEBUG n.processor.TaskPollingMonitor - Task completed > TaskHandler[id: 173; name: revertFile (46); status: COMPLETED; exit: 0; error: -; workDir: /input/data/work/04/75f14a192d2d5d8576d41e14f7956a]
Dec-12 12:53:57.871 [Task monitor] DEBUG n.processor.TaskPollingMonitor - Task completed > TaskHandler[id: 183; name: revertFile (87); status: COMPLETED; exit: 0; error: -; workDir: /input/data/work/39/1fb2f747ce1b8f0c14496033156f60]
Dec-12 12:53:58.080 [Task monitor] DEBUG n.processor.TaskPollingMonitor - Task completed > TaskHandler[id: 186; name: revertFile (1); status: COMPLETED; exit: 0; error: -; workDir: /input/data/work/93/5f24db57e77cd3be6d916c0bd27ca8]
Dec-12 12:53:59.852 [Task monitor] DEBUG n.processor.TaskPollingMonitor - Task completed > TaskHandler[id: 135; name: revertFile (74); status: COMPLETED; exit: 0; error: -; workDir: /input/data/work/98/3b5d5113d387448ed467d090a51a67]
Dec-12 12:54:04.616 [Task monitor] DEBUG n.processor.TaskPollingMonitor - Task completed > TaskHandler[id: 128; name: revertFile (36); status: COMPLETED; exit: 0; error: -; workDir: /input/data/work/3e/1c6d72fca8294236db7a3757d7a954]
Dec-12 12:54:06.323 [Task monitor] DEBUG n.processor.TaskPollingMonitor - Task completed > TaskHandler[id: 168; name: revertFile (78); status: COMPLETED; exit: 0; error: -; workDir: /input/data/work/ed/536e8cc4616b28292a4684f4168da8]
Dec-12 12:54:06.735 [Task monitor] DEBUG n.processor.TaskPollingMonitor - Task completed > TaskHandler[id: 179; name: revertFile (44); status: COMPLETED; exit: 0; error: -; workDir: /input/data/work/2f/9ca5a12300e1954047247380418267]
Dec-12 12:54:07.244 [Task monitor] DEBUG n.processor.TaskPollingMonitor - Task completed > TaskHandler[id: 193; name: revertFile (12); status: COMPLETED; exit: 0; error: -; workDir: /input/data/work/26/828e4c010e7745d9cf67fe278bbe2c]
Dec-12 12:54:09.045 [Task monitor] DEBUG n.processor.TaskPollingMonitor - Task completed > TaskHandler[id: 103; name: revertFile (10); status: COMPLETED; exit: 0; error: -; workDir: /input/data/work/34/06bb64459a34a75dcaa325fa91a431]
Dec-12 12:54:10.264 [Task monitor] DEBUG n.processor.TaskPollingMonitor - Task completed > TaskHandler[id: 144; name: revertFile (54); status: COMPLETED; exit: 0; error: -; workDir: /input/data/work/e2/088b2bba1b1bf5bd9e7fff0b15d808]
Dec-12 12:54:11.766 [Task monitor] DEBUG n.processor.TaskPollingMonitor - Task completed > TaskHandler[id: 198; name: revertFile (6); status: COMPLETED; exit: 0; error: -; workDir: /input/data/work/d3/04c0d2e0a6cebf18ac1ceb0d59ed81]
Dec-12 12:54:14.027 [Task monitor] DEBUG n.processor.TaskPollingMonitor - Task completed > TaskHandler[id: 107; name: revertFile (29); status: COMPLETED; exit: 0; error: -; workDir: /input/data/work/f1/15d11f75b9f6d4c77841286668379b]
Dec-12 12:54:14.110 [Task monitor] DEBUG n.processor.TaskPollingMonitor - Task completed > TaskHandler[id: 110; name: revertFile (17); status: COMPLETED; exit: 0; error: -; workDir: /input/data/work/54/762b0878ce083608cc73f64c3f12d5]
Dec-12 12:54:14.254 [Task monitor] DEBUG n.processor.TaskPollingMonitor - Task completed > TaskHandler[id: 117; name: revertFile (93); status: COMPLETED; exit: 0; error: -; workDir: /input/data/work/2b/3ced2d12ee9b3907599cf03432c594]
Dec-12 12:54:14.304 [Task monitor] DEBUG n.processor.TaskPollingMonitor - Task completed > TaskHandler[id: 118; name: revertFile (94); status: COMPLETED; exit: 0; error: -; workDir: /input/data/work/fa/3d5ccf3d13983be6c1ce76dc29e7cc]
Dec-12 12:54:14.557 [Task monitor] DEBUG n.processor.TaskPollingMonitor - Task completed > TaskHandler[id: 126; name: revertFile (8); status: COMPLETED; exit: 0; error: -; workDir: /input/data/work/e4/f16397de4618dad787fc890c3c8d04]
Dec-12 12:54:18.985 [Task monitor] DEBUG n.processor.TaskPollingMonitor - Task completed > TaskHandler[id: 102; name: revertFile (4); status: COMPLETED; exit: 0; error: -; workDir: /input/data/work/24/b026e26fa2a6232f0ef04a5f96dcba]
Dec-12 12:54:21.589 [Task monitor] DEBUG n.processor.TaskPollingMonitor - Task completed > TaskHandler[id: 147; name: revertFile (57); status: COMPLETED; exit: 0; error: -; workDir: /input/data/work/89/4adac5a82cf9daa53b96017ca23a37]
Dec-12 12:54:22.597 [Task monitor] DEBUG n.processor.TaskPollingMonitor - Task completed > TaskHandler[id: 161; name: revertFile (50); status: COMPLETED; exit: 0; error: -; workDir: /input/data/work/ae/7031d7cd8434b155ba29f7185ddff1]
Dec-12 12:54:23.169 [Task monitor] DEBUG n.processor.TaskPollingMonitor - Task completed > TaskHandler[id: 170; name: revertFile (79); status: COMPLETED; exit: 0; error: -; workDir: /input/data/work/6a/44a7a98a44bd92b93b860f92a6ba56]
Dec-12 12:54:26.005 [Task monitor] DEBUG n.processor.TaskPollingMonitor - Task completed > TaskHandler[id: 119; name: revertFile (95); status: COMPLETED; exit: 0; error: -; workDir: /input/data/work/5b/40209e46efc6f4940c06a141650b3c]
Dec-12 12:54:26.156 [Task monitor] DEBUG n.processor.TaskPollingMonitor - Task completed > TaskHandler[id: 120; name: revertFile (96); status: COMPLETED; exit: 0; error: -; workDir: /input/data/work/fd/95db4bba3e69b3638cfa50a8e6f64c]
Dec-12 12:54:28.200 [Task monitor] DEBUG n.processor.TaskPollingMonitor - Task completed > TaskHandler[id: 153; name: revertFile (63); status: COMPLETED; exit: 0; error: -; workDir: /input/data/work/93/1a8be6b7e7381afe14aa3e2f531cc8]
Dec-12 12:54:28.889 [Task monitor] DEBUG n.processor.TaskPollingMonitor - Task completed > TaskHandler[id: 162; name: revertFile (49); status: COMPLETED; exit: 0; error: -; workDir: /input/data/work/f6/d6f00670e1a8a2a2a80bcd1127feca]
Dec-12 12:54:29.100 [Task monitor] DEBUG n.processor.TaskPollingMonitor - Task completed > TaskHandler[id: 165; name: revertFile (73); status: COMPLETED; exit: 0; error: -; workDir: /input/data/work/cb/10876afc8b74b04c2d845c572193f0]
Dec-12 12:54:29.497 [Task monitor] DEBUG n.processor.TaskPollingMonitor - Task completed > TaskHandler[id: 174; name: revertFile (47); status: COMPLETED; exit: 0; error: -; workDir: /input/data/work/c1/d3585c6916a9d5da01a9cd313aca62]
Dec-12 12:54:29.712 [Task monitor] DEBUG n.processor.TaskPollingMonitor - Task completed > TaskHandler[id: 180; name: revertFile (45); status: COMPLETED; exit: 0; error: -; workDir: /input/data/work/95/fd5a55d9d891d58e22ef94cd0d10ca]
Dec-12 12:54:31.084 [Task monitor] DEBUG n.processor.TaskPollingMonitor - Task completed > TaskHandler[id: 112; name: revertFile (25); status: COMPLETED; exit: 0; error: -; workDir: /input/data/work/16/5b3e33ee71ec2f93d29770ad6316b6]
Dec-12 12:54:34.581 [Task monitor] DEBUG n.processor.TaskPollingMonitor - Task completed > TaskHandler[id: 184; name: revertFile (86); status: COMPLETED; exit: 0; error: -; workDir: /input/data/work/39/debc704324594a1cdbeb4f3b7f0ac8]
Dec-12 12:54:35.007 [Task monitor] DEBUG n.processor.TaskPollingMonitor - Task completed > TaskHandler[id: 192; name: revertFile (23); status: COMPLETED; exit: 0; error: -; workDir: /input/data/work/c2/7d237b2a71d320680829d7a1ffa97d]
Dec-12 12:54:35.227 [Task monitor] DEBUG n.processor.TaskPollingMonitor - Task completed > TaskHandler[id: 196; name: revertFile (13); status: COMPLETED; exit: 0; error: -; workDir: /input/data/work/36/fe25eb06428cc30614ab02d50db94e]
Dec-12 12:54:37.444 [Task monitor] DEBUG n.processor.TaskPollingMonitor - Task completed > TaskHandler[id: 155; name: revertFile (66); status: COMPLETED; exit: 0; error: -; workDir: /input/data/work/d2/ebc9643daa4e265d58ace6b8fd8701]
Dec-12 12:54:38.138 [Task monitor] DEBUG n.processor.TaskPollingMonitor - Task completed > TaskHandler[id: 176; name: revertFile (31); status: COMPLETED; exit: 0; error: -; workDir: /input/data/work/0d/e5e61069f3758218b973da2947fe69]
Dec-12 12:54:41.017 [Task monitor] DEBUG n.processor.TaskPollingMonitor - Task completed > TaskHandler[id: 105; name: revertFile (18); status: COMPLETED; exit: 0; error: -; workDir: /input/data/work/eb/9d99b65218fcd0af743dfeceb48390]
Dec-12 12:54:41.606 [Task monitor] DEBUG n.processor.TaskPollingMonitor - Task completed > TaskHandler[id: 132; name: revertFile (39); status: COMPLETED; exit: 0; error: -; workDir: /input/data/work/5b/aef70f2542c6f122ab7d6007ae9c1a]
Dec-12 12:54:43.374 [Task monitor] DEBUG n.processor.TaskPollingMonitor - Task completed > TaskHandler[id: 197; name: revertFile (19); status: COMPLETED; exit: 0; error: -; workDir: /input/data/work/52/3432b7089fc75977e058e8a2ac86fa]
Dec-12 12:54:43.495 [Task monitor] DEBUG n.processor.TaskPollingMonitor - Task completed > TaskHandler[id: 199; name: revertFile (3); status: COMPLETED; exit: 0; error: -; workDir: /input/data/work/81/b22ac66d558b7b2919d81e1de2d331]
Dec-12 12:54:45.923 [Task monitor] DEBUG n.processor.TaskPollingMonitor - Task completed > TaskHandler[id: 113; name: revertFile (34); status: COMPLETED; exit: 0; error: -; workDir: /input/data/work/36/88fb80714f017f351423ec38215ff2]
Dec-12 12:54:46.885 [Task monitor] DEBUG n.processor.TaskPollingMonitor - Task completed > TaskHandler[id: 137; name: revertFile (64); status: COMPLETED; exit: 0; error: -; workDir: /input/data/work/39/779d05bdfb60a5159b56b9875a9f09]
Dec-12 12:54:48.693 [Task monitor] DEBUG n.processor.TaskPollingMonitor - Task completed > TaskHandler[id: 182; name: revertFile (85); status: COMPLETED; exit: 0; error: -; workDir: /input/data/work/e1/b30b743a5524461ef38b94b09ee6c4]
Dec-12 12:54:50.732 [Task monitor] DEBUG n.processor.TaskPollingMonitor - Task completed > TaskHandler[id: 104; name: revertFile (21); status: COMPLETED; exit: 0; error: -; workDir: /input/data/work/10/e516ef10f6b29755f3dc742f9a54d1]
Dec-12 12:54:51.203 [Task monitor] DEBUG n.processor.TaskPollingMonitor - Task completed > TaskHandler[id: 130; name: revertFile (37); status: COMPLETED; exit: 0; error: -; workDir: /input/data/work/c1/4ea3405049379e66d1ee2f7967cfc3]
Dec-12 12:54:52.299 [Task monitor] DEBUG n.processor.TaskPollingMonitor - Task completed > TaskHandler[id: 157; name: revertFile (67); status: COMPLETED; exit: 0; error: -; workDir: /input/data/work/ea/0dafce4de3946686abacb1050f6a5e]
Dec-12 12:54:55.788 [Task monitor] DEBUG n.processor.TaskPollingMonitor - Task completed > TaskHandler[id: 106; name: revertFile (28); status: COMPLETED; exit: 0; error: -; workDir: /input/data/work/23/6e9167a7a2ea22b564155f06ee7451]
Dec-12 12:54:56.461 [Task monitor] DEBUG n.processor.TaskPollingMonitor - Task completed > TaskHandler[id: 125; name: revertFile (14); status: COMPLETED; exit: 0; error: -; workDir: /input/data/work/23/d3b8700bc88b698524e1563846eca4]
Dec-12 12:54:57.843 [Task monitor] DEBUG n.processor.TaskPollingMonitor - Task completed > TaskHandler[id: 163; name: revertFile (53); status: COMPLETED; exit: 0; error: -; workDir: /input/data/work/9a/65ccb15ccb1b33def29baba14b6248]
Dec-12 12:54:58.201 [Task monitor] DEBUG n.processor.TaskPollingMonitor - Task completed > TaskHandler[id: 178; name: revertFile (20); status: COMPLETED; exit: 0; error: -; workDir: /input/data/work/17/3c0b15410beab3396d10abb4f1e941]
Dec-12 12:54:58.328 [Task monitor] DEBUG n.processor.TaskPollingMonitor - Task completed > TaskHandler[id: 189; name: revertFile (88); status: COMPLETED; exit: 0; error: -; workDir: /input/data/work/5f/43280213664ada483d50aac9cd492b]
Dec-12 12:55:00.766 [Task monitor] DEBUG n.processor.TaskPollingMonitor - Task completed > TaskHandler[id: 116; name: revertFile (91); status: COMPLETED; exit: 0; error: -; workDir: /input/data/work/a3/8d403020d81d1205c89ca2de35dda6]
Dec-12 12:55:00.996 [Task monitor] DEBUG n.processor.TaskPollingMonitor - Task completed > TaskHandler[id: 133; name: revertFile (40); status: COMPLETED; exit: 0; error: -; workDir: /input/data/work/e7/ff89f0966f32570b16bc715b51afe8]
Dec-12 12:55:01.271 [Task monitor] DEBUG n.processor.TaskPollingMonitor - Task completed > TaskHandler[id: 149; name: revertFile (59); status: COMPLETED; exit: 0; error: -; workDir: /input/data/work/13/b999e4b92d82d37537d1eb8059e8c4]
Dec-12 12:55:01.359 [Task monitor] DEBUG n.processor.TaskPollingMonitor - Task completed > TaskHandler[id: 151; name: revertFile (61); status: COMPLETED; exit: 0; error: -; workDir: /input/data/work/81/16b8ef805e27d5ac1b5c6227e2b419]
Dec-12 12:55:10.854 [Task monitor] DEBUG n.processor.TaskPollingMonitor - Task completed > TaskHandler[id: 121; name: revertFile (97); status: COMPLETED; exit: 0; error: -; workDir: /input/data/work/7e/95e2de0c59f3e6bc743252b01633c3]
Dec-12 12:55:11.083 [Task monitor] DEBUG n.processor.TaskPollingMonitor - Task completed > TaskHandler[id: 124; name: revertFile (99); status: COMPLETED; exit: 0; error: -; workDir: /input/data/work/a1/3723b975bacfce89616eed5a9cb54d]
Dec-12 12:55:11.243 [Task monitor] DEBUG n.processor.TaskPollingMonitor - Task completed > TaskHandler[id: 129; name: revertFile (35); status: COMPLETED; exit: 0; error: -; workDir: /input/data/work/70/b5cadffef1eeb2b113d7ae566f4654]
Dec-12 12:55:11.378 [Task monitor] DEBUG n.processor.TaskPollingMonitor - Task completed > TaskHandler[id: 131; name: revertFile (38); status: COMPLETED; exit: 0; error: -; workDir: /input/data/work/2e/bd7b91b10099eb3236fc2cf97f8985]
Dec-12 12:55:11.810 [Task monitor] DEBUG n.processor.TaskPollingMonitor - Task completed > TaskHandler[id: 145; name: revertFile (84); status: COMPLETED; exit: 0; error: -; workDir: /input/data/work/b0/a11a27923dfca233b279d1d228eb8c]
Dec-12 12:55:12.155 [Task monitor] DEBUG n.processor.TaskPollingMonitor - Task completed > TaskHandler[id: 146; name: revertFile (56); status: COMPLETED; exit: 0; error: -; workDir: /input/data/work/a2/379d3df2f16ed182d07cb56034ba10]
Dec-12 12:55:12.428 [Task monitor] DEBUG n.processor.TaskPollingMonitor - Task completed > TaskHandler[id: 169; name: revertFile (77); status: COMPLETED; exit: 0; error: -; workDir: /input/data/work/a6/c6517db5a9847e36b9f2c4a3206b3c]
Dec-12 12:55:12.533 [Task monitor] DEBUG n.processor.TaskPollingMonitor - Task completed > TaskHandler[id: 175; name: revertFile (82); status: COMPLETED; exit: 0; error: -; workDir: /input/data/work/dd/162c214e5396709a8bd4f381d14143]
Dec-12 12:55:15.706 [Task monitor] DEBUG n.processor.TaskPollingMonitor - Task completed > TaskHandler[id: 109; name: revertFile (11); status: COMPLETED; exit: 0; error: -; workDir: /input/data/work/83/15f7a4c3a96effedc33e4ad5fd1f9f]
Dec-12 12:55:15.894 [Task monitor] DEBUG n.processor.TaskPollingMonitor - Task completed > TaskHandler[id: 138; name: revertFile (41); status: COMPLETED; exit: 0; error: -; workDir: /input/data/work/47/97ec59b158cb83e6a9bf33261112d6]
Dec-12 12:55:16.346 [Task monitor] DEBUG n.processor.TaskPollingMonitor - Task completed > TaskHandler[id: 187; name: revertFile (16); status: COMPLETED; exit: 0; error: -; workDir: /input/data/work/e9/f8e28fc6e822b429690519c97b46c2]
Dec-12 12:55:16.473 [Task monitor] DEBUG n.processor.TaskPollingMonitor - Task completed > TaskHandler[id: 191; name: revertFile (30); status: COMPLETED; exit: 0; error: -; workDir: /input/data/work/83/3d8968bcb690cc7d61bff7bec87861]
Dec-12 12:55:25.707 [Task monitor] DEBUG n.processor.TaskPollingMonitor - Task completed > TaskHandler[id: 115; name: revertFile (92); status: COMPLETED; exit: 0; error: -; workDir: /input/data/work/79/a22e47dc8b83de0b730e5d9dfbdd0b]
Dec-12 12:55:25.768 [Task monitor] DEBUG n.processor.TaskPollingMonitor - Task completed > TaskHandler[id: 122; name: revertFile (98); status: COMPLETED; exit: 0; error: -; workDir: /input/data/work/3e/0f3a76542b4dd5d320d61e350908b8]
Dec-12 12:55:25.815 [Task monitor] DEBUG n.processor.TaskPollingMonitor - Task completed > TaskHandler[id: 123; name: revertFile (100); status: COMPLETED; exit: 0; error: -; workDir: /input/data/work/bf/96e4f32d067eeb4863e93a52686b47]
Dec-12 12:55:26.088 [Task monitor] DEBUG n.processor.TaskPollingMonitor - Task completed > TaskHandler[id: 158; name: revertFile (68); status: COMPLETED; exit: 0; error: -; workDir: /input/data/work/7f/cbc7daf5edac7b3c8127096bdb2f1b]
Dec-12 12:55:26.255 [Task monitor] DEBUG n.processor.TaskPollingMonitor - Task completed > TaskHandler[id: 172; name: revertFile (81); status: COMPLETED; exit: 0; error: -; workDir: /input/data/work/fa/826d4fa2a2339abdeec8c175d55ab3]
Dec-12 12:55:26.324 [Task monitor] DEBUG n.processor.TaskPollingMonitor - Task completed > TaskHandler[id: 188; name: revertFile (5); status: COMPLETED; exit: 0; error: -; workDir: /input/data/work/03/58c1b47a39a157fcd214ef2bcb8d91]
Dec-12 12:55:26.370 [Task monitor] DEBUG n.processor.TaskPollingMonitor - Task completed > TaskHandler[id: 190; name: revertFile (7); status: COMPLETED; exit: 0; error: -; workDir: /input/data/work/9a/d2b74a20bbde8fc882890136b2daf0]
Dec-12 12:55:26.426 [Task monitor] DEBUG n.processor.TaskPollingMonitor - Task completed > TaskHandler[id: 195; name: revertFile (9); status: COMPLETED; exit: 0; error: -; workDir: /input/data/work/fe/88c8a2e3a003f079567f8f7f050718]
Dec-12 12:55:26.488 [Task monitor] DEBUG n.processor.TaskPollingMonitor - Task completed > TaskHandler[id: 200; name: revertFile (27); status: COMPLETED; exit: 0; error: -; workDir: /input/data/work/32/130308f84d2ebb7ae92fb8912a0d73]
Dec-12 12:55:30.735 [Task monitor] DEBUG n.processor.TaskPollingMonitor - Task completed > TaskHandler[id: 134; name: revertFile (48); status: COMPLETED; exit: 0; error: -; workDir: /input/data/work/94/5bfca413b1d826cd393a3562e7b06e]
Dec-12 12:55:30.792 [Task monitor] DEBUG n.processor.TaskPollingMonitor - Task completed > TaskHandler[id: 136; name: revertFile (89); status: COMPLETED; exit: 0; error: -; workDir: /input/data/work/60/6e473718d1afe4d6d2c638605736e3]
Dec-12 12:55:31.109 [Task monitor] DEBUG n.processor.TaskPollingMonitor - Task completed > TaskHandler[id: 166; name: revertFile (75); status: COMPLETED; exit: 0; error: -; workDir: /input/data/work/75/0bded6f8d6c3dcf4e7dafba502d878]
Dec-12 12:55:40.721 [Task monitor] DEBUG n.processor.TaskPollingMonitor - Task completed > TaskHandler[id: 127; name: revertFile (33); status: COMPLETED; exit: 0; error: -; workDir: /input/data/work/1b/b2e183c92caf12765047a2efd259be]
Dec-12 12:55:40.772 [Task monitor] DEBUG n.processor.TaskPollingMonitor - Task completed > TaskHandler[id: 139; name: revertFile (42); status: COMPLETED; exit: 0; error: -; workDir: /input/data/work/6c/c11dfa1d318fa7a2740d756368948f]
Dec-12 12:55:40.818 [Task monitor] DEBUG n.processor.TaskPollingMonitor - Task completed > TaskHandler[id: 140; name: revertFile (43); status: COMPLETED; exit: 0; error: -; workDir: /input/data/work/69/bc8ccba82c58dc618996524446bbb2]
Dec-12 12:55:40.878 [Task monitor] DEBUG n.processor.TaskPollingMonitor - Task completed > TaskHandler[id: 141; name: revertFile (52); status: COMPLETED; exit: 0; error: -; workDir: /input/data/work/73/cb49da854b28baaadb161bab63b1d2]
Dec-12 12:55:40.957 [Task monitor] DEBUG n.processor.TaskPollingMonitor - Task completed > TaskHandler[id: 150; name: revertFile (60); status: COMPLETED; exit: 0; error: -; workDir: /input/data/work/5c/d935d961f91e8b39c2fb1938390394]
Dec-12 12:55:41.020 [Task monitor] DEBUG n.processor.TaskPollingMonitor - Task completed > TaskHandler[id: 152; name: revertFile (62); status: COMPLETED; exit: 0; error: -; workDir: /input/data/work/cd/6be5a130229496f53bfe95de0ade6f]
Dec-12 12:55:41.096 [Task monitor] DEBUG n.processor.TaskPollingMonitor - Task completed > TaskHandler[id: 159; name: revertFile (70); status: COMPLETED; exit: 0; error: -; workDir: /input/data/work/6f/aef6310622b74fabc3387db79bf2f2]
Dec-12 12:55:41.196 [Task monitor] DEBUG n.processor.TaskPollingMonitor - Task completed > TaskHandler[id: 171; name: revertFile (80); status: COMPLETED; exit: 0; error: -; workDir: /input/data/work/f8/ed0e0257dbf56a09d7f290f72befcd]
Dec-12 12:55:41.254 [Task monitor] DEBUG n.processor.TaskPollingMonitor - Task completed > TaskHandler[id: 185; name: revertFile (2); status: COMPLETED; exit: 0; error: -; workDir: /input/data/work/ce/45630709b9d509da4dd43781cedceb]
Dec-12 12:55:41.303 [Task monitor] DEBUG n.processor.TaskPollingMonitor - Task completed > TaskHandler[id: 194; name: revertFile (15); status: COMPLETED; exit: 0; error: -; workDir: /input/data/work/57/6d362d1f47f428d4e44fa44cdf018a]
Dec-12 12:55:50.736 [Task monitor] DEBUG n.processor.TaskPollingMonitor - Task completed > TaskHandler[id: 160; name: revertFile (72); status: COMPLETED; exit: 0; error: -; workDir: /input/data/work/5f/d4cd90e37f72a85b7ba15f98b100df]
Dec-12 12:55:55.703 [Task monitor] DEBUG n.processor.TaskPollingMonitor - Task completed > TaskHandler[id: 142; name: revertFile (51); status: COMPLETED; exit: 0; error: -; workDir: /input/data/work/ec/3c35aaa37d5f674be4a772df1c75cd]
Dec-12 12:55:55.746 [Task monitor] DEBUG n.processor.TaskPollingMonitor - Task completed > TaskHandler[id: 154; name: revertFile (65); status: COMPLETED; exit: 0; error: -; workDir: /input/data/work/df/136f9ca557b24ecca9f972376f390f]
Dec-12 12:55:55.791 [Task monitor] DEBUG n.processor.TaskPollingMonitor - Task completed > TaskHandler[id: 167; name: revertFile (76); status: COMPLETED; exit: 0; error: -; workDir: /input/data/work/8d/70ef383483eeab128981bc62b72180]
Dec-12 12:55:55.793 [main] DEBUG nextflow.Session - Session await > all processes finished
Dec-12 12:55:55.798 [main] DEBUG nextflow.Session - Session await > all barriers passed
Dec-12 12:55:55.808 [main] DEBUG n.trace.WorkflowStatsObserver - Workflow completed > WorkflowStats[succeededCount=200; failedCount=0; ignoredCount=0; cachedCount=0; pendingCount=0; submittedCount=0; runningCount=0; retriesCount=0; abortedCount=0; succeedDuration=1h 37m 7s; failedDuration=0ms; cachedDuration=0ms;loadCpus=0; loadMemory=0; peakRunning=16; peakCpus=160; peakMemory=160 GB; ]
Dec-12 12:55:55.808 [main] DEBUG nextflow.trace.TraceFileObserver - Workflow completed -- saving trace file
Dec-12 12:55:55.810 [main] DEBUG nextflow.trace.ReportObserver - Workflow completed -- rendering execution report
Dec-12 12:55:56.427 [main] DEBUG nextflow.trace.TimelineObserver - Workflow completed -- rendering execution timeline
Dec-12 12:55:56.585 [main] DEBUG nextflow.cache.CacheDB - Closing CacheDB done
Dec-12 12:55:56.612 [main] DEBUG nextflow.util.ThreadPoolManager - Thread pool 'FileTransfer' shutdown completed (hard=false)
Dec-12 12:55:56.612 [main] DEBUG nextflow.script.ScriptRunner - > Execution complete -- Goodbye
