Nov-10 23:01:40.553 [main] DEBUG nextflow.cli.Launcher - $> nextflow run /input/group -c /experiments/experiment/group/nextflow.config -c /experiments/experiment/nextflow_la.config -c /experiments/experiment/nextflow_nfs.config
Nov-10 23:01:40.609 [main] INFO  nextflow.cli.CmdRun - N E X T F L O W  ~  version 23.07.0-edge
Nov-10 23:01:40.627 [main] DEBUG nextflow.plugin.PluginsFacade - Setting up plugin manager > mode=prod; embedded=false; plugins-dir=/.nextflow/plugins; core-plugins: nf-amazon@2.1.0,nf-azure@1.1.4,nf-cloudcache@0.1.0,nf-codecommit@0.1.5,nf-console@1.0.6,nf-ga4gh@1.1.0,nf-google@1.8.1,nf-tower@1.5.15,nf-wave@0.11.0
Nov-10 23:01:40.635 [main] INFO  o.pf4j.DefaultPluginStatusProvider - Enabled plugins: []
Nov-10 23:01:40.636 [main] INFO  o.pf4j.DefaultPluginStatusProvider - Disabled plugins: []
Nov-10 23:01:40.638 [main] INFO  org.pf4j.DefaultPluginManager - PF4J version 3.4.1 in 'deployment' mode
Nov-10 23:01:40.645 [main] INFO  org.pf4j.AbstractPluginManager - No plugins
Nov-10 23:01:40.669 [main] DEBUG nextflow.scm.AssetManager - Project manifest does not exist: /input/group/nextflow.config (No such file or directory)
Nov-10 23:01:40.691 [main] DEBUG nextflow.config.ConfigBuilder - User config file: /experiments/experiment/group/nextflow.config
Nov-10 23:01:40.692 [main] DEBUG nextflow.config.ConfigBuilder - User config file: /experiments/experiment/nextflow_la.config
Nov-10 23:01:40.692 [main] DEBUG nextflow.config.ConfigBuilder - User config file: /experiments/experiment/nextflow_nfs.config
Nov-10 23:01:40.692 [main] DEBUG nextflow.config.ConfigBuilder - Parsing config file: /experiments/experiment/group/nextflow.config
Nov-10 23:01:40.692 [main] DEBUG nextflow.config.ConfigBuilder - Parsing config file: /experiments/experiment/nextflow_la.config
Nov-10 23:01:40.692 [main] DEBUG nextflow.config.ConfigBuilder - Parsing config file: /experiments/experiment/nextflow_nfs.config
Nov-10 23:01:40.708 [main] DEBUG nextflow.config.ConfigBuilder - Applying config profile: `standard`
Nov-10 23:01:41.224 [main] DEBUG nextflow.config.ConfigBuilder - Applying config profile: `standard`
Nov-10 23:01:41.369 [main] DEBUG nextflow.config.ConfigBuilder - Applying config profile: `standard`
Nov-10 23:01:41.393 [main] DEBUG nextflow.cli.CmdRun - Applied DSL=2 by global default
Nov-10 23:01:41.410 [main] INFO  nextflow.cli.CmdRun - Launching `/input/group/main.nf` [modest_montalcini] DSL2 - revision: eb2bec4e66
Nov-10 23:01:41.411 [main] DEBUG nextflow.plugin.PluginsFacade - Plugins default=[]
Nov-10 23:01:41.411 [main] DEBUG nextflow.plugin.PluginsFacade - Plugins resolved requirement=[]
Nov-10 23:01:41.418 [main] DEBUG n.secret.LocalSecretsProvider - Secrets store: /.nextflow/secrets/store.json
Nov-10 23:01:41.420 [main] DEBUG nextflow.secret.SecretsLoader - Discovered secrets providers: [nextflow.secret.LocalSecretsProvider@1d12e953] - activable => nextflow.secret.LocalSecretsProvider@1d12e953
Nov-10 23:01:41.470 [main] DEBUG nextflow.Session - Session UUID: e6466175-f7dd-4c20-8d72-67e38302054a
Nov-10 23:01:41.470 [main] DEBUG nextflow.Session - Run name: modest_montalcini
Nov-10 23:01:41.471 [main] DEBUG nextflow.Session - Executor pool size: 32
Nov-10 23:01:41.476 [main] DEBUG nextflow.file.FilePorter - File porter settings maxRetries=3; maxTransfers=50; pollTimeout=null
Nov-10 23:01:41.479 [main] DEBUG nextflow.util.ThreadPoolBuilder - Creating thread pool 'FileTransfer' minSize=10; maxSize=96; workQueue=LinkedBlockingQueue[10000]; allowCoreThreadTimeout=false
Nov-10 23:01:41.506 [main] DEBUG nextflow.cli.CmdRun - 
  Version: 23.07.0-edge build 5875
  Created: 28-07-2023 20:27 UTC (20:27 GMT)
  System: Linux 5.4.0-166-generic
  Runtime: Groovy 3.0.18 on OpenJDK 64-Bit Server VM 17.0.6+10-LTS
  Encoding: UTF-8 (UTF-8)
  Process: 3447714@nextflow [10.233.76.21]
  CPUs: 32 - Mem: 125.7 GB (119.6 GB) - Swap: 0 (0)
Nov-10 23:01:41.548 [main] DEBUG nextflow.Session - Work-dir: /input/data/work [nfs]
Nov-10 23:01:41.548 [main] DEBUG nextflow.Session - Script base path does not exist or is not a directory: /input/group/bin
Nov-10 23:01:41.557 [main] DEBUG nextflow.executor.ExecutorFactory - Extension executors providers=[]
Nov-10 23:01:41.565 [main] DEBUG nextflow.Session - Observer factory: DefaultObserverFactory
Nov-10 23:01:41.592 [main] DEBUG nextflow.cache.CacheFactory - Using Nextflow cache factory: nextflow.cache.DefaultCacheFactory
Nov-10 23:01:41.599 [main] DEBUG nextflow.util.CustomThreadPool - Creating default thread pool > poolSize: 33; maxThreads: 1000
Nov-10 23:01:41.690 [main] DEBUG nextflow.Session - Session start
Nov-10 23:01:41.695 [main] DEBUG nextflow.trace.TraceFileObserver - Workflow started -- trace file: /input/data/output/trace.csv
Nov-10 23:01:41.875 [main] DEBUG nextflow.script.ScriptRunner - > Launching execution
Nov-10 23:01:42.087 [main] DEBUG nextflow.script.ProcessConfig - Config settings `withName:writeLargeFile` matches process writeLargeFile
Nov-10 23:01:42.097 [main] DEBUG nextflow.executor.ExecutorFactory - << taskConfig executor: k8s
Nov-10 23:01:42.097 [main] DEBUG nextflow.executor.ExecutorFactory - >> processorType: 'k8s'
Nov-10 23:01:42.105 [main] DEBUG nextflow.executor.Executor - [warm up] executor > k8s
Nov-10 23:01:42.122 [main] DEBUG n.processor.TaskPollingMonitor - Creating task monitor for executor 'k8s' > capacity: 300; pollInterval: 5s; dumpInterval: 5m; schedulerBatch: null
Nov-10 23:01:42.126 [main] DEBUG nextflow.k8s.client.ConfigDiscovery - K8s config file does not exist: /root/.kube/config
Nov-10 23:01:42.137 [main] DEBUG nextflow.k8s.K8sExecutor - [K8s] config=[localPath:/localdata, localStorageMountPath:/localdata, scheduler:[strategy:LAv2, name:workflow-scheduler, autoClose:false, nodeSelector:usedby=anonymized, container:anonymized/test1:sch_v194], storage:[type:copy, workdir:/localdata/localwork/, nodeSelector:usedby=anonymized, imageName:anonymized/test1:ftp_v122], debug:[yaml:true], namespace:anonymized, serviceAccount:nextflow, workDir:/input/data/work/, projectDir:/input/data/project/, imagePullPolicy:IfNotPresent, launchDir:/input/data/launch/, runAsUser:0, fetchNodeName:true, storageMountPath:/input, pod:[nodeSelector:usedby=anonymized], storageClaimName:nfs-experiment]; API client config=ClientConfig[ server=10.233.0.1:443, namespace=anonymized, serviceAccount=nextflow, token=eyJhbGciOiJ.., sslCert=LS0tLS1CRUd.., clientCert=-, clientKey=-, verifySsl=false, fromFile=true, httpReadTimeout=null, httpConnectTimeout=null, maxErrorRetry=4 ]
Nov-10 23:01:42.564 [main] DEBUG nextflow.k8s.K8sExecutor - Created K8s configMap with name: nf-get-stat-41cac373
Nov-10 23:01:46.359 [main] DEBUG nextflow.script.ProcessConfig - Config settings `withName:combineFiles` matches process combineFiles
Nov-10 23:01:46.362 [main] DEBUG nextflow.executor.ExecutorFactory - << taskConfig executor: k8s
Nov-10 23:01:46.362 [main] DEBUG nextflow.executor.ExecutorFactory - >> processorType: 'k8s'
Nov-10 23:01:46.373 [main] DEBUG nextflow.Session - Workflow process names [dsl2]: revertFile, combineFiles, writeLargeFile
Nov-10 23:01:46.375 [main] DEBUG nextflow.Session - Igniting dataflow network (3)
Nov-10 23:01:46.377 [main] DEBUG nextflow.processor.TaskProcessor - Starting process > writeLargeFile
Nov-10 23:01:46.378 [main] DEBUG nextflow.processor.TaskProcessor - Starting process > combineFiles
Nov-10 23:01:46.379 [main] DEBUG nextflow.script.ScriptRunner - > Awaiting termination 
Nov-10 23:01:46.379 [main] DEBUG nextflow.Session - Session await
Nov-10 23:01:46.664 [Task submitter] INFO  nextflow.Session - [5d/296b47] Submitted process > writeLargeFile (30)
Nov-10 23:01:46.709 [Task submitter] INFO  nextflow.Session - [f2/a25a53] Submitted process > writeLargeFile (22)
Nov-10 23:01:46.753 [Task submitter] INFO  nextflow.Session - [4f/a2f263] Submitted process > writeLargeFile (11)
Nov-10 23:01:46.796 [Task submitter] INFO  nextflow.Session - [f2/6e7982] Submitted process > writeLargeFile (4)
Nov-10 23:01:46.838 [Task submitter] INFO  nextflow.Session - [d8/7a6cd4] Submitted process > writeLargeFile (31)
Nov-10 23:01:46.880 [Task submitter] INFO  nextflow.Session - [56/ace41b] Submitted process > writeLargeFile (26)
Nov-10 23:01:46.922 [Task submitter] INFO  nextflow.Session - [5c/cb729e] Submitted process > writeLargeFile (28)
Nov-10 23:01:46.960 [Task submitter] INFO  nextflow.Session - [a8/d107fc] Submitted process > writeLargeFile (25)
Nov-10 23:01:46.999 [Task submitter] INFO  nextflow.Session - [6a/66679a] Submitted process > writeLargeFile (17)
Nov-10 23:01:47.037 [Task submitter] INFO  nextflow.Session - [e3/ddcb28] Submitted process > writeLargeFile (15)
Nov-10 23:01:47.074 [Task submitter] INFO  nextflow.Session - [5e/a435ae] Submitted process > writeLargeFile (5)
Nov-10 23:01:47.112 [Task submitter] INFO  nextflow.Session - [7d/ca25ba] Submitted process > writeLargeFile (12)
Nov-10 23:01:47.149 [Task submitter] INFO  nextflow.Session - [c8/a2dd63] Submitted process > writeLargeFile (2)
Nov-10 23:01:47.188 [Task submitter] INFO  nextflow.Session - [b1/58e867] Submitted process > writeLargeFile (6)
Nov-10 23:01:47.231 [Task submitter] INFO  nextflow.Session - [cf/8b9e02] Submitted process > writeLargeFile (3)
Nov-10 23:01:47.273 [Task submitter] INFO  nextflow.Session - [24/210065] Submitted process > writeLargeFile (8)
Nov-10 23:01:47.316 [Task submitter] INFO  nextflow.Session - [ed/abecde] Submitted process > writeLargeFile (21)
Nov-10 23:01:47.352 [Task submitter] INFO  nextflow.Session - [3b/858671] Submitted process > writeLargeFile (18)
Nov-10 23:01:47.393 [Task submitter] INFO  nextflow.Session - [ab/affa08] Submitted process > writeLargeFile (13)
Nov-10 23:01:47.432 [Task submitter] INFO  nextflow.Session - [62/ad60ce] Submitted process > writeLargeFile (29)
Nov-10 23:01:47.470 [Task submitter] INFO  nextflow.Session - [a8/5c7af9] Submitted process > writeLargeFile (24)
Nov-10 23:01:47.506 [Task submitter] INFO  nextflow.Session - [be/fc5d90] Submitted process > writeLargeFile (19)
Nov-10 23:01:47.541 [Task submitter] INFO  nextflow.Session - [d9/d235a5] Submitted process > writeLargeFile (7)
Nov-10 23:01:47.580 [Task submitter] INFO  nextflow.Session - [29/8f9e76] Submitted process > writeLargeFile (14)
Nov-10 23:01:47.616 [Task submitter] INFO  nextflow.Session - [72/f2e2a7] Submitted process > writeLargeFile (16)
Nov-10 23:01:47.651 [Task submitter] INFO  nextflow.Session - [6d/7b1967] Submitted process > writeLargeFile (10)
Nov-10 23:01:47.690 [Task submitter] INFO  nextflow.Session - [4f/3b03c8] Submitted process > writeLargeFile (20)
Nov-10 23:01:47.730 [Task submitter] INFO  nextflow.Session - [d4/0b7856] Submitted process > writeLargeFile (23)
Nov-10 23:01:47.766 [Task submitter] INFO  nextflow.Session - [63/6ac882] Submitted process > writeLargeFile (36)
Nov-10 23:01:47.802 [Task submitter] INFO  nextflow.Session - [f8/2a9c2d] Submitted process > writeLargeFile (1)
Nov-10 23:01:47.837 [Task submitter] INFO  nextflow.Session - [23/e48a0f] Submitted process > writeLargeFile (9)
Nov-10 23:01:47.876 [Task submitter] INFO  nextflow.Session - [5b/f702c0] Submitted process > writeLargeFile (32)
Nov-10 23:01:47.911 [Task submitter] INFO  nextflow.Session - [39/83fd06] Submitted process > writeLargeFile (27)
Nov-10 23:01:47.948 [Task submitter] INFO  nextflow.Session - [0d/77f43b] Submitted process > writeLargeFile (33)
Nov-10 23:01:47.985 [Task submitter] INFO  nextflow.Session - [0a/2ed6a0] Submitted process > writeLargeFile (35)
Nov-10 23:01:48.022 [Task submitter] INFO  nextflow.Session - [46/de5fec] Submitted process > writeLargeFile (38)
Nov-10 23:01:48.059 [Task submitter] INFO  nextflow.Session - [58/511006] Submitted process > writeLargeFile (41)
Nov-10 23:01:48.093 [Task submitter] INFO  nextflow.Session - [d3/21e463] Submitted process > writeLargeFile (43)
Nov-10 23:01:48.128 [Task submitter] INFO  nextflow.Session - [2c/0bc33d] Submitted process > writeLargeFile (34)
Nov-10 23:01:48.167 [Task submitter] INFO  nextflow.Session - [d7/8889e7] Submitted process > writeLargeFile (42)
Nov-10 23:01:48.201 [Task submitter] INFO  nextflow.Session - [88/4a25ba] Submitted process > writeLargeFile (37)
Nov-10 23:01:48.235 [Task submitter] INFO  nextflow.Session - [6d/513d5d] Submitted process > writeLargeFile (52)
Nov-10 23:01:48.269 [Task submitter] INFO  nextflow.Session - [e4/d81375] Submitted process > writeLargeFile (39)
Nov-10 23:01:48.304 [Task submitter] INFO  nextflow.Session - [ce/7baf49] Submitted process > writeLargeFile (40)
Nov-10 23:01:48.335 [Task submitter] INFO  nextflow.Session - [dc/a6e18e] Submitted process > writeLargeFile (44)
Nov-10 23:01:48.367 [Task submitter] INFO  nextflow.Session - [46/05f2b8] Submitted process > writeLargeFile (60)
Nov-10 23:01:48.410 [Task submitter] INFO  nextflow.Session - [65/f55278] Submitted process > writeLargeFile (46)
Nov-10 23:01:48.447 [Task submitter] INFO  nextflow.Session - [f8/6cd267] Submitted process > writeLargeFile (62)
Nov-10 23:01:48.481 [Task submitter] INFO  nextflow.Session - [dc/6c04f1] Submitted process > writeLargeFile (58)
Nov-10 23:01:48.516 [Task submitter] INFO  nextflow.Session - [b8/d86d53] Submitted process > writeLargeFile (47)
Nov-10 23:01:48.560 [Task submitter] INFO  nextflow.Session - [99/4146ee] Submitted process > writeLargeFile (45)
Nov-10 23:01:48.593 [Task submitter] INFO  nextflow.Session - [57/ca4870] Submitted process > writeLargeFile (51)
Nov-10 23:01:48.629 [Task submitter] INFO  nextflow.Session - [c8/bf7006] Submitted process > writeLargeFile (68)
Nov-10 23:01:48.658 [Task submitter] INFO  nextflow.Session - [2f/c8cff1] Submitted process > writeLargeFile (48)
Nov-10 23:01:48.691 [Task submitter] INFO  nextflow.Session - [f3/7010c1] Submitted process > writeLargeFile (63)
Nov-10 23:01:48.726 [Task submitter] INFO  nextflow.Session - [57/7c6e55] Submitted process > writeLargeFile (55)
Nov-10 23:01:48.760 [Task submitter] INFO  nextflow.Session - [bd/86d724] Submitted process > writeLargeFile (53)
Nov-10 23:01:48.800 [Task submitter] INFO  nextflow.Session - [f6/3f92c8] Submitted process > writeLargeFile (56)
Nov-10 23:01:48.835 [Task submitter] INFO  nextflow.Session - [69/2e9ccc] Submitted process > writeLargeFile (49)
Nov-10 23:01:48.876 [Task submitter] INFO  nextflow.Session - [01/7c307e] Submitted process > writeLargeFile (50)
Nov-10 23:01:48.936 [Task submitter] INFO  nextflow.Session - [e4/446dcf] Submitted process > writeLargeFile (72)
Nov-10 23:01:49.001 [Task submitter] INFO  nextflow.Session - [70/dec574] Submitted process > writeLargeFile (54)
Nov-10 23:01:49.086 [Task submitter] INFO  nextflow.Session - [d4/e5af1c] Submitted process > writeLargeFile (74)
Nov-10 23:01:49.177 [Task submitter] INFO  nextflow.Session - [59/9ba1ec] Submitted process > writeLargeFile (57)
Nov-10 23:01:49.242 [Task submitter] INFO  nextflow.Session - [6c/a9acef] Submitted process > writeLargeFile (59)
Nov-10 23:01:49.318 [Task submitter] INFO  nextflow.Session - [79/6e4945] Submitted process > writeLargeFile (61)
Nov-10 23:01:49.404 [Task submitter] INFO  nextflow.Session - [62/88da09] Submitted process > writeLargeFile (82)
Nov-10 23:01:49.473 [Task submitter] INFO  nextflow.Session - [0e/8508ef] Submitted process > writeLargeFile (67)
Nov-10 23:01:49.549 [Task submitter] INFO  nextflow.Session - [72/9eeb8f] Submitted process > writeLargeFile (81)
Nov-10 23:01:49.616 [Task submitter] INFO  nextflow.Session - [24/bdca21] Submitted process > writeLargeFile (84)
Nov-10 23:01:49.670 [Task submitter] INFO  nextflow.Session - [52/3c6c8d] Submitted process > writeLargeFile (65)
Nov-10 23:01:49.742 [Task submitter] INFO  nextflow.Session - [81/42c12e] Submitted process > writeLargeFile (64)
Nov-10 23:01:49.817 [Task submitter] INFO  nextflow.Session - [96/760b1b] Submitted process > writeLargeFile (66)
Nov-10 23:01:49.912 [Task submitter] INFO  nextflow.Session - [5b/8610eb] Submitted process > writeLargeFile (88)
Nov-10 23:01:50.004 [Task submitter] INFO  nextflow.Session - [c9/d2da3d] Submitted process > writeLargeFile (76)
Nov-10 23:01:50.070 [Task submitter] INFO  nextflow.Session - [87/438d8d] Submitted process > writeLargeFile (73)
Nov-10 23:01:50.160 [Task submitter] INFO  nextflow.Session - [70/4ab2e7] Submitted process > writeLargeFile (96)
Nov-10 23:01:50.213 [Task submitter] INFO  nextflow.Session - [eb/674d90] Submitted process > writeLargeFile (69)
Nov-10 23:01:50.277 [Task submitter] INFO  nextflow.Session - [8b/5584ec] Submitted process > writeLargeFile (70)
Nov-10 23:01:50.349 [Task submitter] INFO  nextflow.Session - [44/712e36] Submitted process > writeLargeFile (75)
Nov-10 23:01:50.465 [Task submitter] INFO  nextflow.Session - [5b/a0be3b] Submitted process > writeLargeFile (100)
Nov-10 23:01:50.547 [Task submitter] INFO  nextflow.Session - [ae/a82d68] Submitted process > writeLargeFile (85)
Nov-10 23:01:50.613 [Task submitter] INFO  nextflow.Session - [10/1191de] Submitted process > writeLargeFile (87)
Nov-10 23:01:50.704 [Task submitter] INFO  nextflow.Session - [82/511b71] Submitted process > writeLargeFile (83)
Nov-10 23:01:50.799 [Task submitter] INFO  nextflow.Session - [e9/9c69ac] Submitted process > writeLargeFile (78)
Nov-10 23:01:50.866 [Task submitter] INFO  nextflow.Session - [95/c15f29] Submitted process > writeLargeFile (71)
Nov-10 23:01:50.931 [Task submitter] INFO  nextflow.Session - [82/f21125] Submitted process > writeLargeFile (86)
Nov-10 23:01:50.995 [Task submitter] INFO  nextflow.Session - [4d/3aead7] Submitted process > writeLargeFile (80)
Nov-10 23:01:51.062 [Task submitter] INFO  nextflow.Session - [ae/10ca56] Submitted process > writeLargeFile (77)
Nov-10 23:01:51.134 [Task submitter] INFO  nextflow.Session - [9a/0e4408] Submitted process > writeLargeFile (79)
Nov-10 23:01:51.234 [Task submitter] INFO  nextflow.Session - [4d/a5d8e6] Submitted process > writeLargeFile (89)
Nov-10 23:01:51.305 [Task submitter] INFO  nextflow.Session - [0c/b8a578] Submitted process > writeLargeFile (91)
Nov-10 23:01:51.366 [Task submitter] INFO  nextflow.Session - [de/1cd606] Submitted process > writeLargeFile (92)
Nov-10 23:01:51.422 [Task submitter] INFO  nextflow.Session - [12/d03ce7] Submitted process > writeLargeFile (90)
Nov-10 23:01:51.489 [Task submitter] INFO  nextflow.Session - [c6/e3a393] Submitted process > writeLargeFile (93)
Nov-10 23:01:51.558 [Task submitter] INFO  nextflow.Session - [0f/e0031b] Submitted process > writeLargeFile (94)
Nov-10 23:01:51.640 [Task submitter] INFO  nextflow.Session - [3c/efa61e] Submitted process > writeLargeFile (97)
Nov-10 23:01:51.720 [Task submitter] INFO  nextflow.Session - [41/2eb879] Submitted process > writeLargeFile (99)
Nov-10 23:01:51.783 [Task submitter] INFO  nextflow.Session - [e8/2102dc] Submitted process > writeLargeFile (98)
Nov-10 23:01:51.883 [Task submitter] INFO  nextflow.Session - [5f/e2afd7] Submitted process > writeLargeFile (95)
Nov-10 23:01:57.175 [Task monitor] DEBUG n.processor.TaskPollingMonitor - Task completed > TaskHandler[id: 30; name: writeLargeFile (30); status: COMPLETED; exit: 0; error: -; workDir: /input/data/work/5d/296b47177155c945d7294774dff0a7]
Nov-10 23:01:57.249 [Task monitor] DEBUG n.processor.TaskPollingMonitor - Task completed > TaskHandler[id: 22; name: writeLargeFile (22); status: COMPLETED; exit: 0; error: -; workDir: /input/data/work/f2/a25a53d93cbad91eb003b37e394393]
Nov-10 23:01:57.293 [Task monitor] DEBUG n.processor.TaskPollingMonitor - Task completed > TaskHandler[id: 11; name: writeLargeFile (11); status: COMPLETED; exit: 0; error: -; workDir: /input/data/work/4f/a2f263e86ad36caf5009c76774e7e5]
Nov-10 23:01:57.344 [Task monitor] DEBUG n.processor.TaskPollingMonitor - Task completed > TaskHandler[id: 4; name: writeLargeFile (4); status: COMPLETED; exit: 0; error: -; workDir: /input/data/work/f2/6e7982d6a9fadc2e4c18ede039ebe0]
Nov-10 23:01:57.390 [Task monitor] DEBUG n.processor.TaskPollingMonitor - Task completed > TaskHandler[id: 31; name: writeLargeFile (31); status: COMPLETED; exit: 0; error: -; workDir: /input/data/work/d8/7a6cd4ef21ae74b3d6029558ae4155]
Nov-10 23:01:57.428 [Task monitor] DEBUG n.processor.TaskPollingMonitor - Task completed > TaskHandler[id: 26; name: writeLargeFile (26); status: COMPLETED; exit: 0; error: -; workDir: /input/data/work/56/ace41b8d17497c8876e6ba1795a13e]
Nov-10 23:01:57.468 [Task monitor] DEBUG n.processor.TaskPollingMonitor - Task completed > TaskHandler[id: 28; name: writeLargeFile (28); status: COMPLETED; exit: 0; error: -; workDir: /input/data/work/5c/cb729e3c3e0fe73398bc62b142bccb]
Nov-10 23:01:57.513 [Task monitor] DEBUG n.processor.TaskPollingMonitor - Task completed > TaskHandler[id: 25; name: writeLargeFile (25); status: COMPLETED; exit: 0; error: -; workDir: /input/data/work/a8/d107fc735e80ddb061d92baf1a14e3]
Nov-10 23:01:57.559 [Task monitor] DEBUG n.processor.TaskPollingMonitor - Task completed > TaskHandler[id: 17; name: writeLargeFile (17); status: COMPLETED; exit: 0; error: -; workDir: /input/data/work/6a/66679a3e09cde1441054dc56668012]
Nov-10 23:01:57.610 [Task monitor] DEBUG n.processor.TaskPollingMonitor - Task completed > TaskHandler[id: 15; name: writeLargeFile (15); status: COMPLETED; exit: 0; error: -; workDir: /input/data/work/e3/ddcb28b69fb6366aa069bfaf671a7c]
Nov-10 23:01:57.656 [Task monitor] DEBUG n.processor.TaskPollingMonitor - Task completed > TaskHandler[id: 5; name: writeLargeFile (5); status: COMPLETED; exit: 0; error: -; workDir: /input/data/work/5e/a435ae9053ed992f6cc975d7903292]
Nov-10 23:01:57.695 [Task monitor] DEBUG n.processor.TaskPollingMonitor - Task completed > TaskHandler[id: 12; name: writeLargeFile (12); status: COMPLETED; exit: 0; error: -; workDir: /input/data/work/7d/ca25ba7ec4ab3f29ce60d19315b19e]
Nov-10 23:01:57.739 [Task monitor] DEBUG n.processor.TaskPollingMonitor - Task completed > TaskHandler[id: 2; name: writeLargeFile (2); status: COMPLETED; exit: 0; error: -; workDir: /input/data/work/c8/a2dd63af1dd7216ce81870cbdcd715]
Nov-10 23:01:57.783 [Task monitor] DEBUG n.processor.TaskPollingMonitor - Task completed > TaskHandler[id: 6; name: writeLargeFile (6); status: COMPLETED; exit: 0; error: -; workDir: /input/data/work/b1/58e867b70c7a2fcda432f9b2101192]
Nov-10 23:01:57.833 [Task monitor] DEBUG n.processor.TaskPollingMonitor - Task completed > TaskHandler[id: 3; name: writeLargeFile (3); status: COMPLETED; exit: 0; error: -; workDir: /input/data/work/cf/8b9e02a820808690d6be558e11df9d]
Nov-10 23:01:57.877 [Task monitor] DEBUG n.processor.TaskPollingMonitor - Task completed > TaskHandler[id: 8; name: writeLargeFile (8); status: COMPLETED; exit: 0; error: -; workDir: /input/data/work/24/21006586ef2423b74287f74f14a8ab]
Nov-10 23:01:57.927 [Task monitor] DEBUG n.processor.TaskPollingMonitor - Task completed > TaskHandler[id: 21; name: writeLargeFile (21); status: COMPLETED; exit: 0; error: -; workDir: /input/data/work/ed/abecde4f71064dbfb13d13653e9626]
Nov-10 23:01:57.972 [Task monitor] DEBUG n.processor.TaskPollingMonitor - Task completed > TaskHandler[id: 18; name: writeLargeFile (18); status: COMPLETED; exit: 0; error: -; workDir: /input/data/work/3b/8586711a50e8fd9dcc5cc1a4f49688]
Nov-10 23:01:58.023 [Task monitor] DEBUG n.processor.TaskPollingMonitor - Task completed > TaskHandler[id: 13; name: writeLargeFile (13); status: COMPLETED; exit: 0; error: -; workDir: /input/data/work/ab/affa089b16398e73418c8afe653549]
Nov-10 23:01:58.070 [Task monitor] DEBUG n.processor.TaskPollingMonitor - Task completed > TaskHandler[id: 29; name: writeLargeFile (29); status: COMPLETED; exit: 0; error: -; workDir: /input/data/work/62/ad60ceeb2c3b95270358eda1aaea5d]
Nov-10 23:01:58.116 [Task monitor] DEBUG n.processor.TaskPollingMonitor - Task completed > TaskHandler[id: 24; name: writeLargeFile (24); status: COMPLETED; exit: 0; error: -; workDir: /input/data/work/a8/5c7af96aa1dcb589a1dcc42e210cf6]
Nov-10 23:01:58.166 [Task monitor] DEBUG n.processor.TaskPollingMonitor - Task completed > TaskHandler[id: 19; name: writeLargeFile (19); status: COMPLETED; exit: 0; error: -; workDir: /input/data/work/be/fc5d90d681575909752b558e085ca7]
Nov-10 23:01:58.309 [Task monitor] DEBUG n.processor.TaskPollingMonitor - Task completed > TaskHandler[id: 7; name: writeLargeFile (7); status: COMPLETED; exit: 0; error: -; workDir: /input/data/work/d9/d235a50b3a974d189cc6c5e3fbb6f9]
Nov-10 23:01:58.441 [Task monitor] DEBUG n.processor.TaskPollingMonitor - Task completed > TaskHandler[id: 14; name: writeLargeFile (14); status: COMPLETED; exit: 0; error: -; workDir: /input/data/work/29/8f9e76cc479b2e8870353417f81035]
Nov-10 23:02:07.171 [Task monitor] DEBUG n.processor.TaskPollingMonitor - Task completed > TaskHandler[id: 16; name: writeLargeFile (16); status: COMPLETED; exit: 0; error: -; workDir: /input/data/work/72/f2e2a74989e344a91da59cb5a09faf]
Nov-10 23:02:07.238 [Task monitor] DEBUG n.processor.TaskPollingMonitor - Task completed > TaskHandler[id: 20; name: writeLargeFile (20); status: COMPLETED; exit: 0; error: -; workDir: /input/data/work/4f/3b03c81128dce95d149e37b6c2c3ee]
Nov-10 23:02:07.283 [Task monitor] DEBUG n.processor.TaskPollingMonitor - Task completed > TaskHandler[id: 23; name: writeLargeFile (23); status: COMPLETED; exit: 0; error: -; workDir: /input/data/work/d4/0b7856252274120e35fbae11c79e6a]
Nov-10 23:02:07.958 [Task monitor] DEBUG n.processor.TaskPollingMonitor - Task completed > TaskHandler[id: 68; name: writeLargeFile (68); status: COMPLETED; exit: 0; error: -; workDir: /input/data/work/c8/bf70069a94bc9ebcc467ed2f26e931]
Nov-10 23:02:08.065 [Task monitor] DEBUG n.processor.TaskPollingMonitor - Task completed > TaskHandler[id: 48; name: writeLargeFile (48); status: COMPLETED; exit: 0; error: -; workDir: /input/data/work/2f/c8cff1e999ee58499279c6251f2319]
Nov-10 23:02:08.189 [Task monitor] DEBUG n.processor.TaskPollingMonitor - Task completed > TaskHandler[id: 63; name: writeLargeFile (63); status: COMPLETED; exit: 0; error: -; workDir: /input/data/work/f3/7010c195318ab6935c25316b59fb59]
Nov-10 23:02:08.362 [Task monitor] DEBUG n.processor.TaskPollingMonitor - Task completed > TaskHandler[id: 55; name: writeLargeFile (55); status: COMPLETED; exit: 0; error: -; workDir: /input/data/work/57/7c6e5518f54b5cb1896cf1ccfdf708]
Nov-10 23:02:08.512 [Task monitor] DEBUG n.processor.TaskPollingMonitor - Task completed > TaskHandler[id: 53; name: writeLargeFile (53); status: COMPLETED; exit: 0; error: -; workDir: /input/data/work/bd/86d724b4d55a98da288009bff65ff0]
Nov-10 23:02:08.588 [Task monitor] DEBUG n.processor.TaskPollingMonitor - Task completed > TaskHandler[id: 56; name: writeLargeFile (56); status: COMPLETED; exit: 0; error: -; workDir: /input/data/work/f6/3f92c89e81b492aa2ab3aa43d5f336]
Nov-10 23:02:08.662 [Task monitor] DEBUG n.processor.TaskPollingMonitor - Task completed > TaskHandler[id: 49; name: writeLargeFile (49); status: COMPLETED; exit: 0; error: -; workDir: /input/data/work/69/2e9ccc6fcc3ab64f149a57aa20dd1c]
Nov-10 23:02:08.826 [Task monitor] DEBUG n.processor.TaskPollingMonitor - Task completed > TaskHandler[id: 50; name: writeLargeFile (50); status: COMPLETED; exit: 0; error: -; workDir: /input/data/work/01/7c307e937d772c6ab234dca344ae7f]
Nov-10 23:02:10.576 [Task monitor] DEBUG n.processor.TaskPollingMonitor - Task completed > TaskHandler[id: 80; name: writeLargeFile (80); status: COMPLETED; exit: 0; error: -; workDir: /input/data/work/4d/3aead7dc1a5ca319d56df6862c9d65]
Nov-10 23:02:10.902 [Task monitor] DEBUG n.processor.TaskPollingMonitor - Task completed > TaskHandler[id: 77; name: writeLargeFile (77); status: COMPLETED; exit: 0; error: -; workDir: /input/data/work/ae/10ca56eee745580264f063575becf1]
Nov-10 23:02:11.015 [Task monitor] DEBUG n.processor.TaskPollingMonitor - Task completed > TaskHandler[id: 79; name: writeLargeFile (79); status: COMPLETED; exit: 0; error: -; workDir: /input/data/work/9a/0e4408f94f92895a609f3adc5ab244]
Nov-10 23:02:11.145 [Task monitor] DEBUG n.processor.TaskPollingMonitor - Task completed > TaskHandler[id: 89; name: writeLargeFile (89); status: COMPLETED; exit: 0; error: -; workDir: /input/data/work/4d/a5d8e6580245f6ddb3cd7ce4c1c70c]
Nov-10 23:02:11.255 [Task monitor] DEBUG n.processor.TaskPollingMonitor - Task completed > TaskHandler[id: 91; name: writeLargeFile (91); status: COMPLETED; exit: 0; error: -; workDir: /input/data/work/0c/b8a5780feddee535b882d21b9f3a8d]
Nov-10 23:02:11.372 [Task monitor] DEBUG n.processor.TaskPollingMonitor - Task completed > TaskHandler[id: 92; name: writeLargeFile (92); status: COMPLETED; exit: 0; error: -; workDir: /input/data/work/de/1cd606d6a944a3615b4e4b19637177]
Nov-10 23:02:11.501 [Task monitor] DEBUG n.processor.TaskPollingMonitor - Task completed > TaskHandler[id: 90; name: writeLargeFile (90); status: COMPLETED; exit: 0; error: -; workDir: /input/data/work/12/d03ce7a04bcc19b31a6482d6e95d3c]
Nov-10 23:02:11.662 [Task monitor] DEBUG n.processor.TaskPollingMonitor - Task completed > TaskHandler[id: 93; name: writeLargeFile (93); status: COMPLETED; exit: 0; error: -; workDir: /input/data/work/c6/e3a39385c5e46129383016119b6924]
Nov-10 23:02:11.790 [Task monitor] DEBUG n.processor.TaskPollingMonitor - Task completed > TaskHandler[id: 94; name: writeLargeFile (94); status: COMPLETED; exit: 0; error: -; workDir: /input/data/work/0f/e0031b8addcf72cf73bac7461528e8]
Nov-10 23:02:11.906 [Task monitor] DEBUG n.processor.TaskPollingMonitor - Task completed > TaskHandler[id: 97; name: writeLargeFile (97); status: COMPLETED; exit: 0; error: -; workDir: /input/data/work/3c/efa61e39c2e2910e5b7fa367c948e0]
Nov-10 23:02:12.031 [Task monitor] DEBUG n.processor.TaskPollingMonitor - Task completed > TaskHandler[id: 99; name: writeLargeFile (99); status: COMPLETED; exit: 0; error: -; workDir: /input/data/work/41/2eb87959666d5a53593c7352871bef]
Nov-10 23:02:12.204 [Task monitor] DEBUG n.processor.TaskPollingMonitor - Task completed > TaskHandler[id: 98; name: writeLargeFile (98); status: COMPLETED; exit: 0; error: -; workDir: /input/data/work/e8/2102dc29a6b70b1f16ea785fe0b9e3]
Nov-10 23:02:12.330 [Task monitor] DEBUG n.processor.TaskPollingMonitor - Task completed > TaskHandler[id: 95; name: writeLargeFile (95); status: COMPLETED; exit: 0; error: -; workDir: /input/data/work/5f/e2afd783c97c09eeaf3a8707bda556]
Nov-10 23:02:13.967 [Task monitor] DEBUG n.processor.TaskPollingMonitor - Task completed > TaskHandler[id: 78; name: writeLargeFile (78); status: COMPLETED; exit: 0; error: -; workDir: /input/data/work/e9/9c69ac103ac79a54e48f6c2c241ce7]
Nov-10 23:02:17.460 [Task monitor] DEBUG n.processor.TaskPollingMonitor - Task completed > TaskHandler[id: 10; name: writeLargeFile (10); status: COMPLETED; exit: 0; error: -; workDir: /input/data/work/6d/7b1967e3c0b6adf729015fa06901d6]
Nov-10 23:02:17.587 [Task monitor] DEBUG n.processor.TaskPollingMonitor - Task completed > TaskHandler[id: 36; name: writeLargeFile (36); status: COMPLETED; exit: 0; error: -; workDir: /input/data/work/63/6ac882e7131f02b412049f7a8f885a]
Nov-10 23:02:17.755 [Task monitor] DEBUG n.processor.TaskPollingMonitor - Task completed > TaskHandler[id: 1; name: writeLargeFile (1); status: COMPLETED; exit: 0; error: -; workDir: /input/data/work/f8/2a9c2d4f3bf74557bddd2bbaafa1b8]
Nov-10 23:02:17.856 [Task monitor] DEBUG n.processor.TaskPollingMonitor - Task completed > TaskHandler[id: 9; name: writeLargeFile (9); status: COMPLETED; exit: 0; error: -; workDir: /input/data/work/23/e48a0fe49398080618fe441aca6d38]
Nov-10 23:02:17.985 [Task monitor] DEBUG n.processor.TaskPollingMonitor - Task completed > TaskHandler[id: 32; name: writeLargeFile (32); status: COMPLETED; exit: 0; error: -; workDir: /input/data/work/5b/f702c020b848cdf85dfe84ed678b66]
Nov-10 23:02:18.089 [Task monitor] DEBUG n.processor.TaskPollingMonitor - Task completed > TaskHandler[id: 27; name: writeLargeFile (27); status: COMPLETED; exit: 0; error: -; workDir: /input/data/work/39/83fd0668f43e3eddb89135ad12b8ef]
Nov-10 23:02:18.843 [Task monitor] DEBUG n.processor.TaskPollingMonitor - Task completed > TaskHandler[id: 72; name: writeLargeFile (72); status: COMPLETED; exit: 0; error: -; workDir: /input/data/work/e4/446dcfb2594285db163e396b7cc7cf]
Nov-10 23:02:19.438 [Task monitor] DEBUG n.processor.TaskPollingMonitor - Task completed > TaskHandler[id: 65; name: writeLargeFile (65); status: COMPLETED; exit: 0; error: -; workDir: /input/data/work/52/3c6c8d81658f7b1504d443f2159b86]
Nov-10 23:02:19.601 [Task monitor] DEBUG n.processor.TaskPollingMonitor - Task completed > TaskHandler[id: 64; name: writeLargeFile (64); status: COMPLETED; exit: 0; error: -; workDir: /input/data/work/81/42c12e438280174ad2f99785c01017]
Nov-10 23:02:19.719 [Task monitor] DEBUG n.processor.TaskPollingMonitor - Task completed > TaskHandler[id: 66; name: writeLargeFile (66); status: COMPLETED; exit: 0; error: -; workDir: /input/data/work/96/760b1b6fc0726c0ccb412546d7522d]
Nov-10 23:02:19.855 [Task monitor] DEBUG n.processor.TaskPollingMonitor - Task completed > TaskHandler[id: 88; name: writeLargeFile (88); status: COMPLETED; exit: 0; error: -; workDir: /input/data/work/5b/8610ebfe702718b8ccf20198b38314]
Nov-10 23:02:20.033 [Task monitor] DEBUG n.processor.TaskPollingMonitor - Task completed > TaskHandler[id: 76; name: writeLargeFile (76); status: COMPLETED; exit: 0; error: -; workDir: /input/data/work/c9/d2da3d5f25c3c55b168a901bd284f0]
Nov-10 23:02:20.208 [Task monitor] DEBUG n.processor.TaskPollingMonitor - Task completed > TaskHandler[id: 73; name: writeLargeFile (73); status: COMPLETED; exit: 0; error: -; workDir: /input/data/work/87/438d8d8d7a170e65998d5dbfbda600]
Nov-10 23:02:20.349 [Task monitor] DEBUG n.processor.TaskPollingMonitor - Task completed > TaskHandler[id: 96; name: writeLargeFile (96); status: COMPLETED; exit: 0; error: -; workDir: /input/data/work/70/4ab2e75961a295e1b00df2904887af]
Nov-10 23:02:20.501 [Task monitor] DEBUG n.processor.TaskPollingMonitor - Task completed > TaskHandler[id: 69; name: writeLargeFile (69); status: COMPLETED; exit: 0; error: -; workDir: /input/data/work/eb/674d90934dc7806667a094554ff599]
Nov-10 23:02:20.659 [Task monitor] DEBUG n.processor.TaskPollingMonitor - Task completed > TaskHandler[id: 70; name: writeLargeFile (70); status: COMPLETED; exit: 0; error: -; workDir: /input/data/work/8b/5584ec9ea7e2b9a54ab5927dec2fa6]
Nov-10 23:02:20.905 [Task monitor] DEBUG n.processor.TaskPollingMonitor - Task completed > TaskHandler[id: 75; name: writeLargeFile (75); status: COMPLETED; exit: 0; error: -; workDir: /input/data/work/44/712e3691030e99ca335cd145440750]
Nov-10 23:02:21.039 [Task monitor] DEBUG n.processor.TaskPollingMonitor - Task completed > TaskHandler[id: 100; name: writeLargeFile (100); status: COMPLETED; exit: 0; error: -; workDir: /input/data/work/5b/a0be3b51a10884e0696221b5ab73ab]
Nov-10 23:02:21.229 [Task monitor] DEBUG n.processor.TaskPollingMonitor - Task completed > TaskHandler[id: 85; name: writeLargeFile (85); status: COMPLETED; exit: 0; error: -; workDir: /input/data/work/ae/a82d6897d291904a2d27e1b143ad56]
Nov-10 23:02:21.349 [Task monitor] DEBUG n.processor.TaskPollingMonitor - Task completed > TaskHandler[id: 87; name: writeLargeFile (87); status: COMPLETED; exit: 0; error: -; workDir: /input/data/work/10/1191de164b04b0a419522056ce7d28]
Nov-10 23:02:21.444 [Task monitor] DEBUG n.processor.TaskPollingMonitor - Task completed > TaskHandler[id: 83; name: writeLargeFile (83); status: COMPLETED; exit: 0; error: -; workDir: /input/data/work/82/511b714099a4dafde55ed33bc6851c]
Nov-10 23:02:21.540 [Task monitor] DEBUG n.processor.TaskPollingMonitor - Task completed > TaskHandler[id: 71; name: writeLargeFile (71); status: COMPLETED; exit: 0; error: -; workDir: /input/data/work/95/c15f29b77b001b0797c7bff8a4aa77]
Nov-10 23:02:21.693 [Task monitor] DEBUG n.processor.TaskPollingMonitor - Task completed > TaskHandler[id: 86; name: writeLargeFile (86); status: COMPLETED; exit: 0; error: -; workDir: /input/data/work/82/f2112505cdfaa82ff03c3a18d7e630]
Nov-10 23:02:23.151 [Task monitor] DEBUG n.processor.TaskPollingMonitor - Task completed > TaskHandler[id: 67; name: writeLargeFile (67); status: COMPLETED; exit: 0; error: -; workDir: /input/data/work/0e/8508efa4c237c7d9cff3c352e0fffa]
Nov-10 23:02:23.243 [Task monitor] DEBUG n.processor.TaskPollingMonitor - Task completed > TaskHandler[id: 81; name: writeLargeFile (81); status: COMPLETED; exit: 0; error: -; workDir: /input/data/work/72/9eeb8f0c03ac711e42e5ba95d65b72]
Nov-10 23:02:23.295 [Task monitor] DEBUG n.processor.TaskPollingMonitor - Task completed > TaskHandler[id: 84; name: writeLargeFile (84); status: COMPLETED; exit: 0; error: -; workDir: /input/data/work/24/bdca21a72109ce2f88575ac29eaabb]
Nov-10 23:02:27.435 [Task monitor] DEBUG n.processor.TaskPollingMonitor - Task completed > TaskHandler[id: 35; name: writeLargeFile (35); status: COMPLETED; exit: 0; error: -; workDir: /input/data/work/0a/2ed6a0206989822a85cad87a9bb199]
Nov-10 23:02:27.694 [Task monitor] DEBUG n.processor.TaskPollingMonitor - Task completed > TaskHandler[id: 52; name: writeLargeFile (52); status: COMPLETED; exit: 0; error: -; workDir: /input/data/work/6d/513d5d9d9eecb9f4024288503f7525]
Nov-10 23:02:27.739 [Task monitor] DEBUG n.processor.TaskPollingMonitor - Task completed > TaskHandler[id: 39; name: writeLargeFile (39); status: COMPLETED; exit: 0; error: -; workDir: /input/data/work/e4/d8137538653ee29b2e08e75100ce5c]
Nov-10 23:02:27.781 [Task monitor] DEBUG n.processor.TaskPollingMonitor - Task completed > TaskHandler[id: 40; name: writeLargeFile (40); status: COMPLETED; exit: 0; error: -; workDir: /input/data/work/ce/7baf49b85c84567b565adb5a97ad3c]
Nov-10 23:02:27.823 [Task monitor] DEBUG n.processor.TaskPollingMonitor - Task completed > TaskHandler[id: 44; name: writeLargeFile (44); status: COMPLETED; exit: 0; error: -; workDir: /input/data/work/dc/a6e18eb8dd451bdfd44fc1b27bee11]
Nov-10 23:02:27.863 [Task monitor] DEBUG n.processor.TaskPollingMonitor - Task completed > TaskHandler[id: 60; name: writeLargeFile (60); status: COMPLETED; exit: 0; error: -; workDir: /input/data/work/46/05f2b800705e75efd9c692520bec8a]
Nov-10 23:02:27.903 [Task monitor] DEBUG n.processor.TaskPollingMonitor - Task completed > TaskHandler[id: 46; name: writeLargeFile (46); status: COMPLETED; exit: 0; error: -; workDir: /input/data/work/65/f5527808545aabb9b664f72076986d]
Nov-10 23:02:27.946 [Task monitor] DEBUG n.processor.TaskPollingMonitor - Task completed > TaskHandler[id: 62; name: writeLargeFile (62); status: COMPLETED; exit: 0; error: -; workDir: /input/data/work/f8/6cd267cc98c7ec820a0e047bdfcebb]
Nov-10 23:02:27.987 [Task monitor] DEBUG n.processor.TaskPollingMonitor - Task completed > TaskHandler[id: 58; name: writeLargeFile (58); status: COMPLETED; exit: 0; error: -; workDir: /input/data/work/dc/6c04f129637f157d4bc01413b43e3d]
Nov-10 23:02:28.028 [Task monitor] DEBUG n.processor.TaskPollingMonitor - Task completed > TaskHandler[id: 47; name: writeLargeFile (47); status: COMPLETED; exit: 0; error: -; workDir: /input/data/work/b8/d86d53fb0d315e034b13b19cf21d6c]
Nov-10 23:02:28.067 [Task monitor] DEBUG n.processor.TaskPollingMonitor - Task completed > TaskHandler[id: 45; name: writeLargeFile (45); status: COMPLETED; exit: 0; error: -; workDir: /input/data/work/99/4146ee36be5580fa162e6c71804605]
Nov-10 23:02:28.109 [Task monitor] DEBUG n.processor.TaskPollingMonitor - Task completed > TaskHandler[id: 51; name: writeLargeFile (51); status: COMPLETED; exit: 0; error: -; workDir: /input/data/work/57/ca4870b86bed3285e848817051e095]
Nov-10 23:02:28.152 [Task monitor] DEBUG n.processor.TaskPollingMonitor - Task completed > TaskHandler[id: 54; name: writeLargeFile (54); status: COMPLETED; exit: 0; error: -; workDir: /input/data/work/70/dec574e4c1629d151bed514c852e66]
Nov-10 23:02:28.190 [Task monitor] DEBUG n.processor.TaskPollingMonitor - Task completed > TaskHandler[id: 74; name: writeLargeFile (74); status: COMPLETED; exit: 0; error: -; workDir: /input/data/work/d4/e5af1c189dab209f559082f25753e8]
Nov-10 23:02:28.231 [Task monitor] DEBUG n.processor.TaskPollingMonitor - Task completed > TaskHandler[id: 57; name: writeLargeFile (57); status: COMPLETED; exit: 0; error: -; workDir: /input/data/work/59/9ba1ecea4131640288da0a68c27de3]
Nov-10 23:02:28.271 [Task monitor] DEBUG n.processor.TaskPollingMonitor - Task completed > TaskHandler[id: 59; name: writeLargeFile (59); status: COMPLETED; exit: 0; error: -; workDir: /input/data/work/6c/a9acefe389ea53c39523de0bab1e4f]
Nov-10 23:02:28.315 [Task monitor] DEBUG n.processor.TaskPollingMonitor - Task completed > TaskHandler[id: 61; name: writeLargeFile (61); status: COMPLETED; exit: 0; error: -; workDir: /input/data/work/79/6e4945bf3c97fb26dbd66c3781231e]
Nov-10 23:02:28.356 [Task monitor] DEBUG n.processor.TaskPollingMonitor - Task completed > TaskHandler[id: 82; name: writeLargeFile (82); status: COMPLETED; exit: 0; error: -; workDir: /input/data/work/62/88da09347a524b8aff00495a8bd1c8]
Nov-10 23:02:32.380 [Task monitor] DEBUG n.processor.TaskPollingMonitor - Task completed > TaskHandler[id: 33; name: writeLargeFile (33); status: COMPLETED; exit: 0; error: -; workDir: /input/data/work/0d/77f43bdcea8401a1530e300f991b3d]
Nov-10 23:02:32.424 [Task monitor] DEBUG n.processor.TaskPollingMonitor - Task completed > TaskHandler[id: 38; name: writeLargeFile (38); status: COMPLETED; exit: 0; error: -; workDir: /input/data/work/46/de5fec7557bcc5f2f20342933d16e4]
Nov-10 23:02:32.467 [Task monitor] DEBUG n.processor.TaskPollingMonitor - Task completed > TaskHandler[id: 41; name: writeLargeFile (41); status: COMPLETED; exit: 0; error: -; workDir: /input/data/work/58/511006bb07e53740cc8a251bf50a5c]
Nov-10 23:02:32.502 [Task monitor] DEBUG n.processor.TaskPollingMonitor - Task completed > TaskHandler[id: 43; name: writeLargeFile (43); status: COMPLETED; exit: 0; error: -; workDir: /input/data/work/d3/21e4635d277cf8c4a208bdff8524dd]
Nov-10 23:02:32.540 [Task monitor] DEBUG n.processor.TaskPollingMonitor - Task completed > TaskHandler[id: 34; name: writeLargeFile (34); status: COMPLETED; exit: 0; error: -; workDir: /input/data/work/2c/0bc33d8571444754c2aa4de783073d]
Nov-10 23:02:32.581 [Task monitor] DEBUG n.processor.TaskPollingMonitor - Task completed > TaskHandler[id: 42; name: writeLargeFile (42); status: COMPLETED; exit: 0; error: -; workDir: /input/data/work/d7/8889e79a3d1257277231ab9d8e90b5]
Nov-10 23:02:32.622 [Task monitor] DEBUG n.processor.TaskPollingMonitor - Task completed > TaskHandler[id: 37; name: writeLargeFile (37); status: COMPLETED; exit: 0; error: -; workDir: /input/data/work/88/4a25bab4e01fbb6c81fe722da0fbe6]
Nov-10 23:02:32.707 [Task submitter] INFO  nextflow.Session - [e4/aa661c] Submitted process > combineFiles (22)
Nov-10 23:02:32.745 [Task submitter] INFO  nextflow.Session - [70/953067] Submitted process > combineFiles (6)
Nov-10 23:02:32.773 [Task submitter] INFO  nextflow.Session - [12/db606f] Submitted process > combineFiles (18)
Nov-10 23:02:32.812 [Task submitter] INFO  nextflow.Session - [4f/7c82fd] Submitted process > combineFiles (10)
Nov-10 23:02:32.843 [Task submitter] INFO  nextflow.Session - [10/a5af8d] Submitted process > combineFiles (4)
Nov-10 23:02:32.876 [Task submitter] INFO  nextflow.Session - [a5/332c65] Submitted process > combineFiles (23)
Nov-10 23:02:32.907 [Task submitter] INFO  nextflow.Session - [5e/625de8] Submitted process > combineFiles (19)
Nov-10 23:02:32.940 [Task submitter] INFO  nextflow.Session - [c9/882ebe] Submitted process > combineFiles (1)
Nov-10 23:02:32.968 [Task submitter] INFO  nextflow.Session - [5b/a4e770] Submitted process > combineFiles (7)
Nov-10 23:02:32.998 [Task submitter] INFO  nextflow.Session - [dc/22c8f1] Submitted process > combineFiles (27)
Nov-10 23:02:33.029 [Task submitter] INFO  nextflow.Session - [69/2adcb9] Submitted process > combineFiles (17)
Nov-10 23:02:33.059 [Task submitter] INFO  nextflow.Session - [26/bd0d89] Submitted process > combineFiles (24)
Nov-10 23:02:33.090 [Task submitter] INFO  nextflow.Session - [ae/2b9a85] Submitted process > combineFiles (25)
Nov-10 23:02:33.121 [Task submitter] INFO  nextflow.Session - [b1/d7725c] Submitted process > combineFiles (11)
Nov-10 23:02:33.154 [Task submitter] INFO  nextflow.Session - [5d/26828f] Submitted process > combineFiles (3)
Nov-10 23:02:33.185 [Task submitter] INFO  nextflow.Session - [92/d220bf] Submitted process > combineFiles (20)
Nov-10 23:02:33.217 [Task submitter] INFO  nextflow.Session - [82/fa5f4a] Submitted process > combineFiles (34)
Nov-10 23:02:33.250 [Task submitter] INFO  nextflow.Session - [e6/4a0d0c] Submitted process > combineFiles (13)
Nov-10 23:02:33.286 [Task submitter] INFO  nextflow.Session - [91/d0de7e] Submitted process > combineFiles (16)
Nov-10 23:02:33.341 [Task submitter] INFO  nextflow.Session - [2b/d5da48] Submitted process > combineFiles (31)
Nov-10 23:02:33.375 [Task submitter] INFO  nextflow.Session - [2a/533998] Submitted process > combineFiles (29)
Nov-10 23:02:33.410 [Task submitter] INFO  nextflow.Session - [e1/98a702] Submitted process > combineFiles (30)
Nov-10 23:02:33.450 [Task submitter] INFO  nextflow.Session - [ba/41c619] Submitted process > combineFiles (2)
Nov-10 23:02:33.486 [Task submitter] INFO  nextflow.Session - [a0/2c0f4c] Submitted process > combineFiles (32)
Nov-10 23:02:33.524 [Task submitter] INFO  nextflow.Session - [f0/fa0f70] Submitted process > combineFiles (21)
Nov-10 23:02:33.560 [Task submitter] INFO  nextflow.Session - [fd/0437fe] Submitted process > combineFiles (14)
Nov-10 23:02:33.592 [Task submitter] INFO  nextflow.Session - [fb/366eff] Submitted process > combineFiles (5)
Nov-10 23:02:33.634 [Task submitter] INFO  nextflow.Session - [40/782009] Submitted process > combineFiles (8)
Nov-10 23:02:33.701 [Task submitter] INFO  nextflow.Session - [31/37ebbe] Submitted process > combineFiles (12)
Nov-10 23:02:33.735 [Task submitter] INFO  nextflow.Session - [b0/f7bf1a] Submitted process > combineFiles (28)
Nov-10 23:02:33.780 [Task submitter] INFO  nextflow.Session - [20/a1325f] Submitted process > combineFiles (26)
Nov-10 23:02:33.878 [Task submitter] INFO  nextflow.Session - [30/9ebb4b] Submitted process > combineFiles (9)
Nov-10 23:02:33.926 [Task submitter] INFO  nextflow.Session - [49/57a3ed] Submitted process > combineFiles (15)
Nov-10 23:02:33.979 [Task submitter] INFO  nextflow.Session - [a7/7ca6a8] Submitted process > combineFiles (33)
Nov-10 23:03:08.523 [Task monitor] DEBUG n.processor.TaskPollingMonitor - Task completed > TaskHandler[id: 110; name: combineFiles (10); status: COMPLETED; exit: 0; error: -; workDir: /input/data/work/4f/7c82fde316005491c3976d51e45d6b]
Nov-10 23:03:18.461 [Task monitor] DEBUG n.processor.TaskPollingMonitor - Task completed > TaskHandler[id: 122; name: combineFiles (22); status: COMPLETED; exit: 0; error: -; workDir: /input/data/work/e4/aa661cf9ae812b4cde0b465081e75b]
Nov-10 23:03:18.870 [Task monitor] DEBUG n.processor.TaskPollingMonitor - Task completed > TaskHandler[id: 118; name: combineFiles (18); status: COMPLETED; exit: 0; error: -; workDir: /input/data/work/12/db606f2ed4bc37d628d72022cc1cb7]
Nov-10 23:03:19.318 [Task monitor] DEBUG n.processor.TaskPollingMonitor - Task completed > TaskHandler[id: 104; name: combineFiles (4); status: COMPLETED; exit: 0; error: -; workDir: /input/data/work/10/a5af8dd8de94afed0d6532c88b5efc]
Nov-10 23:03:24.385 [Task monitor] DEBUG n.processor.TaskPollingMonitor - Task completed > TaskHandler[id: 109; name: combineFiles (9); status: COMPLETED; exit: 0; error: -; workDir: /input/data/work/30/9ebb4b59e6f7483948c489b7344b1f]
Nov-10 23:03:26.728 [Task monitor] DEBUG n.processor.TaskPollingMonitor - Task completed > TaskHandler[id: 120; name: combineFiles (20); status: COMPLETED; exit: 0; error: -; workDir: /input/data/work/92/d220bf3e84ab620f7d4de0c7713ddf]
Nov-10 23:03:32.022 [Task monitor] DEBUG n.processor.TaskPollingMonitor - Task completed > TaskHandler[id: 132; name: combineFiles (32); status: COMPLETED; exit: 0; error: -; workDir: /input/data/work/a0/2c0f4cde4d82fb7bde76c9b37a1841]
Nov-10 23:03:40.857 [Task monitor] DEBUG n.processor.TaskPollingMonitor - Task completed > TaskHandler[id: 117; name: combineFiles (17); status: COMPLETED; exit: 0; error: -; workDir: /input/data/work/69/2adcb9f71b1ab857d420727b42a006]
Nov-10 23:03:45.456 [Task monitor] DEBUG n.processor.TaskPollingMonitor - Task completed > TaskHandler[id: 107; name: combineFiles (7); status: COMPLETED; exit: 0; error: -; workDir: /input/data/work/5b/a4e770ec217ceb36f9943575db5dd0]
Nov-10 23:03:46.603 [Task monitor] DEBUG n.processor.TaskPollingMonitor - Task completed > TaskHandler[id: 126; name: combineFiles (26); status: COMPLETED; exit: 0; error: -; workDir: /input/data/work/20/a1325fc7fac8c9b6b6157fc5977a15]
Nov-10 23:03:49.965 [Task monitor] DEBUG n.processor.TaskPollingMonitor - Task completed > TaskHandler[id: 123; name: combineFiles (23); status: COMPLETED; exit: 0; error: -; workDir: /input/data/work/a5/332c656869274b5ce0df61765663d2]
Nov-10 23:03:51.221 [Task monitor] DEBUG n.processor.TaskPollingMonitor - Task completed > TaskHandler[id: 112; name: combineFiles (12); status: COMPLETED; exit: 0; error: -; workDir: /input/data/work/31/37ebbea2630b6c5db3a85efd597fc8]
Nov-10 23:04:01.901 [Task monitor] DEBUG n.processor.TaskPollingMonitor - Task completed > TaskHandler[id: 133; name: combineFiles (33); status: COMPLETED; exit: 0; error: -; workDir: /input/data/work/a7/7ca6a876215053dca0b82d847174a1]
Nov-10 23:04:05.048 [Task monitor] DEBUG n.processor.TaskPollingMonitor - Task completed > TaskHandler[id: 106; name: combineFiles (6); status: COMPLETED; exit: 0; error: -; workDir: /input/data/work/70/9530673c687d3d091c759f674b9b0f]
Nov-10 23:04:05.731 [Task monitor] DEBUG n.processor.TaskPollingMonitor - Task completed > TaskHandler[id: 125; name: combineFiles (25); status: COMPLETED; exit: 0; error: -; workDir: /input/data/work/ae/2b9a8559534ec6f5dd93a4fbfbbdaf]
Nov-10 23:04:10.712 [Task monitor] DEBUG n.processor.TaskPollingMonitor - Task completed > TaskHandler[id: 116; name: combineFiles (16); status: COMPLETED; exit: 0; error: -; workDir: /input/data/work/91/d0de7e7c7dcabce587104f46680319]
Nov-10 23:04:16.027 [Task monitor] DEBUG n.processor.TaskPollingMonitor - Task completed > TaskHandler[id: 113; name: combineFiles (13); status: COMPLETED; exit: 0; error: -; workDir: /input/data/work/e6/4a0d0cf0a990bf1bac539152c87215]
Nov-10 23:04:16.392 [Task monitor] DEBUG n.processor.TaskPollingMonitor - Task completed > TaskHandler[id: 129; name: combineFiles (29); status: COMPLETED; exit: 0; error: -; workDir: /input/data/work/2a/533998eb3c8c67e316075810613b98]
Nov-10 23:04:27.621 [Task monitor] DEBUG n.processor.TaskPollingMonitor - Task completed > TaskHandler[id: 131; name: combineFiles (31); status: COMPLETED; exit: 0; error: -; workDir: /input/data/work/2b/d5da48b6032d4e5f111562510aa029]
Nov-10 23:04:32.122 [Task monitor] DEBUG n.processor.TaskPollingMonitor - Task completed > TaskHandler[id: 121; name: combineFiles (21); status: COMPLETED; exit: 0; error: -; workDir: /input/data/work/f0/fa0f70922a07ae32118b4348c0590f]
Nov-10 23:04:32.693 [Task monitor] DEBUG n.processor.TaskPollingMonitor - Task completed > TaskHandler[id: 114; name: combineFiles (14); status: COMPLETED; exit: 0; error: -; workDir: /input/data/work/fd/0437feecfeae02d54e1d37f201de56]
Nov-10 23:04:35.355 [Task monitor] DEBUG n.processor.TaskPollingMonitor - Task completed > TaskHandler[id: 103; name: combineFiles (3); status: COMPLETED; exit: 0; error: -; workDir: /input/data/work/5d/26828f37711fba131b1c855a14d255]
Nov-10 23:04:45.291 [Task monitor] DEBUG n.processor.TaskPollingMonitor - Task completed > TaskHandler[id: 130; name: combineFiles (30); status: COMPLETED; exit: 0; error: -; workDir: /input/data/work/e1/98a7024f7da9203b313e4823dc8087]
Nov-10 23:04:49.914 [Task monitor] DEBUG n.processor.TaskPollingMonitor - Task completed > TaskHandler[id: 119; name: combineFiles (19); status: COMPLETED; exit: 0; error: -; workDir: /input/data/work/5e/625de8f4aab0b84b95a58959b93fda]
Nov-10 23:04:50.115 [Task monitor] DEBUG n.processor.TaskPollingMonitor - Task completed > TaskHandler[id: 111; name: combineFiles (11); status: COMPLETED; exit: 0; error: -; workDir: /input/data/work/b1/d7725caaddcf6514a0dea07ea95819]
Nov-10 23:04:50.236 [Task monitor] DEBUG n.processor.TaskPollingMonitor - Task completed > TaskHandler[id: 134; name: combineFiles (34); status: COMPLETED; exit: 0; error: -; workDir: /input/data/work/82/fa5f4aca16a1061f48c458ff9d7bc5]
Nov-10 23:04:59.952 [Task monitor] DEBUG n.processor.TaskPollingMonitor - Task completed > TaskHandler[id: 102; name: combineFiles (2); status: COMPLETED; exit: 0; error: -; workDir: /input/data/work/ba/41c6194c84c216f556eaf3ef215ac4]
Nov-10 23:05:00.133 [Task monitor] DEBUG n.processor.TaskPollingMonitor - Task completed > TaskHandler[id: 108; name: combineFiles (8); status: COMPLETED; exit: 0; error: -; workDir: /input/data/work/40/782009e7ac9cb7801cb17eb8d08eed]
Nov-10 23:05:00.179 [Task monitor] DEBUG n.processor.TaskPollingMonitor - Task completed > TaskHandler[id: 128; name: combineFiles (28); status: COMPLETED; exit: 0; error: -; workDir: /input/data/work/b0/f7bf1a32f4445d48e29e646af78f02]
Nov-10 23:05:04.891 [Task monitor] DEBUG n.processor.TaskPollingMonitor - Task completed > TaskHandler[id: 127; name: combineFiles (27); status: COMPLETED; exit: 0; error: -; workDir: /input/data/work/dc/22c8f196b625ae8554edb1d72b5628]
Nov-10 23:05:04.931 [Task monitor] DEBUG n.processor.TaskPollingMonitor - Task completed > TaskHandler[id: 124; name: combineFiles (24); status: COMPLETED; exit: 0; error: -; workDir: /input/data/work/26/bd0d8986c4ea22bc0f4b8caff938b1]
Nov-10 23:05:14.876 [Task monitor] DEBUG n.processor.TaskPollingMonitor - Task completed > TaskHandler[id: 101; name: combineFiles (1); status: COMPLETED; exit: 0; error: -; workDir: /input/data/work/c9/882ebe548ca21096b5a412e353346c]
Nov-10 23:05:19.878 [Task monitor] DEBUG n.processor.TaskPollingMonitor - Task completed > TaskHandler[id: 105; name: combineFiles (5); status: COMPLETED; exit: 0; error: -; workDir: /input/data/work/fb/366effae96729fd52c614d3beabbd6]
Nov-10 23:05:19.919 [Task monitor] DEBUG n.processor.TaskPollingMonitor - Task completed > TaskHandler[id: 115; name: combineFiles (15); status: COMPLETED; exit: 0; error: -; workDir: /input/data/work/49/57a3ed21078ee12e35b4951276305b]
Nov-10 23:05:19.921 [main] DEBUG nextflow.Session - Session await > all processes finished
Nov-10 23:05:19.924 [main] DEBUG nextflow.Session - Session await > all barriers passed
Nov-10 23:05:19.937 [main] DEBUG n.trace.WorkflowStatsObserver - Workflow completed > WorkflowStats[succeededCount=134; failedCount=0; ignoredCount=0; cachedCount=0; pendingCount=0; submittedCount=0; runningCount=0; retriesCount=0; abortedCount=0; succeedDuration=26m 4s; failedDuration=0ms; cachedDuration=0ms;loadCpus=0; loadMemory=0; peakRunning=34; peakCpus=340; peakMemory=340 GB; ]
Nov-10 23:05:19.937 [main] DEBUG nextflow.trace.TraceFileObserver - Workflow completed -- saving trace file
Nov-10 23:05:19.950 [main] DEBUG nextflow.trace.ReportObserver - Workflow completed -- rendering execution report
Nov-10 23:05:20.628 [main] DEBUG nextflow.trace.TimelineObserver - Workflow completed -- rendering execution timeline
Nov-10 23:05:20.781 [main] DEBUG nextflow.cache.CacheDB - Closing CacheDB done
Nov-10 23:05:20.807 [main] DEBUG nextflow.util.ThreadPoolManager - Thread pool 'FileTransfer' shutdown completed (hard=false)
Nov-10 23:05:20.807 [main] DEBUG nextflow.script.ScriptRunner - > Execution complete -- Goodbye
