Dec-02 19:09:21.792 [main] DEBUG nextflow.cli.Launcher - $> nextflow run /input/groupMultiple -c /experiments/experiment/groupMultiple/nextflow.config -c /experiments/experiment/nextflow_cws.config -c /experiments/experiment/nextflow_nfs.config
Dec-02 19:09:21.849 [main] INFO  nextflow.cli.CmdRun - N E X T F L O W  ~  version 23.07.0-edge
Dec-02 19:09:21.866 [main] DEBUG nextflow.plugin.PluginsFacade - Setting up plugin manager > mode=prod; embedded=false; plugins-dir=/.nextflow/plugins; core-plugins: nf-amazon@2.1.0,nf-azure@1.1.4,nf-cloudcache@0.1.0,nf-codecommit@0.1.5,nf-console@1.0.6,nf-ga4gh@1.1.0,nf-google@1.8.1,nf-tower@1.5.15,nf-wave@0.11.0
Dec-02 19:09:21.875 [main] INFO  o.pf4j.DefaultPluginStatusProvider - Enabled plugins: []
Dec-02 19:09:21.876 [main] INFO  o.pf4j.DefaultPluginStatusProvider - Disabled plugins: []
Dec-02 19:09:21.878 [main] INFO  org.pf4j.DefaultPluginManager - PF4J version 3.4.1 in 'deployment' mode
Dec-02 19:09:21.885 [main] INFO  org.pf4j.AbstractPluginManager - No plugins
Dec-02 19:09:21.904 [main] DEBUG nextflow.scm.AssetManager - Project manifest does not exist: /input/groupMultiple/nextflow.config (No such file or directory)
Dec-02 19:09:21.925 [main] DEBUG nextflow.config.ConfigBuilder - User config file: /experiments/experiment/groupMultiple/nextflow.config
Dec-02 19:09:21.926 [main] DEBUG nextflow.config.ConfigBuilder - User config file: /experiments/experiment/nextflow_cws.config
Dec-02 19:09:21.926 [main] DEBUG nextflow.config.ConfigBuilder - User config file: /experiments/experiment/nextflow_nfs.config
Dec-02 19:09:21.926 [main] DEBUG nextflow.config.ConfigBuilder - Parsing config file: /experiments/experiment/groupMultiple/nextflow.config
Dec-02 19:09:21.926 [main] DEBUG nextflow.config.ConfigBuilder - Parsing config file: /experiments/experiment/nextflow_cws.config
Dec-02 19:09:21.926 [main] DEBUG nextflow.config.ConfigBuilder - Parsing config file: /experiments/experiment/nextflow_nfs.config
Dec-02 19:09:21.941 [main] DEBUG nextflow.config.ConfigBuilder - Applying config profile: `standard`
Dec-02 19:09:22.429 [main] DEBUG nextflow.config.ConfigBuilder - Applying config profile: `standard`
Dec-02 19:09:22.573 [main] DEBUG nextflow.config.ConfigBuilder - Applying config profile: `standard`
Dec-02 19:09:22.603 [main] DEBUG nextflow.cli.CmdRun - Applied DSL=2 by global default
Dec-02 19:09:22.616 [main] INFO  nextflow.cli.CmdRun - Launching `/input/groupMultiple/main.nf` [scruffy_kalam] DSL2 - revision: b7ed08cdab
Dec-02 19:09:22.616 [main] DEBUG nextflow.plugin.PluginsFacade - Plugins default=[]
Dec-02 19:09:22.616 [main] DEBUG nextflow.plugin.PluginsFacade - Plugins resolved requirement=[]
Dec-02 19:09:22.623 [main] DEBUG n.secret.LocalSecretsProvider - Secrets store: /.nextflow/secrets/store.json
Dec-02 19:09:22.626 [main] DEBUG nextflow.secret.SecretsLoader - Discovered secrets providers: [nextflow.secret.LocalSecretsProvider@5b7c8930] - activable => nextflow.secret.LocalSecretsProvider@5b7c8930
Dec-02 19:09:22.675 [main] DEBUG nextflow.Session - Session UUID: 485e8e3a-11c7-4545-a926-89c8526b8833
Dec-02 19:09:22.675 [main] DEBUG nextflow.Session - Run name: scruffy_kalam
Dec-02 19:09:22.676 [main] DEBUG nextflow.Session - Executor pool size: 32
Dec-02 19:09:22.681 [main] DEBUG nextflow.file.FilePorter - File porter settings maxRetries=3; maxTransfers=50; pollTimeout=null
Dec-02 19:09:22.684 [main] DEBUG nextflow.util.ThreadPoolBuilder - Creating thread pool 'FileTransfer' minSize=10; maxSize=96; workQueue=LinkedBlockingQueue[10000]; allowCoreThreadTimeout=false
Dec-02 19:09:22.710 [main] DEBUG nextflow.cli.CmdRun - 
  Version: 23.07.0-edge build 5875
  Created: 28-07-2023 20:27 UTC (20:27 GMT)
  System: Linux 5.4.0-166-generic
  Runtime: Groovy 3.0.18 on OpenJDK 64-Bit Server VM 17.0.6+10-LTS
  Encoding: UTF-8 (UTF-8)
  Process: 3798995@nextflow [10.233.76.38]
  CPUs: 32 - Mem: 125.7 GB (121.1 GB) - Swap: 0 (0)
Dec-02 19:09:22.755 [main] DEBUG nextflow.Session - Work-dir: /input/data/work [nfs]
Dec-02 19:09:22.755 [main] DEBUG nextflow.Session - Script base path does not exist or is not a directory: /input/groupMultiple/bin
Dec-02 19:09:22.764 [main] DEBUG nextflow.executor.ExecutorFactory - Extension executors providers=[]
Dec-02 19:09:22.771 [main] DEBUG nextflow.Session - Observer factory: DefaultObserverFactory
Dec-02 19:09:22.799 [main] DEBUG nextflow.cache.CacheFactory - Using Nextflow cache factory: nextflow.cache.DefaultCacheFactory
Dec-02 19:09:22.806 [main] DEBUG nextflow.util.CustomThreadPool - Creating default thread pool > poolSize: 33; maxThreads: 1000
Dec-02 19:09:22.897 [main] DEBUG nextflow.Session - Session start
Dec-02 19:09:22.905 [main] DEBUG nextflow.trace.TraceFileObserver - Workflow started -- trace file: /input/data/output/trace.csv
Dec-02 19:09:23.089 [main] DEBUG nextflow.script.ScriptRunner - > Launching execution
Dec-02 19:09:23.303 [main] DEBUG nextflow.script.ProcessConfig - Config settings `withName:writeLargeFile` matches process writeLargeFile
Dec-02 19:09:23.312 [main] DEBUG nextflow.executor.ExecutorFactory - << taskConfig executor: k8s
Dec-02 19:09:23.313 [main] DEBUG nextflow.executor.ExecutorFactory - >> processorType: 'k8s'
Dec-02 19:09:23.321 [main] DEBUG nextflow.executor.Executor - [warm up] executor > k8s
Dec-02 19:09:23.336 [main] DEBUG n.processor.TaskPollingMonitor - Creating task monitor for executor 'k8s' > capacity: 300; pollInterval: 5s; dumpInterval: 5m; schedulerBatch: null
Dec-02 19:09:23.341 [main] DEBUG nextflow.k8s.client.ConfigDiscovery - K8s config file does not exist: /root/.kube/config
Dec-02 19:09:23.351 [main] DEBUG nextflow.k8s.K8sExecutor - [K8s] config=[scheduler:[strategy:rank_max-fair, name:workflow-scheduler, autoClose:false, nodeSelector:usedby=anonymized, container:anonymized/test1:sch_v194], debug:[yaml:true], namespace:anonymized, serviceAccount:nextflow, workDir:/input/data/work/, projectDir:/input/data/project/, imagePullPolicy:IfNotPresent, launchDir:/input/data/launch/, runAsUser:0, fetchNodeName:true, storageMountPath:/input, pod:[nodeSelector:usedby=anonymized], storage:[nodeSelector:usedby=anonymized, imageName:anonymized/test1:ftp_v122], storageClaimName:nfs-experiment]; API client config=ClientConfig[ server=10.233.0.1:443, namespace=anonymized, serviceAccount=nextflow, token=eyJhbGciOiJ.., sslCert=LS0tLS1CRUd.., clientCert=-, clientKey=-, verifySsl=false, fromFile=true, httpReadTimeout=null, httpConnectTimeout=null, maxErrorRetry=4 ]
Dec-02 19:09:27.013 [main] DEBUG nextflow.script.ProcessConfig - Config settings `withName:combineFiles` matches process combineFilesA
Dec-02 19:09:27.014 [main] DEBUG nextflow.executor.ExecutorFactory - << taskConfig executor: k8s
Dec-02 19:09:27.015 [main] DEBUG nextflow.executor.ExecutorFactory - >> processorType: 'k8s'
Dec-02 19:09:27.053 [main] DEBUG nextflow.script.ProcessConfig - Config settings `withName:combineFiles` matches process combineFilesB
Dec-02 19:09:27.055 [main] DEBUG nextflow.executor.ExecutorFactory - << taskConfig executor: k8s
Dec-02 19:09:27.055 [main] DEBUG nextflow.executor.ExecutorFactory - >> processorType: 'k8s'
Dec-02 19:09:27.066 [main] DEBUG nextflow.Session - Workflow process names [dsl2]: revertFile, combineFiles, combineFilesA, writeLargeFile, combineFilesB
Dec-02 19:09:27.068 [main] DEBUG nextflow.Session - Igniting dataflow network (4)
Dec-02 19:09:27.070 [main] DEBUG nextflow.processor.TaskProcessor - Starting process > writeLargeFile
Dec-02 19:09:27.071 [main] DEBUG nextflow.processor.TaskProcessor - Starting process > combineFilesA
Dec-02 19:09:27.072 [main] DEBUG nextflow.processor.TaskProcessor - Starting process > combineFilesB
Dec-02 19:09:27.072 [main] DEBUG nextflow.script.ScriptRunner - > Awaiting termination 
Dec-02 19:09:27.072 [main] DEBUG nextflow.Session - Session await
Dec-02 19:09:27.404 [Task submitter] INFO  nextflow.Session - [fd/39138e] Submitted process > writeLargeFile (11)
Dec-02 19:09:27.457 [Task submitter] INFO  nextflow.Session - [d7/3f44e7] Submitted process > writeLargeFile (7)
Dec-02 19:09:27.498 [Task submitter] INFO  nextflow.Session - [28/5e670e] Submitted process > writeLargeFile (22)
Dec-02 19:09:27.539 [Task submitter] INFO  nextflow.Session - [a2/029c3f] Submitted process > writeLargeFile (23)
Dec-02 19:09:27.581 [Task submitter] INFO  nextflow.Session - [ce/cd1b8f] Submitted process > writeLargeFile (12)
Dec-02 19:09:27.619 [Task submitter] INFO  nextflow.Session - [94/3d691c] Submitted process > writeLargeFile (2)
Dec-02 19:09:27.656 [Task submitter] INFO  nextflow.Session - [f4/b09132] Submitted process > writeLargeFile (4)
Dec-02 19:09:27.696 [Task submitter] INFO  nextflow.Session - [a2/4c40fb] Submitted process > writeLargeFile (8)
Dec-02 19:09:27.734 [Task submitter] INFO  nextflow.Session - [98/5f2934] Submitted process > writeLargeFile (20)
Dec-02 19:09:27.772 [Task submitter] INFO  nextflow.Session - [fb/3d8a03] Submitted process > writeLargeFile (16)
Dec-02 19:09:27.810 [Task submitter] INFO  nextflow.Session - [cc/6a6c0a] Submitted process > writeLargeFile (1)
Dec-02 19:09:27.846 [Task submitter] INFO  nextflow.Session - [2f/6005de] Submitted process > writeLargeFile (18)
Dec-02 19:09:27.888 [Task submitter] INFO  nextflow.Session - [47/0cbc20] Submitted process > writeLargeFile (26)
Dec-02 19:09:27.925 [Task submitter] INFO  nextflow.Session - [2b/00268b] Submitted process > writeLargeFile (6)
Dec-02 19:09:27.958 [Task submitter] INFO  nextflow.Session - [d1/202bed] Submitted process > writeLargeFile (17)
Dec-02 19:09:27.998 [Task submitter] INFO  nextflow.Session - [18/416929] Submitted process > writeLargeFile (19)
Dec-02 19:09:28.039 [Task submitter] INFO  nextflow.Session - [2b/9d4c26] Submitted process > writeLargeFile (14)
Dec-02 19:09:28.076 [Task submitter] INFO  nextflow.Session - [bd/2c06c9] Submitted process > writeLargeFile (10)
Dec-02 19:09:28.109 [Task submitter] INFO  nextflow.Session - [d6/42cf47] Submitted process > writeLargeFile (13)
Dec-02 19:09:28.145 [Task submitter] INFO  nextflow.Session - [44/db9a6c] Submitted process > writeLargeFile (24)
Dec-02 19:09:28.180 [Task submitter] INFO  nextflow.Session - [1e/78e8a1] Submitted process > writeLargeFile (31)
Dec-02 19:09:28.214 [Task submitter] INFO  nextflow.Session - [3e/4d89e5] Submitted process > writeLargeFile (3)
Dec-02 19:09:28.251 [Task submitter] INFO  nextflow.Session - [1c/daa8ea] Submitted process > writeLargeFile (15)
Dec-02 19:09:28.285 [Task submitter] INFO  nextflow.Session - [c8/1a7f70] Submitted process > writeLargeFile (28)
Dec-02 19:09:28.320 [Task submitter] INFO  nextflow.Session - [a2/e4bbe5] Submitted process > writeLargeFile (5)
Dec-02 19:09:28.354 [Task submitter] INFO  nextflow.Session - [f3/a22184] Submitted process > writeLargeFile (21)
Dec-02 19:09:28.391 [Task submitter] INFO  nextflow.Session - [42/55dd29] Submitted process > writeLargeFile (9)
Dec-02 19:09:28.425 [Task submitter] INFO  nextflow.Session - [3a/454a01] Submitted process > writeLargeFile (32)
Dec-02 19:09:28.462 [Task submitter] INFO  nextflow.Session - [f9/930a45] Submitted process > writeLargeFile (25)
Dec-02 19:09:28.497 [Task submitter] INFO  nextflow.Session - [39/691c89] Submitted process > writeLargeFile (29)
Dec-02 19:09:28.537 [Task submitter] INFO  nextflow.Session - [ea/2599d2] Submitted process > writeLargeFile (30)
Dec-02 19:09:28.569 [Task submitter] INFO  nextflow.Session - [f3/6d6cac] Submitted process > writeLargeFile (27)
Dec-02 19:09:28.602 [Task submitter] INFO  nextflow.Session - [a9/c7d42d] Submitted process > writeLargeFile (34)
Dec-02 19:09:28.635 [Task submitter] INFO  nextflow.Session - [c1/2729be] Submitted process > writeLargeFile (33)
Dec-02 19:09:28.673 [Task submitter] INFO  nextflow.Session - [d6/1dc98b] Submitted process > writeLargeFile (56)
Dec-02 19:09:28.709 [Task submitter] INFO  nextflow.Session - [a1/512191] Submitted process > writeLargeFile (38)
Dec-02 19:09:28.745 [Task submitter] INFO  nextflow.Session - [44/5d8a31] Submitted process > writeLargeFile (58)
Dec-02 19:09:28.777 [Task submitter] INFO  nextflow.Session - [ae/07c0db] Submitted process > writeLargeFile (35)
Dec-02 19:09:28.811 [Task submitter] INFO  nextflow.Session - [28/ab94b1] Submitted process > writeLargeFile (60)
Dec-02 19:09:28.846 [Task submitter] INFO  nextflow.Session - [5b/88b8a6] Submitted process > writeLargeFile (37)
Dec-02 19:09:28.880 [Task submitter] INFO  nextflow.Session - [ec/17487f] Submitted process > writeLargeFile (36)
Dec-02 19:09:28.919 [Task submitter] INFO  nextflow.Session - [db/70a5be] Submitted process > writeLargeFile (41)
Dec-02 19:09:28.953 [Task submitter] INFO  nextflow.Session - [3e/f0bbf6] Submitted process > writeLargeFile (66)
Dec-02 19:09:28.990 [Task submitter] INFO  nextflow.Session - [fa/db184b] Submitted process > writeLargeFile (45)
Dec-02 19:09:29.018 [Task submitter] INFO  nextflow.Session - [00/35e857] Submitted process > writeLargeFile (43)
Dec-02 19:09:29.053 [Task submitter] INFO  nextflow.Session - [1b/9ee1d7] Submitted process > writeLargeFile (46)
Dec-02 19:09:29.088 [Task submitter] INFO  nextflow.Session - [12/6f66fb] Submitted process > writeLargeFile (40)
Dec-02 19:09:29.122 [Task submitter] INFO  nextflow.Session - [47/c1a861] Submitted process > writeLargeFile (76)
Dec-02 19:09:29.158 [Task submitter] INFO  nextflow.Session - [09/01c14b] Submitted process > writeLargeFile (39)
Dec-02 19:09:29.190 [Task submitter] INFO  nextflow.Session - [24/3984d1] Submitted process > writeLargeFile (48)
Dec-02 19:09:29.228 [Task submitter] INFO  nextflow.Session - [81/dbb206] Submitted process > writeLargeFile (47)
Dec-02 19:09:29.262 [Task submitter] INFO  nextflow.Session - [e2/9734e9] Submitted process > writeLargeFile (42)
Dec-02 19:09:29.301 [Task submitter] INFO  nextflow.Session - [90/1714be] Submitted process > writeLargeFile (49)
Dec-02 19:09:29.334 [Task submitter] INFO  nextflow.Session - [65/175651] Submitted process > writeLargeFile (50)
Dec-02 19:09:29.366 [Task submitter] INFO  nextflow.Session - [3b/8aef32] Submitted process > writeLargeFile (51)
Dec-02 19:09:29.403 [Task submitter] INFO  nextflow.Session - [79/c2f676] Submitted process > writeLargeFile (44)
Dec-02 19:09:29.437 [Task submitter] INFO  nextflow.Session - [15/e0643f] Submitted process > writeLargeFile (52)
Dec-02 19:09:29.472 [Task submitter] INFO  nextflow.Session - [22/f0f3ee] Submitted process > writeLargeFile (53)
Dec-02 19:09:29.508 [Task submitter] INFO  nextflow.Session - [e2/544202] Submitted process > writeLargeFile (88)
Dec-02 19:09:29.539 [Task submitter] INFO  nextflow.Session - [b9/e6d859] Submitted process > writeLargeFile (72)
Dec-02 19:09:29.575 [Task submitter] INFO  nextflow.Session - [09/dc6fc9] Submitted process > writeLargeFile (74)
Dec-02 19:09:29.611 [Task submitter] INFO  nextflow.Session - [24/bdd948] Submitted process > writeLargeFile (67)
Dec-02 19:09:29.650 [Task submitter] INFO  nextflow.Session - [5b/bb95af] Submitted process > writeLargeFile (90)
Dec-02 19:09:29.686 [Task submitter] INFO  nextflow.Session - [7a/c78be0] Submitted process > writeLargeFile (57)
Dec-02 19:09:29.723 [Task submitter] INFO  nextflow.Session - [3c/f15b4c] Submitted process > writeLargeFile (62)
Dec-02 19:09:29.765 [Task submitter] INFO  nextflow.Session - [4a/7554b0] Submitted process > writeLargeFile (54)
Dec-02 19:09:29.796 [Task submitter] INFO  nextflow.Session - [84/f8ef81] Submitted process > writeLargeFile (55)
Dec-02 19:09:29.830 [Task submitter] INFO  nextflow.Session - [fd/11bb44] Submitted process > writeLargeFile (94)
Dec-02 19:09:29.866 [Task submitter] INFO  nextflow.Session - [4d/892d41] Submitted process > writeLargeFile (59)
Dec-02 19:09:29.904 [Task submitter] INFO  nextflow.Session - [28/ee4e59] Submitted process > writeLargeFile (96)
Dec-02 19:09:29.941 [Task submitter] INFO  nextflow.Session - [d5/e7ecee] Submitted process > writeLargeFile (63)
Dec-02 19:09:30.189 [Task submitter] INFO  nextflow.Session - [24/d8b363] Submitted process > writeLargeFile (99)
Dec-02 19:09:30.245 [Task submitter] INFO  nextflow.Session - [89/120554] Submitted process > writeLargeFile (61)
Dec-02 19:09:32.020 [Task submitter] INFO  nextflow.Session - [af/4aa225] Submitted process > writeLargeFile (70)
Dec-02 19:09:33.059 [Task submitter] INFO  nextflow.Session - [54/9e89a4] Submitted process > writeLargeFile (84)
Dec-02 19:09:34.133 [Task submitter] INFO  nextflow.Session - [d4/55fb8d] Submitted process > writeLargeFile (73)
Dec-02 19:09:35.195 [Task submitter] INFO  nextflow.Session - [3d/9bd7f1] Submitted process > writeLargeFile (69)
Dec-02 19:09:36.301 [Task submitter] INFO  nextflow.Session - [c5/69c876] Submitted process > writeLargeFile (87)
Dec-02 19:09:37.436 [Task submitter] INFO  nextflow.Session - [59/9a7099] Submitted process > writeLargeFile (78)
Dec-02 19:09:38.618 [Task submitter] INFO  nextflow.Session - [b8/72742c] Submitted process > writeLargeFile (79)
Dec-02 19:09:39.808 [Task submitter] INFO  nextflow.Session - [25/df8f24] Submitted process > writeLargeFile (86)
Dec-02 19:09:41.023 [Task submitter] INFO  nextflow.Session - [ba/bb1d8c] Submitted process > writeLargeFile (77)
Dec-02 19:09:42.304 [Task submitter] INFO  nextflow.Session - [7d/0066ba] Submitted process > writeLargeFile (75)
Dec-02 19:09:43.747 [Task submitter] INFO  nextflow.Session - [b8/7680d4] Submitted process > writeLargeFile (71)
Dec-02 19:09:45.493 [Task submitter] INFO  nextflow.Session - [6c/c8f597] Submitted process > writeLargeFile (64)
Dec-02 19:09:47.682 [Task submitter] INFO  nextflow.Session - [78/de1ed8] Submitted process > writeLargeFile (80)
Dec-02 19:09:50.678 [Task submitter] INFO  nextflow.Session - [cf/58f086] Submitted process > writeLargeFile (68)
Dec-02 19:09:54.275 [Task submitter] INFO  nextflow.Session - [08/223bb2] Submitted process > writeLargeFile (81)
Dec-02 19:09:57.832 [Task submitter] INFO  nextflow.Session - [e7/d51cc0] Submitted process > writeLargeFile (85)
Dec-02 19:10:02.881 [Task submitter] INFO  nextflow.Session - [b4/2fa704] Submitted process > writeLargeFile (65)
Dec-02 19:10:08.011 [Task submitter] INFO  nextflow.Session - [b5/43c6b0] Submitted process > writeLargeFile (82)
Dec-02 19:10:13.065 [Task submitter] INFO  nextflow.Session - [31/477e95] Submitted process > writeLargeFile (83)
Dec-02 19:10:17.899 [Task submitter] INFO  nextflow.Session - [e7/c35f65] Submitted process > writeLargeFile (89)
Dec-02 19:10:22.194 [Task submitter] INFO  nextflow.Session - [32/c74774] Submitted process > writeLargeFile (92)
Dec-02 19:10:26.059 [Task submitter] INFO  nextflow.Session - [9f/535d6a] Submitted process > writeLargeFile (91)
Dec-02 19:10:30.234 [Task submitter] INFO  nextflow.Session - [9c/4f08f9] Submitted process > writeLargeFile (93)
Dec-02 19:10:33.504 [Task submitter] INFO  nextflow.Session - [6b/373a61] Submitted process > writeLargeFile (97)
Dec-02 19:10:36.452 [Task submitter] INFO  nextflow.Session - [0f/82b837] Submitted process > writeLargeFile (98)
Dec-02 19:10:39.509 [Task submitter] INFO  nextflow.Session - [f0/a71ef3] Submitted process > writeLargeFile (95)
Dec-02 19:10:41.964 [Task submitter] INFO  nextflow.Session - [d9/b6c482] Submitted process > writeLargeFile (100)
Dec-02 19:10:43.822 [Task monitor] DEBUG n.processor.TaskPollingMonitor - Task completed > TaskHandler[id: 12; name: writeLargeFile (12); status: COMPLETED; exit: 0; error: -; workDir: /input/data/work/ce/cd1b8f2e7cc43babd44d693ac6972d]
Dec-02 19:10:44.870 [Task monitor] DEBUG n.processor.TaskPollingMonitor - Task completed > TaskHandler[id: 26; name: writeLargeFile (26); status: COMPLETED; exit: 0; error: -; workDir: /input/data/work/47/0cbc205c34b90df0d2d5c77cd52aeb]
Dec-02 19:10:45.545 [Task monitor] DEBUG n.processor.TaskPollingMonitor - Task completed > TaskHandler[id: 19; name: writeLargeFile (19); status: COMPLETED; exit: 0; error: -; workDir: /input/data/work/18/416929805f0a980952cad0be7e8448]
Dec-02 19:10:46.317 [Task monitor] DEBUG n.processor.TaskPollingMonitor - Task completed > TaskHandler[id: 31; name: writeLargeFile (31); status: COMPLETED; exit: 0; error: -; workDir: /input/data/work/1e/78e8a100870410f89345a7e3f7046d]
Dec-02 19:10:47.015 [Task monitor] DEBUG n.processor.TaskPollingMonitor - Task completed > TaskHandler[id: 28; name: writeLargeFile (28); status: COMPLETED; exit: 0; error: -; workDir: /input/data/work/c8/1a7f70a0786cd0390fc45f993c6644]
Dec-02 19:10:49.703 [Task monitor] DEBUG n.processor.TaskPollingMonitor - Task completed > TaskHandler[id: 8; name: writeLargeFile (8); status: COMPLETED; exit: 0; error: -; workDir: /input/data/work/a2/4c40fbf1c043d1619dabc4a7bd53b1]
Dec-02 19:11:06.057 [Task monitor] DEBUG n.processor.TaskPollingMonitor - Task completed > TaskHandler[id: 7; name: writeLargeFile (7); status: COMPLETED; exit: 0; error: -; workDir: /input/data/work/d7/3f44e70441476077459142b72a47e5]
Dec-02 19:11:09.474 [Task monitor] DEBUG n.processor.TaskPollingMonitor - Task completed > TaskHandler[id: 4; name: writeLargeFile (4); status: COMPLETED; exit: 0; error: -; workDir: /input/data/work/f4/b0913249122c4aba880e8073ccfcef]
Dec-02 19:11:12.547 [Task monitor] DEBUG n.processor.TaskPollingMonitor - Task completed > TaskHandler[id: 16; name: writeLargeFile (16); status: COMPLETED; exit: 0; error: -; workDir: /input/data/work/fb/3d8a03face97b1428f32942e831b7a]
Dec-02 19:11:15.920 [Task monitor] DEBUG n.processor.TaskPollingMonitor - Task completed > TaskHandler[id: 1; name: writeLargeFile (1); status: COMPLETED; exit: 0; error: -; workDir: /input/data/work/cc/6a6c0ae78ced6bcf4233fabb08aa80]
Dec-02 19:11:19.218 [Task monitor] DEBUG n.processor.TaskPollingMonitor - Task completed > TaskHandler[id: 18; name: writeLargeFile (18); status: COMPLETED; exit: 0; error: -; workDir: /input/data/work/2f/6005decaf820380f3d71f89192fa25]
Dec-02 19:11:22.124 [Task monitor] DEBUG n.processor.TaskPollingMonitor - Task completed > TaskHandler[id: 6; name: writeLargeFile (6); status: COMPLETED; exit: 0; error: -; workDir: /input/data/work/2b/00268bf9f50fc22a8457f49cf2e20b]
Dec-02 19:11:25.482 [Task monitor] DEBUG n.processor.TaskPollingMonitor - Task completed > TaskHandler[id: 17; name: writeLargeFile (17); status: COMPLETED; exit: 0; error: -; workDir: /input/data/work/d1/202bed85b5625f2b908c34c06bb6f1]
Dec-02 19:11:28.633 [Task monitor] DEBUG n.processor.TaskPollingMonitor - Task completed > TaskHandler[id: 14; name: writeLargeFile (14); status: COMPLETED; exit: 0; error: -; workDir: /input/data/work/2b/9d4c267db7f20252ea50ad62e94878]
Dec-02 19:11:32.590 [Task monitor] DEBUG n.processor.TaskPollingMonitor - Task completed > TaskHandler[id: 10; name: writeLargeFile (10); status: COMPLETED; exit: 0; error: -; workDir: /input/data/work/bd/2c06c9ac1120e6edc61cef429108ae]
Dec-02 19:11:36.363 [Task monitor] DEBUG n.processor.TaskPollingMonitor - Task completed > TaskHandler[id: 13; name: writeLargeFile (13); status: COMPLETED; exit: 0; error: -; workDir: /input/data/work/d6/42cf476ffd7eceb4e0e8813fbe4ef0]
Dec-02 19:11:40.796 [Task monitor] DEBUG n.processor.TaskPollingMonitor - Task completed > TaskHandler[id: 24; name: writeLargeFile (24); status: COMPLETED; exit: 0; error: -; workDir: /input/data/work/44/db9a6c1a008d2618a8b1629d69033a]
Dec-02 19:11:45.738 [Task monitor] DEBUG n.processor.TaskPollingMonitor - Task completed > TaskHandler[id: 3; name: writeLargeFile (3); status: COMPLETED; exit: 0; error: -; workDir: /input/data/work/3e/4d89e54787bab396feebe46ef2b2f5]
Dec-02 19:11:50.792 [Task monitor] DEBUG n.processor.TaskPollingMonitor - Task completed > TaskHandler[id: 15; name: writeLargeFile (15); status: COMPLETED; exit: 0; error: -; workDir: /input/data/work/1c/daa8ea55f97eca45aee3dcdfd08cd7]
Dec-02 19:11:58.593 [Task monitor] DEBUG n.processor.TaskPollingMonitor - Task completed > TaskHandler[id: 11; name: writeLargeFile (11); status: COMPLETED; exit: 0; error: -; workDir: /input/data/work/fd/39138efd1a0d86817b60092693260f]
Dec-02 19:12:03.195 [Task monitor] DEBUG n.processor.TaskPollingMonitor - Task completed > TaskHandler[id: 22; name: writeLargeFile (22); status: COMPLETED; exit: 0; error: -; workDir: /input/data/work/28/5e670e5c279df3d6e43ec0160b96ee]
Dec-02 19:12:07.764 [Task monitor] DEBUG n.processor.TaskPollingMonitor - Task completed > TaskHandler[id: 23; name: writeLargeFile (23); status: COMPLETED; exit: 0; error: -; workDir: /input/data/work/a2/029c3fa173f99294122dca3be84ec1]
Dec-02 19:12:12.414 [Task monitor] DEBUG n.processor.TaskPollingMonitor - Task completed > TaskHandler[id: 2; name: writeLargeFile (2); status: COMPLETED; exit: 0; error: -; workDir: /input/data/work/94/3d691c7b5b9fb66d8ef6049e4ffd98]
Dec-02 19:12:15.586 [Task monitor] DEBUG n.processor.TaskPollingMonitor - Task completed > TaskHandler[id: 20; name: writeLargeFile (20); status: COMPLETED; exit: 0; error: -; workDir: /input/data/work/98/5f29348c00eb6d35374535e6581f73]
Dec-02 19:12:16.998 [Task monitor] DEBUG n.processor.TaskPollingMonitor - Task completed > TaskHandler[id: 5; name: writeLargeFile (5); status: COMPLETED; exit: 0; error: -; workDir: /input/data/work/a2/e4bbe5678eb0228e2641a166549ddc]
Dec-02 19:12:18.484 [Task monitor] DEBUG n.processor.TaskPollingMonitor - Task completed > TaskHandler[id: 21; name: writeLargeFile (21); status: COMPLETED; exit: 0; error: -; workDir: /input/data/work/f3/a221846e56275975afa76ebe49eda7]
Dec-02 19:12:19.970 [Task monitor] DEBUG n.processor.TaskPollingMonitor - Task completed > TaskHandler[id: 9; name: writeLargeFile (9); status: COMPLETED; exit: 0; error: -; workDir: /input/data/work/42/55dd298d98871a49c623cdeb5dafbd]
Dec-02 19:12:21.006 [Task monitor] DEBUG n.processor.TaskPollingMonitor - Task completed > TaskHandler[id: 32; name: writeLargeFile (32); status: COMPLETED; exit: 0; error: -; workDir: /input/data/work/3a/454a01398daa84e98cdd8fc178678f]
Dec-02 19:12:21.673 [Task monitor] DEBUG n.processor.TaskPollingMonitor - Task completed > TaskHandler[id: 25; name: writeLargeFile (25); status: COMPLETED; exit: 0; error: -; workDir: /input/data/work/f9/930a45d2f0b6038b896a9e842631cc]
Dec-02 19:12:22.347 [Task monitor] DEBUG n.processor.TaskPollingMonitor - Task completed > TaskHandler[id: 29; name: writeLargeFile (29); status: COMPLETED; exit: 0; error: -; workDir: /input/data/work/39/691c892bfab9f40d46f16494a7a805]
Dec-02 19:12:36.816 [Task monitor] DEBUG n.processor.TaskPollingMonitor - Task completed > TaskHandler[id: 30; name: writeLargeFile (30); status: COMPLETED; exit: 0; error: -; workDir: /input/data/work/ea/2599d2af74f8c7444cfc531113774a]
Dec-02 19:12:41.596 [Task monitor] DEBUG n.processor.TaskPollingMonitor - Task completed > TaskHandler[id: 27; name: writeLargeFile (27); status: COMPLETED; exit: 0; error: -; workDir: /input/data/work/f3/6d6cac8a8194beab0bae99a8f9e747]
Dec-02 19:12:46.486 [Task monitor] DEBUG n.processor.TaskPollingMonitor - Task completed > TaskHandler[id: 34; name: writeLargeFile (34); status: COMPLETED; exit: 0; error: -; workDir: /input/data/work/a9/c7d42d29dee895751f1bd1c0216a9a]
Dec-02 19:12:50.744 [Task monitor] DEBUG n.processor.TaskPollingMonitor - Task completed > TaskHandler[id: 33; name: writeLargeFile (33); status: COMPLETED; exit: 0; error: -; workDir: /input/data/work/c1/2729be36a7970cc4d59452f3134573]
Dec-02 19:12:55.248 [Task monitor] DEBUG n.processor.TaskPollingMonitor - Task completed > TaskHandler[id: 56; name: writeLargeFile (56); status: COMPLETED; exit: 0; error: -; workDir: /input/data/work/d6/1dc98b2a4cf593ead2dda39d494587]
Dec-02 19:12:59.333 [Task monitor] DEBUG n.processor.TaskPollingMonitor - Task completed > TaskHandler[id: 38; name: writeLargeFile (38); status: COMPLETED; exit: 0; error: -; workDir: /input/data/work/a1/512191caa62f681adababa87741989]
Dec-02 19:13:03.109 [Task monitor] DEBUG n.processor.TaskPollingMonitor - Task completed > TaskHandler[id: 58; name: writeLargeFile (58); status: COMPLETED; exit: 0; error: -; workDir: /input/data/work/44/5d8a31c8cd372304e4d731fcba6e4d]
Dec-02 19:13:06.400 [Task monitor] DEBUG n.processor.TaskPollingMonitor - Task completed > TaskHandler[id: 35; name: writeLargeFile (35); status: COMPLETED; exit: 0; error: -; workDir: /input/data/work/ae/07c0db05e81a194f59da8bd78f966c]
Dec-02 19:13:10.072 [Task monitor] DEBUG n.processor.TaskPollingMonitor - Task completed > TaskHandler[id: 60; name: writeLargeFile (60); status: COMPLETED; exit: 0; error: -; workDir: /input/data/work/28/ab94b182c23241cedb1957ce2c9bd4]
Dec-02 19:13:13.755 [Task monitor] DEBUG n.processor.TaskPollingMonitor - Task completed > TaskHandler[id: 37; name: writeLargeFile (37); status: COMPLETED; exit: 0; error: -; workDir: /input/data/work/5b/88b8a65f1d70cb8c5594ee79ced11d]
Dec-02 19:13:17.894 [Task monitor] DEBUG n.processor.TaskPollingMonitor - Task completed > TaskHandler[id: 36; name: writeLargeFile (36); status: COMPLETED; exit: 0; error: -; workDir: /input/data/work/ec/17487fa8d11151b69636dafef43604]
Dec-02 19:13:22.457 [Task monitor] DEBUG n.processor.TaskPollingMonitor - Task completed > TaskHandler[id: 41; name: writeLargeFile (41); status: COMPLETED; exit: 0; error: -; workDir: /input/data/work/db/70a5beedb1a06962ca77f4576e5cbb]
Dec-02 19:13:27.489 [Task monitor] DEBUG n.processor.TaskPollingMonitor - Task completed > TaskHandler[id: 66; name: writeLargeFile (66); status: COMPLETED; exit: 0; error: -; workDir: /input/data/work/3e/f0bbf63ca51896a52bb43ee1d809c3]
Dec-02 19:13:33.387 [Task monitor] DEBUG n.processor.TaskPollingMonitor - Task completed > TaskHandler[id: 45; name: writeLargeFile (45); status: COMPLETED; exit: 0; error: -; workDir: /input/data/work/fa/db184b7a9ab28a50f3acab9b60b28c]
Dec-02 19:13:38.015 [Task monitor] DEBUG n.processor.TaskPollingMonitor - Task completed > TaskHandler[id: 43; name: writeLargeFile (43); status: COMPLETED; exit: 0; error: -; workDir: /input/data/work/00/35e857104970281a411eaa49a70d24]
Dec-02 19:13:42.290 [Task monitor] DEBUG n.processor.TaskPollingMonitor - Task completed > TaskHandler[id: 46; name: writeLargeFile (46); status: COMPLETED; exit: 0; error: -; workDir: /input/data/work/1b/9ee1d7282b4aa5b8ac70e9d365942f]
Dec-02 19:13:46.004 [Task monitor] DEBUG n.processor.TaskPollingMonitor - Task completed > TaskHandler[id: 40; name: writeLargeFile (40); status: COMPLETED; exit: 0; error: -; workDir: /input/data/work/12/6f66fbd115e4c3fdd8a95cc60872f7]
Dec-02 19:13:50.087 [Task monitor] DEBUG n.processor.TaskPollingMonitor - Task completed > TaskHandler[id: 76; name: writeLargeFile (76); status: COMPLETED; exit: 0; error: -; workDir: /input/data/work/47/c1a861a1bfd95eef6a054e87090339]
Dec-02 19:13:53.242 [Task monitor] DEBUG n.processor.TaskPollingMonitor - Task completed > TaskHandler[id: 39; name: writeLargeFile (39); status: COMPLETED; exit: 0; error: -; workDir: /input/data/work/09/01c14b7d93d4b82ad99b30bebfc8e2]
Dec-02 19:13:54.725 [Task monitor] DEBUG n.processor.TaskPollingMonitor - Task completed > TaskHandler[id: 48; name: writeLargeFile (48); status: COMPLETED; exit: 0; error: -; workDir: /input/data/work/24/3984d13ab75790e072d29444ccd58e]
Dec-02 19:13:56.263 [Task monitor] DEBUG n.processor.TaskPollingMonitor - Task completed > TaskHandler[id: 47; name: writeLargeFile (47); status: COMPLETED; exit: 0; error: -; workDir: /input/data/work/81/dbb20614067d317ef9a598536a2db0]
Dec-02 19:13:57.334 [Task monitor] DEBUG n.processor.TaskPollingMonitor - Task completed > TaskHandler[id: 42; name: writeLargeFile (42); status: COMPLETED; exit: 0; error: -; workDir: /input/data/work/e2/9734e942ef0e17ea1dc63b6cd002f9]
Dec-02 19:13:58.035 [Task monitor] DEBUG n.processor.TaskPollingMonitor - Task completed > TaskHandler[id: 49; name: writeLargeFile (49); status: COMPLETED; exit: 0; error: -; workDir: /input/data/work/90/1714be351716da4e81511602cd743a]
Dec-02 19:13:59.969 [Task monitor] DEBUG n.processor.TaskPollingMonitor - Task completed > TaskHandler[id: 50; name: writeLargeFile (50); status: COMPLETED; exit: 0; error: -; workDir: /input/data/work/65/17565169169f4289453743ebd3ac05]
Dec-02 19:14:00.937 [Task monitor] DEBUG n.processor.TaskPollingMonitor - Task completed > TaskHandler[id: 51; name: writeLargeFile (51); status: COMPLETED; exit: 0; error: -; workDir: /input/data/work/3b/8aef32ad0111429426a79c9353b1f1]
Dec-02 19:14:02.216 [Task monitor] DEBUG n.processor.TaskPollingMonitor - Task completed > TaskHandler[id: 44; name: writeLargeFile (44); status: COMPLETED; exit: 0; error: -; workDir: /input/data/work/79/c2f6766d24381d2500f8b8ba8e162b]
Dec-02 19:14:04.639 [Task monitor] DEBUG n.processor.TaskPollingMonitor - Task completed > TaskHandler[id: 52; name: writeLargeFile (52); status: COMPLETED; exit: 0; error: -; workDir: /input/data/work/15/e0643f3a59e5b3b80026c8f0218a6c]
Dec-02 19:14:14.309 [Task monitor] DEBUG n.processor.TaskPollingMonitor - Task completed > TaskHandler[id: 53; name: writeLargeFile (53); status: COMPLETED; exit: 0; error: -; workDir: /input/data/work/22/f0f3eeb10d2685ace77ab6f99b986e]
Dec-02 19:14:17.793 [Task monitor] DEBUG n.processor.TaskPollingMonitor - Task completed > TaskHandler[id: 88; name: writeLargeFile (88); status: COMPLETED; exit: 0; error: -; workDir: /input/data/work/e2/5442021c1a5f39b672ee5b9a7b517a]
Dec-02 19:14:22.416 [Task monitor] DEBUG n.processor.TaskPollingMonitor - Task completed > TaskHandler[id: 72; name: writeLargeFile (72); status: COMPLETED; exit: 0; error: -; workDir: /input/data/work/b9/e6d8597a505170c5097e2b7a22b112]
Dec-02 19:14:26.920 [Task monitor] DEBUG n.processor.TaskPollingMonitor - Task completed > TaskHandler[id: 74; name: writeLargeFile (74); status: COMPLETED; exit: 0; error: -; workDir: /input/data/work/09/dc6fc95bb44613a05e51f02614f2ba]
Dec-02 19:14:31.312 [Task monitor] DEBUG n.processor.TaskPollingMonitor - Task completed > TaskHandler[id: 67; name: writeLargeFile (67); status: COMPLETED; exit: 0; error: -; workDir: /input/data/work/24/bdd94811d608be39817dd369537017]
Dec-02 19:14:35.451 [Task monitor] DEBUG n.processor.TaskPollingMonitor - Task completed > TaskHandler[id: 90; name: writeLargeFile (90); status: COMPLETED; exit: 0; error: -; workDir: /input/data/work/5b/bb95af136e420f2cf736879a35cbdd]
Dec-02 19:14:40.081 [Task monitor] DEBUG n.processor.TaskPollingMonitor - Task completed > TaskHandler[id: 57; name: writeLargeFile (57); status: COMPLETED; exit: 0; error: -; workDir: /input/data/work/7a/c78be0192fce793488d3409316272c]
Dec-02 19:14:44.841 [Task monitor] DEBUG n.processor.TaskPollingMonitor - Task completed > TaskHandler[id: 62; name: writeLargeFile (62); status: COMPLETED; exit: 0; error: -; workDir: /input/data/work/3c/f15b4c5c3639d493e8867f69f5a82e]
Dec-02 19:14:49.664 [Task monitor] DEBUG n.processor.TaskPollingMonitor - Task completed > TaskHandler[id: 54; name: writeLargeFile (54); status: COMPLETED; exit: 0; error: -; workDir: /input/data/work/4a/7554b0a9fd680e2adf1aee24f84823]
Dec-02 19:14:53.861 [Task monitor] DEBUG n.processor.TaskPollingMonitor - Task completed > TaskHandler[id: 55; name: writeLargeFile (55); status: COMPLETED; exit: 0; error: -; workDir: /input/data/work/84/f8ef8193f30d73d3dc6ecb3a33a91a]
Dec-02 19:14:57.784 [Task monitor] DEBUG n.processor.TaskPollingMonitor - Task completed > TaskHandler[id: 94; name: writeLargeFile (94); status: COMPLETED; exit: 0; error: -; workDir: /input/data/work/fd/11bb44f2e46f64746c894d2b3c8214]
Dec-02 19:15:02.225 [Task monitor] DEBUG n.processor.TaskPollingMonitor - Task completed > TaskHandler[id: 59; name: writeLargeFile (59); status: COMPLETED; exit: 0; error: -; workDir: /input/data/work/4d/892d4107086808e2fc4c1b4be86e2c]
Dec-02 19:15:06.770 [Task monitor] DEBUG n.processor.TaskPollingMonitor - Task completed > TaskHandler[id: 96; name: writeLargeFile (96); status: COMPLETED; exit: 0; error: -; workDir: /input/data/work/28/ee4e59c477153b8aa872c31f2ea9a8]
Dec-02 19:15:10.907 [Task monitor] DEBUG n.processor.TaskPollingMonitor - Task completed > TaskHandler[id: 63; name: writeLargeFile (63); status: COMPLETED; exit: 0; error: -; workDir: /input/data/work/d5/e7ecee3d039cf06342ed17a429da90]
Dec-02 19:15:15.705 [Task monitor] DEBUG n.processor.TaskPollingMonitor - Task completed > TaskHandler[id: 99; name: writeLargeFile (99); status: COMPLETED; exit: 0; error: -; workDir: /input/data/work/24/d8b3638118cae122d1ad0b152c374c]
Dec-02 19:15:21.016 [Task monitor] DEBUG n.processor.TaskPollingMonitor - Task completed > TaskHandler[id: 61; name: writeLargeFile (61); status: COMPLETED; exit: 0; error: -; workDir: /input/data/work/89/12055452d676bf134c784389ee84a4]
Dec-02 19:15:25.151 [Task monitor] DEBUG n.processor.TaskPollingMonitor - Task completed > TaskHandler[id: 70; name: writeLargeFile (70); status: COMPLETED; exit: 0; error: -; workDir: /input/data/work/af/4aa22579ed69041df479b41ef2ab98]
Dec-02 19:15:29.189 [Task monitor] DEBUG n.processor.TaskPollingMonitor - Task completed > TaskHandler[id: 84; name: writeLargeFile (84); status: COMPLETED; exit: 0; error: -; workDir: /input/data/work/54/9e89a427da34eae3b90b0efa5dcc9a]
Dec-02 19:15:32.026 [Task monitor] DEBUG n.processor.TaskPollingMonitor - !! executor k8s > tasks to be completed: 25 -- submitted tasks are shown below
~> TaskHandler[id: 73; name: writeLargeFile (73); status: RUNNING; exit: -; error: -; workDir: /input/data/work/d4/55fb8d7f0fc311b73d33d2974ee8f6]
~> TaskHandler[id: 69; name: writeLargeFile (69); status: RUNNING; exit: -; error: -; workDir: /input/data/work/3d/9bd7f19f9407e83de68f38ab3d3b5f]
~> TaskHandler[id: 87; name: writeLargeFile (87); status: RUNNING; exit: -; error: -; workDir: /input/data/work/c5/69c876227bcd7a42f4ebd823928330]
~> TaskHandler[id: 78; name: writeLargeFile (78); status: RUNNING; exit: -; error: -; workDir: /input/data/work/59/9a7099c483ac3f7db28f6bd065d17b]
~> TaskHandler[id: 79; name: writeLargeFile (79); status: RUNNING; exit: -; error: -; workDir: /input/data/work/b8/72742cacccc23ef65a078dfd4bb5c4]
~> TaskHandler[id: 86; name: writeLargeFile (86); status: RUNNING; exit: -; error: -; workDir: /input/data/work/25/df8f24f84730a7001049b377ea5a36]
~> TaskHandler[id: 77; name: writeLargeFile (77); status: RUNNING; exit: -; error: -; workDir: /input/data/work/ba/bb1d8c5d05cd6ff0bc680bd9b2bfa8]
~> TaskHandler[id: 75; name: writeLargeFile (75); status: RUNNING; exit: -; error: -; workDir: /input/data/work/7d/0066ba5193b50a0eacc172b678e94b]
~> TaskHandler[id: 71; name: writeLargeFile (71); status: RUNNING; exit: -; error: -; workDir: /input/data/work/b8/7680d4f6bfbab1821269a53c2853e5]
~> TaskHandler[id: 64; name: writeLargeFile (64); status: RUNNING; exit: -; error: -; workDir: /input/data/work/6c/c8f597c2ec3d0796a1c6e067f4f213]
.. remaining tasks omitted.
Dec-02 19:15:42.186 [Task monitor] DEBUG n.processor.TaskPollingMonitor - Task completed > TaskHandler[id: 73; name: writeLargeFile (73); status: COMPLETED; exit: 0; error: -; workDir: /input/data/work/d4/55fb8d7f0fc311b73d33d2974ee8f6]
Dec-02 19:15:42.593 [Task monitor] DEBUG n.processor.TaskPollingMonitor - Task completed > TaskHandler[id: 69; name: writeLargeFile (69); status: COMPLETED; exit: 0; error: -; workDir: /input/data/work/3d/9bd7f19f9407e83de68f38ab3d3b5f]
Dec-02 19:15:43.244 [Task monitor] DEBUG n.processor.TaskPollingMonitor - Task completed > TaskHandler[id: 87; name: writeLargeFile (87); status: COMPLETED; exit: 0; error: -; workDir: /input/data/work/c5/69c876227bcd7a42f4ebd823928330]
Dec-02 19:15:44.126 [Task monitor] DEBUG n.processor.TaskPollingMonitor - Task completed > TaskHandler[id: 78; name: writeLargeFile (78); status: COMPLETED; exit: 0; error: -; workDir: /input/data/work/59/9a7099c483ac3f7db28f6bd065d17b]
Dec-02 19:15:45.043 [Task monitor] DEBUG n.processor.TaskPollingMonitor - Task completed > TaskHandler[id: 79; name: writeLargeFile (79); status: COMPLETED; exit: 0; error: -; workDir: /input/data/work/b8/72742cacccc23ef65a078dfd4bb5c4]
Dec-02 19:15:45.846 [Task monitor] DEBUG n.processor.TaskPollingMonitor - Task completed > TaskHandler[id: 86; name: writeLargeFile (86); status: COMPLETED; exit: 0; error: -; workDir: /input/data/work/25/df8f24f84730a7001049b377ea5a36]
Dec-02 19:15:46.750 [Task monitor] DEBUG n.processor.TaskPollingMonitor - Task completed > TaskHandler[id: 77; name: writeLargeFile (77); status: COMPLETED; exit: 0; error: -; workDir: /input/data/work/ba/bb1d8c5d05cd6ff0bc680bd9b2bfa8]
Dec-02 19:15:47.998 [Task monitor] DEBUG n.processor.TaskPollingMonitor - Task completed > TaskHandler[id: 75; name: writeLargeFile (75); status: COMPLETED; exit: 0; error: -; workDir: /input/data/work/7d/0066ba5193b50a0eacc172b678e94b]
Dec-02 19:15:49.187 [Task monitor] DEBUG n.processor.TaskPollingMonitor - Task completed > TaskHandler[id: 71; name: writeLargeFile (71); status: COMPLETED; exit: 0; error: -; workDir: /input/data/work/b8/7680d4f6bfbab1821269a53c2853e5]
Dec-02 19:16:00.686 [Task monitor] DEBUG n.processor.TaskPollingMonitor - Task completed > TaskHandler[id: 64; name: writeLargeFile (64); status: COMPLETED; exit: 0; error: -; workDir: /input/data/work/6c/c8f597c2ec3d0796a1c6e067f4f213]
Dec-02 19:16:01.732 [Task monitor] DEBUG n.processor.TaskPollingMonitor - Task completed > TaskHandler[id: 80; name: writeLargeFile (80); status: COMPLETED; exit: 0; error: -; workDir: /input/data/work/78/de1ed8654dd556b45a153434d9dd7a]
Dec-02 19:16:02.791 [Task monitor] DEBUG n.processor.TaskPollingMonitor - Task completed > TaskHandler[id: 68; name: writeLargeFile (68); status: COMPLETED; exit: 0; error: -; workDir: /input/data/work/cf/58f0866761b5a6b51d1ddeca35f29d]
Dec-02 19:16:10.316 [Task monitor] DEBUG n.processor.TaskPollingMonitor - Task completed > TaskHandler[id: 81; name: writeLargeFile (81); status: COMPLETED; exit: 0; error: -; workDir: /input/data/work/08/223bb2e985ebeb1e6e0cac73b577bc]
Dec-02 19:16:10.598 [Task monitor] DEBUG n.processor.TaskPollingMonitor - Task completed > TaskHandler[id: 85; name: writeLargeFile (85); status: COMPLETED; exit: 0; error: -; workDir: /input/data/work/e7/d51cc0930938492da36c106296bb43]
Dec-02 19:16:10.885 [Task monitor] DEBUG n.processor.TaskPollingMonitor - Task completed > TaskHandler[id: 65; name: writeLargeFile (65); status: COMPLETED; exit: 0; error: -; workDir: /input/data/work/b4/2fa70463f81df097ffaf511f2f5acb]
Dec-02 19:16:11.174 [Task monitor] DEBUG n.processor.TaskPollingMonitor - Task completed > TaskHandler[id: 82; name: writeLargeFile (82); status: COMPLETED; exit: 0; error: -; workDir: /input/data/work/b5/43c6b07aa627cf263f9b125cb37efa]
Dec-02 19:16:11.469 [Task monitor] DEBUG n.processor.TaskPollingMonitor - Task completed > TaskHandler[id: 83; name: writeLargeFile (83); status: COMPLETED; exit: 0; error: -; workDir: /input/data/work/31/477e9515670348c51d3d88f02134aa]
Dec-02 19:16:11.626 [Task monitor] DEBUG n.processor.TaskPollingMonitor - Task completed > TaskHandler[id: 89; name: writeLargeFile (89); status: COMPLETED; exit: 0; error: -; workDir: /input/data/work/e7/c35f657f7d2a12afe016924d39ca00]
Dec-02 19:16:11.869 [Task monitor] DEBUG n.processor.TaskPollingMonitor - Task completed > TaskHandler[id: 100; name: writeLargeFile (100); status: COMPLETED; exit: 0; error: -; workDir: /input/data/work/d9/b6c4828dfcecae6c5fe6dbf473f0d0]
Dec-02 19:16:15.210 [Task monitor] DEBUG n.processor.TaskPollingMonitor - Task completed > TaskHandler[id: 92; name: writeLargeFile (92); status: COMPLETED; exit: 0; error: -; workDir: /input/data/work/32/c747746d0e6cbfa31b13ff485fbf51]
Dec-02 19:16:15.251 [Task monitor] DEBUG n.processor.TaskPollingMonitor - Task completed > TaskHandler[id: 91; name: writeLargeFile (91); status: COMPLETED; exit: 0; error: -; workDir: /input/data/work/9f/535d6a585a680f04687bf670401437]
Dec-02 19:16:15.288 [Task monitor] DEBUG n.processor.TaskPollingMonitor - Task completed > TaskHandler[id: 93; name: writeLargeFile (93); status: COMPLETED; exit: 0; error: -; workDir: /input/data/work/9c/4f08f9fc2fb4d7701c9784601089be]
Dec-02 19:16:15.326 [Task monitor] DEBUG n.processor.TaskPollingMonitor - Task completed > TaskHandler[id: 97; name: writeLargeFile (97); status: COMPLETED; exit: 0; error: -; workDir: /input/data/work/6b/373a61ef25feaebfec783fb5a2a4c1]
Dec-02 19:16:15.361 [Task monitor] DEBUG n.processor.TaskPollingMonitor - Task completed > TaskHandler[id: 98; name: writeLargeFile (98); status: COMPLETED; exit: 0; error: -; workDir: /input/data/work/0f/82b837d55e304300edbf537db59502]
Dec-02 19:16:15.396 [Task monitor] DEBUG n.processor.TaskPollingMonitor - Task completed > TaskHandler[id: 95; name: writeLargeFile (95); status: COMPLETED; exit: 0; error: -; workDir: /input/data/work/f0/a71ef3fd3c752d51ddefb415673344]
Dec-02 19:16:15.490 [Task submitter] INFO  nextflow.Session - [bc/f66b1d] Submitted process > combineFilesB (26)
Dec-02 19:16:15.545 [Task submitter] INFO  nextflow.Session - [84/092594] Submitted process > combineFilesA (5)
Dec-02 19:16:15.597 [Task submitter] INFO  nextflow.Session - [08/e091de] Submitted process > combineFilesB (6)
Dec-02 19:16:15.643 [Task submitter] INFO  nextflow.Session - [f0/7ab28e] Submitted process > combineFilesB (1)
Dec-02 19:16:15.689 [Task submitter] INFO  nextflow.Session - [fb/2281f0] Submitted process > combineFilesA (24)
Dec-02 19:16:15.736 [Task submitter] INFO  nextflow.Session - [c1/82b29b] Submitted process > combineFilesB (7)
Dec-02 19:16:15.789 [Task submitter] INFO  nextflow.Session - [f4/70e4c3] Submitted process > combineFilesA (1)
Dec-02 19:16:15.836 [Task submitter] INFO  nextflow.Session - [ce/de6001] Submitted process > combineFilesA (25)
Dec-02 19:16:15.884 [Task submitter] INFO  nextflow.Session - [59/495b64] Submitted process > combineFilesA (17)
Dec-02 19:16:15.940 [Task submitter] INFO  nextflow.Session - [94/b3c89d] Submitted process > combineFilesB (2)
Dec-02 19:16:15.991 [Task submitter] INFO  nextflow.Session - [65/fa2ebf] Submitted process > combineFilesB (12)
Dec-02 19:16:16.038 [Task submitter] INFO  nextflow.Session - [47/bf52e4] Submitted process > combineFilesB (15)
Dec-02 19:16:16.082 [Task submitter] INFO  nextflow.Session - [0f/ac66ec] Submitted process > combineFilesB (16)
Dec-02 19:16:16.128 [Task submitter] INFO  nextflow.Session - [de/c5a76b] Submitted process > combineFilesA (28)
Dec-02 19:16:16.171 [Task submitter] INFO  nextflow.Session - [ce/ab0d3e] Submitted process > combineFilesA (4)
Dec-02 19:16:16.221 [Task submitter] INFO  nextflow.Session - [d7/cacf48] Submitted process > combineFilesA (34)
Dec-02 19:16:16.266 [Task submitter] INFO  nextflow.Session - [aa/5ea739] Submitted process > combineFilesA (26)
Dec-02 19:16:16.319 [Task submitter] INFO  nextflow.Session - [ce/24af20] Submitted process > combineFilesA (6)
Dec-02 19:16:16.369 [Task submitter] INFO  nextflow.Session - [33/82f34b] Submitted process > combineFilesA (30)
Dec-02 19:16:16.415 [Task submitter] INFO  nextflow.Session - [d3/2a737b] Submitted process > combineFilesA (9)
Dec-02 19:16:16.460 [Task submitter] INFO  nextflow.Session - [de/3ef2ea] Submitted process > combineFilesA (32)
Dec-02 19:16:16.520 [Task submitter] INFO  nextflow.Session - [88/edb30d] Submitted process > combineFilesA (14)
Dec-02 19:16:16.617 [Task submitter] INFO  nextflow.Session - [66/8f4810] Submitted process > combineFilesB (22)
Dec-02 19:16:16.767 [Task submitter] INFO  nextflow.Session - [29/4536ed] Submitted process > combineFilesB (13)
Dec-02 19:16:16.985 [Task submitter] INFO  nextflow.Session - [29/cc6efc] Submitted process > combineFilesA (8)
Dec-02 19:16:17.263 [Task submitter] INFO  nextflow.Session - [11/7d049a] Submitted process > combineFilesB (21)
Dec-02 19:16:17.765 [Task submitter] INFO  nextflow.Session - [52/a15539] Submitted process > combineFilesA (15)
Dec-02 19:16:18.244 [Task submitter] INFO  nextflow.Session - [cd/02694e] Submitted process > combineFilesA (10)
Dec-02 19:16:18.714 [Task submitter] INFO  nextflow.Session - [d2/bb9a23] Submitted process > combineFilesA (23)
Dec-02 19:16:19.216 [Task submitter] INFO  nextflow.Session - [9b/f93597] Submitted process > combineFilesA (18)
Dec-02 19:16:20.153 [Task submitter] INFO  nextflow.Session - [a6/31a328] Submitted process > combineFilesB (17)
Dec-02 19:16:21.136 [Task submitter] INFO  nextflow.Session - [70/310b69] Submitted process > combineFilesB (18)
Dec-02 19:16:22.066 [Task submitter] INFO  nextflow.Session - [77/50a249] Submitted process > combineFilesA (31)
Dec-02 19:16:23.020 [Task submitter] INFO  nextflow.Session - [53/78eab5] Submitted process > combineFilesB (24)
Dec-02 19:16:24.103 [Task submitter] INFO  nextflow.Session - [dc/976274] Submitted process > combineFilesA (16)
Dec-02 19:16:25.158 [Task submitter] INFO  nextflow.Session - [52/3011cf] Submitted process > combineFilesA (7)
Dec-02 19:16:26.168 [Task submitter] INFO  nextflow.Session - [72/4cc4e9] Submitted process > combineFilesB (14)
Dec-02 19:16:27.120 [Task submitter] INFO  nextflow.Session - [58/868116] Submitted process > combineFilesA (3)
Dec-02 19:16:27.977 [Task submitter] INFO  nextflow.Session - [df/8a225e] Submitted process > combineFilesA (21)
Dec-02 19:16:28.681 [Task submitter] INFO  nextflow.Session - [b1/55f923] Submitted process > combineFilesB (25)
Dec-02 19:16:29.412 [Task submitter] INFO  nextflow.Session - [23/e726b8] Submitted process > combineFilesB (19)
Dec-02 19:16:30.091 [Task submitter] INFO  nextflow.Session - [35/618e2c] Submitted process > combineFilesA (20)
Dec-02 19:16:30.893 [Task submitter] INFO  nextflow.Session - [ee/b24875] Submitted process > combineFilesB (23)
Dec-02 19:16:31.630 [Task submitter] INFO  nextflow.Session - [83/49b00d] Submitted process > combineFilesB (3)
Dec-02 19:16:32.426 [Task submitter] INFO  nextflow.Session - [35/14e373] Submitted process > combineFilesA (2)
Dec-02 19:16:33.106 [Task submitter] INFO  nextflow.Session - [a4/44b925] Submitted process > combineFilesA (11)
Dec-02 19:16:33.830 [Task submitter] INFO  nextflow.Session - [73/15188e] Submitted process > combineFilesA (13)
Dec-02 19:16:34.489 [Task submitter] INFO  nextflow.Session - [26/1d3841] Submitted process > combineFilesB (11)
Dec-02 19:16:35.276 [Task submitter] INFO  nextflow.Session - [b6/13a7f8] Submitted process > combineFilesB (5)
Dec-02 19:16:35.964 [Task submitter] INFO  nextflow.Session - [19/2b148e] Submitted process > combineFilesB (4)
Dec-02 19:16:36.686 [Task submitter] INFO  nextflow.Session - [8f/c19767] Submitted process > combineFilesA (27)
Dec-02 19:16:37.404 [Task submitter] INFO  nextflow.Session - [9a/a31b6c] Submitted process > combineFilesA (19)
Dec-02 19:16:38.145 [Task submitter] INFO  nextflow.Session - [1a/963885] Submitted process > combineFilesB (20)
Dec-02 19:16:38.815 [Task submitter] INFO  nextflow.Session - [df/1459f8] Submitted process > combineFilesB (10)
Dec-02 19:16:39.513 [Task submitter] INFO  nextflow.Session - [fc/598092] Submitted process > combineFilesA (29)
Dec-02 19:16:40.256 [Task submitter] INFO  nextflow.Session - [f8/de88cc] Submitted process > combineFilesA (12)
Dec-02 19:16:40.971 [Task submitter] INFO  nextflow.Session - [67/6c5c41] Submitted process > combineFilesB (9)
Dec-02 19:16:41.660 [Task submitter] INFO  nextflow.Session - [f2/009696] Submitted process > combineFilesA (33)
Dec-02 19:16:42.365 [Task submitter] INFO  nextflow.Session - [6d/a18a74] Submitted process > combineFilesB (8)
Dec-02 19:16:43.067 [Task submitter] INFO  nextflow.Session - [1a/e99477] Submitted process > combineFilesA (22)
Dec-02 19:18:00.702 [Task monitor] DEBUG n.processor.TaskPollingMonitor - Task completed > TaskHandler[id: 151; name: combineFilesB (26); status: COMPLETED; exit: 0; error: -; workDir: /input/data/work/bc/f66b1db78e5d25ef99bafcba7d9627]
Dec-02 19:20:16.264 [Task monitor] DEBUG n.processor.TaskPollingMonitor - Task completed > TaskHandler[id: 111; name: combineFilesA (6); status: COMPLETED; exit: 0; error: -; workDir: /input/data/work/ce/24af206193b95b04abb8f8dbd44f40]
Dec-02 19:20:18.239 [Task monitor] DEBUG n.processor.TaskPollingMonitor - Task completed > TaskHandler[id: 116; name: combineFilesA (9); status: COMPLETED; exit: 0; error: -; workDir: /input/data/work/d3/2a737b301e8d653a3e6a2b4a78a9e3]
Dec-02 19:20:35.273 [Task monitor] DEBUG n.processor.TaskPollingMonitor - !! executor k8s > tasks to be completed: 57 -- submitted tasks are shown below
~> TaskHandler[id: 109; name: combineFilesA (5); status: RUNNING; exit: -; error: -; workDir: /input/data/work/84/092594655bdc2cbcd9f9681bda867f]
~> TaskHandler[id: 112; name: combineFilesB (6); status: RUNNING; exit: -; error: -; workDir: /input/data/work/08/e091de2d7065821f6c4515a87c7443]
~> TaskHandler[id: 102; name: combineFilesB (1); status: RUNNING; exit: -; error: -; workDir: /input/data/work/f0/7ab28e8afa2f06eeca294b78ab7631]
~> TaskHandler[id: 149; name: combineFilesA (24); status: RUNNING; exit: -; error: -; workDir: /input/data/work/fb/2281f0507b558c7563087f075e29bf]
~> TaskHandler[id: 114; name: combineFilesB (7); status: RUNNING; exit: -; error: -; workDir: /input/data/work/c1/82b29be4dd35e8671a642bda74a9df]
~> TaskHandler[id: 101; name: combineFilesA (1); status: RUNNING; exit: -; error: -; workDir: /input/data/work/f4/70e4c3a75beb24af0a675da4ee7184]
~> TaskHandler[id: 150; name: combineFilesA (25); status: RUNNING; exit: -; error: -; workDir: /input/data/work/ce/de60012921b52f9bd860df8b320bc4]
~> TaskHandler[id: 131; name: combineFilesA (17); status: RUNNING; exit: -; error: -; workDir: /input/data/work/59/495b64b9dab69308bb46d9be8e255c]
~> TaskHandler[id: 103; name: combineFilesB (2); status: RUNNING; exit: -; error: -; workDir: /input/data/work/94/b3c89d796463639e8fd97106664ac7]
~> TaskHandler[id: 125; name: combineFilesB (12); status: RUNNING; exit: -; error: -; workDir: /input/data/work/65/fa2ebff8069f1179a2ee91488914a9]
.. remaining tasks omitted.
Dec-02 19:20:57.048 [Task monitor] DEBUG n.processor.TaskPollingMonitor - Task completed > TaskHandler[id: 114; name: combineFilesB (7); status: COMPLETED; exit: 0; error: -; workDir: /input/data/work/c1/82b29be4dd35e8671a642bda74a9df]
Dec-02 19:22:02.373 [Task monitor] DEBUG n.processor.TaskPollingMonitor - Task completed > TaskHandler[id: 156; name: combineFilesA (30); status: COMPLETED; exit: 0; error: -; workDir: /input/data/work/33/82f34bb44403742ce03755505fb8f2]
Dec-02 19:22:21.533 [Task monitor] DEBUG n.processor.TaskPollingMonitor - Task completed > TaskHandler[id: 112; name: combineFilesB (6); status: COMPLETED; exit: 0; error: -; workDir: /input/data/work/08/e091de2d7065821f6c4515a87c7443]
Dec-02 19:23:16.224 [Task monitor] DEBUG n.processor.TaskPollingMonitor - Task completed > TaskHandler[id: 150; name: combineFilesA (25); status: COMPLETED; exit: 0; error: -; workDir: /input/data/work/ce/de60012921b52f9bd860df8b320bc4]
Dec-02 19:23:17.380 [Task monitor] DEBUG n.processor.TaskPollingMonitor - Task completed > TaskHandler[id: 160; name: combineFilesA (34); status: COMPLETED; exit: 0; error: -; workDir: /input/data/work/d7/cacf48d20e471e7b091cd8edd0a172]
Dec-02 19:23:20.852 [Task monitor] DEBUG n.processor.TaskPollingMonitor - Task completed > TaskHandler[id: 101; name: combineFilesA (1); status: COMPLETED; exit: 0; error: -; workDir: /input/data/work/f4/70e4c3a75beb24af0a675da4ee7184]
Dec-02 19:23:21.491 [Task monitor] DEBUG n.processor.TaskPollingMonitor - Task completed > TaskHandler[id: 107; name: combineFilesA (4); status: COMPLETED; exit: 0; error: -; workDir: /input/data/work/ce/ab0d3e9f98413ec6095deaff5407f3]
Dec-02 19:23:22.031 [Task monitor] DEBUG n.processor.TaskPollingMonitor - Task completed > TaskHandler[id: 128; name: combineFilesB (13); status: COMPLETED; exit: 0; error: -; workDir: /input/data/work/29/4536ed5d031e1d3e1d21840a3799a8]
Dec-02 19:23:58.483 [Task monitor] DEBUG n.processor.TaskPollingMonitor - Task completed > TaskHandler[id: 154; name: combineFilesA (28); status: COMPLETED; exit: 0; error: -; workDir: /input/data/work/de/c5a76ba8bc24b53c42275a807945ed]
Dec-02 19:24:07.458 [Task monitor] DEBUG n.processor.TaskPollingMonitor - Task completed > TaskHandler[id: 143; name: combineFilesB (22); status: COMPLETED; exit: 0; error: -; workDir: /input/data/work/66/8f48103b0876c53435b43db3842ad7]
Dec-02 19:24:12.874 [Task monitor] DEBUG n.processor.TaskPollingMonitor - Task completed > TaskHandler[id: 103; name: combineFilesB (2); status: COMPLETED; exit: 0; error: -; workDir: /input/data/work/94/b3c89d796463639e8fd97106664ac7]
Dec-02 19:24:17.096 [Task monitor] DEBUG n.processor.TaskPollingMonitor - Task completed > TaskHandler[id: 109; name: combineFilesA (5); status: COMPLETED; exit: 0; error: -; workDir: /input/data/work/84/092594655bdc2cbcd9f9681bda867f]
Dec-02 19:24:19.369 [Task monitor] DEBUG n.processor.TaskPollingMonitor - Task completed > TaskHandler[id: 102; name: combineFilesB (1); status: COMPLETED; exit: 0; error: -; workDir: /input/data/work/f0/7ab28e8afa2f06eeca294b78ab7631]
Dec-02 19:24:22.201 [Task monitor] DEBUG n.processor.TaskPollingMonitor - Task completed > TaskHandler[id: 131; name: combineFilesA (17); status: COMPLETED; exit: 0; error: -; workDir: /input/data/work/59/495b64b9dab69308bb46d9be8e255c]
Dec-02 19:24:24.547 [Task monitor] DEBUG n.processor.TaskPollingMonitor - Task completed > TaskHandler[id: 125; name: combineFilesB (12); status: COMPLETED; exit: 0; error: -; workDir: /input/data/work/65/fa2ebff8069f1179a2ee91488914a9]
Dec-02 19:24:26.556 [Task monitor] DEBUG n.processor.TaskPollingMonitor - Task completed > TaskHandler[id: 133; name: combineFilesB (16); status: COMPLETED; exit: 0; error: -; workDir: /input/data/work/0f/ac66ec76e8680525f9baac031c6385]
Dec-02 19:24:28.553 [Task monitor] DEBUG n.processor.TaskPollingMonitor - Task completed > TaskHandler[id: 152; name: combineFilesA (26); status: COMPLETED; exit: 0; error: -; workDir: /input/data/work/aa/5ea7396bccc19a5c79543aad7b15b8]
Dec-02 19:24:32.244 [Task monitor] DEBUG n.processor.TaskPollingMonitor - Task completed > TaskHandler[id: 126; name: combineFilesA (14); status: COMPLETED; exit: 0; error: -; workDir: /input/data/work/88/edb30dcd36ca113bf357ae107015ba]
Dec-02 19:24:35.534 [Task monitor] DEBUG n.processor.TaskPollingMonitor - Task completed > TaskHandler[id: 149; name: combineFilesA (24); status: COMPLETED; exit: 0; error: -; workDir: /input/data/work/fb/2281f0507b558c7563087f075e29bf]
Dec-02 19:24:37.840 [Task monitor] DEBUG n.processor.TaskPollingMonitor - Task completed > TaskHandler[id: 158; name: combineFilesA (32); status: COMPLETED; exit: 0; error: -; workDir: /input/data/work/de/3ef2ea76fb7155c0eb2eca62f4b862]
Dec-02 19:25:36.472 [Task monitor] DEBUG n.processor.TaskPollingMonitor - Task completed > TaskHandler[id: 132; name: combineFilesB (15); status: COMPLETED; exit: 0; error: -; workDir: /input/data/work/47/bf52e40e7c80b824c405c691f35f09]
Dec-02 19:25:39.911 [Task monitor] DEBUG n.processor.TaskPollingMonitor - !! executor k8s > tasks to be completed: 36 -- submitted tasks are shown below
~> TaskHandler[id: 115; name: combineFilesA (8); status: SUBMITTED; exit: -; error: -; workDir: /input/data/work/29/cc6efc213dc6f610b40251d1b09892]
~> TaskHandler[id: 142; name: combineFilesB (21); status: RUNNING; exit: -; error: -; workDir: /input/data/work/11/7d049a0a8dd32d7edc9eccd022253f]
~> TaskHandler[id: 127; name: combineFilesA (15); status: RUNNING; exit: -; error: -; workDir: /input/data/work/52/a15539e350d4e19b8632194392b2c9]
~> TaskHandler[id: 118; name: combineFilesA (10); status: SUBMITTED; exit: -; error: -; workDir: /input/data/work/cd/02694e1dbc760c0a35068e1ec6139e]
~> TaskHandler[id: 147; name: combineFilesA (23); status: SUBMITTED; exit: -; error: -; workDir: /input/data/work/d2/bb9a23278014ecd2b552a129c9e6b1]
~> TaskHandler[id: 135; name: combineFilesA (18); status: SUBMITTED; exit: -; error: -; workDir: /input/data/work/9b/f9359774989ea17593ccc84d1d4b85]
~> TaskHandler[id: 134; name: combineFilesB (17); status: RUNNING; exit: -; error: -; workDir: /input/data/work/a6/31a32832b36676a2b4ddb7c6c11f55]
~> TaskHandler[id: 136; name: combineFilesB (18); status: RUNNING; exit: -; error: -; workDir: /input/data/work/70/310b69f31720fa6076c192848aa4c2]
~> TaskHandler[id: 157; name: combineFilesA (31); status: RUNNING; exit: -; error: -; workDir: /input/data/work/77/50a249596206d08816a41f1da9b001]
~> TaskHandler[id: 146; name: combineFilesB (24); status: RUNNING; exit: -; error: -; workDir: /input/data/work/53/78eab57dc1bcd1e840cc8e0450b12c]
.. remaining tasks omitted.
Dec-02 19:26:47.010 [Task monitor] DEBUG n.processor.TaskPollingMonitor - Task completed > TaskHandler[id: 121; name: combineFilesB (10); status: COMPLETED; exit: 0; error: -; workDir: /input/data/work/df/1459f8a112356bd077661550b27ec6]
Dec-02 19:26:51.279 [Task monitor] DEBUG n.processor.TaskPollingMonitor - Task completed > TaskHandler[id: 146; name: combineFilesB (24); status: COMPLETED; exit: 0; error: -; workDir: /input/data/work/53/78eab57dc1bcd1e840cc8e0450b12c]
Dec-02 19:28:16.159 [Task monitor] DEBUG n.processor.TaskPollingMonitor - Task completed > TaskHandler[id: 123; name: combineFilesB (11); status: COMPLETED; exit: 0; error: -; workDir: /input/data/work/26/1d3841a57b0b075e63105d8d6fc925]
Dec-02 19:28:20.944 [Task monitor] DEBUG n.processor.TaskPollingMonitor - Task completed > TaskHandler[id: 157; name: combineFilesA (31); status: COMPLETED; exit: 0; error: -; workDir: /input/data/work/77/50a249596206d08816a41f1da9b001]
Dec-02 19:29:41.237 [Task monitor] DEBUG n.processor.TaskPollingMonitor - Task completed > TaskHandler[id: 142; name: combineFilesB (21); status: COMPLETED; exit: 0; error: -; workDir: /input/data/work/11/7d049a0a8dd32d7edc9eccd022253f]
Dec-02 19:30:01.204 [Task monitor] DEBUG n.processor.TaskPollingMonitor - Task completed > TaskHandler[id: 106; name: combineFilesA (3); status: COMPLETED; exit: 0; error: -; workDir: /input/data/work/58/8681169724ed1106e146bba4c54615]
Dec-02 19:30:39.921 [Task monitor] DEBUG n.processor.TaskPollingMonitor - !! executor k8s > tasks to be completed: 30 -- submitted tasks are shown below
~> TaskHandler[id: 115; name: combineFilesA (8); status: SUBMITTED; exit: -; error: -; workDir: /input/data/work/29/cc6efc213dc6f610b40251d1b09892]
~> TaskHandler[id: 127; name: combineFilesA (15); status: RUNNING; exit: -; error: -; workDir: /input/data/work/52/a15539e350d4e19b8632194392b2c9]
~> TaskHandler[id: 118; name: combineFilesA (10); status: RUNNING; exit: -; error: -; workDir: /input/data/work/cd/02694e1dbc760c0a35068e1ec6139e]
~> TaskHandler[id: 147; name: combineFilesA (23); status: SUBMITTED; exit: -; error: -; workDir: /input/data/work/d2/bb9a23278014ecd2b552a129c9e6b1]
~> TaskHandler[id: 135; name: combineFilesA (18); status: RUNNING; exit: -; error: -; workDir: /input/data/work/9b/f9359774989ea17593ccc84d1d4b85]
~> TaskHandler[id: 134; name: combineFilesB (17); status: RUNNING; exit: -; error: -; workDir: /input/data/work/a6/31a32832b36676a2b4ddb7c6c11f55]
~> TaskHandler[id: 136; name: combineFilesB (18); status: RUNNING; exit: -; error: -; workDir: /input/data/work/70/310b69f31720fa6076c192848aa4c2]
~> TaskHandler[id: 129; name: combineFilesA (16); status: SUBMITTED; exit: -; error: -; workDir: /input/data/work/dc/976274d0e9311fa7394990f38a7c80]
~> TaskHandler[id: 113; name: combineFilesA (7); status: RUNNING; exit: -; error: -; workDir: /input/data/work/52/3011cf1c5303759d781375dc5acac3]
~> TaskHandler[id: 130; name: combineFilesB (14); status: RUNNING; exit: -; error: -; workDir: /input/data/work/72/4cc4e94572a0f7b5b58cb6fae30b83]
.. remaining tasks omitted.
Dec-02 19:30:47.370 [Task monitor] DEBUG n.processor.TaskPollingMonitor - Task completed > TaskHandler[id: 134; name: combineFilesB (17); status: COMPLETED; exit: 0; error: -; workDir: /input/data/work/a6/31a32832b36676a2b4ddb7c6c11f55]
Dec-02 19:30:52.236 [Task monitor] DEBUG n.processor.TaskPollingMonitor - Task completed > TaskHandler[id: 104; name: combineFilesA (2); status: COMPLETED; exit: 0; error: -; workDir: /input/data/work/35/14e373a678355b51114a668d322bad]
Dec-02 19:30:56.737 [Task monitor] DEBUG n.processor.TaskPollingMonitor - Task completed > TaskHandler[id: 140; name: combineFilesB (20); status: COMPLETED; exit: 0; error: -; workDir: /input/data/work/1a/9638853ea9a5c9942d11429a2b519c]
Dec-02 19:31:10.502 [Task monitor] DEBUG n.processor.TaskPollingMonitor - Task completed > TaskHandler[id: 119; name: combineFilesB (9); status: COMPLETED; exit: 0; error: -; workDir: /input/data/work/67/6c5c4129e1ec09a91d4adb8888ea46]
Dec-02 19:31:14.943 [Task monitor] DEBUG n.processor.TaskPollingMonitor - Task completed > TaskHandler[id: 117; name: combineFilesB (8); status: COMPLETED; exit: 0; error: -; workDir: /input/data/work/6d/a18a74ce9d7641796968e150a9a414]
Dec-02 19:31:30.007 [Task monitor] DEBUG n.processor.TaskPollingMonitor - Task completed > TaskHandler[id: 127; name: combineFilesA (15); status: COMPLETED; exit: 0; error: -; workDir: /input/data/work/52/a15539e350d4e19b8632194392b2c9]
Dec-02 19:31:34.400 [Task monitor] DEBUG n.processor.TaskPollingMonitor - Task completed > TaskHandler[id: 137; name: combineFilesA (19); status: COMPLETED; exit: 0; error: -; workDir: /input/data/work/9a/a31b6c637da5c5b13073cde944c49d]
Dec-02 19:32:05.965 [Task monitor] DEBUG n.processor.TaskPollingMonitor - Task completed > TaskHandler[id: 148; name: combineFilesB (25); status: COMPLETED; exit: 0; error: -; workDir: /input/data/work/b1/55f9239e96e22129bffff72e36ba76]
Dec-02 19:32:13.927 [Task monitor] DEBUG n.processor.TaskPollingMonitor - Task completed > TaskHandler[id: 108; name: combineFilesB (4); status: COMPLETED; exit: 0; error: -; workDir: /input/data/work/19/2b148e769d59968c6f4b379ace9277]
Dec-02 19:32:34.054 [Task monitor] DEBUG n.processor.TaskPollingMonitor - Task completed > TaskHandler[id: 120; name: combineFilesA (11); status: COMPLETED; exit: 0; error: -; workDir: /input/data/work/a4/44b92519af60ddf1c34ff4345468b2]
Dec-02 19:32:37.222 [Task monitor] DEBUG n.processor.TaskPollingMonitor - Task completed > TaskHandler[id: 124; name: combineFilesA (13); status: COMPLETED; exit: 0; error: -; workDir: /input/data/work/73/15188e856f9691b37a8a0b5ad3b0e1]
Dec-02 19:32:38.620 [Task monitor] DEBUG n.processor.TaskPollingMonitor - Task completed > TaskHandler[id: 153; name: combineFilesA (27); status: COMPLETED; exit: 0; error: -; workDir: /input/data/work/8f/c197671869fa3c5cfd776007fc048b]
Dec-02 19:32:50.388 [Task monitor] DEBUG n.processor.TaskPollingMonitor - Task completed > TaskHandler[id: 113; name: combineFilesA (7); status: COMPLETED; exit: 0; error: -; workDir: /input/data/work/52/3011cf1c5303759d781375dc5acac3]
Dec-02 19:32:56.592 [Task monitor] DEBUG n.processor.TaskPollingMonitor - Task completed > TaskHandler[id: 139; name: combineFilesB (19); status: COMPLETED; exit: 0; error: -; workDir: /input/data/work/23/e726b86e207b3bdaa0811dd2eed8c4]
Dec-02 19:33:02.196 [Task monitor] DEBUG n.processor.TaskPollingMonitor - Task completed > TaskHandler[id: 145; name: combineFilesB (23); status: COMPLETED; exit: 0; error: -; workDir: /input/data/work/ee/b24875fd7c66325385b9850bebf412]
Dec-02 19:33:26.093 [Task monitor] DEBUG n.processor.TaskPollingMonitor - Task completed > TaskHandler[id: 159; name: combineFilesA (33); status: COMPLETED; exit: 0; error: -; workDir: /input/data/work/f2/0096961c57df2de0212bb50394b52d]
Dec-02 19:33:30.644 [Task monitor] DEBUG n.processor.TaskPollingMonitor - Task completed > TaskHandler[id: 118; name: combineFilesA (10); status: COMPLETED; exit: 0; error: -; workDir: /input/data/work/cd/02694e1dbc760c0a35068e1ec6139e]
Dec-02 19:33:55.756 [Task monitor] DEBUG n.processor.TaskPollingMonitor - Task completed > TaskHandler[id: 147; name: combineFilesA (23); status: COMPLETED; exit: 0; error: -; workDir: /input/data/work/d2/bb9a23278014ecd2b552a129c9e6b1]
Dec-02 19:33:56.947 [Task monitor] DEBUG n.processor.TaskPollingMonitor - Task completed > TaskHandler[id: 136; name: combineFilesB (18); status: COMPLETED; exit: 0; error: -; workDir: /input/data/work/70/310b69f31720fa6076c192848aa4c2]
Dec-02 19:33:58.195 [Task monitor] DEBUG n.processor.TaskPollingMonitor - Task completed > TaskHandler[id: 130; name: combineFilesB (14); status: COMPLETED; exit: 0; error: -; workDir: /input/data/work/72/4cc4e94572a0f7b5b58cb6fae30b83]
Dec-02 19:34:45.244 [Task monitor] DEBUG n.processor.TaskPollingMonitor - Task completed > TaskHandler[id: 110; name: combineFilesB (5); status: COMPLETED; exit: 0; error: -; workDir: /input/data/work/b6/13a7f8ee4860364633f4084fbf2ca6]
Dec-02 19:34:50.252 [Task monitor] DEBUG n.processor.TaskPollingMonitor - Task completed > TaskHandler[id: 141; name: combineFilesA (21); status: COMPLETED; exit: 0; error: -; workDir: /input/data/work/df/8a225e412ad6c533331d66dbd0dd88]
Dec-02 19:34:55.230 [Task monitor] DEBUG n.processor.TaskPollingMonitor - Task completed > TaskHandler[id: 105; name: combineFilesB (3); status: COMPLETED; exit: 0; error: -; workDir: /input/data/work/83/49b00db5c325161c6d2bced0c24ffe]
Dec-02 19:35:20.235 [Task monitor] DEBUG n.processor.TaskPollingMonitor - Task completed > TaskHandler[id: 129; name: combineFilesA (16); status: COMPLETED; exit: 0; error: -; workDir: /input/data/work/dc/976274d0e9311fa7394990f38a7c80]
Dec-02 19:35:35.249 [Task monitor] DEBUG n.processor.TaskPollingMonitor - Task completed > TaskHandler[id: 115; name: combineFilesA (8); status: COMPLETED; exit: 0; error: -; workDir: /input/data/work/29/cc6efc213dc6f610b40251d1b09892]
Dec-02 19:35:35.503 [Task monitor] DEBUG n.processor.TaskPollingMonitor - Task completed > TaskHandler[id: 138; name: combineFilesA (20); status: COMPLETED; exit: 0; error: -; workDir: /input/data/work/35/618e2c6581a34c6c4fe08b19f1b380]
Dec-02 19:35:40.108 [Task monitor] DEBUG n.processor.TaskPollingMonitor - !! executor k8s > tasks to be completed: 4 -- submitted tasks are shown below
~> TaskHandler[id: 135; name: combineFilesA (18); status: RUNNING; exit: -; error: -; workDir: /input/data/work/9b/f9359774989ea17593ccc84d1d4b85]
~> TaskHandler[id: 155; name: combineFilesA (29); status: RUNNING; exit: -; error: -; workDir: /input/data/work/fc/5980927ec24494b9d578efdc15f914]
~> TaskHandler[id: 122; name: combineFilesA (12); status: RUNNING; exit: -; error: -; workDir: /input/data/work/f8/de88cc0406e9475ab758a317bcc59c]
~> TaskHandler[id: 144; name: combineFilesA (22); status: RUNNING; exit: -; error: -; workDir: /input/data/work/1a/e99477e82f7249d375afc594375b92]
Dec-02 19:35:40.155 [Task monitor] DEBUG n.processor.TaskPollingMonitor - Task completed > TaskHandler[id: 135; name: combineFilesA (18); status: COMPLETED; exit: 0; error: -; workDir: /input/data/work/9b/f9359774989ea17593ccc84d1d4b85]
Dec-02 19:35:40.193 [Task monitor] DEBUG n.processor.TaskPollingMonitor - Task completed > TaskHandler[id: 155; name: combineFilesA (29); status: COMPLETED; exit: 0; error: -; workDir: /input/data/work/fc/5980927ec24494b9d578efdc15f914]
Dec-02 19:35:40.232 [Task monitor] DEBUG n.processor.TaskPollingMonitor - Task completed > TaskHandler[id: 122; name: combineFilesA (12); status: COMPLETED; exit: 0; error: -; workDir: /input/data/work/f8/de88cc0406e9475ab758a317bcc59c]
Dec-02 19:35:40.271 [Task monitor] DEBUG n.processor.TaskPollingMonitor - Task completed > TaskHandler[id: 144; name: combineFilesA (22); status: COMPLETED; exit: 0; error: -; workDir: /input/data/work/1a/e99477e82f7249d375afc594375b92]
Dec-02 19:35:40.272 [main] DEBUG nextflow.Session - Session await > all processes finished
Dec-02 19:35:40.274 [main] DEBUG nextflow.Session - Session await > all barriers passed
Dec-02 19:35:40.289 [main] DEBUG n.trace.WorkflowStatsObserver - Workflow completed > WorkflowStats[succeededCount=160; failedCount=0; ignoredCount=0; cachedCount=0; pendingCount=0; submittedCount=0; runningCount=0; retriesCount=0; abortedCount=0; succeedDuration=2d 1h 16m 52s; failedDuration=0ms; cachedDuration=0ms;loadCpus=0; loadMemory=0; peakRunning=29; peakCpus=290; peakMemory=494.1 GB; ]
Dec-02 19:35:40.289 [main] DEBUG nextflow.trace.TraceFileObserver - Workflow completed -- saving trace file
Dec-02 19:35:40.298 [main] DEBUG nextflow.trace.ReportObserver - Workflow completed -- rendering execution report
Dec-02 19:35:40.939 [main] DEBUG nextflow.trace.TimelineObserver - Workflow completed -- rendering execution timeline
Dec-02 19:35:41.125 [main] DEBUG nextflow.cache.CacheDB - Closing CacheDB done
Dec-02 19:35:41.156 [main] DEBUG nextflow.util.ThreadPoolManager - Thread pool 'FileTransfer' shutdown completed (hard=false)
Dec-02 19:35:41.156 [main] DEBUG nextflow.script.ScriptRunner - > Execution complete -- Goodbye
