Jan-11 07:33:41.666 [main] DEBUG nextflow.cli.Launcher - $> nextflow run /input/Synthetic_Seismology_200 -c /experiments/experiment/Synthetic_Seismology_200/nextflow.config -c /experiments/experiment/nextflow_la.config -c /experiments/experiment/nextflow_ceph.config
Jan-11 07:33:41.724 [main] INFO  nextflow.cli.CmdRun - N E X T F L O W  ~  version 23.07.0-edge
Jan-11 07:33:41.745 [main] DEBUG nextflow.plugin.PluginsFacade - Setting up plugin manager > mode=prod; embedded=false; plugins-dir=/.nextflow/plugins; core-plugins: nf-amazon@2.1.0,nf-azure@1.1.4,nf-cloudcache@0.1.0,nf-codecommit@0.1.5,nf-console@1.0.6,nf-ga4gh@1.1.0,nf-google@1.8.1,nf-tower@1.5.15,nf-wave@0.11.0
Jan-11 07:33:41.754 [main] INFO  o.pf4j.DefaultPluginStatusProvider - Enabled plugins: []
Jan-11 07:33:41.755 [main] INFO  o.pf4j.DefaultPluginStatusProvider - Disabled plugins: []
Jan-11 07:33:41.758 [main] INFO  org.pf4j.DefaultPluginManager - PF4J version 3.4.1 in 'deployment' mode
Jan-11 07:33:41.765 [main] INFO  org.pf4j.AbstractPluginManager - No plugins
Jan-11 07:33:41.784 [main] DEBUG nextflow.scm.AssetManager - Project manifest does not exist: /input/Synthetic_Seismology_200/nextflow.config (No such file or directory)
Jan-11 07:33:41.810 [main] DEBUG nextflow.config.ConfigBuilder - User config file: /experiments/experiment/Synthetic_Seismology_200/nextflow.config
Jan-11 07:33:41.811 [main] DEBUG nextflow.config.ConfigBuilder - User config file: /experiments/experiment/nextflow_la.config
Jan-11 07:33:41.811 [main] DEBUG nextflow.config.ConfigBuilder - User config file: /experiments/experiment/nextflow_ceph.config
Jan-11 07:33:41.812 [main] DEBUG nextflow.config.ConfigBuilder - Parsing config file: /experiments/experiment/Synthetic_Seismology_200/nextflow.config
Jan-11 07:33:41.812 [main] DEBUG nextflow.config.ConfigBuilder - Parsing config file: /experiments/experiment/nextflow_la.config
Jan-11 07:33:41.812 [main] DEBUG nextflow.config.ConfigBuilder - Parsing config file: /experiments/experiment/nextflow_ceph.config
Jan-11 07:33:41.827 [main] DEBUG nextflow.config.ConfigBuilder - Applying config profile: `standard`
Jan-11 07:33:42.307 [main] DEBUG nextflow.config.ConfigBuilder - Applying config profile: `standard`
Jan-11 07:33:42.474 [main] DEBUG nextflow.config.ConfigBuilder - Applying config profile: `standard`
Jan-11 07:33:42.502 [main] DEBUG nextflow.cli.CmdRun - Applied DSL=2 by global default
Jan-11 07:33:42.517 [main] INFO  nextflow.cli.CmdRun - Launching `/input/Synthetic_Seismology_200/main.nf` [happy_edison] DSL2 - revision: dd15ecfdbc
Jan-11 07:33:42.518 [main] DEBUG nextflow.plugin.PluginsFacade - Plugins default=[]
Jan-11 07:33:42.518 [main] DEBUG nextflow.plugin.PluginsFacade - Plugins resolved requirement=[]
Jan-11 07:33:42.524 [main] DEBUG n.secret.LocalSecretsProvider - Secrets store: /.nextflow/secrets/store.json
Jan-11 07:33:42.527 [main] DEBUG nextflow.secret.SecretsLoader - Discovered secrets providers: [nextflow.secret.LocalSecretsProvider@44065156] - activable => nextflow.secret.LocalSecretsProvider@44065156
Jan-11 07:33:42.582 [main] DEBUG nextflow.Session - Session UUID: 28d93e56-3052-4c61-8bb9-a6dcad5afa8c
Jan-11 07:33:42.583 [main] DEBUG nextflow.Session - Run name: happy_edison
Jan-11 07:33:42.584 [main] DEBUG nextflow.Session - Executor pool size: 32
Jan-11 07:33:42.589 [main] DEBUG nextflow.file.FilePorter - File porter settings maxRetries=3; maxTransfers=50; pollTimeout=null
Jan-11 07:33:42.592 [main] DEBUG nextflow.util.ThreadPoolBuilder - Creating thread pool 'FileTransfer' minSize=10; maxSize=96; workQueue=LinkedBlockingQueue[10000]; allowCoreThreadTimeout=false
Jan-11 07:33:42.617 [main] DEBUG nextflow.cli.CmdRun - 
  Version: 23.07.0-edge build 5875
  Created: 28-07-2023 20:27 UTC (20:27 GMT)
  System: Linux 5.4.0-169-generic
  Runtime: Groovy 3.0.18 on OpenJDK 64-Bit Server VM 17.0.6+10-LTS
  Encoding: UTF-8 (UTF-8)
  Process: 280058@nextflow [10.233.76.29]
  CPUs: 32 - Mem: 125.7 GB (100.3 GB) - Swap: 0 (0)
Jan-11 07:33:42.644 [main] DEBUG nextflow.Session - Work-dir: /input/data/work [ceph]
Jan-11 07:33:42.644 [main] DEBUG nextflow.Session - Script base path does not exist or is not a directory: /input/Synthetic_Seismology_200/bin
Jan-11 07:33:42.655 [main] DEBUG nextflow.executor.ExecutorFactory - Extension executors providers=[]
Jan-11 07:33:42.663 [main] DEBUG nextflow.Session - Observer factory: DefaultObserverFactory
Jan-11 07:33:42.696 [main] DEBUG nextflow.cache.CacheFactory - Using Nextflow cache factory: nextflow.cache.DefaultCacheFactory
Jan-11 07:33:42.704 [main] DEBUG nextflow.util.CustomThreadPool - Creating default thread pool > poolSize: 33; maxThreads: 1000
Jan-11 07:33:42.800 [main] DEBUG nextflow.Session - Session start
Jan-11 07:33:42.805 [main] DEBUG nextflow.trace.TraceFileObserver - Workflow started -- trace file: /input/data/output/trace.csv
Jan-11 07:33:43.129 [main] DEBUG nextflow.script.ScriptRunner - > Launching execution
Jan-11 07:33:43.260 [main] DEBUG nextflow.script.ProcessConfig - Config settings `withName:task_sG1IterDecon` matches process task_sG1IterDecon
Jan-11 07:33:43.269 [main] DEBUG nextflow.executor.ExecutorFactory - << taskConfig executor: k8s
Jan-11 07:33:43.269 [main] DEBUG nextflow.executor.ExecutorFactory - >> processorType: 'k8s'
Jan-11 07:33:43.277 [main] DEBUG nextflow.executor.Executor - [warm up] executor > k8s
Jan-11 07:33:43.295 [main] DEBUG n.processor.TaskPollingMonitor - Creating task monitor for executor 'k8s' > capacity: 300; pollInterval: 5s; dumpInterval: 5m; schedulerBatch: null
Jan-11 07:33:43.300 [main] DEBUG nextflow.k8s.client.ConfigDiscovery - K8s config file does not exist: /root/.kube/config
Jan-11 07:33:43.311 [main] DEBUG nextflow.k8s.K8sExecutor - [K8s] config=[localPath:/localdata, localStorageMountPath:/localdata, scheduler:[strategy:LAv2, name:workflow-scheduler, autoClose:false, nodeSelector:usedby=anonymized, container:anonymized/test1:sch_v194], storage:[type:copy, workdir:/localdata/localwork/, nodeSelector:usedby=anonymized, imageName:anonymized/test1:ftp_v122], debug:[yaml:true], namespace:anonymized, serviceAccount:nextflow, workDir:/input/data/work/, projectDir:/input/data/project/, imagePullPolicy:IfNotPresent, launchDir:/input/data/launch/, runAsUser:0, fetchNodeName:true, storageMountPath:/input, pod:[nodeSelector:usedby=anonymized], storageClaimName:ceph-data]; API client config=ClientConfig[ server=10.233.0.1:443, namespace=anonymized, serviceAccount=nextflow, token=eyJhbGciOiJ.., sslCert=LS0tLS1CRUd.., clientCert=-, clientKey=-, verifySsl=false, fromFile=true, httpReadTimeout=null, httpConnectTimeout=null, maxErrorRetry=4 ]
Jan-11 07:33:43.773 [main] DEBUG nextflow.k8s.K8sExecutor - Created K8s configMap with name: nf-get-stat-41cac373
Jan-11 07:33:47.534 [main] DEBUG nextflow.script.ProcessConfig - Config settings `withName:task_wrapper_siftSTFByMisfit` matches process task_wrapper_siftSTFByMisfit
Jan-11 07:33:47.536 [main] DEBUG nextflow.executor.ExecutorFactory - << taskConfig executor: k8s
Jan-11 07:33:47.536 [main] DEBUG nextflow.executor.ExecutorFactory - >> processorType: 'k8s'
Jan-11 07:33:47.549 [main] DEBUG nextflow.Session - Workflow process names [dsl2]: task_sG1IterDecon, task_wrapper_siftSTFByMisfit
Jan-11 07:33:47.551 [main] DEBUG nextflow.Session - Igniting dataflow network (3)
Jan-11 07:33:47.557 [PathVisitor-1] DEBUG nextflow.file.PathVisitor - files for syntax: glob; folder: /input/input/; pattern: *; options: [:]
Jan-11 07:33:47.558 [main] DEBUG nextflow.processor.TaskProcessor - Starting process > task_sG1IterDecon
Jan-11 07:33:47.558 [main] DEBUG nextflow.processor.TaskProcessor - Starting process > task_wrapper_siftSTFByMisfit
Jan-11 07:33:47.559 [main] DEBUG nextflow.script.ScriptRunner - > Awaiting termination 
Jan-11 07:33:47.559 [main] DEBUG nextflow.Session - Session await
Jan-11 07:33:47.872 [Task submitter] INFO  nextflow.Session - [1f/761ab9] Submitted process > task_sG1IterDecon (6)
Jan-11 07:33:47.921 [Task submitter] INFO  nextflow.Session - [33/6d4010] Submitted process > task_sG1IterDecon (24)
Jan-11 07:33:47.958 [Task submitter] INFO  nextflow.Session - [cf/803a62] Submitted process > task_sG1IterDecon (32)
Jan-11 07:33:47.994 [Task submitter] INFO  nextflow.Session - [f7/6ab41b] Submitted process > task_sG1IterDecon (21)
Jan-11 07:33:48.031 [Task submitter] INFO  nextflow.Session - [bf/93156a] Submitted process > task_sG1IterDecon (29)
Jan-11 07:33:48.069 [Task submitter] INFO  nextflow.Session - [ff/1eec24] Submitted process > task_sG1IterDecon (16)
Jan-11 07:33:48.102 [Task submitter] INFO  nextflow.Session - [fb/8504f5] Submitted process > task_sG1IterDecon (25)
Jan-11 07:33:48.140 [Task submitter] INFO  nextflow.Session - [32/62ce06] Submitted process > task_sG1IterDecon (23)
Jan-11 07:33:48.174 [Task submitter] INFO  nextflow.Session - [63/d6e90e] Submitted process > task_sG1IterDecon (15)
Jan-11 07:33:48.211 [Task submitter] INFO  nextflow.Session - [ca/381017] Submitted process > task_sG1IterDecon (22)
Jan-11 07:33:48.243 [Task submitter] INFO  nextflow.Session - [9d/2024cf] Submitted process > task_sG1IterDecon (27)
Jan-11 07:33:48.279 [Task submitter] INFO  nextflow.Session - [3f/871ca5] Submitted process > task_sG1IterDecon (14)
Jan-11 07:33:48.314 [Task submitter] INFO  nextflow.Session - [63/a62f1c] Submitted process > task_sG1IterDecon (26)
Jan-11 07:33:48.346 [Task submitter] INFO  nextflow.Session - [e8/12d8ff] Submitted process > task_sG1IterDecon (30)
Jan-11 07:33:48.377 [Task submitter] INFO  nextflow.Session - [1b/97ad0c] Submitted process > task_sG1IterDecon (20)
Jan-11 07:33:48.412 [Task submitter] INFO  nextflow.Session - [02/4f4a7d] Submitted process > task_sG1IterDecon (31)
Jan-11 07:33:48.448 [Task submitter] INFO  nextflow.Session - [e5/aadd54] Submitted process > task_sG1IterDecon (28)
Jan-11 07:33:48.486 [Task submitter] INFO  nextflow.Session - [9d/2eaf8a] Submitted process > task_sG1IterDecon (10)
Jan-11 07:33:48.518 [Task submitter] INFO  nextflow.Session - [d6/e4dc80] Submitted process > task_sG1IterDecon (8)
Jan-11 07:33:48.555 [Task submitter] INFO  nextflow.Session - [59/51855c] Submitted process > task_sG1IterDecon (2)
Jan-11 07:33:48.582 [Task submitter] INFO  nextflow.Session - [53/169927] Submitted process > task_sG1IterDecon (18)
Jan-11 07:33:48.612 [Task submitter] INFO  nextflow.Session - [ae/5b0000] Submitted process > task_sG1IterDecon (13)
Jan-11 07:33:48.644 [Task submitter] INFO  nextflow.Session - [8e/b73054] Submitted process > task_sG1IterDecon (4)
Jan-11 07:33:48.673 [Task submitter] INFO  nextflow.Session - [3d/da3a5e] Submitted process > task_sG1IterDecon (19)
Jan-11 07:33:48.705 [Task submitter] INFO  nextflow.Session - [d9/28ff06] Submitted process > task_sG1IterDecon (7)
Jan-11 07:33:48.738 [Task submitter] INFO  nextflow.Session - [3b/b1954a] Submitted process > task_sG1IterDecon (5)
Jan-11 07:33:48.769 [Task submitter] INFO  nextflow.Session - [8c/17e6b2] Submitted process > task_sG1IterDecon (12)
Jan-11 07:33:48.799 [Task submitter] INFO  nextflow.Session - [d6/add3a8] Submitted process > task_sG1IterDecon (17)
Jan-11 07:33:48.832 [Task submitter] INFO  nextflow.Session - [ab/b8e9da] Submitted process > task_sG1IterDecon (9)
Jan-11 07:33:48.865 [Task submitter] INFO  nextflow.Session - [32/fdf91a] Submitted process > task_sG1IterDecon (1)
Jan-11 07:33:48.901 [Task submitter] INFO  nextflow.Session - [ab/e85b9f] Submitted process > task_sG1IterDecon (11)
Jan-11 07:33:48.934 [Task submitter] INFO  nextflow.Session - [47/9bbcb6] Submitted process > task_sG1IterDecon (3)
Jan-11 07:33:48.963 [Task submitter] INFO  nextflow.Session - [82/8c7b6e] Submitted process > task_sG1IterDecon (33)
Jan-11 07:33:48.992 [Task submitter] INFO  nextflow.Session - [91/789cd7] Submitted process > task_sG1IterDecon (35)
Jan-11 07:33:49.022 [Task submitter] INFO  nextflow.Session - [3b/92c266] Submitted process > task_sG1IterDecon (36)
Jan-11 07:33:49.052 [Task submitter] INFO  nextflow.Session - [8f/a8dde8] Submitted process > task_sG1IterDecon (34)
Jan-11 07:33:49.080 [Task submitter] INFO  nextflow.Session - [26/b1a0cf] Submitted process > task_sG1IterDecon (37)
Jan-11 07:33:49.113 [Task submitter] INFO  nextflow.Session - [5b/386e98] Submitted process > task_sG1IterDecon (38)
Jan-11 07:33:49.143 [Task submitter] INFO  nextflow.Session - [db/e41096] Submitted process > task_sG1IterDecon (39)
Jan-11 07:33:49.172 [Task submitter] INFO  nextflow.Session - [5e/72f64c] Submitted process > task_sG1IterDecon (40)
Jan-11 07:33:49.203 [Task submitter] INFO  nextflow.Session - [4f/b26aa1] Submitted process > task_sG1IterDecon (41)
Jan-11 07:33:49.230 [Task submitter] INFO  nextflow.Session - [02/f4d009] Submitted process > task_sG1IterDecon (43)
Jan-11 07:33:49.262 [Task submitter] INFO  nextflow.Session - [a2/bcdd75] Submitted process > task_sG1IterDecon (42)
Jan-11 07:33:49.292 [Task submitter] INFO  nextflow.Session - [f8/580144] Submitted process > task_sG1IterDecon (44)
Jan-11 07:33:49.327 [Task submitter] INFO  nextflow.Session - [6b/54cf4a] Submitted process > task_sG1IterDecon (46)
Jan-11 07:33:49.357 [Task submitter] INFO  nextflow.Session - [f9/54dfee] Submitted process > task_sG1IterDecon (45)
Jan-11 07:33:49.388 [Task submitter] INFO  nextflow.Session - [4c/9ebcad] Submitted process > task_sG1IterDecon (47)
Jan-11 07:33:49.419 [Task submitter] INFO  nextflow.Session - [21/6b7af0] Submitted process > task_sG1IterDecon (48)
Jan-11 07:33:49.447 [Task submitter] INFO  nextflow.Session - [76/bc5e7e] Submitted process > task_sG1IterDecon (75)
Jan-11 07:33:49.474 [Task submitter] INFO  nextflow.Session - [d6/4ae0b2] Submitted process > task_sG1IterDecon (50)
Jan-11 07:33:49.506 [Task submitter] INFO  nextflow.Session - [58/1c621c] Submitted process > task_sG1IterDecon (49)
Jan-11 07:33:49.534 [Task submitter] INFO  nextflow.Session - [4c/240e7a] Submitted process > task_sG1IterDecon (52)
Jan-11 07:33:49.567 [Task submitter] INFO  nextflow.Session - [a4/1e4cbf] Submitted process > task_sG1IterDecon (51)
Jan-11 07:33:49.602 [Task submitter] INFO  nextflow.Session - [c7/89a819] Submitted process > task_sG1IterDecon (54)
Jan-11 07:33:49.631 [Task submitter] INFO  nextflow.Session - [17/9f1129] Submitted process > task_sG1IterDecon (56)
Jan-11 07:33:49.662 [Task submitter] INFO  nextflow.Session - [ee/52cae0] Submitted process > task_sG1IterDecon (53)
Jan-11 07:33:49.695 [Task submitter] INFO  nextflow.Session - [7e/b41b2b] Submitted process > task_sG1IterDecon (55)
Jan-11 07:33:49.729 [Task submitter] INFO  nextflow.Session - [e9/26d407] Submitted process > task_sG1IterDecon (83)
Jan-11 07:33:49.762 [Task submitter] INFO  nextflow.Session - [88/9d013a] Submitted process > task_sG1IterDecon (58)
Jan-11 07:33:49.794 [Task submitter] INFO  nextflow.Session - [fd/4598fd] Submitted process > task_sG1IterDecon (57)
Jan-11 07:33:49.826 [Task submitter] INFO  nextflow.Session - [40/591955] Submitted process > task_sG1IterDecon (61)
Jan-11 07:33:49.854 [Task submitter] INFO  nextflow.Session - [7a/d43147] Submitted process > task_sG1IterDecon (59)
Jan-11 07:33:49.881 [Task submitter] INFO  nextflow.Session - [63/97d5fd] Submitted process > task_sG1IterDecon (62)
Jan-11 07:33:49.912 [Task submitter] INFO  nextflow.Session - [d3/64f49a] Submitted process > task_sG1IterDecon (60)
Jan-11 07:33:49.943 [Task submitter] INFO  nextflow.Session - [d6/bd6c38] Submitted process > task_sG1IterDecon (65)
Jan-11 07:33:50.056 [Task submitter] INFO  nextflow.Session - [11/92b754] Submitted process > task_sG1IterDecon (63)
Jan-11 07:33:50.082 [Task submitter] INFO  nextflow.Session - [50/581b89] Submitted process > task_sG1IterDecon (64)
Jan-11 07:33:50.110 [Task submitter] INFO  nextflow.Session - [54/65b4df] Submitted process > task_sG1IterDecon (67)
Jan-11 07:33:50.140 [Task submitter] INFO  nextflow.Session - [28/e6c625] Submitted process > task_sG1IterDecon (66)
Jan-11 07:33:50.168 [Task submitter] INFO  nextflow.Session - [32/0c2633] Submitted process > task_sG1IterDecon (68)
Jan-11 07:33:50.197 [Task submitter] INFO  nextflow.Session - [92/172f4d] Submitted process > task_sG1IterDecon (69)
Jan-11 07:33:50.225 [Task submitter] INFO  nextflow.Session - [f7/7bc292] Submitted process > task_sG1IterDecon (71)
Jan-11 07:33:50.253 [Task submitter] INFO  nextflow.Session - [3e/77cbb4] Submitted process > task_sG1IterDecon (70)
Jan-11 07:33:50.281 [Task submitter] INFO  nextflow.Session - [88/23de30] Submitted process > task_sG1IterDecon (72)
Jan-11 07:33:50.313 [Task submitter] INFO  nextflow.Session - [ba/b27814] Submitted process > task_sG1IterDecon (73)
Jan-11 07:33:50.378 [Task submitter] INFO  nextflow.Session - [81/ab293d] Submitted process > task_sG1IterDecon (74)
Jan-11 07:33:50.451 [Task submitter] INFO  nextflow.Session - [ee/269f7f] Submitted process > task_sG1IterDecon (77)
Jan-11 07:33:50.478 [Task submitter] INFO  nextflow.Session - [5b/28699b] Submitted process > task_sG1IterDecon (76)
Jan-11 07:33:50.507 [Task submitter] INFO  nextflow.Session - [4a/4f44a6] Submitted process > task_sG1IterDecon (78)
Jan-11 07:33:50.536 [Task submitter] INFO  nextflow.Session - [86/908ffc] Submitted process > task_sG1IterDecon (79)
Jan-11 07:33:50.571 [Task submitter] INFO  nextflow.Session - [fd/d444ec] Submitted process > task_sG1IterDecon (81)
Jan-11 07:33:50.599 [Task submitter] INFO  nextflow.Session - [10/12e416] Submitted process > task_sG1IterDecon (80)
Jan-11 07:33:50.627 [Task submitter] INFO  nextflow.Session - [bf/17fecc] Submitted process > task_sG1IterDecon (82)
Jan-11 07:33:50.657 [Task submitter] INFO  nextflow.Session - [c7/1383ae] Submitted process > task_sG1IterDecon (84)
Jan-11 07:33:50.688 [Task submitter] INFO  nextflow.Session - [1a/1ff21b] Submitted process > task_sG1IterDecon (85)
Jan-11 07:33:50.719 [Task submitter] INFO  nextflow.Session - [ee/edf78b] Submitted process > task_sG1IterDecon (86)
Jan-11 07:33:50.746 [Task submitter] INFO  nextflow.Session - [2d/d0552d] Submitted process > task_sG1IterDecon (87)
Jan-11 07:33:50.773 [Task submitter] INFO  nextflow.Session - [63/9e220a] Submitted process > task_sG1IterDecon (88)
Jan-11 07:33:50.810 [Task submitter] INFO  nextflow.Session - [06/77386a] Submitted process > task_sG1IterDecon (89)
Jan-11 07:33:50.843 [Task submitter] INFO  nextflow.Session - [53/04ed15] Submitted process > task_sG1IterDecon (93)
Jan-11 07:33:50.870 [Task submitter] INFO  nextflow.Session - [21/b89221] Submitted process > task_sG1IterDecon (92)
Jan-11 07:33:50.896 [Task submitter] INFO  nextflow.Session - [fb/c8214a] Submitted process > task_sG1IterDecon (90)
Jan-11 07:33:50.922 [Task submitter] INFO  nextflow.Session - [01/e3093e] Submitted process > task_sG1IterDecon (91)
Jan-11 07:33:50.949 [Task submitter] INFO  nextflow.Session - [a4/3c0def] Submitted process > task_sG1IterDecon (94)
Jan-11 07:33:50.977 [Task submitter] INFO  nextflow.Session - [78/8eab5a] Submitted process > task_sG1IterDecon (95)
Jan-11 07:33:51.006 [Task submitter] INFO  nextflow.Session - [eb/cecc15] Submitted process > task_sG1IterDecon (96)
Jan-11 07:33:51.037 [Task submitter] INFO  nextflow.Session - [25/b6c8cb] Submitted process > task_sG1IterDecon (97)
Jan-11 07:33:51.066 [Task submitter] INFO  nextflow.Session - [d5/00ce0a] Submitted process > task_sG1IterDecon (98)
Jan-11 07:33:51.097 [Task submitter] INFO  nextflow.Session - [26/4f837f] Submitted process > task_sG1IterDecon (99)
Jan-11 07:33:51.129 [Task submitter] INFO  nextflow.Session - [39/caafbb] Submitted process > task_sG1IterDecon (100)
Jan-11 07:33:51.157 [Task submitter] INFO  nextflow.Session - [e5/9c0dbe] Submitted process > task_sG1IterDecon (101)
Jan-11 07:33:51.185 [Task submitter] INFO  nextflow.Session - [f1/d97d73] Submitted process > task_sG1IterDecon (102)
Jan-11 07:33:51.214 [Task submitter] INFO  nextflow.Session - [73/fd883f] Submitted process > task_sG1IterDecon (103)
Jan-11 07:33:51.241 [Task submitter] INFO  nextflow.Session - [b0/42069b] Submitted process > task_sG1IterDecon (104)
Jan-11 07:33:51.269 [Task submitter] INFO  nextflow.Session - [bf/33f63a] Submitted process > task_sG1IterDecon (105)
Jan-11 07:33:51.297 [Task submitter] INFO  nextflow.Session - [06/0b5694] Submitted process > task_sG1IterDecon (106)
Jan-11 07:33:51.326 [Task submitter] INFO  nextflow.Session - [63/22666c] Submitted process > task_sG1IterDecon (107)
Jan-11 07:33:51.356 [Task submitter] INFO  nextflow.Session - [d5/a4d3d3] Submitted process > task_sG1IterDecon (108)
Jan-11 07:33:51.385 [Task submitter] INFO  nextflow.Session - [3d/de8b42] Submitted process > task_sG1IterDecon (110)
Jan-11 07:33:51.417 [Task submitter] INFO  nextflow.Session - [ef/f4c3db] Submitted process > task_sG1IterDecon (109)
Jan-11 07:33:51.446 [Task submitter] INFO  nextflow.Session - [63/ea3d18] Submitted process > task_sG1IterDecon (111)
Jan-11 07:33:51.474 [Task submitter] INFO  nextflow.Session - [9a/51cb94] Submitted process > task_sG1IterDecon (112)
Jan-11 07:33:51.506 [Task submitter] INFO  nextflow.Session - [f1/1375c6] Submitted process > task_sG1IterDecon (116)
Jan-11 07:33:51.535 [Task submitter] INFO  nextflow.Session - [25/729f81] Submitted process > task_sG1IterDecon (113)
Jan-11 07:33:51.564 [Task submitter] INFO  nextflow.Session - [8c/883140] Submitted process > task_sG1IterDecon (117)
Jan-11 07:33:51.591 [Task submitter] INFO  nextflow.Session - [20/365098] Submitted process > task_sG1IterDecon (114)
Jan-11 07:33:51.620 [Task submitter] INFO  nextflow.Session - [df/078eaf] Submitted process > task_sG1IterDecon (115)
Jan-11 07:33:51.644 [Task submitter] INFO  nextflow.Session - [78/178ff7] Submitted process > task_sG1IterDecon (118)
Jan-11 07:33:51.672 [Task submitter] INFO  nextflow.Session - [7b/ef6fb3] Submitted process > task_sG1IterDecon (120)
Jan-11 07:33:51.697 [Task submitter] INFO  nextflow.Session - [8b/fbc590] Submitted process > task_sG1IterDecon (119)
Jan-11 07:33:51.727 [Task submitter] INFO  nextflow.Session - [6a/6b9f0f] Submitted process > task_sG1IterDecon (121)
Jan-11 07:33:51.753 [Task submitter] INFO  nextflow.Session - [7f/2861f2] Submitted process > task_sG1IterDecon (122)
Jan-11 07:33:51.783 [Task submitter] INFO  nextflow.Session - [46/196b92] Submitted process > task_sG1IterDecon (123)
Jan-11 07:33:51.809 [Task submitter] INFO  nextflow.Session - [95/ee974a] Submitted process > task_sG1IterDecon (125)
Jan-11 07:33:51.834 [Task submitter] INFO  nextflow.Session - [95/1d3393] Submitted process > task_sG1IterDecon (124)
Jan-11 07:33:51.862 [Task submitter] INFO  nextflow.Session - [c8/4f1232] Submitted process > task_sG1IterDecon (126)
Jan-11 07:33:51.893 [Task submitter] INFO  nextflow.Session - [f8/a5a30b] Submitted process > task_sG1IterDecon (127)
Jan-11 07:33:51.925 [Task submitter] INFO  nextflow.Session - [94/5529b1] Submitted process > task_sG1IterDecon (130)
Jan-11 07:33:51.956 [Task submitter] INFO  nextflow.Session - [63/854faf] Submitted process > task_sG1IterDecon (128)
Jan-11 07:33:51.983 [Task submitter] INFO  nextflow.Session - [4e/4fba74] Submitted process > task_sG1IterDecon (129)
Jan-11 07:33:52.011 [Task submitter] INFO  nextflow.Session - [d8/ce8f5c] Submitted process > task_sG1IterDecon (131)
Jan-11 07:33:52.034 [Task submitter] INFO  nextflow.Session - [92/965b36] Submitted process > task_sG1IterDecon (132)
Jan-11 07:33:52.060 [Task submitter] INFO  nextflow.Session - [d1/0f238a] Submitted process > task_sG1IterDecon (133)
Jan-11 07:33:52.088 [Task submitter] INFO  nextflow.Session - [b4/f5e32c] Submitted process > task_sG1IterDecon (134)
Jan-11 07:33:52.115 [Task submitter] INFO  nextflow.Session - [3b/f524ac] Submitted process > task_sG1IterDecon (135)
Jan-11 07:33:52.151 [Task submitter] INFO  nextflow.Session - [aa/b8b812] Submitted process > task_sG1IterDecon (136)
Jan-11 07:33:52.181 [Task submitter] INFO  nextflow.Session - [4b/e0777c] Submitted process > task_sG1IterDecon (137)
Jan-11 07:33:52.212 [Task submitter] INFO  nextflow.Session - [6b/28d313] Submitted process > task_sG1IterDecon (139)
Jan-11 07:33:52.238 [Task submitter] INFO  nextflow.Session - [b7/71970d] Submitted process > task_sG1IterDecon (138)
Jan-11 07:33:52.264 [Task submitter] INFO  nextflow.Session - [47/840eee] Submitted process > task_sG1IterDecon (140)
Jan-11 07:33:52.291 [Task submitter] INFO  nextflow.Session - [c0/341ce1] Submitted process > task_sG1IterDecon (141)
Jan-11 07:33:52.318 [Task submitter] INFO  nextflow.Session - [ac/b26439] Submitted process > task_sG1IterDecon (142)
Jan-11 07:33:52.346 [Task submitter] INFO  nextflow.Session - [3d/247ad9] Submitted process > task_sG1IterDecon (143)
Jan-11 07:33:52.372 [Task submitter] INFO  nextflow.Session - [a8/9f8952] Submitted process > task_sG1IterDecon (144)
Jan-11 07:33:52.401 [Task submitter] INFO  nextflow.Session - [16/10b953] Submitted process > task_sG1IterDecon (146)
Jan-11 07:33:52.427 [Task submitter] INFO  nextflow.Session - [19/b0acc0] Submitted process > task_sG1IterDecon (145)
Jan-11 07:33:52.455 [Task submitter] INFO  nextflow.Session - [fe/8c4db0] Submitted process > task_sG1IterDecon (147)
Jan-11 07:33:52.482 [Task submitter] INFO  nextflow.Session - [90/6eb6d2] Submitted process > task_sG1IterDecon (148)
Jan-11 07:33:52.508 [Task submitter] INFO  nextflow.Session - [16/a3d552] Submitted process > task_sG1IterDecon (149)
Jan-11 07:33:52.547 [Task submitter] INFO  nextflow.Session - [1d/3d6e4b] Submitted process > task_sG1IterDecon (150)
Jan-11 07:33:52.582 [Task submitter] INFO  nextflow.Session - [2e/ed663d] Submitted process > task_sG1IterDecon (151)
Jan-11 07:33:52.612 [Task submitter] INFO  nextflow.Session - [96/9be185] Submitted process > task_sG1IterDecon (152)
Jan-11 07:33:52.638 [Task submitter] INFO  nextflow.Session - [c4/e9ead1] Submitted process > task_sG1IterDecon (153)
Jan-11 07:33:52.670 [Task submitter] INFO  nextflow.Session - [a1/837516] Submitted process > task_sG1IterDecon (154)
Jan-11 07:33:52.740 [Task submitter] INFO  nextflow.Session - [c5/1d8a85] Submitted process > task_sG1IterDecon (155)
Jan-11 07:33:52.813 [Task submitter] INFO  nextflow.Session - [07/42202e] Submitted process > task_sG1IterDecon (156)
Jan-11 07:33:52.840 [Task submitter] INFO  nextflow.Session - [3b/bdb632] Submitted process > task_sG1IterDecon (157)
Jan-11 07:33:52.887 [Task submitter] INFO  nextflow.Session - [38/23a38f] Submitted process > task_sG1IterDecon (158)
Jan-11 07:33:52.914 [Task submitter] INFO  nextflow.Session - [82/8c73b0] Submitted process > task_sG1IterDecon (159)
Jan-11 07:33:52.969 [Task submitter] INFO  nextflow.Session - [63/bdd4eb] Submitted process > task_sG1IterDecon (161)
Jan-11 07:33:53.014 [Task submitter] INFO  nextflow.Session - [ed/3a5591] Submitted process > task_sG1IterDecon (160)
Jan-11 07:33:53.079 [Task submitter] INFO  nextflow.Session - [10/37bf91] Submitted process > task_sG1IterDecon (162)
Jan-11 07:33:53.107 [Task submitter] INFO  nextflow.Session - [f5/7e5659] Submitted process > task_sG1IterDecon (165)
Jan-11 07:33:53.157 [Task submitter] INFO  nextflow.Session - [ef/fafa1e] Submitted process > task_sG1IterDecon (164)
Jan-11 07:33:53.187 [Task submitter] INFO  nextflow.Session - [2c/b985cf] Submitted process > task_sG1IterDecon (163)
Jan-11 07:33:53.244 [Task submitter] INFO  nextflow.Session - [40/6a726f] Submitted process > task_sG1IterDecon (167)
Jan-11 07:33:53.272 [Task submitter] INFO  nextflow.Session - [ac/0bdefb] Submitted process > task_sG1IterDecon (166)
Jan-11 07:33:53.329 [Task submitter] INFO  nextflow.Session - [f5/cecc71] Submitted process > task_sG1IterDecon (169)
Jan-11 07:33:53.354 [Task submitter] INFO  nextflow.Session - [a0/7e609a] Submitted process > task_sG1IterDecon (194)
Jan-11 07:33:53.441 [Task submitter] INFO  nextflow.Session - [b6/14a89e] Submitted process > task_sG1IterDecon (168)
Jan-11 07:33:53.503 [Task submitter] INFO  nextflow.Session - [27/45a080] Submitted process > task_sG1IterDecon (170)
Jan-11 07:33:53.593 [Task submitter] INFO  nextflow.Session - [5e/2c5945] Submitted process > task_sG1IterDecon (172)
Jan-11 07:33:53.659 [Task submitter] INFO  nextflow.Session - [f6/3e0807] Submitted process > task_sG1IterDecon (171)
Jan-11 07:33:53.710 [Task submitter] INFO  nextflow.Session - [be/04c89c] Submitted process > task_sG1IterDecon (173)
Jan-11 07:33:53.738 [Task submitter] INFO  nextflow.Session - [7a/1e66e4] Submitted process > task_sG1IterDecon (174)
Jan-11 07:33:53.816 [Task submitter] INFO  nextflow.Session - [20/1a8fdb] Submitted process > task_sG1IterDecon (175)
Jan-11 07:33:53.888 [Task submitter] INFO  nextflow.Session - [6c/cf0a90] Submitted process > task_sG1IterDecon (176)
Jan-11 07:33:53.944 [Task submitter] INFO  nextflow.Session - [10/07c0b8] Submitted process > task_sG1IterDecon (177)
Jan-11 07:33:53.986 [Task submitter] INFO  nextflow.Session - [fd/091af1] Submitted process > task_sG1IterDecon (178)
Jan-11 07:33:54.018 [Task submitter] INFO  nextflow.Session - [36/6bba32] Submitted process > task_sG1IterDecon (179)
Jan-11 07:33:54.089 [Task submitter] INFO  nextflow.Session - [2a/9f2853] Submitted process > task_sG1IterDecon (180)
Jan-11 07:33:54.115 [Task submitter] INFO  nextflow.Session - [0e/c577ab] Submitted process > task_sG1IterDecon (181)
Jan-11 07:33:54.146 [Task submitter] INFO  nextflow.Session - [39/6f42ea] Submitted process > task_sG1IterDecon (182)
Jan-11 07:33:54.252 [Task submitter] INFO  nextflow.Session - [f0/45d6ac] Submitted process > task_sG1IterDecon (183)
Jan-11 07:33:54.341 [Task submitter] INFO  nextflow.Session - [d2/d44605] Submitted process > task_sG1IterDecon (184)
Jan-11 07:33:54.468 [Task submitter] INFO  nextflow.Session - [21/d56384] Submitted process > task_sG1IterDecon (185)
Jan-11 07:33:54.552 [Task submitter] INFO  nextflow.Session - [8c/b75cf9] Submitted process > task_sG1IterDecon (186)
Jan-11 07:33:54.659 [Task submitter] INFO  nextflow.Session - [76/b5ce5a] Submitted process > task_sG1IterDecon (187)
Jan-11 07:33:54.767 [Task submitter] INFO  nextflow.Session - [f7/49afc2] Submitted process > task_sG1IterDecon (188)
Jan-11 07:33:54.852 [Task submitter] INFO  nextflow.Session - [dd/15ccd4] Submitted process > task_sG1IterDecon (189)
Jan-11 07:33:54.967 [Task submitter] INFO  nextflow.Session - [14/e9a331] Submitted process > task_sG1IterDecon (190)
Jan-11 07:33:55.099 [Task submitter] INFO  nextflow.Session - [7b/b7c4a8] Submitted process > task_sG1IterDecon (191)
Jan-11 07:33:55.152 [Task submitter] INFO  nextflow.Session - [21/2f8585] Submitted process > task_sG1IterDecon (192)
Jan-11 07:33:55.241 [Task submitter] INFO  nextflow.Session - [fa/fc0832] Submitted process > task_sG1IterDecon (193)
Jan-11 07:33:55.300 [Task submitter] INFO  nextflow.Session - [83/1618ac] Submitted process > task_sG1IterDecon (195)
Jan-11 07:33:55.456 [Task submitter] INFO  nextflow.Session - [b1/914354] Submitted process > task_sG1IterDecon (196)
Jan-11 07:33:55.581 [Task submitter] INFO  nextflow.Session - [53/8ba95d] Submitted process > task_sG1IterDecon (197)
Jan-11 07:34:14.679 [Task monitor] DEBUG n.processor.TaskPollingMonitor - Task completed > TaskHandler[id: 6; name: task_sG1IterDecon (6); status: COMPLETED; exit: 0; error: -; workDir: /input/data/work/1f/761ab9d25a77e2437745e1506424cb]
Jan-11 07:34:14.957 [Task monitor] DEBUG n.processor.TaskPollingMonitor - Task completed > TaskHandler[id: 24; name: task_sG1IterDecon (24); status: COMPLETED; exit: 0; error: -; workDir: /input/data/work/33/6d4010c75def055a87c630a1efaac2]
Jan-11 07:34:15.086 [Task monitor] DEBUG n.processor.TaskPollingMonitor - Task completed > TaskHandler[id: 32; name: task_sG1IterDecon (32); status: COMPLETED; exit: 0; error: -; workDir: /input/data/work/cf/803a628507678f30fe6e2b13a1a222]
Jan-11 07:34:15.263 [Task monitor] DEBUG n.processor.TaskPollingMonitor - Task completed > TaskHandler[id: 21; name: task_sG1IterDecon (21); status: COMPLETED; exit: 0; error: -; workDir: /input/data/work/f7/6ab41b490e3e0f917a80b7437a5642]
Jan-11 07:34:15.594 [Task monitor] DEBUG n.processor.TaskPollingMonitor - Task completed > TaskHandler[id: 29; name: task_sG1IterDecon (29); status: COMPLETED; exit: 0; error: -; workDir: /input/data/work/bf/93156adff85dbc1c1b317ba2cbde0a]
Jan-11 07:34:15.899 [Task monitor] DEBUG n.processor.TaskPollingMonitor - Task completed > TaskHandler[id: 16; name: task_sG1IterDecon (16); status: COMPLETED; exit: 0; error: -; workDir: /input/data/work/ff/1eec24d16e214c1bb2ba0567da5676]
Jan-11 07:34:16.147 [Task monitor] DEBUG n.processor.TaskPollingMonitor - Task completed > TaskHandler[id: 25; name: task_sG1IterDecon (25); status: COMPLETED; exit: 0; error: -; workDir: /input/data/work/fb/8504f5ea88cb782c43e5ff7ca11f7b]
Jan-11 07:34:16.356 [Task monitor] DEBUG n.processor.TaskPollingMonitor - Task completed > TaskHandler[id: 23; name: task_sG1IterDecon (23); status: COMPLETED; exit: 0; error: -; workDir: /input/data/work/32/62ce069e47d10d28ec8ff86ce34467]
Jan-11 07:34:16.511 [Task monitor] DEBUG n.processor.TaskPollingMonitor - Task completed > TaskHandler[id: 15; name: task_sG1IterDecon (15); status: COMPLETED; exit: 0; error: -; workDir: /input/data/work/63/d6e90e303dc37732287743c1c99a21]
Jan-11 07:34:16.781 [Task monitor] DEBUG n.processor.TaskPollingMonitor - Task completed > TaskHandler[id: 22; name: task_sG1IterDecon (22); status: COMPLETED; exit: 0; error: -; workDir: /input/data/work/ca/3810175e2e92ba8c800d536ce5d599]
Jan-11 07:34:20.629 [Task monitor] DEBUG n.processor.TaskPollingMonitor - Task completed > TaskHandler[id: 27; name: task_sG1IterDecon (27); status: COMPLETED; exit: 0; error: -; workDir: /input/data/work/9d/2024cfbb2c783217b49f99e8f29b0e]
Jan-11 07:34:20.707 [Task monitor] DEBUG n.processor.TaskPollingMonitor - Task completed > TaskHandler[id: 14; name: task_sG1IterDecon (14); status: COMPLETED; exit: 0; error: -; workDir: /input/data/work/3f/871ca5eef190e0b569291492b88485]
Jan-11 07:34:20.769 [Task monitor] DEBUG n.processor.TaskPollingMonitor - Task completed > TaskHandler[id: 26; name: task_sG1IterDecon (26); status: COMPLETED; exit: 0; error: -; workDir: /input/data/work/63/a62f1c15e9cfcdb28fb4c4ede70b05]
Jan-11 07:34:20.863 [Task monitor] DEBUG n.processor.TaskPollingMonitor - Task completed > TaskHandler[id: 30; name: task_sG1IterDecon (30); status: COMPLETED; exit: 0; error: -; workDir: /input/data/work/e8/12d8ff59e164b432bb50d22c3e08c7]
Jan-11 07:34:20.990 [Task monitor] DEBUG n.processor.TaskPollingMonitor - Task completed > TaskHandler[id: 20; name: task_sG1IterDecon (20); status: COMPLETED; exit: 0; error: -; workDir: /input/data/work/1b/97ad0caa6573b7c813c7c002c1f06d]
Jan-11 07:34:21.085 [Task monitor] DEBUG n.processor.TaskPollingMonitor - Task completed > TaskHandler[id: 31; name: task_sG1IterDecon (31); status: COMPLETED; exit: 0; error: -; workDir: /input/data/work/02/4f4a7d1bf98d32042f34bfa98654ad]
Jan-11 07:34:21.173 [Task monitor] DEBUG n.processor.TaskPollingMonitor - Task completed > TaskHandler[id: 28; name: task_sG1IterDecon (28); status: COMPLETED; exit: 0; error: -; workDir: /input/data/work/e5/aadd545959d5681d8e62f3db7c4556]
Jan-11 07:34:21.239 [Task monitor] DEBUG n.processor.TaskPollingMonitor - Task completed > TaskHandler[id: 10; name: task_sG1IterDecon (10); status: COMPLETED; exit: 0; error: -; workDir: /input/data/work/9d/2eaf8aefc079d84996247159e88bb7]
Jan-11 07:34:21.306 [Task monitor] DEBUG n.processor.TaskPollingMonitor - Task completed > TaskHandler[id: 8; name: task_sG1IterDecon (8); status: COMPLETED; exit: 0; error: -; workDir: /input/data/work/d6/e4dc80f56d52c7df0ca6e58daa374d]
Jan-11 07:34:21.412 [Task monitor] DEBUG n.processor.TaskPollingMonitor - Task completed > TaskHandler[id: 2; name: task_sG1IterDecon (2); status: COMPLETED; exit: 0; error: -; workDir: /input/data/work/59/51855c0a41eb910f8ffdf6d0a3e6a6]
Jan-11 07:34:21.548 [Task monitor] DEBUG n.processor.TaskPollingMonitor - Task completed > TaskHandler[id: 18; name: task_sG1IterDecon (18); status: COMPLETED; exit: 0; error: -; workDir: /input/data/work/53/169927a366b26280c9012f8ca50ffc]
Jan-11 07:34:21.687 [Task monitor] DEBUG n.processor.TaskPollingMonitor - Task completed > TaskHandler[id: 13; name: task_sG1IterDecon (13); status: COMPLETED; exit: 0; error: -; workDir: /input/data/work/ae/5b00009c541eaa5f05bae0cb9da9ad]
Jan-11 07:34:21.815 [Task monitor] DEBUG n.processor.TaskPollingMonitor - Task completed > TaskHandler[id: 4; name: task_sG1IterDecon (4); status: COMPLETED; exit: 0; error: -; workDir: /input/data/work/8e/b73054cf6596c7e663030f66c57422]
Jan-11 07:34:21.960 [Task monitor] DEBUG n.processor.TaskPollingMonitor - Task completed > TaskHandler[id: 19; name: task_sG1IterDecon (19); status: COMPLETED; exit: 0; error: -; workDir: /input/data/work/3d/da3a5e9705a6523c791af825dd5731]
Jan-11 07:34:22.076 [Task monitor] DEBUG n.processor.TaskPollingMonitor - Task completed > TaskHandler[id: 7; name: task_sG1IterDecon (7); status: COMPLETED; exit: 0; error: -; workDir: /input/data/work/d9/28ff063e35aa4403b45656cbb18f37]
Jan-11 07:34:22.266 [Task monitor] DEBUG n.processor.TaskPollingMonitor - Task completed > TaskHandler[id: 5; name: task_sG1IterDecon (5); status: COMPLETED; exit: 0; error: -; workDir: /input/data/work/3b/b1954ade13057f590cf15841f1b491]
Jan-11 07:34:22.448 [Task monitor] DEBUG n.processor.TaskPollingMonitor - Task completed > TaskHandler[id: 12; name: task_sG1IterDecon (12); status: COMPLETED; exit: 0; error: -; workDir: /input/data/work/8c/17e6b25b06208a7a417621f2b9e261]
Jan-11 07:34:22.567 [Task monitor] DEBUG n.processor.TaskPollingMonitor - Task completed > TaskHandler[id: 17; name: task_sG1IterDecon (17); status: COMPLETED; exit: 0; error: -; workDir: /input/data/work/d6/add3a8c201f7e415fd71ceb85dcc9a]
Jan-11 07:34:22.739 [Task monitor] DEBUG n.processor.TaskPollingMonitor - Task completed > TaskHandler[id: 9; name: task_sG1IterDecon (9); status: COMPLETED; exit: 0; error: -; workDir: /input/data/work/ab/b8e9da7651051e51bcd8b7436c9b76]
Jan-11 07:34:22.886 [Task monitor] DEBUG n.processor.TaskPollingMonitor - Task completed > TaskHandler[id: 1; name: task_sG1IterDecon (1); status: COMPLETED; exit: 0; error: -; workDir: /input/data/work/32/fdf91abc2d07e591296507a13c29e7]
Jan-11 07:34:23.028 [Task monitor] DEBUG n.processor.TaskPollingMonitor - Task completed > TaskHandler[id: 11; name: task_sG1IterDecon (11); status: COMPLETED; exit: 0; error: -; workDir: /input/data/work/ab/e85b9f6cd270a9303db04c4cf6ba6b]
Jan-11 07:34:23.217 [Task monitor] DEBUG n.processor.TaskPollingMonitor - Task completed > TaskHandler[id: 3; name: task_sG1IterDecon (3); status: COMPLETED; exit: 0; error: -; workDir: /input/data/work/47/9bbcb68b65af5a2bb7dbbd7d025a90]
Jan-11 07:34:23.306 [Task monitor] DEBUG n.processor.TaskPollingMonitor - Task completed > TaskHandler[id: 33; name: task_sG1IterDecon (33); status: COMPLETED; exit: 0; error: -; workDir: /input/data/work/82/8c7b6e114ec5ab7b2fbdc7c6a0d119]
Jan-11 07:34:23.423 [Task monitor] DEBUG n.processor.TaskPollingMonitor - Task completed > TaskHandler[id: 35; name: task_sG1IterDecon (35); status: COMPLETED; exit: 0; error: -; workDir: /input/data/work/91/789cd778f4c0abfada84d823a8eb5a]
Jan-11 07:34:23.664 [Task monitor] DEBUG n.processor.TaskPollingMonitor - Task completed > TaskHandler[id: 36; name: task_sG1IterDecon (36); status: COMPLETED; exit: 0; error: -; workDir: /input/data/work/3b/92c2660040b48f019c29062886089e]
Jan-11 07:34:23.860 [Task monitor] DEBUG n.processor.TaskPollingMonitor - Task completed > TaskHandler[id: 34; name: task_sG1IterDecon (34); status: COMPLETED; exit: 0; error: -; workDir: /input/data/work/8f/a8dde8f3f6efc525c2a0a27c0117b0]
Jan-11 07:34:24.080 [Task monitor] DEBUG n.processor.TaskPollingMonitor - Task completed > TaskHandler[id: 37; name: task_sG1IterDecon (37); status: COMPLETED; exit: 0; error: -; workDir: /input/data/work/26/b1a0cf187b75202e93412ff88e43ea]
Jan-11 07:34:24.220 [Task monitor] DEBUG n.processor.TaskPollingMonitor - Task completed > TaskHandler[id: 38; name: task_sG1IterDecon (38); status: COMPLETED; exit: 0; error: -; workDir: /input/data/work/5b/386e984b879b1f8943e1b87367c61d]
Jan-11 07:34:24.408 [Task monitor] DEBUG n.processor.TaskPollingMonitor - Task completed > TaskHandler[id: 39; name: task_sG1IterDecon (39); status: COMPLETED; exit: 0; error: -; workDir: /input/data/work/db/e4109631dd152141c24a934606cbce]
Jan-11 07:34:24.493 [Task monitor] DEBUG n.processor.TaskPollingMonitor - Task completed > TaskHandler[id: 40; name: task_sG1IterDecon (40); status: COMPLETED; exit: 0; error: -; workDir: /input/data/work/5e/72f64c24eea4109010d4d52572e638]
Jan-11 07:34:31.015 [Task monitor] DEBUG n.processor.TaskPollingMonitor - Task completed > TaskHandler[id: 179; name: task_sG1IterDecon (179); status: COMPLETED; exit: 0; error: -; workDir: /input/data/work/36/6bba32fbd9eb1794f636c190229bf6]
Jan-11 07:34:31.489 [Task monitor] DEBUG n.processor.TaskPollingMonitor - Task completed > TaskHandler[id: 181; name: task_sG1IterDecon (181); status: COMPLETED; exit: 0; error: -; workDir: /input/data/work/0e/c577ab195affd8083769878cf2ef52]
Jan-11 07:34:31.958 [Task monitor] DEBUG n.processor.TaskPollingMonitor - Task completed > TaskHandler[id: 182; name: task_sG1IterDecon (182); status: COMPLETED; exit: 0; error: -; workDir: /input/data/work/39/6f42eabe33bef9a5bf7a142301ef7f]
Jan-11 07:34:32.237 [Task monitor] DEBUG n.processor.TaskPollingMonitor - Task completed > TaskHandler[id: 187; name: task_sG1IterDecon (187); status: COMPLETED; exit: 0; error: -; workDir: /input/data/work/76/b5ce5a5a1672186d216bd87c261883]
Jan-11 07:34:32.349 [Task monitor] DEBUG n.processor.TaskPollingMonitor - Task completed > TaskHandler[id: 188; name: task_sG1IterDecon (188); status: COMPLETED; exit: 0; error: -; workDir: /input/data/work/f7/49afc2085941b2de68c5d8a57a58bd]
Jan-11 07:34:32.465 [Task monitor] DEBUG n.processor.TaskPollingMonitor - Task completed > TaskHandler[id: 189; name: task_sG1IterDecon (189); status: COMPLETED; exit: 0; error: -; workDir: /input/data/work/dd/15ccd4ca878d51f535dba18c84a614]
Jan-11 07:34:32.653 [Task monitor] DEBUG n.processor.TaskPollingMonitor - Task completed > TaskHandler[id: 190; name: task_sG1IterDecon (190); status: COMPLETED; exit: 0; error: -; workDir: /input/data/work/14/e9a3313c81fafdfe73e2ddd5b5c740]
Jan-11 07:34:32.742 [Task monitor] DEBUG n.processor.TaskPollingMonitor - Task completed > TaskHandler[id: 191; name: task_sG1IterDecon (191); status: COMPLETED; exit: 0; error: -; workDir: /input/data/work/7b/b7c4a8566cb3f26d1492ef115ed11f]
Jan-11 07:34:32.784 [Task monitor] DEBUG n.processor.TaskPollingMonitor - Task completed > TaskHandler[id: 192; name: task_sG1IterDecon (192); status: COMPLETED; exit: 0; error: -; workDir: /input/data/work/21/2f8585289b035b85b2f923ede922ea]
Jan-11 07:34:32.833 [Task monitor] DEBUG n.processor.TaskPollingMonitor - Task completed > TaskHandler[id: 193; name: task_sG1IterDecon (193); status: COMPLETED; exit: 0; error: -; workDir: /input/data/work/fa/fc08321a38dd3e8256442c08c5cd95]
Jan-11 07:34:32.907 [Task monitor] DEBUG n.processor.TaskPollingMonitor - Task completed > TaskHandler[id: 195; name: task_sG1IterDecon (195); status: COMPLETED; exit: 0; error: -; workDir: /input/data/work/83/1618ac4c84ec690c52a613587d8bfb]
Jan-11 07:34:32.974 [Task monitor] DEBUG n.processor.TaskPollingMonitor - Task completed > TaskHandler[id: 196; name: task_sG1IterDecon (196); status: COMPLETED; exit: 0; error: -; workDir: /input/data/work/b1/9143545863c2f291ddf363d50fa177]
Jan-11 07:34:33.015 [Task monitor] DEBUG n.processor.TaskPollingMonitor - Task completed > TaskHandler[id: 197; name: task_sG1IterDecon (197); status: COMPLETED; exit: 0; error: -; workDir: /input/data/work/53/8ba95d6521491d65b254a34ff2bfe0]
Jan-11 07:34:33.078 [Task monitor] DEBUG n.processor.TaskPollingMonitor - Task completed > TaskHandler[id: 41; name: task_sG1IterDecon (41); status: COMPLETED; exit: 0; error: -; workDir: /input/data/work/4f/b26aa1f1a8b5bd785c4417a7fdb69c]
Jan-11 07:34:33.121 [Task monitor] DEBUG n.processor.TaskPollingMonitor - Task completed > TaskHandler[id: 43; name: task_sG1IterDecon (43); status: COMPLETED; exit: 0; error: -; workDir: /input/data/work/02/f4d0091951048533313cf0228b7d60]
Jan-11 07:34:33.168 [Task monitor] DEBUG n.processor.TaskPollingMonitor - Task completed > TaskHandler[id: 42; name: task_sG1IterDecon (42); status: COMPLETED; exit: 0; error: -; workDir: /input/data/work/a2/bcdd75c22879e2cdccd1da81337d78]
Jan-11 07:34:33.217 [Task monitor] DEBUG n.processor.TaskPollingMonitor - Task completed > TaskHandler[id: 44; name: task_sG1IterDecon (44); status: COMPLETED; exit: 0; error: -; workDir: /input/data/work/f8/580144b58da4edaf07bf1b703f0d90]
Jan-11 07:34:33.286 [Task monitor] DEBUG n.processor.TaskPollingMonitor - Task completed > TaskHandler[id: 46; name: task_sG1IterDecon (46); status: COMPLETED; exit: 0; error: -; workDir: /input/data/work/6b/54cf4a6e7cfcdb0b42c532cacb2fde]
Jan-11 07:34:33.372 [Task monitor] DEBUG n.processor.TaskPollingMonitor - Task completed > TaskHandler[id: 45; name: task_sG1IterDecon (45); status: COMPLETED; exit: 0; error: -; workDir: /input/data/work/f9/54dfeea9adf661c4399be4bac74a21]
Jan-11 07:34:33.452 [Task monitor] DEBUG n.processor.TaskPollingMonitor - Task completed > TaskHandler[id: 47; name: task_sG1IterDecon (47); status: COMPLETED; exit: 0; error: -; workDir: /input/data/work/4c/9ebcad34240fdcddb5858609393ba6]
Jan-11 07:34:33.977 [Task monitor] DEBUG n.processor.TaskPollingMonitor - Task completed > TaskHandler[id: 48; name: task_sG1IterDecon (48); status: COMPLETED; exit: 0; error: -; workDir: /input/data/work/21/6b7af03804e72650a57fc56a0d5d73]
Jan-11 07:34:34.075 [Task monitor] DEBUG n.processor.TaskPollingMonitor - Task completed > TaskHandler[id: 75; name: task_sG1IterDecon (75); status: COMPLETED; exit: 0; error: -; workDir: /input/data/work/76/bc5e7e6a466b8f785f0c2664c77e21]
Jan-11 07:34:36.250 [Task monitor] DEBUG n.processor.TaskPollingMonitor - Task completed > TaskHandler[id: 85; name: task_sG1IterDecon (85); status: COMPLETED; exit: 0; error: -; workDir: /input/data/work/1a/1ff21b3172de6f0ea12e4825f8bcaf]
Jan-11 07:34:36.517 [Task monitor] DEBUG n.processor.TaskPollingMonitor - Task completed > TaskHandler[id: 86; name: task_sG1IterDecon (86); status: COMPLETED; exit: 0; error: -; workDir: /input/data/work/ee/edf78bd5fdb56cfd2b849cbd858d93]
Jan-11 07:34:36.579 [Task monitor] DEBUG n.processor.TaskPollingMonitor - Task completed > TaskHandler[id: 87; name: task_sG1IterDecon (87); status: COMPLETED; exit: 0; error: -; workDir: /input/data/work/2d/d0552dcc6ed2307e99abce5534f3c5]
Jan-11 07:34:36.663 [Task monitor] DEBUG n.processor.TaskPollingMonitor - Task completed > TaskHandler[id: 88; name: task_sG1IterDecon (88); status: COMPLETED; exit: 0; error: -; workDir: /input/data/work/63/9e220a0db3e5e1abd761ac036cf010]
Jan-11 07:34:36.726 [Task monitor] DEBUG n.processor.TaskPollingMonitor - Task completed > TaskHandler[id: 89; name: task_sG1IterDecon (89); status: COMPLETED; exit: 0; error: -; workDir: /input/data/work/06/77386a39cc097fa34d448d5e3c9074]
Jan-11 07:34:36.771 [Task monitor] DEBUG n.processor.TaskPollingMonitor - Task completed > TaskHandler[id: 93; name: task_sG1IterDecon (93); status: COMPLETED; exit: 0; error: -; workDir: /input/data/work/53/04ed15f9c201a055eaadeef73e0c62]
Jan-11 07:34:36.828 [Task monitor] DEBUG n.processor.TaskPollingMonitor - Task completed > TaskHandler[id: 92; name: task_sG1IterDecon (92); status: COMPLETED; exit: 0; error: -; workDir: /input/data/work/21/b8922131b72b1acd5ea7784bf33632]
Jan-11 07:34:36.896 [Task monitor] DEBUG n.processor.TaskPollingMonitor - Task completed > TaskHandler[id: 91; name: task_sG1IterDecon (91); status: COMPLETED; exit: 0; error: -; workDir: /input/data/work/01/e3093ea8ae1eca2edfccd67e197a9d]
Jan-11 07:34:37.108 [Task monitor] DEBUG n.processor.TaskPollingMonitor - Task completed > TaskHandler[id: 100; name: task_sG1IterDecon (100); status: COMPLETED; exit: 0; error: -; workDir: /input/data/work/39/caafbbb1d6413c83b3b0ae7f72ccaf]
Jan-11 07:34:38.389 [Task monitor] DEBUG n.processor.TaskPollingMonitor - Task completed > TaskHandler[id: 138; name: task_sG1IterDecon (138); status: COMPLETED; exit: 0; error: -; workDir: /input/data/work/b7/71970dc2b25a2f921e6de8b16c78d5]
Jan-11 07:34:40.634 [Task monitor] DEBUG n.processor.TaskPollingMonitor - Task completed > TaskHandler[id: 194; name: task_sG1IterDecon (194); status: COMPLETED; exit: 0; error: -; workDir: /input/data/work/a0/7e609a64c57fc82393df10d464e6f5]
Jan-11 07:34:40.783 [Task monitor] DEBUG n.processor.TaskPollingMonitor - Task completed > TaskHandler[id: 168; name: task_sG1IterDecon (168); status: COMPLETED; exit: 0; error: -; workDir: /input/data/work/b6/14a89e1f41757ffb0f27605cbacb58]
Jan-11 07:34:40.956 [Task monitor] DEBUG n.processor.TaskPollingMonitor - Task completed > TaskHandler[id: 172; name: task_sG1IterDecon (172); status: COMPLETED; exit: 0; error: -; workDir: /input/data/work/5e/2c5945eba210504eee1507072121bf]
Jan-11 07:34:41.088 [Task monitor] DEBUG n.processor.TaskPollingMonitor - Task completed > TaskHandler[id: 171; name: task_sG1IterDecon (171); status: COMPLETED; exit: 0; error: -; workDir: /input/data/work/f6/3e0807a382ea89f13e85db429188e3]
Jan-11 07:34:41.246 [Task monitor] DEBUG n.processor.TaskPollingMonitor - Task completed > TaskHandler[id: 173; name: task_sG1IterDecon (173); status: COMPLETED; exit: 0; error: -; workDir: /input/data/work/be/04c89c2582af0bfdac9efe6c359260]
Jan-11 07:34:41.452 [Task monitor] DEBUG n.processor.TaskPollingMonitor - Task completed > TaskHandler[id: 174; name: task_sG1IterDecon (174); status: COMPLETED; exit: 0; error: -; workDir: /input/data/work/7a/1e66e4ce2d973d046becaa3deb0bc8]
Jan-11 07:34:41.694 [Task monitor] DEBUG n.processor.TaskPollingMonitor - Task completed > TaskHandler[id: 176; name: task_sG1IterDecon (176); status: COMPLETED; exit: 0; error: -; workDir: /input/data/work/6c/cf0a9015701e0384ad078b0c059ed9]
Jan-11 07:34:41.948 [Task monitor] DEBUG n.processor.TaskPollingMonitor - Task completed > TaskHandler[id: 177; name: task_sG1IterDecon (177); status: COMPLETED; exit: 0; error: -; workDir: /input/data/work/10/07c0b838a6fc5d2b40b30765148148]
Jan-11 07:34:42.044 [Task monitor] DEBUG n.processor.TaskPollingMonitor - Task completed > TaskHandler[id: 178; name: task_sG1IterDecon (178); status: COMPLETED; exit: 0; error: -; workDir: /input/data/work/fd/091af1d75e3296628ba1345d76f54f]
Jan-11 07:34:43.167 [Task monitor] DEBUG n.processor.TaskPollingMonitor - Task completed > TaskHandler[id: 184; name: task_sG1IterDecon (184); status: COMPLETED; exit: 0; error: -; workDir: /input/data/work/d2/d446056c3229a57956a470251c2b21]
Jan-11 07:34:44.438 [Task monitor] DEBUG n.processor.TaskPollingMonitor - Task completed > TaskHandler[id: 185; name: task_sG1IterDecon (185); status: COMPLETED; exit: 0; error: -; workDir: /input/data/work/21/d5638458b956f6bcf0306ac564f44d]
Jan-11 07:34:44.564 [Task monitor] DEBUG n.processor.TaskPollingMonitor - Task completed > TaskHandler[id: 186; name: task_sG1IterDecon (186); status: COMPLETED; exit: 0; error: -; workDir: /input/data/work/8c/b75cf9bc7fac6813e2ccf278c46c0d]
Jan-11 07:34:49.040 [Task monitor] DEBUG n.processor.TaskPollingMonitor - Task completed > TaskHandler[id: 141; name: task_sG1IterDecon (141); status: COMPLETED; exit: 0; error: -; workDir: /input/data/work/c0/341ce1ca4ea729b09d03d82bb70e4c]
Jan-11 07:34:49.282 [Task monitor] DEBUG n.processor.TaskPollingMonitor - Task completed > TaskHandler[id: 150; name: task_sG1IterDecon (150); status: COMPLETED; exit: 0; error: -; workDir: /input/data/work/1d/3d6e4bb229f627147bf5b417d023b0]
Jan-11 07:34:49.446 [Task monitor] DEBUG n.processor.TaskPollingMonitor - Task completed > TaskHandler[id: 151; name: task_sG1IterDecon (151); status: COMPLETED; exit: 0; error: -; workDir: /input/data/work/2e/ed663dc1d54f61499cb1545aaac88a]
Jan-11 07:34:49.575 [Task monitor] DEBUG n.processor.TaskPollingMonitor - Task completed > TaskHandler[id: 152; name: task_sG1IterDecon (152); status: COMPLETED; exit: 0; error: -; workDir: /input/data/work/96/9be185381fc337950dc1ee14b303b4]
Jan-11 07:34:49.756 [Task monitor] DEBUG n.processor.TaskPollingMonitor - Task completed > TaskHandler[id: 153; name: task_sG1IterDecon (153); status: COMPLETED; exit: 0; error: -; workDir: /input/data/work/c4/e9ead18b04e75766c9c1c8a103e628]
Jan-11 07:34:49.870 [Task monitor] DEBUG n.processor.TaskPollingMonitor - Task completed > TaskHandler[id: 154; name: task_sG1IterDecon (154); status: COMPLETED; exit: 0; error: -; workDir: /input/data/work/a1/837516547fc39ab4ce141918a57573]
Jan-11 07:34:50.035 [Task monitor] DEBUG n.processor.TaskPollingMonitor - Task completed > TaskHandler[id: 155; name: task_sG1IterDecon (155); status: COMPLETED; exit: 0; error: -; workDir: /input/data/work/c5/1d8a85d17d028cab61080fb1dfdc95]
Jan-11 07:34:50.100 [Task monitor] DEBUG n.processor.TaskPollingMonitor - Task completed > TaskHandler[id: 156; name: task_sG1IterDecon (156); status: COMPLETED; exit: 0; error: -; workDir: /input/data/work/07/42202ecdb23b8ccedf8c191821bc51]
Jan-11 07:34:50.210 [Task monitor] DEBUG n.processor.TaskPollingMonitor - Task completed > TaskHandler[id: 157; name: task_sG1IterDecon (157); status: COMPLETED; exit: 0; error: -; workDir: /input/data/work/3b/bdb63248e65e30a51643b0cc74217b]
Jan-11 07:34:50.493 [Task monitor] DEBUG n.processor.TaskPollingMonitor - Task completed > TaskHandler[id: 158; name: task_sG1IterDecon (158); status: COMPLETED; exit: 0; error: -; workDir: /input/data/work/38/23a38f2b97e27e71c7d241c34ad672]
Jan-11 07:34:50.616 [Task monitor] DEBUG n.processor.TaskPollingMonitor - Task completed > TaskHandler[id: 159; name: task_sG1IterDecon (159); status: COMPLETED; exit: 0; error: -; workDir: /input/data/work/82/8c73b05e22db966b46917c0e3d8685]
Jan-11 07:34:50.691 [Task monitor] DEBUG n.processor.TaskPollingMonitor - Task completed > TaskHandler[id: 161; name: task_sG1IterDecon (161); status: COMPLETED; exit: 0; error: -; workDir: /input/data/work/63/bdd4eb0c91b983d1cfb583fa0b269a]
Jan-11 07:34:50.830 [Task monitor] DEBUG n.processor.TaskPollingMonitor - Task completed > TaskHandler[id: 160; name: task_sG1IterDecon (160); status: COMPLETED; exit: 0; error: -; workDir: /input/data/work/ed/3a55915ff200fcb4359de9072b29f5]
Jan-11 07:34:50.884 [Task monitor] DEBUG n.processor.TaskPollingMonitor - Task completed > TaskHandler[id: 162; name: task_sG1IterDecon (162); status: COMPLETED; exit: 0; error: -; workDir: /input/data/work/10/37bf913be7f10e0fcbce6da900eca9]
Jan-11 07:34:50.985 [Task monitor] DEBUG n.processor.TaskPollingMonitor - Task completed > TaskHandler[id: 165; name: task_sG1IterDecon (165); status: COMPLETED; exit: 0; error: -; workDir: /input/data/work/f5/7e565952d2f1bbcd198939db302283]
Jan-11 07:34:51.071 [Task monitor] DEBUG n.processor.TaskPollingMonitor - Task completed > TaskHandler[id: 164; name: task_sG1IterDecon (164); status: COMPLETED; exit: 0; error: -; workDir: /input/data/work/ef/fafa1e9beaaea5ce50b041514af8d3]
Jan-11 07:34:51.178 [Task monitor] DEBUG n.processor.TaskPollingMonitor - Task completed > TaskHandler[id: 163; name: task_sG1IterDecon (163); status: COMPLETED; exit: 0; error: -; workDir: /input/data/work/2c/b985cf445f750edfd0be97822a77e8]
Jan-11 07:34:51.362 [Task monitor] DEBUG n.processor.TaskPollingMonitor - Task completed > TaskHandler[id: 167; name: task_sG1IterDecon (167); status: COMPLETED; exit: 0; error: -; workDir: /input/data/work/40/6a726f440adbbad18e2dce5554008f]
Jan-11 07:34:51.470 [Task monitor] DEBUG n.processor.TaskPollingMonitor - Task completed > TaskHandler[id: 166; name: task_sG1IterDecon (166); status: COMPLETED; exit: 0; error: -; workDir: /input/data/work/ac/0bdefb396183933eb65e1636d04da9]
Jan-11 07:34:51.664 [Task monitor] DEBUG n.processor.TaskPollingMonitor - Task completed > TaskHandler[id: 169; name: task_sG1IterDecon (169); status: COMPLETED; exit: 0; error: -; workDir: /input/data/work/f5/cecc71a4ceccbff2b29aca036abeba]
Jan-11 07:34:51.827 [Task monitor] DEBUG n.processor.TaskPollingMonitor - Task completed > TaskHandler[id: 170; name: task_sG1IterDecon (170); status: COMPLETED; exit: 0; error: -; workDir: /input/data/work/27/45a080a8e241aa20dd422c765ccd83]
Jan-11 07:34:51.894 [Task monitor] DEBUG n.processor.TaskPollingMonitor - Task completed > TaskHandler[id: 175; name: task_sG1IterDecon (175); status: COMPLETED; exit: 0; error: -; workDir: /input/data/work/20/1a8fdbf5c472dc6904c06956ef809a]
Jan-11 07:34:52.027 [Task monitor] DEBUG n.processor.TaskPollingMonitor - Task completed > TaskHandler[id: 180; name: task_sG1IterDecon (180); status: COMPLETED; exit: 0; error: -; workDir: /input/data/work/2a/9f2853a5a2176fdf897439bb907f63]
Jan-11 07:34:52.083 [Task monitor] DEBUG n.processor.TaskPollingMonitor - Task completed > TaskHandler[id: 183; name: task_sG1IterDecon (183); status: COMPLETED; exit: 0; error: -; workDir: /input/data/work/f0/45d6ac0276711e5b468ba1297bff92]
Jan-11 07:34:52.196 [Task monitor] DEBUG n.processor.TaskPollingMonitor - Task completed > TaskHandler[id: 49; name: task_sG1IterDecon (49); status: COMPLETED; exit: 0; error: -; workDir: /input/data/work/58/1c621ccf1f95057975db4f73376c2b]
Jan-11 07:34:52.366 [Task monitor] DEBUG n.processor.TaskPollingMonitor - Task completed > TaskHandler[id: 52; name: task_sG1IterDecon (52); status: COMPLETED; exit: 0; error: -; workDir: /input/data/work/4c/240e7a70ee525111fbf7a45040ff2e]
Jan-11 07:34:52.687 [Task monitor] DEBUG n.processor.TaskPollingMonitor - Task completed > TaskHandler[id: 51; name: task_sG1IterDecon (51); status: COMPLETED; exit: 0; error: -; workDir: /input/data/work/a4/1e4cbf5a594285532993e505c211ec]
Jan-11 07:34:52.950 [Task monitor] DEBUG n.processor.TaskPollingMonitor - Task completed > TaskHandler[id: 54; name: task_sG1IterDecon (54); status: COMPLETED; exit: 0; error: -; workDir: /input/data/work/c7/89a819ddec23611facb482d3a196a1]
Jan-11 07:34:55.431 [Task monitor] DEBUG n.processor.TaskPollingMonitor - Task completed > TaskHandler[id: 132; name: task_sG1IterDecon (132); status: COMPLETED; exit: 0; error: -; workDir: /input/data/work/92/965b3690b9505f290e8f49b82f4ed0]
Jan-11 07:34:55.587 [Task monitor] DEBUG n.processor.TaskPollingMonitor - Task completed > TaskHandler[id: 133; name: task_sG1IterDecon (133); status: COMPLETED; exit: 0; error: -; workDir: /input/data/work/d1/0f238a4e65580c1578634bf398d2ea]
Jan-11 07:34:55.682 [Task monitor] DEBUG n.processor.TaskPollingMonitor - Task completed > TaskHandler[id: 135; name: task_sG1IterDecon (135); status: COMPLETED; exit: 0; error: -; workDir: /input/data/work/3b/f524acf03aba1886c734505724c86c]
Jan-11 07:34:55.859 [Task monitor] DEBUG n.processor.TaskPollingMonitor - Task completed > TaskHandler[id: 140; name: task_sG1IterDecon (140); status: COMPLETED; exit: 0; error: -; workDir: /input/data/work/47/840eee7bbd110e939242c201ae43ae]
Jan-11 07:34:55.971 [Task monitor] DEBUG n.processor.TaskPollingMonitor - Task completed > TaskHandler[id: 143; name: task_sG1IterDecon (143); status: COMPLETED; exit: 0; error: -; workDir: /input/data/work/3d/247ad9a452f7eb1ddef80752d9496f]
Jan-11 07:34:56.041 [Task monitor] DEBUG n.processor.TaskPollingMonitor - Task completed > TaskHandler[id: 144; name: task_sG1IterDecon (144); status: COMPLETED; exit: 0; error: -; workDir: /input/data/work/a8/9f895292c420d2ee3fd8c999f39a29]
Jan-11 07:34:56.137 [Task monitor] DEBUG n.processor.TaskPollingMonitor - Task completed > TaskHandler[id: 146; name: task_sG1IterDecon (146); status: COMPLETED; exit: 0; error: -; workDir: /input/data/work/16/10b953ba9651c718f2756114d073b5]
Jan-11 07:34:56.235 [Task monitor] DEBUG n.processor.TaskPollingMonitor - Task completed > TaskHandler[id: 145; name: task_sG1IterDecon (145); status: COMPLETED; exit: 0; error: -; workDir: /input/data/work/19/b0acc029200887791fea646b2d61fe]
Jan-11 07:34:56.327 [Task monitor] DEBUG n.processor.TaskPollingMonitor - Task completed > TaskHandler[id: 147; name: task_sG1IterDecon (147); status: COMPLETED; exit: 0; error: -; workDir: /input/data/work/fe/8c4db0388dbd11a7553c3fdf7d2dbc]
Jan-11 07:34:56.412 [Task monitor] DEBUG n.processor.TaskPollingMonitor - Task completed > TaskHandler[id: 148; name: task_sG1IterDecon (148); status: COMPLETED; exit: 0; error: -; workDir: /input/data/work/90/6eb6d22723edd17a106e6534d8229f]
Jan-11 07:34:56.509 [Task monitor] DEBUG n.processor.TaskPollingMonitor - Task completed > TaskHandler[id: 149; name: task_sG1IterDecon (149); status: COMPLETED; exit: 0; error: -; workDir: /input/data/work/16/a3d552adf295a4ab6935bcc7d26299]
Jan-11 07:34:59.328 [Task monitor] DEBUG n.processor.TaskPollingMonitor - Task completed > TaskHandler[id: 129; name: task_sG1IterDecon (129); status: COMPLETED; exit: 0; error: -; workDir: /input/data/work/4e/4fba740488dc364e72fff7c22e583b]
Jan-11 07:35:00.658 [Task monitor] DEBUG n.processor.TaskPollingMonitor - Task completed > TaskHandler[id: 131; name: task_sG1IterDecon (131); status: COMPLETED; exit: 0; error: -; workDir: /input/data/work/d8/ce8f5c8e256c7b54ccaf14382313ac]
Jan-11 07:35:05.730 [Task monitor] DEBUG n.processor.TaskPollingMonitor - Task completed > TaskHandler[id: 130; name: task_sG1IterDecon (130); status: COMPLETED; exit: 0; error: -; workDir: /input/data/work/94/5529b1461a5fc310761388b7aa9935]
Jan-11 07:35:08.574 [Task monitor] DEBUG n.processor.TaskPollingMonitor - Task completed > TaskHandler[id: 96; name: task_sG1IterDecon (96); status: COMPLETED; exit: 0; error: -; workDir: /input/data/work/eb/cecc15ba5cf161854d82c7f3d900a9]
Jan-11 07:35:09.086 [Task monitor] DEBUG n.processor.TaskPollingMonitor - Task completed > TaskHandler[id: 101; name: task_sG1IterDecon (101); status: COMPLETED; exit: 0; error: -; workDir: /input/data/work/e5/9c0dbea7d1a5adce8ab4a9438051a4]
Jan-11 07:35:09.420 [Task monitor] DEBUG n.processor.TaskPollingMonitor - Task completed > TaskHandler[id: 103; name: task_sG1IterDecon (103); status: COMPLETED; exit: 0; error: -; workDir: /input/data/work/73/fd883fd014081260822615efc6374a]
Jan-11 07:35:09.549 [Task monitor] DEBUG n.processor.TaskPollingMonitor - Task completed > TaskHandler[id: 104; name: task_sG1IterDecon (104); status: COMPLETED; exit: 0; error: -; workDir: /input/data/work/b0/42069b90532027e4db018fd5fe8664]
Jan-11 07:35:09.644 [Task monitor] DEBUG n.processor.TaskPollingMonitor - Task completed > TaskHandler[id: 105; name: task_sG1IterDecon (105); status: COMPLETED; exit: 0; error: -; workDir: /input/data/work/bf/33f63ad2ae57218d1b78598d5841bf]
Jan-11 07:35:09.866 [Task monitor] DEBUG n.processor.TaskPollingMonitor - Task completed > TaskHandler[id: 106; name: task_sG1IterDecon (106); status: COMPLETED; exit: 0; error: -; workDir: /input/data/work/06/0b5694c2e59165f4c7e9b2e845333e]
Jan-11 07:35:09.982 [Task monitor] DEBUG n.processor.TaskPollingMonitor - Task completed > TaskHandler[id: 107; name: task_sG1IterDecon (107); status: COMPLETED; exit: 0; error: -; workDir: /input/data/work/63/22666cc8e3802ed53ab2999019b1aa]
Jan-11 07:35:10.090 [Task monitor] DEBUG n.processor.TaskPollingMonitor - Task completed > TaskHandler[id: 108; name: task_sG1IterDecon (108); status: COMPLETED; exit: 0; error: -; workDir: /input/data/work/d5/a4d3d3e5884f2f265276309e4e9ccc]
Jan-11 07:35:10.260 [Task monitor] DEBUG n.processor.TaskPollingMonitor - Task completed > TaskHandler[id: 110; name: task_sG1IterDecon (110); status: COMPLETED; exit: 0; error: -; workDir: /input/data/work/3d/de8b4294d81b8db9bc4d5711f3c50d]
Jan-11 07:35:10.374 [Task monitor] DEBUG n.processor.TaskPollingMonitor - Task completed > TaskHandler[id: 109; name: task_sG1IterDecon (109); status: COMPLETED; exit: 0; error: -; workDir: /input/data/work/ef/f4c3dbc0784e20ffacecfa473d822a]
Jan-11 07:35:10.633 [Task monitor] DEBUG n.processor.TaskPollingMonitor - Task completed > TaskHandler[id: 111; name: task_sG1IterDecon (111); status: COMPLETED; exit: 0; error: -; workDir: /input/data/work/63/ea3d182574534999fede684fe5e483]
Jan-11 07:35:10.759 [Task monitor] DEBUG n.processor.TaskPollingMonitor - Task completed > TaskHandler[id: 112; name: task_sG1IterDecon (112); status: COMPLETED; exit: 0; error: -; workDir: /input/data/work/9a/51cb94f7a043a34f593d206bb0ebd0]
Jan-11 07:35:10.861 [Task monitor] DEBUG n.processor.TaskPollingMonitor - Task completed > TaskHandler[id: 116; name: task_sG1IterDecon (116); status: COMPLETED; exit: 0; error: -; workDir: /input/data/work/f1/1375c646c5f998e706ee156b44bc06]
Jan-11 07:35:10.946 [Task monitor] DEBUG n.processor.TaskPollingMonitor - Task completed > TaskHandler[id: 113; name: task_sG1IterDecon (113); status: COMPLETED; exit: 0; error: -; workDir: /input/data/work/25/729f81f7af4d0f3d4862d7ca6b07aa]
Jan-11 07:35:11.041 [Task monitor] DEBUG n.processor.TaskPollingMonitor - Task completed > TaskHandler[id: 117; name: task_sG1IterDecon (117); status: COMPLETED; exit: 0; error: -; workDir: /input/data/work/8c/883140267524a2b4e17362a5a4417b]
Jan-11 07:35:11.191 [Task monitor] DEBUG n.processor.TaskPollingMonitor - Task completed > TaskHandler[id: 114; name: task_sG1IterDecon (114); status: COMPLETED; exit: 0; error: -; workDir: /input/data/work/20/3650989c59d5fec44ccab8aeeb2a73]
Jan-11 07:35:11.383 [Task monitor] DEBUG n.processor.TaskPollingMonitor - Task completed > TaskHandler[id: 115; name: task_sG1IterDecon (115); status: COMPLETED; exit: 0; error: -; workDir: /input/data/work/df/078eaf14cd23f8ac3713613f31ccbe]
Jan-11 07:35:11.445 [Task monitor] DEBUG n.processor.TaskPollingMonitor - Task completed > TaskHandler[id: 118; name: task_sG1IterDecon (118); status: COMPLETED; exit: 0; error: -; workDir: /input/data/work/78/178ff7c40b5e67c0295c905f92cf45]
Jan-11 07:35:11.501 [Task monitor] DEBUG n.processor.TaskPollingMonitor - Task completed > TaskHandler[id: 120; name: task_sG1IterDecon (120); status: COMPLETED; exit: 0; error: -; workDir: /input/data/work/7b/ef6fb3565cf93e345484bce006159b]
Jan-11 07:35:15.649 [Task monitor] DEBUG n.processor.TaskPollingMonitor - Task completed > TaskHandler[id: 119; name: task_sG1IterDecon (119); status: COMPLETED; exit: 0; error: -; workDir: /input/data/work/8b/fbc5906cbe8fdfcd8faa2142864cc9]
Jan-11 07:35:15.745 [Task monitor] DEBUG n.processor.TaskPollingMonitor - Task completed > TaskHandler[id: 121; name: task_sG1IterDecon (121); status: COMPLETED; exit: 0; error: -; workDir: /input/data/work/6a/6b9f0fa64cf49349dbd213bbd28ab1]
Jan-11 07:35:15.878 [Task monitor] DEBUG n.processor.TaskPollingMonitor - Task completed > TaskHandler[id: 122; name: task_sG1IterDecon (122); status: COMPLETED; exit: 0; error: -; workDir: /input/data/work/7f/2861f23c91e46a83bfa56221d4fd3c]
Jan-11 07:35:15.953 [Task monitor] DEBUG n.processor.TaskPollingMonitor - Task completed > TaskHandler[id: 123; name: task_sG1IterDecon (123); status: COMPLETED; exit: 0; error: -; workDir: /input/data/work/46/196b92713e8781ca59db12cdd2ec0a]
Jan-11 07:35:16.028 [Task monitor] DEBUG n.processor.TaskPollingMonitor - Task completed > TaskHandler[id: 125; name: task_sG1IterDecon (125); status: COMPLETED; exit: 0; error: -; workDir: /input/data/work/95/ee974ae39f8338cc5967789c31c331]
Jan-11 07:35:16.119 [Task monitor] DEBUG n.processor.TaskPollingMonitor - Task completed > TaskHandler[id: 124; name: task_sG1IterDecon (124); status: COMPLETED; exit: 0; error: -; workDir: /input/data/work/95/1d33938f53ed9dd1f46dc22afc0c0e]
Jan-11 07:35:16.211 [Task monitor] DEBUG n.processor.TaskPollingMonitor - Task completed > TaskHandler[id: 126; name: task_sG1IterDecon (126); status: COMPLETED; exit: 0; error: -; workDir: /input/data/work/c8/4f12321010ae88bcf1c89d5eac06e2]
Jan-11 07:35:16.328 [Task monitor] DEBUG n.processor.TaskPollingMonitor - Task completed > TaskHandler[id: 127; name: task_sG1IterDecon (127); status: COMPLETED; exit: 0; error: -; workDir: /input/data/work/f8/a5a30b4707b5cf36c838652739c1ce]
Jan-11 07:35:16.432 [Task monitor] DEBUG n.processor.TaskPollingMonitor - Task completed > TaskHandler[id: 128; name: task_sG1IterDecon (128); status: COMPLETED; exit: 0; error: -; workDir: /input/data/work/63/854fafdfcb71b9c30ecc55c069c3ff]
Jan-11 07:35:16.565 [Task monitor] DEBUG n.processor.TaskPollingMonitor - Task completed > TaskHandler[id: 134; name: task_sG1IterDecon (134); status: COMPLETED; exit: 0; error: -; workDir: /input/data/work/b4/f5e32c75ef2aee258541620485b9be]
Jan-11 07:35:16.659 [Task monitor] DEBUG n.processor.TaskPollingMonitor - Task completed > TaskHandler[id: 136; name: task_sG1IterDecon (136); status: COMPLETED; exit: 0; error: -; workDir: /input/data/work/aa/b8b81216e08f7e579e19e6a9a85102]
Jan-11 07:35:16.799 [Task monitor] DEBUG n.processor.TaskPollingMonitor - Task completed > TaskHandler[id: 137; name: task_sG1IterDecon (137); status: COMPLETED; exit: 0; error: -; workDir: /input/data/work/4b/e0777c971bcece71772c54351c213a]
Jan-11 07:35:16.900 [Task monitor] DEBUG n.processor.TaskPollingMonitor - Task completed > TaskHandler[id: 139; name: task_sG1IterDecon (139); status: COMPLETED; exit: 0; error: -; workDir: /input/data/work/6b/28d313dd320518700e9749c8ae428c]
Jan-11 07:35:17.004 [Task monitor] DEBUG n.processor.TaskPollingMonitor - Task completed > TaskHandler[id: 142; name: task_sG1IterDecon (142); status: COMPLETED; exit: 0; error: -; workDir: /input/data/work/ac/b2643955c779cd52d616b27f35c7f6]
Jan-11 07:35:20.595 [Task monitor] DEBUG n.processor.TaskPollingMonitor - Task completed > TaskHandler[id: 90; name: task_sG1IterDecon (90); status: COMPLETED; exit: 0; error: -; workDir: /input/data/work/fb/c8214a5a7d88925be87d00ecc8fa04]
Jan-11 07:35:20.690 [Task monitor] DEBUG n.processor.TaskPollingMonitor - Task completed > TaskHandler[id: 94; name: task_sG1IterDecon (94); status: COMPLETED; exit: 0; error: -; workDir: /input/data/work/a4/3c0defbe9c283ceb339d999947e81b]
Jan-11 07:35:20.753 [Task monitor] DEBUG n.processor.TaskPollingMonitor - Task completed > TaskHandler[id: 95; name: task_sG1IterDecon (95); status: COMPLETED; exit: 0; error: -; workDir: /input/data/work/78/8eab5a8fe3e28d3c23e86935e26fad]
Jan-11 07:35:20.819 [Task monitor] DEBUG n.processor.TaskPollingMonitor - Task completed > TaskHandler[id: 97; name: task_sG1IterDecon (97); status: COMPLETED; exit: 0; error: -; workDir: /input/data/work/25/b6c8cb4c41b22512736f902ba96794]
Jan-11 07:35:20.876 [Task monitor] DEBUG n.processor.TaskPollingMonitor - Task completed > TaskHandler[id: 98; name: task_sG1IterDecon (98); status: COMPLETED; exit: 0; error: -; workDir: /input/data/work/d5/00ce0aa5dca2b1dccd059abd57942f]
Jan-11 07:35:20.947 [Task monitor] DEBUG n.processor.TaskPollingMonitor - Task completed > TaskHandler[id: 99; name: task_sG1IterDecon (99); status: COMPLETED; exit: 0; error: -; workDir: /input/data/work/26/4f837f687a7bbf7b73946a8046acf7]
Jan-11 07:35:20.998 [Task monitor] DEBUG n.processor.TaskPollingMonitor - Task completed > TaskHandler[id: 102; name: task_sG1IterDecon (102); status: COMPLETED; exit: 0; error: -; workDir: /input/data/work/f1/d97d739fbf2f2e3d0465803a001fe1]
Jan-11 07:35:25.586 [Task monitor] DEBUG n.processor.TaskPollingMonitor - Task completed > TaskHandler[id: 69; name: task_sG1IterDecon (69); status: COMPLETED; exit: 0; error: -; workDir: /input/data/work/92/172f4d6a62800fb4a3bc3b11d73bff]
Jan-11 07:35:25.742 [Task monitor] DEBUG n.processor.TaskPollingMonitor - Task completed > TaskHandler[id: 78; name: task_sG1IterDecon (78); status: COMPLETED; exit: 0; error: -; workDir: /input/data/work/4a/4f44a68c4665bfca22053c4790566d]
Jan-11 07:35:25.834 [Task monitor] DEBUG n.processor.TaskPollingMonitor - Task completed > TaskHandler[id: 82; name: task_sG1IterDecon (82); status: COMPLETED; exit: 0; error: -; workDir: /input/data/work/bf/17fecc9a15f8b5e8d3410513519cf1]
Jan-11 07:35:25.876 [Task monitor] DEBUG n.processor.TaskPollingMonitor - Task completed > TaskHandler[id: 84; name: task_sG1IterDecon (84); status: COMPLETED; exit: 0; error: -; workDir: /input/data/work/c7/1383ae3bd944f995ee131a2e131981]
Jan-11 07:35:30.572 [Task monitor] DEBUG n.processor.TaskPollingMonitor - Task completed > TaskHandler[id: 50; name: task_sG1IterDecon (50); status: COMPLETED; exit: 0; error: -; workDir: /input/data/work/d6/4ae0b2aa1a34c45d92720080a6e88c]
Jan-11 07:35:30.617 [Task monitor] DEBUG n.processor.TaskPollingMonitor - Task completed > TaskHandler[id: 56; name: task_sG1IterDecon (56); status: COMPLETED; exit: 0; error: -; workDir: /input/data/work/17/9f11296b8905b30d066af1a4c26435]
Jan-11 07:35:30.658 [Task monitor] DEBUG n.processor.TaskPollingMonitor - Task completed > TaskHandler[id: 53; name: task_sG1IterDecon (53); status: COMPLETED; exit: 0; error: -; workDir: /input/data/work/ee/52cae0976f4d5e1ae7fc18396cfed6]
Jan-11 07:35:30.695 [Task monitor] DEBUG n.processor.TaskPollingMonitor - Task completed > TaskHandler[id: 55; name: task_sG1IterDecon (55); status: COMPLETED; exit: 0; error: -; workDir: /input/data/work/7e/b41b2b46ce0902385a67b356a9fb04]
Jan-11 07:35:30.740 [Task monitor] DEBUG n.processor.TaskPollingMonitor - Task completed > TaskHandler[id: 83; name: task_sG1IterDecon (83); status: COMPLETED; exit: 0; error: -; workDir: /input/data/work/e9/26d4072f94eb96de019a3816c52ced]
Jan-11 07:35:30.787 [Task monitor] DEBUG n.processor.TaskPollingMonitor - Task completed > TaskHandler[id: 58; name: task_sG1IterDecon (58); status: COMPLETED; exit: 0; error: -; workDir: /input/data/work/88/9d013aab0263b4d84bb9b00940a89c]
Jan-11 07:35:30.834 [Task monitor] DEBUG n.processor.TaskPollingMonitor - Task completed > TaskHandler[id: 57; name: task_sG1IterDecon (57); status: COMPLETED; exit: 0; error: -; workDir: /input/data/work/fd/4598fd2da629c3c7cf36261bce3cfb]
Jan-11 07:35:30.897 [Task monitor] DEBUG n.processor.TaskPollingMonitor - Task completed > TaskHandler[id: 61; name: task_sG1IterDecon (61); status: COMPLETED; exit: 0; error: -; workDir: /input/data/work/40/5919550a4eb7c8200e018beb75e977]
Jan-11 07:35:30.947 [Task monitor] DEBUG n.processor.TaskPollingMonitor - Task completed > TaskHandler[id: 59; name: task_sG1IterDecon (59); status: COMPLETED; exit: 0; error: -; workDir: /input/data/work/7a/d4314737108078838fe6e1e2848aee]
Jan-11 07:35:30.994 [Task monitor] DEBUG n.processor.TaskPollingMonitor - Task completed > TaskHandler[id: 62; name: task_sG1IterDecon (62); status: COMPLETED; exit: 0; error: -; workDir: /input/data/work/63/97d5fdbd084a7dcce86bfc064567c9]
Jan-11 07:35:31.040 [Task monitor] DEBUG n.processor.TaskPollingMonitor - Task completed > TaskHandler[id: 60; name: task_sG1IterDecon (60); status: COMPLETED; exit: 0; error: -; workDir: /input/data/work/d3/64f49a57413b47ae059fcc082fe2ac]
Jan-11 07:35:31.089 [Task monitor] DEBUG n.processor.TaskPollingMonitor - Task completed > TaskHandler[id: 65; name: task_sG1IterDecon (65); status: COMPLETED; exit: 0; error: -; workDir: /input/data/work/d6/bd6c38b73c1038d96c877c2ac6657d]
Jan-11 07:35:31.148 [Task monitor] DEBUG n.processor.TaskPollingMonitor - Task completed > TaskHandler[id: 64; name: task_sG1IterDecon (64); status: COMPLETED; exit: 0; error: -; workDir: /input/data/work/50/581b89d18b2522303187864b566462]
Jan-11 07:35:31.199 [Task monitor] DEBUG n.processor.TaskPollingMonitor - Task completed > TaskHandler[id: 67; name: task_sG1IterDecon (67); status: COMPLETED; exit: 0; error: -; workDir: /input/data/work/54/65b4dfcde764c5a92ea4b360d0453c]
Jan-11 07:35:31.244 [Task monitor] DEBUG n.processor.TaskPollingMonitor - Task completed > TaskHandler[id: 66; name: task_sG1IterDecon (66); status: COMPLETED; exit: 0; error: -; workDir: /input/data/work/28/e6c6255c1ff8302d5e8db5ad0dae29]
Jan-11 07:35:31.288 [Task monitor] DEBUG n.processor.TaskPollingMonitor - Task completed > TaskHandler[id: 68; name: task_sG1IterDecon (68); status: COMPLETED; exit: 0; error: -; workDir: /input/data/work/32/0c2633ab5fe789d3b2d0ac8f32763d]
Jan-11 07:35:31.330 [Task monitor] DEBUG n.processor.TaskPollingMonitor - Task completed > TaskHandler[id: 71; name: task_sG1IterDecon (71); status: COMPLETED; exit: 0; error: -; workDir: /input/data/work/f7/7bc2924ecaaaa8c95f8aa2246844ad]
Jan-11 07:35:31.373 [Task monitor] DEBUG n.processor.TaskPollingMonitor - Task completed > TaskHandler[id: 70; name: task_sG1IterDecon (70); status: COMPLETED; exit: 0; error: -; workDir: /input/data/work/3e/77cbb458337e7141c867f75d53e5cb]
Jan-11 07:35:31.419 [Task monitor] DEBUG n.processor.TaskPollingMonitor - Task completed > TaskHandler[id: 72; name: task_sG1IterDecon (72); status: COMPLETED; exit: 0; error: -; workDir: /input/data/work/88/23de30796065e84e552c736a7403a5]
Jan-11 07:35:31.462 [Task monitor] DEBUG n.processor.TaskPollingMonitor - Task completed > TaskHandler[id: 73; name: task_sG1IterDecon (73); status: COMPLETED; exit: 0; error: -; workDir: /input/data/work/ba/b27814a68d216e3509b2f85f1422e3]
Jan-11 07:35:31.500 [Task monitor] DEBUG n.processor.TaskPollingMonitor - Task completed > TaskHandler[id: 74; name: task_sG1IterDecon (74); status: COMPLETED; exit: 0; error: -; workDir: /input/data/work/81/ab293df07b71c7b244fa5b192bfed7]
Jan-11 07:35:31.538 [Task monitor] DEBUG n.processor.TaskPollingMonitor - Task completed > TaskHandler[id: 77; name: task_sG1IterDecon (77); status: COMPLETED; exit: 0; error: -; workDir: /input/data/work/ee/269f7f72d530dd7512ce1aff353c95]
Jan-11 07:35:31.581 [Task monitor] DEBUG n.processor.TaskPollingMonitor - Task completed > TaskHandler[id: 76; name: task_sG1IterDecon (76); status: COMPLETED; exit: 0; error: -; workDir: /input/data/work/5b/28699b3f5b5c1be24553c106c837c0]
Jan-11 07:35:31.629 [Task monitor] DEBUG n.processor.TaskPollingMonitor - Task completed > TaskHandler[id: 79; name: task_sG1IterDecon (79); status: COMPLETED; exit: 0; error: -; workDir: /input/data/work/86/908ffcb1beebae3b908719ac7e2e3e]
Jan-11 07:35:31.672 [Task monitor] DEBUG n.processor.TaskPollingMonitor - Task completed > TaskHandler[id: 81; name: task_sG1IterDecon (81); status: COMPLETED; exit: 0; error: -; workDir: /input/data/work/fd/d444ec3b9d282e37f4feb80db2558d]
Jan-11 07:35:31.717 [Task monitor] DEBUG n.processor.TaskPollingMonitor - Task completed > TaskHandler[id: 80; name: task_sG1IterDecon (80); status: COMPLETED; exit: 0; error: -; workDir: /input/data/work/10/12e4164ed7a3b5a789540c613cccac]
Jan-11 07:35:37.064 [Task monitor] DEBUG n.processor.TaskPollingMonitor - Task completed > TaskHandler[id: 63; name: task_sG1IterDecon (63); status: COMPLETED; exit: 0; error: -; workDir: /input/data/work/11/92b754d07982c2beabc38a0693a237]
Jan-11 07:35:37.156 [Task submitter] INFO  nextflow.Session - [77/6ff789] Submitted process > task_wrapper_siftSTFByMisfit (1)
Jan-11 07:38:52.018 [Task monitor] DEBUG n.processor.TaskPollingMonitor - !! executor k8s > tasks to be completed: 1 -- submitted tasks are shown below
~> TaskHandler[id: 198; name: task_wrapper_siftSTFByMisfit (1); status: SUBMITTED; exit: -; error: -; workDir: /input/data/work/77/6ff7899ea60342b9ed2892447b031e]
Jan-11 07:43:52.028 [Task monitor] DEBUG n.processor.TaskPollingMonitor - !! executor k8s > tasks to be completed: 1 -- submitted tasks are shown below
~> TaskHandler[id: 198; name: task_wrapper_siftSTFByMisfit (1); status: SUBMITTED; exit: -; error: -; workDir: /input/data/work/77/6ff7899ea60342b9ed2892447b031e]
Jan-11 07:48:52.035 [Task monitor] DEBUG n.processor.TaskPollingMonitor - !! executor k8s > tasks to be completed: 1 -- submitted tasks are shown below
~> TaskHandler[id: 198; name: task_wrapper_siftSTFByMisfit (1); status: SUBMITTED; exit: -; error: -; workDir: /input/data/work/77/6ff7899ea60342b9ed2892447b031e]
Jan-11 07:53:52.047 [Task monitor] DEBUG n.processor.TaskPollingMonitor - !! executor k8s > tasks to be completed: 1 -- submitted tasks are shown below
~> TaskHandler[id: 198; name: task_wrapper_siftSTFByMisfit (1); status: SUBMITTED; exit: -; error: -; workDir: /input/data/work/77/6ff7899ea60342b9ed2892447b031e]
Jan-11 07:58:22.110 [Task monitor] DEBUG n.processor.TaskPollingMonitor - Task completed > TaskHandler[id: 198; name: task_wrapper_siftSTFByMisfit (1); status: COMPLETED; exit: 0; error: -; workDir: /input/data/work/77/6ff7899ea60342b9ed2892447b031e]
Jan-11 07:58:22.112 [main] DEBUG nextflow.Session - Session await > all processes finished
Jan-11 07:58:22.119 [main] DEBUG nextflow.Session - Session await > all barriers passed
Jan-11 07:58:22.131 [main] DEBUG n.trace.WorkflowStatsObserver - Workflow completed > WorkflowStats[succeededCount=198; failedCount=0; ignoredCount=0; cachedCount=0; pendingCount=0; submittedCount=0; runningCount=0; retriesCount=0; abortedCount=0; succeedDuration=50m 36s; failedDuration=0ms; cachedDuration=0ms;loadCpus=0; loadMemory=0; peakRunning=54; peakCpus=54; peakMemory=1.1 TB; ]
Jan-11 07:58:22.131 [main] DEBUG nextflow.trace.TraceFileObserver - Workflow completed -- saving trace file
Jan-11 07:58:22.133 [main] DEBUG nextflow.trace.ReportObserver - Workflow completed -- rendering execution report
Jan-11 07:58:22.750 [main] DEBUG nextflow.trace.TimelineObserver - Workflow completed -- rendering execution timeline
Jan-11 07:58:22.887 [main] DEBUG nextflow.cache.CacheDB - Closing CacheDB done
Jan-11 07:58:22.911 [main] DEBUG nextflow.util.ThreadPoolManager - Thread pool 'FileTransfer' shutdown completed (hard=false)
Jan-11 07:58:22.911 [main] DEBUG nextflow.script.ScriptRunner - > Execution complete -- Goodbye
