Dec-07 22:19:37.262 [main] DEBUG nextflow.cli.Launcher - $> nextflow run /input/group -c /experiments/experiment/group/nextflow.config -c /experiments/experiment/nextflow_la.config -c /experiments/experiment/nextflow_ceph.config
Dec-07 22:19:37.324 [main] INFO  nextflow.cli.CmdRun - N E X T F L O W  ~  version 23.07.0-edge
Dec-07 22:19:37.345 [main] DEBUG nextflow.plugin.PluginsFacade - Setting up plugin manager > mode=prod; embedded=false; plugins-dir=/.nextflow/plugins; core-plugins: nf-amazon@2.1.0,nf-azure@1.1.4,nf-cloudcache@0.1.0,nf-codecommit@0.1.5,nf-console@1.0.6,nf-ga4gh@1.1.0,nf-google@1.8.1,nf-tower@1.5.15,nf-wave@0.11.0
Dec-07 22:19:37.355 [main] INFO  o.pf4j.DefaultPluginStatusProvider - Enabled plugins: []
Dec-07 22:19:37.356 [main] INFO  o.pf4j.DefaultPluginStatusProvider - Disabled plugins: []
Dec-07 22:19:37.358 [main] INFO  org.pf4j.DefaultPluginManager - PF4J version 3.4.1 in 'deployment' mode
Dec-07 22:19:37.366 [main] INFO  org.pf4j.AbstractPluginManager - No plugins
Dec-07 22:19:37.385 [main] DEBUG nextflow.scm.AssetManager - Project manifest does not exist: /input/group/nextflow.config (No such file or directory)
Dec-07 22:19:37.408 [main] DEBUG nextflow.config.ConfigBuilder - User config file: /experiments/experiment/group/nextflow.config
Dec-07 22:19:37.408 [main] DEBUG nextflow.config.ConfigBuilder - User config file: /experiments/experiment/nextflow_la.config
Dec-07 22:19:37.409 [main] DEBUG nextflow.config.ConfigBuilder - User config file: /experiments/experiment/nextflow_ceph.config
Dec-07 22:19:37.409 [main] DEBUG nextflow.config.ConfigBuilder - Parsing config file: /experiments/experiment/group/nextflow.config
Dec-07 22:19:37.409 [main] DEBUG nextflow.config.ConfigBuilder - Parsing config file: /experiments/experiment/nextflow_la.config
Dec-07 22:19:37.409 [main] DEBUG nextflow.config.ConfigBuilder - Parsing config file: /experiments/experiment/nextflow_ceph.config
Dec-07 22:19:37.423 [main] DEBUG nextflow.config.ConfigBuilder - Applying config profile: `standard`
Dec-07 22:19:37.921 [main] DEBUG nextflow.config.ConfigBuilder - Applying config profile: `standard`
Dec-07 22:19:38.077 [main] DEBUG nextflow.config.ConfigBuilder - Applying config profile: `standard`
Dec-07 22:19:38.102 [main] DEBUG nextflow.cli.CmdRun - Applied DSL=2 by global default
Dec-07 22:19:38.115 [main] INFO  nextflow.cli.CmdRun - Launching `/input/group/main.nf` [furious_church] DSL2 - revision: eb2bec4e66
Dec-07 22:19:38.115 [main] DEBUG nextflow.plugin.PluginsFacade - Plugins default=[]
Dec-07 22:19:38.116 [main] DEBUG nextflow.plugin.PluginsFacade - Plugins resolved requirement=[]
Dec-07 22:19:38.123 [main] DEBUG n.secret.LocalSecretsProvider - Secrets store: /.nextflow/secrets/store.json
Dec-07 22:19:38.125 [main] DEBUG nextflow.secret.SecretsLoader - Discovered secrets providers: [nextflow.secret.LocalSecretsProvider@1d12e953] - activable => nextflow.secret.LocalSecretsProvider@1d12e953
Dec-07 22:19:38.176 [main] DEBUG nextflow.Session - Session UUID: e9904c11-a640-44ae-86cb-d945c351321e
Dec-07 22:19:38.176 [main] DEBUG nextflow.Session - Run name: furious_church
Dec-07 22:19:38.176 [main] DEBUG nextflow.Session - Executor pool size: 32
Dec-07 22:19:38.182 [main] DEBUG nextflow.file.FilePorter - File porter settings maxRetries=3; maxTransfers=50; pollTimeout=null
Dec-07 22:19:38.185 [main] DEBUG nextflow.util.ThreadPoolBuilder - Creating thread pool 'FileTransfer' minSize=10; maxSize=96; workQueue=LinkedBlockingQueue[10000]; allowCoreThreadTimeout=false
Dec-07 22:19:38.214 [main] DEBUG nextflow.cli.CmdRun - 
  Version: 23.07.0-edge build 5875
  Created: 28-07-2023 20:27 UTC (20:27 GMT)
  System: Linux 5.4.0-166-generic
  Runtime: Groovy 3.0.18 on OpenJDK 64-Bit Server VM 17.0.6+10-LTS
  Encoding: UTF-8 (UTF-8)
  Process: 35321@nextflow [10.233.76.58]
  CPUs: 32 - Mem: 125.7 GB (121.4 GB) - Swap: 0 (0)
Dec-07 22:19:38.244 [main] DEBUG nextflow.Session - Work-dir: /input/data/work [ceph]
Dec-07 22:19:38.244 [main] DEBUG nextflow.Session - Script base path does not exist or is not a directory: /input/group/bin
Dec-07 22:19:38.255 [main] DEBUG nextflow.executor.ExecutorFactory - Extension executors providers=[]
Dec-07 22:19:38.262 [main] DEBUG nextflow.Session - Observer factory: DefaultObserverFactory
Dec-07 22:19:38.289 [main] DEBUG nextflow.cache.CacheFactory - Using Nextflow cache factory: nextflow.cache.DefaultCacheFactory
Dec-07 22:19:38.297 [main] DEBUG nextflow.util.CustomThreadPool - Creating default thread pool > poolSize: 33; maxThreads: 1000
Dec-07 22:19:38.386 [main] DEBUG nextflow.Session - Session start
Dec-07 22:19:38.391 [main] DEBUG nextflow.trace.TraceFileObserver - Workflow started -- trace file: /input/data/output/trace.csv
Dec-07 22:19:38.557 [main] DEBUG nextflow.script.ScriptRunner - > Launching execution
Dec-07 22:19:38.773 [main] DEBUG nextflow.script.ProcessConfig - Config settings `withName:writeLargeFile` matches process writeLargeFile
Dec-07 22:19:38.783 [main] DEBUG nextflow.executor.ExecutorFactory - << taskConfig executor: k8s
Dec-07 22:19:38.783 [main] DEBUG nextflow.executor.ExecutorFactory - >> processorType: 'k8s'
Dec-07 22:19:38.791 [main] DEBUG nextflow.executor.Executor - [warm up] executor > k8s
Dec-07 22:19:38.808 [main] DEBUG n.processor.TaskPollingMonitor - Creating task monitor for executor 'k8s' > capacity: 300; pollInterval: 5s; dumpInterval: 5m; schedulerBatch: null
Dec-07 22:19:38.812 [main] DEBUG nextflow.k8s.client.ConfigDiscovery - K8s config file does not exist: /root/.kube/config
Dec-07 22:19:38.823 [main] DEBUG nextflow.k8s.K8sExecutor - [K8s] config=[localPath:/localdata, localStorageMountPath:/localdata, scheduler:[strategy:LAv2, name:workflow-scheduler, autoClose:false, nodeSelector:usedby=anonymized, container:anonymized/test1:sch_v194], storage:[type:copy, workdir:/localdata/localwork/, nodeSelector:usedby=anonymized, imageName:anonymized/test1:ftp_v122], debug:[yaml:true], namespace:anonymized, serviceAccount:nextflow, workDir:/input/data/work/, projectDir:/input/data/project/, imagePullPolicy:IfNotPresent, launchDir:/input/data/launch/, runAsUser:0, fetchNodeName:true, storageMountPath:/input, pod:[nodeSelector:usedby=anonymized], storageClaimName:ceph-data]; API client config=ClientConfig[ server=10.233.0.1:443, namespace=anonymized, serviceAccount=nextflow, token=eyJhbGciOiJ.., sslCert=LS0tLS1CRUd.., clientCert=-, clientKey=-, verifySsl=false, fromFile=true, httpReadTimeout=null, httpConnectTimeout=null, maxErrorRetry=4 ]
Dec-07 22:19:39.261 [main] DEBUG nextflow.k8s.K8sExecutor - Created K8s configMap with name: nf-get-stat-41cac373
Dec-07 22:19:43.004 [main] DEBUG nextflow.script.ProcessConfig - Config settings `withName:combineFiles` matches process combineFiles
Dec-07 22:19:43.007 [main] DEBUG nextflow.executor.ExecutorFactory - << taskConfig executor: k8s
Dec-07 22:19:43.007 [main] DEBUG nextflow.executor.ExecutorFactory - >> processorType: 'k8s'
Dec-07 22:19:43.022 [main] DEBUG nextflow.Session - Workflow process names [dsl2]: revertFile, combineFiles, writeLargeFile
Dec-07 22:19:43.024 [main] DEBUG nextflow.Session - Igniting dataflow network (3)
Dec-07 22:19:43.026 [main] DEBUG nextflow.processor.TaskProcessor - Starting process > writeLargeFile
Dec-07 22:19:43.027 [main] DEBUG nextflow.processor.TaskProcessor - Starting process > combineFiles
Dec-07 22:19:43.027 [main] DEBUG nextflow.script.ScriptRunner - > Awaiting termination 
Dec-07 22:19:43.027 [main] DEBUG nextflow.Session - Session await
Dec-07 22:19:43.299 [Task submitter] INFO  nextflow.Session - [48/cb3870] Submitted process > writeLargeFile (17)
Dec-07 22:19:43.340 [Task submitter] INFO  nextflow.Session - [91/40c56b] Submitted process > writeLargeFile (9)
Dec-07 22:19:43.379 [Task submitter] INFO  nextflow.Session - [af/3e04f7] Submitted process > writeLargeFile (25)
Dec-07 22:19:43.416 [Task submitter] INFO  nextflow.Session - [07/65c265] Submitted process > writeLargeFile (32)
Dec-07 22:19:43.458 [Task submitter] INFO  nextflow.Session - [56/594a87] Submitted process > writeLargeFile (13)
Dec-07 22:19:43.494 [Task submitter] INFO  nextflow.Session - [e2/c29626] Submitted process > writeLargeFile (5)
Dec-07 22:19:43.527 [Task submitter] INFO  nextflow.Session - [4a/b92609] Submitted process > writeLargeFile (14)
Dec-07 22:19:43.561 [Task submitter] INFO  nextflow.Session - [66/0724ea] Submitted process > writeLargeFile (28)
Dec-07 22:19:43.594 [Task submitter] INFO  nextflow.Session - [89/17add2] Submitted process > writeLargeFile (2)
Dec-07 22:19:43.628 [Task submitter] INFO  nextflow.Session - [0e/39c43b] Submitted process > writeLargeFile (18)
Dec-07 22:19:43.662 [Task submitter] INFO  nextflow.Session - [27/8be8af] Submitted process > writeLargeFile (11)
Dec-07 22:19:43.697 [Task submitter] INFO  nextflow.Session - [9d/bdbd36] Submitted process > writeLargeFile (6)
Dec-07 22:19:43.731 [Task submitter] INFO  nextflow.Session - [9e/aa04d6] Submitted process > writeLargeFile (10)
Dec-07 22:19:43.769 [Task submitter] INFO  nextflow.Session - [fc/51459f] Submitted process > writeLargeFile (21)
Dec-07 22:19:43.797 [Task submitter] INFO  nextflow.Session - [0b/9b06fc] Submitted process > writeLargeFile (7)
Dec-07 22:19:43.837 [Task submitter] INFO  nextflow.Session - [e9/4666cb] Submitted process > writeLargeFile (1)
Dec-07 22:19:43.871 [Task submitter] INFO  nextflow.Session - [c2/c846ab] Submitted process > writeLargeFile (22)
Dec-07 22:19:43.904 [Task submitter] INFO  nextflow.Session - [7c/615629] Submitted process > writeLargeFile (31)
Dec-07 22:19:43.935 [Task submitter] INFO  nextflow.Session - [55/438792] Submitted process > writeLargeFile (30)
Dec-07 22:19:43.967 [Task submitter] INFO  nextflow.Session - [d5/227843] Submitted process > writeLargeFile (16)
Dec-07 22:19:43.995 [Task submitter] INFO  nextflow.Session - [ac/f964dd] Submitted process > writeLargeFile (27)
Dec-07 22:19:44.025 [Task submitter] INFO  nextflow.Session - [dd/98eba6] Submitted process > writeLargeFile (3)
Dec-07 22:19:44.056 [Task submitter] INFO  nextflow.Session - [8a/f7bbce] Submitted process > writeLargeFile (24)
Dec-07 22:19:44.085 [Task submitter] INFO  nextflow.Session - [a6/b9c99f] Submitted process > writeLargeFile (51)
Dec-07 22:19:44.115 [Task submitter] INFO  nextflow.Session - [dd/bd040d] Submitted process > writeLargeFile (4)
Dec-07 22:19:44.150 [Task submitter] INFO  nextflow.Session - [62/4a68ce] Submitted process > writeLargeFile (15)
Dec-07 22:19:44.176 [Task submitter] INFO  nextflow.Session - [32/27b695] Submitted process > writeLargeFile (19)
Dec-07 22:19:44.209 [Task submitter] INFO  nextflow.Session - [35/a24ea2] Submitted process > writeLargeFile (26)
Dec-07 22:19:44.242 [Task submitter] INFO  nextflow.Session - [ad/c5d137] Submitted process > writeLargeFile (29)
Dec-07 22:19:44.274 [Task submitter] INFO  nextflow.Session - [cc/be6e60] Submitted process > writeLargeFile (23)
Dec-07 22:19:44.306 [Task submitter] INFO  nextflow.Session - [db/22addf] Submitted process > writeLargeFile (20)
Dec-07 22:19:44.339 [Task submitter] INFO  nextflow.Session - [e7/c74c5f] Submitted process > writeLargeFile (12)
Dec-07 22:19:44.370 [Task submitter] INFO  nextflow.Session - [5e/c7b259] Submitted process > writeLargeFile (8)
Dec-07 22:19:44.396 [Task submitter] INFO  nextflow.Session - [6c/4832c6] Submitted process > writeLargeFile (33)
Dec-07 22:19:44.424 [Task submitter] INFO  nextflow.Session - [45/a7d046] Submitted process > writeLargeFile (34)
Dec-07 22:19:44.453 [Task submitter] INFO  nextflow.Session - [f1/ccf770] Submitted process > writeLargeFile (35)
Dec-07 22:19:44.485 [Task submitter] INFO  nextflow.Session - [f0/0a786a] Submitted process > writeLargeFile (36)
Dec-07 22:19:44.512 [Task submitter] INFO  nextflow.Session - [80/1accdf] Submitted process > writeLargeFile (37)
Dec-07 22:19:44.544 [Task submitter] INFO  nextflow.Session - [2f/c759bd] Submitted process > writeLargeFile (38)
Dec-07 22:19:44.572 [Task submitter] INFO  nextflow.Session - [14/98b096] Submitted process > writeLargeFile (40)
Dec-07 22:19:44.604 [Task submitter] INFO  nextflow.Session - [1a/1e6e90] Submitted process > writeLargeFile (39)
Dec-07 22:19:44.632 [Task submitter] INFO  nextflow.Session - [bc/6feddb] Submitted process > writeLargeFile (41)
Dec-07 22:19:44.662 [Task submitter] INFO  nextflow.Session - [18/811bf4] Submitted process > writeLargeFile (42)
Dec-07 22:19:44.694 [Task submitter] INFO  nextflow.Session - [48/b9d132] Submitted process > writeLargeFile (43)
Dec-07 22:19:44.722 [Task submitter] INFO  nextflow.Session - [06/6bd104] Submitted process > writeLargeFile (71)
Dec-07 22:19:44.752 [Task submitter] INFO  nextflow.Session - [cb/8cd6ab] Submitted process > writeLargeFile (44)
Dec-07 22:19:44.783 [Task submitter] INFO  nextflow.Session - [a2/0fd43e] Submitted process > writeLargeFile (45)
Dec-07 22:19:44.816 [Task submitter] INFO  nextflow.Session - [c3/0499c1] Submitted process > writeLargeFile (46)
Dec-07 22:19:44.852 [Task submitter] INFO  nextflow.Session - [24/c60449] Submitted process > writeLargeFile (47)
Dec-07 22:19:44.882 [Task submitter] INFO  nextflow.Session - [ed/833489] Submitted process > writeLargeFile (48)
Dec-07 22:19:44.910 [Task submitter] INFO  nextflow.Session - [37/6fd776] Submitted process > writeLargeFile (49)
Dec-07 22:19:44.945 [Task submitter] INFO  nextflow.Session - [51/f1b82e] Submitted process > writeLargeFile (50)
Dec-07 22:19:44.973 [Task submitter] INFO  nextflow.Session - [03/362e75] Submitted process > writeLargeFile (52)
Dec-07 22:19:45.002 [Task submitter] INFO  nextflow.Session - [24/d493af] Submitted process > writeLargeFile (53)
Dec-07 22:19:45.030 [Task submitter] INFO  nextflow.Session - [cf/513dae] Submitted process > writeLargeFile (54)
Dec-07 22:19:45.063 [Task submitter] INFO  nextflow.Session - [0f/729941] Submitted process > writeLargeFile (55)
Dec-07 22:19:45.091 [Task submitter] INFO  nextflow.Session - [81/4e4745] Submitted process > writeLargeFile (56)
Dec-07 22:19:45.126 [Task submitter] INFO  nextflow.Session - [75/cbbd3a] Submitted process > writeLargeFile (57)
Dec-07 22:19:45.156 [Task submitter] INFO  nextflow.Session - [00/338f63] Submitted process > writeLargeFile (59)
Dec-07 22:19:45.187 [Task submitter] INFO  nextflow.Session - [5b/3ef25d] Submitted process > writeLargeFile (58)
Dec-07 22:19:45.216 [Task submitter] INFO  nextflow.Session - [c2/150f8c] Submitted process > writeLargeFile (61)
Dec-07 22:19:45.250 [Task submitter] INFO  nextflow.Session - [1e/ed248f] Submitted process > writeLargeFile (60)
Dec-07 22:19:45.279 [Task submitter] INFO  nextflow.Session - [72/63c266] Submitted process > writeLargeFile (64)
Dec-07 22:19:45.311 [Task submitter] INFO  nextflow.Session - [50/886073] Submitted process > writeLargeFile (63)
Dec-07 22:19:45.345 [Task submitter] INFO  nextflow.Session - [68/988760] Submitted process > writeLargeFile (62)
Dec-07 22:19:45.373 [Task submitter] INFO  nextflow.Session - [75/fc0f12] Submitted process > writeLargeFile (66)
Dec-07 22:19:45.400 [Task submitter] INFO  nextflow.Session - [7f/4fe1c3] Submitted process > writeLargeFile (65)
Dec-07 22:19:45.430 [Task submitter] INFO  nextflow.Session - [e7/fb7ff1] Submitted process > writeLargeFile (67)
Dec-07 22:19:45.459 [Task submitter] INFO  nextflow.Session - [03/20478a] Submitted process > writeLargeFile (69)
Dec-07 22:19:45.489 [Task submitter] INFO  nextflow.Session - [ca/4b3767] Submitted process > writeLargeFile (70)
Dec-07 22:19:45.519 [Task submitter] INFO  nextflow.Session - [f5/810d17] Submitted process > writeLargeFile (68)
Dec-07 22:19:45.547 [Task submitter] INFO  nextflow.Session - [a3/db5eb9] Submitted process > writeLargeFile (72)
Dec-07 22:19:45.575 [Task submitter] INFO  nextflow.Session - [ea/22f3fe] Submitted process > writeLargeFile (73)
Dec-07 22:19:45.608 [Task submitter] INFO  nextflow.Session - [f5/0f33e9] Submitted process > writeLargeFile (74)
Dec-07 22:19:45.640 [Task submitter] INFO  nextflow.Session - [07/055a1d] Submitted process > writeLargeFile (75)
Dec-07 22:19:45.670 [Task submitter] INFO  nextflow.Session - [49/4699b1] Submitted process > writeLargeFile (76)
Dec-07 22:19:45.704 [Task submitter] INFO  nextflow.Session - [34/9a8faa] Submitted process > writeLargeFile (77)
Dec-07 22:19:45.747 [Task submitter] INFO  nextflow.Session - [37/91bd3a] Submitted process > writeLargeFile (78)
Dec-07 22:19:45.779 [Task submitter] INFO  nextflow.Session - [ea/ea2d47] Submitted process > writeLargeFile (79)
Dec-07 22:19:45.806 [Task submitter] INFO  nextflow.Session - [c9/e408e8] Submitted process > writeLargeFile (80)
Dec-07 22:19:45.835 [Task submitter] INFO  nextflow.Session - [ca/920ae6] Submitted process > writeLargeFile (81)
Dec-07 22:19:45.893 [Task submitter] INFO  nextflow.Session - [e1/f274a2] Submitted process > writeLargeFile (82)
Dec-07 22:19:45.953 [Task submitter] INFO  nextflow.Session - [ba/9612cf] Submitted process > writeLargeFile (83)
Dec-07 22:19:45.982 [Task submitter] INFO  nextflow.Session - [54/655ecc] Submitted process > writeLargeFile (84)
Dec-07 22:19:46.009 [Task submitter] INFO  nextflow.Session - [ca/745775] Submitted process > writeLargeFile (86)
Dec-07 22:19:46.037 [Task submitter] INFO  nextflow.Session - [a6/d37976] Submitted process > writeLargeFile (85)
Dec-07 22:19:46.064 [Task submitter] INFO  nextflow.Session - [55/dd6a11] Submitted process > writeLargeFile (87)
Dec-07 22:19:46.128 [Task submitter] INFO  nextflow.Session - [84/6766e4] Submitted process > writeLargeFile (88)
Dec-07 22:19:46.158 [Task submitter] INFO  nextflow.Session - [96/1f7893] Submitted process > writeLargeFile (89)
Dec-07 22:19:46.186 [Task submitter] INFO  nextflow.Session - [d4/99e044] Submitted process > writeLargeFile (90)
Dec-07 22:19:46.325 [Task submitter] INFO  nextflow.Session - [50/c62af2] Submitted process > writeLargeFile (91)
Dec-07 22:19:46.397 [Task submitter] INFO  nextflow.Session - [c4/bd37d6] Submitted process > writeLargeFile (92)
Dec-07 22:19:46.427 [Task submitter] INFO  nextflow.Session - [97/b06a0b] Submitted process > writeLargeFile (93)
Dec-07 22:19:46.456 [Task submitter] INFO  nextflow.Session - [b7/9e8f4b] Submitted process > writeLargeFile (94)
Dec-07 22:19:46.486 [Task submitter] INFO  nextflow.Session - [5c/5490ff] Submitted process > writeLargeFile (95)
Dec-07 22:19:46.562 [Task submitter] INFO  nextflow.Session - [4a/b67c50] Submitted process > writeLargeFile (96)
Dec-07 22:19:46.646 [Task submitter] INFO  nextflow.Session - [2f/75fa9c] Submitted process > writeLargeFile (97)
Dec-07 22:19:46.677 [Task submitter] INFO  nextflow.Session - [e8/7a5701] Submitted process > writeLargeFile (98)
Dec-07 22:19:46.707 [Task submitter] INFO  nextflow.Session - [89/8f87f5] Submitted process > writeLargeFile (100)
Dec-07 22:19:46.738 [Task submitter] INFO  nextflow.Session - [4c/440303] Submitted process > writeLargeFile (99)
Dec-07 22:19:53.954 [Task monitor] DEBUG n.processor.TaskPollingMonitor - Task completed > TaskHandler[id: 9; name: writeLargeFile (9); status: COMPLETED; exit: 0; error: -; workDir: /input/data/work/91/40c56bca0135fa4f58261afaf44e5a]
Dec-07 22:19:54.052 [Task monitor] DEBUG n.processor.TaskPollingMonitor - Task completed > TaskHandler[id: 25; name: writeLargeFile (25); status: COMPLETED; exit: 0; error: -; workDir: /input/data/work/af/3e04f782bc30dc64ada3ca73843356]
Dec-07 22:19:54.098 [Task monitor] DEBUG n.processor.TaskPollingMonitor - Task completed > TaskHandler[id: 32; name: writeLargeFile (32); status: COMPLETED; exit: 0; error: -; workDir: /input/data/work/07/65c26518a8dfa79bbc2ddc7058affe]
Dec-07 22:19:54.181 [Task monitor] DEBUG n.processor.TaskPollingMonitor - Task completed > TaskHandler[id: 14; name: writeLargeFile (14); status: COMPLETED; exit: 0; error: -; workDir: /input/data/work/4a/b9260967c25021e901f09f663660b3]
Dec-07 22:19:54.229 [Task monitor] DEBUG n.processor.TaskPollingMonitor - Task completed > TaskHandler[id: 28; name: writeLargeFile (28); status: COMPLETED; exit: 0; error: -; workDir: /input/data/work/66/0724ea7d24fbdcba9fbc3760edd8fe]
Dec-07 22:19:54.284 [Task monitor] DEBUG n.processor.TaskPollingMonitor - Task completed > TaskHandler[id: 2; name: writeLargeFile (2); status: COMPLETED; exit: 0; error: -; workDir: /input/data/work/89/17add27fa0077940946352728bddd8]
Dec-07 22:19:54.414 [Task monitor] DEBUG n.processor.TaskPollingMonitor - Task completed > TaskHandler[id: 10; name: writeLargeFile (10); status: COMPLETED; exit: 0; error: -; workDir: /input/data/work/9e/aa04d6b082c4c2c61eef61dbd98745]
Dec-07 22:19:54.463 [Task monitor] DEBUG n.processor.TaskPollingMonitor - Task completed > TaskHandler[id: 21; name: writeLargeFile (21); status: COMPLETED; exit: 0; error: -; workDir: /input/data/work/fc/51459f0090c43db48f7bbcb1c118e8]
Dec-07 22:19:54.514 [Task monitor] DEBUG n.processor.TaskPollingMonitor - Task completed > TaskHandler[id: 7; name: writeLargeFile (7); status: COMPLETED; exit: 0; error: -; workDir: /input/data/work/0b/9b06fcb98ff6539f917732a68ee41b]
Dec-07 22:19:54.561 [Task monitor] DEBUG n.processor.TaskPollingMonitor - Task completed > TaskHandler[id: 1; name: writeLargeFile (1); status: COMPLETED; exit: 0; error: -; workDir: /input/data/work/e9/4666cbe8d54455ba77dd1da7f6c0d8]
Dec-07 22:19:54.605 [Task monitor] DEBUG n.processor.TaskPollingMonitor - Task completed > TaskHandler[id: 22; name: writeLargeFile (22); status: COMPLETED; exit: 0; error: -; workDir: /input/data/work/c2/c846ab9c370e2e8719378a19fe9331]
Dec-07 22:19:54.645 [Task monitor] DEBUG n.processor.TaskPollingMonitor - Task completed > TaskHandler[id: 31; name: writeLargeFile (31); status: COMPLETED; exit: 0; error: -; workDir: /input/data/work/7c/6156295a4e3163b326ab7b652828c4]
Dec-07 22:20:00.427 [Task monitor] DEBUG n.processor.TaskPollingMonitor - Task completed > TaskHandler[id: 17; name: writeLargeFile (17); status: COMPLETED; exit: 0; error: -; workDir: /input/data/work/48/cb3870c5b6c828f9c4e470a01d5e49]
Dec-07 22:20:00.566 [Task monitor] DEBUG n.processor.TaskPollingMonitor - Task completed > TaskHandler[id: 13; name: writeLargeFile (13); status: COMPLETED; exit: 0; error: -; workDir: /input/data/work/56/594a8787b77b3f20458cb6a1e8f8ba]
Dec-07 22:20:00.731 [Task monitor] DEBUG n.processor.TaskPollingMonitor - Task completed > TaskHandler[id: 5; name: writeLargeFile (5); status: COMPLETED; exit: 0; error: -; workDir: /input/data/work/e2/c29626671968667345a938cd3a7c34]
Dec-07 22:20:00.889 [Task monitor] DEBUG n.processor.TaskPollingMonitor - Task completed > TaskHandler[id: 18; name: writeLargeFile (18); status: COMPLETED; exit: 0; error: -; workDir: /input/data/work/0e/39c43bc5aa8e620ff57b2732d4e8ce]
Dec-07 22:20:01.084 [Task monitor] DEBUG n.processor.TaskPollingMonitor - Task completed > TaskHandler[id: 11; name: writeLargeFile (11); status: COMPLETED; exit: 0; error: -; workDir: /input/data/work/27/8be8afd1d9f1d019021f6223a71086]
Dec-07 22:20:01.214 [Task monitor] DEBUG n.processor.TaskPollingMonitor - Task completed > TaskHandler[id: 6; name: writeLargeFile (6); status: COMPLETED; exit: 0; error: -; workDir: /input/data/work/9d/bdbd3673fcaf1582c87104677840c8]
Dec-07 22:20:04.589 [Task monitor] DEBUG n.processor.TaskPollingMonitor - Task completed > TaskHandler[id: 90; name: writeLargeFile (90); status: COMPLETED; exit: 0; error: -; workDir: /input/data/work/d4/99e04473babdcb4cb84c8209045ce0]
Dec-07 22:20:04.826 [Task monitor] DEBUG n.processor.TaskPollingMonitor - Task completed > TaskHandler[id: 91; name: writeLargeFile (91); status: COMPLETED; exit: 0; error: -; workDir: /input/data/work/50/c62af29b11becd863eecb1c6c07059]
Dec-07 22:20:05.013 [Task monitor] DEBUG n.processor.TaskPollingMonitor - Task completed > TaskHandler[id: 92; name: writeLargeFile (92); status: COMPLETED; exit: 0; error: -; workDir: /input/data/work/c4/bd37d6b1f37091246e47fcd2294a10]
Dec-07 22:20:05.292 [Task monitor] DEBUG n.processor.TaskPollingMonitor - Task completed > TaskHandler[id: 93; name: writeLargeFile (93); status: COMPLETED; exit: 0; error: -; workDir: /input/data/work/97/b06a0b1c217b094df0ad75ee5759aa]
Dec-07 22:20:05.461 [Task monitor] DEBUG n.processor.TaskPollingMonitor - Task completed > TaskHandler[id: 94; name: writeLargeFile (94); status: COMPLETED; exit: 0; error: -; workDir: /input/data/work/b7/9e8f4b5aa2a94574fe985c896198a6]
Dec-07 22:20:05.580 [Task monitor] DEBUG n.processor.TaskPollingMonitor - Task completed > TaskHandler[id: 95; name: writeLargeFile (95); status: COMPLETED; exit: 0; error: -; workDir: /input/data/work/5c/5490ffb3959110a8ee5bce5a54fc3b]
Dec-07 22:20:05.666 [Task monitor] DEBUG n.processor.TaskPollingMonitor - Task completed > TaskHandler[id: 96; name: writeLargeFile (96); status: COMPLETED; exit: 0; error: -; workDir: /input/data/work/4a/b67c500ad505b5e1299dea0357b0d7]
Dec-07 22:20:05.765 [Task monitor] DEBUG n.processor.TaskPollingMonitor - Task completed > TaskHandler[id: 97; name: writeLargeFile (97); status: COMPLETED; exit: 0; error: -; workDir: /input/data/work/2f/75fa9cac6f288ad7dc2dcc22f6ba4c]
Dec-07 22:20:05.869 [Task monitor] DEBUG n.processor.TaskPollingMonitor - Task completed > TaskHandler[id: 98; name: writeLargeFile (98); status: COMPLETED; exit: 0; error: -; workDir: /input/data/work/e8/7a57012db5c0a6db8130ab22eb760d]
Dec-07 22:20:05.956 [Task monitor] DEBUG n.processor.TaskPollingMonitor - Task completed > TaskHandler[id: 100; name: writeLargeFile (100); status: COMPLETED; exit: 0; error: -; workDir: /input/data/work/89/8f87f569ac8fea126c327e8d10f285]
Dec-07 22:20:06.068 [Task monitor] DEBUG n.processor.TaskPollingMonitor - Task completed > TaskHandler[id: 99; name: writeLargeFile (99); status: COMPLETED; exit: 0; error: -; workDir: /input/data/work/4c/4403036b69b59e501d3223d871b470]
Dec-07 22:20:06.232 [Task monitor] DEBUG n.processor.TaskPollingMonitor - Task completed > TaskHandler[id: 16; name: writeLargeFile (16); status: COMPLETED; exit: 0; error: -; workDir: /input/data/work/d5/227843a6790d0c414568295d35a4a0]
Dec-07 22:20:09.616 [Task monitor] DEBUG n.processor.TaskPollingMonitor - Task completed > TaskHandler[id: 84; name: writeLargeFile (84); status: COMPLETED; exit: 0; error: -; workDir: /input/data/work/54/655ecce1d6680ae9b7a9e7b941291a]
Dec-07 22:20:09.796 [Task monitor] DEBUG n.processor.TaskPollingMonitor - Task completed > TaskHandler[id: 86; name: writeLargeFile (86); status: COMPLETED; exit: 0; error: -; workDir: /input/data/work/ca/7457752e46db1bbba78c285022cb94]
Dec-07 22:20:09.907 [Task monitor] DEBUG n.processor.TaskPollingMonitor - Task completed > TaskHandler[id: 85; name: writeLargeFile (85); status: COMPLETED; exit: 0; error: -; workDir: /input/data/work/a6/d3797612cb8739829181b489746779]
Dec-07 22:20:10.059 [Task monitor] DEBUG n.processor.TaskPollingMonitor - Task completed > TaskHandler[id: 87; name: writeLargeFile (87); status: COMPLETED; exit: 0; error: -; workDir: /input/data/work/55/dd6a11c7f79fcecb6b5834d6b64871]
Dec-07 22:20:10.185 [Task monitor] DEBUG n.processor.TaskPollingMonitor - Task completed > TaskHandler[id: 88; name: writeLargeFile (88); status: COMPLETED; exit: 0; error: -; workDir: /input/data/work/84/6766e456691a1a9f7d6be036575d2d]
Dec-07 22:20:10.391 [Task monitor] DEBUG n.processor.TaskPollingMonitor - Task completed > TaskHandler[id: 89; name: writeLargeFile (89); status: COMPLETED; exit: 0; error: -; workDir: /input/data/work/96/1f78935e183a94556731c7fa15282a]
Dec-07 22:20:12.333 [Task monitor] DEBUG n.processor.TaskPollingMonitor - Task completed > TaskHandler[id: 48; name: writeLargeFile (48); status: COMPLETED; exit: 0; error: -; workDir: /input/data/work/ed/833489340750ae96c450669eff1fb5]
Dec-07 22:20:12.373 [Task monitor] DEBUG n.processor.TaskPollingMonitor - Task completed > TaskHandler[id: 49; name: writeLargeFile (49); status: COMPLETED; exit: 0; error: -; workDir: /input/data/work/37/6fd776cabb9bdf875df8af0c112712]
Dec-07 22:20:12.418 [Task monitor] DEBUG n.processor.TaskPollingMonitor - Task completed > TaskHandler[id: 50; name: writeLargeFile (50); status: COMPLETED; exit: 0; error: -; workDir: /input/data/work/51/f1b82e13bfcd77a75564eaae0ba9b1]
Dec-07 22:20:14.057 [Task monitor] DEBUG n.processor.TaskPollingMonitor - Task completed > TaskHandler[id: 80; name: writeLargeFile (80); status: COMPLETED; exit: 0; error: -; workDir: /input/data/work/c9/e408e871a73c4d7d26de41744bafd3]
Dec-07 22:20:14.411 [Task monitor] DEBUG n.processor.TaskPollingMonitor - Task completed > TaskHandler[id: 81; name: writeLargeFile (81); status: COMPLETED; exit: 0; error: -; workDir: /input/data/work/ca/920ae65d1d72b0cd7b8e497eba0639]
Dec-07 22:20:14.624 [Task monitor] DEBUG n.processor.TaskPollingMonitor - Task completed > TaskHandler[id: 82; name: writeLargeFile (82); status: COMPLETED; exit: 0; error: -; workDir: /input/data/work/e1/f274a2001395819cbad55136994d0e]
Dec-07 22:20:14.822 [Task monitor] DEBUG n.processor.TaskPollingMonitor - Task completed > TaskHandler[id: 83; name: writeLargeFile (83); status: COMPLETED; exit: 0; error: -; workDir: /input/data/work/ba/9612cfd75385eb53f31035160552d9]
Dec-07 22:20:17.663 [Task monitor] DEBUG n.processor.TaskPollingMonitor - Task completed > TaskHandler[id: 71; name: writeLargeFile (71); status: COMPLETED; exit: 0; error: -; workDir: /input/data/work/06/6bd10460747d491053f18777b010f7]
Dec-07 22:20:17.903 [Task monitor] DEBUG n.processor.TaskPollingMonitor - Task completed > TaskHandler[id: 44; name: writeLargeFile (44); status: COMPLETED; exit: 0; error: -; workDir: /input/data/work/cb/8cd6abf8db2ea0b3c1c00cc525d4b4]
Dec-07 22:20:18.028 [Task monitor] DEBUG n.processor.TaskPollingMonitor - Task completed > TaskHandler[id: 45; name: writeLargeFile (45); status: COMPLETED; exit: 0; error: -; workDir: /input/data/work/a2/0fd43efe20315eb9e42430a860cb86]
Dec-07 22:20:18.179 [Task monitor] DEBUG n.processor.TaskPollingMonitor - Task completed > TaskHandler[id: 46; name: writeLargeFile (46); status: COMPLETED; exit: 0; error: -; workDir: /input/data/work/c3/0499c19fd732023a663f9462feda99]
Dec-07 22:20:18.263 [Task monitor] DEBUG n.processor.TaskPollingMonitor - Task completed > TaskHandler[id: 47; name: writeLargeFile (47); status: COMPLETED; exit: 0; error: -; workDir: /input/data/work/24/c6044969b6a831380c998aafcaa016]
Dec-07 22:20:18.360 [Task monitor] DEBUG n.processor.TaskPollingMonitor - Task completed > TaskHandler[id: 52; name: writeLargeFile (52); status: COMPLETED; exit: 0; error: -; workDir: /input/data/work/03/362e75b750a27a98586e04fed8c2a3]
Dec-07 22:20:19.348 [Task monitor] DEBUG n.processor.TaskPollingMonitor - Task completed > TaskHandler[id: 75; name: writeLargeFile (75); status: COMPLETED; exit: 0; error: -; workDir: /input/data/work/07/055a1d14f8f705d8b1a6fde784b6c0]
Dec-07 22:20:19.434 [Task monitor] DEBUG n.processor.TaskPollingMonitor - Task completed > TaskHandler[id: 76; name: writeLargeFile (76); status: COMPLETED; exit: 0; error: -; workDir: /input/data/work/49/4699b1f25e3e84a865bc2914aa8ee0]
Dec-07 22:20:19.568 [Task monitor] DEBUG n.processor.TaskPollingMonitor - Task completed > TaskHandler[id: 77; name: writeLargeFile (77); status: COMPLETED; exit: 0; error: -; workDir: /input/data/work/34/9a8faa0c970c1f5c60c76d973961d0]
Dec-07 22:20:19.684 [Task monitor] DEBUG n.processor.TaskPollingMonitor - Task completed > TaskHandler[id: 78; name: writeLargeFile (78); status: COMPLETED; exit: 0; error: -; workDir: /input/data/work/37/91bd3a2b5b65cb1d643f96114a6d71]
Dec-07 22:20:19.792 [Task monitor] DEBUG n.processor.TaskPollingMonitor - Task completed > TaskHandler[id: 79; name: writeLargeFile (79); status: COMPLETED; exit: 0; error: -; workDir: /input/data/work/ea/ea2d4734d659b7701d0992c4a96416]
Dec-07 22:20:22.534 [Task monitor] DEBUG n.processor.TaskPollingMonitor - Task completed > TaskHandler[id: 64; name: writeLargeFile (64); status: COMPLETED; exit: 0; error: -; workDir: /input/data/work/72/63c266f3ef73c3bdc1ad8789dcf1ee]
Dec-07 22:20:22.628 [Task monitor] DEBUG n.processor.TaskPollingMonitor - Task completed > TaskHandler[id: 63; name: writeLargeFile (63); status: COMPLETED; exit: 0; error: -; workDir: /input/data/work/50/886073cf29aee4c40951d7ad2398a7]
Dec-07 22:20:22.755 [Task monitor] DEBUG n.processor.TaskPollingMonitor - Task completed > TaskHandler[id: 65; name: writeLargeFile (65); status: COMPLETED; exit: 0; error: -; workDir: /input/data/work/7f/4fe1c35cb885cd43d443c4356a1900]
Dec-07 22:20:22.839 [Task monitor] DEBUG n.processor.TaskPollingMonitor - Task completed > TaskHandler[id: 67; name: writeLargeFile (67); status: COMPLETED; exit: 0; error: -; workDir: /input/data/work/e7/fb7ff1ff7687459f33f65e5e2930a3]
Dec-07 22:20:23.049 [Task monitor] DEBUG n.processor.TaskPollingMonitor - Task completed > TaskHandler[id: 70; name: writeLargeFile (70); status: COMPLETED; exit: 0; error: -; workDir: /input/data/work/ca/4b3767c1baed05f55d1e501106d2b3]
Dec-07 22:20:23.092 [Task monitor] DEBUG n.processor.TaskPollingMonitor - Task completed > TaskHandler[id: 68; name: writeLargeFile (68); status: COMPLETED; exit: 0; error: -; workDir: /input/data/work/f5/810d174197d5282dd3c7085b8e9d0d]
Dec-07 22:20:23.214 [Task monitor] DEBUG n.processor.TaskPollingMonitor - Task completed > TaskHandler[id: 72; name: writeLargeFile (72); status: COMPLETED; exit: 0; error: -; workDir: /input/data/work/a3/db5eb9f454fd98ef9030dd6389cacc]
Dec-07 22:20:23.295 [Task monitor] DEBUG n.processor.TaskPollingMonitor - Task completed > TaskHandler[id: 73; name: writeLargeFile (73); status: COMPLETED; exit: 0; error: -; workDir: /input/data/work/ea/22f3fecafc012a6591771d21436f27]
Dec-07 22:20:23.438 [Task monitor] DEBUG n.processor.TaskPollingMonitor - Task completed > TaskHandler[id: 74; name: writeLargeFile (74); status: COMPLETED; exit: 0; error: -; workDir: /input/data/work/f5/0f33e9f02586791b7005b11b8b4d95]
Dec-07 22:20:27.937 [Task monitor] DEBUG n.processor.TaskPollingMonitor - Task completed > TaskHandler[id: 56; name: writeLargeFile (56); status: COMPLETED; exit: 0; error: -; workDir: /input/data/work/81/4e4745a681d6e45836c837142b782d]
Dec-07 22:20:28.132 [Task monitor] DEBUG n.processor.TaskPollingMonitor - Task completed > TaskHandler[id: 57; name: writeLargeFile (57); status: COMPLETED; exit: 0; error: -; workDir: /input/data/work/75/cbbd3a4ca421da02d95ecd01a71612]
Dec-07 22:20:28.312 [Task monitor] DEBUG n.processor.TaskPollingMonitor - Task completed > TaskHandler[id: 59; name: writeLargeFile (59); status: COMPLETED; exit: 0; error: -; workDir: /input/data/work/00/338f639b18194c4f149dd1c03423b5]
Dec-07 22:20:28.488 [Task monitor] DEBUG n.processor.TaskPollingMonitor - Task completed > TaskHandler[id: 58; name: writeLargeFile (58); status: COMPLETED; exit: 0; error: -; workDir: /input/data/work/5b/3ef25d4982916130a97a64eea8b934]
Dec-07 22:20:28.646 [Task monitor] DEBUG n.processor.TaskPollingMonitor - Task completed > TaskHandler[id: 61; name: writeLargeFile (61); status: COMPLETED; exit: 0; error: -; workDir: /input/data/work/c2/150f8c175c34866f9f7ffd5afbb57c]
Dec-07 22:20:28.737 [Task monitor] DEBUG n.processor.TaskPollingMonitor - Task completed > TaskHandler[id: 60; name: writeLargeFile (60); status: COMPLETED; exit: 0; error: -; workDir: /input/data/work/1e/ed248f284a7a291d7fd35efe2d610b]
Dec-07 22:20:28.891 [Task monitor] DEBUG n.processor.TaskPollingMonitor - Task completed > TaskHandler[id: 62; name: writeLargeFile (62); status: COMPLETED; exit: 0; error: -; workDir: /input/data/work/68/98876015516330148d83fca4942159]
Dec-07 22:20:29.080 [Task monitor] DEBUG n.processor.TaskPollingMonitor - Task completed > TaskHandler[id: 66; name: writeLargeFile (66); status: COMPLETED; exit: 0; error: -; workDir: /input/data/work/75/fc0f12e6f434f60668b2f1e42c758f]
Dec-07 22:20:29.176 [Task monitor] DEBUG n.processor.TaskPollingMonitor - Task completed > TaskHandler[id: 69; name: writeLargeFile (69); status: COMPLETED; exit: 0; error: -; workDir: /input/data/work/03/20478ab14843ff351b9a7de9387ccf]
Dec-07 22:20:31.868 [Task monitor] DEBUG n.processor.TaskPollingMonitor - Task completed > TaskHandler[id: 53; name: writeLargeFile (53); status: COMPLETED; exit: 0; error: -; workDir: /input/data/work/24/d493af82c7164cafd83504d4302b63]
Dec-07 22:20:32.003 [Task monitor] DEBUG n.processor.TaskPollingMonitor - Task completed > TaskHandler[id: 54; name: writeLargeFile (54); status: COMPLETED; exit: 0; error: -; workDir: /input/data/work/cf/513daed5dd14cba8e6451fdf9f8382]
Dec-07 22:20:32.175 [Task monitor] DEBUG n.processor.TaskPollingMonitor - Task completed > TaskHandler[id: 55; name: writeLargeFile (55); status: COMPLETED; exit: 0; error: -; workDir: /input/data/work/0f/72994174189deedc67d1833affe399]
Dec-07 22:20:36.538 [Task monitor] DEBUG n.processor.TaskPollingMonitor - Task completed > TaskHandler[id: 23; name: writeLargeFile (23); status: COMPLETED; exit: 0; error: -; workDir: /input/data/work/cc/be6e60ce97484a1dd2fdbcef464833]
Dec-07 22:20:36.618 [Task monitor] DEBUG n.processor.TaskPollingMonitor - Task completed > TaskHandler[id: 20; name: writeLargeFile (20); status: COMPLETED; exit: 0; error: -; workDir: /input/data/work/db/22addfb43ae314366181d9d41fd7d5]
Dec-07 22:20:36.698 [Task monitor] DEBUG n.processor.TaskPollingMonitor - Task completed > TaskHandler[id: 12; name: writeLargeFile (12); status: COMPLETED; exit: 0; error: -; workDir: /input/data/work/e7/c74c5f7eebedcdc5f604b5226d935c]
Dec-07 22:20:36.769 [Task monitor] DEBUG n.processor.TaskPollingMonitor - Task completed > TaskHandler[id: 8; name: writeLargeFile (8); status: COMPLETED; exit: 0; error: -; workDir: /input/data/work/5e/c7b259647062c22a05b9c058cefcf9]
Dec-07 22:20:36.853 [Task monitor] DEBUG n.processor.TaskPollingMonitor - Task completed > TaskHandler[id: 33; name: writeLargeFile (33); status: COMPLETED; exit: 0; error: -; workDir: /input/data/work/6c/4832c6801cc34b8eb2287ad2c78ee0]
Dec-07 22:20:36.918 [Task monitor] DEBUG n.processor.TaskPollingMonitor - Task completed > TaskHandler[id: 34; name: writeLargeFile (34); status: COMPLETED; exit: 0; error: -; workDir: /input/data/work/45/a7d0465cdbb71dabbc0600dba126d3]
Dec-07 22:20:37.035 [Task monitor] DEBUG n.processor.TaskPollingMonitor - Task completed > TaskHandler[id: 35; name: writeLargeFile (35); status: COMPLETED; exit: 0; error: -; workDir: /input/data/work/f1/ccf7709a894827820f334a41d4546a]
Dec-07 22:20:37.172 [Task monitor] DEBUG n.processor.TaskPollingMonitor - Task completed > TaskHandler[id: 36; name: writeLargeFile (36); status: COMPLETED; exit: 0; error: -; workDir: /input/data/work/f0/0a786a3679d9a948d3704858cb0b90]
Dec-07 22:20:37.282 [Task monitor] DEBUG n.processor.TaskPollingMonitor - Task completed > TaskHandler[id: 37; name: writeLargeFile (37); status: COMPLETED; exit: 0; error: -; workDir: /input/data/work/80/1accdfb4aa3faf0e5c6d3f2ddaa8db]
Dec-07 22:20:37.408 [Task monitor] DEBUG n.processor.TaskPollingMonitor - Task completed > TaskHandler[id: 38; name: writeLargeFile (38); status: COMPLETED; exit: 0; error: -; workDir: /input/data/work/2f/c759bd32f9beaace9291b5e11763f8]
Dec-07 22:20:37.521 [Task monitor] DEBUG n.processor.TaskPollingMonitor - Task completed > TaskHandler[id: 40; name: writeLargeFile (40); status: COMPLETED; exit: 0; error: -; workDir: /input/data/work/14/98b09626fa43d75e2c33e5e36ac46f]
Dec-07 22:20:37.674 [Task monitor] DEBUG n.processor.TaskPollingMonitor - Task completed > TaskHandler[id: 39; name: writeLargeFile (39); status: COMPLETED; exit: 0; error: -; workDir: /input/data/work/1a/1e6e90e9ecd89c281a3786ff386fec]
Dec-07 22:20:37.767 [Task monitor] DEBUG n.processor.TaskPollingMonitor - Task completed > TaskHandler[id: 41; name: writeLargeFile (41); status: COMPLETED; exit: 0; error: -; workDir: /input/data/work/bc/6feddb2a26da817446518e0dfd5e45]
Dec-07 22:20:37.847 [Task monitor] DEBUG n.processor.TaskPollingMonitor - Task completed > TaskHandler[id: 42; name: writeLargeFile (42); status: COMPLETED; exit: 0; error: -; workDir: /input/data/work/18/811bf4dc9420f045aed0e8ff8bac5f]
Dec-07 22:20:37.945 [Task monitor] DEBUG n.processor.TaskPollingMonitor - Task completed > TaskHandler[id: 43; name: writeLargeFile (43); status: COMPLETED; exit: 0; error: -; workDir: /input/data/work/48/b9d13261676132cb158d63d2ef1b68]
Dec-07 22:20:41.197 [Task monitor] DEBUG n.processor.TaskPollingMonitor - Task completed > TaskHandler[id: 27; name: writeLargeFile (27); status: COMPLETED; exit: 0; error: -; workDir: /input/data/work/ac/f964dd31ff3bb1cd33363e50df645e]
Dec-07 22:20:41.427 [Task monitor] DEBUG n.processor.TaskPollingMonitor - Task completed > TaskHandler[id: 19; name: writeLargeFile (19); status: COMPLETED; exit: 0; error: -; workDir: /input/data/work/32/27b6954aeb67a7bba1072a5b59b8ec]
Dec-07 22:20:41.473 [Task monitor] DEBUG n.processor.TaskPollingMonitor - Task completed > TaskHandler[id: 26; name: writeLargeFile (26); status: COMPLETED; exit: 0; error: -; workDir: /input/data/work/35/a24ea277a760c9acd6b1785ebdbcc8]
Dec-07 22:20:41.518 [Task monitor] DEBUG n.processor.TaskPollingMonitor - Task completed > TaskHandler[id: 29; name: writeLargeFile (29); status: COMPLETED; exit: 0; error: -; workDir: /input/data/work/ad/c5d137f800640455c24f35af515a0a]
Dec-07 22:20:46.118 [Task monitor] DEBUG n.processor.TaskPollingMonitor - Task completed > TaskHandler[id: 30; name: writeLargeFile (30); status: COMPLETED; exit: 0; error: -; workDir: /input/data/work/55/43879240f8d7c04f28b47878a4bc77]
Dec-07 22:20:46.173 [Task monitor] DEBUG n.processor.TaskPollingMonitor - Task completed > TaskHandler[id: 3; name: writeLargeFile (3); status: COMPLETED; exit: 0; error: -; workDir: /input/data/work/dd/98eba67efd627f815ab831fc4fe736]
Dec-07 22:20:46.217 [Task monitor] DEBUG n.processor.TaskPollingMonitor - Task completed > TaskHandler[id: 24; name: writeLargeFile (24); status: COMPLETED; exit: 0; error: -; workDir: /input/data/work/8a/f7bbcede43f9e2b4186465c75cb4e8]
Dec-07 22:20:46.260 [Task monitor] DEBUG n.processor.TaskPollingMonitor - Task completed > TaskHandler[id: 51; name: writeLargeFile (51); status: COMPLETED; exit: 0; error: -; workDir: /input/data/work/a6/b9c99ff6bcc3cc5510bc7b0817ddaa]
Dec-07 22:20:46.302 [Task monitor] DEBUG n.processor.TaskPollingMonitor - Task completed > TaskHandler[id: 4; name: writeLargeFile (4); status: COMPLETED; exit: 0; error: -; workDir: /input/data/work/dd/bd040dad452fc84d20815196163e8a]
Dec-07 22:20:46.345 [Task monitor] DEBUG n.processor.TaskPollingMonitor - Task completed > TaskHandler[id: 15; name: writeLargeFile (15); status: COMPLETED; exit: 0; error: -; workDir: /input/data/work/62/4a68ce3db57d1a7f7e525c80cfa042]
Dec-07 22:20:46.415 [Task submitter] INFO  nextflow.Session - [a2/c92e69] Submitted process > combineFiles (9)
Dec-07 22:20:46.446 [Task submitter] INFO  nextflow.Session - [d4/0b333b] Submitted process > combineFiles (1)
Dec-07 22:20:46.471 [Task submitter] INFO  nextflow.Session - [e8/674154] Submitted process > combineFiles (24)
Dec-07 22:20:46.496 [Task submitter] INFO  nextflow.Session - [f1/c022cf] Submitted process > combineFiles (28)
Dec-07 22:20:46.524 [Task submitter] INFO  nextflow.Session - [ad/aadb58] Submitted process > combineFiles (3)
Dec-07 22:20:46.554 [Task submitter] INFO  nextflow.Session - [2c/4dfe65] Submitted process > combineFiles (11)
Dec-07 22:20:46.613 [Task submitter] INFO  nextflow.Session - [89/cae073] Submitted process > combineFiles (27)
Dec-07 22:20:46.640 [Task submitter] INFO  nextflow.Session - [66/f6e636] Submitted process > combineFiles (13)
Dec-07 22:20:46.667 [Task submitter] INFO  nextflow.Session - [24/979a41] Submitted process > combineFiles (12)
Dec-07 22:20:46.694 [Task submitter] INFO  nextflow.Session - [cf/c50d32] Submitted process > combineFiles (23)
Dec-07 22:20:46.721 [Task submitter] INFO  nextflow.Session - [c4/2bfe27] Submitted process > combineFiles (2)
Dec-07 22:20:46.747 [Task submitter] INFO  nextflow.Session - [a6/f9394d] Submitted process > combineFiles (18)
Dec-07 22:20:46.771 [Task submitter] INFO  nextflow.Session - [03/c8062c] Submitted process > combineFiles (16)
Dec-07 22:20:46.797 [Task submitter] INFO  nextflow.Session - [37/95234c] Submitted process > combineFiles (19)
Dec-07 22:20:46.824 [Task submitter] INFO  nextflow.Session - [32/32a7cd] Submitted process > combineFiles (32)
Dec-07 22:20:46.852 [Task submitter] INFO  nextflow.Session - [83/a33bd2] Submitted process > combineFiles (14)
Dec-07 22:20:46.882 [Task submitter] INFO  nextflow.Session - [dc/7130d6] Submitted process > combineFiles (5)
Dec-07 22:20:46.909 [Task submitter] INFO  nextflow.Session - [3c/88313f] Submitted process > combineFiles (17)
Dec-07 22:20:46.936 [Task submitter] INFO  nextflow.Session - [2c/e476d6] Submitted process > combineFiles (34)
Dec-07 22:20:46.966 [Task submitter] INFO  nextflow.Session - [b3/9ffdbb] Submitted process > combineFiles (25)
Dec-07 22:20:46.994 [Task submitter] INFO  nextflow.Session - [01/cfe7bc] Submitted process > combineFiles (26)
Dec-07 22:20:47.025 [Task submitter] INFO  nextflow.Session - [d0/5b0f10] Submitted process > combineFiles (7)
Dec-07 22:20:47.058 [Task submitter] INFO  nextflow.Session - [95/1c2a2c] Submitted process > combineFiles (6)
Dec-07 22:20:47.094 [Task submitter] INFO  nextflow.Session - [25/76fffb] Submitted process > combineFiles (15)
Dec-07 22:20:47.137 [Task submitter] INFO  nextflow.Session - [0a/78a103] Submitted process > combineFiles (21)
Dec-07 22:20:47.172 [Task submitter] INFO  nextflow.Session - [4b/56ceda] Submitted process > combineFiles (4)
Dec-07 22:20:47.216 [Task submitter] INFO  nextflow.Session - [9b/bae5d5] Submitted process > combineFiles (8)
Dec-07 22:20:47.270 [Task submitter] INFO  nextflow.Session - [15/395884] Submitted process > combineFiles (20)
Dec-07 22:20:47.326 [Task submitter] INFO  nextflow.Session - [1f/1addfb] Submitted process > combineFiles (22)
Dec-07 22:20:47.362 [Task submitter] INFO  nextflow.Session - [b6/735d44] Submitted process > combineFiles (10)
Dec-07 22:20:47.414 [Task submitter] INFO  nextflow.Session - [fb/5c8686] Submitted process > combineFiles (30)
Dec-07 22:20:47.450 [Task submitter] INFO  nextflow.Session - [70/dafcba] Submitted process > combineFiles (29)
Dec-07 22:20:47.484 [Task submitter] INFO  nextflow.Session - [26/08f105] Submitted process > combineFiles (31)
Dec-07 22:20:47.529 [Task submitter] INFO  nextflow.Session - [d3/1985f0] Submitted process > combineFiles (33)
Dec-07 22:21:04.309 [Task monitor] DEBUG n.processor.TaskPollingMonitor - Task completed > TaskHandler[id: 117; name: combineFiles (17); status: COMPLETED; exit: 0; error: -; workDir: /input/data/work/3c/88313fdc19f1805e609560a701ad40]
Dec-07 22:21:08.719 [Task monitor] DEBUG n.processor.TaskPollingMonitor - Task completed > TaskHandler[id: 116; name: combineFiles (16); status: COMPLETED; exit: 0; error: -; workDir: /input/data/work/03/c8062c77439c116c469d7914cc74c0]
Dec-07 22:21:09.966 [Task monitor] DEBUG n.processor.TaskPollingMonitor - Task completed > TaskHandler[id: 115; name: combineFiles (15); status: COMPLETED; exit: 0; error: -; workDir: /input/data/work/25/76fffbbe1e9bf6649d7248ef5eeef5]
Dec-07 22:21:10.663 [Task monitor] DEBUG n.processor.TaskPollingMonitor - Task completed > TaskHandler[id: 120; name: combineFiles (20); status: COMPLETED; exit: 0; error: -; workDir: /input/data/work/15/395884e3e2820133197b944411fde5]
Dec-07 22:21:12.518 [Task monitor] DEBUG n.processor.TaskPollingMonitor - Task completed > TaskHandler[id: 128; name: combineFiles (28); status: COMPLETED; exit: 0; error: -; workDir: /input/data/work/f1/c022cf734cfcf682fc7deb97a9032d]
Dec-07 22:21:32.207 [Task monitor] DEBUG n.processor.TaskPollingMonitor - Task completed > TaskHandler[id: 124; name: combineFiles (24); status: COMPLETED; exit: 0; error: -; workDir: /input/data/work/e8/67415412a56f1e0a7c332ded3124dd]
Dec-07 22:21:32.443 [Task monitor] DEBUG n.processor.TaskPollingMonitor - Task completed > TaskHandler[id: 103; name: combineFiles (3); status: COMPLETED; exit: 0; error: -; workDir: /input/data/work/ad/aadb5871bdb1e4e362729e8e33a8db]
Dec-07 22:21:37.048 [Task monitor] DEBUG n.processor.TaskPollingMonitor - Task completed > TaskHandler[id: 109; name: combineFiles (9); status: COMPLETED; exit: 0; error: -; workDir: /input/data/work/a2/c92e69d5a5ed453841024d5790c839]
Dec-07 22:21:37.258 [Task monitor] DEBUG n.processor.TaskPollingMonitor - Task completed > TaskHandler[id: 101; name: combineFiles (1); status: COMPLETED; exit: 0; error: -; workDir: /input/data/work/d4/0b333bcd1ad50849f47e96b6c7f50a]
Dec-07 22:21:42.252 [Task monitor] DEBUG n.processor.TaskPollingMonitor - Task completed > TaskHandler[id: 113; name: combineFiles (13); status: COMPLETED; exit: 0; error: -; workDir: /input/data/work/66/f6e636ddcc5c5716cf8c3a5e043a77]
Dec-07 22:21:48.356 [Task monitor] DEBUG n.processor.TaskPollingMonitor - Task completed > TaskHandler[id: 105; name: combineFiles (5); status: COMPLETED; exit: 0; error: -; workDir: /input/data/work/dc/7130d68d119a6b2a6e54392ccc55e9]
Dec-07 22:21:49.687 [Task monitor] DEBUG n.processor.TaskPollingMonitor - Task completed > TaskHandler[id: 104; name: combineFiles (4); status: COMPLETED; exit: 0; error: -; workDir: /input/data/work/4b/56ceda418fefe9905c412810b81e0a]
Dec-07 22:21:52.486 [Task monitor] DEBUG n.processor.TaskPollingMonitor - Task completed > TaskHandler[id: 123; name: combineFiles (23); status: COMPLETED; exit: 0; error: -; workDir: /input/data/work/cf/c50d329ff5d9c2e320ee8530fabd4c]
Dec-07 22:21:52.900 [Task monitor] DEBUG n.processor.TaskPollingMonitor - Task completed > TaskHandler[id: 118; name: combineFiles (18); status: COMPLETED; exit: 0; error: -; workDir: /input/data/work/a6/f9394df23c6fd2f4a3c416e22dc121]
Dec-07 22:21:54.518 [Task monitor] DEBUG n.processor.TaskPollingMonitor - Task completed > TaskHandler[id: 108; name: combineFiles (8); status: COMPLETED; exit: 0; error: -; workDir: /input/data/work/9b/bae5d596ac1af445d48eec8fe95453]
Dec-07 22:21:58.592 [Task monitor] DEBUG n.processor.TaskPollingMonitor - Task completed > TaskHandler[id: 121; name: combineFiles (21); status: COMPLETED; exit: 0; error: -; workDir: /input/data/work/0a/78a1034d256b66c561a325c0153337]
Dec-07 22:21:59.158 [Task monitor] DEBUG n.processor.TaskPollingMonitor - Task completed > TaskHandler[id: 130; name: combineFiles (30); status: COMPLETED; exit: 0; error: -; workDir: /input/data/work/fb/5c8686271ccf9a651ec5b2622520cb]
Dec-07 22:21:59.353 [Task monitor] DEBUG n.processor.TaskPollingMonitor - Task completed > TaskHandler[id: 129; name: combineFiles (29); status: COMPLETED; exit: 0; error: -; workDir: /input/data/work/70/dafcbad4f27ef5133eca3787f42d71]
Dec-07 22:21:59.599 [Task monitor] DEBUG n.processor.TaskPollingMonitor - Task completed > TaskHandler[id: 131; name: combineFiles (31); status: COMPLETED; exit: 0; error: -; workDir: /input/data/work/26/08f1055b4aaeafd1618857574db0e0]
Dec-07 22:22:07.254 [Task monitor] DEBUG n.processor.TaskPollingMonitor - Task completed > TaskHandler[id: 112; name: combineFiles (12); status: COMPLETED; exit: 0; error: -; workDir: /input/data/work/24/979a4153bd952d27b5770bbb4e272a]
Dec-07 22:22:08.228 [Task monitor] DEBUG n.processor.TaskPollingMonitor - Task completed > TaskHandler[id: 106; name: combineFiles (6); status: COMPLETED; exit: 0; error: -; workDir: /input/data/work/95/1c2a2c2512e718ee29aea0542b103e]
Dec-07 22:22:12.850 [Task monitor] DEBUG n.processor.TaskPollingMonitor - Task completed > TaskHandler[id: 132; name: combineFiles (32); status: COMPLETED; exit: 0; error: -; workDir: /input/data/work/32/32a7cd0274550fdf1d4e6bc3cca054]
Dec-07 22:22:13.183 [Task monitor] DEBUG n.processor.TaskPollingMonitor - Task completed > TaskHandler[id: 114; name: combineFiles (14); status: COMPLETED; exit: 0; error: -; workDir: /input/data/work/83/a33bd242e1f47b5905c92258a59c7b]
Dec-07 22:22:22.478 [Task monitor] DEBUG n.processor.TaskPollingMonitor - Task completed > TaskHandler[id: 102; name: combineFiles (2); status: COMPLETED; exit: 0; error: -; workDir: /input/data/work/c4/2bfe27c4acae8c22fbfeecc3719ac7]
Dec-07 22:22:27.292 [Task monitor] DEBUG n.processor.TaskPollingMonitor - Task completed > TaskHandler[id: 111; name: combineFiles (11); status: COMPLETED; exit: 0; error: -; workDir: /input/data/work/2c/4dfe65d83c26b26dccf57a18cbe060]
Dec-07 22:22:28.253 [Task monitor] DEBUG n.processor.TaskPollingMonitor - Task completed > TaskHandler[id: 126; name: combineFiles (26); status: COMPLETED; exit: 0; error: -; workDir: /input/data/work/01/cfe7bcdcf3de64e4872a80fbb57745]
Dec-07 22:22:28.780 [Task monitor] DEBUG n.processor.TaskPollingMonitor - Task completed > TaskHandler[id: 122; name: combineFiles (22); status: COMPLETED; exit: 0; error: -; workDir: /input/data/work/1f/1addfb25bac719c412bbc7737e1bc7]
Dec-07 22:22:37.532 [Task monitor] DEBUG n.processor.TaskPollingMonitor - Task completed > TaskHandler[id: 125; name: combineFiles (25); status: COMPLETED; exit: 0; error: -; workDir: /input/data/work/b3/9ffdbbf238c1e50e604ea1e640aae2]
Dec-07 22:22:52.099 [Task monitor] DEBUG n.processor.TaskPollingMonitor - Task completed > TaskHandler[id: 127; name: combineFiles (27); status: COMPLETED; exit: 0; error: -; workDir: /input/data/work/89/cae073a83c7f3b43d721a85e233674]
Dec-07 22:22:52.518 [Task monitor] DEBUG n.processor.TaskPollingMonitor - Task completed > TaskHandler[id: 134; name: combineFiles (34); status: COMPLETED; exit: 0; error: -; workDir: /input/data/work/2c/e476d680bddb3a4fa771028c61100c]
Dec-07 22:22:52.792 [Task monitor] DEBUG n.processor.TaskPollingMonitor - Task completed > TaskHandler[id: 107; name: combineFiles (7); status: COMPLETED; exit: 0; error: -; workDir: /input/data/work/d0/5b0f10faf04e682871e2d318b81f4d]
Dec-07 22:22:53.017 [Task monitor] DEBUG n.processor.TaskPollingMonitor - Task completed > TaskHandler[id: 110; name: combineFiles (10); status: COMPLETED; exit: 0; error: -; workDir: /input/data/work/b6/735d446f3364937e92118a0c3b5f2f]
Dec-07 22:23:01.923 [Task monitor] DEBUG n.processor.TaskPollingMonitor - Task completed > TaskHandler[id: 119; name: combineFiles (19); status: COMPLETED; exit: 0; error: -; workDir: /input/data/work/37/95234c452650f6594386a105b5c550]
Dec-07 22:23:01.983 [Task monitor] DEBUG n.processor.TaskPollingMonitor - Task completed > TaskHandler[id: 133; name: combineFiles (33); status: COMPLETED; exit: 0; error: -; workDir: /input/data/work/d3/1985f01ac2cf1c7b7be5c23629fdaa]
Dec-07 22:23:01.984 [main] DEBUG nextflow.Session - Session await > all processes finished
Dec-07 22:23:02.000 [main] DEBUG nextflow.Session - Session await > all barriers passed
Dec-07 22:23:02.012 [main] DEBUG n.trace.WorkflowStatsObserver - Workflow completed > WorkflowStats[succeededCount=134; failedCount=0; ignoredCount=0; cachedCount=0; pendingCount=0; submittedCount=0; runningCount=0; retriesCount=0; abortedCount=0; succeedDuration=27m 37s; failedDuration=0ms; cachedDuration=0ms;loadCpus=0; loadMemory=0; peakRunning=21; peakCpus=210; peakMemory=210 GB; ]
Dec-07 22:23:02.012 [main] DEBUG nextflow.trace.TraceFileObserver - Workflow completed -- saving trace file
Dec-07 22:23:02.013 [main] DEBUG nextflow.trace.ReportObserver - Workflow completed -- rendering execution report
Dec-07 22:23:02.615 [main] DEBUG nextflow.trace.TimelineObserver - Workflow completed -- rendering execution timeline
Dec-07 22:23:02.758 [main] DEBUG nextflow.cache.CacheDB - Closing CacheDB done
Dec-07 22:23:02.781 [main] DEBUG nextflow.util.ThreadPoolManager - Thread pool 'FileTransfer' shutdown completed (hard=false)
Dec-07 22:23:02.781 [main] DEBUG nextflow.script.ScriptRunner - > Execution complete -- Goodbye
