Jan-07 23:56:06.021 [main] DEBUG nextflow.cli.Launcher - $> nextflow run /input/chain -c /experiments/experiment/chain/nextflow.config -c /experiments/experiment/nextflow_la.config -c /experiments/experiment/nextflow_nfs.config
Jan-07 23:56:06.084 [main] INFO  nextflow.cli.CmdRun - N E X T F L O W  ~  version 23.07.0-edge
Jan-07 23:56:06.102 [main] DEBUG nextflow.plugin.PluginsFacade - Setting up plugin manager > mode=prod; embedded=false; plugins-dir=/.nextflow/plugins; core-plugins: nf-amazon@2.1.0,nf-azure@1.1.4,nf-cloudcache@0.1.0,nf-codecommit@0.1.5,nf-console@1.0.6,nf-ga4gh@1.1.0,nf-google@1.8.1,nf-tower@1.5.15,nf-wave@0.11.0
Jan-07 23:56:06.111 [main] INFO  o.pf4j.DefaultPluginStatusProvider - Enabled plugins: []
Jan-07 23:56:06.112 [main] INFO  o.pf4j.DefaultPluginStatusProvider - Disabled plugins: []
Jan-07 23:56:06.114 [main] INFO  org.pf4j.DefaultPluginManager - PF4J version 3.4.1 in 'deployment' mode
Jan-07 23:56:06.121 [main] INFO  org.pf4j.AbstractPluginManager - No plugins
Jan-07 23:56:06.140 [main] DEBUG nextflow.scm.AssetManager - Project manifest does not exist: /input/chain/nextflow.config (No such file or directory)
Jan-07 23:56:06.162 [main] DEBUG nextflow.config.ConfigBuilder - User config file: /experiments/experiment/chain/nextflow.config
Jan-07 23:56:06.162 [main] DEBUG nextflow.config.ConfigBuilder - User config file: /experiments/experiment/nextflow_la.config
Jan-07 23:56:06.162 [main] DEBUG nextflow.config.ConfigBuilder - User config file: /experiments/experiment/nextflow_nfs.config
Jan-07 23:56:06.162 [main] DEBUG nextflow.config.ConfigBuilder - Parsing config file: /experiments/experiment/chain/nextflow.config
Jan-07 23:56:06.162 [main] DEBUG nextflow.config.ConfigBuilder - Parsing config file: /experiments/experiment/nextflow_la.config
Jan-07 23:56:06.163 [main] DEBUG nextflow.config.ConfigBuilder - Parsing config file: /experiments/experiment/nextflow_nfs.config
Jan-07 23:56:06.176 [main] DEBUG nextflow.config.ConfigBuilder - Applying config profile: `standard`
Jan-07 23:56:06.660 [main] DEBUG nextflow.config.ConfigBuilder - Applying config profile: `standard`
Jan-07 23:56:06.816 [main] DEBUG nextflow.config.ConfigBuilder - Applying config profile: `standard`
Jan-07 23:56:06.841 [main] DEBUG nextflow.cli.CmdRun - Applied DSL=2 by global default
Jan-07 23:56:06.853 [main] INFO  nextflow.cli.CmdRun - Launching `/input/chain/main.nf` [compassionate_hamilton] DSL2 - revision: c6264bd70c
Jan-07 23:56:06.853 [main] DEBUG nextflow.plugin.PluginsFacade - Plugins default=[]
Jan-07 23:56:06.854 [main] DEBUG nextflow.plugin.PluginsFacade - Plugins resolved requirement=[]
Jan-07 23:56:06.860 [main] DEBUG n.secret.LocalSecretsProvider - Secrets store: /.nextflow/secrets/store.json
Jan-07 23:56:06.863 [main] DEBUG nextflow.secret.SecretsLoader - Discovered secrets providers: [nextflow.secret.LocalSecretsProvider@20d87335] - activable => nextflow.secret.LocalSecretsProvider@20d87335
Jan-07 23:56:06.912 [main] DEBUG nextflow.Session - Session UUID: eef79027-b444-4968-8130-99f4fe09a676
Jan-07 23:56:06.912 [main] DEBUG nextflow.Session - Run name: compassionate_hamilton
Jan-07 23:56:06.913 [main] DEBUG nextflow.Session - Executor pool size: 32
Jan-07 23:56:06.918 [main] DEBUG nextflow.file.FilePorter - File porter settings maxRetries=3; maxTransfers=50; pollTimeout=null
Jan-07 23:56:06.921 [main] DEBUG nextflow.util.ThreadPoolBuilder - Creating thread pool 'FileTransfer' minSize=10; maxSize=96; workQueue=LinkedBlockingQueue[10000]; allowCoreThreadTimeout=false
Jan-07 23:56:06.948 [main] DEBUG nextflow.cli.CmdRun - 
  Version: 23.07.0-edge build 5875
  Created: 28-07-2023 20:27 UTC (20:27 GMT)
  System: Linux 5.4.0-169-generic
  Runtime: Groovy 3.0.18 on OpenJDK 64-Bit Server VM 17.0.6+10-LTS
  Encoding: UTF-8 (UTF-8)
  Process: 1685990@nextflow [10.233.76.53]
  CPUs: 32 - Mem: 125.7 GB (122 GB) - Swap: 0 (0)
Jan-07 23:56:06.988 [main] DEBUG nextflow.Session - Work-dir: /input/data/work [nfs]
Jan-07 23:56:06.989 [main] DEBUG nextflow.Session - Script base path does not exist or is not a directory: /input/chain/bin
Jan-07 23:56:06.999 [main] DEBUG nextflow.executor.ExecutorFactory - Extension executors providers=[]
Jan-07 23:56:07.006 [main] DEBUG nextflow.Session - Observer factory: DefaultObserverFactory
Jan-07 23:56:07.034 [main] DEBUG nextflow.cache.CacheFactory - Using Nextflow cache factory: nextflow.cache.DefaultCacheFactory
Jan-07 23:56:07.041 [main] DEBUG nextflow.util.CustomThreadPool - Creating default thread pool > poolSize: 33; maxThreads: 1000
Jan-07 23:56:07.130 [main] DEBUG nextflow.Session - Session start
Jan-07 23:56:07.135 [main] DEBUG nextflow.trace.TraceFileObserver - Workflow started -- trace file: /input/data/output/trace.csv
Jan-07 23:56:07.269 [main] DEBUG nextflow.script.ScriptRunner - > Launching execution
Jan-07 23:56:07.499 [main] DEBUG nextflow.script.ProcessConfig - Config settings `withName:writeLargeFile` matches process writeLargeFile
Jan-07 23:56:07.509 [main] DEBUG nextflow.executor.ExecutorFactory - << taskConfig executor: k8s
Jan-07 23:56:07.509 [main] DEBUG nextflow.executor.ExecutorFactory - >> processorType: 'k8s'
Jan-07 23:56:07.517 [main] DEBUG nextflow.executor.Executor - [warm up] executor > k8s
Jan-07 23:56:07.533 [main] DEBUG n.processor.TaskPollingMonitor - Creating task monitor for executor 'k8s' > capacity: 300; pollInterval: 5s; dumpInterval: 5m; schedulerBatch: null
Jan-07 23:56:07.538 [main] DEBUG nextflow.k8s.client.ConfigDiscovery - K8s config file does not exist: /root/.kube/config
Jan-07 23:56:07.548 [main] DEBUG nextflow.k8s.K8sExecutor - [K8s] config=[localPath:/localdata, localStorageMountPath:/localdata, scheduler:[strategy:LAv2, name:workflow-scheduler, autoClose:false, nodeSelector:usedby=anonymized, container:anonymized/test1:sch_v194], storage:[type:copy, workdir:/localdata/localwork/, nodeSelector:usedby=anonymized, imageName:anonymized/test1:ftp_v122], debug:[yaml:true], namespace:anonymized, serviceAccount:nextflow, workDir:/input/data/work/, projectDir:/input/data/project/, imagePullPolicy:IfNotPresent, launchDir:/input/data/launch/, runAsUser:0, fetchNodeName:true, storageMountPath:/input, pod:[nodeSelector:usedby=anonymized], storageClaimName:nfs-experiment]; API client config=ClientConfig[ server=10.233.0.1:443, namespace=anonymized, serviceAccount=nextflow, token=eyJhbGciOiJ.., sslCert=LS0tLS1CRUd.., clientCert=-, clientKey=-, verifySsl=false, fromFile=true, httpReadTimeout=null, httpConnectTimeout=null, maxErrorRetry=4 ]
Jan-07 23:56:07.969 [main] DEBUG nextflow.k8s.K8sExecutor - Created K8s configMap with name: nf-get-stat-41cac373
Jan-07 23:56:08.751 [main] DEBUG nextflow.script.ProcessConfig - Config settings `withName:revertFile` matches process revertFile
Jan-07 23:56:08.752 [main] DEBUG nextflow.executor.ExecutorFactory - << taskConfig executor: k8s
Jan-07 23:56:08.752 [main] DEBUG nextflow.executor.ExecutorFactory - >> processorType: 'k8s'
Jan-07 23:56:08.765 [main] DEBUG nextflow.Session - Workflow process names [dsl2]: revertFile, combineFiles, writeLargeFile
Jan-07 23:56:08.767 [main] DEBUG nextflow.Session - Igniting dataflow network (3)
Jan-07 23:56:08.769 [main] DEBUG nextflow.processor.TaskProcessor - Starting process > writeLargeFile
Jan-07 23:56:08.770 [main] DEBUG nextflow.processor.TaskProcessor - Starting process > revertFile
Jan-07 23:56:08.771 [main] DEBUG nextflow.script.ScriptRunner - > Awaiting termination 
Jan-07 23:56:08.771 [main] DEBUG nextflow.Session - Session await
Jan-07 23:56:09.076 [Task submitter] INFO  nextflow.Session - [d6/14726c] Submitted process > writeLargeFile (5)
Jan-07 23:56:09.121 [Task submitter] INFO  nextflow.Session - [18/55033d] Submitted process > writeLargeFile (20)
Jan-07 23:56:09.170 [Task submitter] INFO  nextflow.Session - [03/fe9f29] Submitted process > writeLargeFile (4)
Jan-07 23:56:09.211 [Task submitter] INFO  nextflow.Session - [b7/6eef7a] Submitted process > writeLargeFile (9)
Jan-07 23:56:09.254 [Task submitter] INFO  nextflow.Session - [7b/70fa04] Submitted process > writeLargeFile (14)
Jan-07 23:56:09.297 [Task submitter] INFO  nextflow.Session - [5d/ec7dad] Submitted process > writeLargeFile (27)
Jan-07 23:56:09.341 [Task submitter] INFO  nextflow.Session - [24/7d5102] Submitted process > writeLargeFile (15)
Jan-07 23:56:09.382 [Task submitter] INFO  nextflow.Session - [75/03f425] Submitted process > writeLargeFile (8)
Jan-07 23:56:09.421 [Task submitter] INFO  nextflow.Session - [7e/856380] Submitted process > writeLargeFile (29)
Jan-07 23:56:09.462 [Task submitter] INFO  nextflow.Session - [44/096fe1] Submitted process > writeLargeFile (21)
Jan-07 23:56:09.501 [Task submitter] INFO  nextflow.Session - [2b/a45cdf] Submitted process > writeLargeFile (23)
Jan-07 23:56:09.542 [Task submitter] INFO  nextflow.Session - [25/c72915] Submitted process > writeLargeFile (26)
Jan-07 23:56:09.583 [Task submitter] INFO  nextflow.Session - [5d/4ce9e0] Submitted process > writeLargeFile (18)
Jan-07 23:56:09.623 [Task submitter] INFO  nextflow.Session - [4a/3d9f62] Submitted process > writeLargeFile (11)
Jan-07 23:56:09.659 [Task submitter] INFO  nextflow.Session - [dc/607cd6] Submitted process > writeLargeFile (6)
Jan-07 23:56:09.700 [Task submitter] INFO  nextflow.Session - [5a/4e57f4] Submitted process > writeLargeFile (2)
Jan-07 23:56:09.740 [Task submitter] INFO  nextflow.Session - [05/42312d] Submitted process > writeLargeFile (17)
Jan-07 23:56:09.780 [Task submitter] INFO  nextflow.Session - [9e/66ff77] Submitted process > writeLargeFile (12)
Jan-07 23:56:09.821 [Task submitter] INFO  nextflow.Session - [13/7b69d3] Submitted process > writeLargeFile (19)
Jan-07 23:56:09.861 [Task submitter] INFO  nextflow.Session - [c1/86586c] Submitted process > writeLargeFile (22)
Jan-07 23:56:09.898 [Task submitter] INFO  nextflow.Session - [3d/a52674] Submitted process > writeLargeFile (28)
Jan-07 23:56:09.935 [Task submitter] INFO  nextflow.Session - [ee/3bc79a] Submitted process > writeLargeFile (7)
Jan-07 23:56:09.974 [Task submitter] INFO  nextflow.Session - [a6/cbf5f7] Submitted process > writeLargeFile (31)
Jan-07 23:56:10.013 [Task submitter] INFO  nextflow.Session - [2a/2dd3b9] Submitted process > writeLargeFile (32)
Jan-07 23:56:10.051 [Task submitter] INFO  nextflow.Session - [10/66693f] Submitted process > writeLargeFile (1)
Jan-07 23:56:10.091 [Task submitter] INFO  nextflow.Session - [57/5bc1aa] Submitted process > writeLargeFile (10)
Jan-07 23:56:10.130 [Task submitter] INFO  nextflow.Session - [82/9cab9b] Submitted process > writeLargeFile (25)
Jan-07 23:56:10.169 [Task submitter] INFO  nextflow.Session - [30/df42de] Submitted process > writeLargeFile (30)
Jan-07 23:56:10.206 [Task submitter] INFO  nextflow.Session - [1d/110d20] Submitted process > writeLargeFile (24)
Jan-07 23:56:10.246 [Task submitter] INFO  nextflow.Session - [66/519d27] Submitted process > writeLargeFile (13)
Jan-07 23:56:10.285 [Task submitter] INFO  nextflow.Session - [88/654ff2] Submitted process > writeLargeFile (3)
Jan-07 23:56:10.325 [Task submitter] INFO  nextflow.Session - [d6/8462a7] Submitted process > writeLargeFile (16)
Jan-07 23:56:10.364 [Task submitter] INFO  nextflow.Session - [25/8adb52] Submitted process > writeLargeFile (51)
Jan-07 23:56:10.400 [Task submitter] INFO  nextflow.Session - [d2/99f009] Submitted process > writeLargeFile (37)
Jan-07 23:56:10.440 [Task submitter] INFO  nextflow.Session - [e2/c4b12a] Submitted process > writeLargeFile (33)
Jan-07 23:56:10.478 [Task submitter] INFO  nextflow.Session - [54/750965] Submitted process > writeLargeFile (39)
Jan-07 23:56:10.515 [Task submitter] INFO  nextflow.Session - [ca/03adff] Submitted process > writeLargeFile (41)
Jan-07 23:56:10.554 [Task submitter] INFO  nextflow.Session - [e8/59804b] Submitted process > writeLargeFile (38)
Jan-07 23:56:10.595 [Task submitter] INFO  nextflow.Session - [e0/f8b312] Submitted process > writeLargeFile (34)
Jan-07 23:56:10.631 [Task submitter] INFO  nextflow.Session - [7e/02b0b5] Submitted process > writeLargeFile (64)
Jan-07 23:56:10.669 [Task submitter] INFO  nextflow.Session - [d3/2284a8] Submitted process > writeLargeFile (49)
Jan-07 23:56:10.704 [Task submitter] INFO  nextflow.Session - [3d/612265] Submitted process > writeLargeFile (68)
Jan-07 23:56:10.743 [Task submitter] INFO  nextflow.Session - [58/b67fd8] Submitted process > writeLargeFile (36)
Jan-07 23:56:10.780 [Task submitter] INFO  nextflow.Session - [01/bb91db] Submitted process > writeLargeFile (35)
Jan-07 23:56:10.817 [Task submitter] INFO  nextflow.Session - [d3/803d93] Submitted process > writeLargeFile (47)
Jan-07 23:56:10.857 [Task submitter] INFO  nextflow.Session - [50/e2fb59] Submitted process > writeLargeFile (48)
Jan-07 23:56:10.893 [Task submitter] INFO  nextflow.Session - [e2/0703bf] Submitted process > writeLargeFile (74)
Jan-07 23:56:10.930 [Task submitter] INFO  nextflow.Session - [ac/231030] Submitted process > writeLargeFile (50)
Jan-07 23:56:10.966 [Task submitter] INFO  nextflow.Session - [11/724ef9] Submitted process > writeLargeFile (44)
Jan-07 23:56:11.004 [Task submitter] INFO  nextflow.Session - [9d/fc9961] Submitted process > writeLargeFile (43)
Jan-07 23:56:11.043 [Task submitter] INFO  nextflow.Session - [0b/2927ed] Submitted process > writeLargeFile (45)
Jan-07 23:56:11.079 [Task submitter] INFO  nextflow.Session - [a3/f77e3e] Submitted process > writeLargeFile (46)
Jan-07 23:56:11.121 [Task submitter] INFO  nextflow.Session - [f8/ae67a2] Submitted process > writeLargeFile (52)
Jan-07 23:56:11.160 [Task submitter] INFO  nextflow.Session - [28/a26d1b] Submitted process > writeLargeFile (40)
Jan-07 23:56:11.194 [Task submitter] INFO  nextflow.Session - [c2/06ea96] Submitted process > writeLargeFile (42)
Jan-07 23:56:11.230 [Task submitter] INFO  nextflow.Session - [31/58f488] Submitted process > writeLargeFile (54)
Jan-07 23:56:11.264 [Task submitter] INFO  nextflow.Session - [53/82a2e4] Submitted process > writeLargeFile (60)
Jan-07 23:56:11.300 [Task submitter] INFO  nextflow.Session - [ca/5b39ca] Submitted process > writeLargeFile (77)
Jan-07 23:56:11.334 [Task submitter] INFO  nextflow.Session - [30/2bf6c0] Submitted process > writeLargeFile (78)
Jan-07 23:56:11.369 [Task submitter] INFO  nextflow.Session - [4f/f60844] Submitted process > writeLargeFile (53)
Jan-07 23:56:11.404 [Task submitter] INFO  nextflow.Session - [49/17c8e9] Submitted process > writeLargeFile (56)
Jan-07 23:56:11.439 [Task submitter] INFO  nextflow.Session - [07/a117e2] Submitted process > writeLargeFile (55)
Jan-07 23:56:11.474 [Task submitter] INFO  nextflow.Session - [98/899308] Submitted process > writeLargeFile (57)
Jan-07 23:56:11.510 [Task submitter] INFO  nextflow.Session - [3f/ac54aa] Submitted process > writeLargeFile (58)
Jan-07 23:56:11.543 [Task submitter] INFO  nextflow.Session - [07/9df206] Submitted process > writeLargeFile (62)
Jan-07 23:56:11.579 [Task submitter] INFO  nextflow.Session - [c2/5b4266] Submitted process > writeLargeFile (63)
Jan-07 23:56:11.611 [Task submitter] INFO  nextflow.Session - [0b/ed0617] Submitted process > writeLargeFile (90)
Jan-07 23:56:11.645 [Task submitter] INFO  nextflow.Session - [f7/54b614] Submitted process > writeLargeFile (69)
Jan-07 23:56:11.677 [Task submitter] INFO  nextflow.Session - [f7/95b41d] Submitted process > writeLargeFile (66)
Jan-07 23:56:11.711 [Task submitter] INFO  nextflow.Session - [15/e5348c] Submitted process > writeLargeFile (59)
Jan-07 23:56:11.743 [Task submitter] INFO  nextflow.Session - [46/17a07c] Submitted process > writeLargeFile (71)
Jan-07 23:56:11.777 [Task submitter] INFO  nextflow.Session - [4e/2b09a6] Submitted process > writeLargeFile (67)
Jan-07 23:56:11.810 [Task submitter] INFO  nextflow.Session - [c7/ca343e] Submitted process > writeLargeFile (72)
Jan-07 23:56:11.845 [Task submitter] INFO  nextflow.Session - [5d/c53a93] Submitted process > writeLargeFile (99)
Jan-07 23:56:11.882 [Task submitter] INFO  nextflow.Session - [41/36fe37] Submitted process > writeLargeFile (65)
Jan-07 23:56:11.914 [Task submitter] INFO  nextflow.Session - [21/1b3d2b] Submitted process > writeLargeFile (75)
Jan-07 23:56:11.946 [Task submitter] INFO  nextflow.Session - [33/576be0] Submitted process > writeLargeFile (61)
Jan-07 23:56:11.978 [Task submitter] INFO  nextflow.Session - [84/7bda47] Submitted process > writeLargeFile (76)
Jan-07 23:56:12.014 [Task submitter] INFO  nextflow.Session - [3e/87ac46] Submitted process > writeLargeFile (73)
Jan-07 23:56:12.048 [Task submitter] INFO  nextflow.Session - [1a/210ebd] Submitted process > writeLargeFile (70)
Jan-07 23:56:12.084 [Task submitter] INFO  nextflow.Session - [a8/8291b7] Submitted process > writeLargeFile (80)
Jan-07 23:56:12.119 [Task submitter] INFO  nextflow.Session - [36/b955b0] Submitted process > writeLargeFile (94)
Jan-07 23:56:12.160 [Task submitter] INFO  nextflow.Session - [12/dc4630] Submitted process > writeLargeFile (91)
Jan-07 23:56:12.194 [Task submitter] INFO  nextflow.Session - [92/4b6c7a] Submitted process > writeLargeFile (83)
Jan-07 23:56:12.229 [Task submitter] INFO  nextflow.Session - [32/08ed35] Submitted process > writeLargeFile (81)
Jan-07 23:56:12.261 [Task submitter] INFO  nextflow.Session - [b3/00595e] Submitted process > writeLargeFile (89)
Jan-07 23:56:12.295 [Task submitter] INFO  nextflow.Session - [65/e31425] Submitted process > writeLargeFile (96)
Jan-07 23:56:12.326 [Task submitter] INFO  nextflow.Session - [c4/889a1f] Submitted process > writeLargeFile (86)
Jan-07 23:56:12.357 [Task submitter] INFO  nextflow.Session - [36/1c721b] Submitted process > writeLargeFile (82)
Jan-07 23:56:12.388 [Task submitter] INFO  nextflow.Session - [2c/9e19a0] Submitted process > writeLargeFile (95)
Jan-07 23:56:12.423 [Task submitter] INFO  nextflow.Session - [bf/32be64] Submitted process > writeLargeFile (100)
Jan-07 23:56:12.453 [Task submitter] INFO  nextflow.Session - [14/a05265] Submitted process > writeLargeFile (79)
Jan-07 23:56:12.485 [Task submitter] INFO  nextflow.Session - [cb/9ba46b] Submitted process > writeLargeFile (93)
Jan-07 23:56:12.522 [Task submitter] INFO  nextflow.Session - [ad/33befa] Submitted process > writeLargeFile (87)
Jan-07 23:56:12.557 [Task submitter] INFO  nextflow.Session - [6b/66e919] Submitted process > writeLargeFile (84)
Jan-07 23:56:12.590 [Task submitter] INFO  nextflow.Session - [e4/81b701] Submitted process > writeLargeFile (85)
Jan-07 23:56:12.628 [Task submitter] INFO  nextflow.Session - [1b/8b86dd] Submitted process > writeLargeFile (97)
Jan-07 23:56:12.659 [Task submitter] INFO  nextflow.Session - [63/27d6a3] Submitted process > writeLargeFile (98)
Jan-07 23:56:12.690 [Task submitter] INFO  nextflow.Session - [de/1229e0] Submitted process > writeLargeFile (88)
Jan-07 23:56:12.722 [Task submitter] INFO  nextflow.Session - [6a/59ea99] Submitted process > writeLargeFile (92)
Jan-07 23:56:17.589 [Task monitor] DEBUG n.processor.TaskPollingMonitor - Task completed > TaskHandler[id: 5; name: writeLargeFile (5); status: COMPLETED; exit: 0; error: -; workDir: /input/data/work/d6/14726cb46d61afb44edb44a97cced1]
Jan-07 23:56:17.687 [Task submitter] INFO  nextflow.Session - [6f/50ebc8] Submitted process > revertFile (5)
Jan-07 23:56:17.695 [Task monitor] DEBUG n.processor.TaskPollingMonitor - Task completed > TaskHandler[id: 9; name: writeLargeFile (9); status: COMPLETED; exit: 0; error: -; workDir: /input/data/work/b7/6eef7a56cc525207cf0fe829a805af]
Jan-07 23:56:17.748 [Task submitter] INFO  nextflow.Session - [a7/19da4e] Submitted process > revertFile (9)
Jan-07 23:56:17.748 [Task monitor] DEBUG n.processor.TaskPollingMonitor - Task completed > TaskHandler[id: 14; name: writeLargeFile (14); status: COMPLETED; exit: 0; error: -; workDir: /input/data/work/7b/70fa049f4a2552f49fa3c1b511118a]
Jan-07 23:56:17.823 [Task submitter] INFO  nextflow.Session - [4b/048d36] Submitted process > revertFile (14)
Jan-07 23:56:22.612 [Task monitor] DEBUG n.processor.TaskPollingMonitor - Task completed > TaskHandler[id: 20; name: writeLargeFile (20); status: COMPLETED; exit: 0; error: -; workDir: /input/data/work/18/55033dd484c149da9be37725ea48fb]
Jan-07 23:56:22.712 [Task monitor] DEBUG n.processor.TaskPollingMonitor - Task completed > TaskHandler[id: 4; name: writeLargeFile (4); status: COMPLETED; exit: 0; error: -; workDir: /input/data/work/03/fe9f2957373c80f2920507e13863cc]
Jan-07 23:56:22.723 [Task submitter] INFO  nextflow.Session - [77/63ce13] Submitted process > revertFile (20)
Jan-07 23:56:22.811 [Task submitter] INFO  nextflow.Session - [11/8083a4] Submitted process > revertFile (4)
Jan-07 23:56:22.813 [Task monitor] DEBUG n.processor.TaskPollingMonitor - Task completed > TaskHandler[id: 27; name: writeLargeFile (27); status: COMPLETED; exit: 0; error: -; workDir: /input/data/work/5d/ec7dadd126d12b582eb7bd2ddbcf00]
Jan-07 23:56:22.916 [Task submitter] INFO  nextflow.Session - [b7/22026b] Submitted process > revertFile (27)
Jan-07 23:56:28.761 [Task monitor] DEBUG n.processor.TaskPollingMonitor - Task completed > TaskHandler[id: 51; name: writeLargeFile (51); status: COMPLETED; exit: 0; error: -; workDir: /input/data/work/25/8adb520d9778a1f6961873ffad9034]
Jan-07 23:56:28.826 [Task monitor] DEBUG n.processor.TaskPollingMonitor - Task completed > TaskHandler[id: 37; name: writeLargeFile (37); status: COMPLETED; exit: 0; error: -; workDir: /input/data/work/d2/99f009f1e67ff4616b87f91aae54b5]
Jan-07 23:56:28.839 [Task submitter] INFO  nextflow.Session - [15/649cc1] Submitted process > revertFile (51)
Jan-07 23:56:28.892 [Task submitter] INFO  nextflow.Session - [9a/42822f] Submitted process > revertFile (37)
Jan-07 23:56:28.899 [Task monitor] DEBUG n.processor.TaskPollingMonitor - Task completed > TaskHandler[id: 33; name: writeLargeFile (33); status: COMPLETED; exit: 0; error: -; workDir: /input/data/work/e2/c4b12ad29d6b850254d99f04d93bf3]
Jan-07 23:56:28.956 [Task submitter] INFO  nextflow.Session - [77/5adbc9] Submitted process > revertFile (33)
Jan-07 23:56:39.183 [Task monitor] DEBUG n.processor.TaskPollingMonitor - Task completed > TaskHandler[id: 13; name: writeLargeFile (13); status: COMPLETED; exit: 0; error: -; workDir: /input/data/work/66/519d27670dae4277bec931940a1d2a]
Jan-07 23:56:39.333 [Task submitter] INFO  nextflow.Session - [7e/00d91a] Submitted process > revertFile (13)
Jan-07 23:56:40.744 [Task monitor] DEBUG n.processor.TaskPollingMonitor - Task completed > TaskHandler[id: 73; name: writeLargeFile (73); status: COMPLETED; exit: 0; error: -; workDir: /input/data/work/3e/87ac46dda085a468ba13e1eb744ab6]
Jan-07 23:56:40.792 [Task submitter] INFO  nextflow.Session - [c4/ecfceb] Submitted process > revertFile (73)
Jan-07 23:56:40.796 [Task monitor] DEBUG n.processor.TaskPollingMonitor - Task completed > TaskHandler[id: 70; name: writeLargeFile (70); status: COMPLETED; exit: 0; error: -; workDir: /input/data/work/1a/210ebde3942a17fe327f605c420941]
Jan-07 23:56:40.843 [Task submitter] INFO  nextflow.Session - [b1/7fad71] Submitted process > revertFile (70)
Jan-07 23:56:40.845 [Task monitor] DEBUG n.processor.TaskPollingMonitor - Task completed > TaskHandler[id: 80; name: writeLargeFile (80); status: COMPLETED; exit: 0; error: -; workDir: /input/data/work/a8/8291b72b6c91f35c6ec4454bbeb678]
Jan-07 23:56:40.889 [Task submitter] INFO  nextflow.Session - [aa/120d23] Submitted process > revertFile (80)
Jan-07 23:56:40.891 [Task monitor] DEBUG n.processor.TaskPollingMonitor - Task completed > TaskHandler[id: 94; name: writeLargeFile (94); status: COMPLETED; exit: 0; error: -; workDir: /input/data/work/36/b955b07a69459f8f15266a5248b615]
Jan-07 23:56:40.935 [Task submitter] INFO  nextflow.Session - [2e/4b6a84] Submitted process > revertFile (94)
Jan-07 23:56:41.541 [Task monitor] DEBUG n.processor.TaskPollingMonitor - Task completed > TaskHandler[id: 92; name: writeLargeFile (92); status: COMPLETED; exit: 0; error: -; workDir: /input/data/work/6a/59ea995f3a3a3a09e38c4011dcc5ec]
Jan-07 23:56:41.610 [Task submitter] INFO  nextflow.Session - [b0/96b581] Submitted process > revertFile (92)
Jan-07 23:56:49.942 [Task monitor] DEBUG n.processor.TaskPollingMonitor - Task completed > TaskHandler[id: 96; name: writeLargeFile (96); status: COMPLETED; exit: 0; error: -; workDir: /input/data/work/65/e31425c76817364020eda3a8c2f3a1]
Jan-07 23:56:50.013 [Task submitter] INFO  nextflow.Session - [bc/648d6f] Submitted process > revertFile (96)
Jan-07 23:56:53.447 [Task monitor] DEBUG n.processor.TaskPollingMonitor - Task completed > TaskHandler[id: 3; name: writeLargeFile (3); status: COMPLETED; exit: 0; error: -; workDir: /input/data/work/88/654ff243ca8fdcdaf57d4cd07afcaf]
Jan-07 23:56:53.503 [Task monitor] DEBUG n.processor.TaskPollingMonitor - Task completed > TaskHandler[id: 16; name: writeLargeFile (16); status: COMPLETED; exit: 0; error: -; workDir: /input/data/work/d6/8462a7108c94eda116a8a086fd6725]
Jan-07 23:56:53.507 [Task submitter] INFO  nextflow.Session - [56/da7164] Submitted process > revertFile (3)
Jan-07 23:56:53.558 [Task monitor] DEBUG n.processor.TaskPollingMonitor - Task completed > TaskHandler[id: 39; name: writeLargeFile (39); status: COMPLETED; exit: 0; error: -; workDir: /input/data/work/54/750965c467bbbafc56337e7ecc7246]
Jan-07 23:56:53.563 [Task submitter] INFO  nextflow.Session - [af/3e2d7e] Submitted process > revertFile (16)
Jan-07 23:56:53.600 [Task submitter] INFO  nextflow.Session - [b9/d16d82] Submitted process > revertFile (39)
Jan-07 23:56:53.606 [Task monitor] DEBUG n.processor.TaskPollingMonitor - Task completed > TaskHandler[id: 41; name: writeLargeFile (41); status: COMPLETED; exit: 0; error: -; workDir: /input/data/work/ca/03adff5213e8ccd44aa2a1207b91e9]
Jan-07 23:56:53.661 [Task monitor] DEBUG n.processor.TaskPollingMonitor - Task completed > TaskHandler[id: 38; name: writeLargeFile (38); status: COMPLETED; exit: 0; error: -; workDir: /input/data/work/e8/59804b1e7d5a983761423adb5354ae]
Jan-07 23:56:53.666 [Task submitter] INFO  nextflow.Session - [16/ef4c35] Submitted process > revertFile (41)
Jan-07 23:56:53.726 [Task submitter] INFO  nextflow.Session - [c5/45cb1e] Submitted process > revertFile (38)
Jan-07 23:57:03.409 [Task monitor] DEBUG n.processor.TaskPollingMonitor - Task completed > TaskHandler[id: 34; name: writeLargeFile (34); status: COMPLETED; exit: 0; error: -; workDir: /input/data/work/e0/f8b3120044a9d3c282b342fdaa29fd]
Jan-07 23:57:03.454 [Task submitter] INFO  nextflow.Session - [83/29da08] Submitted process > revertFile (34)
Jan-07 23:57:04.893 [Task monitor] DEBUG n.processor.TaskPollingMonitor - Task completed > TaskHandler[id: 95; name: writeLargeFile (95); status: COMPLETED; exit: 0; error: -; workDir: /input/data/work/2c/9e19a0ef1d12c9ae6a4046587e0bd9]
Jan-07 23:57:04.960 [Task submitter] INFO  nextflow.Session - [9e/96ec05] Submitted process > revertFile (95)
Jan-07 23:57:05.265 [Task monitor] DEBUG n.processor.TaskPollingMonitor - Task completed > TaskHandler[id: 88; name: writeLargeFile (88); status: COMPLETED; exit: 0; error: -; workDir: /input/data/work/de/1229e06242aec63fcd302100244826]
Jan-07 23:57:05.363 [Task submitter] INFO  nextflow.Session - [f5/bb010f] Submitted process > revertFile (88)
Jan-07 23:57:08.263 [Task monitor] DEBUG n.processor.TaskPollingMonitor - Task completed > TaskHandler[id: 24; name: writeLargeFile (24); status: COMPLETED; exit: 0; error: -; workDir: /input/data/work/1d/110d20595fab422abd18210429679e]
Jan-07 23:57:08.303 [Task submitter] INFO  nextflow.Session - [bc/5bf901] Submitted process > revertFile (24)
Jan-07 23:57:08.307 [Task monitor] DEBUG n.processor.TaskPollingMonitor - Task completed > TaskHandler[id: 64; name: writeLargeFile (64); status: COMPLETED; exit: 0; error: -; workDir: /input/data/work/7e/02b0b5446f39edd47f898b75176aea]
Jan-07 23:57:08.347 [Task submitter] INFO  nextflow.Session - [3d/6b1072] Submitted process > revertFile (64)
Jan-07 23:57:08.351 [Task monitor] DEBUG n.processor.TaskPollingMonitor - Task completed > TaskHandler[id: 49; name: writeLargeFile (49); status: COMPLETED; exit: 0; error: -; workDir: /input/data/work/d3/2284a8e8ecc5475ba984a17536abba]
Jan-07 23:57:08.389 [Task submitter] INFO  nextflow.Session - [42/3fbeda] Submitted process > revertFile (49)
Jan-07 23:57:13.296 [Task monitor] DEBUG n.processor.TaskPollingMonitor - Task completed > TaskHandler[id: 36; name: writeLargeFile (36); status: COMPLETED; exit: 0; error: -; workDir: /input/data/work/58/b67fd86297cf5bd8557d2a6ef957a1]
Jan-07 23:57:13.344 [Task monitor] DEBUG n.processor.TaskPollingMonitor - Task completed > TaskHandler[id: 35; name: writeLargeFile (35); status: COMPLETED; exit: 0; error: -; workDir: /input/data/work/01/bb91db1466abe74758da3cae0b9dd0]
Jan-07 23:57:13.369 [Task submitter] INFO  nextflow.Session - [61/988a22] Submitted process > revertFile (36)
Jan-07 23:57:13.389 [Task monitor] DEBUG n.processor.TaskPollingMonitor - Task completed > TaskHandler[id: 47; name: writeLargeFile (47); status: COMPLETED; exit: 0; error: -; workDir: /input/data/work/d3/803d932d3b952fecc7288cd4cb0bed]
Jan-07 23:57:13.409 [Task submitter] INFO  nextflow.Session - [c0/044bcc] Submitted process > revertFile (35)
Jan-07 23:57:13.450 [Task submitter] INFO  nextflow.Session - [4e/9d0526] Submitted process > revertFile (47)
Jan-07 23:57:23.789 [Task monitor] DEBUG n.processor.TaskPollingMonitor - Task completed > TaskHandler[id: 68; name: writeLargeFile (68); status: COMPLETED; exit: 0; error: -; workDir: /input/data/work/3d/612265c58794c065209386551fbd25]
Jan-07 23:57:23.879 [Task submitter] INFO  nextflow.Session - [bb/19f65b] Submitted process > revertFile (68)
Jan-07 23:57:24.701 [Task monitor] DEBUG n.processor.TaskPollingMonitor - Task completed > TaskHandler[id: 55; name: writeLargeFile (55); status: COMPLETED; exit: 0; error: -; workDir: /input/data/work/07/a117e2b2e3db9d1b0bddd847b50d6f]
Jan-07 23:57:24.835 [Task submitter] INFO  nextflow.Session - [df/d66a87] Submitted process > revertFile (55)
Jan-07 23:57:26.420 [Task monitor] DEBUG n.processor.TaskPollingMonitor - Task completed > TaskHandler[id: 98; name: writeLargeFile (98); status: COMPLETED; exit: 0; error: -; workDir: /input/data/work/63/27d6a324798b2ccc654d4326e230fd]
Jan-07 23:57:26.462 [Task submitter] INFO  nextflow.Session - [b6/a08163] Submitted process > revertFile (98)
Jan-07 23:57:28.447 [Task monitor] DEBUG n.processor.TaskPollingMonitor - Task completed > TaskHandler[id: 74; name: writeLargeFile (74); status: COMPLETED; exit: 0; error: -; workDir: /input/data/work/e2/0703bf887a7a8b0b1baf9a53d07cca]
Jan-07 23:57:28.515 [Task monitor] DEBUG n.processor.TaskPollingMonitor - Task completed > TaskHandler[id: 50; name: writeLargeFile (50); status: COMPLETED; exit: 0; error: -; workDir: /input/data/work/ac/231030f4d4dd6e888e30354a677c78]
Jan-07 23:57:28.539 [Task submitter] INFO  nextflow.Session - [04/4255dd] Submitted process > revertFile (74)
Jan-07 23:57:28.579 [Task monitor] DEBUG n.processor.TaskPollingMonitor - Task completed > TaskHandler[id: 44; name: writeLargeFile (44); status: COMPLETED; exit: 0; error: -; workDir: /input/data/work/11/724ef9508b33ac3e87d5525426bb20]
Jan-07 23:57:28.594 [Task submitter] INFO  nextflow.Session - [a5/293c99] Submitted process > revertFile (50)
Jan-07 23:57:28.644 [Task submitter] INFO  nextflow.Session - [74/698d4d] Submitted process > revertFile (44)
Jan-07 23:57:39.250 [Task monitor] DEBUG n.processor.TaskPollingMonitor - Task completed > TaskHandler[id: 30; name: writeLargeFile (30); status: COMPLETED; exit: 0; error: -; workDir: /input/data/work/30/df42de514043c83fe304b881f4f768]
Jan-07 23:57:39.336 [Task monitor] DEBUG n.processor.TaskPollingMonitor - Task completed > TaskHandler[id: 48; name: writeLargeFile (48); status: COMPLETED; exit: 0; error: -; workDir: /input/data/work/50/e2fb590c9f58a1b0f322326e8c8da4]
Jan-07 23:57:39.366 [Task submitter] INFO  nextflow.Session - [e8/80f562] Submitted process > revertFile (30)
Jan-07 23:57:39.447 [Task monitor] DEBUG n.processor.TaskPollingMonitor - Task completed > TaskHandler[id: 43; name: writeLargeFile (43); status: COMPLETED; exit: 0; error: -; workDir: /input/data/work/9d/fc99616177e5d38fdb3454065f9502]
Jan-07 23:57:39.464 [Task submitter] INFO  nextflow.Session - [2f/bea8b2] Submitted process > revertFile (48)
Jan-07 23:57:39.569 [Task submitter] INFO  nextflow.Session - [3e/12a412] Submitted process > revertFile (43)
Jan-07 23:57:39.606 [Task monitor] DEBUG n.processor.TaskPollingMonitor - Task completed > TaskHandler[id: 46; name: writeLargeFile (46); status: COMPLETED; exit: 0; error: -; workDir: /input/data/work/a3/f77e3e295d0b78b8de6256bdd65146]
Jan-07 23:57:39.698 [Task submitter] INFO  nextflow.Session - [64/508261] Submitted process > revertFile (46)
Jan-07 23:57:39.705 [Task monitor] DEBUG n.processor.TaskPollingMonitor - Task completed > TaskHandler[id: 52; name: writeLargeFile (52); status: COMPLETED; exit: 0; error: -; workDir: /input/data/work/f8/ae67a28bd7eb31466968a87f3ac543]
Jan-07 23:57:39.771 [Task monitor] DEBUG n.processor.TaskPollingMonitor - Task completed > TaskHandler[id: 40; name: writeLargeFile (40); status: COMPLETED; exit: 0; error: -; workDir: /input/data/work/28/a26d1b5accda21f7248ed17bd2fa51]
Jan-07 23:57:39.782 [Task submitter] INFO  nextflow.Session - [33/10d42c] Submitted process > revertFile (52)
Jan-07 23:57:39.857 [Task submitter] INFO  nextflow.Session - [e0/0a6d85] Submitted process > revertFile (40)
Jan-07 23:57:48.599 [Task monitor] DEBUG n.processor.TaskPollingMonitor - Task completed > TaskHandler[id: 42; name: writeLargeFile (42); status: COMPLETED; exit: 0; error: -; workDir: /input/data/work/c2/06ea967e4128b64872ef42851d29e2]
Jan-07 23:57:48.646 [Task monitor] DEBUG n.processor.TaskPollingMonitor - Task completed > TaskHandler[id: 54; name: writeLargeFile (54); status: COMPLETED; exit: 0; error: -; workDir: /input/data/work/31/58f488b8624130b18141a2f63effb8]
Jan-07 23:57:48.652 [Task submitter] INFO  nextflow.Session - [6d/5da845] Submitted process > revertFile (42)
Jan-07 23:57:48.685 [Task submitter] INFO  nextflow.Session - [3d/30e162] Submitted process > revertFile (54)
Jan-07 23:57:48.699 [Task monitor] DEBUG n.processor.TaskPollingMonitor - Task completed > TaskHandler[id: 60; name: writeLargeFile (60); status: COMPLETED; exit: 0; error: -; workDir: /input/data/work/53/82a2e4ffb040b20544e1201ca024c5]
Jan-07 23:57:48.749 [Task submitter] INFO  nextflow.Session - [84/b0c24f] Submitted process > revertFile (60)
Jan-07 23:57:54.000 [Task monitor] DEBUG n.processor.TaskPollingMonitor - Task completed > TaskHandler[id: 25; name: writeLargeFile (25); status: COMPLETED; exit: 0; error: -; workDir: /input/data/work/82/9cab9bb32ffbd77da629a7a18bb53a]
Jan-07 23:57:54.086 [Task monitor] DEBUG n.processor.TaskPollingMonitor - Task completed > TaskHandler[id: 45; name: writeLargeFile (45); status: COMPLETED; exit: 0; error: -; workDir: /input/data/work/0b/2927ed4cf39a90f1d5c3e63aa2180d]
Jan-07 23:57:54.100 [Task submitter] INFO  nextflow.Session - [71/db8cc3] Submitted process > revertFile (25)
Jan-07 23:57:54.207 [Task monitor] DEBUG n.processor.TaskPollingMonitor - Task completed > TaskHandler[id: 77; name: writeLargeFile (77); status: COMPLETED; exit: 0; error: -; workDir: /input/data/work/ca/5b39cabfbb72a951ba88c47a40c83f]
Jan-07 23:57:54.213 [Task submitter] INFO  nextflow.Session - [09/46d0b5] Submitted process > revertFile (45)
Jan-07 23:57:54.339 [Task submitter] INFO  nextflow.Session - [21/68cf2a] Submitted process > revertFile (77)
Jan-07 23:57:58.523 [Task monitor] DEBUG n.processor.TaskPollingMonitor - Task completed > TaskHandler[id: 53; name: writeLargeFile (53); status: COMPLETED; exit: 0; error: -; workDir: /input/data/work/4f/f608441fd65126e3f44995cab72609]
Jan-07 23:57:58.562 [Task submitter] INFO  nextflow.Session - [27/29d8cb] Submitted process > revertFile (53)
Jan-07 23:57:58.568 [Task monitor] DEBUG n.processor.TaskPollingMonitor - Task completed > TaskHandler[id: 56; name: writeLargeFile (56); status: COMPLETED; exit: 0; error: -; workDir: /input/data/work/49/17c8e9eb29d6f5dc646a91d0216e43]
Jan-07 23:57:58.605 [Task monitor] DEBUG n.processor.TaskPollingMonitor - Task completed > TaskHandler[id: 57; name: writeLargeFile (57); status: COMPLETED; exit: 0; error: -; workDir: /input/data/work/98/899308a892b954c1ea47670a29de20]
Jan-07 23:57:58.605 [Task submitter] INFO  nextflow.Session - [ac/eb9909] Submitted process > revertFile (56)
Jan-07 23:57:58.645 [Task submitter] INFO  nextflow.Session - [b8/316e02] Submitted process > revertFile (57)
Jan-07 23:58:08.806 [Task monitor] DEBUG n.processor.TaskPollingMonitor - Task completed > TaskHandler[id: 10; name: writeLargeFile (10); status: COMPLETED; exit: 0; error: -; workDir: /input/data/work/57/5bc1aadd0b79b371a204f09308668a]
Jan-07 23:58:08.877 [Task submitter] INFO  nextflow.Session - [bf/9fddfc] Submitted process > revertFile (10)
Jan-07 23:58:08.884 [Task monitor] DEBUG n.processor.TaskPollingMonitor - Task completed > TaskHandler[id: 78; name: writeLargeFile (78); status: COMPLETED; exit: 0; error: -; workDir: /input/data/work/30/2bf6c0555fa613bfc71384d25b17d0]
Jan-07 23:58:08.951 [Task monitor] DEBUG n.processor.TaskPollingMonitor - Task completed > TaskHandler[id: 58; name: writeLargeFile (58); status: COMPLETED; exit: 0; error: -; workDir: /input/data/work/3f/ac54aa655a4765517c2222e4451768]
Jan-07 23:58:08.955 [Task submitter] INFO  nextflow.Session - [7e/2ee71a] Submitted process > revertFile (78)
Jan-07 23:58:09.022 [Task submitter] INFO  nextflow.Session - [ea/410748] Submitted process > revertFile (58)
Jan-07 23:58:13.603 [Task monitor] DEBUG n.processor.TaskPollingMonitor - Task completed > TaskHandler[id: 69; name: writeLargeFile (69); status: COMPLETED; exit: 0; error: -; workDir: /input/data/work/f7/54b61401a9eec896208ad03ac0d05b]
Jan-07 23:58:13.646 [Task monitor] DEBUG n.processor.TaskPollingMonitor - Task completed > TaskHandler[id: 66; name: writeLargeFile (66); status: COMPLETED; exit: 0; error: -; workDir: /input/data/work/f7/95b41dc142df42486af621b5a8b466]
Jan-07 23:58:13.648 [Task submitter] INFO  nextflow.Session - [59/b3efb0] Submitted process > revertFile (69)
Jan-07 23:58:13.705 [Task monitor] DEBUG n.processor.TaskPollingMonitor - Task completed > TaskHandler[id: 59; name: writeLargeFile (59); status: COMPLETED; exit: 0; error: -; workDir: /input/data/work/15/e5348cabb3c5af9fbc065284380e7e]
Jan-07 23:58:13.714 [Task submitter] INFO  nextflow.Session - [e6/0b9a0b] Submitted process > revertFile (66)
Jan-07 23:58:13.764 [Task submitter] INFO  nextflow.Session - [91/4491c6] Submitted process > revertFile (59)
Jan-07 23:58:23.694 [Task monitor] DEBUG n.processor.TaskPollingMonitor - Task completed > TaskHandler[id: 31; name: writeLargeFile (31); status: COMPLETED; exit: 0; error: -; workDir: /input/data/work/a6/cbf5f763ffcdbf4e18d3c0447b1486]
Jan-07 23:58:23.793 [Task submitter] INFO  nextflow.Session - [74/01a2e6] Submitted process > revertFile (31)
Jan-07 23:58:23.929 [Task monitor] DEBUG n.processor.TaskPollingMonitor - Task completed > TaskHandler[id: 62; name: writeLargeFile (62); status: COMPLETED; exit: 0; error: -; workDir: /input/data/work/07/9df206dc3d299654c7fd20a9c58443]
Jan-07 23:58:23.997 [Task monitor] DEBUG n.processor.TaskPollingMonitor - Task completed > TaskHandler[id: 63; name: writeLargeFile (63); status: COMPLETED; exit: 0; error: -; workDir: /input/data/work/c2/5b426641de90550e31c96ab3902c3d]
Jan-07 23:58:24.016 [Task submitter] INFO  nextflow.Session - [67/a0a7ed] Submitted process > revertFile (62)
Jan-07 23:58:24.092 [Task submitter] INFO  nextflow.Session - [61/cd7e65] Submitted process > revertFile (63)
Jan-07 23:58:24.105 [Task monitor] DEBUG n.processor.TaskPollingMonitor - Task completed > TaskHandler[id: 90; name: writeLargeFile (90); status: COMPLETED; exit: 0; error: -; workDir: /input/data/work/0b/ed06175905562f6923c70589423bc7]
Jan-07 23:58:24.202 [Task submitter] INFO  nextflow.Session - [67/f65474] Submitted process > revertFile (90)
Jan-07 23:58:24.334 [Task monitor] DEBUG n.processor.TaskPollingMonitor - Task completed > TaskHandler[id: 72; name: writeLargeFile (72); status: COMPLETED; exit: 0; error: -; workDir: /input/data/work/c7/ca343e485f99d4eb144bf7232e03c0]
Jan-07 23:58:24.405 [Task submitter] INFO  nextflow.Session - [75/307c00] Submitted process > revertFile (72)
Jan-07 23:58:24.742 [Task monitor] DEBUG n.processor.TaskPollingMonitor - Task completed > TaskHandler[id: 83; name: writeLargeFile (83); status: COMPLETED; exit: 0; error: -; workDir: /input/data/work/92/4b6c7a5876b7bc1e918655c98630a8]
Jan-07 23:58:24.835 [Task submitter] INFO  nextflow.Session - [0e/1eb05d] Submitted process > revertFile (83)
Jan-07 23:58:33.174 [Task monitor] DEBUG n.processor.TaskPollingMonitor - Task completed > TaskHandler[id: 2; name: writeLargeFile (2); status: COMPLETED; exit: 0; error: -; workDir: /input/data/work/5a/4e57f4308e2501459142e86ca0b011]
Jan-07 23:58:33.222 [Task monitor] DEBUG n.processor.TaskPollingMonitor - Task completed > TaskHandler[id: 17; name: writeLargeFile (17); status: COMPLETED; exit: 0; error: -; workDir: /input/data/work/05/42312dc42a371fdeee6c7c1fc2c7cc]
Jan-07 23:58:33.236 [Task submitter] INFO  nextflow.Session - [76/4c6bfc] Submitted process > revertFile (2)
Jan-07 23:58:33.267 [Task submitter] INFO  nextflow.Session - [6b/0927fc] Submitted process > revertFile (17)
Jan-07 23:58:33.432 [Task monitor] DEBUG n.processor.TaskPollingMonitor - Task completed > TaskHandler[id: 32; name: writeLargeFile (32); status: COMPLETED; exit: 0; error: -; workDir: /input/data/work/2a/2dd3b9cc76362008e6cef8214da1da]
Jan-07 23:58:33.477 [Task submitter] INFO  nextflow.Session - [12/d4a5ea] Submitted process > revertFile (32)
Jan-07 23:58:39.373 [Task monitor] DEBUG n.processor.TaskPollingMonitor - Task completed > TaskHandler[id: 86; name: writeLargeFile (86); status: COMPLETED; exit: 0; error: -; workDir: /input/data/work/c4/889a1f827fdda529f2d5c979685bbb]
Jan-07 23:58:39.459 [Task monitor] DEBUG n.processor.TaskPollingMonitor - Task completed > TaskHandler[id: 82; name: writeLargeFile (82); status: COMPLETED; exit: 0; error: -; workDir: /input/data/work/36/1c721bbd081eff3572de77ded2b66f]
Jan-07 23:58:39.505 [Task submitter] INFO  nextflow.Session - [8e/9a07e0] Submitted process > revertFile (86)
Jan-07 23:58:39.560 [Task monitor] DEBUG n.processor.TaskPollingMonitor - Task completed > TaskHandler[id: 100; name: writeLargeFile (100); status: COMPLETED; exit: 0; error: -; workDir: /input/data/work/bf/32be645cc4643221ae47461161fc1f]
Jan-07 23:58:39.600 [Task submitter] INFO  nextflow.Session - [bf/244ac4] Submitted process > revertFile (82)
Jan-07 23:58:39.683 [Task submitter] INFO  nextflow.Session - [fb/26410a] Submitted process > revertFile (100)
Jan-07 23:58:49.574 [Task monitor] DEBUG n.processor.TaskPollingMonitor - Task completed > TaskHandler[id: 79; name: writeLargeFile (79); status: COMPLETED; exit: 0; error: -; workDir: /input/data/work/14/a052654e240f7d5f930e4daf892330]
Jan-07 23:58:49.613 [Task submitter] INFO  nextflow.Session - [c4/73cd8e] Submitted process > revertFile (79)
Jan-07 23:58:49.620 [Task monitor] DEBUG n.processor.TaskPollingMonitor - Task completed > TaskHandler[id: 93; name: writeLargeFile (93); status: COMPLETED; exit: 0; error: -; workDir: /input/data/work/cb/9ba46b299fb07cd0620f56ddd7f35b]
Jan-07 23:58:49.658 [Task submitter] INFO  nextflow.Session - [c9/9c1407] Submitted process > revertFile (93)
Jan-07 23:58:49.666 [Task monitor] DEBUG n.processor.TaskPollingMonitor - Task completed > TaskHandler[id: 87; name: writeLargeFile (87); status: COMPLETED; exit: 0; error: -; workDir: /input/data/work/ad/33befa652babe0af4f85c6e3b08efe]
Jan-07 23:58:49.715 [Task submitter] INFO  nextflow.Session - [bb/2a931d] Submitted process > revertFile (87)
Jan-07 23:58:54.284 [Task monitor] DEBUG n.processor.TaskPollingMonitor - Task completed > TaskHandler[id: 89; name: writeLargeFile (89); status: COMPLETED; exit: 0; error: -; workDir: /input/data/work/b3/00595e20639eb4e31536de41008452]
Jan-07 23:58:54.367 [Task monitor] DEBUG n.processor.TaskPollingMonitor - Task completed > TaskHandler[id: 84; name: writeLargeFile (84); status: COMPLETED; exit: 0; error: -; workDir: /input/data/work/6b/66e9199498c7a78f42256a2adc7265]
Jan-07 23:58:54.394 [Task submitter] INFO  nextflow.Session - [49/3be82e] Submitted process > revertFile (89)
Jan-07 23:58:54.451 [Task monitor] DEBUG n.processor.TaskPollingMonitor - Task completed > TaskHandler[id: 85; name: writeLargeFile (85); status: COMPLETED; exit: 0; error: -; workDir: /input/data/work/e4/81b7011615d42f3c47249fb3dd6b20]
Jan-07 23:58:54.488 [Task submitter] INFO  nextflow.Session - [ff/ab11af] Submitted process > revertFile (84)
Jan-07 23:58:54.548 [Task submitter] INFO  nextflow.Session - [19/a14072] Submitted process > revertFile (85)
Jan-07 23:58:59.209 [Task monitor] DEBUG n.processor.TaskPollingMonitor - Task completed > TaskHandler[id: 76; name: writeLargeFile (76); status: COMPLETED; exit: 0; error: -; workDir: /input/data/work/84/7bda47b28a89270753046a047abf6e]
Jan-07 23:58:59.253 [Task submitter] INFO  nextflow.Session - [69/362c5a] Submitted process > revertFile (76)
Jan-07 23:58:59.254 [Task monitor] DEBUG n.processor.TaskPollingMonitor - Task completed > TaskHandler[id: 91; name: writeLargeFile (91); status: COMPLETED; exit: 0; error: -; workDir: /input/data/work/12/dc46300e656b22f4e592f8324fdc63]
Jan-07 23:58:59.298 [Task submitter] INFO  nextflow.Session - [4a/f1e24a] Submitted process > revertFile (91)
Jan-07 23:58:59.299 [Task monitor] DEBUG n.processor.TaskPollingMonitor - Task completed > TaskHandler[id: 81; name: writeLargeFile (81); status: COMPLETED; exit: 0; error: -; workDir: /input/data/work/32/08ed352374e253966b86142889971f]
Jan-07 23:58:59.338 [Task submitter] INFO  nextflow.Session - [1e/f8d617] Submitted process > revertFile (81)
Jan-07 23:59:08.471 [Task monitor] DEBUG n.processor.TaskPollingMonitor - Task completed > TaskHandler[id: 26; name: writeLargeFile (26); status: COMPLETED; exit: 0; error: -; workDir: /input/data/work/25/c7291520ee054f998ee7092b6d0bed]
Jan-07 23:59:08.561 [Task submitter] INFO  nextflow.Session - [87/dfb38c] Submitted process > revertFile (26)
Jan-07 23:59:08.971 [Task monitor] DEBUG n.processor.TaskPollingMonitor - Task completed > TaskHandler[id: 71; name: writeLargeFile (71); status: COMPLETED; exit: 0; error: -; workDir: /input/data/work/46/17a07c1ba21339d95549635063cea6]
Jan-07 23:59:09.039 [Task monitor] DEBUG n.processor.TaskPollingMonitor - Task completed > TaskHandler[id: 67; name: writeLargeFile (67); status: COMPLETED; exit: 0; error: -; workDir: /input/data/work/4e/2b09a6c3f2d51043382268f3954fc0]
Jan-07 23:59:09.066 [Task submitter] INFO  nextflow.Session - [90/218279] Submitted process > revertFile (71)
Jan-07 23:59:09.131 [Task submitter] INFO  nextflow.Session - [4a/f25d1f] Submitted process > revertFile (67)
Jan-07 23:59:09.141 [Task monitor] DEBUG n.processor.TaskPollingMonitor - Task completed > TaskHandler[id: 99; name: writeLargeFile (99); status: COMPLETED; exit: 0; error: -; workDir: /input/data/work/5d/c53a933abdd5f7957937e5cc902e46]
Jan-07 23:59:09.242 [Task submitter] INFO  nextflow.Session - [6e/4bfa02] Submitted process > revertFile (99)
Jan-07 23:59:09.314 [Task monitor] DEBUG n.processor.TaskPollingMonitor - Task completed > TaskHandler[id: 61; name: writeLargeFile (61); status: COMPLETED; exit: 0; error: -; workDir: /input/data/work/33/576be051dfb49e47636bfd8ad02521]
Jan-07 23:59:09.412 [Task monitor] DEBUG n.processor.TaskPollingMonitor - Task completed > TaskHandler[id: 97; name: writeLargeFile (97); status: COMPLETED; exit: 0; error: -; workDir: /input/data/work/1b/8b86dde9648ef2dba50a1bf732f9eb]
Jan-07 23:59:09.427 [Task submitter] INFO  nextflow.Session - [03/54a969] Submitted process > revertFile (61)
Jan-07 23:59:09.499 [Task submitter] INFO  nextflow.Session - [12/0f1774] Submitted process > revertFile (97)
Jan-07 23:59:18.517 [Task monitor] DEBUG n.processor.TaskPollingMonitor - Task completed > TaskHandler[id: 28; name: writeLargeFile (28); status: COMPLETED; exit: 0; error: -; workDir: /input/data/work/3d/a5267413088dc3a7e299b0fa5beee2]
Jan-07 23:59:18.559 [Task monitor] DEBUG n.processor.TaskPollingMonitor - Task completed > TaskHandler[id: 7; name: writeLargeFile (7); status: COMPLETED; exit: 0; error: -; workDir: /input/data/work/ee/3bc79a4213c929facae3e9edd1ef76]
Jan-07 23:59:18.578 [Task submitter] INFO  nextflow.Session - [9e/7a1670] Submitted process > revertFile (28)
Jan-07 23:59:18.603 [Task monitor] DEBUG n.processor.TaskPollingMonitor - Task completed > TaskHandler[id: 1; name: writeLargeFile (1); status: COMPLETED; exit: 0; error: -; workDir: /input/data/work/10/66693ff7705855734c034df8d9a2e7]
Jan-07 23:59:18.614 [Task submitter] INFO  nextflow.Session - [62/954b4c] Submitted process > revertFile (7)
Jan-07 23:59:18.647 [Task submitter] INFO  nextflow.Session - [7f/03db57] Submitted process > revertFile (1)
Jan-07 23:59:23.799 [Task monitor] DEBUG n.processor.TaskPollingMonitor - Task completed > TaskHandler[id: 22; name: writeLargeFile (22); status: COMPLETED; exit: 0; error: -; workDir: /input/data/work/c1/86586c019a13d10a3f9f8f2d163fa6]
Jan-07 23:59:23.868 [Task monitor] DEBUG n.processor.TaskPollingMonitor - Task completed > TaskHandler[id: 65; name: writeLargeFile (65); status: COMPLETED; exit: 0; error: -; workDir: /input/data/work/41/36fe379a9af60d82836494bf42df28]
Jan-07 23:59:23.894 [Task submitter] INFO  nextflow.Session - [47/e10e53] Submitted process > revertFile (22)
Jan-07 23:59:23.940 [Task monitor] DEBUG n.processor.TaskPollingMonitor - Task completed > TaskHandler[id: 75; name: writeLargeFile (75); status: COMPLETED; exit: 0; error: -; workDir: /input/data/work/21/1b3d2bb8589ab6d04589429b7d60c9]
Jan-07 23:59:23.969 [Task submitter] INFO  nextflow.Session - [0b/0d45e1] Submitted process > revertFile (65)
Jan-07 23:59:24.027 [Task submitter] INFO  nextflow.Session - [d5/4f8b97] Submitted process > revertFile (75)
Jan-07 23:59:33.204 [Task monitor] DEBUG n.processor.TaskPollingMonitor - Task completed > TaskHandler[id: 15; name: writeLargeFile (15); status: COMPLETED; exit: 0; error: -; workDir: /input/data/work/24/7d5102848c77facb57bae6d20b0da4]
Jan-07 23:59:33.262 [Task monitor] DEBUG n.processor.TaskPollingMonitor - Task completed > TaskHandler[id: 8; name: writeLargeFile (8); status: COMPLETED; exit: 0; error: -; workDir: /input/data/work/75/03f4255933a4f6cbc26031ac7bc7ed]
Jan-07 23:59:33.285 [Task submitter] INFO  nextflow.Session - [27/a45f68] Submitted process > revertFile (15)
Jan-07 23:59:33.326 [Task monitor] DEBUG n.processor.TaskPollingMonitor - Task completed > TaskHandler[id: 29; name: writeLargeFile (29); status: COMPLETED; exit: 0; error: -; workDir: /input/data/work/7e/856380063b3623c6599c3d1a8afeec]
Jan-07 23:59:33.356 [Task submitter] INFO  nextflow.Session - [9e/4b803f] Submitted process > revertFile (8)
Jan-07 23:59:33.421 [Task submitter] INFO  nextflow.Session - [6e/66552e] Submitted process > revertFile (29)
Jan-07 23:59:38.184 [Task monitor] DEBUG n.processor.TaskPollingMonitor - Task completed > TaskHandler[id: 21; name: writeLargeFile (21); status: COMPLETED; exit: 0; error: -; workDir: /input/data/work/44/096fe1b36098fb5553eb4098d77859]
Jan-07 23:59:38.220 [Task submitter] INFO  nextflow.Session - [37/67c466] Submitted process > revertFile (21)
Jan-07 23:59:38.242 [Task monitor] DEBUG n.processor.TaskPollingMonitor - Task completed > TaskHandler[id: 18; name: writeLargeFile (18); status: COMPLETED; exit: 0; error: -; workDir: /input/data/work/5d/4ce9e02049a3211f9a490a95ab9e54]
Jan-07 23:59:38.281 [Task submitter] INFO  nextflow.Session - [34/032687] Submitted process > revertFile (18)
Jan-07 23:59:38.282 [Task monitor] DEBUG n.processor.TaskPollingMonitor - Task completed > TaskHandler[id: 11; name: writeLargeFile (11); status: COMPLETED; exit: 0; error: -; workDir: /input/data/work/4a/3d9f624c6d2bb3b4d5f5043527dca2]
Jan-07 23:59:38.322 [Task submitter] INFO  nextflow.Session - [d4/6b486d] Submitted process > revertFile (11)
Jan-07 23:59:43.289 [Task monitor] DEBUG n.processor.TaskPollingMonitor - Task completed > TaskHandler[id: 23; name: writeLargeFile (23); status: COMPLETED; exit: 0; error: -; workDir: /input/data/work/2b/a45cdf88988c5f9690968873c2964b]
Jan-07 23:59:43.373 [Task monitor] DEBUG n.processor.TaskPollingMonitor - Task completed > TaskHandler[id: 6; name: writeLargeFile (6); status: COMPLETED; exit: 0; error: -; workDir: /input/data/work/dc/607cd63ac77e9d6af691a6a41c64a3]
Jan-07 23:59:43.394 [Task submitter] INFO  nextflow.Session - [61/e56137] Submitted process > revertFile (23)
Jan-07 23:59:43.475 [Task monitor] DEBUG n.processor.TaskPollingMonitor - Task completed > TaskHandler[id: 12; name: writeLargeFile (12); status: COMPLETED; exit: 0; error: -; workDir: /input/data/work/9e/66ff771ee02a2269f7d4b38376bd86]
Jan-07 23:59:43.503 [Task submitter] INFO  nextflow.Session - [4d/a420be] Submitted process > revertFile (6)
Jan-07 23:59:43.563 [Task submitter] INFO  nextflow.Session - [32/bc65d4] Submitted process > revertFile (12)
Jan-07 23:59:53.289 [Task monitor] DEBUG n.processor.TaskPollingMonitor - Task completed > TaskHandler[id: 19; name: writeLargeFile (19); status: COMPLETED; exit: 0; error: -; workDir: /input/data/work/13/7b69d35c549c286d3bac6b4a4f4b85]
Jan-07 23:59:53.392 [Task submitter] INFO  nextflow.Session - [0d/f9e411] Submitted process > revertFile (19)
Jan-07 23:59:56.423 [Task monitor] DEBUG n.processor.TaskPollingMonitor - Task completed > TaskHandler[id: 163; name: revertFile (83); status: COMPLETED; exit: 0; error: -; workDir: /input/data/work/0e/1eb05d054710c13f01eb65a9fbeb3d]
Jan-07 23:59:56.539 [Task monitor] DEBUG n.processor.TaskPollingMonitor - Task completed > TaskHandler[id: 166; name: revertFile (32); status: COMPLETED; exit: 0; error: -; workDir: /input/data/work/12/d4a5ea698ad31a74646659260354ac]
Jan-07 23:59:59.488 [Task monitor] DEBUG n.processor.TaskPollingMonitor - Task completed > TaskHandler[id: 125; name: revertFile (24); status: COMPLETED; exit: 0; error: -; workDir: /input/data/work/bc/5bf901cfb423708c7883c4b99c5f81]
Jan-08 00:00:01.072 [Task monitor] DEBUG n.processor.TaskPollingMonitor - Task completed > TaskHandler[id: 154; name: revertFile (58); status: COMPLETED; exit: 0; error: -; workDir: /input/data/work/ea/410748b5ee2ef261588deb7c1cb7ad]
Jan-08 00:00:01.202 [Task monitor] DEBUG n.processor.TaskPollingMonitor - Task completed > TaskHandler[id: 155; name: revertFile (69); status: COMPLETED; exit: 0; error: -; workDir: /input/data/work/59/b3efb08032ddb5d73d391c48e7b323]
Jan-08 00:00:11.380 [Task monitor] DEBUG n.processor.TaskPollingMonitor - Task completed > TaskHandler[id: 187; name: revertFile (1); status: COMPLETED; exit: 0; error: -; workDir: /input/data/work/7f/03db57e2222206ef8b31f715cab70d]
Jan-08 00:00:11.437 [Task monitor] DEBUG n.processor.TaskPollingMonitor - Task completed > TaskHandler[id: 188; name: revertFile (22); status: COMPLETED; exit: 0; error: -; workDir: /input/data/work/47/e10e53e4e8825002833940a2153f33]
Jan-08 00:00:15.567 [Task monitor] DEBUG n.processor.TaskPollingMonitor - Task completed > TaskHandler[id: 132; name: revertFile (55); status: COMPLETED; exit: 0; error: -; workDir: /input/data/work/df/d66a87bdb7b94637d17a7c3c2d92bb]
Jan-08 00:00:17.138 [Task monitor] DEBUG n.processor.TaskPollingMonitor - Task completed > TaskHandler[id: 161; name: revertFile (90); status: COMPLETED; exit: 0; error: -; workDir: /input/data/work/67/f65474a173bb975c13d5a73912a37e]
Jan-08 00:00:18.202 [Task monitor] DEBUG n.processor.TaskPollingMonitor - Task completed > TaskHandler[id: 198; name: revertFile (6); status: COMPLETED; exit: 0; error: -; workDir: /input/data/work/4d/a420beb1724e85a42b4912d36ed1b5]
Jan-08 00:00:18.244 [Task monitor] DEBUG n.processor.TaskPollingMonitor - Task completed > TaskHandler[id: 199; name: revertFile (12); status: COMPLETED; exit: 0; error: -; workDir: /input/data/work/32/bc65d4f01e1f2d656cdc28002e0f3d]
Jan-08 00:00:30.894 [Task monitor] DEBUG n.processor.TaskPollingMonitor - Task completed > TaskHandler[id: 172; name: revertFile (87); status: COMPLETED; exit: 0; error: -; workDir: /input/data/work/bb/2a931d83ce2c694a7efbaafa8bde4d]
Jan-08 00:00:31.199 [Task monitor] DEBUG n.processor.TaskPollingMonitor - Task completed > TaskHandler[id: 179; name: revertFile (26); status: COMPLETED; exit: 0; error: -; workDir: /input/data/work/87/dfb38cb43261849a8cde9625d8caab]
Jan-08 00:00:31.263 [Task monitor] DEBUG n.processor.TaskPollingMonitor - Task completed > TaskHandler[id: 180; name: revertFile (71); status: COMPLETED; exit: 0; error: -; workDir: /input/data/work/90/218279606043ba60d00eef39201c00]
Jan-08 00:00:35.646 [Task monitor] DEBUG n.processor.TaskPollingMonitor - Task completed > TaskHandler[id: 134; name: revertFile (74); status: COMPLETED; exit: 0; error: -; workDir: /input/data/work/04/4255dd8dd070f3c013fe9343b94fd8]
Jan-08 00:00:36.083 [Task monitor] DEBUG n.processor.TaskPollingMonitor - Task completed > TaskHandler[id: 140; name: revertFile (46); status: COMPLETED; exit: 0; error: -; workDir: /input/data/work/64/50826172f10350f19ca162c089c81c]
Jan-08 00:00:36.421 [Task monitor] DEBUG n.processor.TaskPollingMonitor - Task completed > TaskHandler[id: 144; name: revertFile (54); status: COMPLETED; exit: 0; error: -; workDir: /input/data/work/3d/30e162462a6642b4c16e1506b5565c]
Jan-08 00:00:50.315 [Task monitor] DEBUG n.processor.TaskPollingMonitor - Task completed > TaskHandler[id: 152; name: revertFile (10); status: COMPLETED; exit: 0; error: -; workDir: /input/data/work/bf/9fddfcb6f9ab74150422762be8e25a]
Jan-08 00:00:50.802 [Task monitor] DEBUG n.processor.TaskPollingMonitor - Task completed > TaskHandler[id: 171; name: revertFile (93); status: COMPLETED; exit: 0; error: -; workDir: /input/data/work/c9/9c140799059060f6627359d14a40a8]
Jan-08 00:00:51.547 [Task monitor] DEBUG n.processor.TaskPollingMonitor - Task completed > TaskHandler[id: 193; name: revertFile (29); status: COMPLETED; exit: 0; error: -; workDir: /input/data/work/6e/66552e47deb69aa09d93d60081bfdc]
Jan-08 00:00:54.561 [Task monitor] DEBUG n.processor.TaskPollingMonitor - Task completed > TaskHandler[id: 114; name: revertFile (94); status: COMPLETED; exit: 0; error: -; workDir: /input/data/work/2e/4b6a84d432c5022ca237f65b16d0b5]
Jan-08 00:00:55.182 [Task monitor] DEBUG n.processor.TaskPollingMonitor - Task completed > TaskHandler[id: 128; name: revertFile (36); status: COMPLETED; exit: 0; error: -; workDir: /input/data/work/61/988a2233cf3faa0f818cf579626608]
Jan-08 00:00:55.483 [Task monitor] DEBUG n.processor.TaskPollingMonitor - Task completed > TaskHandler[id: 136; name: revertFile (44); status: COMPLETED; exit: 0; error: -; workDir: /input/data/work/74/698d4d02ea86a07aa66cfc2fc14dad]
Jan-08 00:01:06.338 [Task monitor] DEBUG n.processor.TaskPollingMonitor - Task completed > TaskHandler[id: 192; name: revertFile (8); status: COMPLETED; exit: 0; error: -; workDir: /input/data/work/9e/4b803f6a9a5842d3629e102a07d039]
Jan-08 00:01:10.550 [Task monitor] DEBUG n.processor.TaskPollingMonitor - Task completed > TaskHandler[id: 153; name: revertFile (78); status: COMPLETED; exit: 0; error: -; workDir: /input/data/work/7e/2ee71ac43321558ff33606bd80593e]
Jan-08 00:01:10.929 [Task monitor] DEBUG n.processor.TaskPollingMonitor - Task completed > TaskHandler[id: 165; name: revertFile (17); status: COMPLETED; exit: 0; error: -; workDir: /input/data/work/6b/0927fc751fb91a097e68e438752ded]
Jan-08 00:01:13.917 [Task monitor] DEBUG n.processor.TaskPollingMonitor - !! executor k8s > tasks to be completed: 74 -- submitted tasks are shown below
~> TaskHandler[id: 101; name: revertFile (5); status: SUBMITTED; exit: -; error: -; workDir: /input/data/work/6f/50ebc845a4a2eb3b9f0a9359e01a82]
~> TaskHandler[id: 102; name: revertFile (9); status: SUBMITTED; exit: -; error: -; workDir: /input/data/work/a7/19da4ebd05888f614deeba661bc467]
~> TaskHandler[id: 103; name: revertFile (14); status: SUBMITTED; exit: -; error: -; workDir: /input/data/work/4b/048d3679867f9ed4d7e50c26aabd6d]
~> TaskHandler[id: 104; name: revertFile (20); status: SUBMITTED; exit: -; error: -; workDir: /input/data/work/77/63ce13c9ad3eb48ddc23673a26fa04]
~> TaskHandler[id: 105; name: revertFile (4); status: RUNNING; exit: -; error: -; workDir: /input/data/work/11/8083a4393ad655556e4078a0167154]
~> TaskHandler[id: 106; name: revertFile (27); status: SUBMITTED; exit: -; error: -; workDir: /input/data/work/b7/22026be1d40d7798fe913433799303]
~> TaskHandler[id: 107; name: revertFile (51); status: SUBMITTED; exit: -; error: -; workDir: /input/data/work/15/649cc17bb3e3c7fe74b309cccaceb4]
~> TaskHandler[id: 108; name: revertFile (37); status: SUBMITTED; exit: -; error: -; workDir: /input/data/work/9a/42822ff3f1e7e65fbaa23a3896f696]
~> TaskHandler[id: 109; name: revertFile (33); status: SUBMITTED; exit: -; error: -; workDir: /input/data/work/77/5adbc9a2d8dc91628830e69740b413]
~> TaskHandler[id: 110; name: revertFile (13); status: SUBMITTED; exit: -; error: -; workDir: /input/data/work/7e/00d91a0507f0ec073b400bbbb34e09]
.. remaining tasks omitted.
Jan-08 00:01:14.086 [Task monitor] DEBUG n.processor.TaskPollingMonitor - Task completed > TaskHandler[id: 105; name: revertFile (4); status: COMPLETED; exit: 0; error: -; workDir: /input/data/work/11/8083a4393ad655556e4078a0167154]
Jan-08 00:01:14.299 [Task monitor] DEBUG n.processor.TaskPollingMonitor - Task completed > TaskHandler[id: 111; name: revertFile (73); status: COMPLETED; exit: 0; error: -; workDir: /input/data/work/c4/ecfcebc9ddfadf944cf1913227e2a6]
Jan-08 00:01:15.788 [Task monitor] DEBUG n.processor.TaskPollingMonitor - Task completed > TaskHandler[id: 146; name: revertFile (25); status: COMPLETED; exit: 0; error: -; workDir: /input/data/work/71/db8cc38b6b3448f85997d521f10986]
Jan-08 00:01:24.667 [Task monitor] DEBUG n.processor.TaskPollingMonitor - Task completed > TaskHandler[id: 130; name: revertFile (47); status: COMPLETED; exit: 0; error: -; workDir: /input/data/work/4e/9d05269968653b8f0d09a14b5b6fb2]
Jan-08 00:01:24.768 [Task monitor] DEBUG n.processor.TaskPollingMonitor - Task completed > TaskHandler[id: 135; name: revertFile (50); status: COMPLETED; exit: 0; error: -; workDir: /input/data/work/a5/293c991c4ddbe60a23d2f8fe12bf33]
Jan-08 00:01:25.122 [Task monitor] DEBUG n.processor.TaskPollingMonitor - Task completed > TaskHandler[id: 151; name: revertFile (57); status: COMPLETED; exit: 0; error: -; workDir: /input/data/work/b8/316e0221dde8d30c24c0468d07c372]
Jan-08 00:01:34.849 [Task monitor] DEBUG n.processor.TaskPollingMonitor - Task completed > TaskHandler[id: 127; name: revertFile (49); status: COMPLETED; exit: 0; error: -; workDir: /input/data/work/42/3fbeda4e20cc9d4561444ffdd0464d]
Jan-08 00:01:35.389 [Task monitor] DEBUG n.processor.TaskPollingMonitor - Task completed > TaskHandler[id: 147; name: revertFile (45); status: COMPLETED; exit: 0; error: -; workDir: /input/data/work/09/46d0b5a8129b93afb27767095e5b9a]
Jan-08 00:01:35.803 [Task monitor] DEBUG n.processor.TaskPollingMonitor - Task completed > TaskHandler[id: 160; name: revertFile (63); status: COMPLETED; exit: 0; error: -; workDir: /input/data/work/61/cd7e65c0d28bbda3689bce34fed0fb]
Jan-08 00:01:41.272 [Task monitor] DEBUG n.processor.TaskPollingMonitor - Task completed > TaskHandler[id: 197; name: revertFile (23); status: COMPLETED; exit: 0; error: -; workDir: /input/data/work/61/e561373978e66e4fa49b5bcce39a86]
Jan-08 00:01:41.351 [Task monitor] DEBUG n.processor.TaskPollingMonitor - Task completed > TaskHandler[id: 200; name: revertFile (19); status: COMPLETED; exit: 0; error: -; workDir: /input/data/work/0d/f9e411009080a80af38ef67f2546ab]
Jan-08 00:01:44.806 [Task monitor] DEBUG n.processor.TaskPollingMonitor - Task completed > TaskHandler[id: 126; name: revertFile (64); status: COMPLETED; exit: 0; error: -; workDir: /input/data/work/3d/6b1072b0a465af2071b25a1bb23e70]
Jan-08 00:01:54.506 [Task monitor] DEBUG n.processor.TaskPollingMonitor - Task completed > TaskHandler[id: 110; name: revertFile (13); status: COMPLETED; exit: 0; error: -; workDir: /input/data/work/7e/00d91a0507f0ec073b400bbbb34e09]
Jan-08 00:01:55.078 [Task monitor] DEBUG n.processor.TaskPollingMonitor - Task completed > TaskHandler[id: 122; name: revertFile (34); status: COMPLETED; exit: 0; error: -; workDir: /input/data/work/83/29da08d57ed3c8ee78ab7ad1691ba4]
Jan-08 00:01:56.052 [Task monitor] DEBUG n.processor.TaskPollingMonitor - Task completed > TaskHandler[id: 175; name: revertFile (85); status: COMPLETED; exit: 0; error: -; workDir: /input/data/work/19/a14072a1dcb0113cab81a82ee6a77f]
Jan-08 00:01:59.487 [Task monitor] DEBUG n.processor.TaskPollingMonitor - Task completed > TaskHandler[id: 116; name: revertFile (96); status: COMPLETED; exit: 0; error: -; workDir: /input/data/work/bc/648d6fa9ced2bcc67cd07d03b7e72c]
Jan-08 00:01:59.669 [Task monitor] DEBUG n.processor.TaskPollingMonitor - Task completed > TaskHandler[id: 119; name: revertFile (39); status: COMPLETED; exit: 0; error: -; workDir: /input/data/work/b9/d16d82780f3a4beda312eceb3dc822]
Jan-08 00:01:59.841 [Task monitor] DEBUG n.processor.TaskPollingMonitor - Task completed > TaskHandler[id: 123; name: revertFile (95); status: COMPLETED; exit: 0; error: -; workDir: /input/data/work/9e/96ec0553b19180e819c8ac62f8ddd7]
Jan-08 00:02:10.772 [Task monitor] DEBUG n.processor.TaskPollingMonitor - Task completed > TaskHandler[id: 167; name: revertFile (86); status: COMPLETED; exit: 0; error: -; workDir: /input/data/work/8e/9a07e05bad0aa1d6bc8ce6295f6c99]
Jan-08 00:02:11.446 [Task monitor] DEBUG n.processor.TaskPollingMonitor - Task completed > TaskHandler[id: 183; name: revertFile (61); status: COMPLETED; exit: 0; error: -; workDir: /input/data/work/03/54a969fe6aec11a59b8e403cfe2c7e]
Jan-08 00:02:14.328 [Task monitor] DEBUG n.processor.TaskPollingMonitor - Task completed > TaskHandler[id: 117; name: revertFile (3); status: COMPLETED; exit: 0; error: -; workDir: /input/data/work/56/da71644b20052db41922cef9c65b5d]
Jan-08 00:02:14.456 [Task monitor] DEBUG n.processor.TaskPollingMonitor - Task completed > TaskHandler[id: 124; name: revertFile (88); status: COMPLETED; exit: 0; error: -; workDir: /input/data/work/f5/bb010f2192a9b4abc00370bc4ad27a]
Jan-08 00:02:14.725 [Task monitor] DEBUG n.processor.TaskPollingMonitor - Task completed > TaskHandler[id: 142; name: revertFile (40); status: COMPLETED; exit: 0; error: -; workDir: /input/data/work/e0/0a6d85c3bcdbdbff346589c673028e]
Jan-08 00:02:15.047 [Task monitor] DEBUG n.processor.TaskPollingMonitor - Task completed > TaskHandler[id: 157; name: revertFile (59); status: COMPLETED; exit: 0; error: -; workDir: /input/data/work/91/4491c639ef70a0f645da96c3fb97ae]
Jan-08 00:02:29.996 [Task monitor] DEBUG n.processor.TaskPollingMonitor - Task completed > TaskHandler[id: 158; name: revertFile (31); status: COMPLETED; exit: 0; error: -; workDir: /input/data/work/74/01a2e6e3b31fb422598c22e30eff3c]
Jan-08 00:02:30.183 [Task monitor] DEBUG n.processor.TaskPollingMonitor - Task completed > TaskHandler[id: 170; name: revertFile (79); status: COMPLETED; exit: 0; error: -; workDir: /input/data/work/c4/73cd8e5e0be2b3cda84579d376607a]
Jan-08 00:02:30.383 [Task monitor] DEBUG n.processor.TaskPollingMonitor - Task completed > TaskHandler[id: 181; name: revertFile (67); status: COMPLETED; exit: 0; error: -; workDir: /input/data/work/4a/f25d1f3b04194c37aeac5d03efe74c]
Jan-08 00:02:34.026 [Task monitor] DEBUG n.processor.TaskPollingMonitor - Task completed > TaskHandler[id: 103; name: revertFile (14); status: COMPLETED; exit: 0; error: -; workDir: /input/data/work/4b/048d3679867f9ed4d7e50c26aabd6d]
Jan-08 00:02:35.561 [Task monitor] DEBUG n.processor.TaskPollingMonitor - Task completed > TaskHandler[id: 194; name: revertFile (21); status: COMPLETED; exit: 0; error: -; workDir: /input/data/work/37/67c46632cc3f973fa35a4ff11fa8e8]
Jan-08 00:02:35.619 [Task monitor] DEBUG n.processor.TaskPollingMonitor - Task completed > TaskHandler[id: 195; name: revertFile (18); status: COMPLETED; exit: 0; error: -; workDir: /input/data/work/34/032687e5009dd91e57a161be82dad2]
Jan-08 00:02:44.116 [Task monitor] DEBUG n.processor.TaskPollingMonitor - Task completed > TaskHandler[id: 108; name: revertFile (37); status: COMPLETED; exit: 0; error: -; workDir: /input/data/work/9a/42822ff3f1e7e65fbaa23a3896f696]
Jan-08 00:02:50.575 [Task monitor] DEBUG n.processor.TaskPollingMonitor - Task completed > TaskHandler[id: 169; name: revertFile (100); status: COMPLETED; exit: 0; error: -; workDir: /input/data/work/fb/26410a132a00804318eddf82a5c173]
Jan-08 00:02:50.821 [Task monitor] DEBUG n.processor.TaskPollingMonitor - Task completed > TaskHandler[id: 177; name: revertFile (91); status: COMPLETED; exit: 0; error: -; workDir: /input/data/work/4a/f1e24aab577a3a1248c9a8d67eef5d]
Jan-08 00:02:51.000 [Task monitor] DEBUG n.processor.TaskPollingMonitor - Task completed > TaskHandler[id: 182; name: revertFile (99); status: COMPLETED; exit: 0; error: -; workDir: /input/data/work/6e/4bfa0274fab74ed69399373cc8c754]
Jan-08 00:02:54.030 [Task monitor] DEBUG n.processor.TaskPollingMonitor - Task completed > TaskHandler[id: 104; name: revertFile (20); status: COMPLETED; exit: 0; error: -; workDir: /input/data/work/77/63ce13c9ad3eb48ddc23673a26fa04]
Jan-08 00:02:54.643 [Task monitor] DEBUG n.processor.TaskPollingMonitor - Task completed > TaskHandler[id: 149; name: revertFile (53); status: COMPLETED; exit: 0; error: -; workDir: /input/data/work/27/29d8cb56e3f80014f537d292371c7b]
Jan-08 00:02:54.723 [Task monitor] DEBUG n.processor.TaskPollingMonitor - Task completed > TaskHandler[id: 156; name: revertFile (66); status: COMPLETED; exit: 0; error: -; workDir: /input/data/work/e6/0b9a0b40e479a9c19e6faa8a99ab80]
Jan-08 00:03:09.983 [Task monitor] DEBUG n.processor.TaskPollingMonitor - Task completed > TaskHandler[id: 150; name: revertFile (56); status: COMPLETED; exit: 0; error: -; workDir: /input/data/work/ac/eb9909d322fceac8bd28d4a96f0909]
Jan-08 00:03:14.353 [Task monitor] DEBUG n.processor.TaskPollingMonitor - Task completed > TaskHandler[id: 121; name: revertFile (38); status: COMPLETED; exit: 0; error: -; workDir: /input/data/work/c5/45cb1ee8b1a56feef90d7758bede75]
Jan-08 00:03:14.397 [Task monitor] DEBUG n.processor.TaskPollingMonitor - Task completed > TaskHandler[id: 129; name: revertFile (35); status: COMPLETED; exit: 0; error: -; workDir: /input/data/work/c0/044bcc0b4be59301f1e16b5c089c04]
Jan-08 00:03:14.788 [Task monitor] DEBUG n.processor.TaskPollingMonitor - Task completed > TaskHandler[id: 168; name: revertFile (82); status: COMPLETED; exit: 0; error: -; workDir: /input/data/work/bf/244ac43225a12fbc030de477d52967]
Jan-08 00:03:14.865 [Task monitor] DEBUG n.processor.TaskPollingMonitor - Task completed > TaskHandler[id: 174; name: revertFile (84); status: COMPLETED; exit: 0; error: -; workDir: /input/data/work/ff/ab11afcdfdce1d339cc00a53177fed]
Jan-08 00:03:15.000 [Task monitor] DEBUG n.processor.TaskPollingMonitor - Task completed > TaskHandler[id: 185; name: revertFile (28); status: COMPLETED; exit: 0; error: -; workDir: /input/data/work/9e/7a16706df7e94a3cd997f9c2d90723]
Jan-08 00:03:15.166 [Task monitor] DEBUG n.processor.TaskPollingMonitor - Task completed > TaskHandler[id: 196; name: revertFile (11); status: COMPLETED; exit: 0; error: -; workDir: /input/data/work/d4/6b486d14f1b0fae036fd2ffc80b08c]
Jan-08 00:03:29.696 [Task monitor] DEBUG n.processor.TaskPollingMonitor - Task completed > TaskHandler[id: 178; name: revertFile (81); status: COMPLETED; exit: 0; error: -; workDir: /input/data/work/1e/f8d6173b486d9f6daeb6111536589b]
Jan-08 00:03:34.046 [Task monitor] DEBUG n.processor.TaskPollingMonitor - Task completed > TaskHandler[id: 106; name: revertFile (27); status: COMPLETED; exit: 0; error: -; workDir: /input/data/work/b7/22026be1d40d7798fe913433799303]
Jan-08 00:03:34.451 [Task monitor] DEBUG n.processor.TaskPollingMonitor - Task completed > TaskHandler[id: 137; name: revertFile (30); status: COMPLETED; exit: 0; error: -; workDir: /input/data/work/e8/80f562498fc4085422127292cec60e]
Jan-08 00:03:34.669 [Task monitor] DEBUG n.processor.TaskPollingMonitor - Task completed > TaskHandler[id: 148; name: revertFile (77); status: COMPLETED; exit: 0; error: -; workDir: /input/data/work/21/68cf2a86b8e1afc95b6ad0d8febbea]
Jan-08 00:03:38.969 [Task monitor] DEBUG n.processor.TaskPollingMonitor - Task completed > TaskHandler[id: 101; name: revertFile (5); status: COMPLETED; exit: 0; error: -; workDir: /input/data/work/6f/50ebc845a4a2eb3b9f0a9359e01a82]
Jan-08 00:03:39.312 [Task monitor] DEBUG n.processor.TaskPollingMonitor - Task completed > TaskHandler[id: 133; name: revertFile (98); status: COMPLETED; exit: 0; error: -; workDir: /input/data/work/b6/a08163b718f80effac2f0d6ebe47b7]
Jan-08 00:03:44.514 [Task monitor] DEBUG n.processor.TaskPollingMonitor - Task completed > TaskHandler[id: 184; name: revertFile (97); status: COMPLETED; exit: 0; error: -; workDir: /input/data/work/12/0f1774ebaa1bf11ad063b4dfb694e8]
Jan-08 00:03:49.065 [Task monitor] DEBUG n.processor.TaskPollingMonitor - Task completed > TaskHandler[id: 113; name: revertFile (80); status: COMPLETED; exit: 0; error: -; workDir: /input/data/work/aa/120d230afa8cb44caf6283646e22ba]
Jan-08 00:03:54.173 [Task monitor] DEBUG n.processor.TaskPollingMonitor - Task completed > TaskHandler[id: 112; name: revertFile (70); status: COMPLETED; exit: 0; error: -; workDir: /input/data/work/b1/7fad7191e6621c661c11d336600d9d]
Jan-08 00:03:54.241 [Task monitor] DEBUG n.processor.TaskPollingMonitor - Task completed > TaskHandler[id: 115; name: revertFile (92); status: COMPLETED; exit: 0; error: -; workDir: /input/data/work/b0/96b581b9b57372faaa13f6b6dac535]
Jan-08 00:03:54.442 [Task monitor] DEBUG n.processor.TaskPollingMonitor - Task completed > TaskHandler[id: 131; name: revertFile (68); status: COMPLETED; exit: 0; error: -; workDir: /input/data/work/bb/19f65bc0923c22ced2191737e50ca2]
Jan-08 00:03:54.628 [Task monitor] DEBUG n.processor.TaskPollingMonitor - Task completed > TaskHandler[id: 141; name: revertFile (52); status: COMPLETED; exit: 0; error: -; workDir: /input/data/work/33/10d42c43d11e8bdb92b33621e22245]
Jan-08 00:03:54.811 [Task monitor] DEBUG n.processor.TaskPollingMonitor - Task completed > TaskHandler[id: 159; name: revertFile (62); status: COMPLETED; exit: 0; error: -; workDir: /input/data/work/67/a0a7ed36cee267b165f2f53df4340d]
Jan-08 00:04:04.029 [Task monitor] DEBUG n.processor.TaskPollingMonitor - Task completed > TaskHandler[id: 109; name: revertFile (33); status: COMPLETED; exit: 0; error: -; workDir: /input/data/work/77/5adbc9a2d8dc91628830e69740b413]
Jan-08 00:04:04.088 [Task monitor] DEBUG n.processor.TaskPollingMonitor - Task completed > TaskHandler[id: 120; name: revertFile (41); status: COMPLETED; exit: 0; error: -; workDir: /input/data/work/16/ef4c35febb98a5d3bd7e9e8ebb27d1]
Jan-08 00:04:09.228 [Task monitor] DEBUG n.processor.TaskPollingMonitor - Task completed > TaskHandler[id: 186; name: revertFile (7); status: COMPLETED; exit: 0; error: -; workDir: /input/data/work/62/954b4cbf72783cead1fb84c4ed0b86]
Jan-08 00:04:09.268 [Task monitor] DEBUG n.processor.TaskPollingMonitor - Task completed > TaskHandler[id: 189; name: revertFile (65); status: COMPLETED; exit: 0; error: -; workDir: /input/data/work/0b/0d45e121e0101937f6da4129a0e7ed]
Jan-08 00:04:14.024 [Task monitor] DEBUG n.processor.TaskPollingMonitor - Task completed > TaskHandler[id: 118; name: revertFile (16); status: COMPLETED; exit: 0; error: -; workDir: /input/data/work/af/3e2d7e5be99460b128b87c228a4869]
Jan-08 00:04:14.065 [Task monitor] DEBUG n.processor.TaskPollingMonitor - Task completed > TaskHandler[id: 138; name: revertFile (48); status: COMPLETED; exit: 0; error: -; workDir: /input/data/work/2f/bea8b22d063d6b7cf02a601f1510c7]
Jan-08 00:04:14.225 [Task monitor] DEBUG n.processor.TaskPollingMonitor - Task completed > TaskHandler[id: 173; name: revertFile (89); status: COMPLETED; exit: 0; error: -; workDir: /input/data/work/49/3be82e894aee38b68eae6529f044c6]
Jan-08 00:04:19.016 [Task monitor] DEBUG n.processor.TaskPollingMonitor - Task completed > TaskHandler[id: 107; name: revertFile (51); status: COMPLETED; exit: 0; error: -; workDir: /input/data/work/15/649cc17bb3e3c7fe74b309cccaceb4]
Jan-08 00:04:19.246 [Task monitor] DEBUG n.processor.TaskPollingMonitor - Task completed > TaskHandler[id: 190; name: revertFile (75); status: COMPLETED; exit: 0; error: -; workDir: /input/data/work/d5/4f8b97fee83fba16bf9279b930b2b9]
Jan-08 00:04:29.011 [Task monitor] DEBUG n.processor.TaskPollingMonitor - Task completed > TaskHandler[id: 102; name: revertFile (9); status: COMPLETED; exit: 0; error: -; workDir: /input/data/work/a7/19da4ebd05888f614deeba661bc467]
Jan-08 00:04:29.124 [Task monitor] DEBUG n.processor.TaskPollingMonitor - Task completed > TaskHandler[id: 139; name: revertFile (43); status: COMPLETED; exit: 0; error: -; workDir: /input/data/work/3e/12a41253134ec232a2d9763ec093a5]
Jan-08 00:04:29.375 [Task monitor] DEBUG n.processor.TaskPollingMonitor - Task completed > TaskHandler[id: 164; name: revertFile (2); status: COMPLETED; exit: 0; error: -; workDir: /input/data/work/76/4c6bfc477eadbc5663e511fd5bf487]
Jan-08 00:04:43.993 [Task monitor] DEBUG n.processor.TaskPollingMonitor - Task completed > TaskHandler[id: 145; name: revertFile (60); status: COMPLETED; exit: 0; error: -; workDir: /input/data/work/84/b0c24f1bdec4d3b79ee03bbf39b94d]
Jan-08 00:04:44.037 [Task monitor] DEBUG n.processor.TaskPollingMonitor - Task completed > TaskHandler[id: 162; name: revertFile (72); status: COMPLETED; exit: 0; error: -; workDir: /input/data/work/75/307c006bb3da90065a08459d10a1b1]
Jan-08 00:04:44.078 [Task monitor] DEBUG n.processor.TaskPollingMonitor - Task completed > TaskHandler[id: 176; name: revertFile (76); status: COMPLETED; exit: 0; error: -; workDir: /input/data/work/69/362c5a80b3536e8bc51749ee6a37d4]
Jan-08 00:04:48.973 [Task monitor] DEBUG n.processor.TaskPollingMonitor - Task completed > TaskHandler[id: 143; name: revertFile (42); status: COMPLETED; exit: 0; error: -; workDir: /input/data/work/6d/5da845d7cd0e180b8f156316fae099]
Jan-08 00:04:49.014 [Task monitor] DEBUG n.processor.TaskPollingMonitor - Task completed > TaskHandler[id: 191; name: revertFile (15); status: COMPLETED; exit: 0; error: -; workDir: /input/data/work/27/a45f68a320787970f6280f4acd940f]
Jan-08 00:04:49.017 [main] DEBUG nextflow.Session - Session await > all processes finished
Jan-08 00:04:49.020 [main] DEBUG nextflow.Session - Session await > all barriers passed
Jan-08 00:04:49.036 [main] DEBUG n.trace.WorkflowStatsObserver - Workflow completed > WorkflowStats[succeededCount=200; failedCount=0; ignoredCount=0; cachedCount=0; pendingCount=0; submittedCount=0; runningCount=0; retriesCount=0; abortedCount=0; succeedDuration=2h 4m 48s; failedDuration=0ms; cachedDuration=0ms;loadCpus=0; loadMemory=0; peakRunning=9; peakCpus=90; peakMemory=90 GB; ]
Jan-08 00:04:49.036 [main] DEBUG nextflow.trace.TraceFileObserver - Workflow completed -- saving trace file
Jan-08 00:04:49.042 [main] DEBUG nextflow.trace.ReportObserver - Workflow completed -- rendering execution report
Jan-08 00:04:49.693 [main] DEBUG nextflow.trace.TimelineObserver - Workflow completed -- rendering execution timeline
Jan-08 00:04:49.857 [main] DEBUG nextflow.cache.CacheDB - Closing CacheDB done
Jan-08 00:04:49.885 [main] DEBUG nextflow.util.ThreadPoolManager - Thread pool 'FileTransfer' shutdown completed (hard=false)
Jan-08 00:04:49.885 [main] DEBUG nextflow.script.ScriptRunner - > Execution complete -- Goodbye
