Nov-03 20:04:38.319 [main] DEBUG nextflow.cli.Launcher - $> nextflow run /input/group -c /experiments/experiment/group/nextflow.config -c /experiments/experiment/nextflow_cws.config -c /experiments/experiment/nextflow_ceph.config
Nov-03 20:04:38.379 [main] INFO  nextflow.cli.CmdRun - N E X T F L O W  ~  version 23.07.0-edge
Nov-03 20:04:38.397 [main] DEBUG nextflow.plugin.PluginsFacade - Setting up plugin manager > mode=prod; embedded=false; plugins-dir=/.nextflow/plugins; core-plugins: nf-amazon@2.1.0,nf-azure@1.1.4,nf-cloudcache@0.1.0,nf-codecommit@0.1.5,nf-console@1.0.6,nf-ga4gh@1.1.0,nf-google@1.8.1,nf-tower@1.5.15,nf-wave@0.11.0
Nov-03 20:04:38.407 [main] INFO  o.pf4j.DefaultPluginStatusProvider - Enabled plugins: []
Nov-03 20:04:38.408 [main] INFO  o.pf4j.DefaultPluginStatusProvider - Disabled plugins: []
Nov-03 20:04:38.410 [main] INFO  org.pf4j.DefaultPluginManager - PF4J version 3.4.1 in 'deployment' mode
Nov-03 20:04:38.418 [main] INFO  org.pf4j.AbstractPluginManager - No plugins
Nov-03 20:04:38.437 [main] DEBUG nextflow.scm.AssetManager - Project manifest does not exist: /input/group/nextflow.config (No such file or directory)
Nov-03 20:04:38.458 [main] DEBUG nextflow.config.ConfigBuilder - User config file: /experiments/experiment/group/nextflow.config
Nov-03 20:04:38.459 [main] DEBUG nextflow.config.ConfigBuilder - User config file: /experiments/experiment/nextflow_cws.config
Nov-03 20:04:38.459 [main] DEBUG nextflow.config.ConfigBuilder - User config file: /experiments/experiment/nextflow_ceph.config
Nov-03 20:04:38.459 [main] DEBUG nextflow.config.ConfigBuilder - Parsing config file: /experiments/experiment/group/nextflow.config
Nov-03 20:04:38.459 [main] DEBUG nextflow.config.ConfigBuilder - Parsing config file: /experiments/experiment/nextflow_cws.config
Nov-03 20:04:38.459 [main] DEBUG nextflow.config.ConfigBuilder - Parsing config file: /experiments/experiment/nextflow_ceph.config
Nov-03 20:04:38.474 [main] DEBUG nextflow.config.ConfigBuilder - Applying config profile: `standard`
Nov-03 20:04:38.998 [main] DEBUG nextflow.config.ConfigBuilder - Applying config profile: `standard`
Nov-03 20:04:39.150 [main] DEBUG nextflow.config.ConfigBuilder - Applying config profile: `standard`
Nov-03 20:04:39.175 [main] DEBUG nextflow.cli.CmdRun - Applied DSL=2 by global default
Nov-03 20:04:39.188 [main] INFO  nextflow.cli.CmdRun - Launching `/input/group/main.nf` [focused_jepsen] DSL2 - revision: eb2bec4e66
Nov-03 20:04:39.188 [main] DEBUG nextflow.plugin.PluginsFacade - Plugins default=[]
Nov-03 20:04:39.189 [main] DEBUG nextflow.plugin.PluginsFacade - Plugins resolved requirement=[]
Nov-03 20:04:39.195 [main] DEBUG n.secret.LocalSecretsProvider - Secrets store: /.nextflow/secrets/store.json
Nov-03 20:04:39.197 [main] DEBUG nextflow.secret.SecretsLoader - Discovered secrets providers: [nextflow.secret.LocalSecretsProvider@2c05ff9d] - activable => nextflow.secret.LocalSecretsProvider@2c05ff9d
Nov-03 20:04:39.246 [main] DEBUG nextflow.Session - Session UUID: 89ce9793-e83b-426b-9fdc-2146f3b96761
Nov-03 20:04:39.246 [main] DEBUG nextflow.Session - Run name: focused_jepsen
Nov-03 20:04:39.247 [main] DEBUG nextflow.Session - Executor pool size: 32
Nov-03 20:04:39.253 [main] DEBUG nextflow.file.FilePorter - File porter settings maxRetries=3; maxTransfers=50; pollTimeout=null
Nov-03 20:04:39.255 [main] DEBUG nextflow.util.ThreadPoolBuilder - Creating thread pool 'FileTransfer' minSize=10; maxSize=96; workQueue=LinkedBlockingQueue[10000]; allowCoreThreadTimeout=false
Nov-03 20:04:39.281 [main] DEBUG nextflow.cli.CmdRun - 
  Version: 23.07.0-edge build 5875
  Created: 28-07-2023 20:27 UTC (20:27 GMT)
  System: Linux 5.4.0-166-generic
  Runtime: Groovy 3.0.18 on OpenJDK 64-Bit Server VM 17.0.6+10-LTS
  Encoding: UTF-8 (UTF-8)
  Process: 179638@nextflow [10.233.76.19]
  CPUs: 32 - Mem: 125.7 GB (120 GB) - Swap: 0 (0)
Nov-03 20:04:39.312 [main] DEBUG nextflow.Session - Work-dir: /input/data/work [ceph]
Nov-03 20:04:39.312 [main] DEBUG nextflow.Session - Script base path does not exist or is not a directory: /input/group/bin
Nov-03 20:04:39.320 [main] DEBUG nextflow.executor.ExecutorFactory - Extension executors providers=[]
Nov-03 20:04:39.327 [main] DEBUG nextflow.Session - Observer factory: DefaultObserverFactory
Nov-03 20:04:39.354 [main] DEBUG nextflow.cache.CacheFactory - Using Nextflow cache factory: nextflow.cache.DefaultCacheFactory
Nov-03 20:04:39.361 [main] DEBUG nextflow.util.CustomThreadPool - Creating default thread pool > poolSize: 33; maxThreads: 1000
Nov-03 20:04:39.454 [main] DEBUG nextflow.Session - Session start
Nov-03 20:04:39.458 [main] DEBUG nextflow.trace.TraceFileObserver - Workflow started -- trace file: /input/data/output/trace.csv
Nov-03 20:04:39.624 [main] DEBUG nextflow.script.ScriptRunner - > Launching execution
Nov-03 20:04:39.832 [main] DEBUG nextflow.script.ProcessConfig - Config settings `withName:writeLargeFile` matches process writeLargeFile
Nov-03 20:04:39.841 [main] DEBUG nextflow.executor.ExecutorFactory - << taskConfig executor: k8s
Nov-03 20:04:39.841 [main] DEBUG nextflow.executor.ExecutorFactory - >> processorType: 'k8s'
Nov-03 20:04:39.849 [main] DEBUG nextflow.executor.Executor - [warm up] executor > k8s
Nov-03 20:04:39.865 [main] DEBUG n.processor.TaskPollingMonitor - Creating task monitor for executor 'k8s' > capacity: 300; pollInterval: 5s; dumpInterval: 5m; schedulerBatch: null
Nov-03 20:04:39.871 [main] DEBUG nextflow.k8s.client.ConfigDiscovery - K8s config file does not exist: /root/.kube/config
Nov-03 20:04:39.881 [main] DEBUG nextflow.k8s.K8sExecutor - [K8s] config=[scheduler:[strategy:rank_max-fair, name:workflow-scheduler, autoClose:false, nodeSelector:usedby=anonymized, container:anonymized/test1:sch_v194], debug:[yaml:true], namespace:anonymized, serviceAccount:nextflow, workDir:/input/data/work/, projectDir:/input/data/project/, imagePullPolicy:IfNotPresent, launchDir:/input/data/launch/, runAsUser:0, fetchNodeName:true, storageMountPath:/input, pod:[nodeSelector:usedby=anonymized], storage:[nodeSelector:usedby=anonymized, imageName:anonymized/test1:ftp_v122], storageClaimName:ceph-data]; API client config=ClientConfig[ server=10.233.0.1:443, namespace=anonymized, serviceAccount=nextflow, token=eyJhbGciOiJ.., sslCert=LS0tLS1CRUd.., clientCert=-, clientKey=-, verifySsl=false, fromFile=true, httpReadTimeout=null, httpConnectTimeout=null, maxErrorRetry=4 ]
Nov-03 20:04:43.523 [main] DEBUG nextflow.script.ProcessConfig - Config settings `withName:combineFiles` matches process combineFiles
Nov-03 20:04:43.525 [main] DEBUG nextflow.executor.ExecutorFactory - << taskConfig executor: k8s
Nov-03 20:04:43.525 [main] DEBUG nextflow.executor.ExecutorFactory - >> processorType: 'k8s'
Nov-03 20:04:43.539 [main] DEBUG nextflow.Session - Workflow process names [dsl2]: revertFile, combineFiles, writeLargeFile
Nov-03 20:04:43.540 [main] DEBUG nextflow.Session - Igniting dataflow network (3)
Nov-03 20:04:43.543 [main] DEBUG nextflow.processor.TaskProcessor - Starting process > writeLargeFile
Nov-03 20:04:43.544 [main] DEBUG nextflow.processor.TaskProcessor - Starting process > combineFiles
Nov-03 20:04:43.544 [main] DEBUG nextflow.script.ScriptRunner - > Awaiting termination 
Nov-03 20:04:43.545 [main] DEBUG nextflow.Session - Session await
Nov-03 20:04:43.853 [Task submitter] INFO  nextflow.Session - [8b/639a87] Submitted process > writeLargeFile (30)
Nov-03 20:04:43.900 [Task submitter] INFO  nextflow.Session - [cb/26696d] Submitted process > writeLargeFile (11)
Nov-03 20:04:43.938 [Task submitter] INFO  nextflow.Session - [64/de63a2] Submitted process > writeLargeFile (3)
Nov-03 20:04:43.974 [Task submitter] INFO  nextflow.Session - [e3/567278] Submitted process > writeLargeFile (26)
Nov-03 20:04:44.009 [Task submitter] INFO  nextflow.Session - [db/60f843] Submitted process > writeLargeFile (5)
Nov-03 20:04:44.047 [Task submitter] INFO  nextflow.Session - [4f/3adb97] Submitted process > writeLargeFile (27)
Nov-03 20:04:44.083 [Task submitter] INFO  nextflow.Session - [af/2fcde3] Submitted process > writeLargeFile (23)
Nov-03 20:04:44.114 [Task submitter] INFO  nextflow.Session - [96/83b3de] Submitted process > writeLargeFile (8)
Nov-03 20:04:44.147 [Task submitter] INFO  nextflow.Session - [b0/19bce7] Submitted process > writeLargeFile (28)
Nov-03 20:04:44.180 [Task submitter] INFO  nextflow.Session - [1f/6b0cc3] Submitted process > writeLargeFile (29)
Nov-03 20:04:44.214 [Task submitter] INFO  nextflow.Session - [c7/e0f15b] Submitted process > writeLargeFile (22)
Nov-03 20:04:44.247 [Task submitter] INFO  nextflow.Session - [3a/f069d9] Submitted process > writeLargeFile (21)
Nov-03 20:04:44.279 [Task submitter] INFO  nextflow.Session - [cf/911abf] Submitted process > writeLargeFile (2)
Nov-03 20:04:44.313 [Task submitter] INFO  nextflow.Session - [9f/d3338a] Submitted process > writeLargeFile (14)
Nov-03 20:04:44.348 [Task submitter] INFO  nextflow.Session - [e0/794dfb] Submitted process > writeLargeFile (16)
Nov-03 20:04:44.384 [Task submitter] INFO  nextflow.Session - [40/967f40] Submitted process > writeLargeFile (12)
Nov-03 20:04:44.416 [Task submitter] INFO  nextflow.Session - [33/a433c0] Submitted process > writeLargeFile (6)
Nov-03 20:04:44.448 [Task submitter] INFO  nextflow.Session - [95/88c622] Submitted process > writeLargeFile (20)
Nov-03 20:04:44.479 [Task submitter] INFO  nextflow.Session - [18/c1e684] Submitted process > writeLargeFile (25)
Nov-03 20:04:44.512 [Task submitter] INFO  nextflow.Session - [73/a39272] Submitted process > writeLargeFile (10)
Nov-03 20:04:44.544 [Task submitter] INFO  nextflow.Session - [e6/ddca98] Submitted process > writeLargeFile (1)
Nov-03 20:04:44.573 [Task submitter] INFO  nextflow.Session - [3f/cd67de] Submitted process > writeLargeFile (24)
Nov-03 20:04:44.608 [Task submitter] INFO  nextflow.Session - [63/02416a] Submitted process > writeLargeFile (31)
Nov-03 20:04:44.638 [Task submitter] INFO  nextflow.Session - [30/5b0af2] Submitted process > writeLargeFile (4)
Nov-03 20:04:44.673 [Task submitter] INFO  nextflow.Session - [2c/8ebf56] Submitted process > writeLargeFile (9)
Nov-03 20:04:44.704 [Task submitter] INFO  nextflow.Session - [42/c22085] Submitted process > writeLargeFile (19)
Nov-03 20:04:44.736 [Task submitter] INFO  nextflow.Session - [89/0b826b] Submitted process > writeLargeFile (7)
Nov-03 20:04:44.769 [Task submitter] INFO  nextflow.Session - [6c/88cc51] Submitted process > writeLargeFile (17)
Nov-03 20:04:44.802 [Task submitter] INFO  nextflow.Session - [97/12d4f2] Submitted process > writeLargeFile (13)
Nov-03 20:04:44.834 [Task submitter] INFO  nextflow.Session - [fc/548b1e] Submitted process > writeLargeFile (18)
Nov-03 20:04:44.868 [Task submitter] INFO  nextflow.Session - [55/3df6ca] Submitted process > writeLargeFile (15)
Nov-03 20:04:44.906 [Task submitter] INFO  nextflow.Session - [d2/f33a4e] Submitted process > writeLargeFile (32)
Nov-03 20:04:44.936 [Task submitter] INFO  nextflow.Session - [6b/83d7b7] Submitted process > writeLargeFile (33)
Nov-03 20:04:44.970 [Task submitter] INFO  nextflow.Session - [b9/d0aa4f] Submitted process > writeLargeFile (34)
Nov-03 20:04:45.000 [Task submitter] INFO  nextflow.Session - [c9/87e3d1] Submitted process > writeLargeFile (36)
Nov-03 20:04:45.035 [Task submitter] INFO  nextflow.Session - [01/cf4d18] Submitted process > writeLargeFile (35)
Nov-03 20:04:45.069 [Task submitter] INFO  nextflow.Session - [13/bd2cb9] Submitted process > writeLargeFile (37)
Nov-03 20:04:45.100 [Task submitter] INFO  nextflow.Session - [e1/f95eb6] Submitted process > writeLargeFile (38)
Nov-03 20:04:45.127 [Task submitter] INFO  nextflow.Session - [6a/29f109] Submitted process > writeLargeFile (39)
Nov-03 20:04:45.157 [Task submitter] INFO  nextflow.Session - [24/df8cf8] Submitted process > writeLargeFile (40)
Nov-03 20:04:45.187 [Task submitter] INFO  nextflow.Session - [3d/6b567c] Submitted process > writeLargeFile (41)
Nov-03 20:04:45.216 [Task submitter] INFO  nextflow.Session - [ed/31195e] Submitted process > writeLargeFile (42)
Nov-03 20:04:45.247 [Task submitter] INFO  nextflow.Session - [23/ecb999] Submitted process > writeLargeFile (43)
Nov-03 20:04:45.277 [Task submitter] INFO  nextflow.Session - [26/b05da8] Submitted process > writeLargeFile (44)
Nov-03 20:04:45.310 [Task submitter] INFO  nextflow.Session - [04/38afdc] Submitted process > writeLargeFile (45)
Nov-03 20:04:45.339 [Task submitter] INFO  nextflow.Session - [10/07e982] Submitted process > writeLargeFile (46)
Nov-03 20:04:45.369 [Task submitter] INFO  nextflow.Session - [3e/0d4df0] Submitted process > writeLargeFile (47)
Nov-03 20:04:45.398 [Task submitter] INFO  nextflow.Session - [2c/911b71] Submitted process > writeLargeFile (49)
Nov-03 20:04:45.428 [Task submitter] INFO  nextflow.Session - [53/890bd6] Submitted process > writeLargeFile (48)
Nov-03 20:04:45.464 [Task submitter] INFO  nextflow.Session - [9b/0ad0af] Submitted process > writeLargeFile (50)
Nov-03 20:04:45.491 [Task submitter] INFO  nextflow.Session - [3e/051f3d] Submitted process > writeLargeFile (52)
Nov-03 20:04:45.516 [Task submitter] INFO  nextflow.Session - [f4/8adebd] Submitted process > writeLargeFile (51)
Nov-03 20:04:45.547 [Task submitter] INFO  nextflow.Session - [15/39db56] Submitted process > writeLargeFile (53)
Nov-03 20:04:45.575 [Task submitter] INFO  nextflow.Session - [20/71175c] Submitted process > writeLargeFile (54)
Nov-03 20:04:45.607 [Task submitter] INFO  nextflow.Session - [f0/192267] Submitted process > writeLargeFile (55)
Nov-03 20:04:45.634 [Task submitter] INFO  nextflow.Session - [c3/9df409] Submitted process > writeLargeFile (56)
Nov-03 20:04:45.667 [Task submitter] INFO  nextflow.Session - [cd/86c47b] Submitted process > writeLargeFile (57)
Nov-03 20:04:45.695 [Task submitter] INFO  nextflow.Session - [44/4774c6] Submitted process > writeLargeFile (58)
Nov-03 20:04:45.724 [Task submitter] INFO  nextflow.Session - [99/a0b3ac] Submitted process > writeLargeFile (59)
Nov-03 20:04:45.752 [Task submitter] INFO  nextflow.Session - [63/eba303] Submitted process > writeLargeFile (60)
Nov-03 20:04:45.782 [Task submitter] INFO  nextflow.Session - [58/0efcfa] Submitted process > writeLargeFile (61)
Nov-03 20:04:45.811 [Task submitter] INFO  nextflow.Session - [78/661f60] Submitted process > writeLargeFile (62)
Nov-03 20:04:45.837 [Task submitter] INFO  nextflow.Session - [b6/d075ba] Submitted process > writeLargeFile (63)
Nov-03 20:04:45.870 [Task submitter] INFO  nextflow.Session - [d2/bb8de4] Submitted process > writeLargeFile (64)
Nov-03 20:04:45.903 [Task submitter] INFO  nextflow.Session - [2f/72691f] Submitted process > writeLargeFile (65)
Nov-03 20:04:45.933 [Task submitter] INFO  nextflow.Session - [be/58de9e] Submitted process > writeLargeFile (66)
Nov-03 20:04:45.964 [Task submitter] INFO  nextflow.Session - [22/8d1d18] Submitted process > writeLargeFile (67)
Nov-03 20:04:45.992 [Task submitter] INFO  nextflow.Session - [72/0af284] Submitted process > writeLargeFile (68)
Nov-03 20:04:46.021 [Task submitter] INFO  nextflow.Session - [d2/6ab20c] Submitted process > writeLargeFile (69)
Nov-03 20:04:46.047 [Task submitter] INFO  nextflow.Session - [26/ac5f98] Submitted process > writeLargeFile (71)
Nov-03 20:04:46.073 [Task submitter] INFO  nextflow.Session - [31/f63191] Submitted process > writeLargeFile (97)
Nov-03 20:04:46.101 [Task submitter] INFO  nextflow.Session - [3a/f82f99] Submitted process > writeLargeFile (70)
Nov-03 20:04:46.131 [Task submitter] INFO  nextflow.Session - [15/5843c5] Submitted process > writeLargeFile (73)
Nov-03 20:04:46.161 [Task submitter] INFO  nextflow.Session - [cc/e51b9d] Submitted process > writeLargeFile (72)
Nov-03 20:04:46.192 [Task submitter] INFO  nextflow.Session - [cc/755a4c] Submitted process > writeLargeFile (75)
Nov-03 20:04:46.220 [Task submitter] INFO  nextflow.Session - [85/0209cf] Submitted process > writeLargeFile (74)
Nov-03 20:04:46.251 [Task submitter] INFO  nextflow.Session - [b4/883997] Submitted process > writeLargeFile (76)
Nov-03 20:04:46.278 [Task submitter] INFO  nextflow.Session - [b3/565b20] Submitted process > writeLargeFile (77)
Nov-03 20:04:46.308 [Task submitter] INFO  nextflow.Session - [f1/763eb5] Submitted process > writeLargeFile (79)
Nov-03 20:04:46.336 [Task submitter] INFO  nextflow.Session - [79/c2da5a] Submitted process > writeLargeFile (78)
Nov-03 20:04:46.365 [Task submitter] INFO  nextflow.Session - [66/9d0a46] Submitted process > writeLargeFile (80)
Nov-03 20:04:46.394 [Task submitter] INFO  nextflow.Session - [ce/f714c0] Submitted process > writeLargeFile (82)
Nov-03 20:04:46.425 [Task submitter] INFO  nextflow.Session - [bd/ebcc59] Submitted process > writeLargeFile (81)
Nov-03 20:04:46.456 [Task submitter] INFO  nextflow.Session - [ee/d8acc4] Submitted process > writeLargeFile (83)
Nov-03 20:04:46.484 [Task submitter] INFO  nextflow.Session - [d2/f38fc4] Submitted process > writeLargeFile (86)
Nov-03 20:04:46.519 [Task submitter] INFO  nextflow.Session - [14/d50c53] Submitted process > writeLargeFile (85)
Nov-03 20:04:46.552 [Task submitter] INFO  nextflow.Session - [99/4e881f] Submitted process > writeLargeFile (84)
Nov-03 20:04:46.587 [Task submitter] INFO  nextflow.Session - [7a/f4e304] Submitted process > writeLargeFile (87)
Nov-03 20:04:46.614 [Task submitter] INFO  nextflow.Session - [b5/363b31] Submitted process > writeLargeFile (88)
Nov-03 20:04:46.640 [Task submitter] INFO  nextflow.Session - [bd/80f797] Submitted process > writeLargeFile (89)
Nov-03 20:04:46.673 [Task submitter] INFO  nextflow.Session - [7e/bd432d] Submitted process > writeLargeFile (90)
Nov-03 20:04:46.701 [Task submitter] INFO  nextflow.Session - [c6/869901] Submitted process > writeLargeFile (91)
Nov-03 20:04:46.819 [Task submitter] INFO  nextflow.Session - [83/b2b64b] Submitted process > writeLargeFile (92)
Nov-03 20:04:46.848 [Task submitter] INFO  nextflow.Session - [68/6bd1b7] Submitted process > writeLargeFile (93)
Nov-03 20:04:46.877 [Task submitter] INFO  nextflow.Session - [2f/ac540e] Submitted process > writeLargeFile (94)
Nov-03 20:04:46.907 [Task submitter] INFO  nextflow.Session - [e5/f8c9f3] Submitted process > writeLargeFile (95)
Nov-03 20:04:46.946 [Task submitter] INFO  nextflow.Session - [a3/427854] Submitted process > writeLargeFile (96)
Nov-03 20:04:46.972 [Task submitter] INFO  nextflow.Session - [3c/bac7e2] Submitted process > writeLargeFile (98)
Nov-03 20:04:47.001 [Task submitter] INFO  nextflow.Session - [c8/fcab5d] Submitted process > writeLargeFile (99)
Nov-03 20:04:47.441 [Task submitter] INFO  nextflow.Session - [5a/ac1dbc] Submitted process > writeLargeFile (100)
Nov-03 20:05:53.728 [Task monitor] DEBUG n.processor.TaskPollingMonitor - Task completed > TaskHandler[id: 8; name: writeLargeFile (8); status: COMPLETED; exit: 0; error: -; workDir: /input/data/work/96/83b3de923d59dbf36bc2433c20aed3]
Nov-03 20:05:58.927 [Task monitor] DEBUG n.processor.TaskPollingMonitor - Task completed > TaskHandler[id: 12; name: writeLargeFile (12); status: COMPLETED; exit: 0; error: -; workDir: /input/data/work/40/967f4017d54044816a24042b87e0d5]
Nov-03 20:05:59.177 [Task monitor] DEBUG n.processor.TaskPollingMonitor - Task completed > TaskHandler[id: 4; name: writeLargeFile (4); status: COMPLETED; exit: 0; error: -; workDir: /input/data/work/30/5b0af252a9af5094bc94eeb3c89bd4]
Nov-03 20:06:21.203 [Task monitor] DEBUG n.processor.TaskPollingMonitor - Task completed > TaskHandler[id: 30; name: writeLargeFile (30); status: COMPLETED; exit: 0; error: -; workDir: /input/data/work/8b/639a87f6076a493e6c90cc5521876b]
Nov-03 20:06:48.717 [Task monitor] DEBUG n.processor.TaskPollingMonitor - Task completed > TaskHandler[id: 11; name: writeLargeFile (11); status: COMPLETED; exit: 0; error: -; workDir: /input/data/work/cb/26696d165eba47391f1942b7d2bd2e]
Nov-03 20:06:48.861 [Task monitor] DEBUG n.processor.TaskPollingMonitor - Task completed > TaskHandler[id: 3; name: writeLargeFile (3); status: COMPLETED; exit: 0; error: -; workDir: /input/data/work/64/de63a23b567dc460e8bf3c3e5696bd]
Nov-03 20:06:59.090 [Task monitor] DEBUG n.processor.TaskPollingMonitor - Task completed > TaskHandler[id: 26; name: writeLargeFile (26); status: COMPLETED; exit: 0; error: -; workDir: /input/data/work/e3/5672782617d21a670af0ddf8786595]
Nov-03 20:07:02.954 [Task monitor] DEBUG n.processor.TaskPollingMonitor - Task completed > TaskHandler[id: 5; name: writeLargeFile (5); status: COMPLETED; exit: 0; error: -; workDir: /input/data/work/db/60f8437bbf4ca7d18a7f81fa3290af]
Nov-03 20:07:20.232 [Task monitor] DEBUG n.processor.TaskPollingMonitor - Task completed > TaskHandler[id: 27; name: writeLargeFile (27); status: COMPLETED; exit: 0; error: -; workDir: /input/data/work/4f/3adb979b01f24d9624114147b1e600]
Nov-03 20:07:20.282 [Task monitor] DEBUG n.processor.TaskPollingMonitor - Task completed > TaskHandler[id: 23; name: writeLargeFile (23); status: COMPLETED; exit: 0; error: -; workDir: /input/data/work/af/2fcde36daf24d0eb42770e0df8bfdb]
Nov-03 20:07:20.326 [Task monitor] DEBUG n.processor.TaskPollingMonitor - Task completed > TaskHandler[id: 28; name: writeLargeFile (28); status: COMPLETED; exit: 0; error: -; workDir: /input/data/work/b0/19bce70406db89a9f7ae8351902f4c]
Nov-03 20:07:20.365 [Task monitor] DEBUG n.processor.TaskPollingMonitor - Task completed > TaskHandler[id: 29; name: writeLargeFile (29); status: COMPLETED; exit: 0; error: -; workDir: /input/data/work/1f/6b0cc31cdbc0f1689a61828d6bca46]
Nov-03 20:07:20.407 [Task monitor] DEBUG n.processor.TaskPollingMonitor - Task completed > TaskHandler[id: 22; name: writeLargeFile (22); status: COMPLETED; exit: 0; error: -; workDir: /input/data/work/c7/e0f15b6bbec0598bf3473d5df0423f]
Nov-03 20:07:20.449 [Task monitor] DEBUG n.processor.TaskPollingMonitor - Task completed > TaskHandler[id: 21; name: writeLargeFile (21); status: COMPLETED; exit: 0; error: -; workDir: /input/data/work/3a/f069d9c1b2da511da91a846637540f]
Nov-03 20:07:20.491 [Task monitor] DEBUG n.processor.TaskPollingMonitor - Task completed > TaskHandler[id: 2; name: writeLargeFile (2); status: COMPLETED; exit: 0; error: -; workDir: /input/data/work/cf/911abf33e79b0eef97ef34a40b9c64]
Nov-03 20:07:20.534 [Task monitor] DEBUG n.processor.TaskPollingMonitor - Task completed > TaskHandler[id: 14; name: writeLargeFile (14); status: COMPLETED; exit: 0; error: -; workDir: /input/data/work/9f/d3338acbcc5ded72a2b5b20cf0ac71]
Nov-03 20:07:20.582 [Task monitor] DEBUG n.processor.TaskPollingMonitor - Task completed > TaskHandler[id: 16; name: writeLargeFile (16); status: COMPLETED; exit: 0; error: -; workDir: /input/data/work/e0/794dfb175c6cb587d5ca2eab086f8f]
Nov-03 20:07:20.622 [Task monitor] DEBUG n.processor.TaskPollingMonitor - Task completed > TaskHandler[id: 6; name: writeLargeFile (6); status: COMPLETED; exit: 0; error: -; workDir: /input/data/work/33/a433c051dc30d3dd8531397f4f16a3]
Nov-03 20:07:20.665 [Task monitor] DEBUG n.processor.TaskPollingMonitor - Task completed > TaskHandler[id: 20; name: writeLargeFile (20); status: COMPLETED; exit: 0; error: -; workDir: /input/data/work/95/88c62218350b4f3592ac4227725ee3]
Nov-03 20:07:20.706 [Task monitor] DEBUG n.processor.TaskPollingMonitor - Task completed > TaskHandler[id: 25; name: writeLargeFile (25); status: COMPLETED; exit: 0; error: -; workDir: /input/data/work/18/c1e684a70de3073da78cb84aaf6262]
Nov-03 20:07:20.750 [Task monitor] DEBUG n.processor.TaskPollingMonitor - Task completed > TaskHandler[id: 10; name: writeLargeFile (10); status: COMPLETED; exit: 0; error: -; workDir: /input/data/work/73/a39272de669421f615c7db4c131d63]
Nov-03 20:07:20.798 [Task monitor] DEBUG n.processor.TaskPollingMonitor - Task completed > TaskHandler[id: 1; name: writeLargeFile (1); status: COMPLETED; exit: 0; error: -; workDir: /input/data/work/e6/ddca98513f022ad6175b98d4c24855]
Nov-03 20:07:20.844 [Task monitor] DEBUG n.processor.TaskPollingMonitor - Task completed > TaskHandler[id: 24; name: writeLargeFile (24); status: COMPLETED; exit: 0; error: -; workDir: /input/data/work/3f/cd67dea21d448b9e4c84a05039e505]
Nov-03 20:07:20.882 [Task monitor] DEBUG n.processor.TaskPollingMonitor - Task completed > TaskHandler[id: 31; name: writeLargeFile (31); status: COMPLETED; exit: 0; error: -; workDir: /input/data/work/63/02416a52ebb8a3aad9e1684c277d53]
Nov-03 20:07:20.978 [Task monitor] DEBUG n.processor.TaskPollingMonitor - Task completed > TaskHandler[id: 17; name: writeLargeFile (17); status: COMPLETED; exit: 0; error: -; workDir: /input/data/work/6c/88cc517138ccd3b93ae6994f967367]
Nov-03 20:07:21.030 [Task monitor] DEBUG n.processor.TaskPollingMonitor - Task completed > TaskHandler[id: 13; name: writeLargeFile (13); status: COMPLETED; exit: 0; error: -; workDir: /input/data/work/97/12d4f2f89043ce2d79ed1f6f09436c]
Nov-03 20:07:21.083 [Task monitor] DEBUG n.processor.TaskPollingMonitor - Task completed > TaskHandler[id: 18; name: writeLargeFile (18); status: COMPLETED; exit: 0; error: -; workDir: /input/data/work/fc/548b1e64a849e47632b499a937c083]
Nov-03 20:07:21.455 [Task monitor] DEBUG n.processor.TaskPollingMonitor - Task completed > TaskHandler[id: 42; name: writeLargeFile (42); status: COMPLETED; exit: 0; error: -; workDir: /input/data/work/ed/31195ed3f1467f2a10dbe6165af98c]
Nov-03 20:07:21.535 [Task monitor] DEBUG n.processor.TaskPollingMonitor - Task completed > TaskHandler[id: 44; name: writeLargeFile (44); status: COMPLETED; exit: 0; error: -; workDir: /input/data/work/26/b05da888519ee898ba5797b9d4101b]
Nov-03 20:07:21.589 [Task monitor] DEBUG n.processor.TaskPollingMonitor - Task completed > TaskHandler[id: 45; name: writeLargeFile (45); status: COMPLETED; exit: 0; error: -; workDir: /input/data/work/04/38afdc72f9885585895fa15fe80ec5]
Nov-03 20:07:21.645 [Task monitor] DEBUG n.processor.TaskPollingMonitor - Task completed > TaskHandler[id: 46; name: writeLargeFile (46); status: COMPLETED; exit: 0; error: -; workDir: /input/data/work/10/07e982f33028cc5458c693e5d0102d]
Nov-03 20:07:21.699 [Task monitor] DEBUG n.processor.TaskPollingMonitor - Task completed > TaskHandler[id: 47; name: writeLargeFile (47); status: COMPLETED; exit: 0; error: -; workDir: /input/data/work/3e/0d4df0a4d1e4107d165bb84b0ec784]
Nov-03 20:07:21.751 [Task monitor] DEBUG n.processor.TaskPollingMonitor - Task completed > TaskHandler[id: 49; name: writeLargeFile (49); status: COMPLETED; exit: 0; error: -; workDir: /input/data/work/2c/911b71753d68369e3a099f28305e02]
Nov-03 20:07:23.268 [Task monitor] DEBUG n.processor.TaskPollingMonitor - Task completed > TaskHandler[id: 15; name: writeLargeFile (15); status: COMPLETED; exit: 0; error: -; workDir: /input/data/work/55/3df6ca1c5366500e33f516c813fed3]
Nov-03 20:07:23.307 [Task monitor] DEBUG n.processor.TaskPollingMonitor - Task completed > TaskHandler[id: 32; name: writeLargeFile (32); status: COMPLETED; exit: 0; error: -; workDir: /input/data/work/d2/f33a4ea2a5615f1304e1ecb9287cf5]
Nov-03 20:07:23.352 [Task monitor] DEBUG n.processor.TaskPollingMonitor - Task completed > TaskHandler[id: 33; name: writeLargeFile (33); status: COMPLETED; exit: 0; error: -; workDir: /input/data/work/6b/83d7b7fa358d3df029dc028770f93c]
Nov-03 20:07:23.390 [Task monitor] DEBUG n.processor.TaskPollingMonitor - Task completed > TaskHandler[id: 34; name: writeLargeFile (34); status: COMPLETED; exit: 0; error: -; workDir: /input/data/work/b9/d0aa4f0cf0428f79b418fd95ae5bef]
Nov-03 20:07:23.429 [Task monitor] DEBUG n.processor.TaskPollingMonitor - Task completed > TaskHandler[id: 36; name: writeLargeFile (36); status: COMPLETED; exit: 0; error: -; workDir: /input/data/work/c9/87e3d16546d9fe26b3aad04128de87]
Nov-03 20:07:23.466 [Task monitor] DEBUG n.processor.TaskPollingMonitor - Task completed > TaskHandler[id: 35; name: writeLargeFile (35); status: COMPLETED; exit: 0; error: -; workDir: /input/data/work/01/cf4d18ac1837f45b406d42c23b36d6]
Nov-03 20:07:23.503 [Task monitor] DEBUG n.processor.TaskPollingMonitor - Task completed > TaskHandler[id: 37; name: writeLargeFile (37); status: COMPLETED; exit: 0; error: -; workDir: /input/data/work/13/bd2cb9cea4f5a768fc4b5199314e15]
Nov-03 20:07:23.544 [Task monitor] DEBUG n.processor.TaskPollingMonitor - Task completed > TaskHandler[id: 38; name: writeLargeFile (38); status: COMPLETED; exit: 0; error: -; workDir: /input/data/work/e1/f95eb667749dbfb7a6c6ac6ed631e2]
Nov-03 20:07:23.587 [Task monitor] DEBUG n.processor.TaskPollingMonitor - Task completed > TaskHandler[id: 39; name: writeLargeFile (39); status: COMPLETED; exit: 0; error: -; workDir: /input/data/work/6a/29f109a1faca1e01548449ea9d24a8]
Nov-03 20:07:23.632 [Task monitor] DEBUG n.processor.TaskPollingMonitor - Task completed > TaskHandler[id: 40; name: writeLargeFile (40); status: COMPLETED; exit: 0; error: -; workDir: /input/data/work/24/df8cf8a00bc00bd18f0f72d4251f2a]
Nov-03 20:07:23.673 [Task monitor] DEBUG n.processor.TaskPollingMonitor - Task completed > TaskHandler[id: 41; name: writeLargeFile (41); status: COMPLETED; exit: 0; error: -; workDir: /input/data/work/3d/6b567cea0cbc2a8d1865e2ab6d01ed]
Nov-03 20:07:23.712 [Task monitor] DEBUG n.processor.TaskPollingMonitor - Task completed > TaskHandler[id: 43; name: writeLargeFile (43); status: COMPLETED; exit: 0; error: -; workDir: /input/data/work/23/ecb999a59f4755928ed5faf5134b19]
Nov-03 20:07:28.378 [Task monitor] DEBUG n.processor.TaskPollingMonitor - Task completed > TaskHandler[id: 9; name: writeLargeFile (9); status: COMPLETED; exit: 0; error: -; workDir: /input/data/work/2c/8ebf56ba84a8943c1b5ad59d7560ea]
Nov-03 20:07:28.486 [Task monitor] DEBUG n.processor.TaskPollingMonitor - Task completed > TaskHandler[id: 19; name: writeLargeFile (19); status: COMPLETED; exit: 0; error: -; workDir: /input/data/work/42/c22085517df41584d40e832893cd30]
Nov-03 20:07:28.619 [Task monitor] DEBUG n.processor.TaskPollingMonitor - Task completed > TaskHandler[id: 7; name: writeLargeFile (7); status: COMPLETED; exit: 0; error: -; workDir: /input/data/work/89/0b826b644771f52b0c7ba50f448a28]
Nov-03 20:08:41.748 [Task monitor] DEBUG n.processor.TaskPollingMonitor - Task completed > TaskHandler[id: 48; name: writeLargeFile (48); status: COMPLETED; exit: 0; error: -; workDir: /input/data/work/53/890bd605fe0709a57e33fdd0a95fd7]
Nov-03 20:08:41.791 [Task monitor] DEBUG n.processor.TaskPollingMonitor - Task completed > TaskHandler[id: 50; name: writeLargeFile (50); status: COMPLETED; exit: 0; error: -; workDir: /input/data/work/9b/0ad0af472a42c609f289ec6154ccca]
Nov-03 20:08:41.832 [Task monitor] DEBUG n.processor.TaskPollingMonitor - Task completed > TaskHandler[id: 52; name: writeLargeFile (52); status: COMPLETED; exit: 0; error: -; workDir: /input/data/work/3e/051f3d7b67b170f38dde038e22ae30]
Nov-03 20:08:41.873 [Task monitor] DEBUG n.processor.TaskPollingMonitor - Task completed > TaskHandler[id: 51; name: writeLargeFile (51); status: COMPLETED; exit: 0; error: -; workDir: /input/data/work/f4/8adebda37a88d5269fb47b73bf95a1]
Nov-03 20:08:41.908 [Task monitor] DEBUG n.processor.TaskPollingMonitor - Task completed > TaskHandler[id: 53; name: writeLargeFile (53); status: COMPLETED; exit: 0; error: -; workDir: /input/data/work/15/39db5608c05711f72c8351abec5bf8]
Nov-03 20:08:41.955 [Task monitor] DEBUG n.processor.TaskPollingMonitor - Task completed > TaskHandler[id: 54; name: writeLargeFile (54); status: COMPLETED; exit: 0; error: -; workDir: /input/data/work/20/71175cb9e86abbd8a62590fdea0269]
Nov-03 20:08:41.994 [Task monitor] DEBUG n.processor.TaskPollingMonitor - Task completed > TaskHandler[id: 55; name: writeLargeFile (55); status: COMPLETED; exit: 0; error: -; workDir: /input/data/work/f0/1922676d6c580ddacbac4225ec925a]
Nov-03 20:08:42.032 [Task monitor] DEBUG n.processor.TaskPollingMonitor - Task completed > TaskHandler[id: 56; name: writeLargeFile (56); status: COMPLETED; exit: 0; error: -; workDir: /input/data/work/c3/9df409ffa670ca242a12c5a5d53189]
Nov-03 20:08:42.077 [Task monitor] DEBUG n.processor.TaskPollingMonitor - Task completed > TaskHandler[id: 57; name: writeLargeFile (57); status: COMPLETED; exit: 0; error: -; workDir: /input/data/work/cd/86c47bfde79ec28be3c7bc4f6566c5]
Nov-03 20:08:42.113 [Task monitor] DEBUG n.processor.TaskPollingMonitor - Task completed > TaskHandler[id: 58; name: writeLargeFile (58); status: COMPLETED; exit: 0; error: -; workDir: /input/data/work/44/4774c6c06e4d0ab3e1f491ff92be4b]
Nov-03 20:08:42.153 [Task monitor] DEBUG n.processor.TaskPollingMonitor - Task completed > TaskHandler[id: 59; name: writeLargeFile (59); status: COMPLETED; exit: 0; error: -; workDir: /input/data/work/99/a0b3ac318a8060a68395e1340e5423]
Nov-03 20:08:42.192 [Task monitor] DEBUG n.processor.TaskPollingMonitor - Task completed > TaskHandler[id: 60; name: writeLargeFile (60); status: COMPLETED; exit: 0; error: -; workDir: /input/data/work/63/eba3036714ef75111ef1be19eb6b14]
Nov-03 20:08:42.239 [Task monitor] DEBUG n.processor.TaskPollingMonitor - Task completed > TaskHandler[id: 61; name: writeLargeFile (61); status: COMPLETED; exit: 0; error: -; workDir: /input/data/work/58/0efcfa3afc99de0cdd549514a6e2ab]
Nov-03 20:08:42.276 [Task monitor] DEBUG n.processor.TaskPollingMonitor - Task completed > TaskHandler[id: 62; name: writeLargeFile (62); status: COMPLETED; exit: 0; error: -; workDir: /input/data/work/78/661f6028fec1446fdca97a0e5b68f4]
Nov-03 20:08:42.313 [Task monitor] DEBUG n.processor.TaskPollingMonitor - Task completed > TaskHandler[id: 63; name: writeLargeFile (63); status: COMPLETED; exit: 0; error: -; workDir: /input/data/work/b6/d075ba3147093be414898f04d746a6]
Nov-03 20:08:42.350 [Task monitor] DEBUG n.processor.TaskPollingMonitor - Task completed > TaskHandler[id: 64; name: writeLargeFile (64); status: COMPLETED; exit: 0; error: -; workDir: /input/data/work/d2/bb8de460ff954db4ead68538e11109]
Nov-03 20:08:42.386 [Task monitor] DEBUG n.processor.TaskPollingMonitor - Task completed > TaskHandler[id: 65; name: writeLargeFile (65); status: COMPLETED; exit: 0; error: -; workDir: /input/data/work/2f/72691f340bc306b9980294b46b586e]
Nov-03 20:08:42.423 [Task monitor] DEBUG n.processor.TaskPollingMonitor - Task completed > TaskHandler[id: 66; name: writeLargeFile (66); status: COMPLETED; exit: 0; error: -; workDir: /input/data/work/be/58de9e21edb2d4edcca1d998464de4]
Nov-03 20:08:42.465 [Task monitor] DEBUG n.processor.TaskPollingMonitor - Task completed > TaskHandler[id: 67; name: writeLargeFile (67); status: COMPLETED; exit: 0; error: -; workDir: /input/data/work/22/8d1d18deee380ce258753c513c29d7]
Nov-03 20:08:42.500 [Task monitor] DEBUG n.processor.TaskPollingMonitor - Task completed > TaskHandler[id: 68; name: writeLargeFile (68); status: COMPLETED; exit: 0; error: -; workDir: /input/data/work/72/0af28458002eabac4cc114ecfee5e9]
Nov-03 20:08:42.540 [Task monitor] DEBUG n.processor.TaskPollingMonitor - Task completed > TaskHandler[id: 69; name: writeLargeFile (69); status: COMPLETED; exit: 0; error: -; workDir: /input/data/work/d2/6ab20cfd769ea623dba665b1ec1f31]
Nov-03 20:08:47.024 [Task monitor] DEBUG n.processor.TaskPollingMonitor - Task completed > TaskHandler[id: 71; name: writeLargeFile (71); status: COMPLETED; exit: 0; error: -; workDir: /input/data/work/26/ac5f98b808f3c8cc4cca64a66ed8fc]
Nov-03 20:08:47.403 [Task monitor] DEBUG n.processor.TaskPollingMonitor - Task completed > TaskHandler[id: 97; name: writeLargeFile (97); status: COMPLETED; exit: 0; error: -; workDir: /input/data/work/31/f631911782118605892e3f53061761]
Nov-03 20:08:47.850 [Task monitor] DEBUG n.processor.TaskPollingMonitor - Task completed > TaskHandler[id: 70; name: writeLargeFile (70); status: COMPLETED; exit: 0; error: -; workDir: /input/data/work/3a/f82f99e854453a5bfb06eb6aa6f02a]
Nov-03 20:09:46.713 [Task monitor] DEBUG n.processor.TaskPollingMonitor - !! executor k8s > tasks to be completed: 28 -- submitted tasks are shown below
~> TaskHandler[id: 73; name: writeLargeFile (73); status: RUNNING; exit: -; error: -; workDir: /input/data/work/15/5843c592cfa081a332d5731780740f]
~> TaskHandler[id: 72; name: writeLargeFile (72); status: RUNNING; exit: -; error: -; workDir: /input/data/work/cc/e51b9d062c67820f3fb8dde9d78ba8]
~> TaskHandler[id: 75; name: writeLargeFile (75); status: RUNNING; exit: -; error: -; workDir: /input/data/work/cc/755a4cd4ce3de9c44df719f9588ffc]
~> TaskHandler[id: 74; name: writeLargeFile (74); status: RUNNING; exit: -; error: -; workDir: /input/data/work/85/0209cf3a25eaf51e68249016717970]
~> TaskHandler[id: 76; name: writeLargeFile (76); status: RUNNING; exit: -; error: -; workDir: /input/data/work/b4/883997494f987a928013ad81e91dfc]
~> TaskHandler[id: 77; name: writeLargeFile (77); status: RUNNING; exit: -; error: -; workDir: /input/data/work/b3/565b208b65f7217b1b1e8c7297baaa]
~> TaskHandler[id: 79; name: writeLargeFile (79); status: RUNNING; exit: -; error: -; workDir: /input/data/work/f1/763eb5a89ab51b80d4732f4a38d9d6]
~> TaskHandler[id: 78; name: writeLargeFile (78); status: RUNNING; exit: -; error: -; workDir: /input/data/work/79/c2da5afdedc511e1163d75f9c31b7d]
~> TaskHandler[id: 80; name: writeLargeFile (80); status: RUNNING; exit: -; error: -; workDir: /input/data/work/66/9d0a46c372166aef6fffc76cd95ebb]
~> TaskHandler[id: 82; name: writeLargeFile (82); status: RUNNING; exit: -; error: -; workDir: /input/data/work/ce/f714c000196834448dd54cd9224b2e]
.. remaining tasks omitted.
Nov-03 20:09:56.798 [Task monitor] DEBUG n.processor.TaskPollingMonitor - Task completed > TaskHandler[id: 74; name: writeLargeFile (74); status: COMPLETED; exit: 0; error: -; workDir: /input/data/work/85/0209cf3a25eaf51e68249016717970]
Nov-03 20:09:56.839 [Task monitor] DEBUG n.processor.TaskPollingMonitor - Task completed > TaskHandler[id: 76; name: writeLargeFile (76); status: COMPLETED; exit: 0; error: -; workDir: /input/data/work/b4/883997494f987a928013ad81e91dfc]
Nov-03 20:09:58.492 [Task monitor] DEBUG n.processor.TaskPollingMonitor - Task completed > TaskHandler[id: 77; name: writeLargeFile (77); status: COMPLETED; exit: 0; error: -; workDir: /input/data/work/b3/565b208b65f7217b1b1e8c7297baaa]
Nov-03 20:09:58.665 [Task monitor] DEBUG n.processor.TaskPollingMonitor - Task completed > TaskHandler[id: 87; name: writeLargeFile (87); status: COMPLETED; exit: 0; error: -; workDir: /input/data/work/7a/f4e3047eb52c851a7f137d53337419]
Nov-03 20:09:58.707 [Task monitor] DEBUG n.processor.TaskPollingMonitor - Task completed > TaskHandler[id: 88; name: writeLargeFile (88); status: COMPLETED; exit: 0; error: -; workDir: /input/data/work/b5/363b3157215c148cf6517e706e4ce3]
Nov-03 20:09:58.746 [Task monitor] DEBUG n.processor.TaskPollingMonitor - Task completed > TaskHandler[id: 89; name: writeLargeFile (89); status: COMPLETED; exit: 0; error: -; workDir: /input/data/work/bd/80f797b6013f492c1135ec0f5c8efa]
Nov-03 20:10:01.754 [Task monitor] DEBUG n.processor.TaskPollingMonitor - Task completed > TaskHandler[id: 73; name: writeLargeFile (73); status: COMPLETED; exit: 0; error: -; workDir: /input/data/work/15/5843c592cfa081a332d5731780740f]
Nov-03 20:10:01.794 [Task monitor] DEBUG n.processor.TaskPollingMonitor - Task completed > TaskHandler[id: 72; name: writeLargeFile (72); status: COMPLETED; exit: 0; error: -; workDir: /input/data/work/cc/e51b9d062c67820f3fb8dde9d78ba8]
Nov-03 20:10:01.848 [Task monitor] DEBUG n.processor.TaskPollingMonitor - Task completed > TaskHandler[id: 75; name: writeLargeFile (75); status: COMPLETED; exit: 0; error: -; workDir: /input/data/work/cc/755a4cd4ce3de9c44df719f9588ffc]
Nov-03 20:10:01.934 [Task monitor] DEBUG n.processor.TaskPollingMonitor - Task completed > TaskHandler[id: 82; name: writeLargeFile (82); status: COMPLETED; exit: 0; error: -; workDir: /input/data/work/ce/f714c000196834448dd54cd9224b2e]
Nov-03 20:10:02.299 [Task monitor] DEBUG n.processor.TaskPollingMonitor - Task completed > TaskHandler[id: 85; name: writeLargeFile (85); status: COMPLETED; exit: 0; error: -; workDir: /input/data/work/14/d50c536dc6fc02ca859ee9ac38c8ef]
Nov-03 20:10:02.480 [Task monitor] DEBUG n.processor.TaskPollingMonitor - Task completed > TaskHandler[id: 84; name: writeLargeFile (84); status: COMPLETED; exit: 0; error: -; workDir: /input/data/work/99/4e881f6ffc79d6ce3796c0bd80ade7]
Nov-03 20:10:02.770 [Task monitor] DEBUG n.processor.TaskPollingMonitor - Task completed > TaskHandler[id: 90; name: writeLargeFile (90); status: COMPLETED; exit: 0; error: -; workDir: /input/data/work/7e/bd432dc39b5d5e9953f1d501024676]
Nov-03 20:10:02.879 [Task monitor] DEBUG n.processor.TaskPollingMonitor - Task completed > TaskHandler[id: 91; name: writeLargeFile (91); status: COMPLETED; exit: 0; error: -; workDir: /input/data/work/c6/86990130e6c22b4a4c5d941d4e241d]
Nov-03 20:10:03.032 [Task monitor] DEBUG n.processor.TaskPollingMonitor - Task completed > TaskHandler[id: 92; name: writeLargeFile (92); status: COMPLETED; exit: 0; error: -; workDir: /input/data/work/83/b2b64be5155eefa578988f4f08ec99]
Nov-03 20:10:03.122 [Task monitor] DEBUG n.processor.TaskPollingMonitor - Task completed > TaskHandler[id: 93; name: writeLargeFile (93); status: COMPLETED; exit: 0; error: -; workDir: /input/data/work/68/6bd1b7f2f9848a277a00d50c1e4245]
Nov-03 20:10:03.175 [Task monitor] DEBUG n.processor.TaskPollingMonitor - Task completed > TaskHandler[id: 94; name: writeLargeFile (94); status: COMPLETED; exit: 0; error: -; workDir: /input/data/work/2f/ac540ed5d938766b710b70a7254e2e]
Nov-03 20:10:03.218 [Task monitor] DEBUG n.processor.TaskPollingMonitor - Task completed > TaskHandler[id: 95; name: writeLargeFile (95); status: COMPLETED; exit: 0; error: -; workDir: /input/data/work/e5/f8c9f35f99fb62486888e0e62f574c]
Nov-03 20:10:06.757 [Task monitor] DEBUG n.processor.TaskPollingMonitor - Task completed > TaskHandler[id: 79; name: writeLargeFile (79); status: COMPLETED; exit: 0; error: -; workDir: /input/data/work/f1/763eb5a89ab51b80d4732f4a38d9d6]
Nov-03 20:10:06.814 [Task monitor] DEBUG n.processor.TaskPollingMonitor - Task completed > TaskHandler[id: 78; name: writeLargeFile (78); status: COMPLETED; exit: 0; error: -; workDir: /input/data/work/79/c2da5afdedc511e1163d75f9c31b7d]
Nov-03 20:10:06.873 [Task monitor] DEBUG n.processor.TaskPollingMonitor - Task completed > TaskHandler[id: 80; name: writeLargeFile (80); status: COMPLETED; exit: 0; error: -; workDir: /input/data/work/66/9d0a46c372166aef6fffc76cd95ebb]
Nov-03 20:10:06.936 [Task monitor] DEBUG n.processor.TaskPollingMonitor - Task completed > TaskHandler[id: 81; name: writeLargeFile (81); status: COMPLETED; exit: 0; error: -; workDir: /input/data/work/bd/ebcc597a0bfa39f3aa2f7bcbf31839]
Nov-03 20:10:07.006 [Task monitor] DEBUG n.processor.TaskPollingMonitor - Task completed > TaskHandler[id: 83; name: writeLargeFile (83); status: COMPLETED; exit: 0; error: -; workDir: /input/data/work/ee/d8acc4ff15ffda8664a1a236f1ef93]
Nov-03 20:10:07.061 [Task monitor] DEBUG n.processor.TaskPollingMonitor - Task completed > TaskHandler[id: 86; name: writeLargeFile (86); status: COMPLETED; exit: 0; error: -; workDir: /input/data/work/d2/f38fc4b7c9e0bce34c67188825b65b]
Nov-03 20:10:11.801 [Task monitor] DEBUG n.processor.TaskPollingMonitor - Task completed > TaskHandler[id: 100; name: writeLargeFile (100); status: COMPLETED; exit: 0; error: -; workDir: /input/data/work/5a/ac1dbcb41829a7a57db3b2439653fe]
Nov-03 20:10:31.761 [Task monitor] DEBUG n.processor.TaskPollingMonitor - Task completed > TaskHandler[id: 96; name: writeLargeFile (96); status: COMPLETED; exit: 0; error: -; workDir: /input/data/work/a3/427854a15276c9b63a9b7086519fcc]
Nov-03 20:10:31.803 [Task monitor] DEBUG n.processor.TaskPollingMonitor - Task completed > TaskHandler[id: 98; name: writeLargeFile (98); status: COMPLETED; exit: 0; error: -; workDir: /input/data/work/3c/bac7e22b5ef871782bf29fc40bfad8]
Nov-03 20:10:31.845 [Task monitor] DEBUG n.processor.TaskPollingMonitor - Task completed > TaskHandler[id: 99; name: writeLargeFile (99); status: COMPLETED; exit: 0; error: -; workDir: /input/data/work/c8/fcab5df118f89279d890004ac033a2]
Nov-03 20:10:31.906 [Task submitter] INFO  nextflow.Session - [a6/32a0b3] Submitted process > combineFiles (4)
Nov-03 20:10:31.939 [Task submitter] INFO  nextflow.Session - [1f/6f143c] Submitted process > combineFiles (25)
Nov-03 20:10:31.963 [Task submitter] INFO  nextflow.Session - [ff/868c5f] Submitted process > combineFiles (1)
Nov-03 20:10:31.989 [Task submitter] INFO  nextflow.Session - [68/af033b] Submitted process > combineFiles (17)
Nov-03 20:10:32.014 [Task submitter] INFO  nextflow.Session - [97/a8b507] Submitted process > combineFiles (27)
Nov-03 20:10:32.039 [Task submitter] INFO  nextflow.Session - [55/7faf4d] Submitted process > combineFiles (5)
Nov-03 20:10:32.065 [Task submitter] INFO  nextflow.Session - [e1/8876e3] Submitted process > combineFiles (24)
Nov-03 20:10:32.090 [Task submitter] INFO  nextflow.Session - [b6/52fed3] Submitted process > combineFiles (26)
Nov-03 20:10:32.116 [Task submitter] INFO  nextflow.Session - [fa/1e36ae] Submitted process > combineFiles (29)
Nov-03 20:10:32.146 [Task submitter] INFO  nextflow.Session - [95/2fa9ca] Submitted process > combineFiles (6)
Nov-03 20:10:32.171 [Task submitter] INFO  nextflow.Session - [97/0da278] Submitted process > combineFiles (18)
Nov-03 20:10:32.198 [Task submitter] INFO  nextflow.Session - [cf/33a031] Submitted process > combineFiles (13)
Nov-03 20:10:32.221 [Task submitter] INFO  nextflow.Session - [ed/6cb834] Submitted process > combineFiles (23)
Nov-03 20:10:32.245 [Task submitter] INFO  nextflow.Session - [3b/acffb7] Submitted process > combineFiles (10)
Nov-03 20:10:32.272 [Task submitter] INFO  nextflow.Session - [18/f5d4fe] Submitted process > combineFiles (33)
Nov-03 20:10:32.299 [Task submitter] INFO  nextflow.Session - [3b/bb5d84] Submitted process > combineFiles (3)
Nov-03 20:10:32.328 [Task submitter] INFO  nextflow.Session - [29/7648a1] Submitted process > combineFiles (9)
Nov-03 20:10:32.352 [Task submitter] INFO  nextflow.Session - [d0/acfeeb] Submitted process > combineFiles (16)
Nov-03 20:10:32.373 [Task submitter] INFO  nextflow.Session - [4a/4f7030] Submitted process > combineFiles (11)
Nov-03 20:10:32.399 [Task submitter] INFO  nextflow.Session - [1c/d3456b] Submitted process > combineFiles (19)
Nov-03 20:10:32.424 [Task submitter] INFO  nextflow.Session - [47/ad8a5a] Submitted process > combineFiles (20)
Nov-03 20:10:32.449 [Task submitter] INFO  nextflow.Session - [76/398bff] Submitted process > combineFiles (14)
Nov-03 20:10:32.473 [Task submitter] INFO  nextflow.Session - [32/ee18bb] Submitted process > combineFiles (30)
Nov-03 20:10:32.495 [Task submitter] INFO  nextflow.Session - [32/11e9c9] Submitted process > combineFiles (15)
Nov-03 20:10:32.522 [Task submitter] INFO  nextflow.Session - [f8/747a87] Submitted process > combineFiles (21)
Nov-03 20:10:32.546 [Task submitter] INFO  nextflow.Session - [0e/5b04c5] Submitted process > combineFiles (32)
Nov-03 20:10:32.577 [Task submitter] INFO  nextflow.Session - [fe/cb65e8] Submitted process > combineFiles (28)
Nov-03 20:10:32.608 [Task submitter] INFO  nextflow.Session - [0f/c06983] Submitted process > combineFiles (8)
Nov-03 20:10:32.632 [Task submitter] INFO  nextflow.Session - [a1/b51fe6] Submitted process > combineFiles (22)
Nov-03 20:10:32.657 [Task submitter] INFO  nextflow.Session - [05/3068b6] Submitted process > combineFiles (12)
Nov-03 20:10:32.684 [Task submitter] INFO  nextflow.Session - [82/ae5eb5] Submitted process > combineFiles (7)
Nov-03 20:10:32.710 [Task submitter] INFO  nextflow.Session - [ea/b2bdfc] Submitted process > combineFiles (31)
Nov-03 20:10:32.739 [Task submitter] INFO  nextflow.Session - [2a/584cfd] Submitted process > combineFiles (34)
Nov-03 20:10:32.764 [Task submitter] INFO  nextflow.Session - [90/437dda] Submitted process > combineFiles (2)
Nov-03 20:12:18.109 [Task monitor] DEBUG n.processor.TaskPollingMonitor - Task completed > TaskHandler[id: 103; name: combineFiles (3); status: COMPLETED; exit: 0; error: -; workDir: /input/data/work/3b/bb5d84a3b751fdebecd0ce82e98a1d]
Nov-03 20:13:06.368 [Task monitor] DEBUG n.processor.TaskPollingMonitor - Task completed > TaskHandler[id: 109; name: combineFiles (9); status: COMPLETED; exit: 0; error: -; workDir: /input/data/work/29/7648a16fca6273dd0a40c8b8540cd1]
Nov-03 20:13:07.712 [Task monitor] DEBUG n.processor.TaskPollingMonitor - Task completed > TaskHandler[id: 127; name: combineFiles (27); status: COMPLETED; exit: 0; error: -; workDir: /input/data/work/97/a8b5077375a709c24448ff5deb4e0c]
Nov-03 20:13:35.670 [Task monitor] DEBUG n.processor.TaskPollingMonitor - Task completed > TaskHandler[id: 117; name: combineFiles (17); status: COMPLETED; exit: 0; error: -; workDir: /input/data/work/68/af033b4c3116fb8117b442a64b1242]
Nov-03 20:14:32.597 [Task monitor] DEBUG n.processor.TaskPollingMonitor - Task completed > TaskHandler[id: 132; name: combineFiles (32); status: COMPLETED; exit: 0; error: -; workDir: /input/data/work/0e/5b04c5901c8b97d9c21a777d16dbe9]
Nov-03 20:14:37.207 [Task monitor] DEBUG n.processor.TaskPollingMonitor - Task completed > TaskHandler[id: 126; name: combineFiles (26); status: COMPLETED; exit: 0; error: -; workDir: /input/data/work/b6/52fed37fa68209389f87c6a0f23672]
Nov-03 20:14:37.522 [Task monitor] DEBUG n.processor.TaskPollingMonitor - Task completed > TaskHandler[id: 115; name: combineFiles (15); status: COMPLETED; exit: 0; error: -; workDir: /input/data/work/32/11e9c9e2aef92ad48b7e4a86aff322]
Nov-03 20:14:47.042 [Task monitor] DEBUG n.processor.TaskPollingMonitor - !! executor k8s > tasks to be completed: 27 -- submitted tasks are shown below
~> TaskHandler[id: 104; name: combineFiles (4); status: RUNNING; exit: -; error: -; workDir: /input/data/work/a6/32a0b343d39a1b0b4135dbc15fe9dc]
~> TaskHandler[id: 125; name: combineFiles (25); status: RUNNING; exit: -; error: -; workDir: /input/data/work/1f/6f143c0b95a26e1d8a8da1ca4e9d3c]
~> TaskHandler[id: 101; name: combineFiles (1); status: RUNNING; exit: -; error: -; workDir: /input/data/work/ff/868c5f6153ea22ee85d4cfc4fe4565]
~> TaskHandler[id: 105; name: combineFiles (5); status: RUNNING; exit: -; error: -; workDir: /input/data/work/55/7faf4d7f17a35cd232db52df1e748d]
~> TaskHandler[id: 124; name: combineFiles (24); status: RUNNING; exit: -; error: -; workDir: /input/data/work/e1/8876e3cae633c8c4c00d434e4d5b93]
~> TaskHandler[id: 129; name: combineFiles (29); status: RUNNING; exit: -; error: -; workDir: /input/data/work/fa/1e36ae8396f651c6d030e74ee4d681]
~> TaskHandler[id: 106; name: combineFiles (6); status: RUNNING; exit: -; error: -; workDir: /input/data/work/95/2fa9ca81f4a4c93f0eefa2ba62948a]
~> TaskHandler[id: 118; name: combineFiles (18); status: RUNNING; exit: -; error: -; workDir: /input/data/work/97/0da278d04a26a1df791b6eb8135831]
~> TaskHandler[id: 113; name: combineFiles (13); status: RUNNING; exit: -; error: -; workDir: /input/data/work/cf/33a031fa5a432a50691ddac2df9ab0]
~> TaskHandler[id: 123; name: combineFiles (23); status: RUNNING; exit: -; error: -; workDir: /input/data/work/ed/6cb834ee8647d7f033e84bc23438eb]
.. remaining tasks omitted.
Nov-03 20:15:32.956 [Task monitor] DEBUG n.processor.TaskPollingMonitor - Task completed > TaskHandler[id: 105; name: combineFiles (5); status: COMPLETED; exit: 0; error: -; workDir: /input/data/work/55/7faf4d7f17a35cd232db52df1e748d]
Nov-03 20:15:33.209 [Task monitor] DEBUG n.processor.TaskPollingMonitor - Task completed > TaskHandler[id: 110; name: combineFiles (10); status: COMPLETED; exit: 0; error: -; workDir: /input/data/work/3b/acffb72f1ad5eda294f95631c677c9]
Nov-03 20:15:34.094 [Task monitor] DEBUG n.processor.TaskPollingMonitor - Task completed > TaskHandler[id: 114; name: combineFiles (14); status: COMPLETED; exit: 0; error: -; workDir: /input/data/work/76/398bffefca695f1b5271efeaf0fbd9]
Nov-03 20:15:37.616 [Task monitor] DEBUG n.processor.TaskPollingMonitor - Task completed > TaskHandler[id: 124; name: combineFiles (24); status: COMPLETED; exit: 0; error: -; workDir: /input/data/work/e1/8876e3cae633c8c4c00d434e4d5b93]
Nov-03 20:15:38.875 [Task monitor] DEBUG n.processor.TaskPollingMonitor - Task completed > TaskHandler[id: 133; name: combineFiles (33); status: COMPLETED; exit: 0; error: -; workDir: /input/data/work/18/f5d4fea3ba6d4caab80daa104ec6d5]
Nov-03 20:15:41.347 [Task monitor] DEBUG n.processor.TaskPollingMonitor - Task completed > TaskHandler[id: 130; name: combineFiles (30); status: COMPLETED; exit: 0; error: -; workDir: /input/data/work/32/ee18bb2f738f0d007b8f03e3cc4cc3]
Nov-03 20:15:42.208 [Task monitor] DEBUG n.processor.TaskPollingMonitor - Task completed > TaskHandler[id: 106; name: combineFiles (6); status: COMPLETED; exit: 0; error: -; workDir: /input/data/work/95/2fa9ca81f4a4c93f0eefa2ba62948a]
Nov-03 20:15:43.145 [Task monitor] DEBUG n.processor.TaskPollingMonitor - Task completed > TaskHandler[id: 113; name: combineFiles (13); status: COMPLETED; exit: 0; error: -; workDir: /input/data/work/cf/33a031fa5a432a50691ddac2df9ab0]
Nov-03 20:15:43.992 [Task monitor] DEBUG n.processor.TaskPollingMonitor - Task completed > TaskHandler[id: 123; name: combineFiles (23); status: COMPLETED; exit: 0; error: -; workDir: /input/data/work/ed/6cb834ee8647d7f033e84bc23438eb]
Nov-03 20:15:44.184 [Task monitor] DEBUG n.processor.TaskPollingMonitor - Task completed > TaskHandler[id: 119; name: combineFiles (19); status: COMPLETED; exit: 0; error: -; workDir: /input/data/work/1c/d3456bd33fe13b9195465329f20130]
Nov-03 20:15:44.290 [Task monitor] DEBUG n.processor.TaskPollingMonitor - Task completed > TaskHandler[id: 120; name: combineFiles (20); status: COMPLETED; exit: 0; error: -; workDir: /input/data/work/47/ad8a5a3622cf82efc60da521cf07a5]
Nov-03 20:16:37.707 [Task monitor] DEBUG n.processor.TaskPollingMonitor - Task completed > TaskHandler[id: 101; name: combineFiles (1); status: COMPLETED; exit: 0; error: -; workDir: /input/data/work/ff/868c5f6153ea22ee85d4cfc4fe4565]
Nov-03 20:16:38.135 [Task monitor] DEBUG n.processor.TaskPollingMonitor - Task completed > TaskHandler[id: 118; name: combineFiles (18); status: COMPLETED; exit: 0; error: -; workDir: /input/data/work/97/0da278d04a26a1df791b6eb8135831]
Nov-03 20:16:39.036 [Task monitor] DEBUG n.processor.TaskPollingMonitor - Task completed > TaskHandler[id: 111; name: combineFiles (11); status: COMPLETED; exit: 0; error: -; workDir: /input/data/work/4a/4f7030eaed707dacf3eb488187b24e]
Nov-03 20:17:23.183 [Task monitor] DEBUG n.processor.TaskPollingMonitor - Task completed > TaskHandler[id: 125; name: combineFiles (25); status: COMPLETED; exit: 0; error: -; workDir: /input/data/work/1f/6f143c0b95a26e1d8a8da1ca4e9d3c]
Nov-03 20:17:23.501 [Task monitor] DEBUG n.processor.TaskPollingMonitor - Task completed > TaskHandler[id: 129; name: combineFiles (29); status: COMPLETED; exit: 0; error: -; workDir: /input/data/work/fa/1e36ae8396f651c6d030e74ee4d681]
Nov-03 20:17:29.251 [Task monitor] DEBUG n.processor.TaskPollingMonitor - Task completed > TaskHandler[id: 116; name: combineFiles (16); status: COMPLETED; exit: 0; error: -; workDir: /input/data/work/d0/acfeebd881ffd88c0d895020cd7710]
Nov-03 20:17:29.440 [Task monitor] DEBUG n.processor.TaskPollingMonitor - Task completed > TaskHandler[id: 108; name: combineFiles (8); status: COMPLETED; exit: 0; error: -; workDir: /input/data/work/0f/c0698361fda80671779eddb85eb1c1]
Nov-03 20:17:29.592 [Task monitor] DEBUG n.processor.TaskPollingMonitor - Task completed > TaskHandler[id: 131; name: combineFiles (31); status: COMPLETED; exit: 0; error: -; workDir: /input/data/work/ea/b2bdfc41427e8453eba6b685c6dc22]
Nov-03 20:17:29.684 [Task monitor] DEBUG n.processor.TaskPollingMonitor - Task completed > TaskHandler[id: 134; name: combineFiles (34); status: COMPLETED; exit: 0; error: -; workDir: /input/data/work/2a/584cfde86281a9f1e7142144dd43f6]
Nov-03 20:17:29.837 [Task monitor] DEBUG n.processor.TaskPollingMonitor - Task completed > TaskHandler[id: 104; name: combineFiles (4); status: COMPLETED; exit: 0; error: -; workDir: /input/data/work/a6/32a0b343d39a1b0b4135dbc15fe9dc]
Nov-03 20:17:59.834 [Task monitor] DEBUG n.processor.TaskPollingMonitor - Task completed > TaskHandler[id: 128; name: combineFiles (28); status: COMPLETED; exit: 0; error: -; workDir: /input/data/work/fe/cb65e84efe0049b1a6ed4f12a1497e]
Nov-03 20:17:59.904 [Task monitor] DEBUG n.processor.TaskPollingMonitor - Task completed > TaskHandler[id: 122; name: combineFiles (22); status: COMPLETED; exit: 0; error: -; workDir: /input/data/work/a1/b51fe6872e4cd564a5e9e0680e7b32]
Nov-03 20:17:59.992 [Task monitor] DEBUG n.processor.TaskPollingMonitor - Task completed > TaskHandler[id: 107; name: combineFiles (7); status: COMPLETED; exit: 0; error: -; workDir: /input/data/work/82/ae5eb5f9f018785952d0c5206a8392]
Nov-03 20:18:09.873 [Task monitor] DEBUG n.processor.TaskPollingMonitor - Task completed > TaskHandler[id: 102; name: combineFiles (2); status: COMPLETED; exit: 0; error: -; workDir: /input/data/work/90/437dda73ea253244978c57f3eff11a]
Nov-03 20:18:24.784 [Task monitor] DEBUG n.processor.TaskPollingMonitor - Task completed > TaskHandler[id: 121; name: combineFiles (21); status: COMPLETED; exit: 0; error: -; workDir: /input/data/work/f8/747a87b03ff3db60943864c50ccab4]
Nov-03 20:18:24.825 [Task monitor] DEBUG n.processor.TaskPollingMonitor - Task completed > TaskHandler[id: 112; name: combineFiles (12); status: COMPLETED; exit: 0; error: -; workDir: /input/data/work/05/3068b68f57becf9f06366b514eff17]
Nov-03 20:18:24.827 [main] DEBUG nextflow.Session - Session await > all processes finished
Nov-03 20:18:24.830 [main] DEBUG nextflow.Session - Session await > all barriers passed
Nov-03 20:18:24.841 [main] DEBUG n.trace.WorkflowStatsObserver - Workflow completed > WorkflowStats[succeededCount=134; failedCount=0; ignoredCount=0; cachedCount=0; pendingCount=0; submittedCount=0; runningCount=0; retriesCount=0; abortedCount=0; succeedDuration=14h 49m 32s; failedDuration=0ms; cachedDuration=0ms;loadCpus=0; loadMemory=0; peakRunning=25; peakCpus=250; peakMemory=494.1 GB; ]
Nov-03 20:18:24.841 [main] DEBUG nextflow.trace.TraceFileObserver - Workflow completed -- saving trace file
Nov-03 20:18:24.842 [main] DEBUG nextflow.trace.ReportObserver - Workflow completed -- rendering execution report
Nov-03 20:18:25.454 [main] DEBUG nextflow.trace.TimelineObserver - Workflow completed -- rendering execution timeline
Nov-03 20:18:25.578 [main] DEBUG nextflow.cache.CacheDB - Closing CacheDB done
Nov-03 20:18:25.602 [main] DEBUG nextflow.util.ThreadPoolManager - Thread pool 'FileTransfer' shutdown completed (hard=false)
Nov-03 20:18:25.602 [main] DEBUG nextflow.script.ScriptRunner - > Execution complete -- Goodbye
