Dec-01 10:10:40.762 [main] DEBUG nextflow.cli.Launcher - $> nextflow run /input/allIntoOne -c /experiments/experiment/allIntoOne/nextflow.config -c /experiments/experiment/nextflow_cws.config -c /experiments/experiment/nextflow_ceph.config
Dec-01 10:10:40.828 [main] INFO  nextflow.cli.CmdRun - N E X T F L O W  ~  version 23.07.0-edge
Dec-01 10:10:40.847 [main] DEBUG nextflow.plugin.PluginsFacade - Setting up plugin manager > mode=prod; embedded=false; plugins-dir=/.nextflow/plugins; core-plugins: nf-amazon@2.1.0,nf-azure@1.1.4,nf-cloudcache@0.1.0,nf-codecommit@0.1.5,nf-console@1.0.6,nf-ga4gh@1.1.0,nf-google@1.8.1,nf-tower@1.5.15,nf-wave@0.11.0
Dec-01 10:10:40.857 [main] INFO  o.pf4j.DefaultPluginStatusProvider - Enabled plugins: []
Dec-01 10:10:40.857 [main] INFO  o.pf4j.DefaultPluginStatusProvider - Disabled plugins: []
Dec-01 10:10:40.860 [main] INFO  org.pf4j.DefaultPluginManager - PF4J version 3.4.1 in 'deployment' mode
Dec-01 10:10:40.868 [main] INFO  org.pf4j.AbstractPluginManager - No plugins
Dec-01 10:10:40.892 [main] DEBUG nextflow.scm.AssetManager - Project manifest does not exist: /input/allIntoOne/nextflow.config (No such file or directory)
Dec-01 10:10:40.913 [main] DEBUG nextflow.config.ConfigBuilder - User config file: /experiments/experiment/allIntoOne/nextflow.config
Dec-01 10:10:40.914 [main] DEBUG nextflow.config.ConfigBuilder - User config file: /experiments/experiment/nextflow_cws.config
Dec-01 10:10:40.914 [main] DEBUG nextflow.config.ConfigBuilder - User config file: /experiments/experiment/nextflow_ceph.config
Dec-01 10:10:40.914 [main] DEBUG nextflow.config.ConfigBuilder - Parsing config file: /experiments/experiment/allIntoOne/nextflow.config
Dec-01 10:10:40.914 [main] DEBUG nextflow.config.ConfigBuilder - Parsing config file: /experiments/experiment/nextflow_cws.config
Dec-01 10:10:40.914 [main] DEBUG nextflow.config.ConfigBuilder - Parsing config file: /experiments/experiment/nextflow_ceph.config
Dec-01 10:10:40.930 [main] DEBUG nextflow.config.ConfigBuilder - Applying config profile: `standard`
Dec-01 10:10:41.472 [main] DEBUG nextflow.config.ConfigBuilder - Applying config profile: `standard`
Dec-01 10:10:41.622 [main] DEBUG nextflow.config.ConfigBuilder - Applying config profile: `standard`
Dec-01 10:10:41.649 [main] DEBUG nextflow.cli.CmdRun - Applied DSL=2 by global default
Dec-01 10:10:41.663 [main] INFO  nextflow.cli.CmdRun - Launching `/input/allIntoOne/main.nf` [astonishing_boyd] DSL2 - revision: f2e677d52d
Dec-01 10:10:41.663 [main] DEBUG nextflow.plugin.PluginsFacade - Plugins default=[]
Dec-01 10:10:41.663 [main] DEBUG nextflow.plugin.PluginsFacade - Plugins resolved requirement=[]
Dec-01 10:10:41.670 [main] DEBUG n.secret.LocalSecretsProvider - Secrets store: /.nextflow/secrets/store.json
Dec-01 10:10:41.673 [main] DEBUG nextflow.secret.SecretsLoader - Discovered secrets providers: [nextflow.secret.LocalSecretsProvider@2c05ff9d] - activable => nextflow.secret.LocalSecretsProvider@2c05ff9d
Dec-01 10:10:41.722 [main] DEBUG nextflow.Session - Session UUID: 75e579e6-1f33-4b87-993e-29ec2862482f
Dec-01 10:10:41.722 [main] DEBUG nextflow.Session - Run name: astonishing_boyd
Dec-01 10:10:41.722 [main] DEBUG nextflow.Session - Executor pool size: 32
Dec-01 10:10:41.728 [main] DEBUG nextflow.file.FilePorter - File porter settings maxRetries=3; maxTransfers=50; pollTimeout=null
Dec-01 10:10:41.731 [main] DEBUG nextflow.util.ThreadPoolBuilder - Creating thread pool 'FileTransfer' minSize=10; maxSize=96; workQueue=LinkedBlockingQueue[10000]; allowCoreThreadTimeout=false
Dec-01 10:10:41.758 [main] DEBUG nextflow.cli.CmdRun - 
  Version: 23.07.0-edge build 5875
  Created: 28-07-2023 20:27 UTC (20:27 GMT)
  System: Linux 5.4.0-166-generic
  Runtime: Groovy 3.0.18 on OpenJDK 64-Bit Server VM 17.0.6+10-LTS
  Encoding: UTF-8 (UTF-8)
  Process: 3281503@nextflow [10.233.76.46]
  CPUs: 32 - Mem: 125.7 GB (121.1 GB) - Swap: 0 (0)
Dec-01 10:10:41.784 [main] DEBUG nextflow.Session - Work-dir: /input/data/work [ceph]
Dec-01 10:10:41.785 [main] DEBUG nextflow.Session - Script base path does not exist or is not a directory: /input/allIntoOne/bin
Dec-01 10:10:41.793 [main] DEBUG nextflow.executor.ExecutorFactory - Extension executors providers=[]
Dec-01 10:10:41.800 [main] DEBUG nextflow.Session - Observer factory: DefaultObserverFactory
Dec-01 10:10:41.827 [main] DEBUG nextflow.cache.CacheFactory - Using Nextflow cache factory: nextflow.cache.DefaultCacheFactory
Dec-01 10:10:41.834 [main] DEBUG nextflow.util.CustomThreadPool - Creating default thread pool > poolSize: 33; maxThreads: 1000
Dec-01 10:10:41.931 [main] DEBUG nextflow.Session - Session start
Dec-01 10:10:41.936 [main] DEBUG nextflow.trace.TraceFileObserver - Workflow started -- trace file: /input/data/output/trace.csv
Dec-01 10:10:42.092 [main] DEBUG nextflow.script.ScriptRunner - > Launching execution
Dec-01 10:10:42.327 [main] DEBUG nextflow.script.ProcessConfig - Config settings `withName:writeLargeFile` matches process writeLargeFile
Dec-01 10:10:42.337 [main] DEBUG nextflow.executor.ExecutorFactory - << taskConfig executor: k8s
Dec-01 10:10:42.337 [main] DEBUG nextflow.executor.ExecutorFactory - >> processorType: 'k8s'
Dec-01 10:10:42.345 [main] DEBUG nextflow.executor.Executor - [warm up] executor > k8s
Dec-01 10:10:42.361 [main] DEBUG n.processor.TaskPollingMonitor - Creating task monitor for executor 'k8s' > capacity: 300; pollInterval: 5s; dumpInterval: 5m; schedulerBatch: null
Dec-01 10:10:42.366 [main] DEBUG nextflow.k8s.client.ConfigDiscovery - K8s config file does not exist: /root/.kube/config
Dec-01 10:10:42.377 [main] DEBUG nextflow.k8s.K8sExecutor - [K8s] config=[scheduler:[strategy:rank_max-fair, name:workflow-scheduler, autoClose:false, nodeSelector:usedby=anonymized, container:anonymized/test1:sch_v194], debug:[yaml:true], namespace:anonymized, serviceAccount:nextflow, workDir:/input/data/work/, projectDir:/input/data/project/, imagePullPolicy:IfNotPresent, launchDir:/input/data/launch/, runAsUser:0, fetchNodeName:true, storageMountPath:/input, pod:[nodeSelector:usedby=anonymized], storage:[nodeSelector:usedby=anonymized, imageName:anonymized/test1:ftp_v122], storageClaimName:ceph-data]; API client config=ClientConfig[ server=10.233.0.1:443, namespace=anonymized, serviceAccount=nextflow, token=eyJhbGciOiJ.., sslCert=LS0tLS1CRUd.., clientCert=-, clientKey=-, verifySsl=false, fromFile=true, httpReadTimeout=null, httpConnectTimeout=null, maxErrorRetry=4 ]
Dec-01 10:10:46.010 [main] DEBUG nextflow.script.ProcessConfig - Config settings `withName:combineFiles` matches process combineFiles
Dec-01 10:10:46.011 [main] DEBUG nextflow.executor.ExecutorFactory - << taskConfig executor: k8s
Dec-01 10:10:46.011 [main] DEBUG nextflow.executor.ExecutorFactory - >> processorType: 'k8s'
Dec-01 10:10:46.022 [main] DEBUG nextflow.Session - Workflow process names [dsl2]: revertFile, combineFiles, writeLargeFile
Dec-01 10:10:46.023 [main] DEBUG nextflow.Session - Igniting dataflow network (3)
Dec-01 10:10:46.025 [main] DEBUG nextflow.processor.TaskProcessor - Starting process > writeLargeFile
Dec-01 10:10:46.025 [main] DEBUG nextflow.processor.TaskProcessor - Starting process > combineFiles
Dec-01 10:10:46.026 [main] DEBUG nextflow.script.ScriptRunner - > Awaiting termination 
Dec-01 10:10:46.026 [main] DEBUG nextflow.Session - Session await
Dec-01 10:10:46.325 [Task submitter] INFO  nextflow.Session - [88/d45b55] Submitted process > writeLargeFile (31)
Dec-01 10:10:46.370 [Task submitter] INFO  nextflow.Session - [68/c5438f] Submitted process > writeLargeFile (15)
Dec-01 10:10:46.411 [Task submitter] INFO  nextflow.Session - [ba/2a41a5] Submitted process > writeLargeFile (3)
Dec-01 10:10:46.450 [Task submitter] INFO  nextflow.Session - [15/bd2f43] Submitted process > writeLargeFile (17)
Dec-01 10:10:46.488 [Task submitter] INFO  nextflow.Session - [44/1b5818] Submitted process > writeLargeFile (19)
Dec-01 10:10:46.521 [Task submitter] INFO  nextflow.Session - [28/70f26e] Submitted process > writeLargeFile (13)
Dec-01 10:10:46.554 [Task submitter] INFO  nextflow.Session - [fb/678dc9] Submitted process > writeLargeFile (21)
Dec-01 10:10:46.589 [Task submitter] INFO  nextflow.Session - [dc/71a97f] Submitted process > writeLargeFile (6)
Dec-01 10:10:46.624 [Task submitter] INFO  nextflow.Session - [47/55aa5a] Submitted process > writeLargeFile (4)
Dec-01 10:10:46.655 [Task submitter] INFO  nextflow.Session - [25/027eb1] Submitted process > writeLargeFile (32)
Dec-01 10:10:46.689 [Task submitter] INFO  nextflow.Session - [48/533a87] Submitted process > writeLargeFile (16)
Dec-01 10:10:46.722 [Task submitter] INFO  nextflow.Session - [ec/11ace8] Submitted process > writeLargeFile (25)
Dec-01 10:10:46.753 [Task submitter] INFO  nextflow.Session - [a2/208384] Submitted process > writeLargeFile (24)
Dec-01 10:10:46.785 [Task submitter] INFO  nextflow.Session - [a7/f4616d] Submitted process > writeLargeFile (2)
Dec-01 10:10:46.816 [Task submitter] INFO  nextflow.Session - [7d/4b63c5] Submitted process > writeLargeFile (29)
Dec-01 10:10:46.848 [Task submitter] INFO  nextflow.Session - [c6/1ed0a0] Submitted process > writeLargeFile (18)
Dec-01 10:10:46.877 [Task submitter] INFO  nextflow.Session - [b9/cca511] Submitted process > writeLargeFile (28)
Dec-01 10:10:46.908 [Task submitter] INFO  nextflow.Session - [71/d15890] Submitted process > writeLargeFile (12)
Dec-01 10:10:46.940 [Task submitter] INFO  nextflow.Session - [cc/c10398] Submitted process > writeLargeFile (1)
Dec-01 10:10:46.972 [Task submitter] INFO  nextflow.Session - [ba/afeeac] Submitted process > writeLargeFile (23)
Dec-01 10:10:47.003 [Task submitter] INFO  nextflow.Session - [03/42f75f] Submitted process > writeLargeFile (9)
Dec-01 10:10:47.036 [Task submitter] INFO  nextflow.Session - [07/0988e0] Submitted process > writeLargeFile (5)
Dec-01 10:10:47.069 [Task submitter] INFO  nextflow.Session - [ef/c59ff1] Submitted process > writeLargeFile (22)
Dec-01 10:10:47.098 [Task submitter] INFO  nextflow.Session - [f2/da6632] Submitted process > writeLargeFile (8)
Dec-01 10:10:47.130 [Task submitter] INFO  nextflow.Session - [c1/e632f4] Submitted process > writeLargeFile (10)
Dec-01 10:10:47.157 [Task submitter] INFO  nextflow.Session - [a7/ac294c] Submitted process > writeLargeFile (26)
Dec-01 10:10:47.191 [Task submitter] INFO  nextflow.Session - [a1/d30e09] Submitted process > writeLargeFile (11)
Dec-01 10:10:47.221 [Task submitter] INFO  nextflow.Session - [e3/ecba5c] Submitted process > writeLargeFile (7)
Dec-01 10:10:47.252 [Task submitter] INFO  nextflow.Session - [4d/0b7286] Submitted process > writeLargeFile (27)
Dec-01 10:10:47.285 [Task submitter] INFO  nextflow.Session - [e7/3d506e] Submitted process > writeLargeFile (30)
Dec-01 10:10:47.317 [Task submitter] INFO  nextflow.Session - [ff/e2848d] Submitted process > writeLargeFile (20)
Dec-01 10:10:47.353 [Task submitter] INFO  nextflow.Session - [b5/d9aeea] Submitted process > writeLargeFile (14)
Dec-01 10:10:47.384 [Task submitter] INFO  nextflow.Session - [af/9ffacd] Submitted process > writeLargeFile (33)
Dec-01 10:10:47.414 [Task submitter] INFO  nextflow.Session - [8b/8f6183] Submitted process > writeLargeFile (34)
Dec-01 10:10:47.447 [Task submitter] INFO  nextflow.Session - [bc/3a6c18] Submitted process > writeLargeFile (35)
Dec-01 10:10:47.476 [Task submitter] INFO  nextflow.Session - [ec/0a78b4] Submitted process > writeLargeFile (36)
Dec-01 10:10:47.508 [Task submitter] INFO  nextflow.Session - [53/e7170a] Submitted process > writeLargeFile (37)
Dec-01 10:10:47.541 [Task submitter] INFO  nextflow.Session - [f2/6f1e3b] Submitted process > writeLargeFile (38)
Dec-01 10:10:47.570 [Task submitter] INFO  nextflow.Session - [e4/8792b1] Submitted process > writeLargeFile (39)
Dec-01 10:10:47.599 [Task submitter] INFO  nextflow.Session - [b1/23bd51] Submitted process > writeLargeFile (40)
Dec-01 10:10:47.630 [Task submitter] INFO  nextflow.Session - [77/7a17fe] Submitted process > writeLargeFile (41)
Dec-01 10:10:47.656 [Task submitter] INFO  nextflow.Session - [a9/7e6063] Submitted process > writeLargeFile (42)
Dec-01 10:10:47.706 [Task submitter] INFO  nextflow.Session - [a9/34f52f] Submitted process > writeLargeFile (43)
Dec-01 10:10:47.733 [Task submitter] INFO  nextflow.Session - [23/263eb1] Submitted process > writeLargeFile (44)
Dec-01 10:10:47.760 [Task submitter] INFO  nextflow.Session - [d3/8cd998] Submitted process > writeLargeFile (45)
Dec-01 10:10:47.787 [Task submitter] INFO  nextflow.Session - [65/06c9af] Submitted process > writeLargeFile (46)
Dec-01 10:10:47.813 [Task submitter] INFO  nextflow.Session - [7b/49771d] Submitted process > writeLargeFile (47)
Dec-01 10:10:47.839 [Task submitter] INFO  nextflow.Session - [c6/9c687a] Submitted process > writeLargeFile (48)
Dec-01 10:10:47.869 [Task submitter] INFO  nextflow.Session - [0b/3e9944] Submitted process > writeLargeFile (49)
Dec-01 10:10:47.898 [Task submitter] INFO  nextflow.Session - [52/deac12] Submitted process > writeLargeFile (50)
Dec-01 10:10:47.927 [Task submitter] INFO  nextflow.Session - [ee/24875b] Submitted process > writeLargeFile (51)
Dec-01 10:10:47.954 [Task submitter] INFO  nextflow.Session - [40/5ad691] Submitted process > writeLargeFile (52)
Dec-01 10:10:47.985 [Task submitter] INFO  nextflow.Session - [66/67db19] Submitted process > writeLargeFile (80)
Dec-01 10:10:48.018 [Task submitter] INFO  nextflow.Session - [6b/8282e0] Submitted process > writeLargeFile (54)
Dec-01 10:10:48.047 [Task submitter] INFO  nextflow.Session - [8d/d5a1e9] Submitted process > writeLargeFile (53)
Dec-01 10:10:48.075 [Task submitter] INFO  nextflow.Session - [b8/f3a69f] Submitted process > writeLargeFile (55)
Dec-01 10:10:48.100 [Task submitter] INFO  nextflow.Session - [34/be595d] Submitted process > writeLargeFile (56)
Dec-01 10:10:48.135 [Task submitter] INFO  nextflow.Session - [26/2c81a6] Submitted process > writeLargeFile (57)
Dec-01 10:10:48.162 [Task submitter] INFO  nextflow.Session - [68/2a2da3] Submitted process > writeLargeFile (58)
Dec-01 10:10:48.189 [Task submitter] INFO  nextflow.Session - [78/42eca4] Submitted process > writeLargeFile (59)
Dec-01 10:10:48.223 [Task submitter] INFO  nextflow.Session - [e8/489a53] Submitted process > writeLargeFile (61)
Dec-01 10:10:48.251 [Task submitter] INFO  nextflow.Session - [95/b6ef82] Submitted process > writeLargeFile (60)
Dec-01 10:10:48.280 [Task submitter] INFO  nextflow.Session - [44/f92169] Submitted process > writeLargeFile (62)
Dec-01 10:10:48.312 [Task submitter] INFO  nextflow.Session - [20/151653] Submitted process > writeLargeFile (63)
Dec-01 10:10:48.343 [Task submitter] INFO  nextflow.Session - [aa/5ecf83] Submitted process > writeLargeFile (64)
Dec-01 10:10:48.373 [Task submitter] INFO  nextflow.Session - [aa/d45e31] Submitted process > writeLargeFile (65)
Dec-01 10:10:48.401 [Task submitter] INFO  nextflow.Session - [0d/914d88] Submitted process > writeLargeFile (66)
Dec-01 10:10:48.431 [Task submitter] INFO  nextflow.Session - [64/e278e8] Submitted process > writeLargeFile (69)
Dec-01 10:10:48.461 [Task submitter] INFO  nextflow.Session - [46/99ffe1] Submitted process > writeLargeFile (67)
Dec-01 10:10:48.488 [Task submitter] INFO  nextflow.Session - [02/7cbaa3] Submitted process > writeLargeFile (68)
Dec-01 10:10:48.518 [Task submitter] INFO  nextflow.Session - [bf/2aff01] Submitted process > writeLargeFile (70)
Dec-01 10:10:48.546 [Task submitter] INFO  nextflow.Session - [02/d3feaa] Submitted process > writeLargeFile (71)
Dec-01 10:10:48.575 [Task submitter] INFO  nextflow.Session - [6e/0048d0] Submitted process > writeLargeFile (72)
Dec-01 10:10:48.602 [Task submitter] INFO  nextflow.Session - [71/3c38e7] Submitted process > writeLargeFile (74)
Dec-01 10:10:48.628 [Task submitter] INFO  nextflow.Session - [29/6851e4] Submitted process > writeLargeFile (73)
Dec-01 10:10:48.659 [Task submitter] INFO  nextflow.Session - [b1/2c35d7] Submitted process > writeLargeFile (75)
Dec-01 10:10:48.693 [Task submitter] INFO  nextflow.Session - [7c/2c7186] Submitted process > writeLargeFile (76)
Dec-01 10:10:48.723 [Task submitter] INFO  nextflow.Session - [7c/e45639] Submitted process > writeLargeFile (77)
Dec-01 10:10:48.752 [Task submitter] INFO  nextflow.Session - [7c/1ae5e8] Submitted process > writeLargeFile (79)
Dec-01 10:10:48.779 [Task submitter] INFO  nextflow.Session - [3e/78a1ed] Submitted process > writeLargeFile (78)
Dec-01 10:10:48.810 [Task submitter] INFO  nextflow.Session - [02/ddaabe] Submitted process > writeLargeFile (81)
Dec-01 10:10:48.838 [Task submitter] INFO  nextflow.Session - [ee/433c93] Submitted process > writeLargeFile (82)
Dec-01 10:10:48.868 [Task submitter] INFO  nextflow.Session - [46/4c028f] Submitted process > writeLargeFile (83)
Dec-01 10:10:48.899 [Task submitter] INFO  nextflow.Session - [4a/2d8550] Submitted process > writeLargeFile (84)
Dec-01 10:10:48.930 [Task submitter] INFO  nextflow.Session - [18/e8506b] Submitted process > writeLargeFile (85)
Dec-01 10:10:48.959 [Task submitter] INFO  nextflow.Session - [60/b32f77] Submitted process > writeLargeFile (86)
Dec-01 10:10:48.991 [Task submitter] INFO  nextflow.Session - [34/811b27] Submitted process > writeLargeFile (87)
Dec-01 10:10:49.020 [Task submitter] INFO  nextflow.Session - [71/840fd3] Submitted process > writeLargeFile (88)
Dec-01 10:10:49.049 [Task submitter] INFO  nextflow.Session - [af/2af053] Submitted process > writeLargeFile (89)
Dec-01 10:10:49.077 [Task submitter] INFO  nextflow.Session - [4a/6e6b1b] Submitted process > writeLargeFile (91)
Dec-01 10:10:49.106 [Task submitter] INFO  nextflow.Session - [15/01aa3a] Submitted process > writeLargeFile (92)
Dec-01 10:10:49.133 [Task submitter] INFO  nextflow.Session - [32/452980] Submitted process > writeLargeFile (90)
Dec-01 10:10:49.161 [Task submitter] INFO  nextflow.Session - [fc/d34658] Submitted process > writeLargeFile (93)
Dec-01 10:10:49.189 [Task submitter] INFO  nextflow.Session - [b2/e3cede] Submitted process > writeLargeFile (94)
Dec-01 10:10:49.217 [Task submitter] INFO  nextflow.Session - [5b/76416a] Submitted process > writeLargeFile (95)
Dec-01 10:10:49.250 [Task submitter] INFO  nextflow.Session - [ff/a2aefb] Submitted process > writeLargeFile (96)
Dec-01 10:10:49.496 [Task submitter] INFO  nextflow.Session - [77/226bee] Submitted process > writeLargeFile (97)
Dec-01 10:10:49.647 [Task submitter] INFO  nextflow.Session - [45/5a3a75] Submitted process > writeLargeFile (98)
Dec-01 10:10:49.896 [Task submitter] INFO  nextflow.Session - [e6/d75e0f] Submitted process > writeLargeFile (99)
Dec-01 10:10:50.045 [Task submitter] INFO  nextflow.Session - [79/841594] Submitted process > writeLargeFile (100)
Dec-01 10:11:42.541 [Task monitor] DEBUG n.processor.TaskPollingMonitor - Task completed > TaskHandler[id: 15; name: writeLargeFile (15); status: COMPLETED; exit: 0; error: -; workDir: /input/data/work/68/c5438fb32c6b22a653e2bbf1729d0a]
Dec-01 10:11:42.595 [Task monitor] DEBUG n.processor.TaskPollingMonitor - Task completed > TaskHandler[id: 3; name: writeLargeFile (3); status: COMPLETED; exit: 0; error: -; workDir: /input/data/work/ba/2a41a5e6d462b5459a590bf70e86ad]
Dec-01 10:11:42.638 [Task monitor] DEBUG n.processor.TaskPollingMonitor - Task completed > TaskHandler[id: 17; name: writeLargeFile (17); status: COMPLETED; exit: 0; error: -; workDir: /input/data/work/15/bd2f438e87a5c2f2a1551b804df934]
Dec-01 10:11:43.835 [Task monitor] DEBUG n.processor.TaskPollingMonitor - Task completed > TaskHandler[id: 13; name: writeLargeFile (13); status: COMPLETED; exit: 0; error: -; workDir: /input/data/work/28/70f26e19cea3954f5bf4312cd6d47a]
Dec-01 10:12:03.285 [Task monitor] DEBUG n.processor.TaskPollingMonitor - Task completed > TaskHandler[id: 21; name: writeLargeFile (21); status: COMPLETED; exit: 0; error: -; workDir: /input/data/work/fb/678dc9555f7a1e0733f7128b2d8c46]
Dec-01 10:12:30.003 [Task monitor] DEBUG n.processor.TaskPollingMonitor - Task completed > TaskHandler[id: 6; name: writeLargeFile (6); status: COMPLETED; exit: 0; error: -; workDir: /input/data/work/dc/71a97f2c149e1cd0dc1d3f17b49eaa]
Dec-01 10:12:30.042 [Task monitor] DEBUG n.processor.TaskPollingMonitor - Task completed > TaskHandler[id: 4; name: writeLargeFile (4); status: COMPLETED; exit: 0; error: -; workDir: /input/data/work/47/55aa5a5751ec957e7fc6d1cd56f4b1]
Dec-01 10:12:30.083 [Task monitor] DEBUG n.processor.TaskPollingMonitor - Task completed > TaskHandler[id: 32; name: writeLargeFile (32); status: COMPLETED; exit: 0; error: -; workDir: /input/data/work/25/027eb1611b4e806b3625440b5d15d1]
Dec-01 10:12:30.124 [Task monitor] DEBUG n.processor.TaskPollingMonitor - Task completed > TaskHandler[id: 16; name: writeLargeFile (16); status: COMPLETED; exit: 0; error: -; workDir: /input/data/work/48/533a878d5b8c0cfaa745063f1fdc3c]
Dec-01 10:12:30.172 [Task monitor] DEBUG n.processor.TaskPollingMonitor - Task completed > TaskHandler[id: 25; name: writeLargeFile (25); status: COMPLETED; exit: 0; error: -; workDir: /input/data/work/ec/11ace847ce95e9d1aa3314cb3b72a7]
Dec-01 10:12:30.210 [Task monitor] DEBUG n.processor.TaskPollingMonitor - Task completed > TaskHandler[id: 24; name: writeLargeFile (24); status: COMPLETED; exit: 0; error: -; workDir: /input/data/work/a2/2083846aa3b753b31ba95dcc22cd48]
Dec-01 10:12:30.258 [Task monitor] DEBUG n.processor.TaskPollingMonitor - Task completed > TaskHandler[id: 2; name: writeLargeFile (2); status: COMPLETED; exit: 0; error: -; workDir: /input/data/work/a7/f4616db7f692a527bab176a59de006]
Dec-01 10:12:30.418 [Task monitor] DEBUG n.processor.TaskPollingMonitor - Task completed > TaskHandler[id: 29; name: writeLargeFile (29); status: COMPLETED; exit: 0; error: -; workDir: /input/data/work/7d/4b63c568974d8722b6348a30e3aa3b]
Dec-01 10:12:30.465 [Task monitor] DEBUG n.processor.TaskPollingMonitor - Task completed > TaskHandler[id: 18; name: writeLargeFile (18); status: COMPLETED; exit: 0; error: -; workDir: /input/data/work/c6/1ed0a027f733ef3170ba7749872f29]
Dec-01 10:12:30.583 [Task monitor] DEBUG n.processor.TaskPollingMonitor - Task completed > TaskHandler[id: 28; name: writeLargeFile (28); status: COMPLETED; exit: 0; error: -; workDir: /input/data/work/b9/cca51151fffac23226e2b9b28f317a]
Dec-01 10:12:30.632 [Task monitor] DEBUG n.processor.TaskPollingMonitor - Task completed > TaskHandler[id: 12; name: writeLargeFile (12); status: COMPLETED; exit: 0; error: -; workDir: /input/data/work/71/d1589077c80e1276e4be28e22785ec]
Dec-01 10:12:30.686 [Task monitor] DEBUG n.processor.TaskPollingMonitor - Task completed > TaskHandler[id: 1; name: writeLargeFile (1); status: COMPLETED; exit: 0; error: -; workDir: /input/data/work/cc/c10398d8743b6b0e36e1ee25f4de01]
Dec-01 10:12:30.727 [Task monitor] DEBUG n.processor.TaskPollingMonitor - Task completed > TaskHandler[id: 23; name: writeLargeFile (23); status: COMPLETED; exit: 0; error: -; workDir: /input/data/work/ba/afeeacf9acb818550f2067607e2dc5]
Dec-01 10:12:30.765 [Task monitor] DEBUG n.processor.TaskPollingMonitor - Task completed > TaskHandler[id: 9; name: writeLargeFile (9); status: COMPLETED; exit: 0; error: -; workDir: /input/data/work/03/42f75f3b29b072eab3fec6bfaa9f4a]
Dec-01 10:12:30.804 [Task monitor] DEBUG n.processor.TaskPollingMonitor - Task completed > TaskHandler[id: 5; name: writeLargeFile (5); status: COMPLETED; exit: 0; error: -; workDir: /input/data/work/07/0988e06386ec79c1866de9cfa40b60]
Dec-01 10:12:30.850 [Task monitor] DEBUG n.processor.TaskPollingMonitor - Task completed > TaskHandler[id: 22; name: writeLargeFile (22); status: COMPLETED; exit: 0; error: -; workDir: /input/data/work/ef/c59ff139955d49db57bea812e68917]
Dec-01 10:12:34.813 [Task monitor] DEBUG n.processor.TaskPollingMonitor - Task completed > TaskHandler[id: 8; name: writeLargeFile (8); status: COMPLETED; exit: 0; error: -; workDir: /input/data/work/f2/da663272b116a9ad78130bcffb5513]
Dec-01 10:12:35.083 [Task monitor] DEBUG n.processor.TaskPollingMonitor - Task completed > TaskHandler[id: 14; name: writeLargeFile (14); status: COMPLETED; exit: 0; error: -; workDir: /input/data/work/b5/d9aeea3b06860d9ba37ea21702d0d0]
Dec-01 10:12:35.136 [Task monitor] DEBUG n.processor.TaskPollingMonitor - Task completed > TaskHandler[id: 33; name: writeLargeFile (33); status: COMPLETED; exit: 0; error: -; workDir: /input/data/work/af/9ffacdf8457b9ead158289fb554011]
Dec-01 10:12:35.196 [Task monitor] DEBUG n.processor.TaskPollingMonitor - Task completed > TaskHandler[id: 34; name: writeLargeFile (34); status: COMPLETED; exit: 0; error: -; workDir: /input/data/work/8b/8f618394806673939839934b1a84f8]
Dec-01 10:12:35.249 [Task monitor] DEBUG n.processor.TaskPollingMonitor - Task completed > TaskHandler[id: 35; name: writeLargeFile (35); status: COMPLETED; exit: 0; error: -; workDir: /input/data/work/bc/3a6c181077c412e4b51790f66fe0cc]
Dec-01 10:12:35.330 [Task monitor] DEBUG n.processor.TaskPollingMonitor - Task completed > TaskHandler[id: 37; name: writeLargeFile (37); status: COMPLETED; exit: 0; error: -; workDir: /input/data/work/53/e7170aac1a5dd464f037c6397ea132]
Dec-01 10:12:35.403 [Task monitor] DEBUG n.processor.TaskPollingMonitor - Task completed > TaskHandler[id: 38; name: writeLargeFile (38); status: COMPLETED; exit: 0; error: -; workDir: /input/data/work/f2/6f1e3bb565e8ebf2cb4ab39f2fa2f4]
Dec-01 10:12:35.477 [Task monitor] DEBUG n.processor.TaskPollingMonitor - Task completed > TaskHandler[id: 39; name: writeLargeFile (39); status: COMPLETED; exit: 0; error: -; workDir: /input/data/work/e4/8792b1e2563c4472ca2b32343207a9]
Dec-01 10:12:35.577 [Task monitor] DEBUG n.processor.TaskPollingMonitor - Task completed > TaskHandler[id: 40; name: writeLargeFile (40); status: COMPLETED; exit: 0; error: -; workDir: /input/data/work/b1/23bd51f0df6917468e20a80628ca2e]
Dec-01 10:12:35.725 [Task monitor] DEBUG n.processor.TaskPollingMonitor - Task completed > TaskHandler[id: 41; name: writeLargeFile (41); status: COMPLETED; exit: 0; error: -; workDir: /input/data/work/77/7a17fea3bb4944aea4916710d0502a]
Dec-01 10:12:36.032 [Task monitor] DEBUG n.processor.TaskPollingMonitor - Task completed > TaskHandler[id: 42; name: writeLargeFile (42); status: COMPLETED; exit: 0; error: -; workDir: /input/data/work/a9/7e6063b22b2b4de6f001772d5035f6]
Dec-01 10:12:36.655 [Task monitor] DEBUG n.processor.TaskPollingMonitor - Task completed > TaskHandler[id: 43; name: writeLargeFile (43); status: COMPLETED; exit: 0; error: -; workDir: /input/data/work/a9/34f52fe311c5e565d57be93cf3c130]
Dec-01 10:12:37.067 [Task monitor] DEBUG n.processor.TaskPollingMonitor - Task completed > TaskHandler[id: 44; name: writeLargeFile (44); status: COMPLETED; exit: 0; error: -; workDir: /input/data/work/23/263eb1821f4f30deffce7584c0fe61]
Dec-01 10:12:37.698 [Task monitor] DEBUG n.processor.TaskPollingMonitor - Task completed > TaskHandler[id: 45; name: writeLargeFile (45); status: COMPLETED; exit: 0; error: -; workDir: /input/data/work/d3/8cd998e931ae0969d5983336169ac9]
Dec-01 10:12:38.451 [Task monitor] DEBUG n.processor.TaskPollingMonitor - Task completed > TaskHandler[id: 46; name: writeLargeFile (46); status: COMPLETED; exit: 0; error: -; workDir: /input/data/work/65/06c9af34a95725394b92ed469a4bbe]
Dec-01 10:12:38.768 [Task monitor] DEBUG n.processor.TaskPollingMonitor - Task completed > TaskHandler[id: 47; name: writeLargeFile (47); status: COMPLETED; exit: 0; error: -; workDir: /input/data/work/7b/49771d4cced6c7daab77dfc5492039]
Dec-01 10:12:39.091 [Task monitor] DEBUG n.processor.TaskPollingMonitor - Task completed > TaskHandler[id: 48; name: writeLargeFile (48); status: COMPLETED; exit: 0; error: -; workDir: /input/data/work/c6/9c687a02a75959dd7c8aa3fc3ecf5a]
Dec-01 10:13:23.564 [Task monitor] DEBUG n.processor.TaskPollingMonitor - Task completed > TaskHandler[id: 31; name: writeLargeFile (31); status: COMPLETED; exit: 0; error: -; workDir: /input/data/work/88/d45b5543edebcedc338b5e13afb96a]
Dec-01 10:13:23.617 [Task monitor] DEBUG n.processor.TaskPollingMonitor - Task completed > TaskHandler[id: 19; name: writeLargeFile (19); status: COMPLETED; exit: 0; error: -; workDir: /input/data/work/44/1b5818fb6be143b73c71ab622cd0dc]
Dec-01 10:13:23.655 [Task monitor] DEBUG n.processor.TaskPollingMonitor - Task completed > TaskHandler[id: 10; name: writeLargeFile (10); status: COMPLETED; exit: 0; error: -; workDir: /input/data/work/c1/e632f4111673bc80535b4144748270]
Dec-01 10:13:23.696 [Task monitor] DEBUG n.processor.TaskPollingMonitor - Task completed > TaskHandler[id: 26; name: writeLargeFile (26); status: COMPLETED; exit: 0; error: -; workDir: /input/data/work/a7/ac294ca2806be8f44e917a7fe45c97]
Dec-01 10:13:23.735 [Task monitor] DEBUG n.processor.TaskPollingMonitor - Task completed > TaskHandler[id: 11; name: writeLargeFile (11); status: COMPLETED; exit: 0; error: -; workDir: /input/data/work/a1/d30e092560c565539e7de8bda48fd3]
Dec-01 10:13:23.774 [Task monitor] DEBUG n.processor.TaskPollingMonitor - Task completed > TaskHandler[id: 7; name: writeLargeFile (7); status: COMPLETED; exit: 0; error: -; workDir: /input/data/work/e3/ecba5c656ca3244fa676864482a7d2]
Dec-01 10:13:23.815 [Task monitor] DEBUG n.processor.TaskPollingMonitor - Task completed > TaskHandler[id: 27; name: writeLargeFile (27); status: COMPLETED; exit: 0; error: -; workDir: /input/data/work/4d/0b7286d8ec05d8dd1c9a9e1cc47ed9]
Dec-01 10:13:23.860 [Task monitor] DEBUG n.processor.TaskPollingMonitor - Task completed > TaskHandler[id: 30; name: writeLargeFile (30); status: COMPLETED; exit: 0; error: -; workDir: /input/data/work/e7/3d506e4405272c9fcb4046136ca6c2]
Dec-01 10:13:23.900 [Task monitor] DEBUG n.processor.TaskPollingMonitor - Task completed > TaskHandler[id: 20; name: writeLargeFile (20); status: COMPLETED; exit: 0; error: -; workDir: /input/data/work/ff/e2848da00927c7e1580d69cc642097]
Dec-01 10:13:23.950 [Task monitor] DEBUG n.processor.TaskPollingMonitor - Task completed > TaskHandler[id: 36; name: writeLargeFile (36); status: COMPLETED; exit: 0; error: -; workDir: /input/data/work/ec/0a78b484bf9f1b99db83de9c04de25]
Dec-01 10:13:23.995 [Task monitor] DEBUG n.processor.TaskPollingMonitor - Task completed > TaskHandler[id: 49; name: writeLargeFile (49); status: COMPLETED; exit: 0; error: -; workDir: /input/data/work/0b/3e9944589e33a7c7013d75665755df]
Dec-01 10:13:24.034 [Task monitor] DEBUG n.processor.TaskPollingMonitor - Task completed > TaskHandler[id: 50; name: writeLargeFile (50); status: COMPLETED; exit: 0; error: -; workDir: /input/data/work/52/deac128d3e445a4fdb89674a5c7c01]
Dec-01 10:13:24.074 [Task monitor] DEBUG n.processor.TaskPollingMonitor - Task completed > TaskHandler[id: 51; name: writeLargeFile (51); status: COMPLETED; exit: 0; error: -; workDir: /input/data/work/ee/24875bfb71f40b723e0018b0295e4e]
Dec-01 10:13:24.117 [Task monitor] DEBUG n.processor.TaskPollingMonitor - Task completed > TaskHandler[id: 52; name: writeLargeFile (52); status: COMPLETED; exit: 0; error: -; workDir: /input/data/work/40/5ad6917ec269698393940ad1ddd2be]
Dec-01 10:13:24.153 [Task monitor] DEBUG n.processor.TaskPollingMonitor - Task completed > TaskHandler[id: 80; name: writeLargeFile (80); status: COMPLETED; exit: 0; error: -; workDir: /input/data/work/66/67db19da489a1b9f89dc3fb876de21]
Dec-01 10:13:24.191 [Task monitor] DEBUG n.processor.TaskPollingMonitor - Task completed > TaskHandler[id: 54; name: writeLargeFile (54); status: COMPLETED; exit: 0; error: -; workDir: /input/data/work/6b/8282e0ce3b51def17363c00910fc8b]
Dec-01 10:13:24.230 [Task monitor] DEBUG n.processor.TaskPollingMonitor - Task completed > TaskHandler[id: 53; name: writeLargeFile (53); status: COMPLETED; exit: 0; error: -; workDir: /input/data/work/8d/d5a1e9d362d42010699a0c8488bea3]
Dec-01 10:13:24.270 [Task monitor] DEBUG n.processor.TaskPollingMonitor - Task completed > TaskHandler[id: 55; name: writeLargeFile (55); status: COMPLETED; exit: 0; error: -; workDir: /input/data/work/b8/f3a69f2e9273fb2f503208f8802f19]
Dec-01 10:13:24.316 [Task monitor] DEBUG n.processor.TaskPollingMonitor - Task completed > TaskHandler[id: 56; name: writeLargeFile (56); status: COMPLETED; exit: 0; error: -; workDir: /input/data/work/34/be595ddb76c36a374bda98f45ea8a7]
Dec-01 10:13:24.377 [Task monitor] DEBUG n.processor.TaskPollingMonitor - Task completed > TaskHandler[id: 59; name: writeLargeFile (59); status: COMPLETED; exit: 0; error: -; workDir: /input/data/work/78/42eca40251627d944b14ef089892a4]
Dec-01 10:13:24.448 [Task monitor] DEBUG n.processor.TaskPollingMonitor - Task completed > TaskHandler[id: 62; name: writeLargeFile (62); status: COMPLETED; exit: 0; error: -; workDir: /input/data/work/44/f921694f0f1c8e7def741c2219d93a]
Dec-01 10:13:24.534 [Task monitor] DEBUG n.processor.TaskPollingMonitor - Task completed > TaskHandler[id: 65; name: writeLargeFile (65); status: COMPLETED; exit: 0; error: -; workDir: /input/data/work/aa/d45e316b447db331f699d3d12d2def]
Dec-01 10:13:24.736 [Task monitor] DEBUG n.processor.TaskPollingMonitor - Task completed > TaskHandler[id: 68; name: writeLargeFile (68); status: COMPLETED; exit: 0; error: -; workDir: /input/data/work/02/7cbaa31594a1bc64194b212a05673e]
Dec-01 10:13:24.846 [Task monitor] DEBUG n.processor.TaskPollingMonitor - Task completed > TaskHandler[id: 70; name: writeLargeFile (70); status: COMPLETED; exit: 0; error: -; workDir: /input/data/work/bf/2aff01843e4af128b6de2e02d2ec0c]
Dec-01 10:13:24.952 [Task monitor] DEBUG n.processor.TaskPollingMonitor - Task completed > TaskHandler[id: 71; name: writeLargeFile (71); status: COMPLETED; exit: 0; error: -; workDir: /input/data/work/02/d3feaaf177a254900f23d7c4b4fcbe]
Dec-01 10:13:27.134 [Task monitor] DEBUG n.processor.TaskPollingMonitor - Task completed > TaskHandler[id: 57; name: writeLargeFile (57); status: COMPLETED; exit: 0; error: -; workDir: /input/data/work/26/2c81a628f8ee36c2b902a6c9d91284]
Dec-01 10:13:27.463 [Task monitor] DEBUG n.processor.TaskPollingMonitor - Task completed > TaskHandler[id: 60; name: writeLargeFile (60); status: COMPLETED; exit: 0; error: -; workDir: /input/data/work/95/b6ef82e0d557636afbee8a497dfbfe]
Dec-01 10:13:27.785 [Task monitor] DEBUG n.processor.TaskPollingMonitor - Task completed > TaskHandler[id: 64; name: writeLargeFile (64); status: COMPLETED; exit: 0; error: -; workDir: /input/data/work/aa/5ecf8366c7889cce502c67ab9bbb55]
Dec-01 10:13:28.093 [Task monitor] DEBUG n.processor.TaskPollingMonitor - Task completed > TaskHandler[id: 69; name: writeLargeFile (69); status: COMPLETED; exit: 0; error: -; workDir: /input/data/work/64/e278e86c075c9989bcb9179085f1be]
Dec-01 10:13:30.304 [Task monitor] DEBUG n.processor.TaskPollingMonitor - Task completed > TaskHandler[id: 67; name: writeLargeFile (67); status: COMPLETED; exit: 0; error: -; workDir: /input/data/work/46/99ffe132a456a2868384d61faa76f5]
Dec-01 10:13:32.934 [Task monitor] DEBUG n.processor.TaskPollingMonitor - Task completed > TaskHandler[id: 58; name: writeLargeFile (58); status: COMPLETED; exit: 0; error: -; workDir: /input/data/work/68/2a2da3ff20daff8364570f2a3e8ce7]
Dec-01 10:13:33.116 [Task monitor] DEBUG n.processor.TaskPollingMonitor - Task completed > TaskHandler[id: 61; name: writeLargeFile (61); status: COMPLETED; exit: 0; error: -; workDir: /input/data/work/e8/489a533a2abb438c9c65aeadf558bd]
Dec-01 10:13:33.261 [Task monitor] DEBUG n.processor.TaskPollingMonitor - Task completed > TaskHandler[id: 63; name: writeLargeFile (63); status: COMPLETED; exit: 0; error: -; workDir: /input/data/work/20/15165379c38b3631b9ec500a9addda]
Dec-01 10:13:33.337 [Task monitor] DEBUG n.processor.TaskPollingMonitor - Task completed > TaskHandler[id: 66; name: writeLargeFile (66); status: COMPLETED; exit: 0; error: -; workDir: /input/data/work/0d/914d88509c49841bf909d12763e567]
Dec-01 10:14:07.892 [Task monitor] DEBUG n.processor.TaskPollingMonitor - Task completed > TaskHandler[id: 72; name: writeLargeFile (72); status: COMPLETED; exit: 0; error: -; workDir: /input/data/work/6e/0048d0b3ba7fe7fdbe641982ec097a]
Dec-01 10:14:07.930 [Task monitor] DEBUG n.processor.TaskPollingMonitor - Task completed > TaskHandler[id: 74; name: writeLargeFile (74); status: COMPLETED; exit: 0; error: -; workDir: /input/data/work/71/3c38e703dd7022e4e893e5e1ae6c6d]
Dec-01 10:14:14.206 [Task monitor] DEBUG n.processor.TaskPollingMonitor - Task completed > TaskHandler[id: 73; name: writeLargeFile (73); status: COMPLETED; exit: 0; error: -; workDir: /input/data/work/29/6851e4e5dddcdf8e9b64fd19c1c757]
Dec-01 10:14:14.253 [Task monitor] DEBUG n.processor.TaskPollingMonitor - Task completed > TaskHandler[id: 75; name: writeLargeFile (75); status: COMPLETED; exit: 0; error: -; workDir: /input/data/work/b1/2c35d7b269adbcbda6630ba60e4782]
Dec-01 10:14:14.450 [Task monitor] DEBUG n.processor.TaskPollingMonitor - Task completed > TaskHandler[id: 76; name: writeLargeFile (76); status: COMPLETED; exit: 0; error: -; workDir: /input/data/work/7c/2c7186a7150d07987fcc6b460b9ace]
Dec-01 10:14:14.727 [Task monitor] DEBUG n.processor.TaskPollingMonitor - Task completed > TaskHandler[id: 77; name: writeLargeFile (77); status: COMPLETED; exit: 0; error: -; workDir: /input/data/work/7c/e4563926bf3ef7ae27376d7f0fb936]
Dec-01 10:14:15.141 [Task monitor] DEBUG n.processor.TaskPollingMonitor - Task completed > TaskHandler[id: 79; name: writeLargeFile (79); status: COMPLETED; exit: 0; error: -; workDir: /input/data/work/7c/1ae5e8098fbd215495fd84ea9d0f98]
Dec-01 10:14:15.560 [Task monitor] DEBUG n.processor.TaskPollingMonitor - Task completed > TaskHandler[id: 78; name: writeLargeFile (78); status: COMPLETED; exit: 0; error: -; workDir: /input/data/work/3e/78a1ed4c479e9901d255543e092267]
Dec-01 10:14:16.114 [Task monitor] DEBUG n.processor.TaskPollingMonitor - Task completed > TaskHandler[id: 81; name: writeLargeFile (81); status: COMPLETED; exit: 0; error: -; workDir: /input/data/work/02/ddaabe0543fcb0fa9f3d670c5c88c0]
Dec-01 10:14:20.397 [Task monitor] DEBUG n.processor.TaskPollingMonitor - Task completed > TaskHandler[id: 82; name: writeLargeFile (82); status: COMPLETED; exit: 0; error: -; workDir: /input/data/work/ee/433c939be155bee5e282e289b5ab89]
Dec-01 10:14:20.815 [Task monitor] DEBUG n.processor.TaskPollingMonitor - Task completed > TaskHandler[id: 83; name: writeLargeFile (83); status: COMPLETED; exit: 0; error: -; workDir: /input/data/work/46/4c028fb9260befb4565ebb685473d4]
Dec-01 10:14:21.138 [Task monitor] DEBUG n.processor.TaskPollingMonitor - Task completed > TaskHandler[id: 84; name: writeLargeFile (84); status: COMPLETED; exit: 0; error: -; workDir: /input/data/work/4a/2d85503414b4c8aaeae71a553674dd]
Dec-01 10:14:21.440 [Task monitor] DEBUG n.processor.TaskPollingMonitor - Task completed > TaskHandler[id: 85; name: writeLargeFile (85); status: COMPLETED; exit: 0; error: -; workDir: /input/data/work/18/e8506b50889f68e01a47b7fde5f718]
Dec-01 10:14:21.873 [Task monitor] DEBUG n.processor.TaskPollingMonitor - Task completed > TaskHandler[id: 86; name: writeLargeFile (86); status: COMPLETED; exit: 0; error: -; workDir: /input/data/work/60/b32f771f516126d50bc66b39328b30]
Dec-01 10:14:22.247 [Task monitor] DEBUG n.processor.TaskPollingMonitor - Task completed > TaskHandler[id: 87; name: writeLargeFile (87); status: COMPLETED; exit: 0; error: -; workDir: /input/data/work/34/811b27dae8c69103ea386ce1be42ee]
Dec-01 10:14:33.638 [Task monitor] DEBUG n.processor.TaskPollingMonitor - Task completed > TaskHandler[id: 88; name: writeLargeFile (88); status: COMPLETED; exit: 0; error: -; workDir: /input/data/work/71/840fd3b9aa1aad4309b2eba1441090]
Dec-01 10:14:33.682 [Task monitor] DEBUG n.processor.TaskPollingMonitor - Task completed > TaskHandler[id: 89; name: writeLargeFile (89); status: COMPLETED; exit: 0; error: -; workDir: /input/data/work/af/2af053b5418782ce9b1265c4d63342]
Dec-01 10:14:33.722 [Task monitor] DEBUG n.processor.TaskPollingMonitor - Task completed > TaskHandler[id: 91; name: writeLargeFile (91); status: COMPLETED; exit: 0; error: -; workDir: /input/data/work/4a/6e6b1b4963344d38600d5d9da67485]
Dec-01 10:14:33.761 [Task monitor] DEBUG n.processor.TaskPollingMonitor - Task completed > TaskHandler[id: 92; name: writeLargeFile (92); status: COMPLETED; exit: 0; error: -; workDir: /input/data/work/15/01aa3a62c665111386949217754091]
Dec-01 10:14:33.801 [Task monitor] DEBUG n.processor.TaskPollingMonitor - Task completed > TaskHandler[id: 90; name: writeLargeFile (90); status: COMPLETED; exit: 0; error: -; workDir: /input/data/work/32/452980985c725611f40387b6a1d8f4]
Dec-01 10:14:33.839 [Task monitor] DEBUG n.processor.TaskPollingMonitor - Task completed > TaskHandler[id: 93; name: writeLargeFile (93); status: COMPLETED; exit: 0; error: -; workDir: /input/data/work/fc/d34658bc9d1eb5eb930391c6a7e1fc]
Dec-01 10:14:33.877 [Task monitor] DEBUG n.processor.TaskPollingMonitor - Task completed > TaskHandler[id: 94; name: writeLargeFile (94); status: COMPLETED; exit: 0; error: -; workDir: /input/data/work/b2/e3cede8ef109ec1d0c816c07f55132]
Dec-01 10:14:33.915 [Task monitor] DEBUG n.processor.TaskPollingMonitor - Task completed > TaskHandler[id: 95; name: writeLargeFile (95); status: COMPLETED; exit: 0; error: -; workDir: /input/data/work/5b/76416a1d2feb87f6103803c8da1178]
Dec-01 10:14:33.951 [Task monitor] DEBUG n.processor.TaskPollingMonitor - Task completed > TaskHandler[id: 96; name: writeLargeFile (96); status: COMPLETED; exit: 0; error: -; workDir: /input/data/work/ff/a2aefb5a8a63651b9c40d8d5017fd4]
Dec-01 10:14:33.990 [Task monitor] DEBUG n.processor.TaskPollingMonitor - Task completed > TaskHandler[id: 97; name: writeLargeFile (97); status: COMPLETED; exit: 0; error: -; workDir: /input/data/work/77/226beed7fb0d83f1bd76a1590ee5e1]
Dec-01 10:14:34.031 [Task monitor] DEBUG n.processor.TaskPollingMonitor - Task completed > TaskHandler[id: 98; name: writeLargeFile (98); status: COMPLETED; exit: 0; error: -; workDir: /input/data/work/45/5a3a75d6e5c597fda9eb1b2e216b26]
Dec-01 10:14:34.069 [Task monitor] DEBUG n.processor.TaskPollingMonitor - Task completed > TaskHandler[id: 99; name: writeLargeFile (99); status: COMPLETED; exit: 0; error: -; workDir: /input/data/work/e6/d75e0f5ebfbfa8758c7122037c6685]
Dec-01 10:14:34.109 [Task monitor] DEBUG n.processor.TaskPollingMonitor - Task completed > TaskHandler[id: 100; name: writeLargeFile (100); status: COMPLETED; exit: 0; error: -; workDir: /input/data/work/79/84159474c6feef17a87f3f0ae0bd95]
Dec-01 10:14:34.195 [Task submitter] INFO  nextflow.Session - [03/793287] Submitted process > combineFiles (1)
Dec-01 10:15:48.600 [Task monitor] DEBUG n.processor.TaskPollingMonitor - !! executor k8s > tasks to be completed: 1 -- submitted tasks are shown below
~> TaskHandler[id: 101; name: combineFiles (1); status: RUNNING; exit: -; error: -; workDir: /input/data/work/03/793287751d844f31eae8c45fbed39d]
Dec-01 10:20:48.615 [Task monitor] DEBUG n.processor.TaskPollingMonitor - !! executor k8s > tasks to be completed: 1 -- submitted tasks are shown below
~> TaskHandler[id: 101; name: combineFiles (1); status: RUNNING; exit: -; error: -; workDir: /input/data/work/03/793287751d844f31eae8c45fbed39d]
Dec-01 10:25:48.630 [Task monitor] DEBUG n.processor.TaskPollingMonitor - !! executor k8s > tasks to be completed: 1 -- submitted tasks are shown below
~> TaskHandler[id: 101; name: combineFiles (1); status: RUNNING; exit: -; error: -; workDir: /input/data/work/03/793287751d844f31eae8c45fbed39d]
Dec-01 10:27:48.680 [Task monitor] DEBUG n.processor.TaskPollingMonitor - Task completed > TaskHandler[id: 101; name: combineFiles (1); status: COMPLETED; exit: 0; error: -; workDir: /input/data/work/03/793287751d844f31eae8c45fbed39d]
Dec-01 10:27:48.682 [main] DEBUG nextflow.Session - Session await > all processes finished
Dec-01 10:27:48.687 [main] DEBUG nextflow.Session - Session await > all barriers passed
Dec-01 10:27:48.698 [main] DEBUG n.trace.WorkflowStatsObserver - Workflow completed > WorkflowStats[succeededCount=101; failedCount=0; ignoredCount=0; cachedCount=0; pendingCount=0; submittedCount=0; runningCount=0; retriesCount=0; abortedCount=0; succeedDuration=1h 16m 4s; failedDuration=0ms; cachedDuration=0ms;loadCpus=0; loadMemory=0; peakRunning=34; peakCpus=340; peakMemory=340 GB; ]
Dec-01 10:27:48.698 [main] DEBUG nextflow.trace.TraceFileObserver - Workflow completed -- saving trace file
Dec-01 10:27:48.699 [main] DEBUG nextflow.trace.ReportObserver - Workflow completed -- rendering execution report
Dec-01 10:27:49.353 [main] DEBUG nextflow.trace.TimelineObserver - Workflow completed -- rendering execution timeline
Dec-01 10:27:49.486 [main] DEBUG nextflow.cache.CacheDB - Closing CacheDB done
Dec-01 10:27:49.512 [main] DEBUG nextflow.util.ThreadPoolManager - Thread pool 'FileTransfer' shutdown completed (hard=false)
Dec-01 10:27:49.512 [main] DEBUG nextflow.script.ScriptRunner - > Execution complete -- Goodbye
