Jan-26 04:43:31.634 [main] DEBUG nextflow.cli.Launcher - $> nextflow run /input/groupMultiple -c /experiments/experiment/groupMultiple/nextflow.config -c /experiments/experiment/nextflow_la.config -c /experiments/experiment/nextflow_nfs.config
Jan-26 04:43:31.692 [main] INFO  nextflow.cli.CmdRun - N E X T F L O W  ~  version 23.07.0-edge
Jan-26 04:43:31.711 [main] DEBUG nextflow.plugin.PluginsFacade - Setting up plugin manager > mode=prod; embedded=false; plugins-dir=/.nextflow/plugins; core-plugins: nf-amazon@2.1.0,nf-azure@1.1.4,nf-cloudcache@0.1.0,nf-codecommit@0.1.5,nf-console@1.0.6,nf-ga4gh@1.1.0,nf-google@1.8.1,nf-tower@1.5.15,nf-wave@0.11.0
Jan-26 04:43:31.720 [main] INFO  o.pf4j.DefaultPluginStatusProvider - Enabled plugins: []
Jan-26 04:43:31.721 [main] INFO  o.pf4j.DefaultPluginStatusProvider - Disabled plugins: []
Jan-26 04:43:31.724 [main] INFO  org.pf4j.DefaultPluginManager - PF4J version 3.4.1 in 'deployment' mode
Jan-26 04:43:31.732 [main] INFO  org.pf4j.AbstractPluginManager - No plugins
Jan-26 04:43:31.754 [main] DEBUG nextflow.scm.AssetManager - Project manifest does not exist: /input/groupMultiple/nextflow.config (No such file or directory)
Jan-26 04:43:31.775 [main] DEBUG nextflow.config.ConfigBuilder - User config file: /experiments/experiment/groupMultiple/nextflow.config
Jan-26 04:43:31.776 [main] DEBUG nextflow.config.ConfigBuilder - User config file: /experiments/experiment/nextflow_la.config
Jan-26 04:43:31.776 [main] DEBUG nextflow.config.ConfigBuilder - User config file: /experiments/experiment/nextflow_nfs.config
Jan-26 04:43:31.776 [main] DEBUG nextflow.config.ConfigBuilder - Parsing config file: /experiments/experiment/groupMultiple/nextflow.config
Jan-26 04:43:31.777 [main] DEBUG nextflow.config.ConfigBuilder - Parsing config file: /experiments/experiment/nextflow_la.config
Jan-26 04:43:31.777 [main] DEBUG nextflow.config.ConfigBuilder - Parsing config file: /experiments/experiment/nextflow_nfs.config
Jan-26 04:43:31.791 [main] DEBUG nextflow.config.ConfigBuilder - Applying config profile: `standard`
Jan-26 04:43:32.319 [main] DEBUG nextflow.config.ConfigBuilder - Applying config profile: `standard`
Jan-26 04:43:32.489 [main] DEBUG nextflow.config.ConfigBuilder - Applying config profile: `standard`
Jan-26 04:43:32.515 [main] DEBUG nextflow.cli.CmdRun - Applied DSL=2 by global default
Jan-26 04:43:32.532 [main] INFO  nextflow.cli.CmdRun - Launching `/input/groupMultiple/main.nf` [backstabbing_chandrasekhar] DSL2 - revision: b7ed08cdab
Jan-26 04:43:32.533 [main] DEBUG nextflow.plugin.PluginsFacade - Plugins default=[]
Jan-26 04:43:32.533 [main] DEBUG nextflow.plugin.PluginsFacade - Plugins resolved requirement=[]
Jan-26 04:43:32.540 [main] DEBUG n.secret.LocalSecretsProvider - Secrets store: /.nextflow/secrets/store.json
Jan-26 04:43:32.543 [main] DEBUG nextflow.secret.SecretsLoader - Discovered secrets providers: [nextflow.secret.LocalSecretsProvider@20d87335] - activable => nextflow.secret.LocalSecretsProvider@20d87335
Jan-26 04:43:32.598 [main] DEBUG nextflow.Session - Session UUID: 0bc398dd-7569-4016-bbed-f01902bf2f3b
Jan-26 04:43:32.599 [main] DEBUG nextflow.Session - Run name: backstabbing_chandrasekhar
Jan-26 04:43:32.599 [main] DEBUG nextflow.Session - Executor pool size: 32
Jan-26 04:43:32.605 [main] DEBUG nextflow.file.FilePorter - File porter settings maxRetries=3; maxTransfers=50; pollTimeout=null
Jan-26 04:43:32.608 [main] DEBUG nextflow.util.ThreadPoolBuilder - Creating thread pool 'FileTransfer' minSize=10; maxSize=96; workQueue=LinkedBlockingQueue[10000]; allowCoreThreadTimeout=false
Jan-26 04:43:32.650 [main] DEBUG nextflow.cli.CmdRun - 
  Version: 23.07.0-edge build 5875
  Created: 28-07-2023 20:27 UTC (20:27 GMT)
  System: Linux 5.4.0-169-generic
  Runtime: Groovy 3.0.18 on OpenJDK 64-Bit Server VM 17.0.6+10-LTS
  Encoding: UTF-8 (UTF-8)
  Process: 454669@nextflow [10.233.76.49]
  CPUs: 32 - Mem: 125.7 GB (122.4 GB) - Swap: 0 (0)
Jan-26 04:43:32.691 [main] DEBUG nextflow.Session - Work-dir: /input/data/work [nfs]
Jan-26 04:43:32.691 [main] DEBUG nextflow.Session - Script base path does not exist or is not a directory: /input/groupMultiple/bin
Jan-26 04:43:32.703 [main] DEBUG nextflow.executor.ExecutorFactory - Extension executors providers=[]
Jan-26 04:43:32.711 [main] DEBUG nextflow.Session - Observer factory: DefaultObserverFactory
Jan-26 04:43:32.739 [main] DEBUG nextflow.cache.CacheFactory - Using Nextflow cache factory: nextflow.cache.DefaultCacheFactory
Jan-26 04:43:32.748 [main] DEBUG nextflow.util.CustomThreadPool - Creating default thread pool > poolSize: 33; maxThreads: 1000
Jan-26 04:43:32.862 [main] DEBUG nextflow.Session - Session start
Jan-26 04:43:32.867 [main] DEBUG nextflow.trace.TraceFileObserver - Workflow started -- trace file: /input/data/output/trace.csv
Jan-26 04:43:33.061 [main] DEBUG nextflow.script.ScriptRunner - > Launching execution
Jan-26 04:43:33.273 [main] DEBUG nextflow.script.ProcessConfig - Config settings `withName:writeLargeFile` matches process writeLargeFile
Jan-26 04:43:33.283 [main] DEBUG nextflow.executor.ExecutorFactory - << taskConfig executor: k8s
Jan-26 04:43:33.283 [main] DEBUG nextflow.executor.ExecutorFactory - >> processorType: 'k8s'
Jan-26 04:43:33.292 [main] DEBUG nextflow.executor.Executor - [warm up] executor > k8s
Jan-26 04:43:33.309 [main] DEBUG n.processor.TaskPollingMonitor - Creating task monitor for executor 'k8s' > capacity: 300; pollInterval: 5s; dumpInterval: 5m; schedulerBatch: null
Jan-26 04:43:33.314 [main] DEBUG nextflow.k8s.client.ConfigDiscovery - K8s config file does not exist: /root/.kube/config
Jan-26 04:43:33.327 [main] DEBUG nextflow.k8s.K8sExecutor - [K8s] config=[localPath:/localdata, localStorageMountPath:/localdata, scheduler:[strategy:LAv2, name:workflow-scheduler, autoClose:false, nodeSelector:usedby=anonymized, container:anonymized/test1:sch_v201], storage:[type:copy, workdir:/localdata/localwork/, nodeSelector:usedby=anonymized, imageName:anonymized/test1:ftp_v122], debug:[yaml:true], namespace:anonymized, serviceAccount:nextflow, workDir:/input/data/work/, projectDir:/input/data/project/, imagePullPolicy:IfNotPresent, launchDir:/input/data/launch/, runAsUser:0, fetchNodeName:true, storageMountPath:/input, pod:[nodeSelector:usedby=anonymized], storageClaimName:nfs-experiment]; API client config=ClientConfig[ server=10.233.0.1:443, namespace=anonymized, serviceAccount=nextflow, token=eyJhbGciOiJ.., sslCert=LS0tLS1CRUd.., clientCert=-, clientKey=-, verifySsl=false, fromFile=true, httpReadTimeout=null, httpConnectTimeout=null, maxErrorRetry=4 ]
Jan-26 04:43:33.800 [main] DEBUG nextflow.k8s.K8sExecutor - Created K8s configMap with name: nf-get-stat-41cac373
Jan-26 04:43:37.556 [main] DEBUG nextflow.script.ProcessConfig - Config settings `withName:combineFiles` matches process combineFilesA
Jan-26 04:43:37.558 [main] DEBUG nextflow.executor.ExecutorFactory - << taskConfig executor: k8s
Jan-26 04:43:37.558 [main] DEBUG nextflow.executor.ExecutorFactory - >> processorType: 'k8s'
Jan-26 04:43:37.596 [main] DEBUG nextflow.script.ProcessConfig - Config settings `withName:combineFiles` matches process combineFilesB
Jan-26 04:43:37.598 [main] DEBUG nextflow.executor.ExecutorFactory - << taskConfig executor: k8s
Jan-26 04:43:37.598 [main] DEBUG nextflow.executor.ExecutorFactory - >> processorType: 'k8s'
Jan-26 04:43:37.611 [main] DEBUG nextflow.Session - Workflow process names [dsl2]: revertFile, combineFiles, combineFilesA, writeLargeFile, combineFilesB
Jan-26 04:43:37.613 [main] DEBUG nextflow.Session - Igniting dataflow network (4)
Jan-26 04:43:37.616 [main] DEBUG nextflow.processor.TaskProcessor - Starting process > writeLargeFile
Jan-26 04:43:37.617 [main] DEBUG nextflow.processor.TaskProcessor - Starting process > combineFilesA
Jan-26 04:43:37.617 [main] DEBUG nextflow.processor.TaskProcessor - Starting process > combineFilesB
Jan-26 04:43:37.617 [main] DEBUG nextflow.script.ScriptRunner - > Awaiting termination 
Jan-26 04:43:37.617 [main] DEBUG nextflow.Session - Session await
Jan-26 04:43:37.899 [Task submitter] INFO  nextflow.Session - [7d/bf1528] Submitted process > writeLargeFile (31)
Jan-26 04:43:37.946 [Task submitter] INFO  nextflow.Session - [f5/d9e589] Submitted process > writeLargeFile (15)
Jan-26 04:43:37.991 [Task submitter] INFO  nextflow.Session - [24/b58484] Submitted process > writeLargeFile (13)
Jan-26 04:43:38.031 [Task submitter] INFO  nextflow.Session - [7e/f05567] Submitted process > writeLargeFile (16)
Jan-26 04:43:38.071 [Task submitter] INFO  nextflow.Session - [00/b09802] Submitted process > writeLargeFile (22)
Jan-26 04:43:38.109 [Task submitter] INFO  nextflow.Session - [43/9012b6] Submitted process > writeLargeFile (28)
Jan-26 04:43:38.149 [Task submitter] INFO  nextflow.Session - [ec/eb501c] Submitted process > writeLargeFile (12)
Jan-26 04:43:38.188 [Task submitter] INFO  nextflow.Session - [14/b4879a] Submitted process > writeLargeFile (8)
Jan-26 04:43:38.227 [Task submitter] INFO  nextflow.Session - [bf/875dee] Submitted process > writeLargeFile (5)
Jan-26 04:43:38.265 [Task submitter] INFO  nextflow.Session - [72/ac5c5b] Submitted process > writeLargeFile (6)
Jan-26 04:43:38.303 [Task submitter] INFO  nextflow.Session - [b9/b0b95c] Submitted process > writeLargeFile (26)
Jan-26 04:43:38.342 [Task submitter] INFO  nextflow.Session - [80/1d9bb4] Submitted process > writeLargeFile (21)
Jan-26 04:43:38.377 [Task submitter] INFO  nextflow.Session - [4d/a2859d] Submitted process > writeLargeFile (30)
Jan-26 04:43:38.412 [Task submitter] INFO  nextflow.Session - [dc/b1e5e8] Submitted process > writeLargeFile (27)
Jan-26 04:43:38.451 [Task submitter] INFO  nextflow.Session - [c3/f1888a] Submitted process > writeLargeFile (3)
Jan-26 04:43:38.493 [Task submitter] INFO  nextflow.Session - [fe/c78a51] Submitted process > writeLargeFile (29)
Jan-26 04:43:38.529 [Task submitter] INFO  nextflow.Session - [c4/e61f0b] Submitted process > writeLargeFile (20)
Jan-26 04:43:38.563 [Task submitter] INFO  nextflow.Session - [47/6d0fd0] Submitted process > writeLargeFile (4)
Jan-26 04:43:38.599 [Task submitter] INFO  nextflow.Session - [9d/51a596] Submitted process > writeLargeFile (25)
Jan-26 04:43:38.635 [Task submitter] INFO  nextflow.Session - [76/95f881] Submitted process > writeLargeFile (9)
Jan-26 04:43:38.671 [Task submitter] INFO  nextflow.Session - [70/ae34be] Submitted process > writeLargeFile (11)
Jan-26 04:43:38.706 [Task submitter] INFO  nextflow.Session - [89/d062b6] Submitted process > writeLargeFile (18)
Jan-26 04:43:38.739 [Task submitter] INFO  nextflow.Session - [4f/15eed7] Submitted process > writeLargeFile (19)
Jan-26 04:43:38.773 [Task submitter] INFO  nextflow.Session - [9d/cfd385] Submitted process > writeLargeFile (1)
Jan-26 04:43:38.808 [Task submitter] INFO  nextflow.Session - [db/7ac854] Submitted process > writeLargeFile (23)
Jan-26 04:43:38.845 [Task submitter] INFO  nextflow.Session - [52/a17e1b] Submitted process > writeLargeFile (14)
Jan-26 04:43:38.884 [Task submitter] INFO  nextflow.Session - [f3/c52a90] Submitted process > writeLargeFile (2)
Jan-26 04:43:38.919 [Task submitter] INFO  nextflow.Session - [9a/01e082] Submitted process > writeLargeFile (7)
Jan-26 04:43:38.955 [Task submitter] INFO  nextflow.Session - [52/d3650a] Submitted process > writeLargeFile (17)
Jan-26 04:43:38.992 [Task submitter] INFO  nextflow.Session - [90/66e7d2] Submitted process > writeLargeFile (10)
Jan-26 04:43:39.027 [Task submitter] INFO  nextflow.Session - [b0/ca8768] Submitted process > writeLargeFile (32)
Jan-26 04:43:39.060 [Task submitter] INFO  nextflow.Session - [c2/e46509] Submitted process > writeLargeFile (24)
Jan-26 04:43:39.098 [Task submitter] INFO  nextflow.Session - [c0/6fcf62] Submitted process > writeLargeFile (47)
Jan-26 04:43:39.130 [Task submitter] INFO  nextflow.Session - [d0/ddc1b8] Submitted process > writeLargeFile (38)
Jan-26 04:43:39.167 [Task submitter] INFO  nextflow.Session - [aa/709ea1] Submitted process > writeLargeFile (33)
Jan-26 04:43:39.205 [Task submitter] INFO  nextflow.Session - [d0/2adbbd] Submitted process > writeLargeFile (54)
Jan-26 04:43:39.238 [Task submitter] INFO  nextflow.Session - [69/94f0c6] Submitted process > writeLargeFile (34)
Jan-26 04:43:39.272 [Task submitter] INFO  nextflow.Session - [69/5c9880] Submitted process > writeLargeFile (57)
Jan-26 04:43:39.311 [Task submitter] INFO  nextflow.Session - [40/8fb560] Submitted process > writeLargeFile (37)
Jan-26 04:43:39.345 [Task submitter] INFO  nextflow.Session - [0d/fb4920] Submitted process > writeLargeFile (48)
Jan-26 04:43:39.382 [Task submitter] INFO  nextflow.Session - [7e/23cd0d] Submitted process > writeLargeFile (59)
Jan-26 04:43:39.417 [Task submitter] INFO  nextflow.Session - [f5/b7a846] Submitted process > writeLargeFile (60)
Jan-26 04:43:39.451 [Task submitter] INFO  nextflow.Session - [0d/4a01ed] Submitted process > writeLargeFile (36)
Jan-26 04:43:39.485 [Task submitter] INFO  nextflow.Session - [c9/936506] Submitted process > writeLargeFile (40)
Jan-26 04:43:39.518 [Task submitter] INFO  nextflow.Session - [49/a4a5b8] Submitted process > writeLargeFile (35)
Jan-26 04:43:39.554 [Task submitter] INFO  nextflow.Session - [8c/0099e1] Submitted process > writeLargeFile (46)
Jan-26 04:43:39.591 [Task submitter] INFO  nextflow.Session - [95/d8c549] Submitted process > writeLargeFile (39)
Jan-26 04:43:39.633 [Task submitter] INFO  nextflow.Session - [e5/bc3bcb] Submitted process > writeLargeFile (43)
Jan-26 04:43:39.668 [Task submitter] INFO  nextflow.Session - [d0/63525f] Submitted process > writeLargeFile (75)
Jan-26 04:43:39.702 [Task submitter] INFO  nextflow.Session - [7e/36eca7] Submitted process > writeLargeFile (69)
Jan-26 04:43:39.737 [Task submitter] INFO  nextflow.Session - [2f/00c344] Submitted process > writeLargeFile (42)
Jan-26 04:43:39.772 [Task submitter] INFO  nextflow.Session - [16/6d9afd] Submitted process > writeLargeFile (41)
Jan-26 04:43:39.805 [Task submitter] INFO  nextflow.Session - [18/07bea8] Submitted process > writeLargeFile (45)
Jan-26 04:43:39.839 [Task submitter] INFO  nextflow.Session - [bd/2b7876] Submitted process > writeLargeFile (44)
Jan-26 04:43:39.875 [Task submitter] INFO  nextflow.Session - [35/47603b] Submitted process > writeLargeFile (49)
Jan-26 04:43:39.909 [Task submitter] INFO  nextflow.Session - [7d/413f27] Submitted process > writeLargeFile (80)
Jan-26 04:43:39.944 [Task submitter] INFO  nextflow.Session - [33/c34eb5] Submitted process > writeLargeFile (50)
Jan-26 04:43:39.979 [Task submitter] INFO  nextflow.Session - [7e/17c58c] Submitted process > writeLargeFile (85)
Jan-26 04:43:40.014 [Task submitter] INFO  nextflow.Session - [47/de080f] Submitted process > writeLargeFile (84)
Jan-26 04:43:40.051 [Task submitter] INFO  nextflow.Session - [b5/457196] Submitted process > writeLargeFile (51)
Jan-26 04:43:40.086 [Task submitter] INFO  nextflow.Session - [1d/e8a24b] Submitted process > writeLargeFile (55)
Jan-26 04:43:40.125 [Task submitter] INFO  nextflow.Session - [40/88764a] Submitted process > writeLargeFile (88)
Jan-26 04:43:40.156 [Task submitter] INFO  nextflow.Session - [33/3843ca] Submitted process > writeLargeFile (52)
Jan-26 04:43:40.190 [Task submitter] INFO  nextflow.Session - [c5/b0091d] Submitted process > writeLargeFile (53)
Jan-26 04:43:40.227 [Task submitter] INFO  nextflow.Session - [ae/4c7681] Submitted process > writeLargeFile (56)
Jan-26 04:43:40.261 [Task submitter] INFO  nextflow.Session - [bb/befc5a] Submitted process > writeLargeFile (58)
Jan-26 04:43:40.294 [Task submitter] INFO  nextflow.Session - [b3/2ef65a] Submitted process > writeLargeFile (63)
Jan-26 04:43:40.326 [Task submitter] INFO  nextflow.Session - [1d/463beb] Submitted process > writeLargeFile (86)
Jan-26 04:43:40.360 [Task submitter] INFO  nextflow.Session - [58/295b64] Submitted process > writeLargeFile (67)
Jan-26 04:43:40.391 [Task submitter] INFO  nextflow.Session - [03/34f896] Submitted process > writeLargeFile (62)
Jan-26 04:43:40.425 [Task submitter] INFO  nextflow.Session - [57/e13067] Submitted process > writeLargeFile (66)
Jan-26 04:43:40.462 [Task submitter] INFO  nextflow.Session - [7b/0dea17] Submitted process > writeLargeFile (64)
Jan-26 04:43:40.496 [Task submitter] INFO  nextflow.Session - [1a/5d19a6] Submitted process > writeLargeFile (65)
Jan-26 04:43:40.527 [Task submitter] INFO  nextflow.Session - [1a/126195] Submitted process > writeLargeFile (74)
Jan-26 04:43:40.562 [Task submitter] INFO  nextflow.Session - [17/9d7d54] Submitted process > writeLargeFile (71)
Jan-26 04:43:40.594 [Task submitter] INFO  nextflow.Session - [ab/9b6e27] Submitted process > writeLargeFile (61)
Jan-26 04:43:40.627 [Task submitter] INFO  nextflow.Session - [30/173737] Submitted process > writeLargeFile (70)
Jan-26 04:43:40.662 [Task submitter] INFO  nextflow.Session - [94/ef37af] Submitted process > writeLargeFile (73)
Jan-26 04:43:40.696 [Task submitter] INFO  nextflow.Session - [ea/d04351] Submitted process > writeLargeFile (77)
Jan-26 04:43:40.730 [Task submitter] INFO  nextflow.Session - [ea/3e229f] Submitted process > writeLargeFile (79)
Jan-26 04:43:40.764 [Task submitter] INFO  nextflow.Session - [c8/690464] Submitted process > writeLargeFile (72)
Jan-26 04:43:40.799 [Task submitter] INFO  nextflow.Session - [0c/03ec5b] Submitted process > writeLargeFile (83)
Jan-26 04:43:40.833 [Task submitter] INFO  nextflow.Session - [ca/8863ce] Submitted process > writeLargeFile (89)
Jan-26 04:43:40.865 [Task submitter] INFO  nextflow.Session - [50/8dc781] Submitted process > writeLargeFile (81)
Jan-26 04:43:40.899 [Task submitter] INFO  nextflow.Session - [78/66c0c7] Submitted process > writeLargeFile (78)
Jan-26 04:43:40.934 [Task submitter] INFO  nextflow.Session - [e3/604f91] Submitted process > writeLargeFile (93)
Jan-26 04:43:40.968 [Task submitter] INFO  nextflow.Session - [cd/be5bcf] Submitted process > writeLargeFile (87)
Jan-26 04:43:41.003 [Task submitter] INFO  nextflow.Session - [88/9d02a9] Submitted process > writeLargeFile (68)
Jan-26 04:43:41.039 [Task submitter] INFO  nextflow.Session - [f9/0632d6] Submitted process > writeLargeFile (94)
Jan-26 04:43:41.074 [Task submitter] INFO  nextflow.Session - [d4/24bb86] Submitted process > writeLargeFile (92)
Jan-26 04:43:41.108 [Task submitter] INFO  nextflow.Session - [5a/7537ec] Submitted process > writeLargeFile (82)
Jan-26 04:43:41.141 [Task submitter] INFO  nextflow.Session - [ed/805742] Submitted process > writeLargeFile (91)
Jan-26 04:43:41.175 [Task submitter] INFO  nextflow.Session - [93/88f6f8] Submitted process > writeLargeFile (90)
Jan-26 04:43:41.208 [Task submitter] INFO  nextflow.Session - [e8/d9be38] Submitted process > writeLargeFile (76)
Jan-26 04:43:41.242 [Task submitter] INFO  nextflow.Session - [ea/8d83da] Submitted process > writeLargeFile (96)
Jan-26 04:43:41.277 [Task submitter] INFO  nextflow.Session - [67/2b4688] Submitted process > writeLargeFile (98)
Jan-26 04:43:41.311 [Task submitter] INFO  nextflow.Session - [23/e495c8] Submitted process > writeLargeFile (95)
Jan-26 04:43:41.347 [Task submitter] INFO  nextflow.Session - [2a/28d491] Submitted process > writeLargeFile (100)
Jan-26 04:43:41.380 [Task submitter] INFO  nextflow.Session - [3f/cbdbc2] Submitted process > writeLargeFile (97)
Jan-26 04:43:41.414 [Task submitter] INFO  nextflow.Session - [ad/c9bb61] Submitted process > writeLargeFile (99)
Jan-26 04:43:53.395 [Task monitor] DEBUG n.processor.TaskPollingMonitor - Task completed > TaskHandler[id: 31; name: writeLargeFile (31); status: COMPLETED; exit: 0; error: -; workDir: /input/data/work/7d/bf1528262c33018140892aedebe678]
Jan-26 04:43:53.530 [Task monitor] DEBUG n.processor.TaskPollingMonitor - Task completed > TaskHandler[id: 15; name: writeLargeFile (15); status: COMPLETED; exit: 0; error: -; workDir: /input/data/work/f5/d9e589887f054eeeb7916453d79f07]
Jan-26 04:43:53.577 [Task monitor] DEBUG n.processor.TaskPollingMonitor - Task completed > TaskHandler[id: 13; name: writeLargeFile (13); status: COMPLETED; exit: 0; error: -; workDir: /input/data/work/24/b584847b4b64dcf7d2c99b451f0f34]
Jan-26 04:44:00.923 [Task monitor] DEBUG n.processor.TaskPollingMonitor - Task completed > TaskHandler[id: 100; name: writeLargeFile (100); status: COMPLETED; exit: 0; error: -; workDir: /input/data/work/2a/28d4911ae2faa95a1ee089530bf21a]
Jan-26 04:44:00.968 [Task monitor] DEBUG n.processor.TaskPollingMonitor - Task completed > TaskHandler[id: 97; name: writeLargeFile (97); status: COMPLETED; exit: 0; error: -; workDir: /input/data/work/3f/cbdbc24444446863c7d160781bd8ad]
Jan-26 04:44:01.008 [Task monitor] DEBUG n.processor.TaskPollingMonitor - Task completed > TaskHandler[id: 99; name: writeLargeFile (99); status: COMPLETED; exit: 0; error: -; workDir: /input/data/work/ad/c9bb6182291953e83956f55276924d]
Jan-26 04:44:10.953 [Task monitor] DEBUG n.processor.TaskPollingMonitor - Task completed > TaskHandler[id: 96; name: writeLargeFile (96); status: COMPLETED; exit: 0; error: -; workDir: /input/data/work/ea/8d83da883531126f54e46df71da00b]
Jan-26 04:44:10.998 [Task monitor] DEBUG n.processor.TaskPollingMonitor - Task completed > TaskHandler[id: 98; name: writeLargeFile (98); status: COMPLETED; exit: 0; error: -; workDir: /input/data/work/67/2b4688b28625cb6b1c895bbb40b935]
Jan-26 04:44:11.043 [Task monitor] DEBUG n.processor.TaskPollingMonitor - Task completed > TaskHandler[id: 95; name: writeLargeFile (95); status: COMPLETED; exit: 0; error: -; workDir: /input/data/work/23/e495c815c471c9977a3a7dd3ff7151]
Jan-26 04:44:20.782 [Task monitor] DEBUG n.processor.TaskPollingMonitor - Task completed > TaskHandler[id: 91; name: writeLargeFile (91); status: COMPLETED; exit: 0; error: -; workDir: /input/data/work/ed/805742ae62bb7cabb19d5a4c95cbd5]
Jan-26 04:44:20.825 [Task monitor] DEBUG n.processor.TaskPollingMonitor - Task completed > TaskHandler[id: 90; name: writeLargeFile (90); status: COMPLETED; exit: 0; error: -; workDir: /input/data/work/93/88f6f85402e9b0e98abe4a23eadd85]
Jan-26 04:44:20.865 [Task monitor] DEBUG n.processor.TaskPollingMonitor - Task completed > TaskHandler[id: 76; name: writeLargeFile (76); status: COMPLETED; exit: 0; error: -; workDir: /input/data/work/e8/d9be38224c785ac4ca5575f8d90f65]
Jan-26 04:44:30.806 [Task monitor] DEBUG n.processor.TaskPollingMonitor - Task completed > TaskHandler[id: 94; name: writeLargeFile (94); status: COMPLETED; exit: 0; error: -; workDir: /input/data/work/f9/0632d6cfd5750763c7d34053e5d4e1]
Jan-26 04:44:30.855 [Task monitor] DEBUG n.processor.TaskPollingMonitor - Task completed > TaskHandler[id: 92; name: writeLargeFile (92); status: COMPLETED; exit: 0; error: -; workDir: /input/data/work/d4/24bb86d647d767651de00d0993e3ec]
Jan-26 04:44:30.901 [Task monitor] DEBUG n.processor.TaskPollingMonitor - Task completed > TaskHandler[id: 82; name: writeLargeFile (82); status: COMPLETED; exit: 0; error: -; workDir: /input/data/work/5a/7537ecfe4135277d24f4e0214e054c]
Jan-26 04:44:40.668 [Task monitor] DEBUG n.processor.TaskPollingMonitor - Task completed > TaskHandler[id: 93; name: writeLargeFile (93); status: COMPLETED; exit: 0; error: -; workDir: /input/data/work/e3/604f9115246cb40ca477b781c321d8]
Jan-26 04:44:40.719 [Task monitor] DEBUG n.processor.TaskPollingMonitor - Task completed > TaskHandler[id: 87; name: writeLargeFile (87); status: COMPLETED; exit: 0; error: -; workDir: /input/data/work/cd/be5bcf5588664d74481c4dcd7deeb6]
Jan-26 04:44:40.763 [Task monitor] DEBUG n.processor.TaskPollingMonitor - Task completed > TaskHandler[id: 68; name: writeLargeFile (68); status: COMPLETED; exit: 0; error: -; workDir: /input/data/work/88/9d02a9ccd51c23253dcd777d4a3863]
Jan-26 04:44:50.567 [Task monitor] DEBUG n.processor.TaskPollingMonitor - Task completed > TaskHandler[id: 89; name: writeLargeFile (89); status: COMPLETED; exit: 0; error: -; workDir: /input/data/work/ca/8863ceeaea491a7757e669a52ee597]
Jan-26 04:44:50.613 [Task monitor] DEBUG n.processor.TaskPollingMonitor - Task completed > TaskHandler[id: 81; name: writeLargeFile (81); status: COMPLETED; exit: 0; error: -; workDir: /input/data/work/50/8dc781f24b499ac8ec2cbc461ba62e]
Jan-26 04:44:50.655 [Task monitor] DEBUG n.processor.TaskPollingMonitor - Task completed > TaskHandler[id: 78; name: writeLargeFile (78); status: COMPLETED; exit: 0; error: -; workDir: /input/data/work/78/66c0c7d674a5d620eaa11f028110eb]
Jan-26 04:45:00.477 [Task monitor] DEBUG n.processor.TaskPollingMonitor - Task completed > TaskHandler[id: 79; name: writeLargeFile (79); status: COMPLETED; exit: 0; error: -; workDir: /input/data/work/ea/3e229f3bb6838d827d78589ecaae1b]
Jan-26 04:45:00.519 [Task monitor] DEBUG n.processor.TaskPollingMonitor - Task completed > TaskHandler[id: 72; name: writeLargeFile (72); status: COMPLETED; exit: 0; error: -; workDir: /input/data/work/c8/69046409362c9a1a0806de5b968ca7]
Jan-26 04:45:00.563 [Task monitor] DEBUG n.processor.TaskPollingMonitor - Task completed > TaskHandler[id: 83; name: writeLargeFile (83); status: COMPLETED; exit: 0; error: -; workDir: /input/data/work/0c/03ec5b90b862024908b705a304e5bd]
Jan-26 04:45:10.440 [Task monitor] DEBUG n.processor.TaskPollingMonitor - Task completed > TaskHandler[id: 70; name: writeLargeFile (70); status: COMPLETED; exit: 0; error: -; workDir: /input/data/work/30/17373778ef83858cf37234cd0fbeda]
Jan-26 04:45:10.482 [Task monitor] DEBUG n.processor.TaskPollingMonitor - Task completed > TaskHandler[id: 73; name: writeLargeFile (73); status: COMPLETED; exit: 0; error: -; workDir: /input/data/work/94/ef37afa919876ff51156785b042627]
Jan-26 04:45:10.522 [Task monitor] DEBUG n.processor.TaskPollingMonitor - Task completed > TaskHandler[id: 77; name: writeLargeFile (77); status: COMPLETED; exit: 0; error: -; workDir: /input/data/work/ea/d04351b213ba932f02d127209f0d0f]
Jan-26 04:45:20.331 [Task monitor] DEBUG n.processor.TaskPollingMonitor - Task completed > TaskHandler[id: 74; name: writeLargeFile (74); status: COMPLETED; exit: 0; error: -; workDir: /input/data/work/1a/1261954d7bc14cc1ff1b9e71e7a519]
Jan-26 04:45:20.373 [Task monitor] DEBUG n.processor.TaskPollingMonitor - Task completed > TaskHandler[id: 71; name: writeLargeFile (71); status: COMPLETED; exit: 0; error: -; workDir: /input/data/work/17/9d7d542f3feda7aff26451c1bfee4d]
Jan-26 04:45:20.416 [Task monitor] DEBUG n.processor.TaskPollingMonitor - Task completed > TaskHandler[id: 61; name: writeLargeFile (61); status: COMPLETED; exit: 0; error: -; workDir: /input/data/work/ab/9b6e278aa2739036dca55f7c45d73d]
Jan-26 04:45:30.287 [Task monitor] DEBUG n.processor.TaskPollingMonitor - Task completed > TaskHandler[id: 66; name: writeLargeFile (66); status: COMPLETED; exit: 0; error: -; workDir: /input/data/work/57/e13067ee0312f1d3ce2bc8c181f816]
Jan-26 04:45:30.331 [Task monitor] DEBUG n.processor.TaskPollingMonitor - Task completed > TaskHandler[id: 64; name: writeLargeFile (64); status: COMPLETED; exit: 0; error: -; workDir: /input/data/work/7b/0dea177b5d7d4379e56d715b51787f]
Jan-26 04:45:30.371 [Task monitor] DEBUG n.processor.TaskPollingMonitor - Task completed > TaskHandler[id: 65; name: writeLargeFile (65); status: COMPLETED; exit: 0; error: -; workDir: /input/data/work/1a/5d19a6e8791180975695f5ea855631]
Jan-26 04:45:40.150 [Task monitor] DEBUG n.processor.TaskPollingMonitor - Task completed > TaskHandler[id: 86; name: writeLargeFile (86); status: COMPLETED; exit: 0; error: -; workDir: /input/data/work/1d/463beb1ae9f611a2f9f7f37b44038a]
Jan-26 04:45:40.193 [Task monitor] DEBUG n.processor.TaskPollingMonitor - Task completed > TaskHandler[id: 67; name: writeLargeFile (67); status: COMPLETED; exit: 0; error: -; workDir: /input/data/work/58/295b6426cab05390ba18ce3727eb16]
Jan-26 04:45:40.234 [Task monitor] DEBUG n.processor.TaskPollingMonitor - Task completed > TaskHandler[id: 62; name: writeLargeFile (62); status: COMPLETED; exit: 0; error: -; workDir: /input/data/work/03/34f896d955026bd9f6203c7805ef56]
Jan-26 04:45:50.079 [Task monitor] DEBUG n.processor.TaskPollingMonitor - Task completed > TaskHandler[id: 56; name: writeLargeFile (56); status: COMPLETED; exit: 0; error: -; workDir: /input/data/work/ae/4c768127e76a1ec2e32c48362c0c38]
Jan-26 04:45:50.117 [Task monitor] DEBUG n.processor.TaskPollingMonitor - Task completed > TaskHandler[id: 58; name: writeLargeFile (58); status: COMPLETED; exit: 0; error: -; workDir: /input/data/work/bb/befc5ac24fd794c9bc3455cefad3a1]
Jan-26 04:45:50.158 [Task monitor] DEBUG n.processor.TaskPollingMonitor - Task completed > TaskHandler[id: 63; name: writeLargeFile (63); status: COMPLETED; exit: 0; error: -; workDir: /input/data/work/b3/2ef65a1219b9b7bb36d98351b8cbd4]
Jan-26 04:45:59.062 [Task monitor] DEBUG n.processor.TaskPollingMonitor - Task completed > TaskHandler[id: 17; name: writeLargeFile (17); status: COMPLETED; exit: 0; error: -; workDir: /input/data/work/52/d3650aba444e78752c301904219926]
Jan-26 04:45:59.101 [Task monitor] DEBUG n.processor.TaskPollingMonitor - Task completed > TaskHandler[id: 10; name: writeLargeFile (10); status: COMPLETED; exit: 0; error: -; workDir: /input/data/work/90/66e7d295a8c91a5f0db5681c9c6807]
Jan-26 04:46:00.073 [Task monitor] DEBUG n.processor.TaskPollingMonitor - Task completed > TaskHandler[id: 53; name: writeLargeFile (53); status: COMPLETED; exit: 0; error: -; workDir: /input/data/work/c5/b0091d2261be598339a75666549c2a]
Jan-26 04:46:09.057 [Task monitor] DEBUG n.processor.TaskPollingMonitor - Task completed > TaskHandler[id: 32; name: writeLargeFile (32); status: COMPLETED; exit: 0; error: -; workDir: /input/data/work/b0/ca876879410e54f68e22b5ce5e4ee7]
Jan-26 04:46:09.107 [Task monitor] DEBUG n.processor.TaskPollingMonitor - Task completed > TaskHandler[id: 24; name: writeLargeFile (24); status: COMPLETED; exit: 0; error: -; workDir: /input/data/work/c2/e4650948ec4d48936c285f2dd17dfc]
Jan-26 04:46:09.146 [Task monitor] DEBUG n.processor.TaskPollingMonitor - Task completed > TaskHandler[id: 47; name: writeLargeFile (47); status: COMPLETED; exit: 0; error: -; workDir: /input/data/work/c0/6fcf62b0b4b8f91f723c38eb92472c]
Jan-26 04:46:19.059 [Task monitor] DEBUG n.processor.TaskPollingMonitor - Task completed > TaskHandler[id: 38; name: writeLargeFile (38); status: COMPLETED; exit: 0; error: -; workDir: /input/data/work/d0/ddc1b8700fbd9d78dbbad8b3033897]
Jan-26 04:46:19.107 [Task monitor] DEBUG n.processor.TaskPollingMonitor - Task completed > TaskHandler[id: 33; name: writeLargeFile (33); status: COMPLETED; exit: 0; error: -; workDir: /input/data/work/aa/709ea1e94ed0292407e9bb2d8d3bed]
Jan-26 04:46:19.149 [Task monitor] DEBUG n.processor.TaskPollingMonitor - Task completed > TaskHandler[id: 54; name: writeLargeFile (54); status: COMPLETED; exit: 0; error: -; workDir: /input/data/work/d0/2adbbd1e194467f751a449f6814e63]
Jan-26 04:46:29.060 [Task monitor] DEBUG n.processor.TaskPollingMonitor - Task completed > TaskHandler[id: 34; name: writeLargeFile (34); status: COMPLETED; exit: 0; error: -; workDir: /input/data/work/69/94f0c6a06de6fbbe01319d8c8ae484]
Jan-26 04:46:29.767 [Task monitor] DEBUG n.processor.TaskPollingMonitor - Task completed > TaskHandler[id: 88; name: writeLargeFile (88); status: COMPLETED; exit: 0; error: -; workDir: /input/data/work/40/88764a477577a0fee17dadcb873dc0]
Jan-26 04:46:29.806 [Task monitor] DEBUG n.processor.TaskPollingMonitor - Task completed > TaskHandler[id: 52; name: writeLargeFile (52); status: COMPLETED; exit: 0; error: -; workDir: /input/data/work/33/3843cae617cada19bed4cb1c12423b]
Jan-26 04:46:39.693 [Task monitor] DEBUG n.processor.TaskPollingMonitor - Task completed > TaskHandler[id: 84; name: writeLargeFile (84); status: COMPLETED; exit: 0; error: -; workDir: /input/data/work/47/de080fc1defcc87a2a700c62f82278]
Jan-26 04:46:39.734 [Task monitor] DEBUG n.processor.TaskPollingMonitor - Task completed > TaskHandler[id: 51; name: writeLargeFile (51); status: COMPLETED; exit: 0; error: -; workDir: /input/data/work/b5/457196d18b0aa20643fd4d0d1f1a3e]
Jan-26 04:46:39.775 [Task monitor] DEBUG n.processor.TaskPollingMonitor - Task completed > TaskHandler[id: 55; name: writeLargeFile (55); status: COMPLETED; exit: 0; error: -; workDir: /input/data/work/1d/e8a24bfebbccc6b0753c4eba08eacc]
Jan-26 04:46:49.592 [Task monitor] DEBUG n.processor.TaskPollingMonitor - Task completed > TaskHandler[id: 80; name: writeLargeFile (80); status: COMPLETED; exit: 0; error: -; workDir: /input/data/work/7d/413f27eb9c6481c9a5db9a007400e2]
Jan-26 04:46:49.636 [Task monitor] DEBUG n.processor.TaskPollingMonitor - Task completed > TaskHandler[id: 50; name: writeLargeFile (50); status: COMPLETED; exit: 0; error: -; workDir: /input/data/work/33/c34eb534631d6aebad01412407eb67]
Jan-26 04:46:49.677 [Task monitor] DEBUG n.processor.TaskPollingMonitor - Task completed > TaskHandler[id: 85; name: writeLargeFile (85); status: COMPLETED; exit: 0; error: -; workDir: /input/data/work/7e/17c58c81c1e20a929fa52686729f02]
Jan-26 04:46:59.473 [Task monitor] DEBUG n.processor.TaskPollingMonitor - Task completed > TaskHandler[id: 45; name: writeLargeFile (45); status: COMPLETED; exit: 0; error: -; workDir: /input/data/work/18/07bea8a30d7bc85ba8817a230be814]
Jan-26 04:46:59.514 [Task monitor] DEBUG n.processor.TaskPollingMonitor - Task completed > TaskHandler[id: 44; name: writeLargeFile (44); status: COMPLETED; exit: 0; error: -; workDir: /input/data/work/bd/2b787619c04752550427b1e7e600be]
Jan-26 04:46:59.548 [Task monitor] DEBUG n.processor.TaskPollingMonitor - Task completed > TaskHandler[id: 49; name: writeLargeFile (49); status: COMPLETED; exit: 0; error: -; workDir: /input/data/work/35/47603b259e584b7b205ff502c30235]
Jan-26 04:47:09.349 [Task monitor] DEBUG n.processor.TaskPollingMonitor - Task completed > TaskHandler[id: 69; name: writeLargeFile (69); status: COMPLETED; exit: 0; error: -; workDir: /input/data/work/7e/36eca79190d2ea4cd3d919c3f53548]
Jan-26 04:47:09.388 [Task monitor] DEBUG n.processor.TaskPollingMonitor - Task completed > TaskHandler[id: 42; name: writeLargeFile (42); status: COMPLETED; exit: 0; error: -; workDir: /input/data/work/2f/00c344ab5dfb6abbe67e79530693e1]
Jan-26 04:47:09.433 [Task monitor] DEBUG n.processor.TaskPollingMonitor - Task completed > TaskHandler[id: 41; name: writeLargeFile (41); status: COMPLETED; exit: 0; error: -; workDir: /input/data/work/16/6d9afd1560131b05ef5ea833ee9a2a]
Jan-26 04:47:19.314 [Task monitor] DEBUG n.processor.TaskPollingMonitor - Task completed > TaskHandler[id: 39; name: writeLargeFile (39); status: COMPLETED; exit: 0; error: -; workDir: /input/data/work/95/d8c549be5a47e0cf4a198144f6d155]
Jan-26 04:47:19.359 [Task monitor] DEBUG n.processor.TaskPollingMonitor - Task completed > TaskHandler[id: 43; name: writeLargeFile (43); status: COMPLETED; exit: 0; error: -; workDir: /input/data/work/e5/bc3bcb9a7de859626e641794930229]
Jan-26 04:47:19.400 [Task monitor] DEBUG n.processor.TaskPollingMonitor - Task completed > TaskHandler[id: 75; name: writeLargeFile (75); status: COMPLETED; exit: 0; error: -; workDir: /input/data/work/d0/63525fe1fd46b7958898c96dd5ab53]
Jan-26 04:47:29.227 [Task monitor] DEBUG n.processor.TaskPollingMonitor - Task completed > TaskHandler[id: 40; name: writeLargeFile (40); status: COMPLETED; exit: 0; error: -; workDir: /input/data/work/c9/936506d3342f8807e502a1958fec72]
Jan-26 04:47:29.269 [Task monitor] DEBUG n.processor.TaskPollingMonitor - Task completed > TaskHandler[id: 35; name: writeLargeFile (35); status: COMPLETED; exit: 0; error: -; workDir: /input/data/work/49/a4a5b87c54b810179b536fb9cd8298]
Jan-26 04:47:29.319 [Task monitor] DEBUG n.processor.TaskPollingMonitor - Task completed > TaskHandler[id: 46; name: writeLargeFile (46); status: COMPLETED; exit: 0; error: -; workDir: /input/data/work/8c/0099e1a00f30286cef81ac86a896e4]
Jan-26 04:47:39.124 [Task monitor] DEBUG n.processor.TaskPollingMonitor - Task completed > TaskHandler[id: 59; name: writeLargeFile (59); status: COMPLETED; exit: 0; error: -; workDir: /input/data/work/7e/23cd0db788b34af91376373d547ccf]
Jan-26 04:47:39.164 [Task monitor] DEBUG n.processor.TaskPollingMonitor - Task completed > TaskHandler[id: 60; name: writeLargeFile (60); status: COMPLETED; exit: 0; error: -; workDir: /input/data/work/f5/b7a84694a27d957f1008e7daee55c5]
Jan-26 04:47:39.203 [Task monitor] DEBUG n.processor.TaskPollingMonitor - Task completed > TaskHandler[id: 36; name: writeLargeFile (36); status: COMPLETED; exit: 0; error: -; workDir: /input/data/work/0d/4a01eddaf65a64345ec5f374650573]
Jan-26 04:47:49.050 [Task monitor] DEBUG n.processor.TaskPollingMonitor - Task completed > TaskHandler[id: 57; name: writeLargeFile (57); status: COMPLETED; exit: 0; error: -; workDir: /input/data/work/69/5c9880098e7866ac467cfe12465f70]
Jan-26 04:47:49.090 [Task monitor] DEBUG n.processor.TaskPollingMonitor - Task completed > TaskHandler[id: 37; name: writeLargeFile (37); status: COMPLETED; exit: 0; error: -; workDir: /input/data/work/40/8fb560a0b170a26f630891720a3c41]
Jan-26 04:47:49.132 [Task monitor] DEBUG n.processor.TaskPollingMonitor - Task completed > TaskHandler[id: 48; name: writeLargeFile (48); status: COMPLETED; exit: 0; error: -; workDir: /input/data/work/0d/fb492054cd209bd8a6ac1e8c270bfd]
Jan-26 04:47:58.940 [Task monitor] DEBUG n.processor.TaskPollingMonitor - Task completed > TaskHandler[id: 14; name: writeLargeFile (14); status: COMPLETED; exit: 0; error: -; workDir: /input/data/work/52/a17e1b507e75e53369dba6641e30a5]
Jan-26 04:47:58.980 [Task monitor] DEBUG n.processor.TaskPollingMonitor - Task completed > TaskHandler[id: 2; name: writeLargeFile (2); status: COMPLETED; exit: 0; error: -; workDir: /input/data/work/f3/c52a90091deb2b500741c890236449]
Jan-26 04:47:59.022 [Task monitor] DEBUG n.processor.TaskPollingMonitor - Task completed > TaskHandler[id: 7; name: writeLargeFile (7); status: COMPLETED; exit: 0; error: -; workDir: /input/data/work/9a/01e0825921bf0c037860dee85403d6]
Jan-26 04:48:08.859 [Task monitor] DEBUG n.processor.TaskPollingMonitor - Task completed > TaskHandler[id: 19; name: writeLargeFile (19); status: COMPLETED; exit: 0; error: -; workDir: /input/data/work/4f/15eed79cb2a46ca078fb0b4ec5422a]
Jan-26 04:48:08.904 [Task monitor] DEBUG n.processor.TaskPollingMonitor - Task completed > TaskHandler[id: 1; name: writeLargeFile (1); status: COMPLETED; exit: 0; error: -; workDir: /input/data/work/9d/cfd385f977f54f244ef4c37770e5c1]
Jan-26 04:48:08.943 [Task monitor] DEBUG n.processor.TaskPollingMonitor - Task completed > TaskHandler[id: 23; name: writeLargeFile (23); status: COMPLETED; exit: 0; error: -; workDir: /input/data/work/db/7ac8549d4922c2af37ccf76f3c3a2f]
Jan-26 04:48:18.831 [Task monitor] DEBUG n.processor.TaskPollingMonitor - Task completed > TaskHandler[id: 9; name: writeLargeFile (9); status: COMPLETED; exit: 0; error: -; workDir: /input/data/work/76/95f881f9f4105ecb4c245d730cd861]
Jan-26 04:48:18.879 [Task monitor] DEBUG n.processor.TaskPollingMonitor - Task completed > TaskHandler[id: 11; name: writeLargeFile (11); status: COMPLETED; exit: 0; error: -; workDir: /input/data/work/70/ae34beb0a3e82f30fa28a1e1573ebd]
Jan-26 04:48:18.917 [Task monitor] DEBUG n.processor.TaskPollingMonitor - Task completed > TaskHandler[id: 18; name: writeLargeFile (18); status: COMPLETED; exit: 0; error: -; workDir: /input/data/work/89/d062b6e2daa9726ef92c5e29e98419]
Jan-26 04:48:28.729 [Task monitor] DEBUG n.processor.TaskPollingMonitor - Task completed > TaskHandler[id: 20; name: writeLargeFile (20); status: COMPLETED; exit: 0; error: -; workDir: /input/data/work/c4/e61f0b563aa8229b36a3022a186d95]
Jan-26 04:48:28.771 [Task monitor] DEBUG n.processor.TaskPollingMonitor - Task completed > TaskHandler[id: 4; name: writeLargeFile (4); status: COMPLETED; exit: 0; error: -; workDir: /input/data/work/47/6d0fd0d6eb16a54f4b4f29c1ddbc7e]
Jan-26 04:48:28.813 [Task monitor] DEBUG n.processor.TaskPollingMonitor - Task completed > TaskHandler[id: 25; name: writeLargeFile (25); status: COMPLETED; exit: 0; error: -; workDir: /input/data/work/9d/51a596562dfc5015265a3969b189ae]
Jan-26 04:48:38.329 [Task monitor] DEBUG n.processor.TaskPollingMonitor - !! executor k8s > tasks to be completed: 13 -- submitted tasks are shown below
~> TaskHandler[id: 16; name: writeLargeFile (16); status: SUBMITTED; exit: -; error: -; workDir: /input/data/work/7e/f0556721aa3a77e6f1a9382c09372f]
~> TaskHandler[id: 22; name: writeLargeFile (22); status: SUBMITTED; exit: -; error: -; workDir: /input/data/work/00/b098020a38ee5c02ebaeb39a5a27e8]
~> TaskHandler[id: 28; name: writeLargeFile (28); status: SUBMITTED; exit: -; error: -; workDir: /input/data/work/43/9012b60c0c88f47e1e50bff3384a4a]
~> TaskHandler[id: 12; name: writeLargeFile (12); status: SUBMITTED; exit: -; error: -; workDir: /input/data/work/ec/eb501cd96b1a079d152f5b17cb7a1b]
~> TaskHandler[id: 8; name: writeLargeFile (8); status: SUBMITTED; exit: -; error: -; workDir: /input/data/work/14/b4879a5a2f95e340dd4b85383dd29f]
~> TaskHandler[id: 5; name: writeLargeFile (5); status: SUBMITTED; exit: -; error: -; workDir: /input/data/work/bf/875deee774893c931032ceeb4ab147]
~> TaskHandler[id: 6; name: writeLargeFile (6); status: SUBMITTED; exit: -; error: -; workDir: /input/data/work/72/ac5c5b5e87c9b1d57fa94bbbd5f5ca]
~> TaskHandler[id: 26; name: writeLargeFile (26); status: SUBMITTED; exit: -; error: -; workDir: /input/data/work/b9/b0b95cf556979a2ce6342925918505]
~> TaskHandler[id: 21; name: writeLargeFile (21); status: SUBMITTED; exit: -; error: -; workDir: /input/data/work/80/1d9bb47465240914d1d23c6d5cff1a]
~> TaskHandler[id: 30; name: writeLargeFile (30); status: SUBMITTED; exit: -; error: -; workDir: /input/data/work/4d/a2859d151793dd3d699e324dd8edc1]
.. remaining tasks omitted.
Jan-26 04:48:43.650 [Task monitor] DEBUG n.processor.TaskPollingMonitor - Task completed > TaskHandler[id: 27; name: writeLargeFile (27); status: COMPLETED; exit: 0; error: -; workDir: /input/data/work/dc/b1e5e8eb33b49edb1c45b219714dd0]
Jan-26 04:48:43.689 [Task monitor] DEBUG n.processor.TaskPollingMonitor - Task completed > TaskHandler[id: 3; name: writeLargeFile (3); status: COMPLETED; exit: 0; error: -; workDir: /input/data/work/c3/f1888a875c1bb025d5b26fa4e4594f]
Jan-26 04:48:43.731 [Task monitor] DEBUG n.processor.TaskPollingMonitor - Task completed > TaskHandler[id: 29; name: writeLargeFile (29); status: COMPLETED; exit: 0; error: -; workDir: /input/data/work/fe/c78a510c297cc7f1c8bb18d82ba229]
Jan-26 04:48:53.570 [Task monitor] DEBUG n.processor.TaskPollingMonitor - Task completed > TaskHandler[id: 26; name: writeLargeFile (26); status: COMPLETED; exit: 0; error: -; workDir: /input/data/work/b9/b0b95cf556979a2ce6342925918505]
Jan-26 04:48:53.614 [Task monitor] DEBUG n.processor.TaskPollingMonitor - Task completed > TaskHandler[id: 21; name: writeLargeFile (21); status: COMPLETED; exit: 0; error: -; workDir: /input/data/work/80/1d9bb47465240914d1d23c6d5cff1a]
Jan-26 04:48:53.656 [Task monitor] DEBUG n.processor.TaskPollingMonitor - Task completed > TaskHandler[id: 30; name: writeLargeFile (30); status: COMPLETED; exit: 0; error: -; workDir: /input/data/work/4d/a2859d151793dd3d699e324dd8edc1]
Jan-26 04:48:58.477 [Task monitor] DEBUG n.processor.TaskPollingMonitor - Task completed > TaskHandler[id: 8; name: writeLargeFile (8); status: COMPLETED; exit: 0; error: -; workDir: /input/data/work/14/b4879a5a2f95e340dd4b85383dd29f]
Jan-26 04:48:58.520 [Task monitor] DEBUG n.processor.TaskPollingMonitor - Task completed > TaskHandler[id: 5; name: writeLargeFile (5); status: COMPLETED; exit: 0; error: -; workDir: /input/data/work/bf/875deee774893c931032ceeb4ab147]
Jan-26 04:48:58.560 [Task monitor] DEBUG n.processor.TaskPollingMonitor - Task completed > TaskHandler[id: 6; name: writeLargeFile (6); status: COMPLETED; exit: 0; error: -; workDir: /input/data/work/72/ac5c5b5e87c9b1d57fa94bbbd5f5ca]
Jan-26 04:49:08.401 [Task monitor] DEBUG n.processor.TaskPollingMonitor - Task completed > TaskHandler[id: 22; name: writeLargeFile (22); status: COMPLETED; exit: 0; error: -; workDir: /input/data/work/00/b098020a38ee5c02ebaeb39a5a27e8]
Jan-26 04:49:08.442 [Task monitor] DEBUG n.processor.TaskPollingMonitor - Task completed > TaskHandler[id: 28; name: writeLargeFile (28); status: COMPLETED; exit: 0; error: -; workDir: /input/data/work/43/9012b60c0c88f47e1e50bff3384a4a]
Jan-26 04:49:08.485 [Task monitor] DEBUG n.processor.TaskPollingMonitor - Task completed > TaskHandler[id: 12; name: writeLargeFile (12); status: COMPLETED; exit: 0; error: -; workDir: /input/data/work/ec/eb501cd96b1a079d152f5b17cb7a1b]
Jan-26 04:49:13.380 [Task monitor] DEBUG n.processor.TaskPollingMonitor - Task completed > TaskHandler[id: 16; name: writeLargeFile (16); status: COMPLETED; exit: 0; error: -; workDir: /input/data/work/7e/f0556721aa3a77e6f1a9382c09372f]
Jan-26 04:49:13.490 [Task submitter] INFO  nextflow.Session - [88/c59bed] Submitted process > combineFilesA (19)
Jan-26 04:49:13.529 [Task submitter] INFO  nextflow.Session - [e8/523ed0] Submitted process > combineFilesA (2)
Jan-26 04:49:13.563 [Task submitter] INFO  nextflow.Session - [47/2a06bf] Submitted process > combineFilesA (26)
Jan-26 04:49:13.594 [Task submitter] INFO  nextflow.Session - [5a/935f7a] Submitted process > combineFilesA (10)
Jan-26 04:49:13.624 [Task submitter] INFO  nextflow.Session - [e5/655985] Submitted process > combineFilesA (7)
Jan-26 04:49:13.655 [Task submitter] INFO  nextflow.Session - [95/86a800] Submitted process > combineFilesA (17)
Jan-26 04:49:13.689 [Task submitter] INFO  nextflow.Session - [14/092b81] Submitted process > combineFilesA (9)
Jan-26 04:49:13.721 [Task submitter] INFO  nextflow.Session - [f3/f59458] Submitted process > combineFilesA (13)
Jan-26 04:49:13.751 [Task submitter] INFO  nextflow.Session - [70/37a228] Submitted process > combineFilesB (23)
Jan-26 04:49:13.781 [Task submitter] INFO  nextflow.Session - [ab/116a22] Submitted process > combineFilesB (19)
Jan-26 04:49:13.810 [Task submitter] INFO  nextflow.Session - [5a/785720] Submitted process > combineFilesA (15)
Jan-26 04:49:13.838 [Task submitter] INFO  nextflow.Session - [99/a0a2cf] Submitted process > combineFilesB (3)
Jan-26 04:49:13.868 [Task submitter] INFO  nextflow.Session - [80/4f84cc] Submitted process > combineFilesA (18)
Jan-26 04:49:13.899 [Task submitter] INFO  nextflow.Session - [0d/0eae33] Submitted process > combineFilesB (10)
Jan-26 04:49:13.933 [Task submitter] INFO  nextflow.Session - [d0/3f2c3e] Submitted process > combineFilesA (30)
Jan-26 04:49:13.964 [Task submitter] INFO  nextflow.Session - [23/52d08d] Submitted process > combineFilesA (22)
Jan-26 04:49:13.991 [Task submitter] INFO  nextflow.Session - [1a/f172cc] Submitted process > combineFilesA (4)
Jan-26 04:49:14.024 [Task submitter] INFO  nextflow.Session - [58/aaa4e0] Submitted process > combineFilesA (29)
Jan-26 04:49:14.056 [Task submitter] INFO  nextflow.Session - [57/0ea0bc] Submitted process > combineFilesA (24)
Jan-26 04:49:14.084 [Task submitter] INFO  nextflow.Session - [52/0db070] Submitted process > combineFilesA (32)
Jan-26 04:49:14.115 [Task submitter] INFO  nextflow.Session - [13/95f1af] Submitted process > combineFilesA (23)
Jan-26 04:49:14.146 [Task submitter] INFO  nextflow.Session - [1c/0f6ab0] Submitted process > combineFilesA (21)
Jan-26 04:49:14.174 [Task submitter] INFO  nextflow.Session - [b8/a2c2e3] Submitted process > combineFilesB (13)
Jan-26 04:49:14.205 [Task submitter] INFO  nextflow.Session - [a8/4e546d] Submitted process > combineFilesA (27)
Jan-26 04:49:14.234 [Task submitter] INFO  nextflow.Session - [5c/461683] Submitted process > combineFilesA (31)
Jan-26 04:49:14.267 [Task submitter] INFO  nextflow.Session - [21/0dc633] Submitted process > combineFilesB (2)
Jan-26 04:49:14.300 [Task submitter] INFO  nextflow.Session - [f0/091a4e] Submitted process > combineFilesB (11)
Jan-26 04:49:14.340 [Task submitter] INFO  nextflow.Session - [d7/ecd957] Submitted process > combineFilesB (17)
Jan-26 04:49:14.374 [Task submitter] INFO  nextflow.Session - [4e/56fbd2] Submitted process > combineFilesB (20)
Jan-26 04:49:14.406 [Task submitter] INFO  nextflow.Session - [0b/04c7fd] Submitted process > combineFilesB (1)
Jan-26 04:49:14.436 [Task submitter] INFO  nextflow.Session - [42/dd8ec3] Submitted process > combineFilesA (5)
Jan-26 04:49:14.469 [Task submitter] INFO  nextflow.Session - [6c/4643d4] Submitted process > combineFilesB (15)
Jan-26 04:49:14.501 [Task submitter] INFO  nextflow.Session - [21/e7d49a] Submitted process > combineFilesA (11)
Jan-26 04:49:14.530 [Task submitter] INFO  nextflow.Session - [f0/d79e7d] Submitted process > combineFilesB (8)
Jan-26 04:49:14.565 [Task submitter] INFO  nextflow.Session - [2b/2b5e5d] Submitted process > combineFilesB (25)
Jan-26 04:49:14.598 [Task submitter] INFO  nextflow.Session - [68/4bc99e] Submitted process > combineFilesA (20)
Jan-26 04:49:14.629 [Task submitter] INFO  nextflow.Session - [2c/f7147a] Submitted process > combineFilesB (16)
Jan-26 04:49:14.660 [Task submitter] INFO  nextflow.Session - [d5/5f9d36] Submitted process > combineFilesA (1)
Jan-26 04:49:14.691 [Task submitter] INFO  nextflow.Session - [a4/e8e696] Submitted process > combineFilesB (26)
Jan-26 04:49:14.722 [Task submitter] INFO  nextflow.Session - [8f/1ddf04] Submitted process > combineFilesB (18)
Jan-26 04:49:14.754 [Task submitter] INFO  nextflow.Session - [d2/3bce20] Submitted process > combineFilesA (28)
Jan-26 04:49:14.780 [Task submitter] INFO  nextflow.Session - [fd/1d0d15] Submitted process > combineFilesB (12)
Jan-26 04:49:14.811 [Task submitter] INFO  nextflow.Session - [53/154eca] Submitted process > combineFilesB (5)
Jan-26 04:49:14.844 [Task submitter] INFO  nextflow.Session - [37/7b7e7a] Submitted process > combineFilesA (12)
Jan-26 04:49:14.876 [Task submitter] INFO  nextflow.Session - [e0/263772] Submitted process > combineFilesA (6)
Jan-26 04:49:14.911 [Task submitter] INFO  nextflow.Session - [6f/8066f9] Submitted process > combineFilesB (6)
Jan-26 04:49:14.941 [Task submitter] INFO  nextflow.Session - [f4/390c3e] Submitted process > combineFilesB (4)
Jan-26 04:49:14.976 [Task submitter] INFO  nextflow.Session - [a0/a86bea] Submitted process > combineFilesB (9)
Jan-26 04:49:15.010 [Task submitter] INFO  nextflow.Session - [fc/9ad938] Submitted process > combineFilesA (25)
Jan-26 04:49:15.042 [Task submitter] INFO  nextflow.Session - [5e/645465] Submitted process > combineFilesA (8)
Jan-26 04:49:15.073 [Task submitter] INFO  nextflow.Session - [a5/84736f] Submitted process > combineFilesB (14)
Jan-26 04:49:15.104 [Task submitter] INFO  nextflow.Session - [3a/36143f] Submitted process > combineFilesA (14)
Jan-26 04:49:15.133 [Task submitter] INFO  nextflow.Session - [9f/c79e46] Submitted process > combineFilesB (21)
Jan-26 04:49:15.164 [Task submitter] INFO  nextflow.Session - [d5/396ce6] Submitted process > combineFilesB (7)
Jan-26 04:49:15.197 [Task submitter] INFO  nextflow.Session - [ff/eefbdc] Submitted process > combineFilesB (22)
Jan-26 04:49:15.227 [Task submitter] INFO  nextflow.Session - [04/696038] Submitted process > combineFilesA (16)
Jan-26 04:49:15.259 [Task submitter] INFO  nextflow.Session - [2e/cd9b05] Submitted process > combineFilesB (24)
Jan-26 04:49:15.293 [Task submitter] INFO  nextflow.Session - [da/caea48] Submitted process > combineFilesA (3)
Jan-26 04:49:15.323 [Task submitter] INFO  nextflow.Session - [ac/03f65c] Submitted process > combineFilesA (34)
Jan-26 04:49:15.352 [Task submitter] INFO  nextflow.Session - [77/3d51cc] Submitted process > combineFilesA (33)
Jan-26 04:49:38.375 [Task monitor] DEBUG n.processor.TaskPollingMonitor - Task completed > TaskHandler[id: 142; name: combineFilesA (19); status: COMPLETED; exit: 0; error: -; workDir: /input/data/work/88/c59bed8b35c0c75f1aa9a254a19530]
Jan-26 04:49:38.416 [Task monitor] DEBUG n.processor.TaskPollingMonitor - Task completed > TaskHandler[id: 104; name: combineFilesA (2); status: COMPLETED; exit: 0; error: -; workDir: /input/data/work/e8/523ed098216a835eca0d7a4e33a514]
Jan-26 04:49:38.650 [Task monitor] DEBUG n.processor.TaskPollingMonitor - Task completed > TaskHandler[id: 133; name: combineFilesB (19); status: COMPLETED; exit: 0; error: -; workDir: /input/data/work/ab/116a22e0386d1498001fbd8f6f52ec]
Jan-26 04:50:09.070 [Task monitor] DEBUG n.processor.TaskPollingMonitor - Task completed > TaskHandler[id: 136; name: combineFilesB (20); status: COMPLETED; exit: 0; error: -; workDir: /input/data/work/4e/56fbd214ba549147b70ffb48f95b58]
Jan-26 04:50:09.364 [Task monitor] DEBUG n.processor.TaskPollingMonitor - Task completed > TaskHandler[id: 148; name: combineFilesB (26); status: COMPLETED; exit: 0; error: -; workDir: /input/data/work/a4/e8e696ba93d631c1720aed8ca47945]
Jan-26 04:50:09.703 [Task monitor] DEBUG n.processor.TaskPollingMonitor - Task completed > TaskHandler[id: 124; name: combineFilesB (14); status: COMPLETED; exit: 0; error: -; workDir: /input/data/work/a5/84736faa14618779ad64c65a4a62c9]
Jan-26 04:50:39.421 [Task monitor] DEBUG n.processor.TaskPollingMonitor - Task completed > TaskHandler[id: 108; name: combineFilesB (5); status: COMPLETED; exit: 0; error: -; workDir: /input/data/work/53/154ecaf4993dccaaa3cc5002b1ff14]
Jan-26 04:50:39.574 [Task monitor] DEBUG n.processor.TaskPollingMonitor - Task completed > TaskHandler[id: 115; name: combineFilesB (9); status: COMPLETED; exit: 0; error: -; workDir: /input/data/work/a0/a86beaedbe8774e26162b22ac75e67]
Jan-26 04:50:39.699 [Task monitor] DEBUG n.processor.TaskPollingMonitor - Task completed > TaskHandler[id: 138; name: combineFilesB (21); status: COMPLETED; exit: 0; error: -; workDir: /input/data/work/9f/c79e467e9af64eae07438e56f4155c]
Jan-26 04:51:08.658 [Task monitor] DEBUG n.processor.TaskPollingMonitor - Task completed > TaskHandler[id: 117; name: combineFilesB (10); status: COMPLETED; exit: 0; error: -; workDir: /input/data/work/0d/0eae334b49d76d2c557ff0b41d8ab4]
Jan-26 04:51:08.990 [Task monitor] DEBUG n.processor.TaskPollingMonitor - Task completed > TaskHandler[id: 103; name: combineFilesB (2); status: COMPLETED; exit: 0; error: -; workDir: /input/data/work/21/0dc633825fd62019e8df178a3c3e19]
Jan-26 04:51:09.055 [Task monitor] DEBUG n.processor.TaskPollingMonitor - Task completed > TaskHandler[id: 130; name: combineFilesB (17); status: COMPLETED; exit: 0; error: -; workDir: /input/data/work/d7/ecd9573909e5029db469769df16c88]
Jan-26 04:51:39.089 [Task monitor] DEBUG n.processor.TaskPollingMonitor - Task completed > TaskHandler[id: 126; name: combineFilesB (15); status: COMPLETED; exit: 0; error: -; workDir: /input/data/work/6c/4643d4526663a7a9f18f27559fab02]
Jan-26 04:51:39.293 [Task monitor] DEBUG n.processor.TaskPollingMonitor - Task completed > TaskHandler[id: 132; name: combineFilesB (18); status: COMPLETED; exit: 0; error: -; workDir: /input/data/work/8f/1ddf04a6c0a0e735900fe8151c9790]
Jan-26 04:51:39.443 [Task monitor] DEBUG n.processor.TaskPollingMonitor - Task completed > TaskHandler[id: 110; name: combineFilesB (6); status: COMPLETED; exit: 0; error: -; workDir: /input/data/work/6f/8066f914b165f2521308458c55f474]
Jan-26 04:52:14.008 [Task monitor] DEBUG n.processor.TaskPollingMonitor - Task completed > TaskHandler[id: 101; name: combineFilesB (1); status: COMPLETED; exit: 0; error: -; workDir: /input/data/work/0b/04c7fd1730b8e7cc9747afd561eb76]
Jan-26 04:52:14.130 [Task monitor] DEBUG n.processor.TaskPollingMonitor - Task completed > TaskHandler[id: 147; name: combineFilesB (25); status: COMPLETED; exit: 0; error: -; workDir: /input/data/work/2b/2b5e5dcfb50e106b9349f88f18e038]
Jan-26 04:52:14.192 [Task monitor] DEBUG n.processor.TaskPollingMonitor - Task completed > TaskHandler[id: 128; name: combineFilesB (16); status: COMPLETED; exit: 0; error: -; workDir: /input/data/work/2c/f7147a66eb5ee8a4c156091954a26e]
Jan-26 04:52:48.887 [Task monitor] DEBUG n.processor.TaskPollingMonitor - Task completed > TaskHandler[id: 122; name: combineFilesB (13); status: COMPLETED; exit: 0; error: -; workDir: /input/data/work/b8/a2c2e30e39e5229045eac69435b3df]
Jan-26 04:52:48.982 [Task monitor] DEBUG n.processor.TaskPollingMonitor - Task completed > TaskHandler[id: 118; name: combineFilesB (11); status: COMPLETED; exit: 0; error: -; workDir: /input/data/work/f0/091a4e2606c78e6bb4ffb27dd066c0]
Jan-26 04:52:49.078 [Task monitor] DEBUG n.processor.TaskPollingMonitor - Task completed > TaskHandler[id: 113; name: combineFilesB (8); status: COMPLETED; exit: 0; error: -; workDir: /input/data/work/f0/d79e7d8cc274d2737dcce6d7680cd5]
Jan-26 04:53:24.169 [Task monitor] DEBUG n.processor.TaskPollingMonitor - Task completed > TaskHandler[id: 107; name: combineFilesB (4); status: COMPLETED; exit: 0; error: -; workDir: /input/data/work/f4/390c3ea58aa703ec05079a27a7d95f]
Jan-26 04:53:24.290 [Task monitor] DEBUG n.processor.TaskPollingMonitor - Task completed > TaskHandler[id: 112; name: combineFilesB (7); status: COMPLETED; exit: 0; error: -; workDir: /input/data/work/d5/396ce62d4ff4eff938cf95b8bb1dbe]
Jan-26 04:53:24.328 [Task monitor] DEBUG n.processor.TaskPollingMonitor - Task completed > TaskHandler[id: 140; name: combineFilesB (22); status: COMPLETED; exit: 0; error: -; workDir: /input/data/work/ff/eefbdcbe3caf98a62db9cf813375df]
Jan-26 04:53:38.344 [Task monitor] DEBUG n.processor.TaskPollingMonitor - !! executor k8s > tasks to be completed: 36 -- submitted tasks are shown below
~> TaskHandler[id: 152; name: combineFilesA (26); status: SUBMITTED; exit: -; error: -; workDir: /input/data/work/47/2a06bf84adcc82ffe5edd3b561eae7]
~> TaskHandler[id: 123; name: combineFilesA (10); status: SUBMITTED; exit: -; error: -; workDir: /input/data/work/5a/935f7a4fba211120c34cfc5a6c64c9]
~> TaskHandler[id: 116; name: combineFilesA (7); status: SUBMITTED; exit: -; error: -; workDir: /input/data/work/e5/655985577d4ec8c82e6384e087ef94]
~> TaskHandler[id: 137; name: combineFilesA (17); status: SUBMITTED; exit: -; error: -; workDir: /input/data/work/95/86a800b38ad53483397a10c8287893]
~> TaskHandler[id: 121; name: combineFilesA (9); status: SUBMITTED; exit: -; error: -; workDir: /input/data/work/14/092b81fe0ca4ac61223ac026f0ce29]
~> TaskHandler[id: 129; name: combineFilesA (13); status: SUBMITTED; exit: -; error: -; workDir: /input/data/work/f3/f5945861ce8a67371ab83c48a497cf]
~> TaskHandler[id: 141; name: combineFilesB (23); status: RUNNING; exit: -; error: -; workDir: /input/data/work/70/37a22830198439c70f9b46c14c5ff0]
~> TaskHandler[id: 134; name: combineFilesA (15); status: SUBMITTED; exit: -; error: -; workDir: /input/data/work/5a/785720baff1fd56c89994c98e195ce]
~> TaskHandler[id: 105; name: combineFilesB (3); status: SUBMITTED; exit: -; error: -; workDir: /input/data/work/99/a0a2cfa4be01f81a5ea995f5f67143]
~> TaskHandler[id: 139; name: combineFilesA (18); status: SUBMITTED; exit: -; error: -; workDir: /input/data/work/80/4f84ccd0bee6fad98a41df3bbed8f4]
.. remaining tasks omitted.
Jan-26 04:53:58.557 [Task monitor] DEBUG n.processor.TaskPollingMonitor - Task completed > TaskHandler[id: 141; name: combineFilesB (23); status: COMPLETED; exit: 0; error: -; workDir: /input/data/work/70/37a22830198439c70f9b46c14c5ff0]
Jan-26 04:53:58.706 [Task monitor] DEBUG n.processor.TaskPollingMonitor - Task completed > TaskHandler[id: 146; name: combineFilesA (22); status: COMPLETED; exit: 0; error: -; workDir: /input/data/work/23/52d08d068f720db11c2dcf2abbd8b9]
Jan-26 04:53:59.114 [Task monitor] DEBUG n.processor.TaskPollingMonitor - Task completed > TaskHandler[id: 120; name: combineFilesB (12); status: COMPLETED; exit: 0; error: -; workDir: /input/data/work/fd/1d0d151dd0bd3821aaedcdf76bf36a]
Jan-26 04:54:28.599 [Task monitor] DEBUG n.processor.TaskPollingMonitor - Task completed > TaskHandler[id: 139; name: combineFilesA (18); status: COMPLETED; exit: 0; error: -; workDir: /input/data/work/80/4f84ccd0bee6fad98a41df3bbed8f4]
Jan-26 04:54:28.769 [Task monitor] DEBUG n.processor.TaskPollingMonitor - Task completed > TaskHandler[id: 149; name: combineFilesA (23); status: COMPLETED; exit: 0; error: -; workDir: /input/data/work/13/95f1af543f98bc222ae196298830e6]
Jan-26 04:54:29.049 [Task monitor] DEBUG n.processor.TaskPollingMonitor - Task completed > TaskHandler[id: 114; name: combineFilesA (6); status: COMPLETED; exit: 0; error: -; workDir: /input/data/work/e0/263772936daa17cb7d4e631954b783]
Jan-26 04:54:58.726 [Task monitor] DEBUG n.processor.TaskPollingMonitor - Task completed > TaskHandler[id: 158; name: combineFilesA (32); status: COMPLETED; exit: 0; error: -; workDir: /input/data/work/52/0db07004e8ed4d317dbfe9047fb138]
Jan-26 04:54:59.061 [Task monitor] DEBUG n.processor.TaskPollingMonitor - Task completed > TaskHandler[id: 131; name: combineFilesA (14); status: COMPLETED; exit: 0; error: -; workDir: /input/data/work/3a/36143f886c2fad34b3d749b1cafba6]
Jan-26 04:54:59.152 [Task monitor] DEBUG n.processor.TaskPollingMonitor - Task completed > TaskHandler[id: 106; name: combineFilesA (3); status: COMPLETED; exit: 0; error: -; workDir: /input/data/work/da/caea48106dc688ae09dca13c540f34]
Jan-26 04:55:28.603 [Task monitor] DEBUG n.processor.TaskPollingMonitor - Task completed > TaskHandler[id: 156; name: combineFilesA (30); status: COMPLETED; exit: 0; error: -; workDir: /input/data/work/d0/3f2c3e9827fa1a2518bdd9557877ee]
Jan-26 04:55:28.698 [Task monitor] DEBUG n.processor.TaskPollingMonitor - Task completed > TaskHandler[id: 150; name: combineFilesA (24); status: COMPLETED; exit: 0; error: -; workDir: /input/data/work/57/0ea0bce438a00dc9469e52b4ee88c1]
Jan-26 04:55:28.893 [Task monitor] DEBUG n.processor.TaskPollingMonitor - Task completed > TaskHandler[id: 102; name: combineFilesA (1); status: COMPLETED; exit: 0; error: -; workDir: /input/data/work/d5/5f9d36ec8d4ffbbb6bde5cd7e80145]
Jan-26 04:56:03.505 [Task monitor] DEBUG n.processor.TaskPollingMonitor - Task completed > TaskHandler[id: 121; name: combineFilesA (9); status: COMPLETED; exit: 0; error: -; workDir: /input/data/work/14/092b81fe0ca4ac61223ac026f0ce29]
Jan-26 04:56:03.736 [Task monitor] DEBUG n.processor.TaskPollingMonitor - Task completed > TaskHandler[id: 157; name: combineFilesA (31); status: COMPLETED; exit: 0; error: -; workDir: /input/data/work/5c/461683aeb1ab5f805e2d167c458331]
Jan-26 04:56:04.000 [Task monitor] DEBUG n.processor.TaskPollingMonitor - Task completed > TaskHandler[id: 144; name: combineFilesB (24); status: COMPLETED; exit: 0; error: -; workDir: /input/data/work/2e/cd9b0523b908ed54868dc99a3ef97a]
Jan-26 04:56:38.416 [Task monitor] DEBUG n.processor.TaskPollingMonitor - Task completed > TaskHandler[id: 123; name: combineFilesA (10); status: COMPLETED; exit: 0; error: -; workDir: /input/data/work/5a/935f7a4fba211120c34cfc5a6c64c9]
Jan-26 04:56:38.455 [Task monitor] DEBUG n.processor.TaskPollingMonitor - Task completed > TaskHandler[id: 116; name: combineFilesA (7); status: COMPLETED; exit: 0; error: -; workDir: /input/data/work/e5/655985577d4ec8c82e6384e087ef94]
Jan-26 04:56:38.525 [Task monitor] DEBUG n.processor.TaskPollingMonitor - Task completed > TaskHandler[id: 129; name: combineFilesA (13); status: COMPLETED; exit: 0; error: -; workDir: /input/data/work/f3/f5945861ce8a67371ab83c48a497cf]
Jan-26 04:57:08.717 [Task monitor] DEBUG n.processor.TaskPollingMonitor - Task completed > TaskHandler[id: 127; name: combineFilesA (12); status: COMPLETED; exit: 0; error: -; workDir: /input/data/work/37/7b7e7aa8789255e04dd449cdb2d8a9]
Jan-26 04:57:08.864 [Task monitor] DEBUG n.processor.TaskPollingMonitor - Task completed > TaskHandler[id: 159; name: combineFilesA (33); status: COMPLETED; exit: 0; error: -; workDir: /input/data/work/77/3d51cc959f8645e8f22326a51fdf34]
Jan-26 04:57:13.419 [Task monitor] DEBUG n.processor.TaskPollingMonitor - Task completed > TaskHandler[id: 137; name: combineFilesA (17); status: COMPLETED; exit: 0; error: -; workDir: /input/data/work/95/86a800b38ad53483397a10c8287893]
Jan-26 04:57:38.742 [Task monitor] DEBUG n.processor.TaskPollingMonitor - Task completed > TaskHandler[id: 135; name: combineFilesA (16); status: COMPLETED; exit: 0; error: -; workDir: /input/data/work/04/696038acf0032711a4f05220b8ac64]
Jan-26 04:57:38.781 [Task monitor] DEBUG n.processor.TaskPollingMonitor - Task completed > TaskHandler[id: 160; name: combineFilesA (34); status: COMPLETED; exit: 0; error: -; workDir: /input/data/work/ac/03f65c6066da9f4ad50d3a31f5446f]
Jan-26 04:57:43.391 [Task monitor] DEBUG n.processor.TaskPollingMonitor - Task completed > TaskHandler[id: 152; name: combineFilesA (26); status: COMPLETED; exit: 0; error: -; workDir: /input/data/work/47/2a06bf84adcc82ffe5edd3b561eae7]
Jan-26 04:58:18.587 [Task monitor] DEBUG n.processor.TaskPollingMonitor - Task completed > TaskHandler[id: 125; name: combineFilesA (11); status: COMPLETED; exit: 0; error: -; workDir: /input/data/work/21/e7d49ad2d8c62fad800ffff5e53cdb]
Jan-26 04:58:18.628 [Task monitor] DEBUG n.processor.TaskPollingMonitor - Task completed > TaskHandler[id: 143; name: combineFilesA (20); status: COMPLETED; exit: 0; error: -; workDir: /input/data/work/68/4bc99e81cf68d8c9f980e71937689f]
Jan-26 04:58:18.670 [Task monitor] DEBUG n.processor.TaskPollingMonitor - Task completed > TaskHandler[id: 154; name: combineFilesA (28); status: COMPLETED; exit: 0; error: -; workDir: /input/data/work/d2/3bce2087a03ca22e7dbec8f440bd5f]
Jan-26 04:58:38.353 [Task monitor] DEBUG n.processor.TaskPollingMonitor - !! executor k8s > tasks to be completed: 9 -- submitted tasks are shown below
~> TaskHandler[id: 134; name: combineFilesA (15); status: SUBMITTED; exit: -; error: -; workDir: /input/data/work/5a/785720baff1fd56c89994c98e195ce]
~> TaskHandler[id: 105; name: combineFilesB (3); status: SUBMITTED; exit: -; error: -; workDir: /input/data/work/99/a0a2cfa4be01f81a5ea995f5f67143]
~> TaskHandler[id: 109; name: combineFilesA (4); status: SUBMITTED; exit: -; error: -; workDir: /input/data/work/1a/f172cc3681f7a0ece62284cb5680f3]
~> TaskHandler[id: 155; name: combineFilesA (29); status: SUBMITTED; exit: -; error: -; workDir: /input/data/work/58/aaa4e0f06f8559170c2866a1105670]
~> TaskHandler[id: 145; name: combineFilesA (21); status: SUBMITTED; exit: -; error: -; workDir: /input/data/work/1c/0f6ab0ad369cec0526870b440b3cb6]
~> TaskHandler[id: 153; name: combineFilesA (27); status: RUNNING; exit: -; error: -; workDir: /input/data/work/a8/4e546d6ded7d6b004296768550e8f6]
~> TaskHandler[id: 111; name: combineFilesA (5); status: RUNNING; exit: -; error: -; workDir: /input/data/work/42/dd8ec3f46b84b41fbf6bef4d0df1f0]
~> TaskHandler[id: 151; name: combineFilesA (25); status: RUNNING; exit: -; error: -; workDir: /input/data/work/fc/9ad938ca58dd20a0b5d702f3ba4ec1]
~> TaskHandler[id: 119; name: combineFilesA (8); status: SUBMITTED; exit: -; error: -; workDir: /input/data/work/5e/64546504985c902ad2df9b9d915da1]
Jan-26 04:58:53.540 [Task monitor] DEBUG n.processor.TaskPollingMonitor - Task completed > TaskHandler[id: 153; name: combineFilesA (27); status: COMPLETED; exit: 0; error: -; workDir: /input/data/work/a8/4e546d6ded7d6b004296768550e8f6]
Jan-26 04:58:53.578 [Task monitor] DEBUG n.processor.TaskPollingMonitor - Task completed > TaskHandler[id: 111; name: combineFilesA (5); status: COMPLETED; exit: 0; error: -; workDir: /input/data/work/42/dd8ec3f46b84b41fbf6bef4d0df1f0]
Jan-26 04:58:53.615 [Task monitor] DEBUG n.processor.TaskPollingMonitor - Task completed > TaskHandler[id: 151; name: combineFilesA (25); status: COMPLETED; exit: 0; error: -; workDir: /input/data/work/fc/9ad938ca58dd20a0b5d702f3ba4ec1]
Jan-26 04:59:18.394 [Task monitor] DEBUG n.processor.TaskPollingMonitor - Task completed > TaskHandler[id: 134; name: combineFilesA (15); status: COMPLETED; exit: 0; error: -; workDir: /input/data/work/5a/785720baff1fd56c89994c98e195ce]
Jan-26 04:59:18.546 [Task monitor] DEBUG n.processor.TaskPollingMonitor - Task completed > TaskHandler[id: 145; name: combineFilesA (21); status: COMPLETED; exit: 0; error: -; workDir: /input/data/work/1c/0f6ab0ad369cec0526870b440b3cb6]
Jan-26 04:59:18.586 [Task monitor] DEBUG n.processor.TaskPollingMonitor - Task completed > TaskHandler[id: 119; name: combineFilesA (8); status: COMPLETED; exit: 0; error: -; workDir: /input/data/work/5e/64546504985c902ad2df9b9d915da1]
Jan-26 04:59:38.400 [Task monitor] DEBUG n.processor.TaskPollingMonitor - Task completed > TaskHandler[id: 105; name: combineFilesB (3); status: COMPLETED; exit: 0; error: -; workDir: /input/data/work/99/a0a2cfa4be01f81a5ea995f5f67143]
Jan-26 04:59:38.446 [Task monitor] DEBUG n.processor.TaskPollingMonitor - Task completed > TaskHandler[id: 109; name: combineFilesA (4); status: COMPLETED; exit: 0; error: -; workDir: /input/data/work/1a/f172cc3681f7a0ece62284cb5680f3]
Jan-26 04:59:38.485 [Task monitor] DEBUG n.processor.TaskPollingMonitor - Task completed > TaskHandler[id: 155; name: combineFilesA (29); status: COMPLETED; exit: 0; error: -; workDir: /input/data/work/58/aaa4e0f06f8559170c2866a1105670]
Jan-26 04:59:38.486 [main] DEBUG nextflow.Session - Session await > all processes finished
Jan-26 04:59:38.488 [main] DEBUG nextflow.Session - Session await > all barriers passed
Jan-26 04:59:38.511 [main] DEBUG n.trace.WorkflowStatsObserver - Workflow completed > WorkflowStats[succeededCount=160; failedCount=0; ignoredCount=0; cachedCount=0; pendingCount=0; submittedCount=0; runningCount=0; retriesCount=0; abortedCount=0; succeedDuration=2h 8m 22s; failedDuration=0ms; cachedDuration=0ms;loadCpus=0; loadMemory=0; peakRunning=6; peakCpus=60; peakMemory=98.8 GB; ]
Jan-26 04:59:38.511 [main] DEBUG nextflow.trace.TraceFileObserver - Workflow completed -- saving trace file
Jan-26 04:59:38.522 [main] DEBUG nextflow.trace.ReportObserver - Workflow completed -- rendering execution report
Jan-26 04:59:39.193 [main] DEBUG nextflow.trace.TimelineObserver - Workflow completed -- rendering execution timeline
Jan-26 04:59:39.355 [main] DEBUG nextflow.cache.CacheDB - Closing CacheDB done
Jan-26 04:59:39.390 [main] DEBUG nextflow.util.ThreadPoolManager - Thread pool 'FileTransfer' shutdown completed (hard=false)
Jan-26 04:59:39.391 [main] DEBUG nextflow.script.ScriptRunner - > Execution complete -- Goodbye
