Dec-01 11:58:21.125 [main] DEBUG nextflow.cli.Launcher - $> nextflow run /input/fork -c /experiments/experiment/fork/nextflow.config -c /experiments/experiment/nextflow_cws.config -c /experiments/experiment/nextflow_ceph.config
Dec-01 11:58:21.184 [main] INFO  nextflow.cli.CmdRun - N E X T F L O W  ~  version 23.07.0-edge
Dec-01 11:58:21.201 [main] DEBUG nextflow.plugin.PluginsFacade - Setting up plugin manager > mode=prod; embedded=false; plugins-dir=/.nextflow/plugins; core-plugins: nf-amazon@2.1.0,nf-azure@1.1.4,nf-cloudcache@0.1.0,nf-codecommit@0.1.5,nf-console@1.0.6,nf-ga4gh@1.1.0,nf-google@1.8.1,nf-tower@1.5.15,nf-wave@0.11.0
Dec-01 11:58:21.210 [main] INFO  o.pf4j.DefaultPluginStatusProvider - Enabled plugins: []
Dec-01 11:58:21.211 [main] INFO  o.pf4j.DefaultPluginStatusProvider - Disabled plugins: []
Dec-01 11:58:21.214 [main] INFO  org.pf4j.DefaultPluginManager - PF4J version 3.4.1 in 'deployment' mode
Dec-01 11:58:21.221 [main] INFO  org.pf4j.AbstractPluginManager - No plugins
Dec-01 11:58:21.240 [main] DEBUG nextflow.scm.AssetManager - Project manifest does not exist: /input/fork/nextflow.config (No such file or directory)
Dec-01 11:58:21.262 [main] DEBUG nextflow.config.ConfigBuilder - User config file: /experiments/experiment/fork/nextflow.config
Dec-01 11:58:21.263 [main] DEBUG nextflow.config.ConfigBuilder - User config file: /experiments/experiment/nextflow_cws.config
Dec-01 11:58:21.263 [main] DEBUG nextflow.config.ConfigBuilder - User config file: /experiments/experiment/nextflow_ceph.config
Dec-01 11:58:21.263 [main] DEBUG nextflow.config.ConfigBuilder - Parsing config file: /experiments/experiment/fork/nextflow.config
Dec-01 11:58:21.263 [main] DEBUG nextflow.config.ConfigBuilder - Parsing config file: /experiments/experiment/nextflow_cws.config
Dec-01 11:58:21.263 [main] DEBUG nextflow.config.ConfigBuilder - Parsing config file: /experiments/experiment/nextflow_ceph.config
Dec-01 11:58:21.278 [main] DEBUG nextflow.config.ConfigBuilder - Applying config profile: `standard`
Dec-01 11:58:21.762 [main] DEBUG nextflow.config.ConfigBuilder - Applying config profile: `standard`
Dec-01 11:58:21.906 [main] DEBUG nextflow.config.ConfigBuilder - Applying config profile: `standard`
Dec-01 11:58:21.931 [main] DEBUG nextflow.cli.CmdRun - Applied DSL=2 by global default
Dec-01 11:58:21.944 [main] INFO  nextflow.cli.CmdRun - Launching `/input/fork/main.nf` [suspicious_brenner] DSL2 - revision: 64aabf06f3
Dec-01 11:58:21.945 [main] DEBUG nextflow.plugin.PluginsFacade - Plugins default=[]
Dec-01 11:58:21.945 [main] DEBUG nextflow.plugin.PluginsFacade - Plugins resolved requirement=[]
Dec-01 11:58:21.952 [main] DEBUG n.secret.LocalSecretsProvider - Secrets store: /.nextflow/secrets/store.json
Dec-01 11:58:21.954 [main] DEBUG nextflow.secret.SecretsLoader - Discovered secrets providers: [nextflow.secret.LocalSecretsProvider@5b7c8930] - activable => nextflow.secret.LocalSecretsProvider@5b7c8930
Dec-01 11:58:22.003 [main] DEBUG nextflow.Session - Session UUID: 4d3cfa93-6974-4aa2-91dd-45b02797af2a
Dec-01 11:58:22.004 [main] DEBUG nextflow.Session - Run name: suspicious_brenner
Dec-01 11:58:22.004 [main] DEBUG nextflow.Session - Executor pool size: 32
Dec-01 11:58:22.010 [main] DEBUG nextflow.file.FilePorter - File porter settings maxRetries=3; maxTransfers=50; pollTimeout=null
Dec-01 11:58:22.013 [main] DEBUG nextflow.util.ThreadPoolBuilder - Creating thread pool 'FileTransfer' minSize=10; maxSize=96; workQueue=LinkedBlockingQueue[10000]; allowCoreThreadTimeout=false
Dec-01 11:58:22.039 [main] DEBUG nextflow.cli.CmdRun - 
  Version: 23.07.0-edge build 5875
  Created: 28-07-2023 20:27 UTC (20:27 GMT)
  System: Linux 5.4.0-166-generic
  Runtime: Groovy 3.0.18 on OpenJDK 64-Bit Server VM 17.0.6+10-LTS
  Encoding: UTF-8 (UTF-8)
  Process: 3380578@nextflow [10.233.76.46]
  CPUs: 32 - Mem: 125.7 GB (120.9 GB) - Swap: 0 (0)
Dec-01 11:58:22.069 [main] DEBUG nextflow.Session - Work-dir: /input/data/work [ceph]
Dec-01 11:58:22.069 [main] DEBUG nextflow.Session - Script base path does not exist or is not a directory: /input/fork/bin
Dec-01 11:58:22.079 [main] DEBUG nextflow.executor.ExecutorFactory - Extension executors providers=[]
Dec-01 11:58:22.086 [main] DEBUG nextflow.Session - Observer factory: DefaultObserverFactory
Dec-01 11:58:22.112 [main] DEBUG nextflow.cache.CacheFactory - Using Nextflow cache factory: nextflow.cache.DefaultCacheFactory
Dec-01 11:58:22.119 [main] DEBUG nextflow.util.CustomThreadPool - Creating default thread pool > poolSize: 33; maxThreads: 1000
Dec-01 11:58:22.215 [main] DEBUG nextflow.Session - Session start
Dec-01 11:58:22.221 [main] DEBUG nextflow.trace.TraceFileObserver - Workflow started -- trace file: /input/data/output/trace.csv
Dec-01 11:58:22.365 [main] DEBUG nextflow.script.ScriptRunner - > Launching execution
Dec-01 11:58:22.566 [main] DEBUG nextflow.script.ProcessConfig - Config settings `withName:writeLargeFile` matches process writeLargeFile
Dec-01 11:58:22.584 [main] DEBUG nextflow.executor.ExecutorFactory - << taskConfig executor: k8s
Dec-01 11:58:22.584 [main] DEBUG nextflow.executor.ExecutorFactory - >> processorType: 'k8s'
Dec-01 11:58:22.592 [main] DEBUG nextflow.executor.Executor - [warm up] executor > k8s
Dec-01 11:58:22.608 [main] DEBUG n.processor.TaskPollingMonitor - Creating task monitor for executor 'k8s' > capacity: 300; pollInterval: 5s; dumpInterval: 5m; schedulerBatch: null
Dec-01 11:58:22.612 [main] DEBUG nextflow.k8s.client.ConfigDiscovery - K8s config file does not exist: /root/.kube/config
Dec-01 11:58:22.623 [main] DEBUG nextflow.k8s.K8sExecutor - [K8s] config=[scheduler:[strategy:rank_max-fair, name:workflow-scheduler, autoClose:false, nodeSelector:usedby=anonymized, container:anonymized/test1:sch_v194], debug:[yaml:true], namespace:anonymized, serviceAccount:nextflow, workDir:/input/data/work/, projectDir:/input/data/project/, imagePullPolicy:IfNotPresent, launchDir:/input/data/launch/, runAsUser:0, fetchNodeName:true, storageMountPath:/input, pod:[nodeSelector:usedby=anonymized], storage:[nodeSelector:usedby=anonymized, imageName:anonymized/test1:ftp_v122], storageClaimName:ceph-data]; API client config=ClientConfig[ server=10.233.0.1:443, namespace=anonymized, serviceAccount=nextflow, token=eyJhbGciOiJ.., sslCert=LS0tLS1CRUd.., clientCert=-, clientKey=-, verifySsl=false, fromFile=true, httpReadTimeout=null, httpConnectTimeout=null, maxErrorRetry=4 ]
Dec-01 11:58:26.272 [main] DEBUG nextflow.script.ProcessConfig - Config settings `withName:revertFile` matches process revertFile
Dec-01 11:58:26.273 [main] DEBUG nextflow.executor.ExecutorFactory - << taskConfig executor: k8s
Dec-01 11:58:26.274 [main] DEBUG nextflow.executor.ExecutorFactory - >> processorType: 'k8s'
Dec-01 11:58:26.287 [main] DEBUG nextflow.Session - Workflow process names [dsl2]: revertFile, combineFiles, writeLargeFile
Dec-01 11:58:26.289 [main] DEBUG nextflow.Session - Igniting dataflow network (3)
Dec-01 11:58:26.290 [main] DEBUG nextflow.processor.TaskProcessor - Starting process > writeLargeFile
Dec-01 11:58:26.292 [main] DEBUG nextflow.processor.TaskProcessor - Starting process > revertFile
Dec-01 11:58:26.292 [main] DEBUG nextflow.script.ScriptRunner - > Awaiting termination 
Dec-01 11:58:26.293 [main] DEBUG nextflow.Session - Session await
Dec-01 11:58:26.521 [Task submitter] INFO  nextflow.Session - [aa/2558fa] Submitted process > writeLargeFile (1)
Dec-01 11:58:57.677 [Task monitor] DEBUG n.processor.TaskPollingMonitor - Task completed > TaskHandler[id: 1; name: writeLargeFile (1); status: COMPLETED; exit: 0; error: -; workDir: /input/data/work/aa/2558fad7ce624b02151bf46c1cf63e]
Dec-01 11:58:57.768 [Task submitter] INFO  nextflow.Session - [8f/a96add] Submitted process > revertFile (12)
Dec-01 11:58:57.824 [Task submitter] INFO  nextflow.Session - [d2/122694] Submitted process > revertFile (20)
Dec-01 11:58:57.861 [Task submitter] INFO  nextflow.Session - [e1/d3c0b6] Submitted process > revertFile (1)
Dec-01 11:58:57.894 [Task submitter] INFO  nextflow.Session - [c8/218e24] Submitted process > revertFile (4)
Dec-01 11:58:57.928 [Task submitter] INFO  nextflow.Session - [ad/a334e1] Submitted process > revertFile (28)
Dec-01 11:58:57.960 [Task submitter] INFO  nextflow.Session - [ad/2f0acd] Submitted process > revertFile (5)
Dec-01 11:58:57.993 [Task submitter] INFO  nextflow.Session - [1f/3bb8ec] Submitted process > revertFile (14)
Dec-01 11:58:58.026 [Task submitter] INFO  nextflow.Session - [42/f97c73] Submitted process > revertFile (10)
Dec-01 11:58:58.057 [Task submitter] INFO  nextflow.Session - [67/710f0b] Submitted process > revertFile (32)
Dec-01 11:58:58.088 [Task submitter] INFO  nextflow.Session - [f2/709a7e] Submitted process > revertFile (25)
Dec-01 11:58:58.120 [Task submitter] INFO  nextflow.Session - [79/8cc1b6] Submitted process > revertFile (2)
Dec-01 11:58:58.155 [Task submitter] INFO  nextflow.Session - [b6/46bfb2] Submitted process > revertFile (13)
Dec-01 11:58:58.183 [Task submitter] INFO  nextflow.Session - [f2/ab93c1] Submitted process > revertFile (17)
Dec-01 11:58:58.214 [Task submitter] INFO  nextflow.Session - [07/d526e1] Submitted process > revertFile (11)
Dec-01 11:58:58.243 [Task submitter] INFO  nextflow.Session - [d0/6d64ff] Submitted process > revertFile (18)
Dec-01 11:58:58.274 [Task submitter] INFO  nextflow.Session - [82/f614b0] Submitted process > revertFile (15)
Dec-01 11:58:58.306 [Task submitter] INFO  nextflow.Session - [30/e84ff9] Submitted process > revertFile (16)
Dec-01 11:58:58.338 [Task submitter] INFO  nextflow.Session - [df/906e13] Submitted process > revertFile (19)
Dec-01 11:58:58.369 [Task submitter] INFO  nextflow.Session - [9e/6d3f8c] Submitted process > revertFile (26)
Dec-01 11:58:58.399 [Task submitter] INFO  nextflow.Session - [27/c6f5b5] Submitted process > revertFile (24)
Dec-01 11:58:58.428 [Task submitter] INFO  nextflow.Session - [b1/307f18] Submitted process > revertFile (23)
Dec-01 11:58:58.457 [Task submitter] INFO  nextflow.Session - [9d/83d45d] Submitted process > revertFile (21)
Dec-01 11:58:58.493 [Task submitter] INFO  nextflow.Session - [24/93cdd4] Submitted process > revertFile (29)
Dec-01 11:58:58.527 [Task submitter] INFO  nextflow.Session - [a4/972dc3] Submitted process > revertFile (27)
Dec-01 11:58:58.558 [Task submitter] INFO  nextflow.Session - [71/f54f5f] Submitted process > revertFile (51)
Dec-01 11:58:58.590 [Task submitter] INFO  nextflow.Session - [0b/1b7d32] Submitted process > revertFile (6)
Dec-01 11:58:58.624 [Task submitter] INFO  nextflow.Session - [6a/11d4b3] Submitted process > revertFile (30)
Dec-01 11:58:58.654 [Task submitter] INFO  nextflow.Session - [bf/fbe4e0] Submitted process > revertFile (22)
Dec-01 11:58:58.687 [Task submitter] INFO  nextflow.Session - [eb/95624d] Submitted process > revertFile (9)
Dec-01 11:58:58.718 [Task submitter] INFO  nextflow.Session - [69/c975f9] Submitted process > revertFile (3)
Dec-01 11:58:58.746 [Task submitter] INFO  nextflow.Session - [8e/251adc] Submitted process > revertFile (7)
Dec-01 11:58:58.777 [Task submitter] INFO  nextflow.Session - [ea/cb47ca] Submitted process > revertFile (31)
Dec-01 11:58:58.810 [Task submitter] INFO  nextflow.Session - [c1/9788c8] Submitted process > revertFile (8)
Dec-01 11:58:58.844 [Task submitter] INFO  nextflow.Session - [a0/d353b7] Submitted process > revertFile (36)
Dec-01 11:58:58.877 [Task submitter] INFO  nextflow.Session - [f0/71f1de] Submitted process > revertFile (33)
Dec-01 11:58:58.908 [Task submitter] INFO  nextflow.Session - [5b/eda013] Submitted process > revertFile (34)
Dec-01 11:58:58.936 [Task submitter] INFO  nextflow.Session - [52/c11a0e] Submitted process > revertFile (35)
Dec-01 11:58:58.966 [Task submitter] INFO  nextflow.Session - [3c/6ef840] Submitted process > revertFile (37)
Dec-01 11:58:58.994 [Task submitter] INFO  nextflow.Session - [ee/5f00dd] Submitted process > revertFile (38)
Dec-01 11:58:59.025 [Task submitter] INFO  nextflow.Session - [b7/d9b38b] Submitted process > revertFile (40)
Dec-01 11:58:59.057 [Task submitter] INFO  nextflow.Session - [e8/2b53ea] Submitted process > revertFile (39)
Dec-01 11:58:59.088 [Task submitter] INFO  nextflow.Session - [5b/26bce2] Submitted process > revertFile (42)
Dec-01 11:58:59.120 [Task submitter] INFO  nextflow.Session - [a9/919bfb] Submitted process > revertFile (41)
Dec-01 11:58:59.169 [Task submitter] INFO  nextflow.Session - [74/59736f] Submitted process > revertFile (44)
Dec-01 11:58:59.199 [Task submitter] INFO  nextflow.Session - [95/78e384] Submitted process > revertFile (43)
Dec-01 11:58:59.230 [Task submitter] INFO  nextflow.Session - [3c/d9db28] Submitted process > revertFile (46)
Dec-01 11:58:59.269 [Task submitter] INFO  nextflow.Session - [a5/81322a] Submitted process > revertFile (45)
Dec-01 11:58:59.299 [Task submitter] INFO  nextflow.Session - [8f/156f76] Submitted process > revertFile (49)
Dec-01 11:58:59.335 [Task submitter] INFO  nextflow.Session - [45/344227] Submitted process > revertFile (48)
Dec-01 11:58:59.364 [Task submitter] INFO  nextflow.Session - [5e/d01a1b] Submitted process > revertFile (47)
Dec-01 11:58:59.396 [Task submitter] INFO  nextflow.Session - [2e/52a530] Submitted process > revertFile (50)
Dec-01 11:58:59.429 [Task submitter] INFO  nextflow.Session - [5f/177b1a] Submitted process > revertFile (52)
Dec-01 11:58:59.458 [Task submitter] INFO  nextflow.Session - [2a/46091d] Submitted process > revertFile (53)
Dec-01 11:58:59.486 [Task submitter] INFO  nextflow.Session - [e9/3518a7] Submitted process > revertFile (54)
Dec-01 11:58:59.515 [Task submitter] INFO  nextflow.Session - [34/7a50bb] Submitted process > revertFile (55)
Dec-01 11:58:59.543 [Task submitter] INFO  nextflow.Session - [23/1f9a17] Submitted process > revertFile (56)
Dec-01 11:58:59.571 [Task submitter] INFO  nextflow.Session - [87/16d967] Submitted process > revertFile (57)
Dec-01 11:58:59.599 [Task submitter] INFO  nextflow.Session - [c8/7e41c4] Submitted process > revertFile (59)
Dec-01 11:58:59.626 [Task submitter] INFO  nextflow.Session - [93/b022a4] Submitted process > revertFile (58)
Dec-01 11:58:59.653 [Task submitter] INFO  nextflow.Session - [4d/11f98a] Submitted process > revertFile (60)
Dec-01 11:58:59.683 [Task submitter] INFO  nextflow.Session - [ff/7fbd62] Submitted process > revertFile (62)
Dec-01 11:58:59.713 [Task submitter] INFO  nextflow.Session - [9f/47233b] Submitted process > revertFile (63)
Dec-01 11:58:59.743 [Task submitter] INFO  nextflow.Session - [99/dc2251] Submitted process > revertFile (61)
Dec-01 11:58:59.772 [Task submitter] INFO  nextflow.Session - [30/fd50cd] Submitted process > revertFile (65)
Dec-01 11:58:59.802 [Task submitter] INFO  nextflow.Session - [3d/4943d4] Submitted process > revertFile (93)
Dec-01 11:58:59.830 [Task submitter] INFO  nextflow.Session - [fd/c37dfb] Submitted process > revertFile (64)
Dec-01 11:58:59.862 [Task submitter] INFO  nextflow.Session - [e3/e77931] Submitted process > revertFile (66)
Dec-01 11:58:59.889 [Task submitter] INFO  nextflow.Session - [f0/247f3d] Submitted process > revertFile (69)
Dec-01 11:58:59.917 [Task submitter] INFO  nextflow.Session - [22/7b40cc] Submitted process > revertFile (67)
Dec-01 11:58:59.945 [Task submitter] INFO  nextflow.Session - [96/7fc69a] Submitted process > revertFile (68)
Dec-01 11:58:59.975 [Task submitter] INFO  nextflow.Session - [7f/4c032d] Submitted process > revertFile (70)
Dec-01 11:59:00.006 [Task submitter] INFO  nextflow.Session - [c0/e0a914] Submitted process > revertFile (71)
Dec-01 11:59:00.037 [Task submitter] INFO  nextflow.Session - [fe/758e2e] Submitted process > revertFile (73)
Dec-01 11:59:00.068 [Task submitter] INFO  nextflow.Session - [28/5e95e7] Submitted process > revertFile (72)
Dec-01 11:59:00.097 [Task submitter] INFO  nextflow.Session - [99/ba49e3] Submitted process > revertFile (75)
Dec-01 11:59:00.160 [Task submitter] INFO  nextflow.Session - [b2/824aba] Submitted process > revertFile (74)
Dec-01 11:59:00.191 [Task submitter] INFO  nextflow.Session - [e9/5e5ff3] Submitted process > revertFile (76)
Dec-01 11:59:00.221 [Task submitter] INFO  nextflow.Session - [a1/38c42f] Submitted process > revertFile (78)
Dec-01 11:59:00.247 [Task submitter] INFO  nextflow.Session - [88/96d795] Submitted process > revertFile (77)
Dec-01 11:59:00.277 [Task submitter] INFO  nextflow.Session - [38/697bd6] Submitted process > revertFile (79)
Dec-01 11:59:00.306 [Task submitter] INFO  nextflow.Session - [02/bf708a] Submitted process > revertFile (80)
Dec-01 11:59:00.339 [Task submitter] INFO  nextflow.Session - [93/1a58f2] Submitted process > revertFile (83)
Dec-01 11:59:00.367 [Task submitter] INFO  nextflow.Session - [2c/da0fc4] Submitted process > revertFile (82)
Dec-01 11:59:00.397 [Task submitter] INFO  nextflow.Session - [39/f37294] Submitted process > revertFile (81)
Dec-01 11:59:00.425 [Task submitter] INFO  nextflow.Session - [43/7abb43] Submitted process > revertFile (84)
Dec-01 11:59:00.457 [Task submitter] INFO  nextflow.Session - [ad/47268c] Submitted process > revertFile (85)
Dec-01 11:59:00.485 [Task submitter] INFO  nextflow.Session - [95/1d9c7f] Submitted process > revertFile (87)
Dec-01 11:59:00.513 [Task submitter] INFO  nextflow.Session - [a1/843981] Submitted process > revertFile (88)
Dec-01 11:59:00.546 [Task submitter] INFO  nextflow.Session - [90/9651e0] Submitted process > revertFile (86)
Dec-01 11:59:00.574 [Task submitter] INFO  nextflow.Session - [3d/6cb34f] Submitted process > revertFile (90)
Dec-01 11:59:00.604 [Task submitter] INFO  nextflow.Session - [07/0108c1] Submitted process > revertFile (91)
Dec-01 11:59:00.632 [Task submitter] INFO  nextflow.Session - [4b/932f04] Submitted process > revertFile (89)
Dec-01 11:59:00.657 [Task submitter] INFO  nextflow.Session - [73/097c4c] Submitted process > revertFile (92)
Dec-01 11:59:00.687 [Task submitter] INFO  nextflow.Session - [25/9348ad] Submitted process > revertFile (94)
Dec-01 11:59:00.715 [Task submitter] INFO  nextflow.Session - [e4/4f4d3d] Submitted process > revertFile (95)
Dec-01 11:59:00.741 [Task submitter] INFO  nextflow.Session - [7d/0e845f] Submitted process > revertFile (96)
Dec-01 11:59:00.773 [Task submitter] INFO  nextflow.Session - [72/640ca7] Submitted process > revertFile (97)
Dec-01 11:59:00.801 [Task submitter] INFO  nextflow.Session - [9f/ed4a6f] Submitted process > revertFile (99)
Dec-01 11:59:00.828 [Task submitter] INFO  nextflow.Session - [4c/850e18] Submitted process > revertFile (98)
Dec-01 11:59:00.855 [Task submitter] INFO  nextflow.Session - [8d/4b63c5] Submitted process > revertFile (100)
Dec-01 12:00:42.937 [Task monitor] DEBUG n.processor.TaskPollingMonitor - Task completed > TaskHandler[id: 21; name: revertFile (20); status: COMPLETED; exit: 0; error: -; workDir: /input/data/work/d2/1226947e0e394ba2548536e34d732f]
Dec-01 12:00:48.764 [Task monitor] DEBUG n.processor.TaskPollingMonitor - Task completed > TaskHandler[id: 26; name: revertFile (25); status: COMPLETED; exit: 0; error: -; workDir: /input/data/work/f2/709a7e7423b048e108b69ff1aee90d]
Dec-01 12:00:48.912 [Task monitor] DEBUG n.processor.TaskPollingMonitor - Task completed > TaskHandler[id: 20; name: revertFile (19); status: COMPLETED; exit: 0; error: -; workDir: /input/data/work/df/906e13b051cd9c03fd1a6424e75a06]
Dec-01 12:00:51.146 [Task monitor] DEBUG n.processor.TaskPollingMonitor - Task completed > TaskHandler[id: 5; name: revertFile (4); status: COMPLETED; exit: 0; error: -; workDir: /input/data/work/c8/218e248e841f737cb6c3d922c897d7]
Dec-01 12:00:51.200 [Task monitor] DEBUG n.processor.TaskPollingMonitor - Task completed > TaskHandler[id: 6; name: revertFile (5); status: COMPLETED; exit: 0; error: -; workDir: /input/data/work/ad/2f0acdd283f35d97e1aea7959d7c4f]
Dec-01 12:00:51.296 [Task monitor] DEBUG n.processor.TaskPollingMonitor - Task completed > TaskHandler[id: 3; name: revertFile (2); status: COMPLETED; exit: 0; error: -; workDir: /input/data/work/79/8cc1b65048ceffd64718b124837728]
Dec-01 12:00:51.339 [Task monitor] DEBUG n.processor.TaskPollingMonitor - Task completed > TaskHandler[id: 14; name: revertFile (13); status: COMPLETED; exit: 0; error: -; workDir: /input/data/work/b6/46bfb2abd6e77df276b431d4b5fef8]
Dec-01 12:00:51.391 [Task monitor] DEBUG n.processor.TaskPollingMonitor - Task completed > TaskHandler[id: 12; name: revertFile (11); status: COMPLETED; exit: 0; error: -; workDir: /input/data/work/07/d526e159ad4c18d31cc36a4b4661ee]
Dec-01 12:00:51.432 [Task monitor] DEBUG n.processor.TaskPollingMonitor - Task completed > TaskHandler[id: 19; name: revertFile (18); status: COMPLETED; exit: 0; error: -; workDir: /input/data/work/d0/6d64fff497cc44845712ad68db906e]
Dec-01 12:00:51.710 [Task monitor] DEBUG n.processor.TaskPollingMonitor - Task completed > TaskHandler[id: 27; name: revertFile (26); status: COMPLETED; exit: 0; error: -; workDir: /input/data/work/9e/6d3f8c2acf4f9771074299a8056b53]
Dec-01 12:00:51.760 [Task monitor] DEBUG n.processor.TaskPollingMonitor - Task completed > TaskHandler[id: 25; name: revertFile (24); status: COMPLETED; exit: 0; error: -; workDir: /input/data/work/27/c6f5b59b2052b321d34e739ed47936]
Dec-01 12:00:51.813 [Task monitor] DEBUG n.processor.TaskPollingMonitor - Task completed > TaskHandler[id: 22; name: revertFile (21); status: COMPLETED; exit: 0; error: -; workDir: /input/data/work/9d/83d45dccf1ed24bd8f19e122116066]
Dec-01 12:00:51.852 [Task monitor] DEBUG n.processor.TaskPollingMonitor - Task completed > TaskHandler[id: 30; name: revertFile (29); status: COMPLETED; exit: 0; error: -; workDir: /input/data/work/24/93cdd4e3728c8ff57957a6ceb95073]
Dec-01 12:00:56.122 [Task monitor] DEBUG n.processor.TaskPollingMonitor - Task completed > TaskHandler[id: 13; name: revertFile (12); status: COMPLETED; exit: 0; error: -; workDir: /input/data/work/8f/a96add921a5432ff707f74aae7cd8e]
Dec-01 12:00:56.192 [Task monitor] DEBUG n.processor.TaskPollingMonitor - Task completed > TaskHandler[id: 2; name: revertFile (1); status: COMPLETED; exit: 0; error: -; workDir: /input/data/work/e1/d3c0b6f54181055678a5675a75cec8]
Dec-01 12:00:56.259 [Task monitor] DEBUG n.processor.TaskPollingMonitor - Task completed > TaskHandler[id: 29; name: revertFile (28); status: COMPLETED; exit: 0; error: -; workDir: /input/data/work/ad/a334e14f85fc6d938c7d49250402fc]
Dec-01 12:00:56.335 [Task monitor] DEBUG n.processor.TaskPollingMonitor - Task completed > TaskHandler[id: 15; name: revertFile (14); status: COMPLETED; exit: 0; error: -; workDir: /input/data/work/1f/3bb8ec7cccbf8d96d4c605b90be5b3]
Dec-01 12:01:01.928 [Task monitor] DEBUG n.processor.TaskPollingMonitor - Task completed > TaskHandler[id: 33; name: revertFile (32); status: COMPLETED; exit: 0; error: -; workDir: /input/data/work/67/710f0b3c91b90af91e2e75d7cdede2]
Dec-01 12:01:01.992 [Task monitor] DEBUG n.processor.TaskPollingMonitor - Task completed > TaskHandler[id: 18; name: revertFile (17); status: COMPLETED; exit: 0; error: -; workDir: /input/data/work/f2/ab93c176f1eaa1e8dee41ca4c22e69]
Dec-01 12:01:02.057 [Task monitor] DEBUG n.processor.TaskPollingMonitor - Task completed > TaskHandler[id: 17; name: revertFile (16); status: COMPLETED; exit: 0; error: -; workDir: /input/data/work/30/e84ff9af611dcf8ebf34d861829435]
Dec-01 12:01:02.110 [Task monitor] DEBUG n.processor.TaskPollingMonitor - Task completed > TaskHandler[id: 24; name: revertFile (23); status: COMPLETED; exit: 0; error: -; workDir: /input/data/work/b1/307f1807ebd2011aec07eab717a5f2]
Dec-01 12:01:12.265 [Task monitor] DEBUG n.processor.TaskPollingMonitor - Task completed > TaskHandler[id: 28; name: revertFile (27); status: COMPLETED; exit: 0; error: -; workDir: /input/data/work/a4/972dc36aeb01de75b31227a1521e82]
Dec-01 12:01:19.184 [Task monitor] DEBUG n.processor.TaskPollingMonitor - Task completed > TaskHandler[id: 11; name: revertFile (10); status: COMPLETED; exit: 0; error: -; workDir: /input/data/work/42/f97c73da62963f005b09e34ebac523]
Dec-01 12:01:34.362 [Task monitor] DEBUG n.processor.TaskPollingMonitor - Task completed > TaskHandler[id: 16; name: revertFile (15); status: COMPLETED; exit: 0; error: -; workDir: /input/data/work/82/f614b0c22939fab319702dbe1918be]
Dec-01 12:02:00.577 [Task monitor] DEBUG n.processor.TaskPollingMonitor - Task completed > TaskHandler[id: 52; name: revertFile (51); status: COMPLETED; exit: 0; error: -; workDir: /input/data/work/71/f54f5fda596e8fa633b70267c09ab2]
Dec-01 12:02:00.683 [Task monitor] DEBUG n.processor.TaskPollingMonitor - Task completed > TaskHandler[id: 7; name: revertFile (6); status: COMPLETED; exit: 0; error: -; workDir: /input/data/work/0b/1b7d32cd7bff1816d115f28b48b167]
Dec-01 12:02:00.778 [Task monitor] DEBUG n.processor.TaskPollingMonitor - Task completed > TaskHandler[id: 31; name: revertFile (30); status: COMPLETED; exit: 0; error: -; workDir: /input/data/work/6a/11d4b3e973847261673df910361e75]
Dec-01 12:02:00.849 [Task monitor] DEBUG n.processor.TaskPollingMonitor - Task completed > TaskHandler[id: 23; name: revertFile (22); status: COMPLETED; exit: 0; error: -; workDir: /input/data/work/bf/fbe4e08214523693861b61dd10b591]
Dec-01 12:02:00.961 [Task monitor] DEBUG n.processor.TaskPollingMonitor - Task completed > TaskHandler[id: 10; name: revertFile (9); status: COMPLETED; exit: 0; error: -; workDir: /input/data/work/eb/95624d5031120429c55259be24821b]
Dec-01 12:02:01.058 [Task monitor] DEBUG n.processor.TaskPollingMonitor - Task completed > TaskHandler[id: 4; name: revertFile (3); status: COMPLETED; exit: 0; error: -; workDir: /input/data/work/69/c975f9940a17768d7da2320a7eb369]
Dec-01 12:02:01.110 [Task monitor] DEBUG n.processor.TaskPollingMonitor - Task completed > TaskHandler[id: 8; name: revertFile (7); status: COMPLETED; exit: 0; error: -; workDir: /input/data/work/8e/251adc5137457fee19d3913f2c72e0]
Dec-01 12:02:01.212 [Task monitor] DEBUG n.processor.TaskPollingMonitor - Task completed > TaskHandler[id: 32; name: revertFile (31); status: COMPLETED; exit: 0; error: -; workDir: /input/data/work/ea/cb47ca25a19486f0ad98ff17ca71d2]
Dec-01 12:02:01.288 [Task monitor] DEBUG n.processor.TaskPollingMonitor - Task completed > TaskHandler[id: 9; name: revertFile (8); status: COMPLETED; exit: 0; error: -; workDir: /input/data/work/c1/9788c8a1eb50199925cf57f1f64d84]
Dec-01 12:02:01.460 [Task monitor] DEBUG n.processor.TaskPollingMonitor - Task completed > TaskHandler[id: 37; name: revertFile (36); status: COMPLETED; exit: 0; error: -; workDir: /input/data/work/a0/d353b7982bdcc3c831f6475c882e52]
Dec-01 12:02:01.502 [Task monitor] DEBUG n.processor.TaskPollingMonitor - Task completed > TaskHandler[id: 34; name: revertFile (33); status: COMPLETED; exit: 0; error: -; workDir: /input/data/work/f0/71f1de3940f0e8fb2b1b9e390fed5a]
Dec-01 12:02:01.763 [Task monitor] DEBUG n.processor.TaskPollingMonitor - Task completed > TaskHandler[id: 35; name: revertFile (34); status: COMPLETED; exit: 0; error: -; workDir: /input/data/work/5b/eda013b6fe1fcfb4b5e9b4fcbad21e]
Dec-01 12:02:04.456 [Task monitor] DEBUG n.processor.TaskPollingMonitor - Task completed > TaskHandler[id: 42; name: revertFile (41); status: COMPLETED; exit: 0; error: -; workDir: /input/data/work/a9/919bfbf108fb9943fc3b9eb0c4f69c]
Dec-01 12:02:04.629 [Task monitor] DEBUG n.processor.TaskPollingMonitor - Task completed > TaskHandler[id: 45; name: revertFile (44); status: COMPLETED; exit: 0; error: -; workDir: /input/data/work/74/59736f70684e92c9fae1b66c121ebf]
Dec-01 12:02:04.855 [Task monitor] DEBUG n.processor.TaskPollingMonitor - Task completed > TaskHandler[id: 44; name: revertFile (43); status: COMPLETED; exit: 0; error: -; workDir: /input/data/work/95/78e3842f22f1453e9d5d2376781afc]
Dec-01 12:02:07.942 [Task monitor] DEBUG n.processor.TaskPollingMonitor - Task completed > TaskHandler[id: 49; name: revertFile (48); status: COMPLETED; exit: 0; error: -; workDir: /input/data/work/45/344227e43b6193ce22bd2dbb692af3]
Dec-01 12:02:08.934 [Task monitor] DEBUG n.processor.TaskPollingMonitor - Task completed > TaskHandler[id: 48; name: revertFile (47); status: COMPLETED; exit: 0; error: -; workDir: /input/data/work/5e/d01a1b4d6f9be1143a20316929f23a]
Dec-01 12:02:09.047 [Task monitor] DEBUG n.processor.TaskPollingMonitor - Task completed > TaskHandler[id: 51; name: revertFile (50); status: COMPLETED; exit: 0; error: -; workDir: /input/data/work/2e/52a5308bcb79b194ba1c280da19c47]
Dec-01 12:02:10.705 [Task monitor] DEBUG n.processor.TaskPollingMonitor - Task completed > TaskHandler[id: 36; name: revertFile (35); status: COMPLETED; exit: 0; error: -; workDir: /input/data/work/52/c11a0e3851ca02ba730d542ed39c0d]
Dec-01 12:02:10.774 [Task monitor] DEBUG n.processor.TaskPollingMonitor - Task completed > TaskHandler[id: 38; name: revertFile (37); status: COMPLETED; exit: 0; error: -; workDir: /input/data/work/3c/6ef84089eb871d8087cdbd205ee021]
Dec-01 12:02:18.024 [Task monitor] DEBUG n.processor.TaskPollingMonitor - Task completed > TaskHandler[id: 39; name: revertFile (38); status: COMPLETED; exit: 0; error: -; workDir: /input/data/work/ee/5f00dd6ee9e101c3b30700e22ca284]
Dec-01 12:02:30.913 [Task monitor] DEBUG n.processor.TaskPollingMonitor - Task completed > TaskHandler[id: 41; name: revertFile (40); status: COMPLETED; exit: 0; error: -; workDir: /input/data/work/b7/d9b38b2e7ca14a198123102f3577b2]
Dec-01 12:02:36.652 [Task monitor] DEBUG n.processor.TaskPollingMonitor - Task completed > TaskHandler[id: 40; name: revertFile (39); status: COMPLETED; exit: 0; error: -; workDir: /input/data/work/e8/2b53ea5012361418fa1b7620ce02b4]
Dec-01 12:02:36.768 [Task monitor] DEBUG n.processor.TaskPollingMonitor - Task completed > TaskHandler[id: 43; name: revertFile (42); status: COMPLETED; exit: 0; error: -; workDir: /input/data/work/5b/26bce2f95ea5a013339ba1687f654d]
Dec-01 12:02:40.522 [Task monitor] DEBUG n.processor.TaskPollingMonitor - Task completed > TaskHandler[id: 53; name: revertFile (52); status: COMPLETED; exit: 0; error: -; workDir: /input/data/work/5f/177b1a2904e8fd497858a1d8cf7f9d]
Dec-01 12:02:40.568 [Task monitor] DEBUG n.processor.TaskPollingMonitor - Task completed > TaskHandler[id: 54; name: revertFile (53); status: COMPLETED; exit: 0; error: -; workDir: /input/data/work/2a/46091d80b77e855559ceb2d6172ec2]
Dec-01 12:02:40.610 [Task monitor] DEBUG n.processor.TaskPollingMonitor - Task completed > TaskHandler[id: 55; name: revertFile (54); status: COMPLETED; exit: 0; error: -; workDir: /input/data/work/e9/3518a795cb520eac1d38adf41d72b5]
Dec-01 12:02:40.743 [Task monitor] DEBUG n.processor.TaskPollingMonitor - Task completed > TaskHandler[id: 63; name: revertFile (62); status: COMPLETED; exit: 0; error: -; workDir: /input/data/work/ff/7fbd6217b57f83ddf8c0664c093bfc]
Dec-01 12:02:40.936 [Task monitor] DEBUG n.processor.TaskPollingMonitor - Task completed > TaskHandler[id: 64; name: revertFile (63); status: COMPLETED; exit: 0; error: -; workDir: /input/data/work/9f/47233b4ec6499b5e648b9e4fc662a2]
Dec-01 12:02:40.982 [Task monitor] DEBUG n.processor.TaskPollingMonitor - Task completed > TaskHandler[id: 62; name: revertFile (61); status: COMPLETED; exit: 0; error: -; workDir: /input/data/work/99/dc2251cf593de8b696b448ea2fd75a]
Dec-01 12:02:42.020 [Task monitor] DEBUG n.processor.TaskPollingMonitor - Task completed > TaskHandler[id: 47; name: revertFile (46); status: COMPLETED; exit: 0; error: -; workDir: /input/data/work/3c/d9db2891d2e98b06b19ba5081bb724]
Dec-01 12:02:42.056 [Task monitor] DEBUG n.processor.TaskPollingMonitor - Task completed > TaskHandler[id: 46; name: revertFile (45); status: COMPLETED; exit: 0; error: -; workDir: /input/data/work/a5/81322a00a52c1c3d057092c775ff90]
Dec-01 12:02:42.090 [Task monitor] DEBUG n.processor.TaskPollingMonitor - Task completed > TaskHandler[id: 50; name: revertFile (49); status: COMPLETED; exit: 0; error: -; workDir: /input/data/work/8f/156f76740a1ff63d87b8a79a8e6926]
Dec-01 12:02:47.032 [Task monitor] DEBUG n.processor.TaskPollingMonitor - Task completed > TaskHandler[id: 56; name: revertFile (55); status: COMPLETED; exit: 0; error: -; workDir: /input/data/work/34/7a50bb2e3b7c4868ea2286f83596b1]
Dec-01 12:02:47.094 [Task monitor] DEBUG n.processor.TaskPollingMonitor - Task completed > TaskHandler[id: 57; name: revertFile (56); status: COMPLETED; exit: 0; error: -; workDir: /input/data/work/23/1f9a174e669e7d72e8b8470df95430]
Dec-01 12:02:47.135 [Task monitor] DEBUG n.processor.TaskPollingMonitor - Task completed > TaskHandler[id: 58; name: revertFile (57); status: COMPLETED; exit: 0; error: -; workDir: /input/data/work/87/16d96798b698e27cb91c90c32eb500]
Dec-01 12:02:47.227 [Task monitor] DEBUG n.processor.TaskPollingMonitor - Task completed > TaskHandler[id: 60; name: revertFile (59); status: COMPLETED; exit: 0; error: -; workDir: /input/data/work/c8/7e41c4eb9556858c4ad94566656e1f]
Dec-01 12:02:47.377 [Task monitor] DEBUG n.processor.TaskPollingMonitor - Task completed > TaskHandler[id: 59; name: revertFile (58); status: COMPLETED; exit: 0; error: -; workDir: /input/data/work/93/b022a41bb6983f397b90288bd570ff]
Dec-01 12:02:47.567 [Task monitor] DEBUG n.processor.TaskPollingMonitor - Task completed > TaskHandler[id: 61; name: revertFile (60); status: COMPLETED; exit: 0; error: -; workDir: /input/data/work/4d/11f98ab106b15c2d0af24c507c92fe]
Dec-01 12:02:47.999 [Task monitor] DEBUG n.processor.TaskPollingMonitor - Task completed > TaskHandler[id: 67; name: revertFile (66); status: COMPLETED; exit: 0; error: -; workDir: /input/data/work/e3/e77931dcb887c4f67319394e5a2da9]
Dec-01 12:02:48.372 [Task monitor] DEBUG n.processor.TaskPollingMonitor - Task completed > TaskHandler[id: 70; name: revertFile (69); status: COMPLETED; exit: 0; error: -; workDir: /input/data/work/f0/247f3d0c28ea42536d0c1372a82fcd]
Dec-01 12:02:48.622 [Task monitor] DEBUG n.processor.TaskPollingMonitor - Task completed > TaskHandler[id: 68; name: revertFile (67); status: COMPLETED; exit: 0; error: -; workDir: /input/data/work/22/7b40cc327a46df1e398b87e8235bc2]
Dec-01 12:03:04.938 [Task monitor] DEBUG n.processor.TaskPollingMonitor - Task completed > TaskHandler[id: 66; name: revertFile (65); status: COMPLETED; exit: 0; error: -; workDir: /input/data/work/30/fd50cd152e818bdc1258ac1cfb8094]
Dec-01 12:03:21.540 [Task monitor] DEBUG n.processor.TaskPollingMonitor - Task completed > TaskHandler[id: 94; name: revertFile (93); status: COMPLETED; exit: 0; error: -; workDir: /input/data/work/3d/4943d4adb18bac77ced1747bcec66f]
Dec-01 12:03:21.594 [Task monitor] DEBUG n.processor.TaskPollingMonitor - Task completed > TaskHandler[id: 65; name: revertFile (64); status: COMPLETED; exit: 0; error: -; workDir: /input/data/work/fd/c37dfbffaa65264c18105b11593774]
Dec-01 12:03:36.353 [Task monitor] DEBUG n.processor.TaskPollingMonitor - Task completed > TaskHandler[id: 74; name: revertFile (73); status: COMPLETED; exit: 0; error: -; workDir: /input/data/work/fe/758e2e05e5784db6509601ee2f9e3f]
Dec-01 12:03:36.399 [Task monitor] DEBUG n.processor.TaskPollingMonitor - Task completed > TaskHandler[id: 73; name: revertFile (72); status: COMPLETED; exit: 0; error: -; workDir: /input/data/work/28/5e95e7f4992eba335b8c6d05ad2d4f]
Dec-01 12:03:36.446 [Task monitor] DEBUG n.processor.TaskPollingMonitor - Task completed > TaskHandler[id: 76; name: revertFile (75); status: COMPLETED; exit: 0; error: -; workDir: /input/data/work/99/ba49e34f84d52675fc6bd096be0de6]
Dec-01 12:03:36.494 [Task monitor] DEBUG n.processor.TaskPollingMonitor - Task completed > TaskHandler[id: 75; name: revertFile (74); status: COMPLETED; exit: 0; error: -; workDir: /input/data/work/b2/824aba9a9ba373265f6583532b345d]
Dec-01 12:03:36.552 [Task monitor] DEBUG n.processor.TaskPollingMonitor - Task completed > TaskHandler[id: 77; name: revertFile (76); status: COMPLETED; exit: 0; error: -; workDir: /input/data/work/e9/5e5ff362ac49dd2225914a96eca11d]
Dec-01 12:03:36.610 [Task monitor] DEBUG n.processor.TaskPollingMonitor - Task completed > TaskHandler[id: 79; name: revertFile (78); status: COMPLETED; exit: 0; error: -; workDir: /input/data/work/a1/38c42f153d89bc9ca8239d68b49060]
Dec-01 12:03:36.996 [Task monitor] DEBUG n.processor.TaskPollingMonitor - !! executor k8s > tasks to be completed: 25 -- submitted tasks are shown below
~> TaskHandler[id: 69; name: revertFile (68); status: RUNNING; exit: -; error: -; workDir: /input/data/work/96/7fc69a8bf1131d26361c9e3e0b47e1]
~> TaskHandler[id: 71; name: revertFile (70); status: RUNNING; exit: -; error: -; workDir: /input/data/work/7f/4c032dc0f1e233264d20568294e61c]
~> TaskHandler[id: 72; name: revertFile (71); status: RUNNING; exit: -; error: -; workDir: /input/data/work/c0/e0a914cf5f8951f1a23250bb1e34f5]
~> TaskHandler[id: 78; name: revertFile (77); status: RUNNING; exit: -; error: -; workDir: /input/data/work/88/96d795fd8afee5d50a47a9d8f5e3dc]
~> TaskHandler[id: 80; name: revertFile (79); status: RUNNING; exit: -; error: -; workDir: /input/data/work/38/697bd663409752abd9083c9150c179]
~> TaskHandler[id: 81; name: revertFile (80); status: RUNNING; exit: -; error: -; workDir: /input/data/work/02/bf708a43cfaf7e2689beb4a30f9456]
~> TaskHandler[id: 84; name: revertFile (83); status: RUNNING; exit: -; error: -; workDir: /input/data/work/93/1a58f23c1407102b0bccc6797fad0c]
~> TaskHandler[id: 83; name: revertFile (82); status: RUNNING; exit: -; error: -; workDir: /input/data/work/2c/da0fc4921828669424a06882c8f4d5]
~> TaskHandler[id: 82; name: revertFile (81); status: RUNNING; exit: -; error: -; workDir: /input/data/work/39/f37294b622f47596858b8f4f592d85]
~> TaskHandler[id: 85; name: revertFile (84); status: RUNNING; exit: -; error: -; workDir: /input/data/work/43/7abb43579a86984f141aea6216789b]
.. remaining tasks omitted.
Dec-01 12:03:42.166 [Task monitor] DEBUG n.processor.TaskPollingMonitor - Task completed > TaskHandler[id: 82; name: revertFile (81); status: COMPLETED; exit: 0; error: -; workDir: /input/data/work/39/f37294b622f47596858b8f4f592d85]
Dec-01 12:03:42.228 [Task monitor] DEBUG n.processor.TaskPollingMonitor - Task completed > TaskHandler[id: 86; name: revertFile (85); status: COMPLETED; exit: 0; error: -; workDir: /input/data/work/ad/47268cefbc0bd3cabb4f3a50697f40]
Dec-01 12:03:42.275 [Task monitor] DEBUG n.processor.TaskPollingMonitor - Task completed > TaskHandler[id: 88; name: revertFile (87); status: COMPLETED; exit: 0; error: -; workDir: /input/data/work/95/1d9c7f61571803718ec1d0518ef4df]
Dec-01 12:03:47.108 [Task monitor] DEBUG n.processor.TaskPollingMonitor - Task completed > TaskHandler[id: 69; name: revertFile (68); status: COMPLETED; exit: 0; error: -; workDir: /input/data/work/96/7fc69a8bf1131d26361c9e3e0b47e1]
Dec-01 12:03:47.268 [Task monitor] DEBUG n.processor.TaskPollingMonitor - Task completed > TaskHandler[id: 71; name: revertFile (70); status: COMPLETED; exit: 0; error: -; workDir: /input/data/work/7f/4c032dc0f1e233264d20568294e61c]
Dec-01 12:03:47.460 [Task monitor] DEBUG n.processor.TaskPollingMonitor - Task completed > TaskHandler[id: 72; name: revertFile (71); status: COMPLETED; exit: 0; error: -; workDir: /input/data/work/c0/e0a914cf5f8951f1a23250bb1e34f5]
Dec-01 12:03:47.640 [Task monitor] DEBUG n.processor.TaskPollingMonitor - Task completed > TaskHandler[id: 78; name: revertFile (77); status: COMPLETED; exit: 0; error: -; workDir: /input/data/work/88/96d795fd8afee5d50a47a9d8f5e3dc]
Dec-01 12:03:47.735 [Task monitor] DEBUG n.processor.TaskPollingMonitor - Task completed > TaskHandler[id: 80; name: revertFile (79); status: COMPLETED; exit: 0; error: -; workDir: /input/data/work/38/697bd663409752abd9083c9150c179]
Dec-01 12:03:47.843 [Task monitor] DEBUG n.processor.TaskPollingMonitor - Task completed > TaskHandler[id: 81; name: revertFile (80); status: COMPLETED; exit: 0; error: -; workDir: /input/data/work/02/bf708a43cfaf7e2689beb4a30f9456]
Dec-01 12:03:47.913 [Task monitor] DEBUG n.processor.TaskPollingMonitor - Task completed > TaskHandler[id: 84; name: revertFile (83); status: COMPLETED; exit: 0; error: -; workDir: /input/data/work/93/1a58f23c1407102b0bccc6797fad0c]
Dec-01 12:03:48.049 [Task monitor] DEBUG n.processor.TaskPollingMonitor - Task completed > TaskHandler[id: 83; name: revertFile (82); status: COMPLETED; exit: 0; error: -; workDir: /input/data/work/2c/da0fc4921828669424a06882c8f4d5]
Dec-01 12:03:48.182 [Task monitor] DEBUG n.processor.TaskPollingMonitor - Task completed > TaskHandler[id: 85; name: revertFile (84); status: COMPLETED; exit: 0; error: -; workDir: /input/data/work/43/7abb43579a86984f141aea6216789b]
Dec-01 12:03:48.337 [Task monitor] DEBUG n.processor.TaskPollingMonitor - Task completed > TaskHandler[id: 89; name: revertFile (88); status: COMPLETED; exit: 0; error: -; workDir: /input/data/work/a1/84398199c16d7541cbf261d2a407ae]
Dec-01 12:03:48.486 [Task monitor] DEBUG n.processor.TaskPollingMonitor - Task completed > TaskHandler[id: 87; name: revertFile (86); status: COMPLETED; exit: 0; error: -; workDir: /input/data/work/90/9651e09e29f619c9af0f0d6279dce3]
Dec-01 12:03:49.645 [Task monitor] DEBUG n.processor.TaskPollingMonitor - Task completed > TaskHandler[id: 91; name: revertFile (90); status: COMPLETED; exit: 0; error: -; workDir: /input/data/work/3d/6cb34f35edfed506477e1d84f9c106]
Dec-01 12:04:07.037 [Task monitor] DEBUG n.processor.TaskPollingMonitor - Task completed > TaskHandler[id: 92; name: revertFile (91); status: COMPLETED; exit: 0; error: -; workDir: /input/data/work/07/0108c10562714d481d890eb78ac00a]
Dec-01 12:04:07.081 [Task monitor] DEBUG n.processor.TaskPollingMonitor - Task completed > TaskHandler[id: 90; name: revertFile (89); status: COMPLETED; exit: 0; error: -; workDir: /input/data/work/4b/932f04bf1e79ed1c3ac6abb89f1365]
Dec-01 12:04:07.124 [Task monitor] DEBUG n.processor.TaskPollingMonitor - Task completed > TaskHandler[id: 93; name: revertFile (92); status: COMPLETED; exit: 0; error: -; workDir: /input/data/work/73/097c4c71373957c4437a903a9845bd]
Dec-01 12:04:07.164 [Task monitor] DEBUG n.processor.TaskPollingMonitor - Task completed > TaskHandler[id: 95; name: revertFile (94); status: COMPLETED; exit: 0; error: -; workDir: /input/data/work/25/9348adfb6027b8a5c5187d07bc8da5]
Dec-01 12:04:07.206 [Task monitor] DEBUG n.processor.TaskPollingMonitor - Task completed > TaskHandler[id: 96; name: revertFile (95); status: COMPLETED; exit: 0; error: -; workDir: /input/data/work/e4/4f4d3d2da3e5520d5b24ec6af9dc0a]
Dec-01 12:04:07.246 [Task monitor] DEBUG n.processor.TaskPollingMonitor - Task completed > TaskHandler[id: 97; name: revertFile (96); status: COMPLETED; exit: 0; error: -; workDir: /input/data/work/7d/0e845fd34af427d498778b907d1fa7]
Dec-01 12:04:07.940 [Task monitor] DEBUG n.processor.TaskPollingMonitor - Task completed > TaskHandler[id: 98; name: revertFile (97); status: COMPLETED; exit: 0; error: -; workDir: /input/data/work/72/640ca78c41350f130d4f9259693aef]
Dec-01 12:04:07.987 [Task monitor] DEBUG n.processor.TaskPollingMonitor - Task completed > TaskHandler[id: 100; name: revertFile (99); status: COMPLETED; exit: 0; error: -; workDir: /input/data/work/9f/ed4a6f152f93525a9946e39b395e30]
Dec-01 12:04:08.030 [Task monitor] DEBUG n.processor.TaskPollingMonitor - Task completed > TaskHandler[id: 99; name: revertFile (98); status: COMPLETED; exit: 0; error: -; workDir: /input/data/work/4c/850e18e163399f8a5d1fcca9b2d3c0]
Dec-01 12:04:08.071 [Task monitor] DEBUG n.processor.TaskPollingMonitor - Task completed > TaskHandler[id: 101; name: revertFile (100); status: COMPLETED; exit: 0; error: -; workDir: /input/data/work/8d/4b63c572ab13213866065dc883853e]
Dec-01 12:04:08.073 [main] DEBUG nextflow.Session - Session await > all processes finished
Dec-01 12:04:08.076 [main] DEBUG nextflow.Session - Session await > all barriers passed
Dec-01 12:04:08.087 [main] DEBUG n.trace.WorkflowStatsObserver - Workflow completed > WorkflowStats[succeededCount=101; failedCount=0; ignoredCount=0; cachedCount=0; pendingCount=0; submittedCount=0; runningCount=0; retriesCount=0; abortedCount=0; succeedDuration=4h 35m 35s; failedDuration=0ms; cachedDuration=0ms;loadCpus=0; loadMemory=0; peakRunning=27; peakCpus=270; peakMemory=270 GB; ]
Dec-01 12:04:08.087 [main] DEBUG nextflow.trace.TraceFileObserver - Workflow completed -- saving trace file
Dec-01 12:04:08.088 [main] DEBUG nextflow.trace.ReportObserver - Workflow completed -- rendering execution report
Dec-01 12:04:08.718 [main] DEBUG nextflow.trace.TimelineObserver - Workflow completed -- rendering execution timeline
Dec-01 12:04:08.849 [main] DEBUG nextflow.cache.CacheDB - Closing CacheDB done
Dec-01 12:04:08.872 [main] DEBUG nextflow.util.ThreadPoolManager - Thread pool 'FileTransfer' shutdown completed (hard=false)
Dec-01 12:04:08.873 [main] DEBUG nextflow.script.ScriptRunner - > Execution complete -- Goodbye
