Jan-05 02:48:04.656 [main] DEBUG nextflow.cli.Launcher - $> nextflow run /input/group -c /experiments/experiment/group/nextflow.config -c /experiments/experiment/nextflow_orig.config -c /experiments/experiment/nextflow_nfs.config
Jan-05 02:48:04.715 [main] INFO  nextflow.cli.CmdRun - N E X T F L O W  ~  version 23.07.0-edge
Jan-05 02:48:04.733 [main] DEBUG nextflow.plugin.PluginsFacade - Setting up plugin manager > mode=prod; embedded=false; plugins-dir=/.nextflow/plugins; core-plugins: nf-amazon@2.1.0,nf-azure@1.1.4,nf-cloudcache@0.1.0,nf-codecommit@0.1.5,nf-console@1.0.6,nf-ga4gh@1.1.0,nf-google@1.8.1,nf-tower@1.5.15,nf-wave@0.11.0
Jan-05 02:48:04.742 [main] INFO  o.pf4j.DefaultPluginStatusProvider - Enabled plugins: []
Jan-05 02:48:04.743 [main] INFO  o.pf4j.DefaultPluginStatusProvider - Disabled plugins: []
Jan-05 02:48:04.746 [main] INFO  org.pf4j.DefaultPluginManager - PF4J version 3.4.1 in 'deployment' mode
Jan-05 02:48:04.753 [main] INFO  org.pf4j.AbstractPluginManager - No plugins
Jan-05 02:48:04.772 [main] DEBUG nextflow.scm.AssetManager - Project manifest does not exist: /input/group/nextflow.config (No such file or directory)
Jan-05 02:48:04.795 [main] DEBUG nextflow.config.ConfigBuilder - User config file: /experiments/experiment/group/nextflow.config
Jan-05 02:48:04.795 [main] DEBUG nextflow.config.ConfigBuilder - User config file: /experiments/experiment/nextflow_orig.config
Jan-05 02:48:04.795 [main] DEBUG nextflow.config.ConfigBuilder - User config file: /experiments/experiment/nextflow_nfs.config
Jan-05 02:48:04.795 [main] DEBUG nextflow.config.ConfigBuilder - Parsing config file: /experiments/experiment/group/nextflow.config
Jan-05 02:48:04.795 [main] DEBUG nextflow.config.ConfigBuilder - Parsing config file: /experiments/experiment/nextflow_orig.config
Jan-05 02:48:04.795 [main] DEBUG nextflow.config.ConfigBuilder - Parsing config file: /experiments/experiment/nextflow_nfs.config
Jan-05 02:48:04.812 [main] DEBUG nextflow.config.ConfigBuilder - Applying config profile: `standard`
Jan-05 02:48:05.346 [main] DEBUG nextflow.config.ConfigBuilder - Applying config profile: `standard`
Jan-05 02:48:05.499 [main] DEBUG nextflow.config.ConfigBuilder - Applying config profile: `standard`
Jan-05 02:48:05.525 [main] DEBUG nextflow.cli.CmdRun - Applied DSL=2 by global default
Jan-05 02:48:05.537 [main] INFO  nextflow.cli.CmdRun - Launching `/input/group/main.nf` [admiring_swartz] DSL2 - revision: eb2bec4e66
Jan-05 02:48:05.538 [main] DEBUG nextflow.plugin.PluginsFacade - Plugins default=[]
Jan-05 02:48:05.538 [main] DEBUG nextflow.plugin.PluginsFacade - Plugins resolved requirement=[]
Jan-05 02:48:05.545 [main] DEBUG n.secret.LocalSecretsProvider - Secrets store: /.nextflow/secrets/store.json
Jan-05 02:48:05.547 [main] DEBUG nextflow.secret.SecretsLoader - Discovered secrets providers: [nextflow.secret.LocalSecretsProvider@75a0c890] - activable => nextflow.secret.LocalSecretsProvider@75a0c890
Jan-05 02:48:05.596 [main] DEBUG nextflow.Session - Session UUID: 8f87290d-c38e-4255-9f59-cf87e3bf07b0
Jan-05 02:48:05.596 [main] DEBUG nextflow.Session - Run name: admiring_swartz
Jan-05 02:48:05.597 [main] DEBUG nextflow.Session - Executor pool size: 32
Jan-05 02:48:05.602 [main] DEBUG nextflow.file.FilePorter - File porter settings maxRetries=3; maxTransfers=50; pollTimeout=null
Jan-05 02:48:05.605 [main] DEBUG nextflow.util.ThreadPoolBuilder - Creating thread pool 'FileTransfer' minSize=10; maxSize=96; workQueue=LinkedBlockingQueue[10000]; allowCoreThreadTimeout=false
Jan-05 02:48:05.636 [main] DEBUG nextflow.cli.CmdRun - 
  Version: 23.07.0-edge build 5870
  Created: 22-07-2023 15:44 UTC 
  System: Linux 5.4.0-169-generic
  Runtime: Groovy 3.0.18 on OpenJDK 64-Bit Server VM 17.0.7+7-LTS
  Encoding: UTF-8 (UTF-8)
  Process: 2083305@nextflow [10.233.76.6]
  CPUs: 32 - Mem: 125.7 GB (46.1 GB) - Swap: 0 (0)
Jan-05 02:48:05.682 [main] DEBUG nextflow.Session - Work-dir: /input/data/work [nfs]
Jan-05 02:48:05.682 [main] DEBUG nextflow.Session - Script base path does not exist or is not a directory: /input/group/bin
Jan-05 02:48:05.690 [main] DEBUG nextflow.executor.ExecutorFactory - Extension executors providers=[]
Jan-05 02:48:05.697 [main] DEBUG nextflow.Session - Observer factory: DefaultObserverFactory
Jan-05 02:48:05.725 [main] DEBUG nextflow.cache.CacheFactory - Using Nextflow cache factory: nextflow.cache.DefaultCacheFactory
Jan-05 02:48:05.732 [main] DEBUG nextflow.util.CustomThreadPool - Creating default thread pool > poolSize: 33; maxThreads: 1000
Jan-05 02:48:05.819 [main] DEBUG nextflow.Session - Session start
Jan-05 02:48:05.823 [main] DEBUG nextflow.trace.TraceFileObserver - Workflow started -- trace file: /input/data/output/trace.csv
Jan-05 02:48:05.994 [main] DEBUG nextflow.script.ScriptRunner - > Launching execution
Jan-05 02:48:06.208 [main] DEBUG nextflow.script.ProcessConfig - Config settings `withName:writeLargeFile` matches process writeLargeFile
Jan-05 02:48:06.218 [main] DEBUG nextflow.executor.ExecutorFactory - << taskConfig executor: k8s
Jan-05 02:48:06.218 [main] DEBUG nextflow.executor.ExecutorFactory - >> processorType: 'k8s'
Jan-05 02:48:06.224 [main] DEBUG nextflow.executor.Executor - [warm up] executor > k8s
Jan-05 02:48:06.228 [main] DEBUG n.processor.TaskPollingMonitor - Creating task monitor for executor 'k8s' > capacity: 300; pollInterval: 5s; dumpInterval: 5m 
Jan-05 02:48:06.242 [main] DEBUG nextflow.k8s.client.ConfigDiscovery - K8s config file does not exist: /root/.kube/config
Jan-05 02:48:06.253 [main] DEBUG nextflow.k8s.K8sExecutor - [K8s] config=[debug:[yaml:true], namespace:anonymized, serviceAccount:nextflow, workDir:/input/data/work/, projectDir:/input/data/project/, imagePullPolicy:IfNotPresent, launchDir:/input/data/launch/, runAsUser:0, fetchNodeName:true, storageMountPath:/input, scheduler:[name:workflow-scheduler, autoClose:false, nodeSelector:usedby=anonymized, container:anonymized/test1:sch_v194], pod:[nodeSelector:usedby=anonymized], storage:[nodeSelector:usedby=anonymized, imageName:anonymized/test1:ftp_v122], storageClaimName:nfs-experiment]; API client config=ClientConfig[ server=10.233.0.1:443, namespace=anonymized, serviceAccount=nextflow, token=eyJhbGciOiJ.., sslCert=LS0tLS1CRUd.., clientCert=-, clientKey=-, verifySsl=false, fromFile=true, httpReadTimeout=null, httpConnectTimeout=null, maxErrorRetry=4 ]
Jan-05 02:48:06.331 [main] DEBUG nextflow.script.ProcessConfig - Config settings `withName:combineFiles` matches process combineFiles
Jan-05 02:48:06.332 [main] DEBUG nextflow.executor.ExecutorFactory - << taskConfig executor: k8s
Jan-05 02:48:06.333 [main] DEBUG nextflow.executor.ExecutorFactory - >> processorType: 'k8s'
Jan-05 02:48:06.336 [main] DEBUG nextflow.Session - Workflow process names [dsl2]: revertFile, combineFiles, writeLargeFile
Jan-05 02:48:06.337 [main] DEBUG nextflow.Session - Igniting dataflow network (3)
Jan-05 02:48:06.338 [main] DEBUG nextflow.processor.TaskProcessor - Starting process > writeLargeFile
Jan-05 02:48:06.339 [main] DEBUG nextflow.processor.TaskProcessor - Starting process > combineFiles
Jan-05 02:48:06.339 [main] DEBUG nextflow.script.ScriptRunner - > Awaiting termination 
Jan-05 02:48:06.339 [main] DEBUG nextflow.Session - Session await
Jan-05 02:48:06.777 [Task submitter] INFO  nextflow.Session - [0e/1f5475] Submitted process > writeLargeFile (12)
Jan-05 02:48:06.817 [Task submitter] INFO  nextflow.Session - [96/22c14b] Submitted process > writeLargeFile (19)
Jan-05 02:48:06.860 [Task submitter] INFO  nextflow.Session - [f6/16e9a3] Submitted process > writeLargeFile (20)
Jan-05 02:48:06.895 [Task submitter] INFO  nextflow.Session - [fe/fcd8bb] Submitted process > writeLargeFile (30)
Jan-05 02:48:06.929 [Task submitter] INFO  nextflow.Session - [3f/9cbd4b] Submitted process > writeLargeFile (11)
Jan-05 02:48:06.964 [Task submitter] INFO  nextflow.Session - [b3/9a8a6e] Submitted process > writeLargeFile (7)
Jan-05 02:48:06.997 [Task submitter] INFO  nextflow.Session - [81/dd8bd9] Submitted process > writeLargeFile (26)
Jan-05 02:48:07.034 [Task submitter] INFO  nextflow.Session - [0d/b1ada6] Submitted process > writeLargeFile (32)
Jan-05 02:48:07.068 [Task submitter] INFO  nextflow.Session - [36/b504d5] Submitted process > writeLargeFile (17)
Jan-05 02:48:07.103 [Task submitter] INFO  nextflow.Session - [a6/3f5584] Submitted process > writeLargeFile (8)
Jan-05 02:48:07.138 [Task submitter] INFO  nextflow.Session - [df/220eda] Submitted process > writeLargeFile (3)
Jan-05 02:48:07.172 [Task submitter] INFO  nextflow.Session - [22/63cccc] Submitted process > writeLargeFile (9)
Jan-05 02:48:07.206 [Task submitter] INFO  nextflow.Session - [fd/3e834a] Submitted process > writeLargeFile (13)
Jan-05 02:48:07.237 [Task submitter] INFO  nextflow.Session - [6d/241cdd] Submitted process > writeLargeFile (21)
Jan-05 02:48:07.268 [Task submitter] INFO  nextflow.Session - [83/e82783] Submitted process > writeLargeFile (1)
Jan-05 02:48:07.300 [Task submitter] INFO  nextflow.Session - [06/e446bc] Submitted process > writeLargeFile (4)
Jan-05 02:48:07.332 [Task submitter] INFO  nextflow.Session - [dd/d8424c] Submitted process > writeLargeFile (29)
Jan-05 02:48:07.362 [Task submitter] INFO  nextflow.Session - [1a/45ea94] Submitted process > writeLargeFile (28)
Jan-05 02:48:07.395 [Task submitter] INFO  nextflow.Session - [cd/fc27c4] Submitted process > writeLargeFile (18)
Jan-05 02:48:07.425 [Task submitter] INFO  nextflow.Session - [61/0b20f5] Submitted process > writeLargeFile (25)
Jan-05 02:48:07.458 [Task submitter] INFO  nextflow.Session - [17/452214] Submitted process > writeLargeFile (24)
Jan-05 02:48:07.494 [Task submitter] INFO  nextflow.Session - [28/106462] Submitted process > writeLargeFile (31)
Jan-05 02:48:07.530 [Task submitter] INFO  nextflow.Session - [15/9cfc63] Submitted process > writeLargeFile (15)
Jan-05 02:48:07.560 [Task submitter] INFO  nextflow.Session - [08/1e816f] Submitted process > writeLargeFile (22)
Jan-05 02:48:07.591 [Task submitter] INFO  nextflow.Session - [df/cc1129] Submitted process > writeLargeFile (27)
Jan-05 02:48:07.638 [Task submitter] INFO  nextflow.Session - [95/7e7f5f] Submitted process > writeLargeFile (23)
Jan-05 02:48:07.671 [Task submitter] INFO  nextflow.Session - [a5/53cb49] Submitted process > writeLargeFile (14)
Jan-05 02:48:07.703 [Task submitter] INFO  nextflow.Session - [c5/6edbb4] Submitted process > writeLargeFile (6)
Jan-05 02:48:07.735 [Task submitter] INFO  nextflow.Session - [0e/07289b] Submitted process > writeLargeFile (10)
Jan-05 02:48:07.767 [Task submitter] INFO  nextflow.Session - [5a/95aade] Submitted process > writeLargeFile (2)
Jan-05 02:48:07.804 [Task submitter] INFO  nextflow.Session - [e6/a4cecd] Submitted process > writeLargeFile (16)
Jan-05 02:48:07.836 [Task submitter] INFO  nextflow.Session - [73/38f1ca] Submitted process > writeLargeFile (5)
Jan-05 02:48:07.865 [Task submitter] INFO  nextflow.Session - [fb/6884b5] Submitted process > writeLargeFile (39)
Jan-05 02:48:07.905 [Task submitter] INFO  nextflow.Session - [c2/fa9bde] Submitted process > writeLargeFile (33)
Jan-05 02:48:07.933 [Task submitter] INFO  nextflow.Session - [8f/6bf5c5] Submitted process > writeLargeFile (35)
Jan-05 02:48:07.959 [Task submitter] INFO  nextflow.Session - [43/6c5d4b] Submitted process > writeLargeFile (36)
Jan-05 02:48:08.000 [Task submitter] INFO  nextflow.Session - [1b/55b050] Submitted process > writeLargeFile (37)
Jan-05 02:48:08.029 [Task submitter] INFO  nextflow.Session - [11/f5f6c4] Submitted process > writeLargeFile (46)
Jan-05 02:48:08.058 [Task submitter] INFO  nextflow.Session - [91/d37c80] Submitted process > writeLargeFile (41)
Jan-05 02:48:08.086 [Task submitter] INFO  nextflow.Session - [db/96ed83] Submitted process > writeLargeFile (42)
Jan-05 02:48:08.114 [Task submitter] INFO  nextflow.Session - [cd/1ef56d] Submitted process > writeLargeFile (57)
Jan-05 02:48:08.151 [Task submitter] INFO  nextflow.Session - [7d/49f820] Submitted process > writeLargeFile (38)
Jan-05 02:48:08.184 [Task submitter] INFO  nextflow.Session - [96/a132e3] Submitted process > writeLargeFile (58)
Jan-05 02:48:08.216 [Task submitter] INFO  nextflow.Session - [0f/cf0abb] Submitted process > writeLargeFile (34)
Jan-05 02:48:08.246 [Task submitter] INFO  nextflow.Session - [7d/9eb7ff] Submitted process > writeLargeFile (40)
Jan-05 02:48:08.279 [Task submitter] INFO  nextflow.Session - [00/608128] Submitted process > writeLargeFile (45)
Jan-05 02:48:08.312 [Task submitter] INFO  nextflow.Session - [8d/a331e5] Submitted process > writeLargeFile (47)
Jan-05 02:48:08.343 [Task submitter] INFO  nextflow.Session - [34/dfc406] Submitted process > writeLargeFile (44)
Jan-05 02:48:08.388 [Task submitter] INFO  nextflow.Session - [dd/55e32b] Submitted process > writeLargeFile (65)
Jan-05 02:48:08.418 [Task submitter] INFO  nextflow.Session - [6b/35ea53] Submitted process > writeLargeFile (43)
Jan-05 02:48:08.450 [Task submitter] INFO  nextflow.Session - [6f/273f6e] Submitted process > writeLargeFile (56)
Jan-05 02:48:08.484 [Task submitter] INFO  nextflow.Session - [0f/569eaa] Submitted process > writeLargeFile (49)
Jan-05 02:48:08.516 [Task submitter] INFO  nextflow.Session - [51/b7a9ec] Submitted process > writeLargeFile (55)
Jan-05 02:48:08.545 [Task submitter] INFO  nextflow.Session - [db/5493ee] Submitted process > writeLargeFile (72)
Jan-05 02:48:08.572 [Task submitter] INFO  nextflow.Session - [0e/8680a7] Submitted process > writeLargeFile (71)
Jan-05 02:48:08.602 [Task submitter] INFO  nextflow.Session - [84/623d48] Submitted process > writeLargeFile (53)
Jan-05 02:48:08.629 [Task submitter] INFO  nextflow.Session - [7d/cf2c34] Submitted process > writeLargeFile (75)
Jan-05 02:48:08.663 [Task submitter] INFO  nextflow.Session - [3c/454d6e] Submitted process > writeLargeFile (52)
Jan-05 02:48:08.693 [Task submitter] INFO  nextflow.Session - [a1/eb46ec] Submitted process > writeLargeFile (63)
Jan-05 02:48:08.729 [Task submitter] INFO  nextflow.Session - [91/e8cc7e] Submitted process > writeLargeFile (79)
Jan-05 02:48:08.761 [Task submitter] INFO  nextflow.Session - [08/82f08d] Submitted process > writeLargeFile (81)
Jan-05 02:48:08.790 [Task submitter] INFO  nextflow.Session - [2c/96d96e] Submitted process > writeLargeFile (59)
Jan-05 02:48:08.822 [Task submitter] INFO  nextflow.Session - [bc/0d9232] Submitted process > writeLargeFile (66)
Jan-05 02:48:08.855 [Task submitter] INFO  nextflow.Session - [7f/c12016] Submitted process > writeLargeFile (64)
Jan-05 02:48:08.887 [Task submitter] INFO  nextflow.Session - [5a/604fae] Submitted process > writeLargeFile (86)
Jan-05 02:48:08.919 [Task submitter] INFO  nextflow.Session - [1a/4fad83] Submitted process > writeLargeFile (85)
Jan-05 02:48:08.952 [Task submitter] INFO  nextflow.Session - [cd/8831c6] Submitted process > writeLargeFile (88)
Jan-05 02:48:08.982 [Task submitter] INFO  nextflow.Session - [f0/30075b] Submitted process > writeLargeFile (62)
Jan-05 02:48:09.013 [Task submitter] INFO  nextflow.Session - [51/d03ca3] Submitted process > writeLargeFile (89)
Jan-05 02:48:09.042 [Task submitter] INFO  nextflow.Session - [34/6d1209] Submitted process > writeLargeFile (90)
Jan-05 02:48:09.073 [Task submitter] INFO  nextflow.Session - [c9/be4fb3] Submitted process > writeLargeFile (60)
Jan-05 02:48:09.104 [Task submitter] INFO  nextflow.Session - [dc/efa552] Submitted process > writeLargeFile (61)
Jan-05 02:48:09.136 [Task submitter] INFO  nextflow.Session - [44/dc423d] Submitted process > writeLargeFile (51)
Jan-05 02:48:09.168 [Task submitter] INFO  nextflow.Session - [dc/386b08] Submitted process > writeLargeFile (96)
Jan-05 02:48:09.199 [Task submitter] INFO  nextflow.Session - [25/8f088c] Submitted process > writeLargeFile (48)
Jan-05 02:48:09.230 [Task submitter] INFO  nextflow.Session - [84/1cb6fe] Submitted process > writeLargeFile (98)
Jan-05 02:48:09.261 [Task submitter] INFO  nextflow.Session - [52/1f9c55] Submitted process > writeLargeFile (54)
Jan-05 02:48:09.294 [Task submitter] INFO  nextflow.Session - [2a/f1a19c] Submitted process > writeLargeFile (95)
Jan-05 02:48:09.329 [Task submitter] INFO  nextflow.Session - [10/c2ba15] Submitted process > writeLargeFile (50)
Jan-05 02:48:09.362 [Task submitter] INFO  nextflow.Session - [7a/cf0afa] Submitted process > writeLargeFile (68)
Jan-05 02:48:09.432 [Task submitter] INFO  nextflow.Session - [2d/3e889d] Submitted process > writeLargeFile (67)
Jan-05 02:48:09.529 [Task submitter] INFO  nextflow.Session - [56/6ea4fa] Submitted process > writeLargeFile (69)
Jan-05 02:48:11.964 [Task monitor] WARN  nextflow.k8s.client.K8sClient - K8s pod cannot be scheduled -- 0/8 nodes are available: 8 Insufficient cpu. preemption: 0/8 nodes are available: 8 No preemption victims found for incoming pod..
Jan-05 02:48:15.571 [Task submitter] INFO  nextflow.Session - [74/05ace1] Submitted process > writeLargeFile (70)
Jan-05 02:48:27.696 [Task submitter] INFO  nextflow.Session - [fa/b6ba03] Submitted process > writeLargeFile (82)
Jan-05 02:48:36.111 [Task submitter] INFO  nextflow.Session - [af/40e4a1] Submitted process > writeLargeFile (77)
Jan-05 02:48:45.092 [Task submitter] INFO  nextflow.Session - [f8/e4a40a] Submitted process > writeLargeFile (83)
Jan-05 02:48:52.345 [Task submitter] INFO  nextflow.Session - [75/ee611d] Submitted process > writeLargeFile (80)
Jan-05 02:49:00.058 [Task submitter] INFO  nextflow.Session - [da/d82893] Submitted process > writeLargeFile (76)
Jan-05 02:49:07.510 [Task submitter] INFO  nextflow.Session - [38/5593ae] Submitted process > writeLargeFile (92)
Jan-05 02:49:11.968 [Task monitor] WARN  nextflow.k8s.client.K8sClient - K8s pod cannot be scheduled -- 0/8 nodes are available: 8 Insufficient cpu. preemption: 0/8 nodes are available: 8 No preemption victims found for incoming pod..
Jan-05 02:49:16.402 [Task submitter] INFO  nextflow.Session - [97/cb0d7f] Submitted process > writeLargeFile (87)
Jan-05 02:49:23.599 [Task submitter] INFO  nextflow.Session - [53/ea5a67] Submitted process > writeLargeFile (91)
Jan-05 02:49:30.103 [Task submitter] INFO  nextflow.Session - [03/eb8697] Submitted process > writeLargeFile (74)
Jan-05 02:49:34.919 [Task submitter] INFO  nextflow.Session - [69/f4ab49] Submitted process > writeLargeFile (78)
Jan-05 02:49:39.817 [Task submitter] INFO  nextflow.Session - [78/19f1f8] Submitted process > writeLargeFile (93)
Jan-05 02:49:44.729 [Task submitter] INFO  nextflow.Session - [90/80a4c8] Submitted process > writeLargeFile (73)
Jan-05 02:49:51.101 [Task submitter] INFO  nextflow.Session - [b7/aa449d] Submitted process > writeLargeFile (94)
Jan-05 02:49:59.617 [Task submitter] INFO  nextflow.Session - [bf/7f03b0] Submitted process > writeLargeFile (99)
Jan-05 02:50:07.542 [Task submitter] INFO  nextflow.Session - [77/cd6622] Submitted process > writeLargeFile (100)
Jan-05 02:50:11.981 [Task monitor] WARN  nextflow.k8s.client.K8sClient - K8s pod cannot be scheduled -- 0/8 nodes are available: 8 Insufficient cpu. preemption: 0/8 nodes are available: 8 No preemption victims found for incoming pod..
Jan-05 02:50:15.243 [Task submitter] INFO  nextflow.Session - [ee/27bb2f] Submitted process > writeLargeFile (84)
Jan-05 02:50:23.728 [Task submitter] INFO  nextflow.Session - [07/def7f6] Submitted process > writeLargeFile (97)
Jan-05 02:51:11.555 [Task monitor] DEBUG n.processor.TaskPollingMonitor - Task completed > TaskHandler[id: 12; name: writeLargeFile (12); status: COMPLETED; exit: 0; error: -; workDir: /input/data/work/0e/1f547593dddecaa5edd89fdd20ba51]
Jan-05 02:51:18.586 [Task monitor] DEBUG n.processor.TaskPollingMonitor - Task completed > TaskHandler[id: 11; name: writeLargeFile (11); status: COMPLETED; exit: 0; error: -; workDir: /input/data/work/3f/9cbd4baf4c8c8724011213a2bc150d]
Jan-05 02:51:23.644 [Task monitor] DEBUG n.processor.TaskPollingMonitor - Task completed > TaskHandler[id: 7; name: writeLargeFile (7); status: COMPLETED; exit: 0; error: -; workDir: /input/data/work/b3/9a8a6e25b7154c3c4bacf235b57b2f]
Jan-05 02:51:28.386 [Task monitor] DEBUG n.processor.TaskPollingMonitor - Task completed > TaskHandler[id: 32; name: writeLargeFile (32); status: COMPLETED; exit: 0; error: -; workDir: /input/data/work/0d/b1ada6873d2f60bb465e54bf98d783]
Jan-05 02:51:33.951 [Task monitor] DEBUG n.processor.TaskPollingMonitor - Task completed > TaskHandler[id: 17; name: writeLargeFile (17); status: COMPLETED; exit: 0; error: -; workDir: /input/data/work/36/b504d5a4be3cc32c553ec01b5fa1f2]
Jan-05 02:51:36.900 [Task monitor] DEBUG n.processor.TaskPollingMonitor - Task completed > TaskHandler[id: 8; name: writeLargeFile (8); status: COMPLETED; exit: 0; error: -; workDir: /input/data/work/a6/3f558450cc8afec436bafd6fbde8b6]
Jan-05 02:51:38.316 [Task monitor] DEBUG n.processor.TaskPollingMonitor - Task completed > TaskHandler[id: 3; name: writeLargeFile (3); status: COMPLETED; exit: 0; error: -; workDir: /input/data/work/df/220edaebd40f49f48a63c96d835fd4]
Jan-05 02:51:39.825 [Task monitor] DEBUG n.processor.TaskPollingMonitor - Task completed > TaskHandler[id: 9; name: writeLargeFile (9); status: COMPLETED; exit: 0; error: -; workDir: /input/data/work/22/63cccc1b13d0946b3ad257f03a9a40]
Jan-05 02:51:41.345 [Task monitor] DEBUG n.processor.TaskPollingMonitor - Task completed > TaskHandler[id: 13; name: writeLargeFile (13); status: COMPLETED; exit: 0; error: -; workDir: /input/data/work/fd/3e834ad824ff323510d6786b32710c]
Jan-05 02:51:43.152 [Task monitor] DEBUG n.processor.TaskPollingMonitor - Task completed > TaskHandler[id: 21; name: writeLargeFile (21); status: COMPLETED; exit: 0; error: -; workDir: /input/data/work/6d/241cddda0327948cf1db55977af52e]
Jan-05 02:51:44.219 [Task monitor] DEBUG n.processor.TaskPollingMonitor - Task completed > TaskHandler[id: 1; name: writeLargeFile (1); status: COMPLETED; exit: 0; error: -; workDir: /input/data/work/83/e82783b2b483fb5a1a4854c6014837]
Jan-05 02:51:45.584 [Task monitor] DEBUG n.processor.TaskPollingMonitor - Task completed > TaskHandler[id: 4; name: writeLargeFile (4); status: COMPLETED; exit: 0; error: -; workDir: /input/data/work/06/e446bc45191503b4d1b2c9c825759e]
Jan-05 02:51:47.414 [Task monitor] DEBUG n.processor.TaskPollingMonitor - Task completed > TaskHandler[id: 29; name: writeLargeFile (29); status: COMPLETED; exit: 0; error: -; workDir: /input/data/work/dd/d8424c4e6a3509cab247c8f0f2d387]
Jan-05 02:51:49.337 [Task monitor] DEBUG n.processor.TaskPollingMonitor - Task completed > TaskHandler[id: 28; name: writeLargeFile (28); status: COMPLETED; exit: 0; error: -; workDir: /input/data/work/1a/45ea949451e445d0363774f60fc9a0]
Jan-05 02:51:52.238 [Task monitor] DEBUG n.processor.TaskPollingMonitor - Task completed > TaskHandler[id: 18; name: writeLargeFile (18); status: COMPLETED; exit: 0; error: -; workDir: /input/data/work/cd/fc27c464426dac28f7bc80ff3469d1]
Jan-05 02:52:02.434 [Task monitor] DEBUG n.processor.TaskPollingMonitor - Task completed > TaskHandler[id: 25; name: writeLargeFile (25); status: COMPLETED; exit: 0; error: -; workDir: /input/data/work/61/0b20f5ea0ca0689b91fbe57c0a65eb]
Jan-05 02:52:11.193 [Task monitor] DEBUG n.processor.TaskPollingMonitor - Task completed > TaskHandler[id: 24; name: writeLargeFile (24); status: COMPLETED; exit: 0; error: -; workDir: /input/data/work/17/45221494c0aee43a7e38b4833ec6dc]
Jan-05 02:52:15.581 [Task monitor] DEBUG n.processor.TaskPollingMonitor - Task completed > TaskHandler[id: 31; name: writeLargeFile (31); status: COMPLETED; exit: 0; error: -; workDir: /input/data/work/28/10646294f66400ee0ce5079d46c5ef]
Jan-05 02:52:22.339 [Task monitor] DEBUG n.processor.TaskPollingMonitor - Task completed > TaskHandler[id: 15; name: writeLargeFile (15); status: COMPLETED; exit: 0; error: -; workDir: /input/data/work/15/9cfc6354a6bd071fc9c49b4863dc47]
Jan-05 02:52:30.544 [Task monitor] DEBUG n.processor.TaskPollingMonitor - Task completed > TaskHandler[id: 22; name: writeLargeFile (22); status: COMPLETED; exit: 0; error: -; workDir: /input/data/work/08/1e816f60665623b0a453c2d4a18b19]
Jan-05 02:52:33.871 [Task monitor] WARN  nextflow.k8s.client.K8sClient - K8s pod cannot be scheduled -- 0/8 nodes are available: 8 Insufficient cpu. preemption: 0/8 nodes are available: 8 No preemption victims found for incoming pod..
Jan-05 02:52:39.904 [Task monitor] DEBUG n.processor.TaskPollingMonitor - Task completed > TaskHandler[id: 19; name: writeLargeFile (19); status: COMPLETED; exit: 0; error: -; workDir: /input/data/work/96/22c14b2086db8b4acbdd62cdcf5eab]
Jan-05 02:52:46.539 [Task monitor] DEBUG n.processor.TaskPollingMonitor - Task completed > TaskHandler[id: 20; name: writeLargeFile (20); status: COMPLETED; exit: 0; error: -; workDir: /input/data/work/f6/16e9a3eae29545597b1e32550ce5f2]
Jan-05 02:52:51.477 [Task monitor] DEBUG n.processor.TaskPollingMonitor - Task completed > TaskHandler[id: 30; name: writeLargeFile (30); status: COMPLETED; exit: 0; error: -; workDir: /input/data/work/fe/fcd8bbab6319decd9d756b6c45ac57]
Jan-05 02:52:56.763 [Task monitor] DEBUG n.processor.TaskPollingMonitor - Task completed > TaskHandler[id: 26; name: writeLargeFile (26); status: COMPLETED; exit: 0; error: -; workDir: /input/data/work/81/dd8bd91b0535f66f13d0121651830f]
Jan-05 02:53:14.401 [Task monitor] DEBUG n.processor.TaskPollingMonitor - !! executor k8s > tasks to be completed: 76 -- submitted tasks are shown below
~> TaskHandler[id: 27; name: writeLargeFile (27); status: RUNNING; exit: -; error: -; workDir: /input/data/work/df/cc112934c5827a3f1ff85ed1ba21ab]
~> TaskHandler[id: 23; name: writeLargeFile (23); status: RUNNING; exit: -; error: -; workDir: /input/data/work/95/7e7f5f31dd1a1da5897f4bbce9f5b7]
~> TaskHandler[id: 14; name: writeLargeFile (14); status: RUNNING; exit: -; error: -; workDir: /input/data/work/a5/53cb497abe336ee5372470f370e493]
~> TaskHandler[id: 6; name: writeLargeFile (6); status: RUNNING; exit: -; error: -; workDir: /input/data/work/c5/6edbb4de5bc1187a280b8e79bc5634]
~> TaskHandler[id: 10; name: writeLargeFile (10); status: RUNNING; exit: -; error: -; workDir: /input/data/work/0e/07289bd7504f6f578a0f3fa84fb4a2]
~> TaskHandler[id: 2; name: writeLargeFile (2); status: RUNNING; exit: -; error: -; workDir: /input/data/work/5a/95aade81f1610b86204197726d692d]
~> TaskHandler[id: 16; name: writeLargeFile (16); status: RUNNING; exit: -; error: -; workDir: /input/data/work/e6/a4cecdd342a4ac08d0aab2c63d3096]
~> TaskHandler[id: 5; name: writeLargeFile (5); status: RUNNING; exit: -; error: -; workDir: /input/data/work/73/38f1ca95edd0838e51b7e540802b25]
~> TaskHandler[id: 39; name: writeLargeFile (39); status: RUNNING; exit: -; error: -; workDir: /input/data/work/fb/6884b555a397bfbd49f36cae8b934b]
~> TaskHandler[id: 33; name: writeLargeFile (33); status: SUBMITTED; exit: -; error: -; workDir: /input/data/work/c2/fa9bde10efd5d36db74b0c06d8d882]
.. remaining tasks omitted.
Jan-05 02:53:34.550 [Task monitor] WARN  nextflow.k8s.client.K8sClient - K8s pod cannot be scheduled -- 0/8 nodes are available: 8 Insufficient cpu. preemption: 0/8 nodes are available: 8 No preemption victims found for incoming pod..
Jan-05 02:54:09.494 [Task monitor] DEBUG n.processor.TaskPollingMonitor - Task completed > TaskHandler[id: 2; name: writeLargeFile (2); status: COMPLETED; exit: 0; error: -; workDir: /input/data/work/5a/95aade81f1610b86204197726d692d]
Jan-05 02:54:17.045 [Task monitor] DEBUG n.processor.TaskPollingMonitor - Task completed > TaskHandler[id: 16; name: writeLargeFile (16); status: COMPLETED; exit: 0; error: -; workDir: /input/data/work/e6/a4cecdd342a4ac08d0aab2c63d3096]
Jan-05 02:54:23.052 [Task monitor] DEBUG n.processor.TaskPollingMonitor - Task completed > TaskHandler[id: 38; name: writeLargeFile (38); status: COMPLETED; exit: 0; error: -; workDir: /input/data/work/7d/49f820f9995f294bd9abd3cec02b70]
Jan-05 02:54:30.050 [Task monitor] DEBUG n.processor.TaskPollingMonitor - Task completed > TaskHandler[id: 58; name: writeLargeFile (58); status: COMPLETED; exit: 0; error: -; workDir: /input/data/work/96/a132e3a74d6fcec21b6b8e30b0534c]
Jan-05 02:54:36.529 [Task monitor] DEBUG n.processor.TaskPollingMonitor - Task completed > TaskHandler[id: 34; name: writeLargeFile (34); status: COMPLETED; exit: 0; error: -; workDir: /input/data/work/0f/cf0abb2c8ba7d91d66d1ea7648a134]
Jan-05 02:54:43.354 [Task monitor] DEBUG n.processor.TaskPollingMonitor - Task completed > TaskHandler[id: 43; name: writeLargeFile (43); status: COMPLETED; exit: 0; error: -; workDir: /input/data/work/6b/35ea53525ab35cabb1ba544d001884]
Jan-05 02:54:45.577 [Task monitor] WARN  nextflow.k8s.client.K8sClient - K8s pod cannot be scheduled -- 0/8 nodes are available: 8 Insufficient cpu. preemption: 0/8 nodes are available: 8 No preemption victims found for incoming pod..
Jan-05 02:54:48.370 [Task monitor] DEBUG n.processor.TaskPollingMonitor - Task completed > TaskHandler[id: 66; name: writeLargeFile (66); status: COMPLETED; exit: 0; error: -; workDir: /input/data/work/bc/0d923210a38b0fda2d06f78aba7558]
Jan-05 02:54:53.772 [Task monitor] DEBUG n.processor.TaskPollingMonitor - Task completed > TaskHandler[id: 27; name: writeLargeFile (27); status: COMPLETED; exit: 0; error: -; workDir: /input/data/work/df/cc112934c5827a3f1ff85ed1ba21ab]
Jan-05 02:54:58.289 [Task monitor] DEBUG n.processor.TaskPollingMonitor - Task completed > TaskHandler[id: 23; name: writeLargeFile (23); status: COMPLETED; exit: 0; error: -; workDir: /input/data/work/95/7e7f5f31dd1a1da5897f4bbce9f5b7]
Jan-05 02:55:00.952 [Task monitor] DEBUG n.processor.TaskPollingMonitor - Task completed > TaskHandler[id: 14; name: writeLargeFile (14); status: COMPLETED; exit: 0; error: -; workDir: /input/data/work/a5/53cb497abe336ee5372470f370e493]
Jan-05 02:55:02.188 [Task monitor] DEBUG n.processor.TaskPollingMonitor - Task completed > TaskHandler[id: 6; name: writeLargeFile (6); status: COMPLETED; exit: 0; error: -; workDir: /input/data/work/c5/6edbb4de5bc1187a280b8e79bc5634]
Jan-05 02:55:03.605 [Task monitor] DEBUG n.processor.TaskPollingMonitor - Task completed > TaskHandler[id: 10; name: writeLargeFile (10); status: COMPLETED; exit: 0; error: -; workDir: /input/data/work/0e/07289bd7504f6f578a0f3fa84fb4a2]
Jan-05 02:55:05.750 [Task monitor] DEBUG n.processor.TaskPollingMonitor - Task completed > TaskHandler[id: 5; name: writeLargeFile (5); status: COMPLETED; exit: 0; error: -; workDir: /input/data/work/73/38f1ca95edd0838e51b7e540802b25]
Jan-05 02:55:07.608 [Task monitor] DEBUG n.processor.TaskPollingMonitor - Task completed > TaskHandler[id: 39; name: writeLargeFile (39); status: COMPLETED; exit: 0; error: -; workDir: /input/data/work/fb/6884b555a397bfbd49f36cae8b934b]
Jan-05 02:55:09.450 [Task monitor] DEBUG n.processor.TaskPollingMonitor - Task completed > TaskHandler[id: 46; name: writeLargeFile (46); status: COMPLETED; exit: 0; error: -; workDir: /input/data/work/11/f5f6c41d974e7e1a66fd5c9e000b7e]
Jan-05 02:55:11.186 [Task monitor] DEBUG n.processor.TaskPollingMonitor - Task completed > TaskHandler[id: 41; name: writeLargeFile (41); status: COMPLETED; exit: 0; error: -; workDir: /input/data/work/91/d37c800577a41a29afb5ab30c08cc0]
Jan-05 02:55:12.999 [Task monitor] DEBUG n.processor.TaskPollingMonitor - Task completed > TaskHandler[id: 40; name: writeLargeFile (40); status: COMPLETED; exit: 0; error: -; workDir: /input/data/work/7d/9eb7ffd9ccdb4af81c727d16e063a3]
Jan-05 02:55:14.746 [Task monitor] DEBUG n.processor.TaskPollingMonitor - Task completed > TaskHandler[id: 45; name: writeLargeFile (45); status: COMPLETED; exit: 0; error: -; workDir: /input/data/work/00/6081288782599a2b0c966bafa4da90]
Jan-05 02:55:16.498 [Task monitor] DEBUG n.processor.TaskPollingMonitor - Task completed > TaskHandler[id: 47; name: writeLargeFile (47); status: COMPLETED; exit: 0; error: -; workDir: /input/data/work/8d/a331e597ea34cf62d5512c185e3fe5]
Jan-05 02:55:18.256 [Task monitor] DEBUG n.processor.TaskPollingMonitor - Task completed > TaskHandler[id: 44; name: writeLargeFile (44); status: COMPLETED; exit: 0; error: -; workDir: /input/data/work/34/dfc40655d7788e999591d0892864ec]
Jan-05 02:55:20.018 [Task monitor] DEBUG n.processor.TaskPollingMonitor - Task completed > TaskHandler[id: 65; name: writeLargeFile (65); status: COMPLETED; exit: 0; error: -; workDir: /input/data/work/dd/55e32b2eee9a469baba53325115dbd]
Jan-05 02:55:21.378 [Task monitor] DEBUG n.processor.TaskPollingMonitor - Task completed > TaskHandler[id: 59; name: writeLargeFile (59); status: COMPLETED; exit: 0; error: -; workDir: /input/data/work/2c/96d96eae414366803f44c555a0fff7]
Jan-05 02:55:22.009 [Task monitor] DEBUG n.processor.TaskPollingMonitor - Task completed > TaskHandler[id: 64; name: writeLargeFile (64); status: COMPLETED; exit: 0; error: -; workDir: /input/data/work/7f/c120165b8a65581e3f8ee89d083e2f]
Jan-05 02:55:24.279 [Task monitor] DEBUG n.processor.TaskPollingMonitor - Task completed > TaskHandler[id: 86; name: writeLargeFile (86); status: COMPLETED; exit: 0; error: -; workDir: /input/data/work/5a/604faef59dd9ffe6352470f8d0882c]
Jan-05 02:55:46.606 [Task monitor] WARN  nextflow.k8s.client.K8sClient - K8s pod cannot be scheduled -- 0/8 nodes are available: 8 Insufficient cpu. preemption: 0/8 nodes are available: 8 No preemption victims found for incoming pod..
Jan-05 02:56:46.621 [Task monitor] WARN  nextflow.k8s.client.K8sClient - K8s pod cannot be scheduled -- 0/8 nodes are available: 8 Insufficient cpu. preemption: 0/8 nodes are available: 8 No preemption victims found for incoming pod..
Jan-05 02:57:11.655 [Task monitor] DEBUG n.processor.TaskPollingMonitor - Task completed > TaskHandler[id: 85; name: writeLargeFile (85); status: COMPLETED; exit: 0; error: -; workDir: /input/data/work/1a/4fad833029b60f2571d7097bf82676]
Jan-05 02:57:17.069 [Task monitor] DEBUG n.processor.TaskPollingMonitor - Task completed > TaskHandler[id: 88; name: writeLargeFile (88); status: COMPLETED; exit: 0; error: -; workDir: /input/data/work/cd/8831c67dfbffa35f13cd0f07f3b04e]
Jan-05 02:57:24.180 [Task monitor] DEBUG n.processor.TaskPollingMonitor - Task completed > TaskHandler[id: 62; name: writeLargeFile (62); status: COMPLETED; exit: 0; error: -; workDir: /input/data/work/f0/30075bd12ced518b0dbb2fb6896c9c]
Jan-05 02:57:31.133 [Task monitor] DEBUG n.processor.TaskPollingMonitor - Task completed > TaskHandler[id: 89; name: writeLargeFile (89); status: COMPLETED; exit: 0; error: -; workDir: /input/data/work/51/d03ca38ff3655885b7f2c6f2ddfdd1]
Jan-05 02:57:38.044 [Task monitor] DEBUG n.processor.TaskPollingMonitor - Task completed > TaskHandler[id: 90; name: writeLargeFile (90); status: COMPLETED; exit: 0; error: -; workDir: /input/data/work/34/6d1209a8077e40f0d9c6072525de13]
Jan-05 02:57:44.216 [Task monitor] DEBUG n.processor.TaskPollingMonitor - Task completed > TaskHandler[id: 60; name: writeLargeFile (60); status: COMPLETED; exit: 0; error: -; workDir: /input/data/work/c9/be4fb329bacdda329b616938aeb92f]
Jan-05 02:57:49.409 [Task monitor] DEBUG n.processor.TaskPollingMonitor - Task completed > TaskHandler[id: 61; name: writeLargeFile (61); status: COMPLETED; exit: 0; error: -; workDir: /input/data/work/dc/efa552c6a1707e45d62e45ecdce290]
Jan-05 02:57:54.541 [Task monitor] DEBUG n.processor.TaskPollingMonitor - Task completed > TaskHandler[id: 48; name: writeLargeFile (48); status: COMPLETED; exit: 0; error: -; workDir: /input/data/work/25/8f088c9dd236f463d1089c399bce7d]
Jan-05 02:57:56.691 [Task monitor] WARN  nextflow.k8s.client.K8sClient - K8s pod cannot be scheduled -- 0/8 nodes are available: 8 Insufficient cpu. preemption: 0/8 nodes are available: 8 No preemption victims found for incoming pod..
Jan-05 02:58:00.073 [Task monitor] DEBUG n.processor.TaskPollingMonitor - Task completed > TaskHandler[id: 69; name: writeLargeFile (69); status: COMPLETED; exit: 0; error: -; workDir: /input/data/work/56/6ea4fa0712d0e0b77047006957db98]
Jan-05 02:58:04.740 [Task monitor] DEBUG n.processor.TaskPollingMonitor - Task completed > TaskHandler[id: 83; name: writeLargeFile (83); status: COMPLETED; exit: 0; error: -; workDir: /input/data/work/f8/e4a40afcf7f480a4afd428552e8e16]
Jan-05 02:58:08.762 [Task monitor] DEBUG n.processor.TaskPollingMonitor - Task completed > TaskHandler[id: 80; name: writeLargeFile (80); status: COMPLETED; exit: 0; error: -; workDir: /input/data/work/75/ee611d0bfeec3ed2a704c811dece32]
Jan-05 02:58:13.859 [Task monitor] DEBUG n.processor.TaskPollingMonitor - Task completed > TaskHandler[id: 76; name: writeLargeFile (76); status: COMPLETED; exit: 0; error: -; workDir: /input/data/work/da/d82893f7fd7fd4a88fb7c2d158c9df]
Jan-05 02:58:18.018 [Task monitor] DEBUG n.processor.TaskPollingMonitor - Task completed > TaskHandler[id: 92; name: writeLargeFile (92); status: COMPLETED; exit: 0; error: -; workDir: /input/data/work/38/5593aeb17f123592f6ff3b471b5964]
Jan-05 02:58:19.917 [Task monitor] DEBUG n.processor.TaskPollingMonitor - !! executor k8s > tasks to be completed: 39 -- submitted tasks are shown below
~> TaskHandler[id: 33; name: writeLargeFile (33); status: SUBMITTED; exit: -; error: -; workDir: /input/data/work/c2/fa9bde10efd5d36db74b0c06d8d882]
~> TaskHandler[id: 35; name: writeLargeFile (35); status: SUBMITTED; exit: -; error: -; workDir: /input/data/work/8f/6bf5c54d43a6069deb488eb5900649]
~> TaskHandler[id: 36; name: writeLargeFile (36); status: SUBMITTED; exit: -; error: -; workDir: /input/data/work/43/6c5d4b2e354fe671bd71d9c469ef1a]
~> TaskHandler[id: 37; name: writeLargeFile (37); status: SUBMITTED; exit: -; error: -; workDir: /input/data/work/1b/55b050a3067d56b4d9adbca7cdebd6]
~> TaskHandler[id: 42; name: writeLargeFile (42); status: SUBMITTED; exit: -; error: -; workDir: /input/data/work/db/96ed831d8b5ba18143d6e317e7f7ff]
~> TaskHandler[id: 57; name: writeLargeFile (57); status: SUBMITTED; exit: -; error: -; workDir: /input/data/work/cd/1ef56def1e9a6f14135b5dc4b8d4cb]
~> TaskHandler[id: 56; name: writeLargeFile (56); status: SUBMITTED; exit: -; error: -; workDir: /input/data/work/6f/273f6e0b2302a7c0e5c889906d4415]
~> TaskHandler[id: 49; name: writeLargeFile (49); status: SUBMITTED; exit: -; error: -; workDir: /input/data/work/0f/569eaa018040cadce2bfbc5c1678ce]
~> TaskHandler[id: 55; name: writeLargeFile (55); status: SUBMITTED; exit: -; error: -; workDir: /input/data/work/51/b7a9ec3a4f3528af62fde8ca49f361]
~> TaskHandler[id: 72; name: writeLargeFile (72); status: SUBMITTED; exit: -; error: -; workDir: /input/data/work/db/5493eef6c2e4872f12661270bb5b37]
.. remaining tasks omitted.
Jan-05 02:58:22.780 [Task monitor] DEBUG n.processor.TaskPollingMonitor - Task completed > TaskHandler[id: 51; name: writeLargeFile (51); status: COMPLETED; exit: 0; error: -; workDir: /input/data/work/44/dc423d1eca74575cdefec37b998f5d]
Jan-05 02:58:25.804 [Task monitor] DEBUG n.processor.TaskPollingMonitor - Task completed > TaskHandler[id: 96; name: writeLargeFile (96); status: COMPLETED; exit: 0; error: -; workDir: /input/data/work/dc/386b08e87daf08ce4a20be33ca72b3]
Jan-05 02:58:27.430 [Task monitor] DEBUG n.processor.TaskPollingMonitor - Task completed > TaskHandler[id: 54; name: writeLargeFile (54); status: COMPLETED; exit: 0; error: -; workDir: /input/data/work/52/1f9c55311e27dabad0791d8a145372]
Jan-05 02:58:28.922 [Task monitor] DEBUG n.processor.TaskPollingMonitor - Task completed > TaskHandler[id: 95; name: writeLargeFile (95); status: COMPLETED; exit: 0; error: -; workDir: /input/data/work/2a/f1a19cc0f5b3aad16ae28e6762e7f4]
Jan-05 02:58:30.445 [Task monitor] DEBUG n.processor.TaskPollingMonitor - Task completed > TaskHandler[id: 50; name: writeLargeFile (50); status: COMPLETED; exit: 0; error: -; workDir: /input/data/work/10/c2ba151553db1f4067544741c2ea3b]
Jan-05 02:58:32.209 [Task monitor] DEBUG n.processor.TaskPollingMonitor - Task completed > TaskHandler[id: 68; name: writeLargeFile (68); status: COMPLETED; exit: 0; error: -; workDir: /input/data/work/7a/cf0afab5932ad7e3bff7d68e5e34cd]
Jan-05 02:58:33.662 [Task monitor] DEBUG n.processor.TaskPollingMonitor - Task completed > TaskHandler[id: 67; name: writeLargeFile (67); status: COMPLETED; exit: 0; error: -; workDir: /input/data/work/2d/3e889d96c701652cd6d0afc31f5221]
Jan-05 02:58:35.188 [Task monitor] DEBUG n.processor.TaskPollingMonitor - Task completed > TaskHandler[id: 82; name: writeLargeFile (82); status: COMPLETED; exit: 0; error: -; workDir: /input/data/work/fa/b6ba03319997c09599f52b8ec92853]
Jan-05 02:58:36.135 [Task monitor] DEBUG n.processor.TaskPollingMonitor - Task completed > TaskHandler[id: 87; name: writeLargeFile (87); status: COMPLETED; exit: 0; error: -; workDir: /input/data/work/97/cb0d7f8eac5b59f8cf13660fe660c2]
Jan-05 02:58:36.686 [Task monitor] DEBUG n.processor.TaskPollingMonitor - Task completed > TaskHandler[id: 91; name: writeLargeFile (91); status: COMPLETED; exit: 0; error: -; workDir: /input/data/work/53/ea5a678ebc51139a11cb170e14d9aa]
Jan-05 02:58:37.247 [Task monitor] DEBUG n.processor.TaskPollingMonitor - Task completed > TaskHandler[id: 74; name: writeLargeFile (74); status: COMPLETED; exit: 0; error: -; workDir: /input/data/work/03/eb8697da88066eb8793e87c6600844]
Jan-05 02:58:57.829 [Task monitor] WARN  nextflow.k8s.client.K8sClient - K8s pod cannot be scheduled -- 0/8 nodes are available: 8 Insufficient cpu. preemption: 0/8 nodes are available: 8 No preemption victims found for incoming pod..
Jan-05 02:59:57.842 [Task monitor] WARN  nextflow.k8s.client.K8sClient - K8s pod cannot be scheduled -- 0/8 nodes are available: 8 Insufficient cpu. preemption: 0/8 nodes are available: 8 No preemption victims found for incoming pod..
Jan-05 03:00:12.463 [Task monitor] DEBUG n.processor.TaskPollingMonitor - Task completed > TaskHandler[id: 78; name: writeLargeFile (78); status: COMPLETED; exit: 0; error: -; workDir: /input/data/work/69/f4ab495dafd233906b7897f80d9e78]
Jan-05 03:00:18.247 [Task monitor] DEBUG n.processor.TaskPollingMonitor - Task completed > TaskHandler[id: 93; name: writeLargeFile (93); status: COMPLETED; exit: 0; error: -; workDir: /input/data/work/78/19f1f89e6c33825dcb3cdd43caf351]
Jan-05 03:00:23.419 [Task monitor] DEBUG n.processor.TaskPollingMonitor - Task completed > TaskHandler[id: 73; name: writeLargeFile (73); status: COMPLETED; exit: 0; error: -; workDir: /input/data/work/90/80a4c81cbbd8e11200e3f01d1be634]
Jan-05 03:00:27.592 [Task monitor] DEBUG n.processor.TaskPollingMonitor - Task completed > TaskHandler[id: 94; name: writeLargeFile (94); status: COMPLETED; exit: 0; error: -; workDir: /input/data/work/b7/aa449dbb3b6b9f32ea89653b68627f]
Jan-05 03:00:32.760 [Task monitor] DEBUG n.processor.TaskPollingMonitor - Task completed > TaskHandler[id: 99; name: writeLargeFile (99); status: COMPLETED; exit: 0; error: -; workDir: /input/data/work/bf/7f03b01245917d9176f38a0cbcc640]
Jan-05 03:00:38.026 [Task monitor] DEBUG n.processor.TaskPollingMonitor - Task completed > TaskHandler[id: 100; name: writeLargeFile (100); status: COMPLETED; exit: 0; error: -; workDir: /input/data/work/77/cd66223e817987734dab0dc088100b]
Jan-05 03:00:56.009 [Task monitor] DEBUG n.processor.TaskPollingMonitor - Task completed > TaskHandler[id: 56; name: writeLargeFile (56); status: COMPLETED; exit: 0; error: -; workDir: /input/data/work/6f/273f6e0b2302a7c0e5c889906d4415]
Jan-05 03:00:57.110 [Task monitor] DEBUG n.processor.TaskPollingMonitor - Task completed > TaskHandler[id: 49; name: writeLargeFile (49); status: COMPLETED; exit: 0; error: -; workDir: /input/data/work/0f/569eaa018040cadce2bfbc5c1678ce]
Jan-05 03:00:57.846 [Task monitor] DEBUG n.processor.TaskPollingMonitor - Task completed > TaskHandler[id: 53; name: writeLargeFile (53); status: COMPLETED; exit: 0; error: -; workDir: /input/data/work/84/623d488660c9a706e2ae7aa093f780]
Jan-05 03:00:58.245 [Task monitor] DEBUG n.processor.TaskPollingMonitor - Task completed > TaskHandler[id: 75; name: writeLargeFile (75); status: COMPLETED; exit: 0; error: -; workDir: /input/data/work/7d/cf2c3462fed5ed3b2dd6049f691979]
Jan-05 03:00:58.689 [Task monitor] DEBUG n.processor.TaskPollingMonitor - Task completed > TaskHandler[id: 98; name: writeLargeFile (98); status: COMPLETED; exit: 0; error: -; workDir: /input/data/work/84/1cb6fe68509749cfd2c592160474ad]
Jan-05 03:00:59.543 [Task monitor] DEBUG n.processor.TaskPollingMonitor - Task completed > TaskHandler[id: 84; name: writeLargeFile (84); status: COMPLETED; exit: 0; error: -; workDir: /input/data/work/ee/27bb2f3c0109f5e339060a573a6cb5]
Jan-05 03:01:11.464 [Task monitor] DEBUG n.processor.TaskPollingMonitor - Task completed > TaskHandler[id: 35; name: writeLargeFile (35); status: COMPLETED; exit: 0; error: -; workDir: /input/data/work/8f/6bf5c54d43a6069deb488eb5900649]
Jan-05 03:01:13.056 [Task monitor] DEBUG n.processor.TaskPollingMonitor - Task completed > TaskHandler[id: 63; name: writeLargeFile (63); status: COMPLETED; exit: 0; error: -; workDir: /input/data/work/a1/eb46ec4a1eaa41a75167603bf35813]
Jan-05 03:01:14.598 [Task monitor] DEBUG n.processor.TaskPollingMonitor - Task completed > TaskHandler[id: 79; name: writeLargeFile (79); status: COMPLETED; exit: 0; error: -; workDir: /input/data/work/91/e8cc7ec6b9a7c2c2c37e61b78c6ba0]
Jan-05 03:01:20.870 [Task monitor] DEBUG n.processor.TaskPollingMonitor - Task completed > TaskHandler[id: 33; name: writeLargeFile (33); status: COMPLETED; exit: 0; error: -; workDir: /input/data/work/c2/fa9bde10efd5d36db74b0c06d8d882]
Jan-05 03:01:21.793 [Task monitor] DEBUG n.processor.TaskPollingMonitor - Task completed > TaskHandler[id: 36; name: writeLargeFile (36); status: COMPLETED; exit: 0; error: -; workDir: /input/data/work/43/6c5d4b2e354fe671bd71d9c469ef1a]
Jan-05 03:01:22.735 [Task monitor] DEBUG n.processor.TaskPollingMonitor - Task completed > TaskHandler[id: 42; name: writeLargeFile (42); status: COMPLETED; exit: 0; error: -; workDir: /input/data/work/db/96ed831d8b5ba18143d6e317e7f7ff]
Jan-05 03:01:23.675 [Task monitor] DEBUG n.processor.TaskPollingMonitor - Task completed > TaskHandler[id: 55; name: writeLargeFile (55); status: COMPLETED; exit: 0; error: -; workDir: /input/data/work/51/b7a9ec3a4f3528af62fde8ca49f361]
Jan-05 03:01:24.531 [Task monitor] DEBUG n.processor.TaskPollingMonitor - Task completed > TaskHandler[id: 72; name: writeLargeFile (72); status: COMPLETED; exit: 0; error: -; workDir: /input/data/work/db/5493eef6c2e4872f12661270bb5b37]
Jan-05 03:01:25.532 [Task monitor] DEBUG n.processor.TaskPollingMonitor - Task completed > TaskHandler[id: 97; name: writeLargeFile (97); status: COMPLETED; exit: 0; error: -; workDir: /input/data/work/07/def7f633a24579acac8a5d634435d5]
Jan-05 03:01:31.284 [Task monitor] DEBUG n.processor.TaskPollingMonitor - Task completed > TaskHandler[id: 37; name: writeLargeFile (37); status: COMPLETED; exit: 0; error: -; workDir: /input/data/work/1b/55b050a3067d56b4d9adbca7cdebd6]
Jan-05 03:01:36.109 [Task monitor] DEBUG n.processor.TaskPollingMonitor - Task completed > TaskHandler[id: 57; name: writeLargeFile (57); status: COMPLETED; exit: 0; error: -; workDir: /input/data/work/cd/1ef56def1e9a6f14135b5dc4b8d4cb]
Jan-05 03:01:36.444 [Task monitor] DEBUG n.processor.TaskPollingMonitor - Task completed > TaskHandler[id: 71; name: writeLargeFile (71); status: COMPLETED; exit: 0; error: -; workDir: /input/data/work/0e/8680a7140b033701ad79de9b8c195f]
Jan-05 03:01:36.782 [Task monitor] DEBUG n.processor.TaskPollingMonitor - Task completed > TaskHandler[id: 52; name: writeLargeFile (52); status: COMPLETED; exit: 0; error: -; workDir: /input/data/work/3c/454d6ee0cb1bcbc011f6876a6a9205]
Jan-05 03:01:37.135 [Task monitor] DEBUG n.processor.TaskPollingMonitor - Task completed > TaskHandler[id: 70; name: writeLargeFile (70); status: COMPLETED; exit: 0; error: -; workDir: /input/data/work/74/05ace1228c8650a6e2974133b45636]
Jan-05 03:01:40.942 [Task monitor] DEBUG n.processor.TaskPollingMonitor - Task completed > TaskHandler[id: 81; name: writeLargeFile (81); status: COMPLETED; exit: 0; error: -; workDir: /input/data/work/08/82f08dc9f568eb2109a34f894e1ea2]
Jan-05 03:01:40.984 [Task monitor] DEBUG n.processor.TaskPollingMonitor - Task completed > TaskHandler[id: 77; name: writeLargeFile (77); status: COMPLETED; exit: 0; error: -; workDir: /input/data/work/af/40e4a1d00badb4b64d71ac8bfbde07]
Jan-05 03:01:41.139 [Task submitter] INFO  nextflow.Session - [90/21f874] Submitted process > combineFiles (2)
Jan-05 03:01:41.253 [Task submitter] INFO  nextflow.Session - [75/897c77] Submitted process > combineFiles (27)
Jan-05 03:01:41.320 [Task submitter] INFO  nextflow.Session - [7a/173780] Submitted process > combineFiles (3)
Jan-05 03:01:41.387 [Task submitter] INFO  nextflow.Session - [73/427ed8] Submitted process > combineFiles (23)
Jan-05 03:01:41.454 [Task submitter] INFO  nextflow.Session - [dc/1d94e1] Submitted process > combineFiles (28)
Jan-05 03:01:41.527 [Task submitter] INFO  nextflow.Session - [53/82abbe] Submitted process > combineFiles (12)
Jan-05 03:01:41.595 [Task submitter] INFO  nextflow.Session - [2a/81f0a5] Submitted process > combineFiles (17)
Jan-05 03:01:41.656 [Task submitter] INFO  nextflow.Session - [fd/1e3c53] Submitted process > combineFiles (16)
Jan-05 03:01:41.721 [Task submitter] INFO  nextflow.Session - [51/9b5cc3] Submitted process > combineFiles (32)
Jan-05 03:01:41.789 [Task submitter] INFO  nextflow.Session - [6a/bc723f] Submitted process > combineFiles (7)
Jan-05 03:01:41.856 [Task submitter] INFO  nextflow.Session - [3c/7846c2] Submitted process > combineFiles (30)
Jan-05 03:01:41.936 [Task submitter] INFO  nextflow.Session - [15/e1d9b6] Submitted process > combineFiles (22)
Jan-05 03:01:42.002 [Task submitter] INFO  nextflow.Session - [61/918e81] Submitted process > combineFiles (21)
Jan-05 03:01:42.070 [Task submitter] INFO  nextflow.Session - [2b/52f72d] Submitted process > combineFiles (6)
Jan-05 03:01:42.135 [Task submitter] INFO  nextflow.Session - [9e/15d0f0] Submitted process > combineFiles (26)
Jan-05 03:01:42.244 [Task submitter] INFO  nextflow.Session - [ae/2e7524] Submitted process > combineFiles (18)
Jan-05 03:01:42.366 [Task submitter] INFO  nextflow.Session - [40/bdb298] Submitted process > combineFiles (29)
Jan-05 03:01:42.538 [Task submitter] INFO  nextflow.Session - [41/69334f] Submitted process > combineFiles (8)
Jan-05 03:01:43.006 [Task submitter] INFO  nextflow.Session - [9e/1663f8] Submitted process > combineFiles (4)
Jan-05 03:01:43.504 [Task submitter] INFO  nextflow.Session - [c6/0b80b2] Submitted process > combineFiles (25)
Jan-05 03:01:44.531 [Task submitter] INFO  nextflow.Session - [36/cbf7a2] Submitted process > combineFiles (33)
Jan-05 03:01:45.671 [Task submitter] INFO  nextflow.Session - [50/32a9c6] Submitted process > combineFiles (13)
Jan-05 03:01:46.694 [Task submitter] INFO  nextflow.Session - [ec/a6cd47] Submitted process > combineFiles (10)
Jan-05 03:01:47.855 [Task submitter] INFO  nextflow.Session - [a9/823f0a] Submitted process > combineFiles (24)
Jan-05 03:01:49.004 [Task submitter] INFO  nextflow.Session - [ea/70902c] Submitted process > combineFiles (1)
Jan-05 03:01:50.740 [Task submitter] INFO  nextflow.Session - [99/4e3f03] Submitted process > combineFiles (15)
Jan-05 03:01:51.310 [Task monitor] WARN  nextflow.k8s.client.K8sClient - K8s pod cannot be scheduled -- 0/8 nodes are available: 8 Insufficient cpu. preemption: 0/8 nodes are available: 8 No preemption victims found for incoming pod..
Jan-05 03:01:52.118 [Task submitter] INFO  nextflow.Session - [ed/aab881] Submitted process > combineFiles (31)
Jan-05 03:01:53.951 [Task submitter] INFO  nextflow.Session - [60/6dd52e] Submitted process > combineFiles (14)
Jan-05 03:01:55.899 [Task submitter] INFO  nextflow.Session - [f5/1916a7] Submitted process > combineFiles (20)
Jan-05 03:01:57.769 [Task submitter] INFO  nextflow.Session - [64/a764dd] Submitted process > combineFiles (19)
Jan-05 03:01:59.590 [Task submitter] INFO  nextflow.Session - [45/7f6568] Submitted process > combineFiles (11)
Jan-05 03:02:01.433 [Task submitter] INFO  nextflow.Session - [86/b3f40d] Submitted process > combineFiles (5)
Jan-05 03:02:03.220 [Task submitter] INFO  nextflow.Session - [86/ebfab1] Submitted process > combineFiles (9)
Jan-05 03:02:05.121 [Task submitter] INFO  nextflow.Session - [30/2be1f0] Submitted process > combineFiles (34)
Jan-05 03:02:51.314 [Task monitor] WARN  nextflow.k8s.client.K8sClient - K8s pod cannot be scheduled -- 0/8 nodes are available: 8 Insufficient cpu. preemption: 0/8 nodes are available: 8 No preemption victims found for incoming pod..
Jan-05 03:03:20.904 [Task monitor] DEBUG n.processor.TaskPollingMonitor - !! executor k8s > tasks to be completed: 34 -- submitted tasks are shown below
~> TaskHandler[id: 102; name: combineFiles (2); status: RUNNING; exit: -; error: -; workDir: /input/data/work/90/21f8742dff034250e2b2918302cedc]
~> TaskHandler[id: 127; name: combineFiles (27); status: RUNNING; exit: -; error: -; workDir: /input/data/work/75/897c7720e02190e61039437b0e6e4c]
~> TaskHandler[id: 103; name: combineFiles (3); status: RUNNING; exit: -; error: -; workDir: /input/data/work/7a/173780632d932bae792a0df1dcf695]
~> TaskHandler[id: 123; name: combineFiles (23); status: RUNNING; exit: -; error: -; workDir: /input/data/work/73/427ed880c1b4c6388a9d21721c3e99]
~> TaskHandler[id: 128; name: combineFiles (28); status: RUNNING; exit: -; error: -; workDir: /input/data/work/dc/1d94e11c5730ad1f619f442d863c17]
~> TaskHandler[id: 112; name: combineFiles (12); status: RUNNING; exit: -; error: -; workDir: /input/data/work/53/82abbe68fc0cc4f8aac3a277838ad0]
~> TaskHandler[id: 117; name: combineFiles (17); status: RUNNING; exit: -; error: -; workDir: /input/data/work/2a/81f0a50dc17d911e1577917529f694]
~> TaskHandler[id: 116; name: combineFiles (16); status: RUNNING; exit: -; error: -; workDir: /input/data/work/fd/1e3c531ed5c825ec37639c16a2f990]
~> TaskHandler[id: 132; name: combineFiles (32); status: RUNNING; exit: -; error: -; workDir: /input/data/work/51/9b5cc3a26b4262a8e1b40df1a9741e]
~> TaskHandler[id: 107; name: combineFiles (7); status: RUNNING; exit: -; error: -; workDir: /input/data/work/6a/bc723fefbec8df8031df0f61cb07bb]
.. remaining tasks omitted.
Jan-05 03:03:51.319 [Task monitor] WARN  nextflow.k8s.client.K8sClient - K8s pod cannot be scheduled -- 0/8 nodes are available: 8 Insufficient cpu. preemption: 0/8 nodes are available: 8 No preemption victims found for incoming pod..
Jan-05 03:04:51.330 [Task monitor] WARN  nextflow.k8s.client.K8sClient - K8s pod cannot be scheduled -- 0/8 nodes are available: 8 Insufficient cpu. preemption: 0/8 nodes are available: 8 No preemption victims found for incoming pod..
Jan-05 03:05:51.342 [Task monitor] WARN  nextflow.k8s.client.K8sClient - K8s pod cannot be scheduled -- 0/8 nodes are available: 8 Insufficient cpu. preemption: 0/8 nodes are available: 8 No preemption victims found for incoming pod..
Jan-05 03:06:51.344 [Task monitor] WARN  nextflow.k8s.client.K8sClient - K8s pod cannot be scheduled -- 0/8 nodes are available: 8 Insufficient cpu. preemption: 0/8 nodes are available: 8 No preemption victims found for incoming pod..
Jan-05 03:06:56.864 [Task monitor] DEBUG n.processor.TaskPollingMonitor - Task completed > TaskHandler[id: 108; name: combineFiles (8); status: COMPLETED; exit: 0; error: -; workDir: /input/data/work/41/69334fcb8b42aea7e76d3aef432900]
Jan-05 03:07:51.348 [Task monitor] WARN  nextflow.k8s.client.K8sClient - K8s pod cannot be scheduled -- 0/8 nodes are available: 8 Insufficient cpu. preemption: 0/8 nodes are available: 8 No preemption victims found for incoming pod..
Jan-05 03:08:11.152 [Task monitor] DEBUG n.processor.TaskPollingMonitor - Task completed > TaskHandler[id: 117; name: combineFiles (17); status: COMPLETED; exit: 0; error: -; workDir: /input/data/work/2a/81f0a50dc17d911e1577917529f694]
Jan-05 03:08:11.740 [Task monitor] DEBUG n.processor.TaskPollingMonitor - Task completed > TaskHandler[id: 106; name: combineFiles (6); status: COMPLETED; exit: 0; error: -; workDir: /input/data/work/2b/52f72dbf38138e62770ddc6f4d208b]
Jan-05 03:08:12.227 [Task monitor] DEBUG n.processor.TaskPollingMonitor - Task completed > TaskHandler[id: 124; name: combineFiles (24); status: COMPLETED; exit: 0; error: -; workDir: /input/data/work/a9/823f0a1359132be084b8482b4702bb]
Jan-05 03:08:20.921 [Task monitor] DEBUG n.processor.TaskPollingMonitor - !! executor k8s > tasks to be completed: 30 -- submitted tasks are shown below
~> TaskHandler[id: 102; name: combineFiles (2); status: RUNNING; exit: -; error: -; workDir: /input/data/work/90/21f8742dff034250e2b2918302cedc]
~> TaskHandler[id: 127; name: combineFiles (27); status: RUNNING; exit: -; error: -; workDir: /input/data/work/75/897c7720e02190e61039437b0e6e4c]
~> TaskHandler[id: 103; name: combineFiles (3); status: RUNNING; exit: -; error: -; workDir: /input/data/work/7a/173780632d932bae792a0df1dcf695]
~> TaskHandler[id: 123; name: combineFiles (23); status: RUNNING; exit: -; error: -; workDir: /input/data/work/73/427ed880c1b4c6388a9d21721c3e99]
~> TaskHandler[id: 128; name: combineFiles (28); status: RUNNING; exit: -; error: -; workDir: /input/data/work/dc/1d94e11c5730ad1f619f442d863c17]
~> TaskHandler[id: 112; name: combineFiles (12); status: RUNNING; exit: -; error: -; workDir: /input/data/work/53/82abbe68fc0cc4f8aac3a277838ad0]
~> TaskHandler[id: 116; name: combineFiles (16); status: RUNNING; exit: -; error: -; workDir: /input/data/work/fd/1e3c531ed5c825ec37639c16a2f990]
~> TaskHandler[id: 132; name: combineFiles (32); status: RUNNING; exit: -; error: -; workDir: /input/data/work/51/9b5cc3a26b4262a8e1b40df1a9741e]
~> TaskHandler[id: 107; name: combineFiles (7); status: RUNNING; exit: -; error: -; workDir: /input/data/work/6a/bc723fefbec8df8031df0f61cb07bb]
~> TaskHandler[id: 130; name: combineFiles (30); status: RUNNING; exit: -; error: -; workDir: /input/data/work/3c/7846c247c1f4c30639e2c40a2fd025]
.. remaining tasks omitted.
Jan-05 03:08:51.361 [Task monitor] WARN  nextflow.k8s.client.K8sClient - K8s pod cannot be scheduled -- 0/8 nodes are available: 8 Insufficient cpu. preemption: 0/8 nodes are available: 8 No preemption victims found for incoming pod..
Jan-05 03:09:51.367 [Task monitor] WARN  nextflow.k8s.client.K8sClient - K8s pod cannot be scheduled -- 0/8 nodes are available: 8 Insufficient cpu. preemption: 0/8 nodes are available: 8 No preemption victims found for incoming pod..
Jan-05 03:10:28.971 [Task monitor] DEBUG n.processor.TaskPollingMonitor - Task completed > TaskHandler[id: 127; name: combineFiles (27); status: COMPLETED; exit: 0; error: -; workDir: /input/data/work/75/897c7720e02190e61039437b0e6e4c]
Jan-05 03:10:32.801 [Task monitor] DEBUG n.processor.TaskPollingMonitor - Task completed > TaskHandler[id: 132; name: combineFiles (32); status: COMPLETED; exit: 0; error: -; workDir: /input/data/work/51/9b5cc3a26b4262a8e1b40df1a9741e]
Jan-05 03:10:56.039 [Task monitor] DEBUG n.processor.TaskPollingMonitor - Task completed > TaskHandler[id: 102; name: combineFiles (2); status: COMPLETED; exit: 0; error: -; workDir: /input/data/work/90/21f8742dff034250e2b2918302cedc]
Jan-05 03:10:58.731 [Task monitor] DEBUG n.processor.TaskPollingMonitor - Task completed > TaskHandler[id: 107; name: combineFiles (7); status: COMPLETED; exit: 0; error: -; workDir: /input/data/work/6a/bc723fefbec8df8031df0f61cb07bb]
Jan-05 03:11:01.472 [Task monitor] DEBUG n.processor.TaskPollingMonitor - Task completed > TaskHandler[id: 129; name: combineFiles (29); status: COMPLETED; exit: 0; error: -; workDir: /input/data/work/40/bdb298aef052c8351862181c9d9d6a]
Jan-05 03:11:02.804 [Task monitor] WARN  nextflow.k8s.client.K8sClient - K8s pod cannot be scheduled -- 0/8 nodes are available: 8 Insufficient cpu. preemption: 0/8 nodes are available: 8 No preemption victims found for incoming pod..
Jan-05 03:12:03.236 [Task monitor] WARN  nextflow.k8s.client.K8sClient - K8s pod cannot be scheduled -- 0/8 nodes are available: 8 Insufficient cpu. preemption: 0/8 nodes are available: 8 No preemption victims found for incoming pod..
Jan-05 03:13:03.239 [Task monitor] WARN  nextflow.k8s.client.K8sClient - K8s pod cannot be scheduled -- 0/8 nodes are available: 8 Insufficient cpu. preemption: 0/8 nodes are available: 8 No preemption victims found for incoming pod..
Jan-05 03:13:22.881 [Task monitor] DEBUG n.processor.TaskPollingMonitor - !! executor k8s > tasks to be completed: 25 -- submitted tasks are shown below
~> TaskHandler[id: 103; name: combineFiles (3); status: RUNNING; exit: -; error: -; workDir: /input/data/work/7a/173780632d932bae792a0df1dcf695]
~> TaskHandler[id: 123; name: combineFiles (23); status: RUNNING; exit: -; error: -; workDir: /input/data/work/73/427ed880c1b4c6388a9d21721c3e99]
~> TaskHandler[id: 128; name: combineFiles (28); status: RUNNING; exit: -; error: -; workDir: /input/data/work/dc/1d94e11c5730ad1f619f442d863c17]
~> TaskHandler[id: 112; name: combineFiles (12); status: RUNNING; exit: -; error: -; workDir: /input/data/work/53/82abbe68fc0cc4f8aac3a277838ad0]
~> TaskHandler[id: 116; name: combineFiles (16); status: RUNNING; exit: -; error: -; workDir: /input/data/work/fd/1e3c531ed5c825ec37639c16a2f990]
~> TaskHandler[id: 130; name: combineFiles (30); status: RUNNING; exit: -; error: -; workDir: /input/data/work/3c/7846c247c1f4c30639e2c40a2fd025]
~> TaskHandler[id: 122; name: combineFiles (22); status: RUNNING; exit: -; error: -; workDir: /input/data/work/15/e1d9b65fdb163f2aa87cf87055292c]
~> TaskHandler[id: 121; name: combineFiles (21); status: RUNNING; exit: -; error: -; workDir: /input/data/work/61/918e815b7408d97e23f083005feaca]
~> TaskHandler[id: 126; name: combineFiles (26); status: RUNNING; exit: -; error: -; workDir: /input/data/work/9e/15d0f0d09ea9cd83da41600cc3776a]
~> TaskHandler[id: 118; name: combineFiles (18); status: RUNNING; exit: -; error: -; workDir: /input/data/work/ae/2e752450470319f3ac86624d8be94f]
.. remaining tasks omitted.
Jan-05 03:14:03.253 [Task monitor] WARN  nextflow.k8s.client.K8sClient - K8s pod cannot be scheduled -- 0/8 nodes are available: 8 Insufficient cpu. preemption: 0/8 nodes are available: 8 No preemption victims found for incoming pod..
Jan-05 03:15:08.038 [Task monitor] DEBUG n.processor.TaskPollingMonitor - Task completed > TaskHandler[id: 128; name: combineFiles (28); status: COMPLETED; exit: 0; error: -; workDir: /input/data/work/dc/1d94e11c5730ad1f619f442d863c17]
Jan-05 03:15:16.001 [Task monitor] DEBUG n.processor.TaskPollingMonitor - Task completed > TaskHandler[id: 126; name: combineFiles (26); status: COMPLETED; exit: 0; error: -; workDir: /input/data/work/9e/15d0f0d09ea9cd83da41600cc3776a]
Jan-05 03:15:21.410 [Task monitor] DEBUG n.processor.TaskPollingMonitor - Task completed > TaskHandler[id: 125; name: combineFiles (25); status: COMPLETED; exit: 0; error: -; workDir: /input/data/work/c6/0b80b2df4ceff65c4e8703e424c595]
Jan-05 03:16:01.185 [Task monitor] DEBUG n.processor.TaskPollingMonitor - Task completed > TaskHandler[id: 112; name: combineFiles (12); status: COMPLETED; exit: 0; error: -; workDir: /input/data/work/53/82abbe68fc0cc4f8aac3a277838ad0]
Jan-05 03:16:06.073 [Task monitor] DEBUG n.processor.TaskPollingMonitor - Task completed > TaskHandler[id: 130; name: combineFiles (30); status: COMPLETED; exit: 0; error: -; workDir: /input/data/work/3c/7846c247c1f4c30639e2c40a2fd025]
Jan-05 03:16:10.996 [Task monitor] DEBUG n.processor.TaskPollingMonitor - Task completed > TaskHandler[id: 133; name: combineFiles (33); status: COMPLETED; exit: 0; error: -; workDir: /input/data/work/36/cbf7a2448d8065b699c9f349623adb]
Jan-05 03:16:40.823 [Task monitor] DEBUG n.processor.TaskPollingMonitor - Task completed > TaskHandler[id: 116; name: combineFiles (16); status: COMPLETED; exit: 0; error: -; workDir: /input/data/work/fd/1e3c531ed5c825ec37639c16a2f990]
Jan-05 03:16:43.965 [Task monitor] DEBUG n.processor.TaskPollingMonitor - Task completed > TaskHandler[id: 118; name: combineFiles (18); status: COMPLETED; exit: 0; error: -; workDir: /input/data/work/ae/2e752450470319f3ac86624d8be94f]
Jan-05 03:16:46.816 [Task monitor] DEBUG n.processor.TaskPollingMonitor - Task completed > TaskHandler[id: 110; name: combineFiles (10); status: COMPLETED; exit: 0; error: -; workDir: /input/data/work/ec/a6cd47c4a07c29c90f5997122cd07b]
Jan-05 03:16:48.527 [Task monitor] DEBUG n.processor.TaskPollingMonitor - Task completed > TaskHandler[id: 123; name: combineFiles (23); status: COMPLETED; exit: 0; error: -; workDir: /input/data/work/73/427ed880c1b4c6388a9d21721c3e99]
Jan-05 03:16:49.980 [Task monitor] DEBUG n.processor.TaskPollingMonitor - Task completed > TaskHandler[id: 121; name: combineFiles (21); status: COMPLETED; exit: 0; error: -; workDir: /input/data/work/61/918e815b7408d97e23f083005feaca]
Jan-05 03:16:51.190 [Task monitor] DEBUG n.processor.TaskPollingMonitor - Task completed > TaskHandler[id: 104; name: combineFiles (4); status: COMPLETED; exit: 0; error: -; workDir: /input/data/work/9e/1663f83c64f9aeaf038892e4177a5c]
Jan-05 03:17:29.900 [Task monitor] DEBUG n.processor.TaskPollingMonitor - Task completed > TaskHandler[id: 103; name: combineFiles (3); status: COMPLETED; exit: 0; error: -; workDir: /input/data/work/7a/173780632d932bae792a0df1dcf695]
Jan-05 03:17:33.502 [Task monitor] DEBUG n.processor.TaskPollingMonitor - Task completed > TaskHandler[id: 122; name: combineFiles (22); status: COMPLETED; exit: 0; error: -; workDir: /input/data/work/15/e1d9b65fdb163f2aa87cf87055292c]
Jan-05 03:17:37.749 [Task monitor] DEBUG n.processor.TaskPollingMonitor - Task completed > TaskHandler[id: 113; name: combineFiles (13); status: COMPLETED; exit: 0; error: -; workDir: /input/data/work/50/32a9c6f71bf62fd60be3312d9f6c39]
Jan-05 03:18:15.554 [Task monitor] DEBUG n.processor.TaskPollingMonitor - Task completed > TaskHandler[id: 101; name: combineFiles (1); status: COMPLETED; exit: 0; error: -; workDir: /input/data/work/ea/70902cb4171dbf195cdd26d08da9ef]
Jan-05 03:18:24.971 [Task monitor] DEBUG n.processor.TaskPollingMonitor - !! executor k8s > tasks to be completed: 9 -- submitted tasks are shown below
~> TaskHandler[id: 115; name: combineFiles (15); status: RUNNING; exit: -; error: -; workDir: /input/data/work/99/4e3f032901e261e680fbf72c8399cb]
~> TaskHandler[id: 131; name: combineFiles (31); status: RUNNING; exit: -; error: -; workDir: /input/data/work/ed/aab881c4bea0df5d9a379c91a948ca]
~> TaskHandler[id: 114; name: combineFiles (14); status: RUNNING; exit: -; error: -; workDir: /input/data/work/60/6dd52e0299266fcfd8fd9c135271ab]
~> TaskHandler[id: 120; name: combineFiles (20); status: RUNNING; exit: -; error: -; workDir: /input/data/work/f5/1916a71071cc947fa42fcda396fafb]
~> TaskHandler[id: 119; name: combineFiles (19); status: RUNNING; exit: -; error: -; workDir: /input/data/work/64/a764dd967d07d7289ec8b83dd975ac]
~> TaskHandler[id: 111; name: combineFiles (11); status: RUNNING; exit: -; error: -; workDir: /input/data/work/45/7f6568f80cd89bf95c652c69fe627f]
~> TaskHandler[id: 105; name: combineFiles (5); status: RUNNING; exit: -; error: -; workDir: /input/data/work/86/b3f40d4b2c1be175d1203cce4e5107]
~> TaskHandler[id: 109; name: combineFiles (9); status: RUNNING; exit: -; error: -; workDir: /input/data/work/86/ebfab18fb823b2d7d99c11c8407a91]
~> TaskHandler[id: 134; name: combineFiles (34); status: RUNNING; exit: -; error: -; workDir: /input/data/work/30/2be1f0bfe2f41c797eb58b3357e29d]
Jan-05 03:19:25.107 [Task monitor] DEBUG n.processor.TaskPollingMonitor - Task completed > TaskHandler[id: 115; name: combineFiles (15); status: COMPLETED; exit: 0; error: -; workDir: /input/data/work/99/4e3f032901e261e680fbf72c8399cb]
Jan-05 03:19:25.342 [Task monitor] DEBUG n.processor.TaskPollingMonitor - Task completed > TaskHandler[id: 131; name: combineFiles (31); status: COMPLETED; exit: 0; error: -; workDir: /input/data/work/ed/aab881c4bea0df5d9a379c91a948ca]
Jan-05 03:19:25.584 [Task monitor] DEBUG n.processor.TaskPollingMonitor - Task completed > TaskHandler[id: 114; name: combineFiles (14); status: COMPLETED; exit: 0; error: -; workDir: /input/data/work/60/6dd52e0299266fcfd8fd9c135271ab]
Jan-05 03:19:55.287 [Task monitor] DEBUG n.processor.TaskPollingMonitor - Task completed > TaskHandler[id: 134; name: combineFiles (34); status: COMPLETED; exit: 0; error: -; workDir: /input/data/work/30/2be1f0bfe2f41c797eb58b3357e29d]
Jan-05 03:20:00.028 [Task monitor] DEBUG n.processor.TaskPollingMonitor - Task completed > TaskHandler[id: 120; name: combineFiles (20); status: COMPLETED; exit: 0; error: -; workDir: /input/data/work/f5/1916a71071cc947fa42fcda396fafb]
Jan-05 03:20:00.090 [Task monitor] DEBUG n.processor.TaskPollingMonitor - Task completed > TaskHandler[id: 119; name: combineFiles (19); status: COMPLETED; exit: 0; error: -; workDir: /input/data/work/64/a764dd967d07d7289ec8b83dd975ac]
Jan-05 03:21:40.019 [Task monitor] DEBUG n.processor.TaskPollingMonitor - Task completed > TaskHandler[id: 111; name: combineFiles (11); status: COMPLETED; exit: 0; error: -; workDir: /input/data/work/45/7f6568f80cd89bf95c652c69fe627f]
Jan-05 03:21:40.060 [Task monitor] DEBUG n.processor.TaskPollingMonitor - Task completed > TaskHandler[id: 105; name: combineFiles (5); status: COMPLETED; exit: 0; error: -; workDir: /input/data/work/86/b3f40d4b2c1be175d1203cce4e5107]
Jan-05 03:21:40.100 [Task monitor] DEBUG n.processor.TaskPollingMonitor - Task completed > TaskHandler[id: 109; name: combineFiles (9); status: COMPLETED; exit: 0; error: -; workDir: /input/data/work/86/ebfab18fb823b2d7d99c11c8407a91]
Jan-05 03:21:40.100 [main] DEBUG nextflow.Session - Session await > all processes finished
Jan-05 03:21:40.102 [main] DEBUG nextflow.Session - Session await > all barriers passed
Jan-05 03:21:40.113 [main] DEBUG n.trace.WorkflowStatsObserver - Workflow completed > WorkflowStats[succeededCount=134; failedCount=0; ignoredCount=0; cachedCount=0; pendingCount=0; submittedCount=0; runningCount=0; retriesCount=0; abortedCount=0; succeedDuration=2d 2h 48m 40s; failedDuration=0ms; cachedDuration=0ms;loadCpus=0; loadMemory=0; peakRunning=32; peakCpus=320; peakMemory=474.4 GB; ]
Jan-05 03:21:40.113 [main] DEBUG nextflow.trace.TraceFileObserver - Workflow completed -- saving trace file
Jan-05 03:21:40.125 [main] DEBUG nextflow.trace.ReportObserver - Workflow completed -- rendering execution report
Jan-05 03:21:40.712 [main] DEBUG nextflow.trace.TimelineObserver - Workflow completed -- rendering execution timeline
Jan-05 03:21:40.821 [main] DEBUG nextflow.cache.CacheDB - Closing CacheDB done
Jan-05 03:21:40.844 [main] DEBUG nextflow.util.ThreadPoolManager - Thread pool 'FileTransfer' shutdown completed (hard=false)
Jan-05 03:21:40.844 [main] DEBUG nextflow.script.ScriptRunner - > Execution complete -- Goodbye
