Dec-07 23:26:19.907 [main] DEBUG nextflow.cli.Launcher - $> nextflow run /input/groupMultiple -c /experiments/experiment/groupMultiple/nextflow.config -c /experiments/experiment/nextflow_la.config -c /experiments/experiment/nextflow_ceph.config
Dec-07 23:26:19.969 [main] INFO  nextflow.cli.CmdRun - N E X T F L O W  ~  version 23.07.0-edge
Dec-07 23:26:19.987 [main] DEBUG nextflow.plugin.PluginsFacade - Setting up plugin manager > mode=prod; embedded=false; plugins-dir=/.nextflow/plugins; core-plugins: nf-amazon@2.1.0,nf-azure@1.1.4,nf-cloudcache@0.1.0,nf-codecommit@0.1.5,nf-console@1.0.6,nf-ga4gh@1.1.0,nf-google@1.8.1,nf-tower@1.5.15,nf-wave@0.11.0
Dec-07 23:26:19.996 [main] INFO  o.pf4j.DefaultPluginStatusProvider - Enabled plugins: []
Dec-07 23:26:19.997 [main] INFO  o.pf4j.DefaultPluginStatusProvider - Disabled plugins: []
Dec-07 23:26:19.999 [main] INFO  org.pf4j.DefaultPluginManager - PF4J version 3.4.1 in 'deployment' mode
Dec-07 23:26:20.007 [main] INFO  org.pf4j.AbstractPluginManager - No plugins
Dec-07 23:26:20.025 [main] DEBUG nextflow.scm.AssetManager - Project manifest does not exist: /input/groupMultiple/nextflow.config (No such file or directory)
Dec-07 23:26:20.046 [main] DEBUG nextflow.config.ConfigBuilder - User config file: /experiments/experiment/groupMultiple/nextflow.config
Dec-07 23:26:20.047 [main] DEBUG nextflow.config.ConfigBuilder - User config file: /experiments/experiment/nextflow_la.config
Dec-07 23:26:20.048 [main] DEBUG nextflow.config.ConfigBuilder - User config file: /experiments/experiment/nextflow_ceph.config
Dec-07 23:26:20.048 [main] DEBUG nextflow.config.ConfigBuilder - Parsing config file: /experiments/experiment/groupMultiple/nextflow.config
Dec-07 23:26:20.048 [main] DEBUG nextflow.config.ConfigBuilder - Parsing config file: /experiments/experiment/nextflow_la.config
Dec-07 23:26:20.049 [main] DEBUG nextflow.config.ConfigBuilder - Parsing config file: /experiments/experiment/nextflow_ceph.config
Dec-07 23:26:20.073 [main] DEBUG nextflow.config.ConfigBuilder - Applying config profile: `standard`
Dec-07 23:26:20.569 [main] DEBUG nextflow.config.ConfigBuilder - Applying config profile: `standard`
Dec-07 23:26:20.720 [main] DEBUG nextflow.config.ConfigBuilder - Applying config profile: `standard`
Dec-07 23:26:20.744 [main] DEBUG nextflow.cli.CmdRun - Applied DSL=2 by global default
Dec-07 23:26:20.757 [main] INFO  nextflow.cli.CmdRun - Launching `/input/groupMultiple/main.nf` [lethal_baekeland] DSL2 - revision: b7ed08cdab
Dec-07 23:26:20.758 [main] DEBUG nextflow.plugin.PluginsFacade - Plugins default=[]
Dec-07 23:26:20.758 [main] DEBUG nextflow.plugin.PluginsFacade - Plugins resolved requirement=[]
Dec-07 23:26:20.765 [main] DEBUG n.secret.LocalSecretsProvider - Secrets store: /.nextflow/secrets/store.json
Dec-07 23:26:20.767 [main] DEBUG nextflow.secret.SecretsLoader - Discovered secrets providers: [nextflow.secret.LocalSecretsProvider@20d87335] - activable => nextflow.secret.LocalSecretsProvider@20d87335
Dec-07 23:26:20.815 [main] DEBUG nextflow.Session - Session UUID: c33cbddb-0c0e-44f2-b550-51e737f5b3b9
Dec-07 23:26:20.816 [main] DEBUG nextflow.Session - Run name: lethal_baekeland
Dec-07 23:26:20.816 [main] DEBUG nextflow.Session - Executor pool size: 32
Dec-07 23:26:20.821 [main] DEBUG nextflow.file.FilePorter - File porter settings maxRetries=3; maxTransfers=50; pollTimeout=null
Dec-07 23:26:20.824 [main] DEBUG nextflow.util.ThreadPoolBuilder - Creating thread pool 'FileTransfer' minSize=10; maxSize=96; workQueue=LinkedBlockingQueue[10000]; allowCoreThreadTimeout=false
Dec-07 23:26:20.852 [main] DEBUG nextflow.cli.CmdRun - 
  Version: 23.07.0-edge build 5875
  Created: 28-07-2023 20:27 UTC (20:27 GMT)
  System: Linux 5.4.0-166-generic
  Runtime: Groovy 3.0.18 on OpenJDK 64-Bit Server VM 17.0.6+10-LTS
  Encoding: UTF-8 (UTF-8)
  Process: 81616@nextflow [10.233.76.58]
  CPUs: 32 - Mem: 125.7 GB (121.2 GB) - Swap: 0 (0)
Dec-07 23:26:20.876 [main] DEBUG nextflow.Session - Work-dir: /input/data/work [ceph]
Dec-07 23:26:20.877 [main] DEBUG nextflow.Session - Script base path does not exist or is not a directory: /input/groupMultiple/bin
Dec-07 23:26:20.886 [main] DEBUG nextflow.executor.ExecutorFactory - Extension executors providers=[]
Dec-07 23:26:20.894 [main] DEBUG nextflow.Session - Observer factory: DefaultObserverFactory
Dec-07 23:26:20.923 [main] DEBUG nextflow.cache.CacheFactory - Using Nextflow cache factory: nextflow.cache.DefaultCacheFactory
Dec-07 23:26:20.930 [main] DEBUG nextflow.util.CustomThreadPool - Creating default thread pool > poolSize: 33; maxThreads: 1000
Dec-07 23:26:21.030 [main] DEBUG nextflow.Session - Session start
Dec-07 23:26:21.035 [main] DEBUG nextflow.trace.TraceFileObserver - Workflow started -- trace file: /input/data/output/trace.csv
Dec-07 23:26:21.220 [main] DEBUG nextflow.script.ScriptRunner - > Launching execution
Dec-07 23:26:21.436 [main] DEBUG nextflow.script.ProcessConfig - Config settings `withName:writeLargeFile` matches process writeLargeFile
Dec-07 23:26:21.446 [main] DEBUG nextflow.executor.ExecutorFactory - << taskConfig executor: k8s
Dec-07 23:26:21.446 [main] DEBUG nextflow.executor.ExecutorFactory - >> processorType: 'k8s'
Dec-07 23:26:21.455 [main] DEBUG nextflow.executor.Executor - [warm up] executor > k8s
Dec-07 23:26:21.472 [main] DEBUG n.processor.TaskPollingMonitor - Creating task monitor for executor 'k8s' > capacity: 300; pollInterval: 5s; dumpInterval: 5m; schedulerBatch: null
Dec-07 23:26:21.477 [main] DEBUG nextflow.k8s.client.ConfigDiscovery - K8s config file does not exist: /root/.kube/config
Dec-07 23:26:21.487 [main] DEBUG nextflow.k8s.K8sExecutor - [K8s] config=[localPath:/localdata, localStorageMountPath:/localdata, scheduler:[strategy:LAv2, name:workflow-scheduler, autoClose:false, nodeSelector:usedby=anonymized, container:anonymized/test1:sch_v194], storage:[type:copy, workdir:/localdata/localwork/, nodeSelector:usedby=anonymized, imageName:anonymized/test1:ftp_v122], debug:[yaml:true], namespace:anonymized, serviceAccount:nextflow, workDir:/input/data/work/, projectDir:/input/data/project/, imagePullPolicy:IfNotPresent, launchDir:/input/data/launch/, runAsUser:0, fetchNodeName:true, storageMountPath:/input, pod:[nodeSelector:usedby=anonymized], storageClaimName:ceph-data]; API client config=ClientConfig[ server=10.233.0.1:443, namespace=anonymized, serviceAccount=nextflow, token=eyJhbGciOiJ.., sslCert=LS0tLS1CRUd.., clientCert=-, clientKey=-, verifySsl=false, fromFile=true, httpReadTimeout=null, httpConnectTimeout=null, maxErrorRetry=4 ]
Dec-07 23:26:21.929 [main] DEBUG nextflow.k8s.K8sExecutor - Created K8s configMap with name: nf-get-stat-41cac373
Dec-07 23:26:25.662 [main] DEBUG nextflow.script.ProcessConfig - Config settings `withName:combineFiles` matches process combineFilesA
Dec-07 23:26:25.665 [main] DEBUG nextflow.executor.ExecutorFactory - << taskConfig executor: k8s
Dec-07 23:26:25.665 [main] DEBUG nextflow.executor.ExecutorFactory - >> processorType: 'k8s'
Dec-07 23:26:25.704 [main] DEBUG nextflow.script.ProcessConfig - Config settings `withName:combineFiles` matches process combineFilesB
Dec-07 23:26:25.705 [main] DEBUG nextflow.executor.ExecutorFactory - << taskConfig executor: k8s
Dec-07 23:26:25.705 [main] DEBUG nextflow.executor.ExecutorFactory - >> processorType: 'k8s'
Dec-07 23:26:25.718 [main] DEBUG nextflow.Session - Workflow process names [dsl2]: revertFile, combineFiles, combineFilesA, writeLargeFile, combineFilesB
Dec-07 23:26:25.720 [main] DEBUG nextflow.Session - Igniting dataflow network (4)
Dec-07 23:26:25.722 [main] DEBUG nextflow.processor.TaskProcessor - Starting process > writeLargeFile
Dec-07 23:26:25.723 [main] DEBUG nextflow.processor.TaskProcessor - Starting process > combineFilesA
Dec-07 23:26:25.723 [main] DEBUG nextflow.processor.TaskProcessor - Starting process > combineFilesB
Dec-07 23:26:25.723 [main] DEBUG nextflow.script.ScriptRunner - > Awaiting termination 
Dec-07 23:26:25.723 [main] DEBUG nextflow.Session - Session await
Dec-07 23:26:26.010 [Task submitter] INFO  nextflow.Session - [71/d14c1d] Submitted process > writeLargeFile (21)
Dec-07 23:26:26.061 [Task submitter] INFO  nextflow.Session - [a9/add0c7] Submitted process > writeLargeFile (13)
Dec-07 23:26:26.100 [Task submitter] INFO  nextflow.Session - [e2/f4f466] Submitted process > writeLargeFile (8)
Dec-07 23:26:26.133 [Task submitter] INFO  nextflow.Session - [86/8ca68a] Submitted process > writeLargeFile (1)
Dec-07 23:26:26.168 [Task submitter] INFO  nextflow.Session - [8f/d69168] Submitted process > writeLargeFile (5)
Dec-07 23:26:26.198 [Task submitter] INFO  nextflow.Session - [21/28e3e0] Submitted process > writeLargeFile (24)
Dec-07 23:26:26.235 [Task submitter] INFO  nextflow.Session - [d7/a42734] Submitted process > writeLargeFile (25)
Dec-07 23:26:26.268 [Task submitter] INFO  nextflow.Session - [bb/02048d] Submitted process > writeLargeFile (30)
Dec-07 23:26:26.302 [Task submitter] INFO  nextflow.Session - [21/7ca0ab] Submitted process > writeLargeFile (26)
Dec-07 23:26:26.337 [Task submitter] INFO  nextflow.Session - [90/271c3b] Submitted process > writeLargeFile (22)
Dec-07 23:26:26.368 [Task submitter] INFO  nextflow.Session - [cf/f764ef] Submitted process > writeLargeFile (19)
Dec-07 23:26:26.400 [Task submitter] INFO  nextflow.Session - [a4/f4678d] Submitted process > writeLargeFile (29)
Dec-07 23:26:26.434 [Task submitter] INFO  nextflow.Session - [65/ee6a1c] Submitted process > writeLargeFile (31)
Dec-07 23:26:26.468 [Task submitter] INFO  nextflow.Session - [d4/f4f3f7] Submitted process > writeLargeFile (42)
Dec-07 23:26:26.498 [Task submitter] INFO  nextflow.Session - [28/c462b6] Submitted process > writeLargeFile (7)
Dec-07 23:26:26.530 [Task submitter] INFO  nextflow.Session - [23/9187d8] Submitted process > writeLargeFile (28)
Dec-07 23:26:26.559 [Task submitter] INFO  nextflow.Session - [a6/dd50bd] Submitted process > writeLargeFile (18)
Dec-07 23:26:26.592 [Task submitter] INFO  nextflow.Session - [a6/8183f2] Submitted process > writeLargeFile (17)
Dec-07 23:26:26.627 [Task submitter] INFO  nextflow.Session - [93/8d873b] Submitted process > writeLargeFile (20)
Dec-07 23:26:26.654 [Task submitter] INFO  nextflow.Session - [0a/0af2c9] Submitted process > writeLargeFile (10)
Dec-07 23:26:26.688 [Task submitter] INFO  nextflow.Session - [58/fe0825] Submitted process > writeLargeFile (12)
Dec-07 23:26:26.718 [Task submitter] INFO  nextflow.Session - [c3/19a22c] Submitted process > writeLargeFile (23)
Dec-07 23:26:26.749 [Task submitter] INFO  nextflow.Session - [7e/2de1ba] Submitted process > writeLargeFile (14)
Dec-07 23:26:26.782 [Task submitter] INFO  nextflow.Session - [bb/ba9bf7] Submitted process > writeLargeFile (32)
Dec-07 23:26:26.814 [Task submitter] INFO  nextflow.Session - [df/8e54c8] Submitted process > writeLargeFile (2)
Dec-07 23:26:26.845 [Task submitter] INFO  nextflow.Session - [c9/0f5bad] Submitted process > writeLargeFile (16)
Dec-07 23:26:26.873 [Task submitter] INFO  nextflow.Session - [e6/524a67] Submitted process > writeLargeFile (4)
Dec-07 23:26:26.902 [Task submitter] INFO  nextflow.Session - [d1/d7ec2b] Submitted process > writeLargeFile (15)
Dec-07 23:26:26.941 [Task submitter] INFO  nextflow.Session - [d1/639a11] Submitted process > writeLargeFile (6)
Dec-07 23:26:26.969 [Task submitter] INFO  nextflow.Session - [72/8d0b1f] Submitted process > writeLargeFile (58)
Dec-07 23:26:27.003 [Task submitter] INFO  nextflow.Session - [dc/1901ef] Submitted process > writeLargeFile (11)
Dec-07 23:26:27.034 [Task submitter] INFO  nextflow.Session - [17/fdbe35] Submitted process > writeLargeFile (27)
Dec-07 23:26:27.065 [Task submitter] INFO  nextflow.Session - [24/26bff9] Submitted process > writeLargeFile (9)
Dec-07 23:26:27.096 [Task submitter] INFO  nextflow.Session - [3f/42d3da] Submitted process > writeLargeFile (3)
Dec-07 23:26:27.125 [Task submitter] INFO  nextflow.Session - [ed/2028cd] Submitted process > writeLargeFile (33)
Dec-07 23:26:27.156 [Task submitter] INFO  nextflow.Session - [aa/c54b7d] Submitted process > writeLargeFile (34)
Dec-07 23:26:27.184 [Task submitter] INFO  nextflow.Session - [5e/ebd7b4] Submitted process > writeLargeFile (36)
Dec-07 23:26:27.217 [Task submitter] INFO  nextflow.Session - [a1/265aea] Submitted process > writeLargeFile (35)
Dec-07 23:26:27.245 [Task submitter] INFO  nextflow.Session - [d2/929794] Submitted process > writeLargeFile (37)
Dec-07 23:26:27.273 [Task submitter] INFO  nextflow.Session - [81/c9ed24] Submitted process > writeLargeFile (38)
Dec-07 23:26:27.309 [Task submitter] INFO  nextflow.Session - [3f/a2ce22] Submitted process > writeLargeFile (39)
Dec-07 23:26:27.341 [Task submitter] INFO  nextflow.Session - [69/d7c17d] Submitted process > writeLargeFile (40)
Dec-07 23:26:27.379 [Task submitter] INFO  nextflow.Session - [da/165940] Submitted process > writeLargeFile (41)
Dec-07 23:26:27.408 [Task submitter] INFO  nextflow.Session - [30/c032fd] Submitted process > writeLargeFile (44)
Dec-07 23:26:27.438 [Task submitter] INFO  nextflow.Session - [cc/6edbe9] Submitted process > writeLargeFile (43)
Dec-07 23:26:27.472 [Task submitter] INFO  nextflow.Session - [94/3aa69a] Submitted process > writeLargeFile (46)
Dec-07 23:26:27.503 [Task submitter] INFO  nextflow.Session - [9e/9413ea] Submitted process > writeLargeFile (45)
Dec-07 23:26:27.536 [Task submitter] INFO  nextflow.Session - [b3/891256] Submitted process > writeLargeFile (47)
Dec-07 23:26:27.570 [Task submitter] INFO  nextflow.Session - [d6/25b1d1] Submitted process > writeLargeFile (48)
Dec-07 23:26:27.603 [Task submitter] INFO  nextflow.Session - [ea/412fcb] Submitted process > writeLargeFile (49)
Dec-07 23:26:27.635 [Task submitter] INFO  nextflow.Session - [ef/70aad4] Submitted process > writeLargeFile (50)
Dec-07 23:26:27.665 [Task submitter] INFO  nextflow.Session - [85/2e1fc9] Submitted process > writeLargeFile (51)
Dec-07 23:26:27.693 [Task submitter] INFO  nextflow.Session - [71/661420] Submitted process > writeLargeFile (52)
Dec-07 23:26:27.725 [Task submitter] INFO  nextflow.Session - [4e/658fee] Submitted process > writeLargeFile (53)
Dec-07 23:26:27.757 [Task submitter] INFO  nextflow.Session - [2c/ff66b3] Submitted process > writeLargeFile (54)
Dec-07 23:26:27.787 [Task submitter] INFO  nextflow.Session - [1f/65b559] Submitted process > writeLargeFile (55)
Dec-07 23:26:27.820 [Task submitter] INFO  nextflow.Session - [48/2d274a] Submitted process > writeLargeFile (56)
Dec-07 23:26:27.848 [Task submitter] INFO  nextflow.Session - [1f/637ee8] Submitted process > writeLargeFile (57)
Dec-07 23:26:27.876 [Task submitter] INFO  nextflow.Session - [d5/d5088d] Submitted process > writeLargeFile (61)
Dec-07 23:26:27.904 [Task submitter] INFO  nextflow.Session - [73/8f5448] Submitted process > writeLargeFile (59)
Dec-07 23:26:27.936 [Task submitter] INFO  nextflow.Session - [16/58d953] Submitted process > writeLargeFile (88)
Dec-07 23:26:27.967 [Task submitter] INFO  nextflow.Session - [88/1352dc] Submitted process > writeLargeFile (62)
Dec-07 23:26:27.998 [Task submitter] INFO  nextflow.Session - [3c/ab7d74] Submitted process > writeLargeFile (60)
Dec-07 23:26:28.030 [Task submitter] INFO  nextflow.Session - [f4/bfff79] Submitted process > writeLargeFile (64)
Dec-07 23:26:28.063 [Task submitter] INFO  nextflow.Session - [5f/447638] Submitted process > writeLargeFile (63)
Dec-07 23:26:28.094 [Task submitter] INFO  nextflow.Session - [0a/9e9fd2] Submitted process > writeLargeFile (65)
Dec-07 23:26:28.124 [Task submitter] INFO  nextflow.Session - [28/0ced14] Submitted process > writeLargeFile (67)
Dec-07 23:26:28.155 [Task submitter] INFO  nextflow.Session - [e1/94c7e9] Submitted process > writeLargeFile (66)
Dec-07 23:26:28.185 [Task submitter] INFO  nextflow.Session - [d7/9fb8c3] Submitted process > writeLargeFile (68)
Dec-07 23:26:28.215 [Task submitter] INFO  nextflow.Session - [4c/2ffc08] Submitted process > writeLargeFile (69)
Dec-07 23:26:28.245 [Task submitter] INFO  nextflow.Session - [af/e721f6] Submitted process > writeLargeFile (70)
Dec-07 23:26:28.276 [Task submitter] INFO  nextflow.Session - [4f/bb75d0] Submitted process > writeLargeFile (72)
Dec-07 23:26:28.307 [Task submitter] INFO  nextflow.Session - [78/07e10e] Submitted process > writeLargeFile (73)
Dec-07 23:26:28.357 [Task submitter] INFO  nextflow.Session - [29/0d1f78] Submitted process > writeLargeFile (71)
Dec-07 23:26:28.410 [Task submitter] INFO  nextflow.Session - [2b/24c12a] Submitted process > writeLargeFile (74)
Dec-07 23:26:28.479 [Task submitter] INFO  nextflow.Session - [cb/e54b87] Submitted process > writeLargeFile (75)
Dec-07 23:26:28.544 [Task submitter] INFO  nextflow.Session - [49/812d19] Submitted process > writeLargeFile (76)
Dec-07 23:26:28.592 [Task submitter] INFO  nextflow.Session - [50/ee13ef] Submitted process > writeLargeFile (77)
Dec-07 23:26:28.641 [Task submitter] INFO  nextflow.Session - [8b/150202] Submitted process > writeLargeFile (78)
Dec-07 23:26:28.686 [Task submitter] INFO  nextflow.Session - [dc/7b7e85] Submitted process > writeLargeFile (79)
Dec-07 23:26:28.738 [Task submitter] INFO  nextflow.Session - [ee/e4a9ba] Submitted process > writeLargeFile (80)
Dec-07 23:26:28.770 [Task submitter] INFO  nextflow.Session - [03/506861] Submitted process > writeLargeFile (82)
Dec-07 23:26:28.820 [Task submitter] INFO  nextflow.Session - [f3/7853da] Submitted process > writeLargeFile (81)
Dec-07 23:26:28.869 [Task submitter] INFO  nextflow.Session - [45/ee32ae] Submitted process > writeLargeFile (83)
Dec-07 23:26:28.918 [Task submitter] INFO  nextflow.Session - [a9/b0157a] Submitted process > writeLargeFile (84)
Dec-07 23:26:28.948 [Task submitter] INFO  nextflow.Session - [4c/340027] Submitted process > writeLargeFile (85)
Dec-07 23:26:28.998 [Task submitter] INFO  nextflow.Session - [8b/426717] Submitted process > writeLargeFile (86)
Dec-07 23:26:29.047 [Task submitter] INFO  nextflow.Session - [c9/85670c] Submitted process > writeLargeFile (89)
Dec-07 23:26:29.119 [Task submitter] INFO  nextflow.Session - [1a/520056] Submitted process > writeLargeFile (87)
Dec-07 23:26:29.179 [Task submitter] INFO  nextflow.Session - [ca/b29a02] Submitted process > writeLargeFile (90)
Dec-07 23:26:29.225 [Task submitter] INFO  nextflow.Session - [30/aec401] Submitted process > writeLargeFile (92)
Dec-07 23:26:29.273 [Task submitter] INFO  nextflow.Session - [66/250dcb] Submitted process > writeLargeFile (91)
Dec-07 23:26:29.305 [Task submitter] INFO  nextflow.Session - [4f/b9b82a] Submitted process > writeLargeFile (93)
Dec-07 23:26:29.338 [Task submitter] INFO  nextflow.Session - [b6/fc3727] Submitted process > writeLargeFile (94)
Dec-07 23:26:29.408 [Task submitter] INFO  nextflow.Session - [91/17671a] Submitted process > writeLargeFile (96)
Dec-07 23:26:29.479 [Task submitter] INFO  nextflow.Session - [fb/9c8443] Submitted process > writeLargeFile (95)
Dec-07 23:26:29.522 [Task submitter] INFO  nextflow.Session - [1a/9bb6ec] Submitted process > writeLargeFile (97)
Dec-07 23:26:29.579 [Task submitter] INFO  nextflow.Session - [df/8e9c6b] Submitted process > writeLargeFile (98)
Dec-07 23:26:29.670 [Task submitter] INFO  nextflow.Session - [75/fa2efd] Submitted process > writeLargeFile (99)
Dec-07 23:26:29.739 [Task submitter] INFO  nextflow.Session - [d5/e59106] Submitted process > writeLargeFile (100)
Dec-07 23:26:36.526 [Task monitor] DEBUG n.processor.TaskPollingMonitor - Task completed > TaskHandler[id: 21; name: writeLargeFile (21); status: COMPLETED; exit: 0; error: -; workDir: /input/data/work/71/d14c1db6ea37f81aa083a92039088e]
Dec-07 23:26:36.619 [Task monitor] DEBUG n.processor.TaskPollingMonitor - Task completed > TaskHandler[id: 13; name: writeLargeFile (13); status: COMPLETED; exit: 0; error: -; workDir: /input/data/work/a9/add0c7f1f899da3200cd98a1c96b7e]
Dec-07 23:26:36.665 [Task monitor] DEBUG n.processor.TaskPollingMonitor - Task completed > TaskHandler[id: 8; name: writeLargeFile (8); status: COMPLETED; exit: 0; error: -; workDir: /input/data/work/e2/f4f466578caabffcf33931617a4ed1]
Dec-07 23:26:36.726 [Task monitor] DEBUG n.processor.TaskPollingMonitor - Task completed > TaskHandler[id: 1; name: writeLargeFile (1); status: COMPLETED; exit: 0; error: -; workDir: /input/data/work/86/8ca68ab166ac2734cbffb4ee84e8d6]
Dec-07 23:26:36.775 [Task monitor] DEBUG n.processor.TaskPollingMonitor - Task completed > TaskHandler[id: 5; name: writeLargeFile (5); status: COMPLETED; exit: 0; error: -; workDir: /input/data/work/8f/d691680f8bbd490eacf405dd1aa61c]
Dec-07 23:26:36.821 [Task monitor] DEBUG n.processor.TaskPollingMonitor - Task completed > TaskHandler[id: 24; name: writeLargeFile (24); status: COMPLETED; exit: 0; error: -; workDir: /input/data/work/21/28e3e0296a0b1cbc4b4ed9ecfa5650]
Dec-07 23:26:37.193 [Task monitor] DEBUG n.processor.TaskPollingMonitor - Task completed > TaskHandler[id: 25; name: writeLargeFile (25); status: COMPLETED; exit: 0; error: -; workDir: /input/data/work/d7/a42734c09136c2bd85298849a5b9a3]
Dec-07 23:26:37.288 [Task monitor] DEBUG n.processor.TaskPollingMonitor - Task completed > TaskHandler[id: 30; name: writeLargeFile (30); status: COMPLETED; exit: 0; error: -; workDir: /input/data/work/bb/02048df231dbc10277c8663dcf2cd6]
Dec-07 23:26:37.340 [Task monitor] DEBUG n.processor.TaskPollingMonitor - Task completed > TaskHandler[id: 26; name: writeLargeFile (26); status: COMPLETED; exit: 0; error: -; workDir: /input/data/work/21/7ca0ab3412ccc21a7fdb84e41f4a96]
Dec-07 23:26:37.479 [Task monitor] DEBUG n.processor.TaskPollingMonitor - Task completed > TaskHandler[id: 31; name: writeLargeFile (31); status: COMPLETED; exit: 0; error: -; workDir: /input/data/work/65/ee6a1c474ff41e3a5eea55bc357cd5]
Dec-07 23:26:37.528 [Task monitor] DEBUG n.processor.TaskPollingMonitor - Task completed > TaskHandler[id: 42; name: writeLargeFile (42); status: COMPLETED; exit: 0; error: -; workDir: /input/data/work/d4/f4f3f773d73fb26aa54ccb03320d2f]
Dec-07 23:26:37.580 [Task monitor] DEBUG n.processor.TaskPollingMonitor - Task completed > TaskHandler[id: 7; name: writeLargeFile (7); status: COMPLETED; exit: 0; error: -; workDir: /input/data/work/28/c462b622cde0093eb7021aab02ca39]
Dec-07 23:26:37.621 [Task monitor] DEBUG n.processor.TaskPollingMonitor - Task completed > TaskHandler[id: 28; name: writeLargeFile (28); status: COMPLETED; exit: 0; error: -; workDir: /input/data/work/23/9187d8e4e3962e1d2f64a1e45a212a]
Dec-07 23:26:37.661 [Task monitor] DEBUG n.processor.TaskPollingMonitor - Task completed > TaskHandler[id: 18; name: writeLargeFile (18); status: COMPLETED; exit: 0; error: -; workDir: /input/data/work/a6/dd50bd76ca7a83eeecc21f0931fcca]
Dec-07 23:26:37.704 [Task monitor] DEBUG n.processor.TaskPollingMonitor - Task completed > TaskHandler[id: 17; name: writeLargeFile (17); status: COMPLETED; exit: 0; error: -; workDir: /input/data/work/a6/8183f2c7c312230848eb26b2e7d9d4]
Dec-07 23:26:42.017 [Task monitor] DEBUG n.processor.TaskPollingMonitor - Task completed > TaskHandler[id: 22; name: writeLargeFile (22); status: COMPLETED; exit: 0; error: -; workDir: /input/data/work/90/271c3b744b4dbbf70eaf4b38c2d70e]
Dec-07 23:26:42.271 [Task monitor] DEBUG n.processor.TaskPollingMonitor - Task completed > TaskHandler[id: 19; name: writeLargeFile (19); status: COMPLETED; exit: 0; error: -; workDir: /input/data/work/cf/f764ef7b08f308b28214179596497e]
Dec-07 23:26:42.535 [Task monitor] DEBUG n.processor.TaskPollingMonitor - Task completed > TaskHandler[id: 29; name: writeLargeFile (29); status: COMPLETED; exit: 0; error: -; workDir: /input/data/work/a4/f4678d3830f8e11e8984c644e1b8ab]
Dec-07 23:26:45.566 [Task monitor] DEBUG n.processor.TaskPollingMonitor - Task completed > TaskHandler[id: 95; name: writeLargeFile (95); status: COMPLETED; exit: 0; error: -; workDir: /input/data/work/fb/9c8443b42d6a31fe25a6d4c3484938]
Dec-07 23:26:45.613 [Task monitor] DEBUG n.processor.TaskPollingMonitor - Task completed > TaskHandler[id: 97; name: writeLargeFile (97); status: COMPLETED; exit: 0; error: -; workDir: /input/data/work/1a/9bb6ec944df5c86b27f54eb09fc9c6]
Dec-07 23:26:45.666 [Task monitor] DEBUG n.processor.TaskPollingMonitor - Task completed > TaskHandler[id: 98; name: writeLargeFile (98); status: COMPLETED; exit: 0; error: -; workDir: /input/data/work/df/8e9c6b2b46ae2b0b2777284e4d3a5e]
Dec-07 23:26:45.714 [Task monitor] DEBUG n.processor.TaskPollingMonitor - Task completed > TaskHandler[id: 99; name: writeLargeFile (99); status: COMPLETED; exit: 0; error: -; workDir: /input/data/work/75/fa2efdcda904495dfa8e65f48d7e28]
Dec-07 23:26:45.761 [Task monitor] DEBUG n.processor.TaskPollingMonitor - Task completed > TaskHandler[id: 100; name: writeLargeFile (100); status: COMPLETED; exit: 0; error: -; workDir: /input/data/work/d5/e5910614e2c446f2e285640066ef6c]
Dec-07 23:26:46.894 [Task monitor] DEBUG n.processor.TaskPollingMonitor - Task completed > TaskHandler[id: 10; name: writeLargeFile (10); status: COMPLETED; exit: 0; error: -; workDir: /input/data/work/0a/0af2c9c00d516ac13fb02a343634ab]
Dec-07 23:26:46.943 [Task monitor] DEBUG n.processor.TaskPollingMonitor - Task completed > TaskHandler[id: 12; name: writeLargeFile (12); status: COMPLETED; exit: 0; error: -; workDir: /input/data/work/58/fe08257ab3db52e02360dfe3dc6011]
Dec-07 23:26:49.990 [Task monitor] DEBUG n.processor.TaskPollingMonitor - Task completed > TaskHandler[id: 89; name: writeLargeFile (89); status: COMPLETED; exit: 0; error: -; workDir: /input/data/work/c9/85670c96f48ad5e6acd2fe2370507d]
Dec-07 23:26:50.123 [Task monitor] DEBUG n.processor.TaskPollingMonitor - Task completed > TaskHandler[id: 87; name: writeLargeFile (87); status: COMPLETED; exit: 0; error: -; workDir: /input/data/work/1a/520056b0c20e1480564aa46ab7df2b]
Dec-07 23:26:50.344 [Task monitor] DEBUG n.processor.TaskPollingMonitor - Task completed > TaskHandler[id: 90; name: writeLargeFile (90); status: COMPLETED; exit: 0; error: -; workDir: /input/data/work/ca/b29a02a9cc2d4a546802fe7ab589ea]
Dec-07 23:26:50.510 [Task monitor] DEBUG n.processor.TaskPollingMonitor - Task completed > TaskHandler[id: 92; name: writeLargeFile (92); status: COMPLETED; exit: 0; error: -; workDir: /input/data/work/30/aec401a722e45205659465a293a474]
Dec-07 23:26:50.632 [Task monitor] DEBUG n.processor.TaskPollingMonitor - Task completed > TaskHandler[id: 91; name: writeLargeFile (91); status: COMPLETED; exit: 0; error: -; workDir: /input/data/work/66/250dcbbe9d689c1fe19781ebcba009]
Dec-07 23:26:50.760 [Task monitor] DEBUG n.processor.TaskPollingMonitor - Task completed > TaskHandler[id: 93; name: writeLargeFile (93); status: COMPLETED; exit: 0; error: -; workDir: /input/data/work/4f/b9b82aa9fbb60f4004dcfbad0cc574]
Dec-07 23:26:50.896 [Task monitor] DEBUG n.processor.TaskPollingMonitor - Task completed > TaskHandler[id: 94; name: writeLargeFile (94); status: COMPLETED; exit: 0; error: -; workDir: /input/data/work/b6/fc3727a2ec37ad5d48aa9d56b8d342]
Dec-07 23:26:51.027 [Task monitor] DEBUG n.processor.TaskPollingMonitor - Task completed > TaskHandler[id: 96; name: writeLargeFile (96); status: COMPLETED; exit: 0; error: -; workDir: /input/data/work/91/17671a18a39abd476f0150aaf96288]
Dec-07 23:26:54.662 [Task monitor] DEBUG n.processor.TaskPollingMonitor - Task completed > TaskHandler[id: 80; name: writeLargeFile (80); status: COMPLETED; exit: 0; error: -; workDir: /input/data/work/ee/e4a9ba6e1d652523d3f5aa5e368e73]
Dec-07 23:26:54.718 [Task monitor] DEBUG n.processor.TaskPollingMonitor - Task completed > TaskHandler[id: 82; name: writeLargeFile (82); status: COMPLETED; exit: 0; error: -; workDir: /input/data/work/03/5068613c9b4fb2f4c909780c220d34]
Dec-07 23:26:54.774 [Task monitor] DEBUG n.processor.TaskPollingMonitor - Task completed > TaskHandler[id: 81; name: writeLargeFile (81); status: COMPLETED; exit: 0; error: -; workDir: /input/data/work/f3/7853da352dd2e0f042fc31e8ef11f6]
Dec-07 23:26:54.883 [Task monitor] DEBUG n.processor.TaskPollingMonitor - Task completed > TaskHandler[id: 83; name: writeLargeFile (83); status: COMPLETED; exit: 0; error: -; workDir: /input/data/work/45/ee32aeb639d8f09292019097911626]
Dec-07 23:26:54.932 [Task monitor] DEBUG n.processor.TaskPollingMonitor - Task completed > TaskHandler[id: 84; name: writeLargeFile (84); status: COMPLETED; exit: 0; error: -; workDir: /input/data/work/a9/b0157a93ccd57a10ae744d2a2a9e93]
Dec-07 23:26:54.980 [Task monitor] DEBUG n.processor.TaskPollingMonitor - Task completed > TaskHandler[id: 85; name: writeLargeFile (85); status: COMPLETED; exit: 0; error: -; workDir: /input/data/work/4c/340027747f4a0a484835253147e2db]
Dec-07 23:26:55.028 [Task monitor] DEBUG n.processor.TaskPollingMonitor - Task completed > TaskHandler[id: 86; name: writeLargeFile (86); status: COMPLETED; exit: 0; error: -; workDir: /input/data/work/8b/426717539b0ce3fc682ef3e7bc340a]
Dec-07 23:26:56.891 [Task monitor] DEBUG n.processor.TaskPollingMonitor - Task completed > TaskHandler[id: 23; name: writeLargeFile (23); status: COMPLETED; exit: 0; error: -; workDir: /input/data/work/c3/19a22c84cbffa81f5bf1467fd47018]
Dec-07 23:26:56.951 [Task monitor] DEBUG n.processor.TaskPollingMonitor - Task completed > TaskHandler[id: 14; name: writeLargeFile (14); status: COMPLETED; exit: 0; error: -; workDir: /input/data/work/7e/2de1babf99415f483518769e8f8b3d]
Dec-07 23:26:57.980 [Task monitor] DEBUG n.processor.TaskPollingMonitor - Task completed > TaskHandler[id: 47; name: writeLargeFile (47); status: COMPLETED; exit: 0; error: -; workDir: /input/data/work/b3/891256400e31f80ee0a9045ac89eaa]
Dec-07 23:26:58.121 [Task monitor] DEBUG n.processor.TaskPollingMonitor - Task completed > TaskHandler[id: 48; name: writeLargeFile (48); status: COMPLETED; exit: 0; error: -; workDir: /input/data/work/d6/25b1d1cc46790499a5b70b8ffae6cf]
Dec-07 23:26:58.215 [Task monitor] DEBUG n.processor.TaskPollingMonitor - Task completed > TaskHandler[id: 49; name: writeLargeFile (49); status: COMPLETED; exit: 0; error: -; workDir: /input/data/work/ea/412fcbbc69bd52becb405ad2be86d2]
Dec-07 23:26:58.348 [Task monitor] DEBUG n.processor.TaskPollingMonitor - Task completed > TaskHandler[id: 50; name: writeLargeFile (50); status: COMPLETED; exit: 0; error: -; workDir: /input/data/work/ef/70aad47b237f70a7ad6f017cfd8de2]
Dec-07 23:26:58.463 [Task monitor] DEBUG n.processor.TaskPollingMonitor - Task completed > TaskHandler[id: 51; name: writeLargeFile (51); status: COMPLETED; exit: 0; error: -; workDir: /input/data/work/85/2e1fc9dd58168467d281f67ebc53b3]
Dec-07 23:26:59.504 [Task monitor] DEBUG n.processor.TaskPollingMonitor - Task completed > TaskHandler[id: 76; name: writeLargeFile (76); status: COMPLETED; exit: 0; error: -; workDir: /input/data/work/49/812d19aafa621afffbcb9cf41d3a4c]
Dec-07 23:26:59.613 [Task monitor] DEBUG n.processor.TaskPollingMonitor - Task completed > TaskHandler[id: 77; name: writeLargeFile (77); status: COMPLETED; exit: 0; error: -; workDir: /input/data/work/50/ee13ef8e2cf172f21f8306b3380308]
Dec-07 23:26:59.738 [Task monitor] DEBUG n.processor.TaskPollingMonitor - Task completed > TaskHandler[id: 78; name: writeLargeFile (78); status: COMPLETED; exit: 0; error: -; workDir: /input/data/work/8b/150202380034f55f6e58c6479634fd]
Dec-07 23:26:59.866 [Task monitor] DEBUG n.processor.TaskPollingMonitor - Task completed > TaskHandler[id: 79; name: writeLargeFile (79); status: COMPLETED; exit: 0; error: -; workDir: /input/data/work/dc/7b7e85f35f397e2a667c32a71fbaa0]
Dec-07 23:27:03.893 [Task monitor] DEBUG n.processor.TaskPollingMonitor - Task completed > TaskHandler[id: 66; name: writeLargeFile (66); status: COMPLETED; exit: 0; error: -; workDir: /input/data/work/e1/94c7e9df203bbe37f489380579a347]
Dec-07 23:27:03.974 [Task monitor] DEBUG n.processor.TaskPollingMonitor - Task completed > TaskHandler[id: 68; name: writeLargeFile (68); status: COMPLETED; exit: 0; error: -; workDir: /input/data/work/d7/9fb8c33731c34a88ade20cd30f1d72]
Dec-07 23:27:04.063 [Task monitor] DEBUG n.processor.TaskPollingMonitor - Task completed > TaskHandler[id: 69; name: writeLargeFile (69); status: COMPLETED; exit: 0; error: -; workDir: /input/data/work/4c/2ffc083984d9af3c6cae30d0957afe]
Dec-07 23:27:04.107 [Task monitor] DEBUG n.processor.TaskPollingMonitor - Task completed > TaskHandler[id: 70; name: writeLargeFile (70); status: COMPLETED; exit: 0; error: -; workDir: /input/data/work/af/e721f663797de48368b5a1180dd4f5]
Dec-07 23:27:04.152 [Task monitor] DEBUG n.processor.TaskPollingMonitor - Task completed > TaskHandler[id: 72; name: writeLargeFile (72); status: COMPLETED; exit: 0; error: -; workDir: /input/data/work/4f/bb75d050680b0e365eed502fb60365]
Dec-07 23:27:04.198 [Task monitor] DEBUG n.processor.TaskPollingMonitor - Task completed > TaskHandler[id: 73; name: writeLargeFile (73); status: COMPLETED; exit: 0; error: -; workDir: /input/data/work/78/07e10e4bccad89649313141f26f655]
Dec-07 23:27:04.247 [Task monitor] DEBUG n.processor.TaskPollingMonitor - Task completed > TaskHandler[id: 71; name: writeLargeFile (71); status: COMPLETED; exit: 0; error: -; workDir: /input/data/work/29/0d1f78ce771ddc0bff5d1a6abcf0e2]
Dec-07 23:27:04.295 [Task monitor] DEBUG n.processor.TaskPollingMonitor - Task completed > TaskHandler[id: 74; name: writeLargeFile (74); status: COMPLETED; exit: 0; error: -; workDir: /input/data/work/2b/24c12ad961f4f3ec6d6e54149fbd91]
Dec-07 23:27:04.339 [Task monitor] DEBUG n.processor.TaskPollingMonitor - Task completed > TaskHandler[id: 75; name: writeLargeFile (75); status: COMPLETED; exit: 0; error: -; workDir: /input/data/work/cb/e54b8783eb6332b7a73f6072fa050f]
Dec-07 23:27:09.083 [Task monitor] DEBUG n.processor.TaskPollingMonitor - Task completed > TaskHandler[id: 61; name: writeLargeFile (61); status: COMPLETED; exit: 0; error: -; workDir: /input/data/work/d5/d5088dc0aa00b263cc8456a579ac2e]
Dec-07 23:27:09.246 [Task monitor] DEBUG n.processor.TaskPollingMonitor - Task completed > TaskHandler[id: 59; name: writeLargeFile (59); status: COMPLETED; exit: 0; error: -; workDir: /input/data/work/73/8f5448fe770f9f632e487a2041c773]
Dec-07 23:27:09.384 [Task monitor] DEBUG n.processor.TaskPollingMonitor - Task completed > TaskHandler[id: 88; name: writeLargeFile (88); status: COMPLETED; exit: 0; error: -; workDir: /input/data/work/16/58d953ac89c7b616c4aa292b528092]
Dec-07 23:27:09.584 [Task monitor] DEBUG n.processor.TaskPollingMonitor - Task completed > TaskHandler[id: 62; name: writeLargeFile (62); status: COMPLETED; exit: 0; error: -; workDir: /input/data/work/88/1352dcc699648583caf63af5e26999]
Dec-07 23:27:09.740 [Task monitor] DEBUG n.processor.TaskPollingMonitor - Task completed > TaskHandler[id: 60; name: writeLargeFile (60); status: COMPLETED; exit: 0; error: -; workDir: /input/data/work/3c/ab7d748a7cdc1c476bfb356524df28]
Dec-07 23:27:09.904 [Task monitor] DEBUG n.processor.TaskPollingMonitor - Task completed > TaskHandler[id: 64; name: writeLargeFile (64); status: COMPLETED; exit: 0; error: -; workDir: /input/data/work/f4/bfff79f6c5d29724924ea78cf4c837]
Dec-07 23:27:10.073 [Task monitor] DEBUG n.processor.TaskPollingMonitor - Task completed > TaskHandler[id: 63; name: writeLargeFile (63); status: COMPLETED; exit: 0; error: -; workDir: /input/data/work/5f/447638d91a0a789ecd06c9aa6f441a]
Dec-07 23:27:10.214 [Task monitor] DEBUG n.processor.TaskPollingMonitor - Task completed > TaskHandler[id: 65; name: writeLargeFile (65); status: COMPLETED; exit: 0; error: -; workDir: /input/data/work/0a/9e9fd275292575bf2d09b09abbcfca]
Dec-07 23:27:10.350 [Task monitor] DEBUG n.processor.TaskPollingMonitor - Task completed > TaskHandler[id: 67; name: writeLargeFile (67); status: COMPLETED; exit: 0; error: -; workDir: /input/data/work/28/0ced14cf4532c4a02c4dc951e42cfa]
Dec-07 23:27:12.854 [Task monitor] DEBUG n.processor.TaskPollingMonitor - Task completed > TaskHandler[id: 46; name: writeLargeFile (46); status: COMPLETED; exit: 0; error: -; workDir: /input/data/work/94/3aa69ae0a9cd0958e6260a4b75f7a3]
Dec-07 23:27:12.997 [Task monitor] DEBUG n.processor.TaskPollingMonitor - Task completed > TaskHandler[id: 45; name: writeLargeFile (45); status: COMPLETED; exit: 0; error: -; workDir: /input/data/work/9e/9413eae280094ca21059d69029b916]
Dec-07 23:27:13.178 [Task monitor] DEBUG n.processor.TaskPollingMonitor - Task completed > TaskHandler[id: 55; name: writeLargeFile (55); status: COMPLETED; exit: 0; error: -; workDir: /input/data/work/1f/65b559aaa4360c2e31ccdbc0a17c73]
Dec-07 23:27:13.415 [Task monitor] DEBUG n.processor.TaskPollingMonitor - Task completed > TaskHandler[id: 56; name: writeLargeFile (56); status: COMPLETED; exit: 0; error: -; workDir: /input/data/work/48/2d274a52310e6dbdfef1f967c2ac73]
Dec-07 23:27:13.481 [Task monitor] DEBUG n.processor.TaskPollingMonitor - Task completed > TaskHandler[id: 57; name: writeLargeFile (57); status: COMPLETED; exit: 0; error: -; workDir: /input/data/work/1f/637ee8a8525e3f407c83d6b01ea104]
Dec-07 23:27:17.338 [Task monitor] DEBUG n.processor.TaskPollingMonitor - Task completed > TaskHandler[id: 34; name: writeLargeFile (34); status: COMPLETED; exit: 0; error: -; workDir: /input/data/work/aa/c54b7d6767f87514d12706524322a0]
Dec-07 23:27:17.410 [Task monitor] DEBUG n.processor.TaskPollingMonitor - Task completed > TaskHandler[id: 36; name: writeLargeFile (36); status: COMPLETED; exit: 0; error: -; workDir: /input/data/work/5e/ebd7b46c0c616d52758af20c8a87f6]
Dec-07 23:27:17.479 [Task monitor] DEBUG n.processor.TaskPollingMonitor - Task completed > TaskHandler[id: 35; name: writeLargeFile (35); status: COMPLETED; exit: 0; error: -; workDir: /input/data/work/a1/265aeaa620a0298c82b86751689929]
Dec-07 23:27:17.637 [Task monitor] DEBUG n.processor.TaskPollingMonitor - Task completed > TaskHandler[id: 37; name: writeLargeFile (37); status: COMPLETED; exit: 0; error: -; workDir: /input/data/work/d2/929794e3178b7e9544c097ff3a27bc]
Dec-07 23:27:17.773 [Task monitor] DEBUG n.processor.TaskPollingMonitor - Task completed > TaskHandler[id: 38; name: writeLargeFile (38); status: COMPLETED; exit: 0; error: -; workDir: /input/data/work/81/c9ed249e8cf948c46a917d2f6a3f43]
Dec-07 23:27:17.870 [Task monitor] DEBUG n.processor.TaskPollingMonitor - Task completed > TaskHandler[id: 39; name: writeLargeFile (39); status: COMPLETED; exit: 0; error: -; workDir: /input/data/work/3f/a2ce22cae812d9fade559418ff1d7b]
Dec-07 23:27:18.022 [Task monitor] DEBUG n.processor.TaskPollingMonitor - Task completed > TaskHandler[id: 40; name: writeLargeFile (40); status: COMPLETED; exit: 0; error: -; workDir: /input/data/work/69/d7c17d8e0f377f3393dd198b307618]
Dec-07 23:27:18.182 [Task monitor] DEBUG n.processor.TaskPollingMonitor - Task completed > TaskHandler[id: 41; name: writeLargeFile (41); status: COMPLETED; exit: 0; error: -; workDir: /input/data/work/da/165940b9f69a8f05f0c926117eb0eb]
Dec-07 23:27:18.381 [Task monitor] DEBUG n.processor.TaskPollingMonitor - Task completed > TaskHandler[id: 44; name: writeLargeFile (44); status: COMPLETED; exit: 0; error: -; workDir: /input/data/work/30/c032fd3d201bd84fb82d93cd0f2de8]
Dec-07 23:27:18.510 [Task monitor] DEBUG n.processor.TaskPollingMonitor - Task completed > TaskHandler[id: 43; name: writeLargeFile (43); status: COMPLETED; exit: 0; error: -; workDir: /input/data/work/cc/6edbe9692f922e9c6c3aff9809d63d]
Dec-07 23:27:18.668 [Task monitor] DEBUG n.processor.TaskPollingMonitor - Task completed > TaskHandler[id: 52; name: writeLargeFile (52); status: COMPLETED; exit: 0; error: -; workDir: /input/data/work/71/661420ae3cbba51fe2f2cdeda3edb2]
Dec-07 23:27:18.780 [Task monitor] DEBUG n.processor.TaskPollingMonitor - Task completed > TaskHandler[id: 53; name: writeLargeFile (53); status: COMPLETED; exit: 0; error: -; workDir: /input/data/work/4e/658fee2f70d488ad8875e6a3d3bfe1]
Dec-07 23:27:18.860 [Task monitor] DEBUG n.processor.TaskPollingMonitor - Task completed > TaskHandler[id: 54; name: writeLargeFile (54); status: COMPLETED; exit: 0; error: -; workDir: /input/data/work/2c/ff66b3769804cd1c0ec32484c011f4]
Dec-07 23:27:22.198 [Task monitor] DEBUG n.processor.TaskPollingMonitor - Task completed > TaskHandler[id: 20; name: writeLargeFile (20); status: COMPLETED; exit: 0; error: -; workDir: /input/data/work/93/8d873b762ea46c6bc86af1fe4579de]
Dec-07 23:27:22.303 [Task monitor] DEBUG n.processor.TaskPollingMonitor - Task completed > TaskHandler[id: 15; name: writeLargeFile (15); status: COMPLETED; exit: 0; error: -; workDir: /input/data/work/d1/d7ec2ba9d3b6fcf016e4be3798ec0b]
Dec-07 23:27:22.350 [Task monitor] DEBUG n.processor.TaskPollingMonitor - Task completed > TaskHandler[id: 6; name: writeLargeFile (6); status: COMPLETED; exit: 0; error: -; workDir: /input/data/work/d1/639a1169d357c41f2cd21b4f1cd6c2]
Dec-07 23:27:22.394 [Task monitor] DEBUG n.processor.TaskPollingMonitor - Task completed > TaskHandler[id: 58; name: writeLargeFile (58); status: COMPLETED; exit: 0; error: -; workDir: /input/data/work/72/8d0b1f3e13063574c27b458fdc31ae]
Dec-07 23:27:22.438 [Task monitor] DEBUG n.processor.TaskPollingMonitor - Task completed > TaskHandler[id: 11; name: writeLargeFile (11); status: COMPLETED; exit: 0; error: -; workDir: /input/data/work/dc/1901efd9d08e53f41f47210fd50559]
Dec-07 23:27:22.486 [Task monitor] DEBUG n.processor.TaskPollingMonitor - Task completed > TaskHandler[id: 27; name: writeLargeFile (27); status: COMPLETED; exit: 0; error: -; workDir: /input/data/work/17/fdbe35700ceba762526ea6117ae98f]
Dec-07 23:27:22.533 [Task monitor] DEBUG n.processor.TaskPollingMonitor - Task completed > TaskHandler[id: 9; name: writeLargeFile (9); status: COMPLETED; exit: 0; error: -; workDir: /input/data/work/24/26bff9153cc70090298c3df62d80d1]
Dec-07 23:27:22.581 [Task monitor] DEBUG n.processor.TaskPollingMonitor - Task completed > TaskHandler[id: 3; name: writeLargeFile (3); status: COMPLETED; exit: 0; error: -; workDir: /input/data/work/3f/42d3dae18647508fc41b80fbf3710f]
Dec-07 23:27:22.627 [Task monitor] DEBUG n.processor.TaskPollingMonitor - Task completed > TaskHandler[id: 33; name: writeLargeFile (33); status: COMPLETED; exit: 0; error: -; workDir: /input/data/work/ed/2028cd698993c9159f3fbf95612ef5]
Dec-07 23:27:26.876 [Task monitor] DEBUG n.processor.TaskPollingMonitor - Task completed > TaskHandler[id: 32; name: writeLargeFile (32); status: COMPLETED; exit: 0; error: -; workDir: /input/data/work/bb/ba9bf7788a5809b0c3274ab7e12f46]
Dec-07 23:27:26.927 [Task monitor] DEBUG n.processor.TaskPollingMonitor - Task completed > TaskHandler[id: 2; name: writeLargeFile (2); status: COMPLETED; exit: 0; error: -; workDir: /input/data/work/df/8e54c8b814ccf7d3dfbf9ca7a3d63d]
Dec-07 23:27:26.974 [Task monitor] DEBUG n.processor.TaskPollingMonitor - Task completed > TaskHandler[id: 16; name: writeLargeFile (16); status: COMPLETED; exit: 0; error: -; workDir: /input/data/work/c9/0f5badec19575bb67336076d218738]
Dec-07 23:27:27.022 [Task monitor] DEBUG n.processor.TaskPollingMonitor - Task completed > TaskHandler[id: 4; name: writeLargeFile (4); status: COMPLETED; exit: 0; error: -; workDir: /input/data/work/e6/524a67dca5a4add29643075de68d7a]
Dec-07 23:27:27.097 [Task submitter] INFO  nextflow.Session - [ab/1f3b2e] Submitted process > combineFilesB (12)
Dec-07 23:27:27.129 [Task submitter] INFO  nextflow.Session - [81/211176] Submitted process > combineFilesB (23)
Dec-07 23:27:27.157 [Task submitter] INFO  nextflow.Session - [88/1b93fb] Submitted process > combineFilesB (16)
Dec-07 23:27:27.185 [Task submitter] INFO  nextflow.Session - [11/5a3b6e] Submitted process > combineFilesA (9)
Dec-07 23:27:27.210 [Task submitter] INFO  nextflow.Session - [cc/f28749] Submitted process > combineFilesA (29)
Dec-07 23:27:27.239 [Task submitter] INFO  nextflow.Session - [58/50e654] Submitted process > combineFilesB (17)
Dec-07 23:27:27.263 [Task submitter] INFO  nextflow.Session - [03/14b64c] Submitted process > combineFilesA (25)
Dec-07 23:27:27.304 [Task submitter] INFO  nextflow.Session - [cb/368358] Submitted process > combineFilesA (16)
Dec-07 23:27:27.329 [Task submitter] INFO  nextflow.Session - [4c/2961f2] Submitted process > combineFilesB (5)
Dec-07 23:27:27.356 [Task submitter] INFO  nextflow.Session - [2e/7fe5ec] Submitted process > combineFilesB (21)
Dec-07 23:27:27.382 [Task submitter] INFO  nextflow.Session - [8f/89bc24] Submitted process > combineFilesB (14)
Dec-07 23:27:27.407 [Task submitter] INFO  nextflow.Session - [1b/1ae246] Submitted process > combineFilesA (17)
Dec-07 23:27:27.433 [Task submitter] INFO  nextflow.Session - [48/15f6ba] Submitted process > combineFilesA (28)
Dec-07 23:27:27.458 [Task submitter] INFO  nextflow.Session - [16/08ffe3] Submitted process > combineFilesB (11)
Dec-07 23:27:27.483 [Task submitter] INFO  nextflow.Session - [50/d7c3a2] Submitted process > combineFilesB (8)
Dec-07 23:27:27.512 [Task submitter] INFO  nextflow.Session - [3e/c1e192] Submitted process > combineFilesA (14)
Dec-07 23:27:27.537 [Task submitter] INFO  nextflow.Session - [8f/9a3acd] Submitted process > combineFilesB (18)
Dec-07 23:27:27.562 [Task submitter] INFO  nextflow.Session - [1f/a464c5] Submitted process > combineFilesA (21)
Dec-07 23:27:27.590 [Task submitter] INFO  nextflow.Session - [11/c5eddd] Submitted process > combineFilesA (33)
Dec-07 23:27:27.616 [Task submitter] INFO  nextflow.Session - [90/f187fb] Submitted process > combineFilesB (15)
Dec-07 23:27:27.642 [Task submitter] INFO  nextflow.Session - [86/ed3974] Submitted process > combineFilesA (3)
Dec-07 23:27:27.671 [Task submitter] INFO  nextflow.Session - [54/11d2c8] Submitted process > combineFilesB (22)
Dec-07 23:27:27.697 [Task submitter] INFO  nextflow.Session - [ca/7fc2ac] Submitted process > combineFilesB (2)
Dec-07 23:27:27.724 [Task submitter] INFO  nextflow.Session - [a5/6b1c2c] Submitted process > combineFilesA (27)
Dec-07 23:27:27.753 [Task submitter] INFO  nextflow.Session - [ed/69b110] Submitted process > combineFilesB (1)
Dec-07 23:27:27.780 [Task submitter] INFO  nextflow.Session - [f0/1f480a] Submitted process > combineFilesB (25)
Dec-07 23:27:27.810 [Task submitter] INFO  nextflow.Session - [bc/592bfa] Submitted process > combineFilesA (7)
Dec-07 23:27:27.849 [Task submitter] INFO  nextflow.Session - [47/2e08f0] Submitted process > combineFilesA (6)
Dec-07 23:27:27.878 [Task submitter] INFO  nextflow.Session - [b8/6dcef9] Submitted process > combineFilesA (34)
Dec-07 23:27:27.910 [Task submitter] INFO  nextflow.Session - [9a/0b3d89] Submitted process > combineFilesA (32)
Dec-07 23:27:27.937 [Task submitter] INFO  nextflow.Session - [5b/c25957] Submitted process > combineFilesA (4)
Dec-07 23:27:27.967 [Task submitter] INFO  nextflow.Session - [e0/ccc90d] Submitted process > combineFilesA (2)
Dec-07 23:27:28.000 [Task submitter] INFO  nextflow.Session - [27/8d5e85] Submitted process > combineFilesB (20)
Dec-07 23:27:28.054 [Task submitter] INFO  nextflow.Session - [4b/2012b9] Submitted process > combineFilesA (30)
Dec-07 23:27:28.143 [Task submitter] INFO  nextflow.Session - [99/86a354] Submitted process > combineFilesA (13)
Dec-07 23:27:28.202 [Task submitter] INFO  nextflow.Session - [b5/1732dd] Submitted process > combineFilesB (7)
Dec-07 23:27:28.248 [Task submitter] INFO  nextflow.Session - [38/4acd43] Submitted process > combineFilesB (13)
Dec-07 23:27:28.278 [Task submitter] INFO  nextflow.Session - [13/dd2566] Submitted process > combineFilesA (5)
Dec-07 23:27:28.314 [Task submitter] INFO  nextflow.Session - [b8/fb1435] Submitted process > combineFilesA (15)
Dec-07 23:27:28.414 [Task submitter] INFO  nextflow.Session - [8e/4d045a] Submitted process > combineFilesA (10)
Dec-07 23:27:28.559 [Task submitter] INFO  nextflow.Session - [39/1f9db3] Submitted process > combineFilesA (19)
Dec-07 23:27:28.602 [Task submitter] INFO  nextflow.Session - [d8/efed76] Submitted process > combineFilesB (10)
Dec-07 23:27:28.640 [Task submitter] INFO  nextflow.Session - [b9/eaf5e3] Submitted process > combineFilesB (6)
Dec-07 23:27:28.693 [Task submitter] INFO  nextflow.Session - [42/67de9d] Submitted process > combineFilesB (3)
Dec-07 23:27:28.749 [Task submitter] INFO  nextflow.Session - [b9/3b5607] Submitted process > combineFilesA (18)
Dec-07 23:27:28.812 [Task submitter] INFO  nextflow.Session - [05/ef44aa] Submitted process > combineFilesA (22)
Dec-07 23:27:28.878 [Task submitter] INFO  nextflow.Session - [ba/286c3b] Submitted process > combineFilesA (31)
Dec-07 23:27:28.951 [Task submitter] INFO  nextflow.Session - [08/ac83b9] Submitted process > combineFilesB (19)
Dec-07 23:27:29.020 [Task submitter] INFO  nextflow.Session - [08/8f282c] Submitted process > combineFilesA (12)
Dec-07 23:27:29.094 [Task submitter] INFO  nextflow.Session - [74/76e7f9] Submitted process > combineFilesA (1)
Dec-07 23:27:29.167 [Task submitter] INFO  nextflow.Session - [d0/af4136] Submitted process > combineFilesB (24)
Dec-07 23:27:29.245 [Task submitter] INFO  nextflow.Session - [5c/462d6c] Submitted process > combineFilesA (26)
Dec-07 23:27:29.325 [Task submitter] INFO  nextflow.Session - [d3/1c5567] Submitted process > combineFilesA (23)
Dec-07 23:27:29.399 [Task submitter] INFO  nextflow.Session - [33/7b7129] Submitted process > combineFilesA (11)
Dec-07 23:27:29.483 [Task submitter] INFO  nextflow.Session - [4d/eb1264] Submitted process > combineFilesA (24)
Dec-07 23:27:29.563 [Task submitter] INFO  nextflow.Session - [c8/efe481] Submitted process > combineFilesA (20)
Dec-07 23:27:29.643 [Task submitter] INFO  nextflow.Session - [b0/3bcfc2] Submitted process > combineFilesB (26)
Dec-07 23:27:29.730 [Task submitter] INFO  nextflow.Session - [98/eef3a9] Submitted process > combineFilesB (4)
Dec-07 23:27:29.814 [Task submitter] INFO  nextflow.Session - [95/a13f66] Submitted process > combineFilesB (9)
Dec-07 23:27:29.907 [Task submitter] INFO  nextflow.Session - [89/b59687] Submitted process > combineFilesA (8)
Dec-07 23:27:42.566 [Task monitor] DEBUG n.processor.TaskPollingMonitor - Task completed > TaskHandler[id: 148; name: combineFilesA (22); status: COMPLETED; exit: 0; error: -; workDir: /input/data/work/05/ef44aa453c96b94048b13b69544109]
Dec-07 23:27:47.657 [Task monitor] DEBUG n.processor.TaskPollingMonitor - Task completed > TaskHandler[id: 145; name: combineFilesA (19); status: COMPLETED; exit: 0; error: -; workDir: /input/data/work/39/1f9db3cf3a520aa02f7cad88960b7b]
Dec-07 23:27:49.156 [Task monitor] DEBUG n.processor.TaskPollingMonitor - Task completed > TaskHandler[id: 146; name: combineFilesA (20); status: COMPLETED; exit: 0; error: -; workDir: /input/data/work/c8/efe481df73c6c0a8200f21b0fe4d07]
Dec-07 23:27:49.879 [Task monitor] DEBUG n.processor.TaskPollingMonitor - Task completed > TaskHandler[id: 121; name: combineFilesB (12); status: COMPLETED; exit: 0; error: -; workDir: /input/data/work/ab/1f3b2e6188be3d0f8d68f1b80a8cb7]
Dec-07 23:27:51.669 [Task monitor] DEBUG n.processor.TaskPollingMonitor - Task completed > TaskHandler[id: 131; name: combineFilesA (14); status: COMPLETED; exit: 0; error: -; workDir: /input/data/work/3e/c1e192ffaecf36f5f7e2397cbc136c]
Dec-07 23:28:15.520 [Task monitor] DEBUG n.processor.TaskPollingMonitor - Task completed > TaskHandler[id: 120; name: combineFilesA (9); status: COMPLETED; exit: 0; error: -; workDir: /input/data/work/11/5a3b6e0c634607eedc73d4cb8bc25b]
Dec-07 23:28:20.354 [Task monitor] DEBUG n.processor.TaskPollingMonitor - Task completed > TaskHandler[id: 128; name: combineFilesB (16); status: COMPLETED; exit: 0; error: -; workDir: /input/data/work/88/1b93fb0ca5f8a3811b844e69679fd2]
Dec-07 23:28:20.865 [Task monitor] DEBUG n.processor.TaskPollingMonitor - Task completed > TaskHandler[id: 147; name: combineFilesA (21); status: COMPLETED; exit: 0; error: -; workDir: /input/data/work/1f/a464c54f2620058a35543ba8ba16f4]
Dec-07 23:28:22.413 [Task monitor] DEBUG n.processor.TaskPollingMonitor - Task completed > TaskHandler[id: 149; name: combineFilesA (23); status: COMPLETED; exit: 0; error: -; workDir: /input/data/work/d3/1c5567116a6038970802f2dd650cf5]
Dec-07 23:28:22.750 [Task monitor] DEBUG n.processor.TaskPollingMonitor - Task completed > TaskHandler[id: 118; name: combineFilesA (8); status: COMPLETED; exit: 0; error: -; workDir: /input/data/work/89/b596871d464a12d8ea12f8ba6e8cfc]
Dec-07 23:28:35.402 [Task monitor] DEBUG n.processor.TaskPollingMonitor - Task completed > TaskHandler[id: 140; name: combineFilesB (23); status: COMPLETED; exit: 0; error: -; workDir: /input/data/work/81/211176c5a6eefd7e83f50efc83c1d5]
Dec-07 23:28:35.619 [Task monitor] DEBUG n.processor.TaskPollingMonitor - Task completed > TaskHandler[id: 155; name: combineFilesA (29); status: COMPLETED; exit: 0; error: -; workDir: /input/data/work/cc/f28749b01d5ba87f0e8eeb9f4328a0]
Dec-07 23:28:35.853 [Task monitor] DEBUG n.processor.TaskPollingMonitor - Task completed > TaskHandler[id: 129; name: combineFilesB (17); status: COMPLETED; exit: 0; error: -; workDir: /input/data/work/58/50e6540d774a3d01b262370799416c]
Dec-07 23:28:38.411 [Task monitor] DEBUG n.processor.TaskPollingMonitor - Task completed > TaskHandler[id: 158; name: combineFilesA (32); status: COMPLETED; exit: 0; error: -; workDir: /input/data/work/9a/0b3d89083704e06ac57b60e68568c9]
Dec-07 23:28:40.219 [Task monitor] DEBUG n.processor.TaskPollingMonitor - Task completed > TaskHandler[id: 157; name: combineFilesA (31); status: COMPLETED; exit: 0; error: -; workDir: /input/data/work/ba/286c3bd0115a3add6f00194a1ad02e]
Dec-07 23:28:42.654 [Task monitor] DEBUG n.processor.TaskPollingMonitor - Task completed > TaskHandler[id: 109; name: combineFilesA (3); status: COMPLETED; exit: 0; error: -; workDir: /input/data/work/86/ed3974604961e65eecd695f8a394cb]
Dec-07 23:28:45.025 [Task monitor] DEBUG n.processor.TaskPollingMonitor - Task completed > TaskHandler[id: 108; name: combineFilesB (6); status: COMPLETED; exit: 0; error: -; workDir: /input/data/work/b9/eaf5e301dcec7f7e58bc30f01bd48e]
Dec-07 23:28:45.503 [Task monitor] DEBUG n.processor.TaskPollingMonitor - Task completed > TaskHandler[id: 142; name: combineFilesA (18); status: COMPLETED; exit: 0; error: -; workDir: /input/data/work/b9/3b560733ae0b5dcc36466f141000f2]
Dec-07 23:28:49.124 [Task monitor] DEBUG n.processor.TaskPollingMonitor - Task completed > TaskHandler[id: 114; name: combineFilesA (6); status: COMPLETED; exit: 0; error: -; workDir: /input/data/work/47/2e08f0a120d0ba5819f56b17f4fbad]
Dec-07 23:28:50.622 [Task monitor] DEBUG n.processor.TaskPollingMonitor - Task completed > TaskHandler[id: 150; name: combineFilesA (24); status: COMPLETED; exit: 0; error: -; workDir: /input/data/work/4d/eb12646b1e5d00b27400c769f2a2d4]
Dec-07 23:28:54.698 [Task monitor] DEBUG n.processor.TaskPollingMonitor - Task completed > TaskHandler[id: 134; name: combineFilesA (15); status: COMPLETED; exit: 0; error: -; workDir: /input/data/work/b8/fb1435853846f37ae37ea8e5529bf1]
Dec-07 23:28:59.325 [Task monitor] DEBUG n.processor.TaskPollingMonitor - Task completed > TaskHandler[id: 111; name: combineFilesA (4); status: COMPLETED; exit: 0; error: -; workDir: /input/data/work/5b/c25957a0c1afc674c97f9a50954d85]
Dec-07 23:29:02.275 [Task monitor] DEBUG n.processor.TaskPollingMonitor - Task completed > TaskHandler[id: 139; name: combineFilesA (17); status: COMPLETED; exit: 0; error: -; workDir: /input/data/work/1b/1ae2463db2d1e7ee65f0b7d192a359]
Dec-07 23:29:03.590 [Task monitor] DEBUG n.processor.TaskPollingMonitor - Task completed > TaskHandler[id: 116; name: combineFilesA (7); status: COMPLETED; exit: 0; error: -; workDir: /input/data/work/bc/592bfab820892f5b502295d2c14b62]
Dec-07 23:29:07.416 [Task monitor] DEBUG n.processor.TaskPollingMonitor - Task completed > TaskHandler[id: 125; name: combineFilesB (14); status: COMPLETED; exit: 0; error: -; workDir: /input/data/work/8f/89bc24ffe0498cf9850c0c2720b25c]
Dec-07 23:29:15.505 [Task monitor] DEBUG n.processor.TaskPollingMonitor - Task completed > TaskHandler[id: 104; name: combineFilesA (1); status: COMPLETED; exit: 0; error: -; workDir: /input/data/work/74/76e7f9a2ce95f6ea3cb856d6316ce1]
Dec-07 23:29:17.238 [Task monitor] DEBUG n.processor.TaskPollingMonitor - Task completed > TaskHandler[id: 136; name: combineFilesA (16); status: COMPLETED; exit: 0; error: -; workDir: /input/data/work/cb/368358a05c28682d18f1c0aa8ddab8]
Dec-07 23:29:18.319 [Task monitor] DEBUG n.processor.TaskPollingMonitor - Task completed > TaskHandler[id: 126; name: combineFilesB (15); status: COMPLETED; exit: 0; error: -; workDir: /input/data/work/90/f187fb8a139a277bb2227f9af8ab40]
Dec-07 23:29:18.980 [Task monitor] DEBUG n.processor.TaskPollingMonitor - Task completed > TaskHandler[id: 101; name: combineFilesB (1); status: COMPLETED; exit: 0; error: -; workDir: /input/data/work/ed/69b110b870f040108a0c71585614cf]
Dec-07 23:29:24.023 [Task monitor] DEBUG n.processor.TaskPollingMonitor - Task completed > TaskHandler[id: 143; name: combineFilesB (25); status: COMPLETED; exit: 0; error: -; workDir: /input/data/work/f0/1f480a2fb10ea33c579f48af81292e]
Dec-07 23:29:25.510 [Task monitor] DEBUG n.processor.TaskPollingMonitor - Task completed > TaskHandler[id: 122; name: combineFilesB (13); status: COMPLETED; exit: 0; error: -; workDir: /input/data/work/38/4acd4346b8ed495a872f34f6eaf85e]
Dec-07 23:29:26.902 [Task monitor] DEBUG n.processor.TaskPollingMonitor - Task completed > TaskHandler[id: 141; name: combineFilesB (24); status: COMPLETED; exit: 0; error: -; workDir: /input/data/work/d0/af41361020703f575b7d6d72982c05]
Dec-07 23:29:27.816 [Task monitor] DEBUG n.processor.TaskPollingMonitor - Task completed > TaskHandler[id: 105; name: combineFilesB (4); status: COMPLETED; exit: 0; error: -; workDir: /input/data/work/98/eef3a9dcc9316c06017eaff49de260]
Dec-07 23:29:28.777 [Task monitor] DEBUG n.processor.TaskPollingMonitor - Task completed > TaskHandler[id: 154; name: combineFilesA (28); status: COMPLETED; exit: 0; error: -; workDir: /input/data/work/48/15f6bacbcb995b976603ecb5595057]
Dec-07 23:29:34.783 [Task monitor] DEBUG n.processor.TaskPollingMonitor - Task completed > TaskHandler[id: 160; name: combineFilesA (34); status: COMPLETED; exit: 0; error: -; workDir: /input/data/work/b8/6dcef9bf8b95f8dd85485efbed4e91]
Dec-07 23:29:45.074 [Task monitor] DEBUG n.processor.TaskPollingMonitor - Task completed > TaskHandler[id: 124; name: combineFilesA (11); status: COMPLETED; exit: 0; error: -; workDir: /input/data/work/33/7b71298c71d815e1e540bda30d284e]
Dec-07 23:29:49.104 [Task monitor] DEBUG n.processor.TaskPollingMonitor - Task completed > TaskHandler[id: 117; name: combineFilesB (10); status: COMPLETED; exit: 0; error: -; workDir: /input/data/work/d8/efed76c1db803cf443b50ccc351f5a]
Dec-07 23:29:49.413 [Task monitor] DEBUG n.processor.TaskPollingMonitor - Task completed > TaskHandler[id: 127; name: combineFilesA (12); status: COMPLETED; exit: 0; error: -; workDir: /input/data/work/08/8f282c09657e3c3ce9a82c46755d71]
Dec-07 23:29:53.275 [Task monitor] DEBUG n.processor.TaskPollingMonitor - Task completed > TaskHandler[id: 137; name: combineFilesB (21); status: COMPLETED; exit: 0; error: -; workDir: /input/data/work/2e/7fe5ec5bcd0a1614826aec6303dc79]
Dec-07 23:29:53.764 [Task monitor] DEBUG n.processor.TaskPollingMonitor - Task completed > TaskHandler[id: 153; name: combineFilesA (27); status: COMPLETED; exit: 0; error: -; workDir: /input/data/work/a5/6b1c2c00d3179f738bf95d589665f7]
Dec-07 23:29:53.988 [Task monitor] DEBUG n.processor.TaskPollingMonitor - Task completed > TaskHandler[id: 156; name: combineFilesA (30); status: COMPLETED; exit: 0; error: -; workDir: /input/data/work/4b/2012b96156c143e9a76fcfbd1e73c8]
Dec-07 23:29:58.182 [Task monitor] DEBUG n.processor.TaskPollingMonitor - Task completed > TaskHandler[id: 151; name: combineFilesA (25); status: COMPLETED; exit: 0; error: -; workDir: /input/data/work/03/14b64c82d6b779469eef8614d86dd9]
Dec-07 23:30:03.724 [Task monitor] DEBUG n.processor.TaskPollingMonitor - Task completed > TaskHandler[id: 112; name: combineFilesA (5); status: COMPLETED; exit: 0; error: -; workDir: /input/data/work/13/dd256683f0e2c5c83ce25e3886cffd]
Dec-07 23:30:08.643 [Task monitor] DEBUG n.processor.TaskPollingMonitor - Task completed > TaskHandler[id: 110; name: combineFilesB (7); status: COMPLETED; exit: 0; error: -; workDir: /input/data/work/b5/1732dddea0ecb5d77034dccba1b49d]
Dec-07 23:30:24.497 [Task monitor] DEBUG n.processor.TaskPollingMonitor - Task completed > TaskHandler[id: 133; name: combineFilesB (19); status: COMPLETED; exit: 0; error: -; workDir: /input/data/work/08/ac83b9a03c8fac129472ea8f6c2d26]
Dec-07 23:30:25.147 [Task monitor] DEBUG n.processor.TaskPollingMonitor - Task completed > TaskHandler[id: 152; name: combineFilesA (26); status: COMPLETED; exit: 0; error: -; workDir: /input/data/work/5c/462d6cc5428bf0c2d322d6bfb6dadb]
Dec-07 23:30:29.437 [Task monitor] DEBUG n.processor.TaskPollingMonitor - Task completed > TaskHandler[id: 135; name: combineFilesB (20); status: COMPLETED; exit: 0; error: -; workDir: /input/data/work/27/8d5e8588666ab60529fba8e57410ed]
Dec-07 23:30:29.953 [Task monitor] DEBUG n.processor.TaskPollingMonitor - Task completed > TaskHandler[id: 130; name: combineFilesA (13); status: COMPLETED; exit: 0; error: -; workDir: /input/data/work/99/86a354b53f1e1681c9badf23163f63]
Dec-07 23:30:33.867 [Task monitor] DEBUG n.processor.TaskPollingMonitor - Task completed > TaskHandler[id: 119; name: combineFilesB (11); status: COMPLETED; exit: 0; error: -; workDir: /input/data/work/16/08ffe3f20faf11bb6280c072a36b58]
Dec-07 23:30:34.239 [Task monitor] DEBUG n.processor.TaskPollingMonitor - Task completed > TaskHandler[id: 113; name: combineFilesB (8); status: COMPLETED; exit: 0; error: -; workDir: /input/data/work/50/d7c3a29a51e5a25fe3d511c399a04a]
Dec-07 23:30:38.964 [Task monitor] DEBUG n.processor.TaskPollingMonitor - Task completed > TaskHandler[id: 138; name: combineFilesB (22); status: COMPLETED; exit: 0; error: -; workDir: /input/data/work/54/11d2c872525654a1b202028a56c374]
Dec-07 23:30:40.189 [Task monitor] DEBUG n.processor.TaskPollingMonitor - Task completed > TaskHandler[id: 115; name: combineFilesB (9); status: COMPLETED; exit: 0; error: -; workDir: /input/data/work/95/a13f66682e3df953d5ae6dd72c2f98]
Dec-07 23:30:43.471 [Task monitor] DEBUG n.processor.TaskPollingMonitor - Task completed > TaskHandler[id: 159; name: combineFilesA (33); status: COMPLETED; exit: 0; error: -; workDir: /input/data/work/11/c5eddd5045d184ce06d88c16014e70]
Dec-07 23:30:43.806 [Task monitor] DEBUG n.processor.TaskPollingMonitor - Task completed > TaskHandler[id: 123; name: combineFilesA (10); status: COMPLETED; exit: 0; error: -; workDir: /input/data/work/8e/4d045a5ff64cb55fef41fd031b55a5]
Dec-07 23:30:44.082 [Task monitor] DEBUG n.processor.TaskPollingMonitor - Task completed > TaskHandler[id: 144; name: combineFilesB (26); status: COMPLETED; exit: 0; error: -; workDir: /input/data/work/b0/3bcfc25e1fb5047b7473640417f4ab]
Dec-07 23:30:48.827 [Task monitor] DEBUG n.processor.TaskPollingMonitor - Task completed > TaskHandler[id: 102; name: combineFilesB (2); status: COMPLETED; exit: 0; error: -; workDir: /input/data/work/ca/7fc2ace02ec744255f39bf0b689052]
Dec-07 23:30:49.321 [Task monitor] DEBUG n.processor.TaskPollingMonitor - Task completed > TaskHandler[id: 106; name: combineFilesA (2); status: COMPLETED; exit: 0; error: -; workDir: /input/data/work/e0/ccc90d7b1288ff38caa2e5fa2813ce]
Dec-07 23:30:58.166 [Task monitor] DEBUG n.processor.TaskPollingMonitor - Task completed > TaskHandler[id: 107; name: combineFilesB (5); status: COMPLETED; exit: 0; error: -; workDir: /input/data/work/4c/2961f2d84be7f825cfa62d8ef157ee]
Dec-07 23:30:58.521 [Task monitor] DEBUG n.processor.TaskPollingMonitor - Task completed > TaskHandler[id: 103; name: combineFilesB (3); status: COMPLETED; exit: 0; error: -; workDir: /input/data/work/42/67de9df19361af192fda2fc55b55f3]
Dec-07 23:31:23.051 [Task monitor] DEBUG n.processor.TaskPollingMonitor - Task completed > TaskHandler[id: 132; name: combineFilesB (18); status: COMPLETED; exit: 0; error: -; workDir: /input/data/work/8f/9a3acd90ac8babadfaedbdf52bf1d4]
Dec-07 23:31:23.053 [main] DEBUG nextflow.Session - Session await > all processes finished
Dec-07 23:31:23.059 [main] DEBUG nextflow.Session - Session await > all barriers passed
Dec-07 23:31:23.070 [main] DEBUG n.trace.WorkflowStatsObserver - Workflow completed > WorkflowStats[succeededCount=160; failedCount=0; ignoredCount=0; cachedCount=0; pendingCount=0; submittedCount=0; runningCount=0; retriesCount=0; abortedCount=0; succeedDuration=38m 50s; failedDuration=0ms; cachedDuration=0ms;loadCpus=0; loadMemory=0; peakRunning=26; peakCpus=260; peakMemory=260 GB; ]
Dec-07 23:31:23.070 [main] DEBUG nextflow.trace.TraceFileObserver - Workflow completed -- saving trace file
Dec-07 23:31:23.071 [main] DEBUG nextflow.trace.ReportObserver - Workflow completed -- rendering execution report
Dec-07 23:31:23.670 [main] DEBUG nextflow.trace.TimelineObserver - Workflow completed -- rendering execution timeline
Dec-07 23:31:23.817 [main] DEBUG nextflow.cache.CacheDB - Closing CacheDB done
Dec-07 23:31:23.840 [main] DEBUG nextflow.util.ThreadPoolManager - Thread pool 'FileTransfer' shutdown completed (hard=false)
Dec-07 23:31:23.840 [main] DEBUG nextflow.script.ScriptRunner - > Execution complete -- Goodbye
