Dec-02 15:10:51.314 [main] DEBUG nextflow.cli.Launcher - $> nextflow run /input/allIntoOne -c /experiments/experiment/allIntoOne/nextflow.config -c /experiments/experiment/nextflow_cws.config -c /experiments/experiment/nextflow_nfs.config
Dec-02 15:10:51.378 [main] INFO  nextflow.cli.CmdRun - N E X T F L O W  ~  version 23.07.0-edge
Dec-02 15:10:51.398 [main] DEBUG nextflow.plugin.PluginsFacade - Setting up plugin manager > mode=prod; embedded=false; plugins-dir=/.nextflow/plugins; core-plugins: nf-amazon@2.1.0,nf-azure@1.1.4,nf-cloudcache@0.1.0,nf-codecommit@0.1.5,nf-console@1.0.6,nf-ga4gh@1.1.0,nf-google@1.8.1,nf-tower@1.5.15,nf-wave@0.11.0
Dec-02 15:10:51.408 [main] INFO  o.pf4j.DefaultPluginStatusProvider - Enabled plugins: []
Dec-02 15:10:51.409 [main] INFO  o.pf4j.DefaultPluginStatusProvider - Disabled plugins: []
Dec-02 15:10:51.411 [main] INFO  org.pf4j.DefaultPluginManager - PF4J version 3.4.1 in 'deployment' mode
Dec-02 15:10:51.419 [main] INFO  org.pf4j.AbstractPluginManager - No plugins
Dec-02 15:10:51.441 [main] DEBUG nextflow.scm.AssetManager - Project manifest does not exist: /input/allIntoOne/nextflow.config (No such file or directory)
Dec-02 15:10:51.466 [main] DEBUG nextflow.config.ConfigBuilder - User config file: /experiments/experiment/allIntoOne/nextflow.config
Dec-02 15:10:51.467 [main] DEBUG nextflow.config.ConfigBuilder - User config file: /experiments/experiment/nextflow_cws.config
Dec-02 15:10:51.469 [main] DEBUG nextflow.config.ConfigBuilder - User config file: /experiments/experiment/nextflow_nfs.config
Dec-02 15:10:51.469 [main] DEBUG nextflow.config.ConfigBuilder - Parsing config file: /experiments/experiment/allIntoOne/nextflow.config
Dec-02 15:10:51.469 [main] DEBUG nextflow.config.ConfigBuilder - Parsing config file: /experiments/experiment/nextflow_cws.config
Dec-02 15:10:51.469 [main] DEBUG nextflow.config.ConfigBuilder - Parsing config file: /experiments/experiment/nextflow_nfs.config
Dec-02 15:10:51.486 [main] DEBUG nextflow.config.ConfigBuilder - Applying config profile: `standard`
Dec-02 15:10:52.011 [main] DEBUG nextflow.config.ConfigBuilder - Applying config profile: `standard`
Dec-02 15:10:52.174 [main] DEBUG nextflow.config.ConfigBuilder - Applying config profile: `standard`
Dec-02 15:10:52.204 [main] DEBUG nextflow.cli.CmdRun - Applied DSL=2 by global default
Dec-02 15:10:52.218 [main] INFO  nextflow.cli.CmdRun - Launching `/input/allIntoOne/main.nf` [soggy_legentil] DSL2 - revision: f2e677d52d
Dec-02 15:10:52.219 [main] DEBUG nextflow.plugin.PluginsFacade - Plugins default=[]
Dec-02 15:10:52.219 [main] DEBUG nextflow.plugin.PluginsFacade - Plugins resolved requirement=[]
Dec-02 15:10:52.226 [main] DEBUG n.secret.LocalSecretsProvider - Secrets store: /.nextflow/secrets/store.json
Dec-02 15:10:52.229 [main] DEBUG nextflow.secret.SecretsLoader - Discovered secrets providers: [nextflow.secret.LocalSecretsProvider@2c05ff9d] - activable => nextflow.secret.LocalSecretsProvider@2c05ff9d
Dec-02 15:10:52.283 [main] DEBUG nextflow.Session - Session UUID: e69199e3-00f8-4eda-b048-96a74cd6bcbd
Dec-02 15:10:52.283 [main] DEBUG nextflow.Session - Run name: soggy_legentil
Dec-02 15:10:52.284 [main] DEBUG nextflow.Session - Executor pool size: 32
Dec-02 15:10:52.289 [main] DEBUG nextflow.file.FilePorter - File porter settings maxRetries=3; maxTransfers=50; pollTimeout=null
Dec-02 15:10:52.292 [main] DEBUG nextflow.util.ThreadPoolBuilder - Creating thread pool 'FileTransfer' minSize=10; maxSize=96; workQueue=LinkedBlockingQueue[10000]; allowCoreThreadTimeout=false
Dec-02 15:10:52.319 [main] DEBUG nextflow.cli.CmdRun - 
  Version: 23.07.0-edge build 5875
  Created: 28-07-2023 20:27 UTC (20:27 GMT)
  System: Linux 5.4.0-166-generic
  Runtime: Groovy 3.0.18 on OpenJDK 64-Bit Server VM 17.0.6+10-LTS
  Encoding: UTF-8 (UTF-8)
  Process: 3584324@nextflow [10.233.76.38]
  CPUs: 32 - Mem: 125.7 GB (121.8 GB) - Swap: 0 (0)
Dec-02 15:10:52.361 [main] DEBUG nextflow.Session - Work-dir: /input/data/work [nfs]
Dec-02 15:10:52.361 [main] DEBUG nextflow.Session - Script base path does not exist or is not a directory: /input/allIntoOne/bin
Dec-02 15:10:52.369 [main] DEBUG nextflow.executor.ExecutorFactory - Extension executors providers=[]
Dec-02 15:10:52.376 [main] DEBUG nextflow.Session - Observer factory: DefaultObserverFactory
Dec-02 15:10:52.414 [main] DEBUG nextflow.cache.CacheFactory - Using Nextflow cache factory: nextflow.cache.DefaultCacheFactory
Dec-02 15:10:52.422 [main] DEBUG nextflow.util.CustomThreadPool - Creating default thread pool > poolSize: 33; maxThreads: 1000
Dec-02 15:10:52.522 [main] DEBUG nextflow.Session - Session start
Dec-02 15:10:52.527 [main] DEBUG nextflow.trace.TraceFileObserver - Workflow started -- trace file: /input/data/output/trace.csv
Dec-02 15:10:52.685 [main] DEBUG nextflow.script.ScriptRunner - > Launching execution
Dec-02 15:10:52.909 [main] DEBUG nextflow.script.ProcessConfig - Config settings `withName:writeLargeFile` matches process writeLargeFile
Dec-02 15:10:52.919 [main] DEBUG nextflow.executor.ExecutorFactory - << taskConfig executor: k8s
Dec-02 15:10:52.919 [main] DEBUG nextflow.executor.ExecutorFactory - >> processorType: 'k8s'
Dec-02 15:10:52.927 [main] DEBUG nextflow.executor.Executor - [warm up] executor > k8s
Dec-02 15:10:52.943 [main] DEBUG n.processor.TaskPollingMonitor - Creating task monitor for executor 'k8s' > capacity: 300; pollInterval: 5s; dumpInterval: 5m; schedulerBatch: null
Dec-02 15:10:52.947 [main] DEBUG nextflow.k8s.client.ConfigDiscovery - K8s config file does not exist: /root/.kube/config
Dec-02 15:10:52.959 [main] DEBUG nextflow.k8s.K8sExecutor - [K8s] config=[scheduler:[strategy:rank_max-fair, name:workflow-scheduler, autoClose:false, nodeSelector:usedby=anonymized, container:anonymized/test1:sch_v194], debug:[yaml:true], namespace:anonymized, serviceAccount:nextflow, workDir:/input/data/work/, projectDir:/input/data/project/, imagePullPolicy:IfNotPresent, launchDir:/input/data/launch/, runAsUser:0, fetchNodeName:true, storageMountPath:/input, pod:[nodeSelector:usedby=anonymized], storage:[nodeSelector:usedby=anonymized, imageName:anonymized/test1:ftp_v122], storageClaimName:nfs-experiment]; API client config=ClientConfig[ server=10.233.0.1:443, namespace=anonymized, serviceAccount=nextflow, token=eyJhbGciOiJ.., sslCert=LS0tLS1CRUd.., clientCert=-, clientKey=-, verifySsl=false, fromFile=true, httpReadTimeout=null, httpConnectTimeout=null, maxErrorRetry=4 ]
Dec-02 15:10:56.593 [main] DEBUG nextflow.script.ProcessConfig - Config settings `withName:combineFiles` matches process combineFiles
Dec-02 15:10:56.595 [main] DEBUG nextflow.executor.ExecutorFactory - << taskConfig executor: k8s
Dec-02 15:10:56.595 [main] DEBUG nextflow.executor.ExecutorFactory - >> processorType: 'k8s'
Dec-02 15:10:56.607 [main] DEBUG nextflow.Session - Workflow process names [dsl2]: revertFile, combineFiles, writeLargeFile
Dec-02 15:10:56.609 [main] DEBUG nextflow.Session - Igniting dataflow network (3)
Dec-02 15:10:56.610 [main] DEBUG nextflow.processor.TaskProcessor - Starting process > writeLargeFile
Dec-02 15:10:56.611 [main] DEBUG nextflow.processor.TaskProcessor - Starting process > combineFiles
Dec-02 15:10:56.612 [main] DEBUG nextflow.script.ScriptRunner - > Awaiting termination 
Dec-02 15:10:56.612 [main] DEBUG nextflow.Session - Session await
Dec-02 15:10:56.929 [Task submitter] INFO  nextflow.Session - [23/afad5f] Submitted process > writeLargeFile (25)
Dec-02 15:10:56.987 [Task submitter] INFO  nextflow.Session - [ff/271f0e] Submitted process > writeLargeFile (12)
Dec-02 15:10:57.031 [Task submitter] INFO  nextflow.Session - [9b/a099a8] Submitted process > writeLargeFile (30)
Dec-02 15:10:57.075 [Task submitter] INFO  nextflow.Session - [36/241903] Submitted process > writeLargeFile (24)
Dec-02 15:10:57.118 [Task submitter] INFO  nextflow.Session - [3f/e255dc] Submitted process > writeLargeFile (1)
Dec-02 15:10:57.163 [Task submitter] INFO  nextflow.Session - [da/c8f63f] Submitted process > writeLargeFile (14)
Dec-02 15:10:57.199 [Task submitter] INFO  nextflow.Session - [c2/4ee9fa] Submitted process > writeLargeFile (26)
Dec-02 15:10:57.238 [Task submitter] INFO  nextflow.Session - [f9/89c99c] Submitted process > writeLargeFile (9)
Dec-02 15:10:57.275 [Task submitter] INFO  nextflow.Session - [fa/38716c] Submitted process > writeLargeFile (15)
Dec-02 15:10:57.312 [Task submitter] INFO  nextflow.Session - [f8/3732c7] Submitted process > writeLargeFile (31)
Dec-02 15:10:57.352 [Task submitter] INFO  nextflow.Session - [ce/7e7f6f] Submitted process > writeLargeFile (8)
Dec-02 15:10:57.385 [Task submitter] INFO  nextflow.Session - [87/8e77e0] Submitted process > writeLargeFile (3)
Dec-02 15:10:57.422 [Task submitter] INFO  nextflow.Session - [27/c71b70] Submitted process > writeLargeFile (19)
Dec-02 15:10:57.458 [Task submitter] INFO  nextflow.Session - [f7/8867bc] Submitted process > writeLargeFile (2)
Dec-02 15:10:57.493 [Task submitter] INFO  nextflow.Session - [41/f8670a] Submitted process > writeLargeFile (22)
Dec-02 15:10:57.535 [Task submitter] INFO  nextflow.Session - [40/1cc236] Submitted process > writeLargeFile (27)
Dec-02 15:10:57.573 [Task submitter] INFO  nextflow.Session - [b6/1fbf6f] Submitted process > writeLargeFile (6)
Dec-02 15:10:57.608 [Task submitter] INFO  nextflow.Session - [9c/66e9b6] Submitted process > writeLargeFile (28)
Dec-02 15:10:57.643 [Task submitter] INFO  nextflow.Session - [b5/1f63b6] Submitted process > writeLargeFile (4)
Dec-02 15:10:57.678 [Task submitter] INFO  nextflow.Session - [c0/84900e] Submitted process > writeLargeFile (7)
Dec-02 15:10:57.715 [Task submitter] INFO  nextflow.Session - [c9/04aa7e] Submitted process > writeLargeFile (29)
Dec-02 15:10:57.749 [Task submitter] INFO  nextflow.Session - [22/54bbe7] Submitted process > writeLargeFile (32)
Dec-02 15:10:57.786 [Task submitter] INFO  nextflow.Session - [19/730838] Submitted process > writeLargeFile (5)
Dec-02 15:10:57.822 [Task submitter] INFO  nextflow.Session - [a7/fe88be] Submitted process > writeLargeFile (16)
Dec-02 15:10:57.858 [Task submitter] INFO  nextflow.Session - [6e/798f6c] Submitted process > writeLargeFile (13)
Dec-02 15:10:57.892 [Task submitter] INFO  nextflow.Session - [68/3cfa63] Submitted process > writeLargeFile (21)
Dec-02 15:10:57.925 [Task submitter] INFO  nextflow.Session - [c6/e8845b] Submitted process > writeLargeFile (23)
Dec-02 15:10:57.960 [Task submitter] INFO  nextflow.Session - [34/3f8290] Submitted process > writeLargeFile (20)
Dec-02 15:10:58.003 [Task submitter] INFO  nextflow.Session - [30/3b770d] Submitted process > writeLargeFile (18)
Dec-02 15:10:58.039 [Task submitter] INFO  nextflow.Session - [53/3c7719] Submitted process > writeLargeFile (17)
Dec-02 15:10:58.076 [Task submitter] INFO  nextflow.Session - [eb/147338] Submitted process > writeLargeFile (10)
Dec-02 15:10:58.117 [Task submitter] INFO  nextflow.Session - [7a/d489f6] Submitted process > writeLargeFile (11)
Dec-02 15:10:58.149 [Task submitter] INFO  nextflow.Session - [dc/2e8c94] Submitted process > writeLargeFile (33)
Dec-02 15:10:58.182 [Task submitter] INFO  nextflow.Session - [1a/730032] Submitted process > writeLargeFile (34)
Dec-02 15:10:58.217 [Task submitter] INFO  nextflow.Session - [96/7e2653] Submitted process > writeLargeFile (36)
Dec-02 15:10:58.250 [Task submitter] INFO  nextflow.Session - [73/dfc5ca] Submitted process > writeLargeFile (35)
Dec-02 15:10:58.288 [Task submitter] INFO  nextflow.Session - [62/6518c6] Submitted process > writeLargeFile (42)
Dec-02 15:10:58.323 [Task submitter] INFO  nextflow.Session - [e3/7a4fb4] Submitted process > writeLargeFile (41)
Dec-02 15:10:58.361 [Task submitter] INFO  nextflow.Session - [f4/8daafa] Submitted process > writeLargeFile (40)
Dec-02 15:10:58.394 [Task submitter] INFO  nextflow.Session - [2e/ff1c81] Submitted process > writeLargeFile (43)
Dec-02 15:10:58.425 [Task submitter] INFO  nextflow.Session - [69/e7f18e] Submitted process > writeLargeFile (56)
Dec-02 15:10:58.460 [Task submitter] INFO  nextflow.Session - [f0/206aa0] Submitted process > writeLargeFile (45)
Dec-02 15:10:58.492 [Task submitter] INFO  nextflow.Session - [09/246812] Submitted process > writeLargeFile (55)
Dec-02 15:10:58.524 [Task submitter] INFO  nextflow.Session - [6f/710ccb] Submitted process > writeLargeFile (58)
Dec-02 15:10:58.558 [Task submitter] INFO  nextflow.Session - [3c/a23673] Submitted process > writeLargeFile (59)
Dec-02 15:10:58.595 [Task submitter] INFO  nextflow.Session - [23/32f509] Submitted process > writeLargeFile (74)
Dec-02 15:10:58.630 [Task submitter] INFO  nextflow.Session - [3e/01c8c6] Submitted process > writeLargeFile (44)
Dec-02 15:10:58.664 [Task submitter] INFO  nextflow.Session - [1a/fc20b3] Submitted process > writeLargeFile (77)
Dec-02 15:10:58.697 [Task submitter] INFO  nextflow.Session - [47/124053] Submitted process > writeLargeFile (38)
Dec-02 15:10:58.732 [Task submitter] INFO  nextflow.Session - [53/c0c750] Submitted process > writeLargeFile (78)
Dec-02 15:10:58.764 [Task submitter] INFO  nextflow.Session - [94/e026f5] Submitted process > writeLargeFile (49)
Dec-02 15:10:58.800 [Task submitter] INFO  nextflow.Session - [46/2d0533] Submitted process > writeLargeFile (48)
Dec-02 15:10:58.836 [Task submitter] INFO  nextflow.Session - [74/eff11a] Submitted process > writeLargeFile (57)
Dec-02 15:10:58.870 [Task submitter] INFO  nextflow.Session - [c9/d0157b] Submitted process > writeLargeFile (81)
Dec-02 15:10:58.904 [Task submitter] INFO  nextflow.Session - [84/127851] Submitted process > writeLargeFile (52)
Dec-02 15:10:58.937 [Task submitter] INFO  nextflow.Session - [c8/a1ec12] Submitted process > writeLargeFile (61)
Dec-02 15:10:58.974 [Task submitter] INFO  nextflow.Session - [56/bb0fb3] Submitted process > writeLargeFile (51)
Dec-02 15:10:59.012 [Task submitter] INFO  nextflow.Session - [c8/86a05d] Submitted process > writeLargeFile (85)
Dec-02 15:10:59.048 [Task submitter] INFO  nextflow.Session - [ba/c6b652] Submitted process > writeLargeFile (47)
Dec-02 15:10:59.086 [Task submitter] INFO  nextflow.Session - [f4/8d7bb8] Submitted process > writeLargeFile (37)
Dec-02 15:10:59.122 [Task submitter] INFO  nextflow.Session - [55/a77dc8] Submitted process > writeLargeFile (54)
Dec-02 15:10:59.159 [Task submitter] INFO  nextflow.Session - [f9/92e351] Submitted process > writeLargeFile (89)
Dec-02 15:10:59.194 [Task submitter] INFO  nextflow.Session - [c3/26b9d8] Submitted process > writeLargeFile (50)
Dec-02 15:10:59.229 [Task submitter] INFO  nextflow.Session - [52/9188be] Submitted process > writeLargeFile (39)
Dec-02 15:10:59.264 [Task submitter] INFO  nextflow.Session - [04/f222a1] Submitted process > writeLargeFile (53)
Dec-02 15:10:59.299 [Task submitter] INFO  nextflow.Session - [1e/990b5c] Submitted process > writeLargeFile (60)
Dec-02 15:10:59.334 [Task submitter] INFO  nextflow.Session - [79/0b1ca3] Submitted process > writeLargeFile (46)
Dec-02 15:10:59.368 [Task submitter] INFO  nextflow.Session - [d3/1c9729] Submitted process > writeLargeFile (62)
Dec-02 15:10:59.405 [Task submitter] INFO  nextflow.Session - [fa/edaf35] Submitted process > writeLargeFile (99)
Dec-02 15:10:59.441 [Task submitter] INFO  nextflow.Session - [7d/7cd5a7] Submitted process > writeLargeFile (63)
Dec-02 15:10:59.475 [Task submitter] INFO  nextflow.Session - [83/23afc1] Submitted process > writeLargeFile (64)
Dec-02 15:10:59.511 [Task submitter] INFO  nextflow.Session - [cc/954738] Submitted process > writeLargeFile (65)
Dec-02 15:10:59.547 [Task submitter] INFO  nextflow.Session - [2f/2f1e52] Submitted process > writeLargeFile (66)
Dec-02 15:10:59.606 [Task submitter] INFO  nextflow.Session - [52/9ff257] Submitted process > writeLargeFile (75)
Dec-02 15:10:59.641 [Task submitter] INFO  nextflow.Session - [a4/989e9d] Submitted process > writeLargeFile (70)
Dec-02 15:10:59.677 [Task submitter] INFO  nextflow.Session - [13/65cfa4] Submitted process > writeLargeFile (69)
Dec-02 15:10:59.712 [Task submitter] INFO  nextflow.Session - [39/baf87d] Submitted process > writeLargeFile (67)
Dec-02 15:10:59.769 [Task submitter] INFO  nextflow.Session - [11/67c27c] Submitted process > writeLargeFile (83)
Dec-02 15:10:59.836 [Task submitter] INFO  nextflow.Session - [af/0fce5f] Submitted process > writeLargeFile (72)
Dec-02 15:10:59.920 [Task submitter] INFO  nextflow.Session - [a1/a70602] Submitted process > writeLargeFile (84)
Dec-02 15:11:11.538 [Task submitter] INFO  nextflow.Session - [2d/1dc8b4] Submitted process > writeLargeFile (68)
Dec-02 15:11:16.147 [Task submitter] INFO  nextflow.Session - [0e/642d54] Submitted process > writeLargeFile (90)
Dec-02 15:11:19.451 [Task submitter] INFO  nextflow.Session - [d1/f3c9ef] Submitted process > writeLargeFile (94)
Dec-02 15:11:22.854 [Task submitter] INFO  nextflow.Session - [8d/6ca9e5] Submitted process > writeLargeFile (82)
Dec-02 15:11:26.510 [Task submitter] INFO  nextflow.Session - [39/5c0aa3] Submitted process > writeLargeFile (76)
Dec-02 15:11:30.491 [Task submitter] INFO  nextflow.Session - [a0/516a37] Submitted process > writeLargeFile (87)
Dec-02 15:11:35.078 [Task submitter] INFO  nextflow.Session - [e7/04037d] Submitted process > writeLargeFile (92)
Dec-02 15:11:38.910 [Task submitter] INFO  nextflow.Session - [a5/07e43a] Submitted process > writeLargeFile (79)
Dec-02 15:11:42.775 [Task submitter] INFO  nextflow.Session - [38/0ec024] Submitted process > writeLargeFile (86)
Dec-02 15:11:46.743 [Task submitter] INFO  nextflow.Session - [20/ece6cd] Submitted process > writeLargeFile (88)
Dec-02 15:11:50.706 [Task submitter] INFO  nextflow.Session - [86/43dced] Submitted process > writeLargeFile (93)
Dec-02 15:11:54.568 [Task submitter] INFO  nextflow.Session - [5e/139f14] Submitted process > writeLargeFile (73)
Dec-02 15:11:58.640 [Task submitter] INFO  nextflow.Session - [21/e4d2ff] Submitted process > writeLargeFile (80)
Dec-02 15:12:03.028 [Task submitter] INFO  nextflow.Session - [fe/ba1687] Submitted process > writeLargeFile (91)
Dec-02 15:12:06.820 [Task submitter] INFO  nextflow.Session - [63/6091e7] Submitted process > writeLargeFile (95)
Dec-02 15:12:09.748 [Task monitor] DEBUG n.processor.TaskPollingMonitor - Task completed > TaskHandler[id: 25; name: writeLargeFile (25); status: COMPLETED; exit: 0; error: -; workDir: /input/data/work/23/afad5fb423d3e03e88d848de69e9b2]
Dec-02 15:12:09.896 [Task submitter] INFO  nextflow.Session - [8d/bd46e3] Submitted process > writeLargeFile (100)
Dec-02 15:12:12.571 [Task submitter] INFO  nextflow.Session - [1d/5477fc] Submitted process > writeLargeFile (71)
Dec-02 15:12:13.647 [Task monitor] DEBUG n.processor.TaskPollingMonitor - Task completed > TaskHandler[id: 1; name: writeLargeFile (1); status: COMPLETED; exit: 0; error: -; workDir: /input/data/work/3f/e255dcdd9f5ddb53f582be16941d47]
Dec-02 15:12:15.256 [Task submitter] INFO  nextflow.Session - [d0/d4f8e4] Submitted process > writeLargeFile (97)
Dec-02 15:12:17.635 [Task monitor] DEBUG n.processor.TaskPollingMonitor - Task completed > TaskHandler[id: 15; name: writeLargeFile (15); status: COMPLETED; exit: 0; error: -; workDir: /input/data/work/fa/38716cb84ab432efd350a71fa4a299]
Dec-02 15:12:18.130 [Task submitter] INFO  nextflow.Session - [d8/e76dd1] Submitted process > writeLargeFile (96)
Dec-02 15:12:21.343 [Task submitter] INFO  nextflow.Session - [16/49ae8e] Submitted process > writeLargeFile (98)
Dec-02 15:12:22.248 [Task monitor] DEBUG n.processor.TaskPollingMonitor - Task completed > TaskHandler[id: 19; name: writeLargeFile (19); status: COMPLETED; exit: 0; error: -; workDir: /input/data/work/27/c71b701a939d7fd37ddc51c3ea8340]
Dec-02 15:12:26.941 [Task monitor] DEBUG n.processor.TaskPollingMonitor - Task completed > TaskHandler[id: 6; name: writeLargeFile (6); status: COMPLETED; exit: 0; error: -; workDir: /input/data/work/b6/1fbf6f4c4514bf28b43bcc8eb80ec4]
Dec-02 15:12:31.720 [Task monitor] DEBUG n.processor.TaskPollingMonitor - Task completed > TaskHandler[id: 29; name: writeLargeFile (29); status: COMPLETED; exit: 0; error: -; workDir: /input/data/work/c9/04aa7e658c02c7c79386bb7c1b2e89]
Dec-02 15:12:37.298 [Task monitor] DEBUG n.processor.TaskPollingMonitor - Task completed > TaskHandler[id: 30; name: writeLargeFile (30); status: COMPLETED; exit: 0; error: -; workDir: /input/data/work/9b/a099a842797bce6a89d0f313a2a426]
Dec-02 15:12:38.637 [Task monitor] DEBUG n.processor.TaskPollingMonitor - Task completed > TaskHandler[id: 8; name: writeLargeFile (8); status: COMPLETED; exit: 0; error: -; workDir: /input/data/work/ce/7e7f6f22ee0f1af74e894507dfd89b]
Dec-02 15:12:39.980 [Task monitor] DEBUG n.processor.TaskPollingMonitor - Task completed > TaskHandler[id: 4; name: writeLargeFile (4); status: COMPLETED; exit: 0; error: -; workDir: /input/data/work/b5/1f63b681b31fce48ca28a8b2e2a23f]
Dec-02 15:12:40.841 [Task monitor] DEBUG n.processor.TaskPollingMonitor - Task completed > TaskHandler[id: 16; name: writeLargeFile (16); status: COMPLETED; exit: 0; error: -; workDir: /input/data/work/a7/fe88be3f26cf514a726cd8526c7a8a]
Dec-02 15:12:43.423 [Task monitor] DEBUG n.processor.TaskPollingMonitor - Task completed > TaskHandler[id: 12; name: writeLargeFile (12); status: COMPLETED; exit: 0; error: -; workDir: /input/data/work/ff/271f0e7f38977266bdfabdd56979c6]
Dec-02 15:12:43.869 [Task monitor] DEBUG n.processor.TaskPollingMonitor - Task completed > TaskHandler[id: 24; name: writeLargeFile (24); status: COMPLETED; exit: 0; error: -; workDir: /input/data/work/36/2419030296c6ff3216fac9b580c8c2]
Dec-02 15:12:44.427 [Task monitor] DEBUG n.processor.TaskPollingMonitor - Task completed > TaskHandler[id: 14; name: writeLargeFile (14); status: COMPLETED; exit: 0; error: -; workDir: /input/data/work/da/c8f63fc16c18c9340950d5939874d7]
Dec-02 15:12:45.075 [Task monitor] DEBUG n.processor.TaskPollingMonitor - Task completed > TaskHandler[id: 26; name: writeLargeFile (26); status: COMPLETED; exit: 0; error: -; workDir: /input/data/work/c2/4ee9fa725224e4a78893258b27746e]
Dec-02 15:12:45.657 [Task monitor] DEBUG n.processor.TaskPollingMonitor - Task completed > TaskHandler[id: 9; name: writeLargeFile (9); status: COMPLETED; exit: 0; error: -; workDir: /input/data/work/f9/89c99c09f74e0e720ee55826367a83]
Dec-02 15:12:47.416 [Task monitor] DEBUG n.processor.TaskPollingMonitor - Task completed > TaskHandler[id: 31; name: writeLargeFile (31); status: COMPLETED; exit: 0; error: -; workDir: /input/data/work/f8/3732c7b52a471b1edbf3cda1b2b80e]
Dec-02 15:12:51.033 [Task monitor] DEBUG n.processor.TaskPollingMonitor - Task completed > TaskHandler[id: 3; name: writeLargeFile (3); status: COMPLETED; exit: 0; error: -; workDir: /input/data/work/87/8e77e09c6d6043eed36b378f0e5529]
Dec-02 15:12:54.979 [Task monitor] DEBUG n.processor.TaskPollingMonitor - Task completed > TaskHandler[id: 2; name: writeLargeFile (2); status: COMPLETED; exit: 0; error: -; workDir: /input/data/work/f7/8867bc5eab63008d51fc2b973d517b]
Dec-02 15:12:59.228 [Task monitor] DEBUG n.processor.TaskPollingMonitor - Task completed > TaskHandler[id: 22; name: writeLargeFile (22); status: COMPLETED; exit: 0; error: -; workDir: /input/data/work/41/f8670a11f9102daa493e7f7b8cfc47]
Dec-02 15:13:02.669 [Task monitor] DEBUG n.processor.TaskPollingMonitor - Task completed > TaskHandler[id: 27; name: writeLargeFile (27); status: COMPLETED; exit: 0; error: -; workDir: /input/data/work/40/1cc236630baaebe5f61e4e24b21544]
Dec-02 15:13:06.259 [Task monitor] DEBUG n.processor.TaskPollingMonitor - Task completed > TaskHandler[id: 28; name: writeLargeFile (28); status: COMPLETED; exit: 0; error: -; workDir: /input/data/work/9c/66e9b65127ee7ed848c0dc8c696211]
Dec-02 15:13:11.382 [Task monitor] DEBUG n.processor.TaskPollingMonitor - Task completed > TaskHandler[id: 7; name: writeLargeFile (7); status: COMPLETED; exit: 0; error: -; workDir: /input/data/work/c0/84900ec6c7a44664e55271ae59c5d2]
Dec-02 15:13:16.492 [Task monitor] DEBUG n.processor.TaskPollingMonitor - Task completed > TaskHandler[id: 32; name: writeLargeFile (32); status: COMPLETED; exit: 0; error: -; workDir: /input/data/work/22/54bbe73a46b51c8e0dd40fd585f840]
Dec-02 15:13:21.680 [Task monitor] DEBUG n.processor.TaskPollingMonitor - Task completed > TaskHandler[id: 5; name: writeLargeFile (5); status: COMPLETED; exit: 0; error: -; workDir: /input/data/work/19/730838f5cb429ed7d0490ea05cb36d]
Dec-02 15:13:38.568 [Task monitor] DEBUG n.processor.TaskPollingMonitor - Task completed > TaskHandler[id: 13; name: writeLargeFile (13); status: COMPLETED; exit: 0; error: -; workDir: /input/data/work/6e/798f6c8c796e9fc22f8bde2eec39bc]
Dec-02 15:13:43.200 [Task monitor] DEBUG n.processor.TaskPollingMonitor - Task completed > TaskHandler[id: 21; name: writeLargeFile (21); status: COMPLETED; exit: 0; error: -; workDir: /input/data/work/68/3cfa63c8dd2619ba85245aa2ee4ec8]
Dec-02 15:13:48.289 [Task monitor] DEBUG n.processor.TaskPollingMonitor - Task completed > TaskHandler[id: 23; name: writeLargeFile (23); status: COMPLETED; exit: 0; error: -; workDir: /input/data/work/c6/e8845ba1c5274e1ea63cb49334354d]
Dec-02 15:14:09.907 [Task monitor] DEBUG n.processor.TaskPollingMonitor - Task completed > TaskHandler[id: 20; name: writeLargeFile (20); status: COMPLETED; exit: 0; error: -; workDir: /input/data/work/34/3f8290689e787d713115925d88e897]
Dec-02 15:14:13.253 [Task monitor] DEBUG n.processor.TaskPollingMonitor - Task completed > TaskHandler[id: 18; name: writeLargeFile (18); status: COMPLETED; exit: 0; error: -; workDir: /input/data/work/30/3b770d348c44ce158dc1b52ab906f3]
Dec-02 15:14:14.819 [Task monitor] DEBUG n.processor.TaskPollingMonitor - Task completed > TaskHandler[id: 17; name: writeLargeFile (17); status: COMPLETED; exit: 0; error: -; workDir: /input/data/work/53/3c77195e95dd1e49a14cd987f69d07]
Dec-02 15:14:15.723 [Task monitor] DEBUG n.processor.TaskPollingMonitor - Task completed > TaskHandler[id: 11; name: writeLargeFile (11); status: COMPLETED; exit: 0; error: -; workDir: /input/data/work/7a/d489f6e6d904e0e59060c520c91ee6]
Dec-02 15:14:16.414 [Task monitor] DEBUG n.processor.TaskPollingMonitor - Task completed > TaskHandler[id: 33; name: writeLargeFile (33); status: COMPLETED; exit: 0; error: -; workDir: /input/data/work/dc/2e8c94d010c06776b4896b0c39f5e4]
Dec-02 15:14:17.264 [Task monitor] DEBUG n.processor.TaskPollingMonitor - Task completed > TaskHandler[id: 42; name: writeLargeFile (42); status: COMPLETED; exit: 0; error: -; workDir: /input/data/work/62/6518c65041cb5804ca1e25ebb5e7bc]
Dec-02 15:14:18.126 [Task monitor] DEBUG n.processor.TaskPollingMonitor - Task completed > TaskHandler[id: 41; name: writeLargeFile (41); status: COMPLETED; exit: 0; error: -; workDir: /input/data/work/e3/7a4fb4ffdab82aa4b81aa1312ef903]
Dec-02 15:14:18.937 [Task monitor] DEBUG n.processor.TaskPollingMonitor - Task completed > TaskHandler[id: 40; name: writeLargeFile (40); status: COMPLETED; exit: 0; error: -; workDir: /input/data/work/f4/8daafae8dd9d54d300fbf2c122ac71]
Dec-02 15:14:19.706 [Task monitor] DEBUG n.processor.TaskPollingMonitor - Task completed > TaskHandler[id: 43; name: writeLargeFile (43); status: COMPLETED; exit: 0; error: -; workDir: /input/data/work/2e/ff1c81907caf6e7b2bc7b2f19f5ec6]
Dec-02 15:14:20.432 [Task monitor] DEBUG n.processor.TaskPollingMonitor - Task completed > TaskHandler[id: 45; name: writeLargeFile (45); status: COMPLETED; exit: 0; error: -; workDir: /input/data/work/f0/206aa0bdb6dd49469dab2ec4a30dcd]
Dec-02 15:14:21.083 [Task monitor] DEBUG n.processor.TaskPollingMonitor - Task completed > TaskHandler[id: 55; name: writeLargeFile (55); status: COMPLETED; exit: 0; error: -; workDir: /input/data/work/09/246812bb90be6021d7215c7d0804c8]
Dec-02 15:14:21.731 [Task monitor] DEBUG n.processor.TaskPollingMonitor - Task completed > TaskHandler[id: 58; name: writeLargeFile (58); status: COMPLETED; exit: 0; error: -; workDir: /input/data/work/6f/710ccb496caf6cfaa895c32b9205fb]
Dec-02 15:14:22.382 [Task monitor] DEBUG n.processor.TaskPollingMonitor - Task completed > TaskHandler[id: 59; name: writeLargeFile (59); status: COMPLETED; exit: 0; error: -; workDir: /input/data/work/3c/a2367350b04c47641c1e92ef667e58]
Dec-02 15:14:23.208 [Task monitor] DEBUG n.processor.TaskPollingMonitor - Task completed > TaskHandler[id: 74; name: writeLargeFile (74); status: COMPLETED; exit: 0; error: -; workDir: /input/data/work/23/32f5092d14a644948b418a778d6602]
Dec-02 15:14:24.103 [Task monitor] DEBUG n.processor.TaskPollingMonitor - Task completed > TaskHandler[id: 44; name: writeLargeFile (44); status: COMPLETED; exit: 0; error: -; workDir: /input/data/work/3e/01c8c605e1898b4db7b5b719f9ffe7]
Dec-02 15:14:25.107 [Task monitor] DEBUG n.processor.TaskPollingMonitor - Task completed > TaskHandler[id: 77; name: writeLargeFile (77); status: COMPLETED; exit: 0; error: -; workDir: /input/data/work/1a/fc20b3b793e69ee5d5b89151504e77]
Dec-02 15:14:28.895 [Task monitor] DEBUG n.processor.TaskPollingMonitor - Task completed > TaskHandler[id: 10; name: writeLargeFile (10); status: COMPLETED; exit: 0; error: -; workDir: /input/data/work/eb/147338936d72ae8445cd721d3ce8d4]
Dec-02 15:14:32.219 [Task monitor] DEBUG n.processor.TaskPollingMonitor - Task completed > TaskHandler[id: 34; name: writeLargeFile (34); status: COMPLETED; exit: 0; error: -; workDir: /input/data/work/1a/73003264cd21c26b8e5c27e0fa7e16]
Dec-02 15:14:34.405 [Task monitor] DEBUG n.processor.TaskPollingMonitor - Task completed > TaskHandler[id: 36; name: writeLargeFile (36); status: COMPLETED; exit: 0; error: -; workDir: /input/data/work/96/7e2653da0e92548ea9268b347552d0]
Dec-02 15:14:36.595 [Task monitor] DEBUG n.processor.TaskPollingMonitor - Task completed > TaskHandler[id: 35; name: writeLargeFile (35); status: COMPLETED; exit: 0; error: -; workDir: /input/data/work/73/dfc5ca378882ce4e9eb7611160f809]
Dec-02 15:14:40.814 [Task monitor] DEBUG n.processor.TaskPollingMonitor - Task completed > TaskHandler[id: 56; name: writeLargeFile (56); status: COMPLETED; exit: 0; error: -; workDir: /input/data/work/69/e7f18ee98bbcf7aa5395e8bf1fda85]
Dec-02 15:15:07.036 [Task monitor] DEBUG n.processor.TaskPollingMonitor - Task completed > TaskHandler[id: 38; name: writeLargeFile (38); status: COMPLETED; exit: 0; error: -; workDir: /input/data/work/47/124053c9d07a87ac47af188da08e8f]
Dec-02 15:15:11.495 [Task monitor] DEBUG n.processor.TaskPollingMonitor - Task completed > TaskHandler[id: 78; name: writeLargeFile (78); status: COMPLETED; exit: 0; error: -; workDir: /input/data/work/53/c0c75053b4026b08b2a8332dabdb92]
Dec-02 15:15:15.774 [Task monitor] DEBUG n.processor.TaskPollingMonitor - Task completed > TaskHandler[id: 49; name: writeLargeFile (49); status: COMPLETED; exit: 0; error: -; workDir: /input/data/work/94/e026f5a3cb29bfe1301e855f3e0db5]
Dec-02 15:15:41.426 [Task monitor] DEBUG n.processor.TaskPollingMonitor - Task completed > TaskHandler[id: 48; name: writeLargeFile (48); status: COMPLETED; exit: 0; error: -; workDir: /input/data/work/46/2d0533074e0cef58c86ed70c6704d7]
Dec-02 15:15:45.425 [Task monitor] DEBUG n.processor.TaskPollingMonitor - Task completed > TaskHandler[id: 57; name: writeLargeFile (57); status: COMPLETED; exit: 0; error: -; workDir: /input/data/work/74/eff11a514ae149dcec4ab6b06d6c5a]
Dec-02 15:15:49.246 [Task monitor] DEBUG n.processor.TaskPollingMonitor - Task completed > TaskHandler[id: 81; name: writeLargeFile (81); status: COMPLETED; exit: 0; error: -; workDir: /input/data/work/c9/d0157bbc5c83a5b61fa0f7ab129796]
Dec-02 15:15:52.882 [Task monitor] DEBUG n.processor.TaskPollingMonitor - Task completed > TaskHandler[id: 52; name: writeLargeFile (52); status: COMPLETED; exit: 0; error: -; workDir: /input/data/work/84/1278511456ea1dbd58c6de4abf880a]
Dec-02 15:15:54.264 [Task monitor] DEBUG n.processor.TaskPollingMonitor - Task completed > TaskHandler[id: 61; name: writeLargeFile (61); status: COMPLETED; exit: 0; error: -; workDir: /input/data/work/c8/a1ec12d35df865f50100ba331c19be]
Dec-02 15:15:55.339 [Task monitor] DEBUG n.processor.TaskPollingMonitor - Task completed > TaskHandler[id: 51; name: writeLargeFile (51); status: COMPLETED; exit: 0; error: -; workDir: /input/data/work/56/bb0fb32745bc395d5e3a928c3996e2]
Dec-02 15:15:56.344 [Task monitor] DEBUG n.processor.TaskPollingMonitor - Task completed > TaskHandler[id: 85; name: writeLargeFile (85); status: COMPLETED; exit: 0; error: -; workDir: /input/data/work/c8/86a05dc7ebf68d1f42ec5780cb6d2b]
Dec-02 15:15:57.299 [Task monitor] DEBUG n.processor.TaskPollingMonitor - Task completed > TaskHandler[id: 47; name: writeLargeFile (47); status: COMPLETED; exit: 0; error: -; workDir: /input/data/work/ba/c6b6528815f5086faf4970f7249a53]
Dec-02 15:15:58.155 [Task monitor] DEBUG n.processor.TaskPollingMonitor - Task completed > TaskHandler[id: 37; name: writeLargeFile (37); status: COMPLETED; exit: 0; error: -; workDir: /input/data/work/f4/8d7bb8fe97aed646e882f382968277]
Dec-02 15:15:59.081 [Task monitor] DEBUG n.processor.TaskPollingMonitor - Task completed > TaskHandler[id: 54; name: writeLargeFile (54); status: COMPLETED; exit: 0; error: -; workDir: /input/data/work/55/a77dc8632b74c142766931cfe068f1]
Dec-02 15:15:59.999 [Task monitor] DEBUG n.processor.TaskPollingMonitor - Task completed > TaskHandler[id: 89; name: writeLargeFile (89); status: COMPLETED; exit: 0; error: -; workDir: /input/data/work/f9/92e351c5ef98d53ec57a0cbc06321b]
Dec-02 15:16:00.883 [Task monitor] DEBUG n.processor.TaskPollingMonitor - Task completed > TaskHandler[id: 50; name: writeLargeFile (50); status: COMPLETED; exit: 0; error: -; workDir: /input/data/work/c3/26b9d85daf88e0a08b5f3fb5ff71e7]
Dec-02 15:16:01.630 [Task monitor] DEBUG n.processor.TaskPollingMonitor - Task completed > TaskHandler[id: 39; name: writeLargeFile (39); status: COMPLETED; exit: 0; error: -; workDir: /input/data/work/52/9188be53cdb0cd56e24f9ade32f912]
Dec-02 15:16:02.200 [Task monitor] DEBUG n.processor.TaskPollingMonitor - Task completed > TaskHandler[id: 53; name: writeLargeFile (53); status: COMPLETED; exit: 0; error: -; workDir: /input/data/work/04/f222a1636ad445ea26b4a56c21ef62]
Dec-02 15:16:02.784 [Task monitor] DEBUG n.processor.TaskPollingMonitor - Task completed > TaskHandler[id: 60; name: writeLargeFile (60); status: COMPLETED; exit: 0; error: -; workDir: /input/data/work/1e/990b5c9bee4d220f1bd404b0f3fb13]
Dec-02 15:16:03.745 [Task monitor] DEBUG n.processor.TaskPollingMonitor - Task completed > TaskHandler[id: 46; name: writeLargeFile (46); status: COMPLETED; exit: 0; error: -; workDir: /input/data/work/79/0b1ca367533c090ce5a64f16822b60]
Dec-02 15:16:05.019 [Task monitor] DEBUG n.processor.TaskPollingMonitor - Task completed > TaskHandler[id: 62; name: writeLargeFile (62); status: COMPLETED; exit: 0; error: -; workDir: /input/data/work/d3/1c972912fe2bd5cabcbd5f5b07c89a]
Dec-02 15:16:06.256 [Task monitor] DEBUG n.processor.TaskPollingMonitor - Task completed > TaskHandler[id: 99; name: writeLargeFile (99); status: COMPLETED; exit: 0; error: -; workDir: /input/data/work/fa/edaf35618b3d4daf34942671c5482b]
Dec-02 15:16:09.737 [Task monitor] DEBUG n.processor.TaskPollingMonitor - Task completed > TaskHandler[id: 65; name: writeLargeFile (65); status: COMPLETED; exit: 0; error: -; workDir: /input/data/work/cc/9547389735aeded01a9fab528c481b]
Dec-02 15:16:12.949 [Task monitor] DEBUG n.processor.TaskPollingMonitor - !! executor k8s > tasks to be completed: 30 -- submitted tasks are shown below
~> TaskHandler[id: 63; name: writeLargeFile (63); status: RUNNING; exit: -; error: -; workDir: /input/data/work/7d/7cd5a78d6a204ad82d87d1876ee748]
~> TaskHandler[id: 64; name: writeLargeFile (64); status: RUNNING; exit: -; error: -; workDir: /input/data/work/83/23afc1381a7c5295fb09e53def5d5d]
~> TaskHandler[id: 66; name: writeLargeFile (66); status: RUNNING; exit: -; error: -; workDir: /input/data/work/2f/2f1e52d9938e1ec7222cc6f725ecdd]
~> TaskHandler[id: 75; name: writeLargeFile (75); status: RUNNING; exit: -; error: -; workDir: /input/data/work/52/9ff257965649cb0f58a098c5bf8dae]
~> TaskHandler[id: 70; name: writeLargeFile (70); status: RUNNING; exit: -; error: -; workDir: /input/data/work/a4/989e9da1b94e880e8dcb394ac464f1]
~> TaskHandler[id: 69; name: writeLargeFile (69); status: RUNNING; exit: -; error: -; workDir: /input/data/work/13/65cfa4805509e333b3523a63ee69ee]
~> TaskHandler[id: 67; name: writeLargeFile (67); status: RUNNING; exit: -; error: -; workDir: /input/data/work/39/baf87da70d904e822f79423061e451]
~> TaskHandler[id: 83; name: writeLargeFile (83); status: RUNNING; exit: -; error: -; workDir: /input/data/work/11/67c27c7781e0b109b773b54d6da48e]
~> TaskHandler[id: 72; name: writeLargeFile (72); status: RUNNING; exit: -; error: -; workDir: /input/data/work/af/0fce5ff91250822457b7c972279a9e]
~> TaskHandler[id: 84; name: writeLargeFile (84); status: RUNNING; exit: -; error: -; workDir: /input/data/work/a1/a70602ded45df91dd6f22d3db3c024]
.. remaining tasks omitted.
Dec-02 15:16:15.004 [Task monitor] DEBUG n.processor.TaskPollingMonitor - Task completed > TaskHandler[id: 63; name: writeLargeFile (63); status: COMPLETED; exit: 0; error: -; workDir: /input/data/work/7d/7cd5a78d6a204ad82d87d1876ee748]
Dec-02 15:16:19.891 [Task monitor] DEBUG n.processor.TaskPollingMonitor - Task completed > TaskHandler[id: 64; name: writeLargeFile (64); status: COMPLETED; exit: 0; error: -; workDir: /input/data/work/83/23afc1381a7c5295fb09e53def5d5d]
Dec-02 15:16:36.350 [Task monitor] DEBUG n.processor.TaskPollingMonitor - Task completed > TaskHandler[id: 66; name: writeLargeFile (66); status: COMPLETED; exit: 0; error: -; workDir: /input/data/work/2f/2f1e52d9938e1ec7222cc6f725ecdd]
Dec-02 15:16:40.772 [Task monitor] DEBUG n.processor.TaskPollingMonitor - Task completed > TaskHandler[id: 75; name: writeLargeFile (75); status: COMPLETED; exit: 0; error: -; workDir: /input/data/work/52/9ff257965649cb0f58a098c5bf8dae]
Dec-02 15:16:45.351 [Task monitor] DEBUG n.processor.TaskPollingMonitor - Task completed > TaskHandler[id: 70; name: writeLargeFile (70); status: COMPLETED; exit: 0; error: -; workDir: /input/data/work/a4/989e9da1b94e880e8dcb394ac464f1]
Dec-02 15:17:10.757 [Task monitor] DEBUG n.processor.TaskPollingMonitor - Task completed > TaskHandler[id: 72; name: writeLargeFile (72); status: COMPLETED; exit: 0; error: -; workDir: /input/data/work/af/0fce5ff91250822457b7c972279a9e]
Dec-02 15:17:14.885 [Task monitor] DEBUG n.processor.TaskPollingMonitor - Task completed > TaskHandler[id: 84; name: writeLargeFile (84); status: COMPLETED; exit: 0; error: -; workDir: /input/data/work/a1/a70602ded45df91dd6f22d3db3c024]
Dec-02 15:17:18.972 [Task monitor] DEBUG n.processor.TaskPollingMonitor - Task completed > TaskHandler[id: 68; name: writeLargeFile (68); status: COMPLETED; exit: 0; error: -; workDir: /input/data/work/2d/1dc8b4d4c25a2da0319af3622d3764]
Dec-02 15:17:23.579 [Task monitor] DEBUG n.processor.TaskPollingMonitor - Task completed > TaskHandler[id: 69; name: writeLargeFile (69); status: COMPLETED; exit: 0; error: -; workDir: /input/data/work/13/65cfa4805509e333b3523a63ee69ee]
Dec-02 15:17:27.571 [Task monitor] DEBUG n.processor.TaskPollingMonitor - Task completed > TaskHandler[id: 67; name: writeLargeFile (67); status: COMPLETED; exit: 0; error: -; workDir: /input/data/work/39/baf87da70d904e822f79423061e451]
Dec-02 15:17:31.480 [Task monitor] DEBUG n.processor.TaskPollingMonitor - Task completed > TaskHandler[id: 83; name: writeLargeFile (83); status: COMPLETED; exit: 0; error: -; workDir: /input/data/work/11/67c27c7781e0b109b773b54d6da48e]
Dec-02 15:17:34.319 [Task monitor] DEBUG n.processor.TaskPollingMonitor - Task completed > TaskHandler[id: 90; name: writeLargeFile (90); status: COMPLETED; exit: 0; error: -; workDir: /input/data/work/0e/642d543063141929055bb43ea7e1b8]
Dec-02 15:17:35.782 [Task monitor] DEBUG n.processor.TaskPollingMonitor - Task completed > TaskHandler[id: 94; name: writeLargeFile (94); status: COMPLETED; exit: 0; error: -; workDir: /input/data/work/d1/f3c9efaa9d1e86a6ae67147531432a]
Dec-02 15:17:36.437 [Task monitor] DEBUG n.processor.TaskPollingMonitor - Task completed > TaskHandler[id: 82; name: writeLargeFile (82); status: COMPLETED; exit: 0; error: -; workDir: /input/data/work/8d/6ca9e5496ff4a0974b9086ab26ca60]
Dec-02 15:17:37.048 [Task monitor] DEBUG n.processor.TaskPollingMonitor - Task completed > TaskHandler[id: 76; name: writeLargeFile (76); status: COMPLETED; exit: 0; error: -; workDir: /input/data/work/39/5c0aa30b506ad31010c0a2efebd569]
Dec-02 15:17:37.701 [Task monitor] DEBUG n.processor.TaskPollingMonitor - Task completed > TaskHandler[id: 87; name: writeLargeFile (87); status: COMPLETED; exit: 0; error: -; workDir: /input/data/work/a0/516a370d0a0646dc02b484391d8225]
Dec-02 15:17:38.344 [Task monitor] DEBUG n.processor.TaskPollingMonitor - Task completed > TaskHandler[id: 92; name: writeLargeFile (92); status: COMPLETED; exit: 0; error: -; workDir: /input/data/work/e7/04037d82875ecdf6ffefa7b19ad908]
Dec-02 15:17:38.795 [Task monitor] DEBUG n.processor.TaskPollingMonitor - Task completed > TaskHandler[id: 79; name: writeLargeFile (79); status: COMPLETED; exit: 0; error: -; workDir: /input/data/work/a5/07e43a9d669c38f32b8613556ba910]
Dec-02 15:17:39.246 [Task monitor] DEBUG n.processor.TaskPollingMonitor - Task completed > TaskHandler[id: 86; name: writeLargeFile (86); status: COMPLETED; exit: 0; error: -; workDir: /input/data/work/38/0ec0240874a3e4cb8d771d1ffb47e8]
Dec-02 15:17:39.599 [Task monitor] DEBUG n.processor.TaskPollingMonitor - Task completed > TaskHandler[id: 88; name: writeLargeFile (88); status: COMPLETED; exit: 0; error: -; workDir: /input/data/work/20/ece6cd436601c288db94b1e2ea5a4e]
Dec-02 15:17:39.779 [Task monitor] DEBUG n.processor.TaskPollingMonitor - Task completed > TaskHandler[id: 93; name: writeLargeFile (93); status: COMPLETED; exit: 0; error: -; workDir: /input/data/work/86/43dcedcd9bbcd6102830a6fe6ec9f5]
Dec-02 15:17:39.909 [Task monitor] DEBUG n.processor.TaskPollingMonitor - Task completed > TaskHandler[id: 73; name: writeLargeFile (73); status: COMPLETED; exit: 0; error: -; workDir: /input/data/work/5e/139f140c99fbb36b9ea81030f95add]
Dec-02 15:17:40.038 [Task monitor] DEBUG n.processor.TaskPollingMonitor - Task completed > TaskHandler[id: 80; name: writeLargeFile (80); status: COMPLETED; exit: 0; error: -; workDir: /input/data/work/21/e4d2ffb091967dcadd36ec6be01e80]
Dec-02 15:17:40.273 [Task monitor] DEBUG n.processor.TaskPollingMonitor - Task completed > TaskHandler[id: 91; name: writeLargeFile (91); status: COMPLETED; exit: 0; error: -; workDir: /input/data/work/fe/ba16879d0f1bc2f188435680d9e89d]
Dec-02 15:17:40.516 [Task monitor] DEBUG n.processor.TaskPollingMonitor - Task completed > TaskHandler[id: 95; name: writeLargeFile (95); status: COMPLETED; exit: 0; error: -; workDir: /input/data/work/63/6091e70da95b1ed0357e619d547cc1]
Dec-02 15:17:40.748 [Task monitor] DEBUG n.processor.TaskPollingMonitor - Task completed > TaskHandler[id: 100; name: writeLargeFile (100); status: COMPLETED; exit: 0; error: -; workDir: /input/data/work/8d/bd46e3117822ac62293373fe9ef681]
Dec-02 15:17:41.017 [Task monitor] DEBUG n.processor.TaskPollingMonitor - Task completed > TaskHandler[id: 98; name: writeLargeFile (98); status: COMPLETED; exit: 0; error: -; workDir: /input/data/work/16/49ae8e9e61368afe550d46845043d9]
Dec-02 15:17:46.171 [Task monitor] DEBUG n.processor.TaskPollingMonitor - Task completed > TaskHandler[id: 71; name: writeLargeFile (71); status: COMPLETED; exit: 0; error: -; workDir: /input/data/work/1d/5477fc3030aa7f9c07dba037f837af]
Dec-02 15:17:46.212 [Task monitor] DEBUG n.processor.TaskPollingMonitor - Task completed > TaskHandler[id: 97; name: writeLargeFile (97); status: COMPLETED; exit: 0; error: -; workDir: /input/data/work/d0/d4f8e418d9eaa7875c58fbfd33e635]
Dec-02 15:17:46.251 [Task monitor] DEBUG n.processor.TaskPollingMonitor - Task completed > TaskHandler[id: 96; name: writeLargeFile (96); status: COMPLETED; exit: 0; error: -; workDir: /input/data/work/d8/e76dd19a7d813d09449d7a8f825cee]
Dec-02 15:17:46.353 [Task submitter] INFO  nextflow.Session - [5b/da34d4] Submitted process > combineFiles (1)
Dec-02 15:21:16.139 [Task monitor] DEBUG n.processor.TaskPollingMonitor - !! executor k8s > tasks to be completed: 1 -- submitted tasks are shown below
~> TaskHandler[id: 101; name: combineFiles (1); status: RUNNING; exit: -; error: -; workDir: /input/data/work/5b/da34d40b04e2113cab9ce11ea72b1d]
Dec-02 15:26:16.153 [Task monitor] DEBUG n.processor.TaskPollingMonitor - !! executor k8s > tasks to be completed: 1 -- submitted tasks are shown below
~> TaskHandler[id: 101; name: combineFiles (1); status: RUNNING; exit: -; error: -; workDir: /input/data/work/5b/da34d40b04e2113cab9ce11ea72b1d]
Dec-02 15:31:16.169 [Task monitor] DEBUG n.processor.TaskPollingMonitor - !! executor k8s > tasks to be completed: 1 -- submitted tasks are shown below
~> TaskHandler[id: 101; name: combineFiles (1); status: RUNNING; exit: -; error: -; workDir: /input/data/work/5b/da34d40b04e2113cab9ce11ea72b1d]
Dec-02 15:31:31.211 [Task monitor] DEBUG n.processor.TaskPollingMonitor - Task completed > TaskHandler[id: 101; name: combineFiles (1); status: COMPLETED; exit: 0; error: -; workDir: /input/data/work/5b/da34d40b04e2113cab9ce11ea72b1d]
Dec-02 15:31:31.213 [main] DEBUG nextflow.Session - Session await > all processes finished
Dec-02 15:31:31.216 [main] DEBUG nextflow.Session - Session await > all barriers passed
Dec-02 15:31:31.227 [main] DEBUG n.trace.WorkflowStatsObserver - Workflow completed > WorkflowStats[succeededCount=101; failedCount=0; ignoredCount=0; cachedCount=0; pendingCount=0; submittedCount=0; runningCount=0; retriesCount=0; abortedCount=0; succeedDuration=1h 29m 12s; failedDuration=0ms; cachedDuration=0ms;loadCpus=0; loadMemory=0; peakRunning=26; peakCpus=260; peakMemory=260 GB; ]
Dec-02 15:31:31.227 [main] DEBUG nextflow.trace.TraceFileObserver - Workflow completed -- saving trace file
Dec-02 15:31:31.235 [main] DEBUG nextflow.trace.ReportObserver - Workflow completed -- rendering execution report
Dec-02 15:31:31.877 [main] DEBUG nextflow.trace.TimelineObserver - Workflow completed -- rendering execution timeline
Dec-02 15:31:32.045 [main] DEBUG nextflow.cache.CacheDB - Closing CacheDB done
Dec-02 15:31:32.071 [main] DEBUG nextflow.util.ThreadPoolManager - Thread pool 'FileTransfer' shutdown completed (hard=false)
Dec-02 15:31:32.071 [main] DEBUG nextflow.script.ScriptRunner - > Execution complete -- Goodbye
