Dec-12 16:29:31.141 [main] DEBUG nextflow.cli.Launcher - $> nextflow run /input/groupMultiple -c /experiments/experiment/groupMultiple/nextflow.config -c /experiments/experiment/nextflow_cws.config -c /experiments/experiment/nextflow_ceph.config
Dec-12 16:29:31.199 [main] INFO  nextflow.cli.CmdRun - N E X T F L O W  ~  version 23.07.0-edge
Dec-12 16:29:31.218 [main] DEBUG nextflow.plugin.PluginsFacade - Setting up plugin manager > mode=prod; embedded=false; plugins-dir=/.nextflow/plugins; core-plugins: nf-amazon@2.1.0,nf-azure@1.1.4,nf-cloudcache@0.1.0,nf-codecommit@0.1.5,nf-console@1.0.6,nf-ga4gh@1.1.0,nf-google@1.8.1,nf-tower@1.5.15,nf-wave@0.11.0
Dec-12 16:29:31.228 [main] INFO  o.pf4j.DefaultPluginStatusProvider - Enabled plugins: []
Dec-12 16:29:31.229 [main] INFO  o.pf4j.DefaultPluginStatusProvider - Disabled plugins: []
Dec-12 16:29:31.234 [main] INFO  org.pf4j.DefaultPluginManager - PF4J version 3.4.1 in 'deployment' mode
Dec-12 16:29:31.244 [main] INFO  org.pf4j.AbstractPluginManager - No plugins
Dec-12 16:29:31.262 [main] DEBUG nextflow.scm.AssetManager - Project manifest does not exist: /input/groupMultiple/nextflow.config (No such file or directory)
Dec-12 16:29:31.282 [main] DEBUG nextflow.config.ConfigBuilder - User config file: /experiments/experiment/groupMultiple/nextflow.config
Dec-12 16:29:31.282 [main] DEBUG nextflow.config.ConfigBuilder - User config file: /experiments/experiment/nextflow_cws.config
Dec-12 16:29:31.282 [main] DEBUG nextflow.config.ConfigBuilder - User config file: /experiments/experiment/nextflow_ceph.config
Dec-12 16:29:31.283 [main] DEBUG nextflow.config.ConfigBuilder - Parsing config file: /experiments/experiment/groupMultiple/nextflow.config
Dec-12 16:29:31.283 [main] DEBUG nextflow.config.ConfigBuilder - Parsing config file: /experiments/experiment/nextflow_cws.config
Dec-12 16:29:31.283 [main] DEBUG nextflow.config.ConfigBuilder - Parsing config file: /experiments/experiment/nextflow_ceph.config
Dec-12 16:29:31.301 [main] DEBUG nextflow.config.ConfigBuilder - Applying config profile: `standard`
Dec-12 16:29:31.791 [main] DEBUG nextflow.config.ConfigBuilder - Applying config profile: `standard`
Dec-12 16:29:31.957 [main] DEBUG nextflow.config.ConfigBuilder - Applying config profile: `standard`
Dec-12 16:29:31.983 [main] DEBUG nextflow.cli.CmdRun - Applied DSL=2 by global default
Dec-12 16:29:31.997 [main] INFO  nextflow.cli.CmdRun - Launching `/input/groupMultiple/main.nf` [soggy_yonath] DSL2 - revision: b7ed08cdab
Dec-12 16:29:31.998 [main] DEBUG nextflow.plugin.PluginsFacade - Plugins default=[]
Dec-12 16:29:31.998 [main] DEBUG nextflow.plugin.PluginsFacade - Plugins resolved requirement=[]
Dec-12 16:29:32.005 [main] DEBUG n.secret.LocalSecretsProvider - Secrets store: /.nextflow/secrets/store.json
Dec-12 16:29:32.007 [main] DEBUG nextflow.secret.SecretsLoader - Discovered secrets providers: [nextflow.secret.LocalSecretsProvider@5b7c8930] - activable => nextflow.secret.LocalSecretsProvider@5b7c8930
Dec-12 16:29:32.057 [main] DEBUG nextflow.Session - Session UUID: 7dffee2d-1d1b-427f-9ade-8a48bb2b35f0
Dec-12 16:29:32.057 [main] DEBUG nextflow.Session - Run name: soggy_yonath
Dec-12 16:29:32.057 [main] DEBUG nextflow.Session - Executor pool size: 32
Dec-12 16:29:32.063 [main] DEBUG nextflow.file.FilePorter - File porter settings maxRetries=3; maxTransfers=50; pollTimeout=null
Dec-12 16:29:32.066 [main] DEBUG nextflow.util.ThreadPoolBuilder - Creating thread pool 'FileTransfer' minSize=10; maxSize=96; workQueue=LinkedBlockingQueue[10000]; allowCoreThreadTimeout=false
Dec-12 16:29:32.092 [main] DEBUG nextflow.cli.CmdRun - 
  Version: 23.07.0-edge build 5875
  Created: 28-07-2023 20:27 UTC (20:27 GMT)
  System: Linux 5.4.0-166-generic
  Runtime: Groovy 3.0.18 on OpenJDK 64-Bit Server VM 17.0.6+10-LTS
  Encoding: UTF-8 (UTF-8)
  Process: 2737127@nextflow [10.233.76.33]
  CPUs: 32 - Mem: 125.7 GB (121 GB) - Swap: 0 (0)
Dec-12 16:29:32.118 [main] DEBUG nextflow.Session - Work-dir: /input/data/work [ceph]
Dec-12 16:29:32.118 [main] DEBUG nextflow.Session - Script base path does not exist or is not a directory: /input/groupMultiple/bin
Dec-12 16:29:32.128 [main] DEBUG nextflow.executor.ExecutorFactory - Extension executors providers=[]
Dec-12 16:29:32.135 [main] DEBUG nextflow.Session - Observer factory: DefaultObserverFactory
Dec-12 16:29:32.163 [main] DEBUG nextflow.cache.CacheFactory - Using Nextflow cache factory: nextflow.cache.DefaultCacheFactory
Dec-12 16:29:32.170 [main] DEBUG nextflow.util.CustomThreadPool - Creating default thread pool > poolSize: 33; maxThreads: 1000
Dec-12 16:29:32.267 [main] DEBUG nextflow.Session - Session start
Dec-12 16:29:32.272 [main] DEBUG nextflow.trace.TraceFileObserver - Workflow started -- trace file: /input/data/output/trace.csv
Dec-12 16:29:32.458 [main] DEBUG nextflow.script.ScriptRunner - > Launching execution
Dec-12 16:29:32.676 [main] DEBUG nextflow.script.ProcessConfig - Config settings `withName:writeLargeFile` matches process writeLargeFile
Dec-12 16:29:32.686 [main] DEBUG nextflow.executor.ExecutorFactory - << taskConfig executor: k8s
Dec-12 16:29:32.686 [main] DEBUG nextflow.executor.ExecutorFactory - >> processorType: 'k8s'
Dec-12 16:29:32.694 [main] DEBUG nextflow.executor.Executor - [warm up] executor > k8s
Dec-12 16:29:32.711 [main] DEBUG n.processor.TaskPollingMonitor - Creating task monitor for executor 'k8s' > capacity: 300; pollInterval: 5s; dumpInterval: 5m; schedulerBatch: null
Dec-12 16:29:32.716 [main] DEBUG nextflow.k8s.client.ConfigDiscovery - K8s config file does not exist: /root/.kube/config
Dec-12 16:29:32.726 [main] DEBUG nextflow.k8s.K8sExecutor - [K8s] config=[scheduler:[strategy:rank_max-fair, name:workflow-scheduler, autoClose:false, nodeSelector:usedby=anonymized, container:anonymized/test1:sch_v194], debug:[yaml:true], namespace:anonymized, serviceAccount:nextflow, workDir:/input/data/work/, projectDir:/input/data/project/, imagePullPolicy:IfNotPresent, launchDir:/input/data/launch/, runAsUser:0, fetchNodeName:true, storageMountPath:/input, pod:[nodeSelector:usedby=anonymized], storage:[nodeSelector:usedby=anonymized, imageName:anonymized/test1:ftp_v122], storageClaimName:ceph-data]; API client config=ClientConfig[ server=10.233.0.1:443, namespace=anonymized, serviceAccount=nextflow, token=eyJhbGciOiJ.., sslCert=LS0tLS1CRUd.., clientCert=-, clientKey=-, verifySsl=false, fromFile=true, httpReadTimeout=null, httpConnectTimeout=null, maxErrorRetry=4 ]
Dec-12 16:29:36.412 [main] DEBUG nextflow.script.ProcessConfig - Config settings `withName:combineFiles` matches process combineFilesA
Dec-12 16:29:36.414 [main] DEBUG nextflow.executor.ExecutorFactory - << taskConfig executor: k8s
Dec-12 16:29:36.414 [main] DEBUG nextflow.executor.ExecutorFactory - >> processorType: 'k8s'
Dec-12 16:29:36.455 [main] DEBUG nextflow.script.ProcessConfig - Config settings `withName:combineFiles` matches process combineFilesB
Dec-12 16:29:36.456 [main] DEBUG nextflow.executor.ExecutorFactory - << taskConfig executor: k8s
Dec-12 16:29:36.457 [main] DEBUG nextflow.executor.ExecutorFactory - >> processorType: 'k8s'
Dec-12 16:29:36.468 [main] DEBUG nextflow.Session - Workflow process names [dsl2]: revertFile, combineFiles, combineFilesA, writeLargeFile, combineFilesB
Dec-12 16:29:36.471 [main] DEBUG nextflow.Session - Igniting dataflow network (4)
Dec-12 16:29:36.473 [main] DEBUG nextflow.processor.TaskProcessor - Starting process > writeLargeFile
Dec-12 16:29:36.474 [main] DEBUG nextflow.processor.TaskProcessor - Starting process > combineFilesA
Dec-12 16:29:36.475 [main] DEBUG nextflow.processor.TaskProcessor - Starting process > combineFilesB
Dec-12 16:29:36.475 [main] DEBUG nextflow.script.ScriptRunner - > Awaiting termination 
Dec-12 16:29:36.475 [main] DEBUG nextflow.Session - Session await
Dec-12 16:29:36.783 [Task submitter] INFO  nextflow.Session - [fc/6fc452] Submitted process > writeLargeFile (25)
Dec-12 16:29:36.830 [Task submitter] INFO  nextflow.Session - [2c/0a567f] Submitted process > writeLargeFile (20)
Dec-12 16:29:36.870 [Task submitter] INFO  nextflow.Session - [55/7f8b16] Submitted process > writeLargeFile (12)
Dec-12 16:29:36.908 [Task submitter] INFO  nextflow.Session - [14/c0cc8b] Submitted process > writeLargeFile (5)
Dec-12 16:29:36.943 [Task submitter] INFO  nextflow.Session - [89/2d5b51] Submitted process > writeLargeFile (23)
Dec-12 16:29:36.977 [Task submitter] INFO  nextflow.Session - [67/350a28] Submitted process > writeLargeFile (14)
Dec-12 16:29:37.013 [Task submitter] INFO  nextflow.Session - [3c/b3e6dc] Submitted process > writeLargeFile (26)
Dec-12 16:29:37.044 [Task submitter] INFO  nextflow.Session - [8e/78944d] Submitted process > writeLargeFile (28)
Dec-12 16:29:37.077 [Task submitter] INFO  nextflow.Session - [a9/1659d7] Submitted process > writeLargeFile (17)
Dec-12 16:29:37.110 [Task submitter] INFO  nextflow.Session - [33/934632] Submitted process > writeLargeFile (8)
Dec-12 16:29:37.149 [Task submitter] INFO  nextflow.Session - [dd/7b5fbb] Submitted process > writeLargeFile (11)
Dec-12 16:29:37.182 [Task submitter] INFO  nextflow.Session - [79/b3a697] Submitted process > writeLargeFile (4)
Dec-12 16:29:37.216 [Task submitter] INFO  nextflow.Session - [4b/4004fb] Submitted process > writeLargeFile (27)
Dec-12 16:29:37.248 [Task submitter] INFO  nextflow.Session - [a3/69a91f] Submitted process > writeLargeFile (24)
Dec-12 16:29:37.280 [Task submitter] INFO  nextflow.Session - [47/5cb9a2] Submitted process > writeLargeFile (18)
Dec-12 16:29:37.310 [Task submitter] INFO  nextflow.Session - [77/7a950a] Submitted process > writeLargeFile (15)
Dec-12 16:29:37.341 [Task submitter] INFO  nextflow.Session - [82/d97f7f] Submitted process > writeLargeFile (32)
Dec-12 16:29:37.370 [Task submitter] INFO  nextflow.Session - [f2/00ecbb] Submitted process > writeLargeFile (22)
Dec-12 16:29:37.406 [Task submitter] INFO  nextflow.Session - [9d/2bad00] Submitted process > writeLargeFile (2)
Dec-12 16:29:37.438 [Task submitter] INFO  nextflow.Session - [8d/1f2015] Submitted process > writeLargeFile (1)
Dec-12 16:29:37.468 [Task submitter] INFO  nextflow.Session - [0b/5ed3a4] Submitted process > writeLargeFile (19)
Dec-12 16:29:37.499 [Task submitter] INFO  nextflow.Session - [fa/49a920] Submitted process > writeLargeFile (3)
Dec-12 16:29:37.529 [Task submitter] INFO  nextflow.Session - [0d/fdf464] Submitted process > writeLargeFile (7)
Dec-12 16:29:37.560 [Task submitter] INFO  nextflow.Session - [72/fd970f] Submitted process > writeLargeFile (30)
Dec-12 16:29:37.590 [Task submitter] INFO  nextflow.Session - [59/8afaed] Submitted process > writeLargeFile (21)
Dec-12 16:29:37.620 [Task submitter] INFO  nextflow.Session - [f5/704c6f] Submitted process > writeLargeFile (6)
Dec-12 16:29:37.650 [Task submitter] INFO  nextflow.Session - [c0/d97219] Submitted process > writeLargeFile (16)
Dec-12 16:29:37.680 [Task submitter] INFO  nextflow.Session - [ba/9d0c43] Submitted process > writeLargeFile (9)
Dec-12 16:29:37.709 [Task submitter] INFO  nextflow.Session - [e5/9cad0f] Submitted process > writeLargeFile (10)
Dec-12 16:29:37.740 [Task submitter] INFO  nextflow.Session - [66/76d746] Submitted process > writeLargeFile (29)
Dec-12 16:29:37.772 [Task submitter] INFO  nextflow.Session - [6a/9f389c] Submitted process > writeLargeFile (31)
Dec-12 16:29:37.805 [Task submitter] INFO  nextflow.Session - [57/14eab7] Submitted process > writeLargeFile (13)
Dec-12 16:29:37.835 [Task submitter] INFO  nextflow.Session - [57/407b91] Submitted process > writeLargeFile (33)
Dec-12 16:29:37.863 [Task submitter] INFO  nextflow.Session - [23/a8bdbd] Submitted process > writeLargeFile (34)
Dec-12 16:29:37.892 [Task submitter] INFO  nextflow.Session - [c2/a9ce82] Submitted process > writeLargeFile (35)
Dec-12 16:29:37.923 [Task submitter] INFO  nextflow.Session - [1f/77489b] Submitted process > writeLargeFile (37)
Dec-12 16:29:37.953 [Task submitter] INFO  nextflow.Session - [49/ce6b2c] Submitted process > writeLargeFile (36)
Dec-12 16:29:37.983 [Task submitter] INFO  nextflow.Session - [c8/aa4d85] Submitted process > writeLargeFile (38)
Dec-12 16:29:38.015 [Task submitter] INFO  nextflow.Session - [e8/9e4ddf] Submitted process > writeLargeFile (39)
Dec-12 16:29:38.045 [Task submitter] INFO  nextflow.Session - [b8/656c01] Submitted process > writeLargeFile (41)
Dec-12 16:29:38.074 [Task submitter] INFO  nextflow.Session - [dc/3089b9] Submitted process > writeLargeFile (40)
Dec-12 16:29:38.104 [Task submitter] INFO  nextflow.Session - [3b/993be7] Submitted process > writeLargeFile (42)
Dec-12 16:29:38.139 [Task submitter] INFO  nextflow.Session - [c3/9d157d] Submitted process > writeLargeFile (43)
Dec-12 16:29:38.170 [Task submitter] INFO  nextflow.Session - [17/e17169] Submitted process > writeLargeFile (45)
Dec-12 16:29:38.199 [Task submitter] INFO  nextflow.Session - [80/2f5b30] Submitted process > writeLargeFile (44)
Dec-12 16:29:38.230 [Task submitter] INFO  nextflow.Session - [66/723c69] Submitted process > writeLargeFile (46)
Dec-12 16:29:38.259 [Task submitter] INFO  nextflow.Session - [92/6dfe8f] Submitted process > writeLargeFile (47)
Dec-12 16:29:38.292 [Task submitter] INFO  nextflow.Session - [b3/e86806] Submitted process > writeLargeFile (48)
Dec-12 16:29:38.321 [Task submitter] INFO  nextflow.Session - [a7/d8f79e] Submitted process > writeLargeFile (49)
Dec-12 16:29:38.353 [Task submitter] INFO  nextflow.Session - [6d/d3e7e5] Submitted process > writeLargeFile (51)
Dec-12 16:29:38.384 [Task submitter] INFO  nextflow.Session - [6e/641a40] Submitted process > writeLargeFile (50)
Dec-12 16:29:38.413 [Task submitter] INFO  nextflow.Session - [45/7bdafc] Submitted process > writeLargeFile (80)
Dec-12 16:29:38.441 [Task submitter] INFO  nextflow.Session - [ab/025248] Submitted process > writeLargeFile (52)
Dec-12 16:29:38.468 [Task submitter] INFO  nextflow.Session - [a0/26e47c] Submitted process > writeLargeFile (53)
Dec-12 16:29:38.500 [Task submitter] INFO  nextflow.Session - [24/afdf8f] Submitted process > writeLargeFile (55)
Dec-12 16:29:38.534 [Task submitter] INFO  nextflow.Session - [da/d66cf2] Submitted process > writeLargeFile (54)
Dec-12 16:29:38.562 [Task submitter] INFO  nextflow.Session - [a1/739896] Submitted process > writeLargeFile (56)
Dec-12 16:29:38.591 [Task submitter] INFO  nextflow.Session - [ab/5d88de] Submitted process > writeLargeFile (59)
Dec-12 16:29:38.619 [Task submitter] INFO  nextflow.Session - [ae/2043c5] Submitted process > writeLargeFile (57)
Dec-12 16:29:38.645 [Task submitter] INFO  nextflow.Session - [76/d5e57f] Submitted process > writeLargeFile (58)
Dec-12 16:29:38.675 [Task submitter] INFO  nextflow.Session - [0d/1a4845] Submitted process > writeLargeFile (61)
Dec-12 16:29:38.711 [Task submitter] INFO  nextflow.Session - [2f/e210aa] Submitted process > writeLargeFile (60)
Dec-12 16:29:38.744 [Task submitter] INFO  nextflow.Session - [25/1f28be] Submitted process > writeLargeFile (63)
Dec-12 16:29:38.773 [Task submitter] INFO  nextflow.Session - [83/f9ca86] Submitted process > writeLargeFile (62)
Dec-12 16:29:38.803 [Task submitter] INFO  nextflow.Session - [96/021b2b] Submitted process > writeLargeFile (64)
Dec-12 16:29:38.832 [Task submitter] INFO  nextflow.Session - [77/cf1647] Submitted process > writeLargeFile (65)
Dec-12 16:29:38.858 [Task submitter] INFO  nextflow.Session - [16/e3434c] Submitted process > writeLargeFile (66)
Dec-12 16:29:38.885 [Task submitter] INFO  nextflow.Session - [da/a5b942] Submitted process > writeLargeFile (67)
Dec-12 16:29:38.911 [Task submitter] INFO  nextflow.Session - [06/d65af5] Submitted process > writeLargeFile (68)
Dec-12 16:29:38.937 [Task submitter] INFO  nextflow.Session - [68/af3a7f] Submitted process > writeLargeFile (69)
Dec-12 16:29:38.966 [Task submitter] INFO  nextflow.Session - [8e/480d5f] Submitted process > writeLargeFile (70)
Dec-12 16:29:38.998 [Task submitter] INFO  nextflow.Session - [33/75cf98] Submitted process > writeLargeFile (71)
Dec-12 16:29:39.028 [Task submitter] INFO  nextflow.Session - [30/4f05f6] Submitted process > writeLargeFile (72)
Dec-12 16:29:39.056 [Task submitter] INFO  nextflow.Session - [d6/adcec9] Submitted process > writeLargeFile (73)
Dec-12 16:29:39.088 [Task submitter] INFO  nextflow.Session - [34/55bf2f] Submitted process > writeLargeFile (74)
Dec-12 16:29:39.115 [Task submitter] INFO  nextflow.Session - [24/daf5de] Submitted process > writeLargeFile (75)
Dec-12 16:29:39.145 [Task submitter] INFO  nextflow.Session - [f5/112e10] Submitted process > writeLargeFile (77)
Dec-12 16:29:39.174 [Task submitter] INFO  nextflow.Session - [fc/5f02e9] Submitted process > writeLargeFile (76)
Dec-12 16:29:39.206 [Task submitter] INFO  nextflow.Session - [b4/f62cca] Submitted process > writeLargeFile (78)
Dec-12 16:29:39.239 [Task submitter] INFO  nextflow.Session - [4a/d77574] Submitted process > writeLargeFile (79)
Dec-12 16:29:39.266 [Task submitter] INFO  nextflow.Session - [2e/6b8ab5] Submitted process > writeLargeFile (81)
Dec-12 16:29:39.296 [Task submitter] INFO  nextflow.Session - [26/5c5cab] Submitted process > writeLargeFile (82)
Dec-12 16:29:39.326 [Task submitter] INFO  nextflow.Session - [53/392017] Submitted process > writeLargeFile (84)
Dec-12 16:29:39.353 [Task submitter] INFO  nextflow.Session - [79/4ab8cb] Submitted process > writeLargeFile (85)
Dec-12 16:29:39.382 [Task submitter] INFO  nextflow.Session - [48/51dc12] Submitted process > writeLargeFile (83)
Dec-12 16:29:39.410 [Task submitter] INFO  nextflow.Session - [6e/fc1cd4] Submitted process > writeLargeFile (86)
Dec-12 16:29:39.441 [Task submitter] INFO  nextflow.Session - [77/719108] Submitted process > writeLargeFile (87)
Dec-12 16:29:39.470 [Task submitter] INFO  nextflow.Session - [33/e2aa8c] Submitted process > writeLargeFile (88)
Dec-12 16:29:39.499 [Task submitter] INFO  nextflow.Session - [cc/4c6996] Submitted process > writeLargeFile (89)
Dec-12 16:29:39.589 [Task submitter] INFO  nextflow.Session - [c1/1452ee] Submitted process > writeLargeFile (90)
Dec-12 16:29:39.744 [Task submitter] INFO  nextflow.Session - [5e/22f018] Submitted process > writeLargeFile (91)
Dec-12 16:29:39.833 [Task submitter] INFO  nextflow.Session - [ba/8e55b2] Submitted process > writeLargeFile (92)
Dec-12 16:29:39.981 [Task submitter] INFO  nextflow.Session - [00/f750e8] Submitted process > writeLargeFile (93)
Dec-12 16:29:40.165 [Task submitter] INFO  nextflow.Session - [03/36f074] Submitted process > writeLargeFile (94)
Dec-12 16:29:40.265 [Task submitter] INFO  nextflow.Session - [89/c22820] Submitted process > writeLargeFile (95)
Dec-12 16:29:40.319 [Task submitter] INFO  nextflow.Session - [61/64e6f6] Submitted process > writeLargeFile (96)
Dec-12 16:29:40.373 [Task submitter] INFO  nextflow.Session - [57/211d46] Submitted process > writeLargeFile (97)
Dec-12 16:29:40.435 [Task submitter] INFO  nextflow.Session - [b5/c4495c] Submitted process > writeLargeFile (98)
Dec-12 16:29:40.486 [Task submitter] INFO  nextflow.Session - [fd/a89995] Submitted process > writeLargeFile (99)
Dec-12 16:29:40.534 [Task submitter] INFO  nextflow.Session - [7b/403555] Submitted process > writeLargeFile (100)
Dec-12 16:30:16.189 [Task monitor] DEBUG n.processor.TaskPollingMonitor - Task completed > TaskHandler[id: 5; name: writeLargeFile (5); status: COMPLETED; exit: 0; error: -; workDir: /input/data/work/14/c0cc8bd172449e09a68d972375c24a]
Dec-12 16:30:16.303 [Task monitor] DEBUG n.processor.TaskPollingMonitor - Task completed > TaskHandler[id: 28; name: writeLargeFile (28); status: COMPLETED; exit: 0; error: -; workDir: /input/data/work/8e/78944dc4ae7dc833517c8a2c9c2718]
Dec-12 16:30:16.387 [Task monitor] DEBUG n.processor.TaskPollingMonitor - Task completed > TaskHandler[id: 4; name: writeLargeFile (4); status: COMPLETED; exit: 0; error: -; workDir: /input/data/work/79/b3a697cfbf896bf7438c29e70cf433]
Dec-12 16:30:50.354 [Task monitor] DEBUG n.processor.TaskPollingMonitor - Task completed > TaskHandler[id: 12; name: writeLargeFile (12); status: COMPLETED; exit: 0; error: -; workDir: /input/data/work/55/7f8b1656bdd1e0b13611d4ec2217d5]
Dec-12 16:30:50.409 [Task monitor] DEBUG n.processor.TaskPollingMonitor - Task completed > TaskHandler[id: 23; name: writeLargeFile (23); status: COMPLETED; exit: 0; error: -; workDir: /input/data/work/89/2d5b513f0590dd44337b8e75b1cb5b]
Dec-12 16:30:50.454 [Task monitor] DEBUG n.processor.TaskPollingMonitor - Task completed > TaskHandler[id: 14; name: writeLargeFile (14); status: COMPLETED; exit: 0; error: -; workDir: /input/data/work/67/350a28b46b168d12355f9e144aef0b]
Dec-12 16:30:50.518 [Task monitor] DEBUG n.processor.TaskPollingMonitor - Task completed > TaskHandler[id: 26; name: writeLargeFile (26); status: COMPLETED; exit: 0; error: -; workDir: /input/data/work/3c/b3e6dcbc8836adb54624799fae537f]
Dec-12 16:30:50.587 [Task monitor] DEBUG n.processor.TaskPollingMonitor - Task completed > TaskHandler[id: 17; name: writeLargeFile (17); status: COMPLETED; exit: 0; error: -; workDir: /input/data/work/a9/1659d7e317890942a921d0b1115f8c]
Dec-12 16:30:50.630 [Task monitor] DEBUG n.processor.TaskPollingMonitor - Task completed > TaskHandler[id: 8; name: writeLargeFile (8); status: COMPLETED; exit: 0; error: -; workDir: /input/data/work/33/93463248ff3783bae09fef627edf19]
Dec-12 16:30:50.698 [Task monitor] DEBUG n.processor.TaskPollingMonitor - Task completed > TaskHandler[id: 11; name: writeLargeFile (11); status: COMPLETED; exit: 0; error: -; workDir: /input/data/work/dd/7b5fbbf0b07428ebec0b22d3310316]
Dec-12 16:30:53.357 [Task monitor] DEBUG n.processor.TaskPollingMonitor - Task completed > TaskHandler[id: 25; name: writeLargeFile (25); status: COMPLETED; exit: 0; error: -; workDir: /input/data/work/fc/6fc452bdc051c54c247fcb8cd33614]
Dec-12 16:30:53.419 [Task monitor] DEBUG n.processor.TaskPollingMonitor - Task completed > TaskHandler[id: 20; name: writeLargeFile (20); status: COMPLETED; exit: 0; error: -; workDir: /input/data/work/2c/0a567f64e51b09a18561fee914aced]
Dec-12 16:30:58.359 [Task monitor] DEBUG n.processor.TaskPollingMonitor - Task completed > TaskHandler[id: 27; name: writeLargeFile (27); status: COMPLETED; exit: 0; error: -; workDir: /input/data/work/4b/4004fb1a579e96c51cf291451889b3]
Dec-12 16:30:58.396 [Task monitor] DEBUG n.processor.TaskPollingMonitor - Task completed > TaskHandler[id: 24; name: writeLargeFile (24); status: COMPLETED; exit: 0; error: -; workDir: /input/data/work/a3/69a91ff4a72c4cf765fba1f7ce744b]
Dec-12 16:30:58.431 [Task monitor] DEBUG n.processor.TaskPollingMonitor - Task completed > TaskHandler[id: 18; name: writeLargeFile (18); status: COMPLETED; exit: 0; error: -; workDir: /input/data/work/47/5cb9a24cfcc3670637d90b51e43fae]
Dec-12 16:31:18.811 [Task monitor] DEBUG n.processor.TaskPollingMonitor - Task completed > TaskHandler[id: 15; name: writeLargeFile (15); status: COMPLETED; exit: 0; error: -; workDir: /input/data/work/77/7a950a949be14926975efd59acbea2]
Dec-12 16:31:22.134 [Task monitor] DEBUG n.processor.TaskPollingMonitor - Task completed > TaskHandler[id: 32; name: writeLargeFile (32); status: COMPLETED; exit: 0; error: -; workDir: /input/data/work/82/d97f7f253f2d4785148ee68ebf71f9]
Dec-12 16:31:22.212 [Task monitor] DEBUG n.processor.TaskPollingMonitor - Task completed > TaskHandler[id: 22; name: writeLargeFile (22); status: COMPLETED; exit: 0; error: -; workDir: /input/data/work/f2/00ecbba099dab5b4eccefa535bac79]
Dec-12 16:31:22.307 [Task monitor] DEBUG n.processor.TaskPollingMonitor - Task completed > TaskHandler[id: 2; name: writeLargeFile (2); status: COMPLETED; exit: 0; error: -; workDir: /input/data/work/9d/2bad005f86adb632d9ac376da2209c]
Dec-12 16:31:22.365 [Task monitor] DEBUG n.processor.TaskPollingMonitor - Task completed > TaskHandler[id: 1; name: writeLargeFile (1); status: COMPLETED; exit: 0; error: -; workDir: /input/data/work/8d/1f20159b4bacf1a57dec4cb3357feb]
Dec-12 16:31:22.424 [Task monitor] DEBUG n.processor.TaskPollingMonitor - Task completed > TaskHandler[id: 19; name: writeLargeFile (19); status: COMPLETED; exit: 0; error: -; workDir: /input/data/work/0b/5ed3a4ec788a1abf2df67c05078b5b]
Dec-12 16:31:37.359 [Task monitor] DEBUG n.processor.TaskPollingMonitor - Task completed > TaskHandler[id: 3; name: writeLargeFile (3); status: COMPLETED; exit: 0; error: -; workDir: /input/data/work/fa/49a92032f562e03dc4d2f0746dfde1]
Dec-12 16:31:37.437 [Task monitor] DEBUG n.processor.TaskPollingMonitor - Task completed > TaskHandler[id: 7; name: writeLargeFile (7); status: COMPLETED; exit: 0; error: -; workDir: /input/data/work/0d/fdf4645d68a05261c1f124678f880b]
Dec-12 16:31:37.479 [Task monitor] DEBUG n.processor.TaskPollingMonitor - Task completed > TaskHandler[id: 30; name: writeLargeFile (30); status: COMPLETED; exit: 0; error: -; workDir: /input/data/work/72/fd970f8bf172e8d132cf89a974b01f]
Dec-12 16:31:40.585 [Task monitor] DEBUG n.processor.TaskPollingMonitor - Task completed > TaskHandler[id: 21; name: writeLargeFile (21); status: COMPLETED; exit: 0; error: -; workDir: /input/data/work/59/8afaed3c7486d7dc3aad27675fe344]
Dec-12 16:31:40.627 [Task monitor] DEBUG n.processor.TaskPollingMonitor - Task completed > TaskHandler[id: 6; name: writeLargeFile (6); status: COMPLETED; exit: 0; error: -; workDir: /input/data/work/f5/704c6fb7d37e570f33e82126ce22f8]
Dec-12 16:31:40.661 [Task monitor] DEBUG n.processor.TaskPollingMonitor - Task completed > TaskHandler[id: 16; name: writeLargeFile (16); status: COMPLETED; exit: 0; error: -; workDir: /input/data/work/c0/d972194544c9f34c37aaebdf3f5c7d]
Dec-12 16:31:40.739 [Task monitor] DEBUG n.processor.TaskPollingMonitor - Task completed > TaskHandler[id: 9; name: writeLargeFile (9); status: COMPLETED; exit: 0; error: -; workDir: /input/data/work/ba/9d0c4324a46e8374441b175cd99ace]
Dec-12 16:31:40.797 [Task monitor] DEBUG n.processor.TaskPollingMonitor - Task completed > TaskHandler[id: 10; name: writeLargeFile (10); status: COMPLETED; exit: 0; error: -; workDir: /input/data/work/e5/9cad0f654c84324eb789632d98c612]
Dec-12 16:31:40.880 [Task monitor] DEBUG n.processor.TaskPollingMonitor - Task completed > TaskHandler[id: 29; name: writeLargeFile (29); status: COMPLETED; exit: 0; error: -; workDir: /input/data/work/66/76d746f7bf65888466902ee030102a]
Dec-12 16:32:02.909 [Task monitor] DEBUG n.processor.TaskPollingMonitor - Task completed > TaskHandler[id: 31; name: writeLargeFile (31); status: COMPLETED; exit: 0; error: -; workDir: /input/data/work/6a/9f389cc2ab3bd7df9d7717430f7430]
Dec-12 16:32:09.334 [Task monitor] DEBUG n.processor.TaskPollingMonitor - Task completed > TaskHandler[id: 13; name: writeLargeFile (13); status: COMPLETED; exit: 0; error: -; workDir: /input/data/work/57/14eab7cab9bd9096ba538d38c533b1]
Dec-12 16:32:09.411 [Task monitor] DEBUG n.processor.TaskPollingMonitor - Task completed > TaskHandler[id: 33; name: writeLargeFile (33); status: COMPLETED; exit: 0; error: -; workDir: /input/data/work/57/407b9142c49f7f5412678df36d3f20]
Dec-12 16:32:23.987 [Task monitor] DEBUG n.processor.TaskPollingMonitor - Task completed > TaskHandler[id: 34; name: writeLargeFile (34); status: COMPLETED; exit: 0; error: -; workDir: /input/data/work/23/a8bdbd5d8de57f5904860f8df2dd3b]
Dec-12 16:32:24.029 [Task monitor] DEBUG n.processor.TaskPollingMonitor - Task completed > TaskHandler[id: 35; name: writeLargeFile (35); status: COMPLETED; exit: 0; error: -; workDir: /input/data/work/c2/a9ce8272b31abd850e72eb6c0b0446]
Dec-12 16:32:24.073 [Task monitor] DEBUG n.processor.TaskPollingMonitor - Task completed > TaskHandler[id: 37; name: writeLargeFile (37); status: COMPLETED; exit: 0; error: -; workDir: /input/data/work/1f/77489ba6ae1ae8b5dc7530a36e465d]
Dec-12 16:32:29.083 [Task monitor] DEBUG n.processor.TaskPollingMonitor - Task completed > TaskHandler[id: 36; name: writeLargeFile (36); status: COMPLETED; exit: 0; error: -; workDir: /input/data/work/49/ce6b2c1c13696eda20951520c8211f]
Dec-12 16:32:29.264 [Task monitor] DEBUG n.processor.TaskPollingMonitor - Task completed > TaskHandler[id: 38; name: writeLargeFile (38); status: COMPLETED; exit: 0; error: -; workDir: /input/data/work/c8/aa4d8591333a30635f2cc1529e57f0]
Dec-12 16:32:29.452 [Task monitor] DEBUG n.processor.TaskPollingMonitor - Task completed > TaskHandler[id: 39; name: writeLargeFile (39); status: COMPLETED; exit: 0; error: -; workDir: /input/data/work/e8/9e4ddf09edd8901f5176f58c53487e]
Dec-12 16:32:29.583 [Task monitor] DEBUG n.processor.TaskPollingMonitor - Task completed > TaskHandler[id: 41; name: writeLargeFile (41); status: COMPLETED; exit: 0; error: -; workDir: /input/data/work/b8/656c017bf29081b7afc2da4def184a]
Dec-12 16:32:37.791 [Task monitor] DEBUG n.processor.TaskPollingMonitor - Task completed > TaskHandler[id: 40; name: writeLargeFile (40); status: COMPLETED; exit: 0; error: -; workDir: /input/data/work/dc/3089b9c301c5a62579154001ca56e5]
Dec-12 16:32:37.872 [Task monitor] DEBUG n.processor.TaskPollingMonitor - Task completed > TaskHandler[id: 42; name: writeLargeFile (42); status: COMPLETED; exit: 0; error: -; workDir: /input/data/work/3b/993be7f6784a119e15db24052d1a91]
Dec-12 16:32:53.644 [Task monitor] DEBUG n.processor.TaskPollingMonitor - Task completed > TaskHandler[id: 43; name: writeLargeFile (43); status: COMPLETED; exit: 0; error: -; workDir: /input/data/work/c3/9d157d26c5d4d214fa54cfb2f56a4e]
Dec-12 16:32:56.436 [Task monitor] DEBUG n.processor.TaskPollingMonitor - Task completed > TaskHandler[id: 45; name: writeLargeFile (45); status: COMPLETED; exit: 0; error: -; workDir: /input/data/work/17/e171698dc76e691c152c478d7be16f]
Dec-12 16:32:56.506 [Task monitor] DEBUG n.processor.TaskPollingMonitor - Task completed > TaskHandler[id: 44; name: writeLargeFile (44); status: COMPLETED; exit: 0; error: -; workDir: /input/data/work/80/2f5b30f3ab2ea62ac6e00856edfd18]
Dec-12 16:33:08.955 [Task monitor] DEBUG n.processor.TaskPollingMonitor - Task completed > TaskHandler[id: 49; name: writeLargeFile (49); status: COMPLETED; exit: 0; error: -; workDir: /input/data/work/a7/d8f79eb3864f8d6ed207b67ccb776e]
Dec-12 16:33:08.998 [Task monitor] DEBUG n.processor.TaskPollingMonitor - Task completed > TaskHandler[id: 51; name: writeLargeFile (51); status: COMPLETED; exit: 0; error: -; workDir: /input/data/work/6d/d3e7e56b284707f4f1d72a6dc7beef]
Dec-12 16:33:09.045 [Task monitor] DEBUG n.processor.TaskPollingMonitor - Task completed > TaskHandler[id: 50; name: writeLargeFile (50); status: COMPLETED; exit: 0; error: -; workDir: /input/data/work/6e/641a40b36840af64a7f31f63893501]
Dec-12 16:33:09.133 [Task monitor] DEBUG n.processor.TaskPollingMonitor - Task completed > TaskHandler[id: 55; name: writeLargeFile (55); status: COMPLETED; exit: 0; error: -; workDir: /input/data/work/24/afdf8f109ae40505902c326a35696c]
Dec-12 16:33:09.172 [Task monitor] DEBUG n.processor.TaskPollingMonitor - Task completed > TaskHandler[id: 54; name: writeLargeFile (54); status: COMPLETED; exit: 0; error: -; workDir: /input/data/work/da/d66cf2a3845b7f2710e9588fc8531f]
Dec-12 16:33:09.207 [Task monitor] DEBUG n.processor.TaskPollingMonitor - Task completed > TaskHandler[id: 56; name: writeLargeFile (56); status: COMPLETED; exit: 0; error: -; workDir: /input/data/work/a1/739896fab35e046055368bd0d48a97]
Dec-12 16:33:47.718 [Task monitor] DEBUG n.processor.TaskPollingMonitor - Task completed > TaskHandler[id: 46; name: writeLargeFile (46); status: COMPLETED; exit: 0; error: -; workDir: /input/data/work/66/723c695176cc70dcf89c7e241c1951]
Dec-12 16:33:47.766 [Task monitor] DEBUG n.processor.TaskPollingMonitor - Task completed > TaskHandler[id: 47; name: writeLargeFile (47); status: COMPLETED; exit: 0; error: -; workDir: /input/data/work/92/6dfe8f7e1a9ad0abaed4beb02191c4]
Dec-12 16:33:47.810 [Task monitor] DEBUG n.processor.TaskPollingMonitor - Task completed > TaskHandler[id: 48; name: writeLargeFile (48); status: COMPLETED; exit: 0; error: -; workDir: /input/data/work/b3/e8680682f2e1540c9a01a8a17fa1f3]
Dec-12 16:33:47.851 [Task monitor] DEBUG n.processor.TaskPollingMonitor - Task completed > TaskHandler[id: 80; name: writeLargeFile (80); status: COMPLETED; exit: 0; error: -; workDir: /input/data/work/45/7bdafc8cd3e5b5a25f5f066d3acbee]
Dec-12 16:33:47.893 [Task monitor] DEBUG n.processor.TaskPollingMonitor - Task completed > TaskHandler[id: 52; name: writeLargeFile (52); status: COMPLETED; exit: 0; error: -; workDir: /input/data/work/ab/025248390dd9cca188c94ba9faae1f]
Dec-12 16:33:47.932 [Task monitor] DEBUG n.processor.TaskPollingMonitor - Task completed > TaskHandler[id: 53; name: writeLargeFile (53); status: COMPLETED; exit: 0; error: -; workDir: /input/data/work/a0/26e47ca02e80e59b091202b7070e4a]
Dec-12 16:33:54.112 [Task monitor] DEBUG n.processor.TaskPollingMonitor - Task completed > TaskHandler[id: 59; name: writeLargeFile (59); status: COMPLETED; exit: 0; error: -; workDir: /input/data/work/ab/5d88dea20d1763d64b009501af4786]
Dec-12 16:33:54.151 [Task monitor] DEBUG n.processor.TaskPollingMonitor - Task completed > TaskHandler[id: 57; name: writeLargeFile (57); status: COMPLETED; exit: 0; error: -; workDir: /input/data/work/ae/2043c5ae514366193eb0b50135a799]
Dec-12 16:33:54.192 [Task monitor] DEBUG n.processor.TaskPollingMonitor - Task completed > TaskHandler[id: 58; name: writeLargeFile (58); status: COMPLETED; exit: 0; error: -; workDir: /input/data/work/76/d5e57f031da794b977dc28b9117b01]
Dec-12 16:33:54.242 [Task monitor] DEBUG n.processor.TaskPollingMonitor - Task completed > TaskHandler[id: 61; name: writeLargeFile (61); status: COMPLETED; exit: 0; error: -; workDir: /input/data/work/0d/1a48454ec281499466a64cecca86b9]
Dec-12 16:33:54.282 [Task monitor] DEBUG n.processor.TaskPollingMonitor - Task completed > TaskHandler[id: 60; name: writeLargeFile (60); status: COMPLETED; exit: 0; error: -; workDir: /input/data/work/2f/e210aa563778bb5b65616852de44b0]
Dec-12 16:33:54.322 [Task monitor] DEBUG n.processor.TaskPollingMonitor - Task completed > TaskHandler[id: 63; name: writeLargeFile (63); status: COMPLETED; exit: 0; error: -; workDir: /input/data/work/25/1f28bed719e1884795e353fc4f7de7]
Dec-12 16:33:54.369 [Task monitor] DEBUG n.processor.TaskPollingMonitor - Task completed > TaskHandler[id: 62; name: writeLargeFile (62); status: COMPLETED; exit: 0; error: -; workDir: /input/data/work/83/f9ca86f1856395133a54551a142f15]
Dec-12 16:33:54.572 [Task monitor] DEBUG n.processor.TaskPollingMonitor - Task completed > TaskHandler[id: 64; name: writeLargeFile (64); status: COMPLETED; exit: 0; error: -; workDir: /input/data/work/96/021b2bc3d9f2400445948acdf50e62]
Dec-12 16:33:54.612 [Task monitor] DEBUG n.processor.TaskPollingMonitor - Task completed > TaskHandler[id: 65; name: writeLargeFile (65); status: COMPLETED; exit: 0; error: -; workDir: /input/data/work/77/cf1647b8f2caf6537b5e4017cdb918]
Dec-12 16:33:54.651 [Task monitor] DEBUG n.processor.TaskPollingMonitor - Task completed > TaskHandler[id: 66; name: writeLargeFile (66); status: COMPLETED; exit: 0; error: -; workDir: /input/data/work/16/e3434c7e8b6097ffa16706c2f5dc52]
Dec-12 16:33:54.693 [Task monitor] DEBUG n.processor.TaskPollingMonitor - Task completed > TaskHandler[id: 67; name: writeLargeFile (67); status: COMPLETED; exit: 0; error: -; workDir: /input/data/work/da/a5b942af7b8944b3de929f0477bfd9]
Dec-12 16:33:54.769 [Task monitor] DEBUG n.processor.TaskPollingMonitor - Task completed > TaskHandler[id: 68; name: writeLargeFile (68); status: COMPLETED; exit: 0; error: -; workDir: /input/data/work/06/d65af519d594418f27c90fd0d019fe]
Dec-12 16:34:39.081 [Task monitor] DEBUG n.processor.TaskPollingMonitor - !! executor k8s > tasks to be completed: 31 -- submitted tasks are shown below
~> TaskHandler[id: 69; name: writeLargeFile (69); status: RUNNING; exit: -; error: -; workDir: /input/data/work/68/af3a7f6d3b8fbf2290f24ecbdde57b]
~> TaskHandler[id: 70; name: writeLargeFile (70); status: RUNNING; exit: -; error: -; workDir: /input/data/work/8e/480d5f0e4493ee25249ef5a2342beb]
~> TaskHandler[id: 71; name: writeLargeFile (71); status: RUNNING; exit: -; error: -; workDir: /input/data/work/33/75cf9852cfb4c89e05a57ec3478921]
~> TaskHandler[id: 72; name: writeLargeFile (72); status: RUNNING; exit: -; error: -; workDir: /input/data/work/30/4f05f616ce782eb6fb1a78aa27882a]
~> TaskHandler[id: 73; name: writeLargeFile (73); status: RUNNING; exit: -; error: -; workDir: /input/data/work/d6/adcec9529614c910fa08f44bad0868]
~> TaskHandler[id: 74; name: writeLargeFile (74); status: RUNNING; exit: -; error: -; workDir: /input/data/work/34/55bf2f9b860381bcf73fb679ed8ea6]
~> TaskHandler[id: 75; name: writeLargeFile (75); status: RUNNING; exit: -; error: -; workDir: /input/data/work/24/daf5de2b7d475b1bdda57f08f698e9]
~> TaskHandler[id: 77; name: writeLargeFile (77); status: RUNNING; exit: -; error: -; workDir: /input/data/work/f5/112e109ff953b8f11a435ac43c6cca]
~> TaskHandler[id: 76; name: writeLargeFile (76); status: RUNNING; exit: -; error: -; workDir: /input/data/work/fc/5f02e9bd83d6604515cf062f673756]
~> TaskHandler[id: 78; name: writeLargeFile (78); status: RUNNING; exit: -; error: -; workDir: /input/data/work/b4/f62ccaf46a981c1b6a31330df4f070]
.. remaining tasks omitted.
Dec-12 16:34:39.206 [Task monitor] DEBUG n.processor.TaskPollingMonitor - Task completed > TaskHandler[id: 69; name: writeLargeFile (69); status: COMPLETED; exit: 0; error: -; workDir: /input/data/work/68/af3a7f6d3b8fbf2290f24ecbdde57b]
Dec-12 16:34:39.275 [Task monitor] DEBUG n.processor.TaskPollingMonitor - Task completed > TaskHandler[id: 70; name: writeLargeFile (70); status: COMPLETED; exit: 0; error: -; workDir: /input/data/work/8e/480d5f0e4493ee25249ef5a2342beb]
Dec-12 16:34:39.333 [Task monitor] DEBUG n.processor.TaskPollingMonitor - Task completed > TaskHandler[id: 71; name: writeLargeFile (71); status: COMPLETED; exit: 0; error: -; workDir: /input/data/work/33/75cf9852cfb4c89e05a57ec3478921]
Dec-12 16:35:01.349 [Task monitor] DEBUG n.processor.TaskPollingMonitor - Task completed > TaskHandler[id: 72; name: writeLargeFile (72); status: COMPLETED; exit: 0; error: -; workDir: /input/data/work/30/4f05f616ce782eb6fb1a78aa27882a]
Dec-12 16:35:01.406 [Task monitor] DEBUG n.processor.TaskPollingMonitor - Task completed > TaskHandler[id: 73; name: writeLargeFile (73); status: COMPLETED; exit: 0; error: -; workDir: /input/data/work/d6/adcec9529614c910fa08f44bad0868]
Dec-12 16:35:01.491 [Task monitor] DEBUG n.processor.TaskPollingMonitor - Task completed > TaskHandler[id: 74; name: writeLargeFile (74); status: COMPLETED; exit: 0; error: -; workDir: /input/data/work/34/55bf2f9b860381bcf73fb679ed8ea6]
Dec-12 16:35:04.970 [Task monitor] DEBUG n.processor.TaskPollingMonitor - Task completed > TaskHandler[id: 75; name: writeLargeFile (75); status: COMPLETED; exit: 0; error: -; workDir: /input/data/work/24/daf5de2b7d475b1bdda57f08f698e9]
Dec-12 16:35:05.041 [Task monitor] DEBUG n.processor.TaskPollingMonitor - Task completed > TaskHandler[id: 77; name: writeLargeFile (77); status: COMPLETED; exit: 0; error: -; workDir: /input/data/work/f5/112e109ff953b8f11a435ac43c6cca]
Dec-12 16:35:05.111 [Task monitor] DEBUG n.processor.TaskPollingMonitor - Task completed > TaskHandler[id: 76; name: writeLargeFile (76); status: COMPLETED; exit: 0; error: -; workDir: /input/data/work/fc/5f02e9bd83d6604515cf062f673756]
Dec-12 16:35:05.180 [Task monitor] DEBUG n.processor.TaskPollingMonitor - Task completed > TaskHandler[id: 78; name: writeLargeFile (78); status: COMPLETED; exit: 0; error: -; workDir: /input/data/work/b4/f62ccaf46a981c1b6a31330df4f070]
Dec-12 16:35:05.252 [Task monitor] DEBUG n.processor.TaskPollingMonitor - Task completed > TaskHandler[id: 79; name: writeLargeFile (79); status: COMPLETED; exit: 0; error: -; workDir: /input/data/work/4a/d775744bc4653afd16031f91f7800e]
Dec-12 16:35:05.324 [Task monitor] DEBUG n.processor.TaskPollingMonitor - Task completed > TaskHandler[id: 81; name: writeLargeFile (81); status: COMPLETED; exit: 0; error: -; workDir: /input/data/work/2e/6b8ab52ec167927e62ec70a2400adb]
Dec-12 16:35:21.342 [Task monitor] DEBUG n.processor.TaskPollingMonitor - Task completed > TaskHandler[id: 91; name: writeLargeFile (91); status: COMPLETED; exit: 0; error: -; workDir: /input/data/work/5e/22f018a38d07809e1c80c88b16d181]
Dec-12 16:35:21.404 [Task monitor] DEBUG n.processor.TaskPollingMonitor - Task completed > TaskHandler[id: 92; name: writeLargeFile (92); status: COMPLETED; exit: 0; error: -; workDir: /input/data/work/ba/8e55b21d78ae3ed8a34943c30ff5b4]
Dec-12 16:35:21.446 [Task monitor] DEBUG n.processor.TaskPollingMonitor - Task completed > TaskHandler[id: 93; name: writeLargeFile (93); status: COMPLETED; exit: 0; error: -; workDir: /input/data/work/00/f750e8f13a0dcd44fa806d92717c37]
Dec-12 16:35:26.191 [Task monitor] DEBUG n.processor.TaskPollingMonitor - Task completed > TaskHandler[id: 82; name: writeLargeFile (82); status: COMPLETED; exit: 0; error: -; workDir: /input/data/work/26/5c5cab8418d414b411265552fbd266]
Dec-12 16:35:26.233 [Task monitor] DEBUG n.processor.TaskPollingMonitor - Task completed > TaskHandler[id: 84; name: writeLargeFile (84); status: COMPLETED; exit: 0; error: -; workDir: /input/data/work/53/39201746e87212b402cb71a66d6480]
Dec-12 16:35:26.272 [Task monitor] DEBUG n.processor.TaskPollingMonitor - Task completed > TaskHandler[id: 85; name: writeLargeFile (85); status: COMPLETED; exit: 0; error: -; workDir: /input/data/work/79/4ab8cb4a03e3957fed36b21b6a8fac]
Dec-12 16:35:26.309 [Task monitor] DEBUG n.processor.TaskPollingMonitor - Task completed > TaskHandler[id: 83; name: writeLargeFile (83); status: COMPLETED; exit: 0; error: -; workDir: /input/data/work/48/51dc12cd79facfb0e7cfc73ceeb6fe]
Dec-12 16:35:26.365 [Task monitor] DEBUG n.processor.TaskPollingMonitor - Task completed > TaskHandler[id: 86; name: writeLargeFile (86); status: COMPLETED; exit: 0; error: -; workDir: /input/data/work/6e/fc1cd42c705a6ee122992e3b0851fe]
Dec-12 16:35:26.406 [Task monitor] DEBUG n.processor.TaskPollingMonitor - Task completed > TaskHandler[id: 87; name: writeLargeFile (87); status: COMPLETED; exit: 0; error: -; workDir: /input/data/work/77/719108bc63bed427a37405a24ebfb8]
Dec-12 16:35:26.448 [Task monitor] DEBUG n.processor.TaskPollingMonitor - Task completed > TaskHandler[id: 88; name: writeLargeFile (88); status: COMPLETED; exit: 0; error: -; workDir: /input/data/work/33/e2aa8c3b4058370ad73db622471c70]
Dec-12 16:35:26.490 [Task monitor] DEBUG n.processor.TaskPollingMonitor - Task completed > TaskHandler[id: 89; name: writeLargeFile (89); status: COMPLETED; exit: 0; error: -; workDir: /input/data/work/cc/4c69968fe6525e8a0510add9564b29]
Dec-12 16:35:26.530 [Task monitor] DEBUG n.processor.TaskPollingMonitor - Task completed > TaskHandler[id: 90; name: writeLargeFile (90); status: COMPLETED; exit: 0; error: -; workDir: /input/data/work/c1/1452ee88077086b038435440fe2383]
Dec-12 16:35:46.900 [Task monitor] DEBUG n.processor.TaskPollingMonitor - Task completed > TaskHandler[id: 100; name: writeLargeFile (100); status: COMPLETED; exit: 0; error: -; workDir: /input/data/work/7b/403555e2117a9adbd0bceea63ed1f4]
Dec-12 16:35:58.508 [Task monitor] DEBUG n.processor.TaskPollingMonitor - Task completed > TaskHandler[id: 97; name: writeLargeFile (97); status: COMPLETED; exit: 0; error: -; workDir: /input/data/work/57/211d46e9013c4f9b5b9be4b24ec335]
Dec-12 16:35:58.547 [Task monitor] DEBUG n.processor.TaskPollingMonitor - Task completed > TaskHandler[id: 98; name: writeLargeFile (98); status: COMPLETED; exit: 0; error: -; workDir: /input/data/work/b5/c4495c86ec6a79988c76b09e04ac8e]
Dec-12 16:35:58.584 [Task monitor] DEBUG n.processor.TaskPollingMonitor - Task completed > TaskHandler[id: 99; name: writeLargeFile (99); status: COMPLETED; exit: 0; error: -; workDir: /input/data/work/fd/a89995f5eafffa52a4f282869a19d9]
Dec-12 16:36:03.470 [Task monitor] DEBUG n.processor.TaskPollingMonitor - Task completed > TaskHandler[id: 94; name: writeLargeFile (94); status: COMPLETED; exit: 0; error: -; workDir: /input/data/work/03/36f074754fa51c5837bf5971934280]
Dec-12 16:36:03.515 [Task monitor] DEBUG n.processor.TaskPollingMonitor - Task completed > TaskHandler[id: 95; name: writeLargeFile (95); status: COMPLETED; exit: 0; error: -; workDir: /input/data/work/89/c22820f7206cc14d1e45e49ecf3a01]
Dec-12 16:36:03.553 [Task monitor] DEBUG n.processor.TaskPollingMonitor - Task completed > TaskHandler[id: 96; name: writeLargeFile (96); status: COMPLETED; exit: 0; error: -; workDir: /input/data/work/61/64e6f6f3fb078b17a43e3c1ea5d1a5]
Dec-12 16:36:03.613 [Task submitter] INFO  nextflow.Session - [e6/3f779a] Submitted process > combineFilesB (25)
Dec-12 16:36:03.643 [Task submitter] INFO  nextflow.Session - [53/8c604a] Submitted process > combineFilesA (11)
Dec-12 16:36:03.667 [Task submitter] INFO  nextflow.Session - [b4/b50d39] Submitted process > combineFilesA (30)
Dec-12 16:36:03.693 [Task submitter] INFO  nextflow.Session - [ae/693cc5] Submitted process > combineFilesA (7)
Dec-12 16:36:03.718 [Task submitter] INFO  nextflow.Session - [96/04ff2c] Submitted process > combineFilesB (2)
Dec-12 16:36:03.746 [Task submitter] INFO  nextflow.Session - [17/606041] Submitted process > combineFilesA (3)
Dec-12 16:36:03.775 [Task submitter] INFO  nextflow.Session - [c2/26e294] Submitted process > combineFilesB (23)
Dec-12 16:36:03.801 [Task submitter] INFO  nextflow.Session - [2c/679afb] Submitted process > combineFilesA (10)
Dec-12 16:36:03.827 [Task submitter] INFO  nextflow.Session - [e5/898dbb] Submitted process > combineFilesB (15)
Dec-12 16:36:03.852 [Task submitter] INFO  nextflow.Session - [55/a5f760] Submitted process > combineFilesA (13)
Dec-12 16:36:03.877 [Task submitter] INFO  nextflow.Session - [59/b59629] Submitted process > combineFilesA (31)
Dec-12 16:36:03.905 [Task submitter] INFO  nextflow.Session - [99/9a4713] Submitted process > combineFilesA (29)
Dec-12 16:36:03.928 [Task submitter] INFO  nextflow.Session - [14/b37a8f] Submitted process > combineFilesB (3)
Dec-12 16:36:03.956 [Task submitter] INFO  nextflow.Session - [92/5f1bbc] Submitted process > combineFilesA (16)
Dec-12 16:36:03.980 [Task submitter] INFO  nextflow.Session - [66/e9c640] Submitted process > combineFilesB (8)
Dec-12 16:36:04.006 [Task submitter] INFO  nextflow.Session - [26/21b722] Submitted process > combineFilesB (16)
Dec-12 16:36:04.031 [Task submitter] INFO  nextflow.Session - [ae/e37935] Submitted process > combineFilesA (18)
Dec-12 16:36:04.054 [Task submitter] INFO  nextflow.Session - [7d/7c1b57] Submitted process > combineFilesA (9)
Dec-12 16:36:04.083 [Task submitter] INFO  nextflow.Session - [48/dd9dcc] Submitted process > combineFilesA (4)
Dec-12 16:36:04.104 [Task submitter] INFO  nextflow.Session - [e2/1a2d50] Submitted process > combineFilesB (7)
Dec-12 16:36:04.135 [Task submitter] INFO  nextflow.Session - [4b/b3c740] Submitted process > combineFilesB (26)
Dec-12 16:36:04.161 [Task submitter] INFO  nextflow.Session - [10/34e12d] Submitted process > combineFilesA (32)
Dec-12 16:36:04.186 [Task submitter] INFO  nextflow.Session - [93/ee6100] Submitted process > combineFilesB (12)
Dec-12 16:36:04.213 [Task submitter] INFO  nextflow.Session - [10/9e84a0] Submitted process > combineFilesA (25)
Dec-12 16:36:04.239 [Task submitter] INFO  nextflow.Session - [a9/3c1fc5] Submitted process > combineFilesA (34)
Dec-12 16:36:04.264 [Task submitter] INFO  nextflow.Session - [31/cca6f4] Submitted process > combineFilesA (19)
Dec-12 16:36:04.290 [Task submitter] INFO  nextflow.Session - [1d/97a0d1] Submitted process > combineFilesA (8)
Dec-12 16:36:04.321 [Task submitter] INFO  nextflow.Session - [9d/b2797a] Submitted process > combineFilesA (33)
Dec-12 16:36:04.347 [Task submitter] INFO  nextflow.Session - [f4/d65cab] Submitted process > combineFilesB (19)
Dec-12 16:36:04.375 [Task submitter] INFO  nextflow.Session - [05/e33c35] Submitted process > combineFilesA (2)
Dec-12 16:36:04.400 [Task submitter] INFO  nextflow.Session - [51/336192] Submitted process > combineFilesB (6)
Dec-12 16:36:04.427 [Task submitter] INFO  nextflow.Session - [d0/7980a0] Submitted process > combineFilesB (1)
Dec-12 16:36:04.453 [Task submitter] INFO  nextflow.Session - [90/c6f050] Submitted process > combineFilesB (9)
Dec-12 16:36:04.476 [Task submitter] INFO  nextflow.Session - [99/25fd11] Submitted process > combineFilesB (11)
Dec-12 16:36:04.497 [Task submitter] INFO  nextflow.Session - [e0/69eeed] Submitted process > combineFilesB (13)
Dec-12 16:36:04.528 [Task submitter] INFO  nextflow.Session - [93/978de0] Submitted process > combineFilesB (4)
Dec-12 16:36:04.554 [Task submitter] INFO  nextflow.Session - [15/b4f300] Submitted process > combineFilesA (6)
Dec-12 16:36:04.579 [Task submitter] INFO  nextflow.Session - [38/4890cd] Submitted process > combineFilesA (20)
Dec-12 16:36:04.605 [Task submitter] INFO  nextflow.Session - [35/cd1675] Submitted process > combineFilesA (17)
Dec-12 16:36:04.639 [Task submitter] INFO  nextflow.Session - [5c/133e09] Submitted process > combineFilesB (18)
Dec-12 16:36:04.667 [Task submitter] INFO  nextflow.Session - [42/15b00e] Submitted process > combineFilesB (14)
Dec-12 16:36:04.696 [Task submitter] INFO  nextflow.Session - [ef/9a5609] Submitted process > combineFilesA (21)
Dec-12 16:36:04.726 [Task submitter] INFO  nextflow.Session - [cb/7198f0] Submitted process > combineFilesB (17)
Dec-12 16:36:04.774 [Task submitter] INFO  nextflow.Session - [f3/27cf1b] Submitted process > combineFilesA (23)
Dec-12 16:36:04.809 [Task submitter] INFO  nextflow.Session - [eb/f10400] Submitted process > combineFilesA (22)
Dec-12 16:36:04.866 [Task submitter] INFO  nextflow.Session - [c7/235bff] Submitted process > combineFilesB (10)
Dec-12 16:36:04.921 [Task submitter] INFO  nextflow.Session - [cf/d76102] Submitted process > combineFilesB (20)
Dec-12 16:36:04.976 [Task submitter] INFO  nextflow.Session - [ad/94cd37] Submitted process > combineFilesB (22)
Dec-12 16:36:05.032 [Task submitter] INFO  nextflow.Session - [f0/f3a9dc] Submitted process > combineFilesA (27)
Dec-12 16:36:05.088 [Task submitter] INFO  nextflow.Session - [de/fa8917] Submitted process > combineFilesA (15)
Dec-12 16:36:05.150 [Task submitter] INFO  nextflow.Session - [6c/034ca9] Submitted process > combineFilesA (26)
Dec-12 16:36:05.208 [Task submitter] INFO  nextflow.Session - [e9/8655b0] Submitted process > combineFilesA (24)
Dec-12 16:36:05.271 [Task submitter] INFO  nextflow.Session - [d9/8f9421] Submitted process > combineFilesB (24)
Dec-12 16:36:05.358 [Task submitter] INFO  nextflow.Session - [65/f2edef] Submitted process > combineFilesA (1)
Dec-12 16:36:05.420 [Task submitter] INFO  nextflow.Session - [75/1e01bb] Submitted process > combineFilesA (14)
Dec-12 16:36:05.479 [Task submitter] INFO  nextflow.Session - [41/b95ef2] Submitted process > combineFilesB (5)
Dec-12 16:36:05.533 [Task submitter] INFO  nextflow.Session - [46/fa8bde] Submitted process > combineFilesB (21)
Dec-12 16:36:05.584 [Task submitter] INFO  nextflow.Session - [b0/a2fb89] Submitted process > combineFilesA (5)
Dec-12 16:36:05.631 [Task submitter] INFO  nextflow.Session - [36/53174e] Submitted process > combineFilesA (12)
Dec-12 16:36:05.690 [Task submitter] INFO  nextflow.Session - [3f/b6f668] Submitted process > combineFilesA (28)
Dec-12 16:36:52.930 [Task monitor] DEBUG n.processor.TaskPollingMonitor - Task completed > TaskHandler[id: 154; name: combineFilesB (25); status: COMPLETED; exit: 0; error: -; workDir: /input/data/work/e6/3f779abb098b4eb3dc98654c9026bf]
Dec-12 16:37:37.113 [Task monitor] DEBUG n.processor.TaskPollingMonitor - Task completed > TaskHandler[id: 114; name: combineFilesA (7); status: COMPLETED; exit: 0; error: -; workDir: /input/data/work/ae/693cc50e602ebb2eb9acde041f3b21]
Dec-12 16:38:31.655 [Task monitor] DEBUG n.processor.TaskPollingMonitor - Task completed > TaskHandler[id: 120; name: combineFilesA (11); status: COMPLETED; exit: 0; error: -; workDir: /input/data/work/53/8c604a714730d5dac643c96afef121]
Dec-12 16:38:49.426 [Task monitor] DEBUG n.processor.TaskPollingMonitor - Task completed > TaskHandler[id: 119; name: combineFilesA (10); status: COMPLETED; exit: 0; error: -; workDir: /input/data/work/2c/679afbcb0a427a7068c3a3f6bfae00]
Dec-12 16:38:49.604 [Task monitor] DEBUG n.processor.TaskPollingMonitor - Task completed > TaskHandler[id: 153; name: combineFilesA (29); status: COMPLETED; exit: 0; error: -; workDir: /input/data/work/99/9a47133fb21fe483dd4c9a740d2135]
Dec-12 16:39:23.428 [Task monitor] DEBUG n.processor.TaskPollingMonitor - Task completed > TaskHandler[id: 125; name: combineFilesA (13); status: COMPLETED; exit: 0; error: -; workDir: /input/data/work/55/a5f760f8e7107f1c26f038e44d60d6]
Dec-12 16:39:41.009 [Task monitor] DEBUG n.processor.TaskPollingMonitor - !! executor k8s > tasks to be completed: 54 -- submitted tasks are shown below
~> TaskHandler[id: 155; name: combineFilesA (30); status: RUNNING; exit: -; error: -; workDir: /input/data/work/b4/b50d3946ea6a05cf8ef09986cd72a5]
~> TaskHandler[id: 103; name: combineFilesB (2); status: RUNNING; exit: -; error: -; workDir: /input/data/work/96/04ff2c69ef268ecfd28a72bf659697]
~> TaskHandler[id: 106; name: combineFilesA (3); status: RUNNING; exit: -; error: -; workDir: /input/data/work/17/60604162e0c8e3aa7e397028c379ac]
~> TaskHandler[id: 149; name: combineFilesB (23); status: RUNNING; exit: -; error: -; workDir: /input/data/work/c2/26e294a8217168fe452d48dd419f59]
~> TaskHandler[id: 134; name: combineFilesB (15); status: RUNNING; exit: -; error: -; workDir: /input/data/work/e5/898dbb161e4f4d3c18a79050da0f23]
~> TaskHandler[id: 156; name: combineFilesA (31); status: RUNNING; exit: -; error: -; workDir: /input/data/work/59/b5962993aa6fc28502ec86d6f72294]
~> TaskHandler[id: 105; name: combineFilesB (3); status: SUBMITTED; exit: -; error: -; workDir: /input/data/work/14/b37a8f557eeecd92cb9a454d1ed63c]
~> TaskHandler[id: 130; name: combineFilesA (16); status: SUBMITTED; exit: -; error: -; workDir: /input/data/work/92/5f1bbc3b3e19207cbd0f0ef91db0f3]
~> TaskHandler[id: 115; name: combineFilesB (8); status: SUBMITTED; exit: -; error: -; workDir: /input/data/work/66/e9c640ec5cf197306a2ca6b35a0c85]
~> TaskHandler[id: 135; name: combineFilesB (16); status: SUBMITTED; exit: -; error: -; workDir: /input/data/work/26/21b722b719e8a2a3a0e25b6001f45c]
.. remaining tasks omitted.
Dec-12 16:39:41.255 [Task monitor] DEBUG n.processor.TaskPollingMonitor - Task completed > TaskHandler[id: 155; name: combineFilesA (30); status: COMPLETED; exit: 0; error: -; workDir: /input/data/work/b4/b50d3946ea6a05cf8ef09986cd72a5]
Dec-12 16:39:41.766 [Task monitor] DEBUG n.processor.TaskPollingMonitor - Task completed > TaskHandler[id: 149; name: combineFilesB (23); status: COMPLETED; exit: 0; error: -; workDir: /input/data/work/c2/26e294a8217168fe452d48dd419f59]
Dec-12 16:39:42.034 [Task monitor] DEBUG n.processor.TaskPollingMonitor - Task completed > TaskHandler[id: 156; name: combineFilesA (31); status: COMPLETED; exit: 0; error: -; workDir: /input/data/work/59/b5962993aa6fc28502ec86d6f72294]
Dec-12 16:39:44.094 [Task monitor] DEBUG n.processor.TaskPollingMonitor - Task completed > TaskHandler[id: 109; name: combineFilesB (5); status: COMPLETED; exit: 0; error: -; workDir: /input/data/work/41/b95ef2466383bc69d7743862b6f451]
Dec-12 16:40:06.760 [Task monitor] DEBUG n.processor.TaskPollingMonitor - Task completed > TaskHandler[id: 106; name: combineFilesA (3); status: COMPLETED; exit: 0; error: -; workDir: /input/data/work/17/60604162e0c8e3aa7e397028c379ac]
Dec-12 16:40:51.991 [Task monitor] DEBUG n.processor.TaskPollingMonitor - Task completed > TaskHandler[id: 103; name: combineFilesB (2); status: COMPLETED; exit: 0; error: -; workDir: /input/data/work/96/04ff2c69ef268ecfd28a72bf659697]
Dec-12 16:40:52.908 [Task monitor] DEBUG n.processor.TaskPollingMonitor - Task completed > TaskHandler[id: 134; name: combineFilesB (15); status: COMPLETED; exit: 0; error: -; workDir: /input/data/work/e5/898dbb161e4f4d3c18a79050da0f23]
Dec-12 16:42:34.756 [Task monitor] DEBUG n.processor.TaskPollingMonitor - Task completed > TaskHandler[id: 107; name: combineFilesB (4); status: COMPLETED; exit: 0; error: -; workDir: /input/data/work/93/978de0d8876819c373ef118f0a53ce]
Dec-12 16:42:35.556 [Task monitor] DEBUG n.processor.TaskPollingMonitor - Task completed > TaskHandler[id: 152; name: combineFilesB (24); status: COMPLETED; exit: 0; error: -; workDir: /input/data/work/d9/8f9421274e04ad94d2aa7d91084412]
Dec-12 16:42:53.443 [Task monitor] DEBUG n.processor.TaskPollingMonitor - Task completed > TaskHandler[id: 121; name: combineFilesB (10); status: COMPLETED; exit: 0; error: -; workDir: /input/data/work/c7/235bff08922c5228339d6dde2d174a]
Dec-12 16:42:56.307 [Task monitor] DEBUG n.processor.TaskPollingMonitor - Task completed > TaskHandler[id: 115; name: combineFilesB (8); status: COMPLETED; exit: 0; error: -; workDir: /input/data/work/66/e9c640ec5cf197306a2ca6b35a0c85]
Dec-12 16:43:52.264 [Task monitor] DEBUG n.processor.TaskPollingMonitor - Task completed > TaskHandler[id: 124; name: combineFilesB (12); status: COMPLETED; exit: 0; error: -; workDir: /input/data/work/93/ee61009eb989d360fb9e2cca8a9076]
Dec-12 16:44:00.307 [Task monitor] DEBUG n.processor.TaskPollingMonitor - Task completed > TaskHandler[id: 129; name: combineFilesB (14); status: COMPLETED; exit: 0; error: -; workDir: /input/data/work/42/15b00ecbd8c8a2ae4da5b2867c0dec]
Dec-12 16:44:13.492 [Task monitor] DEBUG n.processor.TaskPollingMonitor - Task completed > TaskHandler[id: 157; name: combineFilesB (26); status: COMPLETED; exit: 0; error: -; workDir: /input/data/work/4b/b3c740d92f5cddc186c3c6b64bda18]
Dec-12 16:44:40.091 [Task monitor] DEBUG n.processor.TaskPollingMonitor - Task completed > TaskHandler[id: 105; name: combineFilesB (3); status: COMPLETED; exit: 0; error: -; workDir: /input/data/work/14/b37a8f557eeecd92cb9a454d1ed63c]
Dec-12 16:44:47.224 [Task monitor] DEBUG n.processor.TaskPollingMonitor - Task completed > TaskHandler[id: 140; name: combineFilesB (19); status: COMPLETED; exit: 0; error: -; workDir: /input/data/work/f4/d65cab4b7cbb5e34629340160abc2f]
Dec-12 16:44:50.022 [Task monitor] DEBUG n.processor.TaskPollingMonitor - Task completed > TaskHandler[id: 146; name: combineFilesB (22); status: COMPLETED; exit: 0; error: -; workDir: /input/data/work/ad/94cd37f6881f0766fddf033b2db7e9]
Dec-12 16:44:50.948 [Task monitor] DEBUG n.processor.TaskPollingMonitor - !! executor k8s > tasks to be completed: 37 -- submitted tasks are shown below
~> TaskHandler[id: 130; name: combineFilesA (16); status: SUBMITTED; exit: -; error: -; workDir: /input/data/work/92/5f1bbc3b3e19207cbd0f0ef91db0f3]
~> TaskHandler[id: 135; name: combineFilesB (16); status: RUNNING; exit: -; error: -; workDir: /input/data/work/26/21b722b719e8a2a3a0e25b6001f45c]
~> TaskHandler[id: 132; name: combineFilesA (18); status: SUBMITTED; exit: -; error: -; workDir: /input/data/work/ae/e3793546bceec9a77af4898bf75cda]
~> TaskHandler[id: 117; name: combineFilesA (9); status: SUBMITTED; exit: -; error: -; workDir: /input/data/work/7d/7c1b57957dccdedaabd0b0c8e9e0e5]
~> TaskHandler[id: 108; name: combineFilesA (4); status: SUBMITTED; exit: -; error: -; workDir: /input/data/work/48/dd9dcc8bbd1c91d809ce18124f830b]
~> TaskHandler[id: 113; name: combineFilesB (7); status: RUNNING; exit: -; error: -; workDir: /input/data/work/e2/1a2d5079cb7b4fe892b744018d97f7]
~> TaskHandler[id: 158; name: combineFilesA (32); status: SUBMITTED; exit: -; error: -; workDir: /input/data/work/10/34e12d4ee5fc75c690dabfc7054152]
~> TaskHandler[id: 147; name: combineFilesA (25); status: SUBMITTED; exit: -; error: -; workDir: /input/data/work/10/9e84a05ea354ba07f8cd72de633f9a]
~> TaskHandler[id: 160; name: combineFilesA (34); status: SUBMITTED; exit: -; error: -; workDir: /input/data/work/a9/3c1fc5209d350d9f169310aa0e5228]
~> TaskHandler[id: 133; name: combineFilesA (19); status: SUBMITTED; exit: -; error: -; workDir: /input/data/work/31/cca6f44790b738a72d63e6d8b3a629]
.. remaining tasks omitted.
Dec-12 16:45:09.765 [Task monitor] DEBUG n.processor.TaskPollingMonitor - Task completed > TaskHandler[id: 138; name: combineFilesB (18); status: COMPLETED; exit: 0; error: -; workDir: /input/data/work/5c/133e09b2489546c4891f42ed2ad60e]
Dec-12 16:45:14.350 [Task monitor] DEBUG n.processor.TaskPollingMonitor - Task completed > TaskHandler[id: 111; name: combineFilesB (6); status: COMPLETED; exit: 0; error: -; workDir: /input/data/work/51/3361924318780ca474cd1870b63971]
Dec-12 16:45:49.325 [Task monitor] DEBUG n.processor.TaskPollingMonitor - Task completed > TaskHandler[id: 113; name: combineFilesB (7); status: COMPLETED; exit: 0; error: -; workDir: /input/data/work/e2/1a2d5079cb7b4fe892b744018d97f7]
Dec-12 16:46:07.800 [Task monitor] DEBUG n.processor.TaskPollingMonitor - Task completed > TaskHandler[id: 142; name: combineFilesB (20); status: COMPLETED; exit: 0; error: -; workDir: /input/data/work/cf/d76102bb2f6c33bf5884dc3e927234]
Dec-12 16:46:42.771 [Task monitor] DEBUG n.processor.TaskPollingMonitor - Task completed > TaskHandler[id: 101; name: combineFilesB (1); status: COMPLETED; exit: 0; error: -; workDir: /input/data/work/d0/7980a037b37340dfac9e1978e26e74]
Dec-12 16:48:10.942 [Task monitor] DEBUG n.processor.TaskPollingMonitor - Task completed > TaskHandler[id: 135; name: combineFilesB (16); status: COMPLETED; exit: 0; error: -; workDir: /input/data/work/26/21b722b719e8a2a3a0e25b6001f45c]
Dec-12 16:48:13.410 [Task monitor] DEBUG n.processor.TaskPollingMonitor - Task completed > TaskHandler[id: 123; name: combineFilesB (11); status: COMPLETED; exit: 0; error: -; workDir: /input/data/work/99/25fd11eed05177f19c2b9bce7748fe]
Dec-12 16:48:15.478 [Task monitor] DEBUG n.processor.TaskPollingMonitor - Task completed > TaskHandler[id: 139; name: combineFilesA (21); status: COMPLETED; exit: 0; error: -; workDir: /input/data/work/ef/9a5609c1137a26edee9722a9bcc24c]
Dec-12 16:48:15.820 [Task monitor] DEBUG n.processor.TaskPollingMonitor - Task completed > TaskHandler[id: 137; name: combineFilesB (17); status: COMPLETED; exit: 0; error: -; workDir: /input/data/work/cb/7198f0dce90b4450e80c99917f849b]
Dec-12 16:48:17.405 [Task monitor] DEBUG n.processor.TaskPollingMonitor - Task completed > TaskHandler[id: 110; name: combineFilesA (5); status: COMPLETED; exit: 0; error: -; workDir: /input/data/work/b0/a2fb896fcec8e56f55995c25798688]
Dec-12 16:48:27.993 [Task monitor] DEBUG n.processor.TaskPollingMonitor - Task completed > TaskHandler[id: 130; name: combineFilesA (16); status: COMPLETED; exit: 0; error: -; workDir: /input/data/work/92/5f1bbc3b3e19207cbd0f0ef91db0f3]
Dec-12 16:48:59.417 [Task monitor] DEBUG n.processor.TaskPollingMonitor - Task completed > TaskHandler[id: 145; name: combineFilesB (21); status: COMPLETED; exit: 0; error: -; workDir: /input/data/work/46/fa8bde4e3e203bbf19ab2f09665cd2]
Dec-12 16:49:24.887 [Task monitor] DEBUG n.processor.TaskPollingMonitor - Task completed > TaskHandler[id: 147; name: combineFilesA (25); status: COMPLETED; exit: 0; error: -; workDir: /input/data/work/10/9e84a05ea354ba07f8cd72de633f9a]
Dec-12 16:49:34.873 [Task monitor] DEBUG n.processor.TaskPollingMonitor - Task completed > TaskHandler[id: 158; name: combineFilesA (32); status: COMPLETED; exit: 0; error: -; workDir: /input/data/work/10/34e12d4ee5fc75c690dabfc7054152]
Dec-12 16:49:35.037 [Task monitor] DEBUG n.processor.TaskPollingMonitor - Task completed > TaskHandler[id: 127; name: combineFilesB (13); status: COMPLETED; exit: 0; error: -; workDir: /input/data/work/e0/69eeeda0b15d7d1a59dd83dc5dc325]
Dec-12 16:49:54.780 [Task monitor] DEBUG n.processor.TaskPollingMonitor - !! executor k8s > tasks to be completed: 22 -- submitted tasks are shown below
~> TaskHandler[id: 132; name: combineFilesA (18); status: SUBMITTED; exit: -; error: -; workDir: /input/data/work/ae/e3793546bceec9a77af4898bf75cda]
~> TaskHandler[id: 117; name: combineFilesA (9); status: RUNNING; exit: -; error: -; workDir: /input/data/work/7d/7c1b57957dccdedaabd0b0c8e9e0e5]
~> TaskHandler[id: 108; name: combineFilesA (4); status: RUNNING; exit: -; error: -; workDir: /input/data/work/48/dd9dcc8bbd1c91d809ce18124f830b]
~> TaskHandler[id: 160; name: combineFilesA (34); status: SUBMITTED; exit: -; error: -; workDir: /input/data/work/a9/3c1fc5209d350d9f169310aa0e5228]
~> TaskHandler[id: 133; name: combineFilesA (19); status: RUNNING; exit: -; error: -; workDir: /input/data/work/31/cca6f44790b738a72d63e6d8b3a629]
~> TaskHandler[id: 116; name: combineFilesA (8); status: SUBMITTED; exit: -; error: -; workDir: /input/data/work/1d/97a0d15ed10d15701b85ff5531f412]
~> TaskHandler[id: 159; name: combineFilesA (33); status: SUBMITTED; exit: -; error: -; workDir: /input/data/work/9d/b2797aaa46473e6675af6423e996f0]
~> TaskHandler[id: 104; name: combineFilesA (2); status: RUNNING; exit: -; error: -; workDir: /input/data/work/05/e33c35c4875bb8693c603c24acebc7]
~> TaskHandler[id: 118; name: combineFilesB (9); status: RUNNING; exit: -; error: -; workDir: /input/data/work/90/c6f0502712c5d6de6e493d730565d8]
~> TaskHandler[id: 112; name: combineFilesA (6); status: SUBMITTED; exit: -; error: -; workDir: /input/data/work/15/b4f300c26125305ef6f663341c98f7]
.. remaining tasks omitted.
Dec-12 16:51:30.640 [Task monitor] DEBUG n.processor.TaskPollingMonitor - Task completed > TaskHandler[id: 117; name: combineFilesA (9); status: COMPLETED; exit: 0; error: -; workDir: /input/data/work/7d/7c1b57957dccdedaabd0b0c8e9e0e5]
Dec-12 16:52:02.846 [Task monitor] DEBUG n.processor.TaskPollingMonitor - Task completed > TaskHandler[id: 108; name: combineFilesA (4); status: COMPLETED; exit: 0; error: -; workDir: /input/data/work/48/dd9dcc8bbd1c91d809ce18124f830b]
Dec-12 16:52:02.959 [Task monitor] DEBUG n.processor.TaskPollingMonitor - Task completed > TaskHandler[id: 133; name: combineFilesA (19); status: COMPLETED; exit: 0; error: -; workDir: /input/data/work/31/cca6f44790b738a72d63e6d8b3a629]
Dec-12 16:52:10.451 [Task monitor] DEBUG n.processor.TaskPollingMonitor - Task completed > TaskHandler[id: 116; name: combineFilesA (8); status: COMPLETED; exit: 0; error: -; workDir: /input/data/work/1d/97a0d15ed10d15701b85ff5531f412]
Dec-12 16:52:19.045 [Task monitor] DEBUG n.processor.TaskPollingMonitor - Task completed > TaskHandler[id: 118; name: combineFilesB (9); status: COMPLETED; exit: 0; error: -; workDir: /input/data/work/90/c6f0502712c5d6de6e493d730565d8]
Dec-12 16:52:19.109 [Task monitor] DEBUG n.processor.TaskPollingMonitor - Task completed > TaskHandler[id: 136; name: combineFilesA (20); status: COMPLETED; exit: 0; error: -; workDir: /input/data/work/38/4890cd04d90f661b838ddb7f19b7d7]
Dec-12 16:52:19.286 [Task monitor] DEBUG n.processor.TaskPollingMonitor - Task completed > TaskHandler[id: 148; name: combineFilesA (26); status: COMPLETED; exit: 0; error: -; workDir: /input/data/work/6c/034ca9c52a2843337c286040be905c]
Dec-12 16:52:19.360 [Task monitor] DEBUG n.processor.TaskPollingMonitor - Task completed > TaskHandler[id: 102; name: combineFilesA (1); status: COMPLETED; exit: 0; error: -; workDir: /input/data/work/65/f2edef522fbba984c5f1bcb8bd5136]
Dec-12 16:52:19.451 [Task monitor] DEBUG n.processor.TaskPollingMonitor - Task completed > TaskHandler[id: 151; name: combineFilesA (28); status: COMPLETED; exit: 0; error: -; workDir: /input/data/work/3f/b6f668ff2d9b8f4f92fa76eafe40bb]
Dec-12 16:52:29.687 [Task monitor] DEBUG n.processor.TaskPollingMonitor - Task completed > TaskHandler[id: 160; name: combineFilesA (34); status: COMPLETED; exit: 0; error: -; workDir: /input/data/work/a9/3c1fc5209d350d9f169310aa0e5228]
Dec-12 16:52:29.896 [Task monitor] DEBUG n.processor.TaskPollingMonitor - Task completed > TaskHandler[id: 104; name: combineFilesA (2); status: COMPLETED; exit: 0; error: -; workDir: /input/data/work/05/e33c35c4875bb8693c603c24acebc7]
Dec-12 16:52:30.065 [Task monitor] DEBUG n.processor.TaskPollingMonitor - Task completed > TaskHandler[id: 122; name: combineFilesA (12); status: COMPLETED; exit: 0; error: -; workDir: /input/data/work/36/53174e6355e41a64a1b5befd20a57a]
Dec-12 16:53:24.551 [Task monitor] DEBUG n.processor.TaskPollingMonitor - Task completed > TaskHandler[id: 159; name: combineFilesA (33); status: COMPLETED; exit: 0; error: -; workDir: /input/data/work/9d/b2797aaa46473e6675af6423e996f0]
Dec-12 16:53:39.567 [Task monitor] DEBUG n.processor.TaskPollingMonitor - Task completed > TaskHandler[id: 112; name: combineFilesA (6); status: COMPLETED; exit: 0; error: -; workDir: /input/data/work/15/b4f300c26125305ef6f663341c98f7]
Dec-12 16:53:39.747 [Task monitor] DEBUG n.processor.TaskPollingMonitor - Task completed > TaskHandler[id: 143; name: combineFilesA (23); status: COMPLETED; exit: 0; error: -; workDir: /input/data/work/f3/27cf1b44828694ed9f3399517549bd]
Dec-12 16:53:54.531 [Task monitor] DEBUG n.processor.TaskPollingMonitor - Task completed > TaskHandler[id: 131; name: combineFilesA (17); status: COMPLETED; exit: 0; error: -; workDir: /input/data/work/35/cd1675e132d2369f4e25f4f3366449]
Dec-12 16:53:54.620 [Task monitor] DEBUG n.processor.TaskPollingMonitor - Task completed > TaskHandler[id: 150; name: combineFilesA (27); status: COMPLETED; exit: 0; error: -; workDir: /input/data/work/f0/f3a9dcac64b39d2f6bab69168af13f]
Dec-12 16:54:19.578 [Task monitor] DEBUG n.processor.TaskPollingMonitor - Task completed > TaskHandler[id: 128; name: combineFilesA (15); status: COMPLETED; exit: 0; error: -; workDir: /input/data/work/de/fa89179fad3f21f20436965e88bb0d]
Dec-12 16:54:34.543 [Task monitor] DEBUG n.processor.TaskPollingMonitor - Task completed > TaskHandler[id: 144; name: combineFilesA (24); status: COMPLETED; exit: 0; error: -; workDir: /input/data/work/e9/8655b0b4fb39a6cd1a2cfb93a087dd]
Dec-12 16:54:39.508 [Task monitor] DEBUG n.processor.TaskPollingMonitor - Task completed > TaskHandler[id: 132; name: combineFilesA (18); status: COMPLETED; exit: 0; error: -; workDir: /input/data/work/ae/e3793546bceec9a77af4898bf75cda]
Dec-12 16:54:39.556 [Task monitor] DEBUG n.processor.TaskPollingMonitor - Task completed > TaskHandler[id: 141; name: combineFilesA (22); status: COMPLETED; exit: 0; error: -; workDir: /input/data/work/eb/f104005094b107e378074cdaa02697]
Dec-12 16:54:39.597 [Task monitor] DEBUG n.processor.TaskPollingMonitor - Task completed > TaskHandler[id: 126; name: combineFilesA (14); status: COMPLETED; exit: 0; error: -; workDir: /input/data/work/75/1e01bb8403fe56083385e6b1ce7ce5]
Dec-12 16:54:39.598 [main] DEBUG nextflow.Session - Session await > all processes finished
Dec-12 16:54:39.602 [main] DEBUG nextflow.Session - Session await > all barriers passed
Dec-12 16:54:39.613 [main] DEBUG n.trace.WorkflowStatsObserver - Workflow completed > WorkflowStats[succeededCount=160; failedCount=0; ignoredCount=0; cachedCount=0; pendingCount=0; submittedCount=0; runningCount=0; retriesCount=0; abortedCount=0; succeedDuration=22h 5m 24s; failedDuration=0ms; cachedDuration=0ms;loadCpus=0; loadMemory=0; peakRunning=14; peakCpus=140; peakMemory=276.7 GB; ]
Dec-12 16:54:39.613 [main] DEBUG nextflow.trace.TraceFileObserver - Workflow completed -- saving trace file
Dec-12 16:54:39.615 [main] DEBUG nextflow.trace.ReportObserver - Workflow completed -- rendering execution report
Dec-12 16:54:40.243 [main] DEBUG nextflow.trace.TimelineObserver - Workflow completed -- rendering execution timeline
Dec-12 16:54:40.376 [main] DEBUG nextflow.cache.CacheDB - Closing CacheDB done
Dec-12 16:54:40.401 [main] DEBUG nextflow.util.ThreadPoolManager - Thread pool 'FileTransfer' shutdown completed (hard=false)
Dec-12 16:54:40.401 [main] DEBUG nextflow.script.ScriptRunner - > Execution complete -- Goodbye
