Dec-01 13:13:48.456 [main] DEBUG nextflow.cli.Launcher - $> nextflow run /input/groupMultiple -c /experiments/experiment/groupMultiple/nextflow.config -c /experiments/experiment/nextflow_cws.config -c /experiments/experiment/nextflow_ceph.config
Dec-01 13:13:48.512 [main] INFO  nextflow.cli.CmdRun - N E X T F L O W  ~  version 23.07.0-edge
Dec-01 13:13:48.529 [main] DEBUG nextflow.plugin.PluginsFacade - Setting up plugin manager > mode=prod; embedded=false; plugins-dir=/.nextflow/plugins; core-plugins: nf-amazon@2.1.0,nf-azure@1.1.4,nf-cloudcache@0.1.0,nf-codecommit@0.1.5,nf-console@1.0.6,nf-ga4gh@1.1.0,nf-google@1.8.1,nf-tower@1.5.15,nf-wave@0.11.0
Dec-01 13:13:48.538 [main] INFO  o.pf4j.DefaultPluginStatusProvider - Enabled plugins: []
Dec-01 13:13:48.539 [main] INFO  o.pf4j.DefaultPluginStatusProvider - Disabled plugins: []
Dec-01 13:13:48.541 [main] INFO  org.pf4j.DefaultPluginManager - PF4J version 3.4.1 in 'deployment' mode
Dec-01 13:13:48.548 [main] INFO  org.pf4j.AbstractPluginManager - No plugins
Dec-01 13:13:48.566 [main] DEBUG nextflow.scm.AssetManager - Project manifest does not exist: /input/groupMultiple/nextflow.config (No such file or directory)
Dec-01 13:13:48.586 [main] DEBUG nextflow.config.ConfigBuilder - User config file: /experiments/experiment/groupMultiple/nextflow.config
Dec-01 13:13:48.587 [main] DEBUG nextflow.config.ConfigBuilder - User config file: /experiments/experiment/nextflow_cws.config
Dec-01 13:13:48.587 [main] DEBUG nextflow.config.ConfigBuilder - User config file: /experiments/experiment/nextflow_ceph.config
Dec-01 13:13:48.587 [main] DEBUG nextflow.config.ConfigBuilder - Parsing config file: /experiments/experiment/groupMultiple/nextflow.config
Dec-01 13:13:48.587 [main] DEBUG nextflow.config.ConfigBuilder - Parsing config file: /experiments/experiment/nextflow_cws.config
Dec-01 13:13:48.587 [main] DEBUG nextflow.config.ConfigBuilder - Parsing config file: /experiments/experiment/nextflow_ceph.config
Dec-01 13:13:48.600 [main] DEBUG nextflow.config.ConfigBuilder - Applying config profile: `standard`
Dec-01 13:13:49.090 [main] DEBUG nextflow.config.ConfigBuilder - Applying config profile: `standard`
Dec-01 13:13:49.236 [main] DEBUG nextflow.config.ConfigBuilder - Applying config profile: `standard`
Dec-01 13:13:49.262 [main] DEBUG nextflow.cli.CmdRun - Applied DSL=2 by global default
Dec-01 13:13:49.276 [main] INFO  nextflow.cli.CmdRun - Launching `/input/groupMultiple/main.nf` [mighty_spence] DSL2 - revision: b7ed08cdab
Dec-01 13:13:49.278 [main] DEBUG nextflow.plugin.PluginsFacade - Plugins default=[]
Dec-01 13:13:49.278 [main] DEBUG nextflow.plugin.PluginsFacade - Plugins resolved requirement=[]
Dec-01 13:13:49.289 [main] DEBUG n.secret.LocalSecretsProvider - Secrets store: /.nextflow/secrets/store.json
Dec-01 13:13:49.292 [main] DEBUG nextflow.secret.SecretsLoader - Discovered secrets providers: [nextflow.secret.LocalSecretsProvider@5b7c8930] - activable => nextflow.secret.LocalSecretsProvider@5b7c8930
Dec-01 13:13:49.342 [main] DEBUG nextflow.Session - Session UUID: 77e4c468-2323-47c6-aca3-b7aaa02d805d
Dec-01 13:13:49.343 [main] DEBUG nextflow.Session - Run name: mighty_spence
Dec-01 13:13:49.343 [main] DEBUG nextflow.Session - Executor pool size: 32
Dec-01 13:13:49.349 [main] DEBUG nextflow.file.FilePorter - File porter settings maxRetries=3; maxTransfers=50; pollTimeout=null
Dec-01 13:13:49.352 [main] DEBUG nextflow.util.ThreadPoolBuilder - Creating thread pool 'FileTransfer' minSize=10; maxSize=96; workQueue=LinkedBlockingQueue[10000]; allowCoreThreadTimeout=false
Dec-01 13:13:49.378 [main] DEBUG nextflow.cli.CmdRun - 
  Version: 23.07.0-edge build 5875
  Created: 28-07-2023 20:27 UTC (20:27 GMT)
  System: Linux 5.4.0-166-generic
  Runtime: Groovy 3.0.18 on OpenJDK 64-Bit Server VM 17.0.6+10-LTS
  Encoding: UTF-8 (UTF-8)
  Process: 3443597@nextflow [10.233.76.46]
  CPUs: 32 - Mem: 125.7 GB (120.7 GB) - Swap: 0 (0)
Dec-01 13:13:49.406 [main] DEBUG nextflow.Session - Work-dir: /input/data/work [ceph]
Dec-01 13:13:49.407 [main] DEBUG nextflow.Session - Script base path does not exist or is not a directory: /input/groupMultiple/bin
Dec-01 13:13:49.416 [main] DEBUG nextflow.executor.ExecutorFactory - Extension executors providers=[]
Dec-01 13:13:49.424 [main] DEBUG nextflow.Session - Observer factory: DefaultObserverFactory
Dec-01 13:13:49.451 [main] DEBUG nextflow.cache.CacheFactory - Using Nextflow cache factory: nextflow.cache.DefaultCacheFactory
Dec-01 13:13:49.457 [main] DEBUG nextflow.util.CustomThreadPool - Creating default thread pool > poolSize: 33; maxThreads: 1000
Dec-01 13:13:49.558 [main] DEBUG nextflow.Session - Session start
Dec-01 13:13:49.563 [main] DEBUG nextflow.trace.TraceFileObserver - Workflow started -- trace file: /input/data/output/trace.csv
Dec-01 13:13:49.737 [main] DEBUG nextflow.script.ScriptRunner - > Launching execution
Dec-01 13:13:49.954 [main] DEBUG nextflow.script.ProcessConfig - Config settings `withName:writeLargeFile` matches process writeLargeFile
Dec-01 13:13:49.964 [main] DEBUG nextflow.executor.ExecutorFactory - << taskConfig executor: k8s
Dec-01 13:13:49.964 [main] DEBUG nextflow.executor.ExecutorFactory - >> processorType: 'k8s'
Dec-01 13:13:49.972 [main] DEBUG nextflow.executor.Executor - [warm up] executor > k8s
Dec-01 13:13:49.988 [main] DEBUG n.processor.TaskPollingMonitor - Creating task monitor for executor 'k8s' > capacity: 300; pollInterval: 5s; dumpInterval: 5m; schedulerBatch: null
Dec-01 13:13:49.993 [main] DEBUG nextflow.k8s.client.ConfigDiscovery - K8s config file does not exist: /root/.kube/config
Dec-01 13:13:50.003 [main] DEBUG nextflow.k8s.K8sExecutor - [K8s] config=[scheduler:[strategy:rank_max-fair, name:workflow-scheduler, autoClose:false, nodeSelector:usedby=anonymized, container:anonymized/test1:sch_v194], debug:[yaml:true], namespace:anonymized, serviceAccount:nextflow, workDir:/input/data/work/, projectDir:/input/data/project/, imagePullPolicy:IfNotPresent, launchDir:/input/data/launch/, runAsUser:0, fetchNodeName:true, storageMountPath:/input, pod:[nodeSelector:usedby=anonymized], storage:[nodeSelector:usedby=anonymized, imageName:anonymized/test1:ftp_v122], storageClaimName:ceph-data]; API client config=ClientConfig[ server=10.233.0.1:443, namespace=anonymized, serviceAccount=nextflow, token=eyJhbGciOiJ.., sslCert=LS0tLS1CRUd.., clientCert=-, clientKey=-, verifySsl=false, fromFile=true, httpReadTimeout=null, httpConnectTimeout=null, maxErrorRetry=4 ]
Dec-01 13:13:53.647 [main] DEBUG nextflow.script.ProcessConfig - Config settings `withName:combineFiles` matches process combineFilesA
Dec-01 13:13:53.649 [main] DEBUG nextflow.executor.ExecutorFactory - << taskConfig executor: k8s
Dec-01 13:13:53.649 [main] DEBUG nextflow.executor.ExecutorFactory - >> processorType: 'k8s'
Dec-01 13:13:53.686 [main] DEBUG nextflow.script.ProcessConfig - Config settings `withName:combineFiles` matches process combineFilesB
Dec-01 13:13:53.688 [main] DEBUG nextflow.executor.ExecutorFactory - << taskConfig executor: k8s
Dec-01 13:13:53.688 [main] DEBUG nextflow.executor.ExecutorFactory - >> processorType: 'k8s'
Dec-01 13:13:53.700 [main] DEBUG nextflow.Session - Workflow process names [dsl2]: revertFile, combineFiles, combineFilesA, writeLargeFile, combineFilesB
Dec-01 13:13:53.701 [main] DEBUG nextflow.Session - Igniting dataflow network (4)
Dec-01 13:13:53.702 [main] DEBUG nextflow.processor.TaskProcessor - Starting process > writeLargeFile
Dec-01 13:13:53.703 [main] DEBUG nextflow.processor.TaskProcessor - Starting process > combineFilesA
Dec-01 13:13:53.703 [main] DEBUG nextflow.processor.TaskProcessor - Starting process > combineFilesB
Dec-01 13:13:53.703 [main] DEBUG nextflow.script.ScriptRunner - > Awaiting termination 
Dec-01 13:13:53.703 [main] DEBUG nextflow.Session - Session await
Dec-01 13:13:54.005 [Task submitter] INFO  nextflow.Session - [2a/3df7e2] Submitted process > writeLargeFile (27)
Dec-01 13:13:54.055 [Task submitter] INFO  nextflow.Session - [84/cfb566] Submitted process > writeLargeFile (6)
Dec-01 13:13:54.094 [Task submitter] INFO  nextflow.Session - [5d/9a2cbf] Submitted process > writeLargeFile (23)
Dec-01 13:13:54.130 [Task submitter] INFO  nextflow.Session - [22/46b859] Submitted process > writeLargeFile (31)
Dec-01 13:13:54.165 [Task submitter] INFO  nextflow.Session - [ed/e331f1] Submitted process > writeLargeFile (28)
Dec-01 13:13:54.197 [Task submitter] INFO  nextflow.Session - [95/9168d7] Submitted process > writeLargeFile (11)
Dec-01 13:13:54.231 [Task submitter] INFO  nextflow.Session - [1b/957809] Submitted process > writeLargeFile (1)
Dec-01 13:13:54.264 [Task submitter] INFO  nextflow.Session - [ef/b6142f] Submitted process > writeLargeFile (18)
Dec-01 13:13:54.297 [Task submitter] INFO  nextflow.Session - [e8/9de4ed] Submitted process > writeLargeFile (9)
Dec-01 13:13:54.331 [Task submitter] INFO  nextflow.Session - [b0/f3b1bc] Submitted process > writeLargeFile (15)
Dec-01 13:13:54.359 [Task submitter] INFO  nextflow.Session - [64/3c6197] Submitted process > writeLargeFile (20)
Dec-01 13:13:54.394 [Task submitter] INFO  nextflow.Session - [2c/dfe384] Submitted process > writeLargeFile (3)
Dec-01 13:13:54.427 [Task submitter] INFO  nextflow.Session - [33/984e72] Submitted process > writeLargeFile (12)
Dec-01 13:13:54.458 [Task submitter] INFO  nextflow.Session - [69/bc16ba] Submitted process > writeLargeFile (21)
Dec-01 13:13:54.491 [Task submitter] INFO  nextflow.Session - [dc/8f1f10] Submitted process > writeLargeFile (25)
Dec-01 13:13:54.529 [Task submitter] INFO  nextflow.Session - [40/ea7452] Submitted process > writeLargeFile (19)
Dec-01 13:13:54.561 [Task submitter] INFO  nextflow.Session - [40/3ff22b] Submitted process > writeLargeFile (29)
Dec-01 13:13:54.594 [Task submitter] INFO  nextflow.Session - [a7/248e1c] Submitted process > writeLargeFile (17)
Dec-01 13:13:54.625 [Task submitter] INFO  nextflow.Session - [8b/bfe53f] Submitted process > writeLargeFile (5)
Dec-01 13:13:54.657 [Task submitter] INFO  nextflow.Session - [af/be1595] Submitted process > writeLargeFile (2)
Dec-01 13:13:54.687 [Task submitter] INFO  nextflow.Session - [09/b5827a] Submitted process > writeLargeFile (22)
Dec-01 13:13:54.723 [Task submitter] INFO  nextflow.Session - [73/9b950b] Submitted process > writeLargeFile (10)
Dec-01 13:13:54.777 [Task submitter] INFO  nextflow.Session - [d8/a329ca] Submitted process > writeLargeFile (32)
Dec-01 13:13:54.807 [Task submitter] INFO  nextflow.Session - [e9/343a50] Submitted process > writeLargeFile (26)
Dec-01 13:13:54.837 [Task submitter] INFO  nextflow.Session - [31/169e2b] Submitted process > writeLargeFile (13)
Dec-01 13:13:54.866 [Task submitter] INFO  nextflow.Session - [5f/1a9c51] Submitted process > writeLargeFile (24)
Dec-01 13:13:54.900 [Task submitter] INFO  nextflow.Session - [79/1349a0] Submitted process > writeLargeFile (14)
Dec-01 13:13:54.938 [Task submitter] INFO  nextflow.Session - [46/cf544d] Submitted process > writeLargeFile (30)
Dec-01 13:13:54.966 [Task submitter] INFO  nextflow.Session - [89/d05bff] Submitted process > writeLargeFile (7)
Dec-01 13:13:54.998 [Task submitter] INFO  nextflow.Session - [77/4ad823] Submitted process > writeLargeFile (4)
Dec-01 13:13:55.029 [Task submitter] INFO  nextflow.Session - [46/872e1f] Submitted process > writeLargeFile (8)
Dec-01 13:13:55.062 [Task submitter] INFO  nextflow.Session - [51/8943cb] Submitted process > writeLargeFile (16)
Dec-01 13:13:55.091 [Task submitter] INFO  nextflow.Session - [2a/aa4356] Submitted process > writeLargeFile (33)
Dec-01 13:13:55.122 [Task submitter] INFO  nextflow.Session - [79/87b2e0] Submitted process > writeLargeFile (35)
Dec-01 13:13:55.153 [Task submitter] INFO  nextflow.Session - [96/0355bc] Submitted process > writeLargeFile (34)
Dec-01 13:13:55.186 [Task submitter] INFO  nextflow.Session - [31/91d12a] Submitted process > writeLargeFile (36)
Dec-01 13:13:55.218 [Task submitter] INFO  nextflow.Session - [5f/50b2bf] Submitted process > writeLargeFile (38)
Dec-01 13:13:55.246 [Task submitter] INFO  nextflow.Session - [f0/a785a6] Submitted process > writeLargeFile (37)
Dec-01 13:13:55.276 [Task submitter] INFO  nextflow.Session - [d3/a0317b] Submitted process > writeLargeFile (40)
Dec-01 13:13:55.308 [Task submitter] INFO  nextflow.Session - [62/97666f] Submitted process > writeLargeFile (39)
Dec-01 13:13:55.337 [Task submitter] INFO  nextflow.Session - [48/b1821e] Submitted process > writeLargeFile (42)
Dec-01 13:13:55.368 [Task submitter] INFO  nextflow.Session - [c1/6d7010] Submitted process > writeLargeFile (41)
Dec-01 13:13:55.397 [Task submitter] INFO  nextflow.Session - [99/21869a] Submitted process > writeLargeFile (44)
Dec-01 13:13:55.425 [Task submitter] INFO  nextflow.Session - [89/ac7faa] Submitted process > writeLargeFile (43)
Dec-01 13:13:55.455 [Task submitter] INFO  nextflow.Session - [9d/48c36b] Submitted process > writeLargeFile (45)
Dec-01 13:13:55.486 [Task submitter] INFO  nextflow.Session - [64/bb6065] Submitted process > writeLargeFile (46)
Dec-01 13:13:55.516 [Task submitter] INFO  nextflow.Session - [0f/e0401d] Submitted process > writeLargeFile (47)
Dec-01 13:13:55.546 [Task submitter] INFO  nextflow.Session - [85/22c6b0] Submitted process > writeLargeFile (49)
Dec-01 13:13:55.578 [Task submitter] INFO  nextflow.Session - [09/82af85] Submitted process > writeLargeFile (77)
Dec-01 13:13:55.606 [Task submitter] INFO  nextflow.Session - [f9/9c4325] Submitted process > writeLargeFile (48)
Dec-01 13:13:55.634 [Task submitter] INFO  nextflow.Session - [f6/077101] Submitted process > writeLargeFile (50)
Dec-01 13:13:55.663 [Task submitter] INFO  nextflow.Session - [30/8ad959] Submitted process > writeLargeFile (51)
Dec-01 13:13:55.694 [Task submitter] INFO  nextflow.Session - [0e/049e9c] Submitted process > writeLargeFile (52)
Dec-01 13:13:55.725 [Task submitter] INFO  nextflow.Session - [b1/3942c9] Submitted process > writeLargeFile (53)
Dec-01 13:13:55.753 [Task submitter] INFO  nextflow.Session - [c1/ff6447] Submitted process > writeLargeFile (54)
Dec-01 13:13:55.788 [Task submitter] INFO  nextflow.Session - [56/8149b1] Submitted process > writeLargeFile (55)
Dec-01 13:13:55.813 [Task submitter] INFO  nextflow.Session - [ba/d67faf] Submitted process > writeLargeFile (57)
Dec-01 13:13:55.842 [Task submitter] INFO  nextflow.Session - [48/17990d] Submitted process > writeLargeFile (58)
Dec-01 13:13:55.870 [Task submitter] INFO  nextflow.Session - [27/242931] Submitted process > writeLargeFile (56)
Dec-01 13:13:55.903 [Task submitter] INFO  nextflow.Session - [55/61944f] Submitted process > writeLargeFile (60)
Dec-01 13:13:55.930 [Task submitter] INFO  nextflow.Session - [5c/bdca6b] Submitted process > writeLargeFile (59)
Dec-01 13:13:55.957 [Task submitter] INFO  nextflow.Session - [66/8abe4e] Submitted process > writeLargeFile (61)
Dec-01 13:13:55.986 [Task submitter] INFO  nextflow.Session - [ca/ef1d5e] Submitted process > writeLargeFile (62)
Dec-01 13:13:56.022 [Task submitter] INFO  nextflow.Session - [37/151e43] Submitted process > writeLargeFile (64)
Dec-01 13:13:56.052 [Task submitter] INFO  nextflow.Session - [b9/d5f42f] Submitted process > writeLargeFile (63)
Dec-01 13:13:56.083 [Task submitter] INFO  nextflow.Session - [d6/11b847] Submitted process > writeLargeFile (65)
Dec-01 13:13:56.112 [Task submitter] INFO  nextflow.Session - [58/887b85] Submitted process > writeLargeFile (66)
Dec-01 13:13:56.142 [Task submitter] INFO  nextflow.Session - [be/cdbe8f] Submitted process > writeLargeFile (67)
Dec-01 13:13:56.169 [Task submitter] INFO  nextflow.Session - [02/73e6dc] Submitted process > writeLargeFile (68)
Dec-01 13:13:56.196 [Task submitter] INFO  nextflow.Session - [4c/6e43d3] Submitted process > writeLargeFile (69)
Dec-01 13:13:56.225 [Task submitter] INFO  nextflow.Session - [a5/8675f6] Submitted process > writeLargeFile (71)
Dec-01 13:13:56.256 [Task submitter] INFO  nextflow.Session - [3e/e487c2] Submitted process > writeLargeFile (70)
Dec-01 13:13:56.283 [Task submitter] INFO  nextflow.Session - [ec/7cbe57] Submitted process > writeLargeFile (73)
Dec-01 13:13:56.314 [Task submitter] INFO  nextflow.Session - [73/e5353f] Submitted process > writeLargeFile (74)
Dec-01 13:13:56.342 [Task submitter] INFO  nextflow.Session - [5d/865430] Submitted process > writeLargeFile (72)
Dec-01 13:13:56.373 [Task submitter] INFO  nextflow.Session - [ed/3df8ee] Submitted process > writeLargeFile (75)
Dec-01 13:13:56.399 [Task submitter] INFO  nextflow.Session - [53/1d9788] Submitted process > writeLargeFile (76)
Dec-01 13:13:56.428 [Task submitter] INFO  nextflow.Session - [b2/e3d247] Submitted process > writeLargeFile (78)
Dec-01 13:13:56.458 [Task submitter] INFO  nextflow.Session - [96/c9a2a1] Submitted process > writeLargeFile (79)
Dec-01 13:13:56.485 [Task submitter] INFO  nextflow.Session - [16/a3825b] Submitted process > writeLargeFile (80)
Dec-01 13:13:56.513 [Task submitter] INFO  nextflow.Session - [4d/e8fc10] Submitted process > writeLargeFile (81)
Dec-01 13:13:56.547 [Task submitter] INFO  nextflow.Session - [01/c35671] Submitted process > writeLargeFile (82)
Dec-01 13:13:56.575 [Task submitter] INFO  nextflow.Session - [7d/8058c7] Submitted process > writeLargeFile (83)
Dec-01 13:13:56.606 [Task submitter] INFO  nextflow.Session - [c6/693d34] Submitted process > writeLargeFile (84)
Dec-01 13:13:56.635 [Task submitter] INFO  nextflow.Session - [df/18f87d] Submitted process > writeLargeFile (85)
Dec-01 13:13:56.662 [Task submitter] INFO  nextflow.Session - [70/c6a9e1] Submitted process > writeLargeFile (86)
Dec-01 13:13:56.695 [Task submitter] INFO  nextflow.Session - [2f/0d6669] Submitted process > writeLargeFile (87)
Dec-01 13:13:56.726 [Task submitter] INFO  nextflow.Session - [23/7a4c52] Submitted process > writeLargeFile (88)
Dec-01 13:13:56.755 [Task submitter] INFO  nextflow.Session - [5a/a7878b] Submitted process > writeLargeFile (89)
Dec-01 13:13:56.784 [Task submitter] INFO  nextflow.Session - [60/afd057] Submitted process > writeLargeFile (90)
Dec-01 13:13:56.815 [Task submitter] INFO  nextflow.Session - [ec/674da9] Submitted process > writeLargeFile (92)
Dec-01 13:13:56.845 [Task submitter] INFO  nextflow.Session - [f4/35bb10] Submitted process > writeLargeFile (91)
Dec-01 13:13:56.874 [Task submitter] INFO  nextflow.Session - [01/ab589c] Submitted process > writeLargeFile (93)
Dec-01 13:13:56.908 [Task submitter] INFO  nextflow.Session - [99/48b8a8] Submitted process > writeLargeFile (96)
Dec-01 13:13:57.096 [Task submitter] INFO  nextflow.Session - [99/b26cc1] Submitted process > writeLargeFile (94)
Dec-01 13:13:57.212 [Task submitter] INFO  nextflow.Session - [e7/a3bb69] Submitted process > writeLargeFile (95)
Dec-01 13:13:57.370 [Task submitter] INFO  nextflow.Session - [c7/314042] Submitted process > writeLargeFile (97)
Dec-01 13:13:57.537 [Task submitter] INFO  nextflow.Session - [22/0c89db] Submitted process > writeLargeFile (98)
Dec-01 13:13:57.923 [Task submitter] INFO  nextflow.Session - [9c/3d4ad4] Submitted process > writeLargeFile (99)
Dec-01 13:13:58.307 [Task submitter] INFO  nextflow.Session - [7b/6151cc] Submitted process > writeLargeFile (100)
Dec-01 13:14:19.361 [Task monitor] DEBUG n.processor.TaskPollingMonitor - Task completed > TaskHandler[id: 18; name: writeLargeFile (18); status: COMPLETED; exit: 0; error: -; workDir: /input/data/work/ef/b6142f4f123f36261c12292b42a73f]
Dec-01 13:14:19.735 [Task monitor] DEBUG n.processor.TaskPollingMonitor - Task completed > TaskHandler[id: 19; name: writeLargeFile (19); status: COMPLETED; exit: 0; error: -; workDir: /input/data/work/40/ea74520932291f67de679a2d991f3e]
Dec-01 13:14:20.210 [Task monitor] DEBUG n.processor.TaskPollingMonitor - Task completed > TaskHandler[id: 26; name: writeLargeFile (26); status: COMPLETED; exit: 0; error: -; workDir: /input/data/work/e9/343a50fb2e1148094e12ef4259ec6b]
Dec-01 13:14:41.756 [Task monitor] DEBUG n.processor.TaskPollingMonitor - Task completed > TaskHandler[id: 23; name: writeLargeFile (23); status: COMPLETED; exit: 0; error: -; workDir: /input/data/work/5d/9a2cbf2f6ca77a3a782df5467010d3]
Dec-01 13:15:00.057 [Task monitor] DEBUG n.processor.TaskPollingMonitor - Task completed > TaskHandler[id: 1; name: writeLargeFile (1); status: COMPLETED; exit: 0; error: -; workDir: /input/data/work/1b/95780967dd0cc172eb4d6bdc596d77]
Dec-01 13:15:02.076 [Task monitor] DEBUG n.processor.TaskPollingMonitor - Task completed > TaskHandler[id: 9; name: writeLargeFile (9); status: COMPLETED; exit: 0; error: -; workDir: /input/data/work/e8/9de4ed1334fce4dc4f3ba989a9c506]
Dec-01 13:15:02.148 [Task monitor] DEBUG n.processor.TaskPollingMonitor - Task completed > TaskHandler[id: 15; name: writeLargeFile (15); status: COMPLETED; exit: 0; error: -; workDir: /input/data/work/b0/f3b1bc053554f95cf8eb05cbfc5aec]
Dec-01 13:15:02.205 [Task monitor] DEBUG n.processor.TaskPollingMonitor - Task completed > TaskHandler[id: 20; name: writeLargeFile (20); status: COMPLETED; exit: 0; error: -; workDir: /input/data/work/64/3c6197d0d1e187f233c7b8cc26ecfd]
Dec-01 13:15:02.251 [Task monitor] DEBUG n.processor.TaskPollingMonitor - Task completed > TaskHandler[id: 3; name: writeLargeFile (3); status: COMPLETED; exit: 0; error: -; workDir: /input/data/work/2c/dfe3846d0c08cd2e68a5eb7f58fa2c]
Dec-01 13:15:02.304 [Task monitor] DEBUG n.processor.TaskPollingMonitor - Task completed > TaskHandler[id: 21; name: writeLargeFile (21); status: COMPLETED; exit: 0; error: -; workDir: /input/data/work/69/bc16ba8aaa34724c364e78aeaac16f]
Dec-01 13:15:02.344 [Task monitor] DEBUG n.processor.TaskPollingMonitor - Task completed > TaskHandler[id: 25; name: writeLargeFile (25); status: COMPLETED; exit: 0; error: -; workDir: /input/data/work/dc/8f1f107507a1ebd185833757ae722a]
Dec-01 13:15:02.419 [Task monitor] DEBUG n.processor.TaskPollingMonitor - Task completed > TaskHandler[id: 29; name: writeLargeFile (29); status: COMPLETED; exit: 0; error: -; workDir: /input/data/work/40/3ff22b15a499f528edcfe1a8ed28bb]
Dec-01 13:15:02.464 [Task monitor] DEBUG n.processor.TaskPollingMonitor - Task completed > TaskHandler[id: 17; name: writeLargeFile (17); status: COMPLETED; exit: 0; error: -; workDir: /input/data/work/a7/248e1cb947a36c62298ad4ea09ee6b]
Dec-01 13:15:02.506 [Task monitor] DEBUG n.processor.TaskPollingMonitor - Task completed > TaskHandler[id: 5; name: writeLargeFile (5); status: COMPLETED; exit: 0; error: -; workDir: /input/data/work/8b/bfe53f387fe378aad6115bf3c940f0]
Dec-01 13:15:02.613 [Task monitor] DEBUG n.processor.TaskPollingMonitor - Task completed > TaskHandler[id: 2; name: writeLargeFile (2); status: COMPLETED; exit: 0; error: -; workDir: /input/data/work/af/be1595b0b86cedd8c92133fb724b74]
Dec-01 13:15:02.716 [Task monitor] DEBUG n.processor.TaskPollingMonitor - Task completed > TaskHandler[id: 10; name: writeLargeFile (10); status: COMPLETED; exit: 0; error: -; workDir: /input/data/work/73/9b950b1ea06a76626e56d511e5a62c]
Dec-01 13:15:02.997 [Task monitor] DEBUG n.processor.TaskPollingMonitor - Task completed > TaskHandler[id: 32; name: writeLargeFile (32); status: COMPLETED; exit: 0; error: -; workDir: /input/data/work/d8/a329ca1086361b7027eeac2612e3ac]
Dec-01 13:15:08.638 [Task monitor] DEBUG n.processor.TaskPollingMonitor - Task completed > TaskHandler[id: 27; name: writeLargeFile (27); status: COMPLETED; exit: 0; error: -; workDir: /input/data/work/2a/3df7e2b318e4d5fd32da1826962c40]
Dec-01 13:15:08.724 [Task monitor] DEBUG n.processor.TaskPollingMonitor - Task completed > TaskHandler[id: 6; name: writeLargeFile (6); status: COMPLETED; exit: 0; error: -; workDir: /input/data/work/84/cfb566953ccd91e0af97199e260a59]
Dec-01 13:15:08.815 [Task monitor] DEBUG n.processor.TaskPollingMonitor - Task completed > TaskHandler[id: 31; name: writeLargeFile (31); status: COMPLETED; exit: 0; error: -; workDir: /input/data/work/22/46b8599db5e216129d0379fac31d79]
Dec-01 13:15:10.006 [Task monitor] DEBUG n.processor.TaskPollingMonitor - Task completed > TaskHandler[id: 28; name: writeLargeFile (28); status: COMPLETED; exit: 0; error: -; workDir: /input/data/work/ed/e331f145495219fecf5c515cc4ea96]
Dec-01 13:15:10.233 [Task monitor] DEBUG n.processor.TaskPollingMonitor - Task completed > TaskHandler[id: 11; name: writeLargeFile (11); status: COMPLETED; exit: 0; error: -; workDir: /input/data/work/95/9168d7b8e4c6c6d966421e071312e2]
Dec-01 13:15:10.421 [Task monitor] DEBUG n.processor.TaskPollingMonitor - Task completed > TaskHandler[id: 12; name: writeLargeFile (12); status: COMPLETED; exit: 0; error: -; workDir: /input/data/work/33/984e723c9a6a4ebdfd287d4e64f1fc]
Dec-01 13:15:10.602 [Task monitor] DEBUG n.processor.TaskPollingMonitor - Task completed > TaskHandler[id: 22; name: writeLargeFile (22); status: COMPLETED; exit: 0; error: -; workDir: /input/data/work/09/b5827a0f4ebdfe9320182f433e7654]
Dec-01 13:15:27.475 [Task monitor] DEBUG n.processor.TaskPollingMonitor - Task completed > TaskHandler[id: 30; name: writeLargeFile (30); status: COMPLETED; exit: 0; error: -; workDir: /input/data/work/46/cf544d4cf87de4c6105a3fc018dc11]
Dec-01 13:15:47.422 [Task monitor] DEBUG n.processor.TaskPollingMonitor - Task completed > TaskHandler[id: 7; name: writeLargeFile (7); status: COMPLETED; exit: 0; error: -; workDir: /input/data/work/89/d05bffda2ff4a4b758eb2dce3f4ee8]
Dec-01 13:15:47.569 [Task monitor] DEBUG n.processor.TaskPollingMonitor - Task completed > TaskHandler[id: 4; name: writeLargeFile (4); status: COMPLETED; exit: 0; error: -; workDir: /input/data/work/77/4ad823ffc9191525f44c31b77c3168]
Dec-01 13:16:06.486 [Task monitor] DEBUG n.processor.TaskPollingMonitor - Task completed > TaskHandler[id: 8; name: writeLargeFile (8); status: COMPLETED; exit: 0; error: -; workDir: /input/data/work/46/872e1fa10c7c7670e0709e231350d1]
Dec-01 13:16:06.527 [Task monitor] DEBUG n.processor.TaskPollingMonitor - Task completed > TaskHandler[id: 16; name: writeLargeFile (16); status: COMPLETED; exit: 0; error: -; workDir: /input/data/work/51/8943cb1a494475236d485483484764]
Dec-01 13:16:06.570 [Task monitor] DEBUG n.processor.TaskPollingMonitor - Task completed > TaskHandler[id: 33; name: writeLargeFile (33); status: COMPLETED; exit: 0; error: -; workDir: /input/data/work/2a/aa4356d7efa87dcacfb7cc262a5695]
Dec-01 13:16:06.612 [Task monitor] DEBUG n.processor.TaskPollingMonitor - Task completed > TaskHandler[id: 35; name: writeLargeFile (35); status: COMPLETED; exit: 0; error: -; workDir: /input/data/work/79/87b2e032bcc5ec4be7bc076552dd88]
Dec-01 13:16:06.658 [Task monitor] DEBUG n.processor.TaskPollingMonitor - Task completed > TaskHandler[id: 34; name: writeLargeFile (34); status: COMPLETED; exit: 0; error: -; workDir: /input/data/work/96/0355bc3b3ed675aa3583358d6a5174]
Dec-01 13:16:06.701 [Task monitor] DEBUG n.processor.TaskPollingMonitor - Task completed > TaskHandler[id: 36; name: writeLargeFile (36); status: COMPLETED; exit: 0; error: -; workDir: /input/data/work/31/91d12a7607fc42165987f2f5b480c4]
Dec-01 13:16:06.745 [Task monitor] DEBUG n.processor.TaskPollingMonitor - Task completed > TaskHandler[id: 38; name: writeLargeFile (38); status: COMPLETED; exit: 0; error: -; workDir: /input/data/work/5f/50b2bffa04e0faa9e409b6b2493073]
Dec-01 13:16:06.784 [Task monitor] DEBUG n.processor.TaskPollingMonitor - Task completed > TaskHandler[id: 37; name: writeLargeFile (37); status: COMPLETED; exit: 0; error: -; workDir: /input/data/work/f0/a785a6e37af0dea64c2fcee8811ab8]
Dec-01 13:16:06.826 [Task monitor] DEBUG n.processor.TaskPollingMonitor - Task completed > TaskHandler[id: 40; name: writeLargeFile (40); status: COMPLETED; exit: 0; error: -; workDir: /input/data/work/d3/a0317bcdd43747a8b0343661af06bd]
Dec-01 13:16:06.861 [Task monitor] DEBUG n.processor.TaskPollingMonitor - Task completed > TaskHandler[id: 39; name: writeLargeFile (39); status: COMPLETED; exit: 0; error: -; workDir: /input/data/work/62/97666f2e58da6fe3a7b36c71d7689e]
Dec-01 13:16:06.902 [Task monitor] DEBUG n.processor.TaskPollingMonitor - Task completed > TaskHandler[id: 42; name: writeLargeFile (42); status: COMPLETED; exit: 0; error: -; workDir: /input/data/work/48/b1821e02101cf2a0486c42714a198e]
Dec-01 13:16:06.941 [Task monitor] DEBUG n.processor.TaskPollingMonitor - Task completed > TaskHandler[id: 41; name: writeLargeFile (41); status: COMPLETED; exit: 0; error: -; workDir: /input/data/work/c1/6d7010602f39e521e6bdbb03ad6372]
Dec-01 13:16:08.420 [Task monitor] DEBUG n.processor.TaskPollingMonitor - Task completed > TaskHandler[id: 13; name: writeLargeFile (13); status: COMPLETED; exit: 0; error: -; workDir: /input/data/work/31/169e2bebd3b55e685b4724805e11ec]
Dec-01 13:16:08.456 [Task monitor] DEBUG n.processor.TaskPollingMonitor - Task completed > TaskHandler[id: 24; name: writeLargeFile (24); status: COMPLETED; exit: 0; error: -; workDir: /input/data/work/5f/1a9c512519d73f970436430af51efa]
Dec-01 13:16:08.489 [Task monitor] DEBUG n.processor.TaskPollingMonitor - Task completed > TaskHandler[id: 14; name: writeLargeFile (14); status: COMPLETED; exit: 0; error: -; workDir: /input/data/work/79/1349a057100bbd82840a49d74dc6ce]
Dec-01 13:16:18.472 [Task monitor] DEBUG n.processor.TaskPollingMonitor - Task completed > TaskHandler[id: 44; name: writeLargeFile (44); status: COMPLETED; exit: 0; error: -; workDir: /input/data/work/99/21869affa94ccc693ce5d842b9df5f]
Dec-01 13:16:18.532 [Task monitor] DEBUG n.processor.TaskPollingMonitor - Task completed > TaskHandler[id: 43; name: writeLargeFile (43); status: COMPLETED; exit: 0; error: -; workDir: /input/data/work/89/ac7faa28552015389148bfac927b4d]
Dec-01 13:16:18.590 [Task monitor] DEBUG n.processor.TaskPollingMonitor - Task completed > TaskHandler[id: 45; name: writeLargeFile (45); status: COMPLETED; exit: 0; error: -; workDir: /input/data/work/9d/48c36b56ce7a21e34a661252f6efec]
Dec-01 13:16:18.648 [Task monitor] DEBUG n.processor.TaskPollingMonitor - Task completed > TaskHandler[id: 46; name: writeLargeFile (46); status: COMPLETED; exit: 0; error: -; workDir: /input/data/work/64/bb60656c6488ff43840e17b69851b1]
Dec-01 13:16:18.687 [Task monitor] DEBUG n.processor.TaskPollingMonitor - Task completed > TaskHandler[id: 47; name: writeLargeFile (47); status: COMPLETED; exit: 0; error: -; workDir: /input/data/work/0f/e0401df2ebd9a0c4cdf5d284760a49]
Dec-01 13:16:18.730 [Task monitor] DEBUG n.processor.TaskPollingMonitor - Task completed > TaskHandler[id: 49; name: writeLargeFile (49); status: COMPLETED; exit: 0; error: -; workDir: /input/data/work/85/22c6b07022a0449385af3f6daaf30f]
Dec-01 13:16:19.838 [Task monitor] DEBUG n.processor.TaskPollingMonitor - Task completed > TaskHandler[id: 58; name: writeLargeFile (58); status: COMPLETED; exit: 0; error: -; workDir: /input/data/work/48/17990dc0100cc343d23d21598df1f6]
Dec-01 13:16:19.977 [Task monitor] DEBUG n.processor.TaskPollingMonitor - Task completed > TaskHandler[id: 56; name: writeLargeFile (56); status: COMPLETED; exit: 0; error: -; workDir: /input/data/work/27/2429312b2f15c6a775201667d30110]
Dec-01 13:16:20.120 [Task monitor] DEBUG n.processor.TaskPollingMonitor - Task completed > TaskHandler[id: 60; name: writeLargeFile (60); status: COMPLETED; exit: 0; error: -; workDir: /input/data/work/55/61944f2639ae2f7a3b7d8aff2443db]
Dec-01 13:16:23.504 [Task monitor] DEBUG n.processor.TaskPollingMonitor - Task completed > TaskHandler[id: 77; name: writeLargeFile (77); status: COMPLETED; exit: 0; error: -; workDir: /input/data/work/09/82af857db2c5f0e5f89e44d497ff13]
Dec-01 13:16:23.627 [Task monitor] DEBUG n.processor.TaskPollingMonitor - Task completed > TaskHandler[id: 48; name: writeLargeFile (48); status: COMPLETED; exit: 0; error: -; workDir: /input/data/work/f9/9c4325de22e595d3745799db89b750]
Dec-01 13:16:23.752 [Task monitor] DEBUG n.processor.TaskPollingMonitor - Task completed > TaskHandler[id: 50; name: writeLargeFile (50); status: COMPLETED; exit: 0; error: -; workDir: /input/data/work/f6/0771011e22ecf8e4086185d4a7113e]
Dec-01 13:16:23.877 [Task monitor] DEBUG n.processor.TaskPollingMonitor - Task completed > TaskHandler[id: 51; name: writeLargeFile (51); status: COMPLETED; exit: 0; error: -; workDir: /input/data/work/30/8ad95929f88d309c18ee127874cba3]
Dec-01 13:16:23.983 [Task monitor] DEBUG n.processor.TaskPollingMonitor - Task completed > TaskHandler[id: 52; name: writeLargeFile (52); status: COMPLETED; exit: 0; error: -; workDir: /input/data/work/0e/049e9c5f23eeb1729d3e1f977b61a9]
Dec-01 13:16:24.086 [Task monitor] DEBUG n.processor.TaskPollingMonitor - Task completed > TaskHandler[id: 53; name: writeLargeFile (53); status: COMPLETED; exit: 0; error: -; workDir: /input/data/work/b1/3942c9933cfd4df0a5223ed2bed5f5]
Dec-01 13:16:24.179 [Task monitor] DEBUG n.processor.TaskPollingMonitor - Task completed > TaskHandler[id: 54; name: writeLargeFile (54); status: COMPLETED; exit: 0; error: -; workDir: /input/data/work/c1/ff644722f445af509ad88e71d31822]
Dec-01 13:16:24.293 [Task monitor] DEBUG n.processor.TaskPollingMonitor - Task completed > TaskHandler[id: 55; name: writeLargeFile (55); status: COMPLETED; exit: 0; error: -; workDir: /input/data/work/56/8149b1ab7e8931c130ecb7c6e8bafa]
Dec-01 13:16:24.353 [Task monitor] DEBUG n.processor.TaskPollingMonitor - Task completed > TaskHandler[id: 57; name: writeLargeFile (57); status: COMPLETED; exit: 0; error: -; workDir: /input/data/work/ba/d67faf158d1243eea4dbab9b4d3128]
Dec-01 13:16:24.983 [Task monitor] DEBUG n.processor.TaskPollingMonitor - Task completed > TaskHandler[id: 59; name: writeLargeFile (59); status: COMPLETED; exit: 0; error: -; workDir: /input/data/work/5c/bdca6b0a930b4565537f6d7dd0a5dd]
Dec-01 13:16:26.275 [Task monitor] DEBUG n.processor.TaskPollingMonitor - Task completed > TaskHandler[id: 61; name: writeLargeFile (61); status: COMPLETED; exit: 0; error: -; workDir: /input/data/work/66/8abe4ee9b81c8f454b226018609371]
Dec-01 13:16:26.340 [Task monitor] DEBUG n.processor.TaskPollingMonitor - Task completed > TaskHandler[id: 62; name: writeLargeFile (62); status: COMPLETED; exit: 0; error: -; workDir: /input/data/work/ca/ef1d5e1dfd37d204baf914951c4b68]
Dec-01 13:16:30.485 [Task monitor] DEBUG n.processor.TaskPollingMonitor - Task completed > TaskHandler[id: 64; name: writeLargeFile (64); status: COMPLETED; exit: 0; error: -; workDir: /input/data/work/37/151e43fc1af603747f28fceb7e651e]
Dec-01 13:16:34.168 [Task monitor] DEBUG n.processor.TaskPollingMonitor - Task completed > TaskHandler[id: 63; name: writeLargeFile (63); status: COMPLETED; exit: 0; error: -; workDir: /input/data/work/b9/d5f42f55bc51e84a36eed3e41b4c99]
Dec-01 13:16:52.837 [Task monitor] DEBUG n.processor.TaskPollingMonitor - Task completed > TaskHandler[id: 65; name: writeLargeFile (65); status: COMPLETED; exit: 0; error: -; workDir: /input/data/work/d6/11b8471c3a3e69725a44afac5e13ea]
Dec-01 13:17:09.709 [Task monitor] DEBUG n.processor.TaskPollingMonitor - Task completed > TaskHandler[id: 73; name: writeLargeFile (73); status: COMPLETED; exit: 0; error: -; workDir: /input/data/work/ec/7cbe57c2a9388157861e50058b315c]
Dec-01 13:17:09.753 [Task monitor] DEBUG n.processor.TaskPollingMonitor - Task completed > TaskHandler[id: 74; name: writeLargeFile (74); status: COMPLETED; exit: 0; error: -; workDir: /input/data/work/73/e5353fd9b9bf54c550610178c84828]
Dec-01 13:17:09.796 [Task monitor] DEBUG n.processor.TaskPollingMonitor - Task completed > TaskHandler[id: 72; name: writeLargeFile (72); status: COMPLETED; exit: 0; error: -; workDir: /input/data/work/5d/86543096bcc683f9066a6770f4cd8f]
Dec-01 13:17:14.624 [Task monitor] DEBUG n.processor.TaskPollingMonitor - Task completed > TaskHandler[id: 66; name: writeLargeFile (66); status: COMPLETED; exit: 0; error: -; workDir: /input/data/work/58/887b850495625563261abe2fd36c50]
Dec-01 13:17:14.684 [Task monitor] DEBUG n.processor.TaskPollingMonitor - Task completed > TaskHandler[id: 67; name: writeLargeFile (67); status: COMPLETED; exit: 0; error: -; workDir: /input/data/work/be/cdbe8f1bf29e24d5b876d1faec6a84]
Dec-01 13:17:14.731 [Task monitor] DEBUG n.processor.TaskPollingMonitor - Task completed > TaskHandler[id: 68; name: writeLargeFile (68); status: COMPLETED; exit: 0; error: -; workDir: /input/data/work/02/73e6dc7f7b9316117d59fae0278a9b]
Dec-01 13:17:19.645 [Task monitor] DEBUG n.processor.TaskPollingMonitor - Task completed > TaskHandler[id: 69; name: writeLargeFile (69); status: COMPLETED; exit: 0; error: -; workDir: /input/data/work/4c/6e43d305364d1f97f82eca275ecb4d]
Dec-01 13:17:25.479 [Task monitor] DEBUG n.processor.TaskPollingMonitor - Task completed > TaskHandler[id: 71; name: writeLargeFile (71); status: COMPLETED; exit: 0; error: -; workDir: /input/data/work/a5/8675f66bca367be8b8ea3ea4406e41]
Dec-01 13:17:25.629 [Task monitor] DEBUG n.processor.TaskPollingMonitor - Task completed > TaskHandler[id: 70; name: writeLargeFile (70); status: COMPLETED; exit: 0; error: -; workDir: /input/data/work/3e/e487c279b4e273a2200ca04580a0c8]
Dec-01 13:17:26.068 [Task monitor] DEBUG n.processor.TaskPollingMonitor - Task completed > TaskHandler[id: 75; name: writeLargeFile (75); status: COMPLETED; exit: 0; error: -; workDir: /input/data/work/ed/3df8ee885edcdfb3510f59c802053b]
Dec-01 13:17:26.183 [Task monitor] DEBUG n.processor.TaskPollingMonitor - Task completed > TaskHandler[id: 76; name: writeLargeFile (76); status: COMPLETED; exit: 0; error: -; workDir: /input/data/work/53/1d97882943996c054b23f45817bf83]
Dec-01 13:17:26.293 [Task monitor] DEBUG n.processor.TaskPollingMonitor - Task completed > TaskHandler[id: 78; name: writeLargeFile (78); status: COMPLETED; exit: 0; error: -; workDir: /input/data/work/b2/e3d2479f28a92fe5faf09aaa7e70bb]
Dec-01 13:17:26.372 [Task monitor] DEBUG n.processor.TaskPollingMonitor - Task completed > TaskHandler[id: 79; name: writeLargeFile (79); status: COMPLETED; exit: 0; error: -; workDir: /input/data/work/96/c9a2a1dc15a4c5f0a47598ca81609f]
Dec-01 13:17:26.481 [Task monitor] DEBUG n.processor.TaskPollingMonitor - Task completed > TaskHandler[id: 80; name: writeLargeFile (80); status: COMPLETED; exit: 0; error: -; workDir: /input/data/work/16/a3825bf5a45380f27444cb0890e69c]
Dec-01 13:17:28.746 [Task monitor] DEBUG n.processor.TaskPollingMonitor - Task completed > TaskHandler[id: 81; name: writeLargeFile (81); status: COMPLETED; exit: 0; error: -; workDir: /input/data/work/4d/e8fc103026ecb0f5a0fd2920d11d6f]
Dec-01 13:17:29.545 [Task monitor] DEBUG n.processor.TaskPollingMonitor - Task completed > TaskHandler[id: 83; name: writeLargeFile (83); status: COMPLETED; exit: 0; error: -; workDir: /input/data/work/7d/8058c7fa66033ac3468ee13c554140]
Dec-01 13:17:29.806 [Task monitor] DEBUG n.processor.TaskPollingMonitor - Task completed > TaskHandler[id: 85; name: writeLargeFile (85); status: COMPLETED; exit: 0; error: -; workDir: /input/data/work/df/18f87d7c0d86ba49c0b065f17199cc]
Dec-01 13:17:30.052 [Task monitor] DEBUG n.processor.TaskPollingMonitor - Task completed > TaskHandler[id: 87; name: writeLargeFile (87); status: COMPLETED; exit: 0; error: -; workDir: /input/data/work/2f/0d6669c1f8aee68d50d825f699decf]
Dec-01 13:17:30.244 [Task monitor] DEBUG n.processor.TaskPollingMonitor - Task completed > TaskHandler[id: 88; name: writeLargeFile (88); status: COMPLETED; exit: 0; error: -; workDir: /input/data/work/23/7a4c524c11b41f8308fd7251ab8f56]
Dec-01 13:17:30.415 [Task monitor] DEBUG n.processor.TaskPollingMonitor - Task completed > TaskHandler[id: 89; name: writeLargeFile (89); status: COMPLETED; exit: 0; error: -; workDir: /input/data/work/5a/a7878b6919e980cb3a7b65a0f4106e]
Dec-01 13:17:30.595 [Task monitor] DEBUG n.processor.TaskPollingMonitor - Task completed > TaskHandler[id: 90; name: writeLargeFile (90); status: COMPLETED; exit: 0; error: -; workDir: /input/data/work/60/afd0570407e8ee3fcc9b034902d4b9]
Dec-01 13:17:31.588 [Task monitor] DEBUG n.processor.TaskPollingMonitor - Task completed > TaskHandler[id: 82; name: writeLargeFile (82); status: COMPLETED; exit: 0; error: -; workDir: /input/data/work/01/c356711bc490705c7daf01aa74fe84]
Dec-01 13:17:31.694 [Task monitor] DEBUG n.processor.TaskPollingMonitor - Task completed > TaskHandler[id: 84; name: writeLargeFile (84); status: COMPLETED; exit: 0; error: -; workDir: /input/data/work/c6/693d349e684bb78bb0c3219c4a97e3]
Dec-01 13:17:31.808 [Task monitor] DEBUG n.processor.TaskPollingMonitor - Task completed > TaskHandler[id: 86; name: writeLargeFile (86); status: COMPLETED; exit: 0; error: -; workDir: /input/data/work/70/c6a9e1b88a082a9a9035be20a1042f]
Dec-01 13:17:36.488 [Task monitor] DEBUG n.processor.TaskPollingMonitor - Task completed > TaskHandler[id: 92; name: writeLargeFile (92); status: COMPLETED; exit: 0; error: -; workDir: /input/data/work/ec/674da913596eab6222a72fb64b9965]
Dec-01 13:17:36.532 [Task monitor] DEBUG n.processor.TaskPollingMonitor - Task completed > TaskHandler[id: 91; name: writeLargeFile (91); status: COMPLETED; exit: 0; error: -; workDir: /input/data/work/f4/35bb10f6de1409e50215ebf115ab36]
Dec-01 13:17:36.571 [Task monitor] DEBUG n.processor.TaskPollingMonitor - Task completed > TaskHandler[id: 93; name: writeLargeFile (93); status: COMPLETED; exit: 0; error: -; workDir: /input/data/work/01/ab589c9a91326ce73627c70a14c920]
Dec-01 13:17:41.482 [Task monitor] DEBUG n.processor.TaskPollingMonitor - Task completed > TaskHandler[id: 96; name: writeLargeFile (96); status: COMPLETED; exit: 0; error: -; workDir: /input/data/work/99/48b8a8c3400aafab1b8765bfd04b85]
Dec-01 13:17:41.521 [Task monitor] DEBUG n.processor.TaskPollingMonitor - Task completed > TaskHandler[id: 94; name: writeLargeFile (94); status: COMPLETED; exit: 0; error: -; workDir: /input/data/work/99/b26cc1e56e5c890756a626fd095e79]
Dec-01 13:17:41.561 [Task monitor] DEBUG n.processor.TaskPollingMonitor - Task completed > TaskHandler[id: 95; name: writeLargeFile (95); status: COMPLETED; exit: 0; error: -; workDir: /input/data/work/e7/a3bb698bb711746f848fb6a9781a2e]
Dec-01 13:17:41.606 [Task monitor] DEBUG n.processor.TaskPollingMonitor - Task completed > TaskHandler[id: 97; name: writeLargeFile (97); status: COMPLETED; exit: 0; error: -; workDir: /input/data/work/c7/314042d6cb960e19e4ece14fcfdf00]
Dec-01 13:17:41.647 [Task monitor] DEBUG n.processor.TaskPollingMonitor - Task completed > TaskHandler[id: 98; name: writeLargeFile (98); status: COMPLETED; exit: 0; error: -; workDir: /input/data/work/22/0c89dbe2ba94a0701828f7ff013a09]
Dec-01 13:17:41.687 [Task monitor] DEBUG n.processor.TaskPollingMonitor - Task completed > TaskHandler[id: 99; name: writeLargeFile (99); status: COMPLETED; exit: 0; error: -; workDir: /input/data/work/9c/3d4ad4b088d4d5cbaee0cdfc72f300]
Dec-01 13:17:41.723 [Task monitor] DEBUG n.processor.TaskPollingMonitor - Task completed > TaskHandler[id: 100; name: writeLargeFile (100); status: COMPLETED; exit: 0; error: -; workDir: /input/data/work/7b/6151cc05a7e661cb4150efca9b9afd]
Dec-01 13:17:41.791 [Task submitter] INFO  nextflow.Session - [2a/23bdc4] Submitted process > combineFilesB (26)
Dec-01 13:17:41.822 [Task submitter] INFO  nextflow.Session - [4f/ba4629] Submitted process > combineFilesA (7)
Dec-01 13:17:41.847 [Task submitter] INFO  nextflow.Session - [5a/2a5063] Submitted process > combineFilesA (14)
Dec-01 13:17:41.874 [Task submitter] INFO  nextflow.Session - [ae/547b78] Submitted process > combineFilesA (1)
Dec-01 13:17:41.900 [Task submitter] INFO  nextflow.Session - [e7/de6ef3] Submitted process > combineFilesA (6)
Dec-01 13:17:41.925 [Task submitter] INFO  nextflow.Session - [69/aba728] Submitted process > combineFilesA (11)
Dec-01 13:17:41.956 [Task submitter] INFO  nextflow.Session - [79/c8715b] Submitted process > combineFilesB (8)
Dec-01 13:17:41.983 [Task submitter] INFO  nextflow.Session - [30/5dc0dc] Submitted process > combineFilesA (31)
Dec-01 13:17:42.009 [Task submitter] INFO  nextflow.Session - [1a/d209f1] Submitted process > combineFilesA (25)
Dec-01 13:17:42.033 [Task submitter] INFO  nextflow.Session - [95/246f3d] Submitted process > combineFilesA (22)
Dec-01 13:17:42.058 [Task submitter] INFO  nextflow.Session - [5d/6778f9] Submitted process > combineFilesA (16)
Dec-01 13:17:42.082 [Task submitter] INFO  nextflow.Session - [a7/b2a369] Submitted process > combineFilesA (9)
Dec-01 13:17:42.107 [Task submitter] INFO  nextflow.Session - [2c/03c030] Submitted process > combineFilesA (32)
Dec-01 13:17:42.134 [Task submitter] INFO  nextflow.Session - [85/7d52be] Submitted process > combineFilesA (18)
Dec-01 13:17:42.158 [Task submitter] INFO  nextflow.Session - [23/36151f] Submitted process > combineFilesA (10)
Dec-01 13:17:42.183 [Task submitter] INFO  nextflow.Session - [f7/b2da6e] Submitted process > combineFilesB (2)
Dec-01 13:17:42.208 [Task submitter] INFO  nextflow.Session - [be/bc79b3] Submitted process > combineFilesB (11)
Dec-01 13:17:42.237 [Task submitter] INFO  nextflow.Session - [60/5ea2e1] Submitted process > combineFilesB (17)
Dec-01 13:17:42.263 [Task submitter] INFO  nextflow.Session - [84/ef3148] Submitted process > combineFilesB (3)
Dec-01 13:17:42.289 [Task submitter] INFO  nextflow.Session - [63/eeea45] Submitted process > combineFilesB (6)
Dec-01 13:17:42.314 [Task submitter] INFO  nextflow.Session - [33/f0051e] Submitted process > combineFilesA (34)
Dec-01 13:17:42.339 [Task submitter] INFO  nextflow.Session - [1a/d3e889] Submitted process > combineFilesB (14)
Dec-01 13:17:42.363 [Task submitter] INFO  nextflow.Session - [fa/4e2525] Submitted process > combineFilesA (15)
Dec-01 13:17:42.388 [Task submitter] INFO  nextflow.Session - [83/3052e8] Submitted process > combineFilesA (2)
Dec-01 13:17:42.416 [Task submitter] INFO  nextflow.Session - [b1/0020b6] Submitted process > combineFilesB (18)
Dec-01 13:17:42.445 [Task submitter] INFO  nextflow.Session - [c6/4ca4e9] Submitted process > combineFilesB (13)
Dec-01 13:17:42.468 [Task submitter] INFO  nextflow.Session - [6d/3dd957] Submitted process > combineFilesA (20)
Dec-01 13:17:42.500 [Task submitter] INFO  nextflow.Session - [6d/636df0] Submitted process > combineFilesA (24)
Dec-01 13:17:42.523 [Task submitter] INFO  nextflow.Session - [74/c798af] Submitted process > combineFilesB (12)
Dec-01 13:17:42.547 [Task submitter] INFO  nextflow.Session - [0d/d42390] Submitted process > combineFilesB (9)
Dec-01 13:17:42.574 [Task submitter] INFO  nextflow.Session - [c8/e790a5] Submitted process > combineFilesA (13)
Dec-01 13:17:42.598 [Task submitter] INFO  nextflow.Session - [e0/ebe333] Submitted process > combineFilesB (19)
Dec-01 13:17:42.624 [Task submitter] INFO  nextflow.Session - [ab/7df88a] Submitted process > combineFilesB (1)
Dec-01 13:17:42.650 [Task submitter] INFO  nextflow.Session - [39/6d26af] Submitted process > combineFilesB (10)
Dec-01 13:17:42.677 [Task submitter] INFO  nextflow.Session - [75/6559a1] Submitted process > combineFilesA (5)
Dec-01 13:17:42.716 [Task submitter] INFO  nextflow.Session - [fe/a7060f] Submitted process > combineFilesA (4)
Dec-01 13:17:42.742 [Task submitter] INFO  nextflow.Session - [86/e80b5a] Submitted process > combineFilesA (28)
Dec-01 13:17:42.770 [Task submitter] INFO  nextflow.Session - [20/8847a4] Submitted process > combineFilesA (3)
Dec-01 13:17:42.796 [Task submitter] INFO  nextflow.Session - [6c/ca00be] Submitted process > combineFilesB (5)
Dec-01 13:17:42.822 [Task submitter] INFO  nextflow.Session - [bb/833b8c] Submitted process > combineFilesA (33)
Dec-01 13:17:42.847 [Task submitter] INFO  nextflow.Session - [a4/443d09] Submitted process > combineFilesA (8)
Dec-01 13:17:42.876 [Task submitter] INFO  nextflow.Session - [67/f1e2fa] Submitted process > combineFilesB (24)
Dec-01 13:17:42.902 [Task submitter] INFO  nextflow.Session - [8a/f931ff] Submitted process > combineFilesB (25)
Dec-01 13:17:42.931 [Task submitter] INFO  nextflow.Session - [b5/a927c5] Submitted process > combineFilesA (12)
Dec-01 13:17:42.959 [Task submitter] INFO  nextflow.Session - [50/8acc64] Submitted process > combineFilesB (7)
Dec-01 13:17:42.988 [Task submitter] INFO  nextflow.Session - [52/6a4e44] Submitted process > combineFilesB (20)
Dec-01 13:17:43.014 [Task submitter] INFO  nextflow.Session - [8f/dd3c60] Submitted process > combineFilesA (29)
Dec-01 13:17:43.039 [Task submitter] INFO  nextflow.Session - [3c/8c4db2] Submitted process > combineFilesB (4)
Dec-01 13:17:43.071 [Task submitter] INFO  nextflow.Session - [8f/bccde6] Submitted process > combineFilesB (22)
Dec-01 13:17:43.098 [Task submitter] INFO  nextflow.Session - [cd/580e80] Submitted process > combineFilesA (27)
Dec-01 13:17:43.125 [Task submitter] INFO  nextflow.Session - [3d/afee74] Submitted process > combineFilesB (15)
Dec-01 13:17:43.162 [Task submitter] INFO  nextflow.Session - [61/7bd050] Submitted process > combineFilesB (21)
Dec-01 13:17:43.192 [Task submitter] INFO  nextflow.Session - [d7/620bf5] Submitted process > combineFilesA (26)
Dec-01 13:17:43.226 [Task submitter] INFO  nextflow.Session - [91/474903] Submitted process > combineFilesA (23)
Dec-01 13:17:43.254 [Task submitter] INFO  nextflow.Session - [50/cc9834] Submitted process > combineFilesB (16)
Dec-01 13:17:43.282 [Task submitter] INFO  nextflow.Session - [0c/fd2297] Submitted process > combineFilesA (19)
Dec-01 13:17:43.309 [Task submitter] INFO  nextflow.Session - [82/64c644] Submitted process > combineFilesA (30)
Dec-01 13:17:43.339 [Task submitter] INFO  nextflow.Session - [bc/d8d8e2] Submitted process > combineFilesB (23)
Dec-01 13:17:43.365 [Task submitter] INFO  nextflow.Session - [82/4eff9e] Submitted process > combineFilesA (21)
Dec-01 13:17:43.392 [Task submitter] INFO  nextflow.Session - [94/f74b1d] Submitted process > combineFilesA (17)
Dec-01 13:18:27.653 [Task monitor] DEBUG n.processor.TaskPollingMonitor - Task completed > TaskHandler[id: 103; name: combineFilesA (2); status: COMPLETED; exit: 0; error: -; workDir: /input/data/work/83/3052e82a54ad7db2713543ab36541a]
Dec-01 13:18:56.444 [Task monitor] DEBUG n.processor.TaskPollingMonitor - !! executor k8s > tasks to be completed: 59 -- submitted tasks are shown below
~> TaskHandler[id: 155; name: combineFilesB (26); status: RUNNING; exit: -; error: -; workDir: /input/data/work/2a/23bdc436369b1b4936560458da7c44]
~> TaskHandler[id: 112; name: combineFilesA (7); status: RUNNING; exit: -; error: -; workDir: /input/data/work/4f/ba4629693e15fd41a5440e66cd1349]
~> TaskHandler[id: 125; name: combineFilesA (14); status: RUNNING; exit: -; error: -; workDir: /input/data/work/5a/2a5063cd4c42e60e4fdafe0b9e4739]
~> TaskHandler[id: 102; name: combineFilesA (1); status: RUNNING; exit: -; error: -; workDir: /input/data/work/ae/547b788dea3563ac93f6a5cbf963ab]
~> TaskHandler[id: 110; name: combineFilesA (6); status: RUNNING; exit: -; error: -; workDir: /input/data/work/e7/de6ef3a7542acd0168839747be671a]
~> TaskHandler[id: 119; name: combineFilesA (11); status: RUNNING; exit: -; error: -; workDir: /input/data/work/69/aba7285f253e3b6e6d947c28a791af]
~> TaskHandler[id: 118; name: combineFilesB (8); status: RUNNING; exit: -; error: -; workDir: /input/data/work/79/c8715ba2785c4287aa29d32802902c]
~> TaskHandler[id: 157; name: combineFilesA (31); status: RUNNING; exit: -; error: -; workDir: /input/data/work/30/5dc0dca288728f0d209829134ae7c8]
~> TaskHandler[id: 146; name: combineFilesA (25); status: RUNNING; exit: -; error: -; workDir: /input/data/work/1a/d209f1eeedc9a02e9ee9108ce0f7e9]
~> TaskHandler[id: 139; name: combineFilesA (22); status: RUNNING; exit: -; error: -; workDir: /input/data/work/95/246f3d0c72bd0026e0182986fde42d]
.. remaining tasks omitted.
Dec-01 13:19:19.226 [Task monitor] DEBUG n.processor.TaskPollingMonitor - Task completed > TaskHandler[id: 119; name: combineFilesA (11); status: COMPLETED; exit: 0; error: -; workDir: /input/data/work/69/aba7285f253e3b6e6d947c28a791af]
Dec-01 13:19:37.292 [Task monitor] DEBUG n.processor.TaskPollingMonitor - Task completed > TaskHandler[id: 155; name: combineFilesB (26); status: COMPLETED; exit: 0; error: -; workDir: /input/data/work/2a/23bdc436369b1b4936560458da7c44]
Dec-01 13:19:57.255 [Task monitor] DEBUG n.processor.TaskPollingMonitor - Task completed > TaskHandler[id: 125; name: combineFilesA (14); status: COMPLETED; exit: 0; error: -; workDir: /input/data/work/5a/2a5063cd4c42e60e4fdafe0b9e4739]
Dec-01 13:19:57.449 [Task monitor] DEBUG n.processor.TaskPollingMonitor - Task completed > TaskHandler[id: 110; name: combineFilesA (6); status: COMPLETED; exit: 0; error: -; workDir: /input/data/work/e7/de6ef3a7542acd0168839747be671a]
Dec-01 13:19:58.193 [Task monitor] DEBUG n.processor.TaskPollingMonitor - Task completed > TaskHandler[id: 160; name: combineFilesA (34); status: COMPLETED; exit: 0; error: -; workDir: /input/data/work/33/f0051e69bb6a357e6915313294cbbe]
Dec-01 13:20:02.195 [Task monitor] DEBUG n.processor.TaskPollingMonitor - Task completed > TaskHandler[id: 102; name: combineFilesA (1); status: COMPLETED; exit: 0; error: -; workDir: /input/data/work/ae/547b788dea3563ac93f6a5cbf963ab]
Dec-01 13:20:02.276 [Task monitor] DEBUG n.processor.TaskPollingMonitor - Task completed > TaskHandler[id: 157; name: combineFilesA (31); status: COMPLETED; exit: 0; error: -; workDir: /input/data/work/30/5dc0dca288728f0d209829134ae7c8]
Dec-01 13:20:02.425 [Task monitor] DEBUG n.processor.TaskPollingMonitor - Task completed > TaskHandler[id: 104; name: combineFilesB (2); status: COMPLETED; exit: 0; error: -; workDir: /input/data/work/f7/b2da6ef65a27197b14c6f6ee2d077c]
Dec-01 13:20:07.244 [Task monitor] DEBUG n.processor.TaskPollingMonitor - Task completed > TaskHandler[id: 112; name: combineFilesA (7); status: COMPLETED; exit: 0; error: -; workDir: /input/data/work/4f/ba4629693e15fd41a5440e66cd1349]
Dec-01 13:20:07.469 [Task monitor] DEBUG n.processor.TaskPollingMonitor - Task completed > TaskHandler[id: 139; name: combineFilesA (22); status: COMPLETED; exit: 0; error: -; workDir: /input/data/work/95/246f3d0c72bd0026e0182986fde42d]
Dec-01 13:20:24.426 [Task monitor] DEBUG n.processor.TaskPollingMonitor - Task completed > TaskHandler[id: 118; name: combineFilesB (8); status: COMPLETED; exit: 0; error: -; workDir: /input/data/work/79/c8715ba2785c4287aa29d32802902c]
Dec-01 13:20:24.925 [Task monitor] DEBUG n.processor.TaskPollingMonitor - Task completed > TaskHandler[id: 117; name: combineFilesA (10); status: COMPLETED; exit: 0; error: -; workDir: /input/data/work/23/36151fb8edc78ce1131578c5a5f73a]
Dec-01 13:20:27.064 [Task monitor] DEBUG n.processor.TaskPollingMonitor - Task completed > TaskHandler[id: 127; name: combineFilesA (15); status: COMPLETED; exit: 0; error: -; workDir: /input/data/work/fa/4e252512d84951f95be4e9fc4b9ce2]
Dec-01 13:20:44.596 [Task monitor] DEBUG n.processor.TaskPollingMonitor - Task completed > TaskHandler[id: 132; name: combineFilesA (18); status: COMPLETED; exit: 0; error: -; workDir: /input/data/work/85/7d52be9f0669fa8366a534e8ae32b6]
Dec-01 13:20:45.501 [Task monitor] DEBUG n.processor.TaskPollingMonitor - Task completed > TaskHandler[id: 131; name: combineFilesB (14); status: COMPLETED; exit: 0; error: -; workDir: /input/data/work/1a/d3e889c87dda9ba9026928b8fb0c75]
Dec-01 13:20:49.495 [Task monitor] DEBUG n.processor.TaskPollingMonitor - Task completed > TaskHandler[id: 128; name: combineFilesA (16); status: COMPLETED; exit: 0; error: -; workDir: /input/data/work/5d/6778f9f7dd29f202ba8110b59373c4]
Dec-01 13:20:50.187 [Task monitor] DEBUG n.processor.TaskPollingMonitor - Task completed > TaskHandler[id: 115; name: combineFilesA (9); status: COMPLETED; exit: 0; error: -; workDir: /input/data/work/a7/b2a3698ae34b091a4bc125509d4c7c]
Dec-01 13:20:51.240 [Task monitor] DEBUG n.processor.TaskPollingMonitor - Task completed > TaskHandler[id: 158; name: combineFilesA (32); status: COMPLETED; exit: 0; error: -; workDir: /input/data/work/2c/03c0302c2db1b9e8424073e85d4458]
Dec-01 13:21:34.504 [Task monitor] DEBUG n.processor.TaskPollingMonitor - Task completed > TaskHandler[id: 138; name: combineFilesB (17); status: COMPLETED; exit: 0; error: -; workDir: /input/data/work/60/5ea2e140294d8255106f96a524092b]
Dec-01 13:21:59.487 [Task monitor] DEBUG n.processor.TaskPollingMonitor - Task completed > TaskHandler[id: 113; name: combineFilesB (6); status: COMPLETED; exit: 0; error: -; workDir: /input/data/work/63/eeea45ab8da85dd09620917737843f]
Dec-01 13:22:10.791 [Task monitor] DEBUG n.processor.TaskPollingMonitor - Task completed > TaskHandler[id: 106; name: combineFilesB (3); status: COMPLETED; exit: 0; error: -; workDir: /input/data/work/84/ef3148cb8b18fa09d434c4b2efc7c1]
Dec-01 13:22:42.441 [Task monitor] DEBUG n.processor.TaskPollingMonitor - Task completed > TaskHandler[id: 146; name: combineFilesA (25); status: COMPLETED; exit: 0; error: -; workDir: /input/data/work/1a/d209f1eeedc9a02e9ee9108ce0f7e9]
Dec-01 13:22:48.033 [Task monitor] DEBUG n.processor.TaskPollingMonitor - Task completed > TaskHandler[id: 124; name: combineFilesB (11); status: COMPLETED; exit: 0; error: -; workDir: /input/data/work/be/bc79b3193357fa5af7ace3f18fdc88]
Dec-01 13:22:59.794 [Task monitor] DEBUG n.processor.TaskPollingMonitor - Task completed > TaskHandler[id: 126; name: combineFilesB (12); status: COMPLETED; exit: 0; error: -; workDir: /input/data/work/74/c798af953d0b02036833954b5288e6]
Dec-01 13:23:00.022 [Task monitor] DEBUG n.processor.TaskPollingMonitor - Task completed > TaskHandler[id: 120; name: combineFilesB (9); status: COMPLETED; exit: 0; error: -; workDir: /input/data/work/0d/d423909c36cd8a342f73153fdf0429]
Dec-01 13:23:00.275 [Task monitor] DEBUG n.processor.TaskPollingMonitor - Task completed > TaskHandler[id: 141; name: combineFilesB (19); status: COMPLETED; exit: 0; error: -; workDir: /input/data/work/e0/ebe3339f58b9e2b70d662ae3853c40]
Dec-01 13:23:00.502 [Task monitor] DEBUG n.processor.TaskPollingMonitor - Task completed > TaskHandler[id: 101; name: combineFilesB (1); status: COMPLETED; exit: 0; error: -; workDir: /input/data/work/ab/7df88aa78179dcd684ad14b1ba889d]
Dec-01 13:23:01.996 [Task monitor] DEBUG n.processor.TaskPollingMonitor - Task completed > TaskHandler[id: 154; name: combineFilesB (25); status: COMPLETED; exit: 0; error: -; workDir: /input/data/work/8a/f931ff5b1eeb603754888d963d9583]
Dec-01 13:23:03.032 [Task monitor] DEBUG n.processor.TaskPollingMonitor - Task completed > TaskHandler[id: 147; name: combineFilesB (22); status: COMPLETED; exit: 0; error: -; workDir: /input/data/work/8f/bccde68537d177f757eab951fded61]
Dec-01 13:23:27.447 [Task monitor] DEBUG n.processor.TaskPollingMonitor - Task completed > TaskHandler[id: 140; name: combineFilesB (18); status: COMPLETED; exit: 0; error: -; workDir: /input/data/work/b1/0020b684efaaa8de8b331b989bf88a]
Dec-01 13:23:28.038 [Task monitor] DEBUG n.processor.TaskPollingMonitor - Task completed > TaskHandler[id: 122; name: combineFilesB (10); status: COMPLETED; exit: 0; error: -; workDir: /input/data/work/39/6d26afd73bbf86e4499c1ec88061ed]
Dec-01 13:24:00.950 [Task monitor] DEBUG n.processor.TaskPollingMonitor - !! executor k8s > tasks to be completed: 28 -- submitted tasks are shown below
~> TaskHandler[id: 129; name: combineFilesB (13); status: RUNNING; exit: -; error: -; workDir: /input/data/work/c6/4ca4e95b5eb7c8959c0abdd0dcf294]
~> TaskHandler[id: 136; name: combineFilesA (20); status: SUBMITTED; exit: -; error: -; workDir: /input/data/work/6d/3dd95731671ab857af02976b649a50]
~> TaskHandler[id: 145; name: combineFilesA (24); status: RUNNING; exit: -; error: -; workDir: /input/data/work/6d/636df02831c2098292ad22fe14ef3f]
~> TaskHandler[id: 123; name: combineFilesA (13); status: RUNNING; exit: -; error: -; workDir: /input/data/work/c8/e790a505f6c877ef335b2d1a593e65]
~> TaskHandler[id: 109; name: combineFilesA (5); status: RUNNING; exit: -; error: -; workDir: /input/data/work/75/6559a1e9dafe36bacc34b93fff2d8d]
~> TaskHandler[id: 107; name: combineFilesA (4); status: SUBMITTED; exit: -; error: -; workDir: /input/data/work/fe/a7060f2613fb9b2ef05c090ad64ee1]
~> TaskHandler[id: 152; name: combineFilesA (28); status: RUNNING; exit: -; error: -; workDir: /input/data/work/86/e80b5aa6b3f29aa28fb440d7ee7a9b]
~> TaskHandler[id: 105; name: combineFilesA (3); status: RUNNING; exit: -; error: -; workDir: /input/data/work/20/8847a4cf6439808241c45e5e73e6be]
~> TaskHandler[id: 111; name: combineFilesB (5); status: RUNNING; exit: -; error: -; workDir: /input/data/work/6c/ca00be68167203a9bbae607f6ff7ec]
~> TaskHandler[id: 159; name: combineFilesA (33); status: RUNNING; exit: -; error: -; workDir: /input/data/work/bb/833b8cf67d5b7c762b93c576b0db49]
.. remaining tasks omitted.
Dec-01 13:24:35.552 [Task monitor] DEBUG n.processor.TaskPollingMonitor - Task completed > TaskHandler[id: 150; name: combineFilesB (24); status: COMPLETED; exit: 0; error: -; workDir: /input/data/work/67/f1e2fa582b1b8b3fcb0fb2e66e8791]
Dec-01 13:24:37.059 [Task monitor] DEBUG n.processor.TaskPollingMonitor - Task completed > TaskHandler[id: 135; name: combineFilesB (16); status: COMPLETED; exit: 0; error: -; workDir: /input/data/work/50/cc983461d46b955f63564cba220318]
Dec-01 13:24:37.455 [Task monitor] DEBUG n.processor.TaskPollingMonitor - Task completed > TaskHandler[id: 159; name: combineFilesA (33); status: COMPLETED; exit: 0; error: -; workDir: /input/data/work/bb/833b8cf67d5b7c762b93c576b0db49]
Dec-01 13:24:52.279 [Task monitor] DEBUG n.processor.TaskPollingMonitor - Task completed > TaskHandler[id: 129; name: combineFilesB (13); status: COMPLETED; exit: 0; error: -; workDir: /input/data/work/c6/4ca4e95b5eb7c8959c0abdd0dcf294]
Dec-01 13:24:53.861 [Task monitor] DEBUG n.processor.TaskPollingMonitor - Task completed > TaskHandler[id: 130; name: combineFilesA (17); status: COMPLETED; exit: 0; error: -; workDir: /input/data/work/94/f74b1dd32be532e055d044f4e0b646]
Dec-01 13:25:12.410 [Task monitor] DEBUG n.processor.TaskPollingMonitor - Task completed > TaskHandler[id: 143; name: combineFilesB (20); status: COMPLETED; exit: 0; error: -; workDir: /input/data/work/52/6a4e44975e6051bd1af007e815e738]
Dec-01 13:25:12.501 [Task monitor] DEBUG n.processor.TaskPollingMonitor - Task completed > TaskHandler[id: 133; name: combineFilesB (15); status: COMPLETED; exit: 0; error: -; workDir: /input/data/work/3d/afee74c6401a634bfbe15541a48173]
Dec-01 13:25:32.582 [Task monitor] DEBUG n.processor.TaskPollingMonitor - Task completed > TaskHandler[id: 148; name: combineFilesB (23); status: COMPLETED; exit: 0; error: -; workDir: /input/data/work/bc/d8d8e22d09271790e90f9c83ccb42a]
Dec-01 13:25:37.346 [Task monitor] DEBUG n.processor.TaskPollingMonitor - Task completed > TaskHandler[id: 105; name: combineFilesA (3); status: COMPLETED; exit: 0; error: -; workDir: /input/data/work/20/8847a4cf6439808241c45e5e73e6be]
Dec-01 13:25:37.388 [Task monitor] DEBUG n.processor.TaskPollingMonitor - Task completed > TaskHandler[id: 111; name: combineFilesB (5); status: COMPLETED; exit: 0; error: -; workDir: /input/data/work/6c/ca00be68167203a9bbae607f6ff7ec]
Dec-01 13:25:43.109 [Task monitor] DEBUG n.processor.TaskPollingMonitor - Task completed > TaskHandler[id: 116; name: combineFilesB (7); status: COMPLETED; exit: 0; error: -; workDir: /input/data/work/50/8acc642aee6ec026c1fae17305aabb]
Dec-01 13:25:43.642 [Task monitor] DEBUG n.processor.TaskPollingMonitor - Task completed > TaskHandler[id: 144; name: combineFilesB (21); status: COMPLETED; exit: 0; error: -; workDir: /input/data/work/61/7bd050f9098390c843d2562a644570]
Dec-01 13:26:08.906 [Task monitor] DEBUG n.processor.TaskPollingMonitor - Task completed > TaskHandler[id: 152; name: combineFilesA (28); status: COMPLETED; exit: 0; error: -; workDir: /input/data/work/86/e80b5aa6b3f29aa28fb440d7ee7a9b]
Dec-01 13:26:53.585 [Task monitor] DEBUG n.processor.TaskPollingMonitor - Task completed > TaskHandler[id: 153; name: combineFilesA (29); status: COMPLETED; exit: 0; error: -; workDir: /input/data/work/8f/dd3c60d268e52c1a467aebcd9edd9f]
Dec-01 13:26:53.744 [Task monitor] DEBUG n.processor.TaskPollingMonitor - Task completed > TaskHandler[id: 149; name: combineFilesA (26); status: COMPLETED; exit: 0; error: -; workDir: /input/data/work/d7/620bf5366ac0b99536b98447fb2c44]
Dec-01 13:26:53.831 [Task monitor] DEBUG n.processor.TaskPollingMonitor - Task completed > TaskHandler[id: 134; name: combineFilesA (19); status: COMPLETED; exit: 0; error: -; workDir: /input/data/work/0c/fd22979147226917205c9170631f2c]
Dec-01 13:26:53.943 [Task monitor] DEBUG n.processor.TaskPollingMonitor - Task completed > TaskHandler[id: 156; name: combineFilesA (30); status: COMPLETED; exit: 0; error: -; workDir: /input/data/work/82/64c6447e9c56a59dba35d2663c0804]
Dec-01 13:26:54.038 [Task monitor] DEBUG n.processor.TaskPollingMonitor - Task completed > TaskHandler[id: 137; name: combineFilesA (21); status: COMPLETED; exit: 0; error: -; workDir: /input/data/work/82/4eff9eaafecf55df8affcdc7309ae5]
Dec-01 13:26:54.170 [Task monitor] DEBUG n.processor.TaskPollingMonitor - Task completed > TaskHandler[id: 136; name: combineFilesA (20); status: COMPLETED; exit: 0; error: -; workDir: /input/data/work/6d/3dd95731671ab857af02976b649a50]
Dec-01 13:26:54.314 [Task monitor] DEBUG n.processor.TaskPollingMonitor - Task completed > TaskHandler[id: 123; name: combineFilesA (13); status: COMPLETED; exit: 0; error: -; workDir: /input/data/work/c8/e790a505f6c877ef335b2d1a593e65]
Dec-01 13:26:54.407 [Task monitor] DEBUG n.processor.TaskPollingMonitor - Task completed > TaskHandler[id: 109; name: combineFilesA (5); status: COMPLETED; exit: 0; error: -; workDir: /input/data/work/75/6559a1e9dafe36bacc34b93fff2d8d]
Dec-01 13:26:54.473 [Task monitor] DEBUG n.processor.TaskPollingMonitor - Task completed > TaskHandler[id: 107; name: combineFilesA (4); status: COMPLETED; exit: 0; error: -; workDir: /input/data/work/fe/a7060f2613fb9b2ef05c090ad64ee1]
Dec-01 13:26:54.583 [Task monitor] DEBUG n.processor.TaskPollingMonitor - Task completed > TaskHandler[id: 114; name: combineFilesA (8); status: COMPLETED; exit: 0; error: -; workDir: /input/data/work/a4/443d091c928d120eeaabc863bcaea1]
Dec-01 13:26:54.690 [Task monitor] DEBUG n.processor.TaskPollingMonitor - Task completed > TaskHandler[id: 151; name: combineFilesA (27); status: COMPLETED; exit: 0; error: -; workDir: /input/data/work/cd/580e806420ce99d2bff5c799aad55d]
Dec-01 13:26:59.218 [Task monitor] DEBUG n.processor.TaskPollingMonitor - Task completed > TaskHandler[id: 142; name: combineFilesA (23); status: COMPLETED; exit: 0; error: -; workDir: /input/data/work/91/474903bdcac6b9dc4af498a9b5c531]
Dec-01 13:27:04.102 [Task monitor] DEBUG n.processor.TaskPollingMonitor - Task completed > TaskHandler[id: 145; name: combineFilesA (24); status: COMPLETED; exit: 0; error: -; workDir: /input/data/work/6d/636df02831c2098292ad22fe14ef3f]
Dec-01 13:27:04.146 [Task monitor] DEBUG n.processor.TaskPollingMonitor - Task completed > TaskHandler[id: 121; name: combineFilesA (12); status: COMPLETED; exit: 0; error: -; workDir: /input/data/work/b5/a927c59fb316a1bea5505b1a2f6c04]
Dec-01 13:27:04.195 [Task monitor] DEBUG n.processor.TaskPollingMonitor - Task completed > TaskHandler[id: 108; name: combineFilesB (4); status: COMPLETED; exit: 0; error: -; workDir: /input/data/work/3c/8c4db20c39cf16ded84e19c683691d]
Dec-01 13:27:04.196 [main] DEBUG nextflow.Session - Session await > all processes finished
Dec-01 13:27:04.200 [main] DEBUG nextflow.Session - Session await > all barriers passed
Dec-01 13:27:04.212 [main] DEBUG n.trace.WorkflowStatsObserver - Workflow completed > WorkflowStats[succeededCount=160; failedCount=0; ignoredCount=0; cachedCount=0; pendingCount=0; submittedCount=0; runningCount=0; retriesCount=0; abortedCount=0; succeedDuration=22h 20m 27s; failedDuration=0ms; cachedDuration=0ms;loadCpus=0; loadMemory=0; peakRunning=28; peakCpus=280; peakMemory=513.9 GB; ]
Dec-01 13:27:04.212 [main] DEBUG nextflow.trace.TraceFileObserver - Workflow completed -- saving trace file
Dec-01 13:27:04.214 [main] DEBUG nextflow.trace.ReportObserver - Workflow completed -- rendering execution report
Dec-01 13:27:04.816 [main] DEBUG nextflow.trace.TimelineObserver - Workflow completed -- rendering execution timeline
Dec-01 13:27:04.952 [main] DEBUG nextflow.cache.CacheDB - Closing CacheDB done
Dec-01 13:27:04.977 [main] DEBUG nextflow.util.ThreadPoolManager - Thread pool 'FileTransfer' shutdown completed (hard=false)
Dec-01 13:27:04.977 [main] DEBUG nextflow.script.ScriptRunner - > Execution complete -- Goodbye
