Dec-08 00:02:24.099 [main] DEBUG nextflow.cli.Launcher - $> nextflow run /input/groupMultiple -c /experiments/experiment/groupMultiple/nextflow.config -c /experiments/experiment/nextflow_cws.config -c /experiments/experiment/nextflow_ceph.config
Dec-08 00:02:24.164 [main] INFO  nextflow.cli.CmdRun - N E X T F L O W  ~  version 23.07.0-edge
Dec-08 00:02:24.184 [main] DEBUG nextflow.plugin.PluginsFacade - Setting up plugin manager > mode=prod; embedded=false; plugins-dir=/.nextflow/plugins; core-plugins: nf-amazon@2.1.0,nf-azure@1.1.4,nf-cloudcache@0.1.0,nf-codecommit@0.1.5,nf-console@1.0.6,nf-ga4gh@1.1.0,nf-google@1.8.1,nf-tower@1.5.15,nf-wave@0.11.0
Dec-08 00:02:24.194 [main] INFO  o.pf4j.DefaultPluginStatusProvider - Enabled plugins: []
Dec-08 00:02:24.195 [main] INFO  o.pf4j.DefaultPluginStatusProvider - Disabled plugins: []
Dec-08 00:02:24.197 [main] INFO  org.pf4j.DefaultPluginManager - PF4J version 3.4.1 in 'deployment' mode
Dec-08 00:02:24.205 [main] INFO  org.pf4j.AbstractPluginManager - No plugins
Dec-08 00:02:24.225 [main] DEBUG nextflow.scm.AssetManager - Project manifest does not exist: /input/groupMultiple/nextflow.config (No such file or directory)
Dec-08 00:02:24.250 [main] DEBUG nextflow.config.ConfigBuilder - User config file: /experiments/experiment/groupMultiple/nextflow.config
Dec-08 00:02:24.251 [main] DEBUG nextflow.config.ConfigBuilder - User config file: /experiments/experiment/nextflow_cws.config
Dec-08 00:02:24.252 [main] DEBUG nextflow.config.ConfigBuilder - User config file: /experiments/experiment/nextflow_ceph.config
Dec-08 00:02:24.252 [main] DEBUG nextflow.config.ConfigBuilder - Parsing config file: /experiments/experiment/groupMultiple/nextflow.config
Dec-08 00:02:24.252 [main] DEBUG nextflow.config.ConfigBuilder - Parsing config file: /experiments/experiment/nextflow_cws.config
Dec-08 00:02:24.252 [main] DEBUG nextflow.config.ConfigBuilder - Parsing config file: /experiments/experiment/nextflow_ceph.config
Dec-08 00:02:24.267 [main] DEBUG nextflow.config.ConfigBuilder - Applying config profile: `standard`
Dec-08 00:02:24.821 [main] DEBUG nextflow.config.ConfigBuilder - Applying config profile: `standard`
Dec-08 00:02:24.974 [main] DEBUG nextflow.config.ConfigBuilder - Applying config profile: `standard`
Dec-08 00:02:25.006 [main] DEBUG nextflow.cli.CmdRun - Applied DSL=2 by global default
Dec-08 00:02:25.020 [main] INFO  nextflow.cli.CmdRun - Launching `/input/groupMultiple/main.nf` [sharp_gutenberg] DSL2 - revision: b7ed08cdab
Dec-08 00:02:25.021 [main] DEBUG nextflow.plugin.PluginsFacade - Plugins default=[]
Dec-08 00:02:25.021 [main] DEBUG nextflow.plugin.PluginsFacade - Plugins resolved requirement=[]
Dec-08 00:02:25.028 [main] DEBUG n.secret.LocalSecretsProvider - Secrets store: /.nextflow/secrets/store.json
Dec-08 00:02:25.030 [main] DEBUG nextflow.secret.SecretsLoader - Discovered secrets providers: [nextflow.secret.LocalSecretsProvider@5b7c8930] - activable => nextflow.secret.LocalSecretsProvider@5b7c8930
Dec-08 00:02:25.081 [main] DEBUG nextflow.Session - Session UUID: 8a7e4593-881c-4a25-8790-11c81ea05555
Dec-08 00:02:25.081 [main] DEBUG nextflow.Session - Run name: sharp_gutenberg
Dec-08 00:02:25.082 [main] DEBUG nextflow.Session - Executor pool size: 32
Dec-08 00:02:25.087 [main] DEBUG nextflow.file.FilePorter - File porter settings maxRetries=3; maxTransfers=50; pollTimeout=null
Dec-08 00:02:25.090 [main] DEBUG nextflow.util.ThreadPoolBuilder - Creating thread pool 'FileTransfer' minSize=10; maxSize=96; workQueue=LinkedBlockingQueue[10000]; allowCoreThreadTimeout=false
Dec-08 00:02:25.121 [main] DEBUG nextflow.cli.CmdRun - 
  Version: 23.07.0-edge build 5875
  Created: 28-07-2023 20:27 UTC (20:27 GMT)
  System: Linux 5.4.0-166-generic
  Runtime: Groovy 3.0.18 on OpenJDK 64-Bit Server VM 17.0.6+10-LTS
  Encoding: UTF-8 (UTF-8)
  Process: 109844@nextflow [10.233.76.58]
  CPUs: 32 - Mem: 125.7 GB (121.2 GB) - Swap: 0 (0)
Dec-08 00:02:25.150 [main] DEBUG nextflow.Session - Work-dir: /input/data/work [ceph]
Dec-08 00:02:25.150 [main] DEBUG nextflow.Session - Script base path does not exist or is not a directory: /input/groupMultiple/bin
Dec-08 00:02:25.159 [main] DEBUG nextflow.executor.ExecutorFactory - Extension executors providers=[]
Dec-08 00:02:25.166 [main] DEBUG nextflow.Session - Observer factory: DefaultObserverFactory
Dec-08 00:02:25.196 [main] DEBUG nextflow.cache.CacheFactory - Using Nextflow cache factory: nextflow.cache.DefaultCacheFactory
Dec-08 00:02:25.205 [main] DEBUG nextflow.util.CustomThreadPool - Creating default thread pool > poolSize: 33; maxThreads: 1000
Dec-08 00:02:25.305 [main] DEBUG nextflow.Session - Session start
Dec-08 00:02:25.310 [main] DEBUG nextflow.trace.TraceFileObserver - Workflow started -- trace file: /input/data/output/trace.csv
Dec-08 00:02:25.495 [main] DEBUG nextflow.script.ScriptRunner - > Launching execution
Dec-08 00:02:25.714 [main] DEBUG nextflow.script.ProcessConfig - Config settings `withName:writeLargeFile` matches process writeLargeFile
Dec-08 00:02:25.723 [main] DEBUG nextflow.executor.ExecutorFactory - << taskConfig executor: k8s
Dec-08 00:02:25.724 [main] DEBUG nextflow.executor.ExecutorFactory - >> processorType: 'k8s'
Dec-08 00:02:25.733 [main] DEBUG nextflow.executor.Executor - [warm up] executor > k8s
Dec-08 00:02:25.749 [main] DEBUG n.processor.TaskPollingMonitor - Creating task monitor for executor 'k8s' > capacity: 300; pollInterval: 5s; dumpInterval: 5m; schedulerBatch: null
Dec-08 00:02:25.754 [main] DEBUG nextflow.k8s.client.ConfigDiscovery - K8s config file does not exist: /root/.kube/config
Dec-08 00:02:25.764 [main] DEBUG nextflow.k8s.K8sExecutor - [K8s] config=[scheduler:[strategy:rank_max-fair, name:workflow-scheduler, autoClose:false, nodeSelector:usedby=anonymized, container:anonymized/test1:sch_v194], debug:[yaml:true], namespace:anonymized, serviceAccount:nextflow, workDir:/input/data/work/, projectDir:/input/data/project/, imagePullPolicy:IfNotPresent, launchDir:/input/data/launch/, runAsUser:0, fetchNodeName:true, storageMountPath:/input, pod:[nodeSelector:usedby=anonymized], storage:[nodeSelector:usedby=anonymized, imageName:anonymized/test1:ftp_v122], storageClaimName:ceph-data]; API client config=ClientConfig[ server=10.233.0.1:443, namespace=anonymized, serviceAccount=nextflow, token=eyJhbGciOiJ.., sslCert=LS0tLS1CRUd.., clientCert=-, clientKey=-, verifySsl=false, fromFile=true, httpReadTimeout=null, httpConnectTimeout=null, maxErrorRetry=4 ]
Dec-08 00:02:29.378 [main] DEBUG nextflow.script.ProcessConfig - Config settings `withName:combineFiles` matches process combineFilesA
Dec-08 00:02:29.380 [main] DEBUG nextflow.executor.ExecutorFactory - << taskConfig executor: k8s
Dec-08 00:02:29.380 [main] DEBUG nextflow.executor.ExecutorFactory - >> processorType: 'k8s'
Dec-08 00:02:29.418 [main] DEBUG nextflow.script.ProcessConfig - Config settings `withName:combineFiles` matches process combineFilesB
Dec-08 00:02:29.419 [main] DEBUG nextflow.executor.ExecutorFactory - << taskConfig executor: k8s
Dec-08 00:02:29.420 [main] DEBUG nextflow.executor.ExecutorFactory - >> processorType: 'k8s'
Dec-08 00:02:29.430 [main] DEBUG nextflow.Session - Workflow process names [dsl2]: revertFile, combineFiles, combineFilesA, writeLargeFile, combineFilesB
Dec-08 00:02:29.432 [main] DEBUG nextflow.Session - Igniting dataflow network (4)
Dec-08 00:02:29.434 [main] DEBUG nextflow.processor.TaskProcessor - Starting process > writeLargeFile
Dec-08 00:02:29.435 [main] DEBUG nextflow.processor.TaskProcessor - Starting process > combineFilesA
Dec-08 00:02:29.436 [main] DEBUG nextflow.processor.TaskProcessor - Starting process > combineFilesB
Dec-08 00:02:29.436 [main] DEBUG nextflow.script.ScriptRunner - > Awaiting termination 
Dec-08 00:02:29.436 [main] DEBUG nextflow.Session - Session await
Dec-08 00:02:29.725 [Task submitter] INFO  nextflow.Session - [cd/e296b0] Submitted process > writeLargeFile (18)
Dec-08 00:02:29.768 [Task submitter] INFO  nextflow.Session - [b9/04c9e9] Submitted process > writeLargeFile (28)
Dec-08 00:02:29.806 [Task submitter] INFO  nextflow.Session - [dd/fbb597] Submitted process > writeLargeFile (11)
Dec-08 00:02:29.840 [Task submitter] INFO  nextflow.Session - [d4/a59a9c] Submitted process > writeLargeFile (6)
Dec-08 00:02:29.876 [Task submitter] INFO  nextflow.Session - [be/7f8a03] Submitted process > writeLargeFile (17)
Dec-08 00:02:29.910 [Task submitter] INFO  nextflow.Session - [03/2a38ce] Submitted process > writeLargeFile (8)
Dec-08 00:02:29.947 [Task submitter] INFO  nextflow.Session - [89/1aafa0] Submitted process > writeLargeFile (4)
Dec-08 00:02:29.982 [Task submitter] INFO  nextflow.Session - [d5/86c9dd] Submitted process > writeLargeFile (14)
Dec-08 00:02:30.017 [Task submitter] INFO  nextflow.Session - [8a/15e6b5] Submitted process > writeLargeFile (16)
Dec-08 00:02:30.046 [Task submitter] INFO  nextflow.Session - [e4/ef3e91] Submitted process > writeLargeFile (26)
Dec-08 00:02:30.079 [Task submitter] INFO  nextflow.Session - [1a/7e602f] Submitted process > writeLargeFile (2)
Dec-08 00:02:30.111 [Task submitter] INFO  nextflow.Session - [29/4735f0] Submitted process > writeLargeFile (25)
Dec-08 00:02:30.169 [Task submitter] INFO  nextflow.Session - [26/664c1e] Submitted process > writeLargeFile (5)
Dec-08 00:02:30.200 [Task submitter] INFO  nextflow.Session - [8b/5a2168] Submitted process > writeLargeFile (19)
Dec-08 00:02:30.233 [Task submitter] INFO  nextflow.Session - [27/e3de48] Submitted process > writeLargeFile (31)
Dec-08 00:02:30.273 [Task submitter] INFO  nextflow.Session - [b7/c9e684] Submitted process > writeLargeFile (30)
Dec-08 00:02:30.308 [Task submitter] INFO  nextflow.Session - [20/0ee6b1] Submitted process > writeLargeFile (3)
Dec-08 00:02:30.339 [Task submitter] INFO  nextflow.Session - [3f/5d401d] Submitted process > writeLargeFile (15)
Dec-08 00:02:30.369 [Task submitter] INFO  nextflow.Session - [e5/cfd921] Submitted process > writeLargeFile (24)
Dec-08 00:02:30.399 [Task submitter] INFO  nextflow.Session - [28/64f906] Submitted process > writeLargeFile (32)
Dec-08 00:02:30.432 [Task submitter] INFO  nextflow.Session - [0e/4fce80] Submitted process > writeLargeFile (23)
Dec-08 00:02:30.465 [Task submitter] INFO  nextflow.Session - [b7/e00411] Submitted process > writeLargeFile (1)
Dec-08 00:02:30.498 [Task submitter] INFO  nextflow.Session - [6c/19cc3c] Submitted process > writeLargeFile (9)
Dec-08 00:02:30.527 [Task submitter] INFO  nextflow.Session - [35/c1278c] Submitted process > writeLargeFile (22)
Dec-08 00:02:30.559 [Task submitter] INFO  nextflow.Session - [2d/7d671e] Submitted process > writeLargeFile (13)
Dec-08 00:02:30.590 [Task submitter] INFO  nextflow.Session - [85/78b676] Submitted process > writeLargeFile (20)
Dec-08 00:02:30.619 [Task submitter] INFO  nextflow.Session - [fb/de4d8f] Submitted process > writeLargeFile (29)
Dec-08 00:02:30.651 [Task submitter] INFO  nextflow.Session - [0d/3c3ab8] Submitted process > writeLargeFile (21)
Dec-08 00:02:30.683 [Task submitter] INFO  nextflow.Session - [eb/067683] Submitted process > writeLargeFile (12)
Dec-08 00:02:30.712 [Task submitter] INFO  nextflow.Session - [42/7efcee] Submitted process > writeLargeFile (7)
Dec-08 00:02:30.743 [Task submitter] INFO  nextflow.Session - [a4/1fe6e3] Submitted process > writeLargeFile (27)
Dec-08 00:02:30.775 [Task submitter] INFO  nextflow.Session - [70/0192b5] Submitted process > writeLargeFile (10)
Dec-08 00:02:30.812 [Task submitter] INFO  nextflow.Session - [6c/0432fe] Submitted process > writeLargeFile (33)
Dec-08 00:02:30.847 [Task submitter] INFO  nextflow.Session - [c3/92732f] Submitted process > writeLargeFile (35)
Dec-08 00:02:30.877 [Task submitter] INFO  nextflow.Session - [df/d984de] Submitted process > writeLargeFile (34)
Dec-08 00:02:30.911 [Task submitter] INFO  nextflow.Session - [25/cb3b11] Submitted process > writeLargeFile (36)
Dec-08 00:02:30.946 [Task submitter] INFO  nextflow.Session - [80/c2f0cd] Submitted process > writeLargeFile (38)
Dec-08 00:02:30.973 [Task submitter] INFO  nextflow.Session - [56/3d7223] Submitted process > writeLargeFile (37)
Dec-08 00:02:31.002 [Task submitter] INFO  nextflow.Session - [96/fb8403] Submitted process > writeLargeFile (41)
Dec-08 00:02:31.032 [Task submitter] INFO  nextflow.Session - [49/9f0c4f] Submitted process > writeLargeFile (39)
Dec-08 00:02:31.060 [Task submitter] INFO  nextflow.Session - [ef/11fd16] Submitted process > writeLargeFile (40)
Dec-08 00:02:31.091 [Task submitter] INFO  nextflow.Session - [fd/83dae3] Submitted process > writeLargeFile (42)
Dec-08 00:02:31.122 [Task submitter] INFO  nextflow.Session - [1b/028ab8] Submitted process > writeLargeFile (43)
Dec-08 00:02:31.148 [Task submitter] INFO  nextflow.Session - [77/981160] Submitted process > writeLargeFile (44)
Dec-08 00:02:31.177 [Task submitter] INFO  nextflow.Session - [fa/a52c21] Submitted process > writeLargeFile (45)
Dec-08 00:02:31.205 [Task submitter] INFO  nextflow.Session - [01/f73f7b] Submitted process > writeLargeFile (47)
Dec-08 00:02:31.234 [Task submitter] INFO  nextflow.Session - [e6/cef3d3] Submitted process > writeLargeFile (46)
Dec-08 00:02:31.262 [Task submitter] INFO  nextflow.Session - [40/1b44c8] Submitted process > writeLargeFile (49)
Dec-08 00:02:31.292 [Task submitter] INFO  nextflow.Session - [07/4428de] Submitted process > writeLargeFile (48)
Dec-08 00:02:31.323 [Task submitter] INFO  nextflow.Session - [e4/c0e462] Submitted process > writeLargeFile (50)
Dec-08 00:02:31.353 [Task submitter] INFO  nextflow.Session - [a2/20ecde] Submitted process > writeLargeFile (51)
Dec-08 00:02:31.382 [Task submitter] INFO  nextflow.Session - [d4/4c5767] Submitted process > writeLargeFile (53)
Dec-08 00:02:31.414 [Task submitter] INFO  nextflow.Session - [ff/56b3c8] Submitted process > writeLargeFile (52)
Dec-08 00:02:31.440 [Task submitter] INFO  nextflow.Session - [85/113615] Submitted process > writeLargeFile (54)
Dec-08 00:02:31.469 [Task submitter] INFO  nextflow.Session - [48/c31d7b] Submitted process > writeLargeFile (55)
Dec-08 00:02:31.500 [Task submitter] INFO  nextflow.Session - [5f/8c7077] Submitted process > writeLargeFile (56)
Dec-08 00:02:31.529 [Task submitter] INFO  nextflow.Session - [b7/79985d] Submitted process > writeLargeFile (57)
Dec-08 00:02:31.557 [Task submitter] INFO  nextflow.Session - [0d/466d8a] Submitted process > writeLargeFile (58)
Dec-08 00:02:31.587 [Task submitter] INFO  nextflow.Session - [de/5e9fbb] Submitted process > writeLargeFile (59)
Dec-08 00:02:31.616 [Task submitter] INFO  nextflow.Session - [7f/ca5538] Submitted process > writeLargeFile (60)
Dec-08 00:02:31.645 [Task submitter] INFO  nextflow.Session - [5d/4d0892] Submitted process > writeLargeFile (61)
Dec-08 00:02:31.677 [Task submitter] INFO  nextflow.Session - [81/5869a1] Submitted process > writeLargeFile (62)
Dec-08 00:02:31.706 [Task submitter] INFO  nextflow.Session - [95/6faa33] Submitted process > writeLargeFile (64)
Dec-08 00:02:31.734 [Task submitter] INFO  nextflow.Session - [97/067e72] Submitted process > writeLargeFile (91)
Dec-08 00:02:31.762 [Task submitter] INFO  nextflow.Session - [35/015981] Submitted process > writeLargeFile (63)
Dec-08 00:02:31.793 [Task submitter] INFO  nextflow.Session - [f1/8df41a] Submitted process > writeLargeFile (65)
Dec-08 00:02:31.821 [Task submitter] INFO  nextflow.Session - [7d/d7e200] Submitted process > writeLargeFile (66)
Dec-08 00:02:31.854 [Task submitter] INFO  nextflow.Session - [1d/897778] Submitted process > writeLargeFile (68)
Dec-08 00:02:31.881 [Task submitter] INFO  nextflow.Session - [f9/a279c0] Submitted process > writeLargeFile (69)
Dec-08 00:02:31.910 [Task submitter] INFO  nextflow.Session - [17/5b5789] Submitted process > writeLargeFile (67)
Dec-08 00:02:31.939 [Task submitter] INFO  nextflow.Session - [85/7863fd] Submitted process > writeLargeFile (70)
Dec-08 00:02:31.967 [Task submitter] INFO  nextflow.Session - [91/5d1ae4] Submitted process > writeLargeFile (71)
Dec-08 00:02:31.997 [Task submitter] INFO  nextflow.Session - [27/484be4] Submitted process > writeLargeFile (72)
Dec-08 00:02:32.030 [Task submitter] INFO  nextflow.Session - [b0/a97118] Submitted process > writeLargeFile (100)
Dec-08 00:02:32.062 [Task submitter] INFO  nextflow.Session - [94/77d818] Submitted process > writeLargeFile (74)
Dec-08 00:02:32.090 [Task submitter] INFO  nextflow.Session - [3a/572df9] Submitted process > writeLargeFile (73)
Dec-08 00:02:32.121 [Task submitter] INFO  nextflow.Session - [e5/e6e7e0] Submitted process > writeLargeFile (75)
Dec-08 00:02:32.150 [Task submitter] INFO  nextflow.Session - [de/8757f1] Submitted process > writeLargeFile (77)
Dec-08 00:02:32.180 [Task submitter] INFO  nextflow.Session - [82/037274] Submitted process > writeLargeFile (76)
Dec-08 00:02:32.212 [Task submitter] INFO  nextflow.Session - [25/9597a0] Submitted process > writeLargeFile (80)
Dec-08 00:02:32.243 [Task submitter] INFO  nextflow.Session - [18/e133cc] Submitted process > writeLargeFile (78)
Dec-08 00:02:32.276 [Task submitter] INFO  nextflow.Session - [3b/c0374d] Submitted process > writeLargeFile (79)
Dec-08 00:02:32.306 [Task submitter] INFO  nextflow.Session - [0b/a6c8a4] Submitted process > writeLargeFile (81)
Dec-08 00:02:32.338 [Task submitter] INFO  nextflow.Session - [5d/9628ce] Submitted process > writeLargeFile (82)
Dec-08 00:02:32.375 [Task submitter] INFO  nextflow.Session - [1b/b6035c] Submitted process > writeLargeFile (83)
Dec-08 00:02:32.405 [Task submitter] INFO  nextflow.Session - [9b/f84cfe] Submitted process > writeLargeFile (84)
Dec-08 00:02:32.437 [Task submitter] INFO  nextflow.Session - [36/3d734a] Submitted process > writeLargeFile (85)
Dec-08 00:02:32.472 [Task submitter] INFO  nextflow.Session - [66/0eb3a7] Submitted process > writeLargeFile (86)
Dec-08 00:02:32.502 [Task submitter] INFO  nextflow.Session - [dd/6f2408] Submitted process > writeLargeFile (89)
Dec-08 00:02:32.530 [Task submitter] INFO  nextflow.Session - [74/2e481d] Submitted process > writeLargeFile (87)
Dec-08 00:02:32.557 [Task submitter] INFO  nextflow.Session - [70/3f4d62] Submitted process > writeLargeFile (90)
Dec-08 00:02:32.587 [Task submitter] INFO  nextflow.Session - [b0/b03e81] Submitted process > writeLargeFile (88)
Dec-08 00:02:32.615 [Task submitter] INFO  nextflow.Session - [bb/e3aaff] Submitted process > writeLargeFile (92)
Dec-08 00:02:32.654 [Task submitter] INFO  nextflow.Session - [08/a3648d] Submitted process > writeLargeFile (93)
Dec-08 00:02:32.685 [Task submitter] INFO  nextflow.Session - [a5/cf6f8d] Submitted process > writeLargeFile (94)
Dec-08 00:02:33.198 [Task submitter] INFO  nextflow.Session - [cd/2a0af4] Submitted process > writeLargeFile (96)
Dec-08 00:02:33.264 [Task submitter] INFO  nextflow.Session - [c5/8d338f] Submitted process > writeLargeFile (95)
Dec-08 00:02:33.329 [Task submitter] INFO  nextflow.Session - [39/eab643] Submitted process > writeLargeFile (97)
Dec-08 00:02:33.390 [Task submitter] INFO  nextflow.Session - [f9/fded95] Submitted process > writeLargeFile (98)
Dec-08 00:02:33.458 [Task submitter] INFO  nextflow.Session - [8c/b4352a] Submitted process > writeLargeFile (99)
Dec-08 00:03:29.629 [Task monitor] DEBUG n.processor.TaskPollingMonitor - Task completed > TaskHandler[id: 28; name: writeLargeFile (28); status: COMPLETED; exit: 0; error: -; workDir: /input/data/work/b9/04c9e919ad15bee048d6db64f8f7da]
Dec-08 00:03:29.751 [Task monitor] DEBUG n.processor.TaskPollingMonitor - Task completed > TaskHandler[id: 14; name: writeLargeFile (14); status: COMPLETED; exit: 0; error: -; workDir: /input/data/work/d5/86c9ddc1b3248db5534071790334db]
Dec-08 00:03:29.874 [Task monitor] DEBUG n.processor.TaskPollingMonitor - Task completed > TaskHandler[id: 19; name: writeLargeFile (19); status: COMPLETED; exit: 0; error: -; workDir: /input/data/work/8b/5a2168f0e0076f859f2377a0aed892]
Dec-08 00:03:34.734 [Task monitor] DEBUG n.processor.TaskPollingMonitor - Task completed > TaskHandler[id: 2; name: writeLargeFile (2); status: COMPLETED; exit: 0; error: -; workDir: /input/data/work/1a/7e602fec8f2b9698d0c06dd1c402a2]
Dec-08 00:03:34.834 [Task monitor] DEBUG n.processor.TaskPollingMonitor - Task completed > TaskHandler[id: 3; name: writeLargeFile (3); status: COMPLETED; exit: 0; error: -; workDir: /input/data/work/20/0ee6b1faafd5c39835af4e4a12ded1]
Dec-08 00:03:39.869 [Task monitor] DEBUG n.processor.TaskPollingMonitor - Task completed > TaskHandler[id: 17; name: writeLargeFile (17); status: COMPLETED; exit: 0; error: -; workDir: /input/data/work/be/7f8a032041c142a45979b4059371bc]
Dec-08 00:03:41.652 [Task monitor] DEBUG n.processor.TaskPollingMonitor - Task completed > TaskHandler[id: 8; name: writeLargeFile (8); status: COMPLETED; exit: 0; error: -; workDir: /input/data/work/03/2a38ce1a861a68569796d0a8ec967a]
Dec-08 00:03:41.737 [Task monitor] DEBUG n.processor.TaskPollingMonitor - Task completed > TaskHandler[id: 4; name: writeLargeFile (4); status: COMPLETED; exit: 0; error: -; workDir: /input/data/work/89/1aafa0f579a6a96d5a502057426b65]
Dec-08 00:03:41.844 [Task monitor] DEBUG n.processor.TaskPollingMonitor - Task completed > TaskHandler[id: 16; name: writeLargeFile (16); status: COMPLETED; exit: 0; error: -; workDir: /input/data/work/8a/15e6b5bd2e66a2af3adaae899f8167]
Dec-08 00:03:42.024 [Task monitor] DEBUG n.processor.TaskPollingMonitor - Task completed > TaskHandler[id: 25; name: writeLargeFile (25); status: COMPLETED; exit: 0; error: -; workDir: /input/data/work/29/4735f00de3a0038680a8220ef82d93]
Dec-08 00:03:50.273 [Task monitor] DEBUG n.processor.TaskPollingMonitor - Task completed > TaskHandler[id: 5; name: writeLargeFile (5); status: COMPLETED; exit: 0; error: -; workDir: /input/data/work/26/664c1ea4f0128ea8ee480dc9a1bc89]
Dec-08 00:04:39.425 [Task monitor] DEBUG n.processor.TaskPollingMonitor - Task completed > TaskHandler[id: 31; name: writeLargeFile (31); status: COMPLETED; exit: 0; error: -; workDir: /input/data/work/27/e3de48f64e5624a249ec55c6d6e8ae]
Dec-08 00:04:39.482 [Task monitor] DEBUG n.processor.TaskPollingMonitor - Task completed > TaskHandler[id: 30; name: writeLargeFile (30); status: COMPLETED; exit: 0; error: -; workDir: /input/data/work/b7/c9e684bf12febaf1035a6116628aed]
Dec-08 00:04:39.524 [Task monitor] DEBUG n.processor.TaskPollingMonitor - Task completed > TaskHandler[id: 15; name: writeLargeFile (15); status: COMPLETED; exit: 0; error: -; workDir: /input/data/work/3f/5d401d547993309641d24d2716f09c]
Dec-08 00:04:39.563 [Task monitor] DEBUG n.processor.TaskPollingMonitor - Task completed > TaskHandler[id: 24; name: writeLargeFile (24); status: COMPLETED; exit: 0; error: -; workDir: /input/data/work/e5/cfd9217e68499211ac01d774363a43]
Dec-08 00:04:39.605 [Task monitor] DEBUG n.processor.TaskPollingMonitor - Task completed > TaskHandler[id: 32; name: writeLargeFile (32); status: COMPLETED; exit: 0; error: -; workDir: /input/data/work/28/64f906c2b0963b3b57d9e0a6a8a680]
Dec-08 00:04:39.652 [Task monitor] DEBUG n.processor.TaskPollingMonitor - Task completed > TaskHandler[id: 23; name: writeLargeFile (23); status: COMPLETED; exit: 0; error: -; workDir: /input/data/work/0e/4fce8080bb4238cbaa0cdc17cdc2a7]
Dec-08 00:04:41.857 [Task monitor] DEBUG n.processor.TaskPollingMonitor - Task completed > TaskHandler[id: 18; name: writeLargeFile (18); status: COMPLETED; exit: 0; error: -; workDir: /input/data/work/cd/e296b08155c0e80c72675f911cd897]
Dec-08 00:04:41.900 [Task monitor] DEBUG n.processor.TaskPollingMonitor - Task completed > TaskHandler[id: 11; name: writeLargeFile (11); status: COMPLETED; exit: 0; error: -; workDir: /input/data/work/dd/fbb5975731e42b9915270e1e425363]
Dec-08 00:04:41.943 [Task monitor] DEBUG n.processor.TaskPollingMonitor - Task completed > TaskHandler[id: 6; name: writeLargeFile (6); status: COMPLETED; exit: 0; error: -; workDir: /input/data/work/d4/a59a9c9b27e890323b6be8267734bb]
Dec-08 00:04:41.984 [Task monitor] DEBUG n.processor.TaskPollingMonitor - Task completed > TaskHandler[id: 26; name: writeLargeFile (26); status: COMPLETED; exit: 0; error: -; workDir: /input/data/work/e4/ef3e91dfd16d0c93ff11634eec3d68]
Dec-08 00:04:46.986 [Task monitor] DEBUG n.processor.TaskPollingMonitor - Task completed > TaskHandler[id: 27; name: writeLargeFile (27); status: COMPLETED; exit: 0; error: -; workDir: /input/data/work/a4/1fe6e3d83a58d0d9f0a38798970678]
Dec-08 00:04:47.028 [Task monitor] DEBUG n.processor.TaskPollingMonitor - Task completed > TaskHandler[id: 10; name: writeLargeFile (10); status: COMPLETED; exit: 0; error: -; workDir: /input/data/work/70/0192b51883a1e3f31792d6aa61e490]
Dec-08 00:04:47.077 [Task monitor] DEBUG n.processor.TaskPollingMonitor - Task completed > TaskHandler[id: 33; name: writeLargeFile (33); status: COMPLETED; exit: 0; error: -; workDir: /input/data/work/6c/0432fe1fb3f72f014ad550c071acf1]
Dec-08 00:04:52.032 [Task monitor] DEBUG n.processor.TaskPollingMonitor - Task completed > TaskHandler[id: 35; name: writeLargeFile (35); status: COMPLETED; exit: 0; error: -; workDir: /input/data/work/c3/92732ffceb0e8c3ae8b6896075b81c]
Dec-08 00:04:52.093 [Task monitor] DEBUG n.processor.TaskPollingMonitor - Task completed > TaskHandler[id: 34; name: writeLargeFile (34); status: COMPLETED; exit: 0; error: -; workDir: /input/data/work/df/d984de7be5c85cee737f42fe6aa737]
Dec-08 00:04:52.151 [Task monitor] DEBUG n.processor.TaskPollingMonitor - Task completed > TaskHandler[id: 36; name: writeLargeFile (36); status: COMPLETED; exit: 0; error: -; workDir: /input/data/work/25/cb3b11022fa2832e2c7617b30ac075]
Dec-08 00:04:57.087 [Task monitor] DEBUG n.processor.TaskPollingMonitor - Task completed > TaskHandler[id: 1; name: writeLargeFile (1); status: COMPLETED; exit: 0; error: -; workDir: /input/data/work/b7/e00411309001a22d8a3bc2c05aa11b]
Dec-08 00:04:57.521 [Task monitor] DEBUG n.processor.TaskPollingMonitor - Task completed > TaskHandler[id: 9; name: writeLargeFile (9); status: COMPLETED; exit: 0; error: -; workDir: /input/data/work/6c/19cc3c6b1420c2b62acdf3ecdcacfc]
Dec-08 00:04:57.826 [Task monitor] DEBUG n.processor.TaskPollingMonitor - Task completed > TaskHandler[id: 22; name: writeLargeFile (22); status: COMPLETED; exit: 0; error: -; workDir: /input/data/work/35/c1278c25964cdce855b818bcf96b26]
Dec-08 00:04:57.979 [Task monitor] DEBUG n.processor.TaskPollingMonitor - Task completed > TaskHandler[id: 13; name: writeLargeFile (13); status: COMPLETED; exit: 0; error: -; workDir: /input/data/work/2d/7d671e81fbda98f23645046afb8bf2]
Dec-08 00:04:58.144 [Task monitor] DEBUG n.processor.TaskPollingMonitor - Task completed > TaskHandler[id: 20; name: writeLargeFile (20); status: COMPLETED; exit: 0; error: -; workDir: /input/data/work/85/78b676a2028fc0fd9dbd4b2714e05e]
Dec-08 00:04:58.301 [Task monitor] DEBUG n.processor.TaskPollingMonitor - Task completed > TaskHandler[id: 29; name: writeLargeFile (29); status: COMPLETED; exit: 0; error: -; workDir: /input/data/work/fb/de4d8ff6849e57590fb2a5bf4a750b]
Dec-08 00:04:58.490 [Task monitor] DEBUG n.processor.TaskPollingMonitor - Task completed > TaskHandler[id: 21; name: writeLargeFile (21); status: COMPLETED; exit: 0; error: -; workDir: /input/data/work/0d/3c3ab81af3b4acb80fb8ee0505898b]
Dec-08 00:04:58.721 [Task monitor] DEBUG n.processor.TaskPollingMonitor - Task completed > TaskHandler[id: 12; name: writeLargeFile (12); status: COMPLETED; exit: 0; error: -; workDir: /input/data/work/eb/0676830cfb7031dcba10ca5435b691]
Dec-08 00:04:58.942 [Task monitor] DEBUG n.processor.TaskPollingMonitor - Task completed > TaskHandler[id: 7; name: writeLargeFile (7); status: COMPLETED; exit: 0; error: -; workDir: /input/data/work/42/7efcee4edf9a5b7feb36f507fb98b1]
Dec-08 00:05:50.776 [Task monitor] DEBUG n.processor.TaskPollingMonitor - Task completed > TaskHandler[id: 38; name: writeLargeFile (38); status: COMPLETED; exit: 0; error: -; workDir: /input/data/work/80/c2f0cdfcadebc34bad8163b45b4574]
Dec-08 00:05:50.817 [Task monitor] DEBUG n.processor.TaskPollingMonitor - Task completed > TaskHandler[id: 37; name: writeLargeFile (37); status: COMPLETED; exit: 0; error: -; workDir: /input/data/work/56/3d722353652523fa49d3c01cf90324]
Dec-08 00:05:50.882 [Task monitor] DEBUG n.processor.TaskPollingMonitor - Task completed > TaskHandler[id: 41; name: writeLargeFile (41); status: COMPLETED; exit: 0; error: -; workDir: /input/data/work/96/fb8403e245a86019dcb3a7c1e7ad11]
Dec-08 00:05:55.797 [Task monitor] DEBUG n.processor.TaskPollingMonitor - Task completed > TaskHandler[id: 39; name: writeLargeFile (39); status: COMPLETED; exit: 0; error: -; workDir: /input/data/work/49/9f0c4fc1f6e53e0cf08d6cc3e0328d]
Dec-08 00:05:55.842 [Task monitor] DEBUG n.processor.TaskPollingMonitor - Task completed > TaskHandler[id: 40; name: writeLargeFile (40); status: COMPLETED; exit: 0; error: -; workDir: /input/data/work/ef/11fd1665b269a2742e7d9bd4d205dd]
Dec-08 00:05:55.900 [Task monitor] DEBUG n.processor.TaskPollingMonitor - Task completed > TaskHandler[id: 42; name: writeLargeFile (42); status: COMPLETED; exit: 0; error: -; workDir: /input/data/work/fd/83dae33c7211c0f4fc21dedc11bbad]
Dec-08 00:05:55.945 [Task monitor] DEBUG n.processor.TaskPollingMonitor - Task completed > TaskHandler[id: 43; name: writeLargeFile (43); status: COMPLETED; exit: 0; error: -; workDir: /input/data/work/1b/028ab8c98f9b31b332f9e64c7e19df]
Dec-08 00:05:56.002 [Task monitor] DEBUG n.processor.TaskPollingMonitor - Task completed > TaskHandler[id: 44; name: writeLargeFile (44); status: COMPLETED; exit: 0; error: -; workDir: /input/data/work/77/9811602d4a52fb275ca1cd46edaeeb]
Dec-08 00:05:56.045 [Task monitor] DEBUG n.processor.TaskPollingMonitor - Task completed > TaskHandler[id: 45; name: writeLargeFile (45); status: COMPLETED; exit: 0; error: -; workDir: /input/data/work/fa/a52c21b87e6c7f42663a736a40cb02]
Dec-08 00:05:56.090 [Task monitor] DEBUG n.processor.TaskPollingMonitor - Task completed > TaskHandler[id: 47; name: writeLargeFile (47); status: COMPLETED; exit: 0; error: -; workDir: /input/data/work/01/f73f7b0fffd6825eb7481b29c94ab9]
Dec-08 00:06:17.688 [Task monitor] DEBUG n.processor.TaskPollingMonitor - Task completed > TaskHandler[id: 46; name: writeLargeFile (46); status: COMPLETED; exit: 0; error: -; workDir: /input/data/work/e6/cef3d3320e43a29c8b74c31dee07a3]
Dec-08 00:06:49.178 [Task monitor] DEBUG n.processor.TaskPollingMonitor - Task completed > TaskHandler[id: 49; name: writeLargeFile (49); status: COMPLETED; exit: 0; error: -; workDir: /input/data/work/40/1b44c8a48d50893b1b695369c47081]
Dec-08 00:06:49.235 [Task monitor] DEBUG n.processor.TaskPollingMonitor - Task completed > TaskHandler[id: 48; name: writeLargeFile (48); status: COMPLETED; exit: 0; error: -; workDir: /input/data/work/07/4428dee0b3307992674e6018d0415a]
Dec-08 00:06:49.839 [Task monitor] DEBUG n.processor.TaskPollingMonitor - Task completed > TaskHandler[id: 50; name: writeLargeFile (50); status: COMPLETED; exit: 0; error: -; workDir: /input/data/work/e4/c0e46222c2b4bfc43e8ac4620ffb5b]
Dec-08 00:06:49.879 [Task monitor] DEBUG n.processor.TaskPollingMonitor - Task completed > TaskHandler[id: 51; name: writeLargeFile (51); status: COMPLETED; exit: 0; error: -; workDir: /input/data/work/a2/20ecde758a9e72718f12c7d06fb084]
Dec-08 00:06:49.916 [Task monitor] DEBUG n.processor.TaskPollingMonitor - Task completed > TaskHandler[id: 53; name: writeLargeFile (53); status: COMPLETED; exit: 0; error: -; workDir: /input/data/work/d4/4c5767c50ef6b684c04043f89901dd]
Dec-08 00:06:49.960 [Task monitor] DEBUG n.processor.TaskPollingMonitor - Task completed > TaskHandler[id: 52; name: writeLargeFile (52); status: COMPLETED; exit: 0; error: -; workDir: /input/data/work/ff/56b3c8890a754c15aac46aadee8e72]
Dec-08 00:06:49.997 [Task monitor] DEBUG n.processor.TaskPollingMonitor - Task completed > TaskHandler[id: 54; name: writeLargeFile (54); status: COMPLETED; exit: 0; error: -; workDir: /input/data/work/85/113615d2e842d159f99e74b588f07e]
Dec-08 00:06:50.053 [Task monitor] DEBUG n.processor.TaskPollingMonitor - Task completed > TaskHandler[id: 55; name: writeLargeFile (55); status: COMPLETED; exit: 0; error: -; workDir: /input/data/work/48/c31d7b40611f4b0c039407d1914fe0]
Dec-08 00:06:50.120 [Task monitor] DEBUG n.processor.TaskPollingMonitor - Task completed > TaskHandler[id: 56; name: writeLargeFile (56); status: COMPLETED; exit: 0; error: -; workDir: /input/data/work/5f/8c7077719873e27f65e18f63c4f394]
Dec-08 00:06:50.191 [Task monitor] DEBUG n.processor.TaskPollingMonitor - Task completed > TaskHandler[id: 57; name: writeLargeFile (57); status: COMPLETED; exit: 0; error: -; workDir: /input/data/work/b7/79985dd7edad0794cbfe949fce8149]
Dec-08 00:07:10.230 [Task monitor] DEBUG n.processor.TaskPollingMonitor - Task completed > TaskHandler[id: 61; name: writeLargeFile (61); status: COMPLETED; exit: 0; error: -; workDir: /input/data/work/5d/4d08928fd4110bdee380339c910015]
Dec-08 00:07:10.272 [Task monitor] DEBUG n.processor.TaskPollingMonitor - Task completed > TaskHandler[id: 62; name: writeLargeFile (62); status: COMPLETED; exit: 0; error: -; workDir: /input/data/work/81/5869a17f3be8d6f3d4a93e65772b59]
Dec-08 00:07:10.316 [Task monitor] DEBUG n.processor.TaskPollingMonitor - Task completed > TaskHandler[id: 64; name: writeLargeFile (64); status: COMPLETED; exit: 0; error: -; workDir: /input/data/work/95/6faa338b72acefb3e8e45fc23dd6d5]
Dec-08 00:07:10.356 [Task monitor] DEBUG n.processor.TaskPollingMonitor - Task completed > TaskHandler[id: 91; name: writeLargeFile (91); status: COMPLETED; exit: 0; error: -; workDir: /input/data/work/97/067e728a3fa37f37c5cb2cb8f42268]
Dec-08 00:07:10.427 [Task monitor] DEBUG n.processor.TaskPollingMonitor - Task completed > TaskHandler[id: 63; name: writeLargeFile (63); status: COMPLETED; exit: 0; error: -; workDir: /input/data/work/35/015981c5785ae87283381f830d2af8]
Dec-08 00:07:10.471 [Task monitor] DEBUG n.processor.TaskPollingMonitor - Task completed > TaskHandler[id: 65; name: writeLargeFile (65); status: COMPLETED; exit: 0; error: -; workDir: /input/data/work/f1/8df41ae78f2389611bc885e7f2e726]
Dec-08 00:07:10.513 [Task monitor] DEBUG n.processor.TaskPollingMonitor - Task completed > TaskHandler[id: 66; name: writeLargeFile (66); status: COMPLETED; exit: 0; error: -; workDir: /input/data/work/7d/d7e20084f6db0e2c6f08d2a6c3f5a6]
Dec-08 00:07:10.552 [Task monitor] DEBUG n.processor.TaskPollingMonitor - Task completed > TaskHandler[id: 68; name: writeLargeFile (68); status: COMPLETED; exit: 0; error: -; workDir: /input/data/work/1d/89777812e2c89375ef0e47a46eed0f]
Dec-08 00:07:10.593 [Task monitor] DEBUG n.processor.TaskPollingMonitor - Task completed > TaskHandler[id: 69; name: writeLargeFile (69); status: COMPLETED; exit: 0; error: -; workDir: /input/data/work/f9/a279c045479aa641ae83228e166e0f]
Dec-08 00:07:10.634 [Task monitor] DEBUG n.processor.TaskPollingMonitor - Task completed > TaskHandler[id: 67; name: writeLargeFile (67); status: COMPLETED; exit: 0; error: -; workDir: /input/data/work/17/5b578928385a7f26a9f1c12e2226a4]
Dec-08 00:07:10.675 [Task monitor] DEBUG n.processor.TaskPollingMonitor - Task completed > TaskHandler[id: 70; name: writeLargeFile (70); status: COMPLETED; exit: 0; error: -; workDir: /input/data/work/85/7863fdc25c65ef1006fc9d5c50a115]
Dec-08 00:07:10.712 [Task monitor] DEBUG n.processor.TaskPollingMonitor - Task completed > TaskHandler[id: 71; name: writeLargeFile (71); status: COMPLETED; exit: 0; error: -; workDir: /input/data/work/91/5d1ae4baac2af6833c03086920b01e]
Dec-08 00:07:15.267 [Task monitor] DEBUG n.processor.TaskPollingMonitor - Task completed > TaskHandler[id: 58; name: writeLargeFile (58); status: COMPLETED; exit: 0; error: -; workDir: /input/data/work/0d/466d8a185f55386f693ebf7b922104]
Dec-08 00:07:15.531 [Task monitor] DEBUG n.processor.TaskPollingMonitor - Task completed > TaskHandler[id: 59; name: writeLargeFile (59); status: COMPLETED; exit: 0; error: -; workDir: /input/data/work/de/5e9fbb030ce46d70b09c8e674a748f]
Dec-08 00:07:15.751 [Task monitor] DEBUG n.processor.TaskPollingMonitor - Task completed > TaskHandler[id: 60; name: writeLargeFile (60); status: COMPLETED; exit: 0; error: -; workDir: /input/data/work/7f/ca5538eeafbd2e167a205db005234a]
Dec-08 00:07:35.117 [Task monitor] DEBUG n.processor.TaskPollingMonitor - !! executor k8s > tasks to be completed: 28 -- submitted tasks are shown below
~> TaskHandler[id: 72; name: writeLargeFile (72); status: RUNNING; exit: -; error: -; workDir: /input/data/work/27/484be4e12f0c5978e4f952390c0d66]
~> TaskHandler[id: 100; name: writeLargeFile (100); status: RUNNING; exit: -; error: -; workDir: /input/data/work/b0/a97118442102060695f096bd0870c1]
~> TaskHandler[id: 74; name: writeLargeFile (74); status: RUNNING; exit: -; error: -; workDir: /input/data/work/94/77d8188f9e2c2166e510bdb3485308]
~> TaskHandler[id: 73; name: writeLargeFile (73); status: RUNNING; exit: -; error: -; workDir: /input/data/work/3a/572df92a1469dcb7bb5de9a6195a04]
~> TaskHandler[id: 75; name: writeLargeFile (75); status: RUNNING; exit: -; error: -; workDir: /input/data/work/e5/e6e7e03ac9047ee8b5c051bcb405ea]
~> TaskHandler[id: 77; name: writeLargeFile (77); status: RUNNING; exit: -; error: -; workDir: /input/data/work/de/8757f1a3791dd4d176d3b189512b52]
~> TaskHandler[id: 76; name: writeLargeFile (76); status: RUNNING; exit: -; error: -; workDir: /input/data/work/82/03727482d04ff41265e36747882ebf]
~> TaskHandler[id: 80; name: writeLargeFile (80); status: RUNNING; exit: -; error: -; workDir: /input/data/work/25/9597a0ee4d96c3debd8934d73743d3]
~> TaskHandler[id: 78; name: writeLargeFile (78); status: RUNNING; exit: -; error: -; workDir: /input/data/work/18/e133ccc98b03e6effed681cc34b884]
~> TaskHandler[id: 79; name: writeLargeFile (79); status: RUNNING; exit: -; error: -; workDir: /input/data/work/3b/c0374d3262479d7fb59b0bcc3b3310]
.. remaining tasks omitted.
Dec-08 00:07:56.847 [Task monitor] DEBUG n.processor.TaskPollingMonitor - Task completed > TaskHandler[id: 72; name: writeLargeFile (72); status: COMPLETED; exit: 0; error: -; workDir: /input/data/work/27/484be4e12f0c5978e4f952390c0d66]
Dec-08 00:07:58.565 [Task monitor] DEBUG n.processor.TaskPollingMonitor - Task completed > TaskHandler[id: 100; name: writeLargeFile (100); status: COMPLETED; exit: 0; error: -; workDir: /input/data/work/b0/a97118442102060695f096bd0870c1]
Dec-08 00:07:58.673 [Task monitor] DEBUG n.processor.TaskPollingMonitor - Task completed > TaskHandler[id: 74; name: writeLargeFile (74); status: COMPLETED; exit: 0; error: -; workDir: /input/data/work/94/77d8188f9e2c2166e510bdb3485308]
Dec-08 00:08:14.043 [Task monitor] DEBUG n.processor.TaskPollingMonitor - Task completed > TaskHandler[id: 73; name: writeLargeFile (73); status: COMPLETED; exit: 0; error: -; workDir: /input/data/work/3a/572df92a1469dcb7bb5de9a6195a04]
Dec-08 00:08:14.082 [Task monitor] DEBUG n.processor.TaskPollingMonitor - Task completed > TaskHandler[id: 75; name: writeLargeFile (75); status: COMPLETED; exit: 0; error: -; workDir: /input/data/work/e5/e6e7e03ac9047ee8b5c051bcb405ea]
Dec-08 00:08:14.117 [Task monitor] DEBUG n.processor.TaskPollingMonitor - Task completed > TaskHandler[id: 77; name: writeLargeFile (77); status: COMPLETED; exit: 0; error: -; workDir: /input/data/work/de/8757f1a3791dd4d176d3b189512b52]
Dec-08 00:08:14.199 [Task monitor] DEBUG n.processor.TaskPollingMonitor - Task completed > TaskHandler[id: 79; name: writeLargeFile (79); status: COMPLETED; exit: 0; error: -; workDir: /input/data/work/3b/c0374d3262479d7fb59b0bcc3b3310]
Dec-08 00:08:14.234 [Task monitor] DEBUG n.processor.TaskPollingMonitor - Task completed > TaskHandler[id: 81; name: writeLargeFile (81); status: COMPLETED; exit: 0; error: -; workDir: /input/data/work/0b/a6c8a4e45e47737541c25030b367fe]
Dec-08 00:08:14.278 [Task monitor] DEBUG n.processor.TaskPollingMonitor - Task completed > TaskHandler[id: 82; name: writeLargeFile (82); status: COMPLETED; exit: 0; error: -; workDir: /input/data/work/5d/9628cec016f9e3d2124ae92825d275]
Dec-08 00:08:14.317 [Task monitor] DEBUG n.processor.TaskPollingMonitor - Task completed > TaskHandler[id: 83; name: writeLargeFile (83); status: COMPLETED; exit: 0; error: -; workDir: /input/data/work/1b/b6035c49f401d41d6a5ae3ef9f127e]
Dec-08 00:08:14.377 [Task monitor] DEBUG n.processor.TaskPollingMonitor - Task completed > TaskHandler[id: 84; name: writeLargeFile (84); status: COMPLETED; exit: 0; error: -; workDir: /input/data/work/9b/f84cfef3914d408c824783408bb155]
Dec-08 00:08:14.420 [Task monitor] DEBUG n.processor.TaskPollingMonitor - Task completed > TaskHandler[id: 85; name: writeLargeFile (85); status: COMPLETED; exit: 0; error: -; workDir: /input/data/work/36/3d734a677050e790d80c51b79b7886]
Dec-08 00:08:19.049 [Task monitor] DEBUG n.processor.TaskPollingMonitor - Task completed > TaskHandler[id: 76; name: writeLargeFile (76); status: COMPLETED; exit: 0; error: -; workDir: /input/data/work/82/03727482d04ff41265e36747882ebf]
Dec-08 00:08:19.097 [Task monitor] DEBUG n.processor.TaskPollingMonitor - Task completed > TaskHandler[id: 80; name: writeLargeFile (80); status: COMPLETED; exit: 0; error: -; workDir: /input/data/work/25/9597a0ee4d96c3debd8934d73743d3]
Dec-08 00:08:19.138 [Task monitor] DEBUG n.processor.TaskPollingMonitor - Task completed > TaskHandler[id: 78; name: writeLargeFile (78); status: COMPLETED; exit: 0; error: -; workDir: /input/data/work/18/e133ccc98b03e6effed681cc34b884]
Dec-08 00:08:19.181 [Task monitor] DEBUG n.processor.TaskPollingMonitor - Task completed > TaskHandler[id: 86; name: writeLargeFile (86); status: COMPLETED; exit: 0; error: -; workDir: /input/data/work/66/0eb3a7ffa6fd19123d07e4f040eb88]
Dec-08 00:08:19.224 [Task monitor] DEBUG n.processor.TaskPollingMonitor - Task completed > TaskHandler[id: 89; name: writeLargeFile (89); status: COMPLETED; exit: 0; error: -; workDir: /input/data/work/dd/6f2408de43b416ecde70e053106454]
Dec-08 00:08:19.259 [Task monitor] DEBUG n.processor.TaskPollingMonitor - Task completed > TaskHandler[id: 87; name: writeLargeFile (87); status: COMPLETED; exit: 0; error: -; workDir: /input/data/work/74/2e481d463f94fcae0dbed797f3e2f5]
Dec-08 00:08:39.098 [Task monitor] DEBUG n.processor.TaskPollingMonitor - Task completed > TaskHandler[id: 90; name: writeLargeFile (90); status: COMPLETED; exit: 0; error: -; workDir: /input/data/work/70/3f4d62d4c40b289be761404dbc0294]
Dec-08 00:08:39.201 [Task monitor] DEBUG n.processor.TaskPollingMonitor - Task completed > TaskHandler[id: 88; name: writeLargeFile (88); status: COMPLETED; exit: 0; error: -; workDir: /input/data/work/b0/b03e810ec4c83236866fc261c43e10]
Dec-08 00:08:39.306 [Task monitor] DEBUG n.processor.TaskPollingMonitor - Task completed > TaskHandler[id: 92; name: writeLargeFile (92); status: COMPLETED; exit: 0; error: -; workDir: /input/data/work/bb/e3aaff28ccbbe5f6a540b15b823444]
Dec-08 00:08:39.606 [Task monitor] DEBUG n.processor.TaskPollingMonitor - Task completed > TaskHandler[id: 99; name: writeLargeFile (99); status: COMPLETED; exit: 0; error: -; workDir: /input/data/work/8c/b4352a779eb230b7283b4a7931dbad]
Dec-08 00:08:54.055 [Task monitor] DEBUG n.processor.TaskPollingMonitor - Task completed > TaskHandler[id: 93; name: writeLargeFile (93); status: COMPLETED; exit: 0; error: -; workDir: /input/data/work/08/a3648df43829903720687f98ccdc9e]
Dec-08 00:08:54.091 [Task monitor] DEBUG n.processor.TaskPollingMonitor - Task completed > TaskHandler[id: 94; name: writeLargeFile (94); status: COMPLETED; exit: 0; error: -; workDir: /input/data/work/a5/cf6f8d3c09c2a8554235cbf5c0085e]
Dec-08 00:08:54.131 [Task monitor] DEBUG n.processor.TaskPollingMonitor - Task completed > TaskHandler[id: 96; name: writeLargeFile (96); status: COMPLETED; exit: 0; error: -; workDir: /input/data/work/cd/2a0af4b17dc6fafe3fa916fb07bd4d]
Dec-08 00:08:54.176 [Task monitor] DEBUG n.processor.TaskPollingMonitor - Task completed > TaskHandler[id: 95; name: writeLargeFile (95); status: COMPLETED; exit: 0; error: -; workDir: /input/data/work/c5/8d338fddb6b6229c249e3996e56161]
Dec-08 00:08:54.218 [Task monitor] DEBUG n.processor.TaskPollingMonitor - Task completed > TaskHandler[id: 97; name: writeLargeFile (97); status: COMPLETED; exit: 0; error: -; workDir: /input/data/work/39/eab643472773d1e7de33add1ec5bae]
Dec-08 00:08:54.259 [Task monitor] DEBUG n.processor.TaskPollingMonitor - Task completed > TaskHandler[id: 98; name: writeLargeFile (98); status: COMPLETED; exit: 0; error: -; workDir: /input/data/work/f9/fded954afb64ce11c3d398aa0aeea8]
Dec-08 00:08:54.323 [Task submitter] INFO  nextflow.Session - [4d/7dce22] Submitted process > combineFilesB (21)
Dec-08 00:08:54.355 [Task submitter] INFO  nextflow.Session - [e5/ce1a60] Submitted process > combineFilesA (1)
Dec-08 00:08:54.381 [Task submitter] INFO  nextflow.Session - [7d/5d00e9] Submitted process > combineFilesB (13)
Dec-08 00:08:54.409 [Task submitter] INFO  nextflow.Session - [03/ace069] Submitted process > combineFilesA (19)
Dec-08 00:08:54.438 [Task submitter] INFO  nextflow.Session - [eb/2b78b5] Submitted process > combineFilesA (8)
Dec-08 00:08:54.464 [Task submitter] INFO  nextflow.Session - [35/555006] Submitted process > combineFilesA (2)
Dec-08 00:08:54.494 [Task submitter] INFO  nextflow.Session - [91/ffa69a] Submitted process > combineFilesA (3)
Dec-08 00:08:54.519 [Task submitter] INFO  nextflow.Session - [56/50d59e] Submitted process > combineFilesA (11)
Dec-08 00:08:54.543 [Task submitter] INFO  nextflow.Session - [0e/58380c] Submitted process > combineFilesA (9)
Dec-08 00:08:54.570 [Task submitter] INFO  nextflow.Session - [89/247432] Submitted process > combineFilesB (24)
Dec-08 00:08:54.597 [Task submitter] INFO  nextflow.Session - [0b/f0c11a] Submitted process > combineFilesA (13)
Dec-08 00:08:54.621 [Task submitter] INFO  nextflow.Session - [77/ce25d9] Submitted process > combineFilesB (1)
Dec-08 00:08:54.646 [Task submitter] INFO  nextflow.Session - [dc/da91a2] Submitted process > combineFilesB (4)
Dec-08 00:08:54.672 [Task submitter] INFO  nextflow.Session - [48/9f96c6] Submitted process > combineFilesB (22)
Dec-08 00:08:54.698 [Task submitter] INFO  nextflow.Session - [4d/20dae8] Submitted process > combineFilesA (26)
Dec-08 00:08:54.724 [Task submitter] INFO  nextflow.Session - [17/5f6c28] Submitted process > combineFilesA (25)
Dec-08 00:08:54.772 [Task submitter] INFO  nextflow.Session - [7d/285dc7] Submitted process > combineFilesB (19)
Dec-08 00:08:54.800 [Task submitter] INFO  nextflow.Session - [55/db4a85] Submitted process > combineFilesA (27)
Dec-08 00:08:54.821 [Task submitter] INFO  nextflow.Session - [c5/f1976f] Submitted process > combineFilesB (20)
Dec-08 00:08:54.845 [Task submitter] INFO  nextflow.Session - [27/027f61] Submitted process > combineFilesB (25)
Dec-08 00:08:54.869 [Task submitter] INFO  nextflow.Session - [bd/8d63a4] Submitted process > combineFilesB (9)
Dec-08 00:08:54.896 [Task submitter] INFO  nextflow.Session - [dc/a2a6b3] Submitted process > combineFilesA (7)
Dec-08 00:08:54.923 [Task submitter] INFO  nextflow.Session - [51/002b20] Submitted process > combineFilesA (10)
Dec-08 00:08:54.949 [Task submitter] INFO  nextflow.Session - [bc/e5d23a] Submitted process > combineFilesA (15)
Dec-08 00:08:54.974 [Task submitter] INFO  nextflow.Session - [55/b3bbc0] Submitted process > combineFilesA (31)
Dec-08 00:08:55.000 [Task submitter] INFO  nextflow.Session - [50/bec536] Submitted process > combineFilesA (22)
Dec-08 00:08:55.023 [Task submitter] INFO  nextflow.Session - [6a/b192ba] Submitted process > combineFilesA (23)
Dec-08 00:08:55.053 [Task submitter] INFO  nextflow.Session - [98/b22206] Submitted process > combineFilesA (18)
Dec-08 00:08:55.078 [Task submitter] INFO  nextflow.Session - [15/0c19b8] Submitted process > combineFilesA (17)
Dec-08 00:08:55.102 [Task submitter] INFO  nextflow.Session - [b8/09d90f] Submitted process > combineFilesB (5)
Dec-08 00:08:55.138 [Task submitter] INFO  nextflow.Session - [e7/ca5112] Submitted process > combineFilesA (20)
Dec-08 00:08:55.166 [Task submitter] INFO  nextflow.Session - [cf/b7733b] Submitted process > combineFilesB (23)
Dec-08 00:08:55.193 [Task submitter] INFO  nextflow.Session - [9e/ddc0cf] Submitted process > combineFilesA (30)
Dec-08 00:08:55.219 [Task submitter] INFO  nextflow.Session - [16/bde349] Submitted process > combineFilesB (8)
Dec-08 00:08:55.244 [Task submitter] INFO  nextflow.Session - [f0/57b54d] Submitted process > combineFilesB (2)
Dec-08 00:08:55.272 [Task submitter] INFO  nextflow.Session - [14/9d8b7f] Submitted process > combineFilesB (11)
Dec-08 00:08:55.297 [Task submitter] INFO  nextflow.Session - [f3/8bf5df] Submitted process > combineFilesA (16)
Dec-08 00:08:55.340 [Task submitter] INFO  nextflow.Session - [75/16a4ac] Submitted process > combineFilesB (12)
Dec-08 00:08:55.369 [Task submitter] INFO  nextflow.Session - [52/30e1a5] Submitted process > combineFilesA (14)
Dec-08 00:08:55.396 [Task submitter] INFO  nextflow.Session - [9e/805439] Submitted process > combineFilesA (29)
Dec-08 00:08:55.422 [Task submitter] INFO  nextflow.Session - [6f/c8cc4e] Submitted process > combineFilesA (5)
Dec-08 00:08:55.449 [Task submitter] INFO  nextflow.Session - [78/4f6550] Submitted process > combineFilesB (10)
Dec-08 00:08:55.475 [Task submitter] INFO  nextflow.Session - [84/63e269] Submitted process > combineFilesA (28)
Dec-08 00:08:55.502 [Task submitter] INFO  nextflow.Session - [24/8038d9] Submitted process > combineFilesB (7)
Dec-08 00:08:55.529 [Task submitter] INFO  nextflow.Session - [a7/db0edf] Submitted process > combineFilesA (4)
Dec-08 00:08:55.562 [Task submitter] INFO  nextflow.Session - [ba/e5590b] Submitted process > combineFilesB (14)
Dec-08 00:08:55.591 [Task submitter] INFO  nextflow.Session - [c8/09c93c] Submitted process > combineFilesB (18)
Dec-08 00:08:55.619 [Task submitter] INFO  nextflow.Session - [ae/0cf9b6] Submitted process > combineFilesA (6)
Dec-08 00:08:55.647 [Task submitter] INFO  nextflow.Session - [ea/7ac965] Submitted process > combineFilesB (15)
Dec-08 00:08:55.681 [Task submitter] INFO  nextflow.Session - [22/4c9563] Submitted process > combineFilesB (6)
Dec-08 00:08:55.708 [Task submitter] INFO  nextflow.Session - [b3/38afdd] Submitted process > combineFilesA (12)
Dec-08 00:08:55.736 [Task submitter] INFO  nextflow.Session - [02/f9b658] Submitted process > combineFilesA (21)
Dec-08 00:08:55.764 [Task submitter] INFO  nextflow.Session - [f7/629050] Submitted process > combineFilesB (26)
Dec-08 00:08:55.792 [Task submitter] INFO  nextflow.Session - [21/1d6d62] Submitted process > combineFilesA (33)
Dec-08 00:08:55.869 [Task submitter] INFO  nextflow.Session - [44/53b3c3] Submitted process > combineFilesB (3)
Dec-08 00:08:55.968 [Task submitter] INFO  nextflow.Session - [76/08b675] Submitted process > combineFilesA (24)
Dec-08 00:08:56.067 [Task submitter] INFO  nextflow.Session - [99/84e3cf] Submitted process > combineFilesA (32)
Dec-08 00:08:56.183 [Task submitter] INFO  nextflow.Session - [7e/7a9ae1] Submitted process > combineFilesB (16)
Dec-08 00:08:56.259 [Task submitter] INFO  nextflow.Session - [43/524dbf] Submitted process > combineFilesA (34)
Dec-08 00:08:56.363 [Task submitter] INFO  nextflow.Session - [aa/ca5df5] Submitted process > combineFilesB (17)
Dec-08 00:10:54.894 [Task monitor] DEBUG n.processor.TaskPollingMonitor - Task completed > TaskHandler[id: 143; name: combineFilesB (21); status: COMPLETED; exit: 0; error: -; workDir: /input/data/work/4d/7dce2261012b8492df67ee322f911b]
Dec-08 00:10:56.363 [Task monitor] DEBUG n.processor.TaskPollingMonitor - Task completed > TaskHandler[id: 136; name: combineFilesA (19); status: COMPLETED; exit: 0; error: -; workDir: /input/data/work/03/ace069cfa43eac880a43b8850501b5]
Dec-08 00:11:13.519 [Task monitor] DEBUG n.processor.TaskPollingMonitor - Task completed > TaskHandler[id: 125; name: combineFilesA (13); status: COMPLETED; exit: 0; error: -; workDir: /input/data/work/0b/f0c11ae0bc9674c7a11835fda63959]
Dec-08 00:11:50.441 [Task monitor] DEBUG n.processor.TaskPollingMonitor - Task completed > TaskHandler[id: 101; name: combineFilesA (1); status: COMPLETED; exit: 0; error: -; workDir: /input/data/work/e5/ce1a60bf13e77af61af01b6b477af1]
Dec-08 00:12:31.935 [Task monitor] DEBUG n.processor.TaskPollingMonitor - Task completed > TaskHandler[id: 121; name: combineFilesA (11); status: COMPLETED; exit: 0; error: -; workDir: /input/data/work/56/50d59eee45e85204c43a5f1d0fb2da]
Dec-08 00:12:32.091 [Task monitor] DEBUG n.processor.TaskPollingMonitor - Task completed > TaskHandler[id: 117; name: combineFilesA (9); status: COMPLETED; exit: 0; error: -; workDir: /input/data/work/0e/58380c6aa49f8d969412ce4f22fb8a]
Dec-08 00:12:36.620 [Task monitor] DEBUG n.processor.TaskPollingMonitor - !! executor k8s > tasks to be completed: 54 -- submitted tasks are shown below
~> TaskHandler[id: 126; name: combineFilesB (13); status: RUNNING; exit: -; error: -; workDir: /input/data/work/7d/5d00e974f67afe0f255de7c8e52e5e]
~> TaskHandler[id: 115; name: combineFilesA (8); status: RUNNING; exit: -; error: -; workDir: /input/data/work/eb/2b78b5136e23b324c1f5f8240d9ca9]
~> TaskHandler[id: 103; name: combineFilesA (2); status: RUNNING; exit: -; error: -; workDir: /input/data/work/35/555006a5e4363320b7ae5f3e844af4]
~> TaskHandler[id: 105; name: combineFilesA (3); status: RUNNING; exit: -; error: -; workDir: /input/data/work/91/ffa69ae0e3cfed55ef6dba1922e09d]
~> TaskHandler[id: 148; name: combineFilesB (24); status: RUNNING; exit: -; error: -; workDir: /input/data/work/89/24743265810cf4d013537021968c51]
~> TaskHandler[id: 102; name: combineFilesB (1); status: RUNNING; exit: -; error: -; workDir: /input/data/work/77/ce25d918ea11bd028839b5610855fd]
~> TaskHandler[id: 108; name: combineFilesB (4); status: SUBMITTED; exit: -; error: -; workDir: /input/data/work/dc/da91a28e6bcf48d928bab4082be0b0]
~> TaskHandler[id: 145; name: combineFilesB (22); status: SUBMITTED; exit: -; error: -; workDir: /input/data/work/48/9f96c65d14e4011f214a28525b0473]
~> TaskHandler[id: 151; name: combineFilesA (26); status: SUBMITTED; exit: -; error: -; workDir: /input/data/work/4d/20dae837c71e46a471a133ecf9bc71]
~> TaskHandler[id: 150; name: combineFilesA (25); status: SUBMITTED; exit: -; error: -; workDir: /input/data/work/17/5f6c286cc8ce88cc6a9e53dc90d7c9]
.. remaining tasks omitted.
Dec-08 00:12:37.123 [Task monitor] DEBUG n.processor.TaskPollingMonitor - Task completed > TaskHandler[id: 103; name: combineFilesA (2); status: COMPLETED; exit: 0; error: -; workDir: /input/data/work/35/555006a5e4363320b7ae5f3e844af4]
Dec-08 00:12:37.517 [Task monitor] DEBUG n.processor.TaskPollingMonitor - Task completed > TaskHandler[id: 102; name: combineFilesB (1); status: COMPLETED; exit: 0; error: -; workDir: /input/data/work/77/ce25d918ea11bd028839b5610855fd]
Dec-08 00:13:38.877 [Task monitor] DEBUG n.processor.TaskPollingMonitor - Task completed > TaskHandler[id: 126; name: combineFilesB (13); status: COMPLETED; exit: 0; error: -; workDir: /input/data/work/7d/5d00e974f67afe0f255de7c8e52e5e]
Dec-08 00:14:02.044 [Task monitor] DEBUG n.processor.TaskPollingMonitor - Task completed > TaskHandler[id: 115; name: combineFilesA (8); status: COMPLETED; exit: 0; error: -; workDir: /input/data/work/eb/2b78b5136e23b324c1f5f8240d9ca9]
Dec-08 00:14:08.754 [Task monitor] DEBUG n.processor.TaskPollingMonitor - Task completed > TaskHandler[id: 105; name: combineFilesA (3); status: COMPLETED; exit: 0; error: -; workDir: /input/data/work/91/ffa69ae0e3cfed55ef6dba1922e09d]
Dec-08 00:14:09.263 [Task monitor] DEBUG n.processor.TaskPollingMonitor - Task completed > TaskHandler[id: 149; name: combineFilesB (25); status: COMPLETED; exit: 0; error: -; workDir: /input/data/work/27/027f615df96912cbcbcd7465eae30d]
Dec-08 00:14:10.335 [Task monitor] DEBUG n.processor.TaskPollingMonitor - Task completed > TaskHandler[id: 118; name: combineFilesB (9); status: COMPLETED; exit: 0; error: -; workDir: /input/data/work/bd/8d63a44a074397561d520a0a4b1d0f]
Dec-08 00:14:10.847 [Task monitor] DEBUG n.processor.TaskPollingMonitor - Task completed > TaskHandler[id: 147; name: combineFilesB (23); status: COMPLETED; exit: 0; error: -; workDir: /input/data/work/cf/b7733bca9fe02d1e699a453562328f]
Dec-08 00:14:16.812 [Task monitor] DEBUG n.processor.TaskPollingMonitor - Task completed > TaskHandler[id: 148; name: combineFilesB (24); status: COMPLETED; exit: 0; error: -; workDir: /input/data/work/89/24743265810cf4d013537021968c51]
Dec-08 00:14:21.915 [Task monitor] DEBUG n.processor.TaskPollingMonitor - Task completed > TaskHandler[id: 139; name: combineFilesB (19); status: COMPLETED; exit: 0; error: -; workDir: /input/data/work/7d/285dc76cbe3fa9cc16048eca3faf91]
Dec-08 00:14:22.384 [Task monitor] DEBUG n.processor.TaskPollingMonitor - Task completed > TaskHandler[id: 110; name: combineFilesB (5); status: COMPLETED; exit: 0; error: -; workDir: /input/data/work/b8/09d90f02f58aca1913f759c3157ba2]
Dec-08 00:14:22.588 [Task monitor] DEBUG n.processor.TaskPollingMonitor - Task completed > TaskHandler[id: 104; name: combineFilesB (2); status: COMPLETED; exit: 0; error: -; workDir: /input/data/work/f0/57b54d54a47f23ad2151c9effd0f72]
Dec-08 00:14:22.750 [Task monitor] DEBUG n.processor.TaskPollingMonitor - Task completed > TaskHandler[id: 123; name: combineFilesB (12); status: COMPLETED; exit: 0; error: -; workDir: /input/data/work/75/16a4ace0bfbd63fa66b3f3a6ccc42c]
Dec-08 00:15:35.365 [Task monitor] DEBUG n.processor.TaskPollingMonitor - Task completed > TaskHandler[id: 137; name: combineFilesB (18); status: COMPLETED; exit: 0; error: -; workDir: /input/data/work/c8/09c93c1d6226c98614f52180af05c3]
Dec-08 00:16:38.847 [Task monitor] DEBUG n.processor.TaskPollingMonitor - Task completed > TaskHandler[id: 114; name: combineFilesB (7); status: COMPLETED; exit: 0; error: -; workDir: /input/data/work/24/8038d9dd7159cb04736228c6a78760]
Dec-08 00:16:39.090 [Task monitor] DEBUG n.processor.TaskPollingMonitor - Task completed > TaskHandler[id: 130; name: combineFilesB (15); status: COMPLETED; exit: 0; error: -; workDir: /input/data/work/ea/7ac96514f0b54a09b32619283afd5e]
Dec-08 00:17:01.608 [Task monitor] DEBUG n.processor.TaskPollingMonitor - Task completed > TaskHandler[id: 116; name: combineFilesB (8); status: COMPLETED; exit: 0; error: -; workDir: /input/data/work/16/bde349d37fd180302a3dedd8c72c26]
Dec-08 00:17:39.548 [Task monitor] DEBUG n.processor.TaskPollingMonitor - !! executor k8s > tasks to be completed: 37 -- submitted tasks are shown below
~> TaskHandler[id: 108; name: combineFilesB (4); status: RUNNING; exit: -; error: -; workDir: /input/data/work/dc/da91a28e6bcf48d928bab4082be0b0]
~> TaskHandler[id: 145; name: combineFilesB (22); status: RUNNING; exit: -; error: -; workDir: /input/data/work/48/9f96c65d14e4011f214a28525b0473]
~> TaskHandler[id: 151; name: combineFilesA (26); status: SUBMITTED; exit: -; error: -; workDir: /input/data/work/4d/20dae837c71e46a471a133ecf9bc71]
~> TaskHandler[id: 150; name: combineFilesA (25); status: RUNNING; exit: -; error: -; workDir: /input/data/work/17/5f6c286cc8ce88cc6a9e53dc90d7c9]
~> TaskHandler[id: 153; name: combineFilesA (27); status: SUBMITTED; exit: -; error: -; workDir: /input/data/work/55/db4a85e438df483ea27cb5ece293f5]
~> TaskHandler[id: 141; name: combineFilesB (20); status: RUNNING; exit: -; error: -; workDir: /input/data/work/c5/f1976fed0aac3b41356f08cf77c540]
~> TaskHandler[id: 113; name: combineFilesA (7); status: RUNNING; exit: -; error: -; workDir: /input/data/work/dc/a2a6b3598d71565fc94fda617e9230]
~> TaskHandler[id: 119; name: combineFilesA (10); status: RUNNING; exit: -; error: -; workDir: /input/data/work/51/002b20e4b6e7688f1a26b619b2b275]
~> TaskHandler[id: 129; name: combineFilesA (15); status: SUBMITTED; exit: -; error: -; workDir: /input/data/work/bc/e5d23a1ea6eb06e7b2d99b76030a7c]
~> TaskHandler[id: 157; name: combineFilesA (31); status: SUBMITTED; exit: -; error: -; workDir: /input/data/work/55/b3bbc007a2ffc99ff062563b377d22]
.. remaining tasks omitted.
Dec-08 00:18:52.498 [Task monitor] DEBUG n.processor.TaskPollingMonitor - Task completed > TaskHandler[id: 131; name: combineFilesA (16); status: COMPLETED; exit: 0; error: -; workDir: /input/data/work/f3/8bf5df4ac5b5191ccd683b7ddbe6f7]
Dec-08 00:19:03.508 [Task monitor] DEBUG n.processor.TaskPollingMonitor - Task completed > TaskHandler[id: 120; name: combineFilesB (10); status: COMPLETED; exit: 0; error: -; workDir: /input/data/work/78/4f6550e27c8ce8a379264014e81dac]
Dec-08 00:19:03.772 [Task monitor] DEBUG n.processor.TaskPollingMonitor - Task completed > TaskHandler[id: 106; name: combineFilesB (3); status: COMPLETED; exit: 0; error: -; workDir: /input/data/work/44/53b3c352142280f1bb1f2053295cdf]
Dec-08 00:19:28.202 [Task monitor] DEBUG n.processor.TaskPollingMonitor - Task completed > TaskHandler[id: 135; name: combineFilesB (17); status: COMPLETED; exit: 0; error: -; workDir: /input/data/work/aa/ca5df528be676b82205e3915441480]
Dec-08 00:19:28.329 [Task monitor] DEBUG n.processor.TaskPollingMonitor - Task completed > TaskHandler[id: 145; name: combineFilesB (22); status: COMPLETED; exit: 0; error: -; workDir: /input/data/work/48/9f96c65d14e4011f214a28525b0473]
Dec-08 00:19:28.896 [Task monitor] DEBUG n.processor.TaskPollingMonitor - Task completed > TaskHandler[id: 138; name: combineFilesA (20); status: COMPLETED; exit: 0; error: -; workDir: /input/data/work/e7/ca511251fd7763e0ab8236b2d3c36f]
Dec-08 00:19:29.552 [Task monitor] DEBUG n.processor.TaskPollingMonitor - Task completed > TaskHandler[id: 152; name: combineFilesB (26); status: COMPLETED; exit: 0; error: -; workDir: /input/data/work/f7/6290500a77a5600bdcf2209c818e88]
Dec-08 00:19:31.530 [Task monitor] DEBUG n.processor.TaskPollingMonitor - Task completed > TaskHandler[id: 159; name: combineFilesA (33); status: COMPLETED; exit: 0; error: -; workDir: /input/data/work/21/1d6d6260435f8d5b012c07ba062a45]
Dec-08 00:19:32.381 [Task monitor] DEBUG n.processor.TaskPollingMonitor - Task completed > TaskHandler[id: 133; name: combineFilesB (16); status: COMPLETED; exit: 0; error: -; workDir: /input/data/work/7e/7a9ae1aff577cde82dc4dc967530ff]
Dec-08 00:19:38.695 [Task monitor] DEBUG n.processor.TaskPollingMonitor - Task completed > TaskHandler[id: 119; name: combineFilesA (10); status: COMPLETED; exit: 0; error: -; workDir: /input/data/work/51/002b20e4b6e7688f1a26b619b2b275]
Dec-08 00:19:43.458 [Task monitor] DEBUG n.processor.TaskPollingMonitor - Task completed > TaskHandler[id: 150; name: combineFilesA (25); status: COMPLETED; exit: 0; error: -; workDir: /input/data/work/17/5f6c286cc8ce88cc6a9e53dc90d7c9]
Dec-08 00:20:23.310 [Task monitor] DEBUG n.processor.TaskPollingMonitor - Task completed > TaskHandler[id: 108; name: combineFilesB (4); status: COMPLETED; exit: 0; error: -; workDir: /input/data/work/dc/da91a28e6bcf48d928bab4082be0b0]
Dec-08 00:20:23.716 [Task monitor] DEBUG n.processor.TaskPollingMonitor - Task completed > TaskHandler[id: 156; name: combineFilesA (30); status: COMPLETED; exit: 0; error: -; workDir: /input/data/work/9e/ddc0cfaa7479929d6dca50cd83fda4]
Dec-08 00:20:24.106 [Task monitor] DEBUG n.processor.TaskPollingMonitor - Task completed > TaskHandler[id: 112; name: combineFilesB (6); status: COMPLETED; exit: 0; error: -; workDir: /input/data/work/22/4c95630401ae668582a90d80526834]
Dec-08 00:20:29.906 [Task monitor] DEBUG n.processor.TaskPollingMonitor - Task completed > TaskHandler[id: 122; name: combineFilesB (11); status: COMPLETED; exit: 0; error: -; workDir: /input/data/work/14/9d8b7f50415c4e2855efec1e1b4c20]
Dec-08 00:20:53.012 [Task monitor] DEBUG n.processor.TaskPollingMonitor - Task completed > TaskHandler[id: 155; name: combineFilesA (29); status: COMPLETED; exit: 0; error: -; workDir: /input/data/work/9e/805439c80c75e9f9073b31582ec637]
Dec-08 00:21:06.062 [Task monitor] DEBUG n.processor.TaskPollingMonitor - Task completed > TaskHandler[id: 124; name: combineFilesA (12); status: COMPLETED; exit: 0; error: -; workDir: /input/data/work/b3/38afdde912658fd4d113c8d276564f]
Dec-08 00:21:26.285 [Task monitor] DEBUG n.processor.TaskPollingMonitor - Task completed > TaskHandler[id: 109; name: combineFilesA (5); status: COMPLETED; exit: 0; error: -; workDir: /input/data/work/6f/c8cc4ea9c1225841cf839a263bad9c]
Dec-08 00:22:08.854 [Task monitor] DEBUG n.processor.TaskPollingMonitor - Task completed > TaskHandler[id: 140; name: combineFilesA (21); status: COMPLETED; exit: 0; error: -; workDir: /input/data/work/02/f9b658b5b4cd646857d78eff6b8668]
Dec-08 00:22:39.693 [Task monitor] DEBUG n.processor.TaskPollingMonitor - !! executor k8s > tasks to be completed: 18 -- submitted tasks are shown below
~> TaskHandler[id: 151; name: combineFilesA (26); status: RUNNING; exit: -; error: -; workDir: /input/data/work/4d/20dae837c71e46a471a133ecf9bc71]
~> TaskHandler[id: 153; name: combineFilesA (27); status: RUNNING; exit: -; error: -; workDir: /input/data/work/55/db4a85e438df483ea27cb5ece293f5]
~> TaskHandler[id: 141; name: combineFilesB (20); status: RUNNING; exit: -; error: -; workDir: /input/data/work/c5/f1976fed0aac3b41356f08cf77c540]
~> TaskHandler[id: 113; name: combineFilesA (7); status: RUNNING; exit: -; error: -; workDir: /input/data/work/dc/a2a6b3598d71565fc94fda617e9230]
~> TaskHandler[id: 129; name: combineFilesA (15); status: RUNNING; exit: -; error: -; workDir: /input/data/work/bc/e5d23a1ea6eb06e7b2d99b76030a7c]
~> TaskHandler[id: 157; name: combineFilesA (31); status: RUNNING; exit: -; error: -; workDir: /input/data/work/55/b3bbc007a2ffc99ff062563b377d22]
~> TaskHandler[id: 142; name: combineFilesA (22); status: RUNNING; exit: -; error: -; workDir: /input/data/work/50/bec536e3737f1e9be6bd9cb95efc26]
~> TaskHandler[id: 144; name: combineFilesA (23); status: RUNNING; exit: -; error: -; workDir: /input/data/work/6a/b192ba5bb78a3dd76139d0f1653ad7]
~> TaskHandler[id: 134; name: combineFilesA (18); status: RUNNING; exit: -; error: -; workDir: /input/data/work/98/b22206a002e299cccf4c1ff70a4c29]
~> TaskHandler[id: 132; name: combineFilesA (17); status: RUNNING; exit: -; error: -; workDir: /input/data/work/15/0c19b85f6696bbe50487a4957b23fb]
.. remaining tasks omitted.
Dec-08 00:22:40.266 [Task monitor] DEBUG n.processor.TaskPollingMonitor - Task completed > TaskHandler[id: 144; name: combineFilesA (23); status: COMPLETED; exit: 0; error: -; workDir: /input/data/work/6a/b192ba5bb78a3dd76139d0f1653ad7]
Dec-08 00:22:40.895 [Task monitor] DEBUG n.processor.TaskPollingMonitor - Task completed > TaskHandler[id: 128; name: combineFilesB (14); status: COMPLETED; exit: 0; error: -; workDir: /input/data/work/ba/e5590b0095875454fac39b57ad1c7b]
Dec-08 00:22:44.981 [Task monitor] DEBUG n.processor.TaskPollingMonitor - Task completed > TaskHandler[id: 141; name: combineFilesB (20); status: COMPLETED; exit: 0; error: -; workDir: /input/data/work/c5/f1976fed0aac3b41356f08cf77c540]
Dec-08 00:22:45.724 [Task monitor] DEBUG n.processor.TaskPollingMonitor - Task completed > TaskHandler[id: 146; name: combineFilesA (24); status: COMPLETED; exit: 0; error: -; workDir: /input/data/work/76/08b675fa225125a8af617d9ad5c9f5]
Dec-08 00:22:45.911 [Task monitor] DEBUG n.processor.TaskPollingMonitor - Task completed > TaskHandler[id: 160; name: combineFilesA (34); status: COMPLETED; exit: 0; error: -; workDir: /input/data/work/43/524dbf01dd207a8c9f083d15e1d689]
Dec-08 00:23:45.064 [Task monitor] DEBUG n.processor.TaskPollingMonitor - Task completed > TaskHandler[id: 154; name: combineFilesA (28); status: COMPLETED; exit: 0; error: -; workDir: /input/data/work/84/63e269a848482fa3cd01be2b9a13b7]
Dec-08 00:23:45.147 [Task monitor] DEBUG n.processor.TaskPollingMonitor - Task completed > TaskHandler[id: 111; name: combineFilesA (6); status: COMPLETED; exit: 0; error: -; workDir: /input/data/work/ae/0cf9b659b169f4f756677939bb634b]
Dec-08 00:23:45.220 [Task monitor] DEBUG n.processor.TaskPollingMonitor - Task completed > TaskHandler[id: 158; name: combineFilesA (32); status: COMPLETED; exit: 0; error: -; workDir: /input/data/work/99/84e3cf7ff174d22f4da0e8d0a4b21f]
Dec-08 00:23:49.760 [Task monitor] DEBUG n.processor.TaskPollingMonitor - Task completed > TaskHandler[id: 151; name: combineFilesA (26); status: COMPLETED; exit: 0; error: -; workDir: /input/data/work/4d/20dae837c71e46a471a133ecf9bc71]
Dec-08 00:23:49.844 [Task monitor] DEBUG n.processor.TaskPollingMonitor - Task completed > TaskHandler[id: 113; name: combineFilesA (7); status: COMPLETED; exit: 0; error: -; workDir: /input/data/work/dc/a2a6b3598d71565fc94fda617e9230]
Dec-08 00:23:49.938 [Task monitor] DEBUG n.processor.TaskPollingMonitor - Task completed > TaskHandler[id: 157; name: combineFilesA (31); status: COMPLETED; exit: 0; error: -; workDir: /input/data/work/55/b3bbc007a2ffc99ff062563b377d22]
Dec-08 00:23:50.026 [Task monitor] DEBUG n.processor.TaskPollingMonitor - Task completed > TaskHandler[id: 142; name: combineFilesA (22); status: COMPLETED; exit: 0; error: -; workDir: /input/data/work/50/bec536e3737f1e9be6bd9cb95efc26]
Dec-08 00:23:50.161 [Task monitor] DEBUG n.processor.TaskPollingMonitor - Task completed > TaskHandler[id: 132; name: combineFilesA (17); status: COMPLETED; exit: 0; error: -; workDir: /input/data/work/15/0c19b85f6696bbe50487a4957b23fb]
Dec-08 00:24:24.770 [Task monitor] DEBUG n.processor.TaskPollingMonitor - Task completed > TaskHandler[id: 153; name: combineFilesA (27); status: COMPLETED; exit: 0; error: -; workDir: /input/data/work/55/db4a85e438df483ea27cb5ece293f5]
Dec-08 00:24:34.739 [Task monitor] DEBUG n.processor.TaskPollingMonitor - Task completed > TaskHandler[id: 129; name: combineFilesA (15); status: COMPLETED; exit: 0; error: -; workDir: /input/data/work/bc/e5d23a1ea6eb06e7b2d99b76030a7c]
Dec-08 00:24:36.098 [Task monitor] DEBUG n.processor.TaskPollingMonitor - Task completed > TaskHandler[id: 134; name: combineFilesA (18); status: COMPLETED; exit: 0; error: -; workDir: /input/data/work/98/b22206a002e299cccf4c1ff70a4c29]
Dec-08 00:24:36.145 [Task monitor] DEBUG n.processor.TaskPollingMonitor - Task completed > TaskHandler[id: 127; name: combineFilesA (14); status: COMPLETED; exit: 0; error: -; workDir: /input/data/work/52/30e1a5aa8a9ab0f225e13c8f5b63e8]
Dec-08 00:24:36.184 [Task monitor] DEBUG n.processor.TaskPollingMonitor - Task completed > TaskHandler[id: 107; name: combineFilesA (4); status: COMPLETED; exit: 0; error: -; workDir: /input/data/work/a7/db0edfc6fa02414fdbaf54813343ca]
Dec-08 00:24:36.186 [main] DEBUG nextflow.Session - Session await > all processes finished
Dec-08 00:24:36.190 [main] DEBUG nextflow.Session - Session await > all barriers passed
Dec-08 00:24:36.202 [main] DEBUG n.trace.WorkflowStatsObserver - Workflow completed > WorkflowStats[succeededCount=160; failedCount=0; ignoredCount=0; cachedCount=0; pendingCount=0; submittedCount=0; runningCount=0; retriesCount=0; abortedCount=0; succeedDuration=1d 3h 51m 11s; failedDuration=0ms; cachedDuration=0ms;loadCpus=0; loadMemory=0; peakRunning=19; peakCpus=190; peakMemory=375.5 GB; ]
Dec-08 00:24:36.202 [main] DEBUG nextflow.trace.TraceFileObserver - Workflow completed -- saving trace file
Dec-08 00:24:36.204 [main] DEBUG nextflow.trace.ReportObserver - Workflow completed -- rendering execution report
Dec-08 00:24:36.839 [main] DEBUG nextflow.trace.TimelineObserver - Workflow completed -- rendering execution timeline
Dec-08 00:24:36.971 [main] DEBUG nextflow.cache.CacheDB - Closing CacheDB done
Dec-08 00:24:36.997 [main] DEBUG nextflow.util.ThreadPoolManager - Thread pool 'FileTransfer' shutdown completed (hard=false)
Dec-08 00:24:36.997 [main] DEBUG nextflow.script.ScriptRunner - > Execution complete -- Goodbye
