Dec-01 07:56:53.311 [main] DEBUG nextflow.cli.Launcher - $> nextflow run /input/allIntoOne -c /experiments/experiment/allIntoOne/nextflow.config -c /experiments/experiment/nextflow_la.config -c /experiments/experiment/nextflow_ceph.config
Dec-01 07:56:53.366 [main] INFO  nextflow.cli.CmdRun - N E X T F L O W  ~  version 23.07.0-edge
Dec-01 07:56:53.384 [main] DEBUG nextflow.plugin.PluginsFacade - Setting up plugin manager > mode=prod; embedded=false; plugins-dir=/.nextflow/plugins; core-plugins: nf-amazon@2.1.0,nf-azure@1.1.4,nf-cloudcache@0.1.0,nf-codecommit@0.1.5,nf-console@1.0.6,nf-ga4gh@1.1.0,nf-google@1.8.1,nf-tower@1.5.15,nf-wave@0.11.0
Dec-01 07:56:53.392 [main] INFO  o.pf4j.DefaultPluginStatusProvider - Enabled plugins: []
Dec-01 07:56:53.393 [main] INFO  o.pf4j.DefaultPluginStatusProvider - Disabled plugins: []
Dec-01 07:56:53.395 [main] INFO  org.pf4j.DefaultPluginManager - PF4J version 3.4.1 in 'deployment' mode
Dec-01 07:56:53.402 [main] INFO  org.pf4j.AbstractPluginManager - No plugins
Dec-01 07:56:53.421 [main] DEBUG nextflow.scm.AssetManager - Project manifest does not exist: /input/allIntoOne/nextflow.config (No such file or directory)
Dec-01 07:56:53.441 [main] DEBUG nextflow.config.ConfigBuilder - User config file: /experiments/experiment/allIntoOne/nextflow.config
Dec-01 07:56:53.442 [main] DEBUG nextflow.config.ConfigBuilder - User config file: /experiments/experiment/nextflow_la.config
Dec-01 07:56:53.442 [main] DEBUG nextflow.config.ConfigBuilder - User config file: /experiments/experiment/nextflow_ceph.config
Dec-01 07:56:53.443 [main] DEBUG nextflow.config.ConfigBuilder - Parsing config file: /experiments/experiment/allIntoOne/nextflow.config
Dec-01 07:56:53.443 [main] DEBUG nextflow.config.ConfigBuilder - Parsing config file: /experiments/experiment/nextflow_la.config
Dec-01 07:56:53.443 [main] DEBUG nextflow.config.ConfigBuilder - Parsing config file: /experiments/experiment/nextflow_ceph.config
Dec-01 07:56:53.458 [main] DEBUG nextflow.config.ConfigBuilder - Applying config profile: `standard`
Dec-01 07:56:53.949 [main] DEBUG nextflow.config.ConfigBuilder - Applying config profile: `standard`
Dec-01 07:56:54.128 [main] DEBUG nextflow.config.ConfigBuilder - Applying config profile: `standard`
Dec-01 07:56:54.152 [main] DEBUG nextflow.cli.CmdRun - Applied DSL=2 by global default
Dec-01 07:56:54.165 [main] INFO  nextflow.cli.CmdRun - Launching `/input/allIntoOne/main.nf` [golden_fermat] DSL2 - revision: f2e677d52d
Dec-01 07:56:54.165 [main] DEBUG nextflow.plugin.PluginsFacade - Plugins default=[]
Dec-01 07:56:54.165 [main] DEBUG nextflow.plugin.PluginsFacade - Plugins resolved requirement=[]
Dec-01 07:56:54.172 [main] DEBUG n.secret.LocalSecretsProvider - Secrets store: /.nextflow/secrets/store.json
Dec-01 07:56:54.174 [main] DEBUG nextflow.secret.SecretsLoader - Discovered secrets providers: [nextflow.secret.LocalSecretsProvider@1d12e953] - activable => nextflow.secret.LocalSecretsProvider@1d12e953
Dec-01 07:56:54.224 [main] DEBUG nextflow.Session - Session UUID: d0d77726-113d-4ffa-9c8c-a976e3f2d8b6
Dec-01 07:56:54.224 [main] DEBUG nextflow.Session - Run name: golden_fermat
Dec-01 07:56:54.224 [main] DEBUG nextflow.Session - Executor pool size: 32
Dec-01 07:56:54.230 [main] DEBUG nextflow.file.FilePorter - File porter settings maxRetries=3; maxTransfers=50; pollTimeout=null
Dec-01 07:56:54.232 [main] DEBUG nextflow.util.ThreadPoolBuilder - Creating thread pool 'FileTransfer' minSize=10; maxSize=96; workQueue=LinkedBlockingQueue[10000]; allowCoreThreadTimeout=false
Dec-01 07:56:54.262 [main] DEBUG nextflow.cli.CmdRun - 
  Version: 23.07.0-edge build 5875
  Created: 28-07-2023 20:27 UTC (20:27 GMT)
  System: Linux 5.4.0-166-generic
  Runtime: Groovy 3.0.18 on OpenJDK 64-Bit Server VM 17.0.6+10-LTS
  Encoding: UTF-8 (UTF-8)
  Process: 3240339@nextflow [10.233.76.46]
  CPUs: 32 - Mem: 125.7 GB (121.4 GB) - Swap: 0 (0)
Dec-01 07:56:54.293 [main] DEBUG nextflow.Session - Work-dir: /input/data/work [ceph]
Dec-01 07:56:54.293 [main] DEBUG nextflow.Session - Script base path does not exist or is not a directory: /input/allIntoOne/bin
Dec-01 07:56:54.302 [main] DEBUG nextflow.executor.ExecutorFactory - Extension executors providers=[]
Dec-01 07:56:54.310 [main] DEBUG nextflow.Session - Observer factory: DefaultObserverFactory
Dec-01 07:56:54.338 [main] DEBUG nextflow.cache.CacheFactory - Using Nextflow cache factory: nextflow.cache.DefaultCacheFactory
Dec-01 07:56:54.345 [main] DEBUG nextflow.util.CustomThreadPool - Creating default thread pool > poolSize: 33; maxThreads: 1000
Dec-01 07:56:54.434 [main] DEBUG nextflow.Session - Session start
Dec-01 07:56:54.439 [main] DEBUG nextflow.trace.TraceFileObserver - Workflow started -- trace file: /input/data/output/trace.csv
Dec-01 07:56:54.588 [main] DEBUG nextflow.script.ScriptRunner - > Launching execution
Dec-01 07:56:54.821 [main] DEBUG nextflow.script.ProcessConfig - Config settings `withName:writeLargeFile` matches process writeLargeFile
Dec-01 07:56:54.831 [main] DEBUG nextflow.executor.ExecutorFactory - << taskConfig executor: k8s
Dec-01 07:56:54.831 [main] DEBUG nextflow.executor.ExecutorFactory - >> processorType: 'k8s'
Dec-01 07:56:54.838 [main] DEBUG nextflow.executor.Executor - [warm up] executor > k8s
Dec-01 07:56:54.855 [main] DEBUG n.processor.TaskPollingMonitor - Creating task monitor for executor 'k8s' > capacity: 300; pollInterval: 5s; dumpInterval: 5m; schedulerBatch: null
Dec-01 07:56:54.860 [main] DEBUG nextflow.k8s.client.ConfigDiscovery - K8s config file does not exist: /root/.kube/config
Dec-01 07:56:54.872 [main] DEBUG nextflow.k8s.K8sExecutor - [K8s] config=[localPath:/localdata, localStorageMountPath:/localdata, scheduler:[strategy:LAv2, name:workflow-scheduler, autoClose:false, nodeSelector:usedby=anonymized, container:anonymized/test1:sch_v194], storage:[type:copy, workdir:/localdata/localwork/, nodeSelector:usedby=anonymized, imageName:anonymized/test1:ftp_v122], debug:[yaml:true], namespace:anonymized, serviceAccount:nextflow, workDir:/input/data/work/, projectDir:/input/data/project/, imagePullPolicy:IfNotPresent, launchDir:/input/data/launch/, runAsUser:0, fetchNodeName:true, storageMountPath:/input, pod:[nodeSelector:usedby=anonymized], storageClaimName:ceph-data]; API client config=ClientConfig[ server=10.233.0.1:443, namespace=anonymized, serviceAccount=nextflow, token=eyJhbGciOiJ.., sslCert=LS0tLS1CRUd.., clientCert=-, clientKey=-, verifySsl=false, fromFile=true, httpReadTimeout=null, httpConnectTimeout=null, maxErrorRetry=4 ]
Dec-01 07:56:55.329 [main] DEBUG nextflow.k8s.K8sExecutor - Created K8s configMap with name: nf-get-stat-41cac373
Dec-01 07:56:59.079 [main] DEBUG nextflow.script.ProcessConfig - Config settings `withName:combineFiles` matches process combineFiles
Dec-01 07:56:59.081 [main] DEBUG nextflow.executor.ExecutorFactory - << taskConfig executor: k8s
Dec-01 07:56:59.081 [main] DEBUG nextflow.executor.ExecutorFactory - >> processorType: 'k8s'
Dec-01 07:56:59.096 [main] DEBUG nextflow.Session - Workflow process names [dsl2]: revertFile, combineFiles, writeLargeFile
Dec-01 07:56:59.098 [main] DEBUG nextflow.Session - Igniting dataflow network (3)
Dec-01 07:56:59.101 [main] DEBUG nextflow.processor.TaskProcessor - Starting process > writeLargeFile
Dec-01 07:56:59.102 [main] DEBUG nextflow.processor.TaskProcessor - Starting process > combineFiles
Dec-01 07:56:59.102 [main] DEBUG nextflow.script.ScriptRunner - > Awaiting termination 
Dec-01 07:56:59.102 [main] DEBUG nextflow.Session - Session await
Dec-01 07:56:59.411 [Task submitter] INFO  nextflow.Session - [bf/0c3c90] Submitted process > writeLargeFile (24)
Dec-01 07:56:59.454 [Task submitter] INFO  nextflow.Session - [73/e5cc94] Submitted process > writeLargeFile (18)
Dec-01 07:56:59.499 [Task submitter] INFO  nextflow.Session - [20/105049] Submitted process > writeLargeFile (3)
Dec-01 07:56:59.536 [Task submitter] INFO  nextflow.Session - [f1/881165] Submitted process > writeLargeFile (28)
Dec-01 07:56:59.572 [Task submitter] INFO  nextflow.Session - [d0/cb6c45] Submitted process > writeLargeFile (27)
Dec-01 07:56:59.607 [Task submitter] INFO  nextflow.Session - [5b/3823de] Submitted process > writeLargeFile (7)
Dec-01 07:56:59.646 [Task submitter] INFO  nextflow.Session - [94/db5c63] Submitted process > writeLargeFile (5)
Dec-01 07:56:59.682 [Task submitter] INFO  nextflow.Session - [f0/33841e] Submitted process > writeLargeFile (21)
Dec-01 07:56:59.714 [Task submitter] INFO  nextflow.Session - [4d/844edf] Submitted process > writeLargeFile (36)
Dec-01 07:56:59.748 [Task submitter] INFO  nextflow.Session - [d1/02ec07] Submitted process > writeLargeFile (32)
Dec-01 07:56:59.780 [Task submitter] INFO  nextflow.Session - [4b/b29d49] Submitted process > writeLargeFile (22)
Dec-01 07:56:59.813 [Task submitter] INFO  nextflow.Session - [a6/4fe7ef] Submitted process > writeLargeFile (8)
Dec-01 07:56:59.847 [Task submitter] INFO  nextflow.Session - [40/2e66ec] Submitted process > writeLargeFile (14)
Dec-01 07:56:59.880 [Task submitter] INFO  nextflow.Session - [2c/288249] Submitted process > writeLargeFile (2)
Dec-01 07:56:59.914 [Task submitter] INFO  nextflow.Session - [b4/cb5b3c] Submitted process > writeLargeFile (25)
Dec-01 07:56:59.951 [Task submitter] INFO  nextflow.Session - [a6/9ea565] Submitted process > writeLargeFile (43)
Dec-01 07:56:59.983 [Task submitter] INFO  nextflow.Session - [db/538cfb] Submitted process > writeLargeFile (15)
Dec-01 07:57:00.017 [Task submitter] INFO  nextflow.Session - [14/023550] Submitted process > writeLargeFile (4)
Dec-01 07:57:00.051 [Task submitter] INFO  nextflow.Session - [a3/a80ad1] Submitted process > writeLargeFile (23)
Dec-01 07:57:00.084 [Task submitter] INFO  nextflow.Session - [87/413397] Submitted process > writeLargeFile (29)
Dec-01 07:57:00.117 [Task submitter] INFO  nextflow.Session - [52/0b45e3] Submitted process > writeLargeFile (11)
Dec-01 07:57:00.153 [Task submitter] INFO  nextflow.Session - [09/0e6c85] Submitted process > writeLargeFile (26)
Dec-01 07:57:00.187 [Task submitter] INFO  nextflow.Session - [a6/6cff8b] Submitted process > writeLargeFile (19)
Dec-01 07:57:00.220 [Task submitter] INFO  nextflow.Session - [b4/84fc5b] Submitted process > writeLargeFile (17)
Dec-01 07:57:00.251 [Task submitter] INFO  nextflow.Session - [19/9bfe44] Submitted process > writeLargeFile (10)
Dec-01 07:57:00.280 [Task submitter] INFO  nextflow.Session - [c1/267f8d] Submitted process > writeLargeFile (20)
Dec-01 07:57:00.316 [Task submitter] INFO  nextflow.Session - [69/a62cba] Submitted process > writeLargeFile (16)
Dec-01 07:57:00.346 [Task submitter] INFO  nextflow.Session - [18/116f53] Submitted process > writeLargeFile (50)
Dec-01 07:57:00.376 [Task submitter] INFO  nextflow.Session - [01/5bab0e] Submitted process > writeLargeFile (9)
Dec-01 07:57:00.413 [Task submitter] INFO  nextflow.Session - [5c/e128fe] Submitted process > writeLargeFile (1)
Dec-01 07:57:00.444 [Task submitter] INFO  nextflow.Session - [b6/550b7a] Submitted process > writeLargeFile (31)
Dec-01 07:57:00.478 [Task submitter] INFO  nextflow.Session - [11/74fbbe] Submitted process > writeLargeFile (6)
Dec-01 07:57:00.511 [Task submitter] INFO  nextflow.Session - [7d/6e3db0] Submitted process > writeLargeFile (30)
Dec-01 07:57:00.542 [Task submitter] INFO  nextflow.Session - [90/8a009d] Submitted process > writeLargeFile (13)
Dec-01 07:57:00.575 [Task submitter] INFO  nextflow.Session - [7d/e3c21d] Submitted process > writeLargeFile (12)
Dec-01 07:57:00.607 [Task submitter] INFO  nextflow.Session - [2d/7f485b] Submitted process > writeLargeFile (33)
Dec-01 07:57:00.643 [Task submitter] INFO  nextflow.Session - [be/2ac05e] Submitted process > writeLargeFile (34)
Dec-01 07:57:00.675 [Task submitter] INFO  nextflow.Session - [e4/68419a] Submitted process > writeLargeFile (35)
Dec-01 07:57:00.709 [Task submitter] INFO  nextflow.Session - [4e/31c924] Submitted process > writeLargeFile (37)
Dec-01 07:57:00.740 [Task submitter] INFO  nextflow.Session - [e1/bef1c2] Submitted process > writeLargeFile (38)
Dec-01 07:57:00.773 [Task submitter] INFO  nextflow.Session - [52/066f2b] Submitted process > writeLargeFile (40)
Dec-01 07:57:00.803 [Task submitter] INFO  nextflow.Session - [43/d73104] Submitted process > writeLargeFile (41)
Dec-01 07:57:00.837 [Task submitter] INFO  nextflow.Session - [88/694dba] Submitted process > writeLargeFile (39)
Dec-01 07:57:00.869 [Task submitter] INFO  nextflow.Session - [b0/2408f6] Submitted process > writeLargeFile (42)
Dec-01 07:57:00.900 [Task submitter] INFO  nextflow.Session - [ab/0b6073] Submitted process > writeLargeFile (44)
Dec-01 07:57:00.931 [Task submitter] INFO  nextflow.Session - [ab/877d59] Submitted process > writeLargeFile (45)
Dec-01 07:57:00.963 [Task submitter] INFO  nextflow.Session - [eb/28577c] Submitted process > writeLargeFile (46)
Dec-01 07:57:00.991 [Task submitter] INFO  nextflow.Session - [68/c64c55] Submitted process > writeLargeFile (47)
Dec-01 07:57:01.018 [Task submitter] INFO  nextflow.Session - [00/333077] Submitted process > writeLargeFile (48)
Dec-01 07:57:01.048 [Task submitter] INFO  nextflow.Session - [37/3abd68] Submitted process > writeLargeFile (49)
Dec-01 07:57:01.078 [Task submitter] INFO  nextflow.Session - [20/7aba3d] Submitted process > writeLargeFile (52)
Dec-01 07:57:01.109 [Task submitter] INFO  nextflow.Session - [36/02061e] Submitted process > writeLargeFile (51)
Dec-01 07:57:01.145 [Task submitter] INFO  nextflow.Session - [db/e84668] Submitted process > writeLargeFile (56)
Dec-01 07:57:01.172 [Task submitter] INFO  nextflow.Session - [46/510f1f] Submitted process > writeLargeFile (57)
Dec-01 07:57:01.202 [Task submitter] INFO  nextflow.Session - [fd/8b0f4e] Submitted process > writeLargeFile (53)
Dec-01 07:57:01.232 [Task submitter] INFO  nextflow.Session - [84/e0383c] Submitted process > writeLargeFile (54)
Dec-01 07:57:01.261 [Task submitter] INFO  nextflow.Session - [1c/9b51ec] Submitted process > writeLargeFile (55)
Dec-01 07:57:01.290 [Task submitter] INFO  nextflow.Session - [f2/d809e5] Submitted process > writeLargeFile (59)
Dec-01 07:57:01.325 [Task submitter] INFO  nextflow.Session - [d4/a70f00] Submitted process > writeLargeFile (58)
Dec-01 07:57:01.357 [Task submitter] INFO  nextflow.Session - [65/4a2e1b] Submitted process > writeLargeFile (60)
Dec-01 07:57:01.388 [Task submitter] INFO  nextflow.Session - [cf/854556] Submitted process > writeLargeFile (61)
Dec-01 07:57:01.421 [Task submitter] INFO  nextflow.Session - [7c/4859e6] Submitted process > writeLargeFile (62)
Dec-01 07:57:01.452 [Task submitter] INFO  nextflow.Session - [a3/43bf70] Submitted process > writeLargeFile (64)
Dec-01 07:57:01.484 [Task submitter] INFO  nextflow.Session - [2e/5a3162] Submitted process > writeLargeFile (63)
Dec-01 07:57:01.514 [Task submitter] INFO  nextflow.Session - [c7/d213f6] Submitted process > writeLargeFile (65)
Dec-01 07:57:01.546 [Task submitter] INFO  nextflow.Session - [91/f0cfcb] Submitted process > writeLargeFile (66)
Dec-01 07:57:01.576 [Task submitter] INFO  nextflow.Session - [bd/67a115] Submitted process > writeLargeFile (67)
Dec-01 07:57:01.604 [Task submitter] INFO  nextflow.Session - [67/d85b7c] Submitted process > writeLargeFile (68)
Dec-01 07:57:01.635 [Task submitter] INFO  nextflow.Session - [00/a37437] Submitted process > writeLargeFile (70)
Dec-01 07:57:01.662 [Task submitter] INFO  nextflow.Session - [c3/3b5889] Submitted process > writeLargeFile (71)
Dec-01 07:57:01.692 [Task submitter] INFO  nextflow.Session - [41/b193a1] Submitted process > writeLargeFile (69)
Dec-01 07:57:01.721 [Task submitter] INFO  nextflow.Session - [a3/26a9c9] Submitted process > writeLargeFile (72)
Dec-01 07:57:01.751 [Task submitter] INFO  nextflow.Session - [75/73e2c9] Submitted process > writeLargeFile (73)
Dec-01 07:57:01.779 [Task submitter] INFO  nextflow.Session - [2c/853719] Submitted process > writeLargeFile (74)
Dec-01 07:57:01.810 [Task submitter] INFO  nextflow.Session - [22/565bcb] Submitted process > writeLargeFile (75)
Dec-01 07:57:01.841 [Task submitter] INFO  nextflow.Session - [6b/df8080] Submitted process > writeLargeFile (76)
Dec-01 07:57:01.870 [Task submitter] INFO  nextflow.Session - [91/a7e75e] Submitted process > writeLargeFile (77)
Dec-01 07:57:01.949 [Task submitter] INFO  nextflow.Session - [e8/8a7715] Submitted process > writeLargeFile (78)
Dec-01 07:57:01.978 [Task submitter] INFO  nextflow.Session - [e4/741791] Submitted process > writeLargeFile (79)
Dec-01 07:57:02.006 [Task submitter] INFO  nextflow.Session - [3b/567a36] Submitted process > writeLargeFile (80)
Dec-01 07:57:02.082 [Task submitter] INFO  nextflow.Session - [c7/15a4af] Submitted process > writeLargeFile (82)
Dec-01 07:57:02.112 [Task submitter] INFO  nextflow.Session - [8a/d39cd0] Submitted process > writeLargeFile (81)
Dec-01 07:57:02.142 [Task submitter] INFO  nextflow.Session - [b7/c4dd21] Submitted process > writeLargeFile (83)
Dec-01 07:57:02.217 [Task submitter] INFO  nextflow.Session - [9a/a97270] Submitted process > writeLargeFile (84)
Dec-01 07:57:02.251 [Task submitter] INFO  nextflow.Session - [fe/e0c5ac] Submitted process > writeLargeFile (85)
Dec-01 07:57:02.281 [Task submitter] INFO  nextflow.Session - [db/5f63b9] Submitted process > writeLargeFile (87)
Dec-01 07:57:02.337 [Task submitter] INFO  nextflow.Session - [f2/40f374] Submitted process > writeLargeFile (88)
Dec-01 07:57:02.364 [Task submitter] INFO  nextflow.Session - [61/305fe6] Submitted process > writeLargeFile (86)
Dec-01 07:57:02.396 [Task submitter] INFO  nextflow.Session - [a0/b3f1f2] Submitted process > writeLargeFile (91)
Dec-01 07:57:02.442 [Task submitter] INFO  nextflow.Session - [9d/1db2b2] Submitted process > writeLargeFile (90)
Dec-01 07:57:02.477 [Task submitter] INFO  nextflow.Session - [87/38069e] Submitted process > writeLargeFile (93)
Dec-01 07:57:02.505 [Task submitter] INFO  nextflow.Session - [48/f1b473] Submitted process > writeLargeFile (89)
Dec-01 07:57:02.575 [Task submitter] INFO  nextflow.Session - [a8/f7c427] Submitted process > writeLargeFile (92)
Dec-01 07:57:02.604 [Task submitter] INFO  nextflow.Session - [4c/0eb5f9] Submitted process > writeLargeFile (94)
Dec-01 07:57:02.719 [Task submitter] INFO  nextflow.Session - [d8/6cb788] Submitted process > writeLargeFile (95)
Dec-01 07:57:02.750 [Task submitter] INFO  nextflow.Session - [60/631914] Submitted process > writeLargeFile (97)
Dec-01 07:57:02.778 [Task submitter] INFO  nextflow.Session - [a9/3e5bad] Submitted process > writeLargeFile (96)
Dec-01 07:57:02.805 [Task submitter] INFO  nextflow.Session - [f8/4fcb72] Submitted process > writeLargeFile (98)
Dec-01 07:57:02.840 [Task submitter] INFO  nextflow.Session - [89/e9afb8] Submitted process > writeLargeFile (99)
Dec-01 07:57:02.920 [Task submitter] INFO  nextflow.Session - [79/4845d3] Submitted process > writeLargeFile (100)
Dec-01 07:57:11.328 [Task monitor] DEBUG n.processor.TaskPollingMonitor - Task completed > TaskHandler[id: 24; name: writeLargeFile (24); status: COMPLETED; exit: 0; error: -; workDir: /input/data/work/bf/0c3c9079eff0de04273c8d2e3ba5f2]
Dec-01 07:57:11.670 [Task monitor] DEBUG n.processor.TaskPollingMonitor - Task completed > TaskHandler[id: 18; name: writeLargeFile (18); status: COMPLETED; exit: 0; error: -; workDir: /input/data/work/73/e5cc949db98f4ae43e49327661089f]
Dec-01 07:57:11.815 [Task monitor] DEBUG n.processor.TaskPollingMonitor - Task completed > TaskHandler[id: 3; name: writeLargeFile (3); status: COMPLETED; exit: 0; error: -; workDir: /input/data/work/20/105049860106a18c87f25eda1b02ba]
Dec-01 07:57:12.093 [Task monitor] DEBUG n.processor.TaskPollingMonitor - Task completed > TaskHandler[id: 28; name: writeLargeFile (28); status: COMPLETED; exit: 0; error: -; workDir: /input/data/work/f1/881165b4d28eee913dc5b5e3dd2954]
Dec-01 07:57:12.143 [Task monitor] DEBUG n.processor.TaskPollingMonitor - Task completed > TaskHandler[id: 27; name: writeLargeFile (27); status: COMPLETED; exit: 0; error: -; workDir: /input/data/work/d0/cb6c454d1698ae0b0c2521ae7b0a0e]
Dec-01 07:57:12.390 [Task monitor] DEBUG n.processor.TaskPollingMonitor - Task completed > TaskHandler[id: 7; name: writeLargeFile (7); status: COMPLETED; exit: 0; error: -; workDir: /input/data/work/5b/3823de8210abfaae9c2d531e778274]
Dec-01 07:57:12.540 [Task monitor] DEBUG n.processor.TaskPollingMonitor - Task completed > TaskHandler[id: 5; name: writeLargeFile (5); status: COMPLETED; exit: 0; error: -; workDir: /input/data/work/94/db5c6300ec35334b044d704eeecc3c]
Dec-01 07:57:12.754 [Task monitor] DEBUG n.processor.TaskPollingMonitor - Task completed > TaskHandler[id: 21; name: writeLargeFile (21); status: COMPLETED; exit: 0; error: -; workDir: /input/data/work/f0/33841e1f83075682477310a1a135e7]
Dec-01 07:57:12.819 [Task monitor] DEBUG n.processor.TaskPollingMonitor - Task completed > TaskHandler[id: 36; name: writeLargeFile (36); status: COMPLETED; exit: 0; error: -; workDir: /input/data/work/4d/844edfc9fa58a4042f07ae3b17ab02]
Dec-01 07:57:12.901 [Task monitor] DEBUG n.processor.TaskPollingMonitor - Task completed > TaskHandler[id: 32; name: writeLargeFile (32); status: COMPLETED; exit: 0; error: -; workDir: /input/data/work/d1/02ec07bb404361dc14b80fa93c3257]
Dec-01 07:57:13.076 [Task monitor] DEBUG n.processor.TaskPollingMonitor - Task completed > TaskHandler[id: 22; name: writeLargeFile (22); status: COMPLETED; exit: 0; error: -; workDir: /input/data/work/4b/b29d4993d82e9980d80190d6055976]
Dec-01 07:57:13.185 [Task monitor] DEBUG n.processor.TaskPollingMonitor - Task completed > TaskHandler[id: 8; name: writeLargeFile (8); status: COMPLETED; exit: 0; error: -; workDir: /input/data/work/a6/4fe7ef1bf1448132c1844d0d90fa72]
Dec-01 07:57:13.314 [Task monitor] DEBUG n.processor.TaskPollingMonitor - Task completed > TaskHandler[id: 14; name: writeLargeFile (14); status: COMPLETED; exit: 0; error: -; workDir: /input/data/work/40/2e66ec4a48c010d5fddda3f5a9739a]
Dec-01 07:57:13.575 [Task monitor] DEBUG n.processor.TaskPollingMonitor - Task completed > TaskHandler[id: 2; name: writeLargeFile (2); status: COMPLETED; exit: 0; error: -; workDir: /input/data/work/2c/288249da087b41ba356a644c5f2f3c]
Dec-01 07:57:13.917 [Task monitor] DEBUG n.processor.TaskPollingMonitor - Task completed > TaskHandler[id: 25; name: writeLargeFile (25); status: COMPLETED; exit: 0; error: -; workDir: /input/data/work/b4/cb5b3cda6b507e6f38da3498f201e5]
Dec-01 07:57:14.091 [Task monitor] DEBUG n.processor.TaskPollingMonitor - Task completed > TaskHandler[id: 43; name: writeLargeFile (43); status: COMPLETED; exit: 0; error: -; workDir: /input/data/work/a6/9ea565f293a5b6ade5a28710ab34f7]
Dec-01 07:57:14.267 [Task monitor] DEBUG n.processor.TaskPollingMonitor - Task completed > TaskHandler[id: 15; name: writeLargeFile (15); status: COMPLETED; exit: 0; error: -; workDir: /input/data/work/db/538cfb5d8cf7824e4014dda14f1d2e]
Dec-01 07:57:14.506 [Task monitor] DEBUG n.processor.TaskPollingMonitor - Task completed > TaskHandler[id: 4; name: writeLargeFile (4); status: COMPLETED; exit: 0; error: -; workDir: /input/data/work/14/023550cb1962211a86dc4f295e7a41]
Dec-01 07:57:14.656 [Task monitor] DEBUG n.processor.TaskPollingMonitor - Task completed > TaskHandler[id: 23; name: writeLargeFile (23); status: COMPLETED; exit: 0; error: -; workDir: /input/data/work/a3/a80ad1c058e53444bf06a77c249d50]
Dec-01 07:57:14.774 [Task monitor] DEBUG n.processor.TaskPollingMonitor - Task completed > TaskHandler[id: 29; name: writeLargeFile (29); status: COMPLETED; exit: 0; error: -; workDir: /input/data/work/87/413397133dee68ba3059e10aa62e3b]
Dec-01 07:57:14.872 [Task monitor] DEBUG n.processor.TaskPollingMonitor - Task completed > TaskHandler[id: 11; name: writeLargeFile (11); status: COMPLETED; exit: 0; error: -; workDir: /input/data/work/52/0b45e38ebef4d53fae146d85f27f1a]
Dec-01 07:57:15.012 [Task monitor] DEBUG n.processor.TaskPollingMonitor - Task completed > TaskHandler[id: 26; name: writeLargeFile (26); status: COMPLETED; exit: 0; error: -; workDir: /input/data/work/09/0e6c856d4cf787cfd0e9c644421576]
Dec-01 07:57:15.235 [Task monitor] DEBUG n.processor.TaskPollingMonitor - Task completed > TaskHandler[id: 19; name: writeLargeFile (19); status: COMPLETED; exit: 0; error: -; workDir: /input/data/work/a6/6cff8b96894949639d7633e0978f19]
Dec-01 07:57:15.579 [Task monitor] DEBUG n.processor.TaskPollingMonitor - Task completed > TaskHandler[id: 17; name: writeLargeFile (17); status: COMPLETED; exit: 0; error: -; workDir: /input/data/work/b4/84fc5b88b82db8de27b308f98682ca]
Dec-01 07:57:19.519 [Task monitor] DEBUG n.processor.TaskPollingMonitor - Task completed > TaskHandler[id: 85; name: writeLargeFile (85); status: COMPLETED; exit: 0; error: -; workDir: /input/data/work/fe/e0c5ac13233e9903911ec20d70d9ed]
Dec-01 07:57:19.681 [Task monitor] DEBUG n.processor.TaskPollingMonitor - Task completed > TaskHandler[id: 88; name: writeLargeFile (88); status: COMPLETED; exit: 0; error: -; workDir: /input/data/work/f2/40f3744de4c6728aa2d380c1e38a69]
Dec-01 07:57:19.845 [Task monitor] DEBUG n.processor.TaskPollingMonitor - Task completed > TaskHandler[id: 91; name: writeLargeFile (91); status: COMPLETED; exit: 0; error: -; workDir: /input/data/work/a0/b3f1f2d727a0426937086239c747cf]
Dec-01 07:57:20.424 [Task monitor] DEBUG n.processor.TaskPollingMonitor - Task completed > TaskHandler[id: 92; name: writeLargeFile (92); status: COMPLETED; exit: 0; error: -; workDir: /input/data/work/a8/f7c4277f294ae60cac6d084426e7ae]
Dec-01 07:57:21.074 [Task monitor] DEBUG n.processor.TaskPollingMonitor - Task completed > TaskHandler[id: 94; name: writeLargeFile (94); status: COMPLETED; exit: 0; error: -; workDir: /input/data/work/4c/0eb5f944000ac44f6bb496be8637bf]
Dec-01 07:57:22.125 [Task monitor] DEBUG n.processor.TaskPollingMonitor - Task completed > TaskHandler[id: 95; name: writeLargeFile (95); status: COMPLETED; exit: 0; error: -; workDir: /input/data/work/d8/6cb7883b61dcd0b39408efbd83922f]
Dec-01 07:57:22.926 [Task monitor] DEBUG n.processor.TaskPollingMonitor - Task completed > TaskHandler[id: 97; name: writeLargeFile (97); status: COMPLETED; exit: 0; error: -; workDir: /input/data/work/60/63191401516149839520e977527f85]
Dec-01 07:57:23.060 [Task monitor] DEBUG n.processor.TaskPollingMonitor - Task completed > TaskHandler[id: 96; name: writeLargeFile (96); status: COMPLETED; exit: 0; error: -; workDir: /input/data/work/a9/3e5bad9f7f7dbd87bc98f258f7386c]
Dec-01 07:57:23.176 [Task monitor] DEBUG n.processor.TaskPollingMonitor - Task completed > TaskHandler[id: 98; name: writeLargeFile (98); status: COMPLETED; exit: 0; error: -; workDir: /input/data/work/f8/4fcb726cdde2da9da53f15468c6dad]
Dec-01 07:57:23.374 [Task monitor] DEBUG n.processor.TaskPollingMonitor - Task completed > TaskHandler[id: 99; name: writeLargeFile (99); status: COMPLETED; exit: 0; error: -; workDir: /input/data/work/89/e9afb84dd9d82ad9010badbc1e45de]
Dec-01 07:57:23.553 [Task monitor] DEBUG n.processor.TaskPollingMonitor - Task completed > TaskHandler[id: 100; name: writeLargeFile (100); status: COMPLETED; exit: 0; error: -; workDir: /input/data/work/79/4845d3f8aeeba832d838cb6d550a0c]
Dec-01 07:57:24.694 [Task monitor] DEBUG n.processor.TaskPollingMonitor - Task completed > TaskHandler[id: 49; name: writeLargeFile (49); status: COMPLETED; exit: 0; error: -; workDir: /input/data/work/37/3abd68b992e3f5c1638ef7785568d9]
Dec-01 07:57:24.780 [Task monitor] DEBUG n.processor.TaskPollingMonitor - Task completed > TaskHandler[id: 52; name: writeLargeFile (52); status: COMPLETED; exit: 0; error: -; workDir: /input/data/work/20/7aba3d59ad412eeafb919f7938a3d3]
Dec-01 07:57:24.835 [Task monitor] DEBUG n.processor.TaskPollingMonitor - Task completed > TaskHandler[id: 51; name: writeLargeFile (51); status: COMPLETED; exit: 0; error: -; workDir: /input/data/work/36/02061ee2447dc7481c2cf477b57a8d]
Dec-01 07:57:24.886 [Task monitor] DEBUG n.processor.TaskPollingMonitor - Task completed > TaskHandler[id: 56; name: writeLargeFile (56); status: COMPLETED; exit: 0; error: -; workDir: /input/data/work/db/e846689c45a7feccc43954e0bfe70b]
Dec-01 07:57:24.929 [Task monitor] DEBUG n.processor.TaskPollingMonitor - Task completed > TaskHandler[id: 57; name: writeLargeFile (57); status: COMPLETED; exit: 0; error: -; workDir: /input/data/work/46/510f1f88ea484f39e18edb2a9e3365]
Dec-01 07:57:27.243 [Task monitor] DEBUG n.processor.TaskPollingMonitor - Task completed > TaskHandler[id: 84; name: writeLargeFile (84); status: COMPLETED; exit: 0; error: -; workDir: /input/data/work/9a/a97270f8c0fcdda42fe56ba6c22ed8]
Dec-01 07:57:27.436 [Task monitor] DEBUG n.processor.TaskPollingMonitor - Task completed > TaskHandler[id: 87; name: writeLargeFile (87); status: COMPLETED; exit: 0; error: -; workDir: /input/data/work/db/5f63b991f5917e02687288d08744e1]
Dec-01 07:57:27.547 [Task monitor] DEBUG n.processor.TaskPollingMonitor - Task completed > TaskHandler[id: 86; name: writeLargeFile (86); status: COMPLETED; exit: 0; error: -; workDir: /input/data/work/61/305fe620bd00366f879c30efcc8476]
Dec-01 07:57:27.873 [Task monitor] DEBUG n.processor.TaskPollingMonitor - Task completed > TaskHandler[id: 90; name: writeLargeFile (90); status: COMPLETED; exit: 0; error: -; workDir: /input/data/work/9d/1db2b2fb21bdf35995d966e36cc168]
Dec-01 07:57:28.009 [Task monitor] DEBUG n.processor.TaskPollingMonitor - Task completed > TaskHandler[id: 93; name: writeLargeFile (93); status: COMPLETED; exit: 0; error: -; workDir: /input/data/work/87/38069e417a1f32fef69aca21341b1b]
Dec-01 07:57:28.203 [Task monitor] DEBUG n.processor.TaskPollingMonitor - Task completed > TaskHandler[id: 89; name: writeLargeFile (89); status: COMPLETED; exit: 0; error: -; workDir: /input/data/work/48/f1b4735a67eb888e44bc20c0a882ab]
Dec-01 07:57:29.925 [Task monitor] DEBUG n.processor.TaskPollingMonitor - Task completed > TaskHandler[id: 53; name: writeLargeFile (53); status: COMPLETED; exit: 0; error: -; workDir: /input/data/work/fd/8b0f4e92cd2911332053326f8d614e]
Dec-01 07:57:30.011 [Task monitor] DEBUG n.processor.TaskPollingMonitor - Task completed > TaskHandler[id: 54; name: writeLargeFile (54); status: COMPLETED; exit: 0; error: -; workDir: /input/data/work/84/e0383c92ce57b40ff1c46ce6c62f54]
Dec-01 07:57:30.154 [Task monitor] DEBUG n.processor.TaskPollingMonitor - Task completed > TaskHandler[id: 55; name: writeLargeFile (55); status: COMPLETED; exit: 0; error: -; workDir: /input/data/work/1c/9b51ec8ee26b69bb30055222e919a7]
Dec-01 07:57:30.245 [Task monitor] DEBUG n.processor.TaskPollingMonitor - Task completed > TaskHandler[id: 59; name: writeLargeFile (59); status: COMPLETED; exit: 0; error: -; workDir: /input/data/work/f2/d809e5b677cc33b43e19140a157a4c]
Dec-01 07:57:32.701 [Task monitor] DEBUG n.processor.TaskPollingMonitor - Task completed > TaskHandler[id: 68; name: writeLargeFile (68); status: COMPLETED; exit: 0; error: -; workDir: /input/data/work/67/d85b7c69a825c0e552eb6f6906c9bc]
Dec-01 07:57:32.837 [Task monitor] DEBUG n.processor.TaskPollingMonitor - Task completed > TaskHandler[id: 71; name: writeLargeFile (71); status: COMPLETED; exit: 0; error: -; workDir: /input/data/work/c3/3b58899bf4a7fa2a965095c7722bee]
Dec-01 07:57:33.256 [Task monitor] DEBUG n.processor.TaskPollingMonitor - Task completed > TaskHandler[id: 69; name: writeLargeFile (69); status: COMPLETED; exit: 0; error: -; workDir: /input/data/work/41/b193a1c78fac8342545926d00866d5]
Dec-01 07:57:33.433 [Task monitor] DEBUG n.processor.TaskPollingMonitor - Task completed > TaskHandler[id: 72; name: writeLargeFile (72); status: COMPLETED; exit: 0; error: -; workDir: /input/data/work/a3/26a9c94d1b9a33788db74ae2a91ab7]
Dec-01 07:57:33.476 [Task monitor] DEBUG n.processor.TaskPollingMonitor - Task completed > TaskHandler[id: 73; name: writeLargeFile (73); status: COMPLETED; exit: 0; error: -; workDir: /input/data/work/75/73e2c960207d679de94ba1728cda63]
Dec-01 07:57:33.779 [Task monitor] DEBUG n.processor.TaskPollingMonitor - Task completed > TaskHandler[id: 74; name: writeLargeFile (74); status: COMPLETED; exit: 0; error: -; workDir: /input/data/work/2c/85371984f1cde2d5e510d721649ecc]
Dec-01 07:57:33.825 [Task monitor] DEBUG n.processor.TaskPollingMonitor - Task completed > TaskHandler[id: 75; name: writeLargeFile (75); status: COMPLETED; exit: 0; error: -; workDir: /input/data/work/22/565bcb15924a2811f060c3e721edc3]
Dec-01 07:57:34.050 [Task monitor] DEBUG n.processor.TaskPollingMonitor - Task completed > TaskHandler[id: 76; name: writeLargeFile (76); status: COMPLETED; exit: 0; error: -; workDir: /input/data/work/6b/df8080bb15363a387e84316da70896]
Dec-01 07:57:34.202 [Task monitor] DEBUG n.processor.TaskPollingMonitor - Task completed > TaskHandler[id: 77; name: writeLargeFile (77); status: COMPLETED; exit: 0; error: -; workDir: /input/data/work/91/a7e75eddcf9af4fd3b34057fc2c3fc]
Dec-01 07:57:34.258 [Task monitor] DEBUG n.processor.TaskPollingMonitor - Task completed > TaskHandler[id: 78; name: writeLargeFile (78); status: COMPLETED; exit: 0; error: -; workDir: /input/data/work/e8/8a77153dd1505a8411e2e7bba6e108]
Dec-01 07:57:34.306 [Task monitor] DEBUG n.processor.TaskPollingMonitor - Task completed > TaskHandler[id: 79; name: writeLargeFile (79); status: COMPLETED; exit: 0; error: -; workDir: /input/data/work/e4/741791c036cdb4de659faf364395ca]
Dec-01 07:57:34.347 [Task monitor] DEBUG n.processor.TaskPollingMonitor - Task completed > TaskHandler[id: 80; name: writeLargeFile (80); status: COMPLETED; exit: 0; error: -; workDir: /input/data/work/3b/567a366950eef1a91f115230dbb01f]
Dec-01 07:57:34.391 [Task monitor] DEBUG n.processor.TaskPollingMonitor - Task completed > TaskHandler[id: 82; name: writeLargeFile (82); status: COMPLETED; exit: 0; error: -; workDir: /input/data/work/c7/15a4affe3c576140a0b11421ad90ec]
Dec-01 07:57:34.439 [Task monitor] DEBUG n.processor.TaskPollingMonitor - Task completed > TaskHandler[id: 81; name: writeLargeFile (81); status: COMPLETED; exit: 0; error: -; workDir: /input/data/work/8a/d39cd097c8815e24eabe581ddc0bbe]
Dec-01 07:57:34.488 [Task monitor] DEBUG n.processor.TaskPollingMonitor - Task completed > TaskHandler[id: 83; name: writeLargeFile (83); status: COMPLETED; exit: 0; error: -; workDir: /input/data/work/b7/c4dd2121893a375ef2ea38b2bf9342]
Dec-01 07:57:36.025 [Task monitor] DEBUG n.processor.TaskPollingMonitor - Task completed > TaskHandler[id: 60; name: writeLargeFile (60); status: COMPLETED; exit: 0; error: -; workDir: /input/data/work/65/4a2e1bcf2736a9a04f5638424d9e16]
Dec-01 07:57:36.334 [Task monitor] DEBUG n.processor.TaskPollingMonitor - Task completed > TaskHandler[id: 61; name: writeLargeFile (61); status: COMPLETED; exit: 0; error: -; workDir: /input/data/work/cf/854556978f1a683a1720b0666a83e6]
Dec-01 07:57:36.474 [Task monitor] DEBUG n.processor.TaskPollingMonitor - Task completed > TaskHandler[id: 62; name: writeLargeFile (62); status: COMPLETED; exit: 0; error: -; workDir: /input/data/work/7c/4859e6fae072f8a5e2e8998bbb299e]
Dec-01 07:57:36.664 [Task monitor] DEBUG n.processor.TaskPollingMonitor - Task completed > TaskHandler[id: 64; name: writeLargeFile (64); status: COMPLETED; exit: 0; error: -; workDir: /input/data/work/a3/43bf70f42d3c9453c30ec850460a9a]
Dec-01 07:57:36.751 [Task monitor] DEBUG n.processor.TaskPollingMonitor - Task completed > TaskHandler[id: 63; name: writeLargeFile (63); status: COMPLETED; exit: 0; error: -; workDir: /input/data/work/2e/5a3162e74777dd8cbfe2a1e4267647]
Dec-01 07:57:36.879 [Task monitor] DEBUG n.processor.TaskPollingMonitor - Task completed > TaskHandler[id: 65; name: writeLargeFile (65); status: COMPLETED; exit: 0; error: -; workDir: /input/data/work/c7/d213f68b42b4ac9174b9b6d43f3a3a]
Dec-01 07:57:37.167 [Task monitor] DEBUG n.processor.TaskPollingMonitor - Task completed > TaskHandler[id: 66; name: writeLargeFile (66); status: COMPLETED; exit: 0; error: -; workDir: /input/data/work/91/f0cfcbf000c30f32881b3993f3159e]
Dec-01 07:57:37.339 [Task monitor] DEBUG n.processor.TaskPollingMonitor - Task completed > TaskHandler[id: 67; name: writeLargeFile (67); status: COMPLETED; exit: 0; error: -; workDir: /input/data/work/bd/67a115451692b6d1c4fb031378707d]
Dec-01 07:57:37.513 [Task monitor] DEBUG n.processor.TaskPollingMonitor - Task completed > TaskHandler[id: 70; name: writeLargeFile (70); status: COMPLETED; exit: 0; error: -; workDir: /input/data/work/00/a374374714c9ce14a3656e161b7972]
Dec-01 07:57:40.164 [Task monitor] DEBUG n.processor.TaskPollingMonitor - Task completed > TaskHandler[id: 41; name: writeLargeFile (41); status: COMPLETED; exit: 0; error: -; workDir: /input/data/work/43/d73104648f77c8164022716e5a4b29]
Dec-01 07:57:40.455 [Task monitor] DEBUG n.processor.TaskPollingMonitor - Task completed > TaskHandler[id: 45; name: writeLargeFile (45); status: COMPLETED; exit: 0; error: -; workDir: /input/data/work/ab/877d5968f6d280b09b1333f849ee6a]
Dec-01 07:57:40.625 [Task monitor] DEBUG n.processor.TaskPollingMonitor - Task completed > TaskHandler[id: 47; name: writeLargeFile (47); status: COMPLETED; exit: 0; error: -; workDir: /input/data/work/68/c64c55ddb6a6fb6cb133502af3e115]
Dec-01 07:57:40.739 [Task monitor] DEBUG n.processor.TaskPollingMonitor - Task completed > TaskHandler[id: 48; name: writeLargeFile (48); status: COMPLETED; exit: 0; error: -; workDir: /input/data/work/00/3330775deae2cf9dc735c756e76e78]
Dec-01 07:57:40.987 [Task monitor] DEBUG n.processor.TaskPollingMonitor - Task completed > TaskHandler[id: 58; name: writeLargeFile (58); status: COMPLETED; exit: 0; error: -; workDir: /input/data/work/d4/a70f0076df1a29228408e672cc889e]
Dec-01 07:57:44.682 [Task monitor] DEBUG n.processor.TaskPollingMonitor - Task completed > TaskHandler[id: 6; name: writeLargeFile (6); status: COMPLETED; exit: 0; error: -; workDir: /input/data/work/11/74fbbeb8c10c9ac6f9c25ac96aa89c]
Dec-01 07:57:44.786 [Task monitor] DEBUG n.processor.TaskPollingMonitor - Task completed > TaskHandler[id: 30; name: writeLargeFile (30); status: COMPLETED; exit: 0; error: -; workDir: /input/data/work/7d/6e3db06ee79eff6caa19a81e0d8829]
Dec-01 07:57:44.923 [Task monitor] DEBUG n.processor.TaskPollingMonitor - Task completed > TaskHandler[id: 13; name: writeLargeFile (13); status: COMPLETED; exit: 0; error: -; workDir: /input/data/work/90/8a009dddb4629d43da2edcc057a347]
Dec-01 07:57:45.071 [Task monitor] DEBUG n.processor.TaskPollingMonitor - Task completed > TaskHandler[id: 12; name: writeLargeFile (12); status: COMPLETED; exit: 0; error: -; workDir: /input/data/work/7d/e3c21d7eea8282c80b7271ccad4bcb]
Dec-01 07:57:45.274 [Task monitor] DEBUG n.processor.TaskPollingMonitor - Task completed > TaskHandler[id: 33; name: writeLargeFile (33); status: COMPLETED; exit: 0; error: -; workDir: /input/data/work/2d/7f485b876f02858040e48ef750ea93]
Dec-01 07:57:45.530 [Task monitor] DEBUG n.processor.TaskPollingMonitor - Task completed > TaskHandler[id: 34; name: writeLargeFile (34); status: COMPLETED; exit: 0; error: -; workDir: /input/data/work/be/2ac05e188d9d53862afe51b226f6bd]
Dec-01 07:57:45.710 [Task monitor] DEBUG n.processor.TaskPollingMonitor - Task completed > TaskHandler[id: 35; name: writeLargeFile (35); status: COMPLETED; exit: 0; error: -; workDir: /input/data/work/e4/68419a51d48a07f426dd246969b927]
Dec-01 07:57:45.867 [Task monitor] DEBUG n.processor.TaskPollingMonitor - Task completed > TaskHandler[id: 37; name: writeLargeFile (37); status: COMPLETED; exit: 0; error: -; workDir: /input/data/work/4e/31c92438cd043fc04724c80e1becf6]
Dec-01 07:57:45.982 [Task monitor] DEBUG n.processor.TaskPollingMonitor - Task completed > TaskHandler[id: 38; name: writeLargeFile (38); status: COMPLETED; exit: 0; error: -; workDir: /input/data/work/e1/bef1c2b943baa029dce4f6eb95fb3e]
Dec-01 07:57:46.069 [Task monitor] DEBUG n.processor.TaskPollingMonitor - Task completed > TaskHandler[id: 40; name: writeLargeFile (40); status: COMPLETED; exit: 0; error: -; workDir: /input/data/work/52/066f2bc4119502e93b66b67c6bcdb0]
Dec-01 07:57:46.263 [Task monitor] DEBUG n.processor.TaskPollingMonitor - Task completed > TaskHandler[id: 39; name: writeLargeFile (39); status: COMPLETED; exit: 0; error: -; workDir: /input/data/work/88/694dba4e82d67a9a96bea536e2e10b]
Dec-01 07:57:46.345 [Task monitor] DEBUG n.processor.TaskPollingMonitor - Task completed > TaskHandler[id: 42; name: writeLargeFile (42); status: COMPLETED; exit: 0; error: -; workDir: /input/data/work/b0/2408f6a582bdf462ccc76a775a7cf8]
Dec-01 07:57:46.464 [Task monitor] DEBUG n.processor.TaskPollingMonitor - Task completed > TaskHandler[id: 44; name: writeLargeFile (44); status: COMPLETED; exit: 0; error: -; workDir: /input/data/work/ab/0b60737d8b452f657f8ef4b99d4da1]
Dec-01 07:57:46.554 [Task monitor] DEBUG n.processor.TaskPollingMonitor - Task completed > TaskHandler[id: 46; name: writeLargeFile (46); status: COMPLETED; exit: 0; error: -; workDir: /input/data/work/eb/28577cc8f81932620eb3998cc14ce5]
Dec-01 07:57:49.543 [Task monitor] DEBUG n.processor.TaskPollingMonitor - Task completed > TaskHandler[id: 10; name: writeLargeFile (10); status: COMPLETED; exit: 0; error: -; workDir: /input/data/work/19/9bfe4462e0e775684bc4c093c7f312]
Dec-01 07:57:52.860 [Task monitor] DEBUG n.processor.TaskPollingMonitor - Task completed > TaskHandler[id: 20; name: writeLargeFile (20); status: COMPLETED; exit: 0; error: -; workDir: /input/data/work/c1/267f8de57808bcebb0126dfa75dc75]
Dec-01 07:57:52.907 [Task monitor] DEBUG n.processor.TaskPollingMonitor - Task completed > TaskHandler[id: 16; name: writeLargeFile (16); status: COMPLETED; exit: 0; error: -; workDir: /input/data/work/69/a62cba51d850ec114fcc8b016d302e]
Dec-01 07:57:52.970 [Task monitor] DEBUG n.processor.TaskPollingMonitor - Task completed > TaskHandler[id: 50; name: writeLargeFile (50); status: COMPLETED; exit: 0; error: -; workDir: /input/data/work/18/116f53ff3a76541dc45aed77fcda53]
Dec-01 07:57:53.018 [Task monitor] DEBUG n.processor.TaskPollingMonitor - Task completed > TaskHandler[id: 9; name: writeLargeFile (9); status: COMPLETED; exit: 0; error: -; workDir: /input/data/work/01/5bab0ea5c9ed45e6314849fd850d9f]
Dec-01 07:57:53.065 [Task monitor] DEBUG n.processor.TaskPollingMonitor - Task completed > TaskHandler[id: 1; name: writeLargeFile (1); status: COMPLETED; exit: 0; error: -; workDir: /input/data/work/5c/e128fe0a3d33d19d69da6ba6e996a2]
Dec-01 07:57:53.116 [Task monitor] DEBUG n.processor.TaskPollingMonitor - Task completed > TaskHandler[id: 31; name: writeLargeFile (31); status: COMPLETED; exit: 0; error: -; workDir: /input/data/work/b6/550b7afed972619eb10563112a10d4]
Dec-01 07:57:53.193 [Task submitter] INFO  nextflow.Session - [1a/42c5dd] Submitted process > combineFiles (1)
Dec-01 08:02:04.506 [Task monitor] DEBUG n.processor.TaskPollingMonitor - !! executor k8s > tasks to be completed: 1 -- submitted tasks are shown below
~> TaskHandler[id: 101; name: combineFiles (1); status: SUBMITTED; exit: -; error: -; workDir: /input/data/work/1a/42c5ddbd174beedbea69798c69e222]
Dec-01 08:04:49.539 [Task monitor] DEBUG nextflow.k8s.K8sTaskHandler - [K8s] Cannot read exitstatus for task: `combineFiles (1)` | /input/data/work/1a/42c5ddbd174beedbea69798c69e222/.exitcode
Dec-01 08:04:49.578 [Task monitor] DEBUG n.processor.TaskPollingMonitor - Task completed > TaskHandler[id: 101; name: combineFiles (1); status: COMPLETED; exit: -; error: -; workDir: /input/data/work/1a/42c5ddbd174beedbea69798c69e222]
Dec-01 08:04:49.582 [Task monitor] DEBUG nextflow.processor.TaskProcessor - Handling unexpected condition for
  task: name=combineFiles (1); work-dir=/input/data/work/1a/42c5ddbd174beedbea69798c69e222
  error [nextflow.exception.ProcessFailedException]: Process `combineFiles (1)` terminated for an unknown reason -- Likely it has been terminated by the external system
Dec-01 08:04:49.583 [Task monitor] INFO  nextflow.processor.TaskProcessor - combineFiles (1): errorCount: 1, retryCount: 1
Dec-01 08:04:49.596 [Task monitor] DEBUG nextflow.processor.TaskRun - Unable to dump output of process 'null' -- Cause: java.nio.file.NoSuchFileException: /input/data/work/1a/42c5ddbd174beedbea69798c69e222/.command.out
Dec-01 08:04:49.598 [Task monitor] DEBUG nextflow.processor.TaskRun - Unable to dump error of process 'null' -- Cause: java.nio.file.NoSuchFileException: /input/data/work/1a/42c5ddbd174beedbea69798c69e222/.command.err
Dec-01 08:04:49.606 [Task monitor] ERROR nextflow.processor.TaskProcessor - Error executing process > 'combineFiles (1)'

Caused by:
  Process `combineFiles (1)` terminated for an unknown reason -- Likely it has been terminated by the external system

Command executed:

  cat file*.txt > combined.txt
  ls -lh

Command exit status:
  -

Command output:
  (empty)

Work dir:
  /input/data/work/1a/42c5ddbd174beedbea69798c69e222

Tip: you can try to figure out what's wrong by changing to the process work dir and showing the script file named `.command.sh`
Dec-01 08:04:49.609 [main] DEBUG nextflow.Session - Session await > all processes finished
Dec-01 08:04:49.611 [Task monitor] DEBUG nextflow.Session - Session aborted -- Cause: Process `combineFiles (1)` terminated for an unknown reason -- Likely it has been terminated by the external system
Dec-01 08:04:49.645 [Task monitor] DEBUG nextflow.processor.TaskRun - Unable to dump error of process 'null' -- Cause: java.nio.file.NoSuchFileException: /input/data/work/1a/42c5ddbd174beedbea69798c69e222/.command.err
Dec-01 08:04:49.645 [Task monitor] DEBUG nextflow.processor.TaskRun - Unable to dump output of process 'null' -- Cause: java.nio.file.NoSuchFileException: /input/data/work/1a/42c5ddbd174beedbea69798c69e222/.command.out
Dec-01 08:04:49.646 [main] DEBUG nextflow.Session - Session await > all barriers passed
Dec-01 08:04:49.648 [main] DEBUG nextflow.processor.TaskRun - Unable to dump error of process 'null' -- Cause: java.nio.file.NoSuchFileException: /input/data/work/1a/42c5ddbd174beedbea69798c69e222/.command.err
Dec-01 08:04:49.648 [main] DEBUG nextflow.processor.TaskRun - Unable to dump output of process 'null' -- Cause: java.nio.file.NoSuchFileException: /input/data/work/1a/42c5ddbd174beedbea69798c69e222/.command.out
Dec-01 08:04:49.655 [main] DEBUG n.trace.WorkflowStatsObserver - Workflow completed > WorkflowStats[succeededCount=100; failedCount=1; ignoredCount=0; cachedCount=0; pendingCount=0; submittedCount=0; runningCount=0; retriesCount=0; abortedCount=0; succeedDuration=15m 55s; failedDuration=2m 20s; cachedDuration=0ms;loadCpus=0; loadMemory=0; peakRunning=23; peakCpus=230; peakMemory=230 GB; ]
Dec-01 08:04:49.656 [main] DEBUG nextflow.trace.TraceFileObserver - Workflow completed -- saving trace file
Dec-01 08:04:49.658 [main] DEBUG nextflow.trace.ReportObserver - Workflow completed -- rendering execution report
Dec-01 08:04:50.278 [main] DEBUG nextflow.trace.TimelineObserver - Workflow completed -- rendering execution timeline
Dec-01 08:04:50.400 [main] DEBUG nextflow.cache.CacheDB - Closing CacheDB done
Dec-01 08:04:50.419 [main] DEBUG nextflow.script.ScriptRunner - > Execution complete -- Goodbye
