Dec-07 21:57:30.627 [main] DEBUG nextflow.cli.Launcher - $> nextflow run /input/fork -c /experiments/experiment/fork/nextflow.config -c /experiments/experiment/nextflow_cws.config -c /experiments/experiment/nextflow_ceph.config
Dec-07 21:57:30.685 [main] INFO  nextflow.cli.CmdRun - N E X T F L O W  ~  version 23.07.0-edge
Dec-07 21:57:30.705 [main] DEBUG nextflow.plugin.PluginsFacade - Setting up plugin manager > mode=prod; embedded=false; plugins-dir=/.nextflow/plugins; core-plugins: nf-amazon@2.1.0,nf-azure@1.1.4,nf-cloudcache@0.1.0,nf-codecommit@0.1.5,nf-console@1.0.6,nf-ga4gh@1.1.0,nf-google@1.8.1,nf-tower@1.5.15,nf-wave@0.11.0
Dec-07 21:57:30.718 [main] INFO  o.pf4j.DefaultPluginStatusProvider - Enabled plugins: []
Dec-07 21:57:30.718 [main] INFO  o.pf4j.DefaultPluginStatusProvider - Disabled plugins: []
Dec-07 21:57:30.721 [main] INFO  org.pf4j.DefaultPluginManager - PF4J version 3.4.1 in 'deployment' mode
Dec-07 21:57:30.729 [main] INFO  org.pf4j.AbstractPluginManager - No plugins
Dec-07 21:57:30.748 [main] DEBUG nextflow.scm.AssetManager - Project manifest does not exist: /input/fork/nextflow.config (No such file or directory)
Dec-07 21:57:30.769 [main] DEBUG nextflow.config.ConfigBuilder - User config file: /experiments/experiment/fork/nextflow.config
Dec-07 21:57:30.770 [main] DEBUG nextflow.config.ConfigBuilder - User config file: /experiments/experiment/nextflow_cws.config
Dec-07 21:57:30.771 [main] DEBUG nextflow.config.ConfigBuilder - User config file: /experiments/experiment/nextflow_ceph.config
Dec-07 21:57:30.771 [main] DEBUG nextflow.config.ConfigBuilder - Parsing config file: /experiments/experiment/fork/nextflow.config
Dec-07 21:57:30.771 [main] DEBUG nextflow.config.ConfigBuilder - Parsing config file: /experiments/experiment/nextflow_cws.config
Dec-07 21:57:30.771 [main] DEBUG nextflow.config.ConfigBuilder - Parsing config file: /experiments/experiment/nextflow_ceph.config
Dec-07 21:57:30.787 [main] DEBUG nextflow.config.ConfigBuilder - Applying config profile: `standard`
Dec-07 21:57:31.305 [main] DEBUG nextflow.config.ConfigBuilder - Applying config profile: `standard`
Dec-07 21:57:31.460 [main] DEBUG nextflow.config.ConfigBuilder - Applying config profile: `standard`
Dec-07 21:57:31.486 [main] DEBUG nextflow.cli.CmdRun - Applied DSL=2 by global default
Dec-07 21:57:31.499 [main] INFO  nextflow.cli.CmdRun - Launching `/input/fork/main.nf` [admiring_cray] DSL2 - revision: 64aabf06f3
Dec-07 21:57:31.500 [main] DEBUG nextflow.plugin.PluginsFacade - Plugins default=[]
Dec-07 21:57:31.500 [main] DEBUG nextflow.plugin.PluginsFacade - Plugins resolved requirement=[]
Dec-07 21:57:31.507 [main] DEBUG n.secret.LocalSecretsProvider - Secrets store: /.nextflow/secrets/store.json
Dec-07 21:57:31.509 [main] DEBUG nextflow.secret.SecretsLoader - Discovered secrets providers: [nextflow.secret.LocalSecretsProvider@5b7c8930] - activable => nextflow.secret.LocalSecretsProvider@5b7c8930
Dec-07 21:57:31.560 [main] DEBUG nextflow.Session - Session UUID: d0b4fe94-3af5-4183-91ac-ee838bc7f3df
Dec-07 21:57:31.560 [main] DEBUG nextflow.Session - Run name: admiring_cray
Dec-07 21:57:31.561 [main] DEBUG nextflow.Session - Executor pool size: 32
Dec-07 21:57:31.566 [main] DEBUG nextflow.file.FilePorter - File porter settings maxRetries=3; maxTransfers=50; pollTimeout=null
Dec-07 21:57:31.569 [main] DEBUG nextflow.util.ThreadPoolBuilder - Creating thread pool 'FileTransfer' minSize=10; maxSize=96; workQueue=LinkedBlockingQueue[10000]; allowCoreThreadTimeout=false
Dec-07 21:57:31.596 [main] DEBUG nextflow.cli.CmdRun - 
  Version: 23.07.0-edge build 5875
  Created: 28-07-2023 20:27 UTC (20:27 GMT)
  System: Linux 5.4.0-166-generic
  Runtime: Groovy 3.0.18 on OpenJDK 64-Bit Server VM 17.0.6+10-LTS
  Encoding: UTF-8 (UTF-8)
  Process: 8148@nextflow [10.233.76.58]
  CPUs: 32 - Mem: 125.7 GB (121.3 GB) - Swap: 0 (0)
Dec-07 21:57:31.623 [main] DEBUG nextflow.Session - Work-dir: /input/data/work [ceph]
Dec-07 21:57:31.624 [main] DEBUG nextflow.Session - Script base path does not exist or is not a directory: /input/fork/bin
Dec-07 21:57:31.635 [main] DEBUG nextflow.executor.ExecutorFactory - Extension executors providers=[]
Dec-07 21:57:31.642 [main] DEBUG nextflow.Session - Observer factory: DefaultObserverFactory
Dec-07 21:57:31.669 [main] DEBUG nextflow.cache.CacheFactory - Using Nextflow cache factory: nextflow.cache.DefaultCacheFactory
Dec-07 21:57:31.676 [main] DEBUG nextflow.util.CustomThreadPool - Creating default thread pool > poolSize: 33; maxThreads: 1000
Dec-07 21:57:31.772 [main] DEBUG nextflow.Session - Session start
Dec-07 21:57:31.777 [main] DEBUG nextflow.trace.TraceFileObserver - Workflow started -- trace file: /input/data/output/trace.csv
Dec-07 21:57:31.906 [main] DEBUG nextflow.script.ScriptRunner - > Launching execution
Dec-07 21:57:32.122 [main] DEBUG nextflow.script.ProcessConfig - Config settings `withName:writeLargeFile` matches process writeLargeFile
Dec-07 21:57:32.140 [main] DEBUG nextflow.executor.ExecutorFactory - << taskConfig executor: k8s
Dec-07 21:57:32.140 [main] DEBUG nextflow.executor.ExecutorFactory - >> processorType: 'k8s'
Dec-07 21:57:32.148 [main] DEBUG nextflow.executor.Executor - [warm up] executor > k8s
Dec-07 21:57:32.164 [main] DEBUG n.processor.TaskPollingMonitor - Creating task monitor for executor 'k8s' > capacity: 300; pollInterval: 5s; dumpInterval: 5m; schedulerBatch: null
Dec-07 21:57:32.169 [main] DEBUG nextflow.k8s.client.ConfigDiscovery - K8s config file does not exist: /root/.kube/config
Dec-07 21:57:32.179 [main] DEBUG nextflow.k8s.K8sExecutor - [K8s] config=[scheduler:[strategy:rank_max-fair, name:workflow-scheduler, autoClose:false, nodeSelector:usedby=anonymized, container:anonymized/test1:sch_v194], debug:[yaml:true], namespace:anonymized, serviceAccount:nextflow, workDir:/input/data/work/, projectDir:/input/data/project/, imagePullPolicy:IfNotPresent, launchDir:/input/data/launch/, runAsUser:0, fetchNodeName:true, storageMountPath:/input, pod:[nodeSelector:usedby=anonymized], storage:[nodeSelector:usedby=anonymized, imageName:anonymized/test1:ftp_v122], storageClaimName:ceph-data]; API client config=ClientConfig[ server=10.233.0.1:443, namespace=anonymized, serviceAccount=nextflow, token=eyJhbGciOiJ.., sslCert=LS0tLS1CRUd.., clientCert=-, clientKey=-, verifySsl=false, fromFile=true, httpReadTimeout=null, httpConnectTimeout=null, maxErrorRetry=4 ]
Dec-07 21:57:35.839 [main] DEBUG nextflow.script.ProcessConfig - Config settings `withName:revertFile` matches process revertFile
Dec-07 21:57:35.841 [main] DEBUG nextflow.executor.ExecutorFactory - << taskConfig executor: k8s
Dec-07 21:57:35.841 [main] DEBUG nextflow.executor.ExecutorFactory - >> processorType: 'k8s'
Dec-07 21:57:35.852 [main] DEBUG nextflow.Session - Workflow process names [dsl2]: revertFile, combineFiles, writeLargeFile
Dec-07 21:57:35.854 [main] DEBUG nextflow.Session - Igniting dataflow network (3)
Dec-07 21:57:35.855 [main] DEBUG nextflow.processor.TaskProcessor - Starting process > writeLargeFile
Dec-07 21:57:35.857 [main] DEBUG nextflow.processor.TaskProcessor - Starting process > revertFile
Dec-07 21:57:35.857 [main] DEBUG nextflow.script.ScriptRunner - > Awaiting termination 
Dec-07 21:57:35.857 [main] DEBUG nextflow.Session - Session await
Dec-07 21:57:36.072 [Task submitter] INFO  nextflow.Session - [b8/7c3255] Submitted process > writeLargeFile (1)
Dec-07 21:58:07.226 [Task monitor] DEBUG n.processor.TaskPollingMonitor - Task completed > TaskHandler[id: 1; name: writeLargeFile (1); status: COMPLETED; exit: 0; error: -; workDir: /input/data/work/b8/7c3255aa05bc646ba792f82901b1c3]
Dec-07 21:58:07.318 [Task submitter] INFO  nextflow.Session - [e7/9931b1] Submitted process > revertFile (2)
Dec-07 21:58:07.365 [Task submitter] INFO  nextflow.Session - [21/53ab0f] Submitted process > revertFile (22)
Dec-07 21:58:07.405 [Task submitter] INFO  nextflow.Session - [90/cf2355] Submitted process > revertFile (9)
Dec-07 21:58:07.435 [Task submitter] INFO  nextflow.Session - [06/2ca7df] Submitted process > revertFile (3)
Dec-07 21:58:07.470 [Task submitter] INFO  nextflow.Session - [76/69f7b3] Submitted process > revertFile (19)
Dec-07 21:58:07.504 [Task submitter] INFO  nextflow.Session - [e4/0b3b87] Submitted process > revertFile (16)
Dec-07 21:58:07.538 [Task submitter] INFO  nextflow.Session - [86/d130cf] Submitted process > revertFile (8)
Dec-07 21:58:07.578 [Task submitter] INFO  nextflow.Session - [59/ed6c38] Submitted process > revertFile (7)
Dec-07 21:58:07.611 [Task submitter] INFO  nextflow.Session - [be/152a5f] Submitted process > revertFile (25)
Dec-07 21:58:07.642 [Task submitter] INFO  nextflow.Session - [b6/89db85] Submitted process > revertFile (23)
Dec-07 21:58:07.675 [Task submitter] INFO  nextflow.Session - [6a/3f7e71] Submitted process > revertFile (20)
Dec-07 21:58:07.709 [Task submitter] INFO  nextflow.Session - [27/ac2d6a] Submitted process > revertFile (10)
Dec-07 21:58:07.742 [Task submitter] INFO  nextflow.Session - [40/cffde4] Submitted process > revertFile (31)
Dec-07 21:58:07.772 [Task submitter] INFO  nextflow.Session - [df/fa6915] Submitted process > revertFile (12)
Dec-07 21:58:07.806 [Task submitter] INFO  nextflow.Session - [53/4ec715] Submitted process > revertFile (21)
Dec-07 21:58:07.839 [Task submitter] INFO  nextflow.Session - [8e/956332] Submitted process > revertFile (6)
Dec-07 21:58:07.871 [Task submitter] INFO  nextflow.Session - [d5/d4ade3] Submitted process > revertFile (17)
Dec-07 21:58:07.904 [Task submitter] INFO  nextflow.Session - [99/33243c] Submitted process > revertFile (5)
Dec-07 21:58:07.935 [Task submitter] INFO  nextflow.Session - [d7/c4c6e0] Submitted process > revertFile (26)
Dec-07 21:58:07.966 [Task submitter] INFO  nextflow.Session - [cd/00f3e6] Submitted process > revertFile (28)
Dec-07 21:58:07.994 [Task submitter] INFO  nextflow.Session - [40/070165] Submitted process > revertFile (1)
Dec-07 21:58:08.023 [Task submitter] INFO  nextflow.Session - [4b/9c2c67] Submitted process > revertFile (30)
Dec-07 21:58:08.052 [Task submitter] INFO  nextflow.Session - [3c/3aca6d] Submitted process > revertFile (4)
Dec-07 21:58:08.083 [Task submitter] INFO  nextflow.Session - [ac/0cb93b] Submitted process > revertFile (48)
Dec-07 21:58:08.114 [Task submitter] INFO  nextflow.Session - [46/934a60] Submitted process > revertFile (14)
Dec-07 21:58:08.148 [Task submitter] INFO  nextflow.Session - [07/b38bbb] Submitted process > revertFile (51)
Dec-07 21:58:08.179 [Task submitter] INFO  nextflow.Session - [af/5b4776] Submitted process > revertFile (29)
Dec-07 21:58:08.211 [Task submitter] INFO  nextflow.Session - [3d/2c5931] Submitted process > revertFile (27)
Dec-07 21:58:08.240 [Task submitter] INFO  nextflow.Session - [8f/6f4a73] Submitted process > revertFile (18)
Dec-07 21:58:08.270 [Task submitter] INFO  nextflow.Session - [c4/d51c28] Submitted process > revertFile (32)
Dec-07 21:58:08.303 [Task submitter] INFO  nextflow.Session - [34/51115c] Submitted process > revertFile (11)
Dec-07 21:58:08.331 [Task submitter] INFO  nextflow.Session - [d2/e8e4aa] Submitted process > revertFile (15)
Dec-07 21:58:08.363 [Task submitter] INFO  nextflow.Session - [47/f6bb85] Submitted process > revertFile (24)
Dec-07 21:58:08.392 [Task submitter] INFO  nextflow.Session - [43/2cc91d] Submitted process > revertFile (13)
Dec-07 21:58:08.422 [Task submitter] INFO  nextflow.Session - [af/250b9d] Submitted process > revertFile (36)
Dec-07 21:58:08.454 [Task submitter] INFO  nextflow.Session - [fd/b8d8a9] Submitted process > revertFile (37)
Dec-07 21:58:08.487 [Task submitter] INFO  nextflow.Session - [f0/82ceea] Submitted process > revertFile (38)
Dec-07 21:58:08.518 [Task submitter] INFO  nextflow.Session - [d3/d8ceb5] Submitted process > revertFile (35)
Dec-07 21:58:08.549 [Task submitter] INFO  nextflow.Session - [4f/81879c] Submitted process > revertFile (39)
Dec-07 21:58:08.581 [Task submitter] INFO  nextflow.Session - [5f/726a26] Submitted process > revertFile (34)
Dec-07 21:58:08.613 [Task submitter] INFO  nextflow.Session - [05/179ee8] Submitted process > revertFile (41)
Dec-07 21:58:08.647 [Task submitter] INFO  nextflow.Session - [91/3ac652] Submitted process > revertFile (40)
Dec-07 21:58:08.677 [Task submitter] INFO  nextflow.Session - [56/802baf] Submitted process > revertFile (33)
Dec-07 21:58:08.705 [Task submitter] INFO  nextflow.Session - [43/a96620] Submitted process > revertFile (73)
Dec-07 21:58:08.736 [Task submitter] INFO  nextflow.Session - [9a/fbcc33] Submitted process > revertFile (42)
Dec-07 21:58:08.765 [Task submitter] INFO  nextflow.Session - [19/143dc3] Submitted process > revertFile (43)
Dec-07 21:58:08.793 [Task submitter] INFO  nextflow.Session - [dd/825dde] Submitted process > revertFile (44)
Dec-07 21:58:08.822 [Task submitter] INFO  nextflow.Session - [3a/b14897] Submitted process > revertFile (45)
Dec-07 21:58:08.850 [Task submitter] INFO  nextflow.Session - [3c/6309c0] Submitted process > revertFile (47)
Dec-07 21:58:08.877 [Task submitter] INFO  nextflow.Session - [29/ec2bfe] Submitted process > revertFile (46)
Dec-07 21:58:08.909 [Task submitter] INFO  nextflow.Session - [6e/14aada] Submitted process > revertFile (49)
Dec-07 21:58:08.936 [Task submitter] INFO  nextflow.Session - [d5/d2b0d8] Submitted process > revertFile (52)
Dec-07 21:58:08.966 [Task submitter] INFO  nextflow.Session - [9a/c30a86] Submitted process > revertFile (53)
Dec-07 21:58:08.995 [Task submitter] INFO  nextflow.Session - [de/961a84] Submitted process > revertFile (50)
Dec-07 21:58:09.025 [Task submitter] INFO  nextflow.Session - [6c/7468f9] Submitted process > revertFile (54)
Dec-07 21:58:09.058 [Task submitter] INFO  nextflow.Session - [4b/5ceca3] Submitted process > revertFile (56)
Dec-07 21:58:09.089 [Task submitter] INFO  nextflow.Session - [f8/8f5f6f] Submitted process > revertFile (55)
Dec-07 21:58:09.116 [Task submitter] INFO  nextflow.Session - [ce/c8c2a5] Submitted process > revertFile (57)
Dec-07 21:58:09.148 [Task submitter] INFO  nextflow.Session - [c9/707dd1] Submitted process > revertFile (59)
Dec-07 21:58:09.179 [Task submitter] INFO  nextflow.Session - [14/3befeb] Submitted process > revertFile (58)
Dec-07 21:58:09.211 [Task submitter] INFO  nextflow.Session - [b9/8636f4] Submitted process > revertFile (61)
Dec-07 21:58:09.241 [Task submitter] INFO  nextflow.Session - [15/3107a6] Submitted process > revertFile (62)
Dec-07 21:58:09.269 [Task submitter] INFO  nextflow.Session - [0e/c57175] Submitted process > revertFile (60)
Dec-07 21:58:09.299 [Task submitter] INFO  nextflow.Session - [ae/3d35e1] Submitted process > revertFile (63)
Dec-07 21:58:09.327 [Task submitter] INFO  nextflow.Session - [8a/41dbbb] Submitted process > revertFile (65)
Dec-07 21:58:09.355 [Task submitter] INFO  nextflow.Session - [b9/16bfa7] Submitted process > revertFile (66)
Dec-07 21:58:09.384 [Task submitter] INFO  nextflow.Session - [78/cb0ef7] Submitted process > revertFile (64)
Dec-07 21:58:09.412 [Task submitter] INFO  nextflow.Session - [f0/2ad9d2] Submitted process > revertFile (68)
Dec-07 21:58:09.437 [Task submitter] INFO  nextflow.Session - [8b/d04c5a] Submitted process > revertFile (67)
Dec-07 21:58:09.466 [Task submitter] INFO  nextflow.Session - [af/daf930] Submitted process > revertFile (69)
Dec-07 21:58:09.494 [Task submitter] INFO  nextflow.Session - [d7/57f8ad] Submitted process > revertFile (70)
Dec-07 21:58:09.523 [Task submitter] INFO  nextflow.Session - [d2/69270b] Submitted process > revertFile (71)
Dec-07 21:58:09.554 [Task submitter] INFO  nextflow.Session - [a6/93b47a] Submitted process > revertFile (72)
Dec-07 21:58:09.584 [Task submitter] INFO  nextflow.Session - [6b/b47465] Submitted process > revertFile (74)
Dec-07 21:58:09.615 [Task submitter] INFO  nextflow.Session - [d0/ac7b33] Submitted process > revertFile (76)
Dec-07 21:58:09.642 [Task submitter] INFO  nextflow.Session - [0d/89fefd] Submitted process > revertFile (75)
Dec-07 21:58:09.672 [Task submitter] INFO  nextflow.Session - [ed/ec4eba] Submitted process > revertFile (77)
Dec-07 21:58:09.702 [Task submitter] INFO  nextflow.Session - [cf/06b530] Submitted process > revertFile (79)
Dec-07 21:58:09.728 [Task submitter] INFO  nextflow.Session - [18/11a1e2] Submitted process > revertFile (78)
Dec-07 21:58:09.758 [Task submitter] INFO  nextflow.Session - [61/e500cb] Submitted process > revertFile (80)
Dec-07 21:58:09.788 [Task submitter] INFO  nextflow.Session - [09/3d787d] Submitted process > revertFile (82)
Dec-07 21:58:09.816 [Task submitter] INFO  nextflow.Session - [7a/46284e] Submitted process > revertFile (81)
Dec-07 21:58:09.844 [Task submitter] INFO  nextflow.Session - [dc/5a6235] Submitted process > revertFile (85)
Dec-07 21:58:09.872 [Task submitter] INFO  nextflow.Session - [68/649d8c] Submitted process > revertFile (83)
Dec-07 21:58:09.899 [Task submitter] INFO  nextflow.Session - [20/7da2c0] Submitted process > revertFile (84)
Dec-07 21:58:09.929 [Task submitter] INFO  nextflow.Session - [59/4123e0] Submitted process > revertFile (87)
Dec-07 21:58:09.958 [Task submitter] INFO  nextflow.Session - [52/b125fe] Submitted process > revertFile (86)
Dec-07 21:58:09.988 [Task submitter] INFO  nextflow.Session - [33/7d4cd3] Submitted process > revertFile (88)
Dec-07 21:58:10.016 [Task submitter] INFO  nextflow.Session - [75/18215f] Submitted process > revertFile (90)
Dec-07 21:58:10.047 [Task submitter] INFO  nextflow.Session - [c6/4bdfb4] Submitted process > revertFile (89)
Dec-07 21:58:10.078 [Task submitter] INFO  nextflow.Session - [d7/b5702b] Submitted process > revertFile (91)
Dec-07 21:58:10.106 [Task submitter] INFO  nextflow.Session - [29/dc7de0] Submitted process > revertFile (93)
Dec-07 21:58:10.151 [Task submitter] INFO  nextflow.Session - [aa/4efb08] Submitted process > revertFile (92)
Dec-07 21:58:10.180 [Task submitter] INFO  nextflow.Session - [7b/3280f6] Submitted process > revertFile (94)
Dec-07 21:58:10.207 [Task submitter] INFO  nextflow.Session - [d0/a37a51] Submitted process > revertFile (95)
Dec-07 21:58:10.234 [Task submitter] INFO  nextflow.Session - [bd/25d7de] Submitted process > revertFile (96)
Dec-07 21:58:10.263 [Task submitter] INFO  nextflow.Session - [dd/a1b4d8] Submitted process > revertFile (97)
Dec-07 21:58:10.293 [Task submitter] INFO  nextflow.Session - [60/d28bbc] Submitted process > revertFile (99)
Dec-07 21:58:10.323 [Task submitter] INFO  nextflow.Session - [79/f50d20] Submitted process > revertFile (98)
Dec-07 21:58:10.349 [Task submitter] INFO  nextflow.Session - [0d/5940cd] Submitted process > revertFile (100)
Dec-07 22:00:10.097 [Task monitor] DEBUG n.processor.TaskPollingMonitor - Task completed > TaskHandler[id: 3; name: revertFile (2); status: COMPLETED; exit: 0; error: -; workDir: /input/data/work/e7/9931b12346a0c22a167d7b6a1706f9]
Dec-07 22:00:10.172 [Task monitor] DEBUG n.processor.TaskPollingMonitor - Task completed > TaskHandler[id: 23; name: revertFile (22); status: COMPLETED; exit: 0; error: -; workDir: /input/data/work/21/53ab0fbaa3c4f7410060ca797c14aa]
Dec-07 22:00:10.213 [Task monitor] DEBUG n.processor.TaskPollingMonitor - Task completed > TaskHandler[id: 10; name: revertFile (9); status: COMPLETED; exit: 0; error: -; workDir: /input/data/work/90/cf2355aab20fc8cba4206782ca2600]
Dec-07 22:00:10.254 [Task monitor] DEBUG n.processor.TaskPollingMonitor - Task completed > TaskHandler[id: 4; name: revertFile (3); status: COMPLETED; exit: 0; error: -; workDir: /input/data/work/06/2ca7dfe10f683987ee5d8897794be2]
Dec-07 22:00:10.295 [Task monitor] DEBUG n.processor.TaskPollingMonitor - Task completed > TaskHandler[id: 20; name: revertFile (19); status: COMPLETED; exit: 0; error: -; workDir: /input/data/work/76/69f7b35055548337db0aa4ca1de27d]
Dec-07 22:00:10.331 [Task monitor] DEBUG n.processor.TaskPollingMonitor - Task completed > TaskHandler[id: 17; name: revertFile (16); status: COMPLETED; exit: 0; error: -; workDir: /input/data/work/e4/0b3b87a17e350122136148dc9895e4]
Dec-07 22:00:10.368 [Task monitor] DEBUG n.processor.TaskPollingMonitor - Task completed > TaskHandler[id: 9; name: revertFile (8); status: COMPLETED; exit: 0; error: -; workDir: /input/data/work/86/d130cf6bd21912a540d6dd7c76ba45]
Dec-07 22:00:10.405 [Task monitor] DEBUG n.processor.TaskPollingMonitor - Task completed > TaskHandler[id: 8; name: revertFile (7); status: COMPLETED; exit: 0; error: -; workDir: /input/data/work/59/ed6c38f642dddffc363940733daf5a]
Dec-07 22:00:10.442 [Task monitor] DEBUG n.processor.TaskPollingMonitor - Task completed > TaskHandler[id: 26; name: revertFile (25); status: COMPLETED; exit: 0; error: -; workDir: /input/data/work/be/152a5f707fea79f081636079473b7a]
Dec-07 22:00:10.479 [Task monitor] DEBUG n.processor.TaskPollingMonitor - Task completed > TaskHandler[id: 24; name: revertFile (23); status: COMPLETED; exit: 0; error: -; workDir: /input/data/work/b6/89db855286d812568516753b4fe3ae]
Dec-07 22:00:10.517 [Task monitor] DEBUG n.processor.TaskPollingMonitor - Task completed > TaskHandler[id: 21; name: revertFile (20); status: COMPLETED; exit: 0; error: -; workDir: /input/data/work/6a/3f7e719b733dd273e0856bff203ec1]
Dec-07 22:00:10.553 [Task monitor] DEBUG n.processor.TaskPollingMonitor - Task completed > TaskHandler[id: 11; name: revertFile (10); status: COMPLETED; exit: 0; error: -; workDir: /input/data/work/27/ac2d6a792dde2453f9f4ced16286ce]
Dec-07 22:00:10.587 [Task monitor] DEBUG n.processor.TaskPollingMonitor - Task completed > TaskHandler[id: 32; name: revertFile (31); status: COMPLETED; exit: 0; error: -; workDir: /input/data/work/40/cffde424520b7742ffb61425410cf0]
Dec-07 22:00:10.625 [Task monitor] DEBUG n.processor.TaskPollingMonitor - Task completed > TaskHandler[id: 13; name: revertFile (12); status: COMPLETED; exit: 0; error: -; workDir: /input/data/work/df/fa6915a339b85b62ef3bb5fe489306]
Dec-07 22:00:10.668 [Task monitor] DEBUG n.processor.TaskPollingMonitor - Task completed > TaskHandler[id: 22; name: revertFile (21); status: COMPLETED; exit: 0; error: -; workDir: /input/data/work/53/4ec71540a78d3af369d369e88d1baa]
Dec-07 22:00:10.706 [Task monitor] DEBUG n.processor.TaskPollingMonitor - Task completed > TaskHandler[id: 7; name: revertFile (6); status: COMPLETED; exit: 0; error: -; workDir: /input/data/work/8e/956332acd285c53f9bf78da0f09936]
Dec-07 22:00:10.747 [Task monitor] DEBUG n.processor.TaskPollingMonitor - Task completed > TaskHandler[id: 18; name: revertFile (17); status: COMPLETED; exit: 0; error: -; workDir: /input/data/work/d5/d4ade37a891a1e0e374a7417706982]
Dec-07 22:00:10.781 [Task monitor] DEBUG n.processor.TaskPollingMonitor - Task completed > TaskHandler[id: 6; name: revertFile (5); status: COMPLETED; exit: 0; error: -; workDir: /input/data/work/99/33243c8510ccb62418e4113e8b59c0]
Dec-07 22:01:25.370 [Task monitor] DEBUG n.processor.TaskPollingMonitor - Task completed > TaskHandler[id: 49; name: revertFile (48); status: COMPLETED; exit: 0; error: -; workDir: /input/data/work/ac/0cb93b635e9acf5d79d6c027d59785]
Dec-07 22:01:25.429 [Task monitor] DEBUG n.processor.TaskPollingMonitor - Task completed > TaskHandler[id: 52; name: revertFile (51); status: COMPLETED; exit: 0; error: -; workDir: /input/data/work/07/b38bbbefcdd3c1a6fdb185ffde3bfa]
Dec-07 22:01:25.479 [Task monitor] DEBUG n.processor.TaskPollingMonitor - Task completed > TaskHandler[id: 30; name: revertFile (29); status: COMPLETED; exit: 0; error: -; workDir: /input/data/work/af/5b47765fc345d805494039e8e588a0]
Dec-07 22:01:30.301 [Task monitor] DEBUG n.processor.TaskPollingMonitor - Task completed > TaskHandler[id: 27; name: revertFile (26); status: COMPLETED; exit: 0; error: -; workDir: /input/data/work/d7/c4c6e0890428d514175551f08cb919]
Dec-07 22:01:30.339 [Task monitor] DEBUG n.processor.TaskPollingMonitor - Task completed > TaskHandler[id: 29; name: revertFile (28); status: COMPLETED; exit: 0; error: -; workDir: /input/data/work/cd/00f3e6a69ae9fe2f55a532179e2e98]
Dec-07 22:01:30.381 [Task monitor] DEBUG n.processor.TaskPollingMonitor - Task completed > TaskHandler[id: 2; name: revertFile (1); status: COMPLETED; exit: 0; error: -; workDir: /input/data/work/40/070165b9698309b0a0b0b93679cb4e]
Dec-07 22:01:30.422 [Task monitor] DEBUG n.processor.TaskPollingMonitor - Task completed > TaskHandler[id: 31; name: revertFile (30); status: COMPLETED; exit: 0; error: -; workDir: /input/data/work/4b/9c2c670ffb31b807fe008ffe3462f1]
Dec-07 22:01:30.462 [Task monitor] DEBUG n.processor.TaskPollingMonitor - Task completed > TaskHandler[id: 5; name: revertFile (4); status: COMPLETED; exit: 0; error: -; workDir: /input/data/work/3c/3aca6d126d56e2cbf66aa244910680]
Dec-07 22:01:30.500 [Task monitor] DEBUG n.processor.TaskPollingMonitor - Task completed > TaskHandler[id: 15; name: revertFile (14); status: COMPLETED; exit: 0; error: -; workDir: /input/data/work/46/934a60aa9fb14274c0342858300ac7]
Dec-07 22:01:30.539 [Task monitor] DEBUG n.processor.TaskPollingMonitor - Task completed > TaskHandler[id: 28; name: revertFile (27); status: COMPLETED; exit: 0; error: -; workDir: /input/data/work/3d/2c5931194ad767543b2c1b38f945d0]
Dec-07 22:01:30.578 [Task monitor] DEBUG n.processor.TaskPollingMonitor - Task completed > TaskHandler[id: 19; name: revertFile (18); status: COMPLETED; exit: 0; error: -; workDir: /input/data/work/8f/6f4a73790948761d585f470b49e26b]
Dec-07 22:01:30.617 [Task monitor] DEBUG n.processor.TaskPollingMonitor - Task completed > TaskHandler[id: 33; name: revertFile (32); status: COMPLETED; exit: 0; error: -; workDir: /input/data/work/c4/d51c28f7dd7d660d8884490cdd045f]
Dec-07 22:01:30.664 [Task monitor] DEBUG n.processor.TaskPollingMonitor - Task completed > TaskHandler[id: 12; name: revertFile (11); status: COMPLETED; exit: 0; error: -; workDir: /input/data/work/34/51115cfcd4e364f162abbc4b3c3316]
Dec-07 22:01:30.700 [Task monitor] DEBUG n.processor.TaskPollingMonitor - Task completed > TaskHandler[id: 16; name: revertFile (15); status: COMPLETED; exit: 0; error: -; workDir: /input/data/work/d2/e8e4aad97851af9028b3c088217300]
Dec-07 22:01:30.737 [Task monitor] DEBUG n.processor.TaskPollingMonitor - Task completed > TaskHandler[id: 25; name: revertFile (24); status: COMPLETED; exit: 0; error: -; workDir: /input/data/work/47/f6bb8535b480cc393eb11f2488f147]
Dec-07 22:01:30.775 [Task monitor] DEBUG n.processor.TaskPollingMonitor - Task completed > TaskHandler[id: 14; name: revertFile (13); status: COMPLETED; exit: 0; error: -; workDir: /input/data/work/43/2cc91d55bce9706f9fd2f4f55d1a74]
Dec-07 22:01:30.815 [Task monitor] DEBUG n.processor.TaskPollingMonitor - Task completed > TaskHandler[id: 37; name: revertFile (36); status: COMPLETED; exit: 0; error: -; workDir: /input/data/work/af/250b9d580fe3a84dbdb11387e170ed]
Dec-07 22:01:30.853 [Task monitor] DEBUG n.processor.TaskPollingMonitor - Task completed > TaskHandler[id: 38; name: revertFile (37); status: COMPLETED; exit: 0; error: -; workDir: /input/data/work/fd/b8d8a9b658d95757c88cab528a17cb]
Dec-07 22:02:41.635 [Task monitor] DEBUG n.processor.TaskPollingMonitor - !! executor k8s > tasks to be completed: 64 -- submitted tasks are shown below
~> TaskHandler[id: 39; name: revertFile (38); status: RUNNING; exit: -; error: -; workDir: /input/data/work/f0/82ceeaf8d914fbe46a23c8d815febb]
~> TaskHandler[id: 36; name: revertFile (35); status: RUNNING; exit: -; error: -; workDir: /input/data/work/d3/d8ceb57ede43cdd4c685f730e4fd14]
~> TaskHandler[id: 40; name: revertFile (39); status: RUNNING; exit: -; error: -; workDir: /input/data/work/4f/81879c6e957465c337e72362e89b14]
~> TaskHandler[id: 35; name: revertFile (34); status: RUNNING; exit: -; error: -; workDir: /input/data/work/5f/726a26c57bd40775008e05233fde5b]
~> TaskHandler[id: 42; name: revertFile (41); status: RUNNING; exit: -; error: -; workDir: /input/data/work/05/179ee85517541a05d2f89a25a7f423]
~> TaskHandler[id: 41; name: revertFile (40); status: RUNNING; exit: -; error: -; workDir: /input/data/work/91/3ac6526234e82dccb7acf23c70acf5]
~> TaskHandler[id: 34; name: revertFile (33); status: RUNNING; exit: -; error: -; workDir: /input/data/work/56/802baf6faf1ee086b528b0455f6178]
~> TaskHandler[id: 74; name: revertFile (73); status: RUNNING; exit: -; error: -; workDir: /input/data/work/43/a96620906d2d445640b61beaee6162]
~> TaskHandler[id: 43; name: revertFile (42); status: RUNNING; exit: -; error: -; workDir: /input/data/work/9a/fbcc3309c5e140a9d3a2d240d7a6ee]
~> TaskHandler[id: 44; name: revertFile (43); status: RUNNING; exit: -; error: -; workDir: /input/data/work/19/143dc31c52074eecb50be7a8a31d51]
.. remaining tasks omitted.
Dec-07 22:02:46.672 [Task monitor] DEBUG n.processor.TaskPollingMonitor - Task completed > TaskHandler[id: 39; name: revertFile (38); status: COMPLETED; exit: 0; error: -; workDir: /input/data/work/f0/82ceeaf8d914fbe46a23c8d815febb]
Dec-07 22:02:46.713 [Task monitor] DEBUG n.processor.TaskPollingMonitor - Task completed > TaskHandler[id: 36; name: revertFile (35); status: COMPLETED; exit: 0; error: -; workDir: /input/data/work/d3/d8ceb57ede43cdd4c685f730e4fd14]
Dec-07 22:02:46.755 [Task monitor] DEBUG n.processor.TaskPollingMonitor - Task completed > TaskHandler[id: 40; name: revertFile (39); status: COMPLETED; exit: 0; error: -; workDir: /input/data/work/4f/81879c6e957465c337e72362e89b14]
Dec-07 22:02:46.796 [Task monitor] DEBUG n.processor.TaskPollingMonitor - Task completed > TaskHandler[id: 35; name: revertFile (34); status: COMPLETED; exit: 0; error: -; workDir: /input/data/work/5f/726a26c57bd40775008e05233fde5b]
Dec-07 22:02:46.833 [Task monitor] DEBUG n.processor.TaskPollingMonitor - Task completed > TaskHandler[id: 42; name: revertFile (41); status: COMPLETED; exit: 0; error: -; workDir: /input/data/work/05/179ee85517541a05d2f89a25a7f423]
Dec-07 22:02:46.874 [Task monitor] DEBUG n.processor.TaskPollingMonitor - Task completed > TaskHandler[id: 41; name: revertFile (40); status: COMPLETED; exit: 0; error: -; workDir: /input/data/work/91/3ac6526234e82dccb7acf23c70acf5]
Dec-07 22:02:46.914 [Task monitor] DEBUG n.processor.TaskPollingMonitor - Task completed > TaskHandler[id: 34; name: revertFile (33); status: COMPLETED; exit: 0; error: -; workDir: /input/data/work/56/802baf6faf1ee086b528b0455f6178]
Dec-07 22:02:46.954 [Task monitor] DEBUG n.processor.TaskPollingMonitor - Task completed > TaskHandler[id: 74; name: revertFile (73); status: COMPLETED; exit: 0; error: -; workDir: /input/data/work/43/a96620906d2d445640b61beaee6162]
Dec-07 22:02:46.994 [Task monitor] DEBUG n.processor.TaskPollingMonitor - Task completed > TaskHandler[id: 43; name: revertFile (42); status: COMPLETED; exit: 0; error: -; workDir: /input/data/work/9a/fbcc3309c5e140a9d3a2d240d7a6ee]
Dec-07 22:02:47.035 [Task monitor] DEBUG n.processor.TaskPollingMonitor - Task completed > TaskHandler[id: 44; name: revertFile (43); status: COMPLETED; exit: 0; error: -; workDir: /input/data/work/19/143dc31c52074eecb50be7a8a31d51]
Dec-07 22:02:47.079 [Task monitor] DEBUG n.processor.TaskPollingMonitor - Task completed > TaskHandler[id: 45; name: revertFile (44); status: COMPLETED; exit: 0; error: -; workDir: /input/data/work/dd/825dded479939f91367b6d3c2badcd]
Dec-07 22:02:47.117 [Task monitor] DEBUG n.processor.TaskPollingMonitor - Task completed > TaskHandler[id: 46; name: revertFile (45); status: COMPLETED; exit: 0; error: -; workDir: /input/data/work/3a/b14897a977efb882efd2fbd2090fa5]
Dec-07 22:02:47.158 [Task monitor] DEBUG n.processor.TaskPollingMonitor - Task completed > TaskHandler[id: 48; name: revertFile (47); status: COMPLETED; exit: 0; error: -; workDir: /input/data/work/3c/6309c04891f9b791d33a6d93d17663]
Dec-07 22:02:47.197 [Task monitor] DEBUG n.processor.TaskPollingMonitor - Task completed > TaskHandler[id: 47; name: revertFile (46); status: COMPLETED; exit: 0; error: -; workDir: /input/data/work/29/ec2bfe5da36abd2f78669bb8e40385]
Dec-07 22:02:47.236 [Task monitor] DEBUG n.processor.TaskPollingMonitor - Task completed > TaskHandler[id: 50; name: revertFile (49); status: COMPLETED; exit: 0; error: -; workDir: /input/data/work/6e/14aada997503abfb25dc70182454f1]
Dec-07 22:02:47.276 [Task monitor] DEBUG n.processor.TaskPollingMonitor - Task completed > TaskHandler[id: 53; name: revertFile (52); status: COMPLETED; exit: 0; error: -; workDir: /input/data/work/d5/d2b0d85d8d9111b25f46aa506df0ef]
Dec-07 22:02:47.312 [Task monitor] DEBUG n.processor.TaskPollingMonitor - Task completed > TaskHandler[id: 54; name: revertFile (53); status: COMPLETED; exit: 0; error: -; workDir: /input/data/work/9a/c30a863e592de23be1a9c80c5d3677]
Dec-07 22:02:47.345 [Task monitor] DEBUG n.processor.TaskPollingMonitor - Task completed > TaskHandler[id: 51; name: revertFile (50); status: COMPLETED; exit: 0; error: -; workDir: /input/data/work/de/961a84a4937ac1d0d1be03b8845e57]
Dec-07 22:04:01.677 [Task monitor] DEBUG n.processor.TaskPollingMonitor - Task completed > TaskHandler[id: 55; name: revertFile (54); status: COMPLETED; exit: 0; error: -; workDir: /input/data/work/6c/7468f9e8804aedf86c890079cd282a]
Dec-07 22:04:01.719 [Task monitor] DEBUG n.processor.TaskPollingMonitor - Task completed > TaskHandler[id: 57; name: revertFile (56); status: COMPLETED; exit: 0; error: -; workDir: /input/data/work/4b/5ceca3a41982f8ed20022ffd29c404]
Dec-07 22:04:01.762 [Task monitor] DEBUG n.processor.TaskPollingMonitor - Task completed > TaskHandler[id: 56; name: revertFile (55); status: COMPLETED; exit: 0; error: -; workDir: /input/data/work/f8/8f5f6f50012cfb02a40755051140a8]
Dec-07 22:04:01.804 [Task monitor] DEBUG n.processor.TaskPollingMonitor - Task completed > TaskHandler[id: 58; name: revertFile (57); status: COMPLETED; exit: 0; error: -; workDir: /input/data/work/ce/c8c2a53b223286d540dcd3d13523f4]
Dec-07 22:04:01.842 [Task monitor] DEBUG n.processor.TaskPollingMonitor - Task completed > TaskHandler[id: 60; name: revertFile (59); status: COMPLETED; exit: 0; error: -; workDir: /input/data/work/c9/707dd1f7bd19c2f7ca8d5f20aacb85]
Dec-07 22:04:01.880 [Task monitor] DEBUG n.processor.TaskPollingMonitor - Task completed > TaskHandler[id: 59; name: revertFile (58); status: COMPLETED; exit: 0; error: -; workDir: /input/data/work/14/3befeb2517e93dc78ade7289d15d8b]
Dec-07 22:04:01.923 [Task monitor] DEBUG n.processor.TaskPollingMonitor - Task completed > TaskHandler[id: 62; name: revertFile (61); status: COMPLETED; exit: 0; error: -; workDir: /input/data/work/b9/8636f4ee06acd33832e17cd0ca9e02]
Dec-07 22:04:01.962 [Task monitor] DEBUG n.processor.TaskPollingMonitor - Task completed > TaskHandler[id: 63; name: revertFile (62); status: COMPLETED; exit: 0; error: -; workDir: /input/data/work/15/3107a6b9cdfc008a9f87ea1209e8a8]
Dec-07 22:04:01.999 [Task monitor] DEBUG n.processor.TaskPollingMonitor - Task completed > TaskHandler[id: 61; name: revertFile (60); status: COMPLETED; exit: 0; error: -; workDir: /input/data/work/0e/c5717561dba5d105945c1b0b0ab430]
Dec-07 22:04:02.041 [Task monitor] DEBUG n.processor.TaskPollingMonitor - Task completed > TaskHandler[id: 64; name: revertFile (63); status: COMPLETED; exit: 0; error: -; workDir: /input/data/work/ae/3d35e1f9d00d2dc09e77e925e4729d]
Dec-07 22:04:02.084 [Task monitor] DEBUG n.processor.TaskPollingMonitor - Task completed > TaskHandler[id: 66; name: revertFile (65); status: COMPLETED; exit: 0; error: -; workDir: /input/data/work/8a/41dbbb5848958b5d7a31f98438a00e]
Dec-07 22:04:02.127 [Task monitor] DEBUG n.processor.TaskPollingMonitor - Task completed > TaskHandler[id: 67; name: revertFile (66); status: COMPLETED; exit: 0; error: -; workDir: /input/data/work/b9/16bfa732ac8c733868edb529d8891d]
Dec-07 22:04:02.168 [Task monitor] DEBUG n.processor.TaskPollingMonitor - Task completed > TaskHandler[id: 65; name: revertFile (64); status: COMPLETED; exit: 0; error: -; workDir: /input/data/work/78/cb0ef75799a00fcd43fb4e0566d2b7]
Dec-07 22:04:02.209 [Task monitor] DEBUG n.processor.TaskPollingMonitor - Task completed > TaskHandler[id: 69; name: revertFile (68); status: COMPLETED; exit: 0; error: -; workDir: /input/data/work/f0/2ad9d21ff897da7f9569317fbf64c6]
Dec-07 22:04:02.255 [Task monitor] DEBUG n.processor.TaskPollingMonitor - Task completed > TaskHandler[id: 68; name: revertFile (67); status: COMPLETED; exit: 0; error: -; workDir: /input/data/work/8b/d04c5a2eea71454d05c76ca2de4995]
Dec-07 22:04:02.295 [Task monitor] DEBUG n.processor.TaskPollingMonitor - Task completed > TaskHandler[id: 70; name: revertFile (69); status: COMPLETED; exit: 0; error: -; workDir: /input/data/work/af/daf93085ac620f5f61b19ec8dfed2d]
Dec-07 22:04:02.337 [Task monitor] DEBUG n.processor.TaskPollingMonitor - Task completed > TaskHandler[id: 71; name: revertFile (70); status: COMPLETED; exit: 0; error: -; workDir: /input/data/work/d7/57f8adf7fd54a86a19a90743b51df3]
Dec-07 22:04:02.376 [Task monitor] DEBUG n.processor.TaskPollingMonitor - Task completed > TaskHandler[id: 72; name: revertFile (71); status: COMPLETED; exit: 0; error: -; workDir: /input/data/work/d2/69270bb480319167a873c8003902ff]
Dec-07 22:05:11.683 [Task monitor] DEBUG n.processor.TaskPollingMonitor - Task completed > TaskHandler[id: 73; name: revertFile (72); status: COMPLETED; exit: 0; error: -; workDir: /input/data/work/a6/93b47a86995415828f96250773d12c]
Dec-07 22:05:11.724 [Task monitor] DEBUG n.processor.TaskPollingMonitor - Task completed > TaskHandler[id: 75; name: revertFile (74); status: COMPLETED; exit: 0; error: -; workDir: /input/data/work/6b/b47465bc262ad9dbf6a7e65f0d3595]
Dec-07 22:05:11.766 [Task monitor] DEBUG n.processor.TaskPollingMonitor - Task completed > TaskHandler[id: 77; name: revertFile (76); status: COMPLETED; exit: 0; error: -; workDir: /input/data/work/d0/ac7b3348949a04768b70771033c115]
Dec-07 22:05:16.677 [Task monitor] DEBUG n.processor.TaskPollingMonitor - Task completed > TaskHandler[id: 76; name: revertFile (75); status: COMPLETED; exit: 0; error: -; workDir: /input/data/work/0d/89fefd490768c50d2b3293289e6bb9]
Dec-07 22:05:16.720 [Task monitor] DEBUG n.processor.TaskPollingMonitor - Task completed > TaskHandler[id: 78; name: revertFile (77); status: COMPLETED; exit: 0; error: -; workDir: /input/data/work/ed/ec4eba2df119c08cd156c2ee2f7dce]
Dec-07 22:05:16.761 [Task monitor] DEBUG n.processor.TaskPollingMonitor - Task completed > TaskHandler[id: 80; name: revertFile (79); status: COMPLETED; exit: 0; error: -; workDir: /input/data/work/cf/06b53043d6322024e56df92f871cc7]
Dec-07 22:05:16.802 [Task monitor] DEBUG n.processor.TaskPollingMonitor - Task completed > TaskHandler[id: 79; name: revertFile (78); status: COMPLETED; exit: 0; error: -; workDir: /input/data/work/18/11a1e2e066e5dd893a0772f20281c5]
Dec-07 22:05:16.842 [Task monitor] DEBUG n.processor.TaskPollingMonitor - Task completed > TaskHandler[id: 81; name: revertFile (80); status: COMPLETED; exit: 0; error: -; workDir: /input/data/work/61/e500cb51f531fccae76b8572546f58]
Dec-07 22:05:16.881 [Task monitor] DEBUG n.processor.TaskPollingMonitor - Task completed > TaskHandler[id: 83; name: revertFile (82); status: COMPLETED; exit: 0; error: -; workDir: /input/data/work/09/3d787dd62de991109e2e2badfe6867]
Dec-07 22:05:16.920 [Task monitor] DEBUG n.processor.TaskPollingMonitor - Task completed > TaskHandler[id: 82; name: revertFile (81); status: COMPLETED; exit: 0; error: -; workDir: /input/data/work/7a/46284e293af934c847e23386224d58]
Dec-07 22:05:16.958 [Task monitor] DEBUG n.processor.TaskPollingMonitor - Task completed > TaskHandler[id: 86; name: revertFile (85); status: COMPLETED; exit: 0; error: -; workDir: /input/data/work/dc/5a6235d67940564d14058c85edf3c2]
Dec-07 22:05:16.996 [Task monitor] DEBUG n.processor.TaskPollingMonitor - Task completed > TaskHandler[id: 84; name: revertFile (83); status: COMPLETED; exit: 0; error: -; workDir: /input/data/work/68/649d8cb181a0e6ce1522683e3e34b9]
Dec-07 22:05:17.055 [Task monitor] DEBUG n.processor.TaskPollingMonitor - Task completed > TaskHandler[id: 85; name: revertFile (84); status: COMPLETED; exit: 0; error: -; workDir: /input/data/work/20/7da2c0040b3c8ae14543be847dfe7d]
Dec-07 22:05:17.115 [Task monitor] DEBUG n.processor.TaskPollingMonitor - Task completed > TaskHandler[id: 87; name: revertFile (86); status: COMPLETED; exit: 0; error: -; workDir: /input/data/work/52/b125febd40fed62e0fa29b8b5a1c14]
Dec-07 22:05:17.151 [Task monitor] DEBUG n.processor.TaskPollingMonitor - Task completed > TaskHandler[id: 89; name: revertFile (88); status: COMPLETED; exit: 0; error: -; workDir: /input/data/work/33/7d4cd3ac32626b22da7febe2897601]
Dec-07 22:05:21.678 [Task monitor] DEBUG n.processor.TaskPollingMonitor - Task completed > TaskHandler[id: 88; name: revertFile (87); status: COMPLETED; exit: 0; error: -; workDir: /input/data/work/59/4123e09dabb4d06f60c754e7dc0e73]
Dec-07 22:05:21.716 [Task monitor] DEBUG n.processor.TaskPollingMonitor - Task completed > TaskHandler[id: 91; name: revertFile (90); status: COMPLETED; exit: 0; error: -; workDir: /input/data/work/75/18215f9c417338254d929fa3a3c997]
Dec-07 22:05:21.749 [Task monitor] DEBUG n.processor.TaskPollingMonitor - Task completed > TaskHandler[id: 90; name: revertFile (89); status: COMPLETED; exit: 0; error: -; workDir: /input/data/work/c6/4bdfb4be71cfe385b33e114958d3db]
Dec-07 22:05:47.060 [Task monitor] DEBUG n.processor.TaskPollingMonitor - Task completed > TaskHandler[id: 101; name: revertFile (100); status: COMPLETED; exit: 0; error: -; workDir: /input/data/work/0d/5940cdeb734611406017331dd864db]
Dec-07 22:06:01.685 [Task monitor] DEBUG n.processor.TaskPollingMonitor - Task completed > TaskHandler[id: 92; name: revertFile (91); status: COMPLETED; exit: 0; error: -; workDir: /input/data/work/d7/b5702b20b85cb90bd0add4817e6f13]
Dec-07 22:06:01.721 [Task monitor] DEBUG n.processor.TaskPollingMonitor - Task completed > TaskHandler[id: 94; name: revertFile (93); status: COMPLETED; exit: 0; error: -; workDir: /input/data/work/29/dc7de0b70c81b18f041b28fa078e31]
Dec-07 22:06:01.773 [Task monitor] DEBUG n.processor.TaskPollingMonitor - Task completed > TaskHandler[id: 93; name: revertFile (92); status: COMPLETED; exit: 0; error: -; workDir: /input/data/work/aa/4efb0805645e41f4b406d6bbc35317]
Dec-07 22:06:01.839 [Task monitor] DEBUG n.processor.TaskPollingMonitor - Task completed > TaskHandler[id: 96; name: revertFile (95); status: COMPLETED; exit: 0; error: -; workDir: /input/data/work/d0/a37a514c24ffacb845b6d89476e3bb]
Dec-07 22:06:01.922 [Task monitor] DEBUG n.processor.TaskPollingMonitor - Task completed > TaskHandler[id: 97; name: revertFile (96); status: COMPLETED; exit: 0; error: -; workDir: /input/data/work/bd/25d7de378b65bd6b7093caa1bb083b]
Dec-07 22:06:01.983 [Task monitor] DEBUG n.processor.TaskPollingMonitor - Task completed > TaskHandler[id: 100; name: revertFile (99); status: COMPLETED; exit: 0; error: -; workDir: /input/data/work/60/d28bbc266cea64ea476be092bec485]
Dec-07 22:06:06.682 [Task monitor] DEBUG n.processor.TaskPollingMonitor - Task completed > TaskHandler[id: 95; name: revertFile (94); status: COMPLETED; exit: 0; error: -; workDir: /input/data/work/7b/3280f68e6d6fc51ecab4bc0cedac9d]
Dec-07 22:06:06.725 [Task monitor] DEBUG n.processor.TaskPollingMonitor - Task completed > TaskHandler[id: 98; name: revertFile (97); status: COMPLETED; exit: 0; error: -; workDir: /input/data/work/dd/a1b4d8c539e62334b2ed48da9ab7e9]
Dec-07 22:06:06.765 [Task monitor] DEBUG n.processor.TaskPollingMonitor - Task completed > TaskHandler[id: 99; name: revertFile (98); status: COMPLETED; exit: 0; error: -; workDir: /input/data/work/79/f50d2095d7cf0a1ce923ff333b31b9]
Dec-07 22:06:06.772 [main] DEBUG nextflow.Session - Session await > all processes finished
Dec-07 22:06:11.643 [main] DEBUG nextflow.Session - Session await > all barriers passed
Dec-07 22:06:11.659 [main] DEBUG n.trace.WorkflowStatsObserver - Workflow completed > WorkflowStats[succeededCount=101; failedCount=0; ignoredCount=0; cachedCount=0; pendingCount=0; submittedCount=0; runningCount=0; retriesCount=0; abortedCount=0; succeedDuration=3h 45m 57s; failedDuration=0ms; cachedDuration=0ms;loadCpus=0; loadMemory=0; peakRunning=18; peakCpus=180; peakMemory=180 GB; ]
Dec-07 22:06:11.659 [main] DEBUG nextflow.trace.TraceFileObserver - Workflow completed -- saving trace file
Dec-07 22:06:11.661 [main] DEBUG nextflow.trace.ReportObserver - Workflow completed -- rendering execution report
Dec-07 22:06:12.299 [main] DEBUG nextflow.trace.TimelineObserver - Workflow completed -- rendering execution timeline
Dec-07 22:06:12.441 [main] DEBUG nextflow.cache.CacheDB - Closing CacheDB done
Dec-07 22:06:12.468 [main] DEBUG nextflow.util.ThreadPoolManager - Thread pool 'FileTransfer' shutdown completed (hard=false)
Dec-07 22:06:12.468 [main] DEBUG nextflow.script.ScriptRunner - > Execution complete -- Goodbye
