[INFO] Scanning for projects...
[INFO] 
[INFO] -------------< commonworkflowscheduler:cws-k8s-scheduler >--------------
[INFO] Building cws-k8s-scheduler 1.2-SNAPSHOT
[INFO] --------------------------------[ jar ]---------------------------------
[INFO] 
[INFO] >>> spring-boot-maven-plugin:2.4.2:run (default-cli) > test-compile @ cws-k8s-scheduler >>>
[INFO] 
[INFO] --- spring-boot-maven-plugin:2.4.2:build-info (build-info) @ cws-k8s-scheduler ---
[INFO] 
[INFO] --- maven-resources-plugin:3.2.0:resources (default-resources) @ cws-k8s-scheduler ---
[INFO] Using 'UTF-8' encoding to copy filtered resources.
[INFO] Using 'UTF-8' encoding to copy filtered properties files.
[INFO] Copying 1 resource
[INFO] Copying 2 resources
[INFO] 
[INFO] --- maven-compiler-plugin:3.8.1:compile (default-compile) @ cws-k8s-scheduler ---
[INFO] Nothing to compile - all classes are up to date
[INFO] 
[INFO] --- maven-resources-plugin:3.2.0:testResources (default-testResources) @ cws-k8s-scheduler ---
[INFO] Using 'UTF-8' encoding to copy filtered resources.
[INFO] Using 'UTF-8' encoding to copy filtered properties files.
[INFO] skip non existing resourceDirectory /build/src/test/resources
[INFO] 
[INFO] --- maven-compiler-plugin:3.8.1:testCompile (default-testCompile) @ cws-k8s-scheduler ---
[INFO] Nothing to compile - all classes are up to date
[INFO] 
[INFO] <<< spring-boot-maven-plugin:2.4.2:run (default-cli) < test-compile @ cws-k8s-scheduler <<<
[INFO] 
[INFO] 
[INFO] --- spring-boot-maven-plugin:2.4.2:run (default-cli) @ cws-k8s-scheduler ---
[INFO] Attaching agents: []

  .   ____          _            __ _ _
 /\\ / ___'_ __ _ _(_)_ __  __ _ \ \ \ \
( ( )\___ | '_ | '_| | '_ \/ _` | \ \ \ \
 \\/  ___)| |_)| | | | | || (_| |  ) ) ) )
  '  |____| .__|_| |_|_| |_\__, | / / / /
 =========|_|==============|___/=/_/_/_/
 :: Spring Boot ::                (v2.4.2)

2024-01-12 08:27:27.492  INFO 78 --- [           main] cws.k8s.scheduler.Main                   : Starting Main using Java 18.0.2.1 on workflow-scheduler with PID 78 (/build/target/classes started by root in /build)
2024-01-12 08:27:27.494  INFO 78 --- [           main] cws.k8s.scheduler.Main                   : No active profile set, falling back to default profiles: default
2024-01-12 08:27:28.147  INFO 78 --- [           main] o.s.b.w.embedded.tomcat.TomcatWebServer  : Tomcat initialized with port(s): 8080 (http)
2024-01-12 08:27:28.153  INFO 78 --- [           main] o.apache.catalina.core.StandardService   : Starting service [Tomcat]
2024-01-12 08:27:28.153  INFO 78 --- [           main] org.apache.catalina.core.StandardEngine  : Starting Servlet engine: [Apache Tomcat/9.0.41]
2024-01-12 08:27:28.224  INFO 78 --- [           main] o.a.c.c.C.[Tomcat].[localhost].[/]       : Initializing Spring embedded WebApplicationContext
2024-01-12 08:27:28.224  INFO 78 --- [           main] w.s.c.ServletWebServerApplicationContext : Root WebApplicationContext: initialization completed in 689 ms
2024-01-12 08:27:28.262  INFO 78 --- [           main] cws.k8s.scheduler.Main                   : 


================================================================================================
=                                                                                              =
=  Common Workflow Scheduler for Kubernetes 1.2-SNAPSHOT (12/01/24-08:27:26)                   =
=                                                                                              =
=  If you use the Common Workflow Scheduler for research purposes, please cite the following:  =
=  Lehmann Fabian, Jonathan Bader, Friedrich Tschirpke, Lauritz Thamsen, and Ulf Leser.        =
=  "How Workflow Engines Should Talk to Resource Managers: A Proposal for a Common Workflow    =
=  Scheduling Interface." In 2023 IEEE/ACM 23rd International Symposium on Cluster, Cloud and  =
=  Internet Computing (CCGrid). Bangalore, India, 2023.                                        =
=                                                                                              =
================================================================================================


2024-01-12 08:27:28.798  INFO 78 --- [           main] cws.k8s.scheduler.model.NodeWithAlloc    : Node cpu01 has RAM: 134474874880 and CPU: 32
2024-01-12 08:27:28.799  INFO 78 --- [           main] cws.k8s.scheduler.model.NodeWithAlloc    : Node cpu02 has RAM: 134310027264 and CPU: 32
2024-01-12 08:27:28.799  INFO 78 --- [           main] cws.k8s.scheduler.model.NodeWithAlloc    : Node cpu03 has RAM: 134308302848 and CPU: 32
2024-01-12 08:27:28.799  INFO 78 --- [           main] cws.k8s.scheduler.model.NodeWithAlloc    : Node cpu06 has RAM: 134309765120 and CPU: 32
2024-01-12 08:27:28.799  INFO 78 --- [           main] cws.k8s.scheduler.model.NodeWithAlloc    : Node cpu07 has RAM: 134308347904 and CPU: 32
2024-01-12 08:27:28.799  INFO 78 --- [           main] cws.k8s.scheduler.model.NodeWithAlloc    : Node cpu08 has RAM: 134309740544 and CPU: 32
2024-01-12 08:27:28.800  INFO 78 --- [           main] cws.k8s.scheduler.model.NodeWithAlloc    : Node cpu09 has RAM: 134309777408 and CPU: 32
2024-01-12 08:27:28.800  INFO 78 --- [           main] cws.k8s.scheduler.model.NodeWithAlloc    : Node cpu10 has RAM: 134310031360 and CPU: 32
2024-01-12 08:27:29.140  INFO 78 --- [pool-1-thread-2] c.k8s.scheduler.client.KubernetesClient  : New Node cpu01 was added
2024-01-12 08:27:29.141  INFO 78 --- [pool-1-thread-3] c.k8s.scheduler.client.KubernetesClient  : New Node cpu02 was added
2024-01-12 08:27:29.141  INFO 78 --- [pool-1-thread-2] c.k8s.scheduler.client.KubernetesClient  : New Node cpu03 was added
2024-01-12 08:27:29.142  INFO 78 --- [pool-1-thread-3] c.k8s.scheduler.client.KubernetesClient  : New Node cpu06 was added
2024-01-12 08:27:29.142  INFO 78 --- [pool-1-thread-2] c.k8s.scheduler.client.KubernetesClient  : New Node cpu07 was added
2024-01-12 08:27:29.142  INFO 78 --- [pool-1-thread-3] c.k8s.scheduler.client.KubernetesClient  : New Node cpu08 was added
2024-01-12 08:27:29.142  INFO 78 --- [pool-1-thread-2] c.k8s.scheduler.client.KubernetesClient  : New Node cpu09 was added
2024-01-12 08:27:29.143  INFO 78 --- [pool-1-thread-3] c.k8s.scheduler.client.KubernetesClient  : New Node cpu10 was added
2024-01-12 08:27:29.310  INFO 78 --- [           main] o.s.s.concurrent.ThreadPoolTaskExecutor  : Initializing ExecutorService 'applicationTaskExecutor'
2024-01-12 08:27:29.453  INFO 78 --- [           main] o.s.s.c.ThreadPoolTaskScheduler          : Initializing ExecutorService 'taskScheduler'
2024-01-12 08:27:29.471  INFO 78 --- [           main] o.s.b.w.embedded.tomcat.TomcatWebServer  : Tomcat started on port(s): 8080 (http) with context path ''
2024-01-12 08:27:29.480  INFO 78 --- [           main] cws.k8s.scheduler.Main                   : Started Main in 2.223 seconds (JVM running for 2.442)
2024-01-12 08:27:45.659  INFO 78 --- [pool-1-thread-1] c.k8s.scheduler.client.KubernetesClient  : Pod has released its resources: workflow-prepare-mkkls
2024-01-12 08:27:45.686  INFO 78 --- [pool-1-thread-2] c.k8s.scheduler.client.KubernetesClient  : Pod has released its resources: workflow-prepare-x5x7n
2024-01-12 08:27:45.759  INFO 78 --- [pool-1-thread-2] c.k8s.scheduler.client.KubernetesClient  : Pod has released its resources: workflow-prepare-4vdfr
2024-01-12 08:27:46.033  INFO 78 --- [pool-1-thread-2] c.k8s.scheduler.client.KubernetesClient  : Pod has released its resources: workflow-prepare-jnk5x
2024-01-12 08:27:46.067  INFO 78 --- [pool-1-thread-1] c.k8s.scheduler.client.KubernetesClient  : Pod has released its resources: workflow-prepare-l5ftw
2024-01-12 08:27:46.085  INFO 78 --- [pool-1-thread-2] c.k8s.scheduler.client.KubernetesClient  : Pod has released its resources: workflow-prepare-wmmlb
2024-01-12 08:27:46.317  INFO 78 --- [pool-1-thread-1] c.k8s.scheduler.client.KubernetesClient  : Pod has released its resources: workflow-prepare-d6krg
2024-01-12 08:27:46.393  INFO 78 --- [pool-1-thread-1] c.k8s.scheduler.client.KubernetesClient  : Pod has released its resources: workflow-prepare-5fhjr
