Nov-03 16:01:01.155 [main] DEBUG nextflow.cli.Launcher - $> nextflow run /input/allIntoOne -c /experiments/experiment/allIntoOne/nextflow.config -c /experiments/experiment/nextflow_la.config -c /experiments/experiment/nextflow_ceph.config
Nov-03 16:01:01.213 [main] INFO  nextflow.cli.CmdRun - N E X T F L O W  ~  version 23.07.0-edge
Nov-03 16:01:01.232 [main] DEBUG nextflow.plugin.PluginsFacade - Setting up plugin manager > mode=prod; embedded=false; plugins-dir=/.nextflow/plugins; core-plugins: nf-amazon@2.1.0,nf-azure@1.1.4,nf-cloudcache@0.1.0,nf-codecommit@0.1.5,nf-console@1.0.6,nf-ga4gh@1.1.0,nf-google@1.8.1,nf-tower@1.5.15,nf-wave@0.11.0
Nov-03 16:01:01.241 [main] INFO  o.pf4j.DefaultPluginStatusProvider - Enabled plugins: []
Nov-03 16:01:01.242 [main] INFO  o.pf4j.DefaultPluginStatusProvider - Disabled plugins: []
Nov-03 16:01:01.244 [main] INFO  org.pf4j.DefaultPluginManager - PF4J version 3.4.1 in 'deployment' mode
Nov-03 16:01:01.251 [main] INFO  org.pf4j.AbstractPluginManager - No plugins
Nov-03 16:01:01.269 [main] DEBUG nextflow.scm.AssetManager - Project manifest does not exist: /input/allIntoOne/nextflow.config (No such file or directory)
Nov-03 16:01:01.294 [main] DEBUG nextflow.config.ConfigBuilder - User config file: /experiments/experiment/allIntoOne/nextflow.config
Nov-03 16:01:01.296 [main] DEBUG nextflow.config.ConfigBuilder - User config file: /experiments/experiment/nextflow_la.config
Nov-03 16:01:01.296 [main] DEBUG nextflow.config.ConfigBuilder - User config file: /experiments/experiment/nextflow_ceph.config
Nov-03 16:01:01.297 [main] DEBUG nextflow.config.ConfigBuilder - Parsing config file: /experiments/experiment/allIntoOne/nextflow.config
Nov-03 16:01:01.297 [main] DEBUG nextflow.config.ConfigBuilder - Parsing config file: /experiments/experiment/nextflow_la.config
Nov-03 16:01:01.297 [main] DEBUG nextflow.config.ConfigBuilder - Parsing config file: /experiments/experiment/nextflow_ceph.config
Nov-03 16:01:01.310 [main] DEBUG nextflow.config.ConfigBuilder - Applying config profile: `standard`
Nov-03 16:01:01.808 [main] DEBUG nextflow.config.ConfigBuilder - Applying config profile: `standard`
Nov-03 16:01:01.958 [main] DEBUG nextflow.config.ConfigBuilder - Applying config profile: `standard`
Nov-03 16:01:01.984 [main] DEBUG nextflow.cli.CmdRun - Applied DSL=2 by global default
Nov-03 16:01:01.996 [main] INFO  nextflow.cli.CmdRun - Launching `/input/allIntoOne/main.nf` [ridiculous_bernard] DSL2 - revision: f2e677d52d
Nov-03 16:01:01.998 [main] DEBUG nextflow.plugin.PluginsFacade - Plugins default=[]
Nov-03 16:01:01.998 [main] DEBUG nextflow.plugin.PluginsFacade - Plugins resolved requirement=[]
Nov-03 16:01:02.010 [main] DEBUG n.secret.LocalSecretsProvider - Secrets store: /.nextflow/secrets/store.json
Nov-03 16:01:02.013 [main] DEBUG nextflow.secret.SecretsLoader - Discovered secrets providers: [nextflow.secret.LocalSecretsProvider@1d12e953] - activable => nextflow.secret.LocalSecretsProvider@1d12e953
Nov-03 16:01:02.064 [main] DEBUG nextflow.Session - Session UUID: e6616957-d44d-40d3-aabf-9c3b433c6d14
Nov-03 16:01:02.064 [main] DEBUG nextflow.Session - Run name: ridiculous_bernard
Nov-03 16:01:02.065 [main] DEBUG nextflow.Session - Executor pool size: 32
Nov-03 16:01:02.070 [main] DEBUG nextflow.file.FilePorter - File porter settings maxRetries=3; maxTransfers=50; pollTimeout=null
Nov-03 16:01:02.073 [main] DEBUG nextflow.util.ThreadPoolBuilder - Creating thread pool 'FileTransfer' minSize=10; maxSize=96; workQueue=LinkedBlockingQueue[10000]; allowCoreThreadTimeout=false
Nov-03 16:01:02.101 [main] DEBUG nextflow.cli.CmdRun - 
  Version: 23.07.0-edge build 5875
  Created: 28-07-2023 20:27 UTC (20:27 GMT)
  System: Linux 5.4.0-166-generic
  Runtime: Groovy 3.0.18 on OpenJDK 64-Bit Server VM 17.0.6+10-LTS
  Encoding: UTF-8 (UTF-8)
  Process: 11395@nextflow [10.233.76.19]
  CPUs: 32 - Mem: 125.7 GB (120.3 GB) - Swap: 0 (0)
Nov-03 16:01:02.130 [main] DEBUG nextflow.Session - Work-dir: /input/data/work [ceph]
Nov-03 16:01:02.130 [main] DEBUG nextflow.Session - Script base path does not exist or is not a directory: /input/allIntoOne/bin
Nov-03 16:01:02.141 [main] DEBUG nextflow.executor.ExecutorFactory - Extension executors providers=[]
Nov-03 16:01:02.148 [main] DEBUG nextflow.Session - Observer factory: DefaultObserverFactory
Nov-03 16:01:02.175 [main] DEBUG nextflow.cache.CacheFactory - Using Nextflow cache factory: nextflow.cache.DefaultCacheFactory
Nov-03 16:01:02.183 [main] DEBUG nextflow.util.CustomThreadPool - Creating default thread pool > poolSize: 33; maxThreads: 1000
Nov-03 16:01:02.268 [main] DEBUG nextflow.Session - Session start
Nov-03 16:01:02.273 [main] DEBUG nextflow.trace.TraceFileObserver - Workflow started -- trace file: /input/data/output/trace.csv
Nov-03 16:01:02.421 [main] DEBUG nextflow.script.ScriptRunner - > Launching execution
Nov-03 16:01:02.644 [main] DEBUG nextflow.script.ProcessConfig - Config settings `withName:writeLargeFile` matches process writeLargeFile
Nov-03 16:01:02.654 [main] DEBUG nextflow.executor.ExecutorFactory - << taskConfig executor: k8s
Nov-03 16:01:02.654 [main] DEBUG nextflow.executor.ExecutorFactory - >> processorType: 'k8s'
Nov-03 16:01:02.666 [main] DEBUG nextflow.executor.Executor - [warm up] executor > k8s
Nov-03 16:01:02.682 [main] DEBUG n.processor.TaskPollingMonitor - Creating task monitor for executor 'k8s' > capacity: 300; pollInterval: 5s; dumpInterval: 5m; schedulerBatch: null
Nov-03 16:01:02.686 [main] DEBUG nextflow.k8s.client.ConfigDiscovery - K8s config file does not exist: /root/.kube/config
Nov-03 16:01:02.701 [main] DEBUG nextflow.k8s.K8sExecutor - [K8s] config=[localPath:/localdata, localStorageMountPath:/localdata, scheduler:[strategy:LAv2, name:workflow-scheduler, autoClose:false, nodeSelector:usedby=anonymized, container:anonymized/test1:sch_v194], storage:[type:copy, workdir:/localdata/localwork/, nodeSelector:usedby=anonymized, imageName:anonymized/test1:ftp_v122], debug:[yaml:true], namespace:anonymized, serviceAccount:nextflow, workDir:/input/data/work/, projectDir:/input/data/project/, imagePullPolicy:IfNotPresent, launchDir:/input/data/launch/, runAsUser:0, fetchNodeName:true, storageMountPath:/input, pod:[nodeSelector:usedby=anonymized], storageClaimName:ceph-data]; API client config=ClientConfig[ server=10.233.0.1:443, namespace=anonymized, serviceAccount=nextflow, token=eyJhbGciOiJ.., sslCert=LS0tLS1CRUd.., clientCert=-, clientKey=-, verifySsl=false, fromFile=true, httpReadTimeout=null, httpConnectTimeout=null, maxErrorRetry=4 ]
Nov-03 16:01:03.137 [main] DEBUG nextflow.k8s.K8sExecutor - Created K8s configMap with name: nf-get-stat-41cac373
Nov-03 16:01:06.924 [main] DEBUG nextflow.script.ProcessConfig - Config settings `withName:combineFiles` matches process combineFiles
Nov-03 16:01:06.927 [main] DEBUG nextflow.executor.ExecutorFactory - << taskConfig executor: k8s
Nov-03 16:01:06.928 [main] DEBUG nextflow.executor.ExecutorFactory - >> processorType: 'k8s'
Nov-03 16:01:06.943 [main] DEBUG nextflow.Session - Workflow process names [dsl2]: revertFile, combineFiles, writeLargeFile
Nov-03 16:01:06.945 [main] DEBUG nextflow.Session - Igniting dataflow network (3)
Nov-03 16:01:06.948 [main] DEBUG nextflow.processor.TaskProcessor - Starting process > writeLargeFile
Nov-03 16:01:06.949 [main] DEBUG nextflow.processor.TaskProcessor - Starting process > combineFiles
Nov-03 16:01:06.949 [main] DEBUG nextflow.script.ScriptRunner - > Awaiting termination 
Nov-03 16:01:06.949 [main] DEBUG nextflow.Session - Session await
Nov-03 16:01:07.231 [Task submitter] INFO  nextflow.Session - [61/b4cfa1] Submitted process > writeLargeFile (29)
Nov-03 16:01:07.273 [Task submitter] INFO  nextflow.Session - [64/e87fab] Submitted process > writeLargeFile (7)
Nov-03 16:01:07.311 [Task submitter] INFO  nextflow.Session - [d4/cf4680] Submitted process > writeLargeFile (6)
Nov-03 16:01:07.351 [Task submitter] INFO  nextflow.Session - [de/42463f] Submitted process > writeLargeFile (3)
Nov-03 16:01:07.388 [Task submitter] INFO  nextflow.Session - [27/0a3f48] Submitted process > writeLargeFile (32)
Nov-03 16:01:07.421 [Task submitter] INFO  nextflow.Session - [d1/332cdb] Submitted process > writeLargeFile (19)
Nov-03 16:01:07.455 [Task submitter] INFO  nextflow.Session - [e4/b3b4ef] Submitted process > writeLargeFile (2)
Nov-03 16:01:07.485 [Task submitter] INFO  nextflow.Session - [ba/5ed4b9] Submitted process > writeLargeFile (10)
Nov-03 16:01:07.518 [Task submitter] INFO  nextflow.Session - [77/8e6530] Submitted process > writeLargeFile (24)
Nov-03 16:01:07.550 [Task submitter] INFO  nextflow.Session - [fd/ddb372] Submitted process > writeLargeFile (30)
Nov-03 16:01:07.584 [Task submitter] INFO  nextflow.Session - [2d/1656d4] Submitted process > writeLargeFile (22)
Nov-03 16:01:07.616 [Task submitter] INFO  nextflow.Session - [6e/57832b] Submitted process > writeLargeFile (14)
Nov-03 16:01:07.650 [Task submitter] INFO  nextflow.Session - [f3/50324a] Submitted process > writeLargeFile (16)
Nov-03 16:01:07.684 [Task submitter] INFO  nextflow.Session - [89/2cca25] Submitted process > writeLargeFile (5)
Nov-03 16:01:07.717 [Task submitter] INFO  nextflow.Session - [3a/f92faf] Submitted process > writeLargeFile (25)
Nov-03 16:01:07.751 [Task submitter] INFO  nextflow.Session - [db/a293bb] Submitted process > writeLargeFile (23)
Nov-03 16:01:07.783 [Task submitter] INFO  nextflow.Session - [34/9409a1] Submitted process > writeLargeFile (13)
Nov-03 16:01:07.815 [Task submitter] INFO  nextflow.Session - [52/541e12] Submitted process > writeLargeFile (15)
Nov-03 16:01:07.846 [Task submitter] INFO  nextflow.Session - [e6/c0783a] Submitted process > writeLargeFile (21)
Nov-03 16:01:07.879 [Task submitter] INFO  nextflow.Session - [b4/feb612] Submitted process > writeLargeFile (20)
Nov-03 16:01:07.906 [Task submitter] INFO  nextflow.Session - [bf/ac2575] Submitted process > writeLargeFile (17)
Nov-03 16:01:07.936 [Task submitter] INFO  nextflow.Session - [66/2a0fbc] Submitted process > writeLargeFile (8)
Nov-03 16:01:07.967 [Task submitter] INFO  nextflow.Session - [a4/fa0f26] Submitted process > writeLargeFile (11)
Nov-03 16:01:07.998 [Task submitter] INFO  nextflow.Session - [92/d7462d] Submitted process > writeLargeFile (9)
Nov-03 16:01:08.030 [Task submitter] INFO  nextflow.Session - [25/77c3c7] Submitted process > writeLargeFile (18)
Nov-03 16:01:08.060 [Task submitter] INFO  nextflow.Session - [7c/227fb6] Submitted process > writeLargeFile (26)
Nov-03 16:01:08.089 [Task submitter] INFO  nextflow.Session - [1d/3d1859] Submitted process > writeLargeFile (12)
Nov-03 16:01:08.120 [Task submitter] INFO  nextflow.Session - [b1/884d48] Submitted process > writeLargeFile (27)
Nov-03 16:01:08.152 [Task submitter] INFO  nextflow.Session - [52/5a1fc0] Submitted process > writeLargeFile (28)
Nov-03 16:01:08.186 [Task submitter] INFO  nextflow.Session - [03/f1dfdf] Submitted process > writeLargeFile (31)
Nov-03 16:01:08.214 [Task submitter] INFO  nextflow.Session - [19/d0e83b] Submitted process > writeLargeFile (4)
Nov-03 16:01:08.246 [Task submitter] INFO  nextflow.Session - [72/c33b14] Submitted process > writeLargeFile (1)
Nov-03 16:01:08.278 [Task submitter] INFO  nextflow.Session - [35/5aaebb] Submitted process > writeLargeFile (33)
Nov-03 16:01:08.306 [Task submitter] INFO  nextflow.Session - [c5/e117a4] Submitted process > writeLargeFile (34)
Nov-03 16:01:08.337 [Task submitter] INFO  nextflow.Session - [95/a15a8c] Submitted process > writeLargeFile (35)
Nov-03 16:01:08.365 [Task submitter] INFO  nextflow.Session - [d5/fbf06d] Submitted process > writeLargeFile (36)
Nov-03 16:01:08.394 [Task submitter] INFO  nextflow.Session - [0d/32ce38] Submitted process > writeLargeFile (38)
Nov-03 16:01:08.423 [Task submitter] INFO  nextflow.Session - [78/1e2303] Submitted process > writeLargeFile (37)
Nov-03 16:01:08.454 [Task submitter] INFO  nextflow.Session - [43/a0f97c] Submitted process > writeLargeFile (39)
Nov-03 16:01:08.486 [Task submitter] INFO  nextflow.Session - [71/1709a0] Submitted process > writeLargeFile (40)
Nov-03 16:01:08.516 [Task submitter] INFO  nextflow.Session - [79/b651da] Submitted process > writeLargeFile (41)
Nov-03 16:01:08.547 [Task submitter] INFO  nextflow.Session - [ca/3dfd7c] Submitted process > writeLargeFile (42)
Nov-03 16:01:08.578 [Task submitter] INFO  nextflow.Session - [9a/1f6341] Submitted process > writeLargeFile (43)
Nov-03 16:01:08.606 [Task submitter] INFO  nextflow.Session - [db/8e165b] Submitted process > writeLargeFile (45)
Nov-03 16:01:08.636 [Task submitter] INFO  nextflow.Session - [a1/aa52b2] Submitted process > writeLargeFile (44)
Nov-03 16:01:08.665 [Task submitter] INFO  nextflow.Session - [5c/24d5bd] Submitted process > writeLargeFile (46)
Nov-03 16:01:08.696 [Task submitter] INFO  nextflow.Session - [eb/4b53c2] Submitted process > writeLargeFile (47)
Nov-03 16:01:08.724 [Task submitter] INFO  nextflow.Session - [4a/dda3c3] Submitted process > writeLargeFile (48)
Nov-03 16:01:08.757 [Task submitter] INFO  nextflow.Session - [7a/6d462a] Submitted process > writeLargeFile (49)
Nov-03 16:01:08.786 [Task submitter] INFO  nextflow.Session - [4c/38c511] Submitted process > writeLargeFile (50)
Nov-03 16:01:08.814 [Task submitter] INFO  nextflow.Session - [7a/68f3da] Submitted process > writeLargeFile (51)
Nov-03 16:01:08.840 [Task submitter] INFO  nextflow.Session - [77/86d8ac] Submitted process > writeLargeFile (53)
Nov-03 16:01:08.869 [Task submitter] INFO  nextflow.Session - [c3/2f5f27] Submitted process > writeLargeFile (52)
Nov-03 16:01:08.897 [Task submitter] INFO  nextflow.Session - [11/61f11e] Submitted process > writeLargeFile (54)
Nov-03 16:01:08.926 [Task submitter] INFO  nextflow.Session - [81/31eb52] Submitted process > writeLargeFile (55)
Nov-03 16:01:08.962 [Task submitter] INFO  nextflow.Session - [4a/8d4a71] Submitted process > writeLargeFile (56)
Nov-03 16:01:08.991 [Task submitter] INFO  nextflow.Session - [9f/4de0a3] Submitted process > writeLargeFile (58)
Nov-03 16:01:09.021 [Task submitter] INFO  nextflow.Session - [33/6ac7bd] Submitted process > writeLargeFile (57)
Nov-03 16:01:09.050 [Task submitter] INFO  nextflow.Session - [33/d8b659] Submitted process > writeLargeFile (59)
Nov-03 16:01:09.079 [Task submitter] INFO  nextflow.Session - [f3/9e2a43] Submitted process > writeLargeFile (60)
Nov-03 16:01:09.107 [Task submitter] INFO  nextflow.Session - [61/48f12a] Submitted process > writeLargeFile (61)
Nov-03 16:01:09.139 [Task submitter] INFO  nextflow.Session - [35/008b64] Submitted process > writeLargeFile (62)
Nov-03 16:01:09.168 [Task submitter] INFO  nextflow.Session - [20/aa52d0] Submitted process > writeLargeFile (63)
Nov-03 16:01:09.200 [Task submitter] INFO  nextflow.Session - [ee/6f92d7] Submitted process > writeLargeFile (65)
Nov-03 16:01:09.234 [Task submitter] INFO  nextflow.Session - [ee/5a6f9a] Submitted process > writeLargeFile (66)
Nov-03 16:01:09.264 [Task submitter] INFO  nextflow.Session - [a0/4c610a] Submitted process > writeLargeFile (64)
Nov-03 16:01:09.295 [Task submitter] INFO  nextflow.Session - [d9/de279f] Submitted process > writeLargeFile (67)
Nov-03 16:01:09.340 [Task submitter] INFO  nextflow.Session - [87/4e4f9b] Submitted process > writeLargeFile (68)
Nov-03 16:01:09.433 [Task submitter] INFO  nextflow.Session - [5e/9b563a] Submitted process > writeLargeFile (69)
Nov-03 16:01:09.479 [Task submitter] INFO  nextflow.Session - [11/470836] Submitted process > writeLargeFile (70)
Nov-03 16:01:09.549 [Task submitter] INFO  nextflow.Session - [43/9e3e1c] Submitted process > writeLargeFile (71)
Nov-03 16:01:09.604 [Task submitter] INFO  nextflow.Session - [21/4a30e3] Submitted process > writeLargeFile (72)
Nov-03 16:01:09.657 [Task submitter] INFO  nextflow.Session - [2d/48eb16] Submitted process > writeLargeFile (73)
Nov-03 16:01:09.705 [Task submitter] INFO  nextflow.Session - [83/650254] Submitted process > writeLargeFile (74)
Nov-03 16:01:09.754 [Task submitter] INFO  nextflow.Session - [1a/da4fac] Submitted process > writeLargeFile (75)
Nov-03 16:01:09.804 [Task submitter] INFO  nextflow.Session - [81/63a983] Submitted process > writeLargeFile (77)
Nov-03 16:01:09.868 [Task submitter] INFO  nextflow.Session - [bb/d29ef9] Submitted process > writeLargeFile (76)
Nov-03 16:01:09.950 [Task submitter] INFO  nextflow.Session - [4f/0ddad2] Submitted process > writeLargeFile (78)
Nov-03 16:01:10.086 [Task submitter] INFO  nextflow.Session - [20/430a33] Submitted process > writeLargeFile (80)
Nov-03 16:01:10.144 [Task submitter] INFO  nextflow.Session - [0b/bc152f] Submitted process > writeLargeFile (79)
Nov-03 16:01:10.197 [Task submitter] INFO  nextflow.Session - [72/5d3898] Submitted process > writeLargeFile (81)
Nov-03 16:01:10.386 [Task submitter] INFO  nextflow.Session - [e0/2ca287] Submitted process > writeLargeFile (82)
Nov-03 16:01:10.512 [Task submitter] INFO  nextflow.Session - [41/3a71d2] Submitted process > writeLargeFile (83)
Nov-03 16:01:10.569 [Task submitter] INFO  nextflow.Session - [9f/faf593] Submitted process > writeLargeFile (84)
Nov-03 16:01:10.616 [Task submitter] INFO  nextflow.Session - [fd/b07090] Submitted process > writeLargeFile (85)
Nov-03 16:01:10.870 [Task submitter] INFO  nextflow.Session - [38/304916] Submitted process > writeLargeFile (86)
Nov-03 16:01:11.058 [Task submitter] INFO  nextflow.Session - [06/b659f2] Submitted process > writeLargeFile (87)
Nov-03 16:01:11.105 [Task submitter] INFO  nextflow.Session - [96/6d5aa2] Submitted process > writeLargeFile (88)
Nov-03 16:01:11.154 [Task submitter] INFO  nextflow.Session - [d4/3f5798] Submitted process > writeLargeFile (90)
Nov-03 16:01:11.202 [Task submitter] INFO  nextflow.Session - [29/e68bd8] Submitted process > writeLargeFile (89)
Nov-03 16:01:11.367 [Task submitter] INFO  nextflow.Session - [60/c16742] Submitted process > writeLargeFile (91)
Nov-03 16:01:11.547 [Task submitter] INFO  nextflow.Session - [97/76e8d6] Submitted process > writeLargeFile (92)
Nov-03 16:01:11.584 [Task submitter] INFO  nextflow.Session - [3a/c11a04] Submitted process > writeLargeFile (94)
Nov-03 16:01:11.641 [Task submitter] INFO  nextflow.Session - [de/b74813] Submitted process > writeLargeFile (93)
Nov-03 16:01:11.705 [Task submitter] INFO  nextflow.Session - [17/5e3d90] Submitted process > writeLargeFile (95)
Nov-03 16:01:11.768 [Task submitter] INFO  nextflow.Session - [9a/556147] Submitted process > writeLargeFile (96)
Nov-03 16:01:11.816 [Task submitter] INFO  nextflow.Session - [2b/23b21d] Submitted process > writeLargeFile (97)
Nov-03 16:01:11.950 [Task submitter] INFO  nextflow.Session - [02/687b72] Submitted process > writeLargeFile (98)
Nov-03 16:01:12.020 [Task submitter] INFO  nextflow.Session - [c1/e700fb] Submitted process > writeLargeFile (99)
Nov-03 16:01:12.071 [Task submitter] INFO  nextflow.Session - [a7/80d9fb] Submitted process > writeLargeFile (100)
Nov-03 16:01:17.756 [Task monitor] DEBUG n.processor.TaskPollingMonitor - Task completed > TaskHandler[id: 7; name: writeLargeFile (7); status: COMPLETED; exit: 0; error: -; workDir: /input/data/work/64/e87fab943ce17dba80dc38dff81cb3]
Nov-03 16:01:17.852 [Task monitor] DEBUG n.processor.TaskPollingMonitor - Task completed > TaskHandler[id: 6; name: writeLargeFile (6); status: COMPLETED; exit: 0; error: -; workDir: /input/data/work/d4/cf4680c1ab75ce94bdcbaa8a0e756b]
Nov-03 16:01:17.903 [Task monitor] DEBUG n.processor.TaskPollingMonitor - Task completed > TaskHandler[id: 3; name: writeLargeFile (3); status: COMPLETED; exit: 0; error: -; workDir: /input/data/work/de/42463ff6a5c17655a546a2ba8c43c5]
Nov-03 16:01:18.140 [Task monitor] DEBUG n.processor.TaskPollingMonitor - Task completed > TaskHandler[id: 2; name: writeLargeFile (2); status: COMPLETED; exit: 0; error: -; workDir: /input/data/work/e4/b3b4ef7984521e235dff59aeeb4309]
Nov-03 16:01:18.230 [Task monitor] DEBUG n.processor.TaskPollingMonitor - Task completed > TaskHandler[id: 10; name: writeLargeFile (10); status: COMPLETED; exit: 0; error: -; workDir: /input/data/work/ba/5ed4b9415cec5dfff04d0a0a461052]
Nov-03 16:01:18.560 [Task monitor] DEBUG n.processor.TaskPollingMonitor - Task completed > TaskHandler[id: 24; name: writeLargeFile (24); status: COMPLETED; exit: 0; error: -; workDir: /input/data/work/77/8e6530b79a17ae85d412dcc10335ce]
Nov-03 16:01:18.850 [Task monitor] DEBUG n.processor.TaskPollingMonitor - Task completed > TaskHandler[id: 30; name: writeLargeFile (30); status: COMPLETED; exit: 0; error: -; workDir: /input/data/work/fd/ddb372e43a211a32ed9987e1c8809c]
Nov-03 16:01:19.082 [Task monitor] DEBUG n.processor.TaskPollingMonitor - Task completed > TaskHandler[id: 22; name: writeLargeFile (22); status: COMPLETED; exit: 0; error: -; workDir: /input/data/work/2d/1656d4fe69ffbc1b261db08d7aaabf]
Nov-03 16:01:19.413 [Task monitor] DEBUG n.processor.TaskPollingMonitor - Task completed > TaskHandler[id: 14; name: writeLargeFile (14); status: COMPLETED; exit: 0; error: -; workDir: /input/data/work/6e/57832baa6b8319c535b5b9dafc21c2]
Nov-03 16:01:19.612 [Task monitor] DEBUG n.processor.TaskPollingMonitor - Task completed > TaskHandler[id: 5; name: writeLargeFile (5); status: COMPLETED; exit: 0; error: -; workDir: /input/data/work/89/2cca25d70979b566e4997860d77289]
Nov-03 16:01:19.702 [Task monitor] DEBUG n.processor.TaskPollingMonitor - Task completed > TaskHandler[id: 25; name: writeLargeFile (25); status: COMPLETED; exit: 0; error: -; workDir: /input/data/work/3a/f92faf75cce4c3c760c0c21754eade]
Nov-03 16:01:20.122 [Task monitor] DEBUG n.processor.TaskPollingMonitor - Task completed > TaskHandler[id: 21; name: writeLargeFile (21); status: COMPLETED; exit: 0; error: -; workDir: /input/data/work/e6/c0783a0dbd311b5149bcb67a3227be]
Nov-03 16:01:20.310 [Task monitor] DEBUG n.processor.TaskPollingMonitor - Task completed > TaskHandler[id: 20; name: writeLargeFile (20); status: COMPLETED; exit: 0; error: -; workDir: /input/data/work/b4/feb6123ad1e0e576e311c02980fe8b]
Nov-03 16:01:20.414 [Task monitor] DEBUG n.processor.TaskPollingMonitor - Task completed > TaskHandler[id: 17; name: writeLargeFile (17); status: COMPLETED; exit: 0; error: -; workDir: /input/data/work/bf/ac25756338ea05217956ad06f77782]
Nov-03 16:01:20.760 [Task monitor] DEBUG n.processor.TaskPollingMonitor - Task completed > TaskHandler[id: 8; name: writeLargeFile (8); status: COMPLETED; exit: 0; error: -; workDir: /input/data/work/66/2a0fbc4a6666aa408c433e6368dd21]
Nov-03 16:01:20.945 [Task monitor] DEBUG n.processor.TaskPollingMonitor - Task completed > TaskHandler[id: 11; name: writeLargeFile (11); status: COMPLETED; exit: 0; error: -; workDir: /input/data/work/a4/fa0f261fb41362a59ca2a2d18ac8d8]
Nov-03 16:01:21.390 [Task monitor] DEBUG n.processor.TaskPollingMonitor - Task completed > TaskHandler[id: 9; name: writeLargeFile (9); status: COMPLETED; exit: 0; error: -; workDir: /input/data/work/92/d7462dc928a7d805ada9da6eebb48d]
Nov-03 16:01:28.165 [Task monitor] DEBUG n.processor.TaskPollingMonitor - Task completed > TaskHandler[id: 88; name: writeLargeFile (88); status: COMPLETED; exit: 0; error: -; workDir: /input/data/work/96/6d5aa214b0ad9f31d6ba9755dddfd8]
Nov-03 16:01:28.294 [Task monitor] DEBUG n.processor.TaskPollingMonitor - Task completed > TaskHandler[id: 90; name: writeLargeFile (90); status: COMPLETED; exit: 0; error: -; workDir: /input/data/work/d4/3f579894a9e246ee53eb376f7a66ad]
Nov-03 16:01:28.391 [Task monitor] DEBUG n.processor.TaskPollingMonitor - Task completed > TaskHandler[id: 89; name: writeLargeFile (89); status: COMPLETED; exit: 0; error: -; workDir: /input/data/work/29/e68bd81cbb12e3c9cec1a412e0069c]
Nov-03 16:01:28.475 [Task monitor] DEBUG n.processor.TaskPollingMonitor - Task completed > TaskHandler[id: 91; name: writeLargeFile (91); status: COMPLETED; exit: 0; error: -; workDir: /input/data/work/60/c167425e62c4e4faf0fc594de4733d]
Nov-03 16:01:28.546 [Task monitor] DEBUG n.processor.TaskPollingMonitor - Task completed > TaskHandler[id: 92; name: writeLargeFile (92); status: COMPLETED; exit: 0; error: -; workDir: /input/data/work/97/76e8d68d1a459ac6125f69ccf92b10]
Nov-03 16:01:28.705 [Task monitor] DEBUG n.processor.TaskPollingMonitor - Task completed > TaskHandler[id: 94; name: writeLargeFile (94); status: COMPLETED; exit: 0; error: -; workDir: /input/data/work/3a/c11a042c4a020b17c3f85bdb273738]
Nov-03 16:01:29.027 [Task monitor] DEBUG n.processor.TaskPollingMonitor - Task completed > TaskHandler[id: 93; name: writeLargeFile (93); status: COMPLETED; exit: 0; error: -; workDir: /input/data/work/de/b74813a7f351266e0b87f4847a5374]
Nov-03 16:01:29.082 [Task monitor] DEBUG n.processor.TaskPollingMonitor - Task completed > TaskHandler[id: 95; name: writeLargeFile (95); status: COMPLETED; exit: 0; error: -; workDir: /input/data/work/17/5e3d90bd0a11f616aac0d8fd845bef]
Nov-03 16:01:29.302 [Task monitor] DEBUG n.processor.TaskPollingMonitor - Task completed > TaskHandler[id: 96; name: writeLargeFile (96); status: COMPLETED; exit: 0; error: -; workDir: /input/data/work/9a/556147a03a52b3b25095667c4f4e9a]
Nov-03 16:01:29.424 [Task monitor] DEBUG n.processor.TaskPollingMonitor - Task completed > TaskHandler[id: 97; name: writeLargeFile (97); status: COMPLETED; exit: 0; error: -; workDir: /input/data/work/2b/23b21d580a91af67f48dd622929832]
Nov-03 16:01:29.578 [Task monitor] DEBUG n.processor.TaskPollingMonitor - Task completed > TaskHandler[id: 98; name: writeLargeFile (98); status: COMPLETED; exit: 0; error: -; workDir: /input/data/work/02/687b727fd9ab7446755f33cc0d5c95]
Nov-03 16:01:29.766 [Task monitor] DEBUG n.processor.TaskPollingMonitor - Task completed > TaskHandler[id: 99; name: writeLargeFile (99); status: COMPLETED; exit: 0; error: -; workDir: /input/data/work/c1/e700fbb3e6089db791bbf5bf34267c]
Nov-03 16:01:30.034 [Task monitor] DEBUG n.processor.TaskPollingMonitor - Task completed > TaskHandler[id: 100; name: writeLargeFile (100); status: COMPLETED; exit: 0; error: -; workDir: /input/data/work/a7/80d9fb6d9b61ced4eee82d42056c18]
Nov-03 16:01:30.152 [Task monitor] DEBUG n.processor.TaskPollingMonitor - Task completed > TaskHandler[id: 29; name: writeLargeFile (29); status: COMPLETED; exit: 0; error: -; workDir: /input/data/work/61/b4cfa14ca37ffa207fe516ae42bb82]
Nov-03 16:01:30.263 [Task monitor] DEBUG n.processor.TaskPollingMonitor - Task completed > TaskHandler[id: 32; name: writeLargeFile (32); status: COMPLETED; exit: 0; error: -; workDir: /input/data/work/27/0a3f4824fde420dc3eb0b6505e377a]
Nov-03 16:01:30.393 [Task monitor] DEBUG n.processor.TaskPollingMonitor - Task completed > TaskHandler[id: 19; name: writeLargeFile (19); status: COMPLETED; exit: 0; error: -; workDir: /input/data/work/d1/332cdbb0633bcb6b675cba37dc686c]
Nov-03 16:01:30.511 [Task monitor] DEBUG n.processor.TaskPollingMonitor - Task completed > TaskHandler[id: 16; name: writeLargeFile (16); status: COMPLETED; exit: 0; error: -; workDir: /input/data/work/f3/50324ae5c36d533f4d2ff82eca57ec]
Nov-03 16:01:30.592 [Task monitor] DEBUG n.processor.TaskPollingMonitor - Task completed > TaskHandler[id: 23; name: writeLargeFile (23); status: COMPLETED; exit: 0; error: -; workDir: /input/data/work/db/a293bb5582b995f692f66991cc0192]
Nov-03 16:01:30.721 [Task monitor] DEBUG n.processor.TaskPollingMonitor - Task completed > TaskHandler[id: 13; name: writeLargeFile (13); status: COMPLETED; exit: 0; error: -; workDir: /input/data/work/34/9409a159965c4f94f99b715e202014]
Nov-03 16:01:30.867 [Task monitor] DEBUG n.processor.TaskPollingMonitor - Task completed > TaskHandler[id: 15; name: writeLargeFile (15); status: COMPLETED; exit: 0; error: -; workDir: /input/data/work/52/541e128f067f083a1f5cb48248467e]
Nov-03 16:01:31.059 [Task monitor] DEBUG n.processor.TaskPollingMonitor - Task completed > TaskHandler[id: 26; name: writeLargeFile (26); status: COMPLETED; exit: 0; error: -; workDir: /input/data/work/7c/227fb6f81c36dcbce9fa600e166f03]
Nov-03 16:01:35.058 [Task monitor] DEBUG n.processor.TaskPollingMonitor - Task completed > TaskHandler[id: 53; name: writeLargeFile (53); status: COMPLETED; exit: 0; error: -; workDir: /input/data/work/77/86d8aca905b35922fcdef9d0594cf9]
Nov-03 16:01:35.128 [Task monitor] DEBUG n.processor.TaskPollingMonitor - Task completed > TaskHandler[id: 52; name: writeLargeFile (52); status: COMPLETED; exit: 0; error: -; workDir: /input/data/work/c3/2f5f279d1afd67aac6db14aeea5e1f]
Nov-03 16:01:35.178 [Task monitor] DEBUG n.processor.TaskPollingMonitor - Task completed > TaskHandler[id: 54; name: writeLargeFile (54); status: COMPLETED; exit: 0; error: -; workDir: /input/data/work/11/61f11e761d60c6920a1bc6d2b09f6d]
Nov-03 16:01:35.233 [Task monitor] DEBUG n.processor.TaskPollingMonitor - Task completed > TaskHandler[id: 55; name: writeLargeFile (55); status: COMPLETED; exit: 0; error: -; workDir: /input/data/work/81/31eb52b79545e0361b8ae65f877bcb]
Nov-03 16:01:35.280 [Task monitor] DEBUG n.processor.TaskPollingMonitor - Task completed > TaskHandler[id: 56; name: writeLargeFile (56); status: COMPLETED; exit: 0; error: -; workDir: /input/data/work/4a/8d4a71f8a7d5d27816b55ecd5b2a55]
Nov-03 16:01:35.355 [Task monitor] DEBUG n.processor.TaskPollingMonitor - Task completed > TaskHandler[id: 58; name: writeLargeFile (58); status: COMPLETED; exit: 0; error: -; workDir: /input/data/work/9f/4de0a3ef623407b6b48d32ac991070]
Nov-03 16:01:35.433 [Task monitor] DEBUG n.processor.TaskPollingMonitor - Task completed > TaskHandler[id: 57; name: writeLargeFile (57); status: COMPLETED; exit: 0; error: -; workDir: /input/data/work/33/6ac7bd5c1da96adc8217b6d1655c99]
Nov-03 16:01:35.497 [Task monitor] DEBUG n.processor.TaskPollingMonitor - Task completed > TaskHandler[id: 59; name: writeLargeFile (59); status: COMPLETED; exit: 0; error: -; workDir: /input/data/work/33/d8b659cdf11feeb506a04d6800df23]
Nov-03 16:01:35.850 [Task monitor] DEBUG n.processor.TaskPollingMonitor - Task completed > TaskHandler[id: 75; name: writeLargeFile (75); status: COMPLETED; exit: 0; error: -; workDir: /input/data/work/1a/da4fac628c9419c947b561d4f47a29]
Nov-03 16:01:35.960 [Task monitor] DEBUG n.processor.TaskPollingMonitor - Task completed > TaskHandler[id: 76; name: writeLargeFile (76); status: COMPLETED; exit: 0; error: -; workDir: /input/data/work/bb/d29ef912ed57a62b4ac38e385a2c8c]
Nov-03 16:01:36.185 [Task monitor] DEBUG n.processor.TaskPollingMonitor - Task completed > TaskHandler[id: 78; name: writeLargeFile (78); status: COMPLETED; exit: 0; error: -; workDir: /input/data/work/4f/0ddad2f3ee14cb41bb443e91d4b4c6]
Nov-03 16:01:36.247 [Task monitor] DEBUG n.processor.TaskPollingMonitor - Task completed > TaskHandler[id: 80; name: writeLargeFile (80); status: COMPLETED; exit: 0; error: -; workDir: /input/data/work/20/430a33fdaee0cb9bd0b3a63db78fbb]
Nov-03 16:01:36.377 [Task monitor] DEBUG n.processor.TaskPollingMonitor - Task completed > TaskHandler[id: 79; name: writeLargeFile (79); status: COMPLETED; exit: 0; error: -; workDir: /input/data/work/0b/bc152f14bb927f1af311ca28b310c6]
Nov-03 16:01:36.623 [Task monitor] DEBUG n.processor.TaskPollingMonitor - Task completed > TaskHandler[id: 81; name: writeLargeFile (81); status: COMPLETED; exit: 0; error: -; workDir: /input/data/work/72/5d3898ac993986c79824ddce96d546]
Nov-03 16:01:36.753 [Task monitor] DEBUG n.processor.TaskPollingMonitor - Task completed > TaskHandler[id: 82; name: writeLargeFile (82); status: COMPLETED; exit: 0; error: -; workDir: /input/data/work/e0/2ca287c83fb32d1c365b544595cfff]
Nov-03 16:01:36.877 [Task monitor] DEBUG n.processor.TaskPollingMonitor - Task completed > TaskHandler[id: 83; name: writeLargeFile (83); status: COMPLETED; exit: 0; error: -; workDir: /input/data/work/41/3a71d2c765382bcea280010aef9bd1]
Nov-03 16:01:37.088 [Task monitor] DEBUG n.processor.TaskPollingMonitor - Task completed > TaskHandler[id: 84; name: writeLargeFile (84); status: COMPLETED; exit: 0; error: -; workDir: /input/data/work/9f/faf593c7c60d7e197f4bf2260f7aaf]
Nov-03 16:01:37.382 [Task monitor] DEBUG n.processor.TaskPollingMonitor - Task completed > TaskHandler[id: 85; name: writeLargeFile (85); status: COMPLETED; exit: 0; error: -; workDir: /input/data/work/fd/b07090cf5d1fa6860e8398854e1a46]
Nov-03 16:01:37.486 [Task monitor] DEBUG n.processor.TaskPollingMonitor - Task completed > TaskHandler[id: 86; name: writeLargeFile (86); status: COMPLETED; exit: 0; error: -; workDir: /input/data/work/38/304916c91228ac303d1de237e2e6f7]
Nov-03 16:01:37.808 [Task monitor] DEBUG n.processor.TaskPollingMonitor - Task completed > TaskHandler[id: 87; name: writeLargeFile (87); status: COMPLETED; exit: 0; error: -; workDir: /input/data/work/06/b659f25b53af5b9751949177cca61f]
Nov-03 16:01:37.944 [Task monitor] DEBUG n.processor.TaskPollingMonitor - Task completed > TaskHandler[id: 12; name: writeLargeFile (12); status: COMPLETED; exit: 0; error: -; workDir: /input/data/work/1d/3d1859d3822d92dccd2a24d844d85c]
Nov-03 16:01:39.755 [Task monitor] DEBUG n.processor.TaskPollingMonitor - Task completed > TaskHandler[id: 73; name: writeLargeFile (73); status: COMPLETED; exit: 0; error: -; workDir: /input/data/work/2d/48eb16f6273051a9ed10d827f0650a]
Nov-03 16:01:39.865 [Task monitor] DEBUG n.processor.TaskPollingMonitor - Task completed > TaskHandler[id: 74; name: writeLargeFile (74); status: COMPLETED; exit: 0; error: -; workDir: /input/data/work/83/65025478d62bc0916d9778f9354ac2]
Nov-03 16:01:41.235 [Task monitor] DEBUG n.processor.TaskPollingMonitor - Task completed > TaskHandler[id: 77; name: writeLargeFile (77); status: COMPLETED; exit: 0; error: -; workDir: /input/data/work/81/63a9836e3acb2ba862848cef2ec354]
Nov-03 16:01:44.925 [Task monitor] DEBUG n.processor.TaskPollingMonitor - Task completed > TaskHandler[id: 43; name: writeLargeFile (43); status: COMPLETED; exit: 0; error: -; workDir: /input/data/work/9a/1f63411a2b71876cde532ee31c2149]
Nov-03 16:01:45.555 [Task monitor] DEBUG n.processor.TaskPollingMonitor - Task completed > TaskHandler[id: 51; name: writeLargeFile (51); status: COMPLETED; exit: 0; error: -; workDir: /input/data/work/7a/68f3da956e8c87733e18573b9611e1]
Nov-03 16:01:45.849 [Task monitor] DEBUG n.processor.TaskPollingMonitor - Task completed > TaskHandler[id: 60; name: writeLargeFile (60); status: COMPLETED; exit: 0; error: -; workDir: /input/data/work/f3/9e2a43ada7e47ff88eec31d2bc8842]
Nov-03 16:01:46.082 [Task monitor] DEBUG n.processor.TaskPollingMonitor - Task completed > TaskHandler[id: 61; name: writeLargeFile (61); status: COMPLETED; exit: 0; error: -; workDir: /input/data/work/61/48f12ae2d875902ea273b639b2a3cc]
Nov-03 16:01:46.478 [Task monitor] DEBUG n.processor.TaskPollingMonitor - Task completed > TaskHandler[id: 62; name: writeLargeFile (62); status: COMPLETED; exit: 0; error: -; workDir: /input/data/work/35/008b6475e59c7ba978f00fcc81ddd0]
Nov-03 16:01:46.744 [Task monitor] DEBUG n.processor.TaskPollingMonitor - Task completed > TaskHandler[id: 63; name: writeLargeFile (63); status: COMPLETED; exit: 0; error: -; workDir: /input/data/work/20/aa52d00c34bf4c1a885ab6b6b38962]
Nov-03 16:01:46.967 [Task monitor] DEBUG n.processor.TaskPollingMonitor - Task completed > TaskHandler[id: 65; name: writeLargeFile (65); status: COMPLETED; exit: 0; error: -; workDir: /input/data/work/ee/6f92d767ff1ab7bb3a0cbe51942089]
Nov-03 16:01:47.141 [Task monitor] DEBUG n.processor.TaskPollingMonitor - Task completed > TaskHandler[id: 66; name: writeLargeFile (66); status: COMPLETED; exit: 0; error: -; workDir: /input/data/work/ee/5a6f9a114253bd1f01c29826f7d4d3]
Nov-03 16:01:47.333 [Task monitor] DEBUG n.processor.TaskPollingMonitor - Task completed > TaskHandler[id: 64; name: writeLargeFile (64); status: COMPLETED; exit: 0; error: -; workDir: /input/data/work/a0/4c610a5aceb23f2a4c3f54ead7ac12]
Nov-03 16:01:47.500 [Task monitor] DEBUG n.processor.TaskPollingMonitor - Task completed > TaskHandler[id: 67; name: writeLargeFile (67); status: COMPLETED; exit: 0; error: -; workDir: /input/data/work/d9/de279f7a5c99aadc4fc11599518b97]
Nov-03 16:01:47.707 [Task monitor] DEBUG n.processor.TaskPollingMonitor - Task completed > TaskHandler[id: 68; name: writeLargeFile (68); status: COMPLETED; exit: 0; error: -; workDir: /input/data/work/87/4e4f9b7f7d14b99a711806899331ed]
Nov-03 16:01:47.819 [Task monitor] DEBUG n.processor.TaskPollingMonitor - Task completed > TaskHandler[id: 69; name: writeLargeFile (69); status: COMPLETED; exit: 0; error: -; workDir: /input/data/work/5e/9b563a19642f240deb28ec9b301057]
Nov-03 16:01:47.981 [Task monitor] DEBUG n.processor.TaskPollingMonitor - Task completed > TaskHandler[id: 70; name: writeLargeFile (70); status: COMPLETED; exit: 0; error: -; workDir: /input/data/work/11/4708365ccfb413c724e3d84fe618b0]
Nov-03 16:01:48.140 [Task monitor] DEBUG n.processor.TaskPollingMonitor - Task completed > TaskHandler[id: 71; name: writeLargeFile (71); status: COMPLETED; exit: 0; error: -; workDir: /input/data/work/43/9e3e1c0b53d9c0d24f90e28541581a]
Nov-03 16:01:48.224 [Task monitor] DEBUG n.processor.TaskPollingMonitor - Task completed > TaskHandler[id: 72; name: writeLargeFile (72); status: COMPLETED; exit: 0; error: -; workDir: /input/data/work/21/4a30e32d1414d9960c4786a70cbcb2]
Nov-03 16:01:48.627 [Task monitor] DEBUG n.processor.TaskPollingMonitor - Task completed > TaskHandler[id: 39; name: writeLargeFile (39); status: COMPLETED; exit: 0; error: -; workDir: /input/data/work/43/a0f97c251312f66074055f05eb5f4a]
Nov-03 16:01:48.737 [Task monitor] DEBUG n.processor.TaskPollingMonitor - Task completed > TaskHandler[id: 42; name: writeLargeFile (42); status: COMPLETED; exit: 0; error: -; workDir: /input/data/work/ca/3dfd7c53c79b6787b9f11f7036566b]
Nov-03 16:01:49.521 [Task monitor] DEBUG n.processor.TaskPollingMonitor - Task completed > TaskHandler[id: 45; name: writeLargeFile (45); status: COMPLETED; exit: 0; error: -; workDir: /input/data/work/db/8e165b31e3f4677740331acb6f1be2]
Nov-03 16:01:49.584 [Task monitor] DEBUG n.processor.TaskPollingMonitor - Task completed > TaskHandler[id: 44; name: writeLargeFile (44); status: COMPLETED; exit: 0; error: -; workDir: /input/data/work/a1/aa52b22b8c526a1be288d3dc4b2c07]
Nov-03 16:01:49.634 [Task monitor] DEBUG n.processor.TaskPollingMonitor - Task completed > TaskHandler[id: 46; name: writeLargeFile (46); status: COMPLETED; exit: 0; error: -; workDir: /input/data/work/5c/24d5bdcf51916723997140d4b383ac]
Nov-03 16:01:49.685 [Task monitor] DEBUG n.processor.TaskPollingMonitor - Task completed > TaskHandler[id: 47; name: writeLargeFile (47); status: COMPLETED; exit: 0; error: -; workDir: /input/data/work/eb/4b53c2034da3bf3dcb10ea1f6efc23]
Nov-03 16:01:49.733 [Task monitor] DEBUG n.processor.TaskPollingMonitor - Task completed > TaskHandler[id: 48; name: writeLargeFile (48); status: COMPLETED; exit: 0; error: -; workDir: /input/data/work/4a/dda3c3a9f89dddf4c028cb8721c223]
Nov-03 16:01:49.781 [Task monitor] DEBUG n.processor.TaskPollingMonitor - Task completed > TaskHandler[id: 49; name: writeLargeFile (49); status: COMPLETED; exit: 0; error: -; workDir: /input/data/work/7a/6d462a2a271c2900e83182b6c8077a]
Nov-03 16:01:49.827 [Task monitor] DEBUG n.processor.TaskPollingMonitor - Task completed > TaskHandler[id: 50; name: writeLargeFile (50); status: COMPLETED; exit: 0; error: -; workDir: /input/data/work/4c/38c511a9aa17b24bcfbaf46ff5cedd]
Nov-03 16:01:53.415 [Task monitor] DEBUG n.processor.TaskPollingMonitor - Task completed > TaskHandler[id: 1; name: writeLargeFile (1); status: COMPLETED; exit: 0; error: -; workDir: /input/data/work/72/c33b1472d53a281b6affd8bec51422]
Nov-03 16:01:53.486 [Task monitor] DEBUG n.processor.TaskPollingMonitor - Task completed > TaskHandler[id: 34; name: writeLargeFile (34); status: COMPLETED; exit: 0; error: -; workDir: /input/data/work/c5/e117a40395225a9f5f1026eaa52d26]
Nov-03 16:01:53.535 [Task monitor] DEBUG n.processor.TaskPollingMonitor - Task completed > TaskHandler[id: 35; name: writeLargeFile (35); status: COMPLETED; exit: 0; error: -; workDir: /input/data/work/95/a15a8ce907bec04d90740a6c8c2464]
Nov-03 16:01:53.580 [Task monitor] DEBUG n.processor.TaskPollingMonitor - Task completed > TaskHandler[id: 36; name: writeLargeFile (36); status: COMPLETED; exit: 0; error: -; workDir: /input/data/work/d5/fbf06dfdd7f880b0a46e0181170ce8]
Nov-03 16:01:53.630 [Task monitor] DEBUG n.processor.TaskPollingMonitor - Task completed > TaskHandler[id: 38; name: writeLargeFile (38); status: COMPLETED; exit: 0; error: -; workDir: /input/data/work/0d/32ce3880a19cb3a634f0ffb1734b9f]
Nov-03 16:01:53.680 [Task monitor] DEBUG n.processor.TaskPollingMonitor - Task completed > TaskHandler[id: 37; name: writeLargeFile (37); status: COMPLETED; exit: 0; error: -; workDir: /input/data/work/78/1e2303889eb5b136e22a917dda1039]
Nov-03 16:01:53.729 [Task monitor] DEBUG n.processor.TaskPollingMonitor - Task completed > TaskHandler[id: 40; name: writeLargeFile (40); status: COMPLETED; exit: 0; error: -; workDir: /input/data/work/71/1709a04fafa87451e0430da3c70e36]
Nov-03 16:01:53.779 [Task monitor] DEBUG n.processor.TaskPollingMonitor - Task completed > TaskHandler[id: 41; name: writeLargeFile (41); status: COMPLETED; exit: 0; error: -; workDir: /input/data/work/79/b651da5c3b36bc4696401250bff92a]
Nov-03 16:01:58.284 [Task monitor] DEBUG n.processor.TaskPollingMonitor - Task completed > TaskHandler[id: 18; name: writeLargeFile (18); status: COMPLETED; exit: 0; error: -; workDir: /input/data/work/25/77c3c71ae849cfbf0603ca1ab7c3ff]
Nov-03 16:01:58.331 [Task monitor] DEBUG n.processor.TaskPollingMonitor - Task completed > TaskHandler[id: 27; name: writeLargeFile (27); status: COMPLETED; exit: 0; error: -; workDir: /input/data/work/b1/884d48d504506bd2138a51581828f3]
Nov-03 16:01:58.382 [Task monitor] DEBUG n.processor.TaskPollingMonitor - Task completed > TaskHandler[id: 28; name: writeLargeFile (28); status: COMPLETED; exit: 0; error: -; workDir: /input/data/work/52/5a1fc0234192edcbe827ca9717e63a]
Nov-03 16:01:58.430 [Task monitor] DEBUG n.processor.TaskPollingMonitor - Task completed > TaskHandler[id: 31; name: writeLargeFile (31); status: COMPLETED; exit: 0; error: -; workDir: /input/data/work/03/f1dfdf95f8bbdb03b09ef521cbb969]
Nov-03 16:01:58.483 [Task monitor] DEBUG n.processor.TaskPollingMonitor - Task completed > TaskHandler[id: 33; name: writeLargeFile (33); status: COMPLETED; exit: 0; error: -; workDir: /input/data/work/35/5aaebbb8ad7abcdb468d0c73561f6a]
Nov-03 16:02:03.286 [Task monitor] DEBUG n.processor.TaskPollingMonitor - Task completed > TaskHandler[id: 4; name: writeLargeFile (4); status: COMPLETED; exit: 0; error: -; workDir: /input/data/work/19/d0e83bc2cb88365456c27382a9fb70]
Nov-03 16:02:03.382 [Task submitter] INFO  nextflow.Session - [0a/f802d0] Submitted process > combineFiles (1)
Nov-03 16:06:08.245 [Task monitor] DEBUG n.processor.TaskPollingMonitor - !! executor k8s > tasks to be completed: 1 -- submitted tasks are shown below
~> TaskHandler[id: 101; name: combineFiles (1); status: SUBMITTED; exit: -; error: -; workDir: /input/data/work/0a/f802d0579fa7685944b9e68cd70a77]
Nov-03 16:11:08.253 [Task monitor] DEBUG n.processor.TaskPollingMonitor - !! executor k8s > tasks to be completed: 1 -- submitted tasks are shown below
~> TaskHandler[id: 101; name: combineFiles (1); status: SUBMITTED; exit: -; error: -; workDir: /input/data/work/0a/f802d0579fa7685944b9e68cd70a77]
Nov-03 16:16:08.269 [Task monitor] DEBUG n.processor.TaskPollingMonitor - !! executor k8s > tasks to be completed: 1 -- submitted tasks are shown below
~> TaskHandler[id: 101; name: combineFiles (1); status: RUNNING; exit: -; error: -; workDir: /input/data/work/0a/f802d0579fa7685944b9e68cd70a77]
Nov-03 16:17:53.325 [Task monitor] DEBUG n.processor.TaskPollingMonitor - Task completed > TaskHandler[id: 101; name: combineFiles (1); status: COMPLETED; exit: 0; error: -; workDir: /input/data/work/0a/f802d0579fa7685944b9e68cd70a77]
Nov-03 16:17:53.327 [main] DEBUG nextflow.Session - Session await > all processes finished
Nov-03 16:17:53.336 [main] DEBUG nextflow.Session - Session await > all barriers passed
Nov-03 16:17:53.347 [main] DEBUG n.trace.WorkflowStatsObserver - Workflow completed > WorkflowStats[succeededCount=101; failedCount=0; ignoredCount=0; cachedCount=0; pendingCount=0; submittedCount=0; runningCount=0; retriesCount=0; abortedCount=0; succeedDuration=45m 27s; failedDuration=0ms; cachedDuration=0ms;loadCpus=0; loadMemory=0; peakRunning=22; peakCpus=220; peakMemory=220 GB; ]
Nov-03 16:17:53.348 [main] DEBUG nextflow.trace.TraceFileObserver - Workflow completed -- saving trace file
Nov-03 16:17:53.350 [main] DEBUG nextflow.trace.ReportObserver - Workflow completed -- rendering execution report
Nov-03 16:17:53.947 [main] DEBUG nextflow.trace.TimelineObserver - Workflow completed -- rendering execution timeline
Nov-03 16:17:54.087 [main] DEBUG nextflow.cache.CacheDB - Closing CacheDB done
Nov-03 16:17:54.109 [main] DEBUG nextflow.util.ThreadPoolManager - Thread pool 'FileTransfer' shutdown completed (hard=false)
Nov-03 16:17:54.109 [main] DEBUG nextflow.script.ScriptRunner - > Execution complete -- Goodbye
