Dec-18 17:12:49.448 [main] DEBUG nextflow.cli.Launcher - $> nextflow run /input/fork -c /experiments/experiment/fork/nextflow.config -c /experiments/experiment/nextflow_la.config -c /experiments/experiment/nextflow_ceph.config
Dec-18 17:12:49.507 [main] INFO  nextflow.cli.CmdRun - N E X T F L O W  ~  version 23.07.0-edge
Dec-18 17:12:49.525 [main] DEBUG nextflow.plugin.PluginsFacade - Setting up plugin manager > mode=prod; embedded=false; plugins-dir=/.nextflow/plugins; core-plugins: nf-amazon@2.1.0,nf-azure@1.1.4,nf-cloudcache@0.1.0,nf-codecommit@0.1.5,nf-console@1.0.6,nf-ga4gh@1.1.0,nf-google@1.8.1,nf-tower@1.5.15,nf-wave@0.11.0
Dec-18 17:12:49.533 [main] INFO  o.pf4j.DefaultPluginStatusProvider - Enabled plugins: []
Dec-18 17:12:49.534 [main] INFO  o.pf4j.DefaultPluginStatusProvider - Disabled plugins: []
Dec-18 17:12:49.537 [main] INFO  org.pf4j.DefaultPluginManager - PF4J version 3.4.1 in 'deployment' mode
Dec-18 17:12:49.544 [main] INFO  org.pf4j.AbstractPluginManager - No plugins
Dec-18 17:12:49.568 [main] DEBUG nextflow.scm.AssetManager - Project manifest does not exist: /input/fork/nextflow.config (No such file or directory)
Dec-18 17:12:49.593 [main] DEBUG nextflow.config.ConfigBuilder - User config file: /experiments/experiment/fork/nextflow.config
Dec-18 17:12:49.593 [main] DEBUG nextflow.config.ConfigBuilder - User config file: /experiments/experiment/nextflow_la.config
Dec-18 17:12:49.594 [main] DEBUG nextflow.config.ConfigBuilder - User config file: /experiments/experiment/nextflow_ceph.config
Dec-18 17:12:49.594 [main] DEBUG nextflow.config.ConfigBuilder - Parsing config file: /experiments/experiment/fork/nextflow.config
Dec-18 17:12:49.594 [main] DEBUG nextflow.config.ConfigBuilder - Parsing config file: /experiments/experiment/nextflow_la.config
Dec-18 17:12:49.594 [main] DEBUG nextflow.config.ConfigBuilder - Parsing config file: /experiments/experiment/nextflow_ceph.config
Dec-18 17:12:49.611 [main] DEBUG nextflow.config.ConfigBuilder - Applying config profile: `standard`
Dec-18 17:12:50.107 [main] DEBUG nextflow.config.ConfigBuilder - Applying config profile: `standard`
Dec-18 17:12:50.267 [main] DEBUG nextflow.config.ConfigBuilder - Applying config profile: `standard`
Dec-18 17:12:50.292 [main] DEBUG nextflow.cli.CmdRun - Applied DSL=2 by global default
Dec-18 17:12:50.305 [main] INFO  nextflow.cli.CmdRun - Launching `/input/fork/main.nf` [magical_curie] DSL2 - revision: 64aabf06f3
Dec-18 17:12:50.305 [main] DEBUG nextflow.plugin.PluginsFacade - Plugins default=[]
Dec-18 17:12:50.305 [main] DEBUG nextflow.plugin.PluginsFacade - Plugins resolved requirement=[]
Dec-18 17:12:50.312 [main] DEBUG n.secret.LocalSecretsProvider - Secrets store: /.nextflow/secrets/store.json
Dec-18 17:12:50.314 [main] DEBUG nextflow.secret.SecretsLoader - Discovered secrets providers: [nextflow.secret.LocalSecretsProvider@20d87335] - activable => nextflow.secret.LocalSecretsProvider@20d87335
Dec-18 17:12:50.364 [main] DEBUG nextflow.Session - Session UUID: a767335a-e8f3-46fd-9c62-8009fdd6d471
Dec-18 17:12:50.364 [main] DEBUG nextflow.Session - Run name: magical_curie
Dec-18 17:12:50.365 [main] DEBUG nextflow.Session - Executor pool size: 32
Dec-18 17:12:50.370 [main] DEBUG nextflow.file.FilePorter - File porter settings maxRetries=3; maxTransfers=50; pollTimeout=null
Dec-18 17:12:50.373 [main] DEBUG nextflow.util.ThreadPoolBuilder - Creating thread pool 'FileTransfer' minSize=10; maxSize=96; workQueue=LinkedBlockingQueue[10000]; allowCoreThreadTimeout=false
Dec-18 17:12:50.399 [main] DEBUG nextflow.cli.CmdRun - 
  Version: 23.07.0-edge build 5875
  Created: 28-07-2023 20:27 UTC (20:27 GMT)
  System: Linux 5.4.0-166-generic
  Runtime: Groovy 3.0.18 on OpenJDK 64-Bit Server VM 17.0.6+10-LTS
  Encoding: UTF-8 (UTF-8)
  Process: 2003713@nextflow [10.233.76.3]
  CPUs: 32 - Mem: 125.7 GB (120.2 GB) - Swap: 0 (0)
Dec-18 17:12:50.427 [main] DEBUG nextflow.Session - Work-dir: /input/data/work [ceph]
Dec-18 17:12:50.428 [main] DEBUG nextflow.Session - Script base path does not exist or is not a directory: /input/fork/bin
Dec-18 17:12:50.441 [main] DEBUG nextflow.executor.ExecutorFactory - Extension executors providers=[]
Dec-18 17:12:50.450 [main] DEBUG nextflow.Session - Observer factory: DefaultObserverFactory
Dec-18 17:12:50.478 [main] DEBUG nextflow.cache.CacheFactory - Using Nextflow cache factory: nextflow.cache.DefaultCacheFactory
Dec-18 17:12:50.485 [main] DEBUG nextflow.util.CustomThreadPool - Creating default thread pool > poolSize: 33; maxThreads: 1000
Dec-18 17:12:50.576 [main] DEBUG nextflow.Session - Session start
Dec-18 17:12:50.581 [main] DEBUG nextflow.trace.TraceFileObserver - Workflow started -- trace file: /input/data/output/trace.csv
Dec-18 17:12:50.709 [main] DEBUG nextflow.script.ScriptRunner - > Launching execution
Dec-18 17:12:50.910 [main] DEBUG nextflow.script.ProcessConfig - Config settings `withName:writeLargeFile` matches process writeLargeFile
Dec-18 17:12:50.929 [main] DEBUG nextflow.executor.ExecutorFactory - << taskConfig executor: k8s
Dec-18 17:12:50.929 [main] DEBUG nextflow.executor.ExecutorFactory - >> processorType: 'k8s'
Dec-18 17:12:50.937 [main] DEBUG nextflow.executor.Executor - [warm up] executor > k8s
Dec-18 17:12:50.954 [main] DEBUG n.processor.TaskPollingMonitor - Creating task monitor for executor 'k8s' > capacity: 300; pollInterval: 5s; dumpInterval: 5m; schedulerBatch: null
Dec-18 17:12:50.958 [main] DEBUG nextflow.k8s.client.ConfigDiscovery - K8s config file does not exist: /root/.kube/config
Dec-18 17:12:50.969 [main] DEBUG nextflow.k8s.K8sExecutor - [K8s] config=[localPath:/localdata, localStorageMountPath:/localdata, scheduler:[strategy:LAv2, name:workflow-scheduler, autoClose:false, nodeSelector:usedby=anonymized, container:anonymized/test1:sch_v194], storage:[type:copy, workdir:/localdata/localwork/, nodeSelector:usedby=anonymized, imageName:anonymized/test1:ftp_v122], debug:[yaml:true], namespace:anonymized, serviceAccount:nextflow, workDir:/input/data/work/, projectDir:/input/data/project/, imagePullPolicy:IfNotPresent, launchDir:/input/data/launch/, runAsUser:0, fetchNodeName:true, storageMountPath:/input, pod:[nodeSelector:usedby=anonymized], storageClaimName:ceph-data]; API client config=ClientConfig[ server=10.233.0.1:443, namespace=anonymized, serviceAccount=nextflow, token=eyJhbGciOiJ.., sslCert=LS0tLS1CRUd.., clientCert=-, clientKey=-, verifySsl=false, fromFile=true, httpReadTimeout=null, httpConnectTimeout=null, maxErrorRetry=4 ]
Dec-18 17:12:51.401 [main] DEBUG nextflow.k8s.K8sExecutor - Created K8s configMap with name: nf-get-stat-41cac373
Dec-18 17:12:55.204 [main] DEBUG nextflow.script.ProcessConfig - Config settings `withName:revertFile` matches process revertFile
Dec-18 17:12:55.206 [main] DEBUG nextflow.executor.ExecutorFactory - << taskConfig executor: k8s
Dec-18 17:12:55.206 [main] DEBUG nextflow.executor.ExecutorFactory - >> processorType: 'k8s'
Dec-18 17:12:55.218 [main] DEBUG nextflow.Session - Workflow process names [dsl2]: revertFile, combineFiles, writeLargeFile
Dec-18 17:12:55.219 [main] DEBUG nextflow.Session - Igniting dataflow network (3)
Dec-18 17:12:55.219 [main] DEBUG nextflow.processor.TaskProcessor - Starting process > writeLargeFile
Dec-18 17:12:55.221 [main] DEBUG nextflow.processor.TaskProcessor - Starting process > revertFile
Dec-18 17:12:55.221 [main] DEBUG nextflow.script.ScriptRunner - > Awaiting termination 
Dec-18 17:12:55.221 [main] DEBUG nextflow.Session - Session await
Dec-18 17:12:55.404 [Task submitter] INFO  nextflow.Session - [35/cea826] Submitted process > writeLargeFile (1)
Dec-18 17:13:11.030 [Task monitor] DEBUG n.processor.TaskPollingMonitor - Task completed > TaskHandler[id: 1; name: writeLargeFile (1); status: COMPLETED; exit: 0; error: -; workDir: /input/data/work/35/cea8261c0d8a0331b5c7f205e21ef0]
Dec-18 17:13:11.159 [Task submitter] INFO  nextflow.Session - [80/0f57dd] Submitted process > revertFile (31)
Dec-18 17:13:11.211 [Task submitter] INFO  nextflow.Session - [ae/9abe40] Submitted process > revertFile (5)
Dec-18 17:13:11.248 [Task submitter] INFO  nextflow.Session - [6f/79b36b] Submitted process > revertFile (15)
Dec-18 17:13:11.283 [Task submitter] INFO  nextflow.Session - [df/977473] Submitted process > revertFile (28)
Dec-18 17:13:11.320 [Task submitter] INFO  nextflow.Session - [83/45fcad] Submitted process > revertFile (19)
Dec-18 17:13:11.373 [Task submitter] INFO  nextflow.Session - [aa/b542b9] Submitted process > revertFile (24)
Dec-18 17:13:11.409 [Task submitter] INFO  nextflow.Session - [df/4ea10b] Submitted process > revertFile (11)
Dec-18 17:13:11.443 [Task submitter] INFO  nextflow.Session - [75/f33c0b] Submitted process > revertFile (6)
Dec-18 17:13:11.476 [Task submitter] INFO  nextflow.Session - [5e/b6a95c] Submitted process > revertFile (30)
Dec-18 17:13:11.509 [Task submitter] INFO  nextflow.Session - [f3/cd3cbb] Submitted process > revertFile (14)
Dec-18 17:13:11.543 [Task submitter] INFO  nextflow.Session - [2c/c4f943] Submitted process > revertFile (10)
Dec-18 17:13:11.576 [Task submitter] INFO  nextflow.Session - [a0/c54077] Submitted process > revertFile (8)
Dec-18 17:13:11.611 [Task submitter] INFO  nextflow.Session - [75/df6391] Submitted process > revertFile (27)
Dec-18 17:13:11.647 [Task submitter] INFO  nextflow.Session - [9d/27d6ad] Submitted process > revertFile (23)
Dec-18 17:13:11.680 [Task submitter] INFO  nextflow.Session - [a4/acd301] Submitted process > revertFile (12)
Dec-18 17:13:11.710 [Task submitter] INFO  nextflow.Session - [cd/c978b9] Submitted process > revertFile (17)
Dec-18 17:13:11.743 [Task submitter] INFO  nextflow.Session - [c9/487a49] Submitted process > revertFile (18)
Dec-18 17:13:11.774 [Task submitter] INFO  nextflow.Session - [32/84ea6d] Submitted process > revertFile (4)
Dec-18 17:13:11.806 [Task submitter] INFO  nextflow.Session - [03/9cf57d] Submitted process > revertFile (16)
Dec-18 17:13:11.837 [Task submitter] INFO  nextflow.Session - [1b/bf6a7c] Submitted process > revertFile (26)
Dec-18 17:13:11.869 [Task submitter] INFO  nextflow.Session - [81/e33bd1] Submitted process > revertFile (32)
Dec-18 17:13:11.899 [Task submitter] INFO  nextflow.Session - [bb/22a3b8] Submitted process > revertFile (1)
Dec-18 17:13:11.930 [Task submitter] INFO  nextflow.Session - [e0/f362e6] Submitted process > revertFile (9)
Dec-18 17:13:11.961 [Task submitter] INFO  nextflow.Session - [2a/1039a9] Submitted process > revertFile (3)
Dec-18 17:13:11.996 [Task submitter] INFO  nextflow.Session - [00/910015] Submitted process > revertFile (25)
Dec-18 17:13:12.028 [Task submitter] INFO  nextflow.Session - [f0/586f7b] Submitted process > revertFile (2)
Dec-18 17:13:12.065 [Task submitter] INFO  nextflow.Session - [d9/918ff6] Submitted process > revertFile (21)
Dec-18 17:13:12.099 [Task submitter] INFO  nextflow.Session - [a6/d39a8b] Submitted process > revertFile (13)
Dec-18 17:13:12.129 [Task submitter] INFO  nextflow.Session - [ff/24a703] Submitted process > revertFile (22)
Dec-18 17:13:12.163 [Task submitter] INFO  nextflow.Session - [f0/82ebc0] Submitted process > revertFile (7)
Dec-18 17:13:12.194 [Task submitter] INFO  nextflow.Session - [6a/69d785] Submitted process > revertFile (33)
Dec-18 17:13:12.228 [Task submitter] INFO  nextflow.Session - [d3/cccd5d] Submitted process > revertFile (58)
Dec-18 17:13:12.260 [Task submitter] INFO  nextflow.Session - [5e/c91ba2] Submitted process > revertFile (41)
Dec-18 17:13:12.294 [Task submitter] INFO  nextflow.Session - [67/4cbb18] Submitted process > revertFile (29)
Dec-18 17:13:12.338 [Task submitter] INFO  nextflow.Session - [7f/9391fb] Submitted process > revertFile (20)
Dec-18 17:13:12.368 [Task submitter] INFO  nextflow.Session - [94/5c9aea] Submitted process > revertFile (34)
Dec-18 17:13:12.398 [Task submitter] INFO  nextflow.Session - [c7/a9b4ea] Submitted process > revertFile (63)
Dec-18 17:13:12.429 [Task submitter] INFO  nextflow.Session - [73/5809eb] Submitted process > revertFile (35)
Dec-18 17:13:12.471 [Task submitter] INFO  nextflow.Session - [c3/0a9120] Submitted process > revertFile (39)
Dec-18 17:13:12.516 [Task submitter] INFO  nextflow.Session - [79/83af77] Submitted process > revertFile (36)
Dec-18 17:13:12.565 [Task submitter] INFO  nextflow.Session - [3a/70606f] Submitted process > revertFile (38)
Dec-18 17:13:12.616 [Task submitter] INFO  nextflow.Session - [ba/5fb38a] Submitted process > revertFile (37)
Dec-18 17:13:12.670 [Task submitter] INFO  nextflow.Session - [2b/be1d08] Submitted process > revertFile (69)
Dec-18 17:13:12.724 [Task submitter] INFO  nextflow.Session - [13/881ca3] Submitted process > revertFile (40)
Dec-18 17:13:12.777 [Task submitter] INFO  nextflow.Session - [46/21a818] Submitted process > revertFile (42)
Dec-18 17:13:12.828 [Task submitter] INFO  nextflow.Session - [5f/b01b84] Submitted process > revertFile (43)
Dec-18 17:13:12.880 [Task submitter] INFO  nextflow.Session - [d8/ec680d] Submitted process > revertFile (44)
Dec-18 17:13:12.932 [Task submitter] INFO  nextflow.Session - [3a/828a85] Submitted process > revertFile (46)
Dec-18 17:13:12.989 [Task submitter] INFO  nextflow.Session - [8b/24faa3] Submitted process > revertFile (45)
Dec-18 17:13:13.043 [Task submitter] INFO  nextflow.Session - [21/4efe0a] Submitted process > revertFile (47)
Dec-18 17:13:13.096 [Task submitter] INFO  nextflow.Session - [93/7521f4] Submitted process > revertFile (48)
Dec-18 17:13:13.146 [Task submitter] INFO  nextflow.Session - [2f/8f42ab] Submitted process > revertFile (49)
Dec-18 17:13:13.196 [Task submitter] INFO  nextflow.Session - [72/976c11] Submitted process > revertFile (50)
Dec-18 17:13:13.245 [Task submitter] INFO  nextflow.Session - [4e/617d70] Submitted process > revertFile (79)
Dec-18 17:13:13.293 [Task submitter] INFO  nextflow.Session - [4d/8bdc39] Submitted process > revertFile (51)
Dec-18 17:13:13.344 [Task submitter] INFO  nextflow.Session - [e8/44b2c5] Submitted process > revertFile (52)
Dec-18 17:13:13.397 [Task submitter] INFO  nextflow.Session - [a4/4f73e2] Submitted process > revertFile (56)
Dec-18 17:13:13.446 [Task submitter] INFO  nextflow.Session - [c2/724d8b] Submitted process > revertFile (53)
Dec-18 17:13:13.488 [Task submitter] INFO  nextflow.Session - [96/f573e0] Submitted process > revertFile (54)
Dec-18 17:13:13.529 [Task submitter] INFO  nextflow.Session - [fb/171538] Submitted process > revertFile (55)
Dec-18 17:13:13.576 [Task submitter] INFO  nextflow.Session - [fd/9488c0] Submitted process > revertFile (57)
Dec-18 17:13:13.624 [Task submitter] INFO  nextflow.Session - [f7/09d587] Submitted process > revertFile (59)
Dec-18 17:13:13.672 [Task submitter] INFO  nextflow.Session - [91/f838b5] Submitted process > revertFile (60)
Dec-18 17:13:13.720 [Task submitter] INFO  nextflow.Session - [63/e7bcef] Submitted process > revertFile (61)
Dec-18 17:13:13.768 [Task submitter] INFO  nextflow.Session - [cd/57d4db] Submitted process > revertFile (64)
Dec-18 17:13:13.820 [Task submitter] INFO  nextflow.Session - [12/e0a69c] Submitted process > revertFile (62)
Dec-18 17:13:13.872 [Task submitter] INFO  nextflow.Session - [44/6a45c2] Submitted process > revertFile (65)
Dec-18 17:13:13.925 [Task submitter] INFO  nextflow.Session - [25/f813d4] Submitted process > revertFile (66)
Dec-18 17:13:13.978 [Task submitter] INFO  nextflow.Session - [0d/d97b30] Submitted process > revertFile (67)
Dec-18 17:13:14.032 [Task submitter] INFO  nextflow.Session - [7c/fac911] Submitted process > revertFile (68)
Dec-18 17:13:14.087 [Task submitter] INFO  nextflow.Session - [c2/8931ad] Submitted process > revertFile (72)
Dec-18 17:13:14.146 [Task submitter] INFO  nextflow.Session - [36/185096] Submitted process > revertFile (70)
Dec-18 17:13:14.206 [Task submitter] INFO  nextflow.Session - [c5/f589f5] Submitted process > revertFile (71)
Dec-18 17:13:14.267 [Task submitter] INFO  nextflow.Session - [dc/24ae98] Submitted process > revertFile (73)
Dec-18 17:13:14.328 [Task submitter] INFO  nextflow.Session - [86/e12677] Submitted process > revertFile (75)
Dec-18 17:13:14.387 [Task submitter] INFO  nextflow.Session - [ce/cc103a] Submitted process > revertFile (74)
Dec-18 17:13:14.450 [Task submitter] INFO  nextflow.Session - [9e/66c91d] Submitted process > revertFile (76)
Dec-18 17:13:14.516 [Task submitter] INFO  nextflow.Session - [d5/2b6507] Submitted process > revertFile (77)
Dec-18 17:13:14.582 [Task submitter] INFO  nextflow.Session - [b5/8e19c3] Submitted process > revertFile (78)
Dec-18 17:13:14.650 [Task submitter] INFO  nextflow.Session - [8c/2da165] Submitted process > revertFile (80)
Dec-18 17:13:14.718 [Task submitter] INFO  nextflow.Session - [66/14d8c2] Submitted process > revertFile (82)
Dec-18 17:13:14.784 [Task submitter] INFO  nextflow.Session - [3a/6bbf1e] Submitted process > revertFile (84)
Dec-18 17:13:14.850 [Task submitter] INFO  nextflow.Session - [ac/a829cf] Submitted process > revertFile (81)
Dec-18 17:13:14.920 [Task submitter] INFO  nextflow.Session - [ee/04f9c0] Submitted process > revertFile (83)
Dec-18 17:13:14.988 [Task submitter] INFO  nextflow.Session - [f8/237ca9] Submitted process > revertFile (85)
Dec-18 17:13:15.053 [Task submitter] INFO  nextflow.Session - [d6/3f1bcf] Submitted process > revertFile (86)
Dec-18 17:13:15.106 [Task submitter] INFO  nextflow.Session - [7b/4a2ccc] Submitted process > revertFile (87)
Dec-18 17:13:15.163 [Task submitter] INFO  nextflow.Session - [ce/3132c0] Submitted process > revertFile (88)
Dec-18 17:13:15.220 [Task submitter] INFO  nextflow.Session - [46/f5a853] Submitted process > revertFile (90)
Dec-18 17:13:15.276 [Task submitter] INFO  nextflow.Session - [65/398ad5] Submitted process > revertFile (89)
Dec-18 17:13:15.333 [Task submitter] INFO  nextflow.Session - [2f/ede95d] Submitted process > revertFile (92)
Dec-18 17:13:15.395 [Task submitter] INFO  nextflow.Session - [a3/ccbf9a] Submitted process > revertFile (91)
Dec-18 17:13:15.454 [Task submitter] INFO  nextflow.Session - [6a/889d8e] Submitted process > revertFile (95)
Dec-18 17:13:15.500 [Task submitter] INFO  nextflow.Session - [74/b0c77d] Submitted process > revertFile (94)
Dec-18 17:13:15.550 [Task submitter] INFO  nextflow.Session - [be/828474] Submitted process > revertFile (93)
Dec-18 17:13:15.600 [Task submitter] INFO  nextflow.Session - [dc/d0ddd8] Submitted process > revertFile (96)
Dec-18 17:13:15.649 [Task submitter] INFO  nextflow.Session - [bd/a0f4e8] Submitted process > revertFile (97)
Dec-18 17:13:15.698 [Task submitter] INFO  nextflow.Session - [0b/ad4948] Submitted process > revertFile (99)
Dec-18 17:13:15.751 [Task submitter] INFO  nextflow.Session - [ed/3afd8d] Submitted process > revertFile (98)
Dec-18 17:13:15.803 [Task submitter] INFO  nextflow.Session - [e2/6688ed] Submitted process > revertFile (100)
Dec-18 17:13:26.260 [Task monitor] DEBUG n.processor.TaskPollingMonitor - Task completed > TaskHandler[id: 32; name: revertFile (31); status: COMPLETED; exit: 0; error: -; workDir: /input/data/work/80/0f57dd7173bdff2ea5e0f67e360aad]
Dec-18 17:13:26.309 [Task monitor] DEBUG n.processor.TaskPollingMonitor - Task completed > TaskHandler[id: 6; name: revertFile (5); status: COMPLETED; exit: 0; error: -; workDir: /input/data/work/ae/9abe4089dfc42837b551444394bc25]
Dec-18 17:13:27.234 [Task monitor] DEBUG n.processor.TaskPollingMonitor - Task completed > TaskHandler[id: 42; name: revertFile (41); status: COMPLETED; exit: 0; error: -; workDir: /input/data/work/5e/c91ba21abb527009dc3e82789c1098]
Dec-18 17:13:38.368 [Task monitor] DEBUG n.processor.TaskPollingMonitor - Task completed > TaskHandler[id: 77; name: revertFile (76); status: COMPLETED; exit: 0; error: -; workDir: /input/data/work/9e/66c91d8fd48f08120614b6fed297b6]
Dec-18 17:13:38.721 [Task monitor] DEBUG n.processor.TaskPollingMonitor - Task completed > TaskHandler[id: 91; name: revertFile (90); status: COMPLETED; exit: 0; error: -; workDir: /input/data/work/46/f5a853660f588475cc91a7bcd747eb]
Dec-18 17:13:39.020 [Task monitor] DEBUG n.processor.TaskPollingMonitor - Task completed > TaskHandler[id: 101; name: revertFile (100); status: COMPLETED; exit: 0; error: -; workDir: /input/data/work/e2/6688ed74de6145b764eb4ed6f9cdef]
Dec-18 17:13:43.758 [Task monitor] DEBUG n.processor.TaskPollingMonitor - Task completed > TaskHandler[id: 98; name: revertFile (97); status: COMPLETED; exit: 0; error: -; workDir: /input/data/work/bd/a0f4e829ed907ea78b1c783c5f1d40]
Dec-18 17:13:43.808 [Task monitor] DEBUG n.processor.TaskPollingMonitor - Task completed > TaskHandler[id: 100; name: revertFile (99); status: COMPLETED; exit: 0; error: -; workDir: /input/data/work/0b/ad4948aa306c53d5d899c6c4e8ae40]
Dec-18 17:13:43.858 [Task monitor] DEBUG n.processor.TaskPollingMonitor - Task completed > TaskHandler[id: 99; name: revertFile (98); status: COMPLETED; exit: 0; error: -; workDir: /input/data/work/ed/3afd8daad370f8bf66a7caaca6d2c2]
Dec-18 17:13:53.726 [Task monitor] DEBUG n.processor.TaskPollingMonitor - Task completed > TaskHandler[id: 95; name: revertFile (94); status: COMPLETED; exit: 0; error: -; workDir: /input/data/work/74/b0c77d908c55dc9f2048513e510a93]
Dec-18 17:13:53.771 [Task monitor] DEBUG n.processor.TaskPollingMonitor - Task completed > TaskHandler[id: 94; name: revertFile (93); status: COMPLETED; exit: 0; error: -; workDir: /input/data/work/be/828474f1ebc26d317e572314b319ed]
Dec-18 17:13:53.814 [Task monitor] DEBUG n.processor.TaskPollingMonitor - Task completed > TaskHandler[id: 97; name: revertFile (96); status: COMPLETED; exit: 0; error: -; workDir: /input/data/work/dc/d0ddd875b78d571fed4178bbfb9745]
Dec-18 17:13:58.586 [Task monitor] DEBUG n.processor.TaskPollingMonitor - Task completed > TaskHandler[id: 93; name: revertFile (92); status: COMPLETED; exit: 0; error: -; workDir: /input/data/work/2f/ede95d0d2d666d9498b173a699459b]
Dec-18 17:13:58.639 [Task monitor] DEBUG n.processor.TaskPollingMonitor - Task completed > TaskHandler[id: 92; name: revertFile (91); status: COMPLETED; exit: 0; error: -; workDir: /input/data/work/a3/ccbf9addfb222b2d9a24546cc28a26]
Dec-18 17:13:58.695 [Task monitor] DEBUG n.processor.TaskPollingMonitor - Task completed > TaskHandler[id: 96; name: revertFile (95); status: COMPLETED; exit: 0; error: -; workDir: /input/data/work/6a/889d8e42f6b184e5e63bf64ce8da59]
Dec-18 17:14:08.528 [Task monitor] DEBUG n.processor.TaskPollingMonitor - Task completed > TaskHandler[id: 88; name: revertFile (87); status: COMPLETED; exit: 0; error: -; workDir: /input/data/work/7b/4a2ccc23c576b190e2e9046cfda051]
Dec-18 17:14:08.574 [Task monitor] DEBUG n.processor.TaskPollingMonitor - Task completed > TaskHandler[id: 89; name: revertFile (88); status: COMPLETED; exit: 0; error: -; workDir: /input/data/work/ce/3132c0eee5795b106eff4834e36034]
Dec-18 17:14:08.615 [Task monitor] DEBUG n.processor.TaskPollingMonitor - Task completed > TaskHandler[id: 90; name: revertFile (89); status: COMPLETED; exit: 0; error: -; workDir: /input/data/work/65/398ad58f5171a5b82b0d2497a03d96]
Dec-18 17:14:13.511 [Task monitor] DEBUG n.processor.TaskPollingMonitor - Task completed > TaskHandler[id: 84; name: revertFile (83); status: COMPLETED; exit: 0; error: -; workDir: /input/data/work/ee/04f9c0d5620aa453c28cf61d829722]
Dec-18 17:14:13.560 [Task monitor] DEBUG n.processor.TaskPollingMonitor - Task completed > TaskHandler[id: 86; name: revertFile (85); status: COMPLETED; exit: 0; error: -; workDir: /input/data/work/f8/237ca9b18fea1f67fb321497946417]
Dec-18 17:14:13.608 [Task monitor] DEBUG n.processor.TaskPollingMonitor - Task completed > TaskHandler[id: 87; name: revertFile (86); status: COMPLETED; exit: 0; error: -; workDir: /input/data/work/d6/3f1bcf4a165ff5965dcb2b93703c8d]
Dec-18 17:14:23.377 [Task monitor] DEBUG n.processor.TaskPollingMonitor - Task completed > TaskHandler[id: 83; name: revertFile (82); status: COMPLETED; exit: 0; error: -; workDir: /input/data/work/66/14d8c2776d32fbeb1f6c64c8f2875c]
Dec-18 17:14:23.419 [Task monitor] DEBUG n.processor.TaskPollingMonitor - Task completed > TaskHandler[id: 85; name: revertFile (84); status: COMPLETED; exit: 0; error: -; workDir: /input/data/work/3a/6bbf1e1030394c86a193b2b18df209]
Dec-18 17:14:23.465 [Task monitor] DEBUG n.processor.TaskPollingMonitor - Task completed > TaskHandler[id: 82; name: revertFile (81); status: COMPLETED; exit: 0; error: -; workDir: /input/data/work/ac/a829cfc9b6ba06964540c62c40510b]
Dec-18 17:14:28.313 [Task monitor] DEBUG n.processor.TaskPollingMonitor - Task completed > TaskHandler[id: 78; name: revertFile (77); status: COMPLETED; exit: 0; error: -; workDir: /input/data/work/d5/2b650724e4e6e86edde6d829896161]
Dec-18 17:14:28.363 [Task monitor] DEBUG n.processor.TaskPollingMonitor - Task completed > TaskHandler[id: 79; name: revertFile (78); status: COMPLETED; exit: 0; error: -; workDir: /input/data/work/b5/8e19c33f9335ba84b5e53d78004da8]
Dec-18 17:14:28.410 [Task monitor] DEBUG n.processor.TaskPollingMonitor - Task completed > TaskHandler[id: 81; name: revertFile (80); status: COMPLETED; exit: 0; error: -; workDir: /input/data/work/8c/2da165c0465479afaa0f554b6723af]
Dec-18 17:14:38.186 [Task monitor] DEBUG n.processor.TaskPollingMonitor - Task completed > TaskHandler[id: 74; name: revertFile (73); status: COMPLETED; exit: 0; error: -; workDir: /input/data/work/dc/24ae98653e9cbac6bfa97c465b5604]
Dec-18 17:14:38.227 [Task monitor] DEBUG n.processor.TaskPollingMonitor - Task completed > TaskHandler[id: 76; name: revertFile (75); status: COMPLETED; exit: 0; error: -; workDir: /input/data/work/86/e12677bdb8eb9d597ab5264a83d3c7]
Dec-18 17:14:38.268 [Task monitor] DEBUG n.processor.TaskPollingMonitor - Task completed > TaskHandler[id: 75; name: revertFile (74); status: COMPLETED; exit: 0; error: -; workDir: /input/data/work/ce/cc103a2232a9a1769e57d251179a85]
Dec-18 17:14:43.118 [Task monitor] DEBUG n.processor.TaskPollingMonitor - Task completed > TaskHandler[id: 73; name: revertFile (72); status: COMPLETED; exit: 0; error: -; workDir: /input/data/work/c2/8931ade71d08f14439a2c5b02fd836]
Dec-18 17:14:43.169 [Task monitor] DEBUG n.processor.TaskPollingMonitor - Task completed > TaskHandler[id: 71; name: revertFile (70); status: COMPLETED; exit: 0; error: -; workDir: /input/data/work/36/18509645026ace9d6af755fa5f9360]
Dec-18 17:14:43.219 [Task monitor] DEBUG n.processor.TaskPollingMonitor - Task completed > TaskHandler[id: 72; name: revertFile (71); status: COMPLETED; exit: 0; error: -; workDir: /input/data/work/c5/f589f5b158d1bbd82014f93a7a2d22]
Dec-18 17:14:53.010 [Task monitor] DEBUG n.processor.TaskPollingMonitor - Task completed > TaskHandler[id: 67; name: revertFile (66); status: COMPLETED; exit: 0; error: -; workDir: /input/data/work/25/f813d4836270d0054b3633ea286293]
Dec-18 17:14:53.046 [Task monitor] DEBUG n.processor.TaskPollingMonitor - Task completed > TaskHandler[id: 68; name: revertFile (67); status: COMPLETED; exit: 0; error: -; workDir: /input/data/work/0d/d97b30cc960e2b7e9f80649324b2fe]
Dec-18 17:14:53.084 [Task monitor] DEBUG n.processor.TaskPollingMonitor - Task completed > TaskHandler[id: 69; name: revertFile (68); status: COMPLETED; exit: 0; error: -; workDir: /input/data/work/7c/fac91194c08453e84762a4745b3f64]
Dec-18 17:14:57.950 [Task monitor] DEBUG n.processor.TaskPollingMonitor - Task completed > TaskHandler[id: 65; name: revertFile (64); status: COMPLETED; exit: 0; error: -; workDir: /input/data/work/cd/57d4db1899a0deaa34c6497218534d]
Dec-18 17:14:58.003 [Task monitor] DEBUG n.processor.TaskPollingMonitor - Task completed > TaskHandler[id: 63; name: revertFile (62); status: COMPLETED; exit: 0; error: -; workDir: /input/data/work/12/e0a69ce419932be5df0ea6c3283bcb]
Dec-18 17:14:58.055 [Task monitor] DEBUG n.processor.TaskPollingMonitor - Task completed > TaskHandler[id: 66; name: revertFile (65); status: COMPLETED; exit: 0; error: -; workDir: /input/data/work/44/6a45c26a2a4a6cb46efc445e00289d]
Dec-18 17:15:06.984 [Task monitor] DEBUG n.processor.TaskPollingMonitor - Task completed > TaskHandler[id: 14; name: revertFile (13); status: COMPLETED; exit: 0; error: -; workDir: /input/data/work/a6/d39a8b3edaf407f858022764daf2d4]
Dec-18 17:15:07.025 [Task monitor] DEBUG n.processor.TaskPollingMonitor - Task completed > TaskHandler[id: 23; name: revertFile (22); status: COMPLETED; exit: 0; error: -; workDir: /input/data/work/ff/24a703e2d61da1e090612937bfc454]
Dec-18 17:15:07.974 [Task monitor] DEBUG n.processor.TaskPollingMonitor - Task completed > TaskHandler[id: 62; name: revertFile (61); status: COMPLETED; exit: 0; error: -; workDir: /input/data/work/63/e7bcefeba5e5eacbfc51e8b7c49496]
Dec-18 17:15:11.969 [Task monitor] DEBUG n.processor.TaskPollingMonitor - Task completed > TaskHandler[id: 8; name: revertFile (7); status: COMPLETED; exit: 0; error: -; workDir: /input/data/work/f0/82ebc0eec1ddba999c6415f0fe10eb]
Dec-18 17:15:12.021 [Task monitor] DEBUG n.processor.TaskPollingMonitor - Task completed > TaskHandler[id: 34; name: revertFile (33); status: COMPLETED; exit: 0; error: -; workDir: /input/data/work/6a/69d78594bff435c524c4cc87cfa1fb]
Dec-18 17:15:12.070 [Task monitor] DEBUG n.processor.TaskPollingMonitor - Task completed > TaskHandler[id: 59; name: revertFile (58); status: COMPLETED; exit: 0; error: -; workDir: /input/data/work/d3/cccd5d1731b6bf30b9c101395b636b]
Dec-18 17:15:21.966 [Task monitor] DEBUG n.processor.TaskPollingMonitor - Task completed > TaskHandler[id: 30; name: revertFile (29); status: COMPLETED; exit: 0; error: -; workDir: /input/data/work/67/4cbb1897e4dd882b33c968d3bc4f06]
Dec-18 17:15:22.001 [Task monitor] DEBUG n.processor.TaskPollingMonitor - Task completed > TaskHandler[id: 21; name: revertFile (20); status: COMPLETED; exit: 0; error: -; workDir: /input/data/work/7f/9391fbbb4ae61a1fe347162e4269de]
Dec-18 17:15:22.040 [Task monitor] DEBUG n.processor.TaskPollingMonitor - Task completed > TaskHandler[id: 35; name: revertFile (34); status: COMPLETED; exit: 0; error: -; workDir: /input/data/work/94/5c9aea40bc67508585f723e12b16eb]
Dec-18 17:15:26.987 [Task monitor] DEBUG n.processor.TaskPollingMonitor - Task completed > TaskHandler[id: 64; name: revertFile (63); status: COMPLETED; exit: 0; error: -; workDir: /input/data/work/c7/a9b4ea515bea5ad7e209f02d200bfb]
Dec-18 17:15:27.662 [Task monitor] DEBUG n.processor.TaskPollingMonitor - Task completed > TaskHandler[id: 60; name: revertFile (59); status: COMPLETED; exit: 0; error: -; workDir: /input/data/work/f7/09d587e438a60074bff69c6bcbf907]
Dec-18 17:15:27.707 [Task monitor] DEBUG n.processor.TaskPollingMonitor - Task completed > TaskHandler[id: 61; name: revertFile (60); status: COMPLETED; exit: 0; error: -; workDir: /input/data/work/91/f838b5abb9b2cef26d3f8f431f6914]
Dec-18 17:15:37.489 [Task monitor] DEBUG n.processor.TaskPollingMonitor - Task completed > TaskHandler[id: 55; name: revertFile (54); status: COMPLETED; exit: 0; error: -; workDir: /input/data/work/96/f573e06a0b00db7a93242f4e543e69]
Dec-18 17:15:37.532 [Task monitor] DEBUG n.processor.TaskPollingMonitor - Task completed > TaskHandler[id: 56; name: revertFile (55); status: COMPLETED; exit: 0; error: -; workDir: /input/data/work/fb/171538f5060a097583d537cc453776]
Dec-18 17:15:37.571 [Task monitor] DEBUG n.processor.TaskPollingMonitor - Task completed > TaskHandler[id: 58; name: revertFile (57); status: COMPLETED; exit: 0; error: -; workDir: /input/data/work/fd/9488c0b78b156e269e54ce9c087c2d]
Dec-18 17:15:42.468 [Task monitor] DEBUG n.processor.TaskPollingMonitor - Task completed > TaskHandler[id: 53; name: revertFile (52); status: COMPLETED; exit: 0; error: -; workDir: /input/data/work/e8/44b2c5c453c692ebfa9dcd06c27250]
Dec-18 17:15:42.515 [Task monitor] DEBUG n.processor.TaskPollingMonitor - Task completed > TaskHandler[id: 57; name: revertFile (56); status: COMPLETED; exit: 0; error: -; workDir: /input/data/work/a4/4f73e275ad4bc9c0bf2d789564b9a8]
Dec-18 17:15:42.566 [Task monitor] DEBUG n.processor.TaskPollingMonitor - Task completed > TaskHandler[id: 54; name: revertFile (53); status: COMPLETED; exit: 0; error: -; workDir: /input/data/work/c2/724d8b415e0f35a47fa82c13a7e74d]
Dec-18 17:15:52.351 [Task monitor] DEBUG n.processor.TaskPollingMonitor - Task completed > TaskHandler[id: 51; name: revertFile (50); status: COMPLETED; exit: 0; error: -; workDir: /input/data/work/72/976c11cf23bd3e775f34a51825ab55]
Dec-18 17:15:52.390 [Task monitor] DEBUG n.processor.TaskPollingMonitor - Task completed > TaskHandler[id: 80; name: revertFile (79); status: COMPLETED; exit: 0; error: -; workDir: /input/data/work/4e/617d70a1118d5d9da32b50a1f559b8]
Dec-18 17:15:52.431 [Task monitor] DEBUG n.processor.TaskPollingMonitor - Task completed > TaskHandler[id: 52; name: revertFile (51); status: COMPLETED; exit: 0; error: -; workDir: /input/data/work/4d/8bdc39054a133f8f97993ca7aafd6d]
Dec-18 17:15:57.300 [Task monitor] DEBUG n.processor.TaskPollingMonitor - Task completed > TaskHandler[id: 48; name: revertFile (47); status: COMPLETED; exit: 0; error: -; workDir: /input/data/work/21/4efe0af4ba1f7050d6dfeb70dd095c]
Dec-18 17:15:57.345 [Task monitor] DEBUG n.processor.TaskPollingMonitor - Task completed > TaskHandler[id: 49; name: revertFile (48); status: COMPLETED; exit: 0; error: -; workDir: /input/data/work/93/7521f4cad7c41150b64b9ab9e9c9f4]
Dec-18 17:15:57.391 [Task monitor] DEBUG n.processor.TaskPollingMonitor - Task completed > TaskHandler[id: 50; name: revertFile (49); status: COMPLETED; exit: 0; error: -; workDir: /input/data/work/2f/8f42ab570cc267dbb9a09884ba7d5d]
Dec-18 17:16:07.183 [Task monitor] DEBUG n.processor.TaskPollingMonitor - Task completed > TaskHandler[id: 45; name: revertFile (44); status: COMPLETED; exit: 0; error: -; workDir: /input/data/work/d8/ec680d8b42508ef7de672bdc8a7605]
Dec-18 17:16:07.220 [Task monitor] DEBUG n.processor.TaskPollingMonitor - Task completed > TaskHandler[id: 47; name: revertFile (46); status: COMPLETED; exit: 0; error: -; workDir: /input/data/work/3a/828a85c5e3829bab86e83a363ff7ad]
Dec-18 17:16:07.257 [Task monitor] DEBUG n.processor.TaskPollingMonitor - Task completed > TaskHandler[id: 46; name: revertFile (45); status: COMPLETED; exit: 0; error: -; workDir: /input/data/work/8b/24faa3d80a99af20a12f1092626290]
Dec-18 17:16:12.111 [Task monitor] DEBUG n.processor.TaskPollingMonitor - Task completed > TaskHandler[id: 41; name: revertFile (40); status: COMPLETED; exit: 0; error: -; workDir: /input/data/work/13/881ca3246d687155903a6f065507d0]
Dec-18 17:16:12.161 [Task monitor] DEBUG n.processor.TaskPollingMonitor - Task completed > TaskHandler[id: 43; name: revertFile (42); status: COMPLETED; exit: 0; error: -; workDir: /input/data/work/46/21a8181e556f90de6c058d69c56706]
Dec-18 17:16:12.209 [Task monitor] DEBUG n.processor.TaskPollingMonitor - Task completed > TaskHandler[id: 44; name: revertFile (43); status: COMPLETED; exit: 0; error: -; workDir: /input/data/work/5f/b01b847271e2640a817108d9445494]
Dec-18 17:16:21.992 [Task monitor] DEBUG n.processor.TaskPollingMonitor - Task completed > TaskHandler[id: 39; name: revertFile (38); status: COMPLETED; exit: 0; error: -; workDir: /input/data/work/3a/70606fdba02dcd17e31f34567d66fd]
Dec-18 17:16:22.032 [Task monitor] DEBUG n.processor.TaskPollingMonitor - Task completed > TaskHandler[id: 38; name: revertFile (37); status: COMPLETED; exit: 0; error: -; workDir: /input/data/work/ba/5fb38af04a6cab40adee8ec6270214]
Dec-18 17:16:22.069 [Task monitor] DEBUG n.processor.TaskPollingMonitor - Task completed > TaskHandler[id: 70; name: revertFile (69); status: COMPLETED; exit: 0; error: -; workDir: /input/data/work/2b/be1d082905444ae3f56f299b8da992]
Dec-18 17:16:26.996 [Task monitor] DEBUG n.processor.TaskPollingMonitor - Task completed > TaskHandler[id: 36; name: revertFile (35); status: COMPLETED; exit: 0; error: -; workDir: /input/data/work/73/5809ebdc13ad92714b3fe484244477]
Dec-18 17:16:27.052 [Task monitor] DEBUG n.processor.TaskPollingMonitor - Task completed > TaskHandler[id: 40; name: revertFile (39); status: COMPLETED; exit: 0; error: -; workDir: /input/data/work/c3/0a9120e9d2924d6b95701ce534002c]
Dec-18 17:16:27.098 [Task monitor] DEBUG n.processor.TaskPollingMonitor - Task completed > TaskHandler[id: 37; name: revertFile (36); status: COMPLETED; exit: 0; error: -; workDir: /input/data/work/79/83af7737ed319cf28d840fc823cbc4]
Dec-18 17:16:36.848 [Task monitor] DEBUG n.processor.TaskPollingMonitor - Task completed > TaskHandler[id: 26; name: revertFile (25); status: COMPLETED; exit: 0; error: -; workDir: /input/data/work/00/910015e8639f1157529b1273a8ab3c]
Dec-18 17:16:36.885 [Task monitor] DEBUG n.processor.TaskPollingMonitor - Task completed > TaskHandler[id: 3; name: revertFile (2); status: COMPLETED; exit: 0; error: -; workDir: /input/data/work/f0/586f7b0176a91584513a86c6f616fd]
Dec-18 17:16:36.927 [Task monitor] DEBUG n.processor.TaskPollingMonitor - Task completed > TaskHandler[id: 22; name: revertFile (21); status: COMPLETED; exit: 0; error: -; workDir: /input/data/work/d9/918ff6e7c414abedfa5edf1e001aa4]
Dec-18 17:16:41.819 [Task monitor] DEBUG n.processor.TaskPollingMonitor - Task completed > TaskHandler[id: 2; name: revertFile (1); status: COMPLETED; exit: 0; error: -; workDir: /input/data/work/bb/22a3b89f13da20fe32cd51920cb660]
Dec-18 17:16:41.870 [Task monitor] DEBUG n.processor.TaskPollingMonitor - Task completed > TaskHandler[id: 10; name: revertFile (9); status: COMPLETED; exit: 0; error: -; workDir: /input/data/work/e0/f362e67ad72111c8e9daf074381059]
Dec-18 17:16:41.912 [Task monitor] DEBUG n.processor.TaskPollingMonitor - Task completed > TaskHandler[id: 4; name: revertFile (3); status: COMPLETED; exit: 0; error: -; workDir: /input/data/work/2a/1039a992f1c91e5f9957888e126e91]
Dec-18 17:16:51.662 [Task monitor] DEBUG n.processor.TaskPollingMonitor - Task completed > TaskHandler[id: 17; name: revertFile (16); status: COMPLETED; exit: 0; error: -; workDir: /input/data/work/03/9cf57de79121a3644b0fa1f8bf0c66]
Dec-18 17:16:51.700 [Task monitor] DEBUG n.processor.TaskPollingMonitor - Task completed > TaskHandler[id: 27; name: revertFile (26); status: COMPLETED; exit: 0; error: -; workDir: /input/data/work/1b/bf6a7c0c044ca8aa887312f90a4780]
Dec-18 17:16:51.737 [Task monitor] DEBUG n.processor.TaskPollingMonitor - Task completed > TaskHandler[id: 33; name: revertFile (32); status: COMPLETED; exit: 0; error: -; workDir: /input/data/work/81/e33bd18966ba51845cb8423c864a69]
Dec-18 17:16:56.649 [Task monitor] DEBUG n.processor.TaskPollingMonitor - Task completed > TaskHandler[id: 18; name: revertFile (17); status: COMPLETED; exit: 0; error: -; workDir: /input/data/work/cd/c978b9066794ae8b93fb395dbe9956]
Dec-18 17:16:56.694 [Task monitor] DEBUG n.processor.TaskPollingMonitor - Task completed > TaskHandler[id: 19; name: revertFile (18); status: COMPLETED; exit: 0; error: -; workDir: /input/data/work/c9/487a498c94044b7f8f1df2c135ab35]
Dec-18 17:16:56.739 [Task monitor] DEBUG n.processor.TaskPollingMonitor - Task completed > TaskHandler[id: 5; name: revertFile (4); status: COMPLETED; exit: 0; error: -; workDir: /input/data/work/32/84ea6d9f7247bf016d527ba80f027e]
Dec-18 17:17:06.489 [Task monitor] DEBUG n.processor.TaskPollingMonitor - Task completed > TaskHandler[id: 28; name: revertFile (27); status: COMPLETED; exit: 0; error: -; workDir: /input/data/work/75/df63918ceb195e516141aa28660d23]
Dec-18 17:17:06.529 [Task monitor] DEBUG n.processor.TaskPollingMonitor - Task completed > TaskHandler[id: 24; name: revertFile (23); status: COMPLETED; exit: 0; error: -; workDir: /input/data/work/9d/27d6ad5c363d7fc4a3aa8493eabcfd]
Dec-18 17:17:06.570 [Task monitor] DEBUG n.processor.TaskPollingMonitor - Task completed > TaskHandler[id: 13; name: revertFile (12); status: COMPLETED; exit: 0; error: -; workDir: /input/data/work/a4/acd301f17c1785cfb607189bc4d91a]
Dec-18 17:17:11.476 [Task monitor] DEBUG n.processor.TaskPollingMonitor - Task completed > TaskHandler[id: 15; name: revertFile (14); status: COMPLETED; exit: 0; error: -; workDir: /input/data/work/f3/cd3cbb5f67bf529c245f34a8a416fb]
Dec-18 17:17:11.523 [Task monitor] DEBUG n.processor.TaskPollingMonitor - Task completed > TaskHandler[id: 11; name: revertFile (10); status: COMPLETED; exit: 0; error: -; workDir: /input/data/work/2c/c4f9434871d20220411334055d6808]
Dec-18 17:17:11.571 [Task monitor] DEBUG n.processor.TaskPollingMonitor - Task completed > TaskHandler[id: 9; name: revertFile (8); status: COMPLETED; exit: 0; error: -; workDir: /input/data/work/a0/c540774842d5626dec64ffcd3ff651]
Dec-18 17:17:21.342 [Task monitor] DEBUG n.processor.TaskPollingMonitor - Task completed > TaskHandler[id: 12; name: revertFile (11); status: COMPLETED; exit: 0; error: -; workDir: /input/data/work/df/4ea10b7d71f9e9953056848d52b48d]
Dec-18 17:17:21.380 [Task monitor] DEBUG n.processor.TaskPollingMonitor - Task completed > TaskHandler[id: 7; name: revertFile (6); status: COMPLETED; exit: 0; error: -; workDir: /input/data/work/75/f33c0b820820075b1111e28d50954c]
Dec-18 17:17:21.417 [Task monitor] DEBUG n.processor.TaskPollingMonitor - Task completed > TaskHandler[id: 31; name: revertFile (30); status: COMPLETED; exit: 0; error: -; workDir: /input/data/work/5e/b6a95cd6431a263df6ff6b3ad0bdb7]
Dec-18 17:17:26.304 [Task monitor] DEBUG n.processor.TaskPollingMonitor - Task completed > TaskHandler[id: 29; name: revertFile (28); status: COMPLETED; exit: 0; error: -; workDir: /input/data/work/df/9774738b7428c6f64425c8fcc5d430]
Dec-18 17:17:26.350 [Task monitor] DEBUG n.processor.TaskPollingMonitor - Task completed > TaskHandler[id: 20; name: revertFile (19); status: COMPLETED; exit: 0; error: -; workDir: /input/data/work/83/45fcad5c7c062cfc142d73082a635a]
Dec-18 17:17:26.395 [Task monitor] DEBUG n.processor.TaskPollingMonitor - Task completed > TaskHandler[id: 25; name: revertFile (24); status: COMPLETED; exit: 0; error: -; workDir: /input/data/work/aa/b542b9f0c72ad842b99cb5fd4145f2]
Dec-18 17:17:31.268 [Task monitor] DEBUG n.processor.TaskPollingMonitor - Task completed > TaskHandler[id: 16; name: revertFile (15); status: COMPLETED; exit: 0; error: -; workDir: /input/data/work/6f/79b36bb86169159adfd6c0465239b2]
Dec-18 17:17:31.271 [main] DEBUG nextflow.Session - Session await > all processes finished
Dec-18 17:17:31.272 [main] DEBUG nextflow.Session - Session await > all barriers passed
Dec-18 17:17:31.283 [main] DEBUG n.trace.WorkflowStatsObserver - Workflow completed > WorkflowStats[succeededCount=101; failedCount=0; ignoredCount=0; cachedCount=0; pendingCount=0; submittedCount=0; runningCount=0; retriesCount=0; abortedCount=0; succeedDuration=1h 30m 11s; failedDuration=0ms; cachedDuration=0ms;loadCpus=0; loadMemory=0; peakRunning=9; peakCpus=90; peakMemory=90 GB; ]
Dec-18 17:17:31.283 [main] DEBUG nextflow.trace.TraceFileObserver - Workflow completed -- saving trace file
Dec-18 17:17:31.284 [main] DEBUG nextflow.trace.ReportObserver - Workflow completed -- rendering execution report
Dec-18 17:17:31.890 [main] DEBUG nextflow.trace.TimelineObserver - Workflow completed -- rendering execution timeline
Dec-18 17:17:32.034 [main] DEBUG nextflow.cache.CacheDB - Closing CacheDB done
Dec-18 17:17:32.057 [main] DEBUG nextflow.util.ThreadPoolManager - Thread pool 'FileTransfer' shutdown completed (hard=false)
Dec-18 17:17:32.057 [main] DEBUG nextflow.script.ScriptRunner - > Execution complete -- Goodbye
