Dec-18 13:51:18.184 [main] DEBUG nextflow.cli.Launcher - $> nextflow run /input/allIntoOne -c /experiments/experiment/allIntoOne/nextflow.config -c /experiments/experiment/nextflow_cws.config -c /experiments/experiment/nextflow_ceph.config
Dec-18 13:51:18.244 [main] INFO  nextflow.cli.CmdRun - N E X T F L O W  ~  version 23.07.0-edge
Dec-18 13:51:18.262 [main] DEBUG nextflow.plugin.PluginsFacade - Setting up plugin manager > mode=prod; embedded=false; plugins-dir=/.nextflow/plugins; core-plugins: nf-amazon@2.1.0,nf-azure@1.1.4,nf-cloudcache@0.1.0,nf-codecommit@0.1.5,nf-console@1.0.6,nf-ga4gh@1.1.0,nf-google@1.8.1,nf-tower@1.5.15,nf-wave@0.11.0
Dec-18 13:51:18.271 [main] INFO  o.pf4j.DefaultPluginStatusProvider - Enabled plugins: []
Dec-18 13:51:18.272 [main] INFO  o.pf4j.DefaultPluginStatusProvider - Disabled plugins: []
Dec-18 13:51:18.274 [main] INFO  org.pf4j.DefaultPluginManager - PF4J version 3.4.1 in 'deployment' mode
Dec-18 13:51:18.281 [main] INFO  org.pf4j.AbstractPluginManager - No plugins
Dec-18 13:51:18.301 [main] DEBUG nextflow.scm.AssetManager - Project manifest does not exist: /input/allIntoOne/nextflow.config (No such file or directory)
Dec-18 13:51:18.323 [main] DEBUG nextflow.config.ConfigBuilder - User config file: /experiments/experiment/allIntoOne/nextflow.config
Dec-18 13:51:18.323 [main] DEBUG nextflow.config.ConfigBuilder - User config file: /experiments/experiment/nextflow_cws.config
Dec-18 13:51:18.323 [main] DEBUG nextflow.config.ConfigBuilder - User config file: /experiments/experiment/nextflow_ceph.config
Dec-18 13:51:18.323 [main] DEBUG nextflow.config.ConfigBuilder - Parsing config file: /experiments/experiment/allIntoOne/nextflow.config
Dec-18 13:51:18.324 [main] DEBUG nextflow.config.ConfigBuilder - Parsing config file: /experiments/experiment/nextflow_cws.config
Dec-18 13:51:18.324 [main] DEBUG nextflow.config.ConfigBuilder - Parsing config file: /experiments/experiment/nextflow_ceph.config
Dec-18 13:51:18.338 [main] DEBUG nextflow.config.ConfigBuilder - Applying config profile: `standard`
Dec-18 13:51:18.820 [main] DEBUG nextflow.config.ConfigBuilder - Applying config profile: `standard`
Dec-18 13:51:18.962 [main] DEBUG nextflow.config.ConfigBuilder - Applying config profile: `standard`
Dec-18 13:51:18.987 [main] DEBUG nextflow.cli.CmdRun - Applied DSL=2 by global default
Dec-18 13:51:18.999 [main] INFO  nextflow.cli.CmdRun - Launching `/input/allIntoOne/main.nf` [distracted_dalembert] DSL2 - revision: f2e677d52d
Dec-18 13:51:19.000 [main] DEBUG nextflow.plugin.PluginsFacade - Plugins default=[]
Dec-18 13:51:19.000 [main] DEBUG nextflow.plugin.PluginsFacade - Plugins resolved requirement=[]
Dec-18 13:51:19.007 [main] DEBUG n.secret.LocalSecretsProvider - Secrets store: /.nextflow/secrets/store.json
Dec-18 13:51:19.009 [main] DEBUG nextflow.secret.SecretsLoader - Discovered secrets providers: [nextflow.secret.LocalSecretsProvider@2c05ff9d] - activable => nextflow.secret.LocalSecretsProvider@2c05ff9d
Dec-18 13:51:19.060 [main] DEBUG nextflow.Session - Session UUID: 012fc912-0aa3-4046-b662-12bc821192fa
Dec-18 13:51:19.060 [main] DEBUG nextflow.Session - Run name: distracted_dalembert
Dec-18 13:51:19.060 [main] DEBUG nextflow.Session - Executor pool size: 32
Dec-18 13:51:19.066 [main] DEBUG nextflow.file.FilePorter - File porter settings maxRetries=3; maxTransfers=50; pollTimeout=null
Dec-18 13:51:19.069 [main] DEBUG nextflow.util.ThreadPoolBuilder - Creating thread pool 'FileTransfer' minSize=10; maxSize=96; workQueue=LinkedBlockingQueue[10000]; allowCoreThreadTimeout=false
Dec-18 13:51:19.094 [main] DEBUG nextflow.cli.CmdRun - 
  Version: 23.07.0-edge build 5875
  Created: 28-07-2023 20:27 UTC (20:27 GMT)
  System: Linux 5.4.0-166-generic
  Runtime: Groovy 3.0.18 on OpenJDK 64-Bit Server VM 17.0.6+10-LTS
  Encoding: UTF-8 (UTF-8)
  Process: 1801277@nextflow [10.233.76.3]
  CPUs: 32 - Mem: 125.7 GB (120.1 GB) - Swap: 0 (0)
Dec-18 13:51:19.116 [main] DEBUG nextflow.Session - Work-dir: /input/data/work [ceph]
Dec-18 13:51:19.116 [main] DEBUG nextflow.Session - Script base path does not exist or is not a directory: /input/allIntoOne/bin
Dec-18 13:51:19.127 [main] DEBUG nextflow.executor.ExecutorFactory - Extension executors providers=[]
Dec-18 13:51:19.134 [main] DEBUG nextflow.Session - Observer factory: DefaultObserverFactory
Dec-18 13:51:19.165 [main] DEBUG nextflow.cache.CacheFactory - Using Nextflow cache factory: nextflow.cache.DefaultCacheFactory
Dec-18 13:51:19.175 [main] DEBUG nextflow.util.CustomThreadPool - Creating default thread pool > poolSize: 33; maxThreads: 1000
Dec-18 13:51:19.276 [main] DEBUG nextflow.Session - Session start
Dec-18 13:51:19.281 [main] DEBUG nextflow.trace.TraceFileObserver - Workflow started -- trace file: /input/data/output/trace.csv
Dec-18 13:51:19.424 [main] DEBUG nextflow.script.ScriptRunner - > Launching execution
Dec-18 13:51:19.647 [main] DEBUG nextflow.script.ProcessConfig - Config settings `withName:writeLargeFile` matches process writeLargeFile
Dec-18 13:51:19.657 [main] DEBUG nextflow.executor.ExecutorFactory - << taskConfig executor: k8s
Dec-18 13:51:19.657 [main] DEBUG nextflow.executor.ExecutorFactory - >> processorType: 'k8s'
Dec-18 13:51:19.665 [main] DEBUG nextflow.executor.Executor - [warm up] executor > k8s
Dec-18 13:51:19.681 [main] DEBUG n.processor.TaskPollingMonitor - Creating task monitor for executor 'k8s' > capacity: 300; pollInterval: 5s; dumpInterval: 5m; schedulerBatch: null
Dec-18 13:51:19.685 [main] DEBUG nextflow.k8s.client.ConfigDiscovery - K8s config file does not exist: /root/.kube/config
Dec-18 13:51:19.696 [main] DEBUG nextflow.k8s.K8sExecutor - [K8s] config=[scheduler:[strategy:rank_max-fair, name:workflow-scheduler, autoClose:false, nodeSelector:usedby=anonymized, container:anonymized/test1:sch_v194], debug:[yaml:true], namespace:anonymized, serviceAccount:nextflow, workDir:/input/data/work/, projectDir:/input/data/project/, imagePullPolicy:IfNotPresent, launchDir:/input/data/launch/, runAsUser:0, fetchNodeName:true, storageMountPath:/input, pod:[nodeSelector:usedby=anonymized], storage:[nodeSelector:usedby=anonymized, imageName:anonymized/test1:ftp_v122], storageClaimName:ceph-data]; API client config=ClientConfig[ server=10.233.0.1:443, namespace=anonymized, serviceAccount=nextflow, token=eyJhbGciOiJ.., sslCert=LS0tLS1CRUd.., clientCert=-, clientKey=-, verifySsl=false, fromFile=true, httpReadTimeout=null, httpConnectTimeout=null, maxErrorRetry=4 ]
Dec-18 13:51:23.333 [main] DEBUG nextflow.script.ProcessConfig - Config settings `withName:combineFiles` matches process combineFiles
Dec-18 13:51:23.335 [main] DEBUG nextflow.executor.ExecutorFactory - << taskConfig executor: k8s
Dec-18 13:51:23.336 [main] DEBUG nextflow.executor.ExecutorFactory - >> processorType: 'k8s'
Dec-18 13:51:23.349 [main] DEBUG nextflow.Session - Workflow process names [dsl2]: revertFile, combineFiles, writeLargeFile
Dec-18 13:51:23.351 [main] DEBUG nextflow.Session - Igniting dataflow network (3)
Dec-18 13:51:23.353 [main] DEBUG nextflow.processor.TaskProcessor - Starting process > writeLargeFile
Dec-18 13:51:23.354 [main] DEBUG nextflow.processor.TaskProcessor - Starting process > combineFiles
Dec-18 13:51:23.354 [main] DEBUG nextflow.script.ScriptRunner - > Awaiting termination 
Dec-18 13:51:23.354 [main] DEBUG nextflow.Session - Session await
Dec-18 13:51:23.632 [Task submitter] INFO  nextflow.Session - [92/b6ba40] Submitted process > writeLargeFile (30)
Dec-18 13:51:23.680 [Task submitter] INFO  nextflow.Session - [57/396400] Submitted process > writeLargeFile (8)
Dec-18 13:51:23.720 [Task submitter] INFO  nextflow.Session - [f9/74aefd] Submitted process > writeLargeFile (19)
Dec-18 13:51:23.757 [Task submitter] INFO  nextflow.Session - [ed/c7f59d] Submitted process > writeLargeFile (4)
Dec-18 13:51:23.791 [Task submitter] INFO  nextflow.Session - [68/3bf3e0] Submitted process > writeLargeFile (11)
Dec-18 13:51:23.826 [Task submitter] INFO  nextflow.Session - [43/0afa30] Submitted process > writeLargeFile (10)
Dec-18 13:51:23.861 [Task submitter] INFO  nextflow.Session - [ca/b6bd0e] Submitted process > writeLargeFile (2)
Dec-18 13:51:23.896 [Task submitter] INFO  nextflow.Session - [41/368dc5] Submitted process > writeLargeFile (3)
Dec-18 13:51:23.932 [Task submitter] INFO  nextflow.Session - [90/ed447a] Submitted process > writeLargeFile (32)
Dec-18 13:51:23.964 [Task submitter] INFO  nextflow.Session - [8b/8393bd] Submitted process > writeLargeFile (20)
Dec-18 13:51:23.997 [Task submitter] INFO  nextflow.Session - [7c/933ce5] Submitted process > writeLargeFile (18)
Dec-18 13:51:24.030 [Task submitter] INFO  nextflow.Session - [92/bdcf39] Submitted process > writeLargeFile (14)
Dec-18 13:51:24.061 [Task submitter] INFO  nextflow.Session - [0b/e72f3e] Submitted process > writeLargeFile (27)
Dec-18 13:51:24.094 [Task submitter] INFO  nextflow.Session - [9c/3af416] Submitted process > writeLargeFile (15)
Dec-18 13:51:24.125 [Task submitter] INFO  nextflow.Session - [cd/c89780] Submitted process > writeLargeFile (28)
Dec-18 13:51:24.167 [Task submitter] INFO  nextflow.Session - [29/8c86d4] Submitted process > writeLargeFile (23)
Dec-18 13:51:24.200 [Task submitter] INFO  nextflow.Session - [c8/849daa] Submitted process > writeLargeFile (25)
Dec-18 13:51:24.230 [Task submitter] INFO  nextflow.Session - [18/d79af4] Submitted process > writeLargeFile (21)
Dec-18 13:51:24.261 [Task submitter] INFO  nextflow.Session - [5b/aad9ec] Submitted process > writeLargeFile (17)
Dec-18 13:51:24.291 [Task submitter] INFO  nextflow.Session - [d1/d200e3] Submitted process > writeLargeFile (24)
Dec-18 13:51:24.329 [Task submitter] INFO  nextflow.Session - [46/eb5f7a] Submitted process > writeLargeFile (22)
Dec-18 13:51:24.363 [Task submitter] INFO  nextflow.Session - [a0/c36be0] Submitted process > writeLargeFile (12)
Dec-18 13:51:24.392 [Task submitter] INFO  nextflow.Session - [9f/4110b9] Submitted process > writeLargeFile (6)
Dec-18 13:51:24.423 [Task submitter] INFO  nextflow.Session - [fc/93b6d4] Submitted process > writeLargeFile (16)
Dec-18 13:51:24.454 [Task submitter] INFO  nextflow.Session - [fc/7fdca7] Submitted process > writeLargeFile (29)
Dec-18 13:51:24.485 [Task submitter] INFO  nextflow.Session - [6f/3644a8] Submitted process > writeLargeFile (26)
Dec-18 13:51:24.522 [Task submitter] INFO  nextflow.Session - [9c/1b741f] Submitted process > writeLargeFile (31)
Dec-18 13:51:24.550 [Task submitter] INFO  nextflow.Session - [cb/104152] Submitted process > writeLargeFile (13)
Dec-18 13:51:24.578 [Task submitter] INFO  nextflow.Session - [f0/d43740] Submitted process > writeLargeFile (1)
Dec-18 13:51:24.608 [Task submitter] INFO  nextflow.Session - [b2/11cf03] Submitted process > writeLargeFile (7)
Dec-18 13:51:24.639 [Task submitter] INFO  nextflow.Session - [22/461d08] Submitted process > writeLargeFile (59)
Dec-18 13:51:24.672 [Task submitter] INFO  nextflow.Session - [ce/95a991] Submitted process > writeLargeFile (5)
Dec-18 13:51:24.705 [Task submitter] INFO  nextflow.Session - [1d/fea38d] Submitted process > writeLargeFile (9)
Dec-18 13:51:24.764 [Task submitter] INFO  nextflow.Session - [1e/cc9cb3] Submitted process > writeLargeFile (33)
Dec-18 13:51:24.795 [Task submitter] INFO  nextflow.Session - [3e/6f49a8] Submitted process > writeLargeFile (34)
Dec-18 13:51:24.821 [Task submitter] INFO  nextflow.Session - [9f/5423e6] Submitted process > writeLargeFile (35)
Dec-18 13:51:24.852 [Task submitter] INFO  nextflow.Session - [af/3837b9] Submitted process > writeLargeFile (36)
Dec-18 13:51:24.883 [Task submitter] INFO  nextflow.Session - [22/6e682c] Submitted process > writeLargeFile (37)
Dec-18 13:51:24.909 [Task submitter] INFO  nextflow.Session - [b7/361265] Submitted process > writeLargeFile (38)
Dec-18 13:51:24.937 [Task submitter] INFO  nextflow.Session - [3e/5e3dcd] Submitted process > writeLargeFile (40)
Dec-18 13:51:24.964 [Task submitter] INFO  nextflow.Session - [3e/0a5356] Submitted process > writeLargeFile (41)
Dec-18 13:51:24.995 [Task submitter] INFO  nextflow.Session - [76/7d13e1] Submitted process > writeLargeFile (39)
Dec-18 13:51:25.024 [Task submitter] INFO  nextflow.Session - [11/391eae] Submitted process > writeLargeFile (42)
Dec-18 13:51:25.051 [Task submitter] INFO  nextflow.Session - [c5/610e1a] Submitted process > writeLargeFile (43)
Dec-18 13:51:25.082 [Task submitter] INFO  nextflow.Session - [f3/0bcf4f] Submitted process > writeLargeFile (44)
Dec-18 13:51:25.113 [Task submitter] INFO  nextflow.Session - [41/327722] Submitted process > writeLargeFile (45)
Dec-18 13:51:25.141 [Task submitter] INFO  nextflow.Session - [5b/036773] Submitted process > writeLargeFile (46)
Dec-18 13:51:25.169 [Task submitter] INFO  nextflow.Session - [8e/87f979] Submitted process > writeLargeFile (75)
Dec-18 13:51:25.199 [Task submitter] INFO  nextflow.Session - [86/390b7a] Submitted process > writeLargeFile (47)
Dec-18 13:51:25.229 [Task submitter] INFO  nextflow.Session - [e7/c33ef9] Submitted process > writeLargeFile (49)
Dec-18 13:51:25.259 [Task submitter] INFO  nextflow.Session - [88/660394] Submitted process > writeLargeFile (48)
Dec-18 13:51:25.288 [Task submitter] INFO  nextflow.Session - [18/f7e608] Submitted process > writeLargeFile (50)
Dec-18 13:51:25.319 [Task submitter] INFO  nextflow.Session - [6b/ede2c2] Submitted process > writeLargeFile (51)
Dec-18 13:51:25.347 [Task submitter] INFO  nextflow.Session - [36/3a9cdb] Submitted process > writeLargeFile (52)
Dec-18 13:51:25.383 [Task submitter] INFO  nextflow.Session - [82/4921a0] Submitted process > writeLargeFile (53)
Dec-18 13:51:25.411 [Task submitter] INFO  nextflow.Session - [d9/c287fc] Submitted process > writeLargeFile (54)
Dec-18 13:51:25.439 [Task submitter] INFO  nextflow.Session - [f2/d23795] Submitted process > writeLargeFile (56)
Dec-18 13:51:25.472 [Task submitter] INFO  nextflow.Session - [5f/99daf8] Submitted process > writeLargeFile (55)
Dec-18 13:51:25.503 [Task submitter] INFO  nextflow.Session - [e9/a8ad34] Submitted process > writeLargeFile (57)
Dec-18 13:51:25.530 [Task submitter] INFO  nextflow.Session - [aa/b82a44] Submitted process > writeLargeFile (58)
Dec-18 13:51:25.558 [Task submitter] INFO  nextflow.Session - [a7/a5b38c] Submitted process > writeLargeFile (60)
Dec-18 13:51:25.590 [Task submitter] INFO  nextflow.Session - [33/aa4ff7] Submitted process > writeLargeFile (61)
Dec-18 13:51:25.617 [Task submitter] INFO  nextflow.Session - [4d/03b930] Submitted process > writeLargeFile (62)
Dec-18 13:51:25.647 [Task submitter] INFO  nextflow.Session - [bf/306f9e] Submitted process > writeLargeFile (63)
Dec-18 13:51:25.681 [Task submitter] INFO  nextflow.Session - [b7/462615] Submitted process > writeLargeFile (64)
Dec-18 13:51:25.712 [Task submitter] INFO  nextflow.Session - [cb/3310da] Submitted process > writeLargeFile (65)
Dec-18 13:51:25.742 [Task submitter] INFO  nextflow.Session - [5f/913890] Submitted process > writeLargeFile (66)
Dec-18 13:51:25.770 [Task submitter] INFO  nextflow.Session - [c2/544b29] Submitted process > writeLargeFile (67)
Dec-18 13:51:25.797 [Task submitter] INFO  nextflow.Session - [34/38d7a7] Submitted process > writeLargeFile (68)
Dec-18 13:51:25.827 [Task submitter] INFO  nextflow.Session - [d6/4ee7f2] Submitted process > writeLargeFile (69)
Dec-18 13:51:25.857 [Task submitter] INFO  nextflow.Session - [45/7727c4] Submitted process > writeLargeFile (70)
Dec-18 13:51:25.888 [Task submitter] INFO  nextflow.Session - [af/198759] Submitted process > writeLargeFile (72)
Dec-18 13:51:25.916 [Task submitter] INFO  nextflow.Session - [3f/ec1653] Submitted process > writeLargeFile (71)
Dec-18 13:51:25.945 [Task submitter] INFO  nextflow.Session - [b2/91f44b] Submitted process > writeLargeFile (74)
Dec-18 13:51:25.976 [Task submitter] INFO  nextflow.Session - [21/8cd16e] Submitted process > writeLargeFile (73)
Dec-18 13:51:26.007 [Task submitter] INFO  nextflow.Session - [be/ca094f] Submitted process > writeLargeFile (76)
Dec-18 13:51:26.038 [Task submitter] INFO  nextflow.Session - [7a/a29c96] Submitted process > writeLargeFile (77)
Dec-18 13:51:26.068 [Task submitter] INFO  nextflow.Session - [0b/1940fa] Submitted process > writeLargeFile (78)
Dec-18 13:51:26.099 [Task submitter] INFO  nextflow.Session - [4f/1e7fa2] Submitted process > writeLargeFile (79)
Dec-18 13:51:26.129 [Task submitter] INFO  nextflow.Session - [1c/970f7a] Submitted process > writeLargeFile (80)
Dec-18 13:51:26.161 [Task submitter] INFO  nextflow.Session - [fe/fb1496] Submitted process > writeLargeFile (81)
Dec-18 13:51:26.192 [Task submitter] INFO  nextflow.Session - [70/3b7380] Submitted process > writeLargeFile (82)
Dec-18 13:51:26.222 [Task submitter] INFO  nextflow.Session - [54/404063] Submitted process > writeLargeFile (83)
Dec-18 13:51:26.251 [Task submitter] INFO  nextflow.Session - [59/a83f34] Submitted process > writeLargeFile (84)
Dec-18 13:51:26.280 [Task submitter] INFO  nextflow.Session - [3a/44099b] Submitted process > writeLargeFile (85)
Dec-18 13:51:26.308 [Task submitter] INFO  nextflow.Session - [0f/bc06a5] Submitted process > writeLargeFile (86)
Dec-18 13:51:26.340 [Task submitter] INFO  nextflow.Session - [d2/a0c9da] Submitted process > writeLargeFile (88)
Dec-18 13:51:26.366 [Task submitter] INFO  nextflow.Session - [e5/255b50] Submitted process > writeLargeFile (87)
Dec-18 13:51:26.400 [Task submitter] INFO  nextflow.Session - [8f/e0903b] Submitted process > writeLargeFile (89)
Dec-18 13:51:26.597 [Task submitter] INFO  nextflow.Session - [d5/faca28] Submitted process > writeLargeFile (90)
Dec-18 13:51:26.935 [Task submitter] INFO  nextflow.Session - [19/08dc04] Submitted process > writeLargeFile (92)
Dec-18 13:51:26.992 [Task submitter] INFO  nextflow.Session - [e9/1cf1da] Submitted process > writeLargeFile (91)
Dec-18 13:51:27.055 [Task submitter] INFO  nextflow.Session - [dc/f9d4c7] Submitted process > writeLargeFile (93)
Dec-18 13:51:27.114 [Task submitter] INFO  nextflow.Session - [37/113d0b] Submitted process > writeLargeFile (94)
Dec-18 13:51:27.174 [Task submitter] INFO  nextflow.Session - [76/b25dc3] Submitted process > writeLargeFile (95)
Dec-18 13:51:27.235 [Task submitter] INFO  nextflow.Session - [22/69aa27] Submitted process > writeLargeFile (96)
Dec-18 13:51:27.307 [Task submitter] INFO  nextflow.Session - [43/15e8f3] Submitted process > writeLargeFile (97)
Dec-18 13:51:27.367 [Task submitter] INFO  nextflow.Session - [ba/4b08ed] Submitted process > writeLargeFile (98)
Dec-18 13:51:27.424 [Task submitter] INFO  nextflow.Session - [06/959f30] Submitted process > writeLargeFile (99)
Dec-18 13:51:27.482 [Task submitter] INFO  nextflow.Session - [2c/1be1c2] Submitted process > writeLargeFile (100)
Dec-18 13:51:55.274 [Task monitor] DEBUG n.processor.TaskPollingMonitor - Task completed > TaskHandler[id: 8; name: writeLargeFile (8); status: COMPLETED; exit: 0; error: -; workDir: /input/data/work/57/396400729538f3c3a4bc57d7a6a1fe]
Dec-18 13:51:55.348 [Task monitor] DEBUG n.processor.TaskPollingMonitor - Task completed > TaskHandler[id: 4; name: writeLargeFile (4); status: COMPLETED; exit: 0; error: -; workDir: /input/data/work/ed/c7f59d4c5e19ee6397fd2379db7a03]
Dec-18 13:51:55.398 [Task monitor] DEBUG n.processor.TaskPollingMonitor - Task completed > TaskHandler[id: 10; name: writeLargeFile (10); status: COMPLETED; exit: 0; error: -; workDir: /input/data/work/43/0afa303c0bca36e46d20ff9a41cdfd]
Dec-18 13:52:16.895 [Task monitor] DEBUG n.processor.TaskPollingMonitor - Task completed > TaskHandler[id: 30; name: writeLargeFile (30); status: COMPLETED; exit: 0; error: -; workDir: /input/data/work/92/b6ba40b985211c37bcb3ae46b3a6b6]
Dec-18 13:52:22.244 [Task monitor] DEBUG n.processor.TaskPollingMonitor - Task completed > TaskHandler[id: 19; name: writeLargeFile (19); status: COMPLETED; exit: 0; error: -; workDir: /input/data/work/f9/74aefda6203693f7ed4f80be7b3d9c]
Dec-18 13:52:22.574 [Task monitor] DEBUG n.processor.TaskPollingMonitor - Task completed > TaskHandler[id: 11; name: writeLargeFile (11); status: COMPLETED; exit: 0; error: -; workDir: /input/data/work/68/3bf3e01d299137035460ad333ab2c1]
Dec-18 13:52:25.265 [Task monitor] DEBUG n.processor.TaskPollingMonitor - Task completed > TaskHandler[id: 3; name: writeLargeFile (3); status: COMPLETED; exit: 0; error: -; workDir: /input/data/work/41/368dc5ebaa86ab9e27d2c62d4a688a]
Dec-18 13:52:25.297 [Task monitor] DEBUG n.processor.TaskPollingMonitor - Task completed > TaskHandler[id: 32; name: writeLargeFile (32); status: COMPLETED; exit: 0; error: -; workDir: /input/data/work/90/ed447a6adaceeda75dc78895b81743]
Dec-18 13:52:30.284 [Task monitor] DEBUG n.processor.TaskPollingMonitor - Task completed > TaskHandler[id: 2; name: writeLargeFile (2); status: COMPLETED; exit: 0; error: -; workDir: /input/data/work/ca/b6bd0e48b82946ce88e880520677b9]
Dec-18 13:52:52.087 [Task monitor] DEBUG n.processor.TaskPollingMonitor - Task completed > TaskHandler[id: 20; name: writeLargeFile (20); status: COMPLETED; exit: 0; error: -; workDir: /input/data/work/8b/8393bd425922d426c324f44eb24d6d]
Dec-18 13:52:52.132 [Task monitor] DEBUG n.processor.TaskPollingMonitor - Task completed > TaskHandler[id: 18; name: writeLargeFile (18); status: COMPLETED; exit: 0; error: -; workDir: /input/data/work/7c/933ce5195fad790ed493b0b80257e3]
Dec-18 13:52:52.173 [Task monitor] DEBUG n.processor.TaskPollingMonitor - Task completed > TaskHandler[id: 14; name: writeLargeFile (14); status: COMPLETED; exit: 0; error: -; workDir: /input/data/work/92/bdcf39a2412866d9a987f144bf2821]
Dec-18 13:52:59.615 [Task monitor] DEBUG n.processor.TaskPollingMonitor - Task completed > TaskHandler[id: 27; name: writeLargeFile (27); status: COMPLETED; exit: 0; error: -; workDir: /input/data/work/0b/e72f3eae18f732c3997337057f3d84]
Dec-18 13:52:59.696 [Task monitor] DEBUG n.processor.TaskPollingMonitor - Task completed > TaskHandler[id: 15; name: writeLargeFile (15); status: COMPLETED; exit: 0; error: -; workDir: /input/data/work/9c/3af4160cac990f6bb90e9ce0abceed]
Dec-18 13:52:59.786 [Task monitor] DEBUG n.processor.TaskPollingMonitor - Task completed > TaskHandler[id: 28; name: writeLargeFile (28); status: COMPLETED; exit: 0; error: -; workDir: /input/data/work/cd/c8978038382dc9319c028c0de9867c]
Dec-18 13:53:24.118 [Task monitor] DEBUG n.processor.TaskPollingMonitor - Task completed > TaskHandler[id: 23; name: writeLargeFile (23); status: COMPLETED; exit: 0; error: -; workDir: /input/data/work/29/8c86d46c13496e5cc453a6dd2eaaf0]
Dec-18 13:53:26.169 [Task monitor] DEBUG n.processor.TaskPollingMonitor - Task completed > TaskHandler[id: 25; name: writeLargeFile (25); status: COMPLETED; exit: 0; error: -; workDir: /input/data/work/c8/849daa50b2171890882568bf7d6d53]
Dec-18 13:53:26.212 [Task monitor] DEBUG n.processor.TaskPollingMonitor - Task completed > TaskHandler[id: 21; name: writeLargeFile (21); status: COMPLETED; exit: 0; error: -; workDir: /input/data/work/18/d79af4236bf1cd0edb8fe3d28d71a0]
Dec-18 13:53:33.483 [Task monitor] DEBUG n.processor.TaskPollingMonitor - Task completed > TaskHandler[id: 17; name: writeLargeFile (17); status: COMPLETED; exit: 0; error: -; workDir: /input/data/work/5b/aad9ec3c091c8225ad6f1bb2bf00f8]
Dec-18 13:53:33.518 [Task monitor] DEBUG n.processor.TaskPollingMonitor - Task completed > TaskHandler[id: 24; name: writeLargeFile (24); status: COMPLETED; exit: 0; error: -; workDir: /input/data/work/d1/d200e31db3300038020e59afb70cc5]
Dec-18 13:53:33.553 [Task monitor] DEBUG n.processor.TaskPollingMonitor - Task completed > TaskHandler[id: 22; name: writeLargeFile (22); status: COMPLETED; exit: 0; error: -; workDir: /input/data/work/46/eb5f7a2ce0ea7cc1ece3ffa5f089ec]
Dec-18 13:53:58.989 [Task monitor] DEBUG n.processor.TaskPollingMonitor - Task completed > TaskHandler[id: 12; name: writeLargeFile (12); status: COMPLETED; exit: 0; error: -; workDir: /input/data/work/a0/c36be0c5fb0ee60a324d122abea9f5]
Dec-18 13:54:00.072 [Task monitor] DEBUG n.processor.TaskPollingMonitor - Task completed > TaskHandler[id: 6; name: writeLargeFile (6); status: COMPLETED; exit: 0; error: -; workDir: /input/data/work/9f/4110b9a89031910f73581dc3566ba7]
Dec-18 13:54:00.117 [Task monitor] DEBUG n.processor.TaskPollingMonitor - Task completed > TaskHandler[id: 16; name: writeLargeFile (16); status: COMPLETED; exit: 0; error: -; workDir: /input/data/work/fc/93b6d47fa753e824f592ed0de3a5ec]
Dec-18 13:54:07.298 [Task monitor] DEBUG n.processor.TaskPollingMonitor - Task completed > TaskHandler[id: 29; name: writeLargeFile (29); status: COMPLETED; exit: 0; error: -; workDir: /input/data/work/fc/7fdca749e3f21c36c7e813b07e5d65]
Dec-18 13:54:07.334 [Task monitor] DEBUG n.processor.TaskPollingMonitor - Task completed > TaskHandler[id: 26; name: writeLargeFile (26); status: COMPLETED; exit: 0; error: -; workDir: /input/data/work/6f/3644a863d8ae03822030be7c148409]
Dec-18 13:54:07.375 [Task monitor] DEBUG n.processor.TaskPollingMonitor - Task completed > TaskHandler[id: 31; name: writeLargeFile (31); status: COMPLETED; exit: 0; error: -; workDir: /input/data/work/9c/1b741f07db19bea3d6a7756bdc10de]
Dec-18 13:54:30.364 [Task monitor] DEBUG n.processor.TaskPollingMonitor - Task completed > TaskHandler[id: 13; name: writeLargeFile (13); status: COMPLETED; exit: 0; error: -; workDir: /input/data/work/cb/104152d34a48c9821010320dcc3c00]
Dec-18 13:54:30.423 [Task monitor] DEBUG n.processor.TaskPollingMonitor - Task completed > TaskHandler[id: 1; name: writeLargeFile (1); status: COMPLETED; exit: 0; error: -; workDir: /input/data/work/f0/d43740c040d5afcab53ffe54433183]
Dec-18 13:54:31.643 [Task monitor] DEBUG n.processor.TaskPollingMonitor - Task completed > TaskHandler[id: 7; name: writeLargeFile (7); status: COMPLETED; exit: 0; error: -; workDir: /input/data/work/b2/11cf036244a72af1b82e38e2695340]
Dec-18 13:54:39.298 [Task monitor] DEBUG n.processor.TaskPollingMonitor - Task completed > TaskHandler[id: 59; name: writeLargeFile (59); status: COMPLETED; exit: 0; error: -; workDir: /input/data/work/22/461d08e56e5be33f88f67dce3aa1f9]
Dec-18 13:54:39.336 [Task monitor] DEBUG n.processor.TaskPollingMonitor - Task completed > TaskHandler[id: 5; name: writeLargeFile (5); status: COMPLETED; exit: 0; error: -; workDir: /input/data/work/ce/95a9919039437e0ff97938b05f939a]
Dec-18 13:54:39.373 [Task monitor] DEBUG n.processor.TaskPollingMonitor - Task completed > TaskHandler[id: 9; name: writeLargeFile (9); status: COMPLETED; exit: 0; error: -; workDir: /input/data/work/1d/fea38d89fe2762ae872b6b57c3238e]
Dec-18 13:54:59.830 [Task monitor] DEBUG n.processor.TaskPollingMonitor - Task completed > TaskHandler[id: 33; name: writeLargeFile (33); status: COMPLETED; exit: 0; error: -; workDir: /input/data/work/1e/cc9cb3e2b36b0c596f38632fbeec40]
Dec-18 13:55:01.682 [Task monitor] DEBUG n.processor.TaskPollingMonitor - Task completed > TaskHandler[id: 34; name: writeLargeFile (34); status: COMPLETED; exit: 0; error: -; workDir: /input/data/work/3e/6f49a8fbdcb627daf336d10c09f30c]
Dec-18 13:55:04.238 [Task monitor] DEBUG n.processor.TaskPollingMonitor - Task completed > TaskHandler[id: 35; name: writeLargeFile (35); status: COMPLETED; exit: 0; error: -; workDir: /input/data/work/9f/5423e60eb40fc9c7cd1171cd9ab5b7]
Dec-18 13:55:06.130 [Task monitor] DEBUG n.processor.TaskPollingMonitor - Task completed > TaskHandler[id: 36; name: writeLargeFile (36); status: COMPLETED; exit: 0; error: -; workDir: /input/data/work/af/3837b99add0da6eab99033e30bd38c]
Dec-18 13:55:06.166 [Task monitor] DEBUG n.processor.TaskPollingMonitor - Task completed > TaskHandler[id: 37; name: writeLargeFile (37); status: COMPLETED; exit: 0; error: -; workDir: /input/data/work/22/6e682c90eaa3c08678f46f63307f64]
Dec-18 13:55:06.200 [Task monitor] DEBUG n.processor.TaskPollingMonitor - Task completed > TaskHandler[id: 38; name: writeLargeFile (38); status: COMPLETED; exit: 0; error: -; workDir: /input/data/work/b7/36126585faeaae5b1380eead290be1]
Dec-18 13:55:29.860 [Task monitor] DEBUG n.processor.TaskPollingMonitor - Task completed > TaskHandler[id: 40; name: writeLargeFile (40); status: COMPLETED; exit: 0; error: -; workDir: /input/data/work/3e/5e3dcd621b7ed816fafe184bc54d20]
Dec-18 13:55:33.052 [Task monitor] DEBUG n.processor.TaskPollingMonitor - Task completed > TaskHandler[id: 41; name: writeLargeFile (41); status: COMPLETED; exit: 0; error: -; workDir: /input/data/work/3e/0a535608d18105d588b311519e7986]
Dec-18 13:55:33.096 [Task monitor] DEBUG n.processor.TaskPollingMonitor - Task completed > TaskHandler[id: 39; name: writeLargeFile (39); status: COMPLETED; exit: 0; error: -; workDir: /input/data/work/76/7d13e1ea1d454964ff055adfcba93b]
Dec-18 13:55:44.775 [Task monitor] DEBUG n.processor.TaskPollingMonitor - Task completed > TaskHandler[id: 42; name: writeLargeFile (42); status: COMPLETED; exit: 0; error: -; workDir: /input/data/work/11/391eae56e21fae45dae35de901f69c]
Dec-18 13:55:44.846 [Task monitor] DEBUG n.processor.TaskPollingMonitor - Task completed > TaskHandler[id: 43; name: writeLargeFile (43); status: COMPLETED; exit: 0; error: -; workDir: /input/data/work/c5/610e1ab93402ae938770aef2b12ebe]
Dec-18 13:55:44.924 [Task monitor] DEBUG n.processor.TaskPollingMonitor - Task completed > TaskHandler[id: 44; name: writeLargeFile (44); status: COMPLETED; exit: 0; error: -; workDir: /input/data/work/f3/0bcf4f1ac33ca8ea17a7959a154da6]
Dec-18 13:56:05.807 [Task monitor] DEBUG n.processor.TaskPollingMonitor - Task completed > TaskHandler[id: 45; name: writeLargeFile (45); status: COMPLETED; exit: 0; error: -; workDir: /input/data/work/41/327722d7a0d97e2497c171e8537b74]
Dec-18 13:56:08.434 [Task monitor] DEBUG n.processor.TaskPollingMonitor - Task completed > TaskHandler[id: 46; name: writeLargeFile (46); status: COMPLETED; exit: 0; error: -; workDir: /input/data/work/5b/03677352608101f85d8f4c21fb834d]
Dec-18 13:56:08.483 [Task monitor] DEBUG n.processor.TaskPollingMonitor - Task completed > TaskHandler[id: 75; name: writeLargeFile (75); status: COMPLETED; exit: 0; error: -; workDir: /input/data/work/8e/87f979912b4c974d3c3fdae98f6b6e]
Dec-18 13:56:14.961 [Task monitor] DEBUG n.processor.TaskPollingMonitor - Task completed > TaskHandler[id: 47; name: writeLargeFile (47); status: COMPLETED; exit: 0; error: -; workDir: /input/data/work/86/390b7a105d5cef3a47bd6681e47666]
Dec-18 13:56:15.025 [Task monitor] DEBUG n.processor.TaskPollingMonitor - Task completed > TaskHandler[id: 49; name: writeLargeFile (49); status: COMPLETED; exit: 0; error: -; workDir: /input/data/work/e7/c33ef975cfa0ddea7809bc7cce31a7]
Dec-18 13:56:15.094 [Task monitor] DEBUG n.processor.TaskPollingMonitor - Task completed > TaskHandler[id: 48; name: writeLargeFile (48); status: COMPLETED; exit: 0; error: -; workDir: /input/data/work/88/660394c719da28c7d2ad903db93c27]
Dec-18 13:56:24.898 [Task monitor] DEBUG n.processor.TaskPollingMonitor - !! executor k8s > tasks to be completed: 49 -- submitted tasks are shown below
~> TaskHandler[id: 50; name: writeLargeFile (50); status: RUNNING; exit: -; error: -; workDir: /input/data/work/18/f7e60829de18834152f145178ece29]
~> TaskHandler[id: 51; name: writeLargeFile (51); status: RUNNING; exit: -; error: -; workDir: /input/data/work/6b/ede2c2f44c3aeef3ac151a41a00848]
~> TaskHandler[id: 52; name: writeLargeFile (52); status: RUNNING; exit: -; error: -; workDir: /input/data/work/36/3a9cdb68a0006d34ad4bebf29f9c4b]
~> TaskHandler[id: 53; name: writeLargeFile (53); status: RUNNING; exit: -; error: -; workDir: /input/data/work/82/4921a01028db3cb1061b33aa8e2226]
~> TaskHandler[id: 54; name: writeLargeFile (54); status: RUNNING; exit: -; error: -; workDir: /input/data/work/d9/c287fc3e9bc41f664632b427ffec46]
~> TaskHandler[id: 56; name: writeLargeFile (56); status: RUNNING; exit: -; error: -; workDir: /input/data/work/f2/d2379573393414ba8a273ef5d4d235]
~> TaskHandler[id: 55; name: writeLargeFile (55); status: SUBMITTED; exit: -; error: -; workDir: /input/data/work/5f/99daf8c0dd500c8f48aaf898be3b84]
~> TaskHandler[id: 57; name: writeLargeFile (57); status: SUBMITTED; exit: -; error: -; workDir: /input/data/work/e9/a8ad3483052ff870f0336ae6621e7f]
~> TaskHandler[id: 58; name: writeLargeFile (58); status: SUBMITTED; exit: -; error: -; workDir: /input/data/work/aa/b82a440445e82a2fe9f47f642ecf2e]
~> TaskHandler[id: 60; name: writeLargeFile (60); status: SUBMITTED; exit: -; error: -; workDir: /input/data/work/a7/a5b38c3eb07a4c2965e935a4d5c17a]
.. remaining tasks omitted.
Dec-18 13:56:38.518 [Task monitor] DEBUG n.processor.TaskPollingMonitor - Task completed > TaskHandler[id: 50; name: writeLargeFile (50); status: COMPLETED; exit: 0; error: -; workDir: /input/data/work/18/f7e60829de18834152f145178ece29]
Dec-18 13:56:38.575 [Task monitor] DEBUG n.processor.TaskPollingMonitor - Task completed > TaskHandler[id: 51; name: writeLargeFile (51); status: COMPLETED; exit: 0; error: -; workDir: /input/data/work/6b/ede2c2f44c3aeef3ac151a41a00848]
Dec-18 13:56:38.635 [Task monitor] DEBUG n.processor.TaskPollingMonitor - Task completed > TaskHandler[id: 52; name: writeLargeFile (52); status: COMPLETED; exit: 0; error: -; workDir: /input/data/work/36/3a9cdb68a0006d34ad4bebf29f9c4b]
Dec-18 13:56:39.926 [Task monitor] DEBUG n.processor.TaskPollingMonitor - Task completed > TaskHandler[id: 53; name: writeLargeFile (53); status: COMPLETED; exit: 0; error: -; workDir: /input/data/work/82/4921a01028db3cb1061b33aa8e2226]
Dec-18 13:56:39.961 [Task monitor] DEBUG n.processor.TaskPollingMonitor - Task completed > TaskHandler[id: 54; name: writeLargeFile (54); status: COMPLETED; exit: 0; error: -; workDir: /input/data/work/d9/c287fc3e9bc41f664632b427ffec46]
Dec-18 13:56:39.991 [Task monitor] DEBUG n.processor.TaskPollingMonitor - Task completed > TaskHandler[id: 56; name: writeLargeFile (56); status: COMPLETED; exit: 0; error: -; workDir: /input/data/work/f2/d2379573393414ba8a273ef5d4d235]
Dec-18 13:57:06.788 [Task monitor] DEBUG n.processor.TaskPollingMonitor - Task completed > TaskHandler[id: 55; name: writeLargeFile (55); status: COMPLETED; exit: 0; error: -; workDir: /input/data/work/5f/99daf8c0dd500c8f48aaf898be3b84]
Dec-18 13:57:06.829 [Task monitor] DEBUG n.processor.TaskPollingMonitor - Task completed > TaskHandler[id: 57; name: writeLargeFile (57); status: COMPLETED; exit: 0; error: -; workDir: /input/data/work/e9/a8ad3483052ff870f0336ae6621e7f]
Dec-18 13:57:06.876 [Task monitor] DEBUG n.processor.TaskPollingMonitor - Task completed > TaskHandler[id: 58; name: writeLargeFile (58); status: COMPLETED; exit: 0; error: -; workDir: /input/data/work/aa/b82a440445e82a2fe9f47f642ecf2e]
Dec-18 13:57:19.976 [Task monitor] DEBUG n.processor.TaskPollingMonitor - Task completed > TaskHandler[id: 60; name: writeLargeFile (60); status: COMPLETED; exit: 0; error: -; workDir: /input/data/work/a7/a5b38c3eb07a4c2965e935a4d5c17a]
Dec-18 13:57:20.052 [Task monitor] DEBUG n.processor.TaskPollingMonitor - Task completed > TaskHandler[id: 61; name: writeLargeFile (61); status: COMPLETED; exit: 0; error: -; workDir: /input/data/work/33/aa4ff782dd087db25f185d09ac8bfb]
Dec-18 13:57:20.127 [Task monitor] DEBUG n.processor.TaskPollingMonitor - Task completed > TaskHandler[id: 62; name: writeLargeFile (62); status: COMPLETED; exit: 0; error: -; workDir: /input/data/work/4d/03b9306a76b0fba2f6b825ded911f2]
Dec-18 13:57:42.611 [Task monitor] DEBUG n.processor.TaskPollingMonitor - Task completed > TaskHandler[id: 63; name: writeLargeFile (63); status: COMPLETED; exit: 0; error: -; workDir: /input/data/work/bf/306f9ef279e70d58330fbddd33aa27]
Dec-18 13:57:42.655 [Task monitor] DEBUG n.processor.TaskPollingMonitor - Task completed > TaskHandler[id: 64; name: writeLargeFile (64); status: COMPLETED; exit: 0; error: -; workDir: /input/data/work/b7/4626158bc3ecb5c099da055af2356b]
Dec-18 13:57:42.696 [Task monitor] DEBUG n.processor.TaskPollingMonitor - Task completed > TaskHandler[id: 65; name: writeLargeFile (65); status: COMPLETED; exit: 0; error: -; workDir: /input/data/work/cb/3310dad984cc8df01eed35fbfa4e8b]
Dec-18 13:57:48.675 [Task monitor] DEBUG n.processor.TaskPollingMonitor - Task completed > TaskHandler[id: 66; name: writeLargeFile (66); status: COMPLETED; exit: 0; error: -; workDir: /input/data/work/5f/913890034203c2f0f62c041408ccda]
Dec-18 13:57:48.711 [Task monitor] DEBUG n.processor.TaskPollingMonitor - Task completed > TaskHandler[id: 67; name: writeLargeFile (67); status: COMPLETED; exit: 0; error: -; workDir: /input/data/work/c2/544b297a5b31e24c32a96aac981038]
Dec-18 13:57:48.749 [Task monitor] DEBUG n.processor.TaskPollingMonitor - Task completed > TaskHandler[id: 68; name: writeLargeFile (68); status: COMPLETED; exit: 0; error: -; workDir: /input/data/work/34/38d7a7d21a7ccaefaff7f99d835a2b]
Dec-18 13:58:08.733 [Task monitor] DEBUG n.processor.TaskPollingMonitor - Task completed > TaskHandler[id: 69; name: writeLargeFile (69); status: COMPLETED; exit: 0; error: -; workDir: /input/data/work/d6/4ee7f27e01639f32a66d386979ced2]
Dec-18 13:58:13.772 [Task monitor] DEBUG n.processor.TaskPollingMonitor - Task completed > TaskHandler[id: 70; name: writeLargeFile (70); status: COMPLETED; exit: 0; error: -; workDir: /input/data/work/45/7727c434c942c046d3a2c3a56703e8]
Dec-18 13:58:13.823 [Task monitor] DEBUG n.processor.TaskPollingMonitor - Task completed > TaskHandler[id: 72; name: writeLargeFile (72); status: COMPLETED; exit: 0; error: -; workDir: /input/data/work/af/198759ffad33fc85754496a762c3b4]
Dec-18 13:58:19.702 [Task monitor] DEBUG n.processor.TaskPollingMonitor - Task completed > TaskHandler[id: 71; name: writeLargeFile (71); status: COMPLETED; exit: 0; error: -; workDir: /input/data/work/3f/ec1653feb7cb822dec8b9bc8218f03]
Dec-18 13:58:19.736 [Task monitor] DEBUG n.processor.TaskPollingMonitor - Task completed > TaskHandler[id: 74; name: writeLargeFile (74); status: COMPLETED; exit: 0; error: -; workDir: /input/data/work/b2/91f44b3a7cbd18332267fd3fc91ce6]
Dec-18 13:58:19.773 [Task monitor] DEBUG n.processor.TaskPollingMonitor - Task completed > TaskHandler[id: 73; name: writeLargeFile (73); status: COMPLETED; exit: 0; error: -; workDir: /input/data/work/21/8cd16e51907086d4c7c755bb8080bc]
Dec-18 13:58:43.510 [Task monitor] DEBUG n.processor.TaskPollingMonitor - Task completed > TaskHandler[id: 76; name: writeLargeFile (76); status: COMPLETED; exit: 0; error: -; workDir: /input/data/work/be/ca094f077d3489cc1ecdd4f23cffd7]
Dec-18 13:58:44.441 [Task monitor] DEBUG n.processor.TaskPollingMonitor - Task completed > TaskHandler[id: 77; name: writeLargeFile (77); status: COMPLETED; exit: 0; error: -; workDir: /input/data/work/7a/a29c96b4604403b9d8e219d56385af]
Dec-18 13:58:45.640 [Task monitor] DEBUG n.processor.TaskPollingMonitor - Task completed > TaskHandler[id: 78; name: writeLargeFile (78); status: COMPLETED; exit: 0; error: -; workDir: /input/data/work/0b/1940fa6262199be2aaf3b1ed70eb58]
Dec-18 13:58:46.225 [Task monitor] DEBUG n.processor.TaskPollingMonitor - Task completed > TaskHandler[id: 79; name: writeLargeFile (79); status: COMPLETED; exit: 0; error: -; workDir: /input/data/work/4f/1e7fa28e31208147fa18d7b52d460a]
Dec-18 13:58:46.261 [Task monitor] DEBUG n.processor.TaskPollingMonitor - Task completed > TaskHandler[id: 80; name: writeLargeFile (80); status: COMPLETED; exit: 0; error: -; workDir: /input/data/work/1c/970f7ac01d0f8e25e59edd38eacd81]
Dec-18 13:58:46.294 [Task monitor] DEBUG n.processor.TaskPollingMonitor - Task completed > TaskHandler[id: 81; name: writeLargeFile (81); status: COMPLETED; exit: 0; error: -; workDir: /input/data/work/fe/fb14964dfe98564ae48a7a480e2faf]
Dec-18 13:59:16.870 [Task monitor] DEBUG n.processor.TaskPollingMonitor - Task completed > TaskHandler[id: 82; name: writeLargeFile (82); status: COMPLETED; exit: 0; error: -; workDir: /input/data/work/70/3b73802b35904b5ff8fd05d62152df]
Dec-18 13:59:16.922 [Task monitor] DEBUG n.processor.TaskPollingMonitor - Task completed > TaskHandler[id: 83; name: writeLargeFile (83); status: COMPLETED; exit: 0; error: -; workDir: /input/data/work/54/404063b0d76bb7ddcec83dfe53e6d5]
Dec-18 13:59:16.962 [Task monitor] DEBUG n.processor.TaskPollingMonitor - Task completed > TaskHandler[id: 84; name: writeLargeFile (84); status: COMPLETED; exit: 0; error: -; workDir: /input/data/work/59/a83f347f257aa108b52492e8fe0e37]
Dec-18 13:59:17.005 [Task monitor] DEBUG n.processor.TaskPollingMonitor - Task completed > TaskHandler[id: 85; name: writeLargeFile (85); status: COMPLETED; exit: 0; error: -; workDir: /input/data/work/3a/44099bcc416990da8cae4a1d211031]
Dec-18 13:59:17.038 [Task monitor] DEBUG n.processor.TaskPollingMonitor - Task completed > TaskHandler[id: 86; name: writeLargeFile (86); status: COMPLETED; exit: 0; error: -; workDir: /input/data/work/0f/bc06a5104b3aed3c26d79802b51302]
Dec-18 13:59:17.070 [Task monitor] DEBUG n.processor.TaskPollingMonitor - Task completed > TaskHandler[id: 88; name: writeLargeFile (88); status: COMPLETED; exit: 0; error: -; workDir: /input/data/work/d2/a0c9da9d01d8e4eca4be14566a9303]
Dec-18 13:59:46.881 [Task monitor] DEBUG n.processor.TaskPollingMonitor - Task completed > TaskHandler[id: 89; name: writeLargeFile (89); status: COMPLETED; exit: 0; error: -; workDir: /input/data/work/8f/e0903b53b0af080b661656c56c3edb]
Dec-18 13:59:46.933 [Task monitor] DEBUG n.processor.TaskPollingMonitor - Task completed > TaskHandler[id: 92; name: writeLargeFile (92); status: COMPLETED; exit: 0; error: -; workDir: /input/data/work/19/08dc047e1957a1c109c4abd4dedd7b]
Dec-18 13:59:46.983 [Task monitor] DEBUG n.processor.TaskPollingMonitor - Task completed > TaskHandler[id: 93; name: writeLargeFile (93); status: COMPLETED; exit: 0; error: -; workDir: /input/data/work/dc/f9d4c725fd3104f88206697ca1100b]
Dec-18 14:00:13.114 [Task monitor] DEBUG n.processor.TaskPollingMonitor - Task completed > TaskHandler[id: 87; name: writeLargeFile (87); status: COMPLETED; exit: 0; error: -; workDir: /input/data/work/e5/255b502a92060cfa71b9f64241f826]
Dec-18 14:00:14.693 [Task monitor] DEBUG n.processor.TaskPollingMonitor - Task completed > TaskHandler[id: 90; name: writeLargeFile (90); status: COMPLETED; exit: 0; error: -; workDir: /input/data/work/d5/faca28005a0793646627d3591b7e02]
Dec-18 14:00:14.761 [Task monitor] DEBUG n.processor.TaskPollingMonitor - Task completed > TaskHandler[id: 91; name: writeLargeFile (91); status: COMPLETED; exit: 0; error: -; workDir: /input/data/work/e9/1cf1da66f5e442287df1046938b614]
Dec-18 14:00:25.008 [Task monitor] DEBUG n.processor.TaskPollingMonitor - Task completed > TaskHandler[id: 94; name: writeLargeFile (94); status: COMPLETED; exit: 0; error: -; workDir: /input/data/work/37/113d0b8444860bdfb41fe64558d142]
Dec-18 14:00:25.045 [Task monitor] DEBUG n.processor.TaskPollingMonitor - Task completed > TaskHandler[id: 95; name: writeLargeFile (95); status: COMPLETED; exit: 0; error: -; workDir: /input/data/work/76/b25dc30eb10b1b1fb98b40d48ca55c]
Dec-18 14:00:25.082 [Task monitor] DEBUG n.processor.TaskPollingMonitor - Task completed > TaskHandler[id: 96; name: writeLargeFile (96); status: COMPLETED; exit: 0; error: -; workDir: /input/data/work/22/69aa279800407b442345973944c9b3]
Dec-18 14:00:25.939 [Task monitor] DEBUG n.processor.TaskPollingMonitor - Task completed > TaskHandler[id: 97; name: writeLargeFile (97); status: COMPLETED; exit: 0; error: -; workDir: /input/data/work/43/15e8f399a27e70b41bc6d1a30359a5]
Dec-18 14:00:26.034 [Task monitor] DEBUG n.processor.TaskPollingMonitor - Task completed > TaskHandler[id: 98; name: writeLargeFile (98); status: COMPLETED; exit: 0; error: -; workDir: /input/data/work/ba/4b08ed15f23c20fc46eaaeea84352d]
Dec-18 14:00:26.126 [Task monitor] DEBUG n.processor.TaskPollingMonitor - Task completed > TaskHandler[id: 99; name: writeLargeFile (99); status: COMPLETED; exit: 0; error: -; workDir: /input/data/work/06/959f30db06f3a9e08bacf1cd21d4e4]
Dec-18 14:00:35.009 [Task monitor] DEBUG n.processor.TaskPollingMonitor - Task completed > TaskHandler[id: 100; name: writeLargeFile (100); status: COMPLETED; exit: 0; error: -; workDir: /input/data/work/2c/1be1c2fb0ee7d3df49558ac23c55db]
Dec-18 14:00:35.136 [Task submitter] INFO  nextflow.Session - [33/e9d4c7] Submitted process > combineFiles (1)
Dec-18 14:01:24.970 [Task monitor] DEBUG n.processor.TaskPollingMonitor - !! executor k8s > tasks to be completed: 1 -- submitted tasks are shown below
~> TaskHandler[id: 101; name: combineFiles (1); status: RUNNING; exit: -; error: -; workDir: /input/data/work/33/e9d4c74e95d7e1fd7bc909b2489b25]
Dec-18 14:06:24.989 [Task monitor] DEBUG n.processor.TaskPollingMonitor - !! executor k8s > tasks to be completed: 1 -- submitted tasks are shown below
~> TaskHandler[id: 101; name: combineFiles (1); status: RUNNING; exit: -; error: -; workDir: /input/data/work/33/e9d4c74e95d7e1fd7bc909b2489b25]
Dec-18 14:11:24.999 [Task monitor] DEBUG n.processor.TaskPollingMonitor - !! executor k8s > tasks to be completed: 1 -- submitted tasks are shown below
~> TaskHandler[id: 101; name: combineFiles (1); status: RUNNING; exit: -; error: -; workDir: /input/data/work/33/e9d4c74e95d7e1fd7bc909b2489b25]
Dec-18 14:16:25.019 [Task monitor] DEBUG n.processor.TaskPollingMonitor - !! executor k8s > tasks to be completed: 1 -- submitted tasks are shown below
~> TaskHandler[id: 101; name: combineFiles (1); status: RUNNING; exit: -; error: -; workDir: /input/data/work/33/e9d4c74e95d7e1fd7bc909b2489b25]
Dec-18 14:21:25.031 [Task monitor] DEBUG n.processor.TaskPollingMonitor - !! executor k8s > tasks to be completed: 1 -- submitted tasks are shown below
~> TaskHandler[id: 101; name: combineFiles (1); status: RUNNING; exit: -; error: -; workDir: /input/data/work/33/e9d4c74e95d7e1fd7bc909b2489b25]
Dec-18 14:26:25.044 [Task monitor] DEBUG n.processor.TaskPollingMonitor - !! executor k8s > tasks to be completed: 1 -- submitted tasks are shown below
~> TaskHandler[id: 101; name: combineFiles (1); status: RUNNING; exit: -; error: -; workDir: /input/data/work/33/e9d4c74e95d7e1fd7bc909b2489b25]
Dec-18 14:27:00.086 [Task monitor] DEBUG n.processor.TaskPollingMonitor - Task completed > TaskHandler[id: 101; name: combineFiles (1); status: COMPLETED; exit: 0; error: -; workDir: /input/data/work/33/e9d4c74e95d7e1fd7bc909b2489b25]
Dec-18 14:27:00.089 [main] DEBUG nextflow.Session - Session await > all processes finished
Dec-18 14:27:00.094 [main] DEBUG nextflow.Session - Session await > all barriers passed
Dec-18 14:27:00.109 [main] DEBUG n.trace.WorkflowStatsObserver - Workflow completed > WorkflowStats[succeededCount=101; failedCount=0; ignoredCount=0; cachedCount=0; pendingCount=0; submittedCount=0; runningCount=0; retriesCount=0; abortedCount=0; succeedDuration=2h 18m 20s; failedDuration=0ms; cachedDuration=0ms;loadCpus=0; loadMemory=0; peakRunning=6; peakCpus=60; peakMemory=60 GB; ]
Dec-18 14:27:00.109 [main] DEBUG nextflow.trace.TraceFileObserver - Workflow completed -- saving trace file
Dec-18 14:27:00.111 [main] DEBUG nextflow.trace.ReportObserver - Workflow completed -- rendering execution report
Dec-18 14:27:00.711 [main] DEBUG nextflow.trace.TimelineObserver - Workflow completed -- rendering execution timeline
Dec-18 14:27:00.845 [main] DEBUG nextflow.cache.CacheDB - Closing CacheDB done
Dec-18 14:27:00.873 [main] DEBUG nextflow.util.ThreadPoolManager - Thread pool 'FileTransfer' shutdown completed (hard=false)
Dec-18 14:27:00.873 [main] DEBUG nextflow.script.ScriptRunner - > Execution complete -- Goodbye
