Nov-03 20:19:21.561 [main] DEBUG nextflow.cli.Launcher - $> nextflow run /input/group -c /experiments/experiment/group/nextflow.config -c /experiments/experiment/nextflow_cws.config -c /experiments/experiment/nextflow_ceph.config
Nov-03 20:19:21.622 [main] INFO  nextflow.cli.CmdRun - N E X T F L O W  ~  version 23.07.0-edge
Nov-03 20:19:21.640 [main] DEBUG nextflow.plugin.PluginsFacade - Setting up plugin manager > mode=prod; embedded=false; plugins-dir=/.nextflow/plugins; core-plugins: nf-amazon@2.1.0,nf-azure@1.1.4,nf-cloudcache@0.1.0,nf-codecommit@0.1.5,nf-console@1.0.6,nf-ga4gh@1.1.0,nf-google@1.8.1,nf-tower@1.5.15,nf-wave@0.11.0
Nov-03 20:19:21.650 [main] INFO  o.pf4j.DefaultPluginStatusProvider - Enabled plugins: []
Nov-03 20:19:21.651 [main] INFO  o.pf4j.DefaultPluginStatusProvider - Disabled plugins: []
Nov-03 20:19:21.655 [main] INFO  org.pf4j.DefaultPluginManager - PF4J version 3.4.1 in 'deployment' mode
Nov-03 20:19:21.663 [main] INFO  org.pf4j.AbstractPluginManager - No plugins
Nov-03 20:19:21.682 [main] DEBUG nextflow.scm.AssetManager - Project manifest does not exist: /input/group/nextflow.config (No such file or directory)
Nov-03 20:19:21.702 [main] DEBUG nextflow.config.ConfigBuilder - User config file: /experiments/experiment/group/nextflow.config
Nov-03 20:19:21.703 [main] DEBUG nextflow.config.ConfigBuilder - User config file: /experiments/experiment/nextflow_cws.config
Nov-03 20:19:21.703 [main] DEBUG nextflow.config.ConfigBuilder - User config file: /experiments/experiment/nextflow_ceph.config
Nov-03 20:19:21.703 [main] DEBUG nextflow.config.ConfigBuilder - Parsing config file: /experiments/experiment/group/nextflow.config
Nov-03 20:19:21.703 [main] DEBUG nextflow.config.ConfigBuilder - Parsing config file: /experiments/experiment/nextflow_cws.config
Nov-03 20:19:21.703 [main] DEBUG nextflow.config.ConfigBuilder - Parsing config file: /experiments/experiment/nextflow_ceph.config
Nov-03 20:19:21.718 [main] DEBUG nextflow.config.ConfigBuilder - Applying config profile: `standard`
Nov-03 20:19:22.193 [main] DEBUG nextflow.config.ConfigBuilder - Applying config profile: `standard`
Nov-03 20:19:22.332 [main] DEBUG nextflow.config.ConfigBuilder - Applying config profile: `standard`
Nov-03 20:19:22.358 [main] DEBUG nextflow.cli.CmdRun - Applied DSL=2 by global default
Nov-03 20:19:22.371 [main] INFO  nextflow.cli.CmdRun - Launching `/input/group/main.nf` [high_marconi] DSL2 - revision: eb2bec4e66
Nov-03 20:19:22.371 [main] DEBUG nextflow.plugin.PluginsFacade - Plugins default=[]
Nov-03 20:19:22.371 [main] DEBUG nextflow.plugin.PluginsFacade - Plugins resolved requirement=[]
Nov-03 20:19:22.378 [main] DEBUG n.secret.LocalSecretsProvider - Secrets store: /.nextflow/secrets/store.json
Nov-03 20:19:22.380 [main] DEBUG nextflow.secret.SecretsLoader - Discovered secrets providers: [nextflow.secret.LocalSecretsProvider@2c05ff9d] - activable => nextflow.secret.LocalSecretsProvider@2c05ff9d
Nov-03 20:19:22.429 [main] DEBUG nextflow.Session - Session UUID: 07de3195-7bab-4f77-b034-f45b87da2593
Nov-03 20:19:22.429 [main] DEBUG nextflow.Session - Run name: high_marconi
Nov-03 20:19:22.430 [main] DEBUG nextflow.Session - Executor pool size: 32
Nov-03 20:19:22.435 [main] DEBUG nextflow.file.FilePorter - File porter settings maxRetries=3; maxTransfers=50; pollTimeout=null
Nov-03 20:19:22.438 [main] DEBUG nextflow.util.ThreadPoolBuilder - Creating thread pool 'FileTransfer' minSize=10; maxSize=96; workQueue=LinkedBlockingQueue[10000]; allowCoreThreadTimeout=false
Nov-03 20:19:22.464 [main] DEBUG nextflow.cli.CmdRun - 
  Version: 23.07.0-edge build 5875
  Created: 28-07-2023 20:27 UTC (20:27 GMT)
  System: Linux 5.4.0-166-generic
  Runtime: Groovy 3.0.18 on OpenJDK 64-Bit Server VM 17.0.6+10-LTS
  Encoding: UTF-8 (UTF-8)
  Process: 187991@nextflow [10.233.76.19]
  CPUs: 32 - Mem: 125.7 GB (120 GB) - Swap: 0 (0)
Nov-03 20:19:22.490 [main] DEBUG nextflow.Session - Work-dir: /input/data/work [ceph]
Nov-03 20:19:22.490 [main] DEBUG nextflow.Session - Script base path does not exist or is not a directory: /input/group/bin
Nov-03 20:19:22.502 [main] DEBUG nextflow.executor.ExecutorFactory - Extension executors providers=[]
Nov-03 20:19:22.509 [main] DEBUG nextflow.Session - Observer factory: DefaultObserverFactory
Nov-03 20:19:22.537 [main] DEBUG nextflow.cache.CacheFactory - Using Nextflow cache factory: nextflow.cache.DefaultCacheFactory
Nov-03 20:19:22.544 [main] DEBUG nextflow.util.CustomThreadPool - Creating default thread pool > poolSize: 33; maxThreads: 1000
Nov-03 20:19:22.640 [main] DEBUG nextflow.Session - Session start
Nov-03 20:19:22.645 [main] DEBUG nextflow.trace.TraceFileObserver - Workflow started -- trace file: /input/data/output/trace.csv
Nov-03 20:19:22.812 [main] DEBUG nextflow.script.ScriptRunner - > Launching execution
Nov-03 20:19:23.025 [main] DEBUG nextflow.script.ProcessConfig - Config settings `withName:writeLargeFile` matches process writeLargeFile
Nov-03 20:19:23.036 [main] DEBUG nextflow.executor.ExecutorFactory - << taskConfig executor: k8s
Nov-03 20:19:23.036 [main] DEBUG nextflow.executor.ExecutorFactory - >> processorType: 'k8s'
Nov-03 20:19:23.045 [main] DEBUG nextflow.executor.Executor - [warm up] executor > k8s
Nov-03 20:19:23.062 [main] DEBUG n.processor.TaskPollingMonitor - Creating task monitor for executor 'k8s' > capacity: 300; pollInterval: 5s; dumpInterval: 5m; schedulerBatch: null
Nov-03 20:19:23.067 [main] DEBUG nextflow.k8s.client.ConfigDiscovery - K8s config file does not exist: /root/.kube/config
Nov-03 20:19:23.077 [main] DEBUG nextflow.k8s.K8sExecutor - [K8s] config=[scheduler:[strategy:rank_max-fair, name:workflow-scheduler, autoClose:false, nodeSelector:usedby=anonymized, container:anonymized/test1:sch_v194], debug:[yaml:true], namespace:anonymized, serviceAccount:nextflow, workDir:/input/data/work/, projectDir:/input/data/project/, imagePullPolicy:IfNotPresent, launchDir:/input/data/launch/, runAsUser:0, fetchNodeName:true, storageMountPath:/input, pod:[nodeSelector:usedby=anonymized], storage:[nodeSelector:usedby=anonymized, imageName:anonymized/test1:ftp_v122], storageClaimName:ceph-data]; API client config=ClientConfig[ server=10.233.0.1:443, namespace=anonymized, serviceAccount=nextflow, token=eyJhbGciOiJ.., sslCert=LS0tLS1CRUd.., clientCert=-, clientKey=-, verifySsl=false, fromFile=true, httpReadTimeout=null, httpConnectTimeout=null, maxErrorRetry=4 ]
Nov-03 20:19:26.722 [main] DEBUG nextflow.script.ProcessConfig - Config settings `withName:combineFiles` matches process combineFiles
Nov-03 20:19:26.724 [main] DEBUG nextflow.executor.ExecutorFactory - << taskConfig executor: k8s
Nov-03 20:19:26.724 [main] DEBUG nextflow.executor.ExecutorFactory - >> processorType: 'k8s'
Nov-03 20:19:26.734 [main] DEBUG nextflow.Session - Workflow process names [dsl2]: revertFile, combineFiles, writeLargeFile
Nov-03 20:19:26.736 [main] DEBUG nextflow.Session - Igniting dataflow network (3)
Nov-03 20:19:26.739 [main] DEBUG nextflow.processor.TaskProcessor - Starting process > writeLargeFile
Nov-03 20:19:26.740 [main] DEBUG nextflow.processor.TaskProcessor - Starting process > combineFiles
Nov-03 20:19:26.750 [main] DEBUG nextflow.script.ScriptRunner - > Awaiting termination 
Nov-03 20:19:26.750 [main] DEBUG nextflow.Session - Session await
Nov-03 20:19:27.031 [Task submitter] INFO  nextflow.Session - [2c/b21b21] Submitted process > writeLargeFile (7)
Nov-03 20:19:27.073 [Task submitter] INFO  nextflow.Session - [41/15363c] Submitted process > writeLargeFile (22)
Nov-03 20:19:27.113 [Task submitter] INFO  nextflow.Session - [b9/4360d6] Submitted process > writeLargeFile (20)
Nov-03 20:19:27.149 [Task submitter] INFO  nextflow.Session - [ab/eaccc8] Submitted process > writeLargeFile (26)
Nov-03 20:19:27.184 [Task submitter] INFO  nextflow.Session - [c6/655b0a] Submitted process > writeLargeFile (17)
Nov-03 20:19:27.221 [Task submitter] INFO  nextflow.Session - [24/bd2452] Submitted process > writeLargeFile (30)
Nov-03 20:19:27.260 [Task submitter] INFO  nextflow.Session - [94/d4d80c] Submitted process > writeLargeFile (32)
Nov-03 20:19:27.294 [Task submitter] INFO  nextflow.Session - [33/693499] Submitted process > writeLargeFile (12)
Nov-03 20:19:27.329 [Task submitter] INFO  nextflow.Session - [02/da6654] Submitted process > writeLargeFile (24)
Nov-03 20:19:27.361 [Task submitter] INFO  nextflow.Session - [0f/eaa1ac] Submitted process > writeLargeFile (28)
Nov-03 20:19:27.395 [Task submitter] INFO  nextflow.Session - [50/4262da] Submitted process > writeLargeFile (5)
Nov-03 20:19:27.428 [Task submitter] INFO  nextflow.Session - [bf/3b0be7] Submitted process > writeLargeFile (29)
Nov-03 20:19:27.462 [Task submitter] INFO  nextflow.Session - [c7/8db02f] Submitted process > writeLargeFile (16)
Nov-03 20:19:27.491 [Task submitter] INFO  nextflow.Session - [7b/9d2593] Submitted process > writeLargeFile (23)
Nov-03 20:19:27.523 [Task submitter] INFO  nextflow.Session - [9b/071883] Submitted process > writeLargeFile (21)
Nov-03 20:19:27.560 [Task submitter] INFO  nextflow.Session - [5d/7f269d] Submitted process > writeLargeFile (8)
Nov-03 20:19:27.594 [Task submitter] INFO  nextflow.Session - [46/404e04] Submitted process > writeLargeFile (25)
Nov-03 20:19:27.624 [Task submitter] INFO  nextflow.Session - [a1/11a7c5] Submitted process > writeLargeFile (19)
Nov-03 20:19:27.658 [Task submitter] INFO  nextflow.Session - [5b/a5b82a] Submitted process > writeLargeFile (6)
Nov-03 20:19:27.691 [Task submitter] INFO  nextflow.Session - [0b/35e318] Submitted process > writeLargeFile (48)
Nov-03 20:19:27.723 [Task submitter] INFO  nextflow.Session - [5a/536662] Submitted process > writeLargeFile (13)
Nov-03 20:19:27.757 [Task submitter] INFO  nextflow.Session - [01/2ada22] Submitted process > writeLargeFile (10)
Nov-03 20:19:27.788 [Task submitter] INFO  nextflow.Session - [ae/e88872] Submitted process > writeLargeFile (1)
Nov-03 20:19:27.816 [Task submitter] INFO  nextflow.Session - [28/944a12] Submitted process > writeLargeFile (18)
Nov-03 20:19:27.849 [Task submitter] INFO  nextflow.Session - [53/e4c54f] Submitted process > writeLargeFile (52)
Nov-03 20:19:27.883 [Task submitter] INFO  nextflow.Session - [3a/41c157] Submitted process > writeLargeFile (4)
Nov-03 20:19:27.918 [Task submitter] INFO  nextflow.Session - [75/facaf7] Submitted process > writeLargeFile (3)
Nov-03 20:19:27.945 [Task submitter] INFO  nextflow.Session - [c1/8c3d25] Submitted process > writeLargeFile (31)
Nov-03 20:19:27.978 [Task submitter] INFO  nextflow.Session - [b6/35adad] Submitted process > writeLargeFile (9)
Nov-03 20:19:28.009 [Task submitter] INFO  nextflow.Session - [07/ded297] Submitted process > writeLargeFile (11)
Nov-03 20:19:28.041 [Task submitter] INFO  nextflow.Session - [62/9a45c4] Submitted process > writeLargeFile (14)
Nov-03 20:19:28.077 [Task submitter] INFO  nextflow.Session - [f6/b139e8] Submitted process > writeLargeFile (27)
Nov-03 20:19:28.107 [Task submitter] INFO  nextflow.Session - [af/4cdefd] Submitted process > writeLargeFile (2)
Nov-03 20:19:28.139 [Task submitter] INFO  nextflow.Session - [3b/7de400] Submitted process > writeLargeFile (15)
Nov-03 20:19:28.170 [Task submitter] INFO  nextflow.Session - [01/877526] Submitted process > writeLargeFile (34)
Nov-03 20:19:28.200 [Task submitter] INFO  nextflow.Session - [e8/16048c] Submitted process > writeLargeFile (33)
Nov-03 20:19:28.227 [Task submitter] INFO  nextflow.Session - [95/f9c3b0] Submitted process > writeLargeFile (35)
Nov-03 20:19:28.263 [Task submitter] INFO  nextflow.Session - [50/be1419] Submitted process > writeLargeFile (37)
Nov-03 20:19:28.291 [Task submitter] INFO  nextflow.Session - [80/e1760a] Submitted process > writeLargeFile (36)
Nov-03 20:19:28.318 [Task submitter] INFO  nextflow.Session - [57/27362c] Submitted process > writeLargeFile (38)
Nov-03 20:19:28.347 [Task submitter] INFO  nextflow.Session - [d7/3803dd] Submitted process > writeLargeFile (40)
Nov-03 20:19:28.372 [Task submitter] INFO  nextflow.Session - [a3/645c3d] Submitted process > writeLargeFile (39)
Nov-03 20:19:28.402 [Task submitter] INFO  nextflow.Session - [cd/ac30f8] Submitted process > writeLargeFile (41)
Nov-03 20:19:28.431 [Task submitter] INFO  nextflow.Session - [1e/ef42af] Submitted process > writeLargeFile (42)
Nov-03 20:19:28.462 [Task submitter] INFO  nextflow.Session - [36/efb4d5] Submitted process > writeLargeFile (43)
Nov-03 20:19:28.490 [Task submitter] INFO  nextflow.Session - [de/b76c1a] Submitted process > writeLargeFile (44)
Nov-03 20:19:28.519 [Task submitter] INFO  nextflow.Session - [20/6c33d5] Submitted process > writeLargeFile (46)
Nov-03 20:19:28.543 [Task submitter] INFO  nextflow.Session - [59/b4ceb8] Submitted process > writeLargeFile (45)
Nov-03 20:19:28.574 [Task submitter] INFO  nextflow.Session - [78/be97f2] Submitted process > writeLargeFile (47)
Nov-03 20:19:28.604 [Task submitter] INFO  nextflow.Session - [18/862bea] Submitted process > writeLargeFile (49)
Nov-03 20:19:28.634 [Task submitter] INFO  nextflow.Session - [f9/c77a86] Submitted process > writeLargeFile (50)
Nov-03 20:19:28.661 [Task submitter] INFO  nextflow.Session - [a8/0b9806] Submitted process > writeLargeFile (51)
Nov-03 20:19:28.689 [Task submitter] INFO  nextflow.Session - [73/90b675] Submitted process > writeLargeFile (79)
Nov-03 20:19:28.718 [Task submitter] INFO  nextflow.Session - [aa/1db552] Submitted process > writeLargeFile (53)
Nov-03 20:19:28.746 [Task submitter] INFO  nextflow.Session - [b1/2d62fc] Submitted process > writeLargeFile (54)
Nov-03 20:19:28.775 [Task submitter] INFO  nextflow.Session - [70/4f8d72] Submitted process > writeLargeFile (57)
Nov-03 20:19:28.806 [Task submitter] INFO  nextflow.Session - [45/83c4d8] Submitted process > writeLargeFile (55)
Nov-03 20:19:28.834 [Task submitter] INFO  nextflow.Session - [b5/478594] Submitted process > writeLargeFile (56)
Nov-03 20:19:28.864 [Task submitter] INFO  nextflow.Session - [a3/7ed680] Submitted process > writeLargeFile (59)
Nov-03 20:19:28.893 [Task submitter] INFO  nextflow.Session - [32/0a0541] Submitted process > writeLargeFile (58)
Nov-03 20:19:28.922 [Task submitter] INFO  nextflow.Session - [56/f57270] Submitted process > writeLargeFile (60)
Nov-03 20:19:28.950 [Task submitter] INFO  nextflow.Session - [fd/546247] Submitted process > writeLargeFile (61)
Nov-03 20:19:28.982 [Task submitter] INFO  nextflow.Session - [5a/674060] Submitted process > writeLargeFile (62)
Nov-03 20:19:29.012 [Task submitter] INFO  nextflow.Session - [14/328052] Submitted process > writeLargeFile (63)
Nov-03 20:19:29.043 [Task submitter] INFO  nextflow.Session - [79/405470] Submitted process > writeLargeFile (64)
Nov-03 20:19:29.071 [Task submitter] INFO  nextflow.Session - [8a/0094a4] Submitted process > writeLargeFile (65)
Nov-03 20:19:29.102 [Task submitter] INFO  nextflow.Session - [59/21f693] Submitted process > writeLargeFile (66)
Nov-03 20:19:29.130 [Task submitter] INFO  nextflow.Session - [f2/2f7578] Submitted process > writeLargeFile (68)
Nov-03 20:19:29.163 [Task submitter] INFO  nextflow.Session - [c3/3b492c] Submitted process > writeLargeFile (67)
Nov-03 20:19:29.190 [Task submitter] INFO  nextflow.Session - [14/cd6a40] Submitted process > writeLargeFile (69)
Nov-03 20:19:29.221 [Task submitter] INFO  nextflow.Session - [fb/88ad10] Submitted process > writeLargeFile (70)
Nov-03 20:19:29.252 [Task submitter] INFO  nextflow.Session - [ba/c9f073] Submitted process > writeLargeFile (72)
Nov-03 20:19:29.284 [Task submitter] INFO  nextflow.Session - [1c/f316e2] Submitted process > writeLargeFile (71)
Nov-03 20:19:29.312 [Task submitter] INFO  nextflow.Session - [11/cac475] Submitted process > writeLargeFile (73)
Nov-03 20:19:29.343 [Task submitter] INFO  nextflow.Session - [8f/ed5e77] Submitted process > writeLargeFile (74)
Nov-03 20:19:29.376 [Task submitter] INFO  nextflow.Session - [95/8bcf10] Submitted process > writeLargeFile (75)
Nov-03 20:19:29.407 [Task submitter] INFO  nextflow.Session - [74/f5b634] Submitted process > writeLargeFile (76)
Nov-03 20:19:29.435 [Task submitter] INFO  nextflow.Session - [f4/ee50e4] Submitted process > writeLargeFile (77)
Nov-03 20:19:29.467 [Task submitter] INFO  nextflow.Session - [5b/07e84c] Submitted process > writeLargeFile (78)
Nov-03 20:19:29.498 [Task submitter] INFO  nextflow.Session - [65/905c42] Submitted process > writeLargeFile (80)
Nov-03 20:19:29.530 [Task submitter] INFO  nextflow.Session - [d9/2f7781] Submitted process > writeLargeFile (81)
Nov-03 20:19:29.556 [Task submitter] INFO  nextflow.Session - [1b/aa62dd] Submitted process > writeLargeFile (82)
Nov-03 20:19:29.586 [Task submitter] INFO  nextflow.Session - [25/2c9ae4] Submitted process > writeLargeFile (83)
Nov-03 20:19:29.616 [Task submitter] INFO  nextflow.Session - [8e/70f44f] Submitted process > writeLargeFile (84)
Nov-03 20:19:29.649 [Task submitter] INFO  nextflow.Session - [af/2d8c4f] Submitted process > writeLargeFile (85)
Nov-03 20:19:29.678 [Task submitter] INFO  nextflow.Session - [0e/8c340f] Submitted process > writeLargeFile (86)
Nov-03 20:19:29.711 [Task submitter] INFO  nextflow.Session - [58/2592ec] Submitted process > writeLargeFile (87)
Nov-03 20:19:29.743 [Task submitter] INFO  nextflow.Session - [21/c9470c] Submitted process > writeLargeFile (88)
Nov-03 20:19:29.783 [Task submitter] INFO  nextflow.Session - [86/a47b22] Submitted process > writeLargeFile (89)
Nov-03 20:19:29.811 [Task submitter] INFO  nextflow.Session - [d4/05198a] Submitted process > writeLargeFile (90)
Nov-03 20:19:29.840 [Task submitter] INFO  nextflow.Session - [43/f2886d] Submitted process > writeLargeFile (91)
Nov-03 20:19:29.866 [Task submitter] INFO  nextflow.Session - [5b/45b630] Submitted process > writeLargeFile (92)
Nov-03 20:19:29.901 [Task submitter] INFO  nextflow.Session - [46/cd7785] Submitted process > writeLargeFile (93)
Nov-03 20:19:29.931 [Task submitter] INFO  nextflow.Session - [da/bea263] Submitted process > writeLargeFile (94)
Nov-03 20:19:29.961 [Task submitter] INFO  nextflow.Session - [74/bfe01c] Submitted process > writeLargeFile (95)
Nov-03 20:19:29.990 [Task submitter] INFO  nextflow.Session - [17/f78d4b] Submitted process > writeLargeFile (96)
Nov-03 20:19:30.045 [Task submitter] INFO  nextflow.Session - [9b/108d12] Submitted process > writeLargeFile (98)
Nov-03 20:19:30.444 [Task submitter] INFO  nextflow.Session - [88/991497] Submitted process > writeLargeFile (97)
Nov-03 20:19:30.523 [Task submitter] INFO  nextflow.Session - [fb/a6b592] Submitted process > writeLargeFile (99)
Nov-03 20:19:30.604 [Task submitter] INFO  nextflow.Session - [75/6dc65a] Submitted process > writeLargeFile (100)
Nov-03 20:20:42.669 [Task monitor] DEBUG n.processor.TaskPollingMonitor - Task completed > TaskHandler[id: 12; name: writeLargeFile (12); status: COMPLETED; exit: 0; error: -; workDir: /input/data/work/33/693499349d22111ad29d3e3630ccd9]
Nov-03 20:20:42.831 [Task monitor] DEBUG n.processor.TaskPollingMonitor - Task completed > TaskHandler[id: 8; name: writeLargeFile (8); status: COMPLETED; exit: 0; error: -; workDir: /input/data/work/5d/7f269da133477cbebe610d3691a2b5]
Nov-03 20:20:42.973 [Task monitor] DEBUG n.processor.TaskPollingMonitor - Task completed > TaskHandler[id: 18; name: writeLargeFile (18); status: COMPLETED; exit: 0; error: -; workDir: /input/data/work/28/944a12a6047ea56c132000a45bd6ba]
Nov-03 20:21:05.342 [Task monitor] DEBUG n.processor.TaskPollingMonitor - Task completed > TaskHandler[id: 7; name: writeLargeFile (7); status: COMPLETED; exit: 0; error: -; workDir: /input/data/work/2c/b21b218db8fa94e8c38a25b7a1d68e]
Nov-03 20:21:07.012 [Task monitor] DEBUG n.processor.TaskPollingMonitor - Task completed > TaskHandler[id: 22; name: writeLargeFile (22); status: COMPLETED; exit: 0; error: -; workDir: /input/data/work/41/15363cffed4865d4203b68da28fa33]
Nov-03 20:21:07.624 [Task monitor] DEBUG n.processor.TaskPollingMonitor - Task completed > TaskHandler[id: 20; name: writeLargeFile (20); status: COMPLETED; exit: 0; error: -; workDir: /input/data/work/b9/4360d62e81d7c464c12a3f4b66a188]
Nov-03 20:21:23.449 [Task monitor] DEBUG n.processor.TaskPollingMonitor - Task completed > TaskHandler[id: 26; name: writeLargeFile (26); status: COMPLETED; exit: 0; error: -; workDir: /input/data/work/ab/eaccc8e963ad33538f3f98ca34c8b7]
Nov-03 20:21:50.853 [Task monitor] DEBUG n.processor.TaskPollingMonitor - Task completed > TaskHandler[id: 17; name: writeLargeFile (17); status: COMPLETED; exit: 0; error: -; workDir: /input/data/work/c6/655b0a046c5af06baaf014e5b2988a]
Nov-03 20:22:05.219 [Task monitor] DEBUG n.processor.TaskPollingMonitor - Task completed > TaskHandler[id: 30; name: writeLargeFile (30); status: COMPLETED; exit: 0; error: -; workDir: /input/data/work/24/bd2452d1084142ff48e0dd848fa2da]
Nov-03 20:22:05.272 [Task monitor] DEBUG n.processor.TaskPollingMonitor - Task completed > TaskHandler[id: 32; name: writeLargeFile (32); status: COMPLETED; exit: 0; error: -; workDir: /input/data/work/94/d4d80c0ef3b93ec43638df355fe85c]
Nov-03 20:22:05.315 [Task monitor] DEBUG n.processor.TaskPollingMonitor - Task completed > TaskHandler[id: 24; name: writeLargeFile (24); status: COMPLETED; exit: 0; error: -; workDir: /input/data/work/02/da6654b00eb14dc489ad24baedd93d]
Nov-03 20:22:05.377 [Task monitor] DEBUG n.processor.TaskPollingMonitor - Task completed > TaskHandler[id: 28; name: writeLargeFile (28); status: COMPLETED; exit: 0; error: -; workDir: /input/data/work/0f/eaa1ac8c18186858a29b6a1a54d106]
Nov-03 20:22:05.418 [Task monitor] DEBUG n.processor.TaskPollingMonitor - Task completed > TaskHandler[id: 5; name: writeLargeFile (5); status: COMPLETED; exit: 0; error: -; workDir: /input/data/work/50/4262da098ad0b216bf15cf730c8b7e]
Nov-03 20:22:05.461 [Task monitor] DEBUG n.processor.TaskPollingMonitor - Task completed > TaskHandler[id: 29; name: writeLargeFile (29); status: COMPLETED; exit: 0; error: -; workDir: /input/data/work/bf/3b0be75def8f11c19d61d23f72ad57]
Nov-03 20:22:05.502 [Task monitor] DEBUG n.processor.TaskPollingMonitor - Task completed > TaskHandler[id: 16; name: writeLargeFile (16); status: COMPLETED; exit: 0; error: -; workDir: /input/data/work/c7/8db02f07935e6232f37e469e920c5d]
Nov-03 20:22:05.543 [Task monitor] DEBUG n.processor.TaskPollingMonitor - Task completed > TaskHandler[id: 23; name: writeLargeFile (23); status: COMPLETED; exit: 0; error: -; workDir: /input/data/work/7b/9d2593d221b872bc3cf29e718948b7]
Nov-03 20:22:05.594 [Task monitor] DEBUG n.processor.TaskPollingMonitor - Task completed > TaskHandler[id: 21; name: writeLargeFile (21); status: COMPLETED; exit: 0; error: -; workDir: /input/data/work/9b/071883d3425fdceb8be7b94f0a725c]
Nov-03 20:22:05.636 [Task monitor] DEBUG n.processor.TaskPollingMonitor - Task completed > TaskHandler[id: 25; name: writeLargeFile (25); status: COMPLETED; exit: 0; error: -; workDir: /input/data/work/46/404e041e182eb97a93de838c7a128d]
Nov-03 20:22:05.679 [Task monitor] DEBUG n.processor.TaskPollingMonitor - Task completed > TaskHandler[id: 19; name: writeLargeFile (19); status: COMPLETED; exit: 0; error: -; workDir: /input/data/work/a1/11a7c518df3e9dd07a5e965497b54f]
Nov-03 20:22:05.718 [Task monitor] DEBUG n.processor.TaskPollingMonitor - Task completed > TaskHandler[id: 6; name: writeLargeFile (6); status: COMPLETED; exit: 0; error: -; workDir: /input/data/work/5b/a5b82a8121141058f2d54a674cc76a]
Nov-03 20:22:05.759 [Task monitor] DEBUG n.processor.TaskPollingMonitor - Task completed > TaskHandler[id: 48; name: writeLargeFile (48); status: COMPLETED; exit: 0; error: -; workDir: /input/data/work/0b/35e3181aa3c09306d1f3cd5c4e7f78]
Nov-03 20:22:05.802 [Task monitor] DEBUG n.processor.TaskPollingMonitor - Task completed > TaskHandler[id: 13; name: writeLargeFile (13); status: COMPLETED; exit: 0; error: -; workDir: /input/data/work/5a/536662b9eff38f94e70532d9b48458]
Nov-03 20:22:05.843 [Task monitor] DEBUG n.processor.TaskPollingMonitor - Task completed > TaskHandler[id: 10; name: writeLargeFile (10); status: COMPLETED; exit: 0; error: -; workDir: /input/data/work/01/2ada22e2e9aa4e90f4d752035067a3]
Nov-03 20:22:05.883 [Task monitor] DEBUG n.processor.TaskPollingMonitor - Task completed > TaskHandler[id: 1; name: writeLargeFile (1); status: COMPLETED; exit: 0; error: -; workDir: /input/data/work/ae/e88872bd803e09f1cebd15b581f49e]
Nov-03 20:22:05.937 [Task monitor] DEBUG n.processor.TaskPollingMonitor - Task completed > TaskHandler[id: 4; name: writeLargeFile (4); status: COMPLETED; exit: 0; error: -; workDir: /input/data/work/3a/41c157f89d5ec11e1d41c7ac5abd75]
Nov-03 20:22:05.976 [Task monitor] DEBUG n.processor.TaskPollingMonitor - Task completed > TaskHandler[id: 3; name: writeLargeFile (3); status: COMPLETED; exit: 0; error: -; workDir: /input/data/work/75/facaf79f868faf4e96ecaabf19d3d2]
Nov-03 20:22:06.027 [Task monitor] DEBUG n.processor.TaskPollingMonitor - Task completed > TaskHandler[id: 31; name: writeLargeFile (31); status: COMPLETED; exit: 0; error: -; workDir: /input/data/work/c1/8c3d25d60f5d130d310d986c1da0d5]
Nov-03 20:22:06.080 [Task monitor] DEBUG n.processor.TaskPollingMonitor - Task completed > TaskHandler[id: 9; name: writeLargeFile (9); status: COMPLETED; exit: 0; error: -; workDir: /input/data/work/b6/35adadf2359158d9fbd26a0948f7eb]
Nov-03 20:22:06.133 [Task monitor] DEBUG n.processor.TaskPollingMonitor - Task completed > TaskHandler[id: 11; name: writeLargeFile (11); status: COMPLETED; exit: 0; error: -; workDir: /input/data/work/07/ded2971dea2ed785500204b3f8b72d]
Nov-03 20:22:06.521 [Task monitor] DEBUG n.processor.TaskPollingMonitor - Task completed > TaskHandler[id: 41; name: writeLargeFile (41); status: COMPLETED; exit: 0; error: -; workDir: /input/data/work/cd/ac30f8bbda687b97d6c0e58308c115]
Nov-03 20:22:06.580 [Task monitor] DEBUG n.processor.TaskPollingMonitor - Task completed > TaskHandler[id: 42; name: writeLargeFile (42); status: COMPLETED; exit: 0; error: -; workDir: /input/data/work/1e/ef42af70ceba18ec03102d54c7f2d5]
Nov-03 20:22:06.636 [Task monitor] DEBUG n.processor.TaskPollingMonitor - Task completed > TaskHandler[id: 43; name: writeLargeFile (43); status: COMPLETED; exit: 0; error: -; workDir: /input/data/work/36/efb4d54a8bf3be9fec1032161f6bc4]
Nov-03 20:22:08.195 [Task monitor] DEBUG n.processor.TaskPollingMonitor - Task completed > TaskHandler[id: 52; name: writeLargeFile (52); status: COMPLETED; exit: 0; error: -; workDir: /input/data/work/53/e4c54f14c85754943f3fcafe2d5420]
Nov-03 20:22:08.231 [Task monitor] DEBUG n.processor.TaskPollingMonitor - Task completed > TaskHandler[id: 14; name: writeLargeFile (14); status: COMPLETED; exit: 0; error: -; workDir: /input/data/work/62/9a45c4c0135c9d44261be902ef439a]
Nov-03 20:22:08.276 [Task monitor] DEBUG n.processor.TaskPollingMonitor - Task completed > TaskHandler[id: 27; name: writeLargeFile (27); status: COMPLETED; exit: 0; error: -; workDir: /input/data/work/f6/b139e830c4935fc6a2f9cb74d39e8a]
Nov-03 20:22:08.370 [Task monitor] DEBUG n.processor.TaskPollingMonitor - Task completed > TaskHandler[id: 2; name: writeLargeFile (2); status: COMPLETED; exit: 0; error: -; workDir: /input/data/work/af/4cdefd4cf93edcf0442e8e73d9f6f5]
Nov-03 20:22:08.412 [Task monitor] DEBUG n.processor.TaskPollingMonitor - Task completed > TaskHandler[id: 15; name: writeLargeFile (15); status: COMPLETED; exit: 0; error: -; workDir: /input/data/work/3b/7de400113f48e646d6bf6e7f4e7d24]
Nov-03 20:22:08.449 [Task monitor] DEBUG n.processor.TaskPollingMonitor - Task completed > TaskHandler[id: 34; name: writeLargeFile (34); status: COMPLETED; exit: 0; error: -; workDir: /input/data/work/01/8775261057195528ccbf079894bdd6]
Nov-03 20:22:08.491 [Task monitor] DEBUG n.processor.TaskPollingMonitor - Task completed > TaskHandler[id: 33; name: writeLargeFile (33); status: COMPLETED; exit: 0; error: -; workDir: /input/data/work/e8/16048c25602fe321b5e465940dbabb]
Nov-03 20:22:08.561 [Task monitor] DEBUG n.processor.TaskPollingMonitor - Task completed > TaskHandler[id: 35; name: writeLargeFile (35); status: COMPLETED; exit: 0; error: -; workDir: /input/data/work/95/f9c3b04dbc417ff4f87657be5e3815]
Nov-03 20:22:08.601 [Task monitor] DEBUG n.processor.TaskPollingMonitor - Task completed > TaskHandler[id: 37; name: writeLargeFile (37); status: COMPLETED; exit: 0; error: -; workDir: /input/data/work/50/be14196de4152113f6622a51c7b3a2]
Nov-03 20:22:08.717 [Task monitor] DEBUG n.processor.TaskPollingMonitor - Task completed > TaskHandler[id: 36; name: writeLargeFile (36); status: COMPLETED; exit: 0; error: -; workDir: /input/data/work/80/e1760adadbac1b04ff7015c26d5eb5]
Nov-03 20:22:08.777 [Task monitor] DEBUG n.processor.TaskPollingMonitor - Task completed > TaskHandler[id: 38; name: writeLargeFile (38); status: COMPLETED; exit: 0; error: -; workDir: /input/data/work/57/27362ca0bd6b03205e0c69285d1fa1]
Nov-03 20:22:08.866 [Task monitor] DEBUG n.processor.TaskPollingMonitor - Task completed > TaskHandler[id: 40; name: writeLargeFile (40); status: COMPLETED; exit: 0; error: -; workDir: /input/data/work/d7/3803dd65fa6285ccbc2d5ca862ca11]
Nov-03 20:22:08.907 [Task monitor] DEBUG n.processor.TaskPollingMonitor - Task completed > TaskHandler[id: 39; name: writeLargeFile (39); status: COMPLETED; exit: 0; error: -; workDir: /input/data/work/a3/645c3d12d2a860517154d1f6cf3e93]
Nov-03 20:22:08.993 [Task monitor] DEBUG n.processor.TaskPollingMonitor - Task completed > TaskHandler[id: 44; name: writeLargeFile (44); status: COMPLETED; exit: 0; error: -; workDir: /input/data/work/de/b76c1a682103586099b6a099d6f3d8]
Nov-03 20:22:09.036 [Task monitor] DEBUG n.processor.TaskPollingMonitor - Task completed > TaskHandler[id: 46; name: writeLargeFile (46); status: COMPLETED; exit: 0; error: -; workDir: /input/data/work/20/6c33d598baa4580cef76d01425e0ca]
Nov-03 20:22:09.114 [Task monitor] DEBUG n.processor.TaskPollingMonitor - Task completed > TaskHandler[id: 45; name: writeLargeFile (45); status: COMPLETED; exit: 0; error: -; workDir: /input/data/work/59/b4ceb8730d1f506321b4311eaaeeff]
Nov-03 20:23:26.443 [Task monitor] DEBUG n.processor.TaskPollingMonitor - Task completed > TaskHandler[id: 65; name: writeLargeFile (65); status: COMPLETED; exit: 0; error: -; workDir: /input/data/work/8a/0094a43366eca907868265e9ee491f]
Nov-03 20:23:26.705 [Task monitor] DEBUG n.processor.TaskPollingMonitor - Task completed > TaskHandler[id: 68; name: writeLargeFile (68); status: COMPLETED; exit: 0; error: -; workDir: /input/data/work/f2/2f757857278f329084df3fcee269e9]
Nov-03 20:23:28.494 [Task monitor] DEBUG n.processor.TaskPollingMonitor - Task completed > TaskHandler[id: 69; name: writeLargeFile (69); status: COMPLETED; exit: 0; error: -; workDir: /input/data/work/14/cd6a40e51eaffaad87f67e30a8add1]
Nov-03 20:23:28.532 [Task monitor] DEBUG n.processor.TaskPollingMonitor - Task completed > TaskHandler[id: 70; name: writeLargeFile (70); status: COMPLETED; exit: 0; error: -; workDir: /input/data/work/fb/88ad103f01b24fc7c26977dedc85dc]
Nov-03 20:23:28.569 [Task monitor] DEBUG n.processor.TaskPollingMonitor - Task completed > TaskHandler[id: 72; name: writeLargeFile (72); status: COMPLETED; exit: 0; error: -; workDir: /input/data/work/ba/c9f073c08695b67b41a084a49717f5]
Nov-03 20:23:31.193 [Task monitor] DEBUG n.processor.TaskPollingMonitor - Task completed > TaskHandler[id: 47; name: writeLargeFile (47); status: COMPLETED; exit: 0; error: -; workDir: /input/data/work/78/be97f233fd797744f2c0beff36aa89]
Nov-03 20:23:31.369 [Task monitor] DEBUG n.processor.TaskPollingMonitor - Task completed > TaskHandler[id: 49; name: writeLargeFile (49); status: COMPLETED; exit: 0; error: -; workDir: /input/data/work/18/862beaffb656d3b0e92ec015c676d3]
Nov-03 20:23:31.413 [Task monitor] DEBUG n.processor.TaskPollingMonitor - Task completed > TaskHandler[id: 50; name: writeLargeFile (50); status: COMPLETED; exit: 0; error: -; workDir: /input/data/work/f9/c77a8653b3460f8fc3fa9c6a125ad7]
Nov-03 20:23:31.457 [Task monitor] DEBUG n.processor.TaskPollingMonitor - Task completed > TaskHandler[id: 51; name: writeLargeFile (51); status: COMPLETED; exit: 0; error: -; workDir: /input/data/work/a8/0b98066ddb2cfb5c37d3f305004c43]
Nov-03 20:23:31.510 [Task monitor] DEBUG n.processor.TaskPollingMonitor - Task completed > TaskHandler[id: 79; name: writeLargeFile (79); status: COMPLETED; exit: 0; error: -; workDir: /input/data/work/73/90b67557807d6a6b3e582e49b32557]
Nov-03 20:23:31.544 [Task monitor] DEBUG n.processor.TaskPollingMonitor - Task completed > TaskHandler[id: 53; name: writeLargeFile (53); status: COMPLETED; exit: 0; error: -; workDir: /input/data/work/aa/1db5523a668fd3af44ea36131801b7]
Nov-03 20:23:31.586 [Task monitor] DEBUG n.processor.TaskPollingMonitor - Task completed > TaskHandler[id: 54; name: writeLargeFile (54); status: COMPLETED; exit: 0; error: -; workDir: /input/data/work/b1/2d62fc112bd1b7991553869f8e29ff]
Nov-03 20:23:31.625 [Task monitor] DEBUG n.processor.TaskPollingMonitor - Task completed > TaskHandler[id: 57; name: writeLargeFile (57); status: COMPLETED; exit: 0; error: -; workDir: /input/data/work/70/4f8d72485d9534b7e7e4a314cd8b5f]
Nov-03 20:23:31.663 [Task monitor] DEBUG n.processor.TaskPollingMonitor - Task completed > TaskHandler[id: 55; name: writeLargeFile (55); status: COMPLETED; exit: 0; error: -; workDir: /input/data/work/45/83c4d89fe84b843a19665e03bd5e1e]
Nov-03 20:23:31.697 [Task monitor] DEBUG n.processor.TaskPollingMonitor - Task completed > TaskHandler[id: 56; name: writeLargeFile (56); status: COMPLETED; exit: 0; error: -; workDir: /input/data/work/b5/4785948832118e3b0e05326eed9731]
Nov-03 20:23:31.738 [Task monitor] DEBUG n.processor.TaskPollingMonitor - Task completed > TaskHandler[id: 59; name: writeLargeFile (59); status: COMPLETED; exit: 0; error: -; workDir: /input/data/work/a3/7ed680a8159d2d4b9a474a9d96c0ce]
Nov-03 20:23:31.810 [Task monitor] DEBUG n.processor.TaskPollingMonitor - Task completed > TaskHandler[id: 58; name: writeLargeFile (58); status: COMPLETED; exit: 0; error: -; workDir: /input/data/work/32/0a05411b44fb3dc816ab5dd9a2cc7a]
Nov-03 20:23:31.854 [Task monitor] DEBUG n.processor.TaskPollingMonitor - Task completed > TaskHandler[id: 60; name: writeLargeFile (60); status: COMPLETED; exit: 0; error: -; workDir: /input/data/work/56/f572709bffd3bc849af6c27fad6ea8]
Nov-03 20:23:31.899 [Task monitor] DEBUG n.processor.TaskPollingMonitor - Task completed > TaskHandler[id: 61; name: writeLargeFile (61); status: COMPLETED; exit: 0; error: -; workDir: /input/data/work/fd/54624723950505efcd196fd74e4d7e]
Nov-03 20:23:31.941 [Task monitor] DEBUG n.processor.TaskPollingMonitor - Task completed > TaskHandler[id: 62; name: writeLargeFile (62); status: COMPLETED; exit: 0; error: -; workDir: /input/data/work/5a/674060a99e8f5c555caa1616cff0b3]
Nov-03 20:23:31.993 [Task monitor] DEBUG n.processor.TaskPollingMonitor - Task completed > TaskHandler[id: 63; name: writeLargeFile (63); status: COMPLETED; exit: 0; error: -; workDir: /input/data/work/14/328052010fe4a7ff4e742647eecb23]
Nov-03 20:23:32.042 [Task monitor] DEBUG n.processor.TaskPollingMonitor - Task completed > TaskHandler[id: 64; name: writeLargeFile (64); status: COMPLETED; exit: 0; error: -; workDir: /input/data/work/79/40547061fa5c16ac13e8ae3839fc16]
Nov-03 20:23:32.082 [Task monitor] DEBUG n.processor.TaskPollingMonitor - Task completed > TaskHandler[id: 66; name: writeLargeFile (66); status: COMPLETED; exit: 0; error: -; workDir: /input/data/work/59/21f693704d44e39291233cd7d5a337]
Nov-03 20:23:32.124 [Task monitor] DEBUG n.processor.TaskPollingMonitor - Task completed > TaskHandler[id: 67; name: writeLargeFile (67); status: COMPLETED; exit: 0; error: -; workDir: /input/data/work/c3/3b492c6a4d4ec3565b703c6e0c41c9]
Nov-03 20:24:31.948 [Task monitor] DEBUG n.processor.TaskPollingMonitor - !! executor k8s > tasks to be completed: 28 -- submitted tasks are shown below
~> TaskHandler[id: 71; name: writeLargeFile (71); status: RUNNING; exit: -; error: -; workDir: /input/data/work/1c/f316e2054ac887f8f9843e873d78de]
~> TaskHandler[id: 73; name: writeLargeFile (73); status: RUNNING; exit: -; error: -; workDir: /input/data/work/11/cac4758ef0b5ceb21c2d0ce7a7ac0b]
~> TaskHandler[id: 74; name: writeLargeFile (74); status: RUNNING; exit: -; error: -; workDir: /input/data/work/8f/ed5e779d84b30531924f624e07385f]
~> TaskHandler[id: 75; name: writeLargeFile (75); status: RUNNING; exit: -; error: -; workDir: /input/data/work/95/8bcf102e1258e2c722da9ab2e74ae5]
~> TaskHandler[id: 76; name: writeLargeFile (76); status: RUNNING; exit: -; error: -; workDir: /input/data/work/74/f5b6340e71e0903567ae0c4631be83]
~> TaskHandler[id: 77; name: writeLargeFile (77); status: RUNNING; exit: -; error: -; workDir: /input/data/work/f4/ee50e40e643ceb37bbe2c3782bc1a8]
~> TaskHandler[id: 78; name: writeLargeFile (78); status: RUNNING; exit: -; error: -; workDir: /input/data/work/5b/07e84ce565290bbc6d7cc1a29d6a5a]
~> TaskHandler[id: 80; name: writeLargeFile (80); status: RUNNING; exit: -; error: -; workDir: /input/data/work/65/905c427f8c00f3d644eda311a69094]
~> TaskHandler[id: 81; name: writeLargeFile (81); status: RUNNING; exit: -; error: -; workDir: /input/data/work/d9/2f778197884b840c91cf4d7a6c36f1]
~> TaskHandler[id: 82; name: writeLargeFile (82); status: RUNNING; exit: -; error: -; workDir: /input/data/work/1b/aa62ddd2a2bd0e7c5852dad2b7f9c7]
.. remaining tasks omitted.
Nov-03 20:24:51.990 [Task monitor] DEBUG n.processor.TaskPollingMonitor - Task completed > TaskHandler[id: 71; name: writeLargeFile (71); status: COMPLETED; exit: 0; error: -; workDir: /input/data/work/1c/f316e2054ac887f8f9843e873d78de]
Nov-03 20:24:52.221 [Task monitor] DEBUG n.processor.TaskPollingMonitor - Task completed > TaskHandler[id: 73; name: writeLargeFile (73); status: COMPLETED; exit: 0; error: -; workDir: /input/data/work/11/cac4758ef0b5ceb21c2d0ce7a7ac0b]
Nov-03 20:24:52.412 [Task monitor] DEBUG n.processor.TaskPollingMonitor - Task completed > TaskHandler[id: 74; name: writeLargeFile (74); status: COMPLETED; exit: 0; error: -; workDir: /input/data/work/8f/ed5e779d84b30531924f624e07385f]
Nov-03 20:24:52.523 [Task monitor] DEBUG n.processor.TaskPollingMonitor - Task completed > TaskHandler[id: 75; name: writeLargeFile (75); status: COMPLETED; exit: 0; error: -; workDir: /input/data/work/95/8bcf102e1258e2c722da9ab2e74ae5]
Nov-03 20:24:52.647 [Task monitor] DEBUG n.processor.TaskPollingMonitor - Task completed > TaskHandler[id: 76; name: writeLargeFile (76); status: COMPLETED; exit: 0; error: -; workDir: /input/data/work/74/f5b6340e71e0903567ae0c4631be83]
Nov-03 20:24:52.726 [Task monitor] DEBUG n.processor.TaskPollingMonitor - Task completed > TaskHandler[id: 77; name: writeLargeFile (77); status: COMPLETED; exit: 0; error: -; workDir: /input/data/work/f4/ee50e40e643ceb37bbe2c3782bc1a8]
Nov-03 20:24:52.804 [Task monitor] DEBUG n.processor.TaskPollingMonitor - Task completed > TaskHandler[id: 78; name: writeLargeFile (78); status: COMPLETED; exit: 0; error: -; workDir: /input/data/work/5b/07e84ce565290bbc6d7cc1a29d6a5a]
Nov-03 20:24:52.882 [Task monitor] DEBUG n.processor.TaskPollingMonitor - Task completed > TaskHandler[id: 80; name: writeLargeFile (80); status: COMPLETED; exit: 0; error: -; workDir: /input/data/work/65/905c427f8c00f3d644eda311a69094]
Nov-03 20:24:52.964 [Task monitor] DEBUG n.processor.TaskPollingMonitor - Task completed > TaskHandler[id: 81; name: writeLargeFile (81); status: COMPLETED; exit: 0; error: -; workDir: /input/data/work/d9/2f778197884b840c91cf4d7a6c36f1]
Nov-03 20:24:53.041 [Task monitor] DEBUG n.processor.TaskPollingMonitor - Task completed > TaskHandler[id: 82; name: writeLargeFile (82); status: COMPLETED; exit: 0; error: -; workDir: /input/data/work/1b/aa62ddd2a2bd0e7c5852dad2b7f9c7]
Nov-03 20:24:53.125 [Task monitor] DEBUG n.processor.TaskPollingMonitor - Task completed > TaskHandler[id: 83; name: writeLargeFile (83); status: COMPLETED; exit: 0; error: -; workDir: /input/data/work/25/2c9ae476d8b3ce7b62a01098669cd2]
Nov-03 20:24:53.205 [Task monitor] DEBUG n.processor.TaskPollingMonitor - Task completed > TaskHandler[id: 84; name: writeLargeFile (84); status: COMPLETED; exit: 0; error: -; workDir: /input/data/work/8e/70f44faacc39bcca441ee2a88ee263]
Nov-03 20:24:53.313 [Task monitor] DEBUG n.processor.TaskPollingMonitor - Task completed > TaskHandler[id: 85; name: writeLargeFile (85); status: COMPLETED; exit: 0; error: -; workDir: /input/data/work/af/2d8c4f74c2dcfcbf0168280a630914]
Nov-03 20:24:53.390 [Task monitor] DEBUG n.processor.TaskPollingMonitor - Task completed > TaskHandler[id: 86; name: writeLargeFile (86); status: COMPLETED; exit: 0; error: -; workDir: /input/data/work/0e/8c340f24599d95d8e23593ae319f0c]
Nov-03 20:24:53.459 [Task monitor] DEBUG n.processor.TaskPollingMonitor - Task completed > TaskHandler[id: 87; name: writeLargeFile (87); status: COMPLETED; exit: 0; error: -; workDir: /input/data/work/58/2592ecb4d238189d1c94494b019a1b]
Nov-03 20:24:53.519 [Task monitor] DEBUG n.processor.TaskPollingMonitor - Task completed > TaskHandler[id: 88; name: writeLargeFile (88); status: COMPLETED; exit: 0; error: -; workDir: /input/data/work/21/c9470ca034583d50bfd8f0d8d510cf]
Nov-03 20:24:53.602 [Task monitor] DEBUG n.processor.TaskPollingMonitor - Task completed > TaskHandler[id: 89; name: writeLargeFile (89); status: COMPLETED; exit: 0; error: -; workDir: /input/data/work/86/a47b22730fca349b9f9458fca3b27a]
Nov-03 20:24:53.686 [Task monitor] DEBUG n.processor.TaskPollingMonitor - Task completed > TaskHandler[id: 90; name: writeLargeFile (90); status: COMPLETED; exit: 0; error: -; workDir: /input/data/work/d4/05198a03e849876b25d7a081fdf56a]
Nov-03 20:24:53.742 [Task monitor] DEBUG n.processor.TaskPollingMonitor - Task completed > TaskHandler[id: 91; name: writeLargeFile (91); status: COMPLETED; exit: 0; error: -; workDir: /input/data/work/43/f2886d5411e366471c4b7b8cb7971d]
Nov-03 20:24:53.830 [Task monitor] DEBUG n.processor.TaskPollingMonitor - Task completed > TaskHandler[id: 92; name: writeLargeFile (92); status: COMPLETED; exit: 0; error: -; workDir: /input/data/work/5b/45b6304386f79f599b52030125963c]
Nov-03 20:24:53.974 [Task monitor] DEBUG n.processor.TaskPollingMonitor - Task completed > TaskHandler[id: 93; name: writeLargeFile (93); status: COMPLETED; exit: 0; error: -; workDir: /input/data/work/46/cd7785061476925739a396f634226f]
Nov-03 20:24:54.051 [Task monitor] DEBUG n.processor.TaskPollingMonitor - Task completed > TaskHandler[id: 94; name: writeLargeFile (94); status: COMPLETED; exit: 0; error: -; workDir: /input/data/work/da/bea2636ffc0084803e2efb79c8376c]
Nov-03 20:24:54.130 [Task monitor] DEBUG n.processor.TaskPollingMonitor - Task completed > TaskHandler[id: 95; name: writeLargeFile (95); status: COMPLETED; exit: 0; error: -; workDir: /input/data/work/74/bfe01c86f586d03b6a5d96e8652f97]
Nov-03 20:24:54.214 [Task monitor] DEBUG n.processor.TaskPollingMonitor - Task completed > TaskHandler[id: 96; name: writeLargeFile (96); status: COMPLETED; exit: 0; error: -; workDir: /input/data/work/17/f78d4bd24639ab8d48eed2f1e3c070]
Nov-03 20:25:07.048 [Task monitor] DEBUG n.processor.TaskPollingMonitor - Task completed > TaskHandler[id: 100; name: writeLargeFile (100); status: COMPLETED; exit: 0; error: -; workDir: /input/data/work/75/6dc65a862dc4e3357b0d67eab0cabf]
Nov-03 20:25:16.993 [Task monitor] DEBUG n.processor.TaskPollingMonitor - Task completed > TaskHandler[id: 98; name: writeLargeFile (98); status: COMPLETED; exit: 0; error: -; workDir: /input/data/work/9b/108d121e649331e529fbc58838d461]
Nov-03 20:25:17.036 [Task monitor] DEBUG n.processor.TaskPollingMonitor - Task completed > TaskHandler[id: 97; name: writeLargeFile (97); status: COMPLETED; exit: 0; error: -; workDir: /input/data/work/88/9914979aee2c248f762070ab95855c]
Nov-03 20:25:18.666 [Task monitor] DEBUG n.processor.TaskPollingMonitor - Task completed > TaskHandler[id: 99; name: writeLargeFile (99); status: COMPLETED; exit: 0; error: -; workDir: /input/data/work/fb/a6b5927ffda0390b4aa665260462d1]
Nov-03 20:25:18.722 [Task submitter] INFO  nextflow.Session - [a3/f2d400] Submitted process > combineFiles (9)
Nov-03 20:25:18.751 [Task submitter] INFO  nextflow.Session - [56/984538] Submitted process > combineFiles (1)
Nov-03 20:25:18.777 [Task submitter] INFO  nextflow.Session - [c7/1d1014] Submitted process > combineFiles (2)
Nov-03 20:25:18.802 [Task submitter] INFO  nextflow.Session - [a5/72cafb] Submitted process > combineFiles (8)
Nov-03 20:25:18.829 [Task submitter] INFO  nextflow.Session - [1c/f4b3e7] Submitted process > combineFiles (20)
Nov-03 20:25:18.854 [Task submitter] INFO  nextflow.Session - [48/3580b9] Submitted process > combineFiles (3)
Nov-03 20:25:18.877 [Task submitter] INFO  nextflow.Session - [cd/aa38fe] Submitted process > combineFiles (31)
Nov-03 20:25:18.903 [Task submitter] INFO  nextflow.Session - [87/5f016c] Submitted process > combineFiles (5)
Nov-03 20:25:18.930 [Task submitter] INFO  nextflow.Session - [c3/26d98f] Submitted process > combineFiles (7)
Nov-03 20:25:18.956 [Task submitter] INFO  nextflow.Session - [4a/c32745] Submitted process > combineFiles (25)
Nov-03 20:25:18.981 [Task submitter] INFO  nextflow.Session - [fb/e1054d] Submitted process > combineFiles (13)
Nov-03 20:25:19.006 [Task submitter] INFO  nextflow.Session - [88/9e1522] Submitted process > combineFiles (22)
Nov-03 20:25:19.032 [Task submitter] INFO  nextflow.Session - [42/3bf361] Submitted process > combineFiles (27)
Nov-03 20:25:19.057 [Task submitter] INFO  nextflow.Session - [f9/12615d] Submitted process > combineFiles (32)
Nov-03 20:25:19.086 [Task submitter] INFO  nextflow.Session - [81/4b6410] Submitted process > combineFiles (24)
Nov-03 20:25:19.115 [Task submitter] INFO  nextflow.Session - [c9/14ef5e] Submitted process > combineFiles (14)
Nov-03 20:25:19.142 [Task submitter] INFO  nextflow.Session - [5b/916990] Submitted process > combineFiles (34)
Nov-03 20:25:19.170 [Task submitter] INFO  nextflow.Session - [64/def5d0] Submitted process > combineFiles (10)
Nov-03 20:25:19.198 [Task submitter] INFO  nextflow.Session - [a7/e34111] Submitted process > combineFiles (15)
Nov-03 20:25:19.222 [Task submitter] INFO  nextflow.Session - [8b/11ccf0] Submitted process > combineFiles (4)
Nov-03 20:25:19.248 [Task submitter] INFO  nextflow.Session - [8b/e706fc] Submitted process > combineFiles (30)
Nov-03 20:25:19.274 [Task submitter] INFO  nextflow.Session - [9c/a768cb] Submitted process > combineFiles (23)
Nov-03 20:25:19.299 [Task submitter] INFO  nextflow.Session - [b0/11b4d6] Submitted process > combineFiles (19)
Nov-03 20:25:19.319 [Task submitter] INFO  nextflow.Session - [5f/bce407] Submitted process > combineFiles (6)
Nov-03 20:25:19.345 [Task submitter] INFO  nextflow.Session - [f1/e100b5] Submitted process > combineFiles (33)
Nov-03 20:25:19.367 [Task submitter] INFO  nextflow.Session - [e7/b94f11] Submitted process > combineFiles (29)
Nov-03 20:25:19.390 [Task submitter] INFO  nextflow.Session - [ea/a16d16] Submitted process > combineFiles (17)
Nov-03 20:25:19.421 [Task submitter] INFO  nextflow.Session - [84/14a3de] Submitted process > combineFiles (12)
Nov-03 20:25:19.447 [Task submitter] INFO  nextflow.Session - [ea/0c718e] Submitted process > combineFiles (18)
Nov-03 20:25:19.473 [Task submitter] INFO  nextflow.Session - [6f/d795fb] Submitted process > combineFiles (11)
Nov-03 20:25:19.496 [Task submitter] INFO  nextflow.Session - [7c/6aae4a] Submitted process > combineFiles (16)
Nov-03 20:25:19.522 [Task submitter] INFO  nextflow.Session - [a6/9d5661] Submitted process > combineFiles (21)
Nov-03 20:25:19.548 [Task submitter] INFO  nextflow.Session - [e6/53ff7f] Submitted process > combineFiles (26)
Nov-03 20:25:19.576 [Task submitter] INFO  nextflow.Session - [dc/43211d] Submitted process > combineFiles (28)
Nov-03 20:27:43.573 [Task monitor] DEBUG n.processor.TaskPollingMonitor - Task completed > TaskHandler[id: 134; name: combineFiles (34); status: COMPLETED; exit: 0; error: -; workDir: /input/data/work/5b/916990d510e2c28b49c4c648e2159c]
Nov-03 20:28:06.271 [Task monitor] DEBUG n.processor.TaskPollingMonitor - Task completed > TaskHandler[id: 127; name: combineFiles (27); status: COMPLETED; exit: 0; error: -; workDir: /input/data/work/42/3bf36142d682ae143a1c2db89dd47b]
Nov-03 20:28:48.815 [Task monitor] DEBUG n.processor.TaskPollingMonitor - Task completed > TaskHandler[id: 102; name: combineFiles (2); status: COMPLETED; exit: 0; error: -; workDir: /input/data/work/c7/1d101463f7e9d78392790caca1d977]
Nov-03 20:28:53.592 [Task monitor] DEBUG n.processor.TaskPollingMonitor - Task completed > TaskHandler[id: 124; name: combineFiles (24); status: COMPLETED; exit: 0; error: -; workDir: /input/data/work/81/4b6410903f60ade818973ebcce0b7b]
Nov-03 20:28:53.753 [Task monitor] DEBUG n.processor.TaskPollingMonitor - Task completed > TaskHandler[id: 114; name: combineFiles (14); status: COMPLETED; exit: 0; error: -; workDir: /input/data/work/c9/14ef5efb59b5985f3e5ff7551d2bc9]
Nov-03 20:29:02.158 [Task monitor] DEBUG n.processor.TaskPollingMonitor - Task completed > TaskHandler[id: 123; name: combineFiles (23); status: COMPLETED; exit: 0; error: -; workDir: /input/data/work/9c/a768cb426d76edeab2c45e5f7d51fd]
Nov-03 20:29:36.511 [Task monitor] DEBUG n.processor.TaskPollingMonitor - Task completed > TaskHandler[id: 106; name: combineFiles (6); status: COMPLETED; exit: 0; error: -; workDir: /input/data/work/5f/bce407b27f383327d27085912030ed]
Nov-03 20:29:36.793 [Task monitor] DEBUG n.processor.TaskPollingMonitor - !! executor k8s > tasks to be completed: 27 -- submitted tasks are shown below
~> TaskHandler[id: 109; name: combineFiles (9); status: RUNNING; exit: -; error: -; workDir: /input/data/work/a3/f2d4006fdbe242407052c77f8fec00]
~> TaskHandler[id: 101; name: combineFiles (1); status: RUNNING; exit: -; error: -; workDir: /input/data/work/56/984538e247b69961f199b7ae5353ed]
~> TaskHandler[id: 108; name: combineFiles (8); status: RUNNING; exit: -; error: -; workDir: /input/data/work/a5/72cafb5a991fbefecb58f9062e0b94]
~> TaskHandler[id: 120; name: combineFiles (20); status: RUNNING; exit: -; error: -; workDir: /input/data/work/1c/f4b3e79c7f0544f17087997d75901f]
~> TaskHandler[id: 103; name: combineFiles (3); status: RUNNING; exit: -; error: -; workDir: /input/data/work/48/3580b9691f812a87046a2b9437c555]
~> TaskHandler[id: 131; name: combineFiles (31); status: RUNNING; exit: -; error: -; workDir: /input/data/work/cd/aa38fe5cb4beceaba515ad2163a58b]
~> TaskHandler[id: 105; name: combineFiles (5); status: RUNNING; exit: -; error: -; workDir: /input/data/work/87/5f016c8f6118440d7d88df457678ed]
~> TaskHandler[id: 107; name: combineFiles (7); status: RUNNING; exit: -; error: -; workDir: /input/data/work/c3/26d98fa54cb5892bc8cfa0fc3ce573]
~> TaskHandler[id: 125; name: combineFiles (25); status: RUNNING; exit: -; error: -; workDir: /input/data/work/4a/c327456995d72a81bbb85354603510]
~> TaskHandler[id: 113; name: combineFiles (13); status: RUNNING; exit: -; error: -; workDir: /input/data/work/fb/e1054d4fe988326baa7e3c4cb5e207]
.. remaining tasks omitted.
Nov-03 20:30:01.920 [Task monitor] DEBUG n.processor.TaskPollingMonitor - Task completed > TaskHandler[id: 105; name: combineFiles (5); status: COMPLETED; exit: 0; error: -; workDir: /input/data/work/87/5f016c8f6118440d7d88df457678ed]
Nov-03 20:30:07.784 [Task monitor] DEBUG n.processor.TaskPollingMonitor - Task completed > TaskHandler[id: 103; name: combineFiles (3); status: COMPLETED; exit: 0; error: -; workDir: /input/data/work/48/3580b9691f812a87046a2b9437c555]
Nov-03 20:30:08.164 [Task monitor] DEBUG n.processor.TaskPollingMonitor - Task completed > TaskHandler[id: 131; name: combineFiles (31); status: COMPLETED; exit: 0; error: -; workDir: /input/data/work/cd/aa38fe5cb4beceaba515ad2163a58b]
Nov-03 20:30:12.831 [Task monitor] DEBUG n.processor.TaskPollingMonitor - Task completed > TaskHandler[id: 119; name: combineFiles (19); status: COMPLETED; exit: 0; error: -; workDir: /input/data/work/b0/11b4d64b288d4674172c270ff0d724]
Nov-03 20:30:43.933 [Task monitor] DEBUG n.processor.TaskPollingMonitor - Task completed > TaskHandler[id: 109; name: combineFiles (9); status: COMPLETED; exit: 0; error: -; workDir: /input/data/work/a3/f2d4006fdbe242407052c77f8fec00]
Nov-03 20:30:53.913 [Task monitor] DEBUG n.processor.TaskPollingMonitor - Task completed > TaskHandler[id: 108; name: combineFiles (8); status: COMPLETED; exit: 0; error: -; workDir: /input/data/work/a5/72cafb5a991fbefecb58f9062e0b94]
Nov-03 20:30:55.441 [Task monitor] DEBUG n.processor.TaskPollingMonitor - Task completed > TaskHandler[id: 120; name: combineFiles (20); status: COMPLETED; exit: 0; error: -; workDir: /input/data/work/1c/f4b3e79c7f0544f17087997d75901f]
Nov-03 20:30:55.503 [Task monitor] DEBUG n.processor.TaskPollingMonitor - Task completed > TaskHandler[id: 125; name: combineFiles (25); status: COMPLETED; exit: 0; error: -; workDir: /input/data/work/4a/c327456995d72a81bbb85354603510]
Nov-03 20:30:55.540 [Task monitor] DEBUG n.processor.TaskPollingMonitor - Task completed > TaskHandler[id: 113; name: combineFiles (13); status: COMPLETED; exit: 0; error: -; workDir: /input/data/work/fb/e1054d4fe988326baa7e3c4cb5e207]
Nov-03 20:30:56.482 [Task monitor] DEBUG n.processor.TaskPollingMonitor - Task completed > TaskHandler[id: 122; name: combineFiles (22); status: COMPLETED; exit: 0; error: -; workDir: /input/data/work/88/9e1522a352b41fa1d5d5f471f19a42]
Nov-03 20:30:57.490 [Task monitor] DEBUG n.processor.TaskPollingMonitor - Task completed > TaskHandler[id: 110; name: combineFiles (10); status: COMPLETED; exit: 0; error: -; workDir: /input/data/work/64/def5d021d24f4b40da5b41113d3521]
Nov-03 20:30:58.370 [Task monitor] DEBUG n.processor.TaskPollingMonitor - Task completed > TaskHandler[id: 115; name: combineFiles (15); status: COMPLETED; exit: 0; error: -; workDir: /input/data/work/a7/e341111280fb7ba75a47eed4637ad3]
Nov-03 20:30:59.192 [Task monitor] DEBUG n.processor.TaskPollingMonitor - Task completed > TaskHandler[id: 104; name: combineFiles (4); status: COMPLETED; exit: 0; error: -; workDir: /input/data/work/8b/11ccf053728936517dbb16e5aa632a]
Nov-03 20:30:59.856 [Task monitor] DEBUG n.processor.TaskPollingMonitor - Task completed > TaskHandler[id: 130; name: combineFiles (30); status: COMPLETED; exit: 0; error: -; workDir: /input/data/work/8b/e706fc9c3565a47d5abc85aed5c8ee]
Nov-03 20:31:02.673 [Task monitor] DEBUG n.processor.TaskPollingMonitor - Task completed > TaskHandler[id: 101; name: combineFiles (1); status: COMPLETED; exit: 0; error: -; workDir: /input/data/work/56/984538e247b69961f199b7ae5353ed]
Nov-03 20:31:03.204 [Task monitor] DEBUG n.processor.TaskPollingMonitor - Task completed > TaskHandler[id: 132; name: combineFiles (32); status: COMPLETED; exit: 0; error: -; workDir: /input/data/work/f9/12615d6ae2412a0f52a616b9e4ec8b]
Nov-03 20:31:47.476 [Task monitor] DEBUG n.processor.TaskPollingMonitor - Task completed > TaskHandler[id: 112; name: combineFiles (12); status: COMPLETED; exit: 0; error: -; workDir: /input/data/work/84/14a3de912162cf9d794f2aa868ebac]
Nov-03 20:31:58.156 [Task monitor] DEBUG n.processor.TaskPollingMonitor - Task completed > TaskHandler[id: 107; name: combineFiles (7); status: COMPLETED; exit: 0; error: -; workDir: /input/data/work/c3/26d98fa54cb5892bc8cfa0fc3ce573]
Nov-03 20:32:07.319 [Task monitor] DEBUG n.processor.TaskPollingMonitor - Task completed > TaskHandler[id: 129; name: combineFiles (29); status: COMPLETED; exit: 0; error: -; workDir: /input/data/work/e7/b94f11871d80f1c9a80e1bcf676009]
Nov-03 20:32:27.723 [Task monitor] DEBUG n.processor.TaskPollingMonitor - Task completed > TaskHandler[id: 121; name: combineFiles (21); status: COMPLETED; exit: 0; error: -; workDir: /input/data/work/a6/9d56613d577c24b7f4958b68625a4b]
Nov-03 20:32:37.609 [Task monitor] DEBUG n.processor.TaskPollingMonitor - Task completed > TaskHandler[id: 133; name: combineFiles (33); status: COMPLETED; exit: 0; error: -; workDir: /input/data/work/f1/e100b5af407b6d239e5e4bc91e8be9]
Nov-03 20:32:37.731 [Task monitor] DEBUG n.processor.TaskPollingMonitor - Task completed > TaskHandler[id: 117; name: combineFiles (17); status: COMPLETED; exit: 0; error: -; workDir: /input/data/work/ea/a16d165135c17e9077b6d86754d37c]
Nov-03 20:33:12.593 [Task monitor] DEBUG n.processor.TaskPollingMonitor - Task completed > TaskHandler[id: 111; name: combineFiles (11); status: COMPLETED; exit: 0; error: -; workDir: /input/data/work/6f/d795fb6cee039434ea9a3296bd313e]
Nov-03 20:33:12.629 [Task monitor] DEBUG n.processor.TaskPollingMonitor - Task completed > TaskHandler[id: 116; name: combineFiles (16); status: COMPLETED; exit: 0; error: -; workDir: /input/data/work/7c/6aae4a508eb8add2f81ff609a0bf40]
Nov-03 20:33:12.672 [Task monitor] DEBUG n.processor.TaskPollingMonitor - Task completed > TaskHandler[id: 126; name: combineFiles (26); status: COMPLETED; exit: 0; error: -; workDir: /input/data/work/e6/53ff7fd5a52197d69de6df228cb627]
Nov-03 20:33:12.712 [Task monitor] DEBUG n.processor.TaskPollingMonitor - Task completed > TaskHandler[id: 128; name: combineFiles (28); status: COMPLETED; exit: 0; error: -; workDir: /input/data/work/dc/43211d1b81381f1f7a1460b2ca1c5c]
Nov-03 20:33:32.585 [Task monitor] DEBUG n.processor.TaskPollingMonitor - Task completed > TaskHandler[id: 118; name: combineFiles (18); status: COMPLETED; exit: 0; error: -; workDir: /input/data/work/ea/0c718e8ea65545ff17c82bd7016f0b]
Nov-03 20:33:32.587 [main] DEBUG nextflow.Session - Session await > all processes finished
Nov-03 20:33:32.591 [main] DEBUG nextflow.Session - Session await > all barriers passed
Nov-03 20:33:32.602 [main] DEBUG n.trace.WorkflowStatsObserver - Workflow completed > WorkflowStats[succeededCount=134; failedCount=0; ignoredCount=0; cachedCount=0; pendingCount=0; submittedCount=0; runningCount=0; retriesCount=0; abortedCount=0; succeedDuration=14h 38m 33s; failedDuration=0ms; cachedDuration=0ms;loadCpus=0; loadMemory=0; peakRunning=25; peakCpus=250; peakMemory=494.1 GB; ]
Nov-03 20:33:32.602 [main] DEBUG nextflow.trace.TraceFileObserver - Workflow completed -- saving trace file
Nov-03 20:33:32.603 [main] DEBUG nextflow.trace.ReportObserver - Workflow completed -- rendering execution report
Nov-03 20:33:33.248 [main] DEBUG nextflow.trace.TimelineObserver - Workflow completed -- rendering execution timeline
Nov-03 20:33:33.388 [main] DEBUG nextflow.cache.CacheDB - Closing CacheDB done
Nov-03 20:33:33.412 [main] DEBUG nextflow.util.ThreadPoolManager - Thread pool 'FileTransfer' shutdown completed (hard=false)
Nov-03 20:33:33.412 [main] DEBUG nextflow.script.ScriptRunner - > Execution complete -- Goodbye
