Dec-01 11:51:41.966 [main] DEBUG nextflow.cli.Launcher - $> nextflow run /input/fork -c /experiments/experiment/fork/nextflow.config -c /experiments/experiment/nextflow_cws.config -c /experiments/experiment/nextflow_ceph.config
Dec-01 11:51:42.030 [main] INFO  nextflow.cli.CmdRun - N E X T F L O W  ~  version 23.07.0-edge
Dec-01 11:51:42.050 [main] DEBUG nextflow.plugin.PluginsFacade - Setting up plugin manager > mode=prod; embedded=false; plugins-dir=/.nextflow/plugins; core-plugins: nf-amazon@2.1.0,nf-azure@1.1.4,nf-cloudcache@0.1.0,nf-codecommit@0.1.5,nf-console@1.0.6,nf-ga4gh@1.1.0,nf-google@1.8.1,nf-tower@1.5.15,nf-wave@0.11.0
Dec-01 11:51:42.059 [main] INFO  o.pf4j.DefaultPluginStatusProvider - Enabled plugins: []
Dec-01 11:51:42.059 [main] INFO  o.pf4j.DefaultPluginStatusProvider - Disabled plugins: []
Dec-01 11:51:42.062 [main] INFO  org.pf4j.DefaultPluginManager - PF4J version 3.4.1 in 'deployment' mode
Dec-01 11:51:42.069 [main] INFO  org.pf4j.AbstractPluginManager - No plugins
Dec-01 11:51:42.089 [main] DEBUG nextflow.scm.AssetManager - Project manifest does not exist: /input/fork/nextflow.config (No such file or directory)
Dec-01 11:51:42.111 [main] DEBUG nextflow.config.ConfigBuilder - User config file: /experiments/experiment/fork/nextflow.config
Dec-01 11:51:42.112 [main] DEBUG nextflow.config.ConfigBuilder - User config file: /experiments/experiment/nextflow_cws.config
Dec-01 11:51:42.112 [main] DEBUG nextflow.config.ConfigBuilder - User config file: /experiments/experiment/nextflow_ceph.config
Dec-01 11:51:42.112 [main] DEBUG nextflow.config.ConfigBuilder - Parsing config file: /experiments/experiment/fork/nextflow.config
Dec-01 11:51:42.112 [main] DEBUG nextflow.config.ConfigBuilder - Parsing config file: /experiments/experiment/nextflow_cws.config
Dec-01 11:51:42.112 [main] DEBUG nextflow.config.ConfigBuilder - Parsing config file: /experiments/experiment/nextflow_ceph.config
Dec-01 11:51:42.126 [main] DEBUG nextflow.config.ConfigBuilder - Applying config profile: `standard`
Dec-01 11:51:42.628 [main] DEBUG nextflow.config.ConfigBuilder - Applying config profile: `standard`
Dec-01 11:51:42.767 [main] DEBUG nextflow.config.ConfigBuilder - Applying config profile: `standard`
Dec-01 11:51:42.792 [main] DEBUG nextflow.cli.CmdRun - Applied DSL=2 by global default
Dec-01 11:51:42.805 [main] INFO  nextflow.cli.CmdRun - Launching `/input/fork/main.nf` [determined_wozniak] DSL2 - revision: 64aabf06f3
Dec-01 11:51:42.805 [main] DEBUG nextflow.plugin.PluginsFacade - Plugins default=[]
Dec-01 11:51:42.805 [main] DEBUG nextflow.plugin.PluginsFacade - Plugins resolved requirement=[]
Dec-01 11:51:42.812 [main] DEBUG n.secret.LocalSecretsProvider - Secrets store: /.nextflow/secrets/store.json
Dec-01 11:51:42.814 [main] DEBUG nextflow.secret.SecretsLoader - Discovered secrets providers: [nextflow.secret.LocalSecretsProvider@5b7c8930] - activable => nextflow.secret.LocalSecretsProvider@5b7c8930
Dec-01 11:51:42.864 [main] DEBUG nextflow.Session - Session UUID: 863f9ad3-2434-477c-b920-57bcc6aa5f9a
Dec-01 11:51:42.865 [main] DEBUG nextflow.Session - Run name: determined_wozniak
Dec-01 11:51:42.865 [main] DEBUG nextflow.Session - Executor pool size: 32
Dec-01 11:51:42.871 [main] DEBUG nextflow.file.FilePorter - File porter settings maxRetries=3; maxTransfers=50; pollTimeout=null
Dec-01 11:51:42.873 [main] DEBUG nextflow.util.ThreadPoolBuilder - Creating thread pool 'FileTransfer' minSize=10; maxSize=96; workQueue=LinkedBlockingQueue[10000]; allowCoreThreadTimeout=false
Dec-01 11:51:42.899 [main] DEBUG nextflow.cli.CmdRun - 
  Version: 23.07.0-edge build 5875
  Created: 28-07-2023 20:27 UTC (20:27 GMT)
  System: Linux 5.4.0-166-generic
  Runtime: Groovy 3.0.18 on OpenJDK 64-Bit Server VM 17.0.6+10-LTS
  Encoding: UTF-8 (UTF-8)
  Process: 3371925@nextflow [10.233.76.46]
  CPUs: 32 - Mem: 125.7 GB (120.8 GB) - Swap: 0 (0)
Dec-01 11:51:42.921 [main] DEBUG nextflow.Session - Work-dir: /input/data/work [ceph]
Dec-01 11:51:42.921 [main] DEBUG nextflow.Session - Script base path does not exist or is not a directory: /input/fork/bin
Dec-01 11:51:42.930 [main] DEBUG nextflow.executor.ExecutorFactory - Extension executors providers=[]
Dec-01 11:51:42.937 [main] DEBUG nextflow.Session - Observer factory: DefaultObserverFactory
Dec-01 11:51:42.965 [main] DEBUG nextflow.cache.CacheFactory - Using Nextflow cache factory: nextflow.cache.DefaultCacheFactory
Dec-01 11:51:42.972 [main] DEBUG nextflow.util.CustomThreadPool - Creating default thread pool > poolSize: 33; maxThreads: 1000
Dec-01 11:51:43.073 [main] DEBUG nextflow.Session - Session start
Dec-01 11:51:43.077 [main] DEBUG nextflow.trace.TraceFileObserver - Workflow started -- trace file: /input/data/output/trace.csv
Dec-01 11:51:43.208 [main] DEBUG nextflow.script.ScriptRunner - > Launching execution
Dec-01 11:51:43.411 [main] DEBUG nextflow.script.ProcessConfig - Config settings `withName:writeLargeFile` matches process writeLargeFile
Dec-01 11:51:43.429 [main] DEBUG nextflow.executor.ExecutorFactory - << taskConfig executor: k8s
Dec-01 11:51:43.429 [main] DEBUG nextflow.executor.ExecutorFactory - >> processorType: 'k8s'
Dec-01 11:51:43.437 [main] DEBUG nextflow.executor.Executor - [warm up] executor > k8s
Dec-01 11:51:43.453 [main] DEBUG n.processor.TaskPollingMonitor - Creating task monitor for executor 'k8s' > capacity: 300; pollInterval: 5s; dumpInterval: 5m; schedulerBatch: null
Dec-01 11:51:43.457 [main] DEBUG nextflow.k8s.client.ConfigDiscovery - K8s config file does not exist: /root/.kube/config
Dec-01 11:51:43.468 [main] DEBUG nextflow.k8s.K8sExecutor - [K8s] config=[scheduler:[strategy:rank_max-fair, name:workflow-scheduler, autoClose:false, nodeSelector:usedby=anonymized, container:anonymized/test1:sch_v194], debug:[yaml:true], namespace:anonymized, serviceAccount:nextflow, workDir:/input/data/work/, projectDir:/input/data/project/, imagePullPolicy:IfNotPresent, launchDir:/input/data/launch/, runAsUser:0, fetchNodeName:true, storageMountPath:/input, pod:[nodeSelector:usedby=anonymized], storage:[nodeSelector:usedby=anonymized, imageName:anonymized/test1:ftp_v122], storageClaimName:ceph-data]; API client config=ClientConfig[ server=10.233.0.1:443, namespace=anonymized, serviceAccount=nextflow, token=eyJhbGciOiJ.., sslCert=LS0tLS1CRUd.., clientCert=-, clientKey=-, verifySsl=false, fromFile=true, httpReadTimeout=null, httpConnectTimeout=null, maxErrorRetry=4 ]
Dec-01 11:51:47.121 [main] DEBUG nextflow.script.ProcessConfig - Config settings `withName:revertFile` matches process revertFile
Dec-01 11:51:47.124 [main] DEBUG nextflow.executor.ExecutorFactory - << taskConfig executor: k8s
Dec-01 11:51:47.124 [main] DEBUG nextflow.executor.ExecutorFactory - >> processorType: 'k8s'
Dec-01 11:51:47.137 [main] DEBUG nextflow.Session - Workflow process names [dsl2]: revertFile, combineFiles, writeLargeFile
Dec-01 11:51:47.138 [main] DEBUG nextflow.Session - Igniting dataflow network (3)
Dec-01 11:51:47.139 [main] DEBUG nextflow.processor.TaskProcessor - Starting process > writeLargeFile
Dec-01 11:51:47.141 [main] DEBUG nextflow.processor.TaskProcessor - Starting process > revertFile
Dec-01 11:51:47.142 [main] DEBUG nextflow.script.ScriptRunner - > Awaiting termination 
Dec-01 11:51:47.142 [main] DEBUG nextflow.Session - Session await
Dec-01 11:51:47.337 [Task submitter] INFO  nextflow.Session - [be/cfd57e] Submitted process > writeLargeFile (1)
Dec-01 11:52:18.517 [Task monitor] DEBUG n.processor.TaskPollingMonitor - Task completed > TaskHandler[id: 1; name: writeLargeFile (1); status: COMPLETED; exit: 0; error: -; workDir: /input/data/work/be/cfd57e6d27973589718c8544568e68]
Dec-01 11:52:18.611 [Task submitter] INFO  nextflow.Session - [7a/ca8800] Submitted process > revertFile (23)
Dec-01 11:52:18.662 [Task submitter] INFO  nextflow.Session - [5e/7d67cf] Submitted process > revertFile (32)
Dec-01 11:52:18.699 [Task submitter] INFO  nextflow.Session - [af/a4bf9d] Submitted process > revertFile (8)
Dec-01 11:52:18.733 [Task submitter] INFO  nextflow.Session - [48/00058a] Submitted process > revertFile (25)
Dec-01 11:52:18.767 [Task submitter] INFO  nextflow.Session - [ea/3d8b77] Submitted process > revertFile (17)
Dec-01 11:52:18.798 [Task submitter] INFO  nextflow.Session - [c6/49f3f1] Submitted process > revertFile (7)
Dec-01 11:52:18.833 [Task submitter] INFO  nextflow.Session - [52/1377af] Submitted process > revertFile (2)
Dec-01 11:52:18.866 [Task submitter] INFO  nextflow.Session - [6a/20f593] Submitted process > revertFile (10)
Dec-01 11:52:18.904 [Task submitter] INFO  nextflow.Session - [b4/7c969b] Submitted process > revertFile (28)
Dec-01 11:52:18.939 [Task submitter] INFO  nextflow.Session - [b4/e8d616] Submitted process > revertFile (22)
Dec-01 11:52:18.971 [Task submitter] INFO  nextflow.Session - [57/90ad1b] Submitted process > revertFile (13)
Dec-01 11:52:19.004 [Task submitter] INFO  nextflow.Session - [d5/69373b] Submitted process > revertFile (9)
Dec-01 11:52:19.035 [Task submitter] INFO  nextflow.Session - [a4/cbba96] Submitted process > revertFile (12)
Dec-01 11:52:19.067 [Task submitter] INFO  nextflow.Session - [10/489c44] Submitted process > revertFile (21)
Dec-01 11:52:19.099 [Task submitter] INFO  nextflow.Session - [c8/62b004] Submitted process > revertFile (30)
Dec-01 11:52:19.134 [Task submitter] INFO  nextflow.Session - [53/55b5fe] Submitted process > revertFile (11)
Dec-01 11:52:19.165 [Task submitter] INFO  nextflow.Session - [02/1c6cc9] Submitted process > revertFile (15)
Dec-01 11:52:19.199 [Task submitter] INFO  nextflow.Session - [a4/4db747] Submitted process > revertFile (16)
Dec-01 11:52:19.231 [Task submitter] INFO  nextflow.Session - [3c/feb0f0] Submitted process > revertFile (18)
Dec-01 11:52:19.263 [Task submitter] INFO  nextflow.Session - [12/d43645] Submitted process > revertFile (6)
Dec-01 11:52:19.295 [Task submitter] INFO  nextflow.Session - [7f/b4fee6] Submitted process > revertFile (19)
Dec-01 11:52:19.322 [Task submitter] INFO  nextflow.Session - [77/520bba] Submitted process > revertFile (4)
Dec-01 11:52:19.349 [Task submitter] INFO  nextflow.Session - [53/5af25d] Submitted process > revertFile (41)
Dec-01 11:52:19.377 [Task submitter] INFO  nextflow.Session - [c2/d4add3] Submitted process > revertFile (29)
Dec-01 11:52:19.408 [Task submitter] INFO  nextflow.Session - [b2/be6521] Submitted process > revertFile (3)
Dec-01 11:52:19.436 [Task submitter] INFO  nextflow.Session - [45/955474] Submitted process > revertFile (24)
Dec-01 11:52:19.468 [Task submitter] INFO  nextflow.Session - [06/7ff347] Submitted process > revertFile (27)
Dec-01 11:52:19.500 [Task submitter] INFO  nextflow.Session - [0b/005085] Submitted process > revertFile (1)
Dec-01 11:52:19.528 [Task submitter] INFO  nextflow.Session - [62/d8ccaf] Submitted process > revertFile (20)
Dec-01 11:52:19.561 [Task submitter] INFO  nextflow.Session - [68/7bf9de] Submitted process > revertFile (14)
Dec-01 11:52:19.593 [Task submitter] INFO  nextflow.Session - [0d/2d44cf] Submitted process > revertFile (31)
Dec-01 11:52:19.624 [Task submitter] INFO  nextflow.Session - [fd/165366] Submitted process > revertFile (33)
Dec-01 11:52:19.654 [Task submitter] INFO  nextflow.Session - [e3/1d8943] Submitted process > revertFile (26)
Dec-01 11:52:19.684 [Task submitter] INFO  nextflow.Session - [8b/e87c97] Submitted process > revertFile (5)
Dec-01 11:52:19.714 [Task submitter] INFO  nextflow.Session - [56/efb5fc] Submitted process > revertFile (35)
Dec-01 11:52:19.745 [Task submitter] INFO  nextflow.Session - [53/d8634b] Submitted process > revertFile (44)
Dec-01 11:52:19.773 [Task submitter] INFO  nextflow.Session - [b7/2d07b1] Submitted process > revertFile (38)
Dec-01 11:52:19.805 [Task submitter] INFO  nextflow.Session - [6b/b21cb1] Submitted process > revertFile (37)
Dec-01 11:52:19.835 [Task submitter] INFO  nextflow.Session - [c9/2e8a97] Submitted process > revertFile (36)
Dec-01 11:52:19.865 [Task submitter] INFO  nextflow.Session - [61/e33cc4] Submitted process > revertFile (34)
Dec-01 11:52:19.893 [Task submitter] INFO  nextflow.Session - [dc/cfcc9c] Submitted process > revertFile (42)
Dec-01 11:52:19.923 [Task submitter] INFO  nextflow.Session - [d6/77f6ae] Submitted process > revertFile (43)
Dec-01 11:52:19.952 [Task submitter] INFO  nextflow.Session - [28/695171] Submitted process > revertFile (39)
Dec-01 11:52:19.978 [Task submitter] INFO  nextflow.Session - [38/703983] Submitted process > revertFile (40)
Dec-01 11:52:20.007 [Task submitter] INFO  nextflow.Session - [44/5af455] Submitted process > revertFile (45)
Dec-01 11:52:20.041 [Task submitter] INFO  nextflow.Session - [a3/0974d6] Submitted process > revertFile (46)
Dec-01 11:52:20.068 [Task submitter] INFO  nextflow.Session - [94/e11045] Submitted process > revertFile (47)
Dec-01 11:52:20.098 [Task submitter] INFO  nextflow.Session - [18/0d5884] Submitted process > revertFile (48)
Dec-01 11:52:20.148 [Task submitter] INFO  nextflow.Session - [18/d004dc] Submitted process > revertFile (50)
Dec-01 11:52:20.177 [Task submitter] INFO  nextflow.Session - [2a/abf9f8] Submitted process > revertFile (49)
Dec-01 11:52:20.211 [Task submitter] INFO  nextflow.Session - [47/3901ec] Submitted process > revertFile (51)
Dec-01 11:52:20.245 [Task submitter] INFO  nextflow.Session - [73/e7a8a4] Submitted process > revertFile (52)
Dec-01 11:52:20.276 [Task submitter] INFO  nextflow.Session - [94/69fcf7] Submitted process > revertFile (54)
Dec-01 11:52:20.305 [Task submitter] INFO  nextflow.Session - [9d/f36008] Submitted process > revertFile (53)
Dec-01 11:52:20.342 [Task submitter] INFO  nextflow.Session - [70/a0065d] Submitted process > revertFile (55)
Dec-01 11:52:20.370 [Task submitter] INFO  nextflow.Session - [d5/073b98] Submitted process > revertFile (56)
Dec-01 11:52:20.401 [Task submitter] INFO  nextflow.Session - [d5/4d3a20] Submitted process > revertFile (58)
Dec-01 11:52:20.429 [Task submitter] INFO  nextflow.Session - [fb/2aa0c7] Submitted process > revertFile (57)
Dec-01 11:52:20.456 [Task submitter] INFO  nextflow.Session - [f9/594718] Submitted process > revertFile (59)
Dec-01 11:52:20.485 [Task submitter] INFO  nextflow.Session - [31/44422f] Submitted process > revertFile (61)
Dec-01 11:52:20.513 [Task submitter] INFO  nextflow.Session - [b9/d71fe0] Submitted process > revertFile (60)
Dec-01 11:52:20.541 [Task submitter] INFO  nextflow.Session - [15/4f79f5] Submitted process > revertFile (62)
Dec-01 11:52:20.572 [Task submitter] INFO  nextflow.Session - [5f/b13e52] Submitted process > revertFile (65)
Dec-01 11:52:20.601 [Task submitter] INFO  nextflow.Session - [05/3481de] Submitted process > revertFile (64)
Dec-01 11:52:20.629 [Task submitter] INFO  nextflow.Session - [df/336d00] Submitted process > revertFile (63)
Dec-01 11:52:20.657 [Task submitter] INFO  nextflow.Session - [ba/38fcfd] Submitted process > revertFile (67)
Dec-01 11:52:20.685 [Task submitter] INFO  nextflow.Session - [36/c0479b] Submitted process > revertFile (66)
Dec-01 11:52:20.714 [Task submitter] INFO  nextflow.Session - [95/f2155e] Submitted process > revertFile (70)
Dec-01 11:52:20.744 [Task submitter] INFO  nextflow.Session - [95/84955f] Submitted process > revertFile (68)
Dec-01 11:52:20.777 [Task submitter] INFO  nextflow.Session - [c6/255ddb] Submitted process > revertFile (71)
Dec-01 11:52:20.807 [Task submitter] INFO  nextflow.Session - [ef/edd7ee] Submitted process > revertFile (69)
Dec-01 11:52:20.838 [Task submitter] INFO  nextflow.Session - [cb/cfd1ba] Submitted process > revertFile (99)
Dec-01 11:52:20.870 [Task submitter] INFO  nextflow.Session - [e6/453460] Submitted process > revertFile (72)
Dec-01 11:52:20.906 [Task submitter] INFO  nextflow.Session - [c2/de2912] Submitted process > revertFile (73)
Dec-01 11:52:20.941 [Task submitter] INFO  nextflow.Session - [02/ec9a92] Submitted process > revertFile (74)
Dec-01 11:52:20.969 [Task submitter] INFO  nextflow.Session - [fb/a0e872] Submitted process > revertFile (75)
Dec-01 11:52:20.999 [Task submitter] INFO  nextflow.Session - [19/597d06] Submitted process > revertFile (76)
Dec-01 11:52:21.031 [Task submitter] INFO  nextflow.Session - [12/ce90c1] Submitted process > revertFile (77)
Dec-01 11:52:21.054 [Task submitter] INFO  nextflow.Session - [f3/7aaf3a] Submitted process > revertFile (78)
Dec-01 11:52:21.082 [Task submitter] INFO  nextflow.Session - [25/1af8b5] Submitted process > revertFile (79)
Dec-01 11:52:21.108 [Task submitter] INFO  nextflow.Session - [9b/d06734] Submitted process > revertFile (80)
Dec-01 11:52:21.137 [Task submitter] INFO  nextflow.Session - [91/9f0702] Submitted process > revertFile (81)
Dec-01 11:52:21.162 [Task submitter] INFO  nextflow.Session - [8b/4be5ed] Submitted process > revertFile (82)
Dec-01 11:52:21.190 [Task submitter] INFO  nextflow.Session - [ba/e09de1] Submitted process > revertFile (84)
Dec-01 11:52:21.217 [Task submitter] INFO  nextflow.Session - [da/9db51f] Submitted process > revertFile (83)
Dec-01 11:52:21.245 [Task submitter] INFO  nextflow.Session - [cf/9ef65d] Submitted process > revertFile (85)
Dec-01 11:52:21.273 [Task submitter] INFO  nextflow.Session - [66/e41197] Submitted process > revertFile (86)
Dec-01 11:52:21.303 [Task submitter] INFO  nextflow.Session - [84/c0425f] Submitted process > revertFile (88)
Dec-01 11:52:21.332 [Task submitter] INFO  nextflow.Session - [74/9f4119] Submitted process > revertFile (87)
Dec-01 11:52:21.358 [Task submitter] INFO  nextflow.Session - [db/77a298] Submitted process > revertFile (90)
Dec-01 11:52:21.390 [Task submitter] INFO  nextflow.Session - [94/4e89e0] Submitted process > revertFile (91)
Dec-01 11:52:21.423 [Task submitter] INFO  nextflow.Session - [bd/67da77] Submitted process > revertFile (89)
Dec-01 11:52:21.449 [Task submitter] INFO  nextflow.Session - [eb/8ace62] Submitted process > revertFile (92)
Dec-01 11:52:21.475 [Task submitter] INFO  nextflow.Session - [29/da2a08] Submitted process > revertFile (93)
Dec-01 11:52:21.502 [Task submitter] INFO  nextflow.Session - [a4/14d21d] Submitted process > revertFile (95)
Dec-01 11:52:21.530 [Task submitter] INFO  nextflow.Session - [09/345a6d] Submitted process > revertFile (94)
Dec-01 11:52:21.558 [Task submitter] INFO  nextflow.Session - [87/ffd089] Submitted process > revertFile (96)
Dec-01 11:52:21.588 [Task submitter] INFO  nextflow.Session - [16/193097] Submitted process > revertFile (97)
Dec-01 11:52:21.616 [Task submitter] INFO  nextflow.Session - [f5/1f19f7] Submitted process > revertFile (100)
Dec-01 11:52:21.645 [Task submitter] INFO  nextflow.Session - [9c/35b1b7] Submitted process > revertFile (98)
Dec-01 11:54:10.820 [Task monitor] DEBUG n.processor.TaskPollingMonitor - Task completed > TaskHandler[id: 24; name: revertFile (23); status: COMPLETED; exit: 0; error: -; workDir: /input/data/work/7a/ca88003aa3b204c1bef6004186efc3]
Dec-01 11:54:10.862 [Task monitor] DEBUG n.processor.TaskPollingMonitor - Task completed > TaskHandler[id: 33; name: revertFile (32); status: COMPLETED; exit: 0; error: -; workDir: /input/data/work/5e/7d67cf1c21915bf781770f9ecbdbe5]
Dec-01 11:54:10.902 [Task monitor] DEBUG n.processor.TaskPollingMonitor - Task completed > TaskHandler[id: 9; name: revertFile (8); status: COMPLETED; exit: 0; error: -; workDir: /input/data/work/af/a4bf9dec62be06b0abc60ffa75f0de]
Dec-01 11:54:10.942 [Task monitor] DEBUG n.processor.TaskPollingMonitor - Task completed > TaskHandler[id: 26; name: revertFile (25); status: COMPLETED; exit: 0; error: -; workDir: /input/data/work/48/00058afffa59f70f5aaa2b60eed7c1]
Dec-01 11:54:11.017 [Task monitor] DEBUG n.processor.TaskPollingMonitor - Task completed > TaskHandler[id: 3; name: revertFile (2); status: COMPLETED; exit: 0; error: -; workDir: /input/data/work/52/1377afdc0fab7ba33066a26d92fe85]
Dec-01 11:54:11.074 [Task monitor] DEBUG n.processor.TaskPollingMonitor - Task completed > TaskHandler[id: 29; name: revertFile (28); status: COMPLETED; exit: 0; error: -; workDir: /input/data/work/b4/7c969b6ee93fb628cc963dcef57f38]
Dec-01 11:54:11.115 [Task monitor] DEBUG n.processor.TaskPollingMonitor - Task completed > TaskHandler[id: 23; name: revertFile (22); status: COMPLETED; exit: 0; error: -; workDir: /input/data/work/b4/e8d61624723d3df9129cb49e01efa3]
Dec-01 11:54:11.153 [Task monitor] DEBUG n.processor.TaskPollingMonitor - Task completed > TaskHandler[id: 14; name: revertFile (13); status: COMPLETED; exit: 0; error: -; workDir: /input/data/work/57/90ad1bea5fa62b37a9e7dfb0aeadbb]
Dec-01 11:54:11.193 [Task monitor] DEBUG n.processor.TaskPollingMonitor - Task completed > TaskHandler[id: 10; name: revertFile (9); status: COMPLETED; exit: 0; error: -; workDir: /input/data/work/d5/69373b62cf70d86b87c5d2650ddcce]
Dec-01 11:54:11.245 [Task monitor] DEBUG n.processor.TaskPollingMonitor - Task completed > TaskHandler[id: 22; name: revertFile (21); status: COMPLETED; exit: 0; error: -; workDir: /input/data/work/10/489c44b418d9033fc6ed46ff2b1b3b]
Dec-01 11:54:11.284 [Task monitor] DEBUG n.processor.TaskPollingMonitor - Task completed > TaskHandler[id: 31; name: revertFile (30); status: COMPLETED; exit: 0; error: -; workDir: /input/data/work/c8/62b0046a91daa82c7cb0118d19a615]
Dec-01 11:54:11.324 [Task monitor] DEBUG n.processor.TaskPollingMonitor - Task completed > TaskHandler[id: 12; name: revertFile (11); status: COMPLETED; exit: 0; error: -; workDir: /input/data/work/53/55b5fea883af6e7e8318892ab7cac8]
Dec-01 11:54:11.359 [Task monitor] DEBUG n.processor.TaskPollingMonitor - Task completed > TaskHandler[id: 16; name: revertFile (15); status: COMPLETED; exit: 0; error: -; workDir: /input/data/work/02/1c6cc9c7f6f34ca7ab3b3a1d9424ed]
Dec-01 11:54:11.398 [Task monitor] DEBUG n.processor.TaskPollingMonitor - Task completed > TaskHandler[id: 17; name: revertFile (16); status: COMPLETED; exit: 0; error: -; workDir: /input/data/work/a4/4db747f62684ead57d122df3de1d94]
Dec-01 11:54:11.439 [Task monitor] DEBUG n.processor.TaskPollingMonitor - Task completed > TaskHandler[id: 19; name: revertFile (18); status: COMPLETED; exit: 0; error: -; workDir: /input/data/work/3c/feb0f0e136ded90056003a87a7aca7]
Dec-01 11:54:11.485 [Task monitor] DEBUG n.processor.TaskPollingMonitor - Task completed > TaskHandler[id: 7; name: revertFile (6); status: COMPLETED; exit: 0; error: -; workDir: /input/data/work/12/d436455c698d5da24734932a004152]
Dec-01 11:54:11.542 [Task monitor] DEBUG n.processor.TaskPollingMonitor - Task completed > TaskHandler[id: 5; name: revertFile (4); status: COMPLETED; exit: 0; error: -; workDir: /input/data/work/77/520bba8b7fc0078479ec95fd7a38ce]
Dec-01 11:54:11.584 [Task monitor] DEBUG n.processor.TaskPollingMonitor - Task completed > TaskHandler[id: 42; name: revertFile (41); status: COMPLETED; exit: 0; error: -; workDir: /input/data/work/53/5af25d10bfe4f897208a11e15d6fc9]
Dec-01 11:54:11.622 [Task monitor] DEBUG n.processor.TaskPollingMonitor - Task completed > TaskHandler[id: 30; name: revertFile (29); status: COMPLETED; exit: 0; error: -; workDir: /input/data/work/c2/d4add3f857f9c0996207ade5787fdb]
Dec-01 11:54:15.826 [Task monitor] DEBUG n.processor.TaskPollingMonitor - Task completed > TaskHandler[id: 18; name: revertFile (17); status: COMPLETED; exit: 0; error: -; workDir: /input/data/work/ea/3d8b77532b6aec5894700c48454d7c]
Dec-01 11:54:15.867 [Task monitor] DEBUG n.processor.TaskPollingMonitor - Task completed > TaskHandler[id: 8; name: revertFile (7); status: COMPLETED; exit: 0; error: -; workDir: /input/data/work/c6/49f3f1921143edddc2a3282519e178]
Dec-01 11:54:15.908 [Task monitor] DEBUG n.processor.TaskPollingMonitor - Task completed > TaskHandler[id: 11; name: revertFile (10); status: COMPLETED; exit: 0; error: -; workDir: /input/data/work/6a/20f5937cb25f48a1e2c4e14ebdffe5]
Dec-01 11:54:15.945 [Task monitor] DEBUG n.processor.TaskPollingMonitor - Task completed > TaskHandler[id: 13; name: revertFile (12); status: COMPLETED; exit: 0; error: -; workDir: /input/data/work/a4/cbba96418e0fe4cb606a6c38ecd4c2]
Dec-01 11:54:15.985 [Task monitor] DEBUG n.processor.TaskPollingMonitor - Task completed > TaskHandler[id: 20; name: revertFile (19); status: COMPLETED; exit: 0; error: -; workDir: /input/data/work/7f/b4fee64dff48515f2528f63c188f39]
Dec-01 11:55:05.871 [Task monitor] DEBUG n.processor.TaskPollingMonitor - Task completed > TaskHandler[id: 2; name: revertFile (1); status: COMPLETED; exit: 0; error: -; workDir: /input/data/work/0b/005085c2d57892bb04e6338338c849]
Dec-01 11:55:05.963 [Task monitor] DEBUG n.processor.TaskPollingMonitor - Task completed > TaskHandler[id: 21; name: revertFile (20); status: COMPLETED; exit: 0; error: -; workDir: /input/data/work/62/d8ccaf62f919a88c0611bbb704bf91]
Dec-01 11:55:06.004 [Task monitor] DEBUG n.processor.TaskPollingMonitor - Task completed > TaskHandler[id: 15; name: revertFile (14); status: COMPLETED; exit: 0; error: -; workDir: /input/data/work/68/7bf9dee1fa76746f67a724cecaaae2]
Dec-01 11:55:15.828 [Task monitor] DEBUG n.processor.TaskPollingMonitor - Task completed > TaskHandler[id: 4; name: revertFile (3); status: COMPLETED; exit: 0; error: -; workDir: /input/data/work/b2/be652102ef6bcaa08832b9bee8396f]
Dec-01 11:55:15.895 [Task monitor] DEBUG n.processor.TaskPollingMonitor - Task completed > TaskHandler[id: 25; name: revertFile (24); status: COMPLETED; exit: 0; error: -; workDir: /input/data/work/45/95547481315b6302c968fdd5edd59b]
Dec-01 11:55:15.940 [Task monitor] DEBUG n.processor.TaskPollingMonitor - Task completed > TaskHandler[id: 28; name: revertFile (27); status: COMPLETED; exit: 0; error: -; workDir: /input/data/work/06/7ff347f6b5c33c71e72d8fe386ad58]
Dec-01 11:55:15.987 [Task monitor] DEBUG n.processor.TaskPollingMonitor - Task completed > TaskHandler[id: 32; name: revertFile (31); status: COMPLETED; exit: 0; error: -; workDir: /input/data/work/0d/2d44cf9e54fe037fec57d7071e7504]
Dec-01 11:55:16.030 [Task monitor] DEBUG n.processor.TaskPollingMonitor - Task completed > TaskHandler[id: 34; name: revertFile (33); status: COMPLETED; exit: 0; error: -; workDir: /input/data/work/fd/1653668c7decae68783dec661b5936]
Dec-01 11:55:16.092 [Task monitor] DEBUG n.processor.TaskPollingMonitor - Task completed > TaskHandler[id: 27; name: revertFile (26); status: COMPLETED; exit: 0; error: -; workDir: /input/data/work/e3/1d89438df1d311fbd165e3f7f28e27]
Dec-01 11:55:16.217 [Task monitor] DEBUG n.processor.TaskPollingMonitor - Task completed > TaskHandler[id: 6; name: revertFile (5); status: COMPLETED; exit: 0; error: -; workDir: /input/data/work/8b/e87c97641a1b9fb329a67f98f0b0f3]
Dec-01 11:55:16.345 [Task monitor] DEBUG n.processor.TaskPollingMonitor - Task completed > TaskHandler[id: 36; name: revertFile (35); status: COMPLETED; exit: 0; error: -; workDir: /input/data/work/56/efb5fc4e99d3397cbf92673b03f99c]
Dec-01 11:55:16.415 [Task monitor] DEBUG n.processor.TaskPollingMonitor - Task completed > TaskHandler[id: 45; name: revertFile (44); status: COMPLETED; exit: 0; error: -; workDir: /input/data/work/53/d8634b0803727017e16a4032acee53]
Dec-01 11:55:16.459 [Task monitor] DEBUG n.processor.TaskPollingMonitor - Task completed > TaskHandler[id: 39; name: revertFile (38); status: COMPLETED; exit: 0; error: -; workDir: /input/data/work/b7/2d07b162397060951265d7d853a846]
Dec-01 11:55:16.517 [Task monitor] DEBUG n.processor.TaskPollingMonitor - Task completed > TaskHandler[id: 38; name: revertFile (37); status: COMPLETED; exit: 0; error: -; workDir: /input/data/work/6b/b21cb1fbfab8e27c8891e58509c3c3]
Dec-01 11:55:16.557 [Task monitor] DEBUG n.processor.TaskPollingMonitor - Task completed > TaskHandler[id: 37; name: revertFile (36); status: COMPLETED; exit: 0; error: -; workDir: /input/data/work/c9/2e8a974857a58170be490c18a2f05a]
Dec-01 11:55:16.639 [Task monitor] DEBUG n.processor.TaskPollingMonitor - Task completed > TaskHandler[id: 35; name: revertFile (34); status: COMPLETED; exit: 0; error: -; workDir: /input/data/work/61/e33cc4eda72b892dd62f20c2cddd03]
Dec-01 11:55:16.681 [Task monitor] DEBUG n.processor.TaskPollingMonitor - Task completed > TaskHandler[id: 43; name: revertFile (42); status: COMPLETED; exit: 0; error: -; workDir: /input/data/work/dc/cfcc9c8af053a558a37c82e1b20e78]
Dec-01 11:55:16.726 [Task monitor] DEBUG n.processor.TaskPollingMonitor - Task completed > TaskHandler[id: 44; name: revertFile (43); status: COMPLETED; exit: 0; error: -; workDir: /input/data/work/d6/77f6aec32c563df1f3301ce046a7be]
Dec-01 11:55:16.779 [Task monitor] DEBUG n.processor.TaskPollingMonitor - Task completed > TaskHandler[id: 40; name: revertFile (39); status: COMPLETED; exit: 0; error: -; workDir: /input/data/work/28/69517116102e88b4dfbff2029e7151]
Dec-01 11:55:16.820 [Task monitor] DEBUG n.processor.TaskPollingMonitor - Task completed > TaskHandler[id: 41; name: revertFile (40); status: COMPLETED; exit: 0; error: -; workDir: /input/data/work/38/70398323bd962a70aeba195b38471a]
Dec-01 11:55:16.866 [Task monitor] DEBUG n.processor.TaskPollingMonitor - Task completed > TaskHandler[id: 46; name: revertFile (45); status: COMPLETED; exit: 0; error: -; workDir: /input/data/work/44/5af4554b2dce842fbc39dd2fd67018]
Dec-01 11:55:16.923 [Task monitor] DEBUG n.processor.TaskPollingMonitor - Task completed > TaskHandler[id: 47; name: revertFile (46); status: COMPLETED; exit: 0; error: -; workDir: /input/data/work/a3/0974d612071570c9a2ea0d5ce19e9d]
Dec-01 11:55:16.990 [Task monitor] DEBUG n.processor.TaskPollingMonitor - Task completed > TaskHandler[id: 48; name: revertFile (47); status: COMPLETED; exit: 0; error: -; workDir: /input/data/work/94/e11045edf8f59a4e9a999acd9a9502]
Dec-01 11:55:17.042 [Task monitor] DEBUG n.processor.TaskPollingMonitor - Task completed > TaskHandler[id: 49; name: revertFile (48); status: COMPLETED; exit: 0; error: -; workDir: /input/data/work/18/0d58848553bbe6e85cfa6c5de93c28]
Dec-01 11:56:05.832 [Task monitor] DEBUG n.processor.TaskPollingMonitor - Task completed > TaskHandler[id: 51; name: revertFile (50); status: COMPLETED; exit: 0; error: -; workDir: /input/data/work/18/d004dcaf06c41a5806a28b4b741863]
Dec-01 11:56:05.875 [Task monitor] DEBUG n.processor.TaskPollingMonitor - Task completed > TaskHandler[id: 50; name: revertFile (49); status: COMPLETED; exit: 0; error: -; workDir: /input/data/work/2a/abf9f8cb3cd34524b253be00188b1b]
Dec-01 11:56:11.613 [Task monitor] DEBUG n.processor.TaskPollingMonitor - Task completed > TaskHandler[id: 52; name: revertFile (51); status: COMPLETED; exit: 0; error: -; workDir: /input/data/work/47/3901ec5797df6bc627ec25eac925dd]
Dec-01 11:56:11.743 [Task monitor] DEBUG n.processor.TaskPollingMonitor - Task completed > TaskHandler[id: 58; name: revertFile (57); status: COMPLETED; exit: 0; error: -; workDir: /input/data/work/fb/2aa0c7c99a26f727fc516336c7eb96]
Dec-01 11:56:11.792 [Task monitor] DEBUG n.processor.TaskPollingMonitor - Task completed > TaskHandler[id: 60; name: revertFile (59); status: COMPLETED; exit: 0; error: -; workDir: /input/data/work/f9/594718201dd59a3380550ebe6cfe7b]
Dec-01 11:56:11.839 [Task monitor] DEBUG n.processor.TaskPollingMonitor - Task completed > TaskHandler[id: 62; name: revertFile (61); status: COMPLETED; exit: 0; error: -; workDir: /input/data/work/31/44422ffca65bc139a65c1b65f13649]
Dec-01 11:56:12.084 [Task monitor] DEBUG n.processor.TaskPollingMonitor - Task completed > TaskHandler[id: 61; name: revertFile (60); status: COMPLETED; exit: 0; error: -; workDir: /input/data/work/b9/d71fe01aae3b9b7c6683e7d1ff65d1]
Dec-01 11:56:12.133 [Task monitor] DEBUG n.processor.TaskPollingMonitor - Task completed > TaskHandler[id: 63; name: revertFile (62); status: COMPLETED; exit: 0; error: -; workDir: /input/data/work/15/4f79f50d525f445c0dcf07e87afd4a]
Dec-01 11:56:12.188 [Task monitor] DEBUG n.processor.TaskPollingMonitor - Task completed > TaskHandler[id: 66; name: revertFile (65); status: COMPLETED; exit: 0; error: -; workDir: /input/data/work/5f/b13e5256318a5e0aabb555e0df4c0c]
Dec-01 11:56:12.254 [Task monitor] DEBUG n.processor.TaskPollingMonitor - Task completed > TaskHandler[id: 64; name: revertFile (63); status: COMPLETED; exit: 0; error: -; workDir: /input/data/work/df/336d00664a0a6b9b7b4854ee1ce265]
Dec-01 11:56:12.351 [Task monitor] DEBUG n.processor.TaskPollingMonitor - Task completed > TaskHandler[id: 67; name: revertFile (66); status: COMPLETED; exit: 0; error: -; workDir: /input/data/work/36/c0479bc4bd51cdd9ffc995a99ecce8]
Dec-01 11:56:12.445 [Task monitor] DEBUG n.processor.TaskPollingMonitor - Task completed > TaskHandler[id: 72; name: revertFile (71); status: COMPLETED; exit: 0; error: -; workDir: /input/data/work/c6/255ddb438e59f4c450be2f231b4547]
Dec-01 11:56:13.368 [Task monitor] DEBUG n.processor.TaskPollingMonitor - Task completed > TaskHandler[id: 56; name: revertFile (55); status: COMPLETED; exit: 0; error: -; workDir: /input/data/work/70/a0065dc778a8ccb8d398f35794b906]
Dec-01 11:56:13.482 [Task monitor] DEBUG n.processor.TaskPollingMonitor - Task completed > TaskHandler[id: 57; name: revertFile (56); status: COMPLETED; exit: 0; error: -; workDir: /input/data/work/d5/073b98f38bcda43d46273e95b7ddf7]
Dec-01 11:56:13.572 [Task monitor] DEBUG n.processor.TaskPollingMonitor - Task completed > TaskHandler[id: 59; name: revertFile (58); status: COMPLETED; exit: 0; error: -; workDir: /input/data/work/d5/4d3a208e14600a5ca5f35809f6f01d]
Dec-01 11:56:23.657 [Task monitor] DEBUG n.processor.TaskPollingMonitor - Task completed > TaskHandler[id: 68; name: revertFile (67); status: COMPLETED; exit: 0; error: -; workDir: /input/data/work/ba/38fcfdc2578cf44d6efd00b83452ef]
Dec-01 11:56:23.952 [Task monitor] DEBUG n.processor.TaskPollingMonitor - Task completed > TaskHandler[id: 69; name: revertFile (68); status: COMPLETED; exit: 0; error: -; workDir: /input/data/work/95/84955f55e7c890400b7bfd06b132b5]
Dec-01 11:56:24.240 [Task monitor] DEBUG n.processor.TaskPollingMonitor - Task completed > TaskHandler[id: 100; name: revertFile (99); status: COMPLETED; exit: 0; error: -; workDir: /input/data/work/cb/cfd1ba536f0a41604128a145f20523]
Dec-01 11:56:33.365 [Task monitor] DEBUG n.processor.TaskPollingMonitor - Task completed > TaskHandler[id: 53; name: revertFile (52); status: COMPLETED; exit: 0; error: -; workDir: /input/data/work/73/e7a8a4bcfe70070607ac1832c26144]
Dec-01 11:57:16.218 [Task monitor] DEBUG n.processor.TaskPollingMonitor - Task completed > TaskHandler[id: 55; name: revertFile (54); status: COMPLETED; exit: 0; error: -; workDir: /input/data/work/94/69fcf72198d4cc3fccaa11396323c5]
Dec-01 11:57:16.262 [Task monitor] DEBUG n.processor.TaskPollingMonitor - Task completed > TaskHandler[id: 54; name: revertFile (53); status: COMPLETED; exit: 0; error: -; workDir: /input/data/work/9d/f3600847164b12219856714eaa02e1]
Dec-01 11:57:16.310 [Task monitor] DEBUG n.processor.TaskPollingMonitor - Task completed > TaskHandler[id: 65; name: revertFile (64); status: COMPLETED; exit: 0; error: -; workDir: /input/data/work/05/3481de72e39de6eee990f77687d91d]
Dec-01 11:57:16.374 [Task monitor] DEBUG n.processor.TaskPollingMonitor - Task completed > TaskHandler[id: 71; name: revertFile (70); status: COMPLETED; exit: 0; error: -; workDir: /input/data/work/95/f2155e3ef43f4cef7ac2d01ef76722]
Dec-01 11:57:16.422 [Task monitor] DEBUG n.processor.TaskPollingMonitor - Task completed > TaskHandler[id: 70; name: revertFile (69); status: COMPLETED; exit: 0; error: -; workDir: /input/data/work/ef/edd7ee77ef007614ab080de720e0c7]
Dec-01 11:57:16.487 [Task monitor] DEBUG n.processor.TaskPollingMonitor - Task completed > TaskHandler[id: 73; name: revertFile (72); status: COMPLETED; exit: 0; error: -; workDir: /input/data/work/e6/453460553ed16f7d7531193615eda6]
Dec-01 11:57:16.534 [Task monitor] DEBUG n.processor.TaskPollingMonitor - Task completed > TaskHandler[id: 74; name: revertFile (73); status: COMPLETED; exit: 0; error: -; workDir: /input/data/work/c2/de291205be1f7cbb87b1f75e31ec57]
Dec-01 11:57:16.590 [Task monitor] DEBUG n.processor.TaskPollingMonitor - Task completed > TaskHandler[id: 75; name: revertFile (74); status: COMPLETED; exit: 0; error: -; workDir: /input/data/work/02/ec9a92e051543457ced3d7b31f887f]
Dec-01 11:57:16.639 [Task monitor] DEBUG n.processor.TaskPollingMonitor - Task completed > TaskHandler[id: 76; name: revertFile (75); status: COMPLETED; exit: 0; error: -; workDir: /input/data/work/fb/a0e872516fb16d3bbd6c89bb46b22a]
Dec-01 11:57:16.805 [Task monitor] DEBUG n.processor.TaskPollingMonitor - Task completed > TaskHandler[id: 77; name: revertFile (76); status: COMPLETED; exit: 0; error: -; workDir: /input/data/work/19/597d060f3839aedee08316de1f4b1f]
Dec-01 11:57:16.848 [Task monitor] DEBUG n.processor.TaskPollingMonitor - Task completed > TaskHandler[id: 78; name: revertFile (77); status: COMPLETED; exit: 0; error: -; workDir: /input/data/work/12/ce90c1ea978ba0c3210268cb2aa816]
Dec-01 11:57:16.893 [Task monitor] DEBUG n.processor.TaskPollingMonitor - Task completed > TaskHandler[id: 79; name: revertFile (78); status: COMPLETED; exit: 0; error: -; workDir: /input/data/work/f3/7aaf3a2adc3726e6727bf3cda91f03]
Dec-01 11:57:16.957 [Task monitor] DEBUG n.processor.TaskPollingMonitor - Task completed > TaskHandler[id: 80; name: revertFile (79); status: COMPLETED; exit: 0; error: -; workDir: /input/data/work/25/1af8b53f47d4a70530cef4b199fb18]
Dec-01 11:57:17.019 [Task monitor] DEBUG n.processor.TaskPollingMonitor - Task completed > TaskHandler[id: 81; name: revertFile (80); status: COMPLETED; exit: 0; error: -; workDir: /input/data/work/9b/d06734cbc339b610c96f5fd4fab3e2]
Dec-01 11:57:17.071 [Task monitor] DEBUG n.processor.TaskPollingMonitor - Task completed > TaskHandler[id: 82; name: revertFile (81); status: COMPLETED; exit: 0; error: -; workDir: /input/data/work/91/9f0702c89d60945869c9495c6f5d8c]
Dec-01 11:57:17.111 [Task monitor] DEBUG n.processor.TaskPollingMonitor - Task completed > TaskHandler[id: 83; name: revertFile (82); status: COMPLETED; exit: 0; error: -; workDir: /input/data/work/8b/4be5ed1d1d3243ad91726ebc22f880]
Dec-01 11:57:17.153 [Task monitor] DEBUG n.processor.TaskPollingMonitor - Task completed > TaskHandler[id: 85; name: revertFile (84); status: COMPLETED; exit: 0; error: -; workDir: /input/data/work/ba/e09de11644730b01161100ed23bb4e]
Dec-01 11:57:17.193 [Task monitor] DEBUG n.processor.TaskPollingMonitor - Task completed > TaskHandler[id: 84; name: revertFile (83); status: COMPLETED; exit: 0; error: -; workDir: /input/data/work/da/9db51fd8f5f38ee902009b32b98f04]
Dec-01 11:57:17.232 [Task monitor] DEBUG n.processor.TaskPollingMonitor - Task completed > TaskHandler[id: 86; name: revertFile (85); status: COMPLETED; exit: 0; error: -; workDir: /input/data/work/cf/9ef65dc45279267791d85504e39849]
Dec-01 11:57:17.270 [Task monitor] DEBUG n.processor.TaskPollingMonitor - Task completed > TaskHandler[id: 87; name: revertFile (86); status: COMPLETED; exit: 0; error: -; workDir: /input/data/work/66/e4119707575ebd1cf349e679ba85d4]
Dec-01 11:57:17.599 [Task monitor] DEBUG n.processor.TaskPollingMonitor - !! executor k8s > tasks to be completed: 13 -- submitted tasks are shown below
~> TaskHandler[id: 89; name: revertFile (88); status: RUNNING; exit: -; error: -; workDir: /input/data/work/84/c0425ffef5cf8c95e8abae5d3cdeae]
~> TaskHandler[id: 88; name: revertFile (87); status: RUNNING; exit: -; error: -; workDir: /input/data/work/74/9f411967f2495e189f80fef5468e48]
~> TaskHandler[id: 91; name: revertFile (90); status: RUNNING; exit: -; error: -; workDir: /input/data/work/db/77a298b00e5463d289e1b281df9203]
~> TaskHandler[id: 92; name: revertFile (91); status: RUNNING; exit: -; error: -; workDir: /input/data/work/94/4e89e03181520e046fd3a1d5d51fc2]
~> TaskHandler[id: 90; name: revertFile (89); status: RUNNING; exit: -; error: -; workDir: /input/data/work/bd/67da77b1fa3ccd4989b4895da2ed18]
~> TaskHandler[id: 93; name: revertFile (92); status: RUNNING; exit: -; error: -; workDir: /input/data/work/eb/8ace6260440b9ef7335ddaf75ca946]
~> TaskHandler[id: 94; name: revertFile (93); status: RUNNING; exit: -; error: -; workDir: /input/data/work/29/da2a0865c423de6a2baa9f1133023a]
~> TaskHandler[id: 96; name: revertFile (95); status: RUNNING; exit: -; error: -; workDir: /input/data/work/a4/14d21dc2541df7c391a2bdc0be6658]
~> TaskHandler[id: 95; name: revertFile (94); status: RUNNING; exit: -; error: -; workDir: /input/data/work/09/345a6d94cb7908e70bf445f98d8302]
~> TaskHandler[id: 97; name: revertFile (96); status: RUNNING; exit: -; error: -; workDir: /input/data/work/87/ffd08900089ee69c8843dd0b587c3c]
.. remaining tasks omitted.
Dec-01 11:57:22.637 [Task monitor] DEBUG n.processor.TaskPollingMonitor - Task completed > TaskHandler[id: 89; name: revertFile (88); status: COMPLETED; exit: 0; error: -; workDir: /input/data/work/84/c0425ffef5cf8c95e8abae5d3cdeae]
Dec-01 11:57:22.671 [Task monitor] DEBUG n.processor.TaskPollingMonitor - Task completed > TaskHandler[id: 88; name: revertFile (87); status: COMPLETED; exit: 0; error: -; workDir: /input/data/work/74/9f411967f2495e189f80fef5468e48]
Dec-01 11:57:22.705 [Task monitor] DEBUG n.processor.TaskPollingMonitor - Task completed > TaskHandler[id: 91; name: revertFile (90); status: COMPLETED; exit: 0; error: -; workDir: /input/data/work/db/77a298b00e5463d289e1b281df9203]
Dec-01 11:57:23.303 [Task monitor] DEBUG n.processor.TaskPollingMonitor - Task completed > TaskHandler[id: 97; name: revertFile (96); status: COMPLETED; exit: 0; error: -; workDir: /input/data/work/87/ffd08900089ee69c8843dd0b587c3c]
Dec-01 11:57:23.343 [Task monitor] DEBUG n.processor.TaskPollingMonitor - Task completed > TaskHandler[id: 98; name: revertFile (97); status: COMPLETED; exit: 0; error: -; workDir: /input/data/work/16/19309715b5ec8c0e5b7d05ef1f9531]
Dec-01 11:57:23.384 [Task monitor] DEBUG n.processor.TaskPollingMonitor - Task completed > TaskHandler[id: 101; name: revertFile (100); status: COMPLETED; exit: 0; error: -; workDir: /input/data/work/f5/1f19f7c4c1bebff7d818e0192417b3]
Dec-01 11:57:23.426 [Task monitor] DEBUG n.processor.TaskPollingMonitor - Task completed > TaskHandler[id: 99; name: revertFile (98); status: COMPLETED; exit: 0; error: -; workDir: /input/data/work/9c/35b1b78b3febabbb741eb174ed7804]
Dec-01 11:57:27.647 [Task monitor] DEBUG n.processor.TaskPollingMonitor - Task completed > TaskHandler[id: 92; name: revertFile (91); status: COMPLETED; exit: 0; error: -; workDir: /input/data/work/94/4e89e03181520e046fd3a1d5d51fc2]
Dec-01 11:57:27.687 [Task monitor] DEBUG n.processor.TaskPollingMonitor - Task completed > TaskHandler[id: 90; name: revertFile (89); status: COMPLETED; exit: 0; error: -; workDir: /input/data/work/bd/67da77b1fa3ccd4989b4895da2ed18]
Dec-01 11:57:27.726 [Task monitor] DEBUG n.processor.TaskPollingMonitor - Task completed > TaskHandler[id: 93; name: revertFile (92); status: COMPLETED; exit: 0; error: -; workDir: /input/data/work/eb/8ace6260440b9ef7335ddaf75ca946]
Dec-01 11:57:27.763 [Task monitor] DEBUG n.processor.TaskPollingMonitor - Task completed > TaskHandler[id: 94; name: revertFile (93); status: COMPLETED; exit: 0; error: -; workDir: /input/data/work/29/da2a0865c423de6a2baa9f1133023a]
Dec-01 11:57:27.800 [Task monitor] DEBUG n.processor.TaskPollingMonitor - Task completed > TaskHandler[id: 96; name: revertFile (95); status: COMPLETED; exit: 0; error: -; workDir: /input/data/work/a4/14d21dc2541df7c391a2bdc0be6658]
Dec-01 11:57:27.839 [Task monitor] DEBUG n.processor.TaskPollingMonitor - Task completed > TaskHandler[id: 95; name: revertFile (94); status: COMPLETED; exit: 0; error: -; workDir: /input/data/work/09/345a6d94cb7908e70bf445f98d8302]
Dec-01 11:57:27.841 [main] DEBUG nextflow.Session - Session await > all processes finished
Dec-01 11:57:27.847 [main] DEBUG nextflow.Session - Session await > all barriers passed
Dec-01 11:57:27.857 [main] DEBUG n.trace.WorkflowStatsObserver - Workflow completed > WorkflowStats[succeededCount=101; failedCount=0; ignoredCount=0; cachedCount=0; pendingCount=0; submittedCount=0; runningCount=0; retriesCount=0; abortedCount=0; succeedDuration=4h 31m 57s; failedDuration=0ms; cachedDuration=0ms;loadCpus=0; loadMemory=0; peakRunning=24; peakCpus=240; peakMemory=240 GB; ]
Dec-01 11:57:27.857 [main] DEBUG nextflow.trace.TraceFileObserver - Workflow completed -- saving trace file
Dec-01 11:57:27.859 [main] DEBUG nextflow.trace.ReportObserver - Workflow completed -- rendering execution report
Dec-01 11:57:28.475 [main] DEBUG nextflow.trace.TimelineObserver - Workflow completed -- rendering execution timeline
Dec-01 11:57:28.608 [main] DEBUG nextflow.cache.CacheDB - Closing CacheDB done
Dec-01 11:57:28.633 [main] DEBUG nextflow.util.ThreadPoolManager - Thread pool 'FileTransfer' shutdown completed (hard=false)
Dec-01 11:57:28.633 [main] DEBUG nextflow.script.ScriptRunner - > Execution complete -- Goodbye
