Jan-26 02:56:02.269 [main] DEBUG nextflow.cli.Launcher - $> nextflow run /input/group -c /experiments/experiment/group/nextflow.config -c /experiments/experiment/nextflow_cws.config -c /experiments/experiment/nextflow_nfs.config
Jan-26 02:56:02.340 [main] INFO  nextflow.cli.CmdRun - N E X T F L O W  ~  version 23.07.0-edge
Jan-26 02:56:02.358 [main] DEBUG nextflow.plugin.PluginsFacade - Setting up plugin manager > mode=prod; embedded=false; plugins-dir=/.nextflow/plugins; core-plugins: nf-amazon@2.1.0,nf-azure@1.1.4,nf-cloudcache@0.1.0,nf-codecommit@0.1.5,nf-console@1.0.6,nf-ga4gh@1.1.0,nf-google@1.8.1,nf-tower@1.5.15,nf-wave@0.11.0
Jan-26 02:56:02.367 [main] INFO  o.pf4j.DefaultPluginStatusProvider - Enabled plugins: []
Jan-26 02:56:02.368 [main] INFO  o.pf4j.DefaultPluginStatusProvider - Disabled plugins: []
Jan-26 02:56:02.370 [main] INFO  org.pf4j.DefaultPluginManager - PF4J version 3.4.1 in 'deployment' mode
Jan-26 02:56:02.377 [main] INFO  org.pf4j.AbstractPluginManager - No plugins
Jan-26 02:56:02.394 [main] DEBUG nextflow.scm.AssetManager - Project manifest does not exist: /input/group/nextflow.config (No such file or directory)
Jan-26 02:56:02.413 [main] DEBUG nextflow.config.ConfigBuilder - User config file: /experiments/experiment/group/nextflow.config
Jan-26 02:56:02.414 [main] DEBUG nextflow.config.ConfigBuilder - User config file: /experiments/experiment/nextflow_cws.config
Jan-26 02:56:02.415 [main] DEBUG nextflow.config.ConfigBuilder - User config file: /experiments/experiment/nextflow_nfs.config
Jan-26 02:56:02.415 [main] DEBUG nextflow.config.ConfigBuilder - Parsing config file: /experiments/experiment/group/nextflow.config
Jan-26 02:56:02.416 [main] DEBUG nextflow.config.ConfigBuilder - Parsing config file: /experiments/experiment/nextflow_cws.config
Jan-26 02:56:02.416 [main] DEBUG nextflow.config.ConfigBuilder - Parsing config file: /experiments/experiment/nextflow_nfs.config
Jan-26 02:56:02.429 [main] DEBUG nextflow.config.ConfigBuilder - Applying config profile: `standard`
Jan-26 02:56:02.920 [main] DEBUG nextflow.config.ConfigBuilder - Applying config profile: `standard`
Jan-26 02:56:03.069 [main] DEBUG nextflow.config.ConfigBuilder - Applying config profile: `standard`
Jan-26 02:56:03.094 [main] DEBUG nextflow.cli.CmdRun - Applied DSL=2 by global default
Jan-26 02:56:03.107 [main] INFO  nextflow.cli.CmdRun - Launching `/input/group/main.nf` [gloomy_austin] DSL2 - revision: eb2bec4e66
Jan-26 02:56:03.108 [main] DEBUG nextflow.plugin.PluginsFacade - Plugins default=[]
Jan-26 02:56:03.108 [main] DEBUG nextflow.plugin.PluginsFacade - Plugins resolved requirement=[]
Jan-26 02:56:03.114 [main] DEBUG n.secret.LocalSecretsProvider - Secrets store: /.nextflow/secrets/store.json
Jan-26 02:56:03.117 [main] DEBUG nextflow.secret.SecretsLoader - Discovered secrets providers: [nextflow.secret.LocalSecretsProvider@2c05ff9d] - activable => nextflow.secret.LocalSecretsProvider@2c05ff9d
Jan-26 02:56:03.165 [main] DEBUG nextflow.Session - Session UUID: d1890234-eafe-41cc-88fd-8625bb67b980
Jan-26 02:56:03.165 [main] DEBUG nextflow.Session - Run name: gloomy_austin
Jan-26 02:56:03.166 [main] DEBUG nextflow.Session - Executor pool size: 32
Jan-26 02:56:03.171 [main] DEBUG nextflow.file.FilePorter - File porter settings maxRetries=3; maxTransfers=50; pollTimeout=null
Jan-26 02:56:03.174 [main] DEBUG nextflow.util.ThreadPoolBuilder - Creating thread pool 'FileTransfer' minSize=10; maxSize=96; workQueue=LinkedBlockingQueue[10000]; allowCoreThreadTimeout=false
Jan-26 02:56:03.202 [main] DEBUG nextflow.cli.CmdRun - 
  Version: 23.07.0-edge build 5875
  Created: 28-07-2023 20:27 UTC (20:27 GMT)
  System: Linux 5.4.0-169-generic
  Runtime: Groovy 3.0.18 on OpenJDK 64-Bit Server VM 17.0.6+10-LTS
  Encoding: UTF-8 (UTF-8)
  Process: 371367@nextflow [10.233.76.49]
  CPUs: 32 - Mem: 125.7 GB (122.2 GB) - Swap: 0 (0)
Jan-26 02:56:03.245 [main] DEBUG nextflow.Session - Work-dir: /input/data/work [nfs]
Jan-26 02:56:03.245 [main] DEBUG nextflow.Session - Script base path does not exist or is not a directory: /input/group/bin
Jan-26 02:56:03.256 [main] DEBUG nextflow.executor.ExecutorFactory - Extension executors providers=[]
Jan-26 02:56:03.264 [main] DEBUG nextflow.Session - Observer factory: DefaultObserverFactory
Jan-26 02:56:03.292 [main] DEBUG nextflow.cache.CacheFactory - Using Nextflow cache factory: nextflow.cache.DefaultCacheFactory
Jan-26 02:56:03.299 [main] DEBUG nextflow.util.CustomThreadPool - Creating default thread pool > poolSize: 33; maxThreads: 1000
Jan-26 02:56:03.389 [main] DEBUG nextflow.Session - Session start
Jan-26 02:56:03.394 [main] DEBUG nextflow.trace.TraceFileObserver - Workflow started -- trace file: /input/data/output/trace.csv
Jan-26 02:56:03.578 [main] DEBUG nextflow.script.ScriptRunner - > Launching execution
Jan-26 02:56:03.800 [main] DEBUG nextflow.script.ProcessConfig - Config settings `withName:writeLargeFile` matches process writeLargeFile
Jan-26 02:56:03.810 [main] DEBUG nextflow.executor.ExecutorFactory - << taskConfig executor: k8s
Jan-26 02:56:03.810 [main] DEBUG nextflow.executor.ExecutorFactory - >> processorType: 'k8s'
Jan-26 02:56:03.818 [main] DEBUG nextflow.executor.Executor - [warm up] executor > k8s
Jan-26 02:56:03.833 [main] DEBUG n.processor.TaskPollingMonitor - Creating task monitor for executor 'k8s' > capacity: 300; pollInterval: 5s; dumpInterval: 5m; schedulerBatch: null
Jan-26 02:56:03.838 [main] DEBUG nextflow.k8s.client.ConfigDiscovery - K8s config file does not exist: /root/.kube/config
Jan-26 02:56:03.848 [main] DEBUG nextflow.k8s.K8sExecutor - [K8s] config=[scheduler:[strategy:rank_max-fair, name:workflow-scheduler, autoClose:false, nodeSelector:usedby=anonymized, container:anonymized/test1:sch_v201], debug:[yaml:true], namespace:anonymized, serviceAccount:nextflow, workDir:/input/data/work/, projectDir:/input/data/project/, imagePullPolicy:IfNotPresent, launchDir:/input/data/launch/, runAsUser:0, fetchNodeName:true, storageMountPath:/input, pod:[nodeSelector:usedby=anonymized], storage:[nodeSelector:usedby=anonymized, imageName:anonymized/test1:ftp_v122], storageClaimName:nfs-experiment]; API client config=ClientConfig[ server=10.233.0.1:443, namespace=anonymized, serviceAccount=nextflow, token=eyJhbGciOiJ.., sslCert=LS0tLS1CRUd.., clientCert=-, clientKey=-, verifySsl=false, fromFile=true, httpReadTimeout=null, httpConnectTimeout=null, maxErrorRetry=4 ]
Jan-26 02:56:07.493 [main] DEBUG nextflow.script.ProcessConfig - Config settings `withName:combineFiles` matches process combineFiles
Jan-26 02:56:07.495 [main] DEBUG nextflow.executor.ExecutorFactory - << taskConfig executor: k8s
Jan-26 02:56:07.495 [main] DEBUG nextflow.executor.ExecutorFactory - >> processorType: 'k8s'
Jan-26 02:56:07.508 [main] DEBUG nextflow.Session - Workflow process names [dsl2]: revertFile, combineFiles, writeLargeFile
Jan-26 02:56:07.509 [main] DEBUG nextflow.Session - Igniting dataflow network (3)
Jan-26 02:56:07.510 [main] DEBUG nextflow.processor.TaskProcessor - Starting process > writeLargeFile
Jan-26 02:56:07.511 [main] DEBUG nextflow.processor.TaskProcessor - Starting process > combineFiles
Jan-26 02:56:07.511 [main] DEBUG nextflow.script.ScriptRunner - > Awaiting termination 
Jan-26 02:56:07.511 [main] DEBUG nextflow.Session - Session await
Jan-26 02:56:07.848 [Task submitter] INFO  nextflow.Session - [24/91d70d] Submitted process > writeLargeFile (28)
Jan-26 02:56:07.906 [Task submitter] INFO  nextflow.Session - [74/60f141] Submitted process > writeLargeFile (8)
Jan-26 02:56:07.950 [Task submitter] INFO  nextflow.Session - [41/d0ab29] Submitted process > writeLargeFile (31)
Jan-26 02:56:07.992 [Task submitter] INFO  nextflow.Session - [24/afbb52] Submitted process > writeLargeFile (11)
Jan-26 02:56:08.036 [Task submitter] INFO  nextflow.Session - [6a/043159] Submitted process > writeLargeFile (24)
Jan-26 02:56:08.074 [Task submitter] INFO  nextflow.Session - [ed/fdfc55] Submitted process > writeLargeFile (30)
Jan-26 02:56:08.114 [Task submitter] INFO  nextflow.Session - [b8/f73ef5] Submitted process > writeLargeFile (4)
Jan-26 02:56:08.150 [Task submitter] INFO  nextflow.Session - [00/a90f61] Submitted process > writeLargeFile (12)
Jan-26 02:56:08.187 [Task submitter] INFO  nextflow.Session - [48/c5aa72] Submitted process > writeLargeFile (6)
Jan-26 02:56:08.226 [Task submitter] INFO  nextflow.Session - [ae/ee7c26] Submitted process > writeLargeFile (32)
Jan-26 02:56:08.264 [Task submitter] INFO  nextflow.Session - [4f/1c630b] Submitted process > writeLargeFile (15)
Jan-26 02:56:08.301 [Task submitter] INFO  nextflow.Session - [c5/e5fb66] Submitted process > writeLargeFile (17)
Jan-26 02:56:08.345 [Task submitter] INFO  nextflow.Session - [0b/4af668] Submitted process > writeLargeFile (16)
Jan-26 02:56:08.381 [Task submitter] INFO  nextflow.Session - [85/356773] Submitted process > writeLargeFile (19)
Jan-26 02:56:08.421 [Task submitter] INFO  nextflow.Session - [8c/a4c46e] Submitted process > writeLargeFile (1)
Jan-26 02:56:08.461 [Task submitter] INFO  nextflow.Session - [e7/56a723] Submitted process > writeLargeFile (10)
Jan-26 02:56:08.497 [Task submitter] INFO  nextflow.Session - [a9/ca248b] Submitted process > writeLargeFile (20)
Jan-26 02:56:08.533 [Task submitter] INFO  nextflow.Session - [52/265ad8] Submitted process > writeLargeFile (23)
Jan-26 02:56:08.578 [Task submitter] INFO  nextflow.Session - [07/b517a5] Submitted process > writeLargeFile (7)
Jan-26 02:56:08.616 [Task submitter] INFO  nextflow.Session - [50/0e873b] Submitted process > writeLargeFile (3)
Jan-26 02:56:08.652 [Task submitter] INFO  nextflow.Session - [14/0570db] Submitted process > writeLargeFile (9)
Jan-26 02:56:08.688 [Task submitter] INFO  nextflow.Session - [85/a3d520] Submitted process > writeLargeFile (18)
Jan-26 02:56:08.727 [Task submitter] INFO  nextflow.Session - [30/e6f748] Submitted process > writeLargeFile (13)
Jan-26 02:56:08.765 [Task submitter] INFO  nextflow.Session - [90/b29435] Submitted process > writeLargeFile (5)
Jan-26 02:56:08.802 [Task submitter] INFO  nextflow.Session - [7c/578b10] Submitted process > writeLargeFile (29)
Jan-26 02:56:08.838 [Task submitter] INFO  nextflow.Session - [32/fd6007] Submitted process > writeLargeFile (21)
Jan-26 02:56:08.875 [Task submitter] INFO  nextflow.Session - [27/7cf523] Submitted process > writeLargeFile (26)
Jan-26 02:56:08.910 [Task submitter] INFO  nextflow.Session - [a9/d8d00b] Submitted process > writeLargeFile (52)
Jan-26 02:56:08.948 [Task submitter] INFO  nextflow.Session - [38/513599] Submitted process > writeLargeFile (22)
Jan-26 02:56:08.987 [Task submitter] INFO  nextflow.Session - [30/e9e541] Submitted process > writeLargeFile (53)
Jan-26 02:56:09.023 [Task submitter] INFO  nextflow.Session - [5c/c02b4f] Submitted process > writeLargeFile (25)
Jan-26 02:56:09.061 [Task submitter] INFO  nextflow.Session - [8b/e9ed3e] Submitted process > writeLargeFile (27)
Jan-26 02:56:09.096 [Task submitter] INFO  nextflow.Session - [e1/358832] Submitted process > writeLargeFile (14)
Jan-26 02:56:09.131 [Task submitter] INFO  nextflow.Session - [38/c8072c] Submitted process > writeLargeFile (59)
Jan-26 02:56:09.165 [Task submitter] INFO  nextflow.Session - [01/f699e3] Submitted process > writeLargeFile (2)
Jan-26 02:56:09.198 [Task submitter] INFO  nextflow.Session - [41/4cc500] Submitted process > writeLargeFile (62)
Jan-26 02:56:09.234 [Task submitter] INFO  nextflow.Session - [9b/97aa42] Submitted process > writeLargeFile (36)
Jan-26 02:56:09.268 [Task submitter] INFO  nextflow.Session - [9a/00b83f] Submitted process > writeLargeFile (33)
Jan-26 02:56:09.304 [Task submitter] INFO  nextflow.Session - [9a/608a97] Submitted process > writeLargeFile (60)
Jan-26 02:56:09.339 [Task submitter] INFO  nextflow.Session - [61/e63ee6] Submitted process > writeLargeFile (34)
Jan-26 02:56:09.373 [Task submitter] INFO  nextflow.Session - [02/43001d] Submitted process > writeLargeFile (37)
Jan-26 02:56:09.407 [Task submitter] INFO  nextflow.Session - [69/616ea7] Submitted process > writeLargeFile (35)
Jan-26 02:56:09.443 [Task submitter] INFO  nextflow.Session - [01/0a0925] Submitted process > writeLargeFile (71)
Jan-26 02:56:09.479 [Task submitter] INFO  nextflow.Session - [b8/bdaa08] Submitted process > writeLargeFile (72)
Jan-26 02:56:09.514 [Task submitter] INFO  nextflow.Session - [a8/f5cbbe] Submitted process > writeLargeFile (40)
Jan-26 02:56:09.549 [Task submitter] INFO  nextflow.Session - [d7/c981a4] Submitted process > writeLargeFile (42)
Jan-26 02:56:09.582 [Task submitter] INFO  nextflow.Session - [46/1dc323] Submitted process > writeLargeFile (46)
Jan-26 02:56:09.617 [Task submitter] INFO  nextflow.Session - [24/a7ea61] Submitted process > writeLargeFile (76)
Jan-26 02:56:09.651 [Task submitter] INFO  nextflow.Session - [a0/5cd7cb] Submitted process > writeLargeFile (57)
Jan-26 02:56:09.688 [Task submitter] INFO  nextflow.Session - [fa/7ea2cc] Submitted process > writeLargeFile (56)
Jan-26 02:56:09.722 [Task submitter] INFO  nextflow.Session - [85/a77653] Submitted process > writeLargeFile (79)
Jan-26 02:56:09.756 [Task submitter] INFO  nextflow.Session - [67/9d8d79] Submitted process > writeLargeFile (44)
Jan-26 02:56:09.790 [Task submitter] INFO  nextflow.Session - [32/f223eb] Submitted process > writeLargeFile (80)
Jan-26 02:56:09.825 [Task submitter] INFO  nextflow.Session - [66/8d7089] Submitted process > writeLargeFile (43)
Jan-26 02:56:09.860 [Task submitter] INFO  nextflow.Session - [48/6f073c] Submitted process > writeLargeFile (82)
Jan-26 02:56:09.895 [Task submitter] INFO  nextflow.Session - [d9/17a4fd] Submitted process > writeLargeFile (49)
Jan-26 02:56:09.934 [Task submitter] INFO  nextflow.Session - [d8/20c7dc] Submitted process > writeLargeFile (58)
Jan-26 02:56:09.973 [Task submitter] INFO  nextflow.Session - [df/1fc9dd] Submitted process > writeLargeFile (39)
Jan-26 02:56:10.007 [Task submitter] INFO  nextflow.Session - [da/c885f9] Submitted process > writeLargeFile (47)
Jan-26 02:56:10.046 [Task submitter] INFO  nextflow.Session - [29/4caa41] Submitted process > writeLargeFile (41)
Jan-26 02:56:10.080 [Task submitter] INFO  nextflow.Session - [62/605d89] Submitted process > writeLargeFile (45)
Jan-26 02:56:10.118 [Task submitter] INFO  nextflow.Session - [45/d5b902] Submitted process > writeLargeFile (55)
Jan-26 02:56:10.154 [Task submitter] INFO  nextflow.Session - [d9/acad19] Submitted process > writeLargeFile (91)
Jan-26 02:56:10.190 [Task submitter] INFO  nextflow.Session - [23/309467] Submitted process > writeLargeFile (50)
Jan-26 02:56:10.225 [Task submitter] INFO  nextflow.Session - [44/72ff81] Submitted process > writeLargeFile (48)
Jan-26 02:56:10.259 [Task submitter] INFO  nextflow.Session - [ef/e7c94b] Submitted process > writeLargeFile (54)
Jan-26 02:56:10.292 [Task submitter] INFO  nextflow.Session - [61/f8afac] Submitted process > writeLargeFile (95)
Jan-26 02:56:10.327 [Task submitter] INFO  nextflow.Session - [0d/c08a9f] Submitted process > writeLargeFile (38)
Jan-26 02:56:10.362 [Task submitter] INFO  nextflow.Session - [ef/ee7edf] Submitted process > writeLargeFile (51)
Jan-26 02:56:10.399 [Task submitter] INFO  nextflow.Session - [a3/773851] Submitted process > writeLargeFile (64)
Jan-26 02:56:10.485 [Task submitter] INFO  nextflow.Session - [ef/9c7e0c] Submitted process > writeLargeFile (66)
Jan-26 02:56:11.208 [Task submitter] INFO  nextflow.Session - [f1/5d0ae1] Submitted process > writeLargeFile (63)
Jan-26 02:56:12.071 [Task submitter] INFO  nextflow.Session - [3f/ac7308] Submitted process > writeLargeFile (67)
Jan-26 02:56:12.929 [Task submitter] INFO  nextflow.Session - [60/d6aa32] Submitted process > writeLargeFile (68)
Jan-26 02:56:13.816 [Task submitter] INFO  nextflow.Session - [6f/46f739] Submitted process > writeLargeFile (61)
Jan-26 02:56:14.666 [Task submitter] INFO  nextflow.Session - [1c/aa4090] Submitted process > writeLargeFile (70)
Jan-26 02:56:15.527 [Task submitter] INFO  nextflow.Session - [6e/28ea46] Submitted process > writeLargeFile (65)
Jan-26 02:56:16.387 [Task submitter] INFO  nextflow.Session - [1d/b58eef] Submitted process > writeLargeFile (69)
Jan-26 02:56:17.240 [Task submitter] INFO  nextflow.Session - [60/4f0750] Submitted process > writeLargeFile (99)
Jan-26 02:56:18.102 [Task submitter] INFO  nextflow.Session - [a1/976d9b] Submitted process > writeLargeFile (73)
Jan-26 02:56:18.969 [Task submitter] INFO  nextflow.Session - [7f/90b3fd] Submitted process > writeLargeFile (75)
Jan-26 02:56:19.824 [Task submitter] INFO  nextflow.Session - [97/510df8] Submitted process > writeLargeFile (81)
Jan-26 02:56:20.683 [Task submitter] INFO  nextflow.Session - [c7/6bcd31] Submitted process > writeLargeFile (90)
Jan-26 02:56:21.551 [Task submitter] INFO  nextflow.Session - [97/05952e] Submitted process > writeLargeFile (84)
Jan-26 02:56:22.404 [Task submitter] INFO  nextflow.Session - [18/aeb0f5] Submitted process > writeLargeFile (96)
Jan-26 02:56:23.262 [Task submitter] INFO  nextflow.Session - [84/749d84] Submitted process > writeLargeFile (77)
Jan-26 02:56:24.117 [Task submitter] INFO  nextflow.Session - [eb/5e8cae] Submitted process > writeLargeFile (88)
Jan-26 02:56:24.980 [Task submitter] INFO  nextflow.Session - [6b/4d17f4] Submitted process > writeLargeFile (83)
Jan-26 02:56:25.838 [Task submitter] INFO  nextflow.Session - [20/7442ac] Submitted process > writeLargeFile (78)
Jan-26 02:56:26.691 [Task submitter] INFO  nextflow.Session - [db/f250d4] Submitted process > writeLargeFile (92)
Jan-26 02:56:27.552 [Task submitter] INFO  nextflow.Session - [ec/dd9d87] Submitted process > writeLargeFile (85)
Jan-26 02:56:28.404 [Task submitter] INFO  nextflow.Session - [7d/b513dd] Submitted process > writeLargeFile (100)
Jan-26 02:56:29.267 [Task submitter] INFO  nextflow.Session - [39/e9fe4e] Submitted process > writeLargeFile (97)
Jan-26 02:56:30.214 [Task submitter] INFO  nextflow.Session - [f3/473659] Submitted process > writeLargeFile (89)
Jan-26 02:56:31.040 [Task submitter] INFO  nextflow.Session - [e6/82fa8f] Submitted process > writeLargeFile (94)
Jan-26 02:56:31.759 [Task submitter] INFO  nextflow.Session - [f3/aa85df] Submitted process > writeLargeFile (86)
Jan-26 02:56:32.486 [Task submitter] INFO  nextflow.Session - [73/6f6744] Submitted process > writeLargeFile (98)
Jan-26 02:56:33.189 [Task submitter] INFO  nextflow.Session - [f7/54c07c] Submitted process > writeLargeFile (87)
Jan-26 02:56:33.805 [Task submitter] INFO  nextflow.Session - [b9/38a0f5] Submitted process > writeLargeFile (93)
Jan-26 02:56:34.012 [Task submitter] INFO  nextflow.Session - [35/9c01eb] Submitted process > writeLargeFile (74)
Jan-26 02:56:38.880 [Task monitor] DEBUG n.processor.TaskPollingMonitor - Task completed > TaskHandler[id: 28; name: writeLargeFile (28); status: COMPLETED; exit: 0; error: -; workDir: /input/data/work/24/91d70d33e597dd6a300f03aa4822c4]
Jan-26 02:56:38.942 [Task monitor] DEBUG n.processor.TaskPollingMonitor - Task completed > TaskHandler[id: 8; name: writeLargeFile (8); status: COMPLETED; exit: 0; error: -; workDir: /input/data/work/74/60f14109addf751822d43ae65f7507]
Jan-26 02:56:38.977 [Task monitor] DEBUG n.processor.TaskPollingMonitor - Task completed > TaskHandler[id: 31; name: writeLargeFile (31); status: COMPLETED; exit: 0; error: -; workDir: /input/data/work/41/d0ab29222dc51e6e7a3bdbf45439bf]
Jan-26 02:57:11.152 [Task monitor] DEBUG n.processor.TaskPollingMonitor - Task completed > TaskHandler[id: 11; name: writeLargeFile (11); status: COMPLETED; exit: 0; error: -; workDir: /input/data/work/24/afbb52a7625b13b3a25e4a117f0535]
Jan-26 02:57:11.193 [Task monitor] DEBUG n.processor.TaskPollingMonitor - Task completed > TaskHandler[id: 24; name: writeLargeFile (24); status: COMPLETED; exit: 0; error: -; workDir: /input/data/work/6a/043159affa6e9a2a8723116b066687]
Jan-26 02:57:11.235 [Task monitor] DEBUG n.processor.TaskPollingMonitor - Task completed > TaskHandler[id: 30; name: writeLargeFile (30); status: COMPLETED; exit: 0; error: -; workDir: /input/data/work/ed/fdfc557634caea3bdadcc45949d304]
Jan-26 02:57:41.152 [Task monitor] DEBUG n.processor.TaskPollingMonitor - Task completed > TaskHandler[id: 4; name: writeLargeFile (4); status: COMPLETED; exit: 0; error: -; workDir: /input/data/work/b8/f73ef5890822fe1d4cbd1e2ee44f1f]
Jan-26 02:57:41.193 [Task monitor] DEBUG n.processor.TaskPollingMonitor - Task completed > TaskHandler[id: 12; name: writeLargeFile (12); status: COMPLETED; exit: 0; error: -; workDir: /input/data/work/00/a90f612a2061fd3c4adc94ffd43f3e]
Jan-26 02:57:41.235 [Task monitor] DEBUG n.processor.TaskPollingMonitor - Task completed > TaskHandler[id: 6; name: writeLargeFile (6); status: COMPLETED; exit: 0; error: -; workDir: /input/data/work/48/c5aa728121406519e6257ac407e0f1]
Jan-26 02:58:06.446 [Task monitor] DEBUG n.processor.TaskPollingMonitor - Task completed > TaskHandler[id: 32; name: writeLargeFile (32); status: COMPLETED; exit: 0; error: -; workDir: /input/data/work/ae/ee7c266074f960117e228f4e56dc60]
Jan-26 02:58:06.486 [Task monitor] DEBUG n.processor.TaskPollingMonitor - Task completed > TaskHandler[id: 15; name: writeLargeFile (15); status: COMPLETED; exit: 0; error: -; workDir: /input/data/work/4f/1c630b86a88f698e19ef24987ac6cf]
Jan-26 02:58:06.541 [Task monitor] DEBUG n.processor.TaskPollingMonitor - Task completed > TaskHandler[id: 17; name: writeLargeFile (17); status: COMPLETED; exit: 0; error: -; workDir: /input/data/work/c5/e5fb66388ea8efcb7c0256622f1c42]
Jan-26 02:58:36.449 [Task monitor] DEBUG n.processor.TaskPollingMonitor - Task completed > TaskHandler[id: 16; name: writeLargeFile (16); status: COMPLETED; exit: 0; error: -; workDir: /input/data/work/0b/4af668754348e4d083745955c0b00f]
Jan-26 02:58:36.490 [Task monitor] DEBUG n.processor.TaskPollingMonitor - Task completed > TaskHandler[id: 19; name: writeLargeFile (19); status: COMPLETED; exit: 0; error: -; workDir: /input/data/work/85/356773e62cf88ab71f29eb7f5e29bd]
Jan-26 02:58:36.526 [Task monitor] DEBUG n.processor.TaskPollingMonitor - Task completed > TaskHandler[id: 1; name: writeLargeFile (1); status: COMPLETED; exit: 0; error: -; workDir: /input/data/work/8c/a4c46ee981a7177933723b74d22c2c]
Jan-26 02:59:11.454 [Task monitor] DEBUG n.processor.TaskPollingMonitor - Task completed > TaskHandler[id: 10; name: writeLargeFile (10); status: COMPLETED; exit: 0; error: -; workDir: /input/data/work/e7/56a7230129d678684e2500f2e625e3]
Jan-26 02:59:11.499 [Task monitor] DEBUG n.processor.TaskPollingMonitor - Task completed > TaskHandler[id: 20; name: writeLargeFile (20); status: COMPLETED; exit: 0; error: -; workDir: /input/data/work/a9/ca248be4f9c7144b079459da99d605]
Jan-26 02:59:11.538 [Task monitor] DEBUG n.processor.TaskPollingMonitor - Task completed > TaskHandler[id: 23; name: writeLargeFile (23); status: COMPLETED; exit: 0; error: -; workDir: /input/data/work/52/265ad8e9b477ffd6a84618b69c1a12]
Jan-26 02:59:41.468 [Task monitor] DEBUG n.processor.TaskPollingMonitor - Task completed > TaskHandler[id: 7; name: writeLargeFile (7); status: COMPLETED; exit: 0; error: -; workDir: /input/data/work/07/b517a547ee4a2c3ba23270638a0d19]
Jan-26 02:59:41.559 [Task monitor] DEBUG n.processor.TaskPollingMonitor - Task completed > TaskHandler[id: 3; name: writeLargeFile (3); status: COMPLETED; exit: 0; error: -; workDir: /input/data/work/50/0e873ba60832325a431ab8396ad306]
Jan-26 02:59:42.169 [Task monitor] DEBUG n.processor.TaskPollingMonitor - Task completed > TaskHandler[id: 9; name: writeLargeFile (9); status: COMPLETED; exit: 0; error: -; workDir: /input/data/work/14/0570dbf816c344d9288f37a1a8f603]
Jan-26 03:00:12.166 [Task monitor] DEBUG n.processor.TaskPollingMonitor - Task completed > TaskHandler[id: 18; name: writeLargeFile (18); status: COMPLETED; exit: 0; error: -; workDir: /input/data/work/85/a3d5202a714c8c5be58ba246216a45]
Jan-26 03:00:12.788 [Task monitor] DEBUG n.processor.TaskPollingMonitor - Task completed > TaskHandler[id: 13; name: writeLargeFile (13); status: COMPLETED; exit: 0; error: -; workDir: /input/data/work/30/e6f748275a132d11d5f834d26837de]
Jan-26 03:00:13.412 [Task monitor] DEBUG n.processor.TaskPollingMonitor - Task completed > TaskHandler[id: 5; name: writeLargeFile (5); status: COMPLETED; exit: 0; error: -; workDir: /input/data/work/90/b29435ef6b63b7ad98ed488a529f54]
Jan-26 03:00:38.064 [Task monitor] DEBUG n.processor.TaskPollingMonitor - Task completed > TaskHandler[id: 29; name: writeLargeFile (29); status: COMPLETED; exit: 0; error: -; workDir: /input/data/work/7c/578b10f3cd63eb0e5dfc5fe7725301]
Jan-26 03:00:38.102 [Task monitor] DEBUG n.processor.TaskPollingMonitor - Task completed > TaskHandler[id: 21; name: writeLargeFile (21); status: COMPLETED; exit: 0; error: -; workDir: /input/data/work/32/fd60070855e0f8fc8f82c1596a5904]
Jan-26 03:00:38.136 [Task monitor] DEBUG n.processor.TaskPollingMonitor - Task completed > TaskHandler[id: 26; name: writeLargeFile (26); status: COMPLETED; exit: 0; error: -; workDir: /input/data/work/27/7cf52397d29d22ce5590c631caaf5f]
Jan-26 03:01:08.064 [Task monitor] DEBUG n.processor.TaskPollingMonitor - Task completed > TaskHandler[id: 52; name: writeLargeFile (52); status: COMPLETED; exit: 0; error: -; workDir: /input/data/work/a9/d8d00b93e116c4617a371f3478a115]
Jan-26 03:01:08.103 [Task monitor] DEBUG n.processor.TaskPollingMonitor - Task completed > TaskHandler[id: 22; name: writeLargeFile (22); status: COMPLETED; exit: 0; error: -; workDir: /input/data/work/38/513599d9118d57d5d49c99c677da77]
Jan-26 03:01:08.142 [Task monitor] DEBUG n.processor.TaskPollingMonitor - Task completed > TaskHandler[id: 53; name: writeLargeFile (53); status: COMPLETED; exit: 0; error: -; workDir: /input/data/work/30/e9e5412cfc9ecc07f39cd55a5dd6c7]
Jan-26 03:01:13.029 [Task monitor] DEBUG n.processor.TaskPollingMonitor - !! executor k8s > tasks to be completed: 70 -- submitted tasks are shown below
~> TaskHandler[id: 25; name: writeLargeFile (25); status: RUNNING; exit: -; error: -; workDir: /input/data/work/5c/c02b4fa403eaecdc81ac14e9aaebd1]
~> TaskHandler[id: 27; name: writeLargeFile (27); status: RUNNING; exit: -; error: -; workDir: /input/data/work/8b/e9ed3e1e47260ddc7a04ba853ef2f9]
~> TaskHandler[id: 14; name: writeLargeFile (14); status: SUBMITTED; exit: -; error: -; workDir: /input/data/work/e1/358832f78da4194a5fcbcb27e7026f]
~> TaskHandler[id: 59; name: writeLargeFile (59); status: SUBMITTED; exit: -; error: -; workDir: /input/data/work/38/c8072c6c4d0edc10c94f03fcfa4612]
~> TaskHandler[id: 2; name: writeLargeFile (2); status: SUBMITTED; exit: -; error: -; workDir: /input/data/work/01/f699e3fc3f85910afc7e936b747edc]
~> TaskHandler[id: 62; name: writeLargeFile (62); status: SUBMITTED; exit: -; error: -; workDir: /input/data/work/41/4cc5006af59d6883d0af3ee4077b4e]
~> TaskHandler[id: 36; name: writeLargeFile (36); status: SUBMITTED; exit: -; error: -; workDir: /input/data/work/9b/97aa42484d0b024ae69fec57e0ae63]
~> TaskHandler[id: 33; name: writeLargeFile (33); status: SUBMITTED; exit: -; error: -; workDir: /input/data/work/9a/00b83f68fda9e90d3bd179197a427a]
~> TaskHandler[id: 60; name: writeLargeFile (60); status: SUBMITTED; exit: -; error: -; workDir: /input/data/work/9a/608a97bc9a7cd3d5726466c39c7443]
~> TaskHandler[id: 34; name: writeLargeFile (34); status: SUBMITTED; exit: -; error: -; workDir: /input/data/work/61/e63ee60ad4ff0b027806c5994911a6]
.. remaining tasks omitted.
Jan-26 03:01:33.060 [Task monitor] DEBUG n.processor.TaskPollingMonitor - Task completed > TaskHandler[id: 25; name: writeLargeFile (25); status: COMPLETED; exit: 0; error: -; workDir: /input/data/work/5c/c02b4fa403eaecdc81ac14e9aaebd1]
Jan-26 03:01:33.097 [Task monitor] DEBUG n.processor.TaskPollingMonitor - Task completed > TaskHandler[id: 27; name: writeLargeFile (27); status: COMPLETED; exit: 0; error: -; workDir: /input/data/work/8b/e9ed3e1e47260ddc7a04ba853ef2f9]
Jan-26 03:01:33.136 [Task monitor] DEBUG n.processor.TaskPollingMonitor - Task completed > TaskHandler[id: 14; name: writeLargeFile (14); status: COMPLETED; exit: 0; error: -; workDir: /input/data/work/e1/358832f78da4194a5fcbcb27e7026f]
Jan-26 03:02:08.241 [Task monitor] DEBUG n.processor.TaskPollingMonitor - Task completed > TaskHandler[id: 59; name: writeLargeFile (59); status: COMPLETED; exit: 0; error: -; workDir: /input/data/work/38/c8072c6c4d0edc10c94f03fcfa4612]
Jan-26 03:02:08.844 [Task monitor] DEBUG n.processor.TaskPollingMonitor - Task completed > TaskHandler[id: 2; name: writeLargeFile (2); status: COMPLETED; exit: 0; error: -; workDir: /input/data/work/01/f699e3fc3f85910afc7e936b747edc]
Jan-26 03:02:09.487 [Task monitor] DEBUG n.processor.TaskPollingMonitor - Task completed > TaskHandler[id: 62; name: writeLargeFile (62); status: COMPLETED; exit: 0; error: -; workDir: /input/data/work/41/4cc5006af59d6883d0af3ee4077b4e]
Jan-26 03:02:33.069 [Task monitor] DEBUG n.processor.TaskPollingMonitor - Task completed > TaskHandler[id: 36; name: writeLargeFile (36); status: COMPLETED; exit: 0; error: -; workDir: /input/data/work/9b/97aa42484d0b024ae69fec57e0ae63]
Jan-26 03:02:33.107 [Task monitor] DEBUG n.processor.TaskPollingMonitor - Task completed > TaskHandler[id: 33; name: writeLargeFile (33); status: COMPLETED; exit: 0; error: -; workDir: /input/data/work/9a/00b83f68fda9e90d3bd179197a427a]
Jan-26 03:02:33.146 [Task monitor] DEBUG n.processor.TaskPollingMonitor - Task completed > TaskHandler[id: 60; name: writeLargeFile (60); status: COMPLETED; exit: 0; error: -; workDir: /input/data/work/9a/608a97bc9a7cd3d5726466c39c7443]
Jan-26 03:03:03.091 [Task monitor] DEBUG n.processor.TaskPollingMonitor - Task completed > TaskHandler[id: 34; name: writeLargeFile (34); status: COMPLETED; exit: 0; error: -; workDir: /input/data/work/61/e63ee60ad4ff0b027806c5994911a6]
Jan-26 03:03:03.300 [Task monitor] DEBUG n.processor.TaskPollingMonitor - Task completed > TaskHandler[id: 37; name: writeLargeFile (37); status: COMPLETED; exit: 0; error: -; workDir: /input/data/work/02/43001ddf8978d1be7e9b259abee56e]
Jan-26 03:03:03.887 [Task monitor] DEBUG n.processor.TaskPollingMonitor - Task completed > TaskHandler[id: 35; name: writeLargeFile (35); status: COMPLETED; exit: 0; error: -; workDir: /input/data/work/69/616ea74feb2e92eb3fd0bb59ccfe97]
Jan-26 03:03:28.071 [Task monitor] DEBUG n.processor.TaskPollingMonitor - Task completed > TaskHandler[id: 71; name: writeLargeFile (71); status: COMPLETED; exit: 0; error: -; workDir: /input/data/work/01/0a0925cc1c38c616db49e6fef7a577]
Jan-26 03:03:28.111 [Task monitor] DEBUG n.processor.TaskPollingMonitor - Task completed > TaskHandler[id: 72; name: writeLargeFile (72); status: COMPLETED; exit: 0; error: -; workDir: /input/data/work/b8/bdaa08e5d0894a78ae5b98c35fce87]
Jan-26 03:03:28.149 [Task monitor] DEBUG n.processor.TaskPollingMonitor - Task completed > TaskHandler[id: 40; name: writeLargeFile (40); status: COMPLETED; exit: 0; error: -; workDir: /input/data/work/a8/f5cbbe2c5ead3850bff8bdcdbf8e57]
Jan-26 03:03:58.259 [Task monitor] DEBUG n.processor.TaskPollingMonitor - Task completed > TaskHandler[id: 42; name: writeLargeFile (42); status: COMPLETED; exit: 0; error: -; workDir: /input/data/work/d7/c981a473a3eb4888da849b864a6436]
Jan-26 03:03:58.890 [Task monitor] DEBUG n.processor.TaskPollingMonitor - Task completed > TaskHandler[id: 46; name: writeLargeFile (46); status: COMPLETED; exit: 0; error: -; workDir: /input/data/work/46/1dc3237486dc676fdfbc3decd0964d]
Jan-26 03:03:59.519 [Task monitor] DEBUG n.processor.TaskPollingMonitor - Task completed > TaskHandler[id: 76; name: writeLargeFile (76); status: COMPLETED; exit: 0; error: -; workDir: /input/data/work/24/a7ea614935004b07e4368ecc9c6dfb]
Jan-26 03:04:28.266 [Task monitor] DEBUG n.processor.TaskPollingMonitor - Task completed > TaskHandler[id: 57; name: writeLargeFile (57); status: COMPLETED; exit: 0; error: -; workDir: /input/data/work/a0/5cd7cb7b90e41cab5c66dfc1189de6]
Jan-26 03:04:28.891 [Task monitor] DEBUG n.processor.TaskPollingMonitor - Task completed > TaskHandler[id: 56; name: writeLargeFile (56); status: COMPLETED; exit: 0; error: -; workDir: /input/data/work/fa/7ea2cc1ddc5f27bcb172856379ef7b]
Jan-26 03:04:29.521 [Task monitor] DEBUG n.processor.TaskPollingMonitor - Task completed > TaskHandler[id: 79; name: writeLargeFile (79); status: COMPLETED; exit: 0; error: -; workDir: /input/data/work/85/a776531e905cd2f2399f36be6086d1]
Jan-26 03:04:53.092 [Task monitor] DEBUG n.processor.TaskPollingMonitor - Task completed > TaskHandler[id: 44; name: writeLargeFile (44); status: COMPLETED; exit: 0; error: -; workDir: /input/data/work/67/9d8d797ba518f56b429b2b72f9486b]
Jan-26 03:04:53.131 [Task monitor] DEBUG n.processor.TaskPollingMonitor - Task completed > TaskHandler[id: 80; name: writeLargeFile (80); status: COMPLETED; exit: 0; error: -; workDir: /input/data/work/32/f223eb4afeca33d791dd1625cd8b6a]
Jan-26 03:04:53.167 [Task monitor] DEBUG n.processor.TaskPollingMonitor - Task completed > TaskHandler[id: 43; name: writeLargeFile (43); status: COMPLETED; exit: 0; error: -; workDir: /input/data/work/66/8d70899f2304b6413ab625cb2d7252]
Jan-26 03:05:23.271 [Task monitor] DEBUG n.processor.TaskPollingMonitor - Task completed > TaskHandler[id: 82; name: writeLargeFile (82); status: COMPLETED; exit: 0; error: -; workDir: /input/data/work/48/6f073cbbe00247174b7270ba57b4cb]
Jan-26 03:05:23.869 [Task monitor] DEBUG n.processor.TaskPollingMonitor - Task completed > TaskHandler[id: 49; name: writeLargeFile (49); status: COMPLETED; exit: 0; error: -; workDir: /input/data/work/d9/17a4fdf22858185b29d80eccfe77ce]
Jan-26 03:05:24.457 [Task monitor] DEBUG n.processor.TaskPollingMonitor - Task completed > TaskHandler[id: 58; name: writeLargeFile (58); status: COMPLETED; exit: 0; error: -; workDir: /input/data/work/d8/20c7dcd66ce97b56402221f1a56960]
Jan-26 03:05:48.092 [Task monitor] DEBUG n.processor.TaskPollingMonitor - Task completed > TaskHandler[id: 39; name: writeLargeFile (39); status: COMPLETED; exit: 0; error: -; workDir: /input/data/work/df/1fc9dd8a77ad622571515aba934b95]
Jan-26 03:05:48.131 [Task monitor] DEBUG n.processor.TaskPollingMonitor - Task completed > TaskHandler[id: 47; name: writeLargeFile (47); status: COMPLETED; exit: 0; error: -; workDir: /input/data/work/da/c885f96814186c1be216668071be02]
Jan-26 03:05:48.168 [Task monitor] DEBUG n.processor.TaskPollingMonitor - Task completed > TaskHandler[id: 41; name: writeLargeFile (41); status: COMPLETED; exit: 0; error: -; workDir: /input/data/work/29/4caa412bbed70c6e3c61e4a566afa6]
Jan-26 03:06:13.058 [Task monitor] DEBUG n.processor.TaskPollingMonitor - !! executor k8s > tasks to be completed: 40 -- submitted tasks are shown below
~> TaskHandler[id: 45; name: writeLargeFile (45); status: RUNNING; exit: -; error: -; workDir: /input/data/work/62/605d89aacab449e434e926507aa35e]
~> TaskHandler[id: 55; name: writeLargeFile (55); status: RUNNING; exit: -; error: -; workDir: /input/data/work/45/d5b9025e7ca8adf3f9f8cfbc9f63a3]
~> TaskHandler[id: 91; name: writeLargeFile (91); status: RUNNING; exit: -; error: -; workDir: /input/data/work/d9/acad1973ba4fb4c1472d0e86fe3ebc]
~> TaskHandler[id: 50; name: writeLargeFile (50); status: SUBMITTED; exit: -; error: -; workDir: /input/data/work/23/309467d9363c75a589bf1ae9172051]
~> TaskHandler[id: 48; name: writeLargeFile (48); status: SUBMITTED; exit: -; error: -; workDir: /input/data/work/44/72ff81ba5826f2ef64c03d0cdfd4cc]
~> TaskHandler[id: 54; name: writeLargeFile (54); status: SUBMITTED; exit: -; error: -; workDir: /input/data/work/ef/e7c94b08fd6195ffba07ff77442177]
~> TaskHandler[id: 95; name: writeLargeFile (95); status: SUBMITTED; exit: -; error: -; workDir: /input/data/work/61/f8afac1907d9bf8f1ffff6c5a256e6]
~> TaskHandler[id: 38; name: writeLargeFile (38); status: SUBMITTED; exit: -; error: -; workDir: /input/data/work/0d/c08a9f514f069c819b9dad369c1650]
~> TaskHandler[id: 51; name: writeLargeFile (51); status: SUBMITTED; exit: -; error: -; workDir: /input/data/work/ef/ee7edfe469c0621d8c5ca1a0c0eefe]
~> TaskHandler[id: 64; name: writeLargeFile (64); status: SUBMITTED; exit: -; error: -; workDir: /input/data/work/a3/77385106dfb6634ae1b5ac3d9c9f1c]
.. remaining tasks omitted.
Jan-26 03:06:18.092 [Task monitor] DEBUG n.processor.TaskPollingMonitor - Task completed > TaskHandler[id: 45; name: writeLargeFile (45); status: COMPLETED; exit: 0; error: -; workDir: /input/data/work/62/605d89aacab449e434e926507aa35e]
Jan-26 03:06:18.127 [Task monitor] DEBUG n.processor.TaskPollingMonitor - Task completed > TaskHandler[id: 55; name: writeLargeFile (55); status: COMPLETED; exit: 0; error: -; workDir: /input/data/work/45/d5b9025e7ca8adf3f9f8cfbc9f63a3]
Jan-26 03:06:18.162 [Task monitor] DEBUG n.processor.TaskPollingMonitor - Task completed > TaskHandler[id: 91; name: writeLargeFile (91); status: COMPLETED; exit: 0; error: -; workDir: /input/data/work/d9/acad1973ba4fb4c1472d0e86fe3ebc]
Jan-26 03:06:48.095 [Task monitor] DEBUG n.processor.TaskPollingMonitor - Task completed > TaskHandler[id: 50; name: writeLargeFile (50); status: COMPLETED; exit: 0; error: -; workDir: /input/data/work/23/309467d9363c75a589bf1ae9172051]
Jan-26 03:06:48.135 [Task monitor] DEBUG n.processor.TaskPollingMonitor - Task completed > TaskHandler[id: 48; name: writeLargeFile (48); status: COMPLETED; exit: 0; error: -; workDir: /input/data/work/44/72ff81ba5826f2ef64c03d0cdfd4cc]
Jan-26 03:06:48.172 [Task monitor] DEBUG n.processor.TaskPollingMonitor - Task completed > TaskHandler[id: 54; name: writeLargeFile (54); status: COMPLETED; exit: 0; error: -; workDir: /input/data/work/ef/e7c94b08fd6195ffba07ff77442177]
Jan-26 03:07:18.110 [Task monitor] DEBUG n.processor.TaskPollingMonitor - Task completed > TaskHandler[id: 38; name: writeLargeFile (38); status: COMPLETED; exit: 0; error: -; workDir: /input/data/work/0d/c08a9f514f069c819b9dad369c1650]
Jan-26 03:07:18.146 [Task monitor] DEBUG n.processor.TaskPollingMonitor - Task completed > TaskHandler[id: 51; name: writeLargeFile (51); status: COMPLETED; exit: 0; error: -; workDir: /input/data/work/ef/ee7edfe469c0621d8c5ca1a0c0eefe]
Jan-26 03:07:23.275 [Task monitor] DEBUG n.processor.TaskPollingMonitor - Task completed > TaskHandler[id: 95; name: writeLargeFile (95); status: COMPLETED; exit: 0; error: -; workDir: /input/data/work/61/f8afac1907d9bf8f1ffff6c5a256e6]
Jan-26 03:07:53.259 [Task monitor] DEBUG n.processor.TaskPollingMonitor - Task completed > TaskHandler[id: 64; name: writeLargeFile (64); status: COMPLETED; exit: 0; error: -; workDir: /input/data/work/a3/77385106dfb6634ae1b5ac3d9c9f1c]
Jan-26 03:07:53.849 [Task monitor] DEBUG n.processor.TaskPollingMonitor - Task completed > TaskHandler[id: 66; name: writeLargeFile (66); status: COMPLETED; exit: 0; error: -; workDir: /input/data/work/ef/9c7e0c24d13b9955d490fe1ae2c758]
Jan-26 03:07:54.453 [Task monitor] DEBUG n.processor.TaskPollingMonitor - Task completed > TaskHandler[id: 63; name: writeLargeFile (63); status: COMPLETED; exit: 0; error: -; workDir: /input/data/work/f1/5d0ae1e8509c0923c8ca833d711410]
Jan-26 03:08:18.101 [Task monitor] DEBUG n.processor.TaskPollingMonitor - Task completed > TaskHandler[id: 67; name: writeLargeFile (67); status: COMPLETED; exit: 0; error: -; workDir: /input/data/work/3f/ac7308b798fa4ff33bd3ae577cbd1c]
Jan-26 03:08:18.139 [Task monitor] DEBUG n.processor.TaskPollingMonitor - Task completed > TaskHandler[id: 68; name: writeLargeFile (68); status: COMPLETED; exit: 0; error: -; workDir: /input/data/work/60/d6aa32004b21b0170ccfcbac2c2650]
Jan-26 03:08:18.182 [Task monitor] DEBUG n.processor.TaskPollingMonitor - Task completed > TaskHandler[id: 61; name: writeLargeFile (61); status: COMPLETED; exit: 0; error: -; workDir: /input/data/work/6f/46f739cc959547e3a3833080be9406]
Jan-26 03:08:48.288 [Task monitor] DEBUG n.processor.TaskPollingMonitor - Task completed > TaskHandler[id: 70; name: writeLargeFile (70); status: COMPLETED; exit: 0; error: -; workDir: /input/data/work/1c/aa409086d2199ac175b9ea66c82ce8]
Jan-26 03:08:48.910 [Task monitor] DEBUG n.processor.TaskPollingMonitor - Task completed > TaskHandler[id: 65; name: writeLargeFile (65); status: COMPLETED; exit: 0; error: -; workDir: /input/data/work/6e/28ea4678e6aa08567282113f815d6d]
Jan-26 03:08:49.533 [Task monitor] DEBUG n.processor.TaskPollingMonitor - Task completed > TaskHandler[id: 69; name: writeLargeFile (69); status: COMPLETED; exit: 0; error: -; workDir: /input/data/work/1d/b58eef7541448724d78463b884ca0d]
Jan-26 03:09:13.102 [Task monitor] DEBUG n.processor.TaskPollingMonitor - Task completed > TaskHandler[id: 99; name: writeLargeFile (99); status: COMPLETED; exit: 0; error: -; workDir: /input/data/work/60/4f07506448f5665a33ac4d38484922]
Jan-26 03:09:13.141 [Task monitor] DEBUG n.processor.TaskPollingMonitor - Task completed > TaskHandler[id: 73; name: writeLargeFile (73); status: COMPLETED; exit: 0; error: -; workDir: /input/data/work/a1/976d9b5c569a35d8e8a5f8762a9482]
Jan-26 03:09:13.181 [Task monitor] DEBUG n.processor.TaskPollingMonitor - Task completed > TaskHandler[id: 75; name: writeLargeFile (75); status: COMPLETED; exit: 0; error: -; workDir: /input/data/work/7f/90b3fdec733937352f6706da74a529]
Jan-26 03:09:43.301 [Task monitor] DEBUG n.processor.TaskPollingMonitor - Task completed > TaskHandler[id: 81; name: writeLargeFile (81); status: COMPLETED; exit: 0; error: -; workDir: /input/data/work/97/510df82138fb5fc8e0eb3512481df7]
Jan-26 03:09:43.920 [Task monitor] DEBUG n.processor.TaskPollingMonitor - Task completed > TaskHandler[id: 90; name: writeLargeFile (90); status: COMPLETED; exit: 0; error: -; workDir: /input/data/work/c7/6bcd3139ccb41cfd4a5cdb9fd168a8]
Jan-26 03:09:44.543 [Task monitor] DEBUG n.processor.TaskPollingMonitor - Task completed > TaskHandler[id: 84; name: writeLargeFile (84); status: COMPLETED; exit: 0; error: -; workDir: /input/data/work/97/05952ea896550c5f13f6fe8227c9e7]
Jan-26 03:10:13.296 [Task monitor] DEBUG n.processor.TaskPollingMonitor - Task completed > TaskHandler[id: 96; name: writeLargeFile (96); status: COMPLETED; exit: 0; error: -; workDir: /input/data/work/18/aeb0f526a41e972b6033186b3d7c18]
Jan-26 03:10:13.925 [Task monitor] DEBUG n.processor.TaskPollingMonitor - Task completed > TaskHandler[id: 77; name: writeLargeFile (77); status: COMPLETED; exit: 0; error: -; workDir: /input/data/work/84/749d84f150c3a4324de7bfbb93e623]
Jan-26 03:10:14.551 [Task monitor] DEBUG n.processor.TaskPollingMonitor - Task completed > TaskHandler[id: 88; name: writeLargeFile (88); status: COMPLETED; exit: 0; error: -; workDir: /input/data/work/eb/5e8cae94d680ab10a0ddd3d6b93131]
Jan-26 03:10:38.107 [Task monitor] DEBUG n.processor.TaskPollingMonitor - Task completed > TaskHandler[id: 83; name: writeLargeFile (83); status: COMPLETED; exit: 0; error: -; workDir: /input/data/work/6b/4d17f4697db8f17cd3c24956af61ca]
Jan-26 03:10:38.147 [Task monitor] DEBUG n.processor.TaskPollingMonitor - Task completed > TaskHandler[id: 78; name: writeLargeFile (78); status: COMPLETED; exit: 0; error: -; workDir: /input/data/work/20/7442acca48e067cc7e71cf4cd12dd9]
Jan-26 03:10:38.184 [Task monitor] DEBUG n.processor.TaskPollingMonitor - Task completed > TaskHandler[id: 92; name: writeLargeFile (92); status: COMPLETED; exit: 0; error: -; workDir: /input/data/work/db/f250d4987d0e8645740ce4cf0ead74]
Jan-26 03:11:08.110 [Task monitor] DEBUG n.processor.TaskPollingMonitor - Task completed > TaskHandler[id: 85; name: writeLargeFile (85); status: COMPLETED; exit: 0; error: -; workDir: /input/data/work/ec/dd9d87fdd19fbf3928abcc4535b538]
Jan-26 03:11:08.151 [Task monitor] DEBUG n.processor.TaskPollingMonitor - Task completed > TaskHandler[id: 100; name: writeLargeFile (100); status: COMPLETED; exit: 0; error: -; workDir: /input/data/work/7d/b513ddff73d0512d7c8380e3d701d0]
Jan-26 03:11:08.191 [Task monitor] DEBUG n.processor.TaskPollingMonitor - Task completed > TaskHandler[id: 97; name: writeLargeFile (97); status: COMPLETED; exit: 0; error: -; workDir: /input/data/work/39/e9fe4e54a847029423fcaefe1050c9]
Jan-26 03:11:13.073 [Task monitor] DEBUG n.processor.TaskPollingMonitor - !! executor k8s > tasks to be completed: 7 -- submitted tasks are shown below
~> TaskHandler[id: 89; name: writeLargeFile (89); status: SUBMITTED; exit: -; error: -; workDir: /input/data/work/f3/473659503bd7d2821dd5ced8a688cc]
~> TaskHandler[id: 94; name: writeLargeFile (94); status: SUBMITTED; exit: -; error: -; workDir: /input/data/work/e6/82fa8f5a24925f7a6562f546ee8d37]
~> TaskHandler[id: 86; name: writeLargeFile (86); status: SUBMITTED; exit: -; error: -; workDir: /input/data/work/f3/aa85dfc92a1746a849b0bccc1dec64]
~> TaskHandler[id: 98; name: writeLargeFile (98); status: SUBMITTED; exit: -; error: -; workDir: /input/data/work/73/6f674476f37fed20c0d8466ab06a37]
~> TaskHandler[id: 87; name: writeLargeFile (87); status: SUBMITTED; exit: -; error: -; workDir: /input/data/work/f7/54c07cd558b367d110bea7e002ec60]
~> TaskHandler[id: 93; name: writeLargeFile (93); status: SUBMITTED; exit: -; error: -; workDir: /input/data/work/b9/38a0f5f42fa553bfa72241e77a267e]
~> TaskHandler[id: 74; name: writeLargeFile (74); status: SUBMITTED; exit: -; error: -; workDir: /input/data/work/35/9c01eb932e07be84bdc6f6e81606e8]
Jan-26 03:11:38.113 [Task monitor] DEBUG n.processor.TaskPollingMonitor - Task completed > TaskHandler[id: 89; name: writeLargeFile (89); status: COMPLETED; exit: 0; error: -; workDir: /input/data/work/f3/473659503bd7d2821dd5ced8a688cc]
Jan-26 03:11:38.148 [Task monitor] DEBUG n.processor.TaskPollingMonitor - Task completed > TaskHandler[id: 94; name: writeLargeFile (94); status: COMPLETED; exit: 0; error: -; workDir: /input/data/work/e6/82fa8f5a24925f7a6562f546ee8d37]
Jan-26 03:11:38.186 [Task monitor] DEBUG n.processor.TaskPollingMonitor - Task completed > TaskHandler[id: 86; name: writeLargeFile (86); status: COMPLETED; exit: 0; error: -; workDir: /input/data/work/f3/aa85dfc92a1746a849b0bccc1dec64]
Jan-26 03:12:03.113 [Task monitor] DEBUG n.processor.TaskPollingMonitor - Task completed > TaskHandler[id: 98; name: writeLargeFile (98); status: COMPLETED; exit: 0; error: -; workDir: /input/data/work/73/6f674476f37fed20c0d8466ab06a37]
Jan-26 03:12:03.150 [Task monitor] DEBUG n.processor.TaskPollingMonitor - Task completed > TaskHandler[id: 87; name: writeLargeFile (87); status: COMPLETED; exit: 0; error: -; workDir: /input/data/work/f7/54c07cd558b367d110bea7e002ec60]
Jan-26 03:12:03.185 [Task monitor] DEBUG n.processor.TaskPollingMonitor - Task completed > TaskHandler[id: 93; name: writeLargeFile (93); status: COMPLETED; exit: 0; error: -; workDir: /input/data/work/b9/38a0f5f42fa553bfa72241e77a267e]
Jan-26 03:12:18.117 [Task monitor] DEBUG n.processor.TaskPollingMonitor - Task completed > TaskHandler[id: 74; name: writeLargeFile (74); status: COMPLETED; exit: 0; error: -; workDir: /input/data/work/35/9c01eb932e07be84bdc6f6e81606e8]
Jan-26 03:12:18.269 [Task submitter] INFO  nextflow.Session - [73/799b18] Submitted process > combineFiles (24)
Jan-26 03:12:18.308 [Task submitter] INFO  nextflow.Session - [4f/7a44cd] Submitted process > combineFiles (20)
Jan-26 03:12:18.341 [Task submitter] INFO  nextflow.Session - [85/32e13d] Submitted process > combineFiles (9)
Jan-26 03:12:18.371 [Task submitter] INFO  nextflow.Session - [b8/761cf4] Submitted process > combineFiles (19)
Jan-26 03:12:18.402 [Task submitter] INFO  nextflow.Session - [46/760e53] Submitted process > combineFiles (7)
Jan-26 03:12:18.432 [Task submitter] INFO  nextflow.Session - [f1/bdabf3] Submitted process > combineFiles (26)
Jan-26 03:12:18.461 [Task submitter] INFO  nextflow.Session - [20/275fea] Submitted process > combineFiles (16)
Jan-26 03:12:18.491 [Task submitter] INFO  nextflow.Session - [07/dc095b] Submitted process > combineFiles (14)
Jan-26 03:12:18.521 [Task submitter] INFO  nextflow.Session - [73/2587d1] Submitted process > combineFiles (3)
Jan-26 03:12:18.552 [Task submitter] INFO  nextflow.Session - [bf/2c222c] Submitted process > combineFiles (22)
Jan-26 03:12:18.584 [Task submitter] INFO  nextflow.Session - [d9/19962c] Submitted process > combineFiles (33)
Jan-26 03:12:18.617 [Task submitter] INFO  nextflow.Session - [66/2707f7] Submitted process > combineFiles (31)
Jan-26 03:12:18.652 [Task submitter] INFO  nextflow.Session - [18/60dcb3] Submitted process > combineFiles (34)
Jan-26 03:12:18.683 [Task submitter] INFO  nextflow.Session - [b7/b459da] Submitted process > combineFiles (2)
Jan-26 03:12:18.720 [Task submitter] INFO  nextflow.Session - [bc/acb943] Submitted process > combineFiles (23)
Jan-26 03:12:18.754 [Task submitter] INFO  nextflow.Session - [34/56e3fd] Submitted process > combineFiles (11)
Jan-26 03:12:18.787 [Task submitter] INFO  nextflow.Session - [09/9533e6] Submitted process > combineFiles (1)
Jan-26 03:12:18.820 [Task submitter] INFO  nextflow.Session - [28/e2b0d3] Submitted process > combineFiles (6)
Jan-26 03:12:18.851 [Task submitter] INFO  nextflow.Session - [09/2e725d] Submitted process > combineFiles (15)
Jan-26 03:12:18.883 [Task submitter] INFO  nextflow.Session - [2d/6c25ff] Submitted process > combineFiles (30)
Jan-26 03:12:18.917 [Task submitter] INFO  nextflow.Session - [2c/281a6a] Submitted process > combineFiles (25)
Jan-26 03:12:18.951 [Task submitter] INFO  nextflow.Session - [70/2ff398] Submitted process > combineFiles (8)
Jan-26 03:12:18.982 [Task submitter] INFO  nextflow.Session - [ac/9153e1] Submitted process > combineFiles (4)
Jan-26 03:12:19.013 [Task submitter] INFO  nextflow.Session - [4c/fb6c1c] Submitted process > combineFiles (29)
Jan-26 03:12:19.044 [Task submitter] INFO  nextflow.Session - [40/2d2427] Submitted process > combineFiles (18)
Jan-26 03:12:19.076 [Task submitter] INFO  nextflow.Session - [0a/f89266] Submitted process > combineFiles (32)
Jan-26 03:12:19.109 [Task submitter] INFO  nextflow.Session - [d3/a41d1a] Submitted process > combineFiles (28)
Jan-26 03:12:19.149 [Task submitter] INFO  nextflow.Session - [cf/fda791] Submitted process > combineFiles (17)
Jan-26 03:12:19.183 [Task submitter] INFO  nextflow.Session - [26/5594c0] Submitted process > combineFiles (5)
Jan-26 03:12:19.217 [Task submitter] INFO  nextflow.Session - [3c/d70271] Submitted process > combineFiles (27)
Jan-26 03:12:19.259 [Task submitter] INFO  nextflow.Session - [82/a9f48b] Submitted process > combineFiles (10)
Jan-26 03:12:19.299 [Task submitter] INFO  nextflow.Session - [82/7dff7d] Submitted process > combineFiles (13)
Jan-26 03:12:19.364 [Task submitter] INFO  nextflow.Session - [08/806236] Submitted process > combineFiles (12)
Jan-26 03:12:19.586 [Task submitter] INFO  nextflow.Session - [6d/65b595] Submitted process > combineFiles (21)
Jan-26 03:14:44.185 [Task monitor] DEBUG n.processor.TaskPollingMonitor - Task completed > TaskHandler[id: 124; name: combineFiles (24); status: COMPLETED; exit: 0; error: -; workDir: /input/data/work/73/799b183a4a1f0a66ee3241366d2430]
Jan-26 03:14:44.224 [Task monitor] DEBUG n.processor.TaskPollingMonitor - Task completed > TaskHandler[id: 120; name: combineFiles (20); status: COMPLETED; exit: 0; error: -; workDir: /input/data/work/4f/7a44cd3abdff3b61a6b3f6d627afe6]
Jan-26 03:14:45.011 [Task monitor] DEBUG n.processor.TaskPollingMonitor - Task completed > TaskHandler[id: 105; name: combineFiles (5); status: COMPLETED; exit: 0; error: -; workDir: /input/data/work/26/5594c0a2fb129958ed1dc758a8512c]
Jan-26 03:16:17.991 [Task monitor] DEBUG n.processor.TaskPollingMonitor - !! executor k8s > tasks to be completed: 31 -- submitted tasks are shown below
~> TaskHandler[id: 109; name: combineFiles (9); status: SUBMITTED; exit: -; error: -; workDir: /input/data/work/85/32e13df47dddbdf74b515f58721227]
~> TaskHandler[id: 119; name: combineFiles (19); status: SUBMITTED; exit: -; error: -; workDir: /input/data/work/b8/761cf4bf5042e9ced2ae464d2b6d8d]
~> TaskHandler[id: 107; name: combineFiles (7); status: SUBMITTED; exit: -; error: -; workDir: /input/data/work/46/760e5313fd1fd67568ab49be8ddd97]
~> TaskHandler[id: 126; name: combineFiles (26); status: SUBMITTED; exit: -; error: -; workDir: /input/data/work/f1/bdabf3f86e2bebbf138c287cdb127f]
~> TaskHandler[id: 116; name: combineFiles (16); status: SUBMITTED; exit: -; error: -; workDir: /input/data/work/20/275fea78d6e0807135a49eefe97c48]
~> TaskHandler[id: 114; name: combineFiles (14); status: SUBMITTED; exit: -; error: -; workDir: /input/data/work/07/dc095b27a693d1197472952ccfa578]
~> TaskHandler[id: 103; name: combineFiles (3); status: SUBMITTED; exit: -; error: -; workDir: /input/data/work/73/2587d1e838242037b44b258fb1bef0]
~> TaskHandler[id: 122; name: combineFiles (22); status: SUBMITTED; exit: -; error: -; workDir: /input/data/work/bf/2c222cc36605551f58d10c0583dd0b]
~> TaskHandler[id: 133; name: combineFiles (33); status: SUBMITTED; exit: -; error: -; workDir: /input/data/work/d9/19962c193543c2fd768f528cfdf654]
~> TaskHandler[id: 131; name: combineFiles (31); status: SUBMITTED; exit: -; error: -; workDir: /input/data/work/66/2707f7e01109c9e62262dbdbcedc54]
.. remaining tasks omitted.
Jan-26 03:17:18.808 [Task monitor] DEBUG n.processor.TaskPollingMonitor - Task completed > TaskHandler[id: 128; name: combineFiles (28); status: COMPLETED; exit: 0; error: -; workDir: /input/data/work/d3/a41d1a0d2a5d285f2845f008e5b708]
Jan-26 03:17:18.933 [Task monitor] DEBUG n.processor.TaskPollingMonitor - Task completed > TaskHandler[id: 113; name: combineFiles (13); status: COMPLETED; exit: 0; error: -; workDir: /input/data/work/82/7dff7ddd071fed1a4f892c88763aa1]
Jan-26 03:17:18.998 [Task monitor] DEBUG n.processor.TaskPollingMonitor - Task completed > TaskHandler[id: 121; name: combineFiles (21); status: COMPLETED; exit: 0; error: -; workDir: /input/data/work/6d/65b595a07bfc069503f962ec20017d]
Jan-26 03:19:53.363 [Task monitor] DEBUG n.processor.TaskPollingMonitor - Task completed > TaskHandler[id: 123; name: combineFiles (23); status: COMPLETED; exit: 0; error: -; workDir: /input/data/work/bc/acb943b50e33b03e7c0f8ed9d95bee]
Jan-26 03:19:53.398 [Task monitor] DEBUG n.processor.TaskPollingMonitor - Task completed > TaskHandler[id: 111; name: combineFiles (11); status: COMPLETED; exit: 0; error: -; workDir: /input/data/work/34/56e3fd6ad2fc1de8fd4b24d36fedb7]
Jan-26 03:19:58.198 [Task monitor] DEBUG n.processor.TaskPollingMonitor - Task completed > TaskHandler[id: 107; name: combineFiles (7); status: COMPLETED; exit: 0; error: -; workDir: /input/data/work/46/760e5313fd1fd67568ab49be8ddd97]
Jan-26 03:21:18.001 [Task monitor] DEBUG n.processor.TaskPollingMonitor - !! executor k8s > tasks to be completed: 25 -- submitted tasks are shown below
~> TaskHandler[id: 109; name: combineFiles (9); status: SUBMITTED; exit: -; error: -; workDir: /input/data/work/85/32e13df47dddbdf74b515f58721227]
~> TaskHandler[id: 119; name: combineFiles (19); status: SUBMITTED; exit: -; error: -; workDir: /input/data/work/b8/761cf4bf5042e9ced2ae464d2b6d8d]
~> TaskHandler[id: 126; name: combineFiles (26); status: SUBMITTED; exit: -; error: -; workDir: /input/data/work/f1/bdabf3f86e2bebbf138c287cdb127f]
~> TaskHandler[id: 116; name: combineFiles (16); status: SUBMITTED; exit: -; error: -; workDir: /input/data/work/20/275fea78d6e0807135a49eefe97c48]
~> TaskHandler[id: 114; name: combineFiles (14); status: SUBMITTED; exit: -; error: -; workDir: /input/data/work/07/dc095b27a693d1197472952ccfa578]
~> TaskHandler[id: 103; name: combineFiles (3); status: RUNNING; exit: -; error: -; workDir: /input/data/work/73/2587d1e838242037b44b258fb1bef0]
~> TaskHandler[id: 122; name: combineFiles (22); status: SUBMITTED; exit: -; error: -; workDir: /input/data/work/bf/2c222cc36605551f58d10c0583dd0b]
~> TaskHandler[id: 133; name: combineFiles (33); status: SUBMITTED; exit: -; error: -; workDir: /input/data/work/d9/19962c193543c2fd768f528cfdf654]
~> TaskHandler[id: 131; name: combineFiles (31); status: SUBMITTED; exit: -; error: -; workDir: /input/data/work/66/2707f7e01109c9e62262dbdbcedc54]
~> TaskHandler[id: 134; name: combineFiles (34); status: SUBMITTED; exit: -; error: -; workDir: /input/data/work/18/60dcb3993739df733ffd064414433a]
.. remaining tasks omitted.
Jan-26 03:22:23.598 [Task monitor] DEBUG n.processor.TaskPollingMonitor - Task completed > TaskHandler[id: 117; name: combineFiles (17); status: COMPLETED; exit: 0; error: -; workDir: /input/data/work/cf/fda7910f41089a0e693ab36b649931]
Jan-26 03:22:28.363 [Task monitor] DEBUG n.processor.TaskPollingMonitor - Task completed > TaskHandler[id: 103; name: combineFiles (3); status: COMPLETED; exit: 0; error: -; workDir: /input/data/work/73/2587d1e838242037b44b258fb1bef0]
Jan-26 03:22:28.862 [Task monitor] DEBUG n.processor.TaskPollingMonitor - Task completed > TaskHandler[id: 102; name: combineFiles (2); status: COMPLETED; exit: 0; error: -; workDir: /input/data/work/b7/b459da09cd9915df0deb9edcef1787]
Jan-26 03:24:53.045 [Task monitor] DEBUG n.processor.TaskPollingMonitor - Task completed > TaskHandler[id: 109; name: combineFiles (9); status: COMPLETED; exit: 0; error: -; workDir: /input/data/work/85/32e13df47dddbdf74b515f58721227]
Jan-26 03:24:53.363 [Task monitor] DEBUG n.processor.TaskPollingMonitor - Task completed > TaskHandler[id: 115; name: combineFiles (15); status: COMPLETED; exit: 0; error: -; workDir: /input/data/work/09/2e725d08a8f6edd90d3a72b8f965f5]
Jan-26 03:24:53.427 [Task monitor] DEBUG n.processor.TaskPollingMonitor - Task completed > TaskHandler[id: 125; name: combineFiles (25); status: COMPLETED; exit: 0; error: -; workDir: /input/data/work/2c/281a6a64b79defb7c914d7121da222]
Jan-26 03:26:18.010 [Task monitor] DEBUG n.processor.TaskPollingMonitor - !! executor k8s > tasks to be completed: 19 -- submitted tasks are shown below
~> TaskHandler[id: 119; name: combineFiles (19); status: SUBMITTED; exit: -; error: -; workDir: /input/data/work/b8/761cf4bf5042e9ced2ae464d2b6d8d]
~> TaskHandler[id: 126; name: combineFiles (26); status: SUBMITTED; exit: -; error: -; workDir: /input/data/work/f1/bdabf3f86e2bebbf138c287cdb127f]
~> TaskHandler[id: 116; name: combineFiles (16); status: SUBMITTED; exit: -; error: -; workDir: /input/data/work/20/275fea78d6e0807135a49eefe97c48]
~> TaskHandler[id: 114; name: combineFiles (14); status: SUBMITTED; exit: -; error: -; workDir: /input/data/work/07/dc095b27a693d1197472952ccfa578]
~> TaskHandler[id: 122; name: combineFiles (22); status: SUBMITTED; exit: -; error: -; workDir: /input/data/work/bf/2c222cc36605551f58d10c0583dd0b]
~> TaskHandler[id: 133; name: combineFiles (33); status: SUBMITTED; exit: -; error: -; workDir: /input/data/work/d9/19962c193543c2fd768f528cfdf654]
~> TaskHandler[id: 131; name: combineFiles (31); status: SUBMITTED; exit: -; error: -; workDir: /input/data/work/66/2707f7e01109c9e62262dbdbcedc54]
~> TaskHandler[id: 134; name: combineFiles (34); status: RUNNING; exit: -; error: -; workDir: /input/data/work/18/60dcb3993739df733ffd064414433a]
~> TaskHandler[id: 101; name: combineFiles (1); status: SUBMITTED; exit: -; error: -; workDir: /input/data/work/09/9533e6eaf50c87ba373d2ef4a6e8d7]
~> TaskHandler[id: 106; name: combineFiles (6); status: SUBMITTED; exit: -; error: -; workDir: /input/data/work/28/e2b0d3258aaef950749b6bcf8f3779]
.. remaining tasks omitted.
Jan-26 03:27:23.437 [Task monitor] DEBUG n.processor.TaskPollingMonitor - Task completed > TaskHandler[id: 118; name: combineFiles (18); status: COMPLETED; exit: 0; error: -; workDir: /input/data/work/40/2d24275679835e8ca93f622ca24f3d]
Jan-26 03:27:23.505 [Task monitor] DEBUG n.processor.TaskPollingMonitor - Task completed > TaskHandler[id: 127; name: combineFiles (27); status: COMPLETED; exit: 0; error: -; workDir: /input/data/work/3c/d702718ddc377dea0dbe95d488281e]
Jan-26 03:27:28.420 [Task monitor] DEBUG n.processor.TaskPollingMonitor - Task completed > TaskHandler[id: 134; name: combineFiles (34); status: COMPLETED; exit: 0; error: -; workDir: /input/data/work/18/60dcb3993739df733ffd064414433a]
Jan-26 03:29:53.085 [Task monitor] DEBUG n.processor.TaskPollingMonitor - Task completed > TaskHandler[id: 126; name: combineFiles (26); status: COMPLETED; exit: 0; error: -; workDir: /input/data/work/f1/bdabf3f86e2bebbf138c287cdb127f]
Jan-26 03:29:53.294 [Task monitor] DEBUG n.processor.TaskPollingMonitor - Task completed > TaskHandler[id: 106; name: combineFiles (6); status: COMPLETED; exit: 0; error: -; workDir: /input/data/work/28/e2b0d3258aaef950749b6bcf8f3779]
Jan-26 03:29:53.440 [Task monitor] DEBUG n.processor.TaskPollingMonitor - Task completed > TaskHandler[id: 132; name: combineFiles (32); status: COMPLETED; exit: 0; error: -; workDir: /input/data/work/0a/f89266770039eb3023c7b9e52710a7]
Jan-26 03:31:18.020 [Task monitor] DEBUG n.processor.TaskPollingMonitor - !! executor k8s > tasks to be completed: 13 -- submitted tasks are shown below
~> TaskHandler[id: 119; name: combineFiles (19); status: RUNNING; exit: -; error: -; workDir: /input/data/work/b8/761cf4bf5042e9ced2ae464d2b6d8d]
~> TaskHandler[id: 116; name: combineFiles (16); status: SUBMITTED; exit: -; error: -; workDir: /input/data/work/20/275fea78d6e0807135a49eefe97c48]
~> TaskHandler[id: 114; name: combineFiles (14); status: SUBMITTED; exit: -; error: -; workDir: /input/data/work/07/dc095b27a693d1197472952ccfa578]
~> TaskHandler[id: 122; name: combineFiles (22); status: SUBMITTED; exit: -; error: -; workDir: /input/data/work/bf/2c222cc36605551f58d10c0583dd0b]
~> TaskHandler[id: 133; name: combineFiles (33); status: SUBMITTED; exit: -; error: -; workDir: /input/data/work/d9/19962c193543c2fd768f528cfdf654]
~> TaskHandler[id: 131; name: combineFiles (31); status: SUBMITTED; exit: -; error: -; workDir: /input/data/work/66/2707f7e01109c9e62262dbdbcedc54]
~> TaskHandler[id: 101; name: combineFiles (1); status: RUNNING; exit: -; error: -; workDir: /input/data/work/09/9533e6eaf50c87ba373d2ef4a6e8d7]
~> TaskHandler[id: 130; name: combineFiles (30); status: SUBMITTED; exit: -; error: -; workDir: /input/data/work/2d/6c25ff3b5e60890d052ab625ba924d]
~> TaskHandler[id: 108; name: combineFiles (8); status: SUBMITTED; exit: -; error: -; workDir: /input/data/work/70/2ff39877e2702eb975e276fe5f1d22]
~> TaskHandler[id: 104; name: combineFiles (4); status: SUBMITTED; exit: -; error: -; workDir: /input/data/work/ac/9153e14b1f5296cf9a3cd191f43f57]
.. remaining tasks omitted.
Jan-26 03:32:23.214 [Task monitor] DEBUG n.processor.TaskPollingMonitor - Task completed > TaskHandler[id: 101; name: combineFiles (1); status: COMPLETED; exit: 0; error: -; workDir: /input/data/work/09/9533e6eaf50c87ba373d2ef4a6e8d7]
Jan-26 03:32:23.341 [Task monitor] DEBUG n.processor.TaskPollingMonitor - Task completed > TaskHandler[id: 129; name: combineFiles (29); status: COMPLETED; exit: 0; error: -; workDir: /input/data/work/4c/fb6c1cd71d418839fd9006003abcbf]
Jan-26 03:32:28.150 [Task monitor] DEBUG n.processor.TaskPollingMonitor - Task completed > TaskHandler[id: 119; name: combineFiles (19); status: COMPLETED; exit: 0; error: -; workDir: /input/data/work/b8/761cf4bf5042e9ced2ae464d2b6d8d]
Jan-26 03:34:53.259 [Task monitor] DEBUG n.processor.TaskPollingMonitor - Task completed > TaskHandler[id: 133; name: combineFiles (33); status: COMPLETED; exit: 0; error: -; workDir: /input/data/work/d9/19962c193543c2fd768f528cfdf654]
Jan-26 03:34:53.530 [Task monitor] DEBUG n.processor.TaskPollingMonitor - Task completed > TaskHandler[id: 130; name: combineFiles (30); status: COMPLETED; exit: 0; error: -; workDir: /input/data/work/2d/6c25ff3b5e60890d052ab625ba924d]
Jan-26 03:34:53.834 [Task monitor] DEBUG n.processor.TaskPollingMonitor - Task completed > TaskHandler[id: 104; name: combineFiles (4); status: COMPLETED; exit: 0; error: -; workDir: /input/data/work/ac/9153e14b1f5296cf9a3cd191f43f57]
Jan-26 03:36:18.028 [Task monitor] DEBUG n.processor.TaskPollingMonitor - !! executor k8s > tasks to be completed: 7 -- submitted tasks are shown below
~> TaskHandler[id: 116; name: combineFiles (16); status: RUNNING; exit: -; error: -; workDir: /input/data/work/20/275fea78d6e0807135a49eefe97c48]
~> TaskHandler[id: 114; name: combineFiles (14); status: RUNNING; exit: -; error: -; workDir: /input/data/work/07/dc095b27a693d1197472952ccfa578]
~> TaskHandler[id: 122; name: combineFiles (22); status: SUBMITTED; exit: -; error: -; workDir: /input/data/work/bf/2c222cc36605551f58d10c0583dd0b]
~> TaskHandler[id: 131; name: combineFiles (31); status: SUBMITTED; exit: -; error: -; workDir: /input/data/work/66/2707f7e01109c9e62262dbdbcedc54]
~> TaskHandler[id: 108; name: combineFiles (8); status: RUNNING; exit: -; error: -; workDir: /input/data/work/70/2ff39877e2702eb975e276fe5f1d22]
~> TaskHandler[id: 110; name: combineFiles (10); status: SUBMITTED; exit: -; error: -; workDir: /input/data/work/82/a9f48bef654c287e78d5a57f54a748]
~> TaskHandler[id: 112; name: combineFiles (12); status: SUBMITTED; exit: -; error: -; workDir: /input/data/work/08/806236ff529f9752efba527affa387]
Jan-26 03:37:13.162 [Task monitor] DEBUG n.processor.TaskPollingMonitor - Task completed > TaskHandler[id: 116; name: combineFiles (16); status: COMPLETED; exit: 0; error: -; workDir: /input/data/work/20/275fea78d6e0807135a49eefe97c48]
Jan-26 03:37:13.455 [Task monitor] DEBUG n.processor.TaskPollingMonitor - Task completed > TaskHandler[id: 114; name: combineFiles (14); status: COMPLETED; exit: 0; error: -; workDir: /input/data/work/07/dc095b27a693d1197472952ccfa578]
Jan-26 03:37:13.787 [Task monitor] DEBUG n.processor.TaskPollingMonitor - Task completed > TaskHandler[id: 108; name: combineFiles (8); status: COMPLETED; exit: 0; error: -; workDir: /input/data/work/70/2ff39877e2702eb975e276fe5f1d22]
Jan-26 03:38:23.360 [Task monitor] DEBUG n.processor.TaskPollingMonitor - Task completed > TaskHandler[id: 110; name: combineFiles (10); status: COMPLETED; exit: 0; error: -; workDir: /input/data/work/82/a9f48bef654c287e78d5a57f54a748]
Jan-26 03:39:08.098 [Task monitor] DEBUG n.processor.TaskPollingMonitor - Task completed > TaskHandler[id: 122; name: combineFiles (22); status: COMPLETED; exit: 0; error: -; workDir: /input/data/work/bf/2c222cc36605551f58d10c0583dd0b]
Jan-26 03:39:08.220 [Task monitor] DEBUG n.processor.TaskPollingMonitor - Task completed > TaskHandler[id: 112; name: combineFiles (12); status: COMPLETED; exit: 0; error: -; workDir: /input/data/work/08/806236ff529f9752efba527affa387]
Jan-26 03:39:38.072 [Task monitor] DEBUG n.processor.TaskPollingMonitor - Task completed > TaskHandler[id: 131; name: combineFiles (31); status: COMPLETED; exit: 0; error: -; workDir: /input/data/work/66/2707f7e01109c9e62262dbdbcedc54]
Jan-26 03:39:38.074 [main] DEBUG nextflow.Session - Session await > all processes finished
Jan-26 03:39:38.076 [main] DEBUG nextflow.Session - Session await > all barriers passed
Jan-26 03:39:38.090 [main] DEBUG n.trace.WorkflowStatsObserver - Workflow completed > WorkflowStats[succeededCount=134; failedCount=0; ignoredCount=0; cachedCount=0; pendingCount=0; submittedCount=0; runningCount=0; retriesCount=0; abortedCount=0; succeedDuration=6h 59m 10s; failedDuration=0ms; cachedDuration=0ms;loadCpus=0; loadMemory=0; peakRunning=5; peakCpus=50; peakMemory=98.8 GB; ]
Jan-26 03:39:38.091 [main] DEBUG nextflow.trace.TraceFileObserver - Workflow completed -- saving trace file
Jan-26 03:39:38.103 [main] DEBUG nextflow.trace.ReportObserver - Workflow completed -- rendering execution report
Jan-26 03:39:38.750 [main] DEBUG nextflow.trace.TimelineObserver - Workflow completed -- rendering execution timeline
Jan-26 03:39:38.894 [main] DEBUG nextflow.cache.CacheDB - Closing CacheDB done
Jan-26 03:39:38.926 [main] DEBUG nextflow.util.ThreadPoolManager - Thread pool 'FileTransfer' shutdown completed (hard=false)
Jan-26 03:39:38.926 [main] DEBUG nextflow.script.ScriptRunner - > Execution complete -- Goodbye
