Jan-25 16:08:31.797 [main] DEBUG nextflow.cli.Launcher - $> nextflow run /input/fork -c /experiments/experiment/fork/nextflow.config -c /experiments/experiment/nextflow_la.config -c /experiments/experiment/nextflow_ceph.config
Jan-25 16:08:31.857 [main] INFO  nextflow.cli.CmdRun - N E X T F L O W  ~  version 23.07.0-edge
Jan-25 16:08:31.874 [main] DEBUG nextflow.plugin.PluginsFacade - Setting up plugin manager > mode=prod; embedded=false; plugins-dir=/.nextflow/plugins; core-plugins: nf-amazon@2.1.0,nf-azure@1.1.4,nf-cloudcache@0.1.0,nf-codecommit@0.1.5,nf-console@1.0.6,nf-ga4gh@1.1.0,nf-google@1.8.1,nf-tower@1.5.15,nf-wave@0.11.0
Jan-25 16:08:31.882 [main] INFO  o.pf4j.DefaultPluginStatusProvider - Enabled plugins: []
Jan-25 16:08:31.883 [main] INFO  o.pf4j.DefaultPluginStatusProvider - Disabled plugins: []
Jan-25 16:08:31.885 [main] INFO  org.pf4j.DefaultPluginManager - PF4J version 3.4.1 in 'deployment' mode
Jan-25 16:08:31.893 [main] INFO  org.pf4j.AbstractPluginManager - No plugins
Jan-25 16:08:31.913 [main] DEBUG nextflow.scm.AssetManager - Project manifest does not exist: /input/fork/nextflow.config (No such file or directory)
Jan-25 16:08:31.935 [main] DEBUG nextflow.config.ConfigBuilder - User config file: /experiments/experiment/fork/nextflow.config
Jan-25 16:08:31.936 [main] DEBUG nextflow.config.ConfigBuilder - User config file: /experiments/experiment/nextflow_la.config
Jan-25 16:08:31.937 [main] DEBUG nextflow.config.ConfigBuilder - User config file: /experiments/experiment/nextflow_ceph.config
Jan-25 16:08:31.937 [main] DEBUG nextflow.config.ConfigBuilder - Parsing config file: /experiments/experiment/fork/nextflow.config
Jan-25 16:08:31.937 [main] DEBUG nextflow.config.ConfigBuilder - Parsing config file: /experiments/experiment/nextflow_la.config
Jan-25 16:08:31.937 [main] DEBUG nextflow.config.ConfigBuilder - Parsing config file: /experiments/experiment/nextflow_ceph.config
Jan-25 16:08:31.953 [main] DEBUG nextflow.config.ConfigBuilder - Applying config profile: `standard`
Jan-25 16:08:32.468 [main] DEBUG nextflow.config.ConfigBuilder - Applying config profile: `standard`
Jan-25 16:08:32.624 [main] DEBUG nextflow.config.ConfigBuilder - Applying config profile: `standard`
Jan-25 16:08:32.649 [main] DEBUG nextflow.cli.CmdRun - Applied DSL=2 by global default
Jan-25 16:08:32.662 [main] INFO  nextflow.cli.CmdRun - Launching `/input/fork/main.nf` [marvelous_hypatia] DSL2 - revision: 64aabf06f3
Jan-25 16:08:32.662 [main] DEBUG nextflow.plugin.PluginsFacade - Plugins default=[]
Jan-25 16:08:32.662 [main] DEBUG nextflow.plugin.PluginsFacade - Plugins resolved requirement=[]
Jan-25 16:08:32.669 [main] DEBUG n.secret.LocalSecretsProvider - Secrets store: /.nextflow/secrets/store.json
Jan-25 16:08:32.671 [main] DEBUG nextflow.secret.SecretsLoader - Discovered secrets providers: [nextflow.secret.LocalSecretsProvider@20d87335] - activable => nextflow.secret.LocalSecretsProvider@20d87335
Jan-25 16:08:32.721 [main] DEBUG nextflow.Session - Session UUID: 5974b764-3b06-4a0b-a301-eefff517bfc9
Jan-25 16:08:32.722 [main] DEBUG nextflow.Session - Run name: marvelous_hypatia
Jan-25 16:08:32.722 [main] DEBUG nextflow.Session - Executor pool size: 32
Jan-25 16:08:32.728 [main] DEBUG nextflow.file.FilePorter - File porter settings maxRetries=3; maxTransfers=50; pollTimeout=null
Jan-25 16:08:32.730 [main] DEBUG nextflow.util.ThreadPoolBuilder - Creating thread pool 'FileTransfer' minSize=10; maxSize=96; workQueue=LinkedBlockingQueue[10000]; allowCoreThreadTimeout=false
Jan-25 16:08:32.757 [main] DEBUG nextflow.cli.CmdRun - 
  Version: 23.07.0-edge build 5875
  Created: 28-07-2023 20:27 UTC (20:27 GMT)
  System: Linux 5.4.0-169-generic
  Runtime: Groovy 3.0.18 on OpenJDK 64-Bit Server VM 17.0.6+10-LTS
  Encoding: UTF-8 (UTF-8)
  Process: 668470@nextflow [10.233.76.39]
  CPUs: 32 - Mem: 125.7 GB (122.2 GB) - Swap: 0 (0)
Jan-25 16:08:32.783 [main] DEBUG nextflow.Session - Work-dir: /input/data/work [ceph]
Jan-25 16:08:32.783 [main] DEBUG nextflow.Session - Script base path does not exist or is not a directory: /input/fork/bin
Jan-25 16:08:32.792 [main] DEBUG nextflow.executor.ExecutorFactory - Extension executors providers=[]
Jan-25 16:08:32.800 [main] DEBUG nextflow.Session - Observer factory: DefaultObserverFactory
Jan-25 16:08:32.830 [main] DEBUG nextflow.cache.CacheFactory - Using Nextflow cache factory: nextflow.cache.DefaultCacheFactory
Jan-25 16:08:32.837 [main] DEBUG nextflow.util.CustomThreadPool - Creating default thread pool > poolSize: 33; maxThreads: 1000
Jan-25 16:08:32.929 [main] DEBUG nextflow.Session - Session start
Jan-25 16:08:32.934 [main] DEBUG nextflow.trace.TraceFileObserver - Workflow started -- trace file: /input/data/output/trace.csv
Jan-25 16:08:33.062 [main] DEBUG nextflow.script.ScriptRunner - > Launching execution
Jan-25 16:08:33.261 [main] DEBUG nextflow.script.ProcessConfig - Config settings `withName:writeLargeFile` matches process writeLargeFile
Jan-25 16:08:33.278 [main] DEBUG nextflow.executor.ExecutorFactory - << taskConfig executor: k8s
Jan-25 16:08:33.278 [main] DEBUG nextflow.executor.ExecutorFactory - >> processorType: 'k8s'
Jan-25 16:08:33.286 [main] DEBUG nextflow.executor.Executor - [warm up] executor > k8s
Jan-25 16:08:33.302 [main] DEBUG n.processor.TaskPollingMonitor - Creating task monitor for executor 'k8s' > capacity: 300; pollInterval: 5s; dumpInterval: 5m; schedulerBatch: null
Jan-25 16:08:33.307 [main] DEBUG nextflow.k8s.client.ConfigDiscovery - K8s config file does not exist: /root/.kube/config
Jan-25 16:08:33.317 [main] DEBUG nextflow.k8s.K8sExecutor - [K8s] config=[localPath:/localdata, localStorageMountPath:/localdata, scheduler:[strategy:LAv2, name:workflow-scheduler, autoClose:false, nodeSelector:usedby=anonymized, container:anonymized/test1:sch_v201], storage:[type:copy, workdir:/localdata/localwork/, nodeSelector:usedby=anonymized, imageName:anonymized/test1:ftp_v122], debug:[yaml:true], namespace:anonymized, serviceAccount:nextflow, workDir:/input/data/work/, projectDir:/input/data/project/, imagePullPolicy:IfNotPresent, launchDir:/input/data/launch/, runAsUser:0, fetchNodeName:true, storageMountPath:/input, pod:[nodeSelector:usedby=anonymized], storageClaimName:ceph-data]; API client config=ClientConfig[ server=10.233.0.1:443, namespace=anonymized, serviceAccount=nextflow, token=eyJhbGciOiJ.., sslCert=LS0tLS1CRUd.., clientCert=-, clientKey=-, verifySsl=false, fromFile=true, httpReadTimeout=null, httpConnectTimeout=null, maxErrorRetry=4 ]
Jan-25 16:08:33.746 [main] DEBUG nextflow.k8s.K8sExecutor - Created K8s configMap with name: nf-get-stat-41cac373
Jan-25 16:08:37.521 [main] DEBUG nextflow.script.ProcessConfig - Config settings `withName:revertFile` matches process revertFile
Jan-25 16:08:37.524 [main] DEBUG nextflow.executor.ExecutorFactory - << taskConfig executor: k8s
Jan-25 16:08:37.524 [main] DEBUG nextflow.executor.ExecutorFactory - >> processorType: 'k8s'
Jan-25 16:08:37.535 [main] DEBUG nextflow.Session - Workflow process names [dsl2]: revertFile, combineFiles, writeLargeFile
Jan-25 16:08:37.537 [main] DEBUG nextflow.Session - Igniting dataflow network (3)
Jan-25 16:08:37.537 [main] DEBUG nextflow.processor.TaskProcessor - Starting process > writeLargeFile
Jan-25 16:08:37.540 [main] DEBUG nextflow.processor.TaskProcessor - Starting process > revertFile
Jan-25 16:08:37.540 [main] DEBUG nextflow.script.ScriptRunner - > Awaiting termination 
Jan-25 16:08:37.540 [main] DEBUG nextflow.Session - Session await
Jan-25 16:08:37.737 [Task submitter] INFO  nextflow.Session - [a2/881b2b] Submitted process > writeLargeFile (1)
Jan-25 16:08:48.365 [Task monitor] DEBUG n.processor.TaskPollingMonitor - Task completed > TaskHandler[id: 1; name: writeLargeFile (1); status: COMPLETED; exit: 0; error: -; workDir: /input/data/work/a2/881b2b788c4a41798b43b3e70fdb12]
Jan-25 16:08:48.482 [Task submitter] INFO  nextflow.Session - [68/778c57] Submitted process > revertFile (24)
Jan-25 16:08:48.521 [Task submitter] INFO  nextflow.Session - [60/cb1f56] Submitted process > revertFile (26)
Jan-25 16:08:48.559 [Task submitter] INFO  nextflow.Session - [ad/7fec2c] Submitted process > revertFile (31)
Jan-25 16:08:48.591 [Task submitter] INFO  nextflow.Session - [a9/db303f] Submitted process > revertFile (22)
Jan-25 16:08:48.624 [Task submitter] INFO  nextflow.Session - [65/49a30d] Submitted process > revertFile (23)
Jan-25 16:08:48.659 [Task submitter] INFO  nextflow.Session - [6d/39da76] Submitted process > revertFile (11)
Jan-25 16:08:48.689 [Task submitter] INFO  nextflow.Session - [e2/999845] Submitted process > revertFile (27)
Jan-25 16:08:48.722 [Task submitter] INFO  nextflow.Session - [fb/bd1e00] Submitted process > revertFile (6)
Jan-25 16:08:48.756 [Task submitter] INFO  nextflow.Session - [c1/641d4b] Submitted process > revertFile (30)
Jan-25 16:08:48.789 [Task submitter] INFO  nextflow.Session - [87/e24bc8] Submitted process > revertFile (1)
Jan-25 16:08:48.824 [Task submitter] INFO  nextflow.Session - [f4/3948e2] Submitted process > revertFile (7)
Jan-25 16:08:48.861 [Task submitter] INFO  nextflow.Session - [e0/293d4c] Submitted process > revertFile (17)
Jan-25 16:08:48.893 [Task submitter] INFO  nextflow.Session - [51/dc694c] Submitted process > revertFile (13)
Jan-25 16:08:48.926 [Task submitter] INFO  nextflow.Session - [6d/b50d47] Submitted process > revertFile (18)
Jan-25 16:08:48.961 [Task submitter] INFO  nextflow.Session - [d3/c7a9e5] Submitted process > revertFile (12)
Jan-25 16:08:48.995 [Task submitter] INFO  nextflow.Session - [10/0173dd] Submitted process > revertFile (32)
Jan-25 16:08:49.026 [Task submitter] INFO  nextflow.Session - [10/4dd3e1] Submitted process > revertFile (19)
Jan-25 16:08:49.056 [Task submitter] INFO  nextflow.Session - [8d/a4e040] Submitted process > revertFile (2)
Jan-25 16:08:49.086 [Task submitter] INFO  nextflow.Session - [0d/e7a5ce] Submitted process > revertFile (29)
Jan-25 16:08:49.116 [Task submitter] INFO  nextflow.Session - [75/bf3113] Submitted process > revertFile (10)
Jan-25 16:08:49.151 [Task submitter] INFO  nextflow.Session - [6a/d79c10] Submitted process > revertFile (20)
Jan-25 16:08:49.184 [Task submitter] INFO  nextflow.Session - [b2/0181df] Submitted process > revertFile (9)
Jan-25 16:08:49.215 [Task submitter] INFO  nextflow.Session - [bb/82667c] Submitted process > revertFile (28)
Jan-25 16:08:49.246 [Task submitter] INFO  nextflow.Session - [31/35ca93] Submitted process > revertFile (14)
Jan-25 16:08:49.279 [Task submitter] INFO  nextflow.Session - [b9/67501f] Submitted process > revertFile (4)
Jan-25 16:08:49.312 [Task submitter] INFO  nextflow.Session - [06/6237af] Submitted process > revertFile (25)
Jan-25 16:08:49.342 [Task submitter] INFO  nextflow.Session - [4f/98add6] Submitted process > revertFile (21)
Jan-25 16:08:49.374 [Task submitter] INFO  nextflow.Session - [e8/db46cc] Submitted process > revertFile (3)
Jan-25 16:08:49.405 [Task submitter] INFO  nextflow.Session - [26/2c65cc] Submitted process > revertFile (15)
Jan-25 16:08:49.435 [Task submitter] INFO  nextflow.Session - [7c/aaee1d] Submitted process > revertFile (5)
Jan-25 16:08:49.467 [Task submitter] INFO  nextflow.Session - [34/0b7d48] Submitted process > revertFile (33)
Jan-25 16:08:49.501 [Task submitter] INFO  nextflow.Session - [47/7a942d] Submitted process > revertFile (8)
Jan-25 16:08:49.532 [Task submitter] INFO  nextflow.Session - [22/2f79fb] Submitted process > revertFile (16)
Jan-25 16:08:49.563 [Task submitter] INFO  nextflow.Session - [ca/876cee] Submitted process > revertFile (37)
Jan-25 16:08:49.597 [Task submitter] INFO  nextflow.Session - [b6/068fca] Submitted process > revertFile (34)
Jan-25 16:08:49.625 [Task submitter] INFO  nextflow.Session - [f3/1f5763] Submitted process > revertFile (36)
Jan-25 16:08:49.654 [Task submitter] INFO  nextflow.Session - [d8/b58625] Submitted process > revertFile (63)
Jan-25 16:08:49.695 [Task submitter] INFO  nextflow.Session - [3c/3350d4] Submitted process > revertFile (35)
Jan-25 16:08:49.727 [Task submitter] INFO  nextflow.Session - [d4/522ed2] Submitted process > revertFile (41)
Jan-25 16:08:49.759 [Task submitter] INFO  nextflow.Session - [64/7fe318] Submitted process > revertFile (38)
Jan-25 16:08:49.790 [Task submitter] INFO  nextflow.Session - [4a/861424] Submitted process > revertFile (39)
Jan-25 16:08:49.822 [Task submitter] INFO  nextflow.Session - [be/06b18e] Submitted process > revertFile (40)
Jan-25 16:08:49.851 [Task submitter] INFO  nextflow.Session - [58/f7811f] Submitted process > revertFile (42)
Jan-25 16:08:49.882 [Task submitter] INFO  nextflow.Session - [c2/8d3e94] Submitted process > revertFile (43)
Jan-25 16:08:49.912 [Task submitter] INFO  nextflow.Session - [ff/b078b5] Submitted process > revertFile (44)
Jan-25 16:08:49.940 [Task submitter] INFO  nextflow.Session - [8c/0c2484] Submitted process > revertFile (45)
Jan-25 16:08:49.972 [Task submitter] INFO  nextflow.Session - [27/8c086f] Submitted process > revertFile (46)
Jan-25 16:08:50.003 [Task submitter] INFO  nextflow.Session - [7a/b83e7d] Submitted process > revertFile (48)
Jan-25 16:08:50.032 [Task submitter] INFO  nextflow.Session - [55/27127f] Submitted process > revertFile (47)
Jan-25 16:08:50.064 [Task submitter] INFO  nextflow.Session - [ac/9446aa] Submitted process > revertFile (49)
Jan-25 16:08:50.095 [Task submitter] INFO  nextflow.Session - [b1/7ea518] Submitted process > revertFile (51)
Jan-25 16:08:50.127 [Task submitter] INFO  nextflow.Session - [2e/ace96a] Submitted process > revertFile (50)
Jan-25 16:08:50.157 [Task submitter] INFO  nextflow.Session - [89/ba91be] Submitted process > revertFile (52)
Jan-25 16:08:50.188 [Task submitter] INFO  nextflow.Session - [55/6a5996] Submitted process > revertFile (53)
Jan-25 16:08:50.218 [Task submitter] INFO  nextflow.Session - [4f/9a58d9] Submitted process > revertFile (54)
Jan-25 16:08:50.246 [Task submitter] INFO  nextflow.Session - [4f/f00996] Submitted process > revertFile (55)
Jan-25 16:08:50.275 [Task submitter] INFO  nextflow.Session - [ec/68d3d9] Submitted process > revertFile (56)
Jan-25 16:08:50.305 [Task submitter] INFO  nextflow.Session - [d4/c44ceb] Submitted process > revertFile (57)
Jan-25 16:08:50.335 [Task submitter] INFO  nextflow.Session - [a5/09f1b5] Submitted process > revertFile (59)
Jan-25 16:08:50.368 [Task submitter] INFO  nextflow.Session - [a3/3edaa7] Submitted process > revertFile (58)
Jan-25 16:08:50.400 [Task submitter] INFO  nextflow.Session - [41/0028bf] Submitted process > revertFile (60)
Jan-25 16:08:50.432 [Task submitter] INFO  nextflow.Session - [7f/51e45a] Submitted process > revertFile (61)
Jan-25 16:08:50.460 [Task submitter] INFO  nextflow.Session - [cd/5c352c] Submitted process > revertFile (62)
Jan-25 16:08:50.489 [Task submitter] INFO  nextflow.Session - [a8/ffd248] Submitted process > revertFile (64)
Jan-25 16:08:50.518 [Task submitter] INFO  nextflow.Session - [0a/805980] Submitted process > revertFile (65)
Jan-25 16:08:50.549 [Task submitter] INFO  nextflow.Session - [a7/5acbb1] Submitted process > revertFile (67)
Jan-25 16:08:50.579 [Task submitter] INFO  nextflow.Session - [11/8c0a32] Submitted process > revertFile (66)
Jan-25 16:08:50.609 [Task submitter] INFO  nextflow.Session - [92/6c6055] Submitted process > revertFile (68)
Jan-25 16:08:50.637 [Task submitter] INFO  nextflow.Session - [c4/0f06e3] Submitted process > revertFile (69)
Jan-25 16:08:50.670 [Task submitter] INFO  nextflow.Session - [cd/ede18d] Submitted process > revertFile (70)
Jan-25 16:08:50.701 [Task submitter] INFO  nextflow.Session - [35/ca5038] Submitted process > revertFile (72)
Jan-25 16:08:50.732 [Task submitter] INFO  nextflow.Session - [50/41f43b] Submitted process > revertFile (71)
Jan-25 16:08:50.762 [Task submitter] INFO  nextflow.Session - [96/879188] Submitted process > revertFile (74)
Jan-25 16:08:50.789 [Task submitter] INFO  nextflow.Session - [4f/b94c9e] Submitted process > revertFile (73)
Jan-25 16:08:50.821 [Task submitter] INFO  nextflow.Session - [06/d78da9] Submitted process > revertFile (77)
Jan-25 16:08:50.852 [Task submitter] INFO  nextflow.Session - [b4/0e3af9] Submitted process > revertFile (75)
Jan-25 16:08:50.879 [Task submitter] INFO  nextflow.Session - [06/e2656f] Submitted process > revertFile (78)
Jan-25 16:08:50.908 [Task submitter] INFO  nextflow.Session - [1f/b54e0b] Submitted process > revertFile (76)
Jan-25 16:08:50.943 [Task submitter] INFO  nextflow.Session - [96/423430] Submitted process > revertFile (79)
Jan-25 16:08:50.969 [Task submitter] INFO  nextflow.Session - [da/78f96a] Submitted process > revertFile (80)
Jan-25 16:08:50.999 [Task submitter] INFO  nextflow.Session - [99/764c55] Submitted process > revertFile (82)
Jan-25 16:08:51.029 [Task submitter] INFO  nextflow.Session - [d9/a68c0f] Submitted process > revertFile (81)
Jan-25 16:08:51.058 [Task submitter] INFO  nextflow.Session - [94/89aabf] Submitted process > revertFile (83)
Jan-25 16:08:51.086 [Task submitter] INFO  nextflow.Session - [9f/985f66] Submitted process > revertFile (84)
Jan-25 16:08:51.115 [Task submitter] INFO  nextflow.Session - [61/ea1005] Submitted process > revertFile (85)
Jan-25 16:08:51.142 [Task submitter] INFO  nextflow.Session - [5b/1989ff] Submitted process > revertFile (86)
Jan-25 16:08:51.170 [Task submitter] INFO  nextflow.Session - [62/b46724] Submitted process > revertFile (88)
Jan-25 16:08:51.197 [Task submitter] INFO  nextflow.Session - [d6/03d39f] Submitted process > revertFile (87)
Jan-25 16:08:51.225 [Task submitter] INFO  nextflow.Session - [67/fe6f7e] Submitted process > revertFile (89)
Jan-25 16:08:51.252 [Task submitter] INFO  nextflow.Session - [0c/2561de] Submitted process > revertFile (91)
Jan-25 16:08:51.280 [Task submitter] INFO  nextflow.Session - [8e/a949c1] Submitted process > revertFile (90)
Jan-25 16:08:51.310 [Task submitter] INFO  nextflow.Session - [9f/4bea40] Submitted process > revertFile (93)
Jan-25 16:08:51.342 [Task submitter] INFO  nextflow.Session - [f5/150436] Submitted process > revertFile (92)
Jan-25 16:08:51.371 [Task submitter] INFO  nextflow.Session - [d0/eafb01] Submitted process > revertFile (94)
Jan-25 16:08:51.400 [Task submitter] INFO  nextflow.Session - [30/d01e48] Submitted process > revertFile (95)
Jan-25 16:08:51.429 [Task submitter] INFO  nextflow.Session - [56/522360] Submitted process > revertFile (98)
Jan-25 16:08:51.459 [Task submitter] INFO  nextflow.Session - [c8/2c128b] Submitted process > revertFile (97)
Jan-25 16:08:51.490 [Task submitter] INFO  nextflow.Session - [4e/0c04d7] Submitted process > revertFile (96)
Jan-25 16:08:51.519 [Task submitter] INFO  nextflow.Session - [2a/130d14] Submitted process > revertFile (99)
Jan-25 16:08:51.545 [Task submitter] INFO  nextflow.Session - [2d/3022fd] Submitted process > revertFile (100)
Jan-25 16:08:58.349 [Task monitor] DEBUG n.processor.TaskPollingMonitor - Task completed > TaskHandler[id: 25; name: revertFile (24); status: COMPLETED; exit: 0; error: -; workDir: /input/data/work/68/778c5707261f924eb3270eb3f8e536]
Jan-25 16:08:58.394 [Task monitor] DEBUG n.processor.TaskPollingMonitor - Task completed > TaskHandler[id: 27; name: revertFile (26); status: COMPLETED; exit: 0; error: -; workDir: /input/data/work/60/cb1f56b0ea369d6a4bb24703aec8f9]
Jan-25 16:08:58.692 [Task monitor] DEBUG n.processor.TaskPollingMonitor - Task completed > TaskHandler[id: 18; name: revertFile (17); status: COMPLETED; exit: 0; error: -; workDir: /input/data/work/e0/293d4c25701303e49719662654ff6e]
Jan-25 16:09:16.069 [Task monitor] DEBUG n.processor.TaskPollingMonitor - Task completed > TaskHandler[id: 97; name: revertFile (96); status: COMPLETED; exit: 0; error: -; workDir: /input/data/work/4e/0c04d7c3be5c362ebcec3509eb78d8]
Jan-25 16:09:16.112 [Task monitor] DEBUG n.processor.TaskPollingMonitor - Task completed > TaskHandler[id: 100; name: revertFile (99); status: COMPLETED; exit: 0; error: -; workDir: /input/data/work/2a/130d14ae99b8ff1a1ae864fd9c18b6]
Jan-25 16:09:16.154 [Task monitor] DEBUG n.processor.TaskPollingMonitor - Task completed > TaskHandler[id: 101; name: revertFile (100); status: COMPLETED; exit: 0; error: -; workDir: /input/data/work/2d/3022fd52b4af8fc831cd3c6e8cc87f]
Jan-25 16:09:30.948 [Task monitor] DEBUG n.processor.TaskPollingMonitor - Task completed > TaskHandler[id: 96; name: revertFile (95); status: COMPLETED; exit: 0; error: -; workDir: /input/data/work/30/d01e48ec8b86a3ffc112c9aa5414d6]
Jan-25 16:09:30.988 [Task monitor] DEBUG n.processor.TaskPollingMonitor - Task completed > TaskHandler[id: 99; name: revertFile (98); status: COMPLETED; exit: 0; error: -; workDir: /input/data/work/56/522360f28b6276d129d9a5647cf4ef]
Jan-25 16:09:31.027 [Task monitor] DEBUG n.processor.TaskPollingMonitor - Task completed > TaskHandler[id: 98; name: revertFile (97); status: COMPLETED; exit: 0; error: -; workDir: /input/data/work/c8/2c128b5d0dbfdc88b17ca758e7e7a9]
Jan-25 16:09:45.802 [Task monitor] DEBUG n.processor.TaskPollingMonitor - Task completed > TaskHandler[id: 94; name: revertFile (93); status: COMPLETED; exit: 0; error: -; workDir: /input/data/work/9f/4bea40a033817dd2094862c3435fd8]
Jan-25 16:09:45.842 [Task monitor] DEBUG n.processor.TaskPollingMonitor - Task completed > TaskHandler[id: 93; name: revertFile (92); status: COMPLETED; exit: 0; error: -; workDir: /input/data/work/f5/150436f19d0d0cecd925f1f6334e10]
Jan-25 16:09:45.906 [Task monitor] DEBUG n.processor.TaskPollingMonitor - Task completed > TaskHandler[id: 95; name: revertFile (94); status: COMPLETED; exit: 0; error: -; workDir: /input/data/work/d0/eafb01a11f10a086aa0119f9af0bf7]
Jan-25 16:10:00.779 [Task monitor] DEBUG n.processor.TaskPollingMonitor - Task completed > TaskHandler[id: 90; name: revertFile (89); status: COMPLETED; exit: 0; error: -; workDir: /input/data/work/67/fe6f7ed827754a912310ffc66c5cd4]
Jan-25 16:10:00.820 [Task monitor] DEBUG n.processor.TaskPollingMonitor - Task completed > TaskHandler[id: 92; name: revertFile (91); status: COMPLETED; exit: 0; error: -; workDir: /input/data/work/0c/2561de1ac41383119ac4591164eeba]
Jan-25 16:10:00.869 [Task monitor] DEBUG n.processor.TaskPollingMonitor - Task completed > TaskHandler[id: 91; name: revertFile (90); status: COMPLETED; exit: 0; error: -; workDir: /input/data/work/8e/a949c19f45fffb71a69e5f19bd7289]
Jan-25 16:10:15.687 [Task monitor] DEBUG n.processor.TaskPollingMonitor - Task completed > TaskHandler[id: 87; name: revertFile (86); status: COMPLETED; exit: 0; error: -; workDir: /input/data/work/5b/1989ffb16d947f069c5217210a1d8d]
Jan-25 16:10:15.730 [Task monitor] DEBUG n.processor.TaskPollingMonitor - Task completed > TaskHandler[id: 89; name: revertFile (88); status: COMPLETED; exit: 0; error: -; workDir: /input/data/work/62/b467244a54e0277d8c581e172518c3]
Jan-25 16:10:15.774 [Task monitor] DEBUG n.processor.TaskPollingMonitor - Task completed > TaskHandler[id: 88; name: revertFile (87); status: COMPLETED; exit: 0; error: -; workDir: /input/data/work/d6/03d39f8c469d5f8e1913f0c7fab1b5]
Jan-25 16:10:30.623 [Task monitor] DEBUG n.processor.TaskPollingMonitor - Task completed > TaskHandler[id: 84; name: revertFile (83); status: COMPLETED; exit: 0; error: -; workDir: /input/data/work/94/89aabfa3f33074f7c62b4b7a3437d0]
Jan-25 16:10:30.667 [Task monitor] DEBUG n.processor.TaskPollingMonitor - Task completed > TaskHandler[id: 85; name: revertFile (84); status: COMPLETED; exit: 0; error: -; workDir: /input/data/work/9f/985f66b290acc825cfe9253ce5a6d5]
Jan-25 16:10:30.710 [Task monitor] DEBUG n.processor.TaskPollingMonitor - Task completed > TaskHandler[id: 86; name: revertFile (85); status: COMPLETED; exit: 0; error: -; workDir: /input/data/work/61/ea100598f119bf83e15136c830d222]
Jan-25 16:10:45.522 [Task monitor] DEBUG n.processor.TaskPollingMonitor - Task completed > TaskHandler[id: 81; name: revertFile (80); status: COMPLETED; exit: 0; error: -; workDir: /input/data/work/da/78f96ab63c62921fa2fe3ebdd0b051]
Jan-25 16:10:45.566 [Task monitor] DEBUG n.processor.TaskPollingMonitor - Task completed > TaskHandler[id: 83; name: revertFile (82); status: COMPLETED; exit: 0; error: -; workDir: /input/data/work/99/764c55f4a5992e936e58a6302ecc38]
Jan-25 16:10:45.607 [Task monitor] DEBUG n.processor.TaskPollingMonitor - Task completed > TaskHandler[id: 82; name: revertFile (81); status: COMPLETED; exit: 0; error: -; workDir: /input/data/work/d9/a68c0feda1fdaba3a25ebb9becc3fd]
Jan-25 16:11:00.439 [Task monitor] DEBUG n.processor.TaskPollingMonitor - Task completed > TaskHandler[id: 79; name: revertFile (78); status: COMPLETED; exit: 0; error: -; workDir: /input/data/work/06/e2656f755854cfcd6a33bb9147f61b]
Jan-25 16:11:00.482 [Task monitor] DEBUG n.processor.TaskPollingMonitor - Task completed > TaskHandler[id: 77; name: revertFile (76); status: COMPLETED; exit: 0; error: -; workDir: /input/data/work/1f/b54e0be58d5bd55db3708f9bc33051]
Jan-25 16:11:00.527 [Task monitor] DEBUG n.processor.TaskPollingMonitor - Task completed > TaskHandler[id: 80; name: revertFile (79); status: COMPLETED; exit: 0; error: -; workDir: /input/data/work/96/4234303f6d949a595f02e5fc6d862d]
Jan-25 16:11:15.355 [Task monitor] DEBUG n.processor.TaskPollingMonitor - Task completed > TaskHandler[id: 74; name: revertFile (73); status: COMPLETED; exit: 0; error: -; workDir: /input/data/work/4f/b94c9edfb3307c76035eec94e2a25c]
Jan-25 16:11:15.396 [Task monitor] DEBUG n.processor.TaskPollingMonitor - Task completed > TaskHandler[id: 78; name: revertFile (77); status: COMPLETED; exit: 0; error: -; workDir: /input/data/work/06/d78da9fc8ac3669e5e9cf2a0d69d6b]
Jan-25 16:11:15.435 [Task monitor] DEBUG n.processor.TaskPollingMonitor - Task completed > TaskHandler[id: 76; name: revertFile (75); status: COMPLETED; exit: 0; error: -; workDir: /input/data/work/b4/0e3af977f270afdb03879c314a8fd8]
Jan-25 16:11:30.209 [Task monitor] DEBUG n.processor.TaskPollingMonitor - Task completed > TaskHandler[id: 73; name: revertFile (72); status: COMPLETED; exit: 0; error: -; workDir: /input/data/work/35/ca503839b59d6d76a374f5715ee58e]
Jan-25 16:11:30.253 [Task monitor] DEBUG n.processor.TaskPollingMonitor - Task completed > TaskHandler[id: 72; name: revertFile (71); status: COMPLETED; exit: 0; error: -; workDir: /input/data/work/50/41f43ba81d34f01be6c7f6f38652ae]
Jan-25 16:11:30.294 [Task monitor] DEBUG n.processor.TaskPollingMonitor - Task completed > TaskHandler[id: 75; name: revertFile (74); status: COMPLETED; exit: 0; error: -; workDir: /input/data/work/96/8791888280288cb7c1a4f290a14df4]
Jan-25 16:11:45.142 [Task monitor] DEBUG n.processor.TaskPollingMonitor - Task completed > TaskHandler[id: 69; name: revertFile (68); status: COMPLETED; exit: 0; error: -; workDir: /input/data/work/92/6c60558682274bd0b049ff4af5b625]
Jan-25 16:11:45.183 [Task monitor] DEBUG n.processor.TaskPollingMonitor - Task completed > TaskHandler[id: 70; name: revertFile (69); status: COMPLETED; exit: 0; error: -; workDir: /input/data/work/c4/0f06e3f9450f5c8b60632279751151]
Jan-25 16:11:45.225 [Task monitor] DEBUG n.processor.TaskPollingMonitor - Task completed > TaskHandler[id: 71; name: revertFile (70); status: COMPLETED; exit: 0; error: -; workDir: /input/data/work/cd/ede18d2befdfeecdf581aefa745f8d]
Jan-25 16:12:00.114 [Task monitor] DEBUG n.processor.TaskPollingMonitor - Task completed > TaskHandler[id: 66; name: revertFile (65); status: COMPLETED; exit: 0; error: -; workDir: /input/data/work/0a/805980c5af6b7a914efe30b25b1a4f]
Jan-25 16:12:00.159 [Task monitor] DEBUG n.processor.TaskPollingMonitor - Task completed > TaskHandler[id: 68; name: revertFile (67); status: COMPLETED; exit: 0; error: -; workDir: /input/data/work/a7/5acbb14a2c007305ee3e341ce319fa]
Jan-25 16:12:00.199 [Task monitor] DEBUG n.processor.TaskPollingMonitor - Task completed > TaskHandler[id: 67; name: revertFile (66); status: COMPLETED; exit: 0; error: -; workDir: /input/data/work/11/8c0a32317cccf78d3d33cd99359828]
Jan-25 16:12:14.094 [Task monitor] DEBUG n.processor.TaskPollingMonitor - Task completed > TaskHandler[id: 16; name: revertFile (15); status: COMPLETED; exit: 0; error: -; workDir: /input/data/work/26/2c65cc24e92a8756d88b8b9a13ccf4]
Jan-25 16:12:14.134 [Task monitor] DEBUG n.processor.TaskPollingMonitor - Task completed > TaskHandler[id: 6; name: revertFile (5); status: COMPLETED; exit: 0; error: -; workDir: /input/data/work/7c/aaee1dea46afc31bfa6c7235da63ea]
Jan-25 16:12:15.093 [Task monitor] DEBUG n.processor.TaskPollingMonitor - Task completed > TaskHandler[id: 65; name: revertFile (64); status: COMPLETED; exit: 0; error: -; workDir: /input/data/work/a8/ffd2482300abf042ead2b2ff4796e4]
Jan-25 16:12:29.086 [Task monitor] DEBUG n.processor.TaskPollingMonitor - Task completed > TaskHandler[id: 34; name: revertFile (33); status: COMPLETED; exit: 0; error: -; workDir: /input/data/work/34/0b7d48085027f8479b9c53a64c1fef]
Jan-25 16:12:29.130 [Task monitor] DEBUG n.processor.TaskPollingMonitor - Task completed > TaskHandler[id: 9; name: revertFile (8); status: COMPLETED; exit: 0; error: -; workDir: /input/data/work/47/7a942da1d3fe1e8d8f00de13c2b5e4]
Jan-25 16:12:29.174 [Task monitor] DEBUG n.processor.TaskPollingMonitor - Task completed > TaskHandler[id: 17; name: revertFile (16); status: COMPLETED; exit: 0; error: -; workDir: /input/data/work/22/2f79fba20be7e06349a193fb38fe2c]
Jan-25 16:12:44.069 [Task monitor] DEBUG n.processor.TaskPollingMonitor - Task completed > TaskHandler[id: 38; name: revertFile (37); status: COMPLETED; exit: 0; error: -; workDir: /input/data/work/ca/876ceecaef407ed2a50ada0faa3e00]
Jan-25 16:12:44.110 [Task monitor] DEBUG n.processor.TaskPollingMonitor - Task completed > TaskHandler[id: 35; name: revertFile (34); status: COMPLETED; exit: 0; error: -; workDir: /input/data/work/b6/068fcaeda04eb1754079f5008cc711]
Jan-25 16:12:44.149 [Task monitor] DEBUG n.processor.TaskPollingMonitor - Task completed > TaskHandler[id: 37; name: revertFile (36); status: COMPLETED; exit: 0; error: -; workDir: /input/data/work/f3/1f5763801dfea2c1b10ec292cc7597]
Jan-25 16:12:59.079 [Task monitor] DEBUG n.processor.TaskPollingMonitor - Task completed > TaskHandler[id: 64; name: revertFile (63); status: COMPLETED; exit: 0; error: -; workDir: /input/data/work/d8/b586250a3dafe3741d24c8b8cecccf]
Jan-25 16:12:59.752 [Task monitor] DEBUG n.processor.TaskPollingMonitor - Task completed > TaskHandler[id: 62; name: revertFile (61); status: COMPLETED; exit: 0; error: -; workDir: /input/data/work/7f/51e45abac388648eef26d427823589]
Jan-25 16:12:59.797 [Task monitor] DEBUG n.processor.TaskPollingMonitor - Task completed > TaskHandler[id: 63; name: revertFile (62); status: COMPLETED; exit: 0; error: -; workDir: /input/data/work/cd/5c352cc96feb258fae3a673d5b461b]
Jan-25 16:13:14.643 [Task monitor] DEBUG n.processor.TaskPollingMonitor - Task completed > TaskHandler[id: 60; name: revertFile (59); status: COMPLETED; exit: 0; error: -; workDir: /input/data/work/a5/09f1b57de52710eff2145060f409ec]
Jan-25 16:13:14.687 [Task monitor] DEBUG n.processor.TaskPollingMonitor - Task completed > TaskHandler[id: 59; name: revertFile (58); status: COMPLETED; exit: 0; error: -; workDir: /input/data/work/a3/3edaa7b2ff9c13ec3f44c8e1ccd666]
Jan-25 16:13:14.726 [Task monitor] DEBUG n.processor.TaskPollingMonitor - Task completed > TaskHandler[id: 61; name: revertFile (60); status: COMPLETED; exit: 0; error: -; workDir: /input/data/work/41/0028bfd31f64102fc6fda21c3b38ba]
Jan-25 16:13:29.537 [Task monitor] DEBUG n.processor.TaskPollingMonitor - Task completed > TaskHandler[id: 56; name: revertFile (55); status: COMPLETED; exit: 0; error: -; workDir: /input/data/work/4f/f00996f23235e6a8426bd5b348c11b]
Jan-25 16:13:29.576 [Task monitor] DEBUG n.processor.TaskPollingMonitor - Task completed > TaskHandler[id: 57; name: revertFile (56); status: COMPLETED; exit: 0; error: -; workDir: /input/data/work/ec/68d3d9044c5e4bffed73cca6a3a19a]
Jan-25 16:13:29.613 [Task monitor] DEBUG n.processor.TaskPollingMonitor - Task completed > TaskHandler[id: 58; name: revertFile (57); status: COMPLETED; exit: 0; error: -; workDir: /input/data/work/d4/c44cebe2c4817234d8c6d00662ecf9]
Jan-25 16:13:38.321 [Task monitor] DEBUG n.processor.TaskPollingMonitor - !! executor k8s > tasks to be completed: 43 -- submitted tasks are shown below
~> TaskHandler[id: 32; name: revertFile (31); status: SUBMITTED; exit: -; error: -; workDir: /input/data/work/ad/7fec2cb2e029b1b72046a667910c96]
~> TaskHandler[id: 23; name: revertFile (22); status: SUBMITTED; exit: -; error: -; workDir: /input/data/work/a9/db303f0a38005ee591d6909e90e5c4]
~> TaskHandler[id: 24; name: revertFile (23); status: SUBMITTED; exit: -; error: -; workDir: /input/data/work/65/49a30dedb4f9528d102bace33aa127]
~> TaskHandler[id: 12; name: revertFile (11); status: SUBMITTED; exit: -; error: -; workDir: /input/data/work/6d/39da76b5c7b7ac76466ea3065e3cfb]
~> TaskHandler[id: 28; name: revertFile (27); status: SUBMITTED; exit: -; error: -; workDir: /input/data/work/e2/99984552efc46f4a97987038aeca7c]
~> TaskHandler[id: 7; name: revertFile (6); status: SUBMITTED; exit: -; error: -; workDir: /input/data/work/fb/bd1e00e85590d5ec970bdd62895ad0]
~> TaskHandler[id: 31; name: revertFile (30); status: SUBMITTED; exit: -; error: -; workDir: /input/data/work/c1/641d4bfe61f64e3c43cf2675abfbb5]
~> TaskHandler[id: 2; name: revertFile (1); status: SUBMITTED; exit: -; error: -; workDir: /input/data/work/87/e24bc8c303487fd6af7194b0dda4ff]
~> TaskHandler[id: 8; name: revertFile (7); status: SUBMITTED; exit: -; error: -; workDir: /input/data/work/f4/3948e26e78a0e6fe63c50032a2adaf]
~> TaskHandler[id: 14; name: revertFile (13); status: SUBMITTED; exit: -; error: -; workDir: /input/data/work/51/dc694c99a7388235192437c7266a22]
.. remaining tasks omitted.
Jan-25 16:13:44.452 [Task monitor] DEBUG n.processor.TaskPollingMonitor - Task completed > TaskHandler[id: 53; name: revertFile (52); status: COMPLETED; exit: 0; error: -; workDir: /input/data/work/89/ba91bee70e263a8d3289dab4817fe0]
Jan-25 16:13:44.485 [Task monitor] DEBUG n.processor.TaskPollingMonitor - Task completed > TaskHandler[id: 54; name: revertFile (53); status: COMPLETED; exit: 0; error: -; workDir: /input/data/work/55/6a59966f2417ce0c5e652a27a4613e]
Jan-25 16:13:44.523 [Task monitor] DEBUG n.processor.TaskPollingMonitor - Task completed > TaskHandler[id: 55; name: revertFile (54); status: COMPLETED; exit: 0; error: -; workDir: /input/data/work/4f/9a58d97729fef82ceecda4a883e535]
Jan-25 16:13:59.372 [Task monitor] DEBUG n.processor.TaskPollingMonitor - Task completed > TaskHandler[id: 50; name: revertFile (49); status: COMPLETED; exit: 0; error: -; workDir: /input/data/work/ac/9446aa97c3c06df77ec4d03e726313]
Jan-25 16:13:59.413 [Task monitor] DEBUG n.processor.TaskPollingMonitor - Task completed > TaskHandler[id: 52; name: revertFile (51); status: COMPLETED; exit: 0; error: -; workDir: /input/data/work/b1/7ea518d487ddf6aaa0b64f97679174]
Jan-25 16:13:59.453 [Task monitor] DEBUG n.processor.TaskPollingMonitor - Task completed > TaskHandler[id: 51; name: revertFile (50); status: COMPLETED; exit: 0; error: -; workDir: /input/data/work/2e/ace96a03720e50e1dd844ab4858230]
Jan-25 16:14:14.300 [Task monitor] DEBUG n.processor.TaskPollingMonitor - Task completed > TaskHandler[id: 47; name: revertFile (46); status: COMPLETED; exit: 0; error: -; workDir: /input/data/work/27/8c086f96c3f097d43cc9be14db6528]
Jan-25 16:14:14.340 [Task monitor] DEBUG n.processor.TaskPollingMonitor - Task completed > TaskHandler[id: 49; name: revertFile (48); status: COMPLETED; exit: 0; error: -; workDir: /input/data/work/7a/b83e7de58cdac0ff645bb0e6cf1026]
Jan-25 16:14:14.385 [Task monitor] DEBUG n.processor.TaskPollingMonitor - Task completed > TaskHandler[id: 48; name: revertFile (47); status: COMPLETED; exit: 0; error: -; workDir: /input/data/work/55/27127f76270204987ba2f0ecc6e4c9]
Jan-25 16:14:29.195 [Task monitor] DEBUG n.processor.TaskPollingMonitor - Task completed > TaskHandler[id: 44; name: revertFile (43); status: COMPLETED; exit: 0; error: -; workDir: /input/data/work/c2/8d3e94c5278c918b28944c511de172]
Jan-25 16:14:29.235 [Task monitor] DEBUG n.processor.TaskPollingMonitor - Task completed > TaskHandler[id: 45; name: revertFile (44); status: COMPLETED; exit: 0; error: -; workDir: /input/data/work/ff/b078b50926648db3db8827bf9f3832]
Jan-25 16:14:29.278 [Task monitor] DEBUG n.processor.TaskPollingMonitor - Task completed > TaskHandler[id: 46; name: revertFile (45); status: COMPLETED; exit: 0; error: -; workDir: /input/data/work/8c/0c248460e47365fdb02c3d2925a290]
Jan-25 16:14:44.111 [Task monitor] DEBUG n.processor.TaskPollingMonitor - Task completed > TaskHandler[id: 40; name: revertFile (39); status: COMPLETED; exit: 0; error: -; workDir: /input/data/work/4a/86142433886d34189f3a5b7b7c8c78]
Jan-25 16:14:44.151 [Task monitor] DEBUG n.processor.TaskPollingMonitor - Task completed > TaskHandler[id: 41; name: revertFile (40); status: COMPLETED; exit: 0; error: -; workDir: /input/data/work/be/06b18e562b8f8f23dc6aafa5d7ba44]
Jan-25 16:14:44.192 [Task monitor] DEBUG n.processor.TaskPollingMonitor - Task completed > TaskHandler[id: 43; name: revertFile (42); status: COMPLETED; exit: 0; error: -; workDir: /input/data/work/58/f7811ff108046632d94950978d30d4]
Jan-25 16:14:59.041 [Task monitor] DEBUG n.processor.TaskPollingMonitor - Task completed > TaskHandler[id: 36; name: revertFile (35); status: COMPLETED; exit: 0; error: -; workDir: /input/data/work/3c/3350d406115b65f0367e92862f8ee1]
Jan-25 16:14:59.081 [Task monitor] DEBUG n.processor.TaskPollingMonitor - Task completed > TaskHandler[id: 42; name: revertFile (41); status: COMPLETED; exit: 0; error: -; workDir: /input/data/work/d4/522ed2c3a8da86cfbe46fe691228bb]
Jan-25 16:14:59.120 [Task monitor] DEBUG n.processor.TaskPollingMonitor - Task completed > TaskHandler[id: 39; name: revertFile (38); status: COMPLETED; exit: 0; error: -; workDir: /input/data/work/64/7fe318a116b6d3fbf48a73a8ed2252]
Jan-25 16:15:13.945 [Task monitor] DEBUG n.processor.TaskPollingMonitor - Task completed > TaskHandler[id: 26; name: revertFile (25); status: COMPLETED; exit: 0; error: -; workDir: /input/data/work/06/6237af7897dff543efda56d12d5af1]
Jan-25 16:15:13.987 [Task monitor] DEBUG n.processor.TaskPollingMonitor - Task completed > TaskHandler[id: 22; name: revertFile (21); status: COMPLETED; exit: 0; error: -; workDir: /input/data/work/4f/98add63585d1877c3399fa9c8c1284]
Jan-25 16:15:14.030 [Task monitor] DEBUG n.processor.TaskPollingMonitor - Task completed > TaskHandler[id: 4; name: revertFile (3); status: COMPLETED; exit: 0; error: -; workDir: /input/data/work/e8/db46cc2c6f50890f4542f1b58391f8]
Jan-25 16:15:28.864 [Task monitor] DEBUG n.processor.TaskPollingMonitor - Task completed > TaskHandler[id: 29; name: revertFile (28); status: COMPLETED; exit: 0; error: -; workDir: /input/data/work/bb/82667c5ba25d7439134b266782b401]
Jan-25 16:15:28.904 [Task monitor] DEBUG n.processor.TaskPollingMonitor - Task completed > TaskHandler[id: 15; name: revertFile (14); status: COMPLETED; exit: 0; error: -; workDir: /input/data/work/31/35ca93d42c336d4af40e9bbf2fb837]
Jan-25 16:15:28.942 [Task monitor] DEBUG n.processor.TaskPollingMonitor - Task completed > TaskHandler[id: 5; name: revertFile (4); status: COMPLETED; exit: 0; error: -; workDir: /input/data/work/b9/67501f5a2f301d556070a13b11e841]
Jan-25 16:15:43.771 [Task monitor] DEBUG n.processor.TaskPollingMonitor - Task completed > TaskHandler[id: 11; name: revertFile (10); status: COMPLETED; exit: 0; error: -; workDir: /input/data/work/75/bf31130364ed59a8b5a8b563140831]
Jan-25 16:15:43.809 [Task monitor] DEBUG n.processor.TaskPollingMonitor - Task completed > TaskHandler[id: 21; name: revertFile (20); status: COMPLETED; exit: 0; error: -; workDir: /input/data/work/6a/d79c10f2753bca53fab86379dcf55c]
Jan-25 16:15:43.847 [Task monitor] DEBUG n.processor.TaskPollingMonitor - Task completed > TaskHandler[id: 10; name: revertFile (9); status: COMPLETED; exit: 0; error: -; workDir: /input/data/work/b2/0181df7798b92b5443bd6985337ffa]
Jan-25 16:15:58.693 [Task monitor] DEBUG n.processor.TaskPollingMonitor - Task completed > TaskHandler[id: 20; name: revertFile (19); status: COMPLETED; exit: 0; error: -; workDir: /input/data/work/10/4dd3e1f6e6c36868f4011ccb939fc1]
Jan-25 16:15:58.732 [Task monitor] DEBUG n.processor.TaskPollingMonitor - Task completed > TaskHandler[id: 3; name: revertFile (2); status: COMPLETED; exit: 0; error: -; workDir: /input/data/work/8d/a4e0405c60c2a8c3416ec9fa58fe22]
Jan-25 16:15:58.772 [Task monitor] DEBUG n.processor.TaskPollingMonitor - Task completed > TaskHandler[id: 30; name: revertFile (29); status: COMPLETED; exit: 0; error: -; workDir: /input/data/work/0d/e7a5ce3fa2f6588f57a2022d97361e]
Jan-25 16:16:13.643 [Task monitor] DEBUG n.processor.TaskPollingMonitor - Task completed > TaskHandler[id: 19; name: revertFile (18); status: COMPLETED; exit: 0; error: -; workDir: /input/data/work/6d/b50d47f0bd28aa9e4aae6d0ee85b9d]
Jan-25 16:16:13.683 [Task monitor] DEBUG n.processor.TaskPollingMonitor - Task completed > TaskHandler[id: 13; name: revertFile (12); status: COMPLETED; exit: 0; error: -; workDir: /input/data/work/d3/c7a9e570b1b8473a6376bbe1960046]
Jan-25 16:16:13.726 [Task monitor] DEBUG n.processor.TaskPollingMonitor - Task completed > TaskHandler[id: 33; name: revertFile (32); status: COMPLETED; exit: 0; error: -; workDir: /input/data/work/10/0173dd4d11cd09b7ac436df85ac3c2]
Jan-25 16:16:28.566 [Task monitor] DEBUG n.processor.TaskPollingMonitor - Task completed > TaskHandler[id: 2; name: revertFile (1); status: COMPLETED; exit: 0; error: -; workDir: /input/data/work/87/e24bc8c303487fd6af7194b0dda4ff]
Jan-25 16:16:28.602 [Task monitor] DEBUG n.processor.TaskPollingMonitor - Task completed > TaskHandler[id: 8; name: revertFile (7); status: COMPLETED; exit: 0; error: -; workDir: /input/data/work/f4/3948e26e78a0e6fe63c50032a2adaf]
Jan-25 16:16:28.641 [Task monitor] DEBUG n.processor.TaskPollingMonitor - Task completed > TaskHandler[id: 14; name: revertFile (13); status: COMPLETED; exit: 0; error: -; workDir: /input/data/work/51/dc694c99a7388235192437c7266a22]
Jan-25 16:16:43.486 [Task monitor] DEBUG n.processor.TaskPollingMonitor - Task completed > TaskHandler[id: 28; name: revertFile (27); status: COMPLETED; exit: 0; error: -; workDir: /input/data/work/e2/99984552efc46f4a97987038aeca7c]
Jan-25 16:16:43.525 [Task monitor] DEBUG n.processor.TaskPollingMonitor - Task completed > TaskHandler[id: 7; name: revertFile (6); status: COMPLETED; exit: 0; error: -; workDir: /input/data/work/fb/bd1e00e85590d5ec970bdd62895ad0]
Jan-25 16:16:43.564 [Task monitor] DEBUG n.processor.TaskPollingMonitor - Task completed > TaskHandler[id: 31; name: revertFile (30); status: COMPLETED; exit: 0; error: -; workDir: /input/data/work/c1/641d4bfe61f64e3c43cf2675abfbb5]
Jan-25 16:16:58.399 [Task monitor] DEBUG n.processor.TaskPollingMonitor - Task completed > TaskHandler[id: 23; name: revertFile (22); status: COMPLETED; exit: 0; error: -; workDir: /input/data/work/a9/db303f0a38005ee591d6909e90e5c4]
Jan-25 16:16:58.438 [Task monitor] DEBUG n.processor.TaskPollingMonitor - Task completed > TaskHandler[id: 24; name: revertFile (23); status: COMPLETED; exit: 0; error: -; workDir: /input/data/work/65/49a30dedb4f9528d102bace33aa127]
Jan-25 16:16:58.477 [Task monitor] DEBUG n.processor.TaskPollingMonitor - Task completed > TaskHandler[id: 12; name: revertFile (11); status: COMPLETED; exit: 0; error: -; workDir: /input/data/work/6d/39da76b5c7b7ac76466ea3065e3cfb]
Jan-25 16:17:08.374 [Task monitor] DEBUG n.processor.TaskPollingMonitor - Task completed > TaskHandler[id: 32; name: revertFile (31); status: COMPLETED; exit: 0; error: -; workDir: /input/data/work/ad/7fec2cb2e029b1b72046a667910c96]
Jan-25 16:17:08.381 [main] DEBUG nextflow.Session - Session await > all processes finished
Jan-25 16:17:13.335 [main] DEBUG nextflow.Session - Session await > all barriers passed
Jan-25 16:17:13.353 [main] DEBUG n.trace.WorkflowStatsObserver - Workflow completed > WorkflowStats[succeededCount=101; failedCount=0; ignoredCount=0; cachedCount=0; pendingCount=0; submittedCount=0; runningCount=0; retriesCount=0; abortedCount=0; succeedDuration=1h 27m 42s; failedDuration=0ms; cachedDuration=0ms;loadCpus=0; loadMemory=0; peakRunning=6; peakCpus=60; peakMemory=60 GB; ]
Jan-25 16:17:13.353 [main] DEBUG nextflow.trace.TraceFileObserver - Workflow completed -- saving trace file
Jan-25 16:17:13.355 [main] DEBUG nextflow.trace.ReportObserver - Workflow completed -- rendering execution report
Jan-25 16:17:13.944 [main] DEBUG nextflow.trace.TimelineObserver - Workflow completed -- rendering execution timeline
Jan-25 16:17:14.105 [main] DEBUG nextflow.cache.CacheDB - Closing CacheDB done
Jan-25 16:17:14.136 [main] DEBUG nextflow.util.ThreadPoolManager - Thread pool 'FileTransfer' shutdown completed (hard=false)
Jan-25 16:17:14.137 [main] DEBUG nextflow.script.ScriptRunner - > Execution complete -- Goodbye
