Dec-18 21:27:05.993 [main] DEBUG nextflow.cli.Launcher - $> nextflow run /input/groupMultiple -c /experiments/experiment/groupMultiple/nextflow.config -c /experiments/experiment/nextflow_cws.config -c /experiments/experiment/nextflow_ceph.config
Dec-18 21:27:06.054 [main] INFO  nextflow.cli.CmdRun - N E X T F L O W  ~  version 23.07.0-edge
Dec-18 21:27:06.074 [main] DEBUG nextflow.plugin.PluginsFacade - Setting up plugin manager > mode=prod; embedded=false; plugins-dir=/.nextflow/plugins; core-plugins: nf-amazon@2.1.0,nf-azure@1.1.4,nf-cloudcache@0.1.0,nf-codecommit@0.1.5,nf-console@1.0.6,nf-ga4gh@1.1.0,nf-google@1.8.1,nf-tower@1.5.15,nf-wave@0.11.0
Dec-18 21:27:06.086 [main] INFO  o.pf4j.DefaultPluginStatusProvider - Enabled plugins: []
Dec-18 21:27:06.087 [main] INFO  o.pf4j.DefaultPluginStatusProvider - Disabled plugins: []
Dec-18 21:27:06.089 [main] INFO  org.pf4j.DefaultPluginManager - PF4J version 3.4.1 in 'deployment' mode
Dec-18 21:27:06.096 [main] INFO  org.pf4j.AbstractPluginManager - No plugins
Dec-18 21:27:06.114 [main] DEBUG nextflow.scm.AssetManager - Project manifest does not exist: /input/groupMultiple/nextflow.config (No such file or directory)
Dec-18 21:27:06.135 [main] DEBUG nextflow.config.ConfigBuilder - User config file: /experiments/experiment/groupMultiple/nextflow.config
Dec-18 21:27:06.135 [main] DEBUG nextflow.config.ConfigBuilder - User config file: /experiments/experiment/nextflow_cws.config
Dec-18 21:27:06.135 [main] DEBUG nextflow.config.ConfigBuilder - User config file: /experiments/experiment/nextflow_ceph.config
Dec-18 21:27:06.135 [main] DEBUG nextflow.config.ConfigBuilder - Parsing config file: /experiments/experiment/groupMultiple/nextflow.config
Dec-18 21:27:06.135 [main] DEBUG nextflow.config.ConfigBuilder - Parsing config file: /experiments/experiment/nextflow_cws.config
Dec-18 21:27:06.135 [main] DEBUG nextflow.config.ConfigBuilder - Parsing config file: /experiments/experiment/nextflow_ceph.config
Dec-18 21:27:06.149 [main] DEBUG nextflow.config.ConfigBuilder - Applying config profile: `standard`
Dec-18 21:27:06.669 [main] DEBUG nextflow.config.ConfigBuilder - Applying config profile: `standard`
Dec-18 21:27:06.817 [main] DEBUG nextflow.config.ConfigBuilder - Applying config profile: `standard`
Dec-18 21:27:06.843 [main] DEBUG nextflow.cli.CmdRun - Applied DSL=2 by global default
Dec-18 21:27:06.856 [main] INFO  nextflow.cli.CmdRun - Launching `/input/groupMultiple/main.nf` [sleepy_kimura] DSL2 - revision: b7ed08cdab
Dec-18 21:27:06.857 [main] DEBUG nextflow.plugin.PluginsFacade - Plugins default=[]
Dec-18 21:27:06.857 [main] DEBUG nextflow.plugin.PluginsFacade - Plugins resolved requirement=[]
Dec-18 21:27:06.864 [main] DEBUG n.secret.LocalSecretsProvider - Secrets store: /.nextflow/secrets/store.json
Dec-18 21:27:06.866 [main] DEBUG nextflow.secret.SecretsLoader - Discovered secrets providers: [nextflow.secret.LocalSecretsProvider@5b7c8930] - activable => nextflow.secret.LocalSecretsProvider@5b7c8930
Dec-18 21:27:06.916 [main] DEBUG nextflow.Session - Session UUID: 39c7c1a2-0028-4906-ae58-50797148e5a3
Dec-18 21:27:06.917 [main] DEBUG nextflow.Session - Run name: sleepy_kimura
Dec-18 21:27:06.917 [main] DEBUG nextflow.Session - Executor pool size: 32
Dec-18 21:27:06.923 [main] DEBUG nextflow.file.FilePorter - File porter settings maxRetries=3; maxTransfers=50; pollTimeout=null
Dec-18 21:27:06.925 [main] DEBUG nextflow.util.ThreadPoolBuilder - Creating thread pool 'FileTransfer' minSize=10; maxSize=96; workQueue=LinkedBlockingQueue[10000]; allowCoreThreadTimeout=false
Dec-18 21:27:06.951 [main] DEBUG nextflow.cli.CmdRun - 
  Version: 23.07.0-edge build 5875
  Created: 28-07-2023 20:27 UTC (20:27 GMT)
  System: Linux 5.4.0-166-generic
  Runtime: Groovy 3.0.18 on OpenJDK 64-Bit Server VM 17.0.6+10-LTS
  Encoding: UTF-8 (UTF-8)
  Process: 2230255@nextflow [10.233.76.3]
  CPUs: 32 - Mem: 125.7 GB (121.8 GB) - Swap: 0 (0)
Dec-18 21:27:06.980 [main] DEBUG nextflow.Session - Work-dir: /input/data/work [ceph]
Dec-18 21:27:06.981 [main] DEBUG nextflow.Session - Script base path does not exist or is not a directory: /input/groupMultiple/bin
Dec-18 21:27:06.990 [main] DEBUG nextflow.executor.ExecutorFactory - Extension executors providers=[]
Dec-18 21:27:06.997 [main] DEBUG nextflow.Session - Observer factory: DefaultObserverFactory
Dec-18 21:27:07.023 [main] DEBUG nextflow.cache.CacheFactory - Using Nextflow cache factory: nextflow.cache.DefaultCacheFactory
Dec-18 21:27:07.030 [main] DEBUG nextflow.util.CustomThreadPool - Creating default thread pool > poolSize: 33; maxThreads: 1000
Dec-18 21:27:07.129 [main] DEBUG nextflow.Session - Session start
Dec-18 21:27:07.133 [main] DEBUG nextflow.trace.TraceFileObserver - Workflow started -- trace file: /input/data/output/trace.csv
Dec-18 21:27:07.315 [main] DEBUG nextflow.script.ScriptRunner - > Launching execution
Dec-18 21:27:07.529 [main] DEBUG nextflow.script.ProcessConfig - Config settings `withName:writeLargeFile` matches process writeLargeFile
Dec-18 21:27:07.539 [main] DEBUG nextflow.executor.ExecutorFactory - << taskConfig executor: k8s
Dec-18 21:27:07.539 [main] DEBUG nextflow.executor.ExecutorFactory - >> processorType: 'k8s'
Dec-18 21:27:07.546 [main] DEBUG nextflow.executor.Executor - [warm up] executor > k8s
Dec-18 21:27:07.562 [main] DEBUG n.processor.TaskPollingMonitor - Creating task monitor for executor 'k8s' > capacity: 300; pollInterval: 5s; dumpInterval: 5m; schedulerBatch: null
Dec-18 21:27:07.567 [main] DEBUG nextflow.k8s.client.ConfigDiscovery - K8s config file does not exist: /root/.kube/config
Dec-18 21:27:07.577 [main] DEBUG nextflow.k8s.K8sExecutor - [K8s] config=[scheduler:[strategy:rank_max-fair, name:workflow-scheduler, autoClose:false, nodeSelector:usedby=anonymized, container:anonymized/test1:sch_v194], debug:[yaml:true], namespace:anonymized, serviceAccount:nextflow, workDir:/input/data/work/, projectDir:/input/data/project/, imagePullPolicy:IfNotPresent, launchDir:/input/data/launch/, runAsUser:0, fetchNodeName:true, storageMountPath:/input, pod:[nodeSelector:usedby=anonymized], storage:[nodeSelector:usedby=anonymized, imageName:anonymized/test1:ftp_v122], storageClaimName:ceph-data]; API client config=ClientConfig[ server=10.233.0.1:443, namespace=anonymized, serviceAccount=nextflow, token=eyJhbGciOiJ.., sslCert=LS0tLS1CRUd.., clientCert=-, clientKey=-, verifySsl=false, fromFile=true, httpReadTimeout=null, httpConnectTimeout=null, maxErrorRetry=4 ]
Dec-18 21:27:11.238 [main] DEBUG nextflow.script.ProcessConfig - Config settings `withName:combineFiles` matches process combineFilesA
Dec-18 21:27:11.239 [main] DEBUG nextflow.executor.ExecutorFactory - << taskConfig executor: k8s
Dec-18 21:27:11.240 [main] DEBUG nextflow.executor.ExecutorFactory - >> processorType: 'k8s'
Dec-18 21:27:11.283 [main] DEBUG nextflow.script.ProcessConfig - Config settings `withName:combineFiles` matches process combineFilesB
Dec-18 21:27:11.284 [main] DEBUG nextflow.executor.ExecutorFactory - << taskConfig executor: k8s
Dec-18 21:27:11.284 [main] DEBUG nextflow.executor.ExecutorFactory - >> processorType: 'k8s'
Dec-18 21:27:11.296 [main] DEBUG nextflow.Session - Workflow process names [dsl2]: revertFile, combineFiles, combineFilesA, writeLargeFile, combineFilesB
Dec-18 21:27:11.298 [main] DEBUG nextflow.Session - Igniting dataflow network (4)
Dec-18 21:27:11.299 [main] DEBUG nextflow.processor.TaskProcessor - Starting process > writeLargeFile
Dec-18 21:27:11.300 [main] DEBUG nextflow.processor.TaskProcessor - Starting process > combineFilesA
Dec-18 21:27:11.300 [main] DEBUG nextflow.processor.TaskProcessor - Starting process > combineFilesB
Dec-18 21:27:11.300 [main] DEBUG nextflow.script.ScriptRunner - > Awaiting termination 
Dec-18 21:27:11.301 [main] DEBUG nextflow.Session - Session await
Dec-18 21:27:11.612 [Task submitter] INFO  nextflow.Session - [9c/c604f6] Submitted process > writeLargeFile (24)
Dec-18 21:27:11.654 [Task submitter] INFO  nextflow.Session - [f0/66d828] Submitted process > writeLargeFile (18)
Dec-18 21:27:11.691 [Task submitter] INFO  nextflow.Session - [32/b887f8] Submitted process > writeLargeFile (3)
Dec-18 21:27:11.728 [Task submitter] INFO  nextflow.Session - [81/dff70e] Submitted process > writeLargeFile (14)
Dec-18 21:27:11.762 [Task submitter] INFO  nextflow.Session - [5e/a65ef3] Submitted process > writeLargeFile (6)
Dec-18 21:27:11.800 [Task submitter] INFO  nextflow.Session - [31/7e548c] Submitted process > writeLargeFile (7)
Dec-18 21:27:11.837 [Task submitter] INFO  nextflow.Session - [47/abcda3] Submitted process > writeLargeFile (29)
Dec-18 21:27:11.874 [Task submitter] INFO  nextflow.Session - [4b/1017b0] Submitted process > writeLargeFile (12)
Dec-18 21:27:11.908 [Task submitter] INFO  nextflow.Session - [68/8dba00] Submitted process > writeLargeFile (10)
Dec-18 21:27:11.940 [Task submitter] INFO  nextflow.Session - [8b/14ef5e] Submitted process > writeLargeFile (8)
Dec-18 21:27:11.972 [Task submitter] INFO  nextflow.Session - [d8/1e82f5] Submitted process > writeLargeFile (1)
Dec-18 21:27:12.006 [Task submitter] INFO  nextflow.Session - [2f/ced74c] Submitted process > writeLargeFile (25)
Dec-18 21:27:12.041 [Task submitter] INFO  nextflow.Session - [30/2d7f56] Submitted process > writeLargeFile (11)
Dec-18 21:27:12.074 [Task submitter] INFO  nextflow.Session - [88/76e8fc] Submitted process > writeLargeFile (23)
Dec-18 21:27:12.106 [Task submitter] INFO  nextflow.Session - [cf/aa0019] Submitted process > writeLargeFile (26)
Dec-18 21:27:12.142 [Task submitter] INFO  nextflow.Session - [95/fd8b3d] Submitted process > writeLargeFile (22)
Dec-18 21:27:12.176 [Task submitter] INFO  nextflow.Session - [4a/001b01] Submitted process > writeLargeFile (17)
Dec-18 21:27:12.208 [Task submitter] INFO  nextflow.Session - [f5/839975] Submitted process > writeLargeFile (9)
Dec-18 21:27:12.238 [Task submitter] INFO  nextflow.Session - [e0/3904a2] Submitted process > writeLargeFile (2)
Dec-18 21:27:12.270 [Task submitter] INFO  nextflow.Session - [76/780bb7] Submitted process > writeLargeFile (13)
Dec-18 21:27:12.302 [Task submitter] INFO  nextflow.Session - [44/916209] Submitted process > writeLargeFile (19)
Dec-18 21:27:12.335 [Task submitter] INFO  nextflow.Session - [dc/a6e45d] Submitted process > writeLargeFile (28)
Dec-18 21:27:12.367 [Task submitter] INFO  nextflow.Session - [34/04b9df] Submitted process > writeLargeFile (15)
Dec-18 21:27:12.401 [Task submitter] INFO  nextflow.Session - [53/1cf9fc] Submitted process > writeLargeFile (5)
Dec-18 21:27:12.436 [Task submitter] INFO  nextflow.Session - [db/7482cc] Submitted process > writeLargeFile (31)
Dec-18 21:27:12.474 [Task submitter] INFO  nextflow.Session - [99/68588d] Submitted process > writeLargeFile (27)
Dec-18 21:27:12.505 [Task submitter] INFO  nextflow.Session - [29/75be1b] Submitted process > writeLargeFile (32)
Dec-18 21:27:12.543 [Task submitter] INFO  nextflow.Session - [40/ab39f0] Submitted process > writeLargeFile (21)
Dec-18 21:27:12.576 [Task submitter] INFO  nextflow.Session - [4f/1c2ea9] Submitted process > writeLargeFile (30)
Dec-18 21:27:12.609 [Task submitter] INFO  nextflow.Session - [8b/5e9ae7] Submitted process > writeLargeFile (4)
Dec-18 21:27:12.643 [Task submitter] INFO  nextflow.Session - [2b/1ed6f1] Submitted process > writeLargeFile (20)
Dec-18 21:27:12.676 [Task submitter] INFO  nextflow.Session - [e2/d04fe4] Submitted process > writeLargeFile (16)
Dec-18 21:27:12.712 [Task submitter] INFO  nextflow.Session - [c4/b092df] Submitted process > writeLargeFile (33)
Dec-18 21:27:12.738 [Task submitter] INFO  nextflow.Session - [fb/b51d98] Submitted process > writeLargeFile (34)
Dec-18 21:27:12.770 [Task submitter] INFO  nextflow.Session - [7c/8258c9] Submitted process > writeLargeFile (35)
Dec-18 21:27:12.804 [Task submitter] INFO  nextflow.Session - [23/28ab9f] Submitted process > writeLargeFile (37)
Dec-18 21:27:12.834 [Task submitter] INFO  nextflow.Session - [c4/d2b048] Submitted process > writeLargeFile (36)
Dec-18 21:27:12.863 [Task submitter] INFO  nextflow.Session - [24/0824d2] Submitted process > writeLargeFile (38)
Dec-18 21:27:12.893 [Task submitter] INFO  nextflow.Session - [ff/0aa44d] Submitted process > writeLargeFile (39)
Dec-18 21:27:12.924 [Task submitter] INFO  nextflow.Session - [19/7eebe4] Submitted process > writeLargeFile (40)
Dec-18 21:27:12.950 [Task submitter] INFO  nextflow.Session - [21/efaf23] Submitted process > writeLargeFile (41)
Dec-18 21:27:12.981 [Task submitter] INFO  nextflow.Session - [6a/383069] Submitted process > writeLargeFile (42)
Dec-18 21:27:13.012 [Task submitter] INFO  nextflow.Session - [23/fe3c9f] Submitted process > writeLargeFile (44)
Dec-18 21:27:13.042 [Task submitter] INFO  nextflow.Session - [61/66abcc] Submitted process > writeLargeFile (64)
Dec-18 21:27:13.072 [Task submitter] INFO  nextflow.Session - [be/de5a42] Submitted process > writeLargeFile (43)
Dec-18 21:27:13.107 [Task submitter] INFO  nextflow.Session - [7a/f678da] Submitted process > writeLargeFile (45)
Dec-18 21:27:13.135 [Task submitter] INFO  nextflow.Session - [17/b01a6b] Submitted process > writeLargeFile (46)
Dec-18 21:27:13.166 [Task submitter] INFO  nextflow.Session - [6e/4cd46b] Submitted process > writeLargeFile (47)
Dec-18 21:27:13.196 [Task submitter] INFO  nextflow.Session - [e2/e6ee22] Submitted process > writeLargeFile (48)
Dec-18 21:27:13.224 [Task submitter] INFO  nextflow.Session - [40/868791] Submitted process > writeLargeFile (49)
Dec-18 21:27:13.252 [Task submitter] INFO  nextflow.Session - [88/914714] Submitted process > writeLargeFile (50)
Dec-18 21:27:13.283 [Task submitter] INFO  nextflow.Session - [76/009838] Submitted process > writeLargeFile (52)
Dec-18 21:27:13.311 [Task submitter] INFO  nextflow.Session - [00/07d7b9] Submitted process > writeLargeFile (51)
Dec-18 21:27:13.342 [Task submitter] INFO  nextflow.Session - [4a/95a56b] Submitted process > writeLargeFile (53)
Dec-18 21:27:13.369 [Task submitter] INFO  nextflow.Session - [c5/7b7b02] Submitted process > writeLargeFile (55)
Dec-18 21:27:13.396 [Task submitter] INFO  nextflow.Session - [74/75b4b3] Submitted process > writeLargeFile (82)
Dec-18 21:27:13.427 [Task submitter] INFO  nextflow.Session - [7e/6dd5e6] Submitted process > writeLargeFile (54)
Dec-18 21:27:13.456 [Task submitter] INFO  nextflow.Session - [6f/a507ad] Submitted process > writeLargeFile (56)
Dec-18 21:27:13.485 [Task submitter] INFO  nextflow.Session - [14/47b7c7] Submitted process > writeLargeFile (57)
Dec-18 21:27:13.514 [Task submitter] INFO  nextflow.Session - [a7/df50cb] Submitted process > writeLargeFile (58)
Dec-18 21:27:13.542 [Task submitter] INFO  nextflow.Session - [fb/986a45] Submitted process > writeLargeFile (59)
Dec-18 21:27:13.570 [Task submitter] INFO  nextflow.Session - [5e/c43ab5] Submitted process > writeLargeFile (60)
Dec-18 21:27:13.597 [Task submitter] INFO  nextflow.Session - [ba/fd228d] Submitted process > writeLargeFile (61)
Dec-18 21:27:13.628 [Task submitter] INFO  nextflow.Session - [97/f7553c] Submitted process > writeLargeFile (62)
Dec-18 21:27:13.662 [Task submitter] INFO  nextflow.Session - [9c/8fd095] Submitted process > writeLargeFile (65)
Dec-18 21:27:13.690 [Task submitter] INFO  nextflow.Session - [29/c9384d] Submitted process > writeLargeFile (66)
Dec-18 21:27:13.718 [Task submitter] INFO  nextflow.Session - [0e/354cf5] Submitted process > writeLargeFile (63)
Dec-18 21:27:13.750 [Task submitter] INFO  nextflow.Session - [3f/6c63de] Submitted process > writeLargeFile (68)
Dec-18 21:27:13.782 [Task submitter] INFO  nextflow.Session - [44/590362] Submitted process > writeLargeFile (69)
Dec-18 21:27:13.813 [Task submitter] INFO  nextflow.Session - [ab/8be303] Submitted process > writeLargeFile (67)
Dec-18 21:27:13.847 [Task submitter] INFO  nextflow.Session - [62/592c4a] Submitted process > writeLargeFile (70)
Dec-18 21:27:13.881 [Task submitter] INFO  nextflow.Session - [29/0ad56e] Submitted process > writeLargeFile (73)
Dec-18 21:27:13.913 [Task submitter] INFO  nextflow.Session - [43/751bd3] Submitted process > writeLargeFile (71)
Dec-18 21:27:13.946 [Task submitter] INFO  nextflow.Session - [3a/eeb990] Submitted process > writeLargeFile (72)
Dec-18 21:27:13.982 [Task submitter] INFO  nextflow.Session - [63/8f4b03] Submitted process > writeLargeFile (75)
Dec-18 21:27:14.014 [Task submitter] INFO  nextflow.Session - [af/56daa4] Submitted process > writeLargeFile (76)
Dec-18 21:27:14.044 [Task submitter] INFO  nextflow.Session - [fa/36920d] Submitted process > writeLargeFile (74)
Dec-18 21:27:14.074 [Task submitter] INFO  nextflow.Session - [fd/1b42cd] Submitted process > writeLargeFile (77)
Dec-18 21:27:14.105 [Task submitter] INFO  nextflow.Session - [d9/0d919e] Submitted process > writeLargeFile (79)
Dec-18 21:27:14.136 [Task submitter] INFO  nextflow.Session - [bc/c00572] Submitted process > writeLargeFile (78)
Dec-18 21:27:14.165 [Task submitter] INFO  nextflow.Session - [72/169263] Submitted process > writeLargeFile (80)
Dec-18 21:27:14.194 [Task submitter] INFO  nextflow.Session - [92/1c1371] Submitted process > writeLargeFile (81)
Dec-18 21:27:14.222 [Task submitter] INFO  nextflow.Session - [00/4de079] Submitted process > writeLargeFile (84)
Dec-18 21:27:14.253 [Task submitter] INFO  nextflow.Session - [8c/7c51c3] Submitted process > writeLargeFile (85)
Dec-18 21:27:14.430 [Task submitter] INFO  nextflow.Session - [4e/9e2d24] Submitted process > writeLargeFile (83)
Dec-18 21:27:14.671 [Task submitter] INFO  nextflow.Session - [5e/627b56] Submitted process > writeLargeFile (86)
Dec-18 21:27:14.817 [Task submitter] INFO  nextflow.Session - [7f/cbc9b9] Submitted process > writeLargeFile (87)
Dec-18 21:27:14.887 [Task submitter] INFO  nextflow.Session - [e5/8e707a] Submitted process > writeLargeFile (88)
Dec-18 21:27:14.958 [Task submitter] INFO  nextflow.Session - [e1/5d477a] Submitted process > writeLargeFile (90)
Dec-18 21:27:15.026 [Task submitter] INFO  nextflow.Session - [cc/d23516] Submitted process > writeLargeFile (89)
Dec-18 21:27:15.095 [Task submitter] INFO  nextflow.Session - [68/dd66ad] Submitted process > writeLargeFile (93)
Dec-18 21:27:15.162 [Task submitter] INFO  nextflow.Session - [80/0047d1] Submitted process > writeLargeFile (91)
Dec-18 21:27:15.229 [Task submitter] INFO  nextflow.Session - [24/e120bf] Submitted process > writeLargeFile (92)
Dec-18 21:27:15.295 [Task submitter] INFO  nextflow.Session - [e1/b6e825] Submitted process > writeLargeFile (94)
Dec-18 21:27:15.371 [Task submitter] INFO  nextflow.Session - [45/e23fd1] Submitted process > writeLargeFile (95)
Dec-18 21:27:15.437 [Task submitter] INFO  nextflow.Session - [60/cd2892] Submitted process > writeLargeFile (96)
Dec-18 21:27:15.505 [Task submitter] INFO  nextflow.Session - [7c/ac438a] Submitted process > writeLargeFile (99)
Dec-18 21:27:15.572 [Task submitter] INFO  nextflow.Session - [6d/2b9321] Submitted process > writeLargeFile (97)
Dec-18 21:27:15.645 [Task submitter] INFO  nextflow.Session - [c6/ff88e1] Submitted process > writeLargeFile (100)
Dec-18 21:27:15.708 [Task submitter] INFO  nextflow.Session - [0a/3a995e] Submitted process > writeLargeFile (98)
Dec-18 21:27:45.148 [Task monitor] DEBUG n.processor.TaskPollingMonitor - Task completed > TaskHandler[id: 18; name: writeLargeFile (18); status: COMPLETED; exit: 0; error: -; workDir: /input/data/work/f0/66d82877c44b84619a3d930fbf04af]
Dec-18 21:27:45.271 [Task monitor] DEBUG n.processor.TaskPollingMonitor - Task completed > TaskHandler[id: 14; name: writeLargeFile (14); status: COMPLETED; exit: 0; error: -; workDir: /input/data/work/81/dff70e98cf59bf0dbd5555973cd569]
Dec-18 21:27:45.361 [Task monitor] DEBUG n.processor.TaskPollingMonitor - Task completed > TaskHandler[id: 7; name: writeLargeFile (7); status: COMPLETED; exit: 0; error: -; workDir: /input/data/work/31/7e548c4ae7753ae5f36ee1cd0ea35e]
Dec-18 21:28:00.813 [Task monitor] DEBUG n.processor.TaskPollingMonitor - Task completed > TaskHandler[id: 24; name: writeLargeFile (24); status: COMPLETED; exit: 0; error: -; workDir: /input/data/work/9c/c604f68c05ff3f22e85c918e288638]
Dec-18 21:28:11.076 [Task monitor] DEBUG n.processor.TaskPollingMonitor - Task completed > TaskHandler[id: 3; name: writeLargeFile (3); status: COMPLETED; exit: 0; error: -; workDir: /input/data/work/32/b887f899d07ed70180f531f0ec27ef]
Dec-18 21:28:11.119 [Task monitor] DEBUG n.processor.TaskPollingMonitor - Task completed > TaskHandler[id: 6; name: writeLargeFile (6); status: COMPLETED; exit: 0; error: -; workDir: /input/data/work/5e/a65ef3c7d8500c7b9d0e1fc16ce966]
Dec-18 21:28:18.726 [Task monitor] DEBUG n.processor.TaskPollingMonitor - Task completed > TaskHandler[id: 29; name: writeLargeFile (29); status: COMPLETED; exit: 0; error: -; workDir: /input/data/work/47/abcda383e6ae1cd4481eaeedb986dd]
Dec-18 21:28:18.760 [Task monitor] DEBUG n.processor.TaskPollingMonitor - Task completed > TaskHandler[id: 12; name: writeLargeFile (12); status: COMPLETED; exit: 0; error: -; workDir: /input/data/work/4b/1017b05d017e5c5fba5471d4fb4b2d]
Dec-18 21:28:18.798 [Task monitor] DEBUG n.processor.TaskPollingMonitor - Task completed > TaskHandler[id: 10; name: writeLargeFile (10); status: COMPLETED; exit: 0; error: -; workDir: /input/data/work/68/8dba0070554d5d2ff67e38009fd0dd]
Dec-18 21:28:38.884 [Task monitor] DEBUG n.processor.TaskPollingMonitor - Task completed > TaskHandler[id: 8; name: writeLargeFile (8); status: COMPLETED; exit: 0; error: -; workDir: /input/data/work/8b/14ef5e1b5ee47bf3922bd0d690bafd]
Dec-18 21:28:45.238 [Task monitor] DEBUG n.processor.TaskPollingMonitor - Task completed > TaskHandler[id: 1; name: writeLargeFile (1); status: COMPLETED; exit: 0; error: -; workDir: /input/data/work/d8/1e82f527869292151433fb619fd167]
Dec-18 21:28:45.281 [Task monitor] DEBUG n.processor.TaskPollingMonitor - Task completed > TaskHandler[id: 25; name: writeLargeFile (25); status: COMPLETED; exit: 0; error: -; workDir: /input/data/work/2f/ced74ce0ef1df8bd8c5913a579a687]
Dec-18 21:28:47.802 [Task monitor] DEBUG n.processor.TaskPollingMonitor - Task completed > TaskHandler[id: 11; name: writeLargeFile (11); status: COMPLETED; exit: 0; error: -; workDir: /input/data/work/30/2d7f56a68ad1d9192ec931392763a5]
Dec-18 21:28:47.838 [Task monitor] DEBUG n.processor.TaskPollingMonitor - Task completed > TaskHandler[id: 23; name: writeLargeFile (23); status: COMPLETED; exit: 0; error: -; workDir: /input/data/work/88/76e8fc592143740d10671952011f31]
Dec-18 21:28:47.883 [Task monitor] DEBUG n.processor.TaskPollingMonitor - Task completed > TaskHandler[id: 26; name: writeLargeFile (26); status: COMPLETED; exit: 0; error: -; workDir: /input/data/work/cf/aa0019cee4b9df687dbbdd854f9a04]
Dec-18 21:29:09.190 [Task monitor] DEBUG n.processor.TaskPollingMonitor - Task completed > TaskHandler[id: 22; name: writeLargeFile (22); status: COMPLETED; exit: 0; error: -; workDir: /input/data/work/95/fd8b3d2cd39a254753b9bd4dad6d64]
Dec-18 21:29:10.339 [Task monitor] DEBUG n.processor.TaskPollingMonitor - Task completed > TaskHandler[id: 17; name: writeLargeFile (17); status: COMPLETED; exit: 0; error: -; workDir: /input/data/work/4a/001b01bfe881074125ce398d4b03fb]
Dec-18 21:29:10.420 [Task monitor] DEBUG n.processor.TaskPollingMonitor - Task completed > TaskHandler[id: 9; name: writeLargeFile (9); status: COMPLETED; exit: 0; error: -; workDir: /input/data/work/f5/8399754a773481a4f9d8c95ff93efe]
Dec-18 21:29:19.301 [Task monitor] DEBUG n.processor.TaskPollingMonitor - Task completed > TaskHandler[id: 2; name: writeLargeFile (2); status: COMPLETED; exit: 0; error: -; workDir: /input/data/work/e0/3904a2456cea1ed0ab708f6d607383]
Dec-18 21:29:19.342 [Task monitor] DEBUG n.processor.TaskPollingMonitor - Task completed > TaskHandler[id: 13; name: writeLargeFile (13); status: COMPLETED; exit: 0; error: -; workDir: /input/data/work/76/780bb79cb3676860a5147c21c31ea0]
Dec-18 21:29:19.384 [Task monitor] DEBUG n.processor.TaskPollingMonitor - Task completed > TaskHandler[id: 19; name: writeLargeFile (19); status: COMPLETED; exit: 0; error: -; workDir: /input/data/work/44/916209ac01a9ccfd0127a27e837cd1]
Dec-18 21:29:37.678 [Task monitor] DEBUG n.processor.TaskPollingMonitor - Task completed > TaskHandler[id: 28; name: writeLargeFile (28); status: COMPLETED; exit: 0; error: -; workDir: /input/data/work/dc/a6e45d1eed6456ae48e2e9d827a496]
Dec-18 21:29:37.782 [Task monitor] DEBUG n.processor.TaskPollingMonitor - Task completed > TaskHandler[id: 15; name: writeLargeFile (15); status: COMPLETED; exit: 0; error: -; workDir: /input/data/work/34/04b9dfcdd7e0bb9f8eb053515a69ef]
Dec-18 21:29:44.726 [Task monitor] DEBUG n.processor.TaskPollingMonitor - Task completed > TaskHandler[id: 5; name: writeLargeFile (5); status: COMPLETED; exit: 0; error: -; workDir: /input/data/work/53/1cf9fc008e28c063fff7671970dd52]
Dec-18 21:29:46.860 [Task monitor] DEBUG n.processor.TaskPollingMonitor - Task completed > TaskHandler[id: 31; name: writeLargeFile (31); status: COMPLETED; exit: 0; error: -; workDir: /input/data/work/db/7482cc8ce6a739fcc86e244416d4d0]
Dec-18 21:29:46.896 [Task monitor] DEBUG n.processor.TaskPollingMonitor - Task completed > TaskHandler[id: 27; name: writeLargeFile (27); status: COMPLETED; exit: 0; error: -; workDir: /input/data/work/99/68588d62964ce5483ef66e630e3bfe]
Dec-18 21:29:46.928 [Task monitor] DEBUG n.processor.TaskPollingMonitor - Task completed > TaskHandler[id: 32; name: writeLargeFile (32); status: COMPLETED; exit: 0; error: -; workDir: /input/data/work/29/75be1b43cb2f188f9c74d487ee240e]
Dec-18 21:30:05.434 [Task monitor] DEBUG n.processor.TaskPollingMonitor - Task completed > TaskHandler[id: 21; name: writeLargeFile (21); status: COMPLETED; exit: 0; error: -; workDir: /input/data/work/40/ab39f0069bdd138848ed434675806c]
Dec-18 21:30:10.251 [Task monitor] DEBUG n.processor.TaskPollingMonitor - Task completed > TaskHandler[id: 30; name: writeLargeFile (30); status: COMPLETED; exit: 0; error: -; workDir: /input/data/work/4f/1c2ea9e34a0f0d2df7d02a9ade0852]
Dec-18 21:30:11.664 [Task monitor] DEBUG n.processor.TaskPollingMonitor - Task completed > TaskHandler[id: 4; name: writeLargeFile (4); status: COMPLETED; exit: 0; error: -; workDir: /input/data/work/8b/5e9ae71ad507da92521cd0430c4336]
Dec-18 21:30:19.770 [Task monitor] DEBUG n.processor.TaskPollingMonitor - Task completed > TaskHandler[id: 20; name: writeLargeFile (20); status: COMPLETED; exit: 0; error: -; workDir: /input/data/work/2b/1ed6f172ff70c01f1ee7fd2e37265a]
Dec-18 21:30:19.871 [Task monitor] DEBUG n.processor.TaskPollingMonitor - Task completed > TaskHandler[id: 16; name: writeLargeFile (16); status: COMPLETED; exit: 0; error: -; workDir: /input/data/work/e2/d04fe4fbd8db8c8dbd8fad78b58f05]
Dec-18 21:30:19.947 [Task monitor] DEBUG n.processor.TaskPollingMonitor - Task completed > TaskHandler[id: 33; name: writeLargeFile (33); status: COMPLETED; exit: 0; error: -; workDir: /input/data/work/c4/b092df4f7b16ff111b363b99fbd15f]
Dec-18 21:30:37.149 [Task monitor] DEBUG n.processor.TaskPollingMonitor - Task completed > TaskHandler[id: 34; name: writeLargeFile (34); status: COMPLETED; exit: 0; error: -; workDir: /input/data/work/fb/b51d98842b7d0936d1d40bc7054699]
Dec-18 21:30:44.322 [Task monitor] DEBUG n.processor.TaskPollingMonitor - Task completed > TaskHandler[id: 35; name: writeLargeFile (35); status: COMPLETED; exit: 0; error: -; workDir: /input/data/work/7c/8258c96be11f01b39558d70b5b4a32]
Dec-18 21:30:44.369 [Task monitor] DEBUG n.processor.TaskPollingMonitor - Task completed > TaskHandler[id: 37; name: writeLargeFile (37); status: COMPLETED; exit: 0; error: -; workDir: /input/data/work/23/28ab9f1cefbbaec1e8187731bf9670]
Dec-18 21:30:46.162 [Task monitor] DEBUG n.processor.TaskPollingMonitor - Task completed > TaskHandler[id: 36; name: writeLargeFile (36); status: COMPLETED; exit: 0; error: -; workDir: /input/data/work/c4/d2b048a0e4de58f2d880ab29bd4aea]
Dec-18 21:30:46.197 [Task monitor] DEBUG n.processor.TaskPollingMonitor - Task completed > TaskHandler[id: 38; name: writeLargeFile (38); status: COMPLETED; exit: 0; error: -; workDir: /input/data/work/24/0824d269c820168c9ca0c4ddbd108c]
Dec-18 21:30:46.229 [Task monitor] DEBUG n.processor.TaskPollingMonitor - Task completed > TaskHandler[id: 39; name: writeLargeFile (39); status: COMPLETED; exit: 0; error: -; workDir: /input/data/work/ff/0aa44da004e52a5f5e91927d2f7b4d]
Dec-18 21:31:08.345 [Task monitor] DEBUG n.processor.TaskPollingMonitor - Task completed > TaskHandler[id: 40; name: writeLargeFile (40); status: COMPLETED; exit: 0; error: -; workDir: /input/data/work/19/7eebe40cd45e714cbc50bdc5daca04]
Dec-18 21:31:08.496 [Task monitor] DEBUG n.processor.TaskPollingMonitor - Task completed > TaskHandler[id: 41; name: writeLargeFile (41); status: COMPLETED; exit: 0; error: -; workDir: /input/data/work/21/efaf23469cc2c345ed983f22ba1e96]
Dec-18 21:31:13.832 [Task monitor] DEBUG n.processor.TaskPollingMonitor - Task completed > TaskHandler[id: 42; name: writeLargeFile (42); status: COMPLETED; exit: 0; error: -; workDir: /input/data/work/6a/383069c949e29b9c47df8581945616]
Dec-18 21:31:25.508 [Task monitor] DEBUG n.processor.TaskPollingMonitor - Task completed > TaskHandler[id: 44; name: writeLargeFile (44); status: COMPLETED; exit: 0; error: -; workDir: /input/data/work/23/fe3c9f6eddf18944d846eddb5de619]
Dec-18 21:31:25.578 [Task monitor] DEBUG n.processor.TaskPollingMonitor - Task completed > TaskHandler[id: 64; name: writeLargeFile (64); status: COMPLETED; exit: 0; error: -; workDir: /input/data/work/61/66abccf2df3bd63f3330377606bfcd]
Dec-18 21:31:25.644 [Task monitor] DEBUG n.processor.TaskPollingMonitor - Task completed > TaskHandler[id: 43; name: writeLargeFile (43); status: COMPLETED; exit: 0; error: -; workDir: /input/data/work/be/de5a42bad71f9cb44d73f6085f1eae]
Dec-18 21:31:48.027 [Task monitor] DEBUG n.processor.TaskPollingMonitor - Task completed > TaskHandler[id: 45; name: writeLargeFile (45); status: COMPLETED; exit: 0; error: -; workDir: /input/data/work/7a/f678da6a2b875713d51b6d1f384d57]
Dec-18 21:31:48.073 [Task monitor] DEBUG n.processor.TaskPollingMonitor - Task completed > TaskHandler[id: 46; name: writeLargeFile (46); status: COMPLETED; exit: 0; error: -; workDir: /input/data/work/17/b01a6b9e9dd250766b904a93acef41]
Dec-18 21:31:48.588 [Task monitor] DEBUG n.processor.TaskPollingMonitor - Task completed > TaskHandler[id: 47; name: writeLargeFile (47); status: COMPLETED; exit: 0; error: -; workDir: /input/data/work/6e/4cd46bc24e974f3c513988cfd21bc4]
Dec-18 21:31:55.135 [Task monitor] DEBUG n.processor.TaskPollingMonitor - Task completed > TaskHandler[id: 48; name: writeLargeFile (48); status: COMPLETED; exit: 0; error: -; workDir: /input/data/work/e2/e6ee227a11b702dbac38fb4e9ffac4]
Dec-18 21:31:55.201 [Task monitor] DEBUG n.processor.TaskPollingMonitor - Task completed > TaskHandler[id: 49; name: writeLargeFile (49); status: COMPLETED; exit: 0; error: -; workDir: /input/data/work/40/868791f1e53f5151a250a3639f79cb]
Dec-18 21:31:55.261 [Task monitor] DEBUG n.processor.TaskPollingMonitor - Task completed > TaskHandler[id: 50; name: writeLargeFile (50); status: COMPLETED; exit: 0; error: -; workDir: /input/data/work/88/9147141093e216f3b02ea6330fa13d]
Dec-18 21:32:12.095 [Task monitor] DEBUG n.processor.TaskPollingMonitor - Task completed > TaskHandler[id: 52; name: writeLargeFile (52); status: COMPLETED; exit: 0; error: -; workDir: /input/data/work/76/009838b20415215327387eb55fe7b7]
Dec-18 21:32:20.090 [Task monitor] DEBUG n.processor.TaskPollingMonitor - Task completed > TaskHandler[id: 51; name: writeLargeFile (51); status: COMPLETED; exit: 0; error: -; workDir: /input/data/work/00/07d7b9c305991b95835c33efce3903]
Dec-18 21:32:20.197 [Task monitor] DEBUG n.processor.TaskPollingMonitor - Task completed > TaskHandler[id: 53; name: writeLargeFile (53); status: COMPLETED; exit: 0; error: -; workDir: /input/data/work/4a/95a56b431edeb5b86684a181a5ad1b]
Dec-18 21:32:21.465 [Task monitor] DEBUG n.processor.TaskPollingMonitor - !! executor k8s > tasks to be completed: 46 -- submitted tasks are shown below
~> TaskHandler[id: 55; name: writeLargeFile (55); status: RUNNING; exit: -; error: -; workDir: /input/data/work/c5/7b7b02b2e4e840a8c9dcf686f2f77c]
~> TaskHandler[id: 82; name: writeLargeFile (82); status: RUNNING; exit: -; error: -; workDir: /input/data/work/74/75b4b30a792bcd51c1962584b1ddf1]
~> TaskHandler[id: 54; name: writeLargeFile (54); status: RUNNING; exit: -; error: -; workDir: /input/data/work/7e/6dd5e6afccc430c2cb91f54014adc6]
~> TaskHandler[id: 56; name: writeLargeFile (56); status: RUNNING; exit: -; error: -; workDir: /input/data/work/6f/a507adc0ab7ccaa6174dc95372876b]
~> TaskHandler[id: 57; name: writeLargeFile (57); status: RUNNING; exit: -; error: -; workDir: /input/data/work/14/47b7c7ed32fb4938949d49014cd31c]
~> TaskHandler[id: 58; name: writeLargeFile (58); status: RUNNING; exit: -; error: -; workDir: /input/data/work/a7/df50cba1c7b1e1dfa0a335f325fe5b]
~> TaskHandler[id: 59; name: writeLargeFile (59); status: SUBMITTED; exit: -; error: -; workDir: /input/data/work/fb/986a45fe75a203567f47bb385fe4d0]
~> TaskHandler[id: 60; name: writeLargeFile (60); status: SUBMITTED; exit: -; error: -; workDir: /input/data/work/5e/c43ab51ac44646e6d0287c1506dce5]
~> TaskHandler[id: 61; name: writeLargeFile (61); status: SUBMITTED; exit: -; error: -; workDir: /input/data/work/ba/fd228d28db64e49bb503351165b5d1]
~> TaskHandler[id: 62; name: writeLargeFile (62); status: SUBMITTED; exit: -; error: -; workDir: /input/data/work/97/f7553cb5d007ed31dd4ee03ebc1198]
.. remaining tasks omitted.
Dec-18 21:32:26.499 [Task monitor] DEBUG n.processor.TaskPollingMonitor - Task completed > TaskHandler[id: 55; name: writeLargeFile (55); status: COMPLETED; exit: 0; error: -; workDir: /input/data/work/c5/7b7b02b2e4e840a8c9dcf686f2f77c]
Dec-18 21:32:26.535 [Task monitor] DEBUG n.processor.TaskPollingMonitor - Task completed > TaskHandler[id: 82; name: writeLargeFile (82); status: COMPLETED; exit: 0; error: -; workDir: /input/data/work/74/75b4b30a792bcd51c1962584b1ddf1]
Dec-18 21:32:26.571 [Task monitor] DEBUG n.processor.TaskPollingMonitor - Task completed > TaskHandler[id: 54; name: writeLargeFile (54); status: COMPLETED; exit: 0; error: -; workDir: /input/data/work/7e/6dd5e6afccc430c2cb91f54014adc6]
Dec-18 21:32:51.431 [Task monitor] DEBUG n.processor.TaskPollingMonitor - Task completed > TaskHandler[id: 56; name: writeLargeFile (56); status: COMPLETED; exit: 0; error: -; workDir: /input/data/work/6f/a507adc0ab7ccaa6174dc95372876b]
Dec-18 21:32:53.272 [Task monitor] DEBUG n.processor.TaskPollingMonitor - Task completed > TaskHandler[id: 57; name: writeLargeFile (57); status: COMPLETED; exit: 0; error: -; workDir: /input/data/work/14/47b7c7ed32fb4938949d49014cd31c]
Dec-18 21:32:53.424 [Task monitor] DEBUG n.processor.TaskPollingMonitor - Task completed > TaskHandler[id: 58; name: writeLargeFile (58); status: COMPLETED; exit: 0; error: -; workDir: /input/data/work/a7/df50cba1c7b1e1dfa0a335f325fe5b]
Dec-18 21:32:59.572 [Task monitor] DEBUG n.processor.TaskPollingMonitor - Task completed > TaskHandler[id: 59; name: writeLargeFile (59); status: COMPLETED; exit: 0; error: -; workDir: /input/data/work/fb/986a45fe75a203567f47bb385fe4d0]
Dec-18 21:32:59.611 [Task monitor] DEBUG n.processor.TaskPollingMonitor - Task completed > TaskHandler[id: 60; name: writeLargeFile (60); status: COMPLETED; exit: 0; error: -; workDir: /input/data/work/5e/c43ab51ac44646e6d0287c1506dce5]
Dec-18 21:32:59.650 [Task monitor] DEBUG n.processor.TaskPollingMonitor - Task completed > TaskHandler[id: 61; name: writeLargeFile (61); status: COMPLETED; exit: 0; error: -; workDir: /input/data/work/ba/fd228d28db64e49bb503351165b5d1]
Dec-18 21:33:24.379 [Task monitor] DEBUG n.processor.TaskPollingMonitor - Task completed > TaskHandler[id: 62; name: writeLargeFile (62); status: COMPLETED; exit: 0; error: -; workDir: /input/data/work/97/f7553cb5d007ed31dd4ee03ebc1198]
Dec-18 21:33:25.069 [Task monitor] DEBUG n.processor.TaskPollingMonitor - Task completed > TaskHandler[id: 65; name: writeLargeFile (65); status: COMPLETED; exit: 0; error: -; workDir: /input/data/work/9c/8fd095b47c1e1d5d878f211235127e]
Dec-18 21:33:25.111 [Task monitor] DEBUG n.processor.TaskPollingMonitor - Task completed > TaskHandler[id: 66; name: writeLargeFile (66); status: COMPLETED; exit: 0; error: -; workDir: /input/data/work/29/c9384d2eafc1028dd245022de03e29]
Dec-18 21:33:31.104 [Task monitor] DEBUG n.processor.TaskPollingMonitor - Task completed > TaskHandler[id: 69; name: writeLargeFile (69); status: COMPLETED; exit: 0; error: -; workDir: /input/data/work/44/590362048da2277057ce972d0f7bc6]
Dec-18 21:33:36.103 [Task monitor] DEBUG n.processor.TaskPollingMonitor - Task completed > TaskHandler[id: 63; name: writeLargeFile (63); status: COMPLETED; exit: 0; error: -; workDir: /input/data/work/0e/354cf5f04c1b4168be6f8707b17cd5]
Dec-18 21:33:36.175 [Task monitor] DEBUG n.processor.TaskPollingMonitor - Task completed > TaskHandler[id: 68; name: writeLargeFile (68); status: COMPLETED; exit: 0; error: -; workDir: /input/data/work/3f/6c63de39a7e015c5d876ad42d735f6]
Dec-18 21:33:58.036 [Task monitor] DEBUG n.processor.TaskPollingMonitor - Task completed > TaskHandler[id: 67; name: writeLargeFile (67); status: COMPLETED; exit: 0; error: -; workDir: /input/data/work/ab/8be30374d76816efc7d53b9b0a131e]
Dec-18 21:33:58.097 [Task monitor] DEBUG n.processor.TaskPollingMonitor - Task completed > TaskHandler[id: 70; name: writeLargeFile (70); status: COMPLETED; exit: 0; error: -; workDir: /input/data/work/62/592c4a2fcb7d67f06bd3ae61b77e83]
Dec-18 21:33:58.139 [Task monitor] DEBUG n.processor.TaskPollingMonitor - Task completed > TaskHandler[id: 73; name: writeLargeFile (73); status: COMPLETED; exit: 0; error: -; workDir: /input/data/work/29/0ad56ea78886c3daf70aa2cf7bda59]
Dec-18 21:34:03.928 [Task monitor] DEBUG n.processor.TaskPollingMonitor - Task completed > TaskHandler[id: 71; name: writeLargeFile (71); status: COMPLETED; exit: 0; error: -; workDir: /input/data/work/43/751bd3ba5e9e22f51a947c80dcb3c5]
Dec-18 21:34:03.967 [Task monitor] DEBUG n.processor.TaskPollingMonitor - Task completed > TaskHandler[id: 72; name: writeLargeFile (72); status: COMPLETED; exit: 0; error: -; workDir: /input/data/work/3a/eeb99037af7c14552686e723eddb08]
Dec-18 21:34:04.006 [Task monitor] DEBUG n.processor.TaskPollingMonitor - Task completed > TaskHandler[id: 75; name: writeLargeFile (75); status: COMPLETED; exit: 0; error: -; workDir: /input/data/work/63/8f4b0381206e9e9f49c83691613282]
Dec-18 21:34:24.597 [Task monitor] DEBUG n.processor.TaskPollingMonitor - Task completed > TaskHandler[id: 76; name: writeLargeFile (76); status: COMPLETED; exit: 0; error: -; workDir: /input/data/work/af/56daa4bf6e22d5293939b1828a51ef]
Dec-18 21:34:28.752 [Task monitor] DEBUG n.processor.TaskPollingMonitor - Task completed > TaskHandler[id: 74; name: writeLargeFile (74); status: COMPLETED; exit: 0; error: -; workDir: /input/data/work/fa/36920d125c2c1ea0c169003d8c2ee4]
Dec-18 21:34:31.893 [Task monitor] DEBUG n.processor.TaskPollingMonitor - Task completed > TaskHandler[id: 77; name: writeLargeFile (77); status: COMPLETED; exit: 0; error: -; workDir: /input/data/work/fd/1b42cd3e1fe0147651a238495d763c]
Dec-18 21:34:37.553 [Task monitor] DEBUG n.processor.TaskPollingMonitor - Task completed > TaskHandler[id: 79; name: writeLargeFile (79); status: COMPLETED; exit: 0; error: -; workDir: /input/data/work/d9/0d919ea883001d6333acc8305686e3]
Dec-18 21:34:37.624 [Task monitor] DEBUG n.processor.TaskPollingMonitor - Task completed > TaskHandler[id: 78; name: writeLargeFile (78); status: COMPLETED; exit: 0; error: -; workDir: /input/data/work/bc/c0057296eb9a0f7b3b083b63697398]
Dec-18 21:34:37.697 [Task monitor] DEBUG n.processor.TaskPollingMonitor - Task completed > TaskHandler[id: 80; name: writeLargeFile (80); status: COMPLETED; exit: 0; error: -; workDir: /input/data/work/72/1692631933c465de4cb2bdab6586e2]
Dec-18 21:35:01.964 [Task monitor] DEBUG n.processor.TaskPollingMonitor - Task completed > TaskHandler[id: 81; name: writeLargeFile (81); status: COMPLETED; exit: 0; error: -; workDir: /input/data/work/92/1c13710af3a30f3fc66688499442e6]
Dec-18 21:35:04.905 [Task monitor] DEBUG n.processor.TaskPollingMonitor - Task completed > TaskHandler[id: 84; name: writeLargeFile (84); status: COMPLETED; exit: 0; error: -; workDir: /input/data/work/00/4de07995b4209e0d2e002a331b3343]
Dec-18 21:35:04.946 [Task monitor] DEBUG n.processor.TaskPollingMonitor - Task completed > TaskHandler[id: 85; name: writeLargeFile (85); status: COMPLETED; exit: 0; error: -; workDir: /input/data/work/8c/7c51c307b11e253f79d7ca4944a966]
Dec-18 21:35:10.428 [Task monitor] DEBUG n.processor.TaskPollingMonitor - Task completed > TaskHandler[id: 83; name: writeLargeFile (83); status: COMPLETED; exit: 0; error: -; workDir: /input/data/work/4e/9e2d247fc492330a52d676b695fc2d]
Dec-18 21:35:10.511 [Task monitor] DEBUG n.processor.TaskPollingMonitor - Task completed > TaskHandler[id: 86; name: writeLargeFile (86); status: COMPLETED; exit: 0; error: -; workDir: /input/data/work/5e/627b56157dfc30f2d5123cf49575a4]
Dec-18 21:35:10.585 [Task monitor] DEBUG n.processor.TaskPollingMonitor - Task completed > TaskHandler[id: 87; name: writeLargeFile (87); status: COMPLETED; exit: 0; error: -; workDir: /input/data/work/7f/cbc9b93bba5a6b73cef7dcb6000964]
Dec-18 21:35:33.389 [Task monitor] DEBUG n.processor.TaskPollingMonitor - Task completed > TaskHandler[id: 88; name: writeLargeFile (88); status: COMPLETED; exit: 0; error: -; workDir: /input/data/work/e5/8e707adc945cebe7267caacd740228]
Dec-18 21:35:33.710 [Task monitor] DEBUG n.processor.TaskPollingMonitor - Task completed > TaskHandler[id: 90; name: writeLargeFile (90); status: COMPLETED; exit: 0; error: -; workDir: /input/data/work/e1/5d477ace0c7281b68b026ae1f207c3]
Dec-18 21:35:33.749 [Task monitor] DEBUG n.processor.TaskPollingMonitor - Task completed > TaskHandler[id: 89; name: writeLargeFile (89); status: COMPLETED; exit: 0; error: -; workDir: /input/data/work/cc/d23516eaf4f20b93b641679348a2a2]
Dec-18 21:35:35.391 [Task monitor] DEBUG n.processor.TaskPollingMonitor - Task completed > TaskHandler[id: 93; name: writeLargeFile (93); status: COMPLETED; exit: 0; error: -; workDir: /input/data/work/68/dd66ad8c98b849f367ca364920c6d4]
Dec-18 21:35:35.428 [Task monitor] DEBUG n.processor.TaskPollingMonitor - Task completed > TaskHandler[id: 91; name: writeLargeFile (91); status: COMPLETED; exit: 0; error: -; workDir: /input/data/work/80/0047d164975ca12e9f124398c408b5]
Dec-18 21:35:35.463 [Task monitor] DEBUG n.processor.TaskPollingMonitor - Task completed > TaskHandler[id: 92; name: writeLargeFile (92); status: COMPLETED; exit: 0; error: -; workDir: /input/data/work/24/e120bff144d5ab4ece7f74813fe8e9]
Dec-18 21:36:05.394 [Task monitor] DEBUG n.processor.TaskPollingMonitor - Task completed > TaskHandler[id: 94; name: writeLargeFile (94); status: COMPLETED; exit: 0; error: -; workDir: /input/data/work/e1/b6e825d25b1761dd3e55e055e9acef]
Dec-18 21:36:05.441 [Task monitor] DEBUG n.processor.TaskPollingMonitor - Task completed > TaskHandler[id: 95; name: writeLargeFile (95); status: COMPLETED; exit: 0; error: -; workDir: /input/data/work/45/e23fd18c38b5c74483d8612013f781]
Dec-18 21:36:05.496 [Task monitor] DEBUG n.processor.TaskPollingMonitor - Task completed > TaskHandler[id: 96; name: writeLargeFile (96); status: COMPLETED; exit: 0; error: -; workDir: /input/data/work/60/cd28924a0e964d20b95698525e51ef]
Dec-18 21:36:10.392 [Task monitor] DEBUG n.processor.TaskPollingMonitor - Task completed > TaskHandler[id: 99; name: writeLargeFile (99); status: COMPLETED; exit: 0; error: -; workDir: /input/data/work/7c/ac438a9075bfc263dd53dd9cd9e879]
Dec-18 21:36:10.428 [Task monitor] DEBUG n.processor.TaskPollingMonitor - Task completed > TaskHandler[id: 97; name: writeLargeFile (97); status: COMPLETED; exit: 0; error: -; workDir: /input/data/work/6d/2b9321d139d1c24d3335b4a5f0471d]
Dec-18 21:36:10.466 [Task monitor] DEBUG n.processor.TaskPollingMonitor - Task completed > TaskHandler[id: 100; name: writeLargeFile (100); status: COMPLETED; exit: 0; error: -; workDir: /input/data/work/c6/ff88e162b04249240f293910547a66]
Dec-18 21:36:20.399 [Task monitor] DEBUG n.processor.TaskPollingMonitor - Task completed > TaskHandler[id: 98; name: writeLargeFile (98); status: COMPLETED; exit: 0; error: -; workDir: /input/data/work/0a/3a995e20022cf9a06e106383625135]
Dec-18 21:36:20.458 [Task submitter] INFO  nextflow.Session - [d1/708bb4] Submitted process > combineFilesB (26)
Dec-18 21:36:20.488 [Task submitter] INFO  nextflow.Session - [23/e9d648] Submitted process > combineFilesA (7)
Dec-18 21:36:20.516 [Task submitter] INFO  nextflow.Session - [24/8cff85] Submitted process > combineFilesA (18)
Dec-18 21:36:20.542 [Task submitter] INFO  nextflow.Session - [45/8f340d] Submitted process > combineFilesA (30)
Dec-18 21:36:20.569 [Task submitter] INFO  nextflow.Session - [a7/087687] Submitted process > combineFilesA (17)
Dec-18 21:36:20.598 [Task submitter] INFO  nextflow.Session - [44/7d9966] Submitted process > combineFilesB (10)
Dec-18 21:36:20.629 [Task submitter] INFO  nextflow.Session - [db/56350a] Submitted process > combineFilesB (14)
Dec-18 21:36:20.655 [Task submitter] INFO  nextflow.Session - [fb/6a73f7] Submitted process > combineFilesB (4)
Dec-18 21:36:20.680 [Task submitter] INFO  nextflow.Session - [57/81a86d] Submitted process > combineFilesA (10)
Dec-18 21:36:20.707 [Task submitter] INFO  nextflow.Session - [d1/7e9a21] Submitted process > combineFilesA (21)
Dec-18 21:36:20.738 [Task submitter] INFO  nextflow.Session - [7c/897838] Submitted process > combineFilesA (16)
Dec-18 21:36:20.763 [Task submitter] INFO  nextflow.Session - [cf/408685] Submitted process > combineFilesA (12)
Dec-18 21:36:20.787 [Task submitter] INFO  nextflow.Session - [fd/250566] Submitted process > combineFilesA (28)
Dec-18 21:36:20.812 [Task submitter] INFO  nextflow.Session - [0a/2d403c] Submitted process > combineFilesB (1)
Dec-18 21:36:20.838 [Task submitter] INFO  nextflow.Session - [71/e6c0c3] Submitted process > combineFilesB (7)
Dec-18 21:36:20.863 [Task submitter] INFO  nextflow.Session - [7e/357777] Submitted process > combineFilesA (20)
Dec-18 21:36:20.889 [Task submitter] INFO  nextflow.Session - [dc/762d60] Submitted process > combineFilesB (6)
Dec-18 21:36:20.926 [Task submitter] INFO  nextflow.Session - [2b/2675f1] Submitted process > combineFilesA (11)
Dec-18 21:36:20.953 [Task submitter] INFO  nextflow.Session - [40/87bc9e] Submitted process > combineFilesA (22)
Dec-18 21:36:20.974 [Task submitter] INFO  nextflow.Session - [4d/f41b72] Submitted process > combineFilesA (5)
Dec-18 21:36:20.998 [Task submitter] INFO  nextflow.Session - [6a/0efc24] Submitted process > combineFilesB (25)
Dec-18 21:36:21.024 [Task submitter] INFO  nextflow.Session - [02/b77e77] Submitted process > combineFilesA (19)
Dec-18 21:36:21.051 [Task submitter] INFO  nextflow.Session - [d7/550e7d] Submitted process > combineFilesA (3)
Dec-18 21:36:21.076 [Task submitter] INFO  nextflow.Session - [b8/8134bf] Submitted process > combineFilesA (15)
Dec-18 21:36:21.100 [Task submitter] INFO  nextflow.Session - [27/b2f332] Submitted process > combineFilesB (12)
Dec-18 21:36:21.128 [Task submitter] INFO  nextflow.Session - [2e/ce16fe] Submitted process > combineFilesB (15)
Dec-18 21:36:21.154 [Task submitter] INFO  nextflow.Session - [da/b4a437] Submitted process > combineFilesA (26)
Dec-18 21:36:21.184 [Task submitter] INFO  nextflow.Session - [06/6847c4] Submitted process > combineFilesA (9)
Dec-18 21:36:21.210 [Task submitter] INFO  nextflow.Session - [e8/0e5867] Submitted process > combineFilesA (23)
Dec-18 21:36:21.236 [Task submitter] INFO  nextflow.Session - [ea/1fa92d] Submitted process > combineFilesB (20)
Dec-18 21:36:21.266 [Task submitter] INFO  nextflow.Session - [77/7ea3d3] Submitted process > combineFilesA (29)
Dec-18 21:36:21.294 [Task submitter] INFO  nextflow.Session - [52/cd017b] Submitted process > combineFilesA (31)
Dec-18 21:36:21.319 [Task submitter] INFO  nextflow.Session - [70/31a759] Submitted process > combineFilesB (13)
Dec-18 21:36:21.347 [Task submitter] INFO  nextflow.Session - [e3/1a4bd0] Submitted process > combineFilesB (23)
Dec-18 21:36:21.372 [Task submitter] INFO  nextflow.Session - [a0/b9420c] Submitted process > combineFilesA (8)
Dec-18 21:36:21.399 [Task submitter] INFO  nextflow.Session - [e9/ab992d] Submitted process > combineFilesB (3)
Dec-18 21:36:21.427 [Task submitter] INFO  nextflow.Session - [d3/d08426] Submitted process > combineFilesB (24)
Dec-18 21:36:21.452 [Task submitter] INFO  nextflow.Session - [90/5f36ac] Submitted process > combineFilesA (33)
Dec-18 21:36:21.482 [Task submitter] INFO  nextflow.Session - [f4/49163f] Submitted process > combineFilesA (32)
Dec-18 21:36:21.512 [Task submitter] INFO  nextflow.Session - [50/95b9b1] Submitted process > combineFilesB (5)
Dec-18 21:36:21.541 [Task submitter] INFO  nextflow.Session - [2c/ab6e8c] Submitted process > combineFilesB (22)
Dec-18 21:36:21.573 [Task submitter] INFO  nextflow.Session - [e6/87dad8] Submitted process > combineFilesB (18)
Dec-18 21:36:21.599 [Task submitter] INFO  nextflow.Session - [f6/885350] Submitted process > combineFilesB (16)
Dec-18 21:36:21.626 [Task submitter] INFO  nextflow.Session - [0d/09836e] Submitted process > combineFilesA (6)
Dec-18 21:36:21.653 [Task submitter] INFO  nextflow.Session - [98/9edd1d] Submitted process > combineFilesB (9)
Dec-18 21:36:21.684 [Task submitter] INFO  nextflow.Session - [2c/d64b84] Submitted process > combineFilesA (1)
Dec-18 21:36:21.710 [Task submitter] INFO  nextflow.Session - [15/cd047d] Submitted process > combineFilesA (14)
Dec-18 21:36:21.742 [Task submitter] INFO  nextflow.Session - [8d/611e82] Submitted process > combineFilesA (13)
Dec-18 21:36:21.767 [Task submitter] INFO  nextflow.Session - [1a/ec4541] Submitted process > combineFilesA (24)
Dec-18 21:36:21.797 [Task submitter] INFO  nextflow.Session - [09/8eed42] Submitted process > combineFilesA (2)
Dec-18 21:36:21.826 [Task submitter] INFO  nextflow.Session - [1e/40f5b6] Submitted process > combineFilesB (8)
Dec-18 21:36:21.853 [Task submitter] INFO  nextflow.Session - [83/0c0b9a] Submitted process > combineFilesA (25)
Dec-18 21:36:21.918 [Task submitter] INFO  nextflow.Session - [03/6d0ff5] Submitted process > combineFilesA (27)
Dec-18 21:36:22.008 [Task submitter] INFO  nextflow.Session - [eb/3782d2] Submitted process > combineFilesB (2)
Dec-18 21:36:22.090 [Task submitter] INFO  nextflow.Session - [87/15b971] Submitted process > combineFilesB (11)
Dec-18 21:36:22.167 [Task submitter] INFO  nextflow.Session - [dd/55c062] Submitted process > combineFilesB (21)
Dec-18 21:36:22.265 [Task submitter] INFO  nextflow.Session - [87/d39154] Submitted process > combineFilesA (4)
Dec-18 21:36:22.367 [Task submitter] INFO  nextflow.Session - [f2/c9d91a] Submitted process > combineFilesB (19)
Dec-18 21:36:22.489 [Task submitter] INFO  nextflow.Session - [0f/2423f4] Submitted process > combineFilesB (17)
Dec-18 21:36:22.592 [Task submitter] INFO  nextflow.Session - [d0/a12e5f] Submitted process > combineFilesA (34)
Dec-18 21:37:35.317 [Task monitor] DEBUG n.processor.TaskPollingMonitor - Task completed > TaskHandler[id: 154; name: combineFilesB (26); status: COMPLETED; exit: 0; error: -; workDir: /input/data/work/d1/708bb4c196f686d35e98b60af7d2c2]
Dec-18 21:37:56.085 [Task monitor] DEBUG n.processor.TaskPollingMonitor - !! executor k8s > tasks to be completed: 59 -- submitted tasks are shown below
~> TaskHandler[id: 112; name: combineFilesA (7); status: RUNNING; exit: -; error: -; workDir: /input/data/work/23/e9d6480f73295fa6c7f25b6d2be582]
~> TaskHandler[id: 133; name: combineFilesA (18); status: RUNNING; exit: -; error: -; workDir: /input/data/work/24/8cff855eb99fb511a7e6ceb25af315]
~> TaskHandler[id: 156; name: combineFilesA (30); status: RUNNING; exit: -; error: -; workDir: /input/data/work/45/8f340dd6745807f2695591764c0587]
~> TaskHandler[id: 132; name: combineFilesA (17); status: RUNNING; exit: -; error: -; workDir: /input/data/work/a7/0876871300cff26ecd0323d42240da]
~> TaskHandler[id: 121; name: combineFilesB (10); status: RUNNING; exit: -; error: -; workDir: /input/data/work/44/7d99667e88a9f5bbd4963bba85d3b5]
~> TaskHandler[id: 129; name: combineFilesB (14); status: SUBMITTED; exit: -; error: -; workDir: /input/data/work/db/56350a1ab55c306fe022b2c5d56f42]
~> TaskHandler[id: 108; name: combineFilesB (4); status: SUBMITTED; exit: -; error: -; workDir: /input/data/work/fb/6a73f735eb36c2ca53206b87dc7eca]
~> TaskHandler[id: 117; name: combineFilesA (10); status: SUBMITTED; exit: -; error: -; workDir: /input/data/work/57/81a86d020016ac47b5ad2223d7b804]
~> TaskHandler[id: 139; name: combineFilesA (21); status: SUBMITTED; exit: -; error: -; workDir: /input/data/work/d1/7e9a21226ba22a708a2f25df4c85d8]
~> TaskHandler[id: 130; name: combineFilesA (16); status: SUBMITTED; exit: -; error: -; workDir: /input/data/work/7c/8978389aceb526e1fc8203c95ecbc6]
.. remaining tasks omitted.
Dec-18 21:37:56.115 [Task monitor] DEBUG n.processor.TaskPollingMonitor - Task completed > TaskHandler[id: 112; name: combineFilesA (7); status: COMPLETED; exit: 0; error: -; workDir: /input/data/work/23/e9d6480f73295fa6c7f25b6d2be582]
Dec-18 21:37:56.192 [Task monitor] DEBUG n.processor.TaskPollingMonitor - Task completed > TaskHandler[id: 121; name: combineFilesB (10); status: COMPLETED; exit: 0; error: -; workDir: /input/data/work/44/7d99667e88a9f5bbd4963bba85d3b5]
Dec-18 21:38:26.320 [Task monitor] DEBUG n.processor.TaskPollingMonitor - Task completed > TaskHandler[id: 156; name: combineFilesA (30); status: COMPLETED; exit: 0; error: -; workDir: /input/data/work/45/8f340dd6745807f2695591764c0587]
Dec-18 21:39:42.847 [Task monitor] DEBUG n.processor.TaskPollingMonitor - Task completed > TaskHandler[id: 133; name: combineFilesA (18); status: COMPLETED; exit: 0; error: -; workDir: /input/data/work/24/8cff855eb99fb511a7e6ceb25af315]
Dec-18 21:39:46.931 [Task monitor] DEBUG n.processor.TaskPollingMonitor - Task completed > TaskHandler[id: 132; name: combineFilesA (17); status: COMPLETED; exit: 0; error: -; workDir: /input/data/work/a7/0876871300cff26ecd0323d42240da]
Dec-18 21:39:48.488 [Task monitor] DEBUG n.processor.TaskPollingMonitor - Task completed > TaskHandler[id: 124; name: combineFilesB (12); status: COMPLETED; exit: 0; error: -; workDir: /input/data/work/27/b2f33261126350a74345f55973a5d9]
Dec-18 21:39:54.797 [Task monitor] DEBUG n.processor.TaskPollingMonitor - Task completed > TaskHandler[id: 108; name: combineFilesB (4); status: COMPLETED; exit: 0; error: -; workDir: /input/data/work/fb/6a73f735eb36c2ca53206b87dc7eca]
Dec-18 21:40:36.212 [Task monitor] DEBUG n.processor.TaskPollingMonitor - Task completed > TaskHandler[id: 118; name: combineFilesB (8); status: COMPLETED; exit: 0; error: -; workDir: /input/data/work/1e/40f5b6d2aca3a9c518f87418043754]
Dec-18 21:41:25.978 [Task monitor] DEBUG n.processor.TaskPollingMonitor - Task completed > TaskHandler[id: 136; name: combineFilesB (17); status: COMPLETED; exit: 0; error: -; workDir: /input/data/work/0f/2423f49995f9a4f3f072f073f996df]
Dec-18 21:42:16.627 [Task monitor] DEBUG n.processor.TaskPollingMonitor - Task completed > TaskHandler[id: 145; name: combineFilesB (22); status: COMPLETED; exit: 0; error: -; workDir: /input/data/work/2c/ab6e8cfd531b009917f9b875829617]
Dec-18 21:42:17.042 [Task monitor] DEBUG n.processor.TaskPollingMonitor - Task completed > TaskHandler[id: 140; name: combineFilesB (19); status: COMPLETED; exit: 0; error: -; workDir: /input/data/work/f2/c9d91ad201e29f814720e66351a945]
Dec-18 21:42:59.682 [Task monitor] DEBUG n.processor.TaskPollingMonitor - !! executor k8s > tasks to be completed: 48 -- submitted tasks are shown below
~> TaskHandler[id: 129; name: combineFilesB (14); status: SUBMITTED; exit: -; error: -; workDir: /input/data/work/db/56350a1ab55c306fe022b2c5d56f42]
~> TaskHandler[id: 117; name: combineFilesA (10); status: SUBMITTED; exit: -; error: -; workDir: /input/data/work/57/81a86d020016ac47b5ad2223d7b804]
~> TaskHandler[id: 139; name: combineFilesA (21); status: SUBMITTED; exit: -; error: -; workDir: /input/data/work/d1/7e9a21226ba22a708a2f25df4c85d8]
~> TaskHandler[id: 130; name: combineFilesA (16); status: SUBMITTED; exit: -; error: -; workDir: /input/data/work/7c/8978389aceb526e1fc8203c95ecbc6]
~> TaskHandler[id: 122; name: combineFilesA (12); status: SUBMITTED; exit: -; error: -; workDir: /input/data/work/cf/408685673ab3d2917870065acb3caf]
~> TaskHandler[id: 153; name: combineFilesA (28); status: SUBMITTED; exit: -; error: -; workDir: /input/data/work/fd/2505666111dbd6de2a4d62545572c4]
~> TaskHandler[id: 102; name: combineFilesB (1); status: RUNNING; exit: -; error: -; workDir: /input/data/work/0a/2d403c53bd0faf0bf7d1b98364542f]
~> TaskHandler[id: 115; name: combineFilesB (7); status: SUBMITTED; exit: -; error: -; workDir: /input/data/work/71/e6c0c3e0d15e19aad011c47357cab8]
~> TaskHandler[id: 137; name: combineFilesA (20); status: SUBMITTED; exit: -; error: -; workDir: /input/data/work/7e/357777b19efc21e071b7e47c4539de]
~> TaskHandler[id: 113; name: combineFilesB (6); status: SUBMITTED; exit: -; error: -; workDir: /input/data/work/dc/762d607e15da6c7810af0ccb88830d]
.. remaining tasks omitted.
Dec-18 21:43:02.427 [Task monitor] DEBUG n.processor.TaskPollingMonitor - Task completed > TaskHandler[id: 104; name: combineFilesB (2); status: COMPLETED; exit: 0; error: -; workDir: /input/data/work/eb/3782d26c8974b38b7709efd8b5b40e]
Dec-18 21:44:06.964 [Task monitor] DEBUG n.processor.TaskPollingMonitor - Task completed > TaskHandler[id: 131; name: combineFilesB (15); status: COMPLETED; exit: 0; error: -; workDir: /input/data/work/2e/ce16feeaebf1a9acdc7379d271c62c]
Dec-18 21:44:11.168 [Task monitor] DEBUG n.processor.TaskPollingMonitor - Task completed > TaskHandler[id: 149; name: combineFilesB (24); status: COMPLETED; exit: 0; error: -; workDir: /input/data/work/d3/d08426f6425b8048d94e59b7da4ff1]
Dec-18 21:44:22.081 [Task monitor] DEBUG n.processor.TaskPollingMonitor - Task completed > TaskHandler[id: 102; name: combineFilesB (1); status: COMPLETED; exit: 0; error: -; workDir: /input/data/work/0a/2d403c53bd0faf0bf7d1b98364542f]
Dec-18 21:44:23.064 [Task monitor] DEBUG n.processor.TaskPollingMonitor - Task completed > TaskHandler[id: 147; name: combineFilesB (23); status: COMPLETED; exit: 0; error: -; workDir: /input/data/work/e3/1a4bd03e88992eeea67661f6ae035e]
Dec-18 21:45:11.885 [Task monitor] DEBUG n.processor.TaskPollingMonitor - Task completed > TaskHandler[id: 115; name: combineFilesB (7); status: COMPLETED; exit: 0; error: -; workDir: /input/data/work/71/e6c0c3e0d15e19aad011c47357cab8]
Dec-18 21:45:58.286 [Task monitor] DEBUG n.processor.TaskPollingMonitor - Task completed > TaskHandler[id: 119; name: combineFilesB (9); status: COMPLETED; exit: 0; error: -; workDir: /input/data/work/98/9edd1d8998edbbc49a282ac5f9cf6c]
Dec-18 21:46:26.568 [Task monitor] DEBUG n.processor.TaskPollingMonitor - Task completed > TaskHandler[id: 134; name: combineFilesB (16); status: COMPLETED; exit: 0; error: -; workDir: /input/data/work/f6/88535024ce912ef6f720aed5502313]
Dec-18 21:47:02.234 [Task monitor] DEBUG n.processor.TaskPollingMonitor - Task completed > TaskHandler[id: 113; name: combineFilesB (6); status: COMPLETED; exit: 0; error: -; workDir: /input/data/work/dc/762d607e15da6c7810af0ccb88830d]
Dec-18 21:47:10.261 [Task monitor] DEBUG n.processor.TaskPollingMonitor - Task completed > TaskHandler[id: 142; name: combineFilesB (20); status: COMPLETED; exit: 0; error: -; workDir: /input/data/work/ea/1fa92dcfb32ba94d8cd82df7510542]
Dec-18 21:47:39.292 [Task monitor] DEBUG n.processor.TaskPollingMonitor - Task completed > TaskHandler[id: 106; name: combineFilesB (3); status: COMPLETED; exit: 0; error: -; workDir: /input/data/work/e9/ab992d25130a43c9dfb125559f4caf]
Dec-18 21:47:48.745 [Task monitor] DEBUG n.processor.TaskPollingMonitor - Task completed > TaskHandler[id: 126; name: combineFilesB (13); status: COMPLETED; exit: 0; error: -; workDir: /input/data/work/70/31a759352dc10cfaa36139bced64d4]
Dec-18 21:48:03.193 [Task monitor] DEBUG n.processor.TaskPollingMonitor - !! executor k8s > tasks to be completed: 36 -- submitted tasks are shown below
~> TaskHandler[id: 129; name: combineFilesB (14); status: RUNNING; exit: -; error: -; workDir: /input/data/work/db/56350a1ab55c306fe022b2c5d56f42]
~> TaskHandler[id: 117; name: combineFilesA (10); status: SUBMITTED; exit: -; error: -; workDir: /input/data/work/57/81a86d020016ac47b5ad2223d7b804]
~> TaskHandler[id: 139; name: combineFilesA (21); status: SUBMITTED; exit: -; error: -; workDir: /input/data/work/d1/7e9a21226ba22a708a2f25df4c85d8]
~> TaskHandler[id: 130; name: combineFilesA (16); status: SUBMITTED; exit: -; error: -; workDir: /input/data/work/7c/8978389aceb526e1fc8203c95ecbc6]
~> TaskHandler[id: 122; name: combineFilesA (12); status: SUBMITTED; exit: -; error: -; workDir: /input/data/work/cf/408685673ab3d2917870065acb3caf]
~> TaskHandler[id: 153; name: combineFilesA (28); status: SUBMITTED; exit: -; error: -; workDir: /input/data/work/fd/2505666111dbd6de2a4d62545572c4]
~> TaskHandler[id: 137; name: combineFilesA (20); status: SUBMITTED; exit: -; error: -; workDir: /input/data/work/7e/357777b19efc21e071b7e47c4539de]
~> TaskHandler[id: 120; name: combineFilesA (11); status: SUBMITTED; exit: -; error: -; workDir: /input/data/work/2b/2675f1db6fafa99c8defb3c950ef5b]
~> TaskHandler[id: 141; name: combineFilesA (22); status: SUBMITTED; exit: -; error: -; workDir: /input/data/work/40/87bc9efbc0cc9d4257cdbd3003af56]
~> TaskHandler[id: 109; name: combineFilesA (5); status: SUBMITTED; exit: -; error: -; workDir: /input/data/work/4d/f41b72d43cd56ab68fdd0aa2ae2c8a]
.. remaining tasks omitted.
Dec-18 21:48:35.273 [Task monitor] DEBUG n.processor.TaskPollingMonitor - Task completed > TaskHandler[id: 107; name: combineFilesA (4); status: COMPLETED; exit: 0; error: -; workDir: /input/data/work/87/d39154292ceae3eddbe5b5f8304077]
Dec-18 21:49:52.061 [Task monitor] DEBUG n.processor.TaskPollingMonitor - Task completed > TaskHandler[id: 151; name: combineFilesB (25); status: COMPLETED; exit: 0; error: -; workDir: /input/data/work/6a/0efc243848c457f38801b171c6f0d0]
Dec-18 21:50:07.946 [Task monitor] DEBUG n.processor.TaskPollingMonitor - Task completed > TaskHandler[id: 141; name: combineFilesA (22); status: COMPLETED; exit: 0; error: -; workDir: /input/data/work/40/87bc9efbc0cc9d4257cdbd3003af56]
Dec-18 21:50:08.339 [Task monitor] DEBUG n.processor.TaskPollingMonitor - Task completed > TaskHandler[id: 138; name: combineFilesB (18); status: COMPLETED; exit: 0; error: -; workDir: /input/data/work/e6/87dad89fd46aadf1a711c72c4bc6a0]
Dec-18 21:50:08.604 [Task monitor] DEBUG n.processor.TaskPollingMonitor - Task completed > TaskHandler[id: 144; name: combineFilesB (21); status: COMPLETED; exit: 0; error: -; workDir: /input/data/work/dd/55c06249fe4c2c5e35428d0194219b]
Dec-18 21:50:32.771 [Task monitor] DEBUG n.processor.TaskPollingMonitor - Task completed > TaskHandler[id: 129; name: combineFilesB (14); status: COMPLETED; exit: 0; error: -; workDir: /input/data/work/db/56350a1ab55c306fe022b2c5d56f42]
Dec-18 21:50:38.414 [Task monitor] DEBUG n.processor.TaskPollingMonitor - Task completed > TaskHandler[id: 103; name: combineFilesA (2); status: COMPLETED; exit: 0; error: -; workDir: /input/data/work/09/8eed42a2ca5f53db09aa38d4560eee]
Dec-18 21:51:09.259 [Task monitor] DEBUG n.processor.TaskPollingMonitor - Task completed > TaskHandler[id: 116; name: combineFilesA (9); status: COMPLETED; exit: 0; error: -; workDir: /input/data/work/06/6847c45416262daa4cbe1be385b08a]
Dec-18 21:51:56.328 [Task monitor] DEBUG n.processor.TaskPollingMonitor - Task completed > TaskHandler[id: 158; name: combineFilesA (32); status: COMPLETED; exit: 0; error: -; workDir: /input/data/work/f4/49163f51db9111594ddc61f3390525]
Dec-18 21:52:06.378 [Task monitor] DEBUG n.processor.TaskPollingMonitor - Task completed > TaskHandler[id: 123; name: combineFilesB (11); status: COMPLETED; exit: 0; error: -; workDir: /input/data/work/87/15b97133d3da545bf2ceb321bacb0c]
Dec-18 21:52:11.578 [Task monitor] DEBUG n.processor.TaskPollingMonitor - Task completed > TaskHandler[id: 137; name: combineFilesA (20); status: COMPLETED; exit: 0; error: -; workDir: /input/data/work/7e/357777b19efc21e071b7e47c4539de]
Dec-18 21:53:01.638 [Task monitor] DEBUG n.processor.TaskPollingMonitor - Task completed > TaskHandler[id: 105; name: combineFilesA (3); status: COMPLETED; exit: 0; error: -; workDir: /input/data/work/d7/550e7d2560f35d25f206d046a73a53]
Dec-18 21:53:06.413 [Task monitor] DEBUG n.processor.TaskPollingMonitor - !! executor k8s > tasks to be completed: 24 -- submitted tasks are shown below
~> TaskHandler[id: 117; name: combineFilesA (10); status: SUBMITTED; exit: -; error: -; workDir: /input/data/work/57/81a86d020016ac47b5ad2223d7b804]
~> TaskHandler[id: 139; name: combineFilesA (21); status: RUNNING; exit: -; error: -; workDir: /input/data/work/d1/7e9a21226ba22a708a2f25df4c85d8]
~> TaskHandler[id: 130; name: combineFilesA (16); status: SUBMITTED; exit: -; error: -; workDir: /input/data/work/7c/8978389aceb526e1fc8203c95ecbc6]
~> TaskHandler[id: 122; name: combineFilesA (12); status: SUBMITTED; exit: -; error: -; workDir: /input/data/work/cf/408685673ab3d2917870065acb3caf]
~> TaskHandler[id: 153; name: combineFilesA (28); status: SUBMITTED; exit: -; error: -; workDir: /input/data/work/fd/2505666111dbd6de2a4d62545572c4]
~> TaskHandler[id: 120; name: combineFilesA (11); status: RUNNING; exit: -; error: -; workDir: /input/data/work/2b/2675f1db6fafa99c8defb3c950ef5b]
~> TaskHandler[id: 109; name: combineFilesA (5); status: SUBMITTED; exit: -; error: -; workDir: /input/data/work/4d/f41b72d43cd56ab68fdd0aa2ae2c8a]
~> TaskHandler[id: 135; name: combineFilesA (19); status: SUBMITTED; exit: -; error: -; workDir: /input/data/work/02/b77e77d830166fd5351bba0d637d3b]
~> TaskHandler[id: 128; name: combineFilesA (15); status: SUBMITTED; exit: -; error: -; workDir: /input/data/work/b8/8134bfd40bb556618e05b72f57ba2a]
~> TaskHandler[id: 150; name: combineFilesA (26); status: SUBMITTED; exit: -; error: -; workDir: /input/data/work/da/b4a4379a129385a1d4e76f101ef2cf]
.. remaining tasks omitted.
Dec-18 21:53:56.533 [Task monitor] DEBUG n.processor.TaskPollingMonitor - Task completed > TaskHandler[id: 148; name: combineFilesA (25); status: COMPLETED; exit: 0; error: -; workDir: /input/data/work/83/0c0b9a6e3c229f647d618d6223e4a5]
Dec-18 21:54:10.524 [Task monitor] DEBUG n.processor.TaskPollingMonitor - Task completed > TaskHandler[id: 120; name: combineFilesA (11); status: COMPLETED; exit: 0; error: -; workDir: /input/data/work/2b/2675f1db6fafa99c8defb3c950ef5b]
Dec-18 21:54:11.240 [Task monitor] DEBUG n.processor.TaskPollingMonitor - Task completed > TaskHandler[id: 101; name: combineFilesA (1); status: COMPLETED; exit: 0; error: -; workDir: /input/data/work/2c/d64b84f144eabaf17fe112c32db7cc]
Dec-18 21:54:42.473 [Task monitor] DEBUG n.processor.TaskPollingMonitor - Task completed > TaskHandler[id: 111; name: combineFilesB (5); status: COMPLETED; exit: 0; error: -; workDir: /input/data/work/50/95b9b1abfe9f74d6d0086b3ee9aa22]
Dec-18 21:54:43.834 [Task monitor] DEBUG n.processor.TaskPollingMonitor - Task completed > TaskHandler[id: 125; name: combineFilesA (13); status: COMPLETED; exit: 0; error: -; workDir: /input/data/work/8d/611e8252ceb3ebc32bc6983b9a20ae]
Dec-18 21:54:46.326 [Task monitor] DEBUG n.processor.TaskPollingMonitor - Task completed > TaskHandler[id: 139; name: combineFilesA (21); status: COMPLETED; exit: 0; error: -; workDir: /input/data/work/d1/7e9a21226ba22a708a2f25df4c85d8]
Dec-18 21:56:07.313 [Task monitor] DEBUG n.processor.TaskPollingMonitor - Task completed > TaskHandler[id: 150; name: combineFilesA (26); status: COMPLETED; exit: 0; error: -; workDir: /input/data/work/da/b4a4379a129385a1d4e76f101ef2cf]
Dec-18 21:56:21.800 [Task monitor] DEBUG n.processor.TaskPollingMonitor - Task completed > TaskHandler[id: 109; name: combineFilesA (5); status: COMPLETED; exit: 0; error: -; workDir: /input/data/work/4d/f41b72d43cd56ab68fdd0aa2ae2c8a]
Dec-18 21:56:41.891 [Task monitor] DEBUG n.processor.TaskPollingMonitor - Task completed > TaskHandler[id: 157; name: combineFilesA (31); status: COMPLETED; exit: 0; error: -; workDir: /input/data/work/52/cd017b5ff67500eb5b6cd4a3131dcc]
Dec-18 21:56:43.026 [Task monitor] DEBUG n.processor.TaskPollingMonitor - Task completed > TaskHandler[id: 110; name: combineFilesA (6); status: COMPLETED; exit: 0; error: -; workDir: /input/data/work/0d/09836ee4b83f7bf3a314e1dd16474d]
Dec-18 21:56:47.040 [Task monitor] DEBUG n.processor.TaskPollingMonitor - Task completed > TaskHandler[id: 155; name: combineFilesA (29); status: COMPLETED; exit: 0; error: -; workDir: /input/data/work/77/7ea3d310c1717b7aa9300029cfb164]
Dec-18 21:57:22.589 [Task monitor] DEBUG n.processor.TaskPollingMonitor - Task completed > TaskHandler[id: 153; name: combineFilesA (28); status: COMPLETED; exit: 0; error: -; workDir: /input/data/work/fd/2505666111dbd6de2a4d62545572c4]
Dec-18 21:57:36.903 [Task monitor] DEBUG n.processor.TaskPollingMonitor - Task completed > TaskHandler[id: 130; name: combineFilesA (16); status: COMPLETED; exit: 0; error: -; workDir: /input/data/work/7c/8978389aceb526e1fc8203c95ecbc6]
Dec-18 21:58:06.567 [Task monitor] DEBUG n.processor.TaskPollingMonitor - !! executor k8s > tasks to be completed: 11 -- submitted tasks are shown below
~> TaskHandler[id: 117; name: combineFilesA (10); status: RUNNING; exit: -; error: -; workDir: /input/data/work/57/81a86d020016ac47b5ad2223d7b804]
~> TaskHandler[id: 122; name: combineFilesA (12); status: RUNNING; exit: -; error: -; workDir: /input/data/work/cf/408685673ab3d2917870065acb3caf]
~> TaskHandler[id: 135; name: combineFilesA (19); status: SUBMITTED; exit: -; error: -; workDir: /input/data/work/02/b77e77d830166fd5351bba0d637d3b]
~> TaskHandler[id: 128; name: combineFilesA (15); status: RUNNING; exit: -; error: -; workDir: /input/data/work/b8/8134bfd40bb556618e05b72f57ba2a]
~> TaskHandler[id: 143; name: combineFilesA (23); status: SUBMITTED; exit: -; error: -; workDir: /input/data/work/e8/0e58678225204f627d1daac74192c9]
~> TaskHandler[id: 114; name: combineFilesA (8); status: SUBMITTED; exit: -; error: -; workDir: /input/data/work/a0/b9420caf29414c0f7469afb9547708]
~> TaskHandler[id: 159; name: combineFilesA (33); status: RUNNING; exit: -; error: -; workDir: /input/data/work/90/5f36accf0d9d93d3fa5fa85942afd1]
~> TaskHandler[id: 127; name: combineFilesA (14); status: RUNNING; exit: -; error: -; workDir: /input/data/work/15/cd047d261615fa0e153093100eb9a5]
~> TaskHandler[id: 146; name: combineFilesA (24); status: RUNNING; exit: -; error: -; workDir: /input/data/work/1a/ec454117dfeef4ebff015ee55ec86b]
~> TaskHandler[id: 152; name: combineFilesA (27); status: SUBMITTED; exit: -; error: -; workDir: /input/data/work/03/6d0ff57eb3155a4238902e93674e5e]
Dec-18 21:58:17.757 [Task monitor] DEBUG n.processor.TaskPollingMonitor - Task completed > TaskHandler[id: 159; name: combineFilesA (33); status: COMPLETED; exit: 0; error: -; workDir: /input/data/work/90/5f36accf0d9d93d3fa5fa85942afd1]
Dec-18 21:58:23.790 [Task monitor] DEBUG n.processor.TaskPollingMonitor - Task completed > TaskHandler[id: 127; name: combineFilesA (14); status: COMPLETED; exit: 0; error: -; workDir: /input/data/work/15/cd047d261615fa0e153093100eb9a5]
Dec-18 21:59:08.103 [Task monitor] DEBUG n.processor.TaskPollingMonitor - Task completed > TaskHandler[id: 122; name: combineFilesA (12); status: COMPLETED; exit: 0; error: -; workDir: /input/data/work/cf/408685673ab3d2917870065acb3caf]
Dec-18 21:59:13.494 [Task monitor] DEBUG n.processor.TaskPollingMonitor - Task completed > TaskHandler[id: 146; name: combineFilesA (24); status: COMPLETED; exit: 0; error: -; workDir: /input/data/work/1a/ec454117dfeef4ebff015ee55ec86b]
Dec-18 21:59:47.938 [Task monitor] DEBUG n.processor.TaskPollingMonitor - Task completed > TaskHandler[id: 117; name: combineFilesA (10); status: COMPLETED; exit: 0; error: -; workDir: /input/data/work/57/81a86d020016ac47b5ad2223d7b804]
Dec-18 21:59:57.970 [Task monitor] DEBUG n.processor.TaskPollingMonitor - Task completed > TaskHandler[id: 128; name: combineFilesA (15); status: COMPLETED; exit: 0; error: -; workDir: /input/data/work/b8/8134bfd40bb556618e05b72f57ba2a]
Dec-18 22:00:32.965 [Task monitor] DEBUG n.processor.TaskPollingMonitor - Task completed > TaskHandler[id: 143; name: combineFilesA (23); status: COMPLETED; exit: 0; error: -; workDir: /input/data/work/e8/0e58678225204f627d1daac74192c9]
Dec-18 22:00:37.912 [Task monitor] DEBUG n.processor.TaskPollingMonitor - Task completed > TaskHandler[id: 135; name: combineFilesA (19); status: COMPLETED; exit: 0; error: -; workDir: /input/data/work/02/b77e77d830166fd5351bba0d637d3b]
Dec-18 22:01:02.928 [Task monitor] DEBUG n.processor.TaskPollingMonitor - Task completed > TaskHandler[id: 152; name: combineFilesA (27); status: COMPLETED; exit: 0; error: -; workDir: /input/data/work/03/6d0ff57eb3155a4238902e93674e5e]
Dec-18 22:01:07.988 [Task monitor] DEBUG n.processor.TaskPollingMonitor - Task completed > TaskHandler[id: 114; name: combineFilesA (8); status: COMPLETED; exit: 0; error: -; workDir: /input/data/work/a0/b9420caf29414c0f7469afb9547708]
Dec-18 22:01:22.922 [Task monitor] DEBUG n.processor.TaskPollingMonitor - Task completed > TaskHandler[id: 160; name: combineFilesA (34); status: COMPLETED; exit: 0; error: -; workDir: /input/data/work/d0/a12e5f10708a914a684618cd49b308]
Dec-18 22:01:22.923 [main] DEBUG nextflow.Session - Session await > all processes finished
Dec-18 22:01:22.930 [main] DEBUG nextflow.Session - Session await > all barriers passed
Dec-18 22:01:22.940 [main] DEBUG n.trace.WorkflowStatsObserver - Workflow completed > WorkflowStats[succeededCount=160; failedCount=0; ignoredCount=0; cachedCount=0; pendingCount=0; submittedCount=0; runningCount=0; retriesCount=0; abortedCount=0; succeedDuration=15h 25m 53s; failedDuration=0ms; cachedDuration=0ms;loadCpus=0; loadMemory=0; peakRunning=7; peakCpus=70; peakMemory=138.4 GB; ]
Dec-18 22:01:22.941 [main] DEBUG nextflow.trace.TraceFileObserver - Workflow completed -- saving trace file
Dec-18 22:01:22.942 [main] DEBUG nextflow.trace.ReportObserver - Workflow completed -- rendering execution report
Dec-18 22:01:23.570 [main] DEBUG nextflow.trace.TimelineObserver - Workflow completed -- rendering execution timeline
Dec-18 22:01:23.715 [main] DEBUG nextflow.cache.CacheDB - Closing CacheDB done
Dec-18 22:01:23.739 [main] DEBUG nextflow.util.ThreadPoolManager - Thread pool 'FileTransfer' shutdown completed (hard=false)
Dec-18 22:01:23.739 [main] DEBUG nextflow.script.ScriptRunner - > Execution complete -- Goodbye
