Nov-26 22:41:50.263 [main] DEBUG nextflow.cli.Launcher - $> nextflow run /input/fork -c /experiments/experiment/fork/nextflow.config -c /experiments/experiment/nextflow_orig.config -c /experiments/experiment/nextflow_ceph.config
Nov-26 22:41:50.320 [main] INFO  nextflow.cli.CmdRun - N E X T F L O W  ~  version 23.07.0-edge
Nov-26 22:41:50.338 [main] DEBUG nextflow.plugin.PluginsFacade - Setting up plugin manager > mode=prod; embedded=false; plugins-dir=/.nextflow/plugins; core-plugins: nf-amazon@2.1.0,nf-azure@1.1.4,nf-cloudcache@0.1.0,nf-codecommit@0.1.5,nf-console@1.0.6,nf-ga4gh@1.1.0,nf-google@1.8.1,nf-tower@1.5.15,nf-wave@0.11.0
Nov-26 22:41:50.348 [main] INFO  o.pf4j.DefaultPluginStatusProvider - Enabled plugins: []
Nov-26 22:41:50.349 [main] INFO  o.pf4j.DefaultPluginStatusProvider - Disabled plugins: []
Nov-26 22:41:50.351 [main] INFO  org.pf4j.DefaultPluginManager - PF4J version 3.4.1 in 'deployment' mode
Nov-26 22:41:50.359 [main] INFO  org.pf4j.AbstractPluginManager - No plugins
Nov-26 22:41:50.377 [main] DEBUG nextflow.scm.AssetManager - Project manifest does not exist: /input/fork/nextflow.config (No such file or directory)
Nov-26 22:41:50.398 [main] DEBUG nextflow.config.ConfigBuilder - User config file: /experiments/experiment/fork/nextflow.config
Nov-26 22:41:50.399 [main] DEBUG nextflow.config.ConfigBuilder - User config file: /experiments/experiment/nextflow_orig.config
Nov-26 22:41:50.399 [main] DEBUG nextflow.config.ConfigBuilder - User config file: /experiments/experiment/nextflow_ceph.config
Nov-26 22:41:50.399 [main] DEBUG nextflow.config.ConfigBuilder - Parsing config file: /experiments/experiment/fork/nextflow.config
Nov-26 22:41:50.399 [main] DEBUG nextflow.config.ConfigBuilder - Parsing config file: /experiments/experiment/nextflow_orig.config
Nov-26 22:41:50.399 [main] DEBUG nextflow.config.ConfigBuilder - Parsing config file: /experiments/experiment/nextflow_ceph.config
Nov-26 22:41:50.413 [main] DEBUG nextflow.config.ConfigBuilder - Applying config profile: `standard`
Nov-26 22:41:50.911 [main] DEBUG nextflow.config.ConfigBuilder - Applying config profile: `standard`
Nov-26 22:41:51.062 [main] DEBUG nextflow.config.ConfigBuilder - Applying config profile: `standard`
Nov-26 22:41:51.090 [main] DEBUG nextflow.cli.CmdRun - Applied DSL=2 by global default
Nov-26 22:41:51.104 [main] INFO  nextflow.cli.CmdRun - Launching `/input/fork/main.nf` [wise_shaw] DSL2 - revision: 64aabf06f3
Nov-26 22:41:51.105 [main] DEBUG nextflow.plugin.PluginsFacade - Plugins default=[]
Nov-26 22:41:51.105 [main] DEBUG nextflow.plugin.PluginsFacade - Plugins resolved requirement=[]
Nov-26 22:41:51.112 [main] DEBUG n.secret.LocalSecretsProvider - Secrets store: /.nextflow/secrets/store.json
Nov-26 22:41:51.115 [main] DEBUG nextflow.secret.SecretsLoader - Discovered secrets providers: [nextflow.secret.LocalSecretsProvider@44065156] - activable => nextflow.secret.LocalSecretsProvider@44065156
Nov-26 22:41:51.168 [main] DEBUG nextflow.Session - Session UUID: 0e15b24f-01d4-4e2c-8da5-d030596429da
Nov-26 22:41:51.168 [main] DEBUG nextflow.Session - Run name: wise_shaw
Nov-26 22:41:51.169 [main] DEBUG nextflow.Session - Executor pool size: 32
Nov-26 22:41:51.174 [main] DEBUG nextflow.file.FilePorter - File porter settings maxRetries=3; maxTransfers=50; pollTimeout=null
Nov-26 22:41:51.177 [main] DEBUG nextflow.util.ThreadPoolBuilder - Creating thread pool 'FileTransfer' minSize=10; maxSize=96; workQueue=LinkedBlockingQueue[10000]; allowCoreThreadTimeout=false
Nov-26 22:41:51.203 [main] DEBUG nextflow.cli.CmdRun - 
  Version: 23.07.0-edge build 5870
  Created: 22-07-2023 15:44 UTC 
  System: Linux 5.4.0-166-generic
  Runtime: Groovy 3.0.18 on OpenJDK 64-Bit Server VM 17.0.7+7-LTS
  Encoding: UTF-8 (UTF-8)
  Process: 1213116@nextflow [10.233.76.42]
  CPUs: 32 - Mem: 125.7 GB (92.4 GB) - Swap: 0 (0)
Nov-26 22:41:51.235 [main] DEBUG nextflow.Session - Work-dir: /input/data/work [ceph]
Nov-26 22:41:51.236 [main] DEBUG nextflow.Session - Script base path does not exist or is not a directory: /input/fork/bin
Nov-26 22:41:51.243 [main] DEBUG nextflow.executor.ExecutorFactory - Extension executors providers=[]
Nov-26 22:41:51.251 [main] DEBUG nextflow.Session - Observer factory: DefaultObserverFactory
Nov-26 22:41:51.279 [main] DEBUG nextflow.cache.CacheFactory - Using Nextflow cache factory: nextflow.cache.DefaultCacheFactory
Nov-26 22:41:51.286 [main] DEBUG nextflow.util.CustomThreadPool - Creating default thread pool > poolSize: 33; maxThreads: 1000
Nov-26 22:41:51.381 [main] DEBUG nextflow.Session - Session start
Nov-26 22:41:51.386 [main] DEBUG nextflow.trace.TraceFileObserver - Workflow started -- trace file: /input/data/output/trace.csv
Nov-26 22:41:51.513 [main] DEBUG nextflow.script.ScriptRunner - > Launching execution
Nov-26 22:41:51.727 [main] DEBUG nextflow.script.ProcessConfig - Config settings `withName:writeLargeFile` matches process writeLargeFile
Nov-26 22:41:51.744 [main] DEBUG nextflow.executor.ExecutorFactory - << taskConfig executor: k8s
Nov-26 22:41:51.745 [main] DEBUG nextflow.executor.ExecutorFactory - >> processorType: 'k8s'
Nov-26 22:41:51.751 [main] DEBUG nextflow.executor.Executor - [warm up] executor > k8s
Nov-26 22:41:51.756 [main] DEBUG n.processor.TaskPollingMonitor - Creating task monitor for executor 'k8s' > capacity: 300; pollInterval: 5s; dumpInterval: 5m 
Nov-26 22:41:51.769 [main] DEBUG nextflow.k8s.client.ConfigDiscovery - K8s config file does not exist: /root/.kube/config
Nov-26 22:41:51.780 [main] DEBUG nextflow.k8s.K8sExecutor - [K8s] config=[debug:[yaml:true], namespace:anonymized, serviceAccount:nextflow, workDir:/input/data/work/, projectDir:/input/data/project/, imagePullPolicy:IfNotPresent, launchDir:/input/data/launch/, runAsUser:0, fetchNodeName:true, storageMountPath:/input, scheduler:[name:workflow-scheduler, autoClose:false, nodeSelector:usedby=anonymized, container:anonymized/test1:sch_v194], pod:[nodeSelector:usedby=anonymized], storage:[nodeSelector:usedby=anonymized, imageName:anonymized/test1:ftp_v122], storageClaimName:ceph-data]; API client config=ClientConfig[ server=10.233.0.1:443, namespace=anonymized, serviceAccount=nextflow, token=eyJhbGciOiJ.., sslCert=LS0tLS1CRUd.., clientCert=-, clientKey=-, verifySsl=false, fromFile=true, httpReadTimeout=null, httpConnectTimeout=null, maxErrorRetry=4 ]
Nov-26 22:41:51.872 [main] DEBUG nextflow.script.ProcessConfig - Config settings `withName:revertFile` matches process revertFile
Nov-26 22:41:51.874 [main] DEBUG nextflow.executor.ExecutorFactory - << taskConfig executor: k8s
Nov-26 22:41:51.874 [main] DEBUG nextflow.executor.ExecutorFactory - >> processorType: 'k8s'
Nov-26 22:41:51.876 [main] DEBUG nextflow.Session - Workflow process names [dsl2]: revertFile, combineFiles, writeLargeFile
Nov-26 22:41:51.877 [main] DEBUG nextflow.Session - Igniting dataflow network (3)
Nov-26 22:41:51.878 [main] DEBUG nextflow.processor.TaskProcessor - Starting process > writeLargeFile
Nov-26 22:41:51.880 [main] DEBUG nextflow.processor.TaskProcessor - Starting process > revertFile
Nov-26 22:41:51.880 [main] DEBUG nextflow.script.ScriptRunner - > Awaiting termination 
Nov-26 22:41:51.880 [main] DEBUG nextflow.Session - Session await
Nov-26 22:41:52.194 [Task submitter] INFO  nextflow.Session - [96/6fb611] Submitted process > writeLargeFile (1)
Nov-26 22:42:21.821 [Task monitor] DEBUG n.processor.TaskPollingMonitor - Task completed > TaskHandler[id: 1; name: writeLargeFile (1); status: COMPLETED; exit: 0; error: -; workDir: /input/data/work/96/6fb6119775958f946fe215c9c52d30]
Nov-26 22:42:21.914 [Task submitter] INFO  nextflow.Session - [2a/5bbc61] Submitted process > revertFile (26)
Nov-26 22:42:21.966 [Task submitter] INFO  nextflow.Session - [4e/8bcad2] Submitted process > revertFile (12)
Nov-26 22:42:21.994 [Task submitter] INFO  nextflow.Session - [24/87f0b3] Submitted process > revertFile (8)
Nov-26 22:42:22.019 [Task submitter] INFO  nextflow.Session - [92/9f53db] Submitted process > revertFile (28)
Nov-26 22:42:22.043 [Task submitter] INFO  nextflow.Session - [d8/8d8932] Submitted process > revertFile (10)
Nov-26 22:42:22.069 [Task submitter] INFO  nextflow.Session - [3a/1740fd] Submitted process > revertFile (3)
Nov-26 22:42:22.097 [Task submitter] INFO  nextflow.Session - [6c/7c7963] Submitted process > revertFile (11)
Nov-26 22:42:22.126 [Task submitter] INFO  nextflow.Session - [9a/d489e1] Submitted process > revertFile (24)
Nov-26 22:42:22.150 [Task submitter] INFO  nextflow.Session - [3d/1c856a] Submitted process > revertFile (30)
Nov-26 22:42:22.175 [Task submitter] INFO  nextflow.Session - [9b/17adc2] Submitted process > revertFile (18)
Nov-26 22:42:22.199 [Task submitter] INFO  nextflow.Session - [4c/8926ff] Submitted process > revertFile (2)
Nov-26 22:42:22.223 [Task submitter] INFO  nextflow.Session - [7c/9964b7] Submitted process > revertFile (9)
Nov-26 22:42:22.247 [Task submitter] INFO  nextflow.Session - [6e/1a47f3] Submitted process > revertFile (13)
Nov-26 22:42:22.271 [Task submitter] INFO  nextflow.Session - [55/3b38a9] Submitted process > revertFile (1)
Nov-26 22:42:22.298 [Task submitter] INFO  nextflow.Session - [aa/1d6e5c] Submitted process > revertFile (29)
Nov-26 22:42:22.324 [Task submitter] INFO  nextflow.Session - [7b/a87fc7] Submitted process > revertFile (4)
Nov-26 22:42:22.349 [Task submitter] INFO  nextflow.Session - [63/866e1b] Submitted process > revertFile (23)
Nov-26 22:42:22.378 [Task submitter] INFO  nextflow.Session - [61/1cb159] Submitted process > revertFile (21)
Nov-26 22:42:22.400 [Task submitter] INFO  nextflow.Session - [91/3dfd40] Submitted process > revertFile (19)
Nov-26 22:42:22.425 [Task submitter] INFO  nextflow.Session - [89/c8ab35] Submitted process > revertFile (14)
Nov-26 22:42:22.449 [Task submitter] INFO  nextflow.Session - [78/e54abc] Submitted process > revertFile (32)
Nov-26 22:42:22.478 [Task submitter] INFO  nextflow.Session - [59/c90b9b] Submitted process > revertFile (22)
Nov-26 22:42:22.503 [Task submitter] INFO  nextflow.Session - [6f/e8a6f2] Submitted process > revertFile (31)
Nov-26 22:42:22.526 [Task submitter] INFO  nextflow.Session - [ab/34fe9e] Submitted process > revertFile (20)
Nov-26 22:42:22.551 [Task submitter] INFO  nextflow.Session - [d3/cba898] Submitted process > revertFile (16)
Nov-26 22:42:22.575 [Task submitter] INFO  nextflow.Session - [65/78d88f] Submitted process > revertFile (6)
Nov-26 22:42:22.600 [Task submitter] INFO  nextflow.Session - [ee/eeccf4] Submitted process > revertFile (7)
Nov-26 22:42:22.623 [Task submitter] INFO  nextflow.Session - [eb/352ed3] Submitted process > revertFile (25)
Nov-26 22:42:22.646 [Task submitter] INFO  nextflow.Session - [65/aa93d7] Submitted process > revertFile (27)
Nov-26 22:42:22.671 [Task submitter] INFO  nextflow.Session - [f3/3d059c] Submitted process > revertFile (5)
Nov-26 22:42:22.696 [Task submitter] INFO  nextflow.Session - [48/cbac98] Submitted process > revertFile (33)
Nov-26 22:42:22.721 [Task submitter] INFO  nextflow.Session - [02/ef60af] Submitted process > revertFile (17)
Nov-26 22:42:22.746 [Task submitter] INFO  nextflow.Session - [36/a4f7ef] Submitted process > revertFile (35)
Nov-26 22:42:22.770 [Task submitter] INFO  nextflow.Session - [36/bc1547] Submitted process > revertFile (15)
Nov-26 22:42:22.793 [Task submitter] INFO  nextflow.Session - [02/1a2d23] Submitted process > revertFile (37)
Nov-26 22:42:22.817 [Task submitter] INFO  nextflow.Session - [07/ea021f] Submitted process > revertFile (34)
Nov-26 22:42:22.845 [Task submitter] INFO  nextflow.Session - [08/aafd10] Submitted process > revertFile (38)
Nov-26 22:42:22.868 [Task submitter] INFO  nextflow.Session - [3d/c29fab] Submitted process > revertFile (42)
Nov-26 22:42:22.895 [Task submitter] INFO  nextflow.Session - [08/4ce3a4] Submitted process > revertFile (36)
Nov-26 22:42:22.922 [Task submitter] INFO  nextflow.Session - [9e/b059ae] Submitted process > revertFile (39)
Nov-26 22:42:22.947 [Task submitter] INFO  nextflow.Session - [de/0b2ce4] Submitted process > revertFile (41)
Nov-26 22:42:22.972 [Task submitter] INFO  nextflow.Session - [e5/0b0471] Submitted process > revertFile (40)
Nov-26 22:42:22.995 [Task submitter] INFO  nextflow.Session - [3f/e11911] Submitted process > revertFile (43)
Nov-26 22:42:23.019 [Task submitter] INFO  nextflow.Session - [1f/9c1a73] Submitted process > revertFile (44)
Nov-26 22:42:23.040 [Task submitter] INFO  nextflow.Session - [de/77963c] Submitted process > revertFile (45)
Nov-26 22:42:23.064 [Task submitter] INFO  nextflow.Session - [f8/ccaa65] Submitted process > revertFile (46)
Nov-26 22:42:23.088 [Task submitter] INFO  nextflow.Session - [f7/ecec1b] Submitted process > revertFile (47)
Nov-26 22:42:23.113 [Task submitter] INFO  nextflow.Session - [9b/749051] Submitted process > revertFile (48)
Nov-26 22:42:23.135 [Task submitter] INFO  nextflow.Session - [55/65fcd2] Submitted process > revertFile (49)
Nov-26 22:42:23.159 [Task submitter] INFO  nextflow.Session - [0f/f59c71] Submitted process > revertFile (50)
Nov-26 22:42:23.181 [Task submitter] INFO  nextflow.Session - [5c/328c81] Submitted process > revertFile (51)
Nov-26 22:42:23.203 [Task submitter] INFO  nextflow.Session - [46/adba5f] Submitted process > revertFile (52)
Nov-26 22:42:23.226 [Task submitter] INFO  nextflow.Session - [fa/b038e6] Submitted process > revertFile (53)
Nov-26 22:42:23.249 [Task submitter] INFO  nextflow.Session - [a2/437676] Submitted process > revertFile (54)
Nov-26 22:42:23.275 [Task submitter] INFO  nextflow.Session - [78/4ff90c] Submitted process > revertFile (55)
Nov-26 22:42:23.299 [Task submitter] INFO  nextflow.Session - [f1/38cb03] Submitted process > revertFile (82)
Nov-26 22:42:23.323 [Task submitter] INFO  nextflow.Session - [eb/88822e] Submitted process > revertFile (56)
Nov-26 22:42:23.348 [Task submitter] INFO  nextflow.Session - [d9/1b85e9] Submitted process > revertFile (57)
Nov-26 22:42:23.373 [Task submitter] INFO  nextflow.Session - [e2/e6d610] Submitted process > revertFile (59)
Nov-26 22:42:23.396 [Task submitter] INFO  nextflow.Session - [f2/32182c] Submitted process > revertFile (58)
Nov-26 22:42:23.417 [Task submitter] INFO  nextflow.Session - [a9/cba1b1] Submitted process > revertFile (60)
Nov-26 22:42:23.440 [Task submitter] INFO  nextflow.Session - [a6/aa8f3d] Submitted process > revertFile (61)
Nov-26 22:42:23.461 [Task submitter] INFO  nextflow.Session - [d3/21c6d2] Submitted process > revertFile (63)
Nov-26 22:42:23.483 [Task submitter] INFO  nextflow.Session - [81/011424] Submitted process > revertFile (64)
Nov-26 22:42:23.504 [Task submitter] INFO  nextflow.Session - [cd/82412b] Submitted process > revertFile (62)
Nov-26 22:42:23.526 [Task submitter] INFO  nextflow.Session - [ed/0e3a08] Submitted process > revertFile (66)
Nov-26 22:42:23.546 [Task submitter] INFO  nextflow.Session - [41/1fb4f9] Submitted process > revertFile (67)
Nov-26 22:42:23.570 [Task submitter] INFO  nextflow.Session - [c8/80572c] Submitted process > revertFile (65)
Nov-26 22:42:23.593 [Task submitter] INFO  nextflow.Session - [67/6d43ca] Submitted process > revertFile (68)
Nov-26 22:42:23.615 [Task submitter] INFO  nextflow.Session - [00/5f9976] Submitted process > revertFile (69)
Nov-26 22:42:23.636 [Task submitter] INFO  nextflow.Session - [99/eeba1f] Submitted process > revertFile (70)
Nov-26 22:42:23.658 [Task submitter] INFO  nextflow.Session - [85/091667] Submitted process > revertFile (71)
Nov-26 22:42:23.679 [Task submitter] INFO  nextflow.Session - [f8/510cc9] Submitted process > revertFile (75)
Nov-26 22:42:23.707 [Task submitter] INFO  nextflow.Session - [4b/520f64] Submitted process > revertFile (72)
Nov-26 22:42:23.730 [Task submitter] INFO  nextflow.Session - [6d/9bb76e] Submitted process > revertFile (73)
Nov-26 22:42:23.751 [Task submitter] INFO  nextflow.Session - [45/a22867] Submitted process > revertFile (74)
Nov-26 22:42:23.773 [Task submitter] INFO  nextflow.Session - [4c/ad90bc] Submitted process > revertFile (79)
Nov-26 22:42:23.795 [Task submitter] INFO  nextflow.Session - [0e/22a121] Submitted process > revertFile (77)
Nov-26 22:42:23.814 [Task submitter] INFO  nextflow.Session - [d7/5741b6] Submitted process > revertFile (76)
Nov-26 22:42:23.833 [Task submitter] INFO  nextflow.Session - [3a/131a35] Submitted process > revertFile (81)
Nov-26 22:42:23.853 [Task submitter] INFO  nextflow.Session - [0c/04ba44] Submitted process > revertFile (78)
Nov-26 22:42:23.874 [Task submitter] INFO  nextflow.Session - [15/d989df] Submitted process > revertFile (80)
Nov-26 22:42:23.894 [Task submitter] INFO  nextflow.Session - [72/49ef95] Submitted process > revertFile (83)
Nov-26 22:42:23.915 [Task submitter] INFO  nextflow.Session - [b4/ab5021] Submitted process > revertFile (84)
Nov-26 22:42:23.935 [Task submitter] INFO  nextflow.Session - [e5/611ec2] Submitted process > revertFile (85)
Nov-26 22:42:23.956 [Task submitter] INFO  nextflow.Session - [a6/f5340f] Submitted process > revertFile (86)
Nov-26 22:42:23.975 [Task submitter] INFO  nextflow.Session - [64/47a713] Submitted process > revertFile (87)
Nov-26 22:42:23.996 [Task submitter] INFO  nextflow.Session - [13/b65b06] Submitted process > revertFile (88)
Nov-26 22:42:24.015 [Task submitter] INFO  nextflow.Session - [15/c1bf46] Submitted process > revertFile (89)
Nov-26 22:42:24.035 [Task submitter] INFO  nextflow.Session - [e5/ca01a9] Submitted process > revertFile (91)
Nov-26 22:42:24.055 [Task submitter] INFO  nextflow.Session - [26/fe97da] Submitted process > revertFile (90)
Nov-26 22:42:24.077 [Task submitter] INFO  nextflow.Session - [97/8429a3] Submitted process > revertFile (92)
Nov-26 22:42:24.099 [Task submitter] INFO  nextflow.Session - [24/c47c7d] Submitted process > revertFile (97)
Nov-26 22:42:24.121 [Task submitter] INFO  nextflow.Session - [b5/d964d4] Submitted process > revertFile (93)
Nov-26 22:42:24.140 [Task submitter] INFO  nextflow.Session - [10/f894f0] Submitted process > revertFile (94)
Nov-26 22:42:24.161 [Task submitter] INFO  nextflow.Session - [28/a1bd44] Submitted process > revertFile (95)
Nov-26 22:42:24.181 [Task submitter] INFO  nextflow.Session - [81/25611b] Submitted process > revertFile (98)
Nov-26 22:42:24.202 [Task submitter] INFO  nextflow.Session - [c7/4f505a] Submitted process > revertFile (96)
Nov-26 22:42:24.225 [Task submitter] INFO  nextflow.Session - [2e/9d6353] Submitted process > revertFile (99)
Nov-26 22:42:24.246 [Task submitter] INFO  nextflow.Session - [bb/54b494] Submitted process > revertFile (100)
Nov-26 22:42:27.356 [Task monitor] WARN  nextflow.k8s.client.K8sClient - K8s pod cannot be scheduled -- 0/8 nodes are available: 8 Insufficient cpu. preemption: 0/8 nodes are available: 8 No preemption victims found for incoming pod..
Nov-26 22:43:27.517 [Task monitor] WARN  nextflow.k8s.client.K8sClient - K8s pod cannot be scheduled -- 0/8 nodes are available: 8 Insufficient cpu. preemption: 0/8 nodes are available: 8 No preemption victims found for incoming pod..
Nov-26 22:44:27.523 [Task monitor] WARN  nextflow.k8s.client.K8sClient - K8s pod cannot be scheduled -- 0/8 nodes are available: 8 Insufficient cpu. preemption: 0/8 nodes are available: 8 No preemption victims found for incoming pod..
Nov-26 22:44:46.897 [Task monitor] DEBUG n.processor.TaskPollingMonitor - Task completed > TaskHandler[id: 27; name: revertFile (26); status: COMPLETED; exit: 0; error: -; workDir: /input/data/work/2a/5bbc6148739d8d65089fbf144b9a30]
Nov-26 22:44:46.935 [Task monitor] DEBUG n.processor.TaskPollingMonitor - Task completed > TaskHandler[id: 13; name: revertFile (12); status: COMPLETED; exit: 0; error: -; workDir: /input/data/work/4e/8bcad235187a5fe498a1c3edd7d7ff]
Nov-26 22:44:46.980 [Task monitor] DEBUG n.processor.TaskPollingMonitor - Task completed > TaskHandler[id: 9; name: revertFile (8); status: COMPLETED; exit: 0; error: -; workDir: /input/data/work/24/87f0b38670ca3f24ceeeee387d0aae]
Nov-26 22:44:47.018 [Task monitor] DEBUG n.processor.TaskPollingMonitor - Task completed > TaskHandler[id: 29; name: revertFile (28); status: COMPLETED; exit: 0; error: -; workDir: /input/data/work/92/9f53db04679d9bfa51879402e1f2ed]
Nov-26 22:44:47.054 [Task monitor] DEBUG n.processor.TaskPollingMonitor - Task completed > TaskHandler[id: 11; name: revertFile (10); status: COMPLETED; exit: 0; error: -; workDir: /input/data/work/d8/8d89326cc50440609cbef6c48102a3]
Nov-26 22:44:47.094 [Task monitor] DEBUG n.processor.TaskPollingMonitor - Task completed > TaskHandler[id: 4; name: revertFile (3); status: COMPLETED; exit: 0; error: -; workDir: /input/data/work/3a/1740fdfc024a0312eebdc82b72718a]
Nov-26 22:44:47.138 [Task monitor] DEBUG n.processor.TaskPollingMonitor - Task completed > TaskHandler[id: 12; name: revertFile (11); status: COMPLETED; exit: 0; error: -; workDir: /input/data/work/6c/7c7963886964b1f59556ffbf6dd8b3]
Nov-26 22:44:47.177 [Task monitor] DEBUG n.processor.TaskPollingMonitor - Task completed > TaskHandler[id: 25; name: revertFile (24); status: COMPLETED; exit: 0; error: -; workDir: /input/data/work/9a/d489e1e86b79145dacbf6f76670029]
Nov-26 22:44:47.214 [Task monitor] DEBUG n.processor.TaskPollingMonitor - Task completed > TaskHandler[id: 31; name: revertFile (30); status: COMPLETED; exit: 0; error: -; workDir: /input/data/work/3d/1c856a6afd3b765ce6ad5f9e378114]
Nov-26 22:44:47.250 [Task monitor] DEBUG n.processor.TaskPollingMonitor - Task completed > TaskHandler[id: 19; name: revertFile (18); status: COMPLETED; exit: 0; error: -; workDir: /input/data/work/9b/17adc2e1b252176dcfefb7141c0071]
Nov-26 22:44:47.291 [Task monitor] DEBUG n.processor.TaskPollingMonitor - Task completed > TaskHandler[id: 3; name: revertFile (2); status: COMPLETED; exit: 0; error: -; workDir: /input/data/work/4c/8926fffd83514297883844964d0782]
Nov-26 22:44:47.339 [Task monitor] DEBUG n.processor.TaskPollingMonitor - Task completed > TaskHandler[id: 10; name: revertFile (9); status: COMPLETED; exit: 0; error: -; workDir: /input/data/work/7c/9964b73d9faa783b0e19dc4fed2b10]
Nov-26 22:44:47.379 [Task monitor] DEBUG n.processor.TaskPollingMonitor - Task completed > TaskHandler[id: 14; name: revertFile (13); status: COMPLETED; exit: 0; error: -; workDir: /input/data/work/6e/1a47f3755edd95beaecdec8504dd06]
Nov-26 22:44:47.413 [Task monitor] DEBUG n.processor.TaskPollingMonitor - Task completed > TaskHandler[id: 2; name: revertFile (1); status: COMPLETED; exit: 0; error: -; workDir: /input/data/work/55/3b38a92cd9b82578a06c3df4294053]
Nov-26 22:44:47.446 [Task monitor] DEBUG n.processor.TaskPollingMonitor - Task completed > TaskHandler[id: 30; name: revertFile (29); status: COMPLETED; exit: 0; error: -; workDir: /input/data/work/aa/1d6e5c5489b52d97ba145d95269a6f]
Nov-26 22:44:47.492 [Task monitor] DEBUG n.processor.TaskPollingMonitor - Task completed > TaskHandler[id: 5; name: revertFile (4); status: COMPLETED; exit: 0; error: -; workDir: /input/data/work/7b/a87fc7205e7bcd285ea6438763259a]
Nov-26 22:44:47.531 [Task monitor] DEBUG n.processor.TaskPollingMonitor - Task completed > TaskHandler[id: 24; name: revertFile (23); status: COMPLETED; exit: 0; error: -; workDir: /input/data/work/63/866e1be4c4c26aac0fcf2b06f300d6]
Nov-26 22:44:47.568 [Task monitor] DEBUG n.processor.TaskPollingMonitor - Task completed > TaskHandler[id: 22; name: revertFile (21); status: COMPLETED; exit: 0; error: -; workDir: /input/data/work/61/1cb159436b050d5e8e2a6e04d0bca3]
Nov-26 22:44:47.605 [Task monitor] DEBUG n.processor.TaskPollingMonitor - Task completed > TaskHandler[id: 20; name: revertFile (19); status: COMPLETED; exit: 0; error: -; workDir: /input/data/work/91/3dfd40782bd142bdc8ec6f4136d359]
Nov-26 22:44:47.642 [Task monitor] DEBUG n.processor.TaskPollingMonitor - Task completed > TaskHandler[id: 15; name: revertFile (14); status: COMPLETED; exit: 0; error: -; workDir: /input/data/work/89/c8ab35717ac6049bfc9a384c805c98]
Nov-26 22:44:47.677 [Task monitor] DEBUG n.processor.TaskPollingMonitor - Task completed > TaskHandler[id: 33; name: revertFile (32); status: COMPLETED; exit: 0; error: -; workDir: /input/data/work/78/e54abc4a11a650d2dfd61e7a4831e9]
Nov-26 22:44:47.713 [Task monitor] DEBUG n.processor.TaskPollingMonitor - Task completed > TaskHandler[id: 23; name: revertFile (22); status: COMPLETED; exit: 0; error: -; workDir: /input/data/work/59/c90b9bcf9c5b81da404d490208d149]
Nov-26 22:44:47.747 [Task monitor] DEBUG n.processor.TaskPollingMonitor - Task completed > TaskHandler[id: 32; name: revertFile (31); status: COMPLETED; exit: 0; error: -; workDir: /input/data/work/6f/e8a6f26edfc5e6ef8eb337846f19eb]
Nov-26 22:44:47.793 [Task monitor] DEBUG n.processor.TaskPollingMonitor - Task completed > TaskHandler[id: 21; name: revertFile (20); status: COMPLETED; exit: 0; error: -; workDir: /input/data/work/ab/34fe9e4b7b073c50e8fa77d1ba8e53]
Nov-26 22:45:27.058 [Task monitor] DEBUG n.processor.TaskPollingMonitor - Task completed > TaskHandler[id: 38; name: revertFile (37); status: COMPLETED; exit: 0; error: -; workDir: /input/data/work/02/1a2d23646359d48b1ef863053ecd4a]
Nov-26 22:45:27.174 [Task monitor] DEBUG n.processor.TaskPollingMonitor - Task completed > TaskHandler[id: 40; name: revertFile (39); status: COMPLETED; exit: 0; error: -; workDir: /input/data/work/9e/b059ae03c068fcd707b9c62a389a2e]
Nov-26 22:45:27.324 [Task monitor] DEBUG n.processor.TaskPollingMonitor - Task completed > TaskHandler[id: 45; name: revertFile (44); status: COMPLETED; exit: 0; error: -; workDir: /input/data/work/1f/9c1a73c79124f727786a08edab5f21]
Nov-26 22:45:27.418 [Task monitor] DEBUG n.processor.TaskPollingMonitor - Task completed > TaskHandler[id: 48; name: revertFile (47); status: COMPLETED; exit: 0; error: -; workDir: /input/data/work/f7/ecec1bfcd3b7583b51399e18c2a6ad]
Nov-26 22:45:27.526 [Task monitor] WARN  nextflow.k8s.client.K8sClient - K8s pod cannot be scheduled -- 0/8 nodes are available: 8 Insufficient cpu. preemption: 0/8 nodes are available: 8 No preemption victims found for incoming pod..
Nov-26 22:45:31.902 [Task monitor] DEBUG n.processor.TaskPollingMonitor - Task completed > TaskHandler[id: 17; name: revertFile (16); status: COMPLETED; exit: 0; error: -; workDir: /input/data/work/d3/cba8987c99b083360d8b228e42ee72]
Nov-26 22:45:32.004 [Task monitor] DEBUG n.processor.TaskPollingMonitor - Task completed > TaskHandler[id: 6; name: revertFile (5); status: COMPLETED; exit: 0; error: -; workDir: /input/data/work/f3/3d059c76988a52e1b13eb09f6c13fc]
Nov-26 22:46:08.345 [Task monitor] DEBUG n.processor.TaskPollingMonitor - Task completed > TaskHandler[id: 50; name: revertFile (49); status: COMPLETED; exit: 0; error: -; workDir: /input/data/work/55/65fcd24c71e1b061aa1d78ff85a66e]
Nov-26 22:46:08.700 [Task monitor] DEBUG n.processor.TaskPollingMonitor - Task completed > TaskHandler[id: 55; name: revertFile (54); status: COMPLETED; exit: 0; error: -; workDir: /input/data/work/a2/4376768ebed64b20c19116ae383448]
Nov-26 22:46:08.889 [Task monitor] DEBUG n.processor.TaskPollingMonitor - Task completed > TaskHandler[id: 83; name: revertFile (82); status: COMPLETED; exit: 0; error: -; workDir: /input/data/work/f1/38cb03bfd7de603c73b18decf22523]
Nov-26 22:46:28.343 [Task monitor] WARN  nextflow.k8s.client.K8sClient - K8s pod cannot be scheduled -- 0/8 nodes are available: 8 Insufficient cpu. preemption: 0/8 nodes are available: 8 No preemption victims found for incoming pod..
Nov-26 22:46:57.878 [Task monitor] DEBUG n.processor.TaskPollingMonitor - !! executor k8s > tasks to be completed: 67 -- submitted tasks are shown below
~> TaskHandler[id: 7; name: revertFile (6); status: RUNNING; exit: -; error: -; workDir: /input/data/work/65/78d88f79a73cf16b2187ecee0828ef]
~> TaskHandler[id: 8; name: revertFile (7); status: RUNNING; exit: -; error: -; workDir: /input/data/work/ee/eeccf4686a5080005a73495c4480f4]
~> TaskHandler[id: 26; name: revertFile (25); status: RUNNING; exit: -; error: -; workDir: /input/data/work/eb/352ed386943a260e7ff6ad4a1ee796]
~> TaskHandler[id: 28; name: revertFile (27); status: RUNNING; exit: -; error: -; workDir: /input/data/work/65/aa93d76ef3a17536b86e4fe0dbb714]
~> TaskHandler[id: 34; name: revertFile (33); status: RUNNING; exit: -; error: -; workDir: /input/data/work/48/cbac9863f35d82db9594e2e028a42c]
~> TaskHandler[id: 18; name: revertFile (17); status: RUNNING; exit: -; error: -; workDir: /input/data/work/02/ef60af86090fa1ffac127ed42841ed]
~> TaskHandler[id: 36; name: revertFile (35); status: RUNNING; exit: -; error: -; workDir: /input/data/work/36/a4f7ef58e6343013a20d94f67c5511]
~> TaskHandler[id: 16; name: revertFile (15); status: RUNNING; exit: -; error: -; workDir: /input/data/work/36/bc1547835ad246b19343f59d3a6596]
~> TaskHandler[id: 35; name: revertFile (34); status: RUNNING; exit: -; error: -; workDir: /input/data/work/07/ea021f4d5020914b8aa2532309b687]
~> TaskHandler[id: 39; name: revertFile (38); status: RUNNING; exit: -; error: -; workDir: /input/data/work/08/aafd105dc4055d58b06b5fc8dc5cdd]
.. remaining tasks omitted.
Nov-26 22:47:17.918 [Task monitor] DEBUG n.processor.TaskPollingMonitor - Task completed > TaskHandler[id: 7; name: revertFile (6); status: COMPLETED; exit: 0; error: -; workDir: /input/data/work/65/78d88f79a73cf16b2187ecee0828ef]
Nov-26 22:47:17.956 [Task monitor] DEBUG n.processor.TaskPollingMonitor - Task completed > TaskHandler[id: 8; name: revertFile (7); status: COMPLETED; exit: 0; error: -; workDir: /input/data/work/ee/eeccf4686a5080005a73495c4480f4]
Nov-26 22:47:17.995 [Task monitor] DEBUG n.processor.TaskPollingMonitor - Task completed > TaskHandler[id: 26; name: revertFile (25); status: COMPLETED; exit: 0; error: -; workDir: /input/data/work/eb/352ed386943a260e7ff6ad4a1ee796]
Nov-26 22:47:18.034 [Task monitor] DEBUG n.processor.TaskPollingMonitor - Task completed > TaskHandler[id: 28; name: revertFile (27); status: COMPLETED; exit: 0; error: -; workDir: /input/data/work/65/aa93d76ef3a17536b86e4fe0dbb714]
Nov-26 22:47:18.074 [Task monitor] DEBUG n.processor.TaskPollingMonitor - Task completed > TaskHandler[id: 34; name: revertFile (33); status: COMPLETED; exit: 0; error: -; workDir: /input/data/work/48/cbac9863f35d82db9594e2e028a42c]
Nov-26 22:47:18.114 [Task monitor] DEBUG n.processor.TaskPollingMonitor - Task completed > TaskHandler[id: 18; name: revertFile (17); status: COMPLETED; exit: 0; error: -; workDir: /input/data/work/02/ef60af86090fa1ffac127ed42841ed]
Nov-26 22:47:18.159 [Task monitor] DEBUG n.processor.TaskPollingMonitor - Task completed > TaskHandler[id: 36; name: revertFile (35); status: COMPLETED; exit: 0; error: -; workDir: /input/data/work/36/a4f7ef58e6343013a20d94f67c5511]
Nov-26 22:47:18.197 [Task monitor] DEBUG n.processor.TaskPollingMonitor - Task completed > TaskHandler[id: 16; name: revertFile (15); status: COMPLETED; exit: 0; error: -; workDir: /input/data/work/36/bc1547835ad246b19343f59d3a6596]
Nov-26 22:47:18.234 [Task monitor] DEBUG n.processor.TaskPollingMonitor - Task completed > TaskHandler[id: 35; name: revertFile (34); status: COMPLETED; exit: 0; error: -; workDir: /input/data/work/07/ea021f4d5020914b8aa2532309b687]
Nov-26 22:47:18.272 [Task monitor] DEBUG n.processor.TaskPollingMonitor - Task completed > TaskHandler[id: 39; name: revertFile (38); status: COMPLETED; exit: 0; error: -; workDir: /input/data/work/08/aafd105dc4055d58b06b5fc8dc5cdd]
Nov-26 22:47:18.306 [Task monitor] DEBUG n.processor.TaskPollingMonitor - Task completed > TaskHandler[id: 43; name: revertFile (42); status: COMPLETED; exit: 0; error: -; workDir: /input/data/work/3d/c29fab6f4dd4e7f0f2c908d02797ee]
Nov-26 22:47:18.347 [Task monitor] DEBUG n.processor.TaskPollingMonitor - Task completed > TaskHandler[id: 37; name: revertFile (36); status: COMPLETED; exit: 0; error: -; workDir: /input/data/work/08/4ce3a475a1f1611e0476a9e6cb7c72]
Nov-26 22:47:18.388 [Task monitor] DEBUG n.processor.TaskPollingMonitor - Task completed > TaskHandler[id: 42; name: revertFile (41); status: COMPLETED; exit: 0; error: -; workDir: /input/data/work/de/0b2ce4c6c419a21a7e5859da9ca1ac]
Nov-26 22:47:18.428 [Task monitor] DEBUG n.processor.TaskPollingMonitor - Task completed > TaskHandler[id: 41; name: revertFile (40); status: COMPLETED; exit: 0; error: -; workDir: /input/data/work/e5/0b0471f5fa976eb338c98c14dff047]
Nov-26 22:47:18.465 [Task monitor] DEBUG n.processor.TaskPollingMonitor - Task completed > TaskHandler[id: 44; name: revertFile (43); status: COMPLETED; exit: 0; error: -; workDir: /input/data/work/3f/e11911743c93497c7f67ab89a20569]
Nov-26 22:47:18.508 [Task monitor] DEBUG n.processor.TaskPollingMonitor - Task completed > TaskHandler[id: 46; name: revertFile (45); status: COMPLETED; exit: 0; error: -; workDir: /input/data/work/de/77963c4d5183ce7425b7ae6e2c2064]
Nov-26 22:47:18.545 [Task monitor] DEBUG n.processor.TaskPollingMonitor - Task completed > TaskHandler[id: 47; name: revertFile (46); status: COMPLETED; exit: 0; error: -; workDir: /input/data/work/f8/ccaa6541ace9a843ae0a8b2a09edd7]
Nov-26 22:47:18.586 [Task monitor] DEBUG n.processor.TaskPollingMonitor - Task completed > TaskHandler[id: 49; name: revertFile (48); status: COMPLETED; exit: 0; error: -; workDir: /input/data/work/9b/749051c0220ee64267a8887b4613c3]
Nov-26 22:47:18.749 [Task monitor] DEBUG n.processor.TaskPollingMonitor - Task completed > TaskHandler[id: 58; name: revertFile (57); status: COMPLETED; exit: 0; error: -; workDir: /input/data/work/d9/1b85e943167d79d8fbc29a680e1b6d]
Nov-26 22:47:18.785 [Task monitor] DEBUG n.processor.TaskPollingMonitor - Task completed > TaskHandler[id: 60; name: revertFile (59); status: COMPLETED; exit: 0; error: -; workDir: /input/data/work/e2/e6d610f67471c2d03931a3afa57781]
Nov-26 22:47:18.852 [Task monitor] DEBUG n.processor.TaskPollingMonitor - Task completed > TaskHandler[id: 61; name: revertFile (60); status: COMPLETED; exit: 0; error: -; workDir: /input/data/work/a9/cba1b12e2b3f3aab7b7af14cba869e]
Nov-26 22:47:28.367 [Task monitor] WARN  nextflow.k8s.client.K8sClient - K8s pod cannot be scheduled -- 0/8 nodes are available: 8 Insufficient cpu. preemption: 0/8 nodes are available: 8 No preemption victims found for incoming pod..
Nov-26 22:47:56.768 [Task monitor] DEBUG n.processor.TaskPollingMonitor - Task completed > TaskHandler[id: 64; name: revertFile (63); status: COMPLETED; exit: 0; error: -; workDir: /input/data/work/d3/21c6d29ee9eaf6c121d14788d0ef97]
Nov-26 22:48:09.100 [Task monitor] DEBUG n.processor.TaskPollingMonitor - Task completed > TaskHandler[id: 73; name: revertFile (72); status: COMPLETED; exit: 0; error: -; workDir: /input/data/work/4b/520f64f9a8486dd44060bb7ffeef79]
Nov-26 22:48:09.327 [Task monitor] DEBUG n.processor.TaskPollingMonitor - Task completed > TaskHandler[id: 82; name: revertFile (81); status: COMPLETED; exit: 0; error: -; workDir: /input/data/work/3a/131a350f03c9c933634789a186b3d7]
Nov-26 22:48:09.500 [Task monitor] DEBUG n.processor.TaskPollingMonitor - Task completed > TaskHandler[id: 81; name: revertFile (80); status: COMPLETED; exit: 0; error: -; workDir: /input/data/work/15/d989df741e0bef2efc8fdf6848288b]
Nov-26 22:48:09.854 [Task monitor] DEBUG n.processor.TaskPollingMonitor - Task completed > TaskHandler[id: 92; name: revertFile (91); status: COMPLETED; exit: 0; error: -; workDir: /input/data/work/e5/ca01a9955ec44145ed92555d4eac1e]
Nov-26 22:48:09.947 [Task monitor] DEBUG n.processor.TaskPollingMonitor - Task completed > TaskHandler[id: 91; name: revertFile (90); status: COMPLETED; exit: 0; error: -; workDir: /input/data/work/26/fe97dac1c087001ff9f8dbf7bc722e]
Nov-26 22:48:14.172 [Task monitor] DEBUG n.processor.TaskPollingMonitor - Task completed > TaskHandler[id: 94; name: revertFile (93); status: COMPLETED; exit: 0; error: -; workDir: /input/data/work/b5/d964d450e0db8a07df2dab4ff5d03a]
Nov-26 22:48:42.375 [Task monitor] DEBUG n.processor.TaskPollingMonitor - Task completed > TaskHandler[id: 51; name: revertFile (50); status: COMPLETED; exit: 0; error: -; workDir: /input/data/work/0f/f59c719c76a9253568b83275f04cc9]
Nov-26 22:48:42.415 [Task monitor] DEBUG n.processor.TaskPollingMonitor - Task completed > TaskHandler[id: 52; name: revertFile (51); status: COMPLETED; exit: 0; error: -; workDir: /input/data/work/5c/328c818598dc70acd4c9ea37047aa7]
Nov-26 22:48:42.432 [Task monitor] WARN  nextflow.k8s.client.K8sClient - K8s pod cannot be scheduled -- 0/8 nodes are available: 8 Insufficient cpu. preemption: 0/8 nodes are available: 8 No preemption victims found for incoming pod..
Nov-26 22:48:42.514 [Task monitor] DEBUG n.processor.TaskPollingMonitor - Task completed > TaskHandler[id: 56; name: revertFile (55); status: COMPLETED; exit: 0; error: -; workDir: /input/data/work/78/4ff90c60131905db2f0f00b1aff6d1]
Nov-26 22:48:49.092 [Task monitor] DEBUG n.processor.TaskPollingMonitor - Task completed > TaskHandler[id: 95; name: revertFile (94); status: COMPLETED; exit: 0; error: -; workDir: /input/data/work/10/f894f07ea7dee55bd9298d82dbc3ce]
Nov-26 22:48:49.153 [Task monitor] DEBUG n.processor.TaskPollingMonitor - Task completed > TaskHandler[id: 99; name: revertFile (98); status: COMPLETED; exit: 0; error: -; workDir: /input/data/work/81/25611b566094a92db5be924f41a1f4]
Nov-26 22:48:49.269 [Task monitor] DEBUG n.processor.TaskPollingMonitor - Task completed > TaskHandler[id: 101; name: revertFile (100); status: COMPLETED; exit: 0; error: -; workDir: /input/data/work/bb/54b4949eaa5b9294525a40ae2d0ce5]
Nov-26 22:49:33.403 [Task monitor] DEBUG n.processor.TaskPollingMonitor - Task completed > TaskHandler[id: 63; name: revertFile (62); status: COMPLETED; exit: 0; error: -; workDir: /input/data/work/cd/82412bbdcca058dd3fa2dea298f749]
Nov-26 22:49:33.478 [Task monitor] DEBUG n.processor.TaskPollingMonitor - Task completed > TaskHandler[id: 68; name: revertFile (67); status: COMPLETED; exit: 0; error: -; workDir: /input/data/work/41/1fb4f98fb3332e71431c11a5fb2912]
Nov-26 22:49:33.513 [Task monitor] DEBUG n.processor.TaskPollingMonitor - Task completed > TaskHandler[id: 66; name: revertFile (65); status: COMPLETED; exit: 0; error: -; workDir: /input/data/work/c8/80572c6f0838c354811b90194e820f]
Nov-26 22:49:33.578 [Task monitor] DEBUG n.processor.TaskPollingMonitor - Task completed > TaskHandler[id: 71; name: revertFile (70); status: COMPLETED; exit: 0; error: -; workDir: /input/data/work/99/eeba1fd263665d6089a89fd9295a69]
Nov-26 22:49:33.644 [Task monitor] DEBUG n.processor.TaskPollingMonitor - Task completed > TaskHandler[id: 74; name: revertFile (73); status: COMPLETED; exit: 0; error: -; workDir: /input/data/work/6d/9bb76ebd321f58aec5244dcfa0d167]
Nov-26 22:49:33.803 [Task monitor] DEBUG n.processor.TaskPollingMonitor - Task completed > TaskHandler[id: 84; name: revertFile (83); status: COMPLETED; exit: 0; error: -; workDir: /input/data/work/72/49ef950453c59fbfe40b9e82976cd1]
Nov-26 22:49:43.327 [Task monitor] WARN  nextflow.k8s.client.K8sClient - K8s pod cannot be scheduled -- 0/8 nodes are available: 8 Insufficient cpu. preemption: 0/8 nodes are available: 8 No preemption victims found for incoming pod..
Nov-26 22:49:43.501 [Task monitor] DEBUG n.processor.TaskPollingMonitor - Task completed > TaskHandler[id: 69; name: revertFile (68); status: COMPLETED; exit: 0; error: -; workDir: /input/data/work/67/6d43cac9a685b4ce64f7356364764f]
Nov-26 22:49:43.644 [Task monitor] DEBUG n.processor.TaskPollingMonitor - Task completed > TaskHandler[id: 70; name: revertFile (69); status: COMPLETED; exit: 0; error: -; workDir: /input/data/work/00/5f9976fc877ebd28c40911a7f59dbd]
Nov-26 22:49:46.082 [Task monitor] DEBUG n.processor.TaskPollingMonitor - Task completed > TaskHandler[id: 75; name: revertFile (74); status: COMPLETED; exit: 0; error: -; workDir: /input/data/work/45/a228676dc5d4b4f8766adad8ec7352]
Nov-26 22:49:46.200 [Task monitor] DEBUG n.processor.TaskPollingMonitor - Task completed > TaskHandler[id: 77; name: revertFile (76); status: COMPLETED; exit: 0; error: -; workDir: /input/data/work/d7/5741b6940238ce6f410d767d79fbd4]
Nov-26 22:49:46.295 [Task monitor] DEBUG n.processor.TaskPollingMonitor - Task completed > TaskHandler[id: 85; name: revertFile (84); status: COMPLETED; exit: 0; error: -; workDir: /input/data/work/b4/ab50219ac65b4aa1fc1d022760f4a4]
Nov-26 22:49:46.422 [Task monitor] DEBUG n.processor.TaskPollingMonitor - Task completed > TaskHandler[id: 90; name: revertFile (89); status: COMPLETED; exit: 0; error: -; workDir: /input/data/work/15/c1bf46752fe48306fa5f2a5f2299e7]
Nov-26 22:50:00.235 [Task monitor] DEBUG n.processor.TaskPollingMonitor - Task completed > TaskHandler[id: 65; name: revertFile (64); status: COMPLETED; exit: 0; error: -; workDir: /input/data/work/81/011424db72af5ab18d8abf7519e72b]
Nov-26 22:50:03.717 [Task monitor] DEBUG n.processor.TaskPollingMonitor - Task completed > TaskHandler[id: 80; name: revertFile (79); status: COMPLETED; exit: 0; error: -; workDir: /input/data/work/4c/ad90bcce3711b4e79b78a6aece3752]
Nov-26 22:50:05.645 [Task monitor] DEBUG n.processor.TaskPollingMonitor - Task completed > TaskHandler[id: 89; name: revertFile (88); status: COMPLETED; exit: 0; error: -; workDir: /input/data/work/13/b65b0608da1f17f4ea47a371cea334]
Nov-26 22:50:10.778 [Task monitor] DEBUG n.processor.TaskPollingMonitor - Task completed > TaskHandler[id: 54; name: revertFile (53); status: COMPLETED; exit: 0; error: -; workDir: /input/data/work/fa/b038e67c31611fb6ed12c0a7daaa5e]
Nov-26 22:50:10.876 [Task monitor] DEBUG n.processor.TaskPollingMonitor - Task completed > TaskHandler[id: 72; name: revertFile (71); status: COMPLETED; exit: 0; error: -; workDir: /input/data/work/85/091667b9ffcf0c460f4333bcd8a79e]
Nov-26 22:50:10.928 [Task monitor] DEBUG n.processor.TaskPollingMonitor - Task completed > TaskHandler[id: 78; name: revertFile (77); status: COMPLETED; exit: 0; error: -; workDir: /input/data/work/0e/22a12103dc535ed984153496f13e6b]
Nov-26 22:50:10.994 [Task monitor] DEBUG n.processor.TaskPollingMonitor - Task completed > TaskHandler[id: 87; name: revertFile (86); status: COMPLETED; exit: 0; error: -; workDir: /input/data/work/a6/f5340f7b3130be666c6d3d79cb9518]
Nov-26 22:50:11.043 [Task monitor] DEBUG n.processor.TaskPollingMonitor - Task completed > TaskHandler[id: 93; name: revertFile (92); status: COMPLETED; exit: 0; error: -; workDir: /input/data/work/97/8429a36835d3c5e99e26f1f5866268]
Nov-26 22:50:11.110 [Task monitor] DEBUG n.processor.TaskPollingMonitor - Task completed > TaskHandler[id: 97; name: revertFile (96); status: COMPLETED; exit: 0; error: -; workDir: /input/data/work/c7/4f505af44f47d9044dde985041a568]
Nov-26 22:50:45.806 [Task monitor] DEBUG n.processor.TaskPollingMonitor - Task completed > TaskHandler[id: 57; name: revertFile (56); status: COMPLETED; exit: 0; error: -; workDir: /input/data/work/eb/88822e3ab459f7b42101c707d9676b]
Nov-26 22:50:45.974 [Task monitor] DEBUG n.processor.TaskPollingMonitor - Task completed > TaskHandler[id: 96; name: revertFile (95); status: COMPLETED; exit: 0; error: -; workDir: /input/data/work/28/a1bd44b2d9759e0911e08f97aa0b29]
Nov-26 22:50:46.011 [Task monitor] DEBUG n.processor.TaskPollingMonitor - Task completed > TaskHandler[id: 100; name: revertFile (99); status: COMPLETED; exit: 0; error: -; workDir: /input/data/work/2e/9d635370d0d975d350ee18fc9ba13a]
Nov-26 22:51:00.800 [Task monitor] DEBUG n.processor.TaskPollingMonitor - Task completed > TaskHandler[id: 62; name: revertFile (61); status: COMPLETED; exit: 0; error: -; workDir: /input/data/work/a6/aa8f3d01b5c027e7dea0912ce7bf88]
Nov-26 22:51:00.852 [Task monitor] DEBUG n.processor.TaskPollingMonitor - Task completed > TaskHandler[id: 76; name: revertFile (75); status: COMPLETED; exit: 0; error: -; workDir: /input/data/work/f8/510cc93f0bf8338060f1a07af24a81]
Nov-26 22:51:00.904 [Task monitor] DEBUG n.processor.TaskPollingMonitor - Task completed > TaskHandler[id: 86; name: revertFile (85); status: COMPLETED; exit: 0; error: -; workDir: /input/data/work/e5/611ec27f34be4e563331c940703f72]
Nov-26 22:51:25.838 [Task monitor] DEBUG n.processor.TaskPollingMonitor - Task completed > TaskHandler[id: 79; name: revertFile (78); status: COMPLETED; exit: 0; error: -; workDir: /input/data/work/0c/04ba4423609565e9cdf08daee69b1d]
Nov-26 22:51:40.788 [Task monitor] DEBUG n.processor.TaskPollingMonitor - Task completed > TaskHandler[id: 59; name: revertFile (58); status: COMPLETED; exit: 0; error: -; workDir: /input/data/work/f2/32182c32018956d52924eadc38becb]
Nov-26 22:51:40.844 [Task monitor] DEBUG n.processor.TaskPollingMonitor - Task completed > TaskHandler[id: 88; name: revertFile (87); status: COMPLETED; exit: 0; error: -; workDir: /input/data/work/64/47a7132bb83f9e26ce47bf9404438a]
Nov-26 22:51:45.772 [Task monitor] DEBUG n.processor.TaskPollingMonitor - Task completed > TaskHandler[id: 53; name: revertFile (52); status: COMPLETED; exit: 0; error: -; workDir: /input/data/work/46/adba5f4707b544ec41d7a2946f9acb]
Nov-26 22:51:45.812 [Task monitor] DEBUG n.processor.TaskPollingMonitor - Task completed > TaskHandler[id: 67; name: revertFile (66); status: COMPLETED; exit: 0; error: -; workDir: /input/data/work/ed/0e3a08dc86d10315174b6a24db5ff0]
Nov-26 22:51:45.849 [Task monitor] DEBUG n.processor.TaskPollingMonitor - Task completed > TaskHandler[id: 98; name: revertFile (97); status: COMPLETED; exit: 0; error: -; workDir: /input/data/work/24/c47c7d8a3c8dc6099223d1f8f7d314]
Nov-26 22:51:45.855 [main] DEBUG nextflow.Session - Session await > all processes finished
Nov-26 22:51:50.730 [main] DEBUG nextflow.Session - Session await > all barriers passed
Nov-26 22:51:50.746 [main] DEBUG n.trace.WorkflowStatsObserver - Workflow completed > WorkflowStats[succeededCount=101; failedCount=0; ignoredCount=0; cachedCount=0; pendingCount=0; submittedCount=0; runningCount=0; retriesCount=0; abortedCount=0; succeedDuration=14h 40m 52s; failedDuration=0ms; cachedDuration=0ms;loadCpus=0; loadMemory=0; peakRunning=25; peakCpus=250; peakMemory=250 GB; ]
Nov-26 22:51:50.747 [main] DEBUG nextflow.trace.TraceFileObserver - Workflow completed -- saving trace file
Nov-26 22:51:50.748 [main] DEBUG nextflow.trace.ReportObserver - Workflow completed -- rendering execution report
Nov-26 22:51:51.319 [main] DEBUG nextflow.trace.TimelineObserver - Workflow completed -- rendering execution timeline
Nov-26 22:51:51.412 [main] DEBUG nextflow.cache.CacheDB - Closing CacheDB done
Nov-26 22:51:51.445 [main] DEBUG nextflow.util.ThreadPoolManager - Thread pool 'FileTransfer' shutdown completed (hard=false)
Nov-26 22:51:51.445 [main] DEBUG nextflow.script.ScriptRunner - > Execution complete -- Goodbye
