Jan-10 14:57:59.857 [main] DEBUG nextflow.cli.Launcher - $> nextflow run /input/groupMultiple -c /experiments/experiment/groupMultiple/nextflow.config -c /experiments/experiment/nextflow_la.config -c /experiments/experiment/nextflow_ceph.config
Jan-10 14:57:59.913 [main] INFO  nextflow.cli.CmdRun - N E X T F L O W  ~  version 23.07.0-edge
Jan-10 14:57:59.931 [main] DEBUG nextflow.plugin.PluginsFacade - Setting up plugin manager > mode=prod; embedded=false; plugins-dir=/.nextflow/plugins; core-plugins: nf-amazon@2.1.0,nf-azure@1.1.4,nf-cloudcache@0.1.0,nf-codecommit@0.1.5,nf-console@1.0.6,nf-ga4gh@1.1.0,nf-google@1.8.1,nf-tower@1.5.15,nf-wave@0.11.0
Jan-10 14:57:59.939 [main] INFO  o.pf4j.DefaultPluginStatusProvider - Enabled plugins: []
Jan-10 14:57:59.940 [main] INFO  o.pf4j.DefaultPluginStatusProvider - Disabled plugins: []
Jan-10 14:57:59.943 [main] INFO  org.pf4j.DefaultPluginManager - PF4J version 3.4.1 in 'deployment' mode
Jan-10 14:57:59.950 [main] INFO  org.pf4j.AbstractPluginManager - No plugins
Jan-10 14:57:59.970 [main] DEBUG nextflow.scm.AssetManager - Project manifest does not exist: /input/groupMultiple/nextflow.config (No such file or directory)
Jan-10 14:57:59.993 [main] DEBUG nextflow.config.ConfigBuilder - User config file: /experiments/experiment/groupMultiple/nextflow.config
Jan-10 14:57:59.994 [main] DEBUG nextflow.config.ConfigBuilder - User config file: /experiments/experiment/nextflow_la.config
Jan-10 14:57:59.995 [main] DEBUG nextflow.config.ConfigBuilder - User config file: /experiments/experiment/nextflow_ceph.config
Jan-10 14:57:59.995 [main] DEBUG nextflow.config.ConfigBuilder - Parsing config file: /experiments/experiment/groupMultiple/nextflow.config
Jan-10 14:57:59.995 [main] DEBUG nextflow.config.ConfigBuilder - Parsing config file: /experiments/experiment/nextflow_la.config
Jan-10 14:57:59.996 [main] DEBUG nextflow.config.ConfigBuilder - Parsing config file: /experiments/experiment/nextflow_ceph.config
Jan-10 14:58:00.015 [main] DEBUG nextflow.config.ConfigBuilder - Applying config profile: `standard`
Jan-10 14:58:00.538 [main] DEBUG nextflow.config.ConfigBuilder - Applying config profile: `standard`
Jan-10 14:58:00.691 [main] DEBUG nextflow.config.ConfigBuilder - Applying config profile: `standard`
Jan-10 14:58:00.716 [main] DEBUG nextflow.cli.CmdRun - Applied DSL=2 by global default
Jan-10 14:58:00.729 [main] INFO  nextflow.cli.CmdRun - Launching `/input/groupMultiple/main.nf` [maniac_euclid] DSL2 - revision: b7ed08cdab
Jan-10 14:58:00.729 [main] DEBUG nextflow.plugin.PluginsFacade - Plugins default=[]
Jan-10 14:58:00.730 [main] DEBUG nextflow.plugin.PluginsFacade - Plugins resolved requirement=[]
Jan-10 14:58:00.736 [main] DEBUG n.secret.LocalSecretsProvider - Secrets store: /.nextflow/secrets/store.json
Jan-10 14:58:00.739 [main] DEBUG nextflow.secret.SecretsLoader - Discovered secrets providers: [nextflow.secret.LocalSecretsProvider@20d87335] - activable => nextflow.secret.LocalSecretsProvider@20d87335
Jan-10 14:58:00.797 [main] DEBUG nextflow.Session - Session UUID: b2bc2ef2-c794-417f-ad68-4dc6666f109b
Jan-10 14:58:00.797 [main] DEBUG nextflow.Session - Run name: maniac_euclid
Jan-10 14:58:00.798 [main] DEBUG nextflow.Session - Executor pool size: 32
Jan-10 14:58:00.803 [main] DEBUG nextflow.file.FilePorter - File porter settings maxRetries=3; maxTransfers=50; pollTimeout=null
Jan-10 14:58:00.806 [main] DEBUG nextflow.util.ThreadPoolBuilder - Creating thread pool 'FileTransfer' minSize=10; maxSize=96; workQueue=LinkedBlockingQueue[10000]; allowCoreThreadTimeout=false
Jan-10 14:58:00.834 [main] DEBUG nextflow.cli.CmdRun - 
  Version: 23.07.0-edge build 5875
  Created: 28-07-2023 20:27 UTC (20:27 GMT)
  System: Linux 5.4.0-169-generic
  Runtime: Groovy 3.0.18 on OpenJDK 64-Bit Server VM 17.0.6+10-LTS
  Encoding: UTF-8 (UTF-8)
  Process: 1584398@nextflow [10.233.76.13]
  CPUs: 32 - Mem: 125.7 GB (122.3 GB) - Swap: 0 (0)
Jan-10 14:58:00.863 [main] DEBUG nextflow.Session - Work-dir: /input/data/work [ceph]
Jan-10 14:58:00.864 [main] DEBUG nextflow.Session - Script base path does not exist or is not a directory: /input/groupMultiple/bin
Jan-10 14:58:00.872 [main] DEBUG nextflow.executor.ExecutorFactory - Extension executors providers=[]
Jan-10 14:58:00.880 [main] DEBUG nextflow.Session - Observer factory: DefaultObserverFactory
Jan-10 14:58:00.907 [main] DEBUG nextflow.cache.CacheFactory - Using Nextflow cache factory: nextflow.cache.DefaultCacheFactory
Jan-10 14:58:00.914 [main] DEBUG nextflow.util.CustomThreadPool - Creating default thread pool > poolSize: 33; maxThreads: 1000
Jan-10 14:58:01.010 [main] DEBUG nextflow.Session - Session start
Jan-10 14:58:01.015 [main] DEBUG nextflow.trace.TraceFileObserver - Workflow started -- trace file: /input/data/output/trace.csv
Jan-10 14:58:01.191 [main] DEBUG nextflow.script.ScriptRunner - > Launching execution
Jan-10 14:58:01.402 [main] DEBUG nextflow.script.ProcessConfig - Config settings `withName:writeLargeFile` matches process writeLargeFile
Jan-10 14:58:01.411 [main] DEBUG nextflow.executor.ExecutorFactory - << taskConfig executor: k8s
Jan-10 14:58:01.411 [main] DEBUG nextflow.executor.ExecutorFactory - >> processorType: 'k8s'
Jan-10 14:58:01.419 [main] DEBUG nextflow.executor.Executor - [warm up] executor > k8s
Jan-10 14:58:01.436 [main] DEBUG n.processor.TaskPollingMonitor - Creating task monitor for executor 'k8s' > capacity: 300; pollInterval: 5s; dumpInterval: 5m; schedulerBatch: null
Jan-10 14:58:01.442 [main] DEBUG nextflow.k8s.client.ConfigDiscovery - K8s config file does not exist: /root/.kube/config
Jan-10 14:58:01.455 [main] DEBUG nextflow.k8s.K8sExecutor - [K8s] config=[localPath:/localdata, localStorageMountPath:/localdata, scheduler:[strategy:LAv2, name:workflow-scheduler, autoClose:false, nodeSelector:usedby=anonymized, container:anonymized/test1:sch_v194], storage:[type:copy, workdir:/localdata/localwork/, nodeSelector:usedby=anonymized, imageName:anonymized/test1:ftp_v122], debug:[yaml:true], namespace:anonymized, serviceAccount:nextflow, workDir:/input/data/work/, projectDir:/input/data/project/, imagePullPolicy:IfNotPresent, launchDir:/input/data/launch/, runAsUser:0, fetchNodeName:true, storageMountPath:/input, pod:[nodeSelector:usedby=anonymized], storageClaimName:ceph-data]; API client config=ClientConfig[ server=10.233.0.1:443, namespace=anonymized, serviceAccount=nextflow, token=eyJhbGciOiJ.., sslCert=LS0tLS1CRUd.., clientCert=-, clientKey=-, verifySsl=false, fromFile=true, httpReadTimeout=null, httpConnectTimeout=null, maxErrorRetry=4 ]
Jan-10 14:58:01.881 [main] DEBUG nextflow.k8s.K8sExecutor - Created K8s configMap with name: nf-get-stat-41cac373
Jan-10 14:58:05.632 [main] DEBUG nextflow.script.ProcessConfig - Config settings `withName:combineFiles` matches process combineFilesA
Jan-10 14:58:05.634 [main] DEBUG nextflow.executor.ExecutorFactory - << taskConfig executor: k8s
Jan-10 14:58:05.635 [main] DEBUG nextflow.executor.ExecutorFactory - >> processorType: 'k8s'
Jan-10 14:58:05.673 [main] DEBUG nextflow.script.ProcessConfig - Config settings `withName:combineFiles` matches process combineFilesB
Jan-10 14:58:05.675 [main] DEBUG nextflow.executor.ExecutorFactory - << taskConfig executor: k8s
Jan-10 14:58:05.675 [main] DEBUG nextflow.executor.ExecutorFactory - >> processorType: 'k8s'
Jan-10 14:58:05.688 [main] DEBUG nextflow.Session - Workflow process names [dsl2]: revertFile, combineFiles, combineFilesA, writeLargeFile, combineFilesB
Jan-10 14:58:05.690 [main] DEBUG nextflow.Session - Igniting dataflow network (4)
Jan-10 14:58:05.691 [main] DEBUG nextflow.processor.TaskProcessor - Starting process > writeLargeFile
Jan-10 14:58:05.692 [main] DEBUG nextflow.processor.TaskProcessor - Starting process > combineFilesA
Jan-10 14:58:05.692 [main] DEBUG nextflow.processor.TaskProcessor - Starting process > combineFilesB
Jan-10 14:58:05.693 [main] DEBUG nextflow.script.ScriptRunner - > Awaiting termination 
Jan-10 14:58:05.693 [main] DEBUG nextflow.Session - Session await
Jan-10 14:58:05.970 [Task submitter] INFO  nextflow.Session - [f2/66eb91] Submitted process > writeLargeFile (13)
Jan-10 14:58:06.008 [Task submitter] INFO  nextflow.Session - [49/247d59] Submitted process > writeLargeFile (2)
Jan-10 14:58:06.047 [Task submitter] INFO  nextflow.Session - [8e/983397] Submitted process > writeLargeFile (4)
Jan-10 14:58:06.084 [Task submitter] INFO  nextflow.Session - [5c/b8b6b0] Submitted process > writeLargeFile (32)
Jan-10 14:58:06.118 [Task submitter] INFO  nextflow.Session - [f5/398f61] Submitted process > writeLargeFile (15)
Jan-10 14:58:06.156 [Task submitter] INFO  nextflow.Session - [ba/a945ec] Submitted process > writeLargeFile (12)
Jan-10 14:58:06.192 [Task submitter] INFO  nextflow.Session - [e6/8dae95] Submitted process > writeLargeFile (1)
Jan-10 14:58:06.227 [Task submitter] INFO  nextflow.Session - [21/86aacc] Submitted process > writeLargeFile (30)
Jan-10 14:58:06.263 [Task submitter] INFO  nextflow.Session - [50/04105c] Submitted process > writeLargeFile (23)
Jan-10 14:58:06.300 [Task submitter] INFO  nextflow.Session - [81/54ea8d] Submitted process > writeLargeFile (22)
Jan-10 14:58:06.333 [Task submitter] INFO  nextflow.Session - [8f/8a5c55] Submitted process > writeLargeFile (10)
Jan-10 14:58:06.367 [Task submitter] INFO  nextflow.Session - [71/effea7] Submitted process > writeLargeFile (27)
Jan-10 14:58:06.399 [Task submitter] INFO  nextflow.Session - [2c/229748] Submitted process > writeLargeFile (8)
Jan-10 14:58:06.432 [Task submitter] INFO  nextflow.Session - [6b/41f4ce] Submitted process > writeLargeFile (28)
Jan-10 14:58:06.462 [Task submitter] INFO  nextflow.Session - [ae/e5e5c6] Submitted process > writeLargeFile (6)
Jan-10 14:58:06.502 [Task submitter] INFO  nextflow.Session - [b4/8c804e] Submitted process > writeLargeFile (45)
Jan-10 14:58:06.549 [Task submitter] INFO  nextflow.Session - [cb/b3301e] Submitted process > writeLargeFile (3)
Jan-10 14:58:06.585 [Task submitter] INFO  nextflow.Session - [b8/c0052a] Submitted process > writeLargeFile (31)
Jan-10 14:58:06.616 [Task submitter] INFO  nextflow.Session - [7b/2387ce] Submitted process > writeLargeFile (11)
Jan-10 14:58:06.646 [Task submitter] INFO  nextflow.Session - [0d/c8a5f0] Submitted process > writeLargeFile (29)
Jan-10 14:58:06.681 [Task submitter] INFO  nextflow.Session - [03/a48d3f] Submitted process > writeLargeFile (17)
Jan-10 14:58:06.713 [Task submitter] INFO  nextflow.Session - [97/7bd0ae] Submitted process > writeLargeFile (18)
Jan-10 14:58:06.744 [Task submitter] INFO  nextflow.Session - [1c/03d3ff] Submitted process > writeLargeFile (5)
Jan-10 14:58:06.773 [Task submitter] INFO  nextflow.Session - [40/bdcee3] Submitted process > writeLargeFile (14)
Jan-10 14:58:06.805 [Task submitter] INFO  nextflow.Session - [5e/dbd0db] Submitted process > writeLargeFile (25)
Jan-10 14:58:06.835 [Task submitter] INFO  nextflow.Session - [19/f9b52d] Submitted process > writeLargeFile (21)
Jan-10 14:58:06.867 [Task submitter] INFO  nextflow.Session - [b1/35dcd1] Submitted process > writeLargeFile (19)
Jan-10 14:58:06.902 [Task submitter] INFO  nextflow.Session - [bf/dbed72] Submitted process > writeLargeFile (7)
Jan-10 14:58:06.936 [Task submitter] INFO  nextflow.Session - [f1/08f991] Submitted process > writeLargeFile (16)
Jan-10 14:58:06.965 [Task submitter] INFO  nextflow.Session - [a0/55c8f6] Submitted process > writeLargeFile (20)
Jan-10 14:58:06.998 [Task submitter] INFO  nextflow.Session - [03/67b3fa] Submitted process > writeLargeFile (26)
Jan-10 14:58:07.030 [Task submitter] INFO  nextflow.Session - [0c/1de0a7] Submitted process > writeLargeFile (24)
Jan-10 14:58:07.064 [Task submitter] INFO  nextflow.Session - [bf/09a12e] Submitted process > writeLargeFile (9)
Jan-10 14:58:07.098 [Task submitter] INFO  nextflow.Session - [62/a8bab5] Submitted process > writeLargeFile (33)
Jan-10 14:58:07.130 [Task submitter] INFO  nextflow.Session - [92/05492d] Submitted process > writeLargeFile (35)
Jan-10 14:58:07.159 [Task submitter] INFO  nextflow.Session - [38/c0983d] Submitted process > writeLargeFile (62)
Jan-10 14:58:07.189 [Task submitter] INFO  nextflow.Session - [fa/da867b] Submitted process > writeLargeFile (34)
Jan-10 14:58:07.218 [Task submitter] INFO  nextflow.Session - [b0/9a51e2] Submitted process > writeLargeFile (36)
Jan-10 14:58:07.250 [Task submitter] INFO  nextflow.Session - [a3/87242b] Submitted process > writeLargeFile (37)
Jan-10 14:58:07.286 [Task submitter] INFO  nextflow.Session - [3b/4a454c] Submitted process > writeLargeFile (38)
Jan-10 14:58:07.313 [Task submitter] INFO  nextflow.Session - [95/976c47] Submitted process > writeLargeFile (67)
Jan-10 14:58:07.344 [Task submitter] INFO  nextflow.Session - [de/f11601] Submitted process > writeLargeFile (39)
Jan-10 14:58:07.376 [Task submitter] INFO  nextflow.Session - [92/2098be] Submitted process > writeLargeFile (40)
Jan-10 14:58:07.407 [Task submitter] INFO  nextflow.Session - [57/2d822d] Submitted process > writeLargeFile (41)
Jan-10 14:58:07.436 [Task submitter] INFO  nextflow.Session - [c1/f2a211] Submitted process > writeLargeFile (42)
Jan-10 14:58:07.466 [Task submitter] INFO  nextflow.Session - [89/c9d657] Submitted process > writeLargeFile (43)
Jan-10 14:58:07.495 [Task submitter] INFO  nextflow.Session - [cc/de8c5c] Submitted process > writeLargeFile (44)
Jan-10 14:58:07.525 [Task submitter] INFO  nextflow.Session - [08/ac59f7] Submitted process > writeLargeFile (75)
Jan-10 14:58:07.555 [Task submitter] INFO  nextflow.Session - [4f/be7632] Submitted process > writeLargeFile (46)
Jan-10 14:58:07.587 [Task submitter] INFO  nextflow.Session - [56/1d3f2a] Submitted process > writeLargeFile (47)
Jan-10 14:58:07.620 [Task submitter] INFO  nextflow.Session - [78/60b3ee] Submitted process > writeLargeFile (48)
Jan-10 14:58:07.650 [Task submitter] INFO  nextflow.Session - [8d/ce335e] Submitted process > writeLargeFile (49)
Jan-10 14:58:07.680 [Task submitter] INFO  nextflow.Session - [e8/8f1ea6] Submitted process > writeLargeFile (50)
Jan-10 14:58:07.712 [Task submitter] INFO  nextflow.Session - [37/e2b3d8] Submitted process > writeLargeFile (51)
Jan-10 14:58:07.743 [Task submitter] INFO  nextflow.Session - [65/943696] Submitted process > writeLargeFile (52)
Jan-10 14:58:07.773 [Task submitter] INFO  nextflow.Session - [84/90ff95] Submitted process > writeLargeFile (53)
Jan-10 14:58:07.802 [Task submitter] INFO  nextflow.Session - [76/f80783] Submitted process > writeLargeFile (54)
Jan-10 14:58:07.832 [Task submitter] INFO  nextflow.Session - [b1/e62ec7] Submitted process > writeLargeFile (56)
Jan-10 14:58:07.861 [Task submitter] INFO  nextflow.Session - [72/ac0ef3] Submitted process > writeLargeFile (55)
Jan-10 14:58:07.892 [Task submitter] INFO  nextflow.Session - [43/09d2ca] Submitted process > writeLargeFile (57)
Jan-10 14:58:07.924 [Task submitter] INFO  nextflow.Session - [e2/d283b5] Submitted process > writeLargeFile (58)
Jan-10 14:58:07.953 [Task submitter] INFO  nextflow.Session - [70/337e23] Submitted process > writeLargeFile (59)
Jan-10 14:58:07.983 [Task submitter] INFO  nextflow.Session - [68/2f10b8] Submitted process > writeLargeFile (60)
Jan-10 14:58:08.014 [Task submitter] INFO  nextflow.Session - [ad/8a09e3] Submitted process > writeLargeFile (61)
Jan-10 14:58:08.044 [Task submitter] INFO  nextflow.Session - [7e/a45e2b] Submitted process > writeLargeFile (63)
Jan-10 14:58:08.074 [Task submitter] INFO  nextflow.Session - [0c/4beab4] Submitted process > writeLargeFile (65)
Jan-10 14:58:08.103 [Task submitter] INFO  nextflow.Session - [f7/58725a] Submitted process > writeLargeFile (64)
Jan-10 14:58:08.135 [Task submitter] INFO  nextflow.Session - [ca/2b61ba] Submitted process > writeLargeFile (66)
Jan-10 14:58:08.171 [Task submitter] INFO  nextflow.Session - [56/4e93ed] Submitted process > writeLargeFile (69)
Jan-10 14:58:08.202 [Task submitter] INFO  nextflow.Session - [c4/00a4e6] Submitted process > writeLargeFile (70)
Jan-10 14:58:08.229 [Task submitter] INFO  nextflow.Session - [b4/a007b5] Submitted process > writeLargeFile (71)
Jan-10 14:58:08.257 [Task submitter] INFO  nextflow.Session - [50/77ab4f] Submitted process > writeLargeFile (68)
Jan-10 14:58:08.285 [Task submitter] INFO  nextflow.Session - [da/dc98b6] Submitted process > writeLargeFile (72)
Jan-10 14:58:08.313 [Task submitter] INFO  nextflow.Session - [d6/e4555e] Submitted process > writeLargeFile (73)
Jan-10 14:58:08.342 [Task submitter] INFO  nextflow.Session - [7b/3fe1f5] Submitted process > writeLargeFile (74)
Jan-10 14:58:08.371 [Task submitter] INFO  nextflow.Session - [43/810514] Submitted process > writeLargeFile (76)
Jan-10 14:58:08.402 [Task submitter] INFO  nextflow.Session - [9a/90007f] Submitted process > writeLargeFile (77)
Jan-10 14:58:08.431 [Task submitter] INFO  nextflow.Session - [ab/f7f64e] Submitted process > writeLargeFile (79)
Jan-10 14:58:08.460 [Task submitter] INFO  nextflow.Session - [1a/5ab6dc] Submitted process > writeLargeFile (78)
Jan-10 14:58:08.487 [Task submitter] INFO  nextflow.Session - [33/f0f052] Submitted process > writeLargeFile (80)
Jan-10 14:58:08.515 [Task submitter] INFO  nextflow.Session - [f5/127646] Submitted process > writeLargeFile (81)
Jan-10 14:58:08.547 [Task submitter] INFO  nextflow.Session - [c1/2ee0a7] Submitted process > writeLargeFile (82)
Jan-10 14:58:08.576 [Task submitter] INFO  nextflow.Session - [bc/1b9598] Submitted process > writeLargeFile (83)
Jan-10 14:58:08.605 [Task submitter] INFO  nextflow.Session - [30/93fd26] Submitted process > writeLargeFile (84)
Jan-10 14:58:08.634 [Task submitter] INFO  nextflow.Session - [0d/bb8fdd] Submitted process > writeLargeFile (86)
Jan-10 14:58:08.664 [Task submitter] INFO  nextflow.Session - [10/de9e53] Submitted process > writeLargeFile (85)
Jan-10 14:58:08.694 [Task submitter] INFO  nextflow.Session - [15/fe91b0] Submitted process > writeLargeFile (87)
Jan-10 14:58:08.723 [Task submitter] INFO  nextflow.Session - [c7/a50136] Submitted process > writeLargeFile (88)
Jan-10 14:58:08.751 [Task submitter] INFO  nextflow.Session - [97/473c93] Submitted process > writeLargeFile (89)
Jan-10 14:58:08.783 [Task submitter] INFO  nextflow.Session - [ad/2e11c7] Submitted process > writeLargeFile (90)
Jan-10 14:58:08.810 [Task submitter] INFO  nextflow.Session - [7e/00942a] Submitted process > writeLargeFile (92)
Jan-10 14:58:08.837 [Task submitter] INFO  nextflow.Session - [c2/283fdb] Submitted process > writeLargeFile (91)
Jan-10 14:58:08.866 [Task submitter] INFO  nextflow.Session - [5b/6cb0ac] Submitted process > writeLargeFile (93)
Jan-10 14:58:08.895 [Task submitter] INFO  nextflow.Session - [9a/dd5320] Submitted process > writeLargeFile (95)
Jan-10 14:58:08.924 [Task submitter] INFO  nextflow.Session - [cc/232161] Submitted process > writeLargeFile (94)
Jan-10 14:58:08.952 [Task submitter] INFO  nextflow.Session - [81/d611fe] Submitted process > writeLargeFile (96)
Jan-10 14:58:08.983 [Task submitter] INFO  nextflow.Session - [7d/f54783] Submitted process > writeLargeFile (97)
Jan-10 14:58:09.023 [Task submitter] INFO  nextflow.Session - [ae/d33b1c] Submitted process > writeLargeFile (98)
Jan-10 14:58:09.054 [Task submitter] INFO  nextflow.Session - [22/230b00] Submitted process > writeLargeFile (99)
Jan-10 14:58:09.080 [Task submitter] INFO  nextflow.Session - [72/3303c4] Submitted process > writeLargeFile (100)
Jan-10 14:58:16.495 [Task monitor] DEBUG n.processor.TaskPollingMonitor - Task completed > TaskHandler[id: 13; name: writeLargeFile (13); status: COMPLETED; exit: 0; error: -; workDir: /input/data/work/f2/66eb912a8fc65229678417ce98dab1]
Jan-10 14:58:16.623 [Task monitor] DEBUG n.processor.TaskPollingMonitor - Task completed > TaskHandler[id: 4; name: writeLargeFile (4); status: COMPLETED; exit: 0; error: -; workDir: /input/data/work/8e/98339798b2e0f45caac5a2022f00a5]
Jan-10 14:58:16.664 [Task monitor] DEBUG n.processor.TaskPollingMonitor - Task completed > TaskHandler[id: 32; name: writeLargeFile (32); status: COMPLETED; exit: 0; error: -; workDir: /input/data/work/5c/b8b6b028431f63345a17fcaa86b2ea]
Jan-10 14:58:29.186 [Task monitor] DEBUG n.processor.TaskPollingMonitor - Task completed > TaskHandler[id: 98; name: writeLargeFile (98); status: COMPLETED; exit: 0; error: -; workDir: /input/data/work/ae/d33b1cfce29520849fc8675dae8f02]
Jan-10 14:58:29.230 [Task monitor] DEBUG n.processor.TaskPollingMonitor - Task completed > TaskHandler[id: 99; name: writeLargeFile (99); status: COMPLETED; exit: 0; error: -; workDir: /input/data/work/22/230b004568b5dc0cc6604974264de8]
Jan-10 14:58:29.271 [Task monitor] DEBUG n.processor.TaskPollingMonitor - Task completed > TaskHandler[id: 100; name: writeLargeFile (100); status: COMPLETED; exit: 0; error: -; workDir: /input/data/work/72/3303c4c51e0853c537e009085f838a]
Jan-10 14:58:39.126 [Task monitor] DEBUG n.processor.TaskPollingMonitor - Task completed > TaskHandler[id: 94; name: writeLargeFile (94); status: COMPLETED; exit: 0; error: -; workDir: /input/data/work/cc/2321615be0c510792b9c13be5cf933]
Jan-10 14:58:39.168 [Task monitor] DEBUG n.processor.TaskPollingMonitor - Task completed > TaskHandler[id: 96; name: writeLargeFile (96); status: COMPLETED; exit: 0; error: -; workDir: /input/data/work/81/d611fe9e6914e9e7bc40a32a0ac551]
Jan-10 14:58:39.211 [Task monitor] DEBUG n.processor.TaskPollingMonitor - Task completed > TaskHandler[id: 97; name: writeLargeFile (97); status: COMPLETED; exit: 0; error: -; workDir: /input/data/work/7d/f547831e4967d3282d20b09abe4f8e]
Jan-10 14:58:49.033 [Task monitor] DEBUG n.processor.TaskPollingMonitor - Task completed > TaskHandler[id: 91; name: writeLargeFile (91); status: COMPLETED; exit: 0; error: -; workDir: /input/data/work/c2/283fdbb0f6bca8c39f7559896f17e0]
Jan-10 14:58:49.074 [Task monitor] DEBUG n.processor.TaskPollingMonitor - Task completed > TaskHandler[id: 93; name: writeLargeFile (93); status: COMPLETED; exit: 0; error: -; workDir: /input/data/work/5b/6cb0ac7877be48a011fb69fc62dccf]
Jan-10 14:58:49.114 [Task monitor] DEBUG n.processor.TaskPollingMonitor - Task completed > TaskHandler[id: 95; name: writeLargeFile (95); status: COMPLETED; exit: 0; error: -; workDir: /input/data/work/9a/dd532065b2472bccd64a41b98cb325]
Jan-10 14:58:58.954 [Task monitor] DEBUG n.processor.TaskPollingMonitor - Task completed > TaskHandler[id: 89; name: writeLargeFile (89); status: COMPLETED; exit: 0; error: -; workDir: /input/data/work/97/473c938a46e5b0b168c8b73e043128]
Jan-10 14:58:58.992 [Task monitor] DEBUG n.processor.TaskPollingMonitor - Task completed > TaskHandler[id: 90; name: writeLargeFile (90); status: COMPLETED; exit: 0; error: -; workDir: /input/data/work/ad/2e11c7820c49eb80d9d5e20043c7b9]
Jan-10 14:58:59.032 [Task monitor] DEBUG n.processor.TaskPollingMonitor - Task completed > TaskHandler[id: 92; name: writeLargeFile (92); status: COMPLETED; exit: 0; error: -; workDir: /input/data/work/7e/00942a834e6a0e3d641e57cccfb2a9]
Jan-10 14:59:08.857 [Task monitor] DEBUG n.processor.TaskPollingMonitor - Task completed > TaskHandler[id: 85; name: writeLargeFile (85); status: COMPLETED; exit: 0; error: -; workDir: /input/data/work/10/de9e53f9c6b59e0c354353e6f6dde9]
Jan-10 14:59:08.904 [Task monitor] DEBUG n.processor.TaskPollingMonitor - Task completed > TaskHandler[id: 87; name: writeLargeFile (87); status: COMPLETED; exit: 0; error: -; workDir: /input/data/work/15/fe91b0ffcf64049ca1e72851d43e9a]
Jan-10 14:59:08.945 [Task monitor] DEBUG n.processor.TaskPollingMonitor - Task completed > TaskHandler[id: 88; name: writeLargeFile (88); status: COMPLETED; exit: 0; error: -; workDir: /input/data/work/c7/a5013660888f16d21e26466c70942d]
Jan-10 14:59:18.727 [Task monitor] DEBUG n.processor.TaskPollingMonitor - Task completed > TaskHandler[id: 83; name: writeLargeFile (83); status: COMPLETED; exit: 0; error: -; workDir: /input/data/work/bc/1b95987cf4e667f6c2f88887f1470b]
Jan-10 14:59:18.767 [Task monitor] DEBUG n.processor.TaskPollingMonitor - Task completed > TaskHandler[id: 84; name: writeLargeFile (84); status: COMPLETED; exit: 0; error: -; workDir: /input/data/work/30/93fd2675123dcaee9bb8eb51ba1149]
Jan-10 14:59:18.806 [Task monitor] DEBUG n.processor.TaskPollingMonitor - Task completed > TaskHandler[id: 86; name: writeLargeFile (86); status: COMPLETED; exit: 0; error: -; workDir: /input/data/work/0d/bb8fdd63da12d656d4ea40c53d55d6]
Jan-10 14:59:28.665 [Task monitor] DEBUG n.processor.TaskPollingMonitor - Task completed > TaskHandler[id: 80; name: writeLargeFile (80); status: COMPLETED; exit: 0; error: -; workDir: /input/data/work/33/f0f0527c98334f354a73372d3ffa5e]
Jan-10 14:59:28.705 [Task monitor] DEBUG n.processor.TaskPollingMonitor - Task completed > TaskHandler[id: 81; name: writeLargeFile (81); status: COMPLETED; exit: 0; error: -; workDir: /input/data/work/f5/127646a3241d07223362ceea8740e2]
Jan-10 14:59:28.744 [Task monitor] DEBUG n.processor.TaskPollingMonitor - Task completed > TaskHandler[id: 82; name: writeLargeFile (82); status: COMPLETED; exit: 0; error: -; workDir: /input/data/work/c1/2ee0a757e0b3a9e4f80eaece076676]
Jan-10 14:59:38.578 [Task monitor] DEBUG n.processor.TaskPollingMonitor - Task completed > TaskHandler[id: 77; name: writeLargeFile (77); status: COMPLETED; exit: 0; error: -; workDir: /input/data/work/9a/90007ff31ae1a98838c19f7616ea90]
Jan-10 14:59:38.618 [Task monitor] DEBUG n.processor.TaskPollingMonitor - Task completed > TaskHandler[id: 79; name: writeLargeFile (79); status: COMPLETED; exit: 0; error: -; workDir: /input/data/work/ab/f7f64eb30453e7f84aa60f53efa327]
Jan-10 14:59:38.657 [Task monitor] DEBUG n.processor.TaskPollingMonitor - Task completed > TaskHandler[id: 78; name: writeLargeFile (78); status: COMPLETED; exit: 0; error: -; workDir: /input/data/work/1a/5ab6dce5b7affa4750381059178fe1]
Jan-10 14:59:48.497 [Task monitor] DEBUG n.processor.TaskPollingMonitor - Task completed > TaskHandler[id: 73; name: writeLargeFile (73); status: COMPLETED; exit: 0; error: -; workDir: /input/data/work/d6/e4555e4ca29d8f5794c2cc9f72dd2c]
Jan-10 14:59:48.535 [Task monitor] DEBUG n.processor.TaskPollingMonitor - Task completed > TaskHandler[id: 74; name: writeLargeFile (74); status: COMPLETED; exit: 0; error: -; workDir: /input/data/work/7b/3fe1f5fa2abc8dc88dbfb29c7579b1]
Jan-10 14:59:48.575 [Task monitor] DEBUG n.processor.TaskPollingMonitor - Task completed > TaskHandler[id: 76; name: writeLargeFile (76); status: COMPLETED; exit: 0; error: -; workDir: /input/data/work/43/810514f175d04499c4b6b7b20a3ab5]
Jan-10 14:59:58.447 [Task monitor] DEBUG n.processor.TaskPollingMonitor - Task completed > TaskHandler[id: 71; name: writeLargeFile (71); status: COMPLETED; exit: 0; error: -; workDir: /input/data/work/b4/a007b5a5ee4686358cebf68913201d]
Jan-10 14:59:58.491 [Task monitor] DEBUG n.processor.TaskPollingMonitor - Task completed > TaskHandler[id: 68; name: writeLargeFile (68); status: COMPLETED; exit: 0; error: -; workDir: /input/data/work/50/77ab4f55faabfd9a863b02e2272b4a]
Jan-10 14:59:58.533 [Task monitor] DEBUG n.processor.TaskPollingMonitor - Task completed > TaskHandler[id: 72; name: writeLargeFile (72); status: COMPLETED; exit: 0; error: -; workDir: /input/data/work/da/dc98b6169449b9cab2bf30100b994d]
Jan-10 15:00:08.396 [Task monitor] DEBUG n.processor.TaskPollingMonitor - Task completed > TaskHandler[id: 66; name: writeLargeFile (66); status: COMPLETED; exit: 0; error: -; workDir: /input/data/work/ca/2b61bac9eb52f03d8ae4637d8ee0e5]
Jan-10 15:00:08.437 [Task monitor] DEBUG n.processor.TaskPollingMonitor - Task completed > TaskHandler[id: 69; name: writeLargeFile (69); status: COMPLETED; exit: 0; error: -; workDir: /input/data/work/56/4e93ed7d6774b46afbdd7f066347d3]
Jan-10 15:00:08.480 [Task monitor] DEBUG n.processor.TaskPollingMonitor - Task completed > TaskHandler[id: 70; name: writeLargeFile (70); status: COMPLETED; exit: 0; error: -; workDir: /input/data/work/c4/00a4e646be4b5fc0529d31aa2e95b3]
Jan-10 15:00:18.216 [Task monitor] DEBUG n.processor.TaskPollingMonitor - Task completed > TaskHandler[id: 63; name: writeLargeFile (63); status: COMPLETED; exit: 0; error: -; workDir: /input/data/work/7e/a45e2bd878deb5fc9c270678001a1f]
Jan-10 15:00:18.257 [Task monitor] DEBUG n.processor.TaskPollingMonitor - Task completed > TaskHandler[id: 65; name: writeLargeFile (65); status: COMPLETED; exit: 0; error: -; workDir: /input/data/work/0c/4beab4f451c717de55f9dac63e346b]
Jan-10 15:00:18.298 [Task monitor] DEBUG n.processor.TaskPollingMonitor - Task completed > TaskHandler[id: 64; name: writeLargeFile (64); status: COMPLETED; exit: 0; error: -; workDir: /input/data/work/f7/58725af076281ffc63819e267d25d5]
Jan-10 15:00:27.255 [Task monitor] DEBUG n.processor.TaskPollingMonitor - Task completed > TaskHandler[id: 16; name: writeLargeFile (16); status: COMPLETED; exit: 0; error: -; workDir: /input/data/work/f1/08f991d39c34c38a99b407cbc02983]
Jan-10 15:00:27.297 [Task monitor] DEBUG n.processor.TaskPollingMonitor - Task completed > TaskHandler[id: 20; name: writeLargeFile (20); status: COMPLETED; exit: 0; error: -; workDir: /input/data/work/a0/55c8f633794e67fe02b039859a2b4d]
Jan-10 15:00:28.237 [Task monitor] DEBUG n.processor.TaskPollingMonitor - Task completed > TaskHandler[id: 61; name: writeLargeFile (61); status: COMPLETED; exit: 0; error: -; workDir: /input/data/work/ad/8a09e3a41e96beb6a02a552e86fd79]
Jan-10 15:00:37.214 [Task monitor] DEBUG n.processor.TaskPollingMonitor - Task completed > TaskHandler[id: 26; name: writeLargeFile (26); status: COMPLETED; exit: 0; error: -; workDir: /input/data/work/03/67b3fa2c649b2773c336d7795d1f66]
Jan-10 15:00:37.259 [Task monitor] DEBUG n.processor.TaskPollingMonitor - Task completed > TaskHandler[id: 24; name: writeLargeFile (24); status: COMPLETED; exit: 0; error: -; workDir: /input/data/work/0c/1de0a76be754c9d7324089636641b1]
Jan-10 15:00:37.299 [Task monitor] DEBUG n.processor.TaskPollingMonitor - Task completed > TaskHandler[id: 9; name: writeLargeFile (9); status: COMPLETED; exit: 0; error: -; workDir: /input/data/work/bf/09a12e27c8e64e90780bc5c95426a1]
Jan-10 15:00:47.221 [Task monitor] DEBUG n.processor.TaskPollingMonitor - Task completed > TaskHandler[id: 33; name: writeLargeFile (33); status: COMPLETED; exit: 0; error: -; workDir: /input/data/work/62/a8bab59612defa6c4fa0b11dc32df2]
Jan-10 15:00:47.263 [Task monitor] DEBUG n.processor.TaskPollingMonitor - Task completed > TaskHandler[id: 35; name: writeLargeFile (35); status: COMPLETED; exit: 0; error: -; workDir: /input/data/work/92/05492d961afb92f0f84bee74f3dc7f]
Jan-10 15:00:47.308 [Task monitor] DEBUG n.processor.TaskPollingMonitor - Task completed > TaskHandler[id: 62; name: writeLargeFile (62); status: COMPLETED; exit: 0; error: -; workDir: /input/data/work/38/c0983d9bf13faa06cf95e115fd1c82]
Jan-10 15:00:57.224 [Task monitor] DEBUG n.processor.TaskPollingMonitor - Task completed > TaskHandler[id: 34; name: writeLargeFile (34); status: COMPLETED; exit: 0; error: -; workDir: /input/data/work/fa/da867b242b4f960fe1d8c582f6d283]
Jan-10 15:00:57.965 [Task monitor] DEBUG n.processor.TaskPollingMonitor - Task completed > TaskHandler[id: 59; name: writeLargeFile (59); status: COMPLETED; exit: 0; error: -; workDir: /input/data/work/70/337e23d5f69d8bcf50cd44340ddea9]
Jan-10 15:00:58.003 [Task monitor] DEBUG n.processor.TaskPollingMonitor - Task completed > TaskHandler[id: 60; name: writeLargeFile (60); status: COMPLETED; exit: 0; error: -; workDir: /input/data/work/68/2f10b847e6582e6d4ed44d503eaa1c]
Jan-10 15:01:07.823 [Task monitor] DEBUG n.processor.TaskPollingMonitor - Task completed > TaskHandler[id: 55; name: writeLargeFile (55); status: COMPLETED; exit: 0; error: -; workDir: /input/data/work/72/ac0ef32de9e282c29a1ee6e6d155cd]
Jan-10 15:01:07.860 [Task monitor] DEBUG n.processor.TaskPollingMonitor - Task completed > TaskHandler[id: 57; name: writeLargeFile (57); status: COMPLETED; exit: 0; error: -; workDir: /input/data/work/43/09d2ca3a786e131b60f1aa2878af57]
Jan-10 15:01:07.902 [Task monitor] DEBUG n.processor.TaskPollingMonitor - Task completed > TaskHandler[id: 58; name: writeLargeFile (58); status: COMPLETED; exit: 0; error: -; workDir: /input/data/work/e2/d283b5002f7a0b20d56e592a19ff92]
Jan-10 15:01:17.785 [Task monitor] DEBUG n.processor.TaskPollingMonitor - Task completed > TaskHandler[id: 53; name: writeLargeFile (53); status: COMPLETED; exit: 0; error: -; workDir: /input/data/work/84/90ff95a40c58df6ba52bdbb896b977]
Jan-10 15:01:17.827 [Task monitor] DEBUG n.processor.TaskPollingMonitor - Task completed > TaskHandler[id: 54; name: writeLargeFile (54); status: COMPLETED; exit: 0; error: -; workDir: /input/data/work/76/f8078315a341a8379d2f0db4a20202]
Jan-10 15:01:17.867 [Task monitor] DEBUG n.processor.TaskPollingMonitor - Task completed > TaskHandler[id: 56; name: writeLargeFile (56); status: COMPLETED; exit: 0; error: -; workDir: /input/data/work/b1/e62ec7f89defc6e0e59db394592585]
Jan-10 15:01:27.633 [Task monitor] DEBUG n.processor.TaskPollingMonitor - Task completed > TaskHandler[id: 50; name: writeLargeFile (50); status: COMPLETED; exit: 0; error: -; workDir: /input/data/work/e8/8f1ea66281480b02bc27fd7442e4b0]
Jan-10 15:01:27.674 [Task monitor] DEBUG n.processor.TaskPollingMonitor - Task completed > TaskHandler[id: 51; name: writeLargeFile (51); status: COMPLETED; exit: 0; error: -; workDir: /input/data/work/37/e2b3d8e5c536e22b4850f503be83cc]
Jan-10 15:01:27.717 [Task monitor] DEBUG n.processor.TaskPollingMonitor - Task completed > TaskHandler[id: 52; name: writeLargeFile (52); status: COMPLETED; exit: 0; error: -; workDir: /input/data/work/65/94369640cba50f9cfb2bcbc112e75f]
Jan-10 15:01:37.532 [Task monitor] DEBUG n.processor.TaskPollingMonitor - Task completed > TaskHandler[id: 47; name: writeLargeFile (47); status: COMPLETED; exit: 0; error: -; workDir: /input/data/work/56/1d3f2af13cdc7c4f635fd768015e93]
Jan-10 15:01:37.571 [Task monitor] DEBUG n.processor.TaskPollingMonitor - Task completed > TaskHandler[id: 48; name: writeLargeFile (48); status: COMPLETED; exit: 0; error: -; workDir: /input/data/work/78/60b3ee6de66f98dc2ba0d87bc6d90e]
Jan-10 15:01:37.613 [Task monitor] DEBUG n.processor.TaskPollingMonitor - Task completed > TaskHandler[id: 49; name: writeLargeFile (49); status: COMPLETED; exit: 0; error: -; workDir: /input/data/work/8d/ce335e3af76435ce52ce423956ca32]
Jan-10 15:01:47.477 [Task monitor] DEBUG n.processor.TaskPollingMonitor - Task completed > TaskHandler[id: 44; name: writeLargeFile (44); status: COMPLETED; exit: 0; error: -; workDir: /input/data/work/cc/de8c5ca86b8b14d3a3637701040878]
Jan-10 15:01:47.518 [Task monitor] DEBUG n.processor.TaskPollingMonitor - Task completed > TaskHandler[id: 75; name: writeLargeFile (75); status: COMPLETED; exit: 0; error: -; workDir: /input/data/work/08/ac59f77d585739ce88f9b1d41e71df]
Jan-10 15:01:47.560 [Task monitor] DEBUG n.processor.TaskPollingMonitor - Task completed > TaskHandler[id: 46; name: writeLargeFile (46); status: COMPLETED; exit: 0; error: -; workDir: /input/data/work/4f/be7632cfd334c3a9af1b41d6d28093]
Jan-10 15:01:57.419 [Task monitor] DEBUG n.processor.TaskPollingMonitor - Task completed > TaskHandler[id: 41; name: writeLargeFile (41); status: COMPLETED; exit: 0; error: -; workDir: /input/data/work/57/2d822d9ebef255064c7f5f40deec3b]
Jan-10 15:01:57.457 [Task monitor] DEBUG n.processor.TaskPollingMonitor - Task completed > TaskHandler[id: 42; name: writeLargeFile (42); status: COMPLETED; exit: 0; error: -; workDir: /input/data/work/c1/f2a211d7e076e78b43aa16f0fe2b17]
Jan-10 15:01:57.497 [Task monitor] DEBUG n.processor.TaskPollingMonitor - Task completed > TaskHandler[id: 43; name: writeLargeFile (43); status: COMPLETED; exit: 0; error: -; workDir: /input/data/work/89/c9d657c80b7e5bfe2b26bfb2044e63]
Jan-10 15:02:07.278 [Task monitor] DEBUG n.processor.TaskPollingMonitor - Task completed > TaskHandler[id: 67; name: writeLargeFile (67); status: COMPLETED; exit: 0; error: -; workDir: /input/data/work/95/976c479d87b6b3d90227dfe09f1ffd]
Jan-10 15:02:07.320 [Task monitor] DEBUG n.processor.TaskPollingMonitor - Task completed > TaskHandler[id: 39; name: writeLargeFile (39); status: COMPLETED; exit: 0; error: -; workDir: /input/data/work/de/f11601b103a737a5b3dcf6193b6543]
Jan-10 15:02:07.362 [Task monitor] DEBUG n.processor.TaskPollingMonitor - Task completed > TaskHandler[id: 40; name: writeLargeFile (40); status: COMPLETED; exit: 0; error: -; workDir: /input/data/work/92/2098bee3314feadd867414321d47f8]
Jan-10 15:02:17.254 [Task monitor] DEBUG n.processor.TaskPollingMonitor - Task completed > TaskHandler[id: 36; name: writeLargeFile (36); status: COMPLETED; exit: 0; error: -; workDir: /input/data/work/b0/9a51e22f6f29dd0f977ea7efcbfbba]
Jan-10 15:02:17.293 [Task monitor] DEBUG n.processor.TaskPollingMonitor - Task completed > TaskHandler[id: 37; name: writeLargeFile (37); status: COMPLETED; exit: 0; error: -; workDir: /input/data/work/a3/87242b809dd8f0798d3992d3d02720]
Jan-10 15:02:17.331 [Task monitor] DEBUG n.processor.TaskPollingMonitor - Task completed > TaskHandler[id: 38; name: writeLargeFile (38); status: COMPLETED; exit: 0; error: -; workDir: /input/data/work/3b/4a454cabd6fce092936dd1cfffb58a]
Jan-10 15:02:27.124 [Task monitor] DEBUG n.processor.TaskPollingMonitor - Task completed > TaskHandler[id: 21; name: writeLargeFile (21); status: COMPLETED; exit: 0; error: -; workDir: /input/data/work/19/f9b52d0cf9810564a605d500a18f23]
Jan-10 15:02:27.164 [Task monitor] DEBUG n.processor.TaskPollingMonitor - Task completed > TaskHandler[id: 19; name: writeLargeFile (19); status: COMPLETED; exit: 0; error: -; workDir: /input/data/work/b1/35dcd16c01cbf5b2fb5726afc27243]
Jan-10 15:02:27.202 [Task monitor] DEBUG n.processor.TaskPollingMonitor - Task completed > TaskHandler[id: 7; name: writeLargeFile (7); status: COMPLETED; exit: 0; error: -; workDir: /input/data/work/bf/dbed722772050e5d798085180e75f2]
Jan-10 15:02:36.997 [Task monitor] DEBUG n.processor.TaskPollingMonitor - Task completed > TaskHandler[id: 5; name: writeLargeFile (5); status: COMPLETED; exit: 0; error: -; workDir: /input/data/work/1c/03d3ff97cf58787db498986e5ec703]
Jan-10 15:02:37.034 [Task monitor] DEBUG n.processor.TaskPollingMonitor - Task completed > TaskHandler[id: 14; name: writeLargeFile (14); status: COMPLETED; exit: 0; error: -; workDir: /input/data/work/40/bdcee341332ecae580e92aa07cd8de]
Jan-10 15:02:37.073 [Task monitor] DEBUG n.processor.TaskPollingMonitor - Task completed > TaskHandler[id: 25; name: writeLargeFile (25); status: COMPLETED; exit: 0; error: -; workDir: /input/data/work/5e/dbd0db44b77021e5e2d984eddae97f]
Jan-10 15:02:46.936 [Task monitor] DEBUG n.processor.TaskPollingMonitor - Task completed > TaskHandler[id: 29; name: writeLargeFile (29); status: COMPLETED; exit: 0; error: -; workDir: /input/data/work/0d/c8a5f098c211d1a9012249747fbc01]
Jan-10 15:02:46.980 [Task monitor] DEBUG n.processor.TaskPollingMonitor - Task completed > TaskHandler[id: 17; name: writeLargeFile (17); status: COMPLETED; exit: 0; error: -; workDir: /input/data/work/03/a48d3ffa2a20f886f740a2e08ecdb7]
Jan-10 15:02:47.018 [Task monitor] DEBUG n.processor.TaskPollingMonitor - Task completed > TaskHandler[id: 18; name: writeLargeFile (18); status: COMPLETED; exit: 0; error: -; workDir: /input/data/work/97/7bd0ae9065219081b71708a0f493c9]
Jan-10 15:02:56.842 [Task monitor] DEBUG n.processor.TaskPollingMonitor - Task completed > TaskHandler[id: 3; name: writeLargeFile (3); status: COMPLETED; exit: 0; error: -; workDir: /input/data/work/cb/b3301ecb3a8a383d3560fc38f2d4ab]
Jan-10 15:02:56.879 [Task monitor] DEBUG n.processor.TaskPollingMonitor - Task completed > TaskHandler[id: 31; name: writeLargeFile (31); status: COMPLETED; exit: 0; error: -; workDir: /input/data/work/b8/c0052a858b71420524eec133e332d3]
Jan-10 15:02:56.920 [Task monitor] DEBUG n.processor.TaskPollingMonitor - Task completed > TaskHandler[id: 11; name: writeLargeFile (11); status: COMPLETED; exit: 0; error: -; workDir: /input/data/work/7b/2387ce7a3a3ceca6fcd81e05d791b3]
Jan-10 15:03:06.453 [Task monitor] DEBUG n.processor.TaskPollingMonitor - !! executor k8s > tasks to be completed: 13 -- submitted tasks are shown below
~> TaskHandler[id: 2; name: writeLargeFile (2); status: SUBMITTED; exit: -; error: -; workDir: /input/data/work/49/247d5936224212b96386d3f89579d2]
~> TaskHandler[id: 15; name: writeLargeFile (15); status: SUBMITTED; exit: -; error: -; workDir: /input/data/work/f5/398f61a285b42394ce7cc35c84efd2]
~> TaskHandler[id: 12; name: writeLargeFile (12); status: SUBMITTED; exit: -; error: -; workDir: /input/data/work/ba/a945ec41c2e0a809e45379df20e42d]
~> TaskHandler[id: 1; name: writeLargeFile (1); status: SUBMITTED; exit: -; error: -; workDir: /input/data/work/e6/8dae957df50126dafd9f6edebf6747]
~> TaskHandler[id: 30; name: writeLargeFile (30); status: SUBMITTED; exit: -; error: -; workDir: /input/data/work/21/86aacc40bb3e447c30d4f1a8feff25]
~> TaskHandler[id: 23; name: writeLargeFile (23); status: SUBMITTED; exit: -; error: -; workDir: /input/data/work/50/04105cd610c68afd459bdb54582b0f]
~> TaskHandler[id: 22; name: writeLargeFile (22); status: SUBMITTED; exit: -; error: -; workDir: /input/data/work/81/54ea8d2fe0590a7123e34d413af71b]
~> TaskHandler[id: 10; name: writeLargeFile (10); status: SUBMITTED; exit: -; error: -; workDir: /input/data/work/8f/8a5c550373e942c1f53ed1f88e590e]
~> TaskHandler[id: 27; name: writeLargeFile (27); status: SUBMITTED; exit: -; error: -; workDir: /input/data/work/71/effea776578f0e7eb6d6c7eef9fbb1]
~> TaskHandler[id: 8; name: writeLargeFile (8); status: SUBMITTED; exit: -; error: -; workDir: /input/data/work/2c/229748fb17d9c2c863aaa7aaf4056d]
.. remaining tasks omitted.
Jan-10 15:03:06.777 [Task monitor] DEBUG n.processor.TaskPollingMonitor - Task completed > TaskHandler[id: 28; name: writeLargeFile (28); status: COMPLETED; exit: 0; error: -; workDir: /input/data/work/6b/41f4ce7e800893c745b008aba0964b]
Jan-10 15:03:06.819 [Task monitor] DEBUG n.processor.TaskPollingMonitor - Task completed > TaskHandler[id: 6; name: writeLargeFile (6); status: COMPLETED; exit: 0; error: -; workDir: /input/data/work/ae/e5e5c6f54b6a5a5e5f33d32578d784]
Jan-10 15:03:06.859 [Task monitor] DEBUG n.processor.TaskPollingMonitor - Task completed > TaskHandler[id: 45; name: writeLargeFile (45); status: COMPLETED; exit: 0; error: -; workDir: /input/data/work/b4/8c804ec805a213dfd28f8573767327]
Jan-10 15:03:16.703 [Task monitor] DEBUG n.processor.TaskPollingMonitor - Task completed > TaskHandler[id: 10; name: writeLargeFile (10); status: COMPLETED; exit: 0; error: -; workDir: /input/data/work/8f/8a5c550373e942c1f53ed1f88e590e]
Jan-10 15:03:16.743 [Task monitor] DEBUG n.processor.TaskPollingMonitor - Task completed > TaskHandler[id: 27; name: writeLargeFile (27); status: COMPLETED; exit: 0; error: -; workDir: /input/data/work/71/effea776578f0e7eb6d6c7eef9fbb1]
Jan-10 15:03:16.782 [Task monitor] DEBUG n.processor.TaskPollingMonitor - Task completed > TaskHandler[id: 8; name: writeLargeFile (8); status: COMPLETED; exit: 0; error: -; workDir: /input/data/work/2c/229748fb17d9c2c863aaa7aaf4056d]
Jan-10 15:03:26.582 [Task monitor] DEBUG n.processor.TaskPollingMonitor - Task completed > TaskHandler[id: 30; name: writeLargeFile (30); status: COMPLETED; exit: 0; error: -; workDir: /input/data/work/21/86aacc40bb3e447c30d4f1a8feff25]
Jan-10 15:03:26.620 [Task monitor] DEBUG n.processor.TaskPollingMonitor - Task completed > TaskHandler[id: 23; name: writeLargeFile (23); status: COMPLETED; exit: 0; error: -; workDir: /input/data/work/50/04105cd610c68afd459bdb54582b0f]
Jan-10 15:03:26.659 [Task monitor] DEBUG n.processor.TaskPollingMonitor - Task completed > TaskHandler[id: 22; name: writeLargeFile (22); status: COMPLETED; exit: 0; error: -; workDir: /input/data/work/81/54ea8d2fe0590a7123e34d413af71b]
Jan-10 15:03:36.507 [Task monitor] DEBUG n.processor.TaskPollingMonitor - Task completed > TaskHandler[id: 15; name: writeLargeFile (15); status: COMPLETED; exit: 0; error: -; workDir: /input/data/work/f5/398f61a285b42394ce7cc35c84efd2]
Jan-10 15:03:36.546 [Task monitor] DEBUG n.processor.TaskPollingMonitor - Task completed > TaskHandler[id: 12; name: writeLargeFile (12); status: COMPLETED; exit: 0; error: -; workDir: /input/data/work/ba/a945ec41c2e0a809e45379df20e42d]
Jan-10 15:03:36.592 [Task monitor] DEBUG n.processor.TaskPollingMonitor - Task completed > TaskHandler[id: 1; name: writeLargeFile (1); status: COMPLETED; exit: 0; error: -; workDir: /input/data/work/e6/8dae957df50126dafd9f6edebf6747]
Jan-10 15:03:46.494 [Task monitor] DEBUG n.processor.TaskPollingMonitor - Task completed > TaskHandler[id: 2; name: writeLargeFile (2); status: COMPLETED; exit: 0; error: -; workDir: /input/data/work/49/247d5936224212b96386d3f89579d2]
Jan-10 15:03:46.614 [Task submitter] INFO  nextflow.Session - [54/2d5d3c] Submitted process > combineFilesB (5)
Jan-10 15:03:46.647 [Task submitter] INFO  nextflow.Session - [95/f20ddb] Submitted process > combineFilesA (2)
Jan-10 15:03:46.676 [Task submitter] INFO  nextflow.Session - [68/b81b7f] Submitted process > combineFilesA (11)
Jan-10 15:03:46.703 [Task submitter] INFO  nextflow.Session - [4f/65fdb6] Submitted process > combineFilesA (22)
Jan-10 15:03:46.728 [Task submitter] INFO  nextflow.Session - [ab/18be90] Submitted process > combineFilesB (4)
Jan-10 15:03:46.755 [Task submitter] INFO  nextflow.Session - [f8/36c653] Submitted process > combineFilesA (8)
Jan-10 15:03:46.782 [Task submitter] INFO  nextflow.Session - [76/3dcc5c] Submitted process > combineFilesB (8)
Jan-10 15:03:46.807 [Task submitter] INFO  nextflow.Session - [a0/3ab744] Submitted process > combineFilesA (13)
Jan-10 15:03:46.833 [Task submitter] INFO  nextflow.Session - [38/b2180e] Submitted process > combineFilesB (18)
Jan-10 15:03:46.859 [Task submitter] INFO  nextflow.Session - [ab/13aa97] Submitted process > combineFilesB (3)
Jan-10 15:03:46.883 [Task submitter] INFO  nextflow.Session - [c8/b8b47f] Submitted process > combineFilesA (17)
Jan-10 15:03:46.907 [Task submitter] INFO  nextflow.Session - [a0/02416a] Submitted process > combineFilesA (12)
Jan-10 15:03:46.936 [Task submitter] INFO  nextflow.Session - [c7/1f7e6e] Submitted process > combineFilesA (4)
Jan-10 15:03:46.963 [Task submitter] INFO  nextflow.Session - [c5/93649e] Submitted process > combineFilesA (14)
Jan-10 15:03:46.990 [Task submitter] INFO  nextflow.Session - [c8/0326ab] Submitted process > combineFilesB (16)
Jan-10 15:03:47.017 [Task submitter] INFO  nextflow.Session - [6a/64a86a] Submitted process > combineFilesA (7)
Jan-10 15:03:47.048 [Task submitter] INFO  nextflow.Session - [c1/51bc7d] Submitted process > combineFilesA (3)
Jan-10 15:03:47.072 [Task submitter] INFO  nextflow.Session - [63/521148] Submitted process > combineFilesB (21)
Jan-10 15:03:47.097 [Task submitter] INFO  nextflow.Session - [29/2dcf95] Submitted process > combineFilesA (24)
Jan-10 15:03:47.120 [Task submitter] INFO  nextflow.Session - [c8/e2520d] Submitted process > combineFilesA (5)
Jan-10 15:03:47.145 [Task submitter] INFO  nextflow.Session - [1c/58f289] Submitted process > combineFilesA (9)
Jan-10 15:03:47.172 [Task submitter] INFO  nextflow.Session - [07/52a400] Submitted process > combineFilesA (16)
Jan-10 15:03:47.197 [Task submitter] INFO  nextflow.Session - [63/ef3399] Submitted process > combineFilesA (23)
Jan-10 15:03:47.221 [Task submitter] INFO  nextflow.Session - [b7/fed0d2] Submitted process > combineFilesA (20)
Jan-10 15:03:47.247 [Task submitter] INFO  nextflow.Session - [36/b7d999] Submitted process > combineFilesB (19)
Jan-10 15:03:47.273 [Task submitter] INFO  nextflow.Session - [f8/159544] Submitted process > combineFilesB (13)
Jan-10 15:03:47.302 [Task submitter] INFO  nextflow.Session - [3e/b01c36] Submitted process > combineFilesB (2)
Jan-10 15:03:47.333 [Task submitter] INFO  nextflow.Session - [4b/0c573c] Submitted process > combineFilesB (7)
Jan-10 15:03:47.358 [Task submitter] INFO  nextflow.Session - [28/e795bc] Submitted process > combineFilesA (21)
Jan-10 15:03:47.381 [Task submitter] INFO  nextflow.Session - [b6/436d67] Submitted process > combineFilesB (17)
Jan-10 15:03:47.406 [Task submitter] INFO  nextflow.Session - [a8/d6db01] Submitted process > combineFilesB (1)
Jan-10 15:03:47.431 [Task submitter] INFO  nextflow.Session - [53/1d5c59] Submitted process > combineFilesA (1)
Jan-10 15:03:47.458 [Task submitter] INFO  nextflow.Session - [a1/21b086] Submitted process > combineFilesA (18)
Jan-10 15:03:47.485 [Task submitter] INFO  nextflow.Session - [0f/0eaa4a] Submitted process > combineFilesB (15)
Jan-10 15:03:47.513 [Task submitter] INFO  nextflow.Session - [85/4cc1f2] Submitted process > combineFilesA (10)
Jan-10 15:03:47.539 [Task submitter] INFO  nextflow.Session - [ce/8b0d8f] Submitted process > combineFilesB (12)
Jan-10 15:03:47.567 [Task submitter] INFO  nextflow.Session - [e5/6fb7dc] Submitted process > combineFilesB (11)
Jan-10 15:03:47.592 [Task submitter] INFO  nextflow.Session - [ce/081d67] Submitted process > combineFilesB (6)
Jan-10 15:03:47.617 [Task submitter] INFO  nextflow.Session - [60/e28d5b] Submitted process > combineFilesB (20)
Jan-10 15:03:47.644 [Task submitter] INFO  nextflow.Session - [55/2fee50] Submitted process > combineFilesA (6)
Jan-10 15:03:47.670 [Task submitter] INFO  nextflow.Session - [fe/def6ee] Submitted process > combineFilesA (15)
Jan-10 15:03:47.698 [Task submitter] INFO  nextflow.Session - [f0/118a4b] Submitted process > combineFilesB (14)
Jan-10 15:03:47.723 [Task submitter] INFO  nextflow.Session - [75/4e1a8c] Submitted process > combineFilesA (25)
Jan-10 15:03:47.748 [Task submitter] INFO  nextflow.Session - [e7/112118] Submitted process > combineFilesB (10)
Jan-10 15:03:47.773 [Task submitter] INFO  nextflow.Session - [0f/3c53db] Submitted process > combineFilesA (19)
Jan-10 15:03:47.799 [Task submitter] INFO  nextflow.Session - [4e/b91bf5] Submitted process > combineFilesB (9)
Jan-10 15:03:47.827 [Task submitter] INFO  nextflow.Session - [b1/870e51] Submitted process > combineFilesA (28)
Jan-10 15:03:47.854 [Task submitter] INFO  nextflow.Session - [53/70fe85] Submitted process > combineFilesA (27)
Jan-10 15:03:47.881 [Task submitter] INFO  nextflow.Session - [1c/22bb33] Submitted process > combineFilesB (23)
Jan-10 15:03:47.908 [Task submitter] INFO  nextflow.Session - [97/9f101e] Submitted process > combineFilesB (24)
Jan-10 15:03:47.934 [Task submitter] INFO  nextflow.Session - [62/a12bee] Submitted process > combineFilesB (22)
Jan-10 15:03:47.958 [Task submitter] INFO  nextflow.Session - [50/9608ac] Submitted process > combineFilesA (32)
Jan-10 15:03:47.982 [Task submitter] INFO  nextflow.Session - [56/5d15cf] Submitted process > combineFilesA (30)
Jan-10 15:03:48.008 [Task submitter] INFO  nextflow.Session - [c6/9cb19c] Submitted process > combineFilesA (34)
Jan-10 15:03:48.034 [Task submitter] INFO  nextflow.Session - [63/882ee7] Submitted process > combineFilesB (25)
Jan-10 15:03:48.059 [Task submitter] INFO  nextflow.Session - [17/b20e22] Submitted process > combineFilesB (26)
Jan-10 15:03:48.086 [Task submitter] INFO  nextflow.Session - [9f/f6c09e] Submitted process > combineFilesA (31)
Jan-10 15:03:48.110 [Task submitter] INFO  nextflow.Session - [06/a441a7] Submitted process > combineFilesA (26)
Jan-10 15:03:48.138 [Task submitter] INFO  nextflow.Session - [69/5a308c] Submitted process > combineFilesA (29)
Jan-10 15:03:48.165 [Task submitter] INFO  nextflow.Session - [52/525bfa] Submitted process > combineFilesA (33)
Jan-10 15:04:06.494 [Task monitor] DEBUG n.processor.TaskPollingMonitor - Task completed > TaskHandler[id: 108; name: combineFilesB (5); status: COMPLETED; exit: 0; error: -; workDir: /input/data/work/54/2d5d3caca8a7bc423853748f60ec82]
Jan-10 15:04:06.560 [Task monitor] DEBUG n.processor.TaskPollingMonitor - Task completed > TaskHandler[id: 104; name: combineFilesA (2); status: COMPLETED; exit: 0; error: -; workDir: /input/data/work/95/f20ddb87a43d4c16041891d5d37fac]
Jan-10 15:04:06.598 [Task monitor] DEBUG n.processor.TaskPollingMonitor - Task completed > TaskHandler[id: 122; name: combineFilesA (11); status: COMPLETED; exit: 0; error: -; workDir: /input/data/work/68/b81b7f3931f461a0bd89ee2321690b]
Jan-10 15:04:37.108 [Task monitor] DEBUG n.processor.TaskPollingMonitor - Task completed > TaskHandler[id: 143; name: combineFilesB (19); status: COMPLETED; exit: 0; error: -; workDir: /input/data/work/36/b7d999fc163bff482345d7adf5819d]
Jan-10 15:04:37.254 [Task monitor] DEBUG n.processor.TaskPollingMonitor - Task completed > TaskHandler[id: 136; name: combineFilesB (17); status: COMPLETED; exit: 0; error: -; workDir: /input/data/work/b6/436d67020f29526f53b89ff18a2833]
Jan-10 15:04:37.870 [Task monitor] DEBUG n.processor.TaskPollingMonitor - Task completed > TaskHandler[id: 147; name: combineFilesB (22); status: COMPLETED; exit: 0; error: -; workDir: /input/data/work/62/a12beedd3dc14a6e8d5cea70c57650]
Jan-10 15:05:06.589 [Task monitor] DEBUG n.processor.TaskPollingMonitor - Task completed > TaskHandler[id: 114; name: combineFilesB (8); status: COMPLETED; exit: 0; error: -; workDir: /input/data/work/76/3dcc5c79368aa1f7b22c65b12147e5]
Jan-10 15:05:06.833 [Task monitor] DEBUG n.processor.TaskPollingMonitor - Task completed > TaskHandler[id: 133; name: combineFilesB (16); status: COMPLETED; exit: 0; error: -; workDir: /input/data/work/c8/0326aba29c770b49e7a22af79b51c2]
Jan-10 15:05:07.437 [Task monitor] DEBUG n.processor.TaskPollingMonitor - Task completed > TaskHandler[id: 110; name: combineFilesB (6); status: COMPLETED; exit: 0; error: -; workDir: /input/data/work/ce/081d671c0fc8a6ccca95fb380b0bd0]
Jan-10 15:05:32.281 [Task monitor] DEBUG n.processor.TaskPollingMonitor - Task completed > TaskHandler[id: 123; name: combineFilesB (12); status: COMPLETED; exit: 0; error: -; workDir: /input/data/work/ce/8b0d8f256e8b5c06eeebe832000a07]
Jan-10 15:05:32.346 [Task monitor] DEBUG n.processor.TaskPollingMonitor - Task completed > TaskHandler[id: 144; name: combineFilesB (20); status: COMPLETED; exit: 0; error: -; workDir: /input/data/work/60/e28d5bf49d3831725c24b81b0e5792]
Jan-10 15:05:32.670 [Task monitor] DEBUG n.processor.TaskPollingMonitor - Task completed > TaskHandler[id: 151; name: combineFilesB (24); status: COMPLETED; exit: 0; error: -; workDir: /input/data/work/97/9f101ea65b7735b089bd58b21823ba]
Jan-10 15:06:06.644 [Task monitor] DEBUG n.processor.TaskPollingMonitor - Task completed > TaskHandler[id: 105; name: combineFilesB (3); status: COMPLETED; exit: 0; error: -; workDir: /input/data/work/ab/13aa979ea443808b8e8ec36f56de78]
Jan-10 15:06:07.113 [Task monitor] DEBUG n.processor.TaskPollingMonitor - Task completed > TaskHandler[id: 112; name: combineFilesB (7); status: COMPLETED; exit: 0; error: -; workDir: /input/data/work/4b/0c573cf36e7c1bb9da23e7733f07a4]
Jan-10 15:06:07.183 [Task monitor] DEBUG n.processor.TaskPollingMonitor - Task completed > TaskHandler[id: 101; name: combineFilesB (1); status: COMPLETED; exit: 0; error: -; workDir: /input/data/work/a8/d6db01f6a68f892d0a803a31880655]
Jan-10 15:06:36.619 [Task monitor] DEBUG n.processor.TaskPollingMonitor - Task completed > TaskHandler[id: 139; name: combineFilesB (18); status: COMPLETED; exit: 0; error: -; workDir: /input/data/work/38/b2180ea8a3b393b951095e06260c28]
Jan-10 15:06:37.057 [Task monitor] DEBUG n.processor.TaskPollingMonitor - Task completed > TaskHandler[id: 103; name: combineFilesB (2); status: COMPLETED; exit: 0; error: -; workDir: /input/data/work/3e/b01c362de3f0d0da1959eabe3a0192]
Jan-10 15:06:37.180 [Task monitor] DEBUG n.processor.TaskPollingMonitor - Task completed > TaskHandler[id: 131; name: combineFilesB (15); status: COMPLETED; exit: 0; error: -; workDir: /input/data/work/0f/0eaa4a200b661acf22aa5049aba637]
Jan-10 15:07:11.959 [Task monitor] DEBUG n.processor.TaskPollingMonitor - Task completed > TaskHandler[id: 126; name: combineFilesB (13); status: COMPLETED; exit: 0; error: -; workDir: /input/data/work/f8/159544744d88006eec4ea4e5770956]
Jan-10 15:07:12.285 [Task monitor] DEBUG n.processor.TaskPollingMonitor - Task completed > TaskHandler[id: 116; name: combineFilesB (9); status: COMPLETED; exit: 0; error: -; workDir: /input/data/work/4e/b91bf54472ea9fcb52ac0321876239]
Jan-10 15:07:12.487 [Task monitor] DEBUG n.processor.TaskPollingMonitor - Task completed > TaskHandler[id: 153; name: combineFilesB (25); status: COMPLETED; exit: 0; error: -; workDir: /input/data/work/63/882ee7140fcd642bc695db83e1f8d1]
Jan-10 15:07:46.564 [Task monitor] DEBUG n.processor.TaskPollingMonitor - Task completed > TaskHandler[id: 107; name: combineFilesB (4); status: COMPLETED; exit: 0; error: -; workDir: /input/data/work/ab/18be9039e4a1438f1f750d3acb011f]
Jan-10 15:07:47.134 [Task monitor] DEBUG n.processor.TaskPollingMonitor - Task completed > TaskHandler[id: 121; name: combineFilesB (11); status: COMPLETED; exit: 0; error: -; workDir: /input/data/work/e5/6fb7dc0021bd4d486a8cb0fa52e499]
Jan-10 15:07:47.268 [Task monitor] DEBUG n.processor.TaskPollingMonitor - Task completed > TaskHandler[id: 118; name: combineFilesB (10); status: COMPLETED; exit: 0; error: -; workDir: /input/data/work/e7/1121184cd0cd45a11d9c97b8fa627f]
Jan-10 15:08:06.465 [Task monitor] DEBUG n.processor.TaskPollingMonitor - !! executor k8s > tasks to be completed: 36 -- submitted tasks are shown below
~> TaskHandler[id: 140; name: combineFilesA (22); status: SUBMITTED; exit: -; error: -; workDir: /input/data/work/4f/65fdb6f407ca2505f403da06a5869b]
~> TaskHandler[id: 117; name: combineFilesA (8); status: SUBMITTED; exit: -; error: -; workDir: /input/data/work/f8/36c653753540267aff7dd6e7c77d1e]
~> TaskHandler[id: 125; name: combineFilesA (13); status: SUBMITTED; exit: -; error: -; workDir: /input/data/work/a0/3ab7445860404e881ed994f57a5ea6]
~> TaskHandler[id: 132; name: combineFilesA (17); status: SUBMITTED; exit: -; error: -; workDir: /input/data/work/c8/b8b47f8e0f1444c9393dbda7520118]
~> TaskHandler[id: 124; name: combineFilesA (12); status: SUBMITTED; exit: -; error: -; workDir: /input/data/work/a0/02416a8200119b38979a4c03e140af]
~> TaskHandler[id: 109; name: combineFilesA (4); status: SUBMITTED; exit: -; error: -; workDir: /input/data/work/c7/1f7e6e41dd9ef0e82356b1168b1b75]
~> TaskHandler[id: 127; name: combineFilesA (14); status: SUBMITTED; exit: -; error: -; workDir: /input/data/work/c5/93649eab70cb9b63816e975954d394]
~> TaskHandler[id: 115; name: combineFilesA (7); status: SUBMITTED; exit: -; error: -; workDir: /input/data/work/6a/64a86a9632319870adf3337edc2af7]
~> TaskHandler[id: 106; name: combineFilesA (3); status: SUBMITTED; exit: -; error: -; workDir: /input/data/work/c1/51bc7db8fc4a489c4811b258f6268f]
~> TaskHandler[id: 146; name: combineFilesB (21); status: RUNNING; exit: -; error: -; workDir: /input/data/work/63/521148ac4771ac0c1b7537822ab200]
.. remaining tasks omitted.
Jan-10 15:08:21.761 [Task monitor] DEBUG n.processor.TaskPollingMonitor - Task completed > TaskHandler[id: 146; name: combineFilesB (21); status: COMPLETED; exit: 0; error: -; workDir: /input/data/work/63/521148ac4771ac0c1b7537822ab200]
Jan-10 15:08:22.116 [Task monitor] DEBUG n.processor.TaskPollingMonitor - Task completed > TaskHandler[id: 128; name: combineFilesB (14); status: COMPLETED; exit: 0; error: -; workDir: /input/data/work/f0/118a4b8c894c75bf37e40679f69001]
Jan-10 15:08:22.267 [Task monitor] DEBUG n.processor.TaskPollingMonitor - Task completed > TaskHandler[id: 149; name: combineFilesB (23); status: COMPLETED; exit: 0; error: -; workDir: /input/data/work/1c/22bb33cb1cdee928fcdcdadf2f3eab]
Jan-10 15:08:56.860 [Task monitor] DEBUG n.processor.TaskPollingMonitor - Task completed > TaskHandler[id: 141; name: combineFilesA (23); status: COMPLETED; exit: 0; error: -; workDir: /input/data/work/63/ef3399f9d13000954bc6d1e0e03cf3]
Jan-10 15:08:56.895 [Task monitor] DEBUG n.processor.TaskPollingMonitor - Task completed > TaskHandler[id: 137; name: combineFilesA (20); status: COMPLETED; exit: 0; error: -; workDir: /input/data/work/b7/fed0d2b62b3de33907e268ed9877d9]
Jan-10 15:08:57.163 [Task monitor] DEBUG n.processor.TaskPollingMonitor - Task completed > TaskHandler[id: 150; name: combineFilesA (27); status: COMPLETED; exit: 0; error: -; workDir: /input/data/work/53/70fe8514feff6ae21db85531a87252]
Jan-10 15:09:31.754 [Task monitor] DEBUG n.processor.TaskPollingMonitor - Task completed > TaskHandler[id: 142; name: combineFilesA (24); status: COMPLETED; exit: 0; error: -; workDir: /input/data/work/29/2dcf950f95f17e2d9a1147cad6f013]
Jan-10 15:09:31.905 [Task monitor] DEBUG n.processor.TaskPollingMonitor - Task completed > TaskHandler[id: 102; name: combineFilesA (1); status: COMPLETED; exit: 0; error: -; workDir: /input/data/work/53/1d5c590d0c5944c4a72cafec5ba3ba]
Jan-10 15:09:32.000 [Task monitor] DEBUG n.processor.TaskPollingMonitor - Task completed > TaskHandler[id: 113; name: combineFilesA (6); status: COMPLETED; exit: 0; error: -; workDir: /input/data/work/55/2fee508c70325ab9805e1d34c3af83]
Jan-10 15:10:01.687 [Task monitor] DEBUG n.processor.TaskPollingMonitor - Task completed > TaskHandler[id: 127; name: combineFilesA (14); status: COMPLETED; exit: 0; error: -; workDir: /input/data/work/c5/93649eab70cb9b63816e975954d394]
Jan-10 15:10:02.042 [Task monitor] DEBUG n.processor.TaskPollingMonitor - Task completed > TaskHandler[id: 158; name: combineFilesA (32); status: COMPLETED; exit: 0; error: -; workDir: /input/data/work/50/9608acec6a96cfbd38c9957ba886e7]
Jan-10 15:10:02.156 [Task monitor] DEBUG n.processor.TaskPollingMonitor - Task completed > TaskHandler[id: 157; name: combineFilesA (31); status: COMPLETED; exit: 0; error: -; workDir: /input/data/work/9f/f6c09e58049bdbe4752cabc307118a]
Jan-10 15:10:31.697 [Task monitor] DEBUG n.processor.TaskPollingMonitor - Task completed > TaskHandler[id: 106; name: combineFilesA (3); status: COMPLETED; exit: 0; error: -; workDir: /input/data/work/c1/51bc7db8fc4a489c4811b258f6268f]
Jan-10 15:10:31.867 [Task monitor] DEBUG n.processor.TaskPollingMonitor - Task completed > TaskHandler[id: 120; name: combineFilesA (10); status: COMPLETED; exit: 0; error: -; workDir: /input/data/work/85/4cc1f2b5173516ba7d8fb8267ce4dd]
Jan-10 15:10:32.026 [Task monitor] DEBUG n.processor.TaskPollingMonitor - Task completed > TaskHandler[id: 155; name: combineFilesA (30); status: COMPLETED; exit: 0; error: -; workDir: /input/data/work/56/5d15cf0d6b6e398f110509957177ab]
Jan-10 15:11:06.648 [Task monitor] DEBUG n.processor.TaskPollingMonitor - Task completed > TaskHandler[id: 115; name: combineFilesA (7); status: COMPLETED; exit: 0; error: -; workDir: /input/data/work/6a/64a86a9632319870adf3337edc2af7]
Jan-10 15:11:06.786 [Task monitor] DEBUG n.processor.TaskPollingMonitor - Task completed > TaskHandler[id: 134; name: combineFilesA (18); status: COMPLETED; exit: 0; error: -; workDir: /input/data/work/a1/21b086f3d003357c7ad2a63d3fa441]
Jan-10 15:11:06.966 [Task monitor] DEBUG n.processor.TaskPollingMonitor - Task completed > TaskHandler[id: 156; name: combineFilesB (26); status: COMPLETED; exit: 0; error: -; workDir: /input/data/work/17/b20e22c737a57b6e9eb4edc669cb54]
Jan-10 15:11:36.547 [Task monitor] DEBUG n.processor.TaskPollingMonitor - Task completed > TaskHandler[id: 117; name: combineFilesA (8); status: COMPLETED; exit: 0; error: -; workDir: /input/data/work/f8/36c653753540267aff7dd6e7c77d1e]
Jan-10 15:11:36.588 [Task monitor] DEBUG n.processor.TaskPollingMonitor - Task completed > TaskHandler[id: 125; name: combineFilesA (13); status: COMPLETED; exit: 0; error: -; workDir: /input/data/work/a0/3ab7445860404e881ed994f57a5ea6]
Jan-10 15:11:36.742 [Task monitor] DEBUG n.processor.TaskPollingMonitor - Task completed > TaskHandler[id: 119; name: combineFilesA (9); status: COMPLETED; exit: 0; error: -; workDir: /input/data/work/1c/58f289fcd064b3b26c39aaec561b7a]
Jan-10 15:12:06.864 [Task monitor] DEBUG n.processor.TaskPollingMonitor - Task completed > TaskHandler[id: 148; name: combineFilesA (26); status: COMPLETED; exit: 0; error: -; workDir: /input/data/work/06/a441a7f45a5169f4911237aba95412]
Jan-10 15:12:06.924 [Task monitor] DEBUG n.processor.TaskPollingMonitor - Task completed > TaskHandler[id: 159; name: combineFilesA (33); status: COMPLETED; exit: 0; error: -; workDir: /input/data/work/52/525bfacac0cd4205d4750d75fad53c]
Jan-10 15:12:11.664 [Task monitor] DEBUG n.processor.TaskPollingMonitor - Task completed > TaskHandler[id: 130; name: combineFilesA (16); status: COMPLETED; exit: 0; error: -; workDir: /input/data/work/07/52a40059a1ff1c5f79c1b270a50907]
Jan-10 15:12:41.623 [Task monitor] DEBUG n.processor.TaskPollingMonitor - Task completed > TaskHandler[id: 138; name: combineFilesA (21); status: COMPLETED; exit: 0; error: -; workDir: /input/data/work/28/e795bcd20aed602ed03a8d6dde4038]
Jan-10 15:12:41.661 [Task monitor] DEBUG n.processor.TaskPollingMonitor - Task completed > TaskHandler[id: 129; name: combineFilesA (15); status: COMPLETED; exit: 0; error: -; workDir: /input/data/work/fe/def6ee84fa0b4075c7e7b8e015e531]
Jan-10 15:12:41.816 [Task monitor] DEBUG n.processor.TaskPollingMonitor - Task completed > TaskHandler[id: 154; name: combineFilesA (29); status: COMPLETED; exit: 0; error: -; workDir: /input/data/work/69/5a308cc46c7e8e81751a87057b2872]
Jan-10 15:13:06.478 [Task monitor] DEBUG n.processor.TaskPollingMonitor - !! executor k8s > tasks to be completed: 9 -- submitted tasks are shown below
~> TaskHandler[id: 140; name: combineFilesA (22); status: RUNNING; exit: -; error: -; workDir: /input/data/work/4f/65fdb6f407ca2505f403da06a5869b]
~> TaskHandler[id: 132; name: combineFilesA (17); status: RUNNING; exit: -; error: -; workDir: /input/data/work/c8/b8b47f8e0f1444c9393dbda7520118]
~> TaskHandler[id: 124; name: combineFilesA (12); status: SUBMITTED; exit: -; error: -; workDir: /input/data/work/a0/02416a8200119b38979a4c03e140af]
~> TaskHandler[id: 109; name: combineFilesA (4); status: RUNNING; exit: -; error: -; workDir: /input/data/work/c7/1f7e6e41dd9ef0e82356b1168b1b75]
~> TaskHandler[id: 111; name: combineFilesA (5); status: SUBMITTED; exit: -; error: -; workDir: /input/data/work/c8/e2520de13947c2b6832309a5fd1244]
~> TaskHandler[id: 145; name: combineFilesA (25); status: SUBMITTED; exit: -; error: -; workDir: /input/data/work/75/4e1a8c0a31b73c6fef1b10ef36a239]
~> TaskHandler[id: 135; name: combineFilesA (19); status: SUBMITTED; exit: -; error: -; workDir: /input/data/work/0f/3c53dbd367639aa7ed54e7c302bd5f]
~> TaskHandler[id: 152; name: combineFilesA (28); status: SUBMITTED; exit: -; error: -; workDir: /input/data/work/b1/870e515383285d943341b3f611d361]
~> TaskHandler[id: 160; name: combineFilesA (34); status: SUBMITTED; exit: -; error: -; workDir: /input/data/work/c6/9cb19cd52f072120e3dcf2183fbd3d]
Jan-10 15:13:16.548 [Task monitor] DEBUG n.processor.TaskPollingMonitor - Task completed > TaskHandler[id: 140; name: combineFilesA (22); status: COMPLETED; exit: 0; error: -; workDir: /input/data/work/4f/65fdb6f407ca2505f403da06a5869b]
Jan-10 15:13:16.589 [Task monitor] DEBUG n.processor.TaskPollingMonitor - Task completed > TaskHandler[id: 132; name: combineFilesA (17); status: COMPLETED; exit: 0; error: -; workDir: /input/data/work/c8/b8b47f8e0f1444c9393dbda7520118]
Jan-10 15:13:16.655 [Task monitor] DEBUG n.processor.TaskPollingMonitor - Task completed > TaskHandler[id: 109; name: combineFilesA (4); status: COMPLETED; exit: 0; error: -; workDir: /input/data/work/c7/1f7e6e41dd9ef0e82356b1168b1b75]
Jan-10 15:13:51.547 [Task monitor] DEBUG n.processor.TaskPollingMonitor - Task completed > TaskHandler[id: 145; name: combineFilesA (25); status: COMPLETED; exit: 0; error: -; workDir: /input/data/work/75/4e1a8c0a31b73c6fef1b10ef36a239]
Jan-10 15:13:51.588 [Task monitor] DEBUG n.processor.TaskPollingMonitor - Task completed > TaskHandler[id: 135; name: combineFilesA (19); status: COMPLETED; exit: 0; error: -; workDir: /input/data/work/0f/3c53dbd367639aa7ed54e7c302bd5f]
Jan-10 15:13:51.625 [Task monitor] DEBUG n.processor.TaskPollingMonitor - Task completed > TaskHandler[id: 152; name: combineFilesA (28); status: COMPLETED; exit: 0; error: -; workDir: /input/data/work/b1/870e515383285d943341b3f611d361]
Jan-10 15:14:16.544 [Task monitor] DEBUG n.processor.TaskPollingMonitor - Task completed > TaskHandler[id: 124; name: combineFilesA (12); status: COMPLETED; exit: 0; error: -; workDir: /input/data/work/a0/02416a8200119b38979a4c03e140af]
Jan-10 15:14:16.583 [Task monitor] DEBUG n.processor.TaskPollingMonitor - Task completed > TaskHandler[id: 111; name: combineFilesA (5); status: COMPLETED; exit: 0; error: -; workDir: /input/data/work/c8/e2520de13947c2b6832309a5fd1244]
Jan-10 15:14:16.624 [Task monitor] DEBUG n.processor.TaskPollingMonitor - Task completed > TaskHandler[id: 160; name: combineFilesA (34); status: COMPLETED; exit: 0; error: -; workDir: /input/data/work/c6/9cb19cd52f072120e3dcf2183fbd3d]
Jan-10 15:14:16.625 [main] DEBUG nextflow.Session - Session await > all processes finished
Jan-10 15:14:16.628 [main] DEBUG nextflow.Session - Session await > all barriers passed
Jan-10 15:14:16.651 [main] DEBUG n.trace.WorkflowStatsObserver - Workflow completed > WorkflowStats[succeededCount=160; failedCount=0; ignoredCount=0; cachedCount=0; pendingCount=0; submittedCount=0; runningCount=0; retriesCount=0; abortedCount=0; succeedDuration=2h 5m 36s; failedDuration=0ms; cachedDuration=0ms;loadCpus=0; loadMemory=0; peakRunning=6; peakCpus=60; peakMemory=60 GB; ]
Jan-10 15:14:16.651 [main] DEBUG nextflow.trace.TraceFileObserver - Workflow completed -- saving trace file
Jan-10 15:14:16.653 [main] DEBUG nextflow.trace.ReportObserver - Workflow completed -- rendering execution report
Jan-10 15:14:17.268 [main] DEBUG nextflow.trace.TimelineObserver - Workflow completed -- rendering execution timeline
Jan-10 15:14:17.418 [main] DEBUG nextflow.cache.CacheDB - Closing CacheDB done
Jan-10 15:14:17.448 [main] DEBUG nextflow.util.ThreadPoolManager - Thread pool 'FileTransfer' shutdown completed (hard=false)
Jan-10 15:14:17.448 [main] DEBUG nextflow.script.ScriptRunner - > Execution complete -- Goodbye
