Dec-15 03:10:17.835 [main] DEBUG nextflow.cli.Launcher - $> nextflow run /input/group -c /experiments/experiment/group/nextflow.config -c /experiments/experiment/nextflow_cws.config -c /experiments/experiment/nextflow_nfs.config
Dec-15 03:10:17.894 [main] INFO  nextflow.cli.CmdRun - N E X T F L O W  ~  version 23.07.0-edge
Dec-15 03:10:17.913 [main] DEBUG nextflow.plugin.PluginsFacade - Setting up plugin manager > mode=prod; embedded=false; plugins-dir=/.nextflow/plugins; core-plugins: nf-amazon@2.1.0,nf-azure@1.1.4,nf-cloudcache@0.1.0,nf-codecommit@0.1.5,nf-console@1.0.6,nf-ga4gh@1.1.0,nf-google@1.8.1,nf-tower@1.5.15,nf-wave@0.11.0
Dec-15 03:10:17.922 [main] INFO  o.pf4j.DefaultPluginStatusProvider - Enabled plugins: []
Dec-15 03:10:17.923 [main] INFO  o.pf4j.DefaultPluginStatusProvider - Disabled plugins: []
Dec-15 03:10:17.925 [main] INFO  org.pf4j.DefaultPluginManager - PF4J version 3.4.1 in 'deployment' mode
Dec-15 03:10:17.934 [main] INFO  org.pf4j.AbstractPluginManager - No plugins
Dec-15 03:10:17.960 [main] DEBUG nextflow.scm.AssetManager - Project manifest does not exist: /input/group/nextflow.config (No such file or directory)
Dec-15 03:10:17.987 [main] DEBUG nextflow.config.ConfigBuilder - User config file: /experiments/experiment/group/nextflow.config
Dec-15 03:10:17.987 [main] DEBUG nextflow.config.ConfigBuilder - User config file: /experiments/experiment/nextflow_cws.config
Dec-15 03:10:17.987 [main] DEBUG nextflow.config.ConfigBuilder - User config file: /experiments/experiment/nextflow_nfs.config
Dec-15 03:10:17.988 [main] DEBUG nextflow.config.ConfigBuilder - Parsing config file: /experiments/experiment/group/nextflow.config
Dec-15 03:10:17.988 [main] DEBUG nextflow.config.ConfigBuilder - Parsing config file: /experiments/experiment/nextflow_cws.config
Dec-15 03:10:17.988 [main] DEBUG nextflow.config.ConfigBuilder - Parsing config file: /experiments/experiment/nextflow_nfs.config
Dec-15 03:10:18.002 [main] DEBUG nextflow.config.ConfigBuilder - Applying config profile: `standard`
Dec-15 03:10:18.496 [main] DEBUG nextflow.config.ConfigBuilder - Applying config profile: `standard`
Dec-15 03:10:18.639 [main] DEBUG nextflow.config.ConfigBuilder - Applying config profile: `standard`
Dec-15 03:10:18.670 [main] DEBUG nextflow.cli.CmdRun - Applied DSL=2 by global default
Dec-15 03:10:18.683 [main] INFO  nextflow.cli.CmdRun - Launching `/input/group/main.nf` [romantic_wozniak] DSL2 - revision: eb2bec4e66
Dec-15 03:10:18.683 [main] DEBUG nextflow.plugin.PluginsFacade - Plugins default=[]
Dec-15 03:10:18.683 [main] DEBUG nextflow.plugin.PluginsFacade - Plugins resolved requirement=[]
Dec-15 03:10:18.690 [main] DEBUG n.secret.LocalSecretsProvider - Secrets store: /.nextflow/secrets/store.json
Dec-15 03:10:18.693 [main] DEBUG nextflow.secret.SecretsLoader - Discovered secrets providers: [nextflow.secret.LocalSecretsProvider@2c05ff9d] - activable => nextflow.secret.LocalSecretsProvider@2c05ff9d
Dec-15 03:10:18.743 [main] DEBUG nextflow.Session - Session UUID: 6cd782ee-48f1-43bb-9580-9197e193eb2f
Dec-15 03:10:18.743 [main] DEBUG nextflow.Session - Run name: romantic_wozniak
Dec-15 03:10:18.743 [main] DEBUG nextflow.Session - Executor pool size: 32
Dec-15 03:10:18.749 [main] DEBUG nextflow.file.FilePorter - File porter settings maxRetries=3; maxTransfers=50; pollTimeout=null
Dec-15 03:10:18.752 [main] DEBUG nextflow.util.ThreadPoolBuilder - Creating thread pool 'FileTransfer' minSize=10; maxSize=96; workQueue=LinkedBlockingQueue[10000]; allowCoreThreadTimeout=false
Dec-15 03:10:18.779 [main] DEBUG nextflow.cli.CmdRun - 
  Version: 23.07.0-edge build 5875
  Created: 28-07-2023 20:27 UTC (20:27 GMT)
  System: Linux 5.4.0-166-generic
  Runtime: Groovy 3.0.18 on OpenJDK 64-Bit Server VM 17.0.6+10-LTS
  Encoding: UTF-8 (UTF-8)
  Process: 826905@nextflow [10.233.76.59]
  CPUs: 32 - Mem: 125.7 GB (121 GB) - Swap: 0 (0)
Dec-15 03:10:18.816 [main] DEBUG nextflow.Session - Work-dir: /input/data/work [nfs]
Dec-15 03:10:18.816 [main] DEBUG nextflow.Session - Script base path does not exist or is not a directory: /input/group/bin
Dec-15 03:10:18.824 [main] DEBUG nextflow.executor.ExecutorFactory - Extension executors providers=[]
Dec-15 03:10:18.831 [main] DEBUG nextflow.Session - Observer factory: DefaultObserverFactory
Dec-15 03:10:18.858 [main] DEBUG nextflow.cache.CacheFactory - Using Nextflow cache factory: nextflow.cache.DefaultCacheFactory
Dec-15 03:10:18.866 [main] DEBUG nextflow.util.CustomThreadPool - Creating default thread pool > poolSize: 33; maxThreads: 1000
Dec-15 03:10:18.954 [main] DEBUG nextflow.Session - Session start
Dec-15 03:10:18.958 [main] DEBUG nextflow.trace.TraceFileObserver - Workflow started -- trace file: /input/data/output/trace.csv
Dec-15 03:10:19.132 [main] DEBUG nextflow.script.ScriptRunner - > Launching execution
Dec-15 03:10:19.350 [main] DEBUG nextflow.script.ProcessConfig - Config settings `withName:writeLargeFile` matches process writeLargeFile
Dec-15 03:10:19.360 [main] DEBUG nextflow.executor.ExecutorFactory - << taskConfig executor: k8s
Dec-15 03:10:19.360 [main] DEBUG nextflow.executor.ExecutorFactory - >> processorType: 'k8s'
Dec-15 03:10:19.368 [main] DEBUG nextflow.executor.Executor - [warm up] executor > k8s
Dec-15 03:10:19.386 [main] DEBUG n.processor.TaskPollingMonitor - Creating task monitor for executor 'k8s' > capacity: 300; pollInterval: 5s; dumpInterval: 5m; schedulerBatch: null
Dec-15 03:10:19.390 [main] DEBUG nextflow.k8s.client.ConfigDiscovery - K8s config file does not exist: /root/.kube/config
Dec-15 03:10:19.401 [main] DEBUG nextflow.k8s.K8sExecutor - [K8s] config=[scheduler:[strategy:rank_max-fair, name:workflow-scheduler, autoClose:false, nodeSelector:usedby=anonymized, container:anonymized/test1:sch_v194], debug:[yaml:true], namespace:anonymized, serviceAccount:nextflow, workDir:/input/data/work/, projectDir:/input/data/project/, imagePullPolicy:IfNotPresent, launchDir:/input/data/launch/, runAsUser:0, fetchNodeName:true, storageMountPath:/input, pod:[nodeSelector:usedby=anonymized], storage:[nodeSelector:usedby=anonymized, imageName:anonymized/test1:ftp_v122], storageClaimName:nfs-experiment]; API client config=ClientConfig[ server=10.233.0.1:443, namespace=anonymized, serviceAccount=nextflow, token=eyJhbGciOiJ.., sslCert=LS0tLS1CRUd.., clientCert=-, clientKey=-, verifySsl=false, fromFile=true, httpReadTimeout=null, httpConnectTimeout=null, maxErrorRetry=4 ]
Dec-15 03:10:23.066 [main] DEBUG nextflow.script.ProcessConfig - Config settings `withName:combineFiles` matches process combineFiles
Dec-15 03:10:23.067 [main] DEBUG nextflow.executor.ExecutorFactory - << taskConfig executor: k8s
Dec-15 03:10:23.067 [main] DEBUG nextflow.executor.ExecutorFactory - >> processorType: 'k8s'
Dec-15 03:10:23.079 [main] DEBUG nextflow.Session - Workflow process names [dsl2]: revertFile, combineFiles, writeLargeFile
Dec-15 03:10:23.080 [main] DEBUG nextflow.Session - Igniting dataflow network (3)
Dec-15 03:10:23.082 [main] DEBUG nextflow.processor.TaskProcessor - Starting process > writeLargeFile
Dec-15 03:10:23.083 [main] DEBUG nextflow.processor.TaskProcessor - Starting process > combineFiles
Dec-15 03:10:23.083 [main] DEBUG nextflow.script.ScriptRunner - > Awaiting termination 
Dec-15 03:10:23.083 [main] DEBUG nextflow.Session - Session await
Dec-15 03:10:23.398 [Task submitter] INFO  nextflow.Session - [4c/b87d33] Submitted process > writeLargeFile (4)
Dec-15 03:10:23.455 [Task submitter] INFO  nextflow.Session - [fb/f16926] Submitted process > writeLargeFile (21)
Dec-15 03:10:23.500 [Task submitter] INFO  nextflow.Session - [71/bb5dbf] Submitted process > writeLargeFile (27)
Dec-15 03:10:23.542 [Task submitter] INFO  nextflow.Session - [fc/d2f578] Submitted process > writeLargeFile (7)
Dec-15 03:10:23.586 [Task submitter] INFO  nextflow.Session - [d5/64fd30] Submitted process > writeLargeFile (14)
Dec-15 03:10:23.628 [Task submitter] INFO  nextflow.Session - [72/fd5d1c] Submitted process > writeLargeFile (18)
Dec-15 03:10:23.669 [Task submitter] INFO  nextflow.Session - [fa/60fe78] Submitted process > writeLargeFile (30)
Dec-15 03:10:23.709 [Task submitter] INFO  nextflow.Session - [a9/e1f958] Submitted process > writeLargeFile (5)
Dec-15 03:10:23.746 [Task submitter] INFO  nextflow.Session - [e6/82cf34] Submitted process > writeLargeFile (29)
Dec-15 03:10:23.783 [Task submitter] INFO  nextflow.Session - [2e/07b119] Submitted process > writeLargeFile (20)
Dec-15 03:10:23.828 [Task submitter] INFO  nextflow.Session - [57/551112] Submitted process > writeLargeFile (8)
Dec-15 03:10:23.869 [Task submitter] INFO  nextflow.Session - [73/42a5bc] Submitted process > writeLargeFile (31)
Dec-15 03:10:23.911 [Task submitter] INFO  nextflow.Session - [df/817ff3] Submitted process > writeLargeFile (22)
Dec-15 03:10:23.947 [Task submitter] INFO  nextflow.Session - [1c/f6929b] Submitted process > writeLargeFile (15)
Dec-15 03:10:23.982 [Task submitter] INFO  nextflow.Session - [fd/6166d9] Submitted process > writeLargeFile (24)
Dec-15 03:10:24.025 [Task submitter] INFO  nextflow.Session - [83/bb290e] Submitted process > writeLargeFile (19)
Dec-15 03:10:24.060 [Task submitter] INFO  nextflow.Session - [6b/af0ad6] Submitted process > writeLargeFile (2)
Dec-15 03:10:24.098 [Task submitter] INFO  nextflow.Session - [a3/aed4ed] Submitted process > writeLargeFile (25)
Dec-15 03:10:24.133 [Task submitter] INFO  nextflow.Session - [4b/90edc2] Submitted process > writeLargeFile (11)
Dec-15 03:10:24.170 [Task submitter] INFO  nextflow.Session - [fd/ea5d5e] Submitted process > writeLargeFile (9)
Dec-15 03:10:24.208 [Task submitter] INFO  nextflow.Session - [05/cc71e7] Submitted process > writeLargeFile (23)
Dec-15 03:10:24.245 [Task submitter] INFO  nextflow.Session - [ca/86cd73] Submitted process > writeLargeFile (26)
Dec-15 03:10:24.281 [Task submitter] INFO  nextflow.Session - [90/2423b0] Submitted process > writeLargeFile (3)
Dec-15 03:10:24.321 [Task submitter] INFO  nextflow.Session - [6a/84d44b] Submitted process > writeLargeFile (16)
Dec-15 03:10:24.355 [Task submitter] INFO  nextflow.Session - [8a/06315a] Submitted process > writeLargeFile (12)
Dec-15 03:10:24.391 [Task submitter] INFO  nextflow.Session - [ff/be2ad2] Submitted process > writeLargeFile (28)
Dec-15 03:10:24.429 [Task submitter] INFO  nextflow.Session - [7f/796057] Submitted process > writeLargeFile (10)
Dec-15 03:10:24.463 [Task submitter] INFO  nextflow.Session - [4c/03de14] Submitted process > writeLargeFile (45)
Dec-15 03:10:24.502 [Task submitter] INFO  nextflow.Session - [13/b3fe02] Submitted process > writeLargeFile (13)
Dec-15 03:10:24.541 [Task submitter] INFO  nextflow.Session - [1a/d16dfc] Submitted process > writeLargeFile (17)
Dec-15 03:10:24.576 [Task submitter] INFO  nextflow.Session - [1f/44ce76] Submitted process > writeLargeFile (32)
Dec-15 03:10:24.610 [Task submitter] INFO  nextflow.Session - [6f/431b32] Submitted process > writeLargeFile (1)
Dec-15 03:10:24.645 [Task submitter] INFO  nextflow.Session - [39/bc4e52] Submitted process > writeLargeFile (6)
Dec-15 03:10:24.680 [Task submitter] INFO  nextflow.Session - [4e/fe8f5c] Submitted process > writeLargeFile (40)
Dec-15 03:10:24.719 [Task submitter] INFO  nextflow.Session - [07/d1ac04] Submitted process > writeLargeFile (36)
Dec-15 03:10:24.754 [Task submitter] INFO  nextflow.Session - [4e/42e92a] Submitted process > writeLargeFile (54)
Dec-15 03:10:24.789 [Task submitter] INFO  nextflow.Session - [95/08aedb] Submitted process > writeLargeFile (35)
Dec-15 03:10:24.823 [Task submitter] INFO  nextflow.Session - [40/d07c9b] Submitted process > writeLargeFile (33)
Dec-15 03:10:24.857 [Task submitter] INFO  nextflow.Session - [ca/9a6900] Submitted process > writeLargeFile (57)
Dec-15 03:10:24.892 [Task submitter] INFO  nextflow.Session - [5c/e7f7f1] Submitted process > writeLargeFile (34)
Dec-15 03:10:24.927 [Task submitter] INFO  nextflow.Session - [57/4ef62b] Submitted process > writeLargeFile (60)
Dec-15 03:10:24.962 [Task submitter] INFO  nextflow.Session - [f8/7fe9cd] Submitted process > writeLargeFile (37)
Dec-15 03:10:24.996 [Task submitter] INFO  nextflow.Session - [f6/1b76fe] Submitted process > writeLargeFile (39)
Dec-15 03:10:25.031 [Task submitter] INFO  nextflow.Session - [0f/29eb98] Submitted process > writeLargeFile (42)
Dec-15 03:10:25.066 [Task submitter] INFO  nextflow.Session - [8a/082a36] Submitted process > writeLargeFile (64)
Dec-15 03:10:25.099 [Task submitter] INFO  nextflow.Session - [0e/6a8cf5] Submitted process > writeLargeFile (44)
Dec-15 03:10:25.134 [Task submitter] INFO  nextflow.Session - [31/5c2ded] Submitted process > writeLargeFile (43)
Dec-15 03:10:25.168 [Task submitter] INFO  nextflow.Session - [a5/679f30] Submitted process > writeLargeFile (38)
Dec-15 03:10:25.204 [Task submitter] INFO  nextflow.Session - [ac/481cd3] Submitted process > writeLargeFile (47)
Dec-15 03:10:25.242 [Task submitter] INFO  nextflow.Session - [f0/4ecbe7] Submitted process > writeLargeFile (46)
Dec-15 03:10:25.276 [Task submitter] INFO  nextflow.Session - [31/f459e2] Submitted process > writeLargeFile (49)
Dec-15 03:10:25.312 [Task submitter] INFO  nextflow.Session - [f0/d0521f] Submitted process > writeLargeFile (67)
Dec-15 03:10:25.346 [Task submitter] INFO  nextflow.Session - [0f/4d5ef9] Submitted process > writeLargeFile (76)
Dec-15 03:10:25.379 [Task submitter] INFO  nextflow.Session - [ac/ff3350] Submitted process > writeLargeFile (65)
Dec-15 03:10:25.416 [Task submitter] INFO  nextflow.Session - [96/4e4b19] Submitted process > writeLargeFile (41)
Dec-15 03:10:25.452 [Task submitter] INFO  nextflow.Session - [ca/d0524d] Submitted process > writeLargeFile (77)
Dec-15 03:10:25.488 [Task submitter] INFO  nextflow.Session - [93/150f36] Submitted process > writeLargeFile (48)
Dec-15 03:10:25.523 [Task submitter] INFO  nextflow.Session - [a4/e4adc0] Submitted process > writeLargeFile (50)
Dec-15 03:10:25.556 [Task submitter] INFO  nextflow.Session - [94/fa904c] Submitted process > writeLargeFile (72)
Dec-15 03:10:25.591 [Task submitter] INFO  nextflow.Session - [80/265b87] Submitted process > writeLargeFile (55)
Dec-15 03:10:25.631 [Task submitter] INFO  nextflow.Session - [d5/c530db] Submitted process > writeLargeFile (84)
Dec-15 03:10:25.664 [Task submitter] INFO  nextflow.Session - [bd/d925ea] Submitted process > writeLargeFile (59)
Dec-15 03:10:25.702 [Task submitter] INFO  nextflow.Session - [45/96831f] Submitted process > writeLargeFile (68)
Dec-15 03:10:25.737 [Task submitter] INFO  nextflow.Session - [9e/3d5d94] Submitted process > writeLargeFile (52)
Dec-15 03:10:25.774 [Task submitter] INFO  nextflow.Session - [97/bd9851] Submitted process > writeLargeFile (53)
Dec-15 03:10:25.811 [Task submitter] INFO  nextflow.Session - [f5/0411b7] Submitted process > writeLargeFile (61)
Dec-15 03:10:25.847 [Task submitter] INFO  nextflow.Session - [d6/4d85da] Submitted process > writeLargeFile (58)
Dec-15 03:10:25.881 [Task submitter] INFO  nextflow.Session - [6a/9fa3cd] Submitted process > writeLargeFile (97)
Dec-15 03:10:25.914 [Task submitter] INFO  nextflow.Session - [dc/e53813] Submitted process > writeLargeFile (70)
Dec-15 03:10:26.032 [Task submitter] INFO  nextflow.Session - [bf/5c725f] Submitted process > writeLargeFile (63)
Dec-15 03:10:37.514 [Task submitter] INFO  nextflow.Session - [50/62d814] Submitted process > writeLargeFile (69)
Dec-15 03:10:43.110 [Task submitter] INFO  nextflow.Session - [6a/e7245c] Submitted process > writeLargeFile (99)
Dec-15 03:10:46.740 [Task submitter] INFO  nextflow.Session - [c7/38dcc4] Submitted process > writeLargeFile (62)
Dec-15 03:10:50.157 [Task submitter] INFO  nextflow.Session - [44/80174b] Submitted process > writeLargeFile (56)
Dec-15 03:10:53.480 [Task submitter] INFO  nextflow.Session - [eb/1b8fdf] Submitted process > writeLargeFile (51)
Dec-15 03:10:57.685 [Task submitter] INFO  nextflow.Session - [d2/dbb381] Submitted process > writeLargeFile (66)
Dec-15 03:11:01.244 [Task submitter] INFO  nextflow.Session - [2b/2a0a6a] Submitted process > writeLargeFile (75)
Dec-15 03:11:04.901 [Task submitter] INFO  nextflow.Session - [8b/ebefbe] Submitted process > writeLargeFile (79)
Dec-15 03:11:08.641 [Task submitter] INFO  nextflow.Session - [f4/a5d735] Submitted process > writeLargeFile (71)
Dec-15 03:11:12.405 [Task submitter] INFO  nextflow.Session - [1d/2cc503] Submitted process > writeLargeFile (78)
Dec-15 03:11:16.151 [Task submitter] INFO  nextflow.Session - [af/33c593] Submitted process > writeLargeFile (73)
Dec-15 03:11:19.847 [Task submitter] INFO  nextflow.Session - [d3/b24690] Submitted process > writeLargeFile (74)
Dec-15 03:11:23.503 [Task submitter] INFO  nextflow.Session - [94/ddc1c3] Submitted process > writeLargeFile (80)
Dec-15 03:11:27.580 [Task submitter] INFO  nextflow.Session - [c7/24a2bd] Submitted process > writeLargeFile (90)
Dec-15 03:11:31.381 [Task submitter] INFO  nextflow.Session - [b9/eafbd4] Submitted process > writeLargeFile (86)
Dec-15 03:11:34.996 [Task submitter] INFO  nextflow.Session - [9a/9cb107] Submitted process > writeLargeFile (87)
Dec-15 03:11:37.995 [Task submitter] INFO  nextflow.Session - [33/5ea5c0] Submitted process > writeLargeFile (82)
Dec-15 03:11:40.634 [Task submitter] INFO  nextflow.Session - [1e/0f4d51] Submitted process > writeLargeFile (91)
Dec-15 03:11:41.185 [Task monitor] DEBUG n.processor.TaskPollingMonitor - Task completed > TaskHandler[id: 4; name: writeLargeFile (4); status: COMPLETED; exit: 0; error: -; workDir: /input/data/work/4c/b87d33f1a732ae2174db58d62c93ed]
Dec-15 03:11:43.187 [Task submitter] INFO  nextflow.Session - [8d/246e27] Submitted process > writeLargeFile (85)
Dec-15 03:11:44.946 [Task monitor] DEBUG n.processor.TaskPollingMonitor - Task completed > TaskHandler[id: 14; name: writeLargeFile (14); status: COMPLETED; exit: 0; error: -; workDir: /input/data/work/d5/64fd307e443b3929840c29b3c841cd]
Dec-15 03:11:45.882 [Task submitter] INFO  nextflow.Session - [55/d4e32d] Submitted process > writeLargeFile (89)
Dec-15 03:11:49.038 [Task submitter] INFO  nextflow.Session - [bb/1cdb6a] Submitted process > writeLargeFile (81)
Dec-15 03:11:49.473 [Task monitor] DEBUG n.processor.TaskPollingMonitor - Task completed > TaskHandler[id: 29; name: writeLargeFile (29); status: COMPLETED; exit: 0; error: -; workDir: /input/data/work/e6/82cf34724b25066eeee2917115b6bb]
Dec-15 03:11:52.438 [Task submitter] INFO  nextflow.Session - [48/2c029b] Submitted process > writeLargeFile (94)
Dec-15 03:11:55.365 [Task submitter] INFO  nextflow.Session - [2f/da528f] Submitted process > writeLargeFile (93)
Dec-15 03:11:58.759 [Task submitter] INFO  nextflow.Session - [8e/fd98ff] Submitted process > writeLargeFile (88)
Dec-15 03:12:01.380 [Task submitter] INFO  nextflow.Session - [29/e08062] Submitted process > writeLargeFile (100)
Dec-15 03:12:03.013 [Task submitter] INFO  nextflow.Session - [04/768e6f] Submitted process > writeLargeFile (92)
Dec-15 03:12:03.862 [Task submitter] INFO  nextflow.Session - [0a/904c39] Submitted process > writeLargeFile (95)
Dec-15 03:12:04.718 [Task submitter] INFO  nextflow.Session - [ae/ebd98c] Submitted process > writeLargeFile (83)
Dec-15 03:12:05.315 [Task submitter] INFO  nextflow.Session - [b0/f8eef0] Submitted process > writeLargeFile (98)
Dec-15 03:12:05.898 [Task submitter] INFO  nextflow.Session - [51/343daf] Submitted process > writeLargeFile (96)
Dec-15 03:12:09.574 [Task monitor] DEBUG n.processor.TaskPollingMonitor - Task completed > TaskHandler[id: 21; name: writeLargeFile (21); status: COMPLETED; exit: 0; error: -; workDir: /input/data/work/fb/f1692604ff54e56e46f29848e74f07]
Dec-15 03:12:10.022 [Task monitor] DEBUG n.processor.TaskPollingMonitor - Task completed > TaskHandler[id: 27; name: writeLargeFile (27); status: COMPLETED; exit: 0; error: -; workDir: /input/data/work/71/bb5dbf215f09fe038a16c5fdf7db35]
Dec-15 03:12:10.514 [Task monitor] DEBUG n.processor.TaskPollingMonitor - Task completed > TaskHandler[id: 7; name: writeLargeFile (7); status: COMPLETED; exit: 0; error: -; workDir: /input/data/work/fc/d2f5781e6e887fd5452ed9854def8c]
Dec-15 03:12:12.581 [Task monitor] DEBUG n.processor.TaskPollingMonitor - Task completed > TaskHandler[id: 18; name: writeLargeFile (18); status: COMPLETED; exit: 0; error: -; workDir: /input/data/work/72/fd5d1c5827037bc6e2b114c038f0d4]
Dec-15 03:12:17.000 [Task monitor] DEBUG n.processor.TaskPollingMonitor - Task completed > TaskHandler[id: 30; name: writeLargeFile (30); status: COMPLETED; exit: 0; error: -; workDir: /input/data/work/fa/60fe785b985e62a453988fa043a00b]
Dec-15 03:12:20.596 [Task monitor] DEBUG n.processor.TaskPollingMonitor - Task completed > TaskHandler[id: 5; name: writeLargeFile (5); status: COMPLETED; exit: 0; error: -; workDir: /input/data/work/a9/e1f958650f1356288aa1cb8acb1e99]
Dec-15 03:12:24.498 [Task monitor] DEBUG n.processor.TaskPollingMonitor - Task completed > TaskHandler[id: 20; name: writeLargeFile (20); status: COMPLETED; exit: 0; error: -; workDir: /input/data/work/2e/07b119a8dbc85734c75ff598cec97c]
Dec-15 03:12:29.847 [Task monitor] DEBUG n.processor.TaskPollingMonitor - Task completed > TaskHandler[id: 8; name: writeLargeFile (8); status: COMPLETED; exit: 0; error: -; workDir: /input/data/work/57/5511129e3e5f293cd921a7af4dcc7e]
Dec-15 03:12:33.412 [Task monitor] DEBUG n.processor.TaskPollingMonitor - Task completed > TaskHandler[id: 31; name: writeLargeFile (31); status: COMPLETED; exit: 0; error: -; workDir: /input/data/work/73/42a5bc81e180b4811a63d8b2ab49a0]
Dec-15 03:13:14.125 [Task monitor] DEBUG n.processor.TaskPollingMonitor - Task completed > TaskHandler[id: 22; name: writeLargeFile (22); status: COMPLETED; exit: 0; error: -; workDir: /input/data/work/df/817ff36730cb065ca4f5927ca70ab8]
Dec-15 03:13:18.103 [Task monitor] DEBUG n.processor.TaskPollingMonitor - Task completed > TaskHandler[id: 15; name: writeLargeFile (15); status: COMPLETED; exit: 0; error: -; workDir: /input/data/work/1c/f6929ba0aed11afb7d924aac35d639]
Dec-15 03:13:22.115 [Task monitor] DEBUG n.processor.TaskPollingMonitor - Task completed > TaskHandler[id: 24; name: writeLargeFile (24); status: COMPLETED; exit: 0; error: -; workDir: /input/data/work/fd/6166d967b98f931fda3f955837a78d]
Dec-15 03:13:42.693 [Task monitor] DEBUG n.processor.TaskPollingMonitor - Task completed > TaskHandler[id: 11; name: writeLargeFile (11); status: COMPLETED; exit: 0; error: -; workDir: /input/data/work/4b/90edc2bf336e09f30ed76e79ad3d20]
Dec-15 03:13:43.481 [Task monitor] DEBUG n.processor.TaskPollingMonitor - Task completed > TaskHandler[id: 9; name: writeLargeFile (9); status: COMPLETED; exit: 0; error: -; workDir: /input/data/work/fd/ea5d5ea838b0b8591316d9e146c45d]
Dec-15 03:13:44.309 [Task monitor] DEBUG n.processor.TaskPollingMonitor - Task completed > TaskHandler[id: 23; name: writeLargeFile (23); status: COMPLETED; exit: 0; error: -; workDir: /input/data/work/05/cc71e71e2933637f22d727659e48b3]
Dec-15 03:13:47.355 [Task monitor] DEBUG n.processor.TaskPollingMonitor - Task completed > TaskHandler[id: 19; name: writeLargeFile (19); status: COMPLETED; exit: 0; error: -; workDir: /input/data/work/83/bb290e15837a661cadaa4b0ca8321d]
Dec-15 03:13:47.570 [Task monitor] DEBUG n.processor.TaskPollingMonitor - Task completed > TaskHandler[id: 2; name: writeLargeFile (2); status: COMPLETED; exit: 0; error: -; workDir: /input/data/work/6b/af0ad6d7dca3fc4e68b4ba41419b13]
Dec-15 03:13:47.789 [Task monitor] DEBUG n.processor.TaskPollingMonitor - Task completed > TaskHandler[id: 25; name: writeLargeFile (25); status: COMPLETED; exit: 0; error: -; workDir: /input/data/work/a3/aed4edfa631d86447e83cad10a4709]
Dec-15 03:13:48.126 [Task monitor] DEBUG n.processor.TaskPollingMonitor - Task completed > TaskHandler[id: 26; name: writeLargeFile (26); status: COMPLETED; exit: 0; error: -; workDir: /input/data/work/ca/86cd731f07a4b069003070790b43e6]
Dec-15 03:13:48.686 [Task monitor] DEBUG n.processor.TaskPollingMonitor - Task completed > TaskHandler[id: 3; name: writeLargeFile (3); status: COMPLETED; exit: 0; error: -; workDir: /input/data/work/90/2423b059f686deb857a28a9261db47]
Dec-15 03:13:49.537 [Task monitor] DEBUG n.processor.TaskPollingMonitor - Task completed > TaskHandler[id: 16; name: writeLargeFile (16); status: COMPLETED; exit: 0; error: -; workDir: /input/data/work/6a/84d44b03cd4f8f31845cf6a4058be0]
Dec-15 03:14:49.183 [Task monitor] DEBUG n.processor.TaskPollingMonitor - Task completed > TaskHandler[id: 12; name: writeLargeFile (12); status: COMPLETED; exit: 0; error: -; workDir: /input/data/work/8a/06315ac3154b0dff2c77d2f9c228ae]
Dec-15 03:14:53.465 [Task monitor] DEBUG n.processor.TaskPollingMonitor - Task completed > TaskHandler[id: 28; name: writeLargeFile (28); status: COMPLETED; exit: 0; error: -; workDir: /input/data/work/ff/be2ad2f1d0d18abe404adba28b9b25]
Dec-15 03:14:57.299 [Task monitor] DEBUG n.processor.TaskPollingMonitor - Task completed > TaskHandler[id: 10; name: writeLargeFile (10); status: COMPLETED; exit: 0; error: -; workDir: /input/data/work/7f/796057e610cccf1402c740ef7f3081]
Dec-15 03:15:27.099 [Task monitor] DEBUG n.processor.TaskPollingMonitor - !! executor k8s > tasks to be completed: 73 -- submitted tasks are shown below
~> TaskHandler[id: 45; name: writeLargeFile (45); status: RUNNING; exit: -; error: -; workDir: /input/data/work/4c/03de143387e19da37d3fd1d386e452]
~> TaskHandler[id: 13; name: writeLargeFile (13); status: RUNNING; exit: -; error: -; workDir: /input/data/work/13/b3fe02c7bd1bc7395b9f4d2948df4e]
~> TaskHandler[id: 17; name: writeLargeFile (17); status: RUNNING; exit: -; error: -; workDir: /input/data/work/1a/d16dfc9f0cd0895315c2b21b76dba2]
~> TaskHandler[id: 32; name: writeLargeFile (32); status: RUNNING; exit: -; error: -; workDir: /input/data/work/1f/44ce76c6664932978388ca9026e698]
~> TaskHandler[id: 1; name: writeLargeFile (1); status: RUNNING; exit: -; error: -; workDir: /input/data/work/6f/431b3221f4d2652de3b36d0c16efda]
~> TaskHandler[id: 6; name: writeLargeFile (6); status: RUNNING; exit: -; error: -; workDir: /input/data/work/39/bc4e527c253eb594e6d4c8d2d44cce]
~> TaskHandler[id: 40; name: writeLargeFile (40); status: RUNNING; exit: -; error: -; workDir: /input/data/work/4e/fe8f5c7be6e2046c2980de79ffe3c8]
~> TaskHandler[id: 36; name: writeLargeFile (36); status: RUNNING; exit: -; error: -; workDir: /input/data/work/07/d1ac04f4bfc221c06ddd05f29c4c28]
~> TaskHandler[id: 54; name: writeLargeFile (54); status: RUNNING; exit: -; error: -; workDir: /input/data/work/4e/42e92a1d9f6b39f6fd559cf5bc94b7]
~> TaskHandler[id: 35; name: writeLargeFile (35); status: RUNNING; exit: -; error: -; workDir: /input/data/work/95/08aedb00127ade79909dcbd4aab825]
.. remaining tasks omitted.
Dec-15 03:15:28.746 [Task monitor] DEBUG n.processor.TaskPollingMonitor - Task completed > TaskHandler[id: 45; name: writeLargeFile (45); status: COMPLETED; exit: 0; error: -; workDir: /input/data/work/4c/03de143387e19da37d3fd1d386e452]
Dec-15 03:15:29.902 [Task monitor] DEBUG n.processor.TaskPollingMonitor - Task completed > TaskHandler[id: 13; name: writeLargeFile (13); status: COMPLETED; exit: 0; error: -; workDir: /input/data/work/13/b3fe02c7bd1bc7395b9f4d2948df4e]
Dec-15 03:15:30.345 [Task monitor] DEBUG n.processor.TaskPollingMonitor - Task completed > TaskHandler[id: 17; name: writeLargeFile (17); status: COMPLETED; exit: 0; error: -; workDir: /input/data/work/1a/d16dfc9f0cd0895315c2b21b76dba2]
Dec-15 03:15:30.828 [Task monitor] DEBUG n.processor.TaskPollingMonitor - Task completed > TaskHandler[id: 40; name: writeLargeFile (40); status: COMPLETED; exit: 0; error: -; workDir: /input/data/work/4e/fe8f5c7be6e2046c2980de79ffe3c8]
Dec-15 03:15:31.262 [Task monitor] DEBUG n.processor.TaskPollingMonitor - Task completed > TaskHandler[id: 36; name: writeLargeFile (36); status: COMPLETED; exit: 0; error: -; workDir: /input/data/work/07/d1ac04f4bfc221c06ddd05f29c4c28]
Dec-15 03:15:31.671 [Task monitor] DEBUG n.processor.TaskPollingMonitor - Task completed > TaskHandler[id: 54; name: writeLargeFile (54); status: COMPLETED; exit: 0; error: -; workDir: /input/data/work/4e/42e92a1d9f6b39f6fd559cf5bc94b7]
Dec-15 03:15:38.810 [Task monitor] DEBUG n.processor.TaskPollingMonitor - Task completed > TaskHandler[id: 32; name: writeLargeFile (32); status: COMPLETED; exit: 0; error: -; workDir: /input/data/work/1f/44ce76c6664932978388ca9026e698]
Dec-15 03:15:39.367 [Task monitor] DEBUG n.processor.TaskPollingMonitor - Task completed > TaskHandler[id: 1; name: writeLargeFile (1); status: COMPLETED; exit: 0; error: -; workDir: /input/data/work/6f/431b3221f4d2652de3b36d0c16efda]
Dec-15 03:15:39.931 [Task monitor] DEBUG n.processor.TaskPollingMonitor - Task completed > TaskHandler[id: 6; name: writeLargeFile (6); status: COMPLETED; exit: 0; error: -; workDir: /input/data/work/39/bc4e527c253eb594e6d4c8d2d44cce]
Dec-15 03:16:20.395 [Task monitor] DEBUG n.processor.TaskPollingMonitor - Task completed > TaskHandler[id: 35; name: writeLargeFile (35); status: COMPLETED; exit: 0; error: -; workDir: /input/data/work/95/08aedb00127ade79909dcbd4aab825]
Dec-15 03:16:24.207 [Task monitor] DEBUG n.processor.TaskPollingMonitor - Task completed > TaskHandler[id: 33; name: writeLargeFile (33); status: COMPLETED; exit: 0; error: -; workDir: /input/data/work/40/d07c9b8d213b6566a1c92ae4f7cd53]
Dec-15 03:16:28.399 [Task monitor] DEBUG n.processor.TaskPollingMonitor - Task completed > TaskHandler[id: 57; name: writeLargeFile (57); status: COMPLETED; exit: 0; error: -; workDir: /input/data/work/ca/9a69005a3b408e20293524e456d2b8]
Dec-15 03:17:00.141 [Task monitor] DEBUG n.processor.TaskPollingMonitor - Task completed > TaskHandler[id: 34; name: writeLargeFile (34); status: COMPLETED; exit: 0; error: -; workDir: /input/data/work/5c/e7f7f1c9cd01b94c6b64ea7e06def6]
Dec-15 03:17:03.723 [Task monitor] DEBUG n.processor.TaskPollingMonitor - Task completed > TaskHandler[id: 60; name: writeLargeFile (60); status: COMPLETED; exit: 0; error: -; workDir: /input/data/work/57/4ef62b1d8c52692290ae03eb2b191b]
Dec-15 03:17:05.745 [Task monitor] DEBUG n.processor.TaskPollingMonitor - Task completed > TaskHandler[id: 37; name: writeLargeFile (37); status: COMPLETED; exit: 0; error: -; workDir: /input/data/work/f8/7fe9cd2c15642b38f6de2100ffa115]
Dec-15 03:17:07.910 [Task monitor] DEBUG n.processor.TaskPollingMonitor - Task completed > TaskHandler[id: 39; name: writeLargeFile (39); status: COMPLETED; exit: 0; error: -; workDir: /input/data/work/f6/1b76fe672059cd2f41354229b5e7a7]
Dec-15 03:17:08.897 [Task monitor] DEBUG n.processor.TaskPollingMonitor - Task completed > TaskHandler[id: 42; name: writeLargeFile (42); status: COMPLETED; exit: 0; error: -; workDir: /input/data/work/0f/29eb9830dd37485d5d4557fe220d47]
Dec-15 03:17:09.725 [Task monitor] DEBUG n.processor.TaskPollingMonitor - Task completed > TaskHandler[id: 64; name: writeLargeFile (64); status: COMPLETED; exit: 0; error: -; workDir: /input/data/work/8a/082a36bac3f1c2f26b50a69784afc7]
Dec-15 03:17:10.319 [Task monitor] DEBUG n.processor.TaskPollingMonitor - Task completed > TaskHandler[id: 43; name: writeLargeFile (43); status: COMPLETED; exit: 0; error: -; workDir: /input/data/work/31/5c2ded8e1be5f911e7e498c15a6420]
Dec-15 03:17:10.704 [Task monitor] DEBUG n.processor.TaskPollingMonitor - Task completed > TaskHandler[id: 38; name: writeLargeFile (38); status: COMPLETED; exit: 0; error: -; workDir: /input/data/work/a5/679f30a70ca16d1a71c2c017609090]
Dec-15 03:17:17.938 [Task monitor] DEBUG n.processor.TaskPollingMonitor - Task completed > TaskHandler[id: 44; name: writeLargeFile (44); status: COMPLETED; exit: 0; error: -; workDir: /input/data/work/0e/6a8cf512aebee058219ba08d012c51]
Dec-15 03:18:03.908 [Task monitor] DEBUG n.processor.TaskPollingMonitor - Task completed > TaskHandler[id: 47; name: writeLargeFile (47); status: COMPLETED; exit: 0; error: -; workDir: /input/data/work/ac/481cd3f58bc1cfb423a84d566b6025]
Dec-15 03:18:08.209 [Task monitor] DEBUG n.processor.TaskPollingMonitor - Task completed > TaskHandler[id: 46; name: writeLargeFile (46); status: COMPLETED; exit: 0; error: -; workDir: /input/data/work/f0/4ecbe73781c617bde7fcc59c31b092]
Dec-15 03:18:13.253 [Task monitor] DEBUG n.processor.TaskPollingMonitor - Task completed > TaskHandler[id: 49; name: writeLargeFile (49); status: COMPLETED; exit: 0; error: -; workDir: /input/data/work/31/f459e27877ef6553231e5fee13a390]
Dec-15 03:18:33.454 [Task monitor] DEBUG n.processor.TaskPollingMonitor - Task completed > TaskHandler[id: 67; name: writeLargeFile (67); status: COMPLETED; exit: 0; error: -; workDir: /input/data/work/f0/d0521fbcebb93f6b87e653a505a5ef]
Dec-15 03:18:36.013 [Task monitor] DEBUG n.processor.TaskPollingMonitor - Task completed > TaskHandler[id: 76; name: writeLargeFile (76); status: COMPLETED; exit: 0; error: -; workDir: /input/data/work/0f/4d5ef9054e790596797fe42a490ab5]
Dec-15 03:18:37.515 [Task monitor] DEBUG n.processor.TaskPollingMonitor - Task completed > TaskHandler[id: 65; name: writeLargeFile (65); status: COMPLETED; exit: 0; error: -; workDir: /input/data/work/ac/ff3350698deb252dcf8e2d80983fb6]
Dec-15 03:18:39.114 [Task monitor] DEBUG n.processor.TaskPollingMonitor - Task completed > TaskHandler[id: 41; name: writeLargeFile (41); status: COMPLETED; exit: 0; error: -; workDir: /input/data/work/96/4e4b19a8b119362b7d6b7f5613280b]
Dec-15 03:18:41.268 [Task monitor] DEBUG n.processor.TaskPollingMonitor - Task completed > TaskHandler[id: 77; name: writeLargeFile (77); status: COMPLETED; exit: 0; error: -; workDir: /input/data/work/ca/d0524d44be17aef190a6584c5af8d8]
Dec-15 03:18:43.439 [Task monitor] DEBUG n.processor.TaskPollingMonitor - Task completed > TaskHandler[id: 48; name: writeLargeFile (48); status: COMPLETED; exit: 0; error: -; workDir: /input/data/work/93/150f3651a2ae44204b7c323ab24ceb]
Dec-15 03:18:50.857 [Task monitor] DEBUG n.processor.TaskPollingMonitor - Task completed > TaskHandler[id: 50; name: writeLargeFile (50); status: COMPLETED; exit: 0; error: -; workDir: /input/data/work/a4/e4adc03a40ef90ed58efaeba8131a3]
Dec-15 03:18:51.417 [Task monitor] DEBUG n.processor.TaskPollingMonitor - Task completed > TaskHandler[id: 72; name: writeLargeFile (72); status: COMPLETED; exit: 0; error: -; workDir: /input/data/work/94/fa904c02b5000d08ef998881cc9707]
Dec-15 03:18:51.976 [Task monitor] DEBUG n.processor.TaskPollingMonitor - Task completed > TaskHandler[id: 55; name: writeLargeFile (55); status: COMPLETED; exit: 0; error: -; workDir: /input/data/work/80/265b876270261435c81120f0ebbd02]
Dec-15 03:19:32.700 [Task monitor] DEBUG n.processor.TaskPollingMonitor - Task completed > TaskHandler[id: 84; name: writeLargeFile (84); status: COMPLETED; exit: 0; error: -; workDir: /input/data/work/d5/c530dbdbceccffd9c96ed4780582fc]
Dec-15 03:19:36.520 [Task monitor] DEBUG n.processor.TaskPollingMonitor - Task completed > TaskHandler[id: 59; name: writeLargeFile (59); status: COMPLETED; exit: 0; error: -; workDir: /input/data/work/bd/d925ea07e06d9ac1371d2b8a3d2b41]
Dec-15 03:19:40.737 [Task monitor] DEBUG n.processor.TaskPollingMonitor - Task completed > TaskHandler[id: 68; name: writeLargeFile (68); status: COMPLETED; exit: 0; error: -; workDir: /input/data/work/45/96831f5921a0073909344ec5d9a8a5]
Dec-15 03:20:06.735 [Task monitor] DEBUG n.processor.TaskPollingMonitor - Task completed > TaskHandler[id: 52; name: writeLargeFile (52); status: COMPLETED; exit: 0; error: -; workDir: /input/data/work/9e/3d5d94a817b46b7c26b290ec57239d]
Dec-15 03:20:10.240 [Task monitor] DEBUG n.processor.TaskPollingMonitor - Task completed > TaskHandler[id: 53; name: writeLargeFile (53); status: COMPLETED; exit: 0; error: -; workDir: /input/data/work/97/bd9851afa612ec31155087898c97ce]
Dec-15 03:20:12.812 [Task monitor] DEBUG n.processor.TaskPollingMonitor - Task completed > TaskHandler[id: 61; name: writeLargeFile (61); status: COMPLETED; exit: 0; error: -; workDir: /input/data/work/f5/0411b7cf5bde4091fc6c8a3f58fd41]
Dec-15 03:20:16.449 [Task monitor] DEBUG n.processor.TaskPollingMonitor - Task completed > TaskHandler[id: 58; name: writeLargeFile (58); status: COMPLETED; exit: 0; error: -; workDir: /input/data/work/d6/4d85da408123677b9ebe56a8683393]
Dec-15 03:20:20.363 [Task monitor] DEBUG n.processor.TaskPollingMonitor - Task completed > TaskHandler[id: 97; name: writeLargeFile (97); status: COMPLETED; exit: 0; error: -; workDir: /input/data/work/6a/9fa3cdfc768244ba5f4d7d98ceaadb]
Dec-15 03:20:24.141 [Task monitor] DEBUG n.processor.TaskPollingMonitor - Task completed > TaskHandler[id: 70; name: writeLargeFile (70); status: COMPLETED; exit: 0; error: -; workDir: /input/data/work/dc/e53813441659ec572fce10fc0060d2]
Dec-15 03:20:31.342 [Task monitor] DEBUG n.processor.TaskPollingMonitor - !! executor k8s > tasks to be completed: 31 -- submitted tasks are shown below
~> TaskHandler[id: 63; name: writeLargeFile (63); status: RUNNING; exit: -; error: -; workDir: /input/data/work/bf/5c725fe8628269a79bdbb156bf5dc7]
~> TaskHandler[id: 69; name: writeLargeFile (69); status: RUNNING; exit: -; error: -; workDir: /input/data/work/50/62d814e5a2f7b8907efa069bc2a8a7]
~> TaskHandler[id: 99; name: writeLargeFile (99); status: RUNNING; exit: -; error: -; workDir: /input/data/work/6a/e7245cb2f44cbaa0a49f51d5f24192]
~> TaskHandler[id: 62; name: writeLargeFile (62); status: RUNNING; exit: -; error: -; workDir: /input/data/work/c7/38dcc4395277a8e48368cc2f81f14a]
~> TaskHandler[id: 56; name: writeLargeFile (56); status: RUNNING; exit: -; error: -; workDir: /input/data/work/44/80174b1f580d6bb3264c5b3f87a7e2]
~> TaskHandler[id: 51; name: writeLargeFile (51); status: RUNNING; exit: -; error: -; workDir: /input/data/work/eb/1b8fdfa5ae780902ecfa365666ce5a]
~> TaskHandler[id: 66; name: writeLargeFile (66); status: RUNNING; exit: -; error: -; workDir: /input/data/work/d2/dbb381a1072e2da6851135b0771364]
~> TaskHandler[id: 75; name: writeLargeFile (75); status: RUNNING; exit: -; error: -; workDir: /input/data/work/2b/2a0a6ab8fc39dd985ff09194674243]
~> TaskHandler[id: 79; name: writeLargeFile (79); status: RUNNING; exit: -; error: -; workDir: /input/data/work/8b/ebefbe9de5899c09d22ef2d115439d]
~> TaskHandler[id: 71; name: writeLargeFile (71); status: RUNNING; exit: -; error: -; workDir: /input/data/work/f4/a5d7353e592b6013a8202fdabd7111]
.. remaining tasks omitted.
Dec-15 03:20:31.531 [Task monitor] DEBUG n.processor.TaskPollingMonitor - Task completed > TaskHandler[id: 63; name: writeLargeFile (63); status: COMPLETED; exit: 0; error: -; workDir: /input/data/work/bf/5c725fe8628269a79bdbb156bf5dc7]
Dec-15 03:20:32.090 [Task monitor] DEBUG n.processor.TaskPollingMonitor - Task completed > TaskHandler[id: 69; name: writeLargeFile (69); status: COMPLETED; exit: 0; error: -; workDir: /input/data/work/50/62d814e5a2f7b8907efa069bc2a8a7]
Dec-15 03:20:32.650 [Task monitor] DEBUG n.processor.TaskPollingMonitor - Task completed > TaskHandler[id: 99; name: writeLargeFile (99); status: COMPLETED; exit: 0; error: -; workDir: /input/data/work/6a/e7245cb2f44cbaa0a49f51d5f24192]
Dec-15 03:21:02.887 [Task monitor] DEBUG n.processor.TaskPollingMonitor - Task completed > TaskHandler[id: 62; name: writeLargeFile (62); status: COMPLETED; exit: 0; error: -; workDir: /input/data/work/c7/38dcc4395277a8e48368cc2f81f14a]
Dec-15 03:21:06.766 [Task monitor] DEBUG n.processor.TaskPollingMonitor - Task completed > TaskHandler[id: 56; name: writeLargeFile (56); status: COMPLETED; exit: 0; error: -; workDir: /input/data/work/44/80174b1f580d6bb3264c5b3f87a7e2]
Dec-15 03:21:11.447 [Task monitor] DEBUG n.processor.TaskPollingMonitor - Task completed > TaskHandler[id: 51; name: writeLargeFile (51); status: COMPLETED; exit: 0; error: -; workDir: /input/data/work/eb/1b8fdfa5ae780902ecfa365666ce5a]
Dec-15 03:21:41.623 [Task monitor] DEBUG n.processor.TaskPollingMonitor - Task completed > TaskHandler[id: 66; name: writeLargeFile (66); status: COMPLETED; exit: 0; error: -; workDir: /input/data/work/d2/dbb381a1072e2da6851135b0771364]
Dec-15 03:21:45.568 [Task monitor] DEBUG n.processor.TaskPollingMonitor - Task completed > TaskHandler[id: 75; name: writeLargeFile (75); status: COMPLETED; exit: 0; error: -; workDir: /input/data/work/2b/2a0a6ab8fc39dd985ff09194674243]
Dec-15 03:21:49.661 [Task monitor] DEBUG n.processor.TaskPollingMonitor - Task completed > TaskHandler[id: 79; name: writeLargeFile (79); status: COMPLETED; exit: 0; error: -; workDir: /input/data/work/8b/ebefbe9de5899c09d22ef2d115439d]
Dec-15 03:21:59.690 [Task monitor] DEBUG n.processor.TaskPollingMonitor - Task completed > TaskHandler[id: 71; name: writeLargeFile (71); status: COMPLETED; exit: 0; error: -; workDir: /input/data/work/f4/a5d7353e592b6013a8202fdabd7111]
Dec-15 03:22:02.698 [Task monitor] DEBUG n.processor.TaskPollingMonitor - Task completed > TaskHandler[id: 78; name: writeLargeFile (78); status: COMPLETED; exit: 0; error: -; workDir: /input/data/work/1d/2cc50324ca57ae8941e2bc0c9df379]
Dec-15 03:22:05.525 [Task monitor] DEBUG n.processor.TaskPollingMonitor - Task completed > TaskHandler[id: 73; name: writeLargeFile (73); status: COMPLETED; exit: 0; error: -; workDir: /input/data/work/af/33c5936590645264c8a17ec0746747]
Dec-15 03:22:12.718 [Task monitor] DEBUG n.processor.TaskPollingMonitor - Task completed > TaskHandler[id: 74; name: writeLargeFile (74); status: COMPLETED; exit: 0; error: -; workDir: /input/data/work/d3/b24690260b985181dcec9ec909890e]
Dec-15 03:22:13.281 [Task monitor] DEBUG n.processor.TaskPollingMonitor - Task completed > TaskHandler[id: 80; name: writeLargeFile (80); status: COMPLETED; exit: 0; error: -; workDir: /input/data/work/94/ddc1c34548a555b81b681d046e3201]
Dec-15 03:22:13.842 [Task monitor] DEBUG n.processor.TaskPollingMonitor - Task completed > TaskHandler[id: 90; name: writeLargeFile (90); status: COMPLETED; exit: 0; error: -; workDir: /input/data/work/c7/24a2bdc357cee30ec7586e5738ba05]
Dec-15 03:22:39.239 [Task monitor] DEBUG n.processor.TaskPollingMonitor - Task completed > TaskHandler[id: 86; name: writeLargeFile (86); status: COMPLETED; exit: 0; error: -; workDir: /input/data/work/b9/eafbd48041b77ea02f6ef3f11cffb5]
Dec-15 03:22:43.111 [Task monitor] DEBUG n.processor.TaskPollingMonitor - Task completed > TaskHandler[id: 87; name: writeLargeFile (87); status: COMPLETED; exit: 0; error: -; workDir: /input/data/work/9a/9cb1079f829446d289a1c0ddfc3bf1]
Dec-15 03:22:47.289 [Task monitor] DEBUG n.processor.TaskPollingMonitor - Task completed > TaskHandler[id: 82; name: writeLargeFile (82); status: COMPLETED; exit: 0; error: -; workDir: /input/data/work/33/5ea5c079b6880dbe6d5bccd3fc161f]
Dec-15 03:23:17.240 [Task monitor] DEBUG n.processor.TaskPollingMonitor - Task completed > TaskHandler[id: 91; name: writeLargeFile (91); status: COMPLETED; exit: 0; error: -; workDir: /input/data/work/1e/0f4d512b2ffbdd22da6c73b9ca65af]
Dec-15 03:23:21.630 [Task monitor] DEBUG n.processor.TaskPollingMonitor - Task completed > TaskHandler[id: 85; name: writeLargeFile (85); status: COMPLETED; exit: 0; error: -; workDir: /input/data/work/8d/246e2798b382b43099627d48b17388]
Dec-15 03:23:25.894 [Task monitor] DEBUG n.processor.TaskPollingMonitor - Task completed > TaskHandler[id: 89; name: writeLargeFile (89); status: COMPLETED; exit: 0; error: -; workDir: /input/data/work/55/d4e32d0ebccd482c8d7e2d58efb172]
Dec-15 03:23:40.922 [Task monitor] DEBUG n.processor.TaskPollingMonitor - Task completed > TaskHandler[id: 81; name: writeLargeFile (81); status: COMPLETED; exit: 0; error: -; workDir: /input/data/work/bb/1cdb6a4309ae79cee7fbdf7f048804]
Dec-15 03:23:43.362 [Task monitor] DEBUG n.processor.TaskPollingMonitor - Task completed > TaskHandler[id: 94; name: writeLargeFile (94); status: COMPLETED; exit: 0; error: -; workDir: /input/data/work/48/2c029bcccb9b819cadefc811d330d2]
Dec-15 03:23:44.188 [Task monitor] DEBUG n.processor.TaskPollingMonitor - Task completed > TaskHandler[id: 93; name: writeLargeFile (93); status: COMPLETED; exit: 0; error: -; workDir: /input/data/work/2f/da528ffff4caed9aa5be4143f277eb]
Dec-15 03:23:49.823 [Task monitor] DEBUG n.processor.TaskPollingMonitor - Task completed > TaskHandler[id: 88; name: writeLargeFile (88); status: COMPLETED; exit: 0; error: -; workDir: /input/data/work/8e/fd98ffb127a4c9dd35c30f7d7dad99]
Dec-15 03:23:50.035 [Task monitor] DEBUG n.processor.TaskPollingMonitor - Task completed > TaskHandler[id: 100; name: writeLargeFile (100); status: COMPLETED; exit: 0; error: -; workDir: /input/data/work/29/e08062ec3a4e3a4da763df71e94a21]
Dec-15 03:23:50.258 [Task monitor] DEBUG n.processor.TaskPollingMonitor - Task completed > TaskHandler[id: 92; name: writeLargeFile (92); status: COMPLETED; exit: 0; error: -; workDir: /input/data/work/04/768e6f19162c14605a4340c67baac5]
Dec-15 03:23:50.612 [Task monitor] DEBUG n.processor.TaskPollingMonitor - Task completed > TaskHandler[id: 96; name: writeLargeFile (96); status: COMPLETED; exit: 0; error: -; workDir: /input/data/work/51/343daf941402b31a4a1ff78473d6e0]
Dec-15 03:23:59.769 [Task monitor] DEBUG n.processor.TaskPollingMonitor - Task completed > TaskHandler[id: 95; name: writeLargeFile (95); status: COMPLETED; exit: 0; error: -; workDir: /input/data/work/0a/904c396294fb0d93a02351a098f382]
Dec-15 03:23:59.813 [Task monitor] DEBUG n.processor.TaskPollingMonitor - Task completed > TaskHandler[id: 83; name: writeLargeFile (83); status: COMPLETED; exit: 0; error: -; workDir: /input/data/work/ae/ebd98cd63a53c55c9354afd5ddb892]
Dec-15 03:23:59.854 [Task monitor] DEBUG n.processor.TaskPollingMonitor - Task completed > TaskHandler[id: 98; name: writeLargeFile (98); status: COMPLETED; exit: 0; error: -; workDir: /input/data/work/b0/f8eef088c7baf3beebc853189cfbfd]
Dec-15 03:24:00.037 [Task submitter] INFO  nextflow.Session - [2f/0cb36f] Submitted process > combineFiles (25)
Dec-15 03:24:00.154 [Task submitter] INFO  nextflow.Session - [31/ac062a] Submitted process > combineFiles (8)
Dec-15 03:24:00.250 [Task submitter] INFO  nextflow.Session - [2b/04e637] Submitted process > combineFiles (18)
Dec-15 03:24:00.342 [Task submitter] INFO  nextflow.Session - [0e/d3d922] Submitted process > combineFiles (22)
Dec-15 03:24:00.436 [Task submitter] INFO  nextflow.Session - [d3/f27edd] Submitted process > combineFiles (19)
Dec-15 03:24:00.528 [Task submitter] INFO  nextflow.Session - [d6/7fee7e] Submitted process > combineFiles (20)
Dec-15 03:24:00.622 [Task submitter] INFO  nextflow.Session - [ca/31e18d] Submitted process > combineFiles (24)
Dec-15 03:24:00.721 [Task submitter] INFO  nextflow.Session - [b0/e93306] Submitted process > combineFiles (26)
Dec-15 03:24:00.809 [Task submitter] INFO  nextflow.Session - [55/211ce1] Submitted process > combineFiles (28)
Dec-15 03:24:00.908 [Task submitter] INFO  nextflow.Session - [7f/e721e9] Submitted process > combineFiles (30)
Dec-15 03:24:00.997 [Task submitter] INFO  nextflow.Session - [d9/fcea71] Submitted process > combineFiles (11)
Dec-15 03:24:01.070 [Task submitter] INFO  nextflow.Session - [47/2b7fac] Submitted process > combineFiles (29)
Dec-15 03:24:01.156 [Task submitter] INFO  nextflow.Session - [82/2053dc] Submitted process > combineFiles (17)
Dec-15 03:24:01.265 [Task submitter] INFO  nextflow.Session - [6d/4c4adc] Submitted process > combineFiles (9)
Dec-15 03:24:01.490 [Task submitter] INFO  nextflow.Session - [22/999b5d] Submitted process > combineFiles (15)
Dec-15 03:24:01.741 [Task submitter] INFO  nextflow.Session - [5d/0d944d] Submitted process > combineFiles (3)
Dec-15 03:24:02.181 [Task submitter] INFO  nextflow.Session - [b3/baee3a] Submitted process > combineFiles (6)
Dec-15 03:24:02.736 [Task submitter] INFO  nextflow.Session - [70/46c231] Submitted process > combineFiles (21)
Dec-15 03:24:03.542 [Task submitter] INFO  nextflow.Session - [b8/40eb8d] Submitted process > combineFiles (10)
Dec-15 03:24:04.357 [Task submitter] INFO  nextflow.Session - [7e/04a326] Submitted process > combineFiles (7)
Dec-15 03:24:05.161 [Task submitter] INFO  nextflow.Session - [cc/b10359] Submitted process > combineFiles (14)
Dec-15 03:24:05.981 [Task submitter] INFO  nextflow.Session - [61/de41cb] Submitted process > combineFiles (32)
Dec-15 03:24:06.807 [Task submitter] INFO  nextflow.Session - [87/9e85e8] Submitted process > combineFiles (23)
Dec-15 03:24:07.555 [Task submitter] INFO  nextflow.Session - [5e/5dbca7] Submitted process > combineFiles (12)
Dec-15 03:24:08.332 [Task submitter] INFO  nextflow.Session - [9f/2e02c6] Submitted process > combineFiles (4)
Dec-15 03:24:09.165 [Task submitter] INFO  nextflow.Session - [87/bb1853] Submitted process > combineFiles (34)
Dec-15 03:24:09.977 [Task submitter] INFO  nextflow.Session - [85/4e6bef] Submitted process > combineFiles (31)
Dec-15 03:24:10.767 [Task submitter] INFO  nextflow.Session - [9f/901ab4] Submitted process > combineFiles (5)
Dec-15 03:24:11.601 [Task submitter] INFO  nextflow.Session - [a0/129c7e] Submitted process > combineFiles (33)
Dec-15 03:24:12.392 [Task submitter] INFO  nextflow.Session - [26/d568a8] Submitted process > combineFiles (16)
Dec-15 03:24:13.179 [Task submitter] INFO  nextflow.Session - [b4/6ff3bf] Submitted process > combineFiles (13)
Dec-15 03:24:13.971 [Task submitter] INFO  nextflow.Session - [46/6b4625] Submitted process > combineFiles (1)
Dec-15 03:24:14.857 [Task submitter] INFO  nextflow.Session - [91/78a4bb] Submitted process > combineFiles (2)
Dec-15 03:24:15.647 [Task submitter] INFO  nextflow.Session - [ad/124cfb] Submitted process > combineFiles (27)
Dec-15 03:25:34.734 [Task monitor] DEBUG n.processor.TaskPollingMonitor - !! executor k8s > tasks to be completed: 34 -- submitted tasks are shown below
~> TaskHandler[id: 125; name: combineFiles (25); status: RUNNING; exit: -; error: -; workDir: /input/data/work/2f/0cb36ffaee5a3458680b3161373aaf]
~> TaskHandler[id: 108; name: combineFiles (8); status: RUNNING; exit: -; error: -; workDir: /input/data/work/31/ac062af6a314bacefff864e4e6dbac]
~> TaskHandler[id: 118; name: combineFiles (18); status: RUNNING; exit: -; error: -; workDir: /input/data/work/2b/04e6379058cd38151feeeaaf6f4391]
~> TaskHandler[id: 122; name: combineFiles (22); status: RUNNING; exit: -; error: -; workDir: /input/data/work/0e/d3d92287e02d27ba3fc3f7e0fef25c]
~> TaskHandler[id: 119; name: combineFiles (19); status: RUNNING; exit: -; error: -; workDir: /input/data/work/d3/f27edd3d0949052911376ce3fc8967]
~> TaskHandler[id: 120; name: combineFiles (20); status: RUNNING; exit: -; error: -; workDir: /input/data/work/d6/7fee7ea35483cfa502964940dd4566]
~> TaskHandler[id: 124; name: combineFiles (24); status: RUNNING; exit: -; error: -; workDir: /input/data/work/ca/31e18d72b1845b93c3fbd6dc1b6cf3]
~> TaskHandler[id: 126; name: combineFiles (26); status: RUNNING; exit: -; error: -; workDir: /input/data/work/b0/e933062b85e5ba46b2d91a665c96e7]
~> TaskHandler[id: 128; name: combineFiles (28); status: RUNNING; exit: -; error: -; workDir: /input/data/work/55/211ce1781e53b73300607be5f5cf81]
~> TaskHandler[id: 130; name: combineFiles (30); status: RUNNING; exit: -; error: -; workDir: /input/data/work/7f/e721e9e25459d66258fb1224bb70f1]
.. remaining tasks omitted.
Dec-15 03:26:25.061 [Task monitor] DEBUG n.processor.TaskPollingMonitor - Task completed > TaskHandler[id: 129; name: combineFiles (29); status: COMPLETED; exit: 0; error: -; workDir: /input/data/work/47/2b7facacbb998bb08e33d80bf3e8a5]
Dec-15 03:27:44.881 [Task monitor] DEBUG n.processor.TaskPollingMonitor - Task completed > TaskHandler[id: 122; name: combineFiles (22); status: COMPLETED; exit: 0; error: -; workDir: /input/data/work/0e/d3d92287e02d27ba3fc3f7e0fef25c]
Dec-15 03:27:45.126 [Task monitor] DEBUG n.processor.TaskPollingMonitor - Task completed > TaskHandler[id: 126; name: combineFiles (26); status: COMPLETED; exit: 0; error: -; workDir: /input/data/work/b0/e933062b85e5ba46b2d91a665c96e7]
Dec-15 03:29:19.113 [Task monitor] DEBUG n.processor.TaskPollingMonitor - Task completed > TaskHandler[id: 125; name: combineFiles (25); status: COMPLETED; exit: 0; error: -; workDir: /input/data/work/2f/0cb36ffaee5a3458680b3161373aaf]
Dec-15 03:29:25.885 [Task monitor] DEBUG n.processor.TaskPollingMonitor - Task completed > TaskHandler[id: 119; name: combineFiles (19); status: COMPLETED; exit: 0; error: -; workDir: /input/data/work/d3/f27edd3d0949052911376ce3fc8967]
Dec-15 03:29:31.921 [Task monitor] DEBUG n.processor.TaskPollingMonitor - Task completed > TaskHandler[id: 128; name: combineFiles (28); status: COMPLETED; exit: 0; error: -; workDir: /input/data/work/55/211ce1781e53b73300607be5f5cf81]
Dec-15 03:29:40.746 [Task monitor] DEBUG n.processor.TaskPollingMonitor - Task completed > TaskHandler[id: 111; name: combineFiles (11); status: COMPLETED; exit: 0; error: -; workDir: /input/data/work/d9/fcea719a2947af32b24a9850cf135b]
Dec-15 03:30:35.937 [Task monitor] DEBUG n.processor.TaskPollingMonitor - !! executor k8s > tasks to be completed: 27 -- submitted tasks are shown below
~> TaskHandler[id: 108; name: combineFiles (8); status: RUNNING; exit: -; error: -; workDir: /input/data/work/31/ac062af6a314bacefff864e4e6dbac]
~> TaskHandler[id: 118; name: combineFiles (18); status: RUNNING; exit: -; error: -; workDir: /input/data/work/2b/04e6379058cd38151feeeaaf6f4391]
~> TaskHandler[id: 120; name: combineFiles (20); status: RUNNING; exit: -; error: -; workDir: /input/data/work/d6/7fee7ea35483cfa502964940dd4566]
~> TaskHandler[id: 124; name: combineFiles (24); status: RUNNING; exit: -; error: -; workDir: /input/data/work/ca/31e18d72b1845b93c3fbd6dc1b6cf3]
~> TaskHandler[id: 130; name: combineFiles (30); status: RUNNING; exit: -; error: -; workDir: /input/data/work/7f/e721e9e25459d66258fb1224bb70f1]
~> TaskHandler[id: 117; name: combineFiles (17); status: RUNNING; exit: -; error: -; workDir: /input/data/work/82/2053dc31a6a17dbcc881cc1d779c05]
~> TaskHandler[id: 109; name: combineFiles (9); status: RUNNING; exit: -; error: -; workDir: /input/data/work/6d/4c4adc41b58d36f0a83662ba16c542]
~> TaskHandler[id: 115; name: combineFiles (15); status: RUNNING; exit: -; error: -; workDir: /input/data/work/22/999b5dbc2a06d35b650d043cd04ac2]
~> TaskHandler[id: 103; name: combineFiles (3); status: SUBMITTED; exit: -; error: -; workDir: /input/data/work/5d/0d944dfdbcc1fd02d836cc8b6eb6f6]
~> TaskHandler[id: 106; name: combineFiles (6); status: SUBMITTED; exit: -; error: -; workDir: /input/data/work/b3/baee3a429e0756d892f32326e564ea]
.. remaining tasks omitted.
Dec-15 03:31:12.510 [Task monitor] DEBUG n.processor.TaskPollingMonitor - Task completed > TaskHandler[id: 118; name: combineFiles (18); status: COMPLETED; exit: 0; error: -; workDir: /input/data/work/2b/04e6379058cd38151feeeaaf6f4391]
Dec-15 03:31:16.961 [Task monitor] DEBUG n.processor.TaskPollingMonitor - Task completed > TaskHandler[id: 124; name: combineFiles (24); status: COMPLETED; exit: 0; error: -; workDir: /input/data/work/ca/31e18d72b1845b93c3fbd6dc1b6cf3]
Dec-15 03:31:19.610 [Task monitor] DEBUG n.processor.TaskPollingMonitor - Task completed > TaskHandler[id: 108; name: combineFiles (8); status: COMPLETED; exit: 0; error: -; workDir: /input/data/work/31/ac062af6a314bacefff864e4e6dbac]
Dec-15 03:31:21.478 [Task monitor] DEBUG n.processor.TaskPollingMonitor - Task completed > TaskHandler[id: 120; name: combineFiles (20); status: COMPLETED; exit: 0; error: -; workDir: /input/data/work/d6/7fee7ea35483cfa502964940dd4566]
Dec-15 03:31:22.921 [Task monitor] DEBUG n.processor.TaskPollingMonitor - Task completed > TaskHandler[id: 130; name: combineFiles (30); status: COMPLETED; exit: 0; error: -; workDir: /input/data/work/7f/e721e9e25459d66258fb1224bb70f1]
Dec-15 03:31:49.227 [Task monitor] DEBUG n.processor.TaskPollingMonitor - Task completed > TaskHandler[id: 109; name: combineFiles (9); status: COMPLETED; exit: 0; error: -; workDir: /input/data/work/6d/4c4adc41b58d36f0a83662ba16c542]
Dec-15 03:33:44.179 [Task monitor] DEBUG n.processor.TaskPollingMonitor - Task completed > TaskHandler[id: 117; name: combineFiles (17); status: COMPLETED; exit: 0; error: -; workDir: /input/data/work/82/2053dc31a6a17dbcc881cc1d779c05]
Dec-15 03:33:44.652 [Task monitor] DEBUG n.processor.TaskPollingMonitor - Task completed > TaskHandler[id: 112; name: combineFiles (12); status: COMPLETED; exit: 0; error: -; workDir: /input/data/work/5e/5dbca7d0df20865bbc48c91f0bd2f8]
Dec-15 03:35:39.079 [Task monitor] DEBUG n.processor.TaskPollingMonitor - !! executor k8s > tasks to be completed: 19 -- submitted tasks are shown below
~> TaskHandler[id: 115; name: combineFiles (15); status: RUNNING; exit: -; error: -; workDir: /input/data/work/22/999b5dbc2a06d35b650d043cd04ac2]
~> TaskHandler[id: 103; name: combineFiles (3); status: SUBMITTED; exit: -; error: -; workDir: /input/data/work/5d/0d944dfdbcc1fd02d836cc8b6eb6f6]
~> TaskHandler[id: 106; name: combineFiles (6); status: RUNNING; exit: -; error: -; workDir: /input/data/work/b3/baee3a429e0756d892f32326e564ea]
~> TaskHandler[id: 121; name: combineFiles (21); status: SUBMITTED; exit: -; error: -; workDir: /input/data/work/70/46c23102c35356e9e769c87597f1e7]
~> TaskHandler[id: 110; name: combineFiles (10); status: SUBMITTED; exit: -; error: -; workDir: /input/data/work/b8/40eb8d1b58b2e6f621d89fd1e03d35]
~> TaskHandler[id: 107; name: combineFiles (7); status: RUNNING; exit: -; error: -; workDir: /input/data/work/7e/04a3266abce23e8dd3241eff32158b]
~> TaskHandler[id: 114; name: combineFiles (14); status: RUNNING; exit: -; error: -; workDir: /input/data/work/cc/b103598d3482210904cd46276c0b06]
~> TaskHandler[id: 132; name: combineFiles (32); status: RUNNING; exit: -; error: -; workDir: /input/data/work/61/de41cb901a404a4150b4326828dba1]
~> TaskHandler[id: 123; name: combineFiles (23); status: SUBMITTED; exit: -; error: -; workDir: /input/data/work/87/9e85e86045bf38ad9f14a9774fc3ed]
~> TaskHandler[id: 104; name: combineFiles (4); status: RUNNING; exit: -; error: -; workDir: /input/data/work/9f/2e02c6b9ca1e898324cd0be9850f0e]
.. remaining tasks omitted.
Dec-15 03:35:40.820 [Task monitor] DEBUG n.processor.TaskPollingMonitor - Task completed > TaskHandler[id: 133; name: combineFiles (33); status: COMPLETED; exit: 0; error: -; workDir: /input/data/work/a0/129c7ed641bc16f61932e76a3545ae]
Dec-15 03:35:45.063 [Task monitor] DEBUG n.processor.TaskPollingMonitor - Task completed > TaskHandler[id: 106; name: combineFiles (6); status: COMPLETED; exit: 0; error: -; workDir: /input/data/work/b3/baee3a429e0756d892f32326e564ea]
Dec-15 03:35:46.983 [Task monitor] DEBUG n.processor.TaskPollingMonitor - Task completed > TaskHandler[id: 114; name: combineFiles (14); status: COMPLETED; exit: 0; error: -; workDir: /input/data/work/cc/b103598d3482210904cd46276c0b06]
Dec-15 03:36:09.895 [Task monitor] DEBUG n.processor.TaskPollingMonitor - Task completed > TaskHandler[id: 104; name: combineFiles (4); status: COMPLETED; exit: 0; error: -; workDir: /input/data/work/9f/2e02c6b9ca1e898324cd0be9850f0e]
Dec-15 03:36:11.021 [Task monitor] DEBUG n.processor.TaskPollingMonitor - Task completed > TaskHandler[id: 131; name: combineFiles (31); status: COMPLETED; exit: 0; error: -; workDir: /input/data/work/85/4e6beff273886a5ee5e7823a4a91da]
Dec-15 03:37:39.750 [Task monitor] DEBUG n.processor.TaskPollingMonitor - Task completed > TaskHandler[id: 107; name: combineFiles (7); status: COMPLETED; exit: 0; error: -; workDir: /input/data/work/7e/04a3266abce23e8dd3241eff32158b]
Dec-15 03:37:41.226 [Task monitor] DEBUG n.processor.TaskPollingMonitor - Task completed > TaskHandler[id: 105; name: combineFiles (5); status: COMPLETED; exit: 0; error: -; workDir: /input/data/work/9f/901ab4a198c7a759a7e59910958bbe]
Dec-15 03:38:29.234 [Task monitor] DEBUG n.processor.TaskPollingMonitor - Task completed > TaskHandler[id: 132; name: combineFiles (32); status: COMPLETED; exit: 0; error: -; workDir: /input/data/work/61/de41cb901a404a4150b4326828dba1]
Dec-15 03:38:29.549 [Task monitor] DEBUG n.processor.TaskPollingMonitor - Task completed > TaskHandler[id: 101; name: combineFiles (1); status: COMPLETED; exit: 0; error: -; workDir: /input/data/work/46/6b4625c4b537aaabe4ebd269775c67]
Dec-15 03:40:04.399 [Task monitor] DEBUG n.processor.TaskPollingMonitor - Task completed > TaskHandler[id: 115; name: combineFiles (15); status: COMPLETED; exit: 0; error: -; workDir: /input/data/work/22/999b5dbc2a06d35b650d043cd04ac2]
Dec-15 03:40:04.994 [Task monitor] DEBUG n.processor.TaskPollingMonitor - Task completed > TaskHandler[id: 134; name: combineFiles (34); status: COMPLETED; exit: 0; error: -; workDir: /input/data/work/87/bb1853dcf170d3bf57ec4b450057b3]
Dec-15 03:40:05.457 [Task monitor] DEBUG n.processor.TaskPollingMonitor - Task completed > TaskHandler[id: 102; name: combineFiles (2); status: COMPLETED; exit: 0; error: -; workDir: /input/data/work/91/78a4bbb36a79031aa29ce50105acec]
Dec-15 03:40:09.387 [Task monitor] DEBUG n.processor.TaskPollingMonitor - Task completed > TaskHandler[id: 127; name: combineFiles (27); status: COMPLETED; exit: 0; error: -; workDir: /input/data/work/ad/124cfbca4d496ecf34984eefac8010]
Dec-15 03:40:39.090 [Task monitor] DEBUG n.processor.TaskPollingMonitor - !! executor k8s > tasks to be completed: 6 -- submitted tasks are shown below
~> TaskHandler[id: 103; name: combineFiles (3); status: RUNNING; exit: -; error: -; workDir: /input/data/work/5d/0d944dfdbcc1fd02d836cc8b6eb6f6]
~> TaskHandler[id: 121; name: combineFiles (21); status: RUNNING; exit: -; error: -; workDir: /input/data/work/70/46c23102c35356e9e769c87597f1e7]
~> TaskHandler[id: 110; name: combineFiles (10); status: RUNNING; exit: -; error: -; workDir: /input/data/work/b8/40eb8d1b58b2e6f621d89fd1e03d35]
~> TaskHandler[id: 123; name: combineFiles (23); status: RUNNING; exit: -; error: -; workDir: /input/data/work/87/9e85e86045bf38ad9f14a9774fc3ed]
~> TaskHandler[id: 116; name: combineFiles (16); status: RUNNING; exit: -; error: -; workDir: /input/data/work/26/d568a89378467e3d74fe853bcd4ec4]
~> TaskHandler[id: 113; name: combineFiles (13); status: RUNNING; exit: -; error: -; workDir: /input/data/work/b4/6ff3bf4f2bd324a5e7bb87ad050337]
Dec-15 03:41:04.242 [Task monitor] DEBUG n.processor.TaskPollingMonitor - Task completed > TaskHandler[id: 110; name: combineFiles (10); status: COMPLETED; exit: 0; error: -; workDir: /input/data/work/b8/40eb8d1b58b2e6f621d89fd1e03d35]
Dec-15 03:41:49.191 [Task monitor] DEBUG n.processor.TaskPollingMonitor - Task completed > TaskHandler[id: 103; name: combineFiles (3); status: COMPLETED; exit: 0; error: -; workDir: /input/data/work/5d/0d944dfdbcc1fd02d836cc8b6eb6f6]
Dec-15 03:41:49.264 [Task monitor] DEBUG n.processor.TaskPollingMonitor - Task completed > TaskHandler[id: 121; name: combineFiles (21); status: COMPLETED; exit: 0; error: -; workDir: /input/data/work/70/46c23102c35356e9e769c87597f1e7]
Dec-15 03:41:49.407 [Task monitor] DEBUG n.processor.TaskPollingMonitor - Task completed > TaskHandler[id: 113; name: combineFiles (13); status: COMPLETED; exit: 0; error: -; workDir: /input/data/work/b4/6ff3bf4f2bd324a5e7bb87ad050337]
Dec-15 03:42:34.136 [Task monitor] DEBUG n.processor.TaskPollingMonitor - Task completed > TaskHandler[id: 123; name: combineFiles (23); status: COMPLETED; exit: 0; error: -; workDir: /input/data/work/87/9e85e86045bf38ad9f14a9774fc3ed]
Dec-15 03:42:39.138 [Task monitor] DEBUG n.processor.TaskPollingMonitor - Task completed > TaskHandler[id: 116; name: combineFiles (16); status: COMPLETED; exit: 0; error: -; workDir: /input/data/work/26/d568a89378467e3d74fe853bcd4ec4]
Dec-15 03:42:39.139 [main] DEBUG nextflow.Session - Session await > all processes finished
Dec-15 03:42:39.141 [main] DEBUG nextflow.Session - Session await > all barriers passed
Dec-15 03:42:39.157 [main] DEBUG n.trace.WorkflowStatsObserver - Workflow completed > WorkflowStats[succeededCount=134; failedCount=0; ignoredCount=0; cachedCount=0; pendingCount=0; submittedCount=0; runningCount=0; retriesCount=0; abortedCount=0; succeedDuration=1d 2h 20m 33s; failedDuration=0ms; cachedDuration=0ms;loadCpus=0; loadMemory=0; peakRunning=13; peakCpus=130; peakMemory=257 GB; ]
Dec-15 03:42:39.157 [main] DEBUG nextflow.trace.TraceFileObserver - Workflow completed -- saving trace file
Dec-15 03:42:39.169 [main] DEBUG nextflow.trace.ReportObserver - Workflow completed -- rendering execution report
Dec-15 03:42:39.812 [main] DEBUG nextflow.trace.TimelineObserver - Workflow completed -- rendering execution timeline
Dec-15 03:42:39.964 [main] DEBUG nextflow.cache.CacheDB - Closing CacheDB done
Dec-15 03:42:39.994 [main] DEBUG nextflow.util.ThreadPoolManager - Thread pool 'FileTransfer' shutdown completed (hard=false)
Dec-15 03:42:39.994 [main] DEBUG nextflow.script.ScriptRunner - > Execution complete -- Goodbye
