Jan-25 15:24:38.919 [main] DEBUG nextflow.cli.Launcher - $> nextflow run /input/chain -c /experiments/experiment/chain/nextflow.config -c /experiments/experiment/nextflow_cws.config -c /experiments/experiment/nextflow_ceph.config
Jan-25 15:24:38.987 [main] INFO  nextflow.cli.CmdRun - N E X T F L O W  ~  version 23.07.0-edge
Jan-25 15:24:39.007 [main] DEBUG nextflow.plugin.PluginsFacade - Setting up plugin manager > mode=prod; embedded=false; plugins-dir=/.nextflow/plugins; core-plugins: nf-amazon@2.1.0,nf-azure@1.1.4,nf-cloudcache@0.1.0,nf-codecommit@0.1.5,nf-console@1.0.6,nf-ga4gh@1.1.0,nf-google@1.8.1,nf-tower@1.5.15,nf-wave@0.11.0
Jan-25 15:24:39.017 [main] INFO  o.pf4j.DefaultPluginStatusProvider - Enabled plugins: []
Jan-25 15:24:39.018 [main] INFO  o.pf4j.DefaultPluginStatusProvider - Disabled plugins: []
Jan-25 15:24:39.020 [main] INFO  org.pf4j.DefaultPluginManager - PF4J version 3.4.1 in 'deployment' mode
Jan-25 15:24:39.029 [main] INFO  org.pf4j.AbstractPluginManager - No plugins
Jan-25 15:24:39.049 [main] DEBUG nextflow.scm.AssetManager - Project manifest does not exist: /input/chain/nextflow.config (No such file or directory)
Jan-25 15:24:39.072 [main] DEBUG nextflow.config.ConfigBuilder - User config file: /experiments/experiment/chain/nextflow.config
Jan-25 15:24:39.073 [main] DEBUG nextflow.config.ConfigBuilder - User config file: /experiments/experiment/nextflow_cws.config
Jan-25 15:24:39.074 [main] DEBUG nextflow.config.ConfigBuilder - User config file: /experiments/experiment/nextflow_ceph.config
Jan-25 15:24:39.074 [main] DEBUG nextflow.config.ConfigBuilder - Parsing config file: /experiments/experiment/chain/nextflow.config
Jan-25 15:24:39.074 [main] DEBUG nextflow.config.ConfigBuilder - Parsing config file: /experiments/experiment/nextflow_cws.config
Jan-25 15:24:39.074 [main] DEBUG nextflow.config.ConfigBuilder - Parsing config file: /experiments/experiment/nextflow_ceph.config
Jan-25 15:24:39.088 [main] DEBUG nextflow.config.ConfigBuilder - Applying config profile: `standard`
Jan-25 15:24:39.639 [main] DEBUG nextflow.config.ConfigBuilder - Applying config profile: `standard`
Jan-25 15:24:39.800 [main] DEBUG nextflow.config.ConfigBuilder - Applying config profile: `standard`
Jan-25 15:24:39.827 [main] DEBUG nextflow.cli.CmdRun - Applied DSL=2 by global default
Jan-25 15:24:39.842 [main] INFO  nextflow.cli.CmdRun - Launching `/input/chain/main.nf` [sick_stone] DSL2 - revision: c6264bd70c
Jan-25 15:24:39.842 [main] DEBUG nextflow.plugin.PluginsFacade - Plugins default=[]
Jan-25 15:24:39.842 [main] DEBUG nextflow.plugin.PluginsFacade - Plugins resolved requirement=[]
Jan-25 15:24:39.850 [main] DEBUG n.secret.LocalSecretsProvider - Secrets store: /.nextflow/secrets/store.json
Jan-25 15:24:39.852 [main] DEBUG nextflow.secret.SecretsLoader - Discovered secrets providers: [nextflow.secret.LocalSecretsProvider@5b7c8930] - activable => nextflow.secret.LocalSecretsProvider@5b7c8930
Jan-25 15:24:39.912 [main] DEBUG nextflow.Session - Session UUID: 1557e648-0322-45fc-92a8-111fd9efd47a
Jan-25 15:24:39.912 [main] DEBUG nextflow.Session - Run name: sick_stone
Jan-25 15:24:39.912 [main] DEBUG nextflow.Session - Executor pool size: 32
Jan-25 15:24:39.919 [main] DEBUG nextflow.file.FilePorter - File porter settings maxRetries=3; maxTransfers=50; pollTimeout=null
Jan-25 15:24:39.921 [main] DEBUG nextflow.util.ThreadPoolBuilder - Creating thread pool 'FileTransfer' minSize=10; maxSize=96; workQueue=LinkedBlockingQueue[10000]; allowCoreThreadTimeout=false
Jan-25 15:24:39.960 [main] DEBUG nextflow.cli.CmdRun - 
  Version: 23.07.0-edge build 5875
  Created: 28-07-2023 20:27 UTC (20:27 GMT)
  System: Linux 5.4.0-169-generic
  Runtime: Groovy 3.0.18 on OpenJDK 64-Bit Server VM 17.0.6+10-LTS
  Encoding: UTF-8 (UTF-8)
  Process: 601784@nextflow [10.233.76.39]
  CPUs: 32 - Mem: 125.7 GB (122.2 GB) - Swap: 0 (0)
Jan-25 15:24:39.988 [main] DEBUG nextflow.Session - Work-dir: /input/data/work [ceph]
Jan-25 15:24:39.988 [main] DEBUG nextflow.Session - Script base path does not exist or is not a directory: /input/chain/bin
Jan-25 15:24:39.998 [main] DEBUG nextflow.executor.ExecutorFactory - Extension executors providers=[]
Jan-25 15:24:40.005 [main] DEBUG nextflow.Session - Observer factory: DefaultObserverFactory
Jan-25 15:24:40.032 [main] DEBUG nextflow.cache.CacheFactory - Using Nextflow cache factory: nextflow.cache.DefaultCacheFactory
Jan-25 15:24:40.040 [main] DEBUG nextflow.util.CustomThreadPool - Creating default thread pool > poolSize: 33; maxThreads: 1000
Jan-25 15:24:40.136 [main] DEBUG nextflow.Session - Session start
Jan-25 15:24:40.141 [main] DEBUG nextflow.trace.TraceFileObserver - Workflow started -- trace file: /input/data/output/trace.csv
Jan-25 15:24:40.263 [main] DEBUG nextflow.script.ScriptRunner - > Launching execution
Jan-25 15:24:40.495 [main] DEBUG nextflow.script.ProcessConfig - Config settings `withName:writeLargeFile` matches process writeLargeFile
Jan-25 15:24:40.505 [main] DEBUG nextflow.executor.ExecutorFactory - << taskConfig executor: k8s
Jan-25 15:24:40.505 [main] DEBUG nextflow.executor.ExecutorFactory - >> processorType: 'k8s'
Jan-25 15:24:40.514 [main] DEBUG nextflow.executor.Executor - [warm up] executor > k8s
Jan-25 15:24:40.530 [main] DEBUG n.processor.TaskPollingMonitor - Creating task monitor for executor 'k8s' > capacity: 300; pollInterval: 5s; dumpInterval: 5m; schedulerBatch: null
Jan-25 15:24:40.535 [main] DEBUG nextflow.k8s.client.ConfigDiscovery - K8s config file does not exist: /root/.kube/config
Jan-25 15:24:40.547 [main] DEBUG nextflow.k8s.K8sExecutor - [K8s] config=[scheduler:[strategy:rank_max-fair, name:workflow-scheduler, autoClose:false, nodeSelector:usedby=anonymized, container:anonymized/test1:sch_v201], debug:[yaml:true], namespace:anonymized, serviceAccount:nextflow, workDir:/input/data/work/, projectDir:/input/data/project/, imagePullPolicy:IfNotPresent, launchDir:/input/data/launch/, runAsUser:0, fetchNodeName:true, storageMountPath:/input, pod:[nodeSelector:usedby=anonymized], storage:[nodeSelector:usedby=anonymized, imageName:anonymized/test1:ftp_v122], storageClaimName:ceph-data]; API client config=ClientConfig[ server=10.233.0.1:443, namespace=anonymized, serviceAccount=nextflow, token=eyJhbGciOiJ.., sslCert=LS0tLS1CRUd.., clientCert=-, clientKey=-, verifySsl=false, fromFile=true, httpReadTimeout=null, httpConnectTimeout=null, maxErrorRetry=4 ]
Jan-25 15:24:44.145 [main] DEBUG nextflow.script.ProcessConfig - Config settings `withName:revertFile` matches process revertFile
Jan-25 15:24:44.147 [main] DEBUG nextflow.executor.ExecutorFactory - << taskConfig executor: k8s
Jan-25 15:24:44.147 [main] DEBUG nextflow.executor.ExecutorFactory - >> processorType: 'k8s'
Jan-25 15:24:44.162 [main] DEBUG nextflow.Session - Workflow process names [dsl2]: revertFile, combineFiles, writeLargeFile
Jan-25 15:24:44.165 [main] DEBUG nextflow.Session - Igniting dataflow network (3)
Jan-25 15:24:44.167 [main] DEBUG nextflow.processor.TaskProcessor - Starting process > writeLargeFile
Jan-25 15:24:44.168 [main] DEBUG nextflow.processor.TaskProcessor - Starting process > revertFile
Jan-25 15:24:44.168 [main] DEBUG nextflow.script.ScriptRunner - > Awaiting termination 
Jan-25 15:24:44.168 [main] DEBUG nextflow.Session - Session await
Jan-25 15:24:44.494 [Task submitter] INFO  nextflow.Session - [9a/326d4a] Submitted process > writeLargeFile (30)
Jan-25 15:24:44.543 [Task submitter] INFO  nextflow.Session - [f2/c9663d] Submitted process > writeLargeFile (16)
Jan-25 15:24:44.584 [Task submitter] INFO  nextflow.Session - [d8/4b72cf] Submitted process > writeLargeFile (19)
Jan-25 15:24:44.621 [Task submitter] INFO  nextflow.Session - [f6/b4aa65] Submitted process > writeLargeFile (21)
Jan-25 15:24:44.662 [Task submitter] INFO  nextflow.Session - [52/cb5879] Submitted process > writeLargeFile (25)
Jan-25 15:24:44.698 [Task submitter] INFO  nextflow.Session - [19/9bfca1] Submitted process > writeLargeFile (4)
Jan-25 15:24:44.733 [Task submitter] INFO  nextflow.Session - [9e/48f242] Submitted process > writeLargeFile (31)
Jan-25 15:24:44.771 [Task submitter] INFO  nextflow.Session - [5b/828456] Submitted process > writeLargeFile (22)
Jan-25 15:24:44.806 [Task submitter] INFO  nextflow.Session - [2b/9eceb6] Submitted process > writeLargeFile (29)
Jan-25 15:24:44.841 [Task submitter] INFO  nextflow.Session - [37/e5df38] Submitted process > writeLargeFile (5)
Jan-25 15:24:44.874 [Task submitter] INFO  nextflow.Session - [35/0e352e] Submitted process > writeLargeFile (17)
Jan-25 15:24:44.907 [Task submitter] INFO  nextflow.Session - [b0/f5aa4c] Submitted process > writeLargeFile (6)
Jan-25 15:24:44.943 [Task submitter] INFO  nextflow.Session - [e1/a60653] Submitted process > writeLargeFile (23)
Jan-25 15:24:44.976 [Task submitter] INFO  nextflow.Session - [19/ec5df5] Submitted process > writeLargeFile (1)
Jan-25 15:24:45.008 [Task submitter] INFO  nextflow.Session - [29/b00537] Submitted process > writeLargeFile (18)
Jan-25 15:24:45.043 [Task submitter] INFO  nextflow.Session - [07/d24420] Submitted process > writeLargeFile (3)
Jan-25 15:24:45.079 [Task submitter] INFO  nextflow.Session - [03/6a066b] Submitted process > writeLargeFile (27)
Jan-25 15:24:45.115 [Task submitter] INFO  nextflow.Session - [13/ddd5d6] Submitted process > writeLargeFile (28)
Jan-25 15:24:45.145 [Task submitter] INFO  nextflow.Session - [51/9128e1] Submitted process > writeLargeFile (13)
Jan-25 15:24:45.177 [Task submitter] INFO  nextflow.Session - [1a/e37cf7] Submitted process > writeLargeFile (26)
Jan-25 15:24:45.210 [Task submitter] INFO  nextflow.Session - [4c/590c5a] Submitted process > writeLargeFile (10)
Jan-25 15:24:45.243 [Task submitter] INFO  nextflow.Session - [44/c7ccbf] Submitted process > writeLargeFile (24)
Jan-25 15:24:45.284 [Task submitter] INFO  nextflow.Session - [be/55be9d] Submitted process > writeLargeFile (7)
Jan-25 15:24:45.320 [Task submitter] INFO  nextflow.Session - [de/b13a07] Submitted process > writeLargeFile (9)
Jan-25 15:24:45.351 [Task submitter] INFO  nextflow.Session - [14/88964d] Submitted process > writeLargeFile (32)
Jan-25 15:24:45.386 [Task submitter] INFO  nextflow.Session - [99/c4a046] Submitted process > writeLargeFile (11)
Jan-25 15:24:45.420 [Task submitter] INFO  nextflow.Session - [12/47c514] Submitted process > writeLargeFile (2)
Jan-25 15:24:45.458 [Task submitter] INFO  nextflow.Session - [1f/e30a50] Submitted process > writeLargeFile (20)
Jan-25 15:24:45.489 [Task submitter] INFO  nextflow.Session - [e4/0b6fd9] Submitted process > writeLargeFile (14)
Jan-25 15:24:45.524 [Task submitter] INFO  nextflow.Session - [fd/068837] Submitted process > writeLargeFile (8)
Jan-25 15:24:45.556 [Task submitter] INFO  nextflow.Session - [c7/3acd5d] Submitted process > writeLargeFile (12)
Jan-25 15:24:45.587 [Task submitter] INFO  nextflow.Session - [79/72a2c4] Submitted process > writeLargeFile (15)
Jan-25 15:24:45.619 [Task submitter] INFO  nextflow.Session - [16/30f074] Submitted process > writeLargeFile (33)
Jan-25 15:24:45.651 [Task submitter] INFO  nextflow.Session - [f8/8433e5] Submitted process > writeLargeFile (34)
Jan-25 15:24:45.683 [Task submitter] INFO  nextflow.Session - [c5/89f056] Submitted process > writeLargeFile (35)
Jan-25 15:24:45.715 [Task submitter] INFO  nextflow.Session - [2d/c53d69] Submitted process > writeLargeFile (36)
Jan-25 15:24:45.745 [Task submitter] INFO  nextflow.Session - [ef/aa8df1] Submitted process > writeLargeFile (37)
Jan-25 15:24:45.776 [Task submitter] INFO  nextflow.Session - [67/70cba7] Submitted process > writeLargeFile (38)
Jan-25 15:24:45.808 [Task submitter] INFO  nextflow.Session - [e7/8c0fad] Submitted process > writeLargeFile (39)
Jan-25 15:24:45.837 [Task submitter] INFO  nextflow.Session - [93/bcaf25] Submitted process > writeLargeFile (40)
Jan-25 15:24:45.867 [Task submitter] INFO  nextflow.Session - [7b/70629c] Submitted process > writeLargeFile (41)
Jan-25 15:24:45.895 [Task submitter] INFO  nextflow.Session - [42/6bdcac] Submitted process > writeLargeFile (43)
Jan-25 15:24:45.926 [Task submitter] INFO  nextflow.Session - [69/f0506a] Submitted process > writeLargeFile (42)
Jan-25 15:24:45.954 [Task submitter] INFO  nextflow.Session - [bc/a48e64] Submitted process > writeLargeFile (45)
Jan-25 15:24:45.986 [Task submitter] INFO  nextflow.Session - [77/4ae4b3] Submitted process > writeLargeFile (44)
Jan-25 15:24:46.013 [Task submitter] INFO  nextflow.Session - [12/11d351] Submitted process > writeLargeFile (46)
Jan-25 15:24:46.045 [Task submitter] INFO  nextflow.Session - [ae/494d83] Submitted process > writeLargeFile (47)
Jan-25 15:24:46.074 [Task submitter] INFO  nextflow.Session - [d5/c3b74c] Submitted process > writeLargeFile (48)
Jan-25 15:24:46.100 [Task submitter] INFO  nextflow.Session - [fa/98e38b] Submitted process > writeLargeFile (49)
Jan-25 15:24:46.129 [Task submitter] INFO  nextflow.Session - [ba/6f5e38] Submitted process > writeLargeFile (50)
Jan-25 15:24:46.159 [Task submitter] INFO  nextflow.Session - [bd/705052] Submitted process > writeLargeFile (51)
Jan-25 15:24:46.187 [Task submitter] INFO  nextflow.Session - [ea/5f572f] Submitted process > writeLargeFile (52)
Jan-25 15:24:46.219 [Task submitter] INFO  nextflow.Session - [bc/9a2ef7] Submitted process > writeLargeFile (53)
Jan-25 15:24:46.250 [Task submitter] INFO  nextflow.Session - [74/6e4987] Submitted process > writeLargeFile (54)
Jan-25 15:24:46.279 [Task submitter] INFO  nextflow.Session - [48/492fe6] Submitted process > writeLargeFile (55)
Jan-25 15:24:46.309 [Task submitter] INFO  nextflow.Session - [8d/150a69] Submitted process > writeLargeFile (56)
Jan-25 15:24:46.339 [Task submitter] INFO  nextflow.Session - [8d/0b443b] Submitted process > writeLargeFile (57)
Jan-25 15:24:46.371 [Task submitter] INFO  nextflow.Session - [cb/a2b198] Submitted process > writeLargeFile (58)
Jan-25 15:24:46.398 [Task submitter] INFO  nextflow.Session - [26/b9b40c] Submitted process > writeLargeFile (59)
Jan-25 15:24:46.426 [Task submitter] INFO  nextflow.Session - [36/9f1b80] Submitted process > writeLargeFile (60)
Jan-25 15:24:46.456 [Task submitter] INFO  nextflow.Session - [ff/927e9f] Submitted process > writeLargeFile (61)
Jan-25 15:24:46.488 [Task submitter] INFO  nextflow.Session - [03/421c62] Submitted process > writeLargeFile (90)
Jan-25 15:24:46.548 [Task submitter] INFO  nextflow.Session - [07/6e07d7] Submitted process > writeLargeFile (62)
Jan-25 15:24:46.582 [Task submitter] INFO  nextflow.Session - [d8/81a210] Submitted process > writeLargeFile (63)
Jan-25 15:24:46.616 [Task submitter] INFO  nextflow.Session - [e1/7af0ef] Submitted process > writeLargeFile (65)
Jan-25 15:24:46.652 [Task submitter] INFO  nextflow.Session - [14/568466] Submitted process > writeLargeFile (64)
Jan-25 15:24:46.682 [Task submitter] INFO  nextflow.Session - [06/ad1218] Submitted process > writeLargeFile (66)
Jan-25 15:24:46.716 [Task submitter] INFO  nextflow.Session - [3d/660e33] Submitted process > writeLargeFile (68)
Jan-25 15:24:46.746 [Task submitter] INFO  nextflow.Session - [90/13ab0b] Submitted process > writeLargeFile (67)
Jan-25 15:24:46.774 [Task submitter] INFO  nextflow.Session - [df/273ba3] Submitted process > writeLargeFile (69)
Jan-25 15:24:46.805 [Task submitter] INFO  nextflow.Session - [bc/59773a] Submitted process > writeLargeFile (70)
Jan-25 15:24:46.836 [Task submitter] INFO  nextflow.Session - [45/31dfab] Submitted process > writeLargeFile (98)
Jan-25 15:24:46.864 [Task submitter] INFO  nextflow.Session - [30/58eb72] Submitted process > writeLargeFile (71)
Jan-25 15:24:46.894 [Task submitter] INFO  nextflow.Session - [92/8e0990] Submitted process > writeLargeFile (100)
Jan-25 15:24:46.926 [Task submitter] INFO  nextflow.Session - [6d/33ec75] Submitted process > writeLargeFile (72)
Jan-25 15:24:46.955 [Task submitter] INFO  nextflow.Session - [c2/320d9f] Submitted process > writeLargeFile (73)
Jan-25 15:24:46.986 [Task submitter] INFO  nextflow.Session - [65/7e24c9] Submitted process > writeLargeFile (74)
Jan-25 15:24:47.018 [Task submitter] INFO  nextflow.Session - [e1/371646] Submitted process > writeLargeFile (76)
Jan-25 15:24:47.051 [Task submitter] INFO  nextflow.Session - [30/e455d9] Submitted process > writeLargeFile (75)
Jan-25 15:24:47.081 [Task submitter] INFO  nextflow.Session - [6d/19e051] Submitted process > writeLargeFile (77)
Jan-25 15:24:47.114 [Task submitter] INFO  nextflow.Session - [b4/a76c09] Submitted process > writeLargeFile (78)
Jan-25 15:24:47.146 [Task submitter] INFO  nextflow.Session - [24/6fcf54] Submitted process > writeLargeFile (79)
Jan-25 15:24:47.176 [Task submitter] INFO  nextflow.Session - [d8/ee7467] Submitted process > writeLargeFile (80)
Jan-25 15:24:47.207 [Task submitter] INFO  nextflow.Session - [95/86bc54] Submitted process > writeLargeFile (81)
Jan-25 15:24:47.239 [Task submitter] INFO  nextflow.Session - [71/cd02d1] Submitted process > writeLargeFile (82)
Jan-25 15:24:47.268 [Task submitter] INFO  nextflow.Session - [49/9b27bc] Submitted process > writeLargeFile (83)
Jan-25 15:24:47.911 [Task submitter] INFO  nextflow.Session - [75/f0d92f] Submitted process > writeLargeFile (84)
Jan-25 15:24:48.021 [Task submitter] INFO  nextflow.Session - [48/c3d110] Submitted process > writeLargeFile (86)
Jan-25 15:24:48.080 [Task submitter] INFO  nextflow.Session - [f4/1ee294] Submitted process > writeLargeFile (85)
Jan-25 15:24:48.149 [Task submitter] INFO  nextflow.Session - [f8/4fd383] Submitted process > writeLargeFile (87)
Jan-25 15:24:48.203 [Task submitter] INFO  nextflow.Session - [d1/790c68] Submitted process > writeLargeFile (88)
Jan-25 15:24:48.258 [Task submitter] INFO  nextflow.Session - [2a/2fa871] Submitted process > writeLargeFile (89)
Jan-25 15:24:48.315 [Task submitter] INFO  nextflow.Session - [50/e547a3] Submitted process > writeLargeFile (91)
Jan-25 15:24:48.375 [Task submitter] INFO  nextflow.Session - [9a/17c851] Submitted process > writeLargeFile (93)
Jan-25 15:24:48.433 [Task submitter] INFO  nextflow.Session - [25/492fe1] Submitted process > writeLargeFile (92)
Jan-25 15:24:48.491 [Task submitter] INFO  nextflow.Session - [03/c41e3f] Submitted process > writeLargeFile (94)
Jan-25 15:24:48.548 [Task submitter] INFO  nextflow.Session - [29/34c22d] Submitted process > writeLargeFile (95)
Jan-25 15:24:48.606 [Task submitter] INFO  nextflow.Session - [64/d2183c] Submitted process > writeLargeFile (96)
Jan-25 15:24:48.665 [Task submitter] INFO  nextflow.Session - [ba/6334ac] Submitted process > writeLargeFile (97)
Jan-25 15:24:48.719 [Task submitter] INFO  nextflow.Session - [89/dc2900] Submitted process > writeLargeFile (99)
Jan-25 15:25:16.522 [Task monitor] DEBUG n.processor.TaskPollingMonitor - Task completed > TaskHandler[id: 30; name: writeLargeFile (30); status: COMPLETED; exit: 0; error: -; workDir: /input/data/work/9a/326d4a9ceba0fb2c6c246aa00b3a37]
Jan-25 15:25:16.626 [Task monitor] DEBUG n.processor.TaskPollingMonitor - Task completed > TaskHandler[id: 16; name: writeLargeFile (16); status: COMPLETED; exit: 0; error: -; workDir: /input/data/work/f2/c9663d7db855a2ebc5a2c0c07e8f7b]
Jan-25 15:25:16.693 [Task monitor] DEBUG n.processor.TaskPollingMonitor - Task completed > TaskHandler[id: 19; name: writeLargeFile (19); status: COMPLETED; exit: 0; error: -; workDir: /input/data/work/d8/4b72cf8d68b6f077352a8ba00da36f]
Jan-25 15:25:16.703 [Task submitter] INFO  nextflow.Session - [c8/dec742] Submitted process > revertFile (30)
Jan-25 15:25:16.770 [Task submitter] INFO  nextflow.Session - [20/f5caf0] Submitted process > revertFile (16)
Jan-25 15:25:16.833 [Task submitter] INFO  nextflow.Session - [96/4abccf] Submitted process > revertFile (19)
Jan-25 15:25:43.106 [Task monitor] DEBUG n.processor.TaskPollingMonitor - Task completed > TaskHandler[id: 21; name: writeLargeFile (21); status: COMPLETED; exit: 0; error: -; workDir: /input/data/work/f6/b4aa65e2cd8565adad8e7047638a4a]
Jan-25 15:25:43.141 [Task submitter] INFO  nextflow.Session - [00/5eef2d] Submitted process > revertFile (21)
Jan-25 15:25:43.143 [Task monitor] DEBUG n.processor.TaskPollingMonitor - Task completed > TaskHandler[id: 25; name: writeLargeFile (25); status: COMPLETED; exit: 0; error: -; workDir: /input/data/work/52/cb5879ad2a1e65886ae115bec5deff]
Jan-25 15:25:43.176 [Task monitor] DEBUG n.processor.TaskPollingMonitor - Task completed > TaskHandler[id: 4; name: writeLargeFile (4); status: COMPLETED; exit: 0; error: -; workDir: /input/data/work/19/9bfca14c8ebb0f8715075b97cd8385]
Jan-25 15:25:43.178 [Task submitter] INFO  nextflow.Session - [60/cab54e] Submitted process > revertFile (25)
Jan-25 15:25:43.207 [Task submitter] INFO  nextflow.Session - [d9/9c0d9f] Submitted process > revertFile (4)
Jan-25 15:26:14.706 [Task monitor] DEBUG n.processor.TaskPollingMonitor - Task completed > TaskHandler[id: 31; name: writeLargeFile (31); status: COMPLETED; exit: 0; error: -; workDir: /input/data/work/9e/48f242bf6973d09432b35174efbef2]
Jan-25 15:26:14.742 [Task submitter] INFO  nextflow.Session - [56/ae1961] Submitted process > revertFile (31)
Jan-25 15:26:14.745 [Task monitor] DEBUG n.processor.TaskPollingMonitor - Task completed > TaskHandler[id: 22; name: writeLargeFile (22); status: COMPLETED; exit: 0; error: -; workDir: /input/data/work/5b/82845617fd0482a5b1001f788cec7a]
Jan-25 15:26:14.781 [Task submitter] INFO  nextflow.Session - [95/a8a1e3] Submitted process > revertFile (22)
Jan-25 15:26:14.782 [Task monitor] DEBUG n.processor.TaskPollingMonitor - Task completed > TaskHandler[id: 29; name: writeLargeFile (29); status: COMPLETED; exit: 0; error: -; workDir: /input/data/work/2b/9eceb6520e7a3324784856657b4b8a]
Jan-25 15:26:14.813 [Task submitter] INFO  nextflow.Session - [87/9e6a58] Submitted process > revertFile (29)
Jan-25 15:26:46.031 [Task monitor] DEBUG n.processor.TaskPollingMonitor - Task completed > TaskHandler[id: 5; name: writeLargeFile (5); status: COMPLETED; exit: 0; error: -; workDir: /input/data/work/37/e5df3829e41a37b6d4f4e2c42614db]
Jan-25 15:26:46.102 [Task monitor] DEBUG n.processor.TaskPollingMonitor - Task completed > TaskHandler[id: 17; name: writeLargeFile (17); status: COMPLETED; exit: 0; error: -; workDir: /input/data/work/35/0e352ebaed27a447db3219ea6e0704]
Jan-25 15:26:46.208 [Task monitor] DEBUG n.processor.TaskPollingMonitor - Task completed > TaskHandler[id: 6; name: writeLargeFile (6); status: COMPLETED; exit: 0; error: -; workDir: /input/data/work/b0/f5aa4c921a1ca2400b74d8f898a6b8]
Jan-25 15:26:46.324 [Task submitter] INFO  nextflow.Session - [1d/1ccd08] Submitted process > revertFile (5)
Jan-25 15:26:46.500 [Task submitter] INFO  nextflow.Session - [49/556c26] Submitted process > revertFile (17)
Jan-25 15:26:46.611 [Task submitter] INFO  nextflow.Session - [e5/2f5485] Submitted process > revertFile (6)
Jan-25 15:27:12.934 [Task monitor] DEBUG n.processor.TaskPollingMonitor - Task completed > TaskHandler[id: 23; name: writeLargeFile (23); status: COMPLETED; exit: 0; error: -; workDir: /input/data/work/e1/a60653932d1ca45717ae3bb4a2d353]
Jan-25 15:27:12.965 [Task submitter] INFO  nextflow.Session - [f2/c8bdea] Submitted process > revertFile (23)
Jan-25 15:27:12.968 [Task monitor] DEBUG n.processor.TaskPollingMonitor - Task completed > TaskHandler[id: 1; name: writeLargeFile (1); status: COMPLETED; exit: 0; error: -; workDir: /input/data/work/19/ec5df5dfb193e29a320b4fd58feea3]
Jan-25 15:27:12.999 [Task submitter] INFO  nextflow.Session - [67/fd3c4b] Submitted process > revertFile (1)
Jan-25 15:27:13.002 [Task monitor] DEBUG n.processor.TaskPollingMonitor - Task completed > TaskHandler[id: 18; name: writeLargeFile (18); status: COMPLETED; exit: 0; error: -; workDir: /input/data/work/29/b00537594773765f814af5eee60d9e]
Jan-25 15:27:13.038 [Task submitter] INFO  nextflow.Session - [df/8a5d63] Submitted process > revertFile (18)
Jan-25 15:27:46.380 [Task monitor] DEBUG n.processor.TaskPollingMonitor - Task completed > TaskHandler[id: 3; name: writeLargeFile (3); status: COMPLETED; exit: 0; error: -; workDir: /input/data/work/07/d24420e00d7b444b57e831b80333a8]
Jan-25 15:27:46.425 [Task monitor] DEBUG n.processor.TaskPollingMonitor - Task completed > TaskHandler[id: 27; name: writeLargeFile (27); status: COMPLETED; exit: 0; error: -; workDir: /input/data/work/03/6a066b0e2d1e78c57bd674a06d5045]
Jan-25 15:27:46.426 [Task submitter] INFO  nextflow.Session - [d2/812dfd] Submitted process > revertFile (3)
Jan-25 15:27:46.458 [Task submitter] INFO  nextflow.Session - [64/4d6c9b] Submitted process > revertFile (27)
Jan-25 15:27:46.464 [Task monitor] DEBUG n.processor.TaskPollingMonitor - Task completed > TaskHandler[id: 28; name: writeLargeFile (28); status: COMPLETED; exit: 0; error: -; workDir: /input/data/work/13/ddd5d6902f490fd2ad4bac5efb8835]
Jan-25 15:27:46.514 [Task submitter] INFO  nextflow.Session - [7b/17c6c6] Submitted process > revertFile (28)
Jan-25 15:28:17.471 [Task monitor] DEBUG n.processor.TaskPollingMonitor - Task completed > TaskHandler[id: 10; name: writeLargeFile (10); status: COMPLETED; exit: 0; error: -; workDir: /input/data/work/4c/590c5ad56fcd4686d025a87d7e709c]
Jan-25 15:28:17.506 [Task submitter] INFO  nextflow.Session - [d9/22892f] Submitted process > revertFile (10)
Jan-25 15:28:22.461 [Task monitor] DEBUG n.processor.TaskPollingMonitor - Task completed > TaskHandler[id: 13; name: writeLargeFile (13); status: COMPLETED; exit: 0; error: -; workDir: /input/data/work/51/9128e1189d060ad1e20308a80a3e92]
Jan-25 15:28:22.535 [Task monitor] DEBUG n.processor.TaskPollingMonitor - Task completed > TaskHandler[id: 26; name: writeLargeFile (26); status: COMPLETED; exit: 0; error: -; workDir: /input/data/work/1a/e37cf73005f33c2d7c33e1f45210c4]
Jan-25 15:28:22.559 [Task submitter] INFO  nextflow.Session - [62/2855ba] Submitted process > revertFile (13)
Jan-25 15:28:22.641 [Task submitter] INFO  nextflow.Session - [c0/11b046] Submitted process > revertFile (26)
Jan-25 15:28:50.282 [Task monitor] DEBUG n.processor.TaskPollingMonitor - Task completed > TaskHandler[id: 24; name: writeLargeFile (24); status: COMPLETED; exit: 0; error: -; workDir: /input/data/work/44/c7ccbffa08dd3898711dadd90fa820]
Jan-25 15:28:50.322 [Task submitter] INFO  nextflow.Session - [fc/fb7815] Submitted process > revertFile (24)
Jan-25 15:28:50.323 [Task monitor] DEBUG n.processor.TaskPollingMonitor - Task completed > TaskHandler[id: 7; name: writeLargeFile (7); status: COMPLETED; exit: 0; error: -; workDir: /input/data/work/be/55be9d45654baaac244b8e6baf7729]
Jan-25 15:28:50.355 [Task submitter] INFO  nextflow.Session - [80/f19685] Submitted process > revertFile (7)
Jan-25 15:28:50.356 [Task monitor] DEBUG n.processor.TaskPollingMonitor - Task completed > TaskHandler[id: 9; name: writeLargeFile (9); status: COMPLETED; exit: 0; error: -; workDir: /input/data/work/de/b13a07bcc9436beca8ea5e33149403]
Jan-25 15:28:50.396 [Task submitter] INFO  nextflow.Session - [5a/397550] Submitted process > revertFile (9)
Jan-25 15:29:17.842 [Task monitor] DEBUG n.processor.TaskPollingMonitor - Task completed > TaskHandler[id: 32; name: writeLargeFile (32); status: COMPLETED; exit: 0; error: -; workDir: /input/data/work/14/88964da7ed6566ecbdd13d6ba2a5d6]
Jan-25 15:29:17.874 [Task submitter] INFO  nextflow.Session - [cf/88f0ad] Submitted process > revertFile (32)
Jan-25 15:29:17.878 [Task monitor] DEBUG n.processor.TaskPollingMonitor - Task completed > TaskHandler[id: 11; name: writeLargeFile (11); status: COMPLETED; exit: 0; error: -; workDir: /input/data/work/99/c4a0467930c5e9c2437e25a1d165a1]
Jan-25 15:29:17.911 [Task monitor] DEBUG n.processor.TaskPollingMonitor - Task completed > TaskHandler[id: 2; name: writeLargeFile (2); status: COMPLETED; exit: 0; error: -; workDir: /input/data/work/12/47c5140ebdb795f420c2f7f26c29a0]
Jan-25 15:29:17.913 [Task submitter] INFO  nextflow.Session - [2b/02b6df] Submitted process > revertFile (11)
Jan-25 15:29:17.941 [Task submitter] INFO  nextflow.Session - [a4/c23cf3] Submitted process > revertFile (2)
Jan-25 15:29:50.408 [Task monitor] DEBUG n.processor.TaskPollingMonitor - !! executor k8s > tasks to be completed: 100 -- submitted tasks are shown below
~> TaskHandler[id: 20; name: writeLargeFile (20); status: RUNNING; exit: -; error: -; workDir: /input/data/work/1f/e30a50a93938a5b7f0a18a7fc2b9ea]
~> TaskHandler[id: 14; name: writeLargeFile (14); status: RUNNING; exit: -; error: -; workDir: /input/data/work/e4/0b6fd98610169de722425a3bc203e6]
~> TaskHandler[id: 8; name: writeLargeFile (8); status: RUNNING; exit: -; error: -; workDir: /input/data/work/fd/068837d0aecfb6e83f0b90ee534fce]
~> TaskHandler[id: 12; name: writeLargeFile (12); status: SUBMITTED; exit: -; error: -; workDir: /input/data/work/c7/3acd5dd5261f29862cf193b7a0b34a]
~> TaskHandler[id: 15; name: writeLargeFile (15); status: SUBMITTED; exit: -; error: -; workDir: /input/data/work/79/72a2c4b8198cfabb980cbaa148cd9d]
~> TaskHandler[id: 33; name: writeLargeFile (33); status: SUBMITTED; exit: -; error: -; workDir: /input/data/work/16/30f0740effaacfb7f8d09b59ae1557]
~> TaskHandler[id: 34; name: writeLargeFile (34); status: SUBMITTED; exit: -; error: -; workDir: /input/data/work/f8/8433e5c73670e473c4c9f725c59db7]
~> TaskHandler[id: 35; name: writeLargeFile (35); status: SUBMITTED; exit: -; error: -; workDir: /input/data/work/c5/89f05634f7f63823d02556421e7c9a]
~> TaskHandler[id: 36; name: writeLargeFile (36); status: SUBMITTED; exit: -; error: -; workDir: /input/data/work/2d/c53d69ad1d55a759b1535c074940ed]
~> TaskHandler[id: 37; name: writeLargeFile (37); status: SUBMITTED; exit: -; error: -; workDir: /input/data/work/ef/aa8df1ff6b2ac8363c4a079668d438]
.. remaining tasks omitted.
Jan-25 15:29:50.446 [Task monitor] DEBUG n.processor.TaskPollingMonitor - Task completed > TaskHandler[id: 20; name: writeLargeFile (20); status: COMPLETED; exit: 0; error: -; workDir: /input/data/work/1f/e30a50a93938a5b7f0a18a7fc2b9ea]
Jan-25 15:29:50.487 [Task monitor] DEBUG n.processor.TaskPollingMonitor - Task completed > TaskHandler[id: 14; name: writeLargeFile (14); status: COMPLETED; exit: 0; error: -; workDir: /input/data/work/e4/0b6fd98610169de722425a3bc203e6]
Jan-25 15:29:50.488 [Task submitter] INFO  nextflow.Session - [e5/2ec592] Submitted process > revertFile (20)
Jan-25 15:29:50.515 [Task submitter] INFO  nextflow.Session - [30/2e629e] Submitted process > revertFile (14)
Jan-25 15:29:50.524 [Task monitor] DEBUG n.processor.TaskPollingMonitor - Task completed > TaskHandler[id: 8; name: writeLargeFile (8); status: COMPLETED; exit: 0; error: -; workDir: /input/data/work/fd/068837d0aecfb6e83f0b90ee534fce]
Jan-25 15:29:50.557 [Task submitter] INFO  nextflow.Session - [07/f92496] Submitted process > revertFile (8)
Jan-25 15:30:17.793 [Task monitor] DEBUG n.processor.TaskPollingMonitor - Task completed > TaskHandler[id: 12; name: writeLargeFile (12); status: COMPLETED; exit: 0; error: -; workDir: /input/data/work/c7/3acd5dd5261f29862cf193b7a0b34a]
Jan-25 15:30:17.822 [Task submitter] INFO  nextflow.Session - [af/f25ddb] Submitted process > revertFile (12)
Jan-25 15:30:17.826 [Task monitor] DEBUG n.processor.TaskPollingMonitor - Task completed > TaskHandler[id: 15; name: writeLargeFile (15); status: COMPLETED; exit: 0; error: -; workDir: /input/data/work/79/72a2c4b8198cfabb980cbaa148cd9d]
Jan-25 15:30:17.856 [Task submitter] INFO  nextflow.Session - [d3/2eb69f] Submitted process > revertFile (15)
Jan-25 15:30:17.861 [Task monitor] DEBUG n.processor.TaskPollingMonitor - Task completed > TaskHandler[id: 33; name: writeLargeFile (33); status: COMPLETED; exit: 0; error: -; workDir: /input/data/work/16/30f0740effaacfb7f8d09b59ae1557]
Jan-25 15:30:17.890 [Task submitter] INFO  nextflow.Session - [53/21dd1d] Submitted process > revertFile (33)
Jan-25 15:30:47.859 [Task monitor] DEBUG n.processor.TaskPollingMonitor - Task completed > TaskHandler[id: 34; name: writeLargeFile (34); status: COMPLETED; exit: 0; error: -; workDir: /input/data/work/f8/8433e5c73670e473c4c9f725c59db7]
Jan-25 15:30:47.895 [Task monitor] DEBUG n.processor.TaskPollingMonitor - Task completed > TaskHandler[id: 35; name: writeLargeFile (35); status: COMPLETED; exit: 0; error: -; workDir: /input/data/work/c5/89f05634f7f63823d02556421e7c9a]
Jan-25 15:30:47.898 [Task submitter] INFO  nextflow.Session - [08/c47617] Submitted process > revertFile (34)
Jan-25 15:30:47.929 [Task submitter] INFO  nextflow.Session - [d8/980ba7] Submitted process > revertFile (35)
Jan-25 15:30:47.930 [Task monitor] DEBUG n.processor.TaskPollingMonitor - Task completed > TaskHandler[id: 36; name: writeLargeFile (36); status: COMPLETED; exit: 0; error: -; workDir: /input/data/work/2d/c53d69ad1d55a759b1535c074940ed]
Jan-25 15:30:47.963 [Task submitter] INFO  nextflow.Session - [af/93238a] Submitted process > revertFile (36)
Jan-25 15:31:20.868 [Task monitor] DEBUG n.processor.TaskPollingMonitor - Task completed > TaskHandler[id: 37; name: writeLargeFile (37); status: COMPLETED; exit: 0; error: -; workDir: /input/data/work/ef/aa8df1ff6b2ac8363c4a079668d438]
Jan-25 15:31:20.906 [Task submitter] INFO  nextflow.Session - [a7/8dbfe6] Submitted process > revertFile (37)
Jan-25 15:31:20.906 [Task monitor] DEBUG n.processor.TaskPollingMonitor - Task completed > TaskHandler[id: 38; name: writeLargeFile (38); status: COMPLETED; exit: 0; error: -; workDir: /input/data/work/67/70cba7e046c1db20cf75bca290135b]
Jan-25 15:31:20.949 [Task monitor] DEBUG n.processor.TaskPollingMonitor - Task completed > TaskHandler[id: 39; name: writeLargeFile (39); status: COMPLETED; exit: 0; error: -; workDir: /input/data/work/e7/8c0fad56620e675f494e78e24f7e39]
Jan-25 15:31:21.356 [Task submitter] INFO  nextflow.Session - [03/e2a07c] Submitted process > revertFile (38)
Jan-25 15:31:21.506 [Task submitter] INFO  nextflow.Session - [ea/ac9ad7] Submitted process > revertFile (39)
Jan-25 15:31:47.700 [Task monitor] DEBUG n.processor.TaskPollingMonitor - Task completed > TaskHandler[id: 40; name: writeLargeFile (40); status: COMPLETED; exit: 0; error: -; workDir: /input/data/work/93/bcaf25bd80355901d86f36b43a46a3]
Jan-25 15:31:47.731 [Task submitter] INFO  nextflow.Session - [d7/8c78b0] Submitted process > revertFile (40)
Jan-25 15:31:47.734 [Task monitor] DEBUG n.processor.TaskPollingMonitor - Task completed > TaskHandler[id: 41; name: writeLargeFile (41); status: COMPLETED; exit: 0; error: -; workDir: /input/data/work/7b/70629c1af5216c9c18c973f732cb26]
Jan-25 15:31:47.763 [Task submitter] INFO  nextflow.Session - [71/10c0b7] Submitted process > revertFile (41)
Jan-25 15:31:47.766 [Task monitor] DEBUG n.processor.TaskPollingMonitor - Task completed > TaskHandler[id: 43; name: writeLargeFile (43); status: COMPLETED; exit: 0; error: -; workDir: /input/data/work/42/6bdcac4a8639154d6efc86f2105008]
Jan-25 15:31:47.794 [Task submitter] INFO  nextflow.Session - [d1/134604] Submitted process > revertFile (43)
Jan-25 15:32:19.838 [Task monitor] DEBUG n.processor.TaskPollingMonitor - Task completed > TaskHandler[id: 42; name: writeLargeFile (42); status: COMPLETED; exit: 0; error: -; workDir: /input/data/work/69/f0506a89a5a532ebf1a1ad03380e84]
Jan-25 15:32:19.872 [Task monitor] DEBUG n.processor.TaskPollingMonitor - Task completed > TaskHandler[id: 45; name: writeLargeFile (45); status: COMPLETED; exit: 0; error: -; workDir: /input/data/work/bc/a48e6462440d6ea080ef7334bd342e]
Jan-25 15:32:19.874 [Task submitter] INFO  nextflow.Session - [65/969a68] Submitted process > revertFile (42)
Jan-25 15:32:19.909 [Task submitter] INFO  nextflow.Session - [f7/0de9b6] Submitted process > revertFile (45)
Jan-25 15:32:19.909 [Task monitor] DEBUG n.processor.TaskPollingMonitor - Task completed > TaskHandler[id: 44; name: writeLargeFile (44); status: COMPLETED; exit: 0; error: -; workDir: /input/data/work/77/4ae4b32bd1ec39c915fc2946a813cb]
Jan-25 15:32:19.940 [Task submitter] INFO  nextflow.Session - [be/a051a8] Submitted process > revertFile (44)
Jan-25 15:32:47.928 [Task monitor] DEBUG n.processor.TaskPollingMonitor - Task completed > TaskHandler[id: 46; name: writeLargeFile (46); status: COMPLETED; exit: 0; error: -; workDir: /input/data/work/12/11d351213b308aaff49cafcb553f0d]
Jan-25 15:32:47.963 [Task submitter] INFO  nextflow.Session - [19/c06142] Submitted process > revertFile (46)
Jan-25 15:32:47.963 [Task monitor] DEBUG n.processor.TaskPollingMonitor - Task completed > TaskHandler[id: 47; name: writeLargeFile (47); status: COMPLETED; exit: 0; error: -; workDir: /input/data/work/ae/494d83f42c2b42f6248495d0ef30e5]
Jan-25 15:32:47.993 [Task submitter] INFO  nextflow.Session - [38/8c53cf] Submitted process > revertFile (47)
Jan-25 15:32:47.997 [Task monitor] DEBUG n.processor.TaskPollingMonitor - Task completed > TaskHandler[id: 48; name: writeLargeFile (48); status: COMPLETED; exit: 0; error: -; workDir: /input/data/work/d5/c3b74c4275e3d18b5e833bc03cee1f]
Jan-25 15:32:48.026 [Task submitter] INFO  nextflow.Session - [7e/b2b7e0] Submitted process > revertFile (48)
Jan-25 15:33:22.288 [Task monitor] DEBUG n.processor.TaskPollingMonitor - Task completed > TaskHandler[id: 49; name: writeLargeFile (49); status: COMPLETED; exit: 0; error: -; workDir: /input/data/work/fa/98e38b4329c18cd338338a35fc2637]
Jan-25 15:33:22.364 [Task monitor] DEBUG n.processor.TaskPollingMonitor - Task completed > TaskHandler[id: 50; name: writeLargeFile (50); status: COMPLETED; exit: 0; error: -; workDir: /input/data/work/ba/6f5e384844e54da26de6452f8ce03a]
Jan-25 15:33:22.377 [Task submitter] INFO  nextflow.Session - [5b/fef0da] Submitted process > revertFile (49)
Jan-25 15:33:22.437 [Task monitor] DEBUG n.processor.TaskPollingMonitor - Task completed > TaskHandler[id: 51; name: writeLargeFile (51); status: COMPLETED; exit: 0; error: -; workDir: /input/data/work/bd/7050527909e9c1f40906fb54053037]
Jan-25 15:33:22.452 [Task submitter] INFO  nextflow.Session - [16/b86418] Submitted process > revertFile (50)
Jan-25 15:33:22.549 [Task submitter] INFO  nextflow.Session - [16/e97ba6] Submitted process > revertFile (51)
Jan-25 15:33:50.660 [Task monitor] DEBUG n.processor.TaskPollingMonitor - Task completed > TaskHandler[id: 52; name: writeLargeFile (52); status: COMPLETED; exit: 0; error: -; workDir: /input/data/work/ea/5f572f4e90f1e701269c800d8efb55]
Jan-25 15:33:50.691 [Task submitter] INFO  nextflow.Session - [bf/099e20] Submitted process > revertFile (52)
Jan-25 15:33:50.701 [Task monitor] DEBUG n.processor.TaskPollingMonitor - Task completed > TaskHandler[id: 53; name: writeLargeFile (53); status: COMPLETED; exit: 0; error: -; workDir: /input/data/work/bc/9a2ef7286b141b86471c9ef7132b23]
Jan-25 15:33:50.732 [Task submitter] INFO  nextflow.Session - [3c/203277] Submitted process > revertFile (53)
Jan-25 15:33:50.738 [Task monitor] DEBUG n.processor.TaskPollingMonitor - Task completed > TaskHandler[id: 54; name: writeLargeFile (54); status: COMPLETED; exit: 0; error: -; workDir: /input/data/work/74/6e49878aa8f66e627775de395ae1e7]
Jan-25 15:33:50.768 [Task submitter] INFO  nextflow.Session - [3a/83948a] Submitted process > revertFile (54)
Jan-25 15:34:19.277 [Task monitor] DEBUG n.processor.TaskPollingMonitor - Task completed > TaskHandler[id: 55; name: writeLargeFile (55); status: COMPLETED; exit: 0; error: -; workDir: /input/data/work/48/492fe618209d3e8fa8b46f71e48afa]
Jan-25 15:34:19.309 [Task submitter] INFO  nextflow.Session - [7e/16926e] Submitted process > revertFile (55)
Jan-25 15:34:19.315 [Task monitor] DEBUG n.processor.TaskPollingMonitor - Task completed > TaskHandler[id: 56; name: writeLargeFile (56); status: COMPLETED; exit: 0; error: -; workDir: /input/data/work/8d/150a69e31fb0442b0a32e4db26408f]
Jan-25 15:34:19.343 [Task submitter] INFO  nextflow.Session - [ea/d91267] Submitted process > revertFile (56)
Jan-25 15:34:19.348 [Task monitor] DEBUG n.processor.TaskPollingMonitor - Task completed > TaskHandler[id: 57; name: writeLargeFile (57); status: COMPLETED; exit: 0; error: -; workDir: /input/data/work/8d/0b443b9552f967810250670e7f6863]
Jan-25 15:34:19.381 [Task submitter] INFO  nextflow.Session - [86/0dafca] Submitted process > revertFile (57)
Jan-25 15:34:51.471 [Task monitor] DEBUG n.processor.TaskPollingMonitor - !! executor k8s > tasks to be completed: 100 -- submitted tasks are shown below
~> TaskHandler[id: 58; name: writeLargeFile (58); status: RUNNING; exit: -; error: -; workDir: /input/data/work/cb/a2b1980efeb787382ab51db60da337]
~> TaskHandler[id: 59; name: writeLargeFile (59); status: RUNNING; exit: -; error: -; workDir: /input/data/work/26/b9b40c4fe614d6c57b8d6ecbbfb0cc]
~> TaskHandler[id: 60; name: writeLargeFile (60); status: RUNNING; exit: -; error: -; workDir: /input/data/work/36/9f1b80eb320ad7745d75c59a48fb55]
~> TaskHandler[id: 61; name: writeLargeFile (61); status: SUBMITTED; exit: -; error: -; workDir: /input/data/work/ff/927e9f76cb98c7847eeb28a1873e7b]
~> TaskHandler[id: 90; name: writeLargeFile (90); status: SUBMITTED; exit: -; error: -; workDir: /input/data/work/03/421c62be6627133fec6e24d3d61a33]
~> TaskHandler[id: 62; name: writeLargeFile (62); status: SUBMITTED; exit: -; error: -; workDir: /input/data/work/07/6e07d7d5292c3dc75e4ef82668c1c6]
~> TaskHandler[id: 63; name: writeLargeFile (63); status: SUBMITTED; exit: -; error: -; workDir: /input/data/work/d8/81a210d15aa6df4f0ed26fc562c2b2]
~> TaskHandler[id: 65; name: writeLargeFile (65); status: SUBMITTED; exit: -; error: -; workDir: /input/data/work/e1/7af0ef7d2a4677a1020d8f7974d90f]
~> TaskHandler[id: 64; name: writeLargeFile (64); status: SUBMITTED; exit: -; error: -; workDir: /input/data/work/14/568466fe96e7a7ca5a9d289acb55e7]
~> TaskHandler[id: 66; name: writeLargeFile (66); status: SUBMITTED; exit: -; error: -; workDir: /input/data/work/06/ad121870419088f2a7640f41801dff]
.. remaining tasks omitted.
Jan-25 15:34:51.549 [Task monitor] DEBUG n.processor.TaskPollingMonitor - Task completed > TaskHandler[id: 58; name: writeLargeFile (58); status: COMPLETED; exit: 0; error: -; workDir: /input/data/work/cb/a2b1980efeb787382ab51db60da337]
Jan-25 15:34:51.635 [Task monitor] DEBUG n.processor.TaskPollingMonitor - Task completed > TaskHandler[id: 59; name: writeLargeFile (59); status: COMPLETED; exit: 0; error: -; workDir: /input/data/work/26/b9b40c4fe614d6c57b8d6ecbbfb0cc]
Jan-25 15:34:51.687 [Task monitor] DEBUG n.processor.TaskPollingMonitor - Task completed > TaskHandler[id: 60; name: writeLargeFile (60); status: COMPLETED; exit: 0; error: -; workDir: /input/data/work/36/9f1b80eb320ad7745d75c59a48fb55]
Jan-25 15:34:51.940 [Task submitter] INFO  nextflow.Session - [53/21a285] Submitted process > revertFile (58)
Jan-25 15:34:52.007 [Task submitter] INFO  nextflow.Session - [0e/59c1c8] Submitted process > revertFile (59)
Jan-25 15:34:52.078 [Task submitter] INFO  nextflow.Session - [a1/e41da0] Submitted process > revertFile (60)
Jan-25 15:35:19.975 [Task monitor] DEBUG n.processor.TaskPollingMonitor - Task completed > TaskHandler[id: 61; name: writeLargeFile (61); status: COMPLETED; exit: 0; error: -; workDir: /input/data/work/ff/927e9f76cb98c7847eeb28a1873e7b]
Jan-25 15:35:20.001 [Task submitter] INFO  nextflow.Session - [34/115ac6] Submitted process > revertFile (61)
Jan-25 15:35:20.008 [Task monitor] DEBUG n.processor.TaskPollingMonitor - Task completed > TaskHandler[id: 90; name: writeLargeFile (90); status: COMPLETED; exit: 0; error: -; workDir: /input/data/work/03/421c62be6627133fec6e24d3d61a33]
Jan-25 15:35:20.036 [Task submitter] INFO  nextflow.Session - [89/728858] Submitted process > revertFile (90)
Jan-25 15:35:20.047 [Task monitor] DEBUG n.processor.TaskPollingMonitor - Task completed > TaskHandler[id: 62; name: writeLargeFile (62); status: COMPLETED; exit: 0; error: -; workDir: /input/data/work/07/6e07d7d5292c3dc75e4ef82668c1c6]
Jan-25 15:35:20.077 [Task submitter] INFO  nextflow.Session - [aa/63de0e] Submitted process > revertFile (62)
Jan-25 15:35:47.258 [Task monitor] DEBUG n.processor.TaskPollingMonitor - Task completed > TaskHandler[id: 63; name: writeLargeFile (63); status: COMPLETED; exit: 0; error: -; workDir: /input/data/work/d8/81a210d15aa6df4f0ed26fc562c2b2]
Jan-25 15:35:47.292 [Task monitor] DEBUG n.processor.TaskPollingMonitor - Task completed > TaskHandler[id: 65; name: writeLargeFile (65); status: COMPLETED; exit: 0; error: -; workDir: /input/data/work/e1/7af0ef7d2a4677a1020d8f7974d90f]
Jan-25 15:35:47.296 [Task submitter] INFO  nextflow.Session - [9b/de2db3] Submitted process > revertFile (63)
Jan-25 15:35:47.325 [Task monitor] DEBUG n.processor.TaskPollingMonitor - Task completed > TaskHandler[id: 64; name: writeLargeFile (64); status: COMPLETED; exit: 0; error: -; workDir: /input/data/work/14/568466fe96e7a7ca5a9d289acb55e7]
Jan-25 15:35:47.330 [Task submitter] INFO  nextflow.Session - [e7/39fa29] Submitted process > revertFile (65)
Jan-25 15:35:47.354 [Task submitter] INFO  nextflow.Session - [03/16c45b] Submitted process > revertFile (64)
Jan-25 15:36:20.816 [Task monitor] DEBUG n.processor.TaskPollingMonitor - Task completed > TaskHandler[id: 66; name: writeLargeFile (66); status: COMPLETED; exit: 0; error: -; workDir: /input/data/work/06/ad121870419088f2a7640f41801dff]
Jan-25 15:36:20.854 [Task submitter] INFO  nextflow.Session - [72/e520c1] Submitted process > revertFile (66)
Jan-25 15:36:20.857 [Task monitor] DEBUG n.processor.TaskPollingMonitor - Task completed > TaskHandler[id: 68; name: writeLargeFile (68); status: COMPLETED; exit: 0; error: -; workDir: /input/data/work/3d/660e33804ff405f518819e6857ad82]
Jan-25 15:36:20.898 [Task submitter] INFO  nextflow.Session - [23/91fa31] Submitted process > revertFile (68)
Jan-25 15:36:20.898 [Task monitor] DEBUG n.processor.TaskPollingMonitor - Task completed > TaskHandler[id: 67; name: writeLargeFile (67); status: COMPLETED; exit: 0; error: -; workDir: /input/data/work/90/13ab0b495b9780cf36d14f5bed401f]
Jan-25 15:36:20.928 [Task submitter] INFO  nextflow.Session - [f8/7cc060] Submitted process > revertFile (67)
Jan-25 15:36:49.671 [Task monitor] DEBUG n.processor.TaskPollingMonitor - Task completed > TaskHandler[id: 69; name: writeLargeFile (69); status: COMPLETED; exit: 0; error: -; workDir: /input/data/work/df/273ba3de3a001ea7b5ee69c2fbb2ef]
Jan-25 15:36:49.700 [Task submitter] INFO  nextflow.Session - [19/779cfe] Submitted process > revertFile (69)
Jan-25 15:36:49.710 [Task monitor] DEBUG n.processor.TaskPollingMonitor - Task completed > TaskHandler[id: 70; name: writeLargeFile (70); status: COMPLETED; exit: 0; error: -; workDir: /input/data/work/bc/59773aef056ffdcde84748819839bf]
Jan-25 15:36:49.741 [Task submitter] INFO  nextflow.Session - [f8/2762e5] Submitted process > revertFile (70)
Jan-25 15:36:49.745 [Task monitor] DEBUG n.processor.TaskPollingMonitor - Task completed > TaskHandler[id: 98; name: writeLargeFile (98); status: COMPLETED; exit: 0; error: -; workDir: /input/data/work/45/31dfabf6e489c59a938abf156e8f4e]
Jan-25 15:36:49.780 [Task submitter] INFO  nextflow.Session - [00/56849a] Submitted process > revertFile (98)
Jan-25 15:37:17.133 [Task monitor] DEBUG n.processor.TaskPollingMonitor - Task completed > TaskHandler[id: 100; name: writeLargeFile (100); status: COMPLETED; exit: 0; error: -; workDir: /input/data/work/92/8e09905d14d539a2d8a9882724a5c0]
Jan-25 15:37:17.167 [Task monitor] DEBUG n.processor.TaskPollingMonitor - Task completed > TaskHandler[id: 72; name: writeLargeFile (72); status: COMPLETED; exit: 0; error: -; workDir: /input/data/work/6d/33ec75cda4adc556a71134db90ce87]
Jan-25 15:37:17.168 [Task submitter] INFO  nextflow.Session - [34/b651d0] Submitted process > revertFile (100)
Jan-25 15:37:17.202 [Task submitter] INFO  nextflow.Session - [74/1e5744] Submitted process > revertFile (72)
Jan-25 15:37:22.152 [Task monitor] DEBUG n.processor.TaskPollingMonitor - Task completed > TaskHandler[id: 71; name: writeLargeFile (71); status: COMPLETED; exit: 0; error: -; workDir: /input/data/work/30/58eb727d15eb876e24d8bbe8691b03]
Jan-25 15:37:22.233 [Task submitter] INFO  nextflow.Session - [7c/10418b] Submitted process > revertFile (71)
Jan-25 15:37:50.609 [Task monitor] DEBUG n.processor.TaskPollingMonitor - Task completed > TaskHandler[id: 73; name: writeLargeFile (73); status: COMPLETED; exit: 0; error: -; workDir: /input/data/work/c2/320d9f4590b19ff7b29aba75b13eb5]
Jan-25 15:37:50.648 [Task submitter] INFO  nextflow.Session - [58/a4fd21] Submitted process > revertFile (73)
Jan-25 15:37:50.648 [Task monitor] DEBUG n.processor.TaskPollingMonitor - Task completed > TaskHandler[id: 74; name: writeLargeFile (74); status: COMPLETED; exit: 0; error: -; workDir: /input/data/work/65/7e24c983c4b1365123c25a988fedb5]
Jan-25 15:37:50.684 [Task submitter] INFO  nextflow.Session - [da/f259f2] Submitted process > revertFile (74)
Jan-25 15:37:50.686 [Task monitor] DEBUG n.processor.TaskPollingMonitor - Task completed > TaskHandler[id: 76; name: writeLargeFile (76); status: COMPLETED; exit: 0; error: -; workDir: /input/data/work/e1/37164666194bf2ae60cda7fd215425]
Jan-25 15:37:50.724 [Task submitter] INFO  nextflow.Session - [e4/11bf76] Submitted process > revertFile (76)
Jan-25 15:38:17.773 [Task monitor] DEBUG n.processor.TaskPollingMonitor - Task completed > TaskHandler[id: 75; name: writeLargeFile (75); status: COMPLETED; exit: 0; error: -; workDir: /input/data/work/30/e455d907c17d71023cb19eebbe3ede]
Jan-25 15:38:17.805 [Task submitter] INFO  nextflow.Session - [f2/f1ac21] Submitted process > revertFile (75)
Jan-25 15:38:17.810 [Task monitor] DEBUG n.processor.TaskPollingMonitor - Task completed > TaskHandler[id: 77; name: writeLargeFile (77); status: COMPLETED; exit: 0; error: -; workDir: /input/data/work/6d/19e05101011918a77f85988cb6635e]
Jan-25 15:38:17.839 [Task submitter] INFO  nextflow.Session - [be/0acaf8] Submitted process > revertFile (77)
Jan-25 15:38:17.843 [Task monitor] DEBUG n.processor.TaskPollingMonitor - Task completed > TaskHandler[id: 78; name: writeLargeFile (78); status: COMPLETED; exit: 0; error: -; workDir: /input/data/work/b4/a76c098d7c7b462473affe43e30b04]
Jan-25 15:38:17.872 [Task submitter] INFO  nextflow.Session - [d9/052b1a] Submitted process > revertFile (78)
Jan-25 15:38:49.687 [Task monitor] DEBUG n.processor.TaskPollingMonitor - Task completed > TaskHandler[id: 79; name: writeLargeFile (79); status: COMPLETED; exit: 0; error: -; workDir: /input/data/work/24/6fcf5450fff4eb471611dca6f4223a]
Jan-25 15:38:49.719 [Task submitter] INFO  nextflow.Session - [9b/7ce5a1] Submitted process > revertFile (79)
Jan-25 15:38:49.724 [Task monitor] DEBUG n.processor.TaskPollingMonitor - Task completed > TaskHandler[id: 80; name: writeLargeFile (80); status: COMPLETED; exit: 0; error: -; workDir: /input/data/work/d8/ee74674230d10e6cc7c1dcb660b463]
Jan-25 15:38:49.758 [Task monitor] DEBUG n.processor.TaskPollingMonitor - Task completed > TaskHandler[id: 81; name: writeLargeFile (81); status: COMPLETED; exit: 0; error: -; workDir: /input/data/work/95/86bc5479df418caabcf604328529d5]
Jan-25 15:38:49.759 [Task submitter] INFO  nextflow.Session - [d9/d8f360] Submitted process > revertFile (80)
Jan-25 15:38:49.789 [Task submitter] INFO  nextflow.Session - [93/2b65c5] Submitted process > revertFile (81)
Jan-25 15:39:21.735 [Task monitor] DEBUG n.processor.TaskPollingMonitor - Task completed > TaskHandler[id: 82; name: writeLargeFile (82); status: COMPLETED; exit: 0; error: -; workDir: /input/data/work/71/cd02d169798d45f52b79d7eee08bd8]
Jan-25 15:39:21.868 [Task monitor] DEBUG n.processor.TaskPollingMonitor - Task completed > TaskHandler[id: 83; name: writeLargeFile (83); status: COMPLETED; exit: 0; error: -; workDir: /input/data/work/49/9b27bc674842f153f3935f8aa951f1]
Jan-25 15:39:21.924 [Task monitor] DEBUG n.processor.TaskPollingMonitor - Task completed > TaskHandler[id: 84; name: writeLargeFile (84); status: COMPLETED; exit: 0; error: -; workDir: /input/data/work/75/f0d92f094522e56cdb0a91983a7b3c]
Jan-25 15:39:21.935 [Task submitter] INFO  nextflow.Session - [87/d98ae2] Submitted process > revertFile (82)
Jan-25 15:39:22.048 [Task submitter] INFO  nextflow.Session - [f7/308dba] Submitted process > revertFile (83)
Jan-25 15:39:22.117 [Task submitter] INFO  nextflow.Session - [e3/3fa361] Submitted process > revertFile (84)
Jan-25 15:39:48.439 [Task monitor] DEBUG n.processor.TaskPollingMonitor - Task completed > TaskHandler[id: 86; name: writeLargeFile (86); status: COMPLETED; exit: 0; error: -; workDir: /input/data/work/48/c3d110c714ac0849fc767b1f119bbe]
Jan-25 15:39:48.472 [Task monitor] DEBUG n.processor.TaskPollingMonitor - Task completed > TaskHandler[id: 85; name: writeLargeFile (85); status: COMPLETED; exit: 0; error: -; workDir: /input/data/work/f4/1ee2940b1cd8ad7e796936e5e940a0]
Jan-25 15:39:48.472 [Task submitter] INFO  nextflow.Session - [2e/39e334] Submitted process > revertFile (86)
Jan-25 15:39:48.501 [Task submitter] INFO  nextflow.Session - [78/212116] Submitted process > revertFile (85)
Jan-25 15:39:48.501 [Task monitor] DEBUG n.processor.TaskPollingMonitor - Task completed > TaskHandler[id: 87; name: writeLargeFile (87); status: COMPLETED; exit: 0; error: -; workDir: /input/data/work/f8/4fd38398b449606b8adbfb92a27255]
Jan-25 15:39:48.531 [Task submitter] INFO  nextflow.Session - [66/6c8919] Submitted process > revertFile (87)
Jan-25 15:39:53.406 [Task monitor] DEBUG n.processor.TaskPollingMonitor - !! executor k8s > tasks to be completed: 100 -- submitted tasks are shown below
~> TaskHandler[id: 88; name: writeLargeFile (88); status: SUBMITTED; exit: -; error: -; workDir: /input/data/work/d1/790c68f5607869f2f2528f81e010cb]
~> TaskHandler[id: 89; name: writeLargeFile (89); status: SUBMITTED; exit: -; error: -; workDir: /input/data/work/2a/2fa8710dfdded1ee2c7e9d0a17ea47]
~> TaskHandler[id: 91; name: writeLargeFile (91); status: SUBMITTED; exit: -; error: -; workDir: /input/data/work/50/e547a3d9661f9fb37830ae3f9e1678]
~> TaskHandler[id: 93; name: writeLargeFile (93); status: SUBMITTED; exit: -; error: -; workDir: /input/data/work/9a/17c851f16a72f94ae65a765c521bb4]
~> TaskHandler[id: 92; name: writeLargeFile (92); status: SUBMITTED; exit: -; error: -; workDir: /input/data/work/25/492fe1a5dd37bd6585301128e2ffa0]
~> TaskHandler[id: 94; name: writeLargeFile (94); status: SUBMITTED; exit: -; error: -; workDir: /input/data/work/03/c41e3ff808a99b059bce24668d125c]
~> TaskHandler[id: 95; name: writeLargeFile (95); status: SUBMITTED; exit: -; error: -; workDir: /input/data/work/29/34c22d7b8706349358fcdce0ffbae8]
~> TaskHandler[id: 96; name: writeLargeFile (96); status: SUBMITTED; exit: -; error: -; workDir: /input/data/work/64/d2183c7695ec4a378643d460164c71]
~> TaskHandler[id: 97; name: writeLargeFile (97); status: SUBMITTED; exit: -; error: -; workDir: /input/data/work/ba/6334ac0adf8502dce15622a12bf5a8]
~> TaskHandler[id: 99; name: writeLargeFile (99); status: SUBMITTED; exit: -; error: -; workDir: /input/data/work/89/dc2900f990cc8a8aaaff8af1c88e4a]
.. remaining tasks omitted.
Jan-25 15:40:22.381 [Task monitor] DEBUG n.processor.TaskPollingMonitor - Task completed > TaskHandler[id: 88; name: writeLargeFile (88); status: COMPLETED; exit: 0; error: -; workDir: /input/data/work/d1/790c68f5607869f2f2528f81e010cb]
Jan-25 15:40:22.460 [Task monitor] DEBUG n.processor.TaskPollingMonitor - Task completed > TaskHandler[id: 89; name: writeLargeFile (89); status: COMPLETED; exit: 0; error: -; workDir: /input/data/work/2a/2fa8710dfdded1ee2c7e9d0a17ea47]
Jan-25 15:40:22.479 [Task submitter] INFO  nextflow.Session - [16/93b40d] Submitted process > revertFile (88)
Jan-25 15:40:22.541 [Task monitor] DEBUG n.processor.TaskPollingMonitor - Task completed > TaskHandler[id: 91; name: writeLargeFile (91); status: COMPLETED; exit: 0; error: -; workDir: /input/data/work/50/e547a3d9661f9fb37830ae3f9e1678]
Jan-25 15:40:22.566 [Task submitter] INFO  nextflow.Session - [7b/6ad4fd] Submitted process > revertFile (89)
Jan-25 15:40:22.645 [Task submitter] INFO  nextflow.Session - [ce/dcf14b] Submitted process > revertFile (91)
Jan-25 15:40:51.874 [Task monitor] DEBUG n.processor.TaskPollingMonitor - Task completed > TaskHandler[id: 93; name: writeLargeFile (93); status: COMPLETED; exit: 0; error: -; workDir: /input/data/work/9a/17c851f16a72f94ae65a765c521bb4]
Jan-25 15:40:51.906 [Task submitter] INFO  nextflow.Session - [1e/d32ebb] Submitted process > revertFile (93)
Jan-25 15:40:51.909 [Task monitor] DEBUG n.processor.TaskPollingMonitor - Task completed > TaskHandler[id: 92; name: writeLargeFile (92); status: COMPLETED; exit: 0; error: -; workDir: /input/data/work/25/492fe1a5dd37bd6585301128e2ffa0]
Jan-25 15:40:52.062 [Task monitor] DEBUG n.processor.TaskPollingMonitor - Task completed > TaskHandler[id: 94; name: writeLargeFile (94); status: COMPLETED; exit: 0; error: -; workDir: /input/data/work/03/c41e3ff808a99b059bce24668d125c]
Jan-25 15:40:52.546 [Task submitter] INFO  nextflow.Session - [5c/75466f] Submitted process > revertFile (92)
Jan-25 15:40:52.621 [Task submitter] INFO  nextflow.Session - [a6/c2f311] Submitted process > revertFile (94)
Jan-25 15:41:20.227 [Task monitor] DEBUG n.processor.TaskPollingMonitor - Task completed > TaskHandler[id: 95; name: writeLargeFile (95); status: COMPLETED; exit: 0; error: -; workDir: /input/data/work/29/34c22d7b8706349358fcdce0ffbae8]
Jan-25 15:41:20.256 [Task submitter] INFO  nextflow.Session - [14/43d273] Submitted process > revertFile (95)
Jan-25 15:41:20.265 [Task monitor] DEBUG n.processor.TaskPollingMonitor - Task completed > TaskHandler[id: 96; name: writeLargeFile (96); status: COMPLETED; exit: 0; error: -; workDir: /input/data/work/64/d2183c7695ec4a378643d460164c71]
Jan-25 15:41:20.291 [Task submitter] INFO  nextflow.Session - [27/d47f73] Submitted process > revertFile (96)
Jan-25 15:41:20.298 [Task monitor] DEBUG n.processor.TaskPollingMonitor - Task completed > TaskHandler[id: 97; name: writeLargeFile (97); status: COMPLETED; exit: 0; error: -; workDir: /input/data/work/ba/6334ac0adf8502dce15622a12bf5a8]
Jan-25 15:41:20.331 [Task submitter] INFO  nextflow.Session - [51/b3d69d] Submitted process > revertFile (97)
Jan-25 15:41:52.289 [Task monitor] DEBUG n.processor.TaskPollingMonitor - Task completed > TaskHandler[id: 99; name: writeLargeFile (99); status: COMPLETED; exit: 0; error: -; workDir: /input/data/work/89/dc2900f990cc8a8aaaff8af1c88e4a]
Jan-25 15:41:52.328 [Task submitter] INFO  nextflow.Session - [24/4510b8] Submitted process > revertFile (99)
Jan-25 15:41:53.002 [Task monitor] DEBUG n.processor.TaskPollingMonitor - Task completed > TaskHandler[id: 125; name: revertFile (32); status: COMPLETED; exit: 0; error: -; workDir: /input/data/work/cf/88f0ad8de60fe68c73b723bac3b38b]
Jan-25 15:41:53.185 [Task monitor] DEBUG n.processor.TaskPollingMonitor - Task completed > TaskHandler[id: 131; name: revertFile (12); status: COMPLETED; exit: 0; error: -; workDir: /input/data/work/af/f25ddb3bcb90c50906fe36f8a01b7a]
Jan-25 15:42:32.168 [Task monitor] DEBUG n.processor.TaskPollingMonitor - Task completed > TaskHandler[id: 170; name: revertFile (69); status: COMPLETED; exit: 0; error: -; workDir: /input/data/work/19/779cfe34e1d86465cc18fab37088a8]
Jan-25 15:42:32.639 [Task monitor] DEBUG n.processor.TaskPollingMonitor - Task completed > TaskHandler[id: 186; name: revertFile (83); status: COMPLETED; exit: 0; error: -; workDir: /input/data/work/f7/308dba2254961366ce5f16006b7d22]
Jan-25 15:42:36.902 [Task monitor] DEBUG n.processor.TaskPollingMonitor - Task completed > TaskHandler[id: 158; name: revertFile (58); status: COMPLETED; exit: 0; error: -; workDir: /input/data/work/53/21a285c801081dcb1890719ecb8aa8]
Jan-25 15:43:12.668 [Task monitor] DEBUG n.processor.TaskPollingMonitor - Task completed > TaskHandler[id: 112; name: revertFile (6); status: COMPLETED; exit: 0; error: -; workDir: /input/data/work/e5/2f5485a464ab906caf30577247cf31]
Jan-25 15:43:12.732 [Task monitor] DEBUG n.processor.TaskPollingMonitor - Task completed > TaskHandler[id: 114; name: revertFile (1); status: COMPLETED; exit: 0; error: -; workDir: /input/data/work/67/fd3c4b754ef0bcd0342d0649de7bcf]
Jan-25 15:43:12.957 [Task monitor] DEBUG n.processor.TaskPollingMonitor - Task completed > TaskHandler[id: 122; name: revertFile (24); status: COMPLETED; exit: 0; error: -; workDir: /input/data/work/fc/fb78154303cfb58fd7ee3907126234]
Jan-25 15:43:54.576 [Task monitor] DEBUG n.processor.TaskPollingMonitor - Task completed > TaskHandler[id: 108; name: revertFile (22); status: COMPLETED; exit: 0; error: -; workDir: /input/data/work/95/a8a1e37bef3713ad0f7eac81ee264e]
Jan-25 15:43:55.778 [Task monitor] DEBUG n.processor.TaskPollingMonitor - Task completed > TaskHandler[id: 155; name: revertFile (55); status: COMPLETED; exit: 0; error: -; workDir: /input/data/work/7e/16926e4ed616ca83cd6ceb082f4cc3]
Jan-25 15:43:55.952 [Task monitor] DEBUG n.processor.TaskPollingMonitor - Task completed > TaskHandler[id: 162; name: revertFile (90); status: COMPLETED; exit: 0; error: -; workDir: /input/data/work/89/728858849f26c00d2fc65aaeafb9b1]
Jan-25 15:44:33.012 [Task monitor] DEBUG n.processor.TaskPollingMonitor - Task completed > TaskHandler[id: 175; name: revertFile (71); status: COMPLETED; exit: 0; error: -; workDir: /input/data/work/7c/10418b17b984f223576eff2ff45223]
Jan-25 15:44:33.395 [Task monitor] DEBUG n.processor.TaskPollingMonitor - Task completed > TaskHandler[id: 190; name: revertFile (87); status: COMPLETED; exit: 0; error: -; workDir: /input/data/work/66/6c891911e3e8b5cc61e26fe2cce014]
Jan-25 15:44:36.794 [Task monitor] DEBUG n.processor.TaskPollingMonitor - Task completed > TaskHandler[id: 121; name: revertFile (26); status: COMPLETED; exit: 0; error: -; workDir: /input/data/work/c0/11b0460aa9f9dfaa10d54f87c27665]
Jan-25 15:44:56.689 [Task monitor] DEBUG n.processor.TaskPollingMonitor - !! executor k8s > tasks to be completed: 86 -- submitted tasks are shown below
~> TaskHandler[id: 101; name: revertFile (30); status: SUBMITTED; exit: -; error: -; workDir: /input/data/work/c8/dec742b3f231b2d680bcc5db05f043]
~> TaskHandler[id: 102; name: revertFile (16); status: SUBMITTED; exit: -; error: -; workDir: /input/data/work/20/f5caf00a803253315844596918cdc9]
~> TaskHandler[id: 103; name: revertFile (19); status: SUBMITTED; exit: -; error: -; workDir: /input/data/work/96/4abccf6010c5e4e67dde23f6d1d3ea]
~> TaskHandler[id: 104; name: revertFile (21); status: SUBMITTED; exit: -; error: -; workDir: /input/data/work/00/5eef2d452f9671626ea23a79ba193c]
~> TaskHandler[id: 105; name: revertFile (25); status: SUBMITTED; exit: -; error: -; workDir: /input/data/work/60/cab54ec92b7f7883308fa7074b491d]
~> TaskHandler[id: 106; name: revertFile (4); status: SUBMITTED; exit: -; error: -; workDir: /input/data/work/d9/9c0d9f79b6b2dc0191e177d1a6360b]
~> TaskHandler[id: 107; name: revertFile (31); status: SUBMITTED; exit: -; error: -; workDir: /input/data/work/56/ae196174ec79bae184bce04aa31b2b]
~> TaskHandler[id: 109; name: revertFile (29); status: SUBMITTED; exit: -; error: -; workDir: /input/data/work/87/9e6a5853f65e175f23998821fcae13]
~> TaskHandler[id: 110; name: revertFile (5); status: SUBMITTED; exit: -; error: -; workDir: /input/data/work/1d/1ccd0870e98c00800af1b7a990e225]
~> TaskHandler[id: 111; name: revertFile (17); status: SUBMITTED; exit: -; error: -; workDir: /input/data/work/49/556c267bb697bb00cac8cc7ac148ff]
.. remaining tasks omitted.
Jan-25 15:45:07.781 [Task monitor] DEBUG n.processor.TaskPollingMonitor - Task completed > TaskHandler[id: 146; name: revertFile (46); status: COMPLETED; exit: 0; error: -; workDir: /input/data/work/19/c0614218b4bab948cb576cf0d5d0bd]
Jan-25 15:45:08.005 [Task monitor] DEBUG n.processor.TaskPollingMonitor - Task completed > TaskHandler[id: 154; name: revertFile (54); status: COMPLETED; exit: 0; error: -; workDir: /input/data/work/3a/83948a79cbf4f6460a4a7752b73275]
Jan-25 15:45:08.475 [Task monitor] DEBUG n.processor.TaskPollingMonitor - Task completed > TaskHandler[id: 177; name: revertFile (74); status: COMPLETED; exit: 0; error: -; workDir: /input/data/work/da/f259f2db8cd6e2bb7ca9ce332895df]
Jan-25 15:45:43.764 [Task monitor] DEBUG n.processor.TaskPollingMonitor - Task completed > TaskHandler[id: 136; name: revertFile (36); status: COMPLETED; exit: 0; error: -; workDir: /input/data/work/af/93238afd8ce7e43671a0bb78036337]
Jan-25 15:45:44.018 [Task monitor] DEBUG n.processor.TaskPollingMonitor - Task completed > TaskHandler[id: 145; name: revertFile (44); status: COMPLETED; exit: 0; error: -; workDir: /input/data/work/be/a051a87543368dd80e56d003cfc6df]
Jan-25 15:45:45.160 [Task monitor] DEBUG n.processor.TaskPollingMonitor - Task completed > TaskHandler[id: 196; name: revertFile (94); status: COMPLETED; exit: 0; error: -; workDir: /input/data/work/a6/c2f3113666f8aeba1fd1d96f68cb50]
Jan-25 15:46:18.908 [Task monitor] DEBUG n.processor.TaskPollingMonitor - Task completed > TaskHandler[id: 109; name: revertFile (29); status: COMPLETED; exit: 0; error: -; workDir: /input/data/work/87/9e6a5853f65e175f23998821fcae13]
Jan-25 15:46:19.149 [Task monitor] DEBUG n.processor.TaskPollingMonitor - Task completed > TaskHandler[id: 119; name: revertFile (10); status: COMPLETED; exit: 0; error: -; workDir: /input/data/work/d9/22892f6421f2b562a97f9b9ac84685]
Jan-25 15:46:20.780 [Task monitor] DEBUG n.processor.TaskPollingMonitor - Task completed > TaskHandler[id: 194; name: revertFile (93); status: COMPLETED; exit: 0; error: -; workDir: /input/data/work/1e/d32ebb6bb37cc5ae837de9d65feb83]
Jan-25 15:46:53.931 [Task monitor] DEBUG n.processor.TaskPollingMonitor - Task completed > TaskHandler[id: 111; name: revertFile (17); status: COMPLETED; exit: 0; error: -; workDir: /input/data/work/49/556c267bb697bb00cac8cc7ac148ff]
Jan-25 15:46:54.301 [Task monitor] DEBUG n.processor.TaskPollingMonitor - Task completed > TaskHandler[id: 130; name: revertFile (8); status: COMPLETED; exit: 0; error: -; workDir: /input/data/work/07/f9249625e29da2996dbc0812f26266]
Jan-25 15:46:55.414 [Task monitor] DEBUG n.processor.TaskPollingMonitor - Task completed > TaskHandler[id: 181; name: revertFile (78); status: COMPLETED; exit: 0; error: -; workDir: /input/data/work/d9/052b1a87bdd5e8da38d983baf8bfc1]
Jan-25 15:47:30.014 [Task monitor] DEBUG n.processor.TaskPollingMonitor - Task completed > TaskHandler[id: 106; name: revertFile (4); status: COMPLETED; exit: 0; error: -; workDir: /input/data/work/d9/9c0d9f79b6b2dc0191e177d1a6360b]
Jan-25 15:47:30.800 [Task monitor] DEBUG n.processor.TaskPollingMonitor - Task completed > TaskHandler[id: 147; name: revertFile (47); status: COMPLETED; exit: 0; error: -; workDir: /input/data/work/38/8c53cf84fd4671d45bcf9e59170311]
Jan-25 15:47:31.035 [Task monitor] DEBUG n.processor.TaskPollingMonitor - Task completed > TaskHandler[id: 157; name: revertFile (57); status: COMPLETED; exit: 0; error: -; workDir: /input/data/work/86/0dafca2ac2605bda4d2581b47f9dd0]
Jan-25 15:48:05.005 [Task monitor] DEBUG n.processor.TaskPollingMonitor - Task completed > TaskHandler[id: 105; name: revertFile (25); status: COMPLETED; exit: 0; error: -; workDir: /input/data/work/60/cab54ec92b7f7883308fa7074b491d]
Jan-25 15:48:05.101 [Task monitor] DEBUG n.processor.TaskPollingMonitor - Task completed > TaskHandler[id: 113; name: revertFile (23); status: COMPLETED; exit: 0; error: -; workDir: /input/data/work/f2/c8bdea529ea28a7789eb567ced6780]
Jan-25 15:48:05.839 [Task monitor] DEBUG n.processor.TaskPollingMonitor - Task completed > TaskHandler[id: 150; name: revertFile (50); status: COMPLETED; exit: 0; error: -; workDir: /input/data/work/16/b864184b616df1cff78512b2c564db]
Jan-25 15:48:40.657 [Task monitor] DEBUG n.processor.TaskPollingMonitor - Task completed > TaskHandler[id: 144; name: revertFile (45); status: COMPLETED; exit: 0; error: -; workDir: /input/data/work/f7/0de9b69bf18ccccf0d63bd24d1eef2]
Jan-25 15:48:40.723 [Task monitor] DEBUG n.processor.TaskPollingMonitor - Task completed > TaskHandler[id: 149; name: revertFile (49); status: COMPLETED; exit: 0; error: -; workDir: /input/data/work/5b/fef0da9cb90aaaa505f51bc7a5a72a]
Jan-25 15:48:41.255 [Task monitor] DEBUG n.processor.TaskPollingMonitor - Task completed > TaskHandler[id: 176; name: revertFile (73); status: COMPLETED; exit: 0; error: -; workDir: /input/data/work/58/a4fd2130534da96677e2abc05e5b6e]
Jan-25 15:49:19.950 [Task monitor] DEBUG n.processor.TaskPollingMonitor - Task completed > TaskHandler[id: 103; name: revertFile (19); status: COMPLETED; exit: 0; error: -; workDir: /input/data/work/96/4abccf6010c5e4e67dde23f6d1d3ea]
Jan-25 15:49:20.913 [Task monitor] DEBUG n.processor.TaskPollingMonitor - Task completed > TaskHandler[id: 164; name: revertFile (63); status: COMPLETED; exit: 0; error: -; workDir: /input/data/work/9b/de2db3c3c4a092edcf916c6ef6c4c7]
Jan-25 15:49:20.980 [Task monitor] DEBUG n.processor.TaskPollingMonitor - Task completed > TaskHandler[id: 166; name: revertFile (64); status: COMPLETED; exit: 0; error: -; workDir: /input/data/work/03/16c45b06342751782f70331120c5bf]
Jan-25 15:49:59.855 [Task monitor] DEBUG n.processor.TaskPollingMonitor - !! executor k8s > tasks to be completed: 62 -- submitted tasks are shown below
~> TaskHandler[id: 101; name: revertFile (30); status: SUBMITTED; exit: -; error: -; workDir: /input/data/work/c8/dec742b3f231b2d680bcc5db05f043]
~> TaskHandler[id: 102; name: revertFile (16); status: SUBMITTED; exit: -; error: -; workDir: /input/data/work/20/f5caf00a803253315844596918cdc9]
~> TaskHandler[id: 104; name: revertFile (21); status: SUBMITTED; exit: -; error: -; workDir: /input/data/work/00/5eef2d452f9671626ea23a79ba193c]
~> TaskHandler[id: 107; name: revertFile (31); status: SUBMITTED; exit: -; error: -; workDir: /input/data/work/56/ae196174ec79bae184bce04aa31b2b]
~> TaskHandler[id: 110; name: revertFile (5); status: SUBMITTED; exit: -; error: -; workDir: /input/data/work/1d/1ccd0870e98c00800af1b7a990e225]
~> TaskHandler[id: 115; name: revertFile (18); status: SUBMITTED; exit: -; error: -; workDir: /input/data/work/df/8a5d6389b120abd474192f28740bd0]
~> TaskHandler[id: 116; name: revertFile (3); status: SUBMITTED; exit: -; error: -; workDir: /input/data/work/d2/812dfd276c135bef42185d466c52d7]
~> TaskHandler[id: 117; name: revertFile (27); status: SUBMITTED; exit: -; error: -; workDir: /input/data/work/64/4d6c9be72ba5fca9901f4e4fde44d2]
~> TaskHandler[id: 118; name: revertFile (28); status: SUBMITTED; exit: -; error: -; workDir: /input/data/work/7b/17c6c6ebb263adf6ccc80e71834cd0]
~> TaskHandler[id: 120; name: revertFile (13); status: RUNNING; exit: -; error: -; workDir: /input/data/work/62/2855ba16e19ebbfdff2c9f34a816df]
.. remaining tasks omitted.
Jan-25 15:50:00.150 [Task monitor] DEBUG n.processor.TaskPollingMonitor - Task completed > TaskHandler[id: 120; name: revertFile (13); status: COMPLETED; exit: 0; error: -; workDir: /input/data/work/62/2855ba16e19ebbfdff2c9f34a816df]
Jan-25 15:50:00.414 [Task monitor] DEBUG n.processor.TaskPollingMonitor - Task completed > TaskHandler[id: 134; name: revertFile (34); status: COMPLETED; exit: 0; error: -; workDir: /input/data/work/08/c47617b5eedef8a3f6198db904d7d6]
Jan-25 15:50:01.416 [Task monitor] DEBUG n.processor.TaskPollingMonitor - Task completed > TaskHandler[id: 189; name: revertFile (85); status: COMPLETED; exit: 0; error: -; workDir: /input/data/work/78/2121167c7c837ecb3bc31e1f964139]
Jan-25 15:50:45.442 [Task monitor] DEBUG n.processor.TaskPollingMonitor - Task completed > TaskHandler[id: 139; name: revertFile (39); status: COMPLETED; exit: 0; error: -; workDir: /input/data/work/ea/ac9ad7f509f0b7a472532fed6b5088]
Jan-25 15:50:46.433 [Task monitor] DEBUG n.processor.TaskPollingMonitor - Task completed > TaskHandler[id: 197; name: revertFile (95); status: COMPLETED; exit: 0; error: -; workDir: /input/data/work/14/43d273fae99d509844bbcbc7c30b08]
Jan-25 15:50:46.471 [Task monitor] DEBUG n.processor.TaskPollingMonitor - Task completed > TaskHandler[id: 198; name: revertFile (96); status: COMPLETED; exit: 0; error: -; workDir: /input/data/work/27/d47f73964bc505ff0b35a809d26d84]
Jan-25 15:51:30.065 [Task monitor] DEBUG n.processor.TaskPollingMonitor - Task completed > TaskHandler[id: 116; name: revertFile (3); status: COMPLETED; exit: 0; error: -; workDir: /input/data/work/d2/812dfd276c135bef42185d466c52d7]
Jan-25 15:51:30.459 [Task monitor] DEBUG n.processor.TaskPollingMonitor - Task completed > TaskHandler[id: 140; name: revertFile (40); status: COMPLETED; exit: 0; error: -; workDir: /input/data/work/d7/8c78b064e9c82f794ce1af3ec56f47]
Jan-25 15:51:30.785 [Task monitor] DEBUG n.processor.TaskPollingMonitor - Task completed > TaskHandler[id: 161; name: revertFile (61); status: COMPLETED; exit: 0; error: -; workDir: /input/data/work/34/115ac62c03258635edb490444cae45]
Jan-25 15:52:15.670 [Task monitor] DEBUG n.processor.TaskPollingMonitor - Task completed > TaskHandler[id: 159; name: revertFile (59); status: COMPLETED; exit: 0; error: -; workDir: /input/data/work/0e/59c1c81a1c044ba1ace83efe2130b2]
Jan-25 15:52:16.221 [Task monitor] DEBUG n.processor.TaskPollingMonitor - Task completed > TaskHandler[id: 188; name: revertFile (86); status: COMPLETED; exit: 0; error: -; workDir: /input/data/work/2e/39e334b37cd8bbe28870a043f80c19]
Jan-25 15:52:16.256 [Task monitor] DEBUG n.processor.TaskPollingMonitor - Task completed > TaskHandler[id: 191; name: revertFile (88); status: COMPLETED; exit: 0; error: -; workDir: /input/data/work/16/93b40dee4367abdb09a9f87a1b60d4]
Jan-25 15:53:00.016 [Task monitor] DEBUG n.processor.TaskPollingMonitor - Task completed > TaskHandler[id: 115; name: revertFile (18); status: COMPLETED; exit: 0; error: -; workDir: /input/data/work/df/8a5d6389b120abd474192f28740bd0]
Jan-25 15:53:00.802 [Task monitor] DEBUG n.processor.TaskPollingMonitor - Task completed > TaskHandler[id: 169; name: revertFile (67); status: COMPLETED; exit: 0; error: -; workDir: /input/data/work/f8/7cc060609e17e3df0020fa12fdf7f7]
Jan-25 15:53:01.028 [Task monitor] DEBUG n.processor.TaskPollingMonitor - Task completed > TaskHandler[id: 182; name: revertFile (79); status: COMPLETED; exit: 0; error: -; workDir: /input/data/work/9b/7ce5a1d1ac3a260770cfbddafe07e6]
Jan-25 15:53:49.957 [Task monitor] DEBUG n.processor.TaskPollingMonitor - Task completed > TaskHandler[id: 104; name: revertFile (21); status: COMPLETED; exit: 0; error: -; workDir: /input/data/work/00/5eef2d452f9671626ea23a79ba193c]
Jan-25 15:53:49.994 [Task monitor] DEBUG n.processor.TaskPollingMonitor - Task completed > TaskHandler[id: 107; name: revertFile (31); status: COMPLETED; exit: 0; error: -; workDir: /input/data/work/56/ae196174ec79bae184bce04aa31b2b]
Jan-25 15:53:50.356 [Task monitor] DEBUG n.processor.TaskPollingMonitor - Task completed > TaskHandler[id: 137; name: revertFile (37); status: COMPLETED; exit: 0; error: -; workDir: /input/data/work/a7/8dbfe639e6bfe858a8f679b7c3feed]
Jan-25 15:54:40.457 [Task monitor] DEBUG n.processor.TaskPollingMonitor - Task completed > TaskHandler[id: 153; name: revertFile (53); status: COMPLETED; exit: 0; error: -; workDir: /input/data/work/3c/203277e3d73aba0c0c4cdb77bff351]
Jan-25 15:54:40.605 [Task monitor] DEBUG n.processor.TaskPollingMonitor - Task completed > TaskHandler[id: 167; name: revertFile (66); status: COMPLETED; exit: 0; error: -; workDir: /input/data/work/72/e520c1bf151c764ff632288c77d3e2]
Jan-25 15:54:41.015 [Task monitor] DEBUG n.processor.TaskPollingMonitor - Task completed > TaskHandler[id: 193; name: revertFile (91); status: COMPLETED; exit: 0; error: -; workDir: /input/data/work/ce/dcf14b687e61534469719d5abbbddc]
Jan-25 15:54:59.867 [Task monitor] DEBUG n.processor.TaskPollingMonitor - !! executor k8s > tasks to be completed: 41 -- submitted tasks are shown below
~> TaskHandler[id: 101; name: revertFile (30); status: SUBMITTED; exit: -; error: -; workDir: /input/data/work/c8/dec742b3f231b2d680bcc5db05f043]
~> TaskHandler[id: 102; name: revertFile (16); status: SUBMITTED; exit: -; error: -; workDir: /input/data/work/20/f5caf00a803253315844596918cdc9]
~> TaskHandler[id: 110; name: revertFile (5); status: SUBMITTED; exit: -; error: -; workDir: /input/data/work/1d/1ccd0870e98c00800af1b7a990e225]
~> TaskHandler[id: 117; name: revertFile (27); status: SUBMITTED; exit: -; error: -; workDir: /input/data/work/64/4d6c9be72ba5fca9901f4e4fde44d2]
~> TaskHandler[id: 118; name: revertFile (28); status: SUBMITTED; exit: -; error: -; workDir: /input/data/work/7b/17c6c6ebb263adf6ccc80e71834cd0]
~> TaskHandler[id: 123; name: revertFile (7); status: SUBMITTED; exit: -; error: -; workDir: /input/data/work/80/f19685bea02085ab95dcd763f83407]
~> TaskHandler[id: 124; name: revertFile (9); status: SUBMITTED; exit: -; error: -; workDir: /input/data/work/5a/397550ce4d384bbe630abd6617d69f]
~> TaskHandler[id: 126; name: revertFile (11); status: SUBMITTED; exit: -; error: -; workDir: /input/data/work/2b/02b6df7f392064ce9995e970faa243]
~> TaskHandler[id: 127; name: revertFile (2); status: SUBMITTED; exit: -; error: -; workDir: /input/data/work/a4/c23cf340e40de211461b28e2ee1fff]
~> TaskHandler[id: 128; name: revertFile (20); status: SUBMITTED; exit: -; error: -; workDir: /input/data/work/e5/2ec592ae8b27bc1cd545a0d3f06b75]
.. remaining tasks omitted.
Jan-25 15:55:30.178 [Task monitor] DEBUG n.processor.TaskPollingMonitor - Task completed > TaskHandler[id: 129; name: revertFile (14); status: COMPLETED; exit: 0; error: -; workDir: /input/data/work/30/2e629e42528b5322baa4f84a008609]
Jan-25 15:55:30.481 [Task monitor] DEBUG n.processor.TaskPollingMonitor - Task completed > TaskHandler[id: 156; name: revertFile (56); status: COMPLETED; exit: 0; error: -; workDir: /input/data/work/ea/d91267d8120ea282d3e712549183e2]
Jan-25 15:55:31.025 [Task monitor] DEBUG n.processor.TaskPollingMonitor - Task completed > TaskHandler[id: 200; name: revertFile (99); status: COMPLETED; exit: 0; error: -; workDir: /input/data/work/24/4510b86c5e28693fc9bc3d0e4c6abb]
Jan-25 15:56:20.139 [Task monitor] DEBUG n.processor.TaskPollingMonitor - Task completed > TaskHandler[id: 128; name: revertFile (20); status: COMPLETED; exit: 0; error: -; workDir: /input/data/work/e5/2ec592ae8b27bc1cd545a0d3f06b75]
Jan-25 15:56:20.264 [Task monitor] DEBUG n.processor.TaskPollingMonitor - Task completed > TaskHandler[id: 138; name: revertFile (38); status: COMPLETED; exit: 0; error: -; workDir: /input/data/work/03/e2a07cb6b64ea49655c1aaf47c86a2]
Jan-25 15:56:20.635 [Task monitor] DEBUG n.processor.TaskPollingMonitor - Task completed > TaskHandler[id: 173; name: revertFile (100); status: COMPLETED; exit: 0; error: -; workDir: /input/data/work/34/b651d0ddff8b4771a9e28773f9fb00]
Jan-25 15:57:10.022 [Task monitor] DEBUG n.processor.TaskPollingMonitor - Task completed > TaskHandler[id: 118; name: revertFile (28); status: COMPLETED; exit: 0; error: -; workDir: /input/data/work/7b/17c6c6ebb263adf6ccc80e71834cd0]
Jan-25 15:57:10.120 [Task monitor] DEBUG n.processor.TaskPollingMonitor - Task completed > TaskHandler[id: 126; name: revertFile (11); status: COMPLETED; exit: 0; error: -; workDir: /input/data/work/2b/02b6df7f392064ce9995e970faa243]
Jan-25 15:57:10.774 [Task monitor] DEBUG n.processor.TaskPollingMonitor - Task completed > TaskHandler[id: 185; name: revertFile (82); status: COMPLETED; exit: 0; error: -; workDir: /input/data/work/87/d98ae2abc9bb69519a92fe9c003b13]
Jan-25 15:58:05.176 [Task monitor] DEBUG n.processor.TaskPollingMonitor - Task completed > TaskHandler[id: 135; name: revertFile (35); status: COMPLETED; exit: 0; error: -; workDir: /input/data/work/d8/980ba720e909544e59df6409a73d4d]
Jan-25 15:58:05.706 [Task monitor] DEBUG n.processor.TaskPollingMonitor - Task completed > TaskHandler[id: 184; name: revertFile (81); status: COMPLETED; exit: 0; error: -; workDir: /input/data/work/93/2b65c5453a0c6d0212686f7d046be4]
Jan-25 15:58:05.742 [Task monitor] DEBUG n.processor.TaskPollingMonitor - Task completed > TaskHandler[id: 187; name: revertFile (84); status: COMPLETED; exit: 0; error: -; workDir: /input/data/work/e3/3fa361e757a364f2fd0f4753736b8a]
Jan-25 15:58:59.912 [Task monitor] DEBUG n.processor.TaskPollingMonitor - Task completed > TaskHandler[id: 101; name: revertFile (30); status: COMPLETED; exit: 0; error: -; workDir: /input/data/work/c8/dec742b3f231b2d680bcc5db05f043]
Jan-25 15:58:59.993 [Task monitor] DEBUG n.processor.TaskPollingMonitor - Task completed > TaskHandler[id: 117; name: revertFile (27); status: COMPLETED; exit: 0; error: -; workDir: /input/data/work/64/4d6c9be72ba5fca9901f4e4fde44d2]
Jan-25 15:59:00.698 [Task monitor] DEBUG n.processor.TaskPollingMonitor - Task completed > TaskHandler[id: 199; name: revertFile (97); status: COMPLETED; exit: 0; error: -; workDir: /input/data/work/51/b3d69dc2851c1e34995bf08c6ffb9f]
Jan-25 15:59:54.938 [Task monitor] DEBUG n.processor.TaskPollingMonitor - Task completed > TaskHandler[id: 110; name: revertFile (5); status: COMPLETED; exit: 0; error: -; workDir: /input/data/work/1d/1ccd0870e98c00800af1b7a990e225]
Jan-25 15:59:55.433 [Task monitor] DEBUG n.processor.TaskPollingMonitor - Task completed > TaskHandler[id: 172; name: revertFile (98); status: COMPLETED; exit: 0; error: -; workDir: /input/data/work/00/56849a145253bd6e92362a39bb8aaf]
Jan-25 15:59:55.562 [Task monitor] DEBUG n.processor.TaskPollingMonitor - Task completed > TaskHandler[id: 180; name: revertFile (77); status: COMPLETED; exit: 0; error: -; workDir: /input/data/work/be/0acaf89901596de3462395859ba61e]
Jan-25 15:59:59.874 [Task monitor] DEBUG n.processor.TaskPollingMonitor - !! executor k8s > tasks to be completed: 23 -- submitted tasks are shown below
~> TaskHandler[id: 102; name: revertFile (16); status: SUBMITTED; exit: -; error: -; workDir: /input/data/work/20/f5caf00a803253315844596918cdc9]
~> TaskHandler[id: 123; name: revertFile (7); status: SUBMITTED; exit: -; error: -; workDir: /input/data/work/80/f19685bea02085ab95dcd763f83407]
~> TaskHandler[id: 124; name: revertFile (9); status: SUBMITTED; exit: -; error: -; workDir: /input/data/work/5a/397550ce4d384bbe630abd6617d69f]
~> TaskHandler[id: 127; name: revertFile (2); status: SUBMITTED; exit: -; error: -; workDir: /input/data/work/a4/c23cf340e40de211461b28e2ee1fff]
~> TaskHandler[id: 132; name: revertFile (15); status: SUBMITTED; exit: -; error: -; workDir: /input/data/work/d3/2eb69fba160d1c7d41350304fc24e5]
~> TaskHandler[id: 133; name: revertFile (33); status: SUBMITTED; exit: -; error: -; workDir: /input/data/work/53/21dd1d82cc49123417825c3f5bfe5c]
~> TaskHandler[id: 141; name: revertFile (41); status: SUBMITTED; exit: -; error: -; workDir: /input/data/work/71/10c0b75e2dcb4569ff02a1dc71d423]
~> TaskHandler[id: 142; name: revertFile (43); status: SUBMITTED; exit: -; error: -; workDir: /input/data/work/d1/134604868f4474dad6000896517e78]
~> TaskHandler[id: 143; name: revertFile (42); status: SUBMITTED; exit: -; error: -; workDir: /input/data/work/65/969a6817c799648363d3593f8070b0]
~> TaskHandler[id: 148; name: revertFile (48); status: SUBMITTED; exit: -; error: -; workDir: /input/data/work/7e/b2b7e07dce1a50606cfdd28b012b58]
.. remaining tasks omitted.
Jan-25 16:00:50.308 [Task monitor] DEBUG n.processor.TaskPollingMonitor - Task completed > TaskHandler[id: 168; name: revertFile (68); status: COMPLETED; exit: 0; error: -; workDir: /input/data/work/23/91fa3161fddf15de87a4d1ce3d4321]
Jan-25 16:00:50.343 [Task monitor] DEBUG n.processor.TaskPollingMonitor - Task completed > TaskHandler[id: 171; name: revertFile (70); status: COMPLETED; exit: 0; error: -; workDir: /input/data/work/f8/2762e5e39321e233f5cc32de947fe8]
Jan-25 16:00:50.530 [Task monitor] DEBUG n.processor.TaskPollingMonitor - Task completed > TaskHandler[id: 195; name: revertFile (92); status: COMPLETED; exit: 0; error: -; workDir: /input/data/work/5c/75466f87942f361adaf41a4f3d48c0]
Jan-25 16:01:45.054 [Task monitor] DEBUG n.processor.TaskPollingMonitor - Task completed > TaskHandler[id: 141; name: revertFile (41); status: COMPLETED; exit: 0; error: -; workDir: /input/data/work/71/10c0b75e2dcb4569ff02a1dc71d423]
Jan-25 16:01:45.249 [Task monitor] DEBUG n.processor.TaskPollingMonitor - Task completed > TaskHandler[id: 163; name: revertFile (62); status: COMPLETED; exit: 0; error: -; workDir: /input/data/work/aa/63de0e6602296202f628e0465e752a]
Jan-25 16:01:45.403 [Task monitor] DEBUG n.processor.TaskPollingMonitor - Task completed > TaskHandler[id: 183; name: revertFile (80); status: COMPLETED; exit: 0; error: -; workDir: /input/data/work/d9/d8f36038d21c0169e735fa5b5485e1]
Jan-25 16:02:39.918 [Task monitor] DEBUG n.processor.TaskPollingMonitor - Task completed > TaskHandler[id: 102; name: revertFile (16); status: COMPLETED; exit: 0; error: -; workDir: /input/data/work/20/f5caf00a803253315844596918cdc9]
Jan-25 16:02:40.058 [Task monitor] DEBUG n.processor.TaskPollingMonitor - Task completed > TaskHandler[id: 133; name: revertFile (33); status: COMPLETED; exit: 0; error: -; workDir: /input/data/work/53/21dd1d82cc49123417825c3f5bfe5c]
Jan-25 16:02:40.196 [Task monitor] DEBUG n.processor.TaskPollingMonitor - Task completed > TaskHandler[id: 152; name: revertFile (52); status: COMPLETED; exit: 0; error: -; workDir: /input/data/work/bf/099e20e8d64e7ee104ec7ea723603b]
Jan-25 16:03:34.965 [Task monitor] DEBUG n.processor.TaskPollingMonitor - Task completed > TaskHandler[id: 127; name: revertFile (2); status: COMPLETED; exit: 0; error: -; workDir: /input/data/work/a4/c23cf340e40de211461b28e2ee1fff]
Jan-25 16:03:35.093 [Task monitor] DEBUG n.processor.TaskPollingMonitor - Task completed > TaskHandler[id: 148; name: revertFile (48); status: COMPLETED; exit: 0; error: -; workDir: /input/data/work/7e/b2b7e07dce1a50606cfdd28b012b58]
Jan-25 16:03:35.272 [Task monitor] DEBUG n.processor.TaskPollingMonitor - Task completed > TaskHandler[id: 192; name: revertFile (89); status: COMPLETED; exit: 0; error: -; workDir: /input/data/work/7b/6ad4fd1f1b14742d432887d245c791]
Jan-25 16:04:34.920 [Task monitor] DEBUG n.processor.TaskPollingMonitor - Task completed > TaskHandler[id: 123; name: revertFile (7); status: COMPLETED; exit: 0; error: -; workDir: /input/data/work/80/f19685bea02085ab95dcd763f83407]
Jan-25 16:04:35.071 [Task monitor] DEBUG n.processor.TaskPollingMonitor - Task completed > TaskHandler[id: 151; name: revertFile (51); status: COMPLETED; exit: 0; error: -; workDir: /input/data/work/16/e97ba6538fb0246826c4e2954d1493]
Jan-25 16:04:35.139 [Task monitor] DEBUG n.processor.TaskPollingMonitor - Task completed > TaskHandler[id: 165; name: revertFile (65); status: COMPLETED; exit: 0; error: -; workDir: /input/data/work/e7/39fa2958d47c2ade1643b109a38495]
Jan-25 16:04:59.884 [Task monitor] DEBUG n.processor.TaskPollingMonitor - !! executor k8s > tasks to be completed: 8 -- submitted tasks are shown below
~> TaskHandler[id: 124; name: revertFile (9); status: RUNNING; exit: -; error: -; workDir: /input/data/work/5a/397550ce4d384bbe630abd6617d69f]
~> TaskHandler[id: 132; name: revertFile (15); status: SUBMITTED; exit: -; error: -; workDir: /input/data/work/d3/2eb69fba160d1c7d41350304fc24e5]
~> TaskHandler[id: 142; name: revertFile (43); status: SUBMITTED; exit: -; error: -; workDir: /input/data/work/d1/134604868f4474dad6000896517e78]
~> TaskHandler[id: 143; name: revertFile (42); status: SUBMITTED; exit: -; error: -; workDir: /input/data/work/65/969a6817c799648363d3593f8070b0]
~> TaskHandler[id: 160; name: revertFile (60); status: SUBMITTED; exit: -; error: -; workDir: /input/data/work/a1/e41da0d204cfcd2b008a34c3930d29]
~> TaskHandler[id: 174; name: revertFile (72); status: RUNNING; exit: -; error: -; workDir: /input/data/work/74/1e574421bcecd38dbe1a2299d59711]
~> TaskHandler[id: 178; name: revertFile (76); status: SUBMITTED; exit: -; error: -; workDir: /input/data/work/e4/11bf76e71d9926d58938af3738fe34]
~> TaskHandler[id: 179; name: revertFile (75); status: RUNNING; exit: -; error: -; workDir: /input/data/work/f2/f1ac21caaa6f21707673fd757e5193]
Jan-25 16:05:29.918 [Task monitor] DEBUG n.processor.TaskPollingMonitor - Task completed > TaskHandler[id: 124; name: revertFile (9); status: COMPLETED; exit: 0; error: -; workDir: /input/data/work/5a/397550ce4d384bbe630abd6617d69f]
Jan-25 16:05:30.044 [Task monitor] DEBUG n.processor.TaskPollingMonitor - Task completed > TaskHandler[id: 174; name: revertFile (72); status: COMPLETED; exit: 0; error: -; workDir: /input/data/work/74/1e574421bcecd38dbe1a2299d59711]
Jan-25 16:05:30.098 [Task monitor] DEBUG n.processor.TaskPollingMonitor - Task completed > TaskHandler[id: 179; name: revertFile (75); status: COMPLETED; exit: 0; error: -; workDir: /input/data/work/f2/f1ac21caaa6f21707673fd757e5193]
Jan-25 16:06:24.920 [Task monitor] DEBUG n.processor.TaskPollingMonitor - Task completed > TaskHandler[id: 132; name: revertFile (15); status: COMPLETED; exit: 0; error: -; workDir: /input/data/work/d3/2eb69fba160d1c7d41350304fc24e5]
Jan-25 16:06:24.982 [Task monitor] DEBUG n.processor.TaskPollingMonitor - Task completed > TaskHandler[id: 143; name: revertFile (42); status: COMPLETED; exit: 0; error: -; workDir: /input/data/work/65/969a6817c799648363d3593f8070b0]
Jan-25 16:06:25.045 [Task monitor] DEBUG n.processor.TaskPollingMonitor - Task completed > TaskHandler[id: 178; name: revertFile (76); status: COMPLETED; exit: 0; error: -; workDir: /input/data/work/e4/11bf76e71d9926d58938af3738fe34]
Jan-25 16:07:14.926 [Task monitor] DEBUG n.processor.TaskPollingMonitor - Task completed > TaskHandler[id: 142; name: revertFile (43); status: COMPLETED; exit: 0; error: -; workDir: /input/data/work/d1/134604868f4474dad6000896517e78]
Jan-25 16:07:14.962 [Task monitor] DEBUG n.processor.TaskPollingMonitor - Task completed > TaskHandler[id: 160; name: revertFile (60); status: COMPLETED; exit: 0; error: -; workDir: /input/data/work/a1/e41da0d204cfcd2b008a34c3930d29]
Jan-25 16:07:14.963 [main] DEBUG nextflow.Session - Session await > all processes finished
Jan-25 16:07:14.964 [main] DEBUG nextflow.Session - Session await > all barriers passed
Jan-25 16:07:14.979 [main] DEBUG n.trace.WorkflowStatsObserver - Workflow completed > WorkflowStats[succeededCount=200; failedCount=0; ignoredCount=0; cachedCount=0; pendingCount=0; submittedCount=0; runningCount=0; retriesCount=0; abortedCount=0; succeedDuration=4h 51m 21s; failedDuration=0ms; cachedDuration=0ms;loadCpus=0; loadMemory=0; peakRunning=5; peakCpus=50; peakMemory=50 GB; ]
Jan-25 16:07:14.979 [main] DEBUG nextflow.trace.TraceFileObserver - Workflow completed -- saving trace file
Jan-25 16:07:14.980 [main] DEBUG nextflow.trace.ReportObserver - Workflow completed -- rendering execution report
Jan-25 16:07:15.617 [main] DEBUG nextflow.trace.TimelineObserver - Workflow completed -- rendering execution timeline
Jan-25 16:07:15.755 [main] DEBUG nextflow.cache.CacheDB - Closing CacheDB done
Jan-25 16:07:15.787 [main] DEBUG nextflow.util.ThreadPoolManager - Thread pool 'FileTransfer' shutdown completed (hard=false)
Jan-25 16:07:15.787 [main] DEBUG nextflow.script.ScriptRunner - > Execution complete -- Goodbye
