Dec-05 01:52:49.770 [main] DEBUG nextflow.cli.Launcher - $> nextflow run /input/fork -c /experiments/experiment/fork/nextflow.config -c /experiments/experiment/nextflow_orig.config -c /experiments/experiment/nextflow_nfs.config
Dec-05 01:52:49.826 [main] INFO  nextflow.cli.CmdRun - N E X T F L O W  ~  version 23.07.0-edge
Dec-05 01:52:49.843 [main] DEBUG nextflow.plugin.PluginsFacade - Setting up plugin manager > mode=prod; embedded=false; plugins-dir=/.nextflow/plugins; core-plugins: nf-amazon@2.1.0,nf-azure@1.1.4,nf-cloudcache@0.1.0,nf-codecommit@0.1.5,nf-console@1.0.6,nf-ga4gh@1.1.0,nf-google@1.8.1,nf-tower@1.5.15,nf-wave@0.11.0
Dec-05 01:52:49.852 [main] INFO  o.pf4j.DefaultPluginStatusProvider - Enabled plugins: []
Dec-05 01:52:49.852 [main] INFO  o.pf4j.DefaultPluginStatusProvider - Disabled plugins: []
Dec-05 01:52:49.855 [main] INFO  org.pf4j.DefaultPluginManager - PF4J version 3.4.1 in 'deployment' mode
Dec-05 01:52:49.862 [main] INFO  org.pf4j.AbstractPluginManager - No plugins
Dec-05 01:52:49.885 [main] DEBUG nextflow.scm.AssetManager - Project manifest does not exist: /input/fork/nextflow.config (No such file or directory)
Dec-05 01:52:49.906 [main] DEBUG nextflow.config.ConfigBuilder - User config file: /experiments/experiment/fork/nextflow.config
Dec-05 01:52:49.907 [main] DEBUG nextflow.config.ConfigBuilder - User config file: /experiments/experiment/nextflow_orig.config
Dec-05 01:52:49.907 [main] DEBUG nextflow.config.ConfigBuilder - User config file: /experiments/experiment/nextflow_nfs.config
Dec-05 01:52:49.908 [main] DEBUG nextflow.config.ConfigBuilder - Parsing config file: /experiments/experiment/fork/nextflow.config
Dec-05 01:52:49.908 [main] DEBUG nextflow.config.ConfigBuilder - Parsing config file: /experiments/experiment/nextflow_orig.config
Dec-05 01:52:49.908 [main] DEBUG nextflow.config.ConfigBuilder - Parsing config file: /experiments/experiment/nextflow_nfs.config
Dec-05 01:52:49.922 [main] DEBUG nextflow.config.ConfigBuilder - Applying config profile: `standard`
Dec-05 01:52:50.401 [main] DEBUG nextflow.config.ConfigBuilder - Applying config profile: `standard`
Dec-05 01:52:50.543 [main] DEBUG nextflow.config.ConfigBuilder - Applying config profile: `standard`
Dec-05 01:52:50.568 [main] DEBUG nextflow.cli.CmdRun - Applied DSL=2 by global default
Dec-05 01:52:50.580 [main] INFO  nextflow.cli.CmdRun - Launching `/input/fork/main.nf` [condescending_euclid] DSL2 - revision: 64aabf06f3
Dec-05 01:52:50.581 [main] DEBUG nextflow.plugin.PluginsFacade - Plugins default=[]
Dec-05 01:52:50.581 [main] DEBUG nextflow.plugin.PluginsFacade - Plugins resolved requirement=[]
Dec-05 01:52:50.588 [main] DEBUG n.secret.LocalSecretsProvider - Secrets store: /.nextflow/secrets/store.json
Dec-05 01:52:50.590 [main] DEBUG nextflow.secret.SecretsLoader - Discovered secrets providers: [nextflow.secret.LocalSecretsProvider@44065156] - activable => nextflow.secret.LocalSecretsProvider@44065156
Dec-05 01:52:50.638 [main] DEBUG nextflow.Session - Session UUID: e29eb86e-35b6-4583-98e3-39457981f371
Dec-05 01:52:50.638 [main] DEBUG nextflow.Session - Run name: condescending_euclid
Dec-05 01:52:50.638 [main] DEBUG nextflow.Session - Executor pool size: 32
Dec-05 01:52:50.643 [main] DEBUG nextflow.file.FilePorter - File porter settings maxRetries=3; maxTransfers=50; pollTimeout=null
Dec-05 01:52:50.646 [main] DEBUG nextflow.util.ThreadPoolBuilder - Creating thread pool 'FileTransfer' minSize=10; maxSize=96; workQueue=LinkedBlockingQueue[10000]; allowCoreThreadTimeout=false
Dec-05 01:52:50.682 [main] DEBUG nextflow.cli.CmdRun - 
  Version: 23.07.0-edge build 5870
  Created: 22-07-2023 15:44 UTC 
  System: Linux 5.4.0-166-generic
  Runtime: Groovy 3.0.18 on OpenJDK 64-Bit Server VM 17.0.7+7-LTS
  Encoding: UTF-8 (UTF-8)
  Process: 1568295@nextflow [10.233.76.15]
  CPUs: 32 - Mem: 125.7 GB (121.3 GB) - Swap: 0 (0)
Dec-05 01:52:50.729 [main] DEBUG nextflow.Session - Work-dir: /input/data/work [nfs]
Dec-05 01:52:50.730 [main] DEBUG nextflow.Session - Script base path does not exist or is not a directory: /input/fork/bin
Dec-05 01:52:50.737 [main] DEBUG nextflow.executor.ExecutorFactory - Extension executors providers=[]
Dec-05 01:52:50.745 [main] DEBUG nextflow.Session - Observer factory: DefaultObserverFactory
Dec-05 01:52:50.774 [main] DEBUG nextflow.cache.CacheFactory - Using Nextflow cache factory: nextflow.cache.DefaultCacheFactory
Dec-05 01:52:50.781 [main] DEBUG nextflow.util.CustomThreadPool - Creating default thread pool > poolSize: 33; maxThreads: 1000
Dec-05 01:52:50.868 [main] DEBUG nextflow.Session - Session start
Dec-05 01:52:50.872 [main] DEBUG nextflow.trace.TraceFileObserver - Workflow started -- trace file: /input/data/output/trace.csv
Dec-05 01:52:51.012 [main] DEBUG nextflow.script.ScriptRunner - > Launching execution
Dec-05 01:52:51.227 [main] DEBUG nextflow.script.ProcessConfig - Config settings `withName:writeLargeFile` matches process writeLargeFile
Dec-05 01:52:51.245 [main] DEBUG nextflow.executor.ExecutorFactory - << taskConfig executor: k8s
Dec-05 01:52:51.245 [main] DEBUG nextflow.executor.ExecutorFactory - >> processorType: 'k8s'
Dec-05 01:52:51.252 [main] DEBUG nextflow.executor.Executor - [warm up] executor > k8s
Dec-05 01:52:51.256 [main] DEBUG n.processor.TaskPollingMonitor - Creating task monitor for executor 'k8s' > capacity: 300; pollInterval: 5s; dumpInterval: 5m 
Dec-05 01:52:51.269 [main] DEBUG nextflow.k8s.client.ConfigDiscovery - K8s config file does not exist: /root/.kube/config
Dec-05 01:52:51.281 [main] DEBUG nextflow.k8s.K8sExecutor - [K8s] config=[debug:[yaml:true], namespace:anonymized, serviceAccount:nextflow, workDir:/input/data/work/, projectDir:/input/data/project/, imagePullPolicy:IfNotPresent, launchDir:/input/data/launch/, runAsUser:0, fetchNodeName:true, storageMountPath:/input, scheduler:[name:workflow-scheduler, autoClose:false, nodeSelector:usedby=anonymized, container:anonymized/test1:sch_v194], pod:[nodeSelector:usedby=anonymized], storage:[nodeSelector:usedby=anonymized, imageName:anonymized/test1:ftp_v122], storageClaimName:nfs-experiment]; API client config=ClientConfig[ server=10.233.0.1:443, namespace=anonymized, serviceAccount=nextflow, token=eyJhbGciOiJ.., sslCert=LS0tLS1CRUd.., clientCert=-, clientKey=-, verifySsl=false, fromFile=true, httpReadTimeout=null, httpConnectTimeout=null, maxErrorRetry=4 ]
Dec-05 01:52:51.382 [main] DEBUG nextflow.script.ProcessConfig - Config settings `withName:revertFile` matches process revertFile
Dec-05 01:52:51.384 [main] DEBUG nextflow.executor.ExecutorFactory - << taskConfig executor: k8s
Dec-05 01:52:51.384 [main] DEBUG nextflow.executor.ExecutorFactory - >> processorType: 'k8s'
Dec-05 01:52:51.388 [main] DEBUG nextflow.Session - Workflow process names [dsl2]: revertFile, combineFiles, writeLargeFile
Dec-05 01:52:51.389 [main] DEBUG nextflow.Session - Igniting dataflow network (3)
Dec-05 01:52:51.389 [main] DEBUG nextflow.processor.TaskProcessor - Starting process > writeLargeFile
Dec-05 01:52:51.391 [main] DEBUG nextflow.processor.TaskProcessor - Starting process > revertFile
Dec-05 01:52:51.391 [main] DEBUG nextflow.script.ScriptRunner - > Awaiting termination 
Dec-05 01:52:51.391 [main] DEBUG nextflow.Session - Session await
Dec-05 01:52:51.722 [Task submitter] INFO  nextflow.Session - [93/7f8f33] Submitted process > writeLargeFile (1)
Dec-05 01:53:01.320 [Task monitor] DEBUG n.processor.TaskPollingMonitor - Task completed > TaskHandler[id: 1; name: writeLargeFile (1); status: COMPLETED; exit: 0; error: -; workDir: /input/data/work/93/7f8f33b8eea5c970e973087f091040]
Dec-05 01:53:01.425 [Task submitter] INFO  nextflow.Session - [7e/8eed12] Submitted process > revertFile (15)
Dec-05 01:53:01.470 [Task submitter] INFO  nextflow.Session - [bd/21578a] Submitted process > revertFile (2)
Dec-05 01:53:01.507 [Task submitter] INFO  nextflow.Session - [ee/13fdde] Submitted process > revertFile (3)
Dec-05 01:53:01.539 [Task submitter] INFO  nextflow.Session - [7a/1bc0ed] Submitted process > revertFile (19)
Dec-05 01:53:01.572 [Task submitter] INFO  nextflow.Session - [27/97529f] Submitted process > revertFile (14)
Dec-05 01:53:01.603 [Task submitter] INFO  nextflow.Session - [e7/ce51d3] Submitted process > revertFile (29)
Dec-05 01:53:01.636 [Task submitter] INFO  nextflow.Session - [7f/6fc5b8] Submitted process > revertFile (1)
Dec-05 01:53:01.665 [Task submitter] INFO  nextflow.Session - [5c/5b9da8] Submitted process > revertFile (18)
Dec-05 01:53:01.696 [Task submitter] INFO  nextflow.Session - [41/946a04] Submitted process > revertFile (28)
Dec-05 01:53:01.727 [Task submitter] INFO  nextflow.Session - [09/002ef2] Submitted process > revertFile (4)
Dec-05 01:53:01.758 [Task submitter] INFO  nextflow.Session - [4a/225329] Submitted process > revertFile (10)
Dec-05 01:53:01.790 [Task submitter] INFO  nextflow.Session - [1e/d4bde5] Submitted process > revertFile (17)
Dec-05 01:53:01.825 [Task submitter] INFO  nextflow.Session - [1f/66b2aa] Submitted process > revertFile (31)
Dec-05 01:53:01.856 [Task submitter] INFO  nextflow.Session - [fb/f07182] Submitted process > revertFile (27)
Dec-05 01:53:01.887 [Task submitter] INFO  nextflow.Session - [e8/899cf6] Submitted process > revertFile (20)
Dec-05 01:53:01.918 [Task submitter] INFO  nextflow.Session - [2f/9b8d88] Submitted process > revertFile (8)
Dec-05 01:53:01.948 [Task submitter] INFO  nextflow.Session - [12/794584] Submitted process > revertFile (22)
Dec-05 01:53:01.980 [Task submitter] INFO  nextflow.Session - [cf/b823b8] Submitted process > revertFile (11)
Dec-05 01:53:02.011 [Task submitter] INFO  nextflow.Session - [32/5a1496] Submitted process > revertFile (5)
Dec-05 01:53:02.039 [Task submitter] INFO  nextflow.Session - [c2/042ffc] Submitted process > revertFile (24)
Dec-05 01:53:02.069 [Task submitter] INFO  nextflow.Session - [75/389bf6] Submitted process > revertFile (7)
Dec-05 01:53:02.098 [Task submitter] INFO  nextflow.Session - [42/aa6009] Submitted process > revertFile (6)
Dec-05 01:53:02.128 [Task submitter] INFO  nextflow.Session - [04/eee66b] Submitted process > revertFile (25)
Dec-05 01:53:02.159 [Task submitter] INFO  nextflow.Session - [bd/27e45f] Submitted process > revertFile (50)
Dec-05 01:53:02.189 [Task submitter] INFO  nextflow.Session - [72/2a3573] Submitted process > revertFile (9)
Dec-05 01:53:02.219 [Task submitter] INFO  nextflow.Session - [dc/ae064d] Submitted process > revertFile (13)
Dec-05 01:53:02.251 [Task submitter] INFO  nextflow.Session - [a4/b356d2] Submitted process > revertFile (23)
Dec-05 01:53:02.280 [Task submitter] INFO  nextflow.Session - [08/0da8a3] Submitted process > revertFile (32)
Dec-05 01:53:02.307 [Task submitter] INFO  nextflow.Session - [fb/8bd45b] Submitted process > revertFile (54)
Dec-05 01:53:02.336 [Task submitter] INFO  nextflow.Session - [c0/a292c2] Submitted process > revertFile (12)
Dec-05 01:53:02.365 [Task submitter] INFO  nextflow.Session - [d4/5adb11] Submitted process > revertFile (26)
Dec-05 01:53:02.398 [Task submitter] INFO  nextflow.Session - [2b/79d819] Submitted process > revertFile (30)
Dec-05 01:53:02.426 [Task submitter] INFO  nextflow.Session - [4e/b0aee7] Submitted process > revertFile (16)
Dec-05 01:53:02.452 [Task submitter] INFO  nextflow.Session - [2f/48464e] Submitted process > revertFile (38)
Dec-05 01:53:02.484 [Task submitter] INFO  nextflow.Session - [00/987874] Submitted process > revertFile (21)
Dec-05 01:53:02.516 [Task submitter] INFO  nextflow.Session - [42/269933] Submitted process > revertFile (46)
Dec-05 01:53:02.546 [Task submitter] INFO  nextflow.Session - [5c/68a9bb] Submitted process > revertFile (34)
Dec-05 01:53:02.577 [Task submitter] INFO  nextflow.Session - [00/ccacb3] Submitted process > revertFile (39)
Dec-05 01:53:02.608 [Task submitter] INFO  nextflow.Session - [6d/7adf0b] Submitted process > revertFile (35)
Dec-05 01:53:02.638 [Task submitter] INFO  nextflow.Session - [2f/318874] Submitted process > revertFile (60)
Dec-05 01:53:02.668 [Task submitter] INFO  nextflow.Session - [77/d0eb7d] Submitted process > revertFile (41)
Dec-05 01:53:02.697 [Task submitter] INFO  nextflow.Session - [0d/8dd9df] Submitted process > revertFile (43)
Dec-05 01:53:02.725 [Task submitter] INFO  nextflow.Session - [44/4d2c1d] Submitted process > revertFile (40)
Dec-05 01:53:02.753 [Task submitter] INFO  nextflow.Session - [0b/f9c14e] Submitted process > revertFile (42)
Dec-05 01:53:02.784 [Task submitter] INFO  nextflow.Session - [77/4c8fb3] Submitted process > revertFile (67)
Dec-05 01:53:02.815 [Task submitter] INFO  nextflow.Session - [6c/55d2f3] Submitted process > revertFile (44)
Dec-05 01:53:02.846 [Task submitter] INFO  nextflow.Session - [5c/4b265d] Submitted process > revertFile (68)
Dec-05 01:53:02.877 [Task submitter] INFO  nextflow.Session - [1f/4c330d] Submitted process > revertFile (69)
Dec-05 01:53:02.907 [Task submitter] INFO  nextflow.Session - [fc/364d09] Submitted process > revertFile (47)
Dec-05 01:53:02.935 [Task submitter] INFO  nextflow.Session - [a2/227968] Submitted process > revertFile (45)
Dec-05 01:53:02.966 [Task submitter] INFO  nextflow.Session - [ad/223ae0] Submitted process > revertFile (49)
Dec-05 01:53:02.993 [Task submitter] INFO  nextflow.Session - [e6/75b901] Submitted process > revertFile (51)
Dec-05 01:53:03.021 [Task submitter] INFO  nextflow.Session - [2e/a5c70b] Submitted process > revertFile (48)
Dec-05 01:53:03.046 [Task submitter] INFO  nextflow.Session - [95/d8ae18] Submitted process > revertFile (52)
Dec-05 01:53:03.073 [Task submitter] INFO  nextflow.Session - [2b/bbaee1] Submitted process > revertFile (80)
Dec-05 01:53:03.100 [Task submitter] INFO  nextflow.Session - [65/ee0b7b] Submitted process > revertFile (57)
Dec-05 01:53:03.129 [Task submitter] INFO  nextflow.Session - [86/477287] Submitted process > revertFile (55)
Dec-05 01:53:03.158 [Task submitter] INFO  nextflow.Session - [71/5e3e83] Submitted process > revertFile (53)
Dec-05 01:53:03.186 [Task submitter] INFO  nextflow.Session - [b0/a3f6ab] Submitted process > revertFile (56)
Dec-05 01:53:03.214 [Task submitter] INFO  nextflow.Session - [72/59d391] Submitted process > revertFile (86)
Dec-05 01:53:03.239 [Task submitter] INFO  nextflow.Session - [2e/ecb3b3] Submitted process > revertFile (83)
Dec-05 01:53:03.265 [Task submitter] INFO  nextflow.Session - [e4/ac137e] Submitted process > revertFile (37)
Dec-05 01:53:03.293 [Task submitter] INFO  nextflow.Session - [37/1f2004] Submitted process > revertFile (36)
Dec-05 01:53:03.323 [Task submitter] INFO  nextflow.Session - [92/4498f8] Submitted process > revertFile (33)
Dec-05 01:53:03.350 [Task submitter] INFO  nextflow.Session - [86/2b5e45] Submitted process > revertFile (73)
Dec-05 01:53:03.386 [Task submitter] INFO  nextflow.Session - [18/ce9cef] Submitted process > revertFile (58)
Dec-05 01:53:03.417 [Task submitter] INFO  nextflow.Session - [69/1568cc] Submitted process > revertFile (84)
Dec-05 01:53:03.449 [Task submitter] INFO  nextflow.Session - [00/783814] Submitted process > revertFile (89)
Dec-05 01:53:03.478 [Task submitter] INFO  nextflow.Session - [b0/e9fb16] Submitted process > revertFile (92)
Dec-05 01:53:03.508 [Task submitter] INFO  nextflow.Session - [cb/dca57d] Submitted process > revertFile (62)
Dec-05 01:53:03.537 [Task submitter] INFO  nextflow.Session - [f9/6aea66] Submitted process > revertFile (59)
Dec-05 01:53:03.566 [Task submitter] INFO  nextflow.Session - [0b/7d9365] Submitted process > revertFile (94)
Dec-05 01:53:03.595 [Task submitter] INFO  nextflow.Session - [88/71e13c] Submitted process > revertFile (66)
Dec-05 01:53:03.623 [Task submitter] INFO  nextflow.Session - [c6/67b941] Submitted process > revertFile (64)
Dec-05 01:53:03.649 [Task submitter] INFO  nextflow.Session - [88/baf4b9] Submitted process > revertFile (98)
Dec-05 01:53:03.683 [Task submitter] INFO  nextflow.Session - [b1/00420a] Submitted process > revertFile (65)
Dec-05 01:53:03.714 [Task submitter] INFO  nextflow.Session - [e4/6b5abd] Submitted process > revertFile (100)
Dec-05 01:53:03.742 [Task submitter] INFO  nextflow.Session - [ec/6c198c] Submitted process > revertFile (63)
Dec-05 01:53:03.770 [Task submitter] INFO  nextflow.Session - [89/ef65d3] Submitted process > revertFile (61)
Dec-05 01:53:03.799 [Task submitter] INFO  nextflow.Session - [07/f1fb5b] Submitted process > revertFile (72)
Dec-05 01:53:03.826 [Task submitter] INFO  nextflow.Session - [e2/b36410] Submitted process > revertFile (71)
Dec-05 01:53:03.854 [Task submitter] INFO  nextflow.Session - [ec/b8d78b] Submitted process > revertFile (78)
Dec-05 01:53:03.880 [Task submitter] INFO  nextflow.Session - [53/2172f1] Submitted process > revertFile (70)
Dec-05 01:53:03.909 [Task submitter] INFO  nextflow.Session - [f2/1f5ddb] Submitted process > revertFile (74)
Dec-05 01:53:03.939 [Task submitter] INFO  nextflow.Session - [11/c024e0] Submitted process > revertFile (75)
Dec-05 01:53:03.967 [Task submitter] INFO  nextflow.Session - [57/15768a] Submitted process > revertFile (76)
Dec-05 01:53:03.994 [Task submitter] INFO  nextflow.Session - [e5/8f214e] Submitted process > revertFile (82)
Dec-05 01:53:04.022 [Task submitter] INFO  nextflow.Session - [d7/965494] Submitted process > revertFile (88)
Dec-05 01:53:04.052 [Task submitter] INFO  nextflow.Session - [11/27a534] Submitted process > revertFile (77)
Dec-05 01:53:04.084 [Task submitter] INFO  nextflow.Session - [4c/571bc8] Submitted process > revertFile (81)
Dec-05 01:53:04.109 [Task submitter] INFO  nextflow.Session - [69/cf517a] Submitted process > revertFile (85)
Dec-05 01:53:04.137 [Task submitter] INFO  nextflow.Session - [9b/2c9a4b] Submitted process > revertFile (79)
Dec-05 01:53:04.162 [Task submitter] INFO  nextflow.Session - [f2/bd8298] Submitted process > revertFile (90)
Dec-05 01:53:04.191 [Task submitter] INFO  nextflow.Session - [d0/4a91fa] Submitted process > revertFile (87)
Dec-05 01:53:04.219 [Task submitter] INFO  nextflow.Session - [59/d03c24] Submitted process > revertFile (91)
Dec-05 01:53:04.248 [Task submitter] INFO  nextflow.Session - [4d/f06ece] Submitted process > revertFile (95)
Dec-05 01:53:04.276 [Task submitter] INFO  nextflow.Session - [25/adbe53] Submitted process > revertFile (99)
Dec-05 01:53:04.305 [Task submitter] INFO  nextflow.Session - [b2/5d8545] Submitted process > revertFile (97)
Dec-05 01:53:04.336 [Task submitter] INFO  nextflow.Session - [55/92cdbf] Submitted process > revertFile (96)
Dec-05 01:53:04.364 [Task submitter] INFO  nextflow.Session - [58/34adb9] Submitted process > revertFile (93)
Dec-05 01:53:06.974 [Task monitor] WARN  nextflow.k8s.client.K8sClient - K8s pod cannot be scheduled -- 0/8 nodes are available: 8 Insufficient cpu. preemption: 0/8 nodes are available: 8 No preemption victims found for incoming pod..
Dec-05 01:54:06.989 [Task monitor] WARN  nextflow.k8s.client.K8sClient - K8s pod cannot be scheduled -- 0/8 nodes are available: 8 Insufficient cpu. preemption: 0/8 nodes are available: 8 No preemption victims found for incoming pod..
Dec-05 01:55:06.999 [Task monitor] WARN  nextflow.k8s.client.K8sClient - K8s pod cannot be scheduled -- 0/8 nodes are available: 8 Insufficient cpu. preemption: 0/8 nodes are available: 8 No preemption victims found for incoming pod..
Dec-05 01:55:26.414 [Task monitor] DEBUG n.processor.TaskPollingMonitor - Task completed > TaskHandler[id: 3; name: revertFile (2); status: COMPLETED; exit: 0; error: -; workDir: /input/data/work/bd/21578add611d7ec847ae0c278f940d]
Dec-05 01:55:26.553 [Task monitor] DEBUG n.processor.TaskPollingMonitor - Task completed > TaskHandler[id: 30; name: revertFile (29); status: COMPLETED; exit: 0; error: -; workDir: /input/data/work/e7/ce51d36efbd208807543aa45774c7f]
Dec-05 01:55:26.591 [Task monitor] DEBUG n.processor.TaskPollingMonitor - Task completed > TaskHandler[id: 2; name: revertFile (1); status: COMPLETED; exit: 0; error: -; workDir: /input/data/work/7f/6fc5b80a2c22814ad1bdf16dfbb002]
Dec-05 01:55:26.642 [Task monitor] DEBUG n.processor.TaskPollingMonitor - Task completed > TaskHandler[id: 29; name: revertFile (28); status: COMPLETED; exit: 0; error: -; workDir: /input/data/work/41/946a048c04c9060059589a3ab14b70]
Dec-05 01:55:26.681 [Task monitor] DEBUG n.processor.TaskPollingMonitor - Task completed > TaskHandler[id: 5; name: revertFile (4); status: COMPLETED; exit: 0; error: -; workDir: /input/data/work/09/002ef27949a78fbb7926242d38c8e6]
Dec-05 01:55:26.719 [Task monitor] DEBUG n.processor.TaskPollingMonitor - Task completed > TaskHandler[id: 11; name: revertFile (10); status: COMPLETED; exit: 0; error: -; workDir: /input/data/work/4a/225329cf87947cd4348c20294275df]
Dec-05 01:55:26.758 [Task monitor] DEBUG n.processor.TaskPollingMonitor - Task completed > TaskHandler[id: 18; name: revertFile (17); status: COMPLETED; exit: 0; error: -; workDir: /input/data/work/1e/d4bde5f3a5538f49f006900f92277e]
Dec-05 01:55:26.810 [Task monitor] DEBUG n.processor.TaskPollingMonitor - Task completed > TaskHandler[id: 28; name: revertFile (27); status: COMPLETED; exit: 0; error: -; workDir: /input/data/work/fb/f07182ff9882c5a6891827a917ff03]
Dec-05 01:55:26.848 [Task monitor] DEBUG n.processor.TaskPollingMonitor - Task completed > TaskHandler[id: 21; name: revertFile (20); status: COMPLETED; exit: 0; error: -; workDir: /input/data/work/e8/899cf630a2962a35ab02503a582909]
Dec-05 01:55:26.901 [Task monitor] DEBUG n.processor.TaskPollingMonitor - Task completed > TaskHandler[id: 23; name: revertFile (22); status: COMPLETED; exit: 0; error: -; workDir: /input/data/work/12/794584d7d39943c4a282300fb8f256]
Dec-05 01:55:26.939 [Task monitor] DEBUG n.processor.TaskPollingMonitor - Task completed > TaskHandler[id: 12; name: revertFile (11); status: COMPLETED; exit: 0; error: -; workDir: /input/data/work/cf/b823b89fc0569a39265eff051d22ae]
Dec-05 01:55:26.987 [Task monitor] DEBUG n.processor.TaskPollingMonitor - Task completed > TaskHandler[id: 25; name: revertFile (24); status: COMPLETED; exit: 0; error: -; workDir: /input/data/work/c2/042ffcd7c2114893801bf34a7eda49]
Dec-05 01:55:27.028 [Task monitor] DEBUG n.processor.TaskPollingMonitor - Task completed > TaskHandler[id: 8; name: revertFile (7); status: COMPLETED; exit: 0; error: -; workDir: /input/data/work/75/389bf60ddd5bf11b6ecbc18dcba177]
Dec-05 01:55:27.071 [Task monitor] DEBUG n.processor.TaskPollingMonitor - Task completed > TaskHandler[id: 7; name: revertFile (6); status: COMPLETED; exit: 0; error: -; workDir: /input/data/work/42/aa6009b0464c19e75279a338151ddc]
Dec-05 01:55:31.314 [Task monitor] DEBUG n.processor.TaskPollingMonitor - Task completed > TaskHandler[id: 16; name: revertFile (15); status: COMPLETED; exit: 0; error: -; workDir: /input/data/work/7e/8eed12417bbe6224a996a40a8ac4dd]
Dec-05 01:55:31.362 [Task monitor] DEBUG n.processor.TaskPollingMonitor - Task completed > TaskHandler[id: 4; name: revertFile (3); status: COMPLETED; exit: 0; error: -; workDir: /input/data/work/ee/13fddec8c914fdd7d58583c4bbb0b1]
Dec-05 01:55:31.400 [Task monitor] DEBUG n.processor.TaskPollingMonitor - Task completed > TaskHandler[id: 20; name: revertFile (19); status: COMPLETED; exit: 0; error: -; workDir: /input/data/work/7a/1bc0ed3a1e3d08e902febf5924214a]
Dec-05 01:55:31.436 [Task monitor] DEBUG n.processor.TaskPollingMonitor - Task completed > TaskHandler[id: 15; name: revertFile (14); status: COMPLETED; exit: 0; error: -; workDir: /input/data/work/27/97529fdf9d053d3c8023598b2b6174]
Dec-05 01:55:31.479 [Task monitor] DEBUG n.processor.TaskPollingMonitor - Task completed > TaskHandler[id: 19; name: revertFile (18); status: COMPLETED; exit: 0; error: -; workDir: /input/data/work/5c/5b9da890a14eeb885e106dffbf9f30]
Dec-05 01:55:31.519 [Task monitor] DEBUG n.processor.TaskPollingMonitor - Task completed > TaskHandler[id: 32; name: revertFile (31); status: COMPLETED; exit: 0; error: -; workDir: /input/data/work/1f/66b2aa41d34fa928a72c70063afea4]
Dec-05 01:55:31.557 [Task monitor] DEBUG n.processor.TaskPollingMonitor - Task completed > TaskHandler[id: 9; name: revertFile (8); status: COMPLETED; exit: 0; error: -; workDir: /input/data/work/2f/9b8d8823fa3539d60433688e911285]
Dec-05 01:55:31.594 [Task monitor] DEBUG n.processor.TaskPollingMonitor - Task completed > TaskHandler[id: 6; name: revertFile (5); status: COMPLETED; exit: 0; error: -; workDir: /input/data/work/32/5a149604418cb7559f900b1abf351d]
Dec-05 01:55:31.629 [Task monitor] DEBUG n.processor.TaskPollingMonitor - Task completed > TaskHandler[id: 26; name: revertFile (25); status: COMPLETED; exit: 0; error: -; workDir: /input/data/work/04/eee66b28082780c1b8e1e58b27cd12]
Dec-05 01:55:31.666 [Task monitor] DEBUG n.processor.TaskPollingMonitor - Task completed > TaskHandler[id: 51; name: revertFile (50); status: COMPLETED; exit: 0; error: -; workDir: /input/data/work/bd/27e45f78a325ada7eb2a93d84d8ead]
Dec-05 01:55:46.308 [Task monitor] DEBUG n.processor.TaskPollingMonitor - Task completed > TaskHandler[id: 10; name: revertFile (9); status: COMPLETED; exit: 0; error: -; workDir: /input/data/work/72/2a357323a73e4b17251c7922b83d6d]
Dec-05 01:55:46.370 [Task monitor] DEBUG n.processor.TaskPollingMonitor - Task completed > TaskHandler[id: 33; name: revertFile (32); status: COMPLETED; exit: 0; error: -; workDir: /input/data/work/08/0da8a36e9378ffea5358f3cad4940e]
Dec-05 01:55:46.416 [Task monitor] DEBUG n.processor.TaskPollingMonitor - Task completed > TaskHandler[id: 13; name: revertFile (12); status: COMPLETED; exit: 0; error: -; workDir: /input/data/work/c0/a292c23bb61345b68707d87737b25e]
Dec-05 01:56:06.614 [Task monitor] DEBUG n.processor.TaskPollingMonitor - Task completed > TaskHandler[id: 48; name: revertFile (47); status: COMPLETED; exit: 0; error: -; workDir: /input/data/work/fc/364d09a34990665e85cacf636afc09]
Dec-05 01:56:06.923 [Task monitor] DEBUG n.processor.TaskPollingMonitor - Task completed > TaskHandler[id: 87; name: revertFile (86); status: COMPLETED; exit: 0; error: -; workDir: /input/data/work/72/59d3916bcc182fac46221acdb0c01f]
Dec-05 01:56:07.003 [Task monitor] WARN  nextflow.k8s.client.K8sClient - K8s pod cannot be scheduled -- 0/8 nodes are available: 8 Insufficient cpu. preemption: 0/8 nodes are available: 8 No preemption victims found for incoming pod..
Dec-05 01:56:11.833 [Task monitor] DEBUG n.processor.TaskPollingMonitor - Task completed > TaskHandler[id: 54; name: revertFile (53); status: COMPLETED; exit: 0; error: -; workDir: /input/data/work/71/5e3e839f1ddadf6add91ef14eb30cf]
Dec-05 01:56:32.443 [Task monitor] DEBUG n.processor.TaskPollingMonitor - Task completed > TaskHandler[id: 90; name: revertFile (89); status: COMPLETED; exit: 0; error: -; workDir: /input/data/work/00/78381478c002bd2866e49e707dd9da]
Dec-05 01:57:07.007 [Task monitor] WARN  nextflow.k8s.client.K8sClient - K8s pod cannot be scheduled -- 0/8 nodes are available: 8 Insufficient cpu. preemption: 0/8 nodes are available: 8 No preemption victims found for incoming pod..
Dec-05 01:57:18.113 [Task monitor] DEBUG n.processor.TaskPollingMonitor - Task completed > TaskHandler[id: 40; name: revertFile (39); status: COMPLETED; exit: 0; error: -; workDir: /input/data/work/00/ccacb3c351e690023232e8bc6e6fa1]
Dec-05 01:57:21.081 [Task monitor] DEBUG n.processor.TaskPollingMonitor - Task completed > TaskHandler[id: 68; name: revertFile (67); status: COMPLETED; exit: 0; error: -; workDir: /input/data/work/77/4c8fb30bfa9fe1abc0aaa24c91961f]
Dec-05 01:57:24.161 [Task monitor] DEBUG n.processor.TaskPollingMonitor - Task completed > TaskHandler[id: 69; name: revertFile (68); status: COMPLETED; exit: 0; error: -; workDir: /input/data/work/5c/4b265d3370736548ed65ce38687d3a]
Dec-05 01:57:32.533 [Task monitor] DEBUG n.processor.TaskPollingMonitor - Task completed > TaskHandler[id: 14; name: revertFile (13); status: COMPLETED; exit: 0; error: -; workDir: /input/data/work/dc/ae064d48cf0f65b2a523b102321888]
Dec-05 01:57:33.984 [Task monitor] DEBUG n.processor.TaskPollingMonitor - Task completed > TaskHandler[id: 24; name: revertFile (23); status: COMPLETED; exit: 0; error: -; workDir: /input/data/work/a4/b356d2ffbc84c9292815b3d611c12b]
Dec-05 01:57:35.340 [Task monitor] DEBUG n.processor.TaskPollingMonitor - Task completed > TaskHandler[id: 55; name: revertFile (54); status: COMPLETED; exit: 0; error: -; workDir: /input/data/work/fb/8bd45bf92449f265e67d96ad342daa]
Dec-05 01:57:43.432 [Task monitor] DEBUG n.processor.TaskPollingMonitor - Task completed > TaskHandler[id: 67; name: revertFile (66); status: COMPLETED; exit: 0; error: -; workDir: /input/data/work/88/71e13ca551fdb851feb8e947f98420]
Dec-05 01:57:43.681 [Task monitor] DEBUG n.processor.TaskPollingMonitor - Task completed > TaskHandler[id: 65; name: revertFile (64); status: COMPLETED; exit: 0; error: -; workDir: /input/data/work/c6/67b9413155129816223191a2077dca]
Dec-05 01:57:44.065 [Task monitor] DEBUG n.processor.TaskPollingMonitor - Task completed > TaskHandler[id: 64; name: revertFile (63); status: COMPLETED; exit: 0; error: -; workDir: /input/data/work/ec/6c198c4ae62c3bbaa63b3b65942db1]
Dec-05 01:57:57.405 [Task monitor] DEBUG n.processor.TaskPollingMonitor - !! executor k8s > tasks to be completed: 60 -- submitted tasks are shown below
~> TaskHandler[id: 27; name: revertFile (26); status: RUNNING; exit: -; error: -; workDir: /input/data/work/d4/5adb11e0c0f3c27245dab46249ef25]
~> TaskHandler[id: 31; name: revertFile (30); status: RUNNING; exit: -; error: -; workDir: /input/data/work/2b/79d8192aaeadb08982db2d2e792e85]
~> TaskHandler[id: 17; name: revertFile (16); status: RUNNING; exit: -; error: -; workDir: /input/data/work/4e/b0aee795a0fcda631c55ad0553dcf5]
~> TaskHandler[id: 39; name: revertFile (38); status: RUNNING; exit: -; error: -; workDir: /input/data/work/2f/48464efd01650370e5c78b00aa4601]
~> TaskHandler[id: 22; name: revertFile (21); status: RUNNING; exit: -; error: -; workDir: /input/data/work/00/987874c786c8f158e3c60322c31e7d]
~> TaskHandler[id: 47; name: revertFile (46); status: RUNNING; exit: -; error: -; workDir: /input/data/work/42/2699330613a938f3eb8f1d888550b7]
~> TaskHandler[id: 35; name: revertFile (34); status: RUNNING; exit: -; error: -; workDir: /input/data/work/5c/68a9bb35529da48ab829b72b6e5e9d]
~> TaskHandler[id: 36; name: revertFile (35); status: RUNNING; exit: -; error: -; workDir: /input/data/work/6d/7adf0bc96d30e4f95e4f983d4b8e9f]
~> TaskHandler[id: 61; name: revertFile (60); status: RUNNING; exit: -; error: -; workDir: /input/data/work/2f/31887427beafae92e008c68e4ca21f]
~> TaskHandler[id: 42; name: revertFile (41); status: RUNNING; exit: -; error: -; workDir: /input/data/work/77/d0eb7d6778223219ceae754b760b33]
.. remaining tasks omitted.
Dec-05 01:57:58.237 [Task monitor] DEBUG n.processor.TaskPollingMonitor - Task completed > TaskHandler[id: 27; name: revertFile (26); status: COMPLETED; exit: 0; error: -; workDir: /input/data/work/d4/5adb11e0c0f3c27245dab46249ef25]
Dec-05 01:57:59.437 [Task monitor] DEBUG n.processor.TaskPollingMonitor - Task completed > TaskHandler[id: 31; name: revertFile (30); status: COMPLETED; exit: 0; error: -; workDir: /input/data/work/2b/79d8192aaeadb08982db2d2e792e85]
Dec-05 01:58:00.427 [Task monitor] DEBUG n.processor.TaskPollingMonitor - Task completed > TaskHandler[id: 17; name: revertFile (16); status: COMPLETED; exit: 0; error: -; workDir: /input/data/work/4e/b0aee795a0fcda631c55ad0553dcf5]
Dec-05 01:58:01.404 [Task monitor] DEBUG n.processor.TaskPollingMonitor - Task completed > TaskHandler[id: 39; name: revertFile (38); status: COMPLETED; exit: 0; error: -; workDir: /input/data/work/2f/48464efd01650370e5c78b00aa4601]
Dec-05 01:58:02.395 [Task monitor] DEBUG n.processor.TaskPollingMonitor - Task completed > TaskHandler[id: 47; name: revertFile (46); status: COMPLETED; exit: 0; error: -; workDir: /input/data/work/42/2699330613a938f3eb8f1d888550b7]
Dec-05 01:58:03.325 [Task monitor] DEBUG n.processor.TaskPollingMonitor - Task completed > TaskHandler[id: 35; name: revertFile (34); status: COMPLETED; exit: 0; error: -; workDir: /input/data/work/5c/68a9bb35529da48ab829b72b6e5e9d]
Dec-05 01:58:04.338 [Task monitor] DEBUG n.processor.TaskPollingMonitor - Task completed > TaskHandler[id: 36; name: revertFile (35); status: COMPLETED; exit: 0; error: -; workDir: /input/data/work/6d/7adf0bc96d30e4f95e4f983d4b8e9f]
Dec-05 01:58:05.281 [Task monitor] DEBUG n.processor.TaskPollingMonitor - Task completed > TaskHandler[id: 61; name: revertFile (60); status: COMPLETED; exit: 0; error: -; workDir: /input/data/work/2f/31887427beafae92e008c68e4ca21f]
Dec-05 01:58:06.286 [Task monitor] DEBUG n.processor.TaskPollingMonitor - Task completed > TaskHandler[id: 44; name: revertFile (43); status: COMPLETED; exit: 0; error: -; workDir: /input/data/work/0d/8dd9df8f3c629c1b20f35ceb82e3a6]
Dec-05 01:58:07.278 [Task monitor] DEBUG n.processor.TaskPollingMonitor - Task completed > TaskHandler[id: 41; name: revertFile (40); status: COMPLETED; exit: 0; error: -; workDir: /input/data/work/44/4d2c1dd370b081aa5daa4ae4634164]
Dec-05 01:58:08.265 [Task monitor] DEBUG n.processor.TaskPollingMonitor - Task completed > TaskHandler[id: 43; name: revertFile (42); status: COMPLETED; exit: 0; error: -; workDir: /input/data/work/0b/f9c14e2d75d36ee8cce008d68e5659]
Dec-05 01:58:09.256 [Task monitor] DEBUG n.processor.TaskPollingMonitor - Task completed > TaskHandler[id: 45; name: revertFile (44); status: COMPLETED; exit: 0; error: -; workDir: /input/data/work/6c/55d2f38ac337e5dfa8f0d7e880a5a5]
Dec-05 01:58:09.815 [Task monitor] WARN  nextflow.k8s.client.K8sClient - K8s pod cannot be scheduled -- 0/8 nodes are available: 8 Insufficient cpu. preemption: 0/8 nodes are available: 8 No preemption victims found for incoming pod..
Dec-05 01:58:21.121 [Task monitor] DEBUG n.processor.TaskPollingMonitor - Task completed > TaskHandler[id: 22; name: revertFile (21); status: COMPLETED; exit: 0; error: -; workDir: /input/data/work/00/987874c786c8f158e3c60322c31e7d]
Dec-05 01:58:21.629 [Task monitor] DEBUG n.processor.TaskPollingMonitor - Task completed > TaskHandler[id: 42; name: revertFile (41); status: COMPLETED; exit: 0; error: -; workDir: /input/data/work/77/d0eb7d6778223219ceae754b760b33]
Dec-05 01:58:21.720 [Task monitor] DEBUG n.processor.TaskPollingMonitor - Task completed > TaskHandler[id: 70; name: revertFile (69); status: COMPLETED; exit: 0; error: -; workDir: /input/data/work/1f/4c330d4c01548761f3cfd67f9c7033]
Dec-05 01:58:30.883 [Task monitor] DEBUG n.processor.TaskPollingMonitor - Task completed > TaskHandler[id: 49; name: revertFile (48); status: COMPLETED; exit: 0; error: -; workDir: /input/data/work/2e/a5c70b61dc145d1877b4f9eca87230]
Dec-05 01:58:30.922 [Task monitor] DEBUG n.processor.TaskPollingMonitor - Task completed > TaskHandler[id: 53; name: revertFile (52); status: COMPLETED; exit: 0; error: -; workDir: /input/data/work/95/d8ae18494ced2e87d58f517e68de83]
Dec-05 01:58:30.959 [Task monitor] DEBUG n.processor.TaskPollingMonitor - Task completed > TaskHandler[id: 81; name: revertFile (80); status: COMPLETED; exit: 0; error: -; workDir: /input/data/work/2b/bbaee11ce801e0dd707141ff5ae951]
Dec-05 01:58:56.116 [Task monitor] DEBUG n.processor.TaskPollingMonitor - Task completed > TaskHandler[id: 99; name: revertFile (98); status: COMPLETED; exit: 0; error: -; workDir: /input/data/work/88/baf4b970c5ec2eb94807eb1eb78f87]
Dec-05 01:58:56.154 [Task monitor] DEBUG n.processor.TaskPollingMonitor - Task completed > TaskHandler[id: 66; name: revertFile (65); status: COMPLETED; exit: 0; error: -; workDir: /input/data/work/b1/00420a18cd6c37723d5dcb07b0de52]
Dec-05 01:58:56.188 [Task monitor] DEBUG n.processor.TaskPollingMonitor - Task completed > TaskHandler[id: 101; name: revertFile (100); status: COMPLETED; exit: 0; error: -; workDir: /input/data/work/e4/6b5abdd0234512ed2d4aca082d1f63]
Dec-05 01:59:10.880 [Task monitor] WARN  nextflow.k8s.client.K8sClient - K8s pod cannot be scheduled -- 0/8 nodes are available: 8 Insufficient cpu. preemption: 0/8 nodes are available: 8 No preemption victims found for incoming pod..
Dec-05 01:59:16.551 [Task monitor] DEBUG n.processor.TaskPollingMonitor - Task completed > TaskHandler[id: 73; name: revertFile (72); status: COMPLETED; exit: 0; error: -; workDir: /input/data/work/07/f1fb5bc4614de88ffda5a083a2670f]
Dec-05 02:00:10.893 [Task monitor] WARN  nextflow.k8s.client.K8sClient - K8s pod cannot be scheduled -- 0/8 nodes are available: 8 Insufficient cpu. preemption: 0/8 nodes are available: 8 No preemption victims found for incoming pod..
Dec-05 02:00:33.395 [Task monitor] DEBUG n.processor.TaskPollingMonitor - Task completed > TaskHandler[id: 95; name: revertFile (94); status: COMPLETED; exit: 0; error: -; workDir: /input/data/work/0b/7d936599dc84fa84d5dfa83667b5a7]
Dec-05 02:00:36.261 [Task monitor] DEBUG n.processor.TaskPollingMonitor - Task completed > TaskHandler[id: 62; name: revertFile (61); status: COMPLETED; exit: 0; error: -; workDir: /input/data/work/89/ef65d3c22752d7a269dd45a344b5e2]
Dec-05 02:00:39.114 [Task monitor] DEBUG n.processor.TaskPollingMonitor - Task completed > TaskHandler[id: 79; name: revertFile (78); status: COMPLETED; exit: 0; error: -; workDir: /input/data/work/ec/b8d78b08d26506eaa74b6031721fcc]
Dec-05 02:00:42.477 [Task monitor] DEBUG n.processor.TaskPollingMonitor - Task completed > TaskHandler[id: 85; name: revertFile (84); status: COMPLETED; exit: 0; error: -; workDir: /input/data/work/69/1568cc49f552cc605d20c1dbb49598]
Dec-05 02:00:44.304 [Task monitor] DEBUG n.processor.TaskPollingMonitor - Task completed > TaskHandler[id: 93; name: revertFile (92); status: COMPLETED; exit: 0; error: -; workDir: /input/data/work/b0/e9fb16b277795885f15ac4d2f98481]
Dec-05 02:00:45.911 [Task monitor] DEBUG n.processor.TaskPollingMonitor - Task completed > TaskHandler[id: 63; name: revertFile (62); status: COMPLETED; exit: 0; error: -; workDir: /input/data/work/cb/dca57d9237ae551a9e9353e1633690]
Dec-05 02:00:52.281 [Task monitor] DEBUG n.processor.TaskPollingMonitor - Task completed > TaskHandler[id: 46; name: revertFile (45); status: COMPLETED; exit: 0; error: -; workDir: /input/data/work/a2/2279684db6f787161489fa4e6b07a8]
Dec-05 02:00:52.535 [Task monitor] DEBUG n.processor.TaskPollingMonitor - Task completed > TaskHandler[id: 50; name: revertFile (49); status: COMPLETED; exit: 0; error: -; workDir: /input/data/work/ad/223ae0e4a7aad67c58696a36527a56]
Dec-05 02:00:52.730 [Task monitor] DEBUG n.processor.TaskPollingMonitor - Task completed > TaskHandler[id: 52; name: revertFile (51); status: COMPLETED; exit: 0; error: -; workDir: /input/data/work/e6/75b9015322a10619e88a0d85012c27]
Dec-05 02:00:52.990 [Task monitor] DEBUG n.processor.TaskPollingMonitor - Task completed > TaskHandler[id: 72; name: revertFile (71); status: COMPLETED; exit: 0; error: -; workDir: /input/data/work/e2/b36410ba9741e997e272902c55537c]
Dec-05 02:00:53.051 [Task monitor] DEBUG n.processor.TaskPollingMonitor - Task completed > TaskHandler[id: 75; name: revertFile (74); status: COMPLETED; exit: 0; error: -; workDir: /input/data/work/f2/1f5ddb8df4116c26730e5677b88384]
Dec-05 02:00:53.097 [Task monitor] DEBUG n.processor.TaskPollingMonitor - Task completed > TaskHandler[id: 76; name: revertFile (75); status: COMPLETED; exit: 0; error: -; workDir: /input/data/work/11/c024e05a81c8b2946650ef3591ff35]
Dec-05 02:00:53.148 [Task monitor] DEBUG n.processor.TaskPollingMonitor - Task completed > TaskHandler[id: 77; name: revertFile (76); status: COMPLETED; exit: 0; error: -; workDir: /input/data/work/57/15768a10a62cfb862e335ce353c4bd]
Dec-05 02:00:53.203 [Task monitor] DEBUG n.processor.TaskPollingMonitor - Task completed > TaskHandler[id: 83; name: revertFile (82); status: COMPLETED; exit: 0; error: -; workDir: /input/data/work/e5/8f214e08452005f6d64e7cce3dd475]
Dec-05 02:00:57.107 [Task monitor] DEBUG n.processor.TaskPollingMonitor - Task completed > TaskHandler[id: 58; name: revertFile (57); status: COMPLETED; exit: 0; error: -; workDir: /input/data/work/65/ee0b7b4dfe6917b579d872f47ba872]
Dec-05 02:00:57.207 [Task monitor] DEBUG n.processor.TaskPollingMonitor - Task completed > TaskHandler[id: 84; name: revertFile (83); status: COMPLETED; exit: 0; error: -; workDir: /input/data/work/2e/ecb3b3c12c0d0c10d162ce004d9f9e]
Dec-05 02:00:57.250 [Task monitor] DEBUG n.processor.TaskPollingMonitor - Task completed > TaskHandler[id: 38; name: revertFile (37); status: COMPLETED; exit: 0; error: -; workDir: /input/data/work/e4/ac137ee60e15339ea26bcb159b3a4d]
Dec-05 02:00:57.289 [Task monitor] DEBUG n.processor.TaskPollingMonitor - Task completed > TaskHandler[id: 37; name: revertFile (36); status: COMPLETED; exit: 0; error: -; workDir: /input/data/work/37/1f200471713e4b2b12188934bb8c48]
Dec-05 02:00:57.328 [Task monitor] DEBUG n.processor.TaskPollingMonitor - Task completed > TaskHandler[id: 34; name: revertFile (33); status: COMPLETED; exit: 0; error: -; workDir: /input/data/work/92/4498f838aa546592753d0085f6998f]
Dec-05 02:00:57.368 [Task monitor] DEBUG n.processor.TaskPollingMonitor - Task completed > TaskHandler[id: 74; name: revertFile (73); status: COMPLETED; exit: 0; error: -; workDir: /input/data/work/86/2b5e454db5df9c6e28c1d1c4c52816]
Dec-05 02:00:57.408 [Task monitor] DEBUG n.processor.TaskPollingMonitor - Task completed > TaskHandler[id: 59; name: revertFile (58); status: COMPLETED; exit: 0; error: -; workDir: /input/data/work/18/ce9ceff12c4c242cc01b0218fc6aa4]
Dec-05 02:00:57.449 [Task monitor] DEBUG n.processor.TaskPollingMonitor - Task completed > TaskHandler[id: 60; name: revertFile (59); status: COMPLETED; exit: 0; error: -; workDir: /input/data/work/f9/6aea664cabf202c44a1ead60ca5164]
Dec-05 02:00:57.484 [Task monitor] DEBUG n.processor.TaskPollingMonitor - Task completed > TaskHandler[id: 71; name: revertFile (70); status: COMPLETED; exit: 0; error: -; workDir: /input/data/work/53/2172f1e825d0f02943833daed7a963]
Dec-05 02:00:57.667 [Task monitor] DEBUG n.processor.TaskPollingMonitor - Task completed > TaskHandler[id: 96; name: revertFile (95); status: COMPLETED; exit: 0; error: -; workDir: /input/data/work/4d/f06ecec050e864982e915c87fd26e6]
Dec-05 02:01:22.175 [Task monitor] DEBUG n.processor.TaskPollingMonitor - Task completed > TaskHandler[id: 86; name: revertFile (85); status: COMPLETED; exit: 0; error: -; workDir: /input/data/work/69/cf517aac0073a746bbfafacb367967]
Dec-05 02:01:52.346 [Task monitor] DEBUG n.processor.TaskPollingMonitor - Task completed > TaskHandler[id: 89; name: revertFile (88); status: COMPLETED; exit: 0; error: -; workDir: /input/data/work/d7/9654945cb7a6456b97a2577e80ad7e]
Dec-05 02:01:52.729 [Task monitor] DEBUG n.processor.TaskPollingMonitor - Task completed > TaskHandler[id: 80; name: revertFile (79); status: COMPLETED; exit: 0; error: -; workDir: /input/data/work/9b/2c9a4b6d00d8e47021e0a15afe6c62]
Dec-05 02:01:53.094 [Task monitor] DEBUG n.processor.TaskPollingMonitor - Task completed > TaskHandler[id: 88; name: revertFile (87); status: COMPLETED; exit: 0; error: -; workDir: /input/data/work/d0/4a91faccfc8f27a3de0a6ae80020ac]
Dec-05 02:02:07.138 [Task monitor] DEBUG n.processor.TaskPollingMonitor - Task completed > TaskHandler[id: 78; name: revertFile (77); status: COMPLETED; exit: 0; error: -; workDir: /input/data/work/11/27a534ca765bd2bf80bf302ce57f63]
Dec-05 02:02:07.175 [Task monitor] DEBUG n.processor.TaskPollingMonitor - Task completed > TaskHandler[id: 82; name: revertFile (81); status: COMPLETED; exit: 0; error: -; workDir: /input/data/work/4c/571bc8e5a5bf38b9be3f0ae6824a30]
Dec-05 02:02:07.216 [Task monitor] DEBUG n.processor.TaskPollingMonitor - Task completed > TaskHandler[id: 91; name: revertFile (90); status: COMPLETED; exit: 0; error: -; workDir: /input/data/work/f2/bd829826dd497cbd8453afcb1447e9]
Dec-05 02:02:07.250 [Task monitor] DEBUG n.processor.TaskPollingMonitor - Task completed > TaskHandler[id: 92; name: revertFile (91); status: COMPLETED; exit: 0; error: -; workDir: /input/data/work/59/d03c249be53ab33b18d7ac9ef2b361]
Dec-05 02:02:07.283 [Task monitor] DEBUG n.processor.TaskPollingMonitor - Task completed > TaskHandler[id: 100; name: revertFile (99); status: COMPLETED; exit: 0; error: -; workDir: /input/data/work/25/adbe53407f17c9f10f7b96f0fc1040]
Dec-05 02:02:07.320 [Task monitor] DEBUG n.processor.TaskPollingMonitor - Task completed > TaskHandler[id: 98; name: revertFile (97); status: COMPLETED; exit: 0; error: -; workDir: /input/data/work/b2/5d8545abcca8c7599028241e9c7fc7]
Dec-05 02:02:22.206 [Task monitor] DEBUG n.processor.TaskPollingMonitor - Task completed > TaskHandler[id: 57; name: revertFile (56); status: COMPLETED; exit: 0; error: -; workDir: /input/data/work/b0/a3f6ab523a59b27c40dd3c263c5275]
Dec-05 02:02:32.112 [Task monitor] DEBUG n.processor.TaskPollingMonitor - Task completed > TaskHandler[id: 56; name: revertFile (55); status: COMPLETED; exit: 0; error: -; workDir: /input/data/work/86/4772872863eb91d089b3723f005ee1]
Dec-05 02:02:32.152 [Task monitor] DEBUG n.processor.TaskPollingMonitor - Task completed > TaskHandler[id: 97; name: revertFile (96); status: COMPLETED; exit: 0; error: -; workDir: /input/data/work/55/92cdbf6b8591cfaa989f5a9c59a48f]
Dec-05 02:02:32.189 [Task monitor] DEBUG n.processor.TaskPollingMonitor - Task completed > TaskHandler[id: 94; name: revertFile (93); status: COMPLETED; exit: 0; error: -; workDir: /input/data/work/58/34adb998dd057bedce62df24186c52]
Dec-05 02:02:32.191 [main] DEBUG nextflow.Session - Session await > all processes finished
Dec-05 02:02:32.192 [main] DEBUG nextflow.Session - Session await > all barriers passed
Dec-05 02:02:32.204 [main] DEBUG n.trace.WorkflowStatsObserver - Workflow completed > WorkflowStats[succeededCount=101; failedCount=0; ignoredCount=0; cachedCount=0; pendingCount=0; submittedCount=0; runningCount=0; retriesCount=0; abortedCount=0; succeedDuration=12h 36m 39s; failedDuration=0ms; cachedDuration=0ms;loadCpus=0; loadMemory=0; peakRunning=24; peakCpus=240; peakMemory=240 GB; ]
Dec-05 02:02:32.205 [main] DEBUG nextflow.trace.TraceFileObserver - Workflow completed -- saving trace file
Dec-05 02:02:32.218 [main] DEBUG nextflow.trace.ReportObserver - Workflow completed -- rendering execution report
Dec-05 02:02:32.810 [main] DEBUG nextflow.trace.TimelineObserver - Workflow completed -- rendering execution timeline
Dec-05 02:02:32.928 [main] DEBUG nextflow.cache.CacheDB - Closing CacheDB done
Dec-05 02:02:32.957 [main] DEBUG nextflow.util.ThreadPoolManager - Thread pool 'FileTransfer' shutdown completed (hard=false)
Dec-05 02:02:32.957 [main] DEBUG nextflow.script.ScriptRunner - > Execution complete -- Goodbye
