Dec-01 10:50:07.041 [main] DEBUG nextflow.cli.Launcher - $> nextflow run /input/chain -c /experiments/experiment/chain/nextflow.config -c /experiments/experiment/nextflow_la.config -c /experiments/experiment/nextflow_ceph.config
Dec-01 10:50:07.097 [main] INFO  nextflow.cli.CmdRun - N E X T F L O W  ~  version 23.07.0-edge
Dec-01 10:50:07.115 [main] DEBUG nextflow.plugin.PluginsFacade - Setting up plugin manager > mode=prod; embedded=false; plugins-dir=/.nextflow/plugins; core-plugins: nf-amazon@2.1.0,nf-azure@1.1.4,nf-cloudcache@0.1.0,nf-codecommit@0.1.5,nf-console@1.0.6,nf-ga4gh@1.1.0,nf-google@1.8.1,nf-tower@1.5.15,nf-wave@0.11.0
Dec-01 10:50:07.124 [main] INFO  o.pf4j.DefaultPluginStatusProvider - Enabled plugins: []
Dec-01 10:50:07.125 [main] INFO  o.pf4j.DefaultPluginStatusProvider - Disabled plugins: []
Dec-01 10:50:07.127 [main] INFO  org.pf4j.DefaultPluginManager - PF4J version 3.4.1 in 'deployment' mode
Dec-01 10:50:07.135 [main] INFO  org.pf4j.AbstractPluginManager - No plugins
Dec-01 10:50:07.153 [main] DEBUG nextflow.scm.AssetManager - Project manifest does not exist: /input/chain/nextflow.config (No such file or directory)
Dec-01 10:50:07.174 [main] DEBUG nextflow.config.ConfigBuilder - User config file: /experiments/experiment/chain/nextflow.config
Dec-01 10:50:07.174 [main] DEBUG nextflow.config.ConfigBuilder - User config file: /experiments/experiment/nextflow_la.config
Dec-01 10:50:07.174 [main] DEBUG nextflow.config.ConfigBuilder - User config file: /experiments/experiment/nextflow_ceph.config
Dec-01 10:50:07.174 [main] DEBUG nextflow.config.ConfigBuilder - Parsing config file: /experiments/experiment/chain/nextflow.config
Dec-01 10:50:07.174 [main] DEBUG nextflow.config.ConfigBuilder - Parsing config file: /experiments/experiment/nextflow_la.config
Dec-01 10:50:07.174 [main] DEBUG nextflow.config.ConfigBuilder - Parsing config file: /experiments/experiment/nextflow_ceph.config
Dec-01 10:50:07.188 [main] DEBUG nextflow.config.ConfigBuilder - Applying config profile: `standard`
Dec-01 10:50:07.696 [main] DEBUG nextflow.config.ConfigBuilder - Applying config profile: `standard`
Dec-01 10:50:07.848 [main] DEBUG nextflow.config.ConfigBuilder - Applying config profile: `standard`
Dec-01 10:50:07.875 [main] DEBUG nextflow.cli.CmdRun - Applied DSL=2 by global default
Dec-01 10:50:07.888 [main] INFO  nextflow.cli.CmdRun - Launching `/input/chain/main.nf` [cranky_picasso] DSL2 - revision: c6264bd70c
Dec-01 10:50:07.888 [main] DEBUG nextflow.plugin.PluginsFacade - Plugins default=[]
Dec-01 10:50:07.888 [main] DEBUG nextflow.plugin.PluginsFacade - Plugins resolved requirement=[]
Dec-01 10:50:07.896 [main] DEBUG n.secret.LocalSecretsProvider - Secrets store: /.nextflow/secrets/store.json
Dec-01 10:50:07.898 [main] DEBUG nextflow.secret.SecretsLoader - Discovered secrets providers: [nextflow.secret.LocalSecretsProvider@20d87335] - activable => nextflow.secret.LocalSecretsProvider@20d87335
Dec-01 10:50:07.950 [main] DEBUG nextflow.Session - Session UUID: b392d92a-5f35-4f1a-ad19-99cd9ed183d2
Dec-01 10:50:07.950 [main] DEBUG nextflow.Session - Run name: cranky_picasso
Dec-01 10:50:07.950 [main] DEBUG nextflow.Session - Executor pool size: 32
Dec-01 10:50:07.958 [main] DEBUG nextflow.file.FilePorter - File porter settings maxRetries=3; maxTransfers=50; pollTimeout=null
Dec-01 10:50:07.963 [main] DEBUG nextflow.util.ThreadPoolBuilder - Creating thread pool 'FileTransfer' minSize=10; maxSize=96; workQueue=LinkedBlockingQueue[10000]; allowCoreThreadTimeout=false
Dec-01 10:50:07.994 [main] DEBUG nextflow.cli.CmdRun - 
  Version: 23.07.0-edge build 5875
  Created: 28-07-2023 20:27 UTC (20:27 GMT)
  System: Linux 5.4.0-166-generic
  Runtime: Groovy 3.0.18 on OpenJDK 64-Bit Server VM 17.0.6+10-LTS
  Encoding: UTF-8 (UTF-8)
  Process: 3296109@nextflow [10.233.76.46]
  CPUs: 32 - Mem: 125.7 GB (121.1 GB) - Swap: 0 (0)
Dec-01 10:50:08.026 [main] DEBUG nextflow.Session - Work-dir: /input/data/work [ceph]
Dec-01 10:50:08.026 [main] DEBUG nextflow.Session - Script base path does not exist or is not a directory: /input/chain/bin
Dec-01 10:50:08.035 [main] DEBUG nextflow.executor.ExecutorFactory - Extension executors providers=[]
Dec-01 10:50:08.043 [main] DEBUG nextflow.Session - Observer factory: DefaultObserverFactory
Dec-01 10:50:08.072 [main] DEBUG nextflow.cache.CacheFactory - Using Nextflow cache factory: nextflow.cache.DefaultCacheFactory
Dec-01 10:50:08.080 [main] DEBUG nextflow.util.CustomThreadPool - Creating default thread pool > poolSize: 33; maxThreads: 1000
Dec-01 10:50:08.170 [main] DEBUG nextflow.Session - Session start
Dec-01 10:50:08.175 [main] DEBUG nextflow.trace.TraceFileObserver - Workflow started -- trace file: /input/data/output/trace.csv
Dec-01 10:50:08.296 [main] DEBUG nextflow.script.ScriptRunner - > Launching execution
Dec-01 10:50:08.520 [main] DEBUG nextflow.script.ProcessConfig - Config settings `withName:writeLargeFile` matches process writeLargeFile
Dec-01 10:50:08.529 [main] DEBUG nextflow.executor.ExecutorFactory - << taskConfig executor: k8s
Dec-01 10:50:08.530 [main] DEBUG nextflow.executor.ExecutorFactory - >> processorType: 'k8s'
Dec-01 10:50:08.537 [main] DEBUG nextflow.executor.Executor - [warm up] executor > k8s
Dec-01 10:50:08.554 [main] DEBUG n.processor.TaskPollingMonitor - Creating task monitor for executor 'k8s' > capacity: 300; pollInterval: 5s; dumpInterval: 5m; schedulerBatch: null
Dec-01 10:50:08.558 [main] DEBUG nextflow.k8s.client.ConfigDiscovery - K8s config file does not exist: /root/.kube/config
Dec-01 10:50:08.569 [main] DEBUG nextflow.k8s.K8sExecutor - [K8s] config=[localPath:/localdata, localStorageMountPath:/localdata, scheduler:[strategy:LAv2, name:workflow-scheduler, autoClose:false, nodeSelector:usedby=anonymized, container:anonymized/test1:sch_v194], storage:[type:copy, workdir:/localdata/localwork/, nodeSelector:usedby=anonymized, imageName:anonymized/test1:ftp_v122], debug:[yaml:true], namespace:anonymized, serviceAccount:nextflow, workDir:/input/data/work/, projectDir:/input/data/project/, imagePullPolicy:IfNotPresent, launchDir:/input/data/launch/, runAsUser:0, fetchNodeName:true, storageMountPath:/input, pod:[nodeSelector:usedby=anonymized], storageClaimName:ceph-data]; API client config=ClientConfig[ server=10.233.0.1:443, namespace=anonymized, serviceAccount=nextflow, token=eyJhbGciOiJ.., sslCert=LS0tLS1CRUd.., clientCert=-, clientKey=-, verifySsl=false, fromFile=true, httpReadTimeout=null, httpConnectTimeout=null, maxErrorRetry=4 ]
Dec-01 10:50:09.026 [main] DEBUG nextflow.k8s.K8sExecutor - Created K8s configMap with name: nf-get-stat-41cac373
Dec-01 10:50:12.718 [main] DEBUG nextflow.script.ProcessConfig - Config settings `withName:revertFile` matches process revertFile
Dec-01 10:50:12.720 [main] DEBUG nextflow.executor.ExecutorFactory - << taskConfig executor: k8s
Dec-01 10:50:12.720 [main] DEBUG nextflow.executor.ExecutorFactory - >> processorType: 'k8s'
Dec-01 10:50:12.735 [main] DEBUG nextflow.Session - Workflow process names [dsl2]: revertFile, combineFiles, writeLargeFile
Dec-01 10:50:12.737 [main] DEBUG nextflow.Session - Igniting dataflow network (3)
Dec-01 10:50:12.740 [main] DEBUG nextflow.processor.TaskProcessor - Starting process > writeLargeFile
Dec-01 10:50:12.741 [main] DEBUG nextflow.processor.TaskProcessor - Starting process > revertFile
Dec-01 10:50:12.741 [main] DEBUG nextflow.script.ScriptRunner - > Awaiting termination 
Dec-01 10:50:12.741 [main] DEBUG nextflow.Session - Session await
Dec-01 10:50:13.015 [Task submitter] INFO  nextflow.Session - [56/8a5adc] Submitted process > writeLargeFile (15)
Dec-01 10:50:13.058 [Task submitter] INFO  nextflow.Session - [5d/cc358d] Submitted process > writeLargeFile (1)
Dec-01 10:50:13.135 [Task submitter] INFO  nextflow.Session - [0f/9c6da2] Submitted process > writeLargeFile (26)
Dec-01 10:50:13.175 [Task submitter] INFO  nextflow.Session - [37/21e80f] Submitted process > writeLargeFile (28)
Dec-01 10:50:13.211 [Task submitter] INFO  nextflow.Session - [87/912bab] Submitted process > writeLargeFile (12)
Dec-01 10:50:13.247 [Task submitter] INFO  nextflow.Session - [db/59fe0a] Submitted process > writeLargeFile (7)
Dec-01 10:50:13.284 [Task submitter] INFO  nextflow.Session - [56/1aa87d] Submitted process > writeLargeFile (25)
Dec-01 10:50:13.321 [Task submitter] INFO  nextflow.Session - [83/156840] Submitted process > writeLargeFile (22)
Dec-01 10:50:13.358 [Task submitter] INFO  nextflow.Session - [6a/624a8b] Submitted process > writeLargeFile (13)
Dec-01 10:50:13.392 [Task submitter] INFO  nextflow.Session - [f6/326c56] Submitted process > writeLargeFile (11)
Dec-01 10:50:13.428 [Task submitter] INFO  nextflow.Session - [94/7d6dbc] Submitted process > writeLargeFile (6)
Dec-01 10:50:13.462 [Task submitter] INFO  nextflow.Session - [46/fa6dcd] Submitted process > writeLargeFile (3)
Dec-01 10:50:13.495 [Task submitter] INFO  nextflow.Session - [03/06eaaf] Submitted process > writeLargeFile (17)
Dec-01 10:50:13.529 [Task submitter] INFO  nextflow.Session - [fb/767bb4] Submitted process > writeLargeFile (14)
Dec-01 10:50:13.560 [Task submitter] INFO  nextflow.Session - [c0/951ef6] Submitted process > writeLargeFile (18)
Dec-01 10:50:13.598 [Task submitter] INFO  nextflow.Session - [fc/e2449e] Submitted process > writeLargeFile (21)
Dec-01 10:50:13.631 [Task submitter] INFO  nextflow.Session - [07/c10eea] Submitted process > writeLargeFile (20)
Dec-01 10:50:13.664 [Task submitter] INFO  nextflow.Session - [f2/ed0348] Submitted process > writeLargeFile (23)
Dec-01 10:50:13.704 [Task submitter] INFO  nextflow.Session - [56/4e5d7e] Submitted process > writeLargeFile (30)
Dec-01 10:50:13.734 [Task submitter] INFO  nextflow.Session - [43/42c7d9] Submitted process > writeLargeFile (31)
Dec-01 10:50:13.766 [Task submitter] INFO  nextflow.Session - [0f/f23e85] Submitted process > writeLargeFile (2)
Dec-01 10:50:13.797 [Task submitter] INFO  nextflow.Session - [f2/a4b54c] Submitted process > writeLargeFile (16)
Dec-01 10:50:13.829 [Task submitter] INFO  nextflow.Session - [4a/675b90] Submitted process > writeLargeFile (5)
Dec-01 10:50:13.863 [Task submitter] INFO  nextflow.Session - [8d/64aee7] Submitted process > writeLargeFile (24)
Dec-01 10:50:13.891 [Task submitter] INFO  nextflow.Session - [aa/1f08f1] Submitted process > writeLargeFile (27)
Dec-01 10:50:13.922 [Task submitter] INFO  nextflow.Session - [0d/8259d1] Submitted process > writeLargeFile (19)
Dec-01 10:50:13.957 [Task submitter] INFO  nextflow.Session - [16/c51c7d] Submitted process > writeLargeFile (29)
Dec-01 10:50:13.990 [Task submitter] INFO  nextflow.Session - [d2/45bde7] Submitted process > writeLargeFile (9)
Dec-01 10:50:14.021 [Task submitter] INFO  nextflow.Session - [83/c6e554] Submitted process > writeLargeFile (4)
Dec-01 10:50:14.063 [Task submitter] INFO  nextflow.Session - [ce/4884ee] Submitted process > writeLargeFile (10)
Dec-01 10:50:14.094 [Task submitter] INFO  nextflow.Session - [b9/757bfd] Submitted process > writeLargeFile (32)
Dec-01 10:50:14.124 [Task submitter] INFO  nextflow.Session - [e8/28b478] Submitted process > writeLargeFile (8)
Dec-01 10:50:14.152 [Task submitter] INFO  nextflow.Session - [9b/a6a06d] Submitted process > writeLargeFile (33)
Dec-01 10:50:14.178 [Task submitter] INFO  nextflow.Session - [09/17d02d] Submitted process > writeLargeFile (34)
Dec-01 10:50:14.209 [Task submitter] INFO  nextflow.Session - [f5/36d6cf] Submitted process > writeLargeFile (35)
Dec-01 10:50:14.238 [Task submitter] INFO  nextflow.Session - [13/54ca5f] Submitted process > writeLargeFile (36)
Dec-01 10:50:14.265 [Task submitter] INFO  nextflow.Session - [a4/ff46c9] Submitted process > writeLargeFile (38)
Dec-01 10:50:14.294 [Task submitter] INFO  nextflow.Session - [5a/349921] Submitted process > writeLargeFile (37)
Dec-01 10:50:14.324 [Task submitter] INFO  nextflow.Session - [8d/878161] Submitted process > writeLargeFile (40)
Dec-01 10:50:14.354 [Task submitter] INFO  nextflow.Session - [82/691257] Submitted process > writeLargeFile (39)
Dec-01 10:50:14.383 [Task submitter] INFO  nextflow.Session - [7b/878ae3] Submitted process > writeLargeFile (41)
Dec-01 10:50:14.414 [Task submitter] INFO  nextflow.Session - [01/6dc3a6] Submitted process > writeLargeFile (42)
Dec-01 10:50:14.444 [Task submitter] INFO  nextflow.Session - [26/675e0a] Submitted process > writeLargeFile (43)
Dec-01 10:50:14.472 [Task submitter] INFO  nextflow.Session - [61/c7330f] Submitted process > writeLargeFile (44)
Dec-01 10:50:14.505 [Task submitter] INFO  nextflow.Session - [a8/3fb184] Submitted process > writeLargeFile (45)
Dec-01 10:50:14.535 [Task submitter] INFO  nextflow.Session - [7f/59ab12] Submitted process > writeLargeFile (46)
Dec-01 10:50:14.569 [Task submitter] INFO  nextflow.Session - [fa/4a6d81] Submitted process > writeLargeFile (47)
Dec-01 10:50:14.594 [Task submitter] INFO  nextflow.Session - [7c/f302ca] Submitted process > writeLargeFile (48)
Dec-01 10:50:14.624 [Task submitter] INFO  nextflow.Session - [e8/04b72f] Submitted process > writeLargeFile (77)
Dec-01 10:50:14.650 [Task submitter] INFO  nextflow.Session - [d6/d4e4c9] Submitted process > writeLargeFile (49)
Dec-01 10:50:14.683 [Task submitter] INFO  nextflow.Session - [b8/b59d1d] Submitted process > writeLargeFile (51)
Dec-01 10:50:14.714 [Task submitter] INFO  nextflow.Session - [47/5ec5a8] Submitted process > writeLargeFile (50)
Dec-01 10:50:14.742 [Task submitter] INFO  nextflow.Session - [a2/6d207c] Submitted process > writeLargeFile (52)
Dec-01 10:50:14.772 [Task submitter] INFO  nextflow.Session - [12/284f0d] Submitted process > writeLargeFile (53)
Dec-01 10:50:14.804 [Task submitter] INFO  nextflow.Session - [bd/e2e227] Submitted process > writeLargeFile (54)
Dec-01 10:50:14.831 [Task submitter] INFO  nextflow.Session - [29/3f044d] Submitted process > writeLargeFile (55)
Dec-01 10:50:14.860 [Task submitter] INFO  nextflow.Session - [28/67203b] Submitted process > writeLargeFile (56)
Dec-01 10:50:14.890 [Task submitter] INFO  nextflow.Session - [2d/64865f] Submitted process > writeLargeFile (57)
Dec-01 10:50:14.926 [Task submitter] INFO  nextflow.Session - [ef/2ed6f2] Submitted process > writeLargeFile (58)
Dec-01 10:50:14.956 [Task submitter] INFO  nextflow.Session - [e8/f7efe0] Submitted process > writeLargeFile (59)
Dec-01 10:50:14.984 [Task submitter] INFO  nextflow.Session - [41/2a8b40] Submitted process > writeLargeFile (60)
Dec-01 10:50:15.016 [Task submitter] INFO  nextflow.Session - [c8/d635f6] Submitted process > writeLargeFile (61)
Dec-01 10:50:15.045 [Task submitter] INFO  nextflow.Session - [9b/5eab44] Submitted process > writeLargeFile (63)
Dec-01 10:50:15.080 [Task submitter] INFO  nextflow.Session - [63/54a054] Submitted process > writeLargeFile (62)
Dec-01 10:50:15.109 [Task submitter] INFO  nextflow.Session - [fb/b141ea] Submitted process > writeLargeFile (64)
Dec-01 10:50:15.145 [Task submitter] INFO  nextflow.Session - [59/82f7f7] Submitted process > writeLargeFile (67)
Dec-01 10:50:15.173 [Task submitter] INFO  nextflow.Session - [73/0569c2] Submitted process > writeLargeFile (68)
Dec-01 10:50:15.202 [Task submitter] INFO  nextflow.Session - [00/55aad2] Submitted process > writeLargeFile (66)
Dec-01 10:50:15.232 [Task submitter] INFO  nextflow.Session - [3c/a919ed] Submitted process > writeLargeFile (65)
Dec-01 10:50:15.265 [Task submitter] INFO  nextflow.Session - [9e/a58520] Submitted process > writeLargeFile (69)
Dec-01 10:50:15.297 [Task submitter] INFO  nextflow.Session - [8c/7ccfcd] Submitted process > writeLargeFile (70)
Dec-01 10:50:15.327 [Task submitter] INFO  nextflow.Session - [20/904eb8] Submitted process > writeLargeFile (71)
Dec-01 10:50:15.354 [Task submitter] INFO  nextflow.Session - [52/8ca776] Submitted process > writeLargeFile (72)
Dec-01 10:50:15.384 [Task submitter] INFO  nextflow.Session - [17/0a4e6d] Submitted process > writeLargeFile (74)
Dec-01 10:50:15.413 [Task submitter] INFO  nextflow.Session - [ba/8404b9] Submitted process > writeLargeFile (73)
Dec-01 10:50:15.443 [Task submitter] INFO  nextflow.Session - [18/0e320c] Submitted process > writeLargeFile (75)
Dec-01 10:50:15.527 [Task submitter] INFO  nextflow.Session - [18/50d81d] Submitted process > writeLargeFile (76)
Dec-01 10:50:15.565 [Task submitter] INFO  nextflow.Session - [89/44d9a7] Submitted process > writeLargeFile (78)
Dec-01 10:50:15.596 [Task submitter] INFO  nextflow.Session - [31/c5025c] Submitted process > writeLargeFile (79)
Dec-01 10:50:15.625 [Task submitter] INFO  nextflow.Session - [6d/233926] Submitted process > writeLargeFile (80)
Dec-01 10:50:15.655 [Task submitter] INFO  nextflow.Session - [6e/6bc4fd] Submitted process > writeLargeFile (81)
Dec-01 10:50:15.682 [Task submitter] INFO  nextflow.Session - [17/875acd] Submitted process > writeLargeFile (82)
Dec-01 10:50:15.738 [Task submitter] INFO  nextflow.Session - [7b/f74caf] Submitted process > writeLargeFile (83)
Dec-01 10:50:15.803 [Task submitter] INFO  nextflow.Session - [4a/63df88] Submitted process > writeLargeFile (84)
Dec-01 10:50:15.828 [Task submitter] INFO  nextflow.Session - [c6/c20d1a] Submitted process > writeLargeFile (85)
Dec-01 10:50:15.855 [Task submitter] INFO  nextflow.Session - [1d/9d1ce7] Submitted process > writeLargeFile (87)
Dec-01 10:50:15.884 [Task submitter] INFO  nextflow.Session - [33/fe5084] Submitted process > writeLargeFile (88)
Dec-01 10:50:15.910 [Task submitter] INFO  nextflow.Session - [70/989f86] Submitted process > writeLargeFile (86)
Dec-01 10:50:15.967 [Task submitter] INFO  nextflow.Session - [4d/f008d2] Submitted process > writeLargeFile (89)
Dec-01 10:50:16.015 [Task submitter] INFO  nextflow.Session - [21/d49083] Submitted process > writeLargeFile (92)
Dec-01 10:50:16.045 [Task submitter] INFO  nextflow.Session - [04/abaf7a] Submitted process > writeLargeFile (91)
Dec-01 10:50:16.074 [Task submitter] INFO  nextflow.Session - [74/59ecfd] Submitted process > writeLargeFile (90)
Dec-01 10:50:16.101 [Task submitter] INFO  nextflow.Session - [5c/92708d] Submitted process > writeLargeFile (94)
Dec-01 10:50:16.129 [Task submitter] INFO  nextflow.Session - [25/e2b760] Submitted process > writeLargeFile (93)
Dec-01 10:50:16.208 [Task submitter] INFO  nextflow.Session - [16/fe9cb9] Submitted process > writeLargeFile (95)
Dec-01 10:50:16.260 [Task submitter] INFO  nextflow.Session - [ff/6366c1] Submitted process > writeLargeFile (97)
Dec-01 10:50:16.288 [Task submitter] INFO  nextflow.Session - [12/4098d2] Submitted process > writeLargeFile (96)
Dec-01 10:50:16.318 [Task submitter] INFO  nextflow.Session - [78/594878] Submitted process > writeLargeFile (99)
Dec-01 10:50:16.347 [Task submitter] INFO  nextflow.Session - [23/e07a1f] Submitted process > writeLargeFile (98)
Dec-01 10:50:16.375 [Task submitter] INFO  nextflow.Session - [e4/f5d883] Submitted process > writeLargeFile (100)
Dec-01 10:50:26.585 [Task monitor] DEBUG n.processor.TaskPollingMonitor - Task completed > TaskHandler[id: 15; name: writeLargeFile (15); status: COMPLETED; exit: 0; error: -; workDir: /input/data/work/56/8a5adcab6291cadc46b1f5d585130c]
Dec-01 10:50:26.672 [Task monitor] DEBUG n.processor.TaskPollingMonitor - Task completed > TaskHandler[id: 1; name: writeLargeFile (1); status: COMPLETED; exit: 0; error: -; workDir: /input/data/work/5d/cc358d24b51bc51e4cc16fcda72c1d]
Dec-01 10:50:26.674 [Task submitter] INFO  nextflow.Session - [db/40528d] Submitted process > revertFile (15)
Dec-01 10:50:26.706 [Task submitter] INFO  nextflow.Session - [7f/3cf34f] Submitted process > revertFile (1)
Dec-01 10:50:26.724 [Task monitor] DEBUG n.processor.TaskPollingMonitor - Task completed > TaskHandler[id: 26; name: writeLargeFile (26); status: COMPLETED; exit: 0; error: -; workDir: /input/data/work/0f/9c6da26194fa4884efcd617b4d88cf]
Dec-01 10:50:26.776 [Task submitter] INFO  nextflow.Session - [65/eb4b06] Submitted process > revertFile (26)
Dec-01 10:50:26.814 [Task monitor] DEBUG n.processor.TaskPollingMonitor - Task completed > TaskHandler[id: 28; name: writeLargeFile (28); status: COMPLETED; exit: 0; error: -; workDir: /input/data/work/37/21e80fab895be71124aaee897e98fa]
Dec-01 10:50:26.849 [Task submitter] INFO  nextflow.Session - [e8/158097] Submitted process > revertFile (28)
Dec-01 10:50:26.880 [Task monitor] DEBUG n.processor.TaskPollingMonitor - Task completed > TaskHandler[id: 12; name: writeLargeFile (12); status: COMPLETED; exit: 0; error: -; workDir: /input/data/work/87/912bab499d7c034c5741a3c3d56875]
Dec-01 10:50:26.912 [Task submitter] INFO  nextflow.Session - [2b/a6daf6] Submitted process > revertFile (12)
Dec-01 10:50:26.947 [Task monitor] DEBUG n.processor.TaskPollingMonitor - Task completed > TaskHandler[id: 7; name: writeLargeFile (7); status: COMPLETED; exit: 0; error: -; workDir: /input/data/work/db/59fe0a0af2dc6a1461e6eef5602fcf]
Dec-01 10:50:26.983 [Task submitter] INFO  nextflow.Session - [32/624547] Submitted process > revertFile (7)
Dec-01 10:50:27.012 [Task monitor] DEBUG n.processor.TaskPollingMonitor - Task completed > TaskHandler[id: 25; name: writeLargeFile (25); status: COMPLETED; exit: 0; error: -; workDir: /input/data/work/56/1aa87d800d53fa72fe2fe399fae994]
Dec-01 10:50:27.047 [Task submitter] INFO  nextflow.Session - [6b/f64acd] Submitted process > revertFile (25)
Dec-01 10:50:27.084 [Task monitor] DEBUG n.processor.TaskPollingMonitor - Task completed > TaskHandler[id: 22; name: writeLargeFile (22); status: COMPLETED; exit: 0; error: -; workDir: /input/data/work/83/15684053ed4a1229ee19f64686eba4]
Dec-01 10:50:27.125 [Task submitter] INFO  nextflow.Session - [5d/668baf] Submitted process > revertFile (22)
Dec-01 10:50:27.151 [Task monitor] DEBUG n.processor.TaskPollingMonitor - Task completed > TaskHandler[id: 13; name: writeLargeFile (13); status: COMPLETED; exit: 0; error: -; workDir: /input/data/work/6a/624a8b8e2bb6a9d52ed8597efd148e]
Dec-01 10:50:27.185 [Task submitter] INFO  nextflow.Session - [b9/7569f2] Submitted process > revertFile (13)
Dec-01 10:50:27.212 [Task monitor] DEBUG n.processor.TaskPollingMonitor - Task completed > TaskHandler[id: 11; name: writeLargeFile (11); status: COMPLETED; exit: 0; error: -; workDir: /input/data/work/f6/326c562dac5563a25baab89046bfff]
Dec-01 10:50:27.255 [Task submitter] INFO  nextflow.Session - [ae/a52cef] Submitted process > revertFile (11)
Dec-01 10:50:27.283 [Task monitor] DEBUG n.processor.TaskPollingMonitor - Task completed > TaskHandler[id: 6; name: writeLargeFile (6); status: COMPLETED; exit: 0; error: -; workDir: /input/data/work/94/7d6dbc1d4b0eefd01b9a0dfe9518c1]
Dec-01 10:50:27.318 [Task submitter] INFO  nextflow.Session - [25/10395b] Submitted process > revertFile (6)
Dec-01 10:50:27.343 [Task monitor] DEBUG n.processor.TaskPollingMonitor - Task completed > TaskHandler[id: 3; name: writeLargeFile (3); status: COMPLETED; exit: 0; error: -; workDir: /input/data/work/46/fa6dcd95fdfe989b0ebbc450ccf549]
Dec-01 10:50:27.378 [Task submitter] INFO  nextflow.Session - [d1/4602d7] Submitted process > revertFile (3)
Dec-01 10:50:27.397 [Task monitor] DEBUG n.processor.TaskPollingMonitor - Task completed > TaskHandler[id: 17; name: writeLargeFile (17); status: COMPLETED; exit: 0; error: -; workDir: /input/data/work/03/06eaaf296ca20172d22313e3f104dc]
Dec-01 10:50:27.430 [Task submitter] INFO  nextflow.Session - [4b/8a6e8b] Submitted process > revertFile (17)
Dec-01 10:50:27.450 [Task monitor] DEBUG n.processor.TaskPollingMonitor - Task completed > TaskHandler[id: 14; name: writeLargeFile (14); status: COMPLETED; exit: 0; error: -; workDir: /input/data/work/fb/767bb4c48102c0900839be4f40f799]
Dec-01 10:50:27.484 [Task submitter] INFO  nextflow.Session - [42/204bc6] Submitted process > revertFile (14)
Dec-01 10:50:27.504 [Task monitor] DEBUG n.processor.TaskPollingMonitor - Task completed > TaskHandler[id: 18; name: writeLargeFile (18); status: COMPLETED; exit: 0; error: -; workDir: /input/data/work/c0/951ef655b993c6c7d316e9b39adf31]
Dec-01 10:50:27.540 [Task submitter] INFO  nextflow.Session - [6e/35f072] Submitted process > revertFile (18)
Dec-01 10:50:27.555 [Task monitor] DEBUG n.processor.TaskPollingMonitor - Task completed > TaskHandler[id: 21; name: writeLargeFile (21); status: COMPLETED; exit: 0; error: -; workDir: /input/data/work/fc/e2449e3d4e9d46eea9d5df9a73f8f9]
Dec-01 10:50:27.596 [Task submitter] INFO  nextflow.Session - [33/2c55cc] Submitted process > revertFile (21)
Dec-01 10:50:27.617 [Task monitor] DEBUG n.processor.TaskPollingMonitor - Task completed > TaskHandler[id: 20; name: writeLargeFile (20); status: COMPLETED; exit: 0; error: -; workDir: /input/data/work/07/c10eead71a5da6887be9b3a76c2389]
Dec-01 10:50:27.653 [Task submitter] INFO  nextflow.Session - [6e/8b5c61] Submitted process > revertFile (20)
Dec-01 10:50:27.688 [Task monitor] DEBUG n.processor.TaskPollingMonitor - Task completed > TaskHandler[id: 23; name: writeLargeFile (23); status: COMPLETED; exit: 0; error: -; workDir: /input/data/work/f2/ed03482af97d3c5f5998e1bc1dc3c3]
Dec-01 10:50:27.724 [Task submitter] INFO  nextflow.Session - [60/188b1d] Submitted process > revertFile (23)
Dec-01 10:50:27.737 [Task monitor] DEBUG n.processor.TaskPollingMonitor - Task completed > TaskHandler[id: 30; name: writeLargeFile (30); status: COMPLETED; exit: 0; error: -; workDir: /input/data/work/56/4e5d7e9f384846e3e84b79d4d9d892]
Dec-01 10:50:27.770 [Task submitter] INFO  nextflow.Session - [6f/554415] Submitted process > revertFile (30)
Dec-01 10:50:27.795 [Task monitor] DEBUG n.processor.TaskPollingMonitor - Task completed > TaskHandler[id: 31; name: writeLargeFile (31); status: COMPLETED; exit: 0; error: -; workDir: /input/data/work/43/42c7d939de00874603e38d4a160147]
Dec-01 10:50:27.830 [Task submitter] INFO  nextflow.Session - [2d/57d5e9] Submitted process > revertFile (31)
Dec-01 10:50:27.865 [Task monitor] DEBUG n.processor.TaskPollingMonitor - Task completed > TaskHandler[id: 2; name: writeLargeFile (2); status: COMPLETED; exit: 0; error: -; workDir: /input/data/work/0f/f23e859a771224ce8f58c0310c0c4a]
Dec-01 10:50:27.908 [Task submitter] INFO  nextflow.Session - [9a/c0bc6d] Submitted process > revertFile (2)
Dec-01 10:50:27.921 [Task monitor] DEBUG n.processor.TaskPollingMonitor - Task completed > TaskHandler[id: 16; name: writeLargeFile (16); status: COMPLETED; exit: 0; error: -; workDir: /input/data/work/f2/a4b54c2647c093825a90f58e5b0450]
Dec-01 10:50:27.977 [Task monitor] DEBUG n.processor.TaskPollingMonitor - Task completed > TaskHandler[id: 5; name: writeLargeFile (5); status: COMPLETED; exit: 0; error: -; workDir: /input/data/work/4a/675b904f57f280d97df358ba54d6e9]
Dec-01 10:50:28.056 [Task submitter] INFO  nextflow.Session - [a5/3ccd77] Submitted process > revertFile (16)
Dec-01 10:50:28.086 [Task submitter] INFO  nextflow.Session - [b9/c78efd] Submitted process > revertFile (5)
Dec-01 10:50:28.168 [Task monitor] DEBUG n.processor.TaskPollingMonitor - Task completed > TaskHandler[id: 24; name: writeLargeFile (24); status: COMPLETED; exit: 0; error: -; workDir: /input/data/work/8d/64aee7073cb6a807fdfcf8c744df06]
Dec-01 10:50:28.274 [Task submitter] INFO  nextflow.Session - [70/cbc3f0] Submitted process > revertFile (24)
Dec-01 10:50:34.542 [Task monitor] DEBUG n.processor.TaskPollingMonitor - Task completed > TaskHandler[id: 90; name: writeLargeFile (90); status: COMPLETED; exit: 0; error: -; workDir: /input/data/work/74/59ecfddb3096f0fd0ffa4ca83e6fe7]
Dec-01 10:50:34.605 [Task submitter] INFO  nextflow.Session - [7d/64a116] Submitted process > revertFile (90)
Dec-01 10:50:34.653 [Task monitor] DEBUG n.processor.TaskPollingMonitor - Task completed > TaskHandler[id: 94; name: writeLargeFile (94); status: COMPLETED; exit: 0; error: -; workDir: /input/data/work/5c/92708de6040d8a09d12efdb6907574]
Dec-01 10:50:34.717 [Task submitter] INFO  nextflow.Session - [a4/265025] Submitted process > revertFile (94)
Dec-01 10:50:34.880 [Task monitor] DEBUG n.processor.TaskPollingMonitor - Task completed > TaskHandler[id: 93; name: writeLargeFile (93); status: COMPLETED; exit: 0; error: -; workDir: /input/data/work/25/e2b76057fe7a503da9a17225cfcc19]
Dec-01 10:50:34.951 [Task submitter] INFO  nextflow.Session - [2c/079027] Submitted process > revertFile (93)
Dec-01 10:50:35.022 [Task monitor] DEBUG n.processor.TaskPollingMonitor - Task completed > TaskHandler[id: 95; name: writeLargeFile (95); status: COMPLETED; exit: 0; error: -; workDir: /input/data/work/16/fe9cb97bfaa94b7284ed1a9fa8fbf5]
Dec-01 10:50:35.102 [Task submitter] INFO  nextflow.Session - [a2/1a105a] Submitted process > revertFile (95)
Dec-01 10:50:35.141 [Task monitor] DEBUG n.processor.TaskPollingMonitor - Task completed > TaskHandler[id: 97; name: writeLargeFile (97); status: COMPLETED; exit: 0; error: -; workDir: /input/data/work/ff/6366c153b8f1c9c25c824a9ce800f1]
Dec-01 10:50:35.224 [Task submitter] INFO  nextflow.Session - [e5/7d7000] Submitted process > revertFile (97)
Dec-01 10:50:35.372 [Task monitor] DEBUG n.processor.TaskPollingMonitor - Task completed > TaskHandler[id: 99; name: writeLargeFile (99); status: COMPLETED; exit: 0; error: -; workDir: /input/data/work/78/5948786a7321602217edb836732e9c]
Dec-01 10:50:35.450 [Task submitter] INFO  nextflow.Session - [48/ef54d7] Submitted process > revertFile (99)
Dec-01 10:50:35.646 [Task monitor] DEBUG n.processor.TaskPollingMonitor - Task completed > TaskHandler[id: 98; name: writeLargeFile (98); status: COMPLETED; exit: 0; error: -; workDir: /input/data/work/23/e07a1fc96478f7b0701198444c1079]
Dec-01 10:50:35.723 [Task submitter] INFO  nextflow.Session - [22/a1019d] Submitted process > revertFile (98)
Dec-01 10:50:35.940 [Task monitor] DEBUG n.processor.TaskPollingMonitor - Task completed > TaskHandler[id: 100; name: writeLargeFile (100); status: COMPLETED; exit: 0; error: -; workDir: /input/data/work/e4/f5d88304c01dee6ca0e021e4e77ce7]
Dec-01 10:50:36.006 [Task submitter] INFO  nextflow.Session - [42/0aefef] Submitted process > revertFile (100)
Dec-01 10:50:38.280 [Task monitor] DEBUG n.processor.TaskPollingMonitor - Task completed > TaskHandler[id: 19; name: writeLargeFile (19); status: COMPLETED; exit: 0; error: -; workDir: /input/data/work/0d/8259d159e77cd81b960c3ea015d29f]
Dec-01 10:50:38.324 [Task submitter] INFO  nextflow.Session - [09/20e332] Submitted process > revertFile (19)
Dec-01 10:50:38.346 [Task monitor] DEBUG n.processor.TaskPollingMonitor - Task completed > TaskHandler[id: 29; name: writeLargeFile (29); status: COMPLETED; exit: 0; error: -; workDir: /input/data/work/16/c51c7d65049ff26928053557e86a2b]
Dec-01 10:50:38.385 [Task submitter] INFO  nextflow.Session - [1f/7cfca7] Submitted process > revertFile (29)
Dec-01 10:50:38.402 [Task monitor] DEBUG n.processor.TaskPollingMonitor - Task completed > TaskHandler[id: 9; name: writeLargeFile (9); status: COMPLETED; exit: 0; error: -; workDir: /input/data/work/d2/45bde77c0be9d96359d9798f79a385]
Dec-01 10:50:38.445 [Task submitter] INFO  nextflow.Session - [c4/cbd2ff] Submitted process > revertFile (9)
Dec-01 10:50:39.244 [Task monitor] DEBUG n.processor.TaskPollingMonitor - Task completed > TaskHandler[id: 52; name: writeLargeFile (52); status: COMPLETED; exit: 0; error: -; workDir: /input/data/work/a2/6d207c065c47600567c7a4d6b4562e]
Dec-01 10:50:39.288 [Task submitter] INFO  nextflow.Session - [cb/7f7e05] Submitted process > revertFile (52)
Dec-01 10:50:39.310 [Task monitor] DEBUG n.processor.TaskPollingMonitor - Task completed > TaskHandler[id: 53; name: writeLargeFile (53); status: COMPLETED; exit: 0; error: -; workDir: /input/data/work/12/284f0d0a9076f6bd79013bba6305f4]
Dec-01 10:50:39.347 [Task submitter] INFO  nextflow.Session - [c5/3b21ac] Submitted process > revertFile (53)
Dec-01 10:50:39.376 [Task monitor] DEBUG n.processor.TaskPollingMonitor - Task completed > TaskHandler[id: 54; name: writeLargeFile (54); status: COMPLETED; exit: 0; error: -; workDir: /input/data/work/bd/e2e22700be0c16d1d812cedf1624ea]
Dec-01 10:50:39.417 [Task submitter] INFO  nextflow.Session - [2a/05001b] Submitted process > revertFile (54)
Dec-01 10:50:39.442 [Task monitor] DEBUG n.processor.TaskPollingMonitor - Task completed > TaskHandler[id: 55; name: writeLargeFile (55); status: COMPLETED; exit: 0; error: -; workDir: /input/data/work/29/3f044dda49f61a73376b42ed5d4409]
Dec-01 10:50:39.478 [Task submitter] INFO  nextflow.Session - [8a/64220e] Submitted process > revertFile (55)
Dec-01 10:50:39.533 [Task monitor] DEBUG n.processor.TaskPollingMonitor - Task completed > TaskHandler[id: 56; name: writeLargeFile (56); status: COMPLETED; exit: 0; error: -; workDir: /input/data/work/28/67203b1bed94668e420c65024d9c50]
Dec-01 10:50:39.588 [Task submitter] INFO  nextflow.Session - [67/53f7b2] Submitted process > revertFile (56)
Dec-01 10:50:39.610 [Task monitor] DEBUG n.processor.TaskPollingMonitor - Task completed > TaskHandler[id: 57; name: writeLargeFile (57); status: COMPLETED; exit: 0; error: -; workDir: /input/data/work/2d/64865f69a5d241fc036f0b18afb286]
Dec-01 10:50:39.644 [Task submitter] INFO  nextflow.Session - [d8/67616e] Submitted process > revertFile (57)
Dec-01 10:50:39.676 [Task monitor] DEBUG n.processor.TaskPollingMonitor - Task completed > TaskHandler[id: 58; name: writeLargeFile (58); status: COMPLETED; exit: 0; error: -; workDir: /input/data/work/ef/2ed6f29fbd3af4b21cd834e6cdf56f]
Dec-01 10:50:39.715 [Task submitter] INFO  nextflow.Session - [9c/3068be] Submitted process > revertFile (58)
Dec-01 10:50:39.759 [Task monitor] DEBUG n.processor.TaskPollingMonitor - Task completed > TaskHandler[id: 59; name: writeLargeFile (59); status: COMPLETED; exit: 0; error: -; workDir: /input/data/work/e8/f7efe04863b42828b54bf7c9bab243]
Dec-01 10:50:39.791 [Task submitter] INFO  nextflow.Session - [d8/583c97] Submitted process > revertFile (59)
Dec-01 10:50:39.845 [Task monitor] DEBUG n.processor.TaskPollingMonitor - Task completed > TaskHandler[id: 60; name: writeLargeFile (60); status: COMPLETED; exit: 0; error: -; workDir: /input/data/work/41/2a8b40466f606976f0a9913f6e8192]
Dec-01 10:50:39.889 [Task submitter] INFO  nextflow.Session - [63/f0a751] Submitted process > revertFile (60)
Dec-01 10:50:41.071 [Task monitor] DEBUG n.processor.TaskPollingMonitor - Task completed > TaskHandler[id: 89; name: writeLargeFile (89); status: COMPLETED; exit: 0; error: -; workDir: /input/data/work/4d/f008d2edd13138acafc4f96e611ccd]
Dec-01 10:50:41.139 [Task submitter] INFO  nextflow.Session - [74/a8cd85] Submitted process > revertFile (89)
Dec-01 10:50:41.188 [Task monitor] DEBUG n.processor.TaskPollingMonitor - Task completed > TaskHandler[id: 92; name: writeLargeFile (92); status: COMPLETED; exit: 0; error: -; workDir: /input/data/work/21/d4908307e25884884179262f5b041e]
Dec-01 10:50:41.224 [Task submitter] INFO  nextflow.Session - [e4/8fd030] Submitted process > revertFile (92)
Dec-01 10:50:41.270 [Task monitor] DEBUG n.processor.TaskPollingMonitor - Task completed > TaskHandler[id: 91; name: writeLargeFile (91); status: COMPLETED; exit: 0; error: -; workDir: /input/data/work/04/abaf7afd5346925f7c3222b0702254]
Dec-01 10:50:41.323 [Task submitter] INFO  nextflow.Session - [28/322a5a] Submitted process > revertFile (91)
Dec-01 10:50:41.393 [Task monitor] DEBUG n.processor.TaskPollingMonitor - Task completed > TaskHandler[id: 96; name: writeLargeFile (96); status: COMPLETED; exit: 0; error: -; workDir: /input/data/work/12/4098d27ae4e483eb56107644f3edf0]
Dec-01 10:50:41.449 [Task submitter] INFO  nextflow.Session - [85/786aa8] Submitted process > revertFile (96)
Dec-01 10:50:49.102 [Task monitor] DEBUG n.processor.TaskPollingMonitor - Task completed > TaskHandler[id: 44; name: writeLargeFile (44); status: COMPLETED; exit: 0; error: -; workDir: /input/data/work/61/c7330f89c3e8ab19f7d690589d0e09]
Dec-01 10:50:49.159 [Task monitor] DEBUG n.processor.TaskPollingMonitor - Task completed > TaskHandler[id: 45; name: writeLargeFile (45); status: COMPLETED; exit: 0; error: -; workDir: /input/data/work/a8/3fb18420183d69654843f63f30863a]
Dec-01 10:50:49.160 [Task submitter] INFO  nextflow.Session - [54/182d61] Submitted process > revertFile (44)
Dec-01 10:50:49.199 [Task submitter] INFO  nextflow.Session - [51/fdfe0b] Submitted process > revertFile (45)
Dec-01 10:50:49.232 [Task monitor] DEBUG n.processor.TaskPollingMonitor - Task completed > TaskHandler[id: 46; name: writeLargeFile (46); status: COMPLETED; exit: 0; error: -; workDir: /input/data/work/7f/59ab121009dda2caa766f56c9e391e]
Dec-01 10:50:49.263 [Task submitter] INFO  nextflow.Session - [c5/5974e3] Submitted process > revertFile (46)
Dec-01 10:50:49.285 [Task monitor] DEBUG n.processor.TaskPollingMonitor - Task completed > TaskHandler[id: 47; name: writeLargeFile (47); status: COMPLETED; exit: 0; error: -; workDir: /input/data/work/fa/4a6d81f312dae6c8621933d73006c7]
Dec-01 10:50:49.327 [Task submitter] INFO  nextflow.Session - [c3/7d3bc9] Submitted process > revertFile (47)
Dec-01 10:50:49.340 [Task monitor] DEBUG n.processor.TaskPollingMonitor - Task completed > TaskHandler[id: 48; name: writeLargeFile (48); status: COMPLETED; exit: 0; error: -; workDir: /input/data/work/7c/f302ca54e1f6e2f78388ec19e59e56]
Dec-01 10:50:49.374 [Task submitter] INFO  nextflow.Session - [de/9f5fd4] Submitted process > revertFile (48)
Dec-01 10:50:49.439 [Task monitor] DEBUG n.processor.TaskPollingMonitor - Task completed > TaskHandler[id: 77; name: writeLargeFile (77); status: COMPLETED; exit: 0; error: -; workDir: /input/data/work/e8/04b72f95bb49e9bba5e9a5320ca228]
Dec-01 10:50:49.477 [Task submitter] INFO  nextflow.Session - [c1/592e89] Submitted process > revertFile (77)
Dec-01 10:50:49.493 [Task monitor] DEBUG n.processor.TaskPollingMonitor - Task completed > TaskHandler[id: 49; name: writeLargeFile (49); status: COMPLETED; exit: 0; error: -; workDir: /input/data/work/d6/d4e4c932010c8bb673b3201b091cf9]
Dec-01 10:50:49.566 [Task submitter] INFO  nextflow.Session - [93/b61e44] Submitted process > revertFile (49)
Dec-01 10:50:49.568 [Task monitor] DEBUG n.processor.TaskPollingMonitor - Task completed > TaskHandler[id: 51; name: writeLargeFile (51); status: COMPLETED; exit: 0; error: -; workDir: /input/data/work/b8/b59d1dedbc586b76d7404878928eb1]
Dec-01 10:50:49.599 [Task submitter] INFO  nextflow.Session - [4d/068724] Submitted process > revertFile (51)
Dec-01 10:50:49.612 [Task monitor] DEBUG n.processor.TaskPollingMonitor - Task completed > TaskHandler[id: 50; name: writeLargeFile (50); status: COMPLETED; exit: 0; error: -; workDir: /input/data/work/47/5ec5a8dc628c66c8e561724afb77be]
Dec-01 10:50:49.660 [Task submitter] INFO  nextflow.Session - [c8/4d0373] Submitted process > revertFile (50)
Dec-01 10:50:49.670 [Task monitor] DEBUG n.processor.TaskPollingMonitor - Task completed > TaskHandler[id: 61; name: writeLargeFile (61); status: COMPLETED; exit: 0; error: -; workDir: /input/data/work/c8/d635f65d75df342e1c3467df8b3f1c]
Dec-01 10:50:49.703 [Task submitter] INFO  nextflow.Session - [09/b61b35] Submitted process > revertFile (61)
Dec-01 10:50:49.738 [Task monitor] DEBUG n.processor.TaskPollingMonitor - Task completed > TaskHandler[id: 63; name: writeLargeFile (63); status: COMPLETED; exit: 0; error: -; workDir: /input/data/work/9b/5eab44cc8dddb67e3e665014b3b02f]
Dec-01 10:50:49.771 [Task submitter] INFO  nextflow.Session - [53/adbb13] Submitted process > revertFile (63)
Dec-01 10:50:49.807 [Task monitor] DEBUG n.processor.TaskPollingMonitor - Task completed > TaskHandler[id: 62; name: writeLargeFile (62); status: COMPLETED; exit: 0; error: -; workDir: /input/data/work/63/54a0544e9f3fc873468945af05f50c]
Dec-01 10:50:49.865 [Task submitter] INFO  nextflow.Session - [63/cb4ba5] Submitted process > revertFile (62)
Dec-01 10:50:49.872 [Task monitor] DEBUG n.processor.TaskPollingMonitor - Task completed > TaskHandler[id: 64; name: writeLargeFile (64); status: COMPLETED; exit: 0; error: -; workDir: /input/data/work/fb/b141eabe71c37a65037768c32fa8b6]
Dec-01 10:50:49.909 [Task submitter] INFO  nextflow.Session - [49/fec9d7] Submitted process > revertFile (64)
Dec-01 10:50:49.939 [Task monitor] DEBUG n.processor.TaskPollingMonitor - Task completed > TaskHandler[id: 67; name: writeLargeFile (67); status: COMPLETED; exit: 0; error: -; workDir: /input/data/work/59/82f7f7a0d150d038bf4b99577f967a]
Dec-01 10:50:49.999 [Task monitor] DEBUG n.processor.TaskPollingMonitor - Task completed > TaskHandler[id: 68; name: writeLargeFile (68); status: COMPLETED; exit: 0; error: -; workDir: /input/data/work/73/0569c2f5e8fb25548fc0c5ba016524]
Dec-01 10:50:50.081 [Task submitter] INFO  nextflow.Session - [98/130b3f] Submitted process > revertFile (67)
Dec-01 10:50:50.114 [Task monitor] DEBUG n.processor.TaskPollingMonitor - Task completed > TaskHandler[id: 66; name: writeLargeFile (66); status: COMPLETED; exit: 0; error: -; workDir: /input/data/work/00/55aad20eb12a5d48d00f29d1891b93]
Dec-01 10:50:50.118 [Task submitter] INFO  nextflow.Session - [82/fa5157] Submitted process > revertFile (68)
Dec-01 10:50:50.159 [Task submitter] INFO  nextflow.Session - [d0/83dd3d] Submitted process > revertFile (66)
Dec-01 10:50:50.168 [Task monitor] DEBUG n.processor.TaskPollingMonitor - Task completed > TaskHandler[id: 65; name: writeLargeFile (65); status: COMPLETED; exit: 0; error: -; workDir: /input/data/work/3c/a919ed797ac5ea9dbb503f68d8d9c1]
Dec-01 10:50:50.205 [Task submitter] INFO  nextflow.Session - [6e/97e600] Submitted process > revertFile (65)
Dec-01 10:50:50.444 [Task monitor] DEBUG n.processor.TaskPollingMonitor - Task completed > TaskHandler[id: 69; name: writeLargeFile (69); status: COMPLETED; exit: 0; error: -; workDir: /input/data/work/9e/a58520a2f06d387c9af8aabec3b3f5]
Dec-01 10:50:50.480 [Task submitter] INFO  nextflow.Session - [34/a91197] Submitted process > revertFile (69)
Dec-01 10:50:50.645 [Task monitor] DEBUG n.processor.TaskPollingMonitor - Task completed > TaskHandler[id: 70; name: writeLargeFile (70); status: COMPLETED; exit: 0; error: -; workDir: /input/data/work/8c/7ccfcd874290ce272bf65dff131874]
Dec-01 10:50:50.739 [Task submitter] INFO  nextflow.Session - [84/f251f1] Submitted process > revertFile (70)
Dec-01 10:50:50.776 [Task monitor] DEBUG n.processor.TaskPollingMonitor - Task completed > TaskHandler[id: 71; name: writeLargeFile (71); status: COMPLETED; exit: 0; error: -; workDir: /input/data/work/20/904eb88a84179615ddc55d319778b0]
Dec-01 10:50:50.818 [Task submitter] INFO  nextflow.Session - [3a/eac66e] Submitted process > revertFile (71)
Dec-01 10:50:50.922 [Task monitor] DEBUG n.processor.TaskPollingMonitor - Task completed > TaskHandler[id: 72; name: writeLargeFile (72); status: COMPLETED; exit: 0; error: -; workDir: /input/data/work/52/8ca77602efdc025101bdb76636c9a9]
Dec-01 10:50:50.956 [Task submitter] INFO  nextflow.Session - [73/e3ea3a] Submitted process > revertFile (72)
Dec-01 10:50:51.093 [Task monitor] DEBUG n.processor.TaskPollingMonitor - Task completed > TaskHandler[id: 74; name: writeLargeFile (74); status: COMPLETED; exit: 0; error: -; workDir: /input/data/work/17/0a4e6dc6ad5122e7ec672a811adab9]
Dec-01 10:50:51.154 [Task submitter] INFO  nextflow.Session - [09/573f3b] Submitted process > revertFile (74)
Dec-01 10:50:51.198 [Task monitor] DEBUG n.processor.TaskPollingMonitor - Task completed > TaskHandler[id: 73; name: writeLargeFile (73); status: COMPLETED; exit: 0; error: -; workDir: /input/data/work/ba/8404b98f3f24767ce0333b802ed004]
Dec-01 10:50:51.268 [Task submitter] INFO  nextflow.Session - [4c/67de3e] Submitted process > revertFile (73)
Dec-01 10:50:51.367 [Task monitor] DEBUG n.processor.TaskPollingMonitor - Task completed > TaskHandler[id: 75; name: writeLargeFile (75); status: COMPLETED; exit: 0; error: -; workDir: /input/data/work/18/0e320c3111e1d3a27c94136bbc7ed5]
Dec-01 10:50:51.435 [Task submitter] INFO  nextflow.Session - [ec/03d92b] Submitted process > revertFile (75)
Dec-01 10:50:59.195 [Task monitor] DEBUG n.processor.TaskPollingMonitor - Task completed > TaskHandler[id: 27; name: writeLargeFile (27); status: COMPLETED; exit: 0; error: -; workDir: /input/data/work/aa/1f08f1b33a12cdf03a9c65fddacd49]
Dec-01 10:50:59.244 [Task submitter] INFO  nextflow.Session - [19/ff29ef] Submitted process > revertFile (27)
Dec-01 10:50:59.346 [Task monitor] DEBUG n.processor.TaskPollingMonitor - Task completed > TaskHandler[id: 4; name: writeLargeFile (4); status: COMPLETED; exit: 0; error: -; workDir: /input/data/work/83/c6e5543b37dbc0d6aa2c2266e6b588]
Dec-01 10:50:59.394 [Task submitter] INFO  nextflow.Session - [bd/16dbb5] Submitted process > revertFile (4)
Dec-01 10:50:59.446 [Task monitor] DEBUG n.processor.TaskPollingMonitor - Task completed > TaskHandler[id: 10; name: writeLargeFile (10); status: COMPLETED; exit: 0; error: -; workDir: /input/data/work/ce/4884ee955be85acca26ab76168506d]
Dec-01 10:50:59.490 [Task submitter] INFO  nextflow.Session - [8e/534655] Submitted process > revertFile (10)
Dec-01 10:50:59.560 [Task monitor] DEBUG n.processor.TaskPollingMonitor - Task completed > TaskHandler[id: 32; name: writeLargeFile (32); status: COMPLETED; exit: 0; error: -; workDir: /input/data/work/b9/757bfd8526dc25a64c52962c969391]
Dec-01 10:50:59.600 [Task submitter] INFO  nextflow.Session - [b1/3be1a9] Submitted process > revertFile (32)
Dec-01 10:50:59.731 [Task monitor] DEBUG n.processor.TaskPollingMonitor - Task completed > TaskHandler[id: 8; name: writeLargeFile (8); status: COMPLETED; exit: 0; error: -; workDir: /input/data/work/e8/28b478224a2d5b241cc19bb5c0fae4]
Dec-01 10:50:59.767 [Task submitter] INFO  nextflow.Session - [d7/5280fb] Submitted process > revertFile (8)
Dec-01 10:50:59.882 [Task monitor] DEBUG n.processor.TaskPollingMonitor - Task completed > TaskHandler[id: 33; name: writeLargeFile (33); status: COMPLETED; exit: 0; error: -; workDir: /input/data/work/9b/a6a06d2eb3a2c8b580e069ee656e6b]
Dec-01 10:50:59.941 [Task submitter] INFO  nextflow.Session - [4f/b684ae] Submitted process > revertFile (33)
Dec-01 10:51:00.091 [Task monitor] DEBUG n.processor.TaskPollingMonitor - Task completed > TaskHandler[id: 34; name: writeLargeFile (34); status: COMPLETED; exit: 0; error: -; workDir: /input/data/work/09/17d02db66cac60c86692b5d50053ce]
Dec-01 10:51:00.267 [Task submitter] INFO  nextflow.Session - [15/7f6cae] Submitted process > revertFile (34)
Dec-01 10:51:00.368 [Task monitor] DEBUG n.processor.TaskPollingMonitor - Task completed > TaskHandler[id: 35; name: writeLargeFile (35); status: COMPLETED; exit: 0; error: -; workDir: /input/data/work/f5/36d6cfe2e6c8763f563a947b79aea2]
Dec-01 10:51:00.414 [Task submitter] INFO  nextflow.Session - [d2/89b201] Submitted process > revertFile (35)
Dec-01 10:51:00.454 [Task monitor] DEBUG n.processor.TaskPollingMonitor - Task completed > TaskHandler[id: 36; name: writeLargeFile (36); status: COMPLETED; exit: 0; error: -; workDir: /input/data/work/13/54ca5f5a664594885961740e6b8bba]
Dec-01 10:51:00.516 [Task submitter] INFO  nextflow.Session - [8b/61b1aa] Submitted process > revertFile (36)
Dec-01 10:51:00.545 [Task monitor] DEBUG n.processor.TaskPollingMonitor - Task completed > TaskHandler[id: 38; name: writeLargeFile (38); status: COMPLETED; exit: 0; error: -; workDir: /input/data/work/a4/ff46c9d46e4951f174f660b2200e2c]
Dec-01 10:51:00.593 [Task submitter] INFO  nextflow.Session - [3c/781f56] Submitted process > revertFile (38)
Dec-01 10:51:00.644 [Task monitor] DEBUG n.processor.TaskPollingMonitor - Task completed > TaskHandler[id: 37; name: writeLargeFile (37); status: COMPLETED; exit: 0; error: -; workDir: /input/data/work/5a/349921088cdac236a78d330ecbecd1]
Dec-01 10:51:00.709 [Task submitter] INFO  nextflow.Session - [57/5d2a76] Submitted process > revertFile (37)
Dec-01 10:51:00.756 [Task monitor] DEBUG n.processor.TaskPollingMonitor - Task completed > TaskHandler[id: 40; name: writeLargeFile (40); status: COMPLETED; exit: 0; error: -; workDir: /input/data/work/8d/878161c44c69d621c541b18f4a238c]
Dec-01 10:51:00.799 [Task submitter] INFO  nextflow.Session - [0d/9bb796] Submitted process > revertFile (40)
Dec-01 10:51:00.838 [Task monitor] DEBUG n.processor.TaskPollingMonitor - Task completed > TaskHandler[id: 39; name: writeLargeFile (39); status: COMPLETED; exit: 0; error: -; workDir: /input/data/work/82/691257e68374e1ff230d67928a9452]
Dec-01 10:51:00.915 [Task submitter] INFO  nextflow.Session - [fe/c8dcfd] Submitted process > revertFile (39)
Dec-01 10:51:00.925 [Task monitor] DEBUG n.processor.TaskPollingMonitor - Task completed > TaskHandler[id: 41; name: writeLargeFile (41); status: COMPLETED; exit: 0; error: -; workDir: /input/data/work/7b/878ae3033487e3f2768b33b3d24e92]
Dec-01 10:51:00.965 [Task submitter] INFO  nextflow.Session - [94/35652f] Submitted process > revertFile (41)
Dec-01 10:51:00.999 [Task monitor] DEBUG n.processor.TaskPollingMonitor - Task completed > TaskHandler[id: 42; name: writeLargeFile (42); status: COMPLETED; exit: 0; error: -; workDir: /input/data/work/01/6dc3a62199b27b4492aa8ab95f5395]
Dec-01 10:51:01.041 [Task submitter] INFO  nextflow.Session - [43/7a041d] Submitted process > revertFile (42)
Dec-01 10:51:01.085 [Task monitor] DEBUG n.processor.TaskPollingMonitor - Task completed > TaskHandler[id: 43; name: writeLargeFile (43); status: COMPLETED; exit: 0; error: -; workDir: /input/data/work/26/675e0a72d8dc337a5da2900fad77d4]
Dec-01 10:51:01.135 [Task submitter] INFO  nextflow.Session - [41/aeabd6] Submitted process > revertFile (43)
Dec-01 10:51:01.174 [Task monitor] DEBUG n.processor.TaskPollingMonitor - Task completed > TaskHandler[id: 76; name: writeLargeFile (76); status: COMPLETED; exit: 0; error: -; workDir: /input/data/work/18/50d81d20017db9873bc52dc627401f]
Dec-01 10:51:01.257 [Task submitter] INFO  nextflow.Session - [b7/2687f5] Submitted process > revertFile (76)
Dec-01 10:51:01.306 [Task monitor] DEBUG n.processor.TaskPollingMonitor - Task completed > TaskHandler[id: 78; name: writeLargeFile (78); status: COMPLETED; exit: 0; error: -; workDir: /input/data/work/89/44d9a716ebe9e9c8a56575478f17d3]
Dec-01 10:51:01.352 [Task submitter] INFO  nextflow.Session - [f5/cac6e3] Submitted process > revertFile (78)
Dec-01 10:51:01.382 [Task monitor] DEBUG n.processor.TaskPollingMonitor - Task completed > TaskHandler[id: 79; name: writeLargeFile (79); status: COMPLETED; exit: 0; error: -; workDir: /input/data/work/31/c5025cc0811879d603081be0fb096d]
Dec-01 10:51:01.439 [Task submitter] INFO  nextflow.Session - [c7/9bca79] Submitted process > revertFile (79)
Dec-01 10:51:01.659 [Task monitor] DEBUG n.processor.TaskPollingMonitor - Task completed > TaskHandler[id: 84; name: writeLargeFile (84); status: COMPLETED; exit: 0; error: -; workDir: /input/data/work/4a/63df8872a745c8acbccfcb3f2e5d22]
Dec-01 10:51:01.719 [Task submitter] INFO  nextflow.Session - [eb/f6f3a4] Submitted process > revertFile (84)
Dec-01 10:51:01.752 [Task monitor] DEBUG n.processor.TaskPollingMonitor - Task completed > TaskHandler[id: 85; name: writeLargeFile (85); status: COMPLETED; exit: 0; error: -; workDir: /input/data/work/c6/c20d1ae9781f4d17282524e4c7c04e]
Dec-01 10:51:01.793 [Task submitter] INFO  nextflow.Session - [a6/ef2226] Submitted process > revertFile (85)
Dec-01 10:51:01.896 [Task monitor] DEBUG n.processor.TaskPollingMonitor - Task completed > TaskHandler[id: 87; name: writeLargeFile (87); status: COMPLETED; exit: 0; error: -; workDir: /input/data/work/1d/9d1ce7a9cbed908c35998a2b1d19fc]
Dec-01 10:51:01.967 [Task submitter] INFO  nextflow.Session - [96/316205] Submitted process > revertFile (87)
Dec-01 10:51:01.990 [Task monitor] DEBUG n.processor.TaskPollingMonitor - Task completed > TaskHandler[id: 88; name: writeLargeFile (88); status: COMPLETED; exit: 0; error: -; workDir: /input/data/work/33/fe50843a9c5265dafcaf8af57c0377]
Dec-01 10:51:02.099 [Task submitter] INFO  nextflow.Session - [ac/1956db] Submitted process > revertFile (88)
Dec-01 10:51:02.139 [Task monitor] DEBUG n.processor.TaskPollingMonitor - Task completed > TaskHandler[id: 86; name: writeLargeFile (86); status: COMPLETED; exit: 0; error: -; workDir: /input/data/work/70/989f867737cf11a5f9f37b3607309a]
Dec-01 10:51:02.195 [Task submitter] INFO  nextflow.Session - [b7/4417cf] Submitted process > revertFile (86)
Dec-01 10:51:10.945 [Task monitor] DEBUG n.processor.TaskPollingMonitor - Task completed > TaskHandler[id: 80; name: writeLargeFile (80); status: COMPLETED; exit: 0; error: -; workDir: /input/data/work/6d/2339261f85a39b918d29c8d37b96c7]
Dec-01 10:51:11.020 [Task submitter] INFO  nextflow.Session - [bd/a5c7a4] Submitted process > revertFile (80)
Dec-01 10:51:11.218 [Task monitor] DEBUG n.processor.TaskPollingMonitor - Task completed > TaskHandler[id: 81; name: writeLargeFile (81); status: COMPLETED; exit: 0; error: -; workDir: /input/data/work/6e/6bc4fd571dfc80d0f697488a989fa4]
Dec-01 10:51:11.302 [Task submitter] INFO  nextflow.Session - [ec/ee8df6] Submitted process > revertFile (81)
Dec-01 10:51:11.514 [Task monitor] DEBUG n.processor.TaskPollingMonitor - Task completed > TaskHandler[id: 82; name: writeLargeFile (82); status: COMPLETED; exit: 0; error: -; workDir: /input/data/work/17/875acd007154c7a739f2a8dd60f593]
Dec-01 10:51:11.596 [Task submitter] INFO  nextflow.Session - [68/cc82a8] Submitted process > revertFile (82)
Dec-01 10:51:11.646 [Task monitor] DEBUG n.processor.TaskPollingMonitor - Task completed > TaskHandler[id: 83; name: writeLargeFile (83); status: COMPLETED; exit: 0; error: -; workDir: /input/data/work/7b/f74caf39bcb3961e2a0eecbd0dfd17]
Dec-01 10:51:11.706 [Task submitter] INFO  nextflow.Session - [29/2744ef] Submitted process > revertFile (83)
Dec-01 10:51:11.952 [Task monitor] DEBUG n.processor.TaskPollingMonitor - Task completed > TaskHandler[id: 103; name: revertFile (26); status: COMPLETED; exit: 0; error: -; workDir: /input/data/work/65/eb4b067dae30166dcdfada63b7114f]
Dec-01 10:51:14.517 [Task monitor] DEBUG n.processor.TaskPollingMonitor - Task completed > TaskHandler[id: 166; name: revertFile (69); status: COMPLETED; exit: 0; error: -; workDir: /input/data/work/34/a9119702867df6e597fd86ff946a10]
Dec-01 10:51:15.952 [Task monitor] DEBUG n.processor.TaskPollingMonitor - Task completed > TaskHandler[id: 102; name: revertFile (1); status: COMPLETED; exit: 0; error: -; workDir: /input/data/work/7f/3cf34f9be12bdd15b2e25dd3968aea]
Dec-01 10:51:16.065 [Task monitor] DEBUG n.processor.TaskPollingMonitor - Task completed > TaskHandler[id: 105; name: revertFile (12); status: COMPLETED; exit: 0; error: -; workDir: /input/data/work/2b/a6daf6be9b4badf379f1b6076a4356]
Dec-01 10:51:16.205 [Task monitor] DEBUG n.processor.TaskPollingMonitor - Task completed > TaskHandler[id: 108; name: revertFile (22); status: COMPLETED; exit: 0; error: -; workDir: /input/data/work/5d/668bafc9587140035b7ca61784ee67]
Dec-01 10:51:16.312 [Task monitor] DEBUG n.processor.TaskPollingMonitor - Task completed > TaskHandler[id: 111; name: revertFile (6); status: COMPLETED; exit: 0; error: -; workDir: /input/data/work/25/10395b2d45ab95dc192fe894517fc9]
Dec-01 10:51:16.391 [Task monitor] DEBUG n.processor.TaskPollingMonitor - Task completed > TaskHandler[id: 113; name: revertFile (17); status: COMPLETED; exit: 0; error: -; workDir: /input/data/work/4b/8a6e8b257d8a2cd1bd722801a95398]
Dec-01 10:51:16.864 [Task monitor] DEBUG n.processor.TaskPollingMonitor - Task completed > TaskHandler[id: 124; name: revertFile (24); status: COMPLETED; exit: 0; error: -; workDir: /input/data/work/70/cbc3f079d245c444d485a9ca776e75]
Dec-01 10:51:16.959 [Task monitor] DEBUG n.processor.TaskPollingMonitor - Task completed > TaskHandler[id: 125; name: revertFile (90); status: COMPLETED; exit: 0; error: -; workDir: /input/data/work/7d/64a11652a5e4fe7c8015df6aac4265]
Dec-01 10:51:17.716 [Task monitor] DEBUG n.processor.TaskPollingMonitor - Task completed > TaskHandler[id: 139; name: revertFile (55); status: COMPLETED; exit: 0; error: -; workDir: /input/data/work/8a/64220eb849ba3aafaf9025c8adc315]
Dec-01 10:51:17.817 [Task monitor] DEBUG n.processor.TaskPollingMonitor - Task completed > TaskHandler[id: 142; name: revertFile (58); status: COMPLETED; exit: 0; error: -; workDir: /input/data/work/9c/3068be12a4d815918c57524dd7b075]
Dec-01 10:51:17.994 [Task monitor] DEBUG n.processor.TaskPollingMonitor - Task completed > TaskHandler[id: 148; name: revertFile (96); status: COMPLETED; exit: 0; error: -; workDir: /input/data/work/85/786aa8fe7cce4aa925eee2488d374b]
Dec-01 10:51:18.089 [Task monitor] DEBUG n.processor.TaskPollingMonitor - Task completed > TaskHandler[id: 151; name: revertFile (46); status: COMPLETED; exit: 0; error: -; workDir: /input/data/work/c5/5974e3131a9be4d3a9d78a7b6602c3]
Dec-01 10:51:18.246 [Task monitor] DEBUG n.processor.TaskPollingMonitor - Task completed > TaskHandler[id: 155; name: revertFile (49); status: COMPLETED; exit: 0; error: -; workDir: /input/data/work/93/b61e4402c8e987d43c7694f41e6210]
Dec-01 10:51:18.318 [Task monitor] DEBUG n.processor.TaskPollingMonitor - Task completed > TaskHandler[id: 157; name: revertFile (50); status: COMPLETED; exit: 0; error: -; workDir: /input/data/work/c8/4d03739f412c99d0852a5c5fb1b9bc]
Dec-01 10:51:18.679 [Task monitor] DEBUG n.processor.TaskPollingMonitor - Task completed > TaskHandler[id: 170; name: revertFile (74); status: COMPLETED; exit: 0; error: -; workDir: /input/data/work/09/573f3b737ca23c39f6db56aa490b03]
Dec-01 10:51:18.920 [Task monitor] DEBUG n.processor.TaskPollingMonitor - Task completed > TaskHandler[id: 176; name: revertFile (32); status: COMPLETED; exit: 0; error: -; workDir: /input/data/work/b1/3be1a99dcdce811647c59f7ef29cc4]
Dec-01 10:51:19.081 [Task monitor] DEBUG n.processor.TaskPollingMonitor - Task completed > TaskHandler[id: 181; name: revertFile (36); status: COMPLETED; exit: 0; error: -; workDir: /input/data/work/8b/61b1aa54b24e4113793bf6545ff3e4]
Dec-01 10:51:19.536 [Task monitor] DEBUG n.processor.TaskPollingMonitor - Task completed > TaskHandler[id: 194; name: revertFile (87); status: COMPLETED; exit: 0; error: -; workDir: /input/data/work/96/3162058d2708b7fbe134b7b13c8035]
Dec-01 10:51:21.803 [Task monitor] DEBUG n.processor.TaskPollingMonitor - Task completed > TaskHandler[id: 141; name: revertFile (57); status: COMPLETED; exit: 0; error: -; workDir: /input/data/work/d8/67616edf359032ca3c0eacb6660edb]
Dec-01 10:51:26.454 [Task monitor] DEBUG n.processor.TaskPollingMonitor - Task completed > TaskHandler[id: 126; name: revertFile (94); status: COMPLETED; exit: 0; error: -; workDir: /input/data/work/a4/265025c7150a00b4f740f291313bee]
Dec-01 10:51:27.827 [Task monitor] DEBUG n.processor.TaskPollingMonitor - Task completed > TaskHandler[id: 168; name: revertFile (71); status: COMPLETED; exit: 0; error: -; workDir: /input/data/work/3a/eac66e64925ca94c1c90b5b0d76ad1]
Dec-01 10:51:28.209 [Task monitor] DEBUG n.processor.TaskPollingMonitor - Task completed > TaskHandler[id: 175; name: revertFile (10); status: COMPLETED; exit: 0; error: -; workDir: /input/data/work/8e/534655f6f4e9e1b526cc067c8b6c99]
Dec-01 10:51:28.357 [Task monitor] DEBUG n.processor.TaskPollingMonitor - Task completed > TaskHandler[id: 179; name: revertFile (34); status: COMPLETED; exit: 0; error: -; workDir: /input/data/work/15/7f6cae423c779d931b77dc9894f807]
Dec-01 10:51:32.121 [Task monitor] DEBUG n.processor.TaskPollingMonitor - Task completed > TaskHandler[id: 127; name: revertFile (93); status: COMPLETED; exit: 0; error: -; workDir: /input/data/work/2c/079027ba7d5e9d37f2fb00d71b364a]
Dec-01 10:51:32.500 [Task monitor] DEBUG n.processor.TaskPollingMonitor - Task completed > TaskHandler[id: 133; name: revertFile (19); status: COMPLETED; exit: 0; error: -; workDir: /input/data/work/09/20e332c8c5e21846c8cde8c5d17c8b]
Dec-01 10:51:32.571 [Task monitor] DEBUG n.processor.TaskPollingMonitor - Task completed > TaskHandler[id: 134; name: revertFile (29); status: COMPLETED; exit: 0; error: -; workDir: /input/data/work/1f/7cfca77176f0e7d855b32af829e611]
Dec-01 10:51:32.784 [Task monitor] DEBUG n.processor.TaskPollingMonitor - Task completed > TaskHandler[id: 138; name: revertFile (54); status: COMPLETED; exit: 0; error: -; workDir: /input/data/work/2a/05001be431a4dcbce234a4cba6d0e5]
Dec-01 10:51:33.037 [Task monitor] DEBUG n.processor.TaskPollingMonitor - Task completed > TaskHandler[id: 149; name: revertFile (44); status: COMPLETED; exit: 0; error: -; workDir: /input/data/work/54/182d61f793f0dde62e5f298592f758]
Dec-01 10:51:33.127 [Task monitor] DEBUG n.processor.TaskPollingMonitor - Task completed > TaskHandler[id: 152; name: revertFile (47); status: COMPLETED; exit: 0; error: -; workDir: /input/data/work/c3/7d3bc9202cb998c12a426c3197e88b]
Dec-01 10:51:33.399 [Task monitor] DEBUG n.processor.TaskPollingMonitor - Task completed > TaskHandler[id: 159; name: revertFile (63); status: COMPLETED; exit: 0; error: -; workDir: /input/data/work/53/adbb13c720969f0a131239d1137d6d]
Dec-01 10:51:33.509 [Task monitor] DEBUG n.processor.TaskPollingMonitor - Task completed > TaskHandler[id: 161; name: revertFile (64); status: COMPLETED; exit: 0; error: -; workDir: /input/data/work/49/fec9d7afc97657515b7ad6ec4dff1e]
Dec-01 10:51:33.967 [Task monitor] DEBUG n.processor.TaskPollingMonitor - Task completed > TaskHandler[id: 177; name: revertFile (8); status: COMPLETED; exit: 0; error: -; workDir: /input/data/work/d7/5280fbe6ac0c58d6832ff3a9b5075e]
Dec-01 10:51:34.437 [Task monitor] DEBUG n.processor.TaskPollingMonitor - Task completed > TaskHandler[id: 190; name: revertFile (78); status: COMPLETED; exit: 0; error: -; workDir: /input/data/work/f5/cac6e3187da02f799710fe21b74f27]
Dec-01 10:51:34.536 [Task monitor] DEBUG n.processor.TaskPollingMonitor - Task completed > TaskHandler[id: 193; name: revertFile (85); status: COMPLETED; exit: 0; error: -; workDir: /input/data/work/a6/ef2226f6c820a83b53ad158d04510b]
Dec-01 10:51:35.947 [Task monitor] DEBUG n.processor.TaskPollingMonitor - Task completed > TaskHandler[id: 107; name: revertFile (25); status: COMPLETED; exit: 0; error: -; workDir: /input/data/work/6b/f64acd1cb94c8948da30aa822e7a64]
Dec-01 10:51:36.048 [Task monitor] DEBUG n.processor.TaskPollingMonitor - Task completed > TaskHandler[id: 112; name: revertFile (3); status: COMPLETED; exit: 0; error: -; workDir: /input/data/work/d1/4602d7f98bf2c13c4cc37553b2d99f]
Dec-01 10:51:36.133 [Task monitor] DEBUG n.processor.TaskPollingMonitor - Task completed > TaskHandler[id: 115; name: revertFile (18); status: COMPLETED; exit: 0; error: -; workDir: /input/data/work/6e/35f0723d06be86865e7ee5cd151089]
Dec-01 10:51:36.682 [Task monitor] DEBUG n.processor.TaskPollingMonitor - Task completed > TaskHandler[id: 140; name: revertFile (56); status: COMPLETED; exit: 0; error: -; workDir: /input/data/work/67/53f7b265803101a897d41c33402747]
Dec-01 10:51:36.734 [Task monitor] DEBUG n.processor.TaskPollingMonitor - Task completed > TaskHandler[id: 143; name: revertFile (59); status: COMPLETED; exit: 0; error: -; workDir: /input/data/work/d8/583c97359c165550b19ab114f98db6]
Dec-01 10:51:37.250 [Task monitor] DEBUG n.processor.TaskPollingMonitor - Task completed > TaskHandler[id: 171; name: revertFile (73); status: COMPLETED; exit: 0; error: -; workDir: /input/data/work/4c/67de3efc147719cdbca85ccf03e8de]
Dec-01 10:51:37.446 [Task monitor] DEBUG n.processor.TaskPollingMonitor - Task completed > TaskHandler[id: 182; name: revertFile (38); status: COMPLETED; exit: 0; error: -; workDir: /input/data/work/3c/781f561cbb51763c12db6da49bbe2f]
Dec-01 10:51:37.526 [Task monitor] DEBUG n.processor.TaskPollingMonitor - Task completed > TaskHandler[id: 184; name: revertFile (40); status: COMPLETED; exit: 0; error: -; workDir: /input/data/work/0d/9bb796a7a3ba959d6694e1b0ccee12]
Dec-01 10:51:37.566 [Task monitor] DEBUG n.processor.TaskPollingMonitor - Task completed > TaskHandler[id: 185; name: revertFile (39); status: COMPLETED; exit: 0; error: -; workDir: /input/data/work/fe/c8dcfdafa50f80c0518788fbd68024]
Dec-01 10:51:46.280 [Task monitor] DEBUG n.processor.TaskPollingMonitor - Task completed > TaskHandler[id: 118; name: revertFile (23); status: COMPLETED; exit: 0; error: -; workDir: /input/data/work/60/188b1de31c47c7a3bf07d3ddc89c7c]
Dec-01 10:51:46.404 [Task monitor] DEBUG n.processor.TaskPollingMonitor - Task completed > TaskHandler[id: 120; name: revertFile (31); status: COMPLETED; exit: 0; error: -; workDir: /input/data/work/2d/57d5e96531599e4a8b9959c0c80ae6]
Dec-01 10:51:47.220 [Task monitor] DEBUG n.processor.TaskPollingMonitor - Task completed > TaskHandler[id: 162; name: revertFile (67); status: COMPLETED; exit: 0; error: -; workDir: /input/data/work/98/130b3f59168f82bf391bfb39a15d85]
Dec-01 10:51:47.412 [Task monitor] DEBUG n.processor.TaskPollingMonitor - Task completed > TaskHandler[id: 164; name: revertFile (66); status: COMPLETED; exit: 0; error: -; workDir: /input/data/work/d0/83dd3d2c5bf67708e5018d1265d679]
Dec-01 10:51:47.908 [Task monitor] DEBUG n.processor.TaskPollingMonitor - Task completed > TaskHandler[id: 174; name: revertFile (4); status: COMPLETED; exit: 0; error: -; workDir: /input/data/work/bd/16dbb5911f188d8aa997c9fcf225b9]
Dec-01 10:51:48.369 [Task monitor] DEBUG n.processor.TaskPollingMonitor - Task completed > TaskHandler[id: 183; name: revertFile (37); status: COMPLETED; exit: 0; error: -; workDir: /input/data/work/57/5d2a768072ebb1547f9ba274c43071]
Dec-01 10:51:48.753 [Task monitor] DEBUG n.processor.TaskPollingMonitor - Task completed > TaskHandler[id: 191; name: revertFile (79); status: COMPLETED; exit: 0; error: -; workDir: /input/data/work/c7/9bca794d850db5e7e2152fcf61e3de]
Dec-01 10:51:48.867 [Task monitor] DEBUG n.processor.TaskPollingMonitor - Task completed > TaskHandler[id: 195; name: revertFile (88); status: COMPLETED; exit: 0; error: -; workDir: /input/data/work/ac/1956db39f8ec6c3c93c46d09237120]
Dec-01 10:51:49.188 [Task monitor] DEBUG n.processor.TaskPollingMonitor - Task completed > TaskHandler[id: 200; name: revertFile (83); status: COMPLETED; exit: 0; error: -; workDir: /input/data/work/29/2744efdf065851696d2011d59894b2]
Dec-01 10:51:50.949 [Task monitor] DEBUG n.processor.TaskPollingMonitor - Task completed > TaskHandler[id: 110; name: revertFile (11); status: COMPLETED; exit: 0; error: -; workDir: /input/data/work/ae/a52cef193b2f536e0e4fafe6c98486]
Dec-01 10:51:51.008 [Task monitor] DEBUG n.processor.TaskPollingMonitor - Task completed > TaskHandler[id: 114; name: revertFile (14); status: COMPLETED; exit: 0; error: -; workDir: /input/data/work/42/204bc686f75f412656e6d3ef6f3cc7]
Dec-01 10:51:51.178 [Task monitor] DEBUG n.processor.TaskPollingMonitor - Task completed > TaskHandler[id: 123; name: revertFile (5); status: COMPLETED; exit: 0; error: -; workDir: /input/data/work/b9/c78efd53c693fd5656fcbfa0a35c19]
Dec-01 10:51:51.223 [Task monitor] DEBUG n.processor.TaskPollingMonitor - Task completed > TaskHandler[id: 128; name: revertFile (95); status: COMPLETED; exit: 0; error: -; workDir: /input/data/work/a2/1a105a4f212a0a20824330986c234e]
Dec-01 10:51:51.502 [Task monitor] DEBUG n.processor.TaskPollingMonitor - Task completed > TaskHandler[id: 146; name: revertFile (92); status: COMPLETED; exit: 0; error: -; workDir: /input/data/work/e4/8fd03084ea808c6bf5865612717351]
Dec-01 10:51:51.547 [Task monitor] DEBUG n.processor.TaskPollingMonitor - Task completed > TaskHandler[id: 147; name: revertFile (91); status: COMPLETED; exit: 0; error: -; workDir: /input/data/work/28/322a5a99f378d46d99c109541e03a3]
Dec-01 10:51:51.599 [Task monitor] DEBUG n.processor.TaskPollingMonitor - Task completed > TaskHandler[id: 150; name: revertFile (45); status: COMPLETED; exit: 0; error: -; workDir: /input/data/work/51/fdfe0b562b3385fd18403da41228c1]
Dec-01 10:51:51.690 [Task monitor] DEBUG n.processor.TaskPollingMonitor - Task completed > TaskHandler[id: 154; name: revertFile (77); status: COMPLETED; exit: 0; error: -; workDir: /input/data/work/c1/592e8944e002875e245c6fb72aed1b]
Dec-01 10:51:51.756 [Task monitor] DEBUG n.processor.TaskPollingMonitor - Task completed > TaskHandler[id: 158; name: revertFile (61); status: COMPLETED; exit: 0; error: -; workDir: /input/data/work/09/b61b359427aba33b15be91f583f409]
Dec-01 10:51:51.891 [Task monitor] DEBUG n.processor.TaskPollingMonitor - Task completed > TaskHandler[id: 167; name: revertFile (70); status: COMPLETED; exit: 0; error: -; workDir: /input/data/work/84/f251f1ff1dacba6abc423dc8a34d1c]
Dec-01 10:51:51.937 [Task monitor] DEBUG n.processor.TaskPollingMonitor - Task completed > TaskHandler[id: 169; name: revertFile (72); status: COMPLETED; exit: 0; error: -; workDir: /input/data/work/73/e3ea3ad73b98f025162dc9dc6559c7]
Dec-01 10:51:51.987 [Task monitor] DEBUG n.processor.TaskPollingMonitor - Task completed > TaskHandler[id: 172; name: revertFile (75); status: COMPLETED; exit: 0; error: -; workDir: /input/data/work/ec/03d92b037c7acad61e4833b9043176]
Dec-01 10:51:52.111 [Task monitor] DEBUG n.processor.TaskPollingMonitor - Task completed > TaskHandler[id: 186; name: revertFile (41); status: COMPLETED; exit: 0; error: -; workDir: /input/data/work/94/35652f0be2b41d4b310a32e01e232d]
Dec-01 10:51:52.243 [Task monitor] DEBUG n.processor.TaskPollingMonitor - Task completed > TaskHandler[id: 192; name: revertFile (84); status: COMPLETED; exit: 0; error: -; workDir: /input/data/work/eb/f6f3a461946d66202d3a0eea637ce4]
Dec-01 10:51:55.958 [Task monitor] DEBUG n.processor.TaskPollingMonitor - Task completed > TaskHandler[id: 109; name: revertFile (13); status: COMPLETED; exit: 0; error: -; workDir: /input/data/work/b9/7569f206039a762803098e903450a1]
Dec-01 10:52:01.032 [Task monitor] DEBUG n.processor.TaskPollingMonitor - Task completed > TaskHandler[id: 116; name: revertFile (21); status: COMPLETED; exit: 0; error: -; workDir: /input/data/work/33/2c55cc6d2e8bf66c7ba6aba8fef8c1]
Dec-01 10:52:01.244 [Task monitor] DEBUG n.processor.TaskPollingMonitor - Task completed > TaskHandler[id: 117; name: revertFile (20); status: COMPLETED; exit: 0; error: -; workDir: /input/data/work/6e/8b5c61675d24e7c147625ca0117054]
Dec-01 10:52:01.544 [Task monitor] DEBUG n.processor.TaskPollingMonitor - Task completed > TaskHandler[id: 130; name: revertFile (99); status: COMPLETED; exit: 0; error: -; workDir: /input/data/work/48/ef54d75995e387b52054186db1c1a9]
Dec-01 10:52:01.681 [Task monitor] DEBUG n.processor.TaskPollingMonitor - Task completed > TaskHandler[id: 132; name: revertFile (100); status: COMPLETED; exit: 0; error: -; workDir: /input/data/work/42/0aefef91aef7d5327b4eca68573933]
Dec-01 10:52:02.398 [Task monitor] DEBUG n.processor.TaskPollingMonitor - Task completed > TaskHandler[id: 173; name: revertFile (27); status: COMPLETED; exit: 0; error: -; workDir: /input/data/work/19/ff29ef912689ccb4bd5e514c65197c]
Dec-01 10:52:02.523 [Task monitor] DEBUG n.processor.TaskPollingMonitor - Task completed > TaskHandler[id: 180; name: revertFile (35); status: COMPLETED; exit: 0; error: -; workDir: /input/data/work/d2/89b20187ee9f61ee14c07448d61f5d]
Dec-01 10:52:02.657 [Task monitor] DEBUG n.processor.TaskPollingMonitor - Task completed > TaskHandler[id: 187; name: revertFile (42); status: COMPLETED; exit: 0; error: -; workDir: /input/data/work/43/7a041d8e833755b69b6d7a9488a497]
Dec-01 10:52:02.885 [Task monitor] DEBUG n.processor.TaskPollingMonitor - Task completed > TaskHandler[id: 188; name: revertFile (43); status: COMPLETED; exit: 0; error: -; workDir: /input/data/work/41/aeabd619c4fa2d87943404c2f83b34]
Dec-01 10:52:03.017 [Task monitor] DEBUG n.processor.TaskPollingMonitor - Task completed > TaskHandler[id: 196; name: revertFile (86); status: COMPLETED; exit: 0; error: -; workDir: /input/data/work/b7/4417cf7f14e4d371e794f42e61dd4c]
Dec-01 10:52:05.860 [Task monitor] DEBUG n.processor.TaskPollingMonitor - Task completed > TaskHandler[id: 101; name: revertFile (15); status: COMPLETED; exit: 0; error: -; workDir: /input/data/work/db/40528dc26086de7482b308b5c2b75c]
Dec-01 10:52:05.909 [Task monitor] DEBUG n.processor.TaskPollingMonitor - Task completed > TaskHandler[id: 104; name: revertFile (28); status: COMPLETED; exit: 0; error: -; workDir: /input/data/work/e8/158097733e2fcce8e2361e454374d5]
Dec-01 10:52:08.083 [Task monitor] DEBUG n.processor.TaskPollingMonitor - Task completed > TaskHandler[id: 119; name: revertFile (30); status: COMPLETED; exit: 0; error: -; workDir: /input/data/work/6f/554415f982c998e1510460c78f10a4]
Dec-01 10:52:08.183 [Task monitor] DEBUG n.processor.TaskPollingMonitor - Task completed > TaskHandler[id: 122; name: revertFile (16); status: COMPLETED; exit: 0; error: -; workDir: /input/data/work/a5/3ccd7719ecbc10d86466c4fcbe5a88]
Dec-01 10:52:08.262 [Task monitor] DEBUG n.processor.TaskPollingMonitor - Task completed > TaskHandler[id: 131; name: revertFile (98); status: COMPLETED; exit: 0; error: -; workDir: /input/data/work/22/a1019db22a495902960e6cb0775e21]
Dec-01 10:52:08.305 [Task monitor] DEBUG n.processor.TaskPollingMonitor - Task completed > TaskHandler[id: 135; name: revertFile (9); status: COMPLETED; exit: 0; error: -; workDir: /input/data/work/c4/cbd2ffcac04ae57b8f77021e39507b]
Dec-01 10:52:08.425 [Task monitor] DEBUG n.processor.TaskPollingMonitor - Task completed > TaskHandler[id: 137; name: revertFile (53); status: COMPLETED; exit: 0; error: -; workDir: /input/data/work/c5/3b21ac6ebae40e8d12e2050b4cedf1]
Dec-01 10:52:08.475 [Task monitor] DEBUG n.processor.TaskPollingMonitor - Task completed > TaskHandler[id: 144; name: revertFile (60); status: COMPLETED; exit: 0; error: -; workDir: /input/data/work/63/f0a751d4731f90bc367b7885197bc8]
Dec-01 10:52:08.550 [Task monitor] DEBUG n.processor.TaskPollingMonitor - Task completed > TaskHandler[id: 145; name: revertFile (89); status: COMPLETED; exit: 0; error: -; workDir: /input/data/work/74/a8cd8599b067874256ad4df789cbde]
Dec-01 10:52:08.632 [Task monitor] DEBUG n.processor.TaskPollingMonitor - Task completed > TaskHandler[id: 153; name: revertFile (48); status: COMPLETED; exit: 0; error: -; workDir: /input/data/work/de/9f5fd4a3b2ea22984e81399ffa00c8]
Dec-01 10:52:08.697 [Task monitor] DEBUG n.processor.TaskPollingMonitor - Task completed > TaskHandler[id: 156; name: revertFile (51); status: COMPLETED; exit: 0; error: -; workDir: /input/data/work/4d/068724ad30f1740a7ae83e6c7c42f4]
Dec-01 10:52:08.858 [Task monitor] DEBUG n.processor.TaskPollingMonitor - Task completed > TaskHandler[id: 178; name: revertFile (33); status: COMPLETED; exit: 0; error: -; workDir: /input/data/work/4f/b684ae9689bb0431cc8809afd136f8]
Dec-01 10:52:15.928 [Task monitor] DEBUG n.processor.TaskPollingMonitor - Task completed > TaskHandler[id: 106; name: revertFile (7); status: COMPLETED; exit: 0; error: -; workDir: /input/data/work/32/6245471d2955c65f6bf9aea881e050]
Dec-01 10:52:16.024 [Task monitor] DEBUG n.processor.TaskPollingMonitor - Task completed > TaskHandler[id: 121; name: revertFile (2); status: COMPLETED; exit: 0; error: -; workDir: /input/data/work/9a/c0bc6d19511a5a0c56c5b79a620c6c]
Dec-01 10:52:16.141 [Task monitor] DEBUG n.processor.TaskPollingMonitor - Task completed > TaskHandler[id: 129; name: revertFile (97); status: COMPLETED; exit: 0; error: -; workDir: /input/data/work/e5/7d700044efd25ed61af7e8a945cb10]
Dec-01 10:52:16.244 [Task monitor] DEBUG n.processor.TaskPollingMonitor - Task completed > TaskHandler[id: 136; name: revertFile (52); status: COMPLETED; exit: 0; error: -; workDir: /input/data/work/cb/7f7e054c722c1bf4dada0e4a75332c]
Dec-01 10:52:16.451 [Task monitor] DEBUG n.processor.TaskPollingMonitor - Task completed > TaskHandler[id: 197; name: revertFile (80); status: COMPLETED; exit: 0; error: -; workDir: /input/data/work/bd/a5c7a480977712b4782ff848f4d968]
Dec-01 10:52:16.553 [Task monitor] DEBUG n.processor.TaskPollingMonitor - Task completed > TaskHandler[id: 198; name: revertFile (81); status: COMPLETED; exit: 0; error: -; workDir: /input/data/work/ec/ee8df6399b13ae65d22af7c2503032]
Dec-01 10:52:16.667 [Task monitor] DEBUG n.processor.TaskPollingMonitor - Task completed > TaskHandler[id: 199; name: revertFile (82); status: COMPLETED; exit: 0; error: -; workDir: /input/data/work/68/cc82a81590e665447353029aa58719]
Dec-01 10:52:25.909 [Task monitor] DEBUG n.processor.TaskPollingMonitor - Task completed > TaskHandler[id: 189; name: revertFile (76); status: COMPLETED; exit: 0; error: -; workDir: /input/data/work/b7/2687f57a9146beb222a57123599316]
Dec-01 10:52:30.869 [Task monitor] DEBUG n.processor.TaskPollingMonitor - Task completed > TaskHandler[id: 160; name: revertFile (62); status: COMPLETED; exit: 0; error: -; workDir: /input/data/work/63/cb4ba55a753636daf33af012874d50]
Dec-01 10:52:30.916 [Task monitor] DEBUG n.processor.TaskPollingMonitor - Task completed > TaskHandler[id: 163; name: revertFile (68); status: COMPLETED; exit: 0; error: -; workDir: /input/data/work/82/fa5157dc8acd1ddbb43e9c60f53220]
Dec-01 10:52:30.960 [Task monitor] DEBUG n.processor.TaskPollingMonitor - Task completed > TaskHandler[id: 165; name: revertFile (65); status: COMPLETED; exit: 0; error: -; workDir: /input/data/work/6e/97e6005ee3205ba0df8964bdc3f43a]
Dec-01 10:52:30.962 [main] DEBUG nextflow.Session - Session await > all processes finished
Dec-01 10:52:30.966 [main] DEBUG nextflow.Session - Session await > all barriers passed
Dec-01 10:52:30.978 [main] DEBUG n.trace.WorkflowStatsObserver - Workflow completed > WorkflowStats[succeededCount=200; failedCount=0; ignoredCount=0; cachedCount=0; pendingCount=0; submittedCount=0; runningCount=0; retriesCount=0; abortedCount=0; succeedDuration=1h 38m 17s; failedDuration=0ms; cachedDuration=0ms;loadCpus=0; loadMemory=0; peakRunning=25; peakCpus=250; peakMemory=250 GB; ]
Dec-01 10:52:30.978 [main] DEBUG nextflow.trace.TraceFileObserver - Workflow completed -- saving trace file
Dec-01 10:52:30.980 [main] DEBUG nextflow.trace.ReportObserver - Workflow completed -- rendering execution report
Dec-01 10:52:31.604 [main] DEBUG nextflow.trace.TimelineObserver - Workflow completed -- rendering execution timeline
Dec-01 10:52:31.752 [main] DEBUG nextflow.cache.CacheDB - Closing CacheDB done
Dec-01 10:52:31.773 [main] DEBUG nextflow.util.ThreadPoolManager - Thread pool 'FileTransfer' shutdown completed (hard=false)
Dec-01 10:52:31.773 [main] DEBUG nextflow.script.ScriptRunner - > Execution complete -- Goodbye
