Dec-12 10:20:09.131 [main] DEBUG nextflow.cli.Launcher - $> nextflow run /input/allIntoOne -c /experiments/experiment/allIntoOne/nextflow.config -c /experiments/experiment/nextflow_la.config -c /experiments/experiment/nextflow_ceph.config
Dec-12 10:20:09.194 [main] INFO  nextflow.cli.CmdRun - N E X T F L O W  ~  version 23.07.0-edge
Dec-12 10:20:09.213 [main] DEBUG nextflow.plugin.PluginsFacade - Setting up plugin manager > mode=prod; embedded=false; plugins-dir=/.nextflow/plugins; core-plugins: nf-amazon@2.1.0,nf-azure@1.1.4,nf-cloudcache@0.1.0,nf-codecommit@0.1.5,nf-console@1.0.6,nf-ga4gh@1.1.0,nf-google@1.8.1,nf-tower@1.5.15,nf-wave@0.11.0
Dec-12 10:20:09.223 [main] INFO  o.pf4j.DefaultPluginStatusProvider - Enabled plugins: []
Dec-12 10:20:09.223 [main] INFO  o.pf4j.DefaultPluginStatusProvider - Disabled plugins: []
Dec-12 10:20:09.226 [main] INFO  org.pf4j.DefaultPluginManager - PF4J version 3.4.1 in 'deployment' mode
Dec-12 10:20:09.234 [main] INFO  org.pf4j.AbstractPluginManager - No plugins
Dec-12 10:20:09.255 [main] DEBUG nextflow.scm.AssetManager - Project manifest does not exist: /input/allIntoOne/nextflow.config (No such file or directory)
Dec-12 10:20:09.276 [main] DEBUG nextflow.config.ConfigBuilder - User config file: /experiments/experiment/allIntoOne/nextflow.config
Dec-12 10:20:09.277 [main] DEBUG nextflow.config.ConfigBuilder - User config file: /experiments/experiment/nextflow_la.config
Dec-12 10:20:09.277 [main] DEBUG nextflow.config.ConfigBuilder - User config file: /experiments/experiment/nextflow_ceph.config
Dec-12 10:20:09.277 [main] DEBUG nextflow.config.ConfigBuilder - Parsing config file: /experiments/experiment/allIntoOne/nextflow.config
Dec-12 10:20:09.277 [main] DEBUG nextflow.config.ConfigBuilder - Parsing config file: /experiments/experiment/nextflow_la.config
Dec-12 10:20:09.277 [main] DEBUG nextflow.config.ConfigBuilder - Parsing config file: /experiments/experiment/nextflow_ceph.config
Dec-12 10:20:09.291 [main] DEBUG nextflow.config.ConfigBuilder - Applying config profile: `standard`
Dec-12 10:20:09.798 [main] DEBUG nextflow.config.ConfigBuilder - Applying config profile: `standard`
Dec-12 10:20:09.961 [main] DEBUG nextflow.config.ConfigBuilder - Applying config profile: `standard`
Dec-12 10:20:09.994 [main] DEBUG nextflow.cli.CmdRun - Applied DSL=2 by global default
Dec-12 10:20:10.010 [main] INFO  nextflow.cli.CmdRun - Launching `/input/allIntoOne/main.nf` [friendly_pasteur] DSL2 - revision: f2e677d52d
Dec-12 10:20:10.011 [main] DEBUG nextflow.plugin.PluginsFacade - Plugins default=[]
Dec-12 10:20:10.011 [main] DEBUG nextflow.plugin.PluginsFacade - Plugins resolved requirement=[]
Dec-12 10:20:10.018 [main] DEBUG n.secret.LocalSecretsProvider - Secrets store: /.nextflow/secrets/store.json
Dec-12 10:20:10.021 [main] DEBUG nextflow.secret.SecretsLoader - Discovered secrets providers: [nextflow.secret.LocalSecretsProvider@1d12e953] - activable => nextflow.secret.LocalSecretsProvider@1d12e953
Dec-12 10:20:10.077 [main] DEBUG nextflow.Session - Session UUID: a7fadb28-0042-41f2-bfd3-d1a2d1bcc2e9
Dec-12 10:20:10.077 [main] DEBUG nextflow.Session - Run name: friendly_pasteur
Dec-12 10:20:10.078 [main] DEBUG nextflow.Session - Executor pool size: 32
Dec-12 10:20:10.083 [main] DEBUG nextflow.file.FilePorter - File porter settings maxRetries=3; maxTransfers=50; pollTimeout=null
Dec-12 10:20:10.086 [main] DEBUG nextflow.util.ThreadPoolBuilder - Creating thread pool 'FileTransfer' minSize=10; maxSize=96; workQueue=LinkedBlockingQueue[10000]; allowCoreThreadTimeout=false
Dec-12 10:20:10.175 [main] DEBUG nextflow.cli.CmdRun - 
  Version: 23.07.0-edge build 5875
  Created: 28-07-2023 20:27 UTC (20:27 GMT)
  System: Linux 5.4.0-166-generic
  Runtime: Groovy 3.0.18 on OpenJDK 64-Bit Server VM 17.0.6+10-LTS
  Encoding: UTF-8 (UTF-8)
  Process: 2468924@nextflow [10.233.76.33]
  CPUs: 32 - Mem: 125.7 GB (121.6 GB) - Swap: 0 (0)
Dec-12 10:20:10.205 [main] DEBUG nextflow.Session - Work-dir: /input/data/work [ceph]
Dec-12 10:20:10.206 [main] DEBUG nextflow.Session - Script base path does not exist or is not a directory: /input/allIntoOne/bin
Dec-12 10:20:10.217 [main] DEBUG nextflow.executor.ExecutorFactory - Extension executors providers=[]
Dec-12 10:20:10.225 [main] DEBUG nextflow.Session - Observer factory: DefaultObserverFactory
Dec-12 10:20:10.254 [main] DEBUG nextflow.cache.CacheFactory - Using Nextflow cache factory: nextflow.cache.DefaultCacheFactory
Dec-12 10:20:10.269 [main] DEBUG nextflow.util.CustomThreadPool - Creating default thread pool > poolSize: 33; maxThreads: 1000
Dec-12 10:20:10.374 [main] DEBUG nextflow.Session - Session start
Dec-12 10:20:10.380 [main] DEBUG nextflow.trace.TraceFileObserver - Workflow started -- trace file: /input/data/output/trace.csv
Dec-12 10:20:10.533 [main] DEBUG nextflow.script.ScriptRunner - > Launching execution
Dec-12 10:20:10.764 [main] DEBUG nextflow.script.ProcessConfig - Config settings `withName:writeLargeFile` matches process writeLargeFile
Dec-12 10:20:10.774 [main] DEBUG nextflow.executor.ExecutorFactory - << taskConfig executor: k8s
Dec-12 10:20:10.774 [main] DEBUG nextflow.executor.ExecutorFactory - >> processorType: 'k8s'
Dec-12 10:20:10.784 [main] DEBUG nextflow.executor.Executor - [warm up] executor > k8s
Dec-12 10:20:10.807 [main] DEBUG n.processor.TaskPollingMonitor - Creating task monitor for executor 'k8s' > capacity: 300; pollInterval: 5s; dumpInterval: 5m; schedulerBatch: null
Dec-12 10:20:10.812 [main] DEBUG nextflow.k8s.client.ConfigDiscovery - K8s config file does not exist: /root/.kube/config
Dec-12 10:20:10.824 [main] DEBUG nextflow.k8s.K8sExecutor - [K8s] config=[localPath:/localdata, localStorageMountPath:/localdata, scheduler:[strategy:LAv2, name:workflow-scheduler, autoClose:false, nodeSelector:usedby=anonymized, container:anonymized/test1:sch_v194], storage:[type:copy, workdir:/localdata/localwork/, nodeSelector:usedby=anonymized, imageName:anonymized/test1:ftp_v122], debug:[yaml:true], namespace:anonymized, serviceAccount:nextflow, workDir:/input/data/work/, projectDir:/input/data/project/, imagePullPolicy:IfNotPresent, launchDir:/input/data/launch/, runAsUser:0, fetchNodeName:true, storageMountPath:/input, pod:[nodeSelector:usedby=anonymized], storageClaimName:ceph-data]; API client config=ClientConfig[ server=10.233.0.1:443, namespace=anonymized, serviceAccount=nextflow, token=eyJhbGciOiJ.., sslCert=LS0tLS1CRUd.., clientCert=-, clientKey=-, verifySsl=false, fromFile=true, httpReadTimeout=null, httpConnectTimeout=null, maxErrorRetry=4 ]
Dec-12 10:20:11.298 [main] DEBUG nextflow.k8s.K8sExecutor - Created K8s configMap with name: nf-get-stat-41cac373
Dec-12 10:20:15.049 [main] DEBUG nextflow.script.ProcessConfig - Config settings `withName:combineFiles` matches process combineFiles
Dec-12 10:20:15.051 [main] DEBUG nextflow.executor.ExecutorFactory - << taskConfig executor: k8s
Dec-12 10:20:15.051 [main] DEBUG nextflow.executor.ExecutorFactory - >> processorType: 'k8s'
Dec-12 10:20:15.063 [main] DEBUG nextflow.Session - Workflow process names [dsl2]: revertFile, combineFiles, writeLargeFile
Dec-12 10:20:15.065 [main] DEBUG nextflow.Session - Igniting dataflow network (3)
Dec-12 10:20:15.068 [main] DEBUG nextflow.processor.TaskProcessor - Starting process > writeLargeFile
Dec-12 10:20:15.068 [main] DEBUG nextflow.processor.TaskProcessor - Starting process > combineFiles
Dec-12 10:20:15.069 [main] DEBUG nextflow.script.ScriptRunner - > Awaiting termination 
Dec-12 10:20:15.069 [main] DEBUG nextflow.Session - Session await
Dec-12 10:20:15.347 [Task submitter] INFO  nextflow.Session - [33/0f4883] Submitted process > writeLargeFile (10)
Dec-12 10:20:15.396 [Task submitter] INFO  nextflow.Session - [08/58b6d9] Submitted process > writeLargeFile (14)
Dec-12 10:20:15.432 [Task submitter] INFO  nextflow.Session - [e2/524a81] Submitted process > writeLargeFile (28)
Dec-12 10:20:15.468 [Task submitter] INFO  nextflow.Session - [c3/91ec94] Submitted process > writeLargeFile (16)
Dec-12 10:20:15.505 [Task submitter] INFO  nextflow.Session - [2b/a5fcdc] Submitted process > writeLargeFile (26)
Dec-12 10:20:15.544 [Task submitter] INFO  nextflow.Session - [1c/4870b8] Submitted process > writeLargeFile (3)
Dec-12 10:20:15.578 [Task submitter] INFO  nextflow.Session - [1a/94713b] Submitted process > writeLargeFile (32)
Dec-12 10:20:15.612 [Task submitter] INFO  nextflow.Session - [6c/c711eb] Submitted process > writeLargeFile (27)
Dec-12 10:20:15.649 [Task submitter] INFO  nextflow.Session - [5c/dbf49f] Submitted process > writeLargeFile (8)
Dec-12 10:20:15.682 [Task submitter] INFO  nextflow.Session - [7e/86e924] Submitted process > writeLargeFile (20)
Dec-12 10:20:15.719 [Task submitter] INFO  nextflow.Session - [d5/ad9757] Submitted process > writeLargeFile (31)
Dec-12 10:20:15.755 [Task submitter] INFO  nextflow.Session - [c9/2897dd] Submitted process > writeLargeFile (24)
Dec-12 10:20:15.788 [Task submitter] INFO  nextflow.Session - [90/d42280] Submitted process > writeLargeFile (15)
Dec-12 10:20:15.820 [Task submitter] INFO  nextflow.Session - [b4/9676b7] Submitted process > writeLargeFile (2)
Dec-12 10:20:15.853 [Task submitter] INFO  nextflow.Session - [f2/d6dd27] Submitted process > writeLargeFile (21)
Dec-12 10:20:15.885 [Task submitter] INFO  nextflow.Session - [da/37c827] Submitted process > writeLargeFile (5)
Dec-12 10:20:15.917 [Task submitter] INFO  nextflow.Session - [26/589ff9] Submitted process > writeLargeFile (13)
Dec-12 10:20:15.947 [Task submitter] INFO  nextflow.Session - [55/2b95d6] Submitted process > writeLargeFile (18)
Dec-12 10:20:15.979 [Task submitter] INFO  nextflow.Session - [52/3a38b5] Submitted process > writeLargeFile (19)
Dec-12 10:20:16.008 [Task submitter] INFO  nextflow.Session - [89/8f96df] Submitted process > writeLargeFile (30)
Dec-12 10:20:16.038 [Task submitter] INFO  nextflow.Session - [ca/40bf63] Submitted process > writeLargeFile (9)
Dec-12 10:20:16.068 [Task submitter] INFO  nextflow.Session - [36/c3ffc9] Submitted process > writeLargeFile (7)
Dec-12 10:20:16.099 [Task submitter] INFO  nextflow.Session - [eb/f32622] Submitted process > writeLargeFile (29)
Dec-12 10:20:16.130 [Task submitter] INFO  nextflow.Session - [ab/8c1144] Submitted process > writeLargeFile (22)
Dec-12 10:20:16.159 [Task submitter] INFO  nextflow.Session - [2e/33b567] Submitted process > writeLargeFile (52)
Dec-12 10:20:16.200 [Task submitter] INFO  nextflow.Session - [ca/7dfb63] Submitted process > writeLargeFile (1)
Dec-12 10:20:16.226 [Task submitter] INFO  nextflow.Session - [29/51f259] Submitted process > writeLargeFile (6)
Dec-12 10:20:16.254 [Task submitter] INFO  nextflow.Session - [42/7579b8] Submitted process > writeLargeFile (12)
Dec-12 10:20:16.284 [Task submitter] INFO  nextflow.Session - [81/5a19c0] Submitted process > writeLargeFile (17)
Dec-12 10:20:16.314 [Task submitter] INFO  nextflow.Session - [f7/15ee54] Submitted process > writeLargeFile (25)
Dec-12 10:20:16.346 [Task submitter] INFO  nextflow.Session - [ce/32c88e] Submitted process > writeLargeFile (11)
Dec-12 10:20:16.377 [Task submitter] INFO  nextflow.Session - [84/03cf73] Submitted process > writeLargeFile (4)
Dec-12 10:20:16.407 [Task submitter] INFO  nextflow.Session - [f7/2d4be8] Submitted process > writeLargeFile (23)
Dec-12 10:20:16.433 [Task submitter] INFO  nextflow.Session - [02/30d218] Submitted process > writeLargeFile (33)
Dec-12 10:20:16.461 [Task submitter] INFO  nextflow.Session - [26/e53a99] Submitted process > writeLargeFile (35)
Dec-12 10:20:16.492 [Task submitter] INFO  nextflow.Session - [92/4708ad] Submitted process > writeLargeFile (34)
Dec-12 10:20:16.522 [Task submitter] INFO  nextflow.Session - [a1/b6599b] Submitted process > writeLargeFile (37)
Dec-12 10:20:16.552 [Task submitter] INFO  nextflow.Session - [93/48bbf1] Submitted process > writeLargeFile (36)
Dec-12 10:20:16.588 [Task submitter] INFO  nextflow.Session - [ad/7aceee] Submitted process > writeLargeFile (38)
Dec-12 10:20:16.620 [Task submitter] INFO  nextflow.Session - [93/3b1689] Submitted process > writeLargeFile (40)
Dec-12 10:20:16.654 [Task submitter] INFO  nextflow.Session - [d8/71c411] Submitted process > writeLargeFile (39)
Dec-12 10:20:16.684 [Task submitter] INFO  nextflow.Session - [d3/4c5ec3] Submitted process > writeLargeFile (41)
Dec-12 10:20:16.717 [Task submitter] INFO  nextflow.Session - [50/ccdeed] Submitted process > writeLargeFile (42)
Dec-12 10:20:16.744 [Task submitter] INFO  nextflow.Session - [f5/900afc] Submitted process > writeLargeFile (43)
Dec-12 10:20:16.779 [Task submitter] INFO  nextflow.Session - [92/533e9b] Submitted process > writeLargeFile (45)
Dec-12 10:20:16.809 [Task submitter] INFO  nextflow.Session - [5b/b21b92] Submitted process > writeLargeFile (44)
Dec-12 10:20:16.833 [Task submitter] INFO  nextflow.Session - [bd/ea326e] Submitted process > writeLargeFile (46)
Dec-12 10:20:16.862 [Task submitter] INFO  nextflow.Session - [28/281963] Submitted process > writeLargeFile (47)
Dec-12 10:20:16.891 [Task submitter] INFO  nextflow.Session - [e8/d6897a] Submitted process > writeLargeFile (48)
Dec-12 10:20:16.920 [Task submitter] INFO  nextflow.Session - [c2/822fad] Submitted process > writeLargeFile (49)
Dec-12 10:20:16.951 [Task submitter] INFO  nextflow.Session - [a4/e4a4cd] Submitted process > writeLargeFile (51)
Dec-12 10:20:16.980 [Task submitter] INFO  nextflow.Session - [67/201822] Submitted process > writeLargeFile (50)
Dec-12 10:20:17.010 [Task submitter] INFO  nextflow.Session - [ae/353dbd] Submitted process > writeLargeFile (53)
Dec-12 10:20:17.043 [Task submitter] INFO  nextflow.Session - [21/e77d84] Submitted process > writeLargeFile (54)
Dec-12 10:20:17.073 [Task submitter] INFO  nextflow.Session - [68/1857f0] Submitted process > writeLargeFile (55)
Dec-12 10:20:17.097 [Task submitter] INFO  nextflow.Session - [bd/e0d6d7] Submitted process > writeLargeFile (58)
Dec-12 10:20:17.133 [Task submitter] INFO  nextflow.Session - [79/fe31a4] Submitted process > writeLargeFile (57)
Dec-12 10:20:17.162 [Task submitter] INFO  nextflow.Session - [9d/3cfb57] Submitted process > writeLargeFile (56)
Dec-12 10:20:17.192 [Task submitter] INFO  nextflow.Session - [83/108364] Submitted process > writeLargeFile (59)
Dec-12 10:20:17.221 [Task submitter] INFO  nextflow.Session - [68/462b42] Submitted process > writeLargeFile (61)
Dec-12 10:20:17.252 [Task submitter] INFO  nextflow.Session - [54/1f48f5] Submitted process > writeLargeFile (60)
Dec-12 10:20:17.283 [Task submitter] INFO  nextflow.Session - [56/15f75f] Submitted process > writeLargeFile (62)
Dec-12 10:20:17.312 [Task submitter] INFO  nextflow.Session - [49/524ced] Submitted process > writeLargeFile (63)
Dec-12 10:20:17.343 [Task submitter] INFO  nextflow.Session - [1e/057701] Submitted process > writeLargeFile (64)
Dec-12 10:20:17.371 [Task submitter] INFO  nextflow.Session - [db/9da47d] Submitted process > writeLargeFile (66)
Dec-12 10:20:17.400 [Task submitter] INFO  nextflow.Session - [75/7dd066] Submitted process > writeLargeFile (65)
Dec-12 10:20:17.431 [Task submitter] INFO  nextflow.Session - [16/509b10] Submitted process > writeLargeFile (68)
Dec-12 10:20:17.458 [Task submitter] INFO  nextflow.Session - [a9/b16279] Submitted process > writeLargeFile (67)
Dec-12 10:20:17.486 [Task submitter] INFO  nextflow.Session - [b6/61de93] Submitted process > writeLargeFile (69)
Dec-12 10:20:17.516 [Task submitter] INFO  nextflow.Session - [e1/366832] Submitted process > writeLargeFile (70)
Dec-12 10:20:17.543 [Task submitter] INFO  nextflow.Session - [9c/21cfbc] Submitted process > writeLargeFile (71)
Dec-12 10:20:17.570 [Task submitter] INFO  nextflow.Session - [8c/222a40] Submitted process > writeLargeFile (74)
Dec-12 10:20:17.600 [Task submitter] INFO  nextflow.Session - [79/7c3cfc] Submitted process > writeLargeFile (73)
Dec-12 10:20:17.629 [Task submitter] INFO  nextflow.Session - [c4/05c70e] Submitted process > writeLargeFile (100)
Dec-12 10:20:17.690 [Task submitter] INFO  nextflow.Session - [7a/5b1454] Submitted process > writeLargeFile (72)
Dec-12 10:20:17.747 [Task submitter] INFO  nextflow.Session - [f5/2ba077] Submitted process > writeLargeFile (75)
Dec-12 10:20:17.777 [Task submitter] INFO  nextflow.Session - [21/49807c] Submitted process > writeLargeFile (76)
Dec-12 10:20:17.806 [Task submitter] INFO  nextflow.Session - [33/002b76] Submitted process > writeLargeFile (77)
Dec-12 10:20:17.838 [Task submitter] INFO  nextflow.Session - [cc/315b2f] Submitted process > writeLargeFile (78)
Dec-12 10:20:17.866 [Task submitter] INFO  nextflow.Session - [0f/afa47d] Submitted process > writeLargeFile (79)
Dec-12 10:20:17.924 [Task submitter] INFO  nextflow.Session - [be/245f2d] Submitted process > writeLargeFile (80)
Dec-12 10:20:17.971 [Task submitter] INFO  nextflow.Session - [e5/91e076] Submitted process > writeLargeFile (81)
Dec-12 10:20:18.001 [Task submitter] INFO  nextflow.Session - [3a/b4dd2e] Submitted process > writeLargeFile (82)
Dec-12 10:20:18.027 [Task submitter] INFO  nextflow.Session - [8d/5b8ca4] Submitted process > writeLargeFile (83)
Dec-12 10:20:18.056 [Task submitter] INFO  nextflow.Session - [75/662675] Submitted process > writeLargeFile (85)
Dec-12 10:20:18.086 [Task submitter] INFO  nextflow.Session - [8f/72e91a] Submitted process > writeLargeFile (84)
Dec-12 10:20:18.128 [Task submitter] INFO  nextflow.Session - [29/767948] Submitted process > writeLargeFile (86)
Dec-12 10:20:18.179 [Task submitter] INFO  nextflow.Session - [8e/bf4052] Submitted process > writeLargeFile (87)
Dec-12 10:20:18.210 [Task submitter] INFO  nextflow.Session - [e5/a708ce] Submitted process > writeLargeFile (89)
Dec-12 10:20:18.241 [Task submitter] INFO  nextflow.Session - [04/20ddea] Submitted process > writeLargeFile (88)
Dec-12 10:20:18.272 [Task submitter] INFO  nextflow.Session - [ab/1fa2ae] Submitted process > writeLargeFile (90)
Dec-12 10:20:18.298 [Task submitter] INFO  nextflow.Session - [eb/e706c6] Submitted process > writeLargeFile (91)
Dec-12 10:20:18.396 [Task submitter] INFO  nextflow.Session - [c3/69ab04] Submitted process > writeLargeFile (92)
Dec-12 10:20:18.432 [Task submitter] INFO  nextflow.Session - [9a/4e644e] Submitted process > writeLargeFile (93)
Dec-12 10:20:18.462 [Task submitter] INFO  nextflow.Session - [5d/8cb278] Submitted process > writeLargeFile (94)
Dec-12 10:20:18.490 [Task submitter] INFO  nextflow.Session - [44/4c73ff] Submitted process > writeLargeFile (95)
Dec-12 10:20:18.519 [Task submitter] INFO  nextflow.Session - [56/2318cd] Submitted process > writeLargeFile (96)
Dec-12 10:20:18.548 [Task submitter] INFO  nextflow.Session - [74/ed9029] Submitted process > writeLargeFile (97)
Dec-12 10:20:18.615 [Task submitter] INFO  nextflow.Session - [7d/f7b4e3] Submitted process > writeLargeFile (99)
Dec-12 10:20:18.682 [Task submitter] INFO  nextflow.Session - [2f/d1ecb4] Submitted process > writeLargeFile (98)
Dec-12 10:20:25.866 [Task monitor] DEBUG n.processor.TaskPollingMonitor - Task completed > TaskHandler[id: 10; name: writeLargeFile (10); status: COMPLETED; exit: 0; error: -; workDir: /input/data/work/33/0f4883e54426edf800942e1233edab]
Dec-12 10:20:26.018 [Task monitor] DEBUG n.processor.TaskPollingMonitor - Task completed > TaskHandler[id: 26; name: writeLargeFile (26); status: COMPLETED; exit: 0; error: -; workDir: /input/data/work/2b/a5fcdc02713a43576fe0a4bbfee44a]
Dec-12 10:20:26.073 [Task monitor] DEBUG n.processor.TaskPollingMonitor - Task completed > TaskHandler[id: 3; name: writeLargeFile (3); status: COMPLETED; exit: 0; error: -; workDir: /input/data/work/1c/4870b8eca231a20158e719e185c778]
Dec-12 10:20:26.122 [Task monitor] DEBUG n.processor.TaskPollingMonitor - Task completed > TaskHandler[id: 32; name: writeLargeFile (32); status: COMPLETED; exit: 0; error: -; workDir: /input/data/work/1a/94713be0421536922ba804dbaaa554]
Dec-12 10:20:26.178 [Task monitor] DEBUG n.processor.TaskPollingMonitor - Task completed > TaskHandler[id: 27; name: writeLargeFile (27); status: COMPLETED; exit: 0; error: -; workDir: /input/data/work/6c/c711ebcf8cb576079542408a2daa9a]
Dec-12 10:20:26.231 [Task monitor] DEBUG n.processor.TaskPollingMonitor - Task completed > TaskHandler[id: 8; name: writeLargeFile (8); status: COMPLETED; exit: 0; error: -; workDir: /input/data/work/5c/dbf49f59d45e70cb6d65b4069f6fe2]
Dec-12 10:20:26.278 [Task monitor] DEBUG n.processor.TaskPollingMonitor - Task completed > TaskHandler[id: 20; name: writeLargeFile (20); status: COMPLETED; exit: 0; error: -; workDir: /input/data/work/7e/86e924538c14190f1e6b233d66b962]
Dec-12 10:20:26.320 [Task monitor] DEBUG n.processor.TaskPollingMonitor - Task completed > TaskHandler[id: 31; name: writeLargeFile (31); status: COMPLETED; exit: 0; error: -; workDir: /input/data/work/d5/ad97573cc92d48e06af46f5dea1392]
Dec-12 10:20:26.362 [Task monitor] DEBUG n.processor.TaskPollingMonitor - Task completed > TaskHandler[id: 24; name: writeLargeFile (24); status: COMPLETED; exit: 0; error: -; workDir: /input/data/work/c9/2897dd6b56bd68f3840637b2e70635]
Dec-12 10:20:30.925 [Task monitor] DEBUG n.processor.TaskPollingMonitor - Task completed > TaskHandler[id: 14; name: writeLargeFile (14); status: COMPLETED; exit: 0; error: -; workDir: /input/data/work/08/58b6d90553e6062f8c7f420d060613]
Dec-12 10:20:31.018 [Task monitor] DEBUG n.processor.TaskPollingMonitor - Task completed > TaskHandler[id: 28; name: writeLargeFile (28); status: COMPLETED; exit: 0; error: -; workDir: /input/data/work/e2/524a813bb24c242060911189dfecd6]
Dec-12 10:20:31.121 [Task monitor] DEBUG n.processor.TaskPollingMonitor - Task completed > TaskHandler[id: 16; name: writeLargeFile (16); status: COMPLETED; exit: 0; error: -; workDir: /input/data/work/c3/91ec94b4ad7419c95bde48b8a09512]
Dec-12 10:20:33.907 [Task monitor] DEBUG n.processor.TaskPollingMonitor - Task completed > TaskHandler[id: 97; name: writeLargeFile (97); status: COMPLETED; exit: 0; error: -; workDir: /input/data/work/74/ed9029180bc40d07e42af0fbcfdd84]
Dec-12 10:20:33.959 [Task monitor] DEBUG n.processor.TaskPollingMonitor - Task completed > TaskHandler[id: 99; name: writeLargeFile (99); status: COMPLETED; exit: 0; error: -; workDir: /input/data/work/7d/f7b4e34b0a35a9415b18a304de9d39]
Dec-12 10:20:34.008 [Task monitor] DEBUG n.processor.TaskPollingMonitor - Task completed > TaskHandler[id: 98; name: writeLargeFile (98); status: COMPLETED; exit: 0; error: -; workDir: /input/data/work/2f/d1ecb4699482bcec1d022b34b020ec]
Dec-12 10:20:38.159 [Task monitor] DEBUG n.processor.TaskPollingMonitor - Task completed > TaskHandler[id: 89; name: writeLargeFile (89); status: COMPLETED; exit: 0; error: -; workDir: /input/data/work/e5/a708ce8b54bc4a3a7ddd861175ae11]
Dec-12 10:20:38.220 [Task monitor] DEBUG n.processor.TaskPollingMonitor - Task completed > TaskHandler[id: 88; name: writeLargeFile (88); status: COMPLETED; exit: 0; error: -; workDir: /input/data/work/04/20ddead68037a2b402e19e1eb31a1d]
Dec-12 10:20:38.290 [Task monitor] DEBUG n.processor.TaskPollingMonitor - Task completed > TaskHandler[id: 90; name: writeLargeFile (90); status: COMPLETED; exit: 0; error: -; workDir: /input/data/work/ab/1fa2ae7779ee3766676c660d0e600c]
Dec-12 10:20:38.408 [Task monitor] DEBUG n.processor.TaskPollingMonitor - Task completed > TaskHandler[id: 91; name: writeLargeFile (91); status: COMPLETED; exit: 0; error: -; workDir: /input/data/work/eb/e706c600ff0dd8675b929aa5449591]
Dec-12 10:20:38.494 [Task monitor] DEBUG n.processor.TaskPollingMonitor - Task completed > TaskHandler[id: 92; name: writeLargeFile (92); status: COMPLETED; exit: 0; error: -; workDir: /input/data/work/c3/69ab0410c6626453d20478bb02a108]
Dec-12 10:20:38.574 [Task monitor] DEBUG n.processor.TaskPollingMonitor - Task completed > TaskHandler[id: 93; name: writeLargeFile (93); status: COMPLETED; exit: 0; error: -; workDir: /input/data/work/9a/4e644e6af18704c47f03a148654cfe]
Dec-12 10:20:38.653 [Task monitor] DEBUG n.processor.TaskPollingMonitor - Task completed > TaskHandler[id: 94; name: writeLargeFile (94); status: COMPLETED; exit: 0; error: -; workDir: /input/data/work/5d/8cb2784fe81f05be9bfa6563100c76]
Dec-12 10:20:38.717 [Task monitor] DEBUG n.processor.TaskPollingMonitor - Task completed > TaskHandler[id: 95; name: writeLargeFile (95); status: COMPLETED; exit: 0; error: -; workDir: /input/data/work/44/4c73ff59e5c9af144abe91ca1d8bc5]
Dec-12 10:20:38.824 [Task monitor] DEBUG n.processor.TaskPollingMonitor - Task completed > TaskHandler[id: 96; name: writeLargeFile (96); status: COMPLETED; exit: 0; error: -; workDir: /input/data/work/56/2318cd7a2b5fb760a7ad0779361d1a]
Dec-12 10:20:43.052 [Task monitor] DEBUG n.processor.TaskPollingMonitor - Task completed > TaskHandler[id: 84; name: writeLargeFile (84); status: COMPLETED; exit: 0; error: -; workDir: /input/data/work/8f/72e91a57f9bcfdabc59b93d9d43ec1]
Dec-12 10:20:43.097 [Task monitor] DEBUG n.processor.TaskPollingMonitor - Task completed > TaskHandler[id: 86; name: writeLargeFile (86); status: COMPLETED; exit: 0; error: -; workDir: /input/data/work/29/7679488364759bcf49c576c06d59a1]
Dec-12 10:20:43.151 [Task monitor] DEBUG n.processor.TaskPollingMonitor - Task completed > TaskHandler[id: 87; name: writeLargeFile (87); status: COMPLETED; exit: 0; error: -; workDir: /input/data/work/8e/bf405258b26a24a5f3b72708810b92]
Dec-12 10:20:48.113 [Task monitor] DEBUG n.processor.TaskPollingMonitor - Task completed > TaskHandler[id: 76; name: writeLargeFile (76); status: COMPLETED; exit: 0; error: -; workDir: /input/data/work/21/49807c3113a46b5fc4273167119172]
Dec-12 10:20:48.166 [Task monitor] DEBUG n.processor.TaskPollingMonitor - Task completed > TaskHandler[id: 77; name: writeLargeFile (77); status: COMPLETED; exit: 0; error: -; workDir: /input/data/work/33/002b76443dbd5bea37d1f223a1681b]
Dec-12 10:20:48.214 [Task monitor] DEBUG n.processor.TaskPollingMonitor - Task completed > TaskHandler[id: 78; name: writeLargeFile (78); status: COMPLETED; exit: 0; error: -; workDir: /input/data/work/cc/315b2f51b4dfaddf05a4ee1b6d542c]
Dec-12 10:20:48.304 [Task monitor] DEBUG n.processor.TaskPollingMonitor - Task completed > TaskHandler[id: 79; name: writeLargeFile (79); status: COMPLETED; exit: 0; error: -; workDir: /input/data/work/0f/afa47d0f3b6b9ccc8346939f5cd4cd]
Dec-12 10:20:48.385 [Task monitor] DEBUG n.processor.TaskPollingMonitor - Task completed > TaskHandler[id: 80; name: writeLargeFile (80); status: COMPLETED; exit: 0; error: -; workDir: /input/data/work/be/245f2df4b348491acf18919fb0dd84]
Dec-12 10:20:48.455 [Task monitor] DEBUG n.processor.TaskPollingMonitor - Task completed > TaskHandler[id: 81; name: writeLargeFile (81); status: COMPLETED; exit: 0; error: -; workDir: /input/data/work/e5/91e07636426c3ff3e59fe6bbd6e094]
Dec-12 10:20:48.537 [Task monitor] DEBUG n.processor.TaskPollingMonitor - Task completed > TaskHandler[id: 82; name: writeLargeFile (82); status: COMPLETED; exit: 0; error: -; workDir: /input/data/work/3a/b4dd2ee61ea38eb16f2fb260c91386]
Dec-12 10:20:48.622 [Task monitor] DEBUG n.processor.TaskPollingMonitor - Task completed > TaskHandler[id: 83; name: writeLargeFile (83); status: COMPLETED; exit: 0; error: -; workDir: /input/data/work/8d/5b8ca46d1d4a7c3261ac7de1ae8983]
Dec-12 10:20:48.702 [Task monitor] DEBUG n.processor.TaskPollingMonitor - Task completed > TaskHandler[id: 85; name: writeLargeFile (85); status: COMPLETED; exit: 0; error: -; workDir: /input/data/work/75/662675f1ce677ca349a203fc7a7b76]
Dec-12 10:20:52.500 [Task monitor] DEBUG n.processor.TaskPollingMonitor - Task completed > TaskHandler[id: 73; name: writeLargeFile (73); status: COMPLETED; exit: 0; error: -; workDir: /input/data/work/79/7c3cfc1bd8d3c7194b872a15d68941]
Dec-12 10:20:52.548 [Task monitor] DEBUG n.processor.TaskPollingMonitor - Task completed > TaskHandler[id: 100; name: writeLargeFile (100); status: COMPLETED; exit: 0; error: -; workDir: /input/data/work/c4/05c70e2d6a8bc46ead388c684c1755]
Dec-12 10:20:52.594 [Task monitor] DEBUG n.processor.TaskPollingMonitor - Task completed > TaskHandler[id: 72; name: writeLargeFile (72); status: COMPLETED; exit: 0; error: -; workDir: /input/data/work/7a/5b145471053ebeac37cf7af3dc42de]
Dec-12 10:20:52.643 [Task monitor] DEBUG n.processor.TaskPollingMonitor - Task completed > TaskHandler[id: 75; name: writeLargeFile (75); status: COMPLETED; exit: 0; error: -; workDir: /input/data/work/f5/2ba0776974b1f8f0b1b4adfda3177c]
Dec-12 10:20:56.899 [Task monitor] DEBUG n.processor.TaskPollingMonitor - Task completed > TaskHandler[id: 36; name: writeLargeFile (36); status: COMPLETED; exit: 0; error: -; workDir: /input/data/work/93/48bbf137257fbcdf572fb172a61bcd]
Dec-12 10:20:56.999 [Task monitor] DEBUG n.processor.TaskPollingMonitor - Task completed > TaskHandler[id: 38; name: writeLargeFile (38); status: COMPLETED; exit: 0; error: -; workDir: /input/data/work/ad/7aceeea7246be7d4cd1a72744357e2]
Dec-12 10:20:57.098 [Task monitor] DEBUG n.processor.TaskPollingMonitor - Task completed > TaskHandler[id: 40; name: writeLargeFile (40); status: COMPLETED; exit: 0; error: -; workDir: /input/data/work/93/3b16896b598810587b2376c1d032d2]
Dec-12 10:20:57.169 [Task monitor] DEBUG n.processor.TaskPollingMonitor - Task completed > TaskHandler[id: 39; name: writeLargeFile (39); status: COMPLETED; exit: 0; error: -; workDir: /input/data/work/d8/71c41107778b2b2d89f27a6b1f9bb9]
Dec-12 10:20:57.221 [Task monitor] DEBUG n.processor.TaskPollingMonitor - Task completed > TaskHandler[id: 41; name: writeLargeFile (41); status: COMPLETED; exit: 0; error: -; workDir: /input/data/work/d3/4c5ec33cfbde82bab203c782cf927c]
Dec-12 10:21:01.628 [Task monitor] DEBUG n.processor.TaskPollingMonitor - Task completed > TaskHandler[id: 42; name: writeLargeFile (42); status: COMPLETED; exit: 0; error: -; workDir: /input/data/work/50/ccdeede0f40840ae182cdeeade99a7]
Dec-12 10:21:01.677 [Task monitor] DEBUG n.processor.TaskPollingMonitor - Task completed > TaskHandler[id: 43; name: writeLargeFile (43); status: COMPLETED; exit: 0; error: -; workDir: /input/data/work/f5/900afc79f0b2c7b3d98f2050604cba]
Dec-12 10:21:01.725 [Task monitor] DEBUG n.processor.TaskPollingMonitor - Task completed > TaskHandler[id: 45; name: writeLargeFile (45); status: COMPLETED; exit: 0; error: -; workDir: /input/data/work/92/533e9b19ba7658132402c6adaa75f4]
Dec-12 10:21:01.774 [Task monitor] DEBUG n.processor.TaskPollingMonitor - Task completed > TaskHandler[id: 44; name: writeLargeFile (44); status: COMPLETED; exit: 0; error: -; workDir: /input/data/work/5b/b21b92b213acf4193b34a67e272259]
Dec-12 10:21:02.389 [Task monitor] DEBUG n.processor.TaskPollingMonitor - Task completed > TaskHandler[id: 67; name: writeLargeFile (67); status: COMPLETED; exit: 0; error: -; workDir: /input/data/work/a9/b16279ecfb0157a48e8b1f4a11f6b8]
Dec-12 10:21:02.437 [Task monitor] DEBUG n.processor.TaskPollingMonitor - Task completed > TaskHandler[id: 69; name: writeLargeFile (69); status: COMPLETED; exit: 0; error: -; workDir: /input/data/work/b6/61de93a932a5ad5e669d28ec631bd2]
Dec-12 10:21:02.488 [Task monitor] DEBUG n.processor.TaskPollingMonitor - Task completed > TaskHandler[id: 70; name: writeLargeFile (70); status: COMPLETED; exit: 0; error: -; workDir: /input/data/work/e1/3668324bf49c24b124634fbedfab41]
Dec-12 10:21:02.534 [Task monitor] DEBUG n.processor.TaskPollingMonitor - Task completed > TaskHandler[id: 71; name: writeLargeFile (71); status: COMPLETED; exit: 0; error: -; workDir: /input/data/work/9c/21cfbc7d7b866f92db40a5613940dd]
Dec-12 10:21:02.579 [Task monitor] DEBUG n.processor.TaskPollingMonitor - Task completed > TaskHandler[id: 74; name: writeLargeFile (74); status: COMPLETED; exit: 0; error: -; workDir: /input/data/work/8c/222a402e9b08e58ae31093b2637d99]
Dec-12 10:21:07.332 [Task monitor] DEBUG n.processor.TaskPollingMonitor - Task completed > TaskHandler[id: 66; name: writeLargeFile (66); status: COMPLETED; exit: 0; error: -; workDir: /input/data/work/db/9da47d7d0d81ab4fdd1aa5a9711183]
Dec-12 10:21:07.458 [Task monitor] DEBUG n.processor.TaskPollingMonitor - Task completed > TaskHandler[id: 65; name: writeLargeFile (65); status: COMPLETED; exit: 0; error: -; workDir: /input/data/work/75/7dd06682da91e382ba4249e4e5baf5]
Dec-12 10:21:07.536 [Task monitor] DEBUG n.processor.TaskPollingMonitor - Task completed > TaskHandler[id: 68; name: writeLargeFile (68); status: COMPLETED; exit: 0; error: -; workDir: /input/data/work/16/509b103a73bf6d5d43d7ae56436bf8]
Dec-12 10:21:11.783 [Task monitor] DEBUG n.processor.TaskPollingMonitor - Task completed > TaskHandler[id: 58; name: writeLargeFile (58); status: COMPLETED; exit: 0; error: -; workDir: /input/data/work/bd/e0d6d72306ec6292719b9414a10059]
Dec-12 10:21:11.830 [Task monitor] DEBUG n.processor.TaskPollingMonitor - Task completed > TaskHandler[id: 57; name: writeLargeFile (57); status: COMPLETED; exit: 0; error: -; workDir: /input/data/work/79/fe31a42c311e4e95faac657cb42679]
Dec-12 10:21:11.881 [Task monitor] DEBUG n.processor.TaskPollingMonitor - Task completed > TaskHandler[id: 56; name: writeLargeFile (56); status: COMPLETED; exit: 0; error: -; workDir: /input/data/work/9d/3cfb57074d988c3a520660bd509fb7]
Dec-12 10:21:11.924 [Task monitor] DEBUG n.processor.TaskPollingMonitor - Task completed > TaskHandler[id: 59; name: writeLargeFile (59); status: COMPLETED; exit: 0; error: -; workDir: /input/data/work/83/1083643ed4503445971800773ca70b]
Dec-12 10:21:11.972 [Task monitor] DEBUG n.processor.TaskPollingMonitor - Task completed > TaskHandler[id: 61; name: writeLargeFile (61); status: COMPLETED; exit: 0; error: -; workDir: /input/data/work/68/462b42f06bb25c22fe597429582c1c]
Dec-12 10:21:12.020 [Task monitor] DEBUG n.processor.TaskPollingMonitor - Task completed > TaskHandler[id: 60; name: writeLargeFile (60); status: COMPLETED; exit: 0; error: -; workDir: /input/data/work/54/1f48f5f7ab5e2b4edf730cd559b15b]
Dec-12 10:21:12.070 [Task monitor] DEBUG n.processor.TaskPollingMonitor - Task completed > TaskHandler[id: 62; name: writeLargeFile (62); status: COMPLETED; exit: 0; error: -; workDir: /input/data/work/56/15f75fb41c13a8fb2eaea7ba6c7f5d]
Dec-12 10:21:12.115 [Task monitor] DEBUG n.processor.TaskPollingMonitor - Task completed > TaskHandler[id: 63; name: writeLargeFile (63); status: COMPLETED; exit: 0; error: -; workDir: /input/data/work/49/524ced99ee5445b211981b52b13c36]
Dec-12 10:21:12.158 [Task monitor] DEBUG n.processor.TaskPollingMonitor - Task completed > TaskHandler[id: 64; name: writeLargeFile (64); status: COMPLETED; exit: 0; error: -; workDir: /input/data/work/1e/057701df3f91a8bc420010208d6964]
Dec-12 10:21:17.078 [Task monitor] DEBUG n.processor.TaskPollingMonitor - Task completed > TaskHandler[id: 53; name: writeLargeFile (53); status: COMPLETED; exit: 0; error: -; workDir: /input/data/work/ae/353dbd093c765d94482e581f909f5a]
Dec-12 10:21:17.201 [Task monitor] DEBUG n.processor.TaskPollingMonitor - Task completed > TaskHandler[id: 54; name: writeLargeFile (54); status: COMPLETED; exit: 0; error: -; workDir: /input/data/work/21/e77d84e9ee9e329f2c96313fc15774]
Dec-12 10:21:17.261 [Task monitor] DEBUG n.processor.TaskPollingMonitor - Task completed > TaskHandler[id: 55; name: writeLargeFile (55); status: COMPLETED; exit: 0; error: -; workDir: /input/data/work/68/1857f024e3c6c9da49c3817c351439]
Dec-12 10:21:21.504 [Task monitor] DEBUG n.processor.TaskPollingMonitor - Task completed > TaskHandler[id: 46; name: writeLargeFile (46); status: COMPLETED; exit: 0; error: -; workDir: /input/data/work/bd/ea326e3fe3e0da853d9806a7d8841e]
Dec-12 10:21:21.549 [Task monitor] DEBUG n.processor.TaskPollingMonitor - Task completed > TaskHandler[id: 47; name: writeLargeFile (47); status: COMPLETED; exit: 0; error: -; workDir: /input/data/work/28/2819630e8a88d5ea102e358c26650e]
Dec-12 10:21:21.601 [Task monitor] DEBUG n.processor.TaskPollingMonitor - Task completed > TaskHandler[id: 48; name: writeLargeFile (48); status: COMPLETED; exit: 0; error: -; workDir: /input/data/work/e8/d6897ad674daa253113134a31146ed]
Dec-12 10:21:21.641 [Task monitor] DEBUG n.processor.TaskPollingMonitor - Task completed > TaskHandler[id: 49; name: writeLargeFile (49); status: COMPLETED; exit: 0; error: -; workDir: /input/data/work/c2/822fad54de5f038783bb6daab429fe]
Dec-12 10:21:21.690 [Task monitor] DEBUG n.processor.TaskPollingMonitor - Task completed > TaskHandler[id: 51; name: writeLargeFile (51); status: COMPLETED; exit: 0; error: -; workDir: /input/data/work/a4/e4a4cda43d4460b5e663624c737e91]
Dec-12 10:21:21.737 [Task monitor] DEBUG n.processor.TaskPollingMonitor - Task completed > TaskHandler[id: 50; name: writeLargeFile (50); status: COMPLETED; exit: 0; error: -; workDir: /input/data/work/67/201822f5ebbef0e8f2f19e2a1d7394]
Dec-12 10:21:26.500 [Task monitor] DEBUG n.processor.TaskPollingMonitor - Task completed > TaskHandler[id: 4; name: writeLargeFile (4); status: COMPLETED; exit: 0; error: -; workDir: /input/data/work/84/03cf73e7364aed6ca2ffe4d9b0c0d5]
Dec-12 10:21:26.564 [Task monitor] DEBUG n.processor.TaskPollingMonitor - Task completed > TaskHandler[id: 23; name: writeLargeFile (23); status: COMPLETED; exit: 0; error: -; workDir: /input/data/work/f7/2d4be891e2c005beec7a5e1aa027d6]
Dec-12 10:21:26.645 [Task monitor] DEBUG n.processor.TaskPollingMonitor - Task completed > TaskHandler[id: 33; name: writeLargeFile (33); status: COMPLETED; exit: 0; error: -; workDir: /input/data/work/02/30d218a8757f850441da89c048930c]
Dec-12 10:21:26.768 [Task monitor] DEBUG n.processor.TaskPollingMonitor - Task completed > TaskHandler[id: 35; name: writeLargeFile (35); status: COMPLETED; exit: 0; error: -; workDir: /input/data/work/26/e53a99fc2297190e389ce2b2df2d33]
Dec-12 10:21:26.863 [Task monitor] DEBUG n.processor.TaskPollingMonitor - Task completed > TaskHandler[id: 34; name: writeLargeFile (34); status: COMPLETED; exit: 0; error: -; workDir: /input/data/work/92/4708ad95bdd93616f71688f10d5aba]
Dec-12 10:21:26.951 [Task monitor] DEBUG n.processor.TaskPollingMonitor - Task completed > TaskHandler[id: 37; name: writeLargeFile (37); status: COMPLETED; exit: 0; error: -; workDir: /input/data/work/a1/b6599b20ea258c88cafc4261fcabc0]
Dec-12 10:21:31.063 [Task monitor] DEBUG n.processor.TaskPollingMonitor - Task completed > TaskHandler[id: 29; name: writeLargeFile (29); status: COMPLETED; exit: 0; error: -; workDir: /input/data/work/eb/f32622038dbf8590895699363aa8e9]
Dec-12 10:21:31.107 [Task monitor] DEBUG n.processor.TaskPollingMonitor - Task completed > TaskHandler[id: 22; name: writeLargeFile (22); status: COMPLETED; exit: 0; error: -; workDir: /input/data/work/ab/8c11448a5910fbca7321a25fa714de]
Dec-12 10:21:31.152 [Task monitor] DEBUG n.processor.TaskPollingMonitor - Task completed > TaskHandler[id: 52; name: writeLargeFile (52); status: COMPLETED; exit: 0; error: -; workDir: /input/data/work/2e/33b567e5a127c833c22bddce1f1aef]
Dec-12 10:21:31.194 [Task monitor] DEBUG n.processor.TaskPollingMonitor - Task completed > TaskHandler[id: 1; name: writeLargeFile (1); status: COMPLETED; exit: 0; error: -; workDir: /input/data/work/ca/7dfb6361f4c5efcdd64e5d73292ad5]
Dec-12 10:21:31.245 [Task monitor] DEBUG n.processor.TaskPollingMonitor - Task completed > TaskHandler[id: 6; name: writeLargeFile (6); status: COMPLETED; exit: 0; error: -; workDir: /input/data/work/29/51f259dd7848c9dbfdb077b7a32da3]
Dec-12 10:21:31.295 [Task monitor] DEBUG n.processor.TaskPollingMonitor - Task completed > TaskHandler[id: 12; name: writeLargeFile (12); status: COMPLETED; exit: 0; error: -; workDir: /input/data/work/42/7579b80cdffb354aaf71b4b4d1d372]
Dec-12 10:21:31.348 [Task monitor] DEBUG n.processor.TaskPollingMonitor - Task completed > TaskHandler[id: 17; name: writeLargeFile (17); status: COMPLETED; exit: 0; error: -; workDir: /input/data/work/81/5a19c0a11828e8dd17a8a3eb4c181e]
Dec-12 10:21:31.393 [Task monitor] DEBUG n.processor.TaskPollingMonitor - Task completed > TaskHandler[id: 25; name: writeLargeFile (25); status: COMPLETED; exit: 0; error: -; workDir: /input/data/work/f7/15ee54ab0d57994cef9528d6543ca4]
Dec-12 10:21:31.439 [Task monitor] DEBUG n.processor.TaskPollingMonitor - Task completed > TaskHandler[id: 11; name: writeLargeFile (11); status: COMPLETED; exit: 0; error: -; workDir: /input/data/work/ce/32c88e36ce6be105de8ebd5cc96f3b]
Dec-12 10:21:36.122 [Task monitor] DEBUG n.processor.TaskPollingMonitor - Task completed > TaskHandler[id: 30; name: writeLargeFile (30); status: COMPLETED; exit: 0; error: -; workDir: /input/data/work/89/8f96dfcd5d4af4df170e26d3f8606b]
Dec-12 10:21:36.241 [Task monitor] DEBUG n.processor.TaskPollingMonitor - Task completed > TaskHandler[id: 9; name: writeLargeFile (9); status: COMPLETED; exit: 0; error: -; workDir: /input/data/work/ca/40bf6374de51cb0d03c8bbc6f2c9ad]
Dec-12 10:21:36.282 [Task monitor] DEBUG n.processor.TaskPollingMonitor - Task completed > TaskHandler[id: 7; name: writeLargeFile (7); status: COMPLETED; exit: 0; error: -; workDir: /input/data/work/36/c3ffc92351c42aeb268c3c2e9b840c]
Dec-12 10:21:40.858 [Task monitor] DEBUG n.processor.TaskPollingMonitor - Task completed > TaskHandler[id: 15; name: writeLargeFile (15); status: COMPLETED; exit: 0; error: -; workDir: /input/data/work/90/d42280131d3528f053d255ed81deb7]
Dec-12 10:21:40.908 [Task monitor] DEBUG n.processor.TaskPollingMonitor - Task completed > TaskHandler[id: 2; name: writeLargeFile (2); status: COMPLETED; exit: 0; error: -; workDir: /input/data/work/b4/9676b7ee77206289c3c8ac2d663008]
Dec-12 10:21:40.957 [Task monitor] DEBUG n.processor.TaskPollingMonitor - Task completed > TaskHandler[id: 21; name: writeLargeFile (21); status: COMPLETED; exit: 0; error: -; workDir: /input/data/work/f2/d6dd278421abe2590d494318adf919]
Dec-12 10:21:41.006 [Task monitor] DEBUG n.processor.TaskPollingMonitor - Task completed > TaskHandler[id: 5; name: writeLargeFile (5); status: COMPLETED; exit: 0; error: -; workDir: /input/data/work/da/37c82762f6d0f2dca1a203772d4f0c]
Dec-12 10:21:41.051 [Task monitor] DEBUG n.processor.TaskPollingMonitor - Task completed > TaskHandler[id: 13; name: writeLargeFile (13); status: COMPLETED; exit: 0; error: -; workDir: /input/data/work/26/589ff9c8ad91db398bbd72cc4f60b2]
Dec-12 10:21:41.095 [Task monitor] DEBUG n.processor.TaskPollingMonitor - Task completed > TaskHandler[id: 18; name: writeLargeFile (18); status: COMPLETED; exit: 0; error: -; workDir: /input/data/work/55/2b95d6193a497b7c3956eeaf76f631]
Dec-12 10:21:41.136 [Task monitor] DEBUG n.processor.TaskPollingMonitor - Task completed > TaskHandler[id: 19; name: writeLargeFile (19); status: COMPLETED; exit: 0; error: -; workDir: /input/data/work/52/3a38b5b0e907240d3b73056369b342]
Dec-12 10:21:41.230 [Task submitter] INFO  nextflow.Session - [bc/fea8d6] Submitted process > combineFiles (1)
Dec-12 10:25:15.828 [Task monitor] DEBUG n.processor.TaskPollingMonitor - !! executor k8s > tasks to be completed: 1 -- submitted tasks are shown below
~> TaskHandler[id: 101; name: combineFiles (1); status: SUBMITTED; exit: -; error: -; workDir: /input/data/work/bc/fea8d63e3f0e5f017a423ae7ba670c]
Dec-12 10:30:15.839 [Task monitor] DEBUG n.processor.TaskPollingMonitor - !! executor k8s > tasks to be completed: 1 -- submitted tasks are shown below
~> TaskHandler[id: 101; name: combineFiles (1); status: SUBMITTED; exit: -; error: -; workDir: /input/data/work/bc/fea8d63e3f0e5f017a423ae7ba670c]
Dec-12 10:35:15.857 [Task monitor] DEBUG n.processor.TaskPollingMonitor - !! executor k8s > tasks to be completed: 1 -- submitted tasks are shown below
~> TaskHandler[id: 101; name: combineFiles (1); status: RUNNING; exit: -; error: -; workDir: /input/data/work/bc/fea8d63e3f0e5f017a423ae7ba670c]
Dec-12 10:36:30.908 [Task monitor] DEBUG n.processor.TaskPollingMonitor - Task completed > TaskHandler[id: 101; name: combineFiles (1); status: COMPLETED; exit: 0; error: -; workDir: /input/data/work/bc/fea8d63e3f0e5f017a423ae7ba670c]
Dec-12 10:36:30.910 [main] DEBUG nextflow.Session - Session await > all processes finished
Dec-12 10:36:30.918 [main] DEBUG nextflow.Session - Session await > all barriers passed
Dec-12 10:36:30.930 [main] DEBUG n.trace.WorkflowStatsObserver - Workflow completed > WorkflowStats[succeededCount=101; failedCount=0; ignoredCount=0; cachedCount=0; pendingCount=0; submittedCount=0; runningCount=0; retriesCount=0; abortedCount=0; succeedDuration=53m 45s; failedDuration=0ms; cachedDuration=0ms;loadCpus=0; loadMemory=0; peakRunning=15; peakCpus=150; peakMemory=150 GB; ]
Dec-12 10:36:30.931 [main] DEBUG nextflow.trace.TraceFileObserver - Workflow completed -- saving trace file
Dec-12 10:36:30.932 [main] DEBUG nextflow.trace.ReportObserver - Workflow completed -- rendering execution report
Dec-12 10:36:31.538 [main] DEBUG nextflow.trace.TimelineObserver - Workflow completed -- rendering execution timeline
Dec-12 10:36:31.685 [main] DEBUG nextflow.cache.CacheDB - Closing CacheDB done
Dec-12 10:36:31.708 [main] DEBUG nextflow.util.ThreadPoolManager - Thread pool 'FileTransfer' shutdown completed (hard=false)
Dec-12 10:36:31.708 [main] DEBUG nextflow.script.ScriptRunner - > Execution complete -- Goodbye
