Dec-18 18:21:00.341 [main] DEBUG nextflow.cli.Launcher - $> nextflow run /input/group -c /experiments/experiment/group/nextflow.config -c /experiments/experiment/nextflow_la.config -c /experiments/experiment/nextflow_ceph.config
Dec-18 18:21:00.400 [main] INFO  nextflow.cli.CmdRun - N E X T F L O W  ~  version 23.07.0-edge
Dec-18 18:21:00.419 [main] DEBUG nextflow.plugin.PluginsFacade - Setting up plugin manager > mode=prod; embedded=false; plugins-dir=/.nextflow/plugins; core-plugins: nf-amazon@2.1.0,nf-azure@1.1.4,nf-cloudcache@0.1.0,nf-codecommit@0.1.5,nf-console@1.0.6,nf-ga4gh@1.1.0,nf-google@1.8.1,nf-tower@1.5.15,nf-wave@0.11.0
Dec-18 18:21:00.428 [main] INFO  o.pf4j.DefaultPluginStatusProvider - Enabled plugins: []
Dec-18 18:21:00.429 [main] INFO  o.pf4j.DefaultPluginStatusProvider - Disabled plugins: []
Dec-18 18:21:00.431 [main] INFO  org.pf4j.DefaultPluginManager - PF4J version 3.4.1 in 'deployment' mode
Dec-18 18:21:00.439 [main] INFO  org.pf4j.AbstractPluginManager - No plugins
Dec-18 18:21:00.457 [main] DEBUG nextflow.scm.AssetManager - Project manifest does not exist: /input/group/nextflow.config (No such file or directory)
Dec-18 18:21:00.478 [main] DEBUG nextflow.config.ConfigBuilder - User config file: /experiments/experiment/group/nextflow.config
Dec-18 18:21:00.478 [main] DEBUG nextflow.config.ConfigBuilder - User config file: /experiments/experiment/nextflow_la.config
Dec-18 18:21:00.478 [main] DEBUG nextflow.config.ConfigBuilder - User config file: /experiments/experiment/nextflow_ceph.config
Dec-18 18:21:00.479 [main] DEBUG nextflow.config.ConfigBuilder - Parsing config file: /experiments/experiment/group/nextflow.config
Dec-18 18:21:00.479 [main] DEBUG nextflow.config.ConfigBuilder - Parsing config file: /experiments/experiment/nextflow_la.config
Dec-18 18:21:00.479 [main] DEBUG nextflow.config.ConfigBuilder - Parsing config file: /experiments/experiment/nextflow_ceph.config
Dec-18 18:21:00.492 [main] DEBUG nextflow.config.ConfigBuilder - Applying config profile: `standard`
Dec-18 18:21:00.975 [main] DEBUG nextflow.config.ConfigBuilder - Applying config profile: `standard`
Dec-18 18:21:01.125 [main] DEBUG nextflow.config.ConfigBuilder - Applying config profile: `standard`
Dec-18 18:21:01.151 [main] DEBUG nextflow.cli.CmdRun - Applied DSL=2 by global default
Dec-18 18:21:01.164 [main] INFO  nextflow.cli.CmdRun - Launching `/input/group/main.nf` [magical_hugle] DSL2 - revision: eb2bec4e66
Dec-18 18:21:01.164 [main] DEBUG nextflow.plugin.PluginsFacade - Plugins default=[]
Dec-18 18:21:01.164 [main] DEBUG nextflow.plugin.PluginsFacade - Plugins resolved requirement=[]
Dec-18 18:21:01.171 [main] DEBUG n.secret.LocalSecretsProvider - Secrets store: /.nextflow/secrets/store.json
Dec-18 18:21:01.174 [main] DEBUG nextflow.secret.SecretsLoader - Discovered secrets providers: [nextflow.secret.LocalSecretsProvider@1d12e953] - activable => nextflow.secret.LocalSecretsProvider@1d12e953
Dec-18 18:21:01.224 [main] DEBUG nextflow.Session - Session UUID: 85ead29a-6b50-497c-8945-851939003505
Dec-18 18:21:01.224 [main] DEBUG nextflow.Session - Run name: magical_hugle
Dec-18 18:21:01.225 [main] DEBUG nextflow.Session - Executor pool size: 32
Dec-18 18:21:01.230 [main] DEBUG nextflow.file.FilePorter - File porter settings maxRetries=3; maxTransfers=50; pollTimeout=null
Dec-18 18:21:01.233 [main] DEBUG nextflow.util.ThreadPoolBuilder - Creating thread pool 'FileTransfer' minSize=10; maxSize=96; workQueue=LinkedBlockingQueue[10000]; allowCoreThreadTimeout=false
Dec-18 18:21:01.263 [main] DEBUG nextflow.cli.CmdRun - 
  Version: 23.07.0-edge build 5875
  Created: 28-07-2023 20:27 UTC (20:27 GMT)
  System: Linux 5.4.0-166-generic
  Runtime: Groovy 3.0.18 on OpenJDK 64-Bit Server VM 17.0.6+10-LTS
  Encoding: UTF-8 (UTF-8)
  Process: 2087549@nextflow [10.233.76.3]
  CPUs: 32 - Mem: 125.7 GB (120.1 GB) - Swap: 0 (0)
Dec-18 18:21:01.294 [main] DEBUG nextflow.Session - Work-dir: /input/data/work [ceph]
Dec-18 18:21:01.295 [main] DEBUG nextflow.Session - Script base path does not exist or is not a directory: /input/group/bin
Dec-18 18:21:01.305 [main] DEBUG nextflow.executor.ExecutorFactory - Extension executors providers=[]
Dec-18 18:21:01.313 [main] DEBUG nextflow.Session - Observer factory: DefaultObserverFactory
Dec-18 18:21:01.340 [main] DEBUG nextflow.cache.CacheFactory - Using Nextflow cache factory: nextflow.cache.DefaultCacheFactory
Dec-18 18:21:01.348 [main] DEBUG nextflow.util.CustomThreadPool - Creating default thread pool > poolSize: 33; maxThreads: 1000
Dec-18 18:21:01.445 [main] DEBUG nextflow.Session - Session start
Dec-18 18:21:01.450 [main] DEBUG nextflow.trace.TraceFileObserver - Workflow started -- trace file: /input/data/output/trace.csv
Dec-18 18:21:01.624 [main] DEBUG nextflow.script.ScriptRunner - > Launching execution
Dec-18 18:21:01.842 [main] DEBUG nextflow.script.ProcessConfig - Config settings `withName:writeLargeFile` matches process writeLargeFile
Dec-18 18:21:01.852 [main] DEBUG nextflow.executor.ExecutorFactory - << taskConfig executor: k8s
Dec-18 18:21:01.853 [main] DEBUG nextflow.executor.ExecutorFactory - >> processorType: 'k8s'
Dec-18 18:21:01.861 [main] DEBUG nextflow.executor.Executor - [warm up] executor > k8s
Dec-18 18:21:01.878 [main] DEBUG n.processor.TaskPollingMonitor - Creating task monitor for executor 'k8s' > capacity: 300; pollInterval: 5s; dumpInterval: 5m; schedulerBatch: null
Dec-18 18:21:01.883 [main] DEBUG nextflow.k8s.client.ConfigDiscovery - K8s config file does not exist: /root/.kube/config
Dec-18 18:21:01.895 [main] DEBUG nextflow.k8s.K8sExecutor - [K8s] config=[localPath:/localdata, localStorageMountPath:/localdata, scheduler:[strategy:LAv2, name:workflow-scheduler, autoClose:false, nodeSelector:usedby=anonymized, container:anonymized/test1:sch_v194], storage:[type:copy, workdir:/localdata/localwork/, nodeSelector:usedby=anonymized, imageName:anonymized/test1:ftp_v122], debug:[yaml:true], namespace:anonymized, serviceAccount:nextflow, workDir:/input/data/work/, projectDir:/input/data/project/, imagePullPolicy:IfNotPresent, launchDir:/input/data/launch/, runAsUser:0, fetchNodeName:true, storageMountPath:/input, pod:[nodeSelector:usedby=anonymized], storageClaimName:ceph-data]; API client config=ClientConfig[ server=10.233.0.1:443, namespace=anonymized, serviceAccount=nextflow, token=eyJhbGciOiJ.., sslCert=LS0tLS1CRUd.., clientCert=-, clientKey=-, verifySsl=false, fromFile=true, httpReadTimeout=null, httpConnectTimeout=null, maxErrorRetry=4 ]
Dec-18 18:21:02.319 [main] DEBUG nextflow.k8s.K8sExecutor - Created K8s configMap with name: nf-get-stat-41cac373
Dec-18 18:21:06.050 [main] DEBUG nextflow.script.ProcessConfig - Config settings `withName:combineFiles` matches process combineFiles
Dec-18 18:21:06.052 [main] DEBUG nextflow.executor.ExecutorFactory - << taskConfig executor: k8s
Dec-18 18:21:06.052 [main] DEBUG nextflow.executor.ExecutorFactory - >> processorType: 'k8s'
Dec-18 18:21:06.063 [main] DEBUG nextflow.Session - Workflow process names [dsl2]: revertFile, combineFiles, writeLargeFile
Dec-18 18:21:06.065 [main] DEBUG nextflow.Session - Igniting dataflow network (3)
Dec-18 18:21:06.067 [main] DEBUG nextflow.processor.TaskProcessor - Starting process > writeLargeFile
Dec-18 18:21:06.068 [main] DEBUG nextflow.processor.TaskProcessor - Starting process > combineFiles
Dec-18 18:21:06.069 [main] DEBUG nextflow.script.ScriptRunner - > Awaiting termination 
Dec-18 18:21:06.069 [main] DEBUG nextflow.Session - Session await
Dec-18 18:21:06.339 [Task submitter] INFO  nextflow.Session - [57/7b347a] Submitted process > writeLargeFile (19)
Dec-18 18:21:06.386 [Task submitter] INFO  nextflow.Session - [19/f1405c] Submitted process > writeLargeFile (6)
Dec-18 18:21:06.428 [Task submitter] INFO  nextflow.Session - [99/caf899] Submitted process > writeLargeFile (25)
Dec-18 18:21:06.466 [Task submitter] INFO  nextflow.Session - [f1/8b54b1] Submitted process > writeLargeFile (3)
Dec-18 18:21:06.502 [Task submitter] INFO  nextflow.Session - [39/561488] Submitted process > writeLargeFile (14)
Dec-18 18:21:06.535 [Task submitter] INFO  nextflow.Session - [89/cf6709] Submitted process > writeLargeFile (2)
Dec-18 18:21:06.568 [Task submitter] INFO  nextflow.Session - [d9/d7128d] Submitted process > writeLargeFile (20)
Dec-18 18:21:06.604 [Task submitter] INFO  nextflow.Session - [03/17b067] Submitted process > writeLargeFile (26)
Dec-18 18:21:06.638 [Task submitter] INFO  nextflow.Session - [05/299235] Submitted process > writeLargeFile (10)
Dec-18 18:21:06.667 [Task submitter] INFO  nextflow.Session - [0e/bf9ecf] Submitted process > writeLargeFile (17)
Dec-18 18:21:06.700 [Task submitter] INFO  nextflow.Session - [59/6dfd40] Submitted process > writeLargeFile (24)
Dec-18 18:21:06.734 [Task submitter] INFO  nextflow.Session - [f2/d34284] Submitted process > writeLargeFile (23)
Dec-18 18:21:06.768 [Task submitter] INFO  nextflow.Session - [b3/3d5ce9] Submitted process > writeLargeFile (7)
Dec-18 18:21:06.801 [Task submitter] INFO  nextflow.Session - [ab/fc9701] Submitted process > writeLargeFile (5)
Dec-18 18:21:06.833 [Task submitter] INFO  nextflow.Session - [75/00b601] Submitted process > writeLargeFile (31)
Dec-18 18:21:06.873 [Task submitter] INFO  nextflow.Session - [b3/8c5179] Submitted process > writeLargeFile (4)
Dec-18 18:21:06.906 [Task submitter] INFO  nextflow.Session - [5b/66e754] Submitted process > writeLargeFile (29)
Dec-18 18:21:06.941 [Task submitter] INFO  nextflow.Session - [d9/c398a0] Submitted process > writeLargeFile (15)
Dec-18 18:21:06.973 [Task submitter] INFO  nextflow.Session - [75/abc123] Submitted process > writeLargeFile (8)
Dec-18 18:21:07.004 [Task submitter] INFO  nextflow.Session - [a3/473129] Submitted process > writeLargeFile (11)
Dec-18 18:21:07.033 [Task submitter] INFO  nextflow.Session - [94/fd2f11] Submitted process > writeLargeFile (9)
Dec-18 18:21:07.064 [Task submitter] INFO  nextflow.Session - [9c/976010] Submitted process > writeLargeFile (30)
Dec-18 18:21:07.092 [Task submitter] INFO  nextflow.Session - [16/99614e] Submitted process > writeLargeFile (13)
Dec-18 18:21:07.125 [Task submitter] INFO  nextflow.Session - [b7/098619] Submitted process > writeLargeFile (18)
Dec-18 18:21:07.157 [Task submitter] INFO  nextflow.Session - [4b/b81252] Submitted process > writeLargeFile (1)
Dec-18 18:21:07.188 [Task submitter] INFO  nextflow.Session - [bd/4d28f8] Submitted process > writeLargeFile (12)
Dec-18 18:21:07.216 [Task submitter] INFO  nextflow.Session - [69/4c43a9] Submitted process > writeLargeFile (27)
Dec-18 18:21:07.245 [Task submitter] INFO  nextflow.Session - [5d/cf00cc] Submitted process > writeLargeFile (22)
Dec-18 18:21:07.276 [Task submitter] INFO  nextflow.Session - [54/87987f] Submitted process > writeLargeFile (16)
Dec-18 18:21:07.306 [Task submitter] INFO  nextflow.Session - [d7/409d50] Submitted process > writeLargeFile (32)
Dec-18 18:21:07.338 [Task submitter] INFO  nextflow.Session - [ef/9dcc70] Submitted process > writeLargeFile (21)
Dec-18 18:21:07.367 [Task submitter] INFO  nextflow.Session - [7c/08d9e7] Submitted process > writeLargeFile (28)
Dec-18 18:21:07.399 [Task submitter] INFO  nextflow.Session - [ea/0c352f] Submitted process > writeLargeFile (33)
Dec-18 18:21:07.428 [Task submitter] INFO  nextflow.Session - [b2/498a4a] Submitted process > writeLargeFile (34)
Dec-18 18:21:07.456 [Task submitter] INFO  nextflow.Session - [1b/eaf8ba] Submitted process > writeLargeFile (35)
Dec-18 18:21:07.486 [Task submitter] INFO  nextflow.Session - [62/8e1417] Submitted process > writeLargeFile (36)
Dec-18 18:21:07.517 [Task submitter] INFO  nextflow.Session - [4b/450db5] Submitted process > writeLargeFile (37)
Dec-18 18:21:07.552 [Task submitter] INFO  nextflow.Session - [42/18f8da] Submitted process > writeLargeFile (38)
Dec-18 18:21:07.580 [Task submitter] INFO  nextflow.Session - [d9/d676f9] Submitted process > writeLargeFile (40)
Dec-18 18:21:07.608 [Task submitter] INFO  nextflow.Session - [18/a796bb] Submitted process > writeLargeFile (39)
Dec-18 18:21:07.636 [Task submitter] INFO  nextflow.Session - [a9/448898] Submitted process > writeLargeFile (67)
Dec-18 18:21:07.666 [Task submitter] INFO  nextflow.Session - [1b/0f0573] Submitted process > writeLargeFile (42)
Dec-18 18:21:07.695 [Task submitter] INFO  nextflow.Session - [db/ae3903] Submitted process > writeLargeFile (41)
Dec-18 18:21:07.730 [Task submitter] INFO  nextflow.Session - [d7/9c5e68] Submitted process > writeLargeFile (43)
Dec-18 18:21:07.760 [Task submitter] INFO  nextflow.Session - [d2/c0c4b9] Submitted process > writeLargeFile (44)
Dec-18 18:21:07.795 [Task submitter] INFO  nextflow.Session - [87/a68c54] Submitted process > writeLargeFile (45)
Dec-18 18:21:07.819 [Task submitter] INFO  nextflow.Session - [72/a0a421] Submitted process > writeLargeFile (46)
Dec-18 18:21:07.849 [Task submitter] INFO  nextflow.Session - [aa/abbdf1] Submitted process > writeLargeFile (47)
Dec-18 18:21:07.880 [Task submitter] INFO  nextflow.Session - [59/6a64bc] Submitted process > writeLargeFile (49)
Dec-18 18:21:07.911 [Task submitter] INFO  nextflow.Session - [31/306e41] Submitted process > writeLargeFile (48)
Dec-18 18:21:07.944 [Task submitter] INFO  nextflow.Session - [43/202677] Submitted process > writeLargeFile (50)
Dec-18 18:21:07.971 [Task submitter] INFO  nextflow.Session - [f8/602dc7] Submitted process > writeLargeFile (51)
Dec-18 18:21:08.000 [Task submitter] INFO  nextflow.Session - [36/e080d5] Submitted process > writeLargeFile (52)
Dec-18 18:21:08.030 [Task submitter] INFO  nextflow.Session - [b9/f8bddc] Submitted process > writeLargeFile (53)
Dec-18 18:21:08.061 [Task submitter] INFO  nextflow.Session - [08/af58c7] Submitted process > writeLargeFile (54)
Dec-18 18:21:08.091 [Task submitter] INFO  nextflow.Session - [5a/2002b0] Submitted process > writeLargeFile (55)
Dec-18 18:21:08.119 [Task submitter] INFO  nextflow.Session - [d1/965bb2] Submitted process > writeLargeFile (56)
Dec-18 18:21:08.150 [Task submitter] INFO  nextflow.Session - [61/628597] Submitted process > writeLargeFile (57)
Dec-18 18:21:08.179 [Task submitter] INFO  nextflow.Session - [dc/101bb0] Submitted process > writeLargeFile (58)
Dec-18 18:21:08.208 [Task submitter] INFO  nextflow.Session - [2b/48973a] Submitted process > writeLargeFile (60)
Dec-18 18:21:08.239 [Task submitter] INFO  nextflow.Session - [c3/7517af] Submitted process > writeLargeFile (59)
Dec-18 18:21:08.268 [Task submitter] INFO  nextflow.Session - [fa/bc0613] Submitted process > writeLargeFile (88)
Dec-18 18:21:08.294 [Task submitter] INFO  nextflow.Session - [66/9cb37c] Submitted process > writeLargeFile (61)
Dec-18 18:21:08.324 [Task submitter] INFO  nextflow.Session - [06/7a0eda] Submitted process > writeLargeFile (62)
Dec-18 18:21:08.352 [Task submitter] INFO  nextflow.Session - [ea/ab1117] Submitted process > writeLargeFile (63)
Dec-18 18:21:08.387 [Task submitter] INFO  nextflow.Session - [6e/5220cd] Submitted process > writeLargeFile (64)
Dec-18 18:21:08.415 [Task submitter] INFO  nextflow.Session - [4c/5420f1] Submitted process > writeLargeFile (66)
Dec-18 18:21:08.443 [Task submitter] INFO  nextflow.Session - [e8/9d7d1f] Submitted process > writeLargeFile (65)
Dec-18 18:21:08.474 [Task submitter] INFO  nextflow.Session - [ba/ef1f1a] Submitted process > writeLargeFile (68)
Dec-18 18:21:08.501 [Task submitter] INFO  nextflow.Session - [62/2435d1] Submitted process > writeLargeFile (69)
Dec-18 18:21:08.531 [Task submitter] INFO  nextflow.Session - [4a/a76f89] Submitted process > writeLargeFile (70)
Dec-18 18:21:08.561 [Task submitter] INFO  nextflow.Session - [c1/274ec0] Submitted process > writeLargeFile (72)
Dec-18 18:21:08.591 [Task submitter] INFO  nextflow.Session - [c2/e021b2] Submitted process > writeLargeFile (71)
Dec-18 18:21:08.621 [Task submitter] INFO  nextflow.Session - [45/3816c4] Submitted process > writeLargeFile (73)
Dec-18 18:21:08.650 [Task submitter] INFO  nextflow.Session - [7a/e04099] Submitted process > writeLargeFile (74)
Dec-18 18:21:08.677 [Task submitter] INFO  nextflow.Session - [92/191bac] Submitted process > writeLargeFile (75)
Dec-18 18:21:08.707 [Task submitter] INFO  nextflow.Session - [f4/a429bc] Submitted process > writeLargeFile (76)
Dec-18 18:21:08.736 [Task submitter] INFO  nextflow.Session - [30/3140e0] Submitted process > writeLargeFile (77)
Dec-18 18:21:08.769 [Task submitter] INFO  nextflow.Session - [df/9c4842] Submitted process > writeLargeFile (78)
Dec-18 18:21:08.798 [Task submitter] INFO  nextflow.Session - [88/9ab33f] Submitted process > writeLargeFile (79)
Dec-18 18:21:08.827 [Task submitter] INFO  nextflow.Session - [de/15bc42] Submitted process > writeLargeFile (80)
Dec-18 18:21:08.855 [Task submitter] INFO  nextflow.Session - [5d/bae91f] Submitted process > writeLargeFile (81)
Dec-18 18:21:08.882 [Task submitter] INFO  nextflow.Session - [2b/2af157] Submitted process > writeLargeFile (82)
Dec-18 18:21:08.909 [Task submitter] INFO  nextflow.Session - [59/9b31cc] Submitted process > writeLargeFile (83)
Dec-18 18:21:08.938 [Task submitter] INFO  nextflow.Session - [25/d5c0d9] Submitted process > writeLargeFile (84)
Dec-18 18:21:08.969 [Task submitter] INFO  nextflow.Session - [09/84fe44] Submitted process > writeLargeFile (85)
Dec-18 18:21:08.995 [Task submitter] INFO  nextflow.Session - [8f/e239a4] Submitted process > writeLargeFile (86)
Dec-18 18:21:09.023 [Task submitter] INFO  nextflow.Session - [a5/f7a34d] Submitted process > writeLargeFile (87)
Dec-18 18:21:09.052 [Task submitter] INFO  nextflow.Session - [2b/6c4923] Submitted process > writeLargeFile (89)
Dec-18 18:21:09.081 [Task submitter] INFO  nextflow.Session - [26/6b90dc] Submitted process > writeLargeFile (90)
Dec-18 18:21:09.110 [Task submitter] INFO  nextflow.Session - [15/c5bf0e] Submitted process > writeLargeFile (91)
Dec-18 18:21:09.138 [Task submitter] INFO  nextflow.Session - [18/390ac9] Submitted process > writeLargeFile (93)
Dec-18 18:21:09.164 [Task submitter] INFO  nextflow.Session - [24/cf34d7] Submitted process > writeLargeFile (92)
Dec-18 18:21:09.192 [Task submitter] INFO  nextflow.Session - [a3/934a0f] Submitted process > writeLargeFile (94)
Dec-18 18:21:09.220 [Task submitter] INFO  nextflow.Session - [8e/033e09] Submitted process > writeLargeFile (95)
Dec-18 18:21:09.251 [Task submitter] INFO  nextflow.Session - [54/e20c84] Submitted process > writeLargeFile (98)
Dec-18 18:21:09.281 [Task submitter] INFO  nextflow.Session - [b8/7a6780] Submitted process > writeLargeFile (96)
Dec-18 18:21:09.311 [Task submitter] INFO  nextflow.Session - [f4/340585] Submitted process > writeLargeFile (99)
Dec-18 18:21:09.342 [Task submitter] INFO  nextflow.Session - [ee/ccca02] Submitted process > writeLargeFile (97)
Dec-18 18:21:09.371 [Task submitter] INFO  nextflow.Session - [6f/b6ba66] Submitted process > writeLargeFile (100)
Dec-18 18:21:16.950 [Task monitor] DEBUG n.processor.TaskPollingMonitor - Task completed > TaskHandler[id: 6; name: writeLargeFile (6); status: COMPLETED; exit: 0; error: -; workDir: /input/data/work/19/f1405c604cf6ad858ace122b462f49]
Dec-18 18:21:17.032 [Task monitor] DEBUG n.processor.TaskPollingMonitor - Task completed > TaskHandler[id: 25; name: writeLargeFile (25); status: COMPLETED; exit: 0; error: -; workDir: /input/data/work/99/caf8990b43a33811f4c9f41801e119]
Dec-18 18:21:17.123 [Task monitor] DEBUG n.processor.TaskPollingMonitor - Task completed > TaskHandler[id: 2; name: writeLargeFile (2); status: COMPLETED; exit: 0; error: -; workDir: /input/data/work/89/cf6709806e20c95e917ea217d84bfa]
Dec-18 18:21:21.928 [Task monitor] DEBUG n.processor.TaskPollingMonitor - Task completed > TaskHandler[id: 19; name: writeLargeFile (19); status: COMPLETED; exit: 0; error: -; workDir: /input/data/work/57/7b347ac7b1e9ff998520c3f3945494]
Dec-18 18:21:21.976 [Task monitor] DEBUG n.processor.TaskPollingMonitor - Task completed > TaskHandler[id: 3; name: writeLargeFile (3); status: COMPLETED; exit: 0; error: -; workDir: /input/data/work/f1/8b54b164fda6f223f8d7d70fdac96b]
Dec-18 18:21:22.027 [Task monitor] DEBUG n.processor.TaskPollingMonitor - Task completed > TaskHandler[id: 14; name: writeLargeFile (14); status: COMPLETED; exit: 0; error: -; workDir: /input/data/work/39/56148821bfe382f58592655f855423]
Dec-18 18:21:29.504 [Task monitor] DEBUG n.processor.TaskPollingMonitor - Task completed > TaskHandler[id: 99; name: writeLargeFile (99); status: COMPLETED; exit: 0; error: -; workDir: /input/data/work/f4/340585565883844d58b8807d8af00e]
Dec-18 18:21:29.546 [Task monitor] DEBUG n.processor.TaskPollingMonitor - Task completed > TaskHandler[id: 97; name: writeLargeFile (97); status: COMPLETED; exit: 0; error: -; workDir: /input/data/work/ee/ccca027cb6cb7d56e6bbee8c1d818f]
Dec-18 18:21:29.586 [Task monitor] DEBUG n.processor.TaskPollingMonitor - Task completed > TaskHandler[id: 100; name: writeLargeFile (100); status: COMPLETED; exit: 0; error: -; workDir: /input/data/work/6f/b6ba66a3b4d1edab5294ab8da0ee59]
Dec-18 18:21:34.349 [Task monitor] DEBUG n.processor.TaskPollingMonitor - Task completed > TaskHandler[id: 95; name: writeLargeFile (95); status: COMPLETED; exit: 0; error: -; workDir: /input/data/work/8e/033e0964da8c6e645365e8f1e8010d]
Dec-18 18:21:34.400 [Task monitor] DEBUG n.processor.TaskPollingMonitor - Task completed > TaskHandler[id: 98; name: writeLargeFile (98); status: COMPLETED; exit: 0; error: -; workDir: /input/data/work/54/e20c846e8005c896bbda6a4691ad3b]
Dec-18 18:21:34.452 [Task monitor] DEBUG n.processor.TaskPollingMonitor - Task completed > TaskHandler[id: 96; name: writeLargeFile (96); status: COMPLETED; exit: 0; error: -; workDir: /input/data/work/b8/7a6780d9a0901229159cbd4525a792]
Dec-18 18:21:39.313 [Task monitor] DEBUG n.processor.TaskPollingMonitor - Task completed > TaskHandler[id: 93; name: writeLargeFile (93); status: COMPLETED; exit: 0; error: -; workDir: /input/data/work/18/390ac94670f1441333a0feefcd0e2a]
Dec-18 18:21:39.356 [Task monitor] DEBUG n.processor.TaskPollingMonitor - Task completed > TaskHandler[id: 92; name: writeLargeFile (92); status: COMPLETED; exit: 0; error: -; workDir: /input/data/work/24/cf34d7df866daf750b9a50bf70ddb7]
Dec-18 18:21:39.403 [Task monitor] DEBUG n.processor.TaskPollingMonitor - Task completed > TaskHandler[id: 94; name: writeLargeFile (94); status: COMPLETED; exit: 0; error: -; workDir: /input/data/work/a3/934a0fabf125f4ef78e98333383159]
Dec-18 18:21:44.124 [Task monitor] DEBUG n.processor.TaskPollingMonitor - Task completed > TaskHandler[id: 89; name: writeLargeFile (89); status: COMPLETED; exit: 0; error: -; workDir: /input/data/work/2b/6c49231b937fd2d13b78a4c9bf3dfd]
Dec-18 18:21:44.180 [Task monitor] DEBUG n.processor.TaskPollingMonitor - Task completed > TaskHandler[id: 90; name: writeLargeFile (90); status: COMPLETED; exit: 0; error: -; workDir: /input/data/work/26/6b90dcd3f15528bfe58562a1877e68]
Dec-18 18:21:44.226 [Task monitor] DEBUG n.processor.TaskPollingMonitor - Task completed > TaskHandler[id: 91; name: writeLargeFile (91); status: COMPLETED; exit: 0; error: -; workDir: /input/data/work/15/c5bf0e8f055100805d4b8284c50ac1]
Dec-18 18:21:49.198 [Task monitor] DEBUG n.processor.TaskPollingMonitor - Task completed > TaskHandler[id: 85; name: writeLargeFile (85); status: COMPLETED; exit: 0; error: -; workDir: /input/data/work/09/84fe44c0dc99ce24b07db822ef2da2]
Dec-18 18:21:49.238 [Task monitor] DEBUG n.processor.TaskPollingMonitor - Task completed > TaskHandler[id: 86; name: writeLargeFile (86); status: COMPLETED; exit: 0; error: -; workDir: /input/data/work/8f/e239a4918c5e947a3294f9fbc733a1]
Dec-18 18:21:49.278 [Task monitor] DEBUG n.processor.TaskPollingMonitor - Task completed > TaskHandler[id: 87; name: writeLargeFile (87); status: COMPLETED; exit: 0; error: -; workDir: /input/data/work/a5/f7a34dd2c6c70c0b40bcbe432831e1]
Dec-18 18:21:53.973 [Task monitor] DEBUG n.processor.TaskPollingMonitor - Task completed > TaskHandler[id: 82; name: writeLargeFile (82); status: COMPLETED; exit: 0; error: -; workDir: /input/data/work/2b/2af15759fb479870d8dfb001bbb808]
Dec-18 18:21:54.020 [Task monitor] DEBUG n.processor.TaskPollingMonitor - Task completed > TaskHandler[id: 83; name: writeLargeFile (83); status: COMPLETED; exit: 0; error: -; workDir: /input/data/work/59/9b31ccd041032666e418fc4b8cdd53]
Dec-18 18:21:54.073 [Task monitor] DEBUG n.processor.TaskPollingMonitor - Task completed > TaskHandler[id: 84; name: writeLargeFile (84); status: COMPLETED; exit: 0; error: -; workDir: /input/data/work/25/d5c0d97f1b8b340815e855d41d4ebd]
Dec-18 18:21:59.045 [Task monitor] DEBUG n.processor.TaskPollingMonitor - Task completed > TaskHandler[id: 79; name: writeLargeFile (79); status: COMPLETED; exit: 0; error: -; workDir: /input/data/work/88/9ab33fac9f63b4c7063d3adb8a4f18]
Dec-18 18:21:59.085 [Task monitor] DEBUG n.processor.TaskPollingMonitor - Task completed > TaskHandler[id: 80; name: writeLargeFile (80); status: COMPLETED; exit: 0; error: -; workDir: /input/data/work/de/15bc42e91b983c95feff261767613a]
Dec-18 18:21:59.126 [Task monitor] DEBUG n.processor.TaskPollingMonitor - Task completed > TaskHandler[id: 81; name: writeLargeFile (81); status: COMPLETED; exit: 0; error: -; workDir: /input/data/work/5d/bae91fedec86d458c21648e63c2268]
Dec-18 18:22:03.806 [Task monitor] DEBUG n.processor.TaskPollingMonitor - Task completed > TaskHandler[id: 73; name: writeLargeFile (73); status: COMPLETED; exit: 0; error: -; workDir: /input/data/work/45/3816c4d2fd90982f6a2953496a87e9]
Dec-18 18:22:03.844 [Task monitor] DEBUG n.processor.TaskPollingMonitor - Task completed > TaskHandler[id: 74; name: writeLargeFile (74); status: COMPLETED; exit: 0; error: -; workDir: /input/data/work/7a/e04099f1415279c319aa1a85773b6d]
Dec-18 18:22:03.883 [Task monitor] DEBUG n.processor.TaskPollingMonitor - Task completed > TaskHandler[id: 75; name: writeLargeFile (75); status: COMPLETED; exit: 0; error: -; workDir: /input/data/work/92/191bac25aad88b65f24ba77313a6d0]
Dec-18 18:22:03.930 [Task monitor] DEBUG n.processor.TaskPollingMonitor - Task completed > TaskHandler[id: 76; name: writeLargeFile (76); status: COMPLETED; exit: 0; error: -; workDir: /input/data/work/f4/a429bc88155e79f7ebc0e8e17d26db]
Dec-18 18:22:03.977 [Task monitor] DEBUG n.processor.TaskPollingMonitor - Task completed > TaskHandler[id: 77; name: writeLargeFile (77); status: COMPLETED; exit: 0; error: -; workDir: /input/data/work/30/3140e055224c97ed4eaa540df53868]
Dec-18 18:22:04.024 [Task monitor] DEBUG n.processor.TaskPollingMonitor - Task completed > TaskHandler[id: 78; name: writeLargeFile (78); status: COMPLETED; exit: 0; error: -; workDir: /input/data/work/df/9c4842d575907e3865a387b81a8fc8]
Dec-18 18:22:13.624 [Task monitor] DEBUG n.processor.TaskPollingMonitor - Task completed > TaskHandler[id: 65; name: writeLargeFile (65); status: COMPLETED; exit: 0; error: -; workDir: /input/data/work/e8/9d7d1fe2f8e6abd2ce20fcd488816b]
Dec-18 18:22:13.662 [Task monitor] DEBUG n.processor.TaskPollingMonitor - Task completed > TaskHandler[id: 68; name: writeLargeFile (68); status: COMPLETED; exit: 0; error: -; workDir: /input/data/work/ba/ef1f1ac7dd61800cc0b749325f89fe]
Dec-18 18:22:13.700 [Task monitor] DEBUG n.processor.TaskPollingMonitor - Task completed > TaskHandler[id: 69; name: writeLargeFile (69); status: COMPLETED; exit: 0; error: -; workDir: /input/data/work/62/2435d1cd82b6fd1bdb8c469cece3b1]
Dec-18 18:22:13.746 [Task monitor] DEBUG n.processor.TaskPollingMonitor - Task completed > TaskHandler[id: 70; name: writeLargeFile (70); status: COMPLETED; exit: 0; error: -; workDir: /input/data/work/4a/a76f89d3d9d463af8e574b51295ad1]
Dec-18 18:22:13.799 [Task monitor] DEBUG n.processor.TaskPollingMonitor - Task completed > TaskHandler[id: 72; name: writeLargeFile (72); status: COMPLETED; exit: 0; error: -; workDir: /input/data/work/c1/274ec0876b406e91fec35712f572a4]
Dec-18 18:22:13.849 [Task monitor] DEBUG n.processor.TaskPollingMonitor - Task completed > TaskHandler[id: 71; name: writeLargeFile (71); status: COMPLETED; exit: 0; error: -; workDir: /input/data/work/c2/e021b2ba3310d89fd90520e8bb2120]
Dec-18 18:22:22.672 [Task monitor] DEBUG n.processor.TaskPollingMonitor - Task completed > TaskHandler[id: 28; name: writeLargeFile (28); status: COMPLETED; exit: 0; error: -; workDir: /input/data/work/7c/08d9e7da8adeb49d4cb3da38f865f8]
Dec-18 18:22:22.722 [Task monitor] DEBUG n.processor.TaskPollingMonitor - Task completed > TaskHandler[id: 33; name: writeLargeFile (33); status: COMPLETED; exit: 0; error: -; workDir: /input/data/work/ea/0c352f997511f3c9e8c375f4893e65]
Dec-18 18:22:22.762 [Task monitor] DEBUG n.processor.TaskPollingMonitor - Task completed > TaskHandler[id: 34; name: writeLargeFile (34); status: COMPLETED; exit: 0; error: -; workDir: /input/data/work/b2/498a4a58cf2450c98daadf8d5ea9ef]
Dec-18 18:22:22.800 [Task monitor] DEBUG n.processor.TaskPollingMonitor - Task completed > TaskHandler[id: 35; name: writeLargeFile (35); status: COMPLETED; exit: 0; error: -; workDir: /input/data/work/1b/eaf8bab20845a6586fa219a86af2f9]
Dec-18 18:22:22.837 [Task monitor] DEBUG n.processor.TaskPollingMonitor - Task completed > TaskHandler[id: 36; name: writeLargeFile (36); status: COMPLETED; exit: 0; error: -; workDir: /input/data/work/62/8e14174a2b01312d5c96649ffbb9d6]
Dec-18 18:22:23.683 [Task monitor] DEBUG n.processor.TaskPollingMonitor - Task completed > TaskHandler[id: 66; name: writeLargeFile (66); status: COMPLETED; exit: 0; error: -; workDir: /input/data/work/4c/5420f1d2b4fa0f4e1210ce570b0d8b]
Dec-18 18:22:32.621 [Task monitor] DEBUG n.processor.TaskPollingMonitor - Task completed > TaskHandler[id: 37; name: writeLargeFile (37); status: COMPLETED; exit: 0; error: -; workDir: /input/data/work/4b/450db5c5428b08a8a656751b01532c]
Dec-18 18:22:32.669 [Task monitor] DEBUG n.processor.TaskPollingMonitor - Task completed > TaskHandler[id: 38; name: writeLargeFile (38); status: COMPLETED; exit: 0; error: -; workDir: /input/data/work/42/18f8da21962b63533f0145d8017107]
Dec-18 18:22:32.717 [Task monitor] DEBUG n.processor.TaskPollingMonitor - Task completed > TaskHandler[id: 40; name: writeLargeFile (40); status: COMPLETED; exit: 0; error: -; workDir: /input/data/work/d9/d676f9acd81cac2caaf7cc25805aa9]
Dec-18 18:22:32.759 [Task monitor] DEBUG n.processor.TaskPollingMonitor - Task completed > TaskHandler[id: 39; name: writeLargeFile (39); status: COMPLETED; exit: 0; error: -; workDir: /input/data/work/18/a796bb15217a738cc73fb3226ee53d]
Dec-18 18:22:33.476 [Task monitor] DEBUG n.processor.TaskPollingMonitor - Task completed > TaskHandler[id: 63; name: writeLargeFile (63); status: COMPLETED; exit: 0; error: -; workDir: /input/data/work/ea/ab111789d5b930a02497f65e64c698]
Dec-18 18:22:33.515 [Task monitor] DEBUG n.processor.TaskPollingMonitor - Task completed > TaskHandler[id: 64; name: writeLargeFile (64); status: COMPLETED; exit: 0; error: -; workDir: /input/data/work/6e/5220cda3594cfde29ebabb1bc79dc4]
Dec-18 18:22:43.081 [Task monitor] DEBUG n.processor.TaskPollingMonitor - Task completed > TaskHandler[id: 58; name: writeLargeFile (58); status: COMPLETED; exit: 0; error: -; workDir: /input/data/work/dc/101bb0310049e4a32e8359611f9c73]
Dec-18 18:22:43.121 [Task monitor] DEBUG n.processor.TaskPollingMonitor - Task completed > TaskHandler[id: 60; name: writeLargeFile (60); status: COMPLETED; exit: 0; error: -; workDir: /input/data/work/2b/48973a80d3e0cc1183ce8a4ddb55f0]
Dec-18 18:22:43.159 [Task monitor] DEBUG n.processor.TaskPollingMonitor - Task completed > TaskHandler[id: 59; name: writeLargeFile (59); status: COMPLETED; exit: 0; error: -; workDir: /input/data/work/c3/7517af30d4bf236503b2939ac94914]
Dec-18 18:22:43.205 [Task monitor] DEBUG n.processor.TaskPollingMonitor - Task completed > TaskHandler[id: 88; name: writeLargeFile (88); status: COMPLETED; exit: 0; error: -; workDir: /input/data/work/fa/bc06134ec623c2a80eac780bfc6756]
Dec-18 18:22:43.254 [Task monitor] DEBUG n.processor.TaskPollingMonitor - Task completed > TaskHandler[id: 61; name: writeLargeFile (61); status: COMPLETED; exit: 0; error: -; workDir: /input/data/work/66/9cb37c1f992ae5041f373dc06d3f8b]
Dec-18 18:22:43.303 [Task monitor] DEBUG n.processor.TaskPollingMonitor - Task completed > TaskHandler[id: 62; name: writeLargeFile (62); status: COMPLETED; exit: 0; error: -; workDir: /input/data/work/06/7a0eda58741905f67b3fdec5f32896]
Dec-18 18:22:52.917 [Task monitor] DEBUG n.processor.TaskPollingMonitor - Task completed > TaskHandler[id: 52; name: writeLargeFile (52); status: COMPLETED; exit: 0; error: -; workDir: /input/data/work/36/e080d5a834ebec5ceb14c19e9e9e1e]
Dec-18 18:22:52.957 [Task monitor] DEBUG n.processor.TaskPollingMonitor - Task completed > TaskHandler[id: 53; name: writeLargeFile (53); status: COMPLETED; exit: 0; error: -; workDir: /input/data/work/b9/f8bddcc9966a186b6d8da01366299a]
Dec-18 18:22:52.996 [Task monitor] DEBUG n.processor.TaskPollingMonitor - Task completed > TaskHandler[id: 54; name: writeLargeFile (54); status: COMPLETED; exit: 0; error: -; workDir: /input/data/work/08/af58c7e823d6fe44a286e71933bb75]
Dec-18 18:22:53.038 [Task monitor] DEBUG n.processor.TaskPollingMonitor - Task completed > TaskHandler[id: 55; name: writeLargeFile (55); status: COMPLETED; exit: 0; error: -; workDir: /input/data/work/5a/2002b0e23b523bf903e3b8e72481bb]
Dec-18 18:22:53.090 [Task monitor] DEBUG n.processor.TaskPollingMonitor - Task completed > TaskHandler[id: 56; name: writeLargeFile (56); status: COMPLETED; exit: 0; error: -; workDir: /input/data/work/d1/965bb2359eae988db6e3f21c604443]
Dec-18 18:22:53.138 [Task monitor] DEBUG n.processor.TaskPollingMonitor - Task completed > TaskHandler[id: 57; name: writeLargeFile (57); status: COMPLETED; exit: 0; error: -; workDir: /input/data/work/61/62859778ba978527c6d715a21463e0]
Dec-18 18:23:02.795 [Task monitor] DEBUG n.processor.TaskPollingMonitor - Task completed > TaskHandler[id: 49; name: writeLargeFile (49); status: COMPLETED; exit: 0; error: -; workDir: /input/data/work/59/6a64bcd2396eefa6d017a9f914cc04]
Dec-18 18:23:02.842 [Task monitor] DEBUG n.processor.TaskPollingMonitor - Task completed > TaskHandler[id: 48; name: writeLargeFile (48); status: COMPLETED; exit: 0; error: -; workDir: /input/data/work/31/306e419f7c7fa67809b9fcf5841d1c]
Dec-18 18:23:02.892 [Task monitor] DEBUG n.processor.TaskPollingMonitor - Task completed > TaskHandler[id: 50; name: writeLargeFile (50); status: COMPLETED; exit: 0; error: -; workDir: /input/data/work/43/202677c3e0d9bc5bbd77bc7c468315]
Dec-18 18:23:02.937 [Task monitor] DEBUG n.processor.TaskPollingMonitor - Task completed > TaskHandler[id: 51; name: writeLargeFile (51); status: COMPLETED; exit: 0; error: -; workDir: /input/data/work/f8/602dc7ba6c8e4424a36dcff4ef384b]
Dec-18 18:23:07.785 [Task monitor] DEBUG n.processor.TaskPollingMonitor - Task completed > TaskHandler[id: 46; name: writeLargeFile (46); status: COMPLETED; exit: 0; error: -; workDir: /input/data/work/72/a0a4212625ef8e19c864ef72e2f107]
Dec-18 18:23:07.825 [Task monitor] DEBUG n.processor.TaskPollingMonitor - Task completed > TaskHandler[id: 47; name: writeLargeFile (47); status: COMPLETED; exit: 0; error: -; workDir: /input/data/work/aa/abbdf18765d47dec2751d424c6d3fc]
Dec-18 18:23:12.612 [Task monitor] DEBUG n.processor.TaskPollingMonitor - Task completed > TaskHandler[id: 67; name: writeLargeFile (67); status: COMPLETED; exit: 0; error: -; workDir: /input/data/work/a9/4488980d1171dca97dc252f73d3617]
Dec-18 18:23:12.649 [Task monitor] DEBUG n.processor.TaskPollingMonitor - Task completed > TaskHandler[id: 42; name: writeLargeFile (42); status: COMPLETED; exit: 0; error: -; workDir: /input/data/work/1b/0f0573e27fbeb95e2697182a6a30e7]
Dec-18 18:23:12.684 [Task monitor] DEBUG n.processor.TaskPollingMonitor - Task completed > TaskHandler[id: 41; name: writeLargeFile (41); status: COMPLETED; exit: 0; error: -; workDir: /input/data/work/db/ae390393fb3f6f62298123132bbb52]
Dec-18 18:23:12.729 [Task monitor] DEBUG n.processor.TaskPollingMonitor - Task completed > TaskHandler[id: 43; name: writeLargeFile (43); status: COMPLETED; exit: 0; error: -; workDir: /input/data/work/d7/9c5e686aa333c089c11f55f8d0e313]
Dec-18 18:23:12.779 [Task monitor] DEBUG n.processor.TaskPollingMonitor - Task completed > TaskHandler[id: 44; name: writeLargeFile (44); status: COMPLETED; exit: 0; error: -; workDir: /input/data/work/d2/c0c4b91737cf645ddcfc8553727263]
Dec-18 18:23:12.826 [Task monitor] DEBUG n.processor.TaskPollingMonitor - Task completed > TaskHandler[id: 45; name: writeLargeFile (45); status: COMPLETED; exit: 0; error: -; workDir: /input/data/work/87/a68c5446818d6c57d957fd781fb199]
Dec-18 18:23:22.491 [Task monitor] DEBUG n.processor.TaskPollingMonitor - Task completed > TaskHandler[id: 16; name: writeLargeFile (16); status: COMPLETED; exit: 0; error: -; workDir: /input/data/work/54/87987f9030e277d8a4862a95ab0e61]
Dec-18 18:23:22.546 [Task monitor] DEBUG n.processor.TaskPollingMonitor - Task completed > TaskHandler[id: 32; name: writeLargeFile (32); status: COMPLETED; exit: 0; error: -; workDir: /input/data/work/d7/409d507bf8e604349a8c12a59fb634]
Dec-18 18:23:22.596 [Task monitor] DEBUG n.processor.TaskPollingMonitor - Task completed > TaskHandler[id: 21; name: writeLargeFile (21); status: COMPLETED; exit: 0; error: -; workDir: /input/data/work/ef/9dcc70f49f406e357423547cf482c2]
Dec-18 18:23:27.466 [Task monitor] DEBUG n.processor.TaskPollingMonitor - Task completed > TaskHandler[id: 12; name: writeLargeFile (12); status: COMPLETED; exit: 0; error: -; workDir: /input/data/work/bd/4d28f8783cc0a43d2d49b053f9f6f7]
Dec-18 18:23:27.508 [Task monitor] DEBUG n.processor.TaskPollingMonitor - Task completed > TaskHandler[id: 27; name: writeLargeFile (27); status: COMPLETED; exit: 0; error: -; workDir: /input/data/work/69/4c43a95362aa12b0e087cdb246c37f]
Dec-18 18:23:27.548 [Task monitor] DEBUG n.processor.TaskPollingMonitor - Task completed > TaskHandler[id: 22; name: writeLargeFile (22); status: COMPLETED; exit: 0; error: -; workDir: /input/data/work/5d/cf00cc23c155ff0018eb1a76e900fc]
Dec-18 18:23:32.286 [Task monitor] DEBUG n.processor.TaskPollingMonitor - Task completed > TaskHandler[id: 13; name: writeLargeFile (13); status: COMPLETED; exit: 0; error: -; workDir: /input/data/work/16/99614e0f51b1b19485753a692bbfdb]
Dec-18 18:23:32.341 [Task monitor] DEBUG n.processor.TaskPollingMonitor - Task completed > TaskHandler[id: 18; name: writeLargeFile (18); status: COMPLETED; exit: 0; error: -; workDir: /input/data/work/b7/098619f2ecb9bd5be97caeaade5b2e]
Dec-18 18:23:32.389 [Task monitor] DEBUG n.processor.TaskPollingMonitor - Task completed > TaskHandler[id: 1; name: writeLargeFile (1); status: COMPLETED; exit: 0; error: -; workDir: /input/data/work/4b/b81252d7c42511a9c1b15b911db926]
Dec-18 18:23:37.300 [Task monitor] DEBUG n.processor.TaskPollingMonitor - Task completed > TaskHandler[id: 11; name: writeLargeFile (11); status: COMPLETED; exit: 0; error: -; workDir: /input/data/work/a3/473129e2ce4dba4e795ef1a46bb21d]
Dec-18 18:23:37.339 [Task monitor] DEBUG n.processor.TaskPollingMonitor - Task completed > TaskHandler[id: 9; name: writeLargeFile (9); status: COMPLETED; exit: 0; error: -; workDir: /input/data/work/94/fd2f11301cfe42d402cb708d745a8a]
Dec-18 18:23:37.375 [Task monitor] DEBUG n.processor.TaskPollingMonitor - Task completed > TaskHandler[id: 30; name: writeLargeFile (30); status: COMPLETED; exit: 0; error: -; workDir: /input/data/work/9c/97601027638544700389f2a42a3d51]
Dec-18 18:23:42.129 [Task monitor] DEBUG n.processor.TaskPollingMonitor - Task completed > TaskHandler[id: 29; name: writeLargeFile (29); status: COMPLETED; exit: 0; error: -; workDir: /input/data/work/5b/66e7547791e3c945dbc816833f5264]
Dec-18 18:23:42.175 [Task monitor] DEBUG n.processor.TaskPollingMonitor - Task completed > TaskHandler[id: 15; name: writeLargeFile (15); status: COMPLETED; exit: 0; error: -; workDir: /input/data/work/d9/c398a09019938f13c1e6da479faed4]
Dec-18 18:23:42.222 [Task monitor] DEBUG n.processor.TaskPollingMonitor - Task completed > TaskHandler[id: 8; name: writeLargeFile (8); status: COMPLETED; exit: 0; error: -; workDir: /input/data/work/75/abc123ef3f7875148187dd942a7d41]
Dec-18 18:23:47.136 [Task monitor] DEBUG n.processor.TaskPollingMonitor - Task completed > TaskHandler[id: 5; name: writeLargeFile (5); status: COMPLETED; exit: 0; error: -; workDir: /input/data/work/ab/fc9701a4f9753c3c03f2eb1ae86eb0]
Dec-18 18:23:47.176 [Task monitor] DEBUG n.processor.TaskPollingMonitor - Task completed > TaskHandler[id: 31; name: writeLargeFile (31); status: COMPLETED; exit: 0; error: -; workDir: /input/data/work/75/00b6013bbbcce3dc13f3a37e2e0808]
Dec-18 18:23:47.212 [Task monitor] DEBUG n.processor.TaskPollingMonitor - Task completed > TaskHandler[id: 4; name: writeLargeFile (4); status: COMPLETED; exit: 0; error: -; workDir: /input/data/work/b3/8c5179dd93424bfac0cd7ebbddd2b2]
Dec-18 18:23:52.002 [Task monitor] DEBUG n.processor.TaskPollingMonitor - Task completed > TaskHandler[id: 24; name: writeLargeFile (24); status: COMPLETED; exit: 0; error: -; workDir: /input/data/work/59/6dfd40d6d5214ef1c73c45021ca517]
Dec-18 18:23:52.052 [Task monitor] DEBUG n.processor.TaskPollingMonitor - Task completed > TaskHandler[id: 23; name: writeLargeFile (23); status: COMPLETED; exit: 0; error: -; workDir: /input/data/work/f2/d342840114a6f58e81bb472f31f451]
Dec-18 18:23:52.124 [Task monitor] DEBUG n.processor.TaskPollingMonitor - Task completed > TaskHandler[id: 7; name: writeLargeFile (7); status: COMPLETED; exit: 0; error: -; workDir: /input/data/work/b3/3d5ce9b19bbfbcca9410b7f10d011a]
Dec-18 18:23:56.961 [Task monitor] DEBUG n.processor.TaskPollingMonitor - Task completed > TaskHandler[id: 26; name: writeLargeFile (26); status: COMPLETED; exit: 0; error: -; workDir: /input/data/work/03/17b0676b44333cb1cc488b21d081ef]
Dec-18 18:23:57.003 [Task monitor] DEBUG n.processor.TaskPollingMonitor - Task completed > TaskHandler[id: 10; name: writeLargeFile (10); status: COMPLETED; exit: 0; error: -; workDir: /input/data/work/05/299235111eda11f096f4c66e1c09dc]
Dec-18 18:23:57.045 [Task monitor] DEBUG n.processor.TaskPollingMonitor - Task completed > TaskHandler[id: 17; name: writeLargeFile (17); status: COMPLETED; exit: 0; error: -; workDir: /input/data/work/0e/bf9ecfef3416df7411411c2e8ed9ca]
Dec-18 18:24:01.938 [Task monitor] DEBUG n.processor.TaskPollingMonitor - Task completed > TaskHandler[id: 20; name: writeLargeFile (20); status: COMPLETED; exit: 0; error: -; workDir: /input/data/work/d9/d7128de88805b67e95520307fd7c57]
Dec-18 18:24:02.004 [Task submitter] INFO  nextflow.Session - [e8/12d194] Submitted process > combineFiles (17)
Dec-18 18:24:02.035 [Task submitter] INFO  nextflow.Session - [a3/39ee77] Submitted process > combineFiles (18)
Dec-18 18:24:02.061 [Task submitter] INFO  nextflow.Session - [25/6074d9] Submitted process > combineFiles (3)
Dec-18 18:24:02.089 [Task submitter] INFO  nextflow.Session - [88/03c6cb] Submitted process > combineFiles (6)
Dec-18 18:24:02.116 [Task submitter] INFO  nextflow.Session - [6f/d6223b] Submitted process > combineFiles (31)
Dec-18 18:24:02.148 [Task submitter] INFO  nextflow.Session - [3b/793291] Submitted process > combineFiles (1)
Dec-18 18:24:02.175 [Task submitter] INFO  nextflow.Session - [b9/0f9cb3] Submitted process > combineFiles (2)
Dec-18 18:24:02.201 [Task submitter] INFO  nextflow.Session - [de/51517a] Submitted process > combineFiles (12)
Dec-18 18:24:02.226 [Task submitter] INFO  nextflow.Session - [f9/3e485e] Submitted process > combineFiles (22)
Dec-18 18:24:02.253 [Task submitter] INFO  nextflow.Session - [18/1df243] Submitted process > combineFiles (28)
Dec-18 18:24:02.278 [Task submitter] INFO  nextflow.Session - [f2/2e7e82] Submitted process > combineFiles (7)
Dec-18 18:24:02.303 [Task submitter] INFO  nextflow.Session - [d2/a934f8] Submitted process > combineFiles (20)
Dec-18 18:24:02.328 [Task submitter] INFO  nextflow.Session - [ed/e4fa73] Submitted process > combineFiles (16)
Dec-18 18:24:02.352 [Task submitter] INFO  nextflow.Session - [32/07c455] Submitted process > combineFiles (15)
Dec-18 18:24:02.376 [Task submitter] INFO  nextflow.Session - [4f/77b2bf] Submitted process > combineFiles (19)
Dec-18 18:24:02.401 [Task submitter] INFO  nextflow.Session - [4f/8b6dae] Submitted process > combineFiles (26)
Dec-18 18:24:02.427 [Task submitter] INFO  nextflow.Session - [e7/35d869] Submitted process > combineFiles (8)
Dec-18 18:24:02.450 [Task submitter] INFO  nextflow.Session - [0c/7f72b2] Submitted process > combineFiles (13)
Dec-18 18:24:02.473 [Task submitter] INFO  nextflow.Session - [33/e2ef9f] Submitted process > combineFiles (27)
Dec-18 18:24:02.498 [Task submitter] INFO  nextflow.Session - [af/28f85e] Submitted process > combineFiles (14)
Dec-18 18:24:02.527 [Task submitter] INFO  nextflow.Session - [64/166804] Submitted process > combineFiles (4)
Dec-18 18:24:02.558 [Task submitter] INFO  nextflow.Session - [e1/94cd79] Submitted process > combineFiles (29)
Dec-18 18:24:02.587 [Task submitter] INFO  nextflow.Session - [74/bb7e18] Submitted process > combineFiles (5)
Dec-18 18:24:02.617 [Task submitter] INFO  nextflow.Session - [ae/87bb50] Submitted process > combineFiles (32)
Dec-18 18:24:02.643 [Task submitter] INFO  nextflow.Session - [cd/60baf6] Submitted process > combineFiles (24)
Dec-18 18:24:02.669 [Task submitter] INFO  nextflow.Session - [2f/be667f] Submitted process > combineFiles (11)
Dec-18 18:24:02.696 [Task submitter] INFO  nextflow.Session - [97/9bc88b] Submitted process > combineFiles (23)
Dec-18 18:24:02.729 [Task submitter] INFO  nextflow.Session - [1e/6333c0] Submitted process > combineFiles (9)
Dec-18 18:24:02.758 [Task submitter] INFO  nextflow.Session - [20/1e79a9] Submitted process > combineFiles (21)
Dec-18 18:24:02.782 [Task submitter] INFO  nextflow.Session - [a6/6c15d5] Submitted process > combineFiles (25)
Dec-18 18:24:02.809 [Task submitter] INFO  nextflow.Session - [04/11312b] Submitted process > combineFiles (10)
Dec-18 18:24:02.832 [Task submitter] INFO  nextflow.Session - [c7/2024cd] Submitted process > combineFiles (30)
Dec-18 18:24:02.865 [Task submitter] INFO  nextflow.Session - [79/324d3c] Submitted process > combineFiles (33)
Dec-18 18:24:02.895 [Task submitter] INFO  nextflow.Session - [d8/5b662a] Submitted process > combineFiles (34)
Dec-18 18:24:18.350 [Task monitor] DEBUG n.processor.TaskPollingMonitor - Task completed > TaskHandler[id: 104; name: combineFiles (4); status: COMPLETED; exit: 0; error: -; workDir: /input/data/work/64/1668043a4b09db91361741110bf5ff]
Dec-18 18:24:22.007 [Task monitor] DEBUG n.processor.TaskPollingMonitor - Task completed > TaskHandler[id: 103; name: combineFiles (3); status: COMPLETED; exit: 0; error: -; workDir: /input/data/work/25/6074d9a6602a4e568db80fabf035a2]
Dec-18 18:24:22.268 [Task monitor] DEBUG n.processor.TaskPollingMonitor - Task completed > TaskHandler[id: 107; name: combineFiles (7); status: COMPLETED; exit: 0; error: -; workDir: /input/data/work/f2/2e7e82b8c2ed6837fabbcb3f5af37e]
Dec-18 18:24:22.936 [Task monitor] DEBUG n.processor.TaskPollingMonitor - Task completed > TaskHandler[id: 134; name: combineFiles (34); status: COMPLETED; exit: 0; error: -; workDir: /input/data/work/d8/5b662ac2d031c75e5c948bcb7ab6be]
Dec-18 18:24:26.973 [Task monitor] DEBUG n.processor.TaskPollingMonitor - Task completed > TaskHandler[id: 117; name: combineFiles (17); status: COMPLETED; exit: 0; error: -; workDir: /input/data/work/e8/12d1946fa0709e379da617601ccf33]
Dec-18 18:24:32.944 [Task monitor] DEBUG n.processor.TaskPollingMonitor - Task completed > TaskHandler[id: 125; name: combineFiles (25); status: COMPLETED; exit: 0; error: -; workDir: /input/data/work/a6/6c15d56c5db954efa9e933ef6c0f30]
Dec-18 18:24:46.960 [Task monitor] DEBUG n.processor.TaskPollingMonitor - Task completed > TaskHandler[id: 118; name: combineFiles (18); status: COMPLETED; exit: 0; error: -; workDir: /input/data/work/a3/39ee77718b51024cb21a9881b65e65]
Dec-18 18:24:57.117 [Task monitor] DEBUG n.processor.TaskPollingMonitor - Task completed > TaskHandler[id: 102; name: combineFiles (2); status: COMPLETED; exit: 0; error: -; workDir: /input/data/work/b9/0f9cb3b8c825cfb7674e93b1a81f9e]
Dec-18 18:24:58.083 [Task monitor] DEBUG n.processor.TaskPollingMonitor - Task completed > TaskHandler[id: 124; name: combineFiles (24); status: COMPLETED; exit: 0; error: -; workDir: /input/data/work/cd/60baf6cd11dda1d4c7b0a21012cc9d]
Dec-18 18:25:02.148 [Task monitor] DEBUG n.processor.TaskPollingMonitor - Task completed > TaskHandler[id: 115; name: combineFiles (15); status: COMPLETED; exit: 0; error: -; workDir: /input/data/work/32/07c455e4cc5f5bedd7368c26f280f6]
Dec-18 18:25:07.895 [Task monitor] DEBUG n.processor.TaskPollingMonitor - Task completed > TaskHandler[id: 129; name: combineFiles (29); status: COMPLETED; exit: 0; error: -; workDir: /input/data/work/e1/94cd7958781194117b0a8faa745d7d]
Dec-18 18:25:08.466 [Task monitor] DEBUG n.processor.TaskPollingMonitor - Task completed > TaskHandler[id: 130; name: combineFiles (30); status: COMPLETED; exit: 0; error: -; workDir: /input/data/work/c7/2024cdfc28ce33d70629a89d29760b]
Dec-18 18:25:12.259 [Task monitor] DEBUG n.processor.TaskPollingMonitor - Task completed > TaskHandler[id: 116; name: combineFiles (16); status: COMPLETED; exit: 0; error: -; workDir: /input/data/work/ed/e4fa73619e6091fc68ceb8e98f847e]
Dec-18 18:25:17.742 [Task monitor] DEBUG n.processor.TaskPollingMonitor - Task completed > TaskHandler[id: 109; name: combineFiles (9); status: COMPLETED; exit: 0; error: -; workDir: /input/data/work/1e/6333c00f05e3a7fb73b615586851bc]
Dec-18 18:25:26.982 [Task monitor] DEBUG n.processor.TaskPollingMonitor - Task completed > TaskHandler[id: 106; name: combineFiles (6); status: COMPLETED; exit: 0; error: -; workDir: /input/data/work/88/03c6cbefff837e816e741d6e40c06e]
Dec-18 18:25:37.683 [Task monitor] DEBUG n.processor.TaskPollingMonitor - Task completed > TaskHandler[id: 110; name: combineFiles (10); status: COMPLETED; exit: 0; error: -; workDir: /input/data/work/04/11312bcb6a4707743b8c1f1e58d35d]
Dec-18 18:25:42.516 [Task monitor] DEBUG n.processor.TaskPollingMonitor - Task completed > TaskHandler[id: 127; name: combineFiles (27); status: COMPLETED; exit: 0; error: -; workDir: /input/data/work/33/e2ef9fca69033f7f6d81a4160d98b3]
Dec-18 18:25:47.116 [Task monitor] DEBUG n.processor.TaskPollingMonitor - Task completed > TaskHandler[id: 120; name: combineFiles (20); status: COMPLETED; exit: 0; error: -; workDir: /input/data/work/d2/a934f81b63d8896c328c31a2b82320]
Dec-18 18:25:52.294 [Task monitor] DEBUG n.processor.TaskPollingMonitor - Task completed > TaskHandler[id: 126; name: combineFiles (26); status: COMPLETED; exit: 0; error: -; workDir: /input/data/work/4f/8b6daef41c54125367c5e57eb5ce5e]
Dec-18 18:25:57.291 [Task monitor] DEBUG n.processor.TaskPollingMonitor - Task completed > TaskHandler[id: 121; name: combineFiles (21); status: COMPLETED; exit: 0; error: -; workDir: /input/data/work/20/1e79a9b6d7b42fbbd7e29ee3068b8a]
Dec-18 18:25:57.334 [Task monitor] DEBUG n.processor.TaskPollingMonitor - Task completed > TaskHandler[id: 133; name: combineFiles (33); status: COMPLETED; exit: 0; error: -; workDir: /input/data/work/79/324d3cc4ec9f331518b180b46c8446]
Dec-18 18:26:06.892 [Task monitor] DEBUG n.processor.TaskPollingMonitor - !! executor k8s > tasks to be completed: 13 -- submitted tasks are shown below
~> TaskHandler[id: 131; name: combineFiles (31); status: SUBMITTED; exit: -; error: -; workDir: /input/data/work/6f/d6223b680b5d97fe313a7a3802565c]
~> TaskHandler[id: 101; name: combineFiles (1); status: RUNNING; exit: -; error: -; workDir: /input/data/work/3b/793291a1d86ba532e04e3544451108]
~> TaskHandler[id: 112; name: combineFiles (12); status: SUBMITTED; exit: -; error: -; workDir: /input/data/work/de/51517a948aea101874cdb1cd42df5b]
~> TaskHandler[id: 122; name: combineFiles (22); status: SUBMITTED; exit: -; error: -; workDir: /input/data/work/f9/3e485ee6fb29d5a0747353c9d0803e]
~> TaskHandler[id: 128; name: combineFiles (28); status: SUBMITTED; exit: -; error: -; workDir: /input/data/work/18/1df2434cd73a6481266bb35cdaa1df]
~> TaskHandler[id: 119; name: combineFiles (19); status: RUNNING; exit: -; error: -; workDir: /input/data/work/4f/77b2bfb08219b0890d4bfd8c9566d3]
~> TaskHandler[id: 108; name: combineFiles (8); status: SUBMITTED; exit: -; error: -; workDir: /input/data/work/e7/35d86968799a01ae96ff78a64b18b9]
~> TaskHandler[id: 113; name: combineFiles (13); status: SUBMITTED; exit: -; error: -; workDir: /input/data/work/0c/7f72b2479af37712954f631f72bc33]
~> TaskHandler[id: 114; name: combineFiles (14); status: SUBMITTED; exit: -; error: -; workDir: /input/data/work/af/28f85e189928622d0e5a29ef0e4711]
~> TaskHandler[id: 105; name: combineFiles (5); status: SUBMITTED; exit: -; error: -; workDir: /input/data/work/74/bb7e18a9db9ad45fbcdbd85358e9b8]
.. remaining tasks omitted.
Dec-18 18:26:12.046 [Task monitor] DEBUG n.processor.TaskPollingMonitor - Task completed > TaskHandler[id: 101; name: combineFiles (1); status: COMPLETED; exit: 0; error: -; workDir: /input/data/work/3b/793291a1d86ba532e04e3544451108]
Dec-18 18:26:17.081 [Task monitor] DEBUG n.processor.TaskPollingMonitor - Task completed > TaskHandler[id: 119; name: combineFiles (19); status: COMPLETED; exit: 0; error: -; workDir: /input/data/work/4f/77b2bfb08219b0890d4bfd8c9566d3]
Dec-18 18:26:17.141 [Task monitor] DEBUG n.processor.TaskPollingMonitor - Task completed > TaskHandler[id: 108; name: combineFiles (8); status: COMPLETED; exit: 0; error: -; workDir: /input/data/work/e7/35d86968799a01ae96ff78a64b18b9]
Dec-18 18:26:22.026 [Task monitor] DEBUG n.processor.TaskPollingMonitor - Task completed > TaskHandler[id: 112; name: combineFiles (12); status: COMPLETED; exit: 0; error: -; workDir: /input/data/work/de/51517a948aea101874cdb1cd42df5b]
Dec-18 18:26:27.093 [Task monitor] DEBUG n.processor.TaskPollingMonitor - Task completed > TaskHandler[id: 113; name: combineFiles (13); status: COMPLETED; exit: 0; error: -; workDir: /input/data/work/0c/7f72b2479af37712954f631f72bc33]
Dec-18 18:26:42.164 [Task monitor] DEBUG n.processor.TaskPollingMonitor - Task completed > TaskHandler[id: 123; name: combineFiles (23); status: COMPLETED; exit: 0; error: -; workDir: /input/data/work/97/9bc88be1e69c9e0fefa081fdd874e9]
Dec-18 18:26:47.079 [Task monitor] DEBUG n.processor.TaskPollingMonitor - Task completed > TaskHandler[id: 132; name: combineFiles (32); status: COMPLETED; exit: 0; error: -; workDir: /input/data/work/ae/87bb50a958ec51dbf085aef6881dfe]
Dec-18 18:26:52.152 [Task monitor] DEBUG n.processor.TaskPollingMonitor - Task completed > TaskHandler[id: 114; name: combineFiles (14); status: COMPLETED; exit: 0; error: -; workDir: /input/data/work/af/28f85e189928622d0e5a29ef0e4711]
Dec-18 18:26:52.238 [Task monitor] DEBUG n.processor.TaskPollingMonitor - Task completed > TaskHandler[id: 105; name: combineFiles (5); status: COMPLETED; exit: 0; error: -; workDir: /input/data/work/74/bb7e18a9db9ad45fbcdbd85358e9b8]
Dec-18 18:26:56.998 [Task monitor] DEBUG n.processor.TaskPollingMonitor - Task completed > TaskHandler[id: 128; name: combineFiles (28); status: COMPLETED; exit: 0; error: -; workDir: /input/data/work/18/1df2434cd73a6481266bb35cdaa1df]
Dec-18 18:27:06.977 [Task monitor] DEBUG n.processor.TaskPollingMonitor - Task completed > TaskHandler[id: 131; name: combineFiles (31); status: COMPLETED; exit: 0; error: -; workDir: /input/data/work/6f/d6223b680b5d97fe313a7a3802565c]
Dec-18 18:27:11.983 [Task monitor] DEBUG n.processor.TaskPollingMonitor - Task completed > TaskHandler[id: 122; name: combineFiles (22); status: COMPLETED; exit: 0; error: -; workDir: /input/data/work/f9/3e485ee6fb29d5a0747353c9d0803e]
Dec-18 18:27:16.943 [Task monitor] DEBUG n.processor.TaskPollingMonitor - Task completed > TaskHandler[id: 111; name: combineFiles (11); status: COMPLETED; exit: 0; error: -; workDir: /input/data/work/2f/be667fd1e0b9e93102fa093ec77729]
Dec-18 18:27:16.945 [main] DEBUG nextflow.Session - Session await > all processes finished
Dec-18 18:27:16.950 [main] DEBUG nextflow.Session - Session await > all barriers passed
Dec-18 18:27:16.960 [main] DEBUG n.trace.WorkflowStatsObserver - Workflow completed > WorkflowStats[succeededCount=134; failedCount=0; ignoredCount=0; cachedCount=0; pendingCount=0; submittedCount=0; runningCount=0; retriesCount=0; abortedCount=0; succeedDuration=25m 4s; failedDuration=0ms; cachedDuration=0ms;loadCpus=0; loadMemory=0; peakRunning=9; peakCpus=90; peakMemory=98.8 GB; ]
Dec-18 18:27:16.960 [main] DEBUG nextflow.trace.TraceFileObserver - Workflow completed -- saving trace file
Dec-18 18:27:16.962 [main] DEBUG nextflow.trace.ReportObserver - Workflow completed -- rendering execution report
Dec-18 18:27:17.570 [main] DEBUG nextflow.trace.TimelineObserver - Workflow completed -- rendering execution timeline
Dec-18 18:27:17.709 [main] DEBUG nextflow.cache.CacheDB - Closing CacheDB done
Dec-18 18:27:17.735 [main] DEBUG nextflow.util.ThreadPoolManager - Thread pool 'FileTransfer' shutdown completed (hard=false)
Dec-18 18:27:17.735 [main] DEBUG nextflow.script.ScriptRunner - > Execution complete -- Goodbye
