Jan-16 14:53:06.708 [main] DEBUG nextflow.cli.Launcher - $> nextflow run /input/fork -c /experiments/experiment/fork/nextflow.config -c /experiments/experiment/nextflow_cws.config -c /experiments/experiment/nextflow_nfs.config
Jan-16 14:53:06.767 [main] INFO  nextflow.cli.CmdRun - N E X T F L O W  ~  version 23.07.0-edge
Jan-16 14:53:06.784 [main] DEBUG nextflow.plugin.PluginsFacade - Setting up plugin manager > mode=prod; embedded=false; plugins-dir=/.nextflow/plugins; core-plugins: nf-amazon@2.1.0,nf-azure@1.1.4,nf-cloudcache@0.1.0,nf-codecommit@0.1.5,nf-console@1.0.6,nf-ga4gh@1.1.0,nf-google@1.8.1,nf-tower@1.5.15,nf-wave@0.11.0
Jan-16 14:53:06.797 [main] INFO  o.pf4j.DefaultPluginStatusProvider - Enabled plugins: []
Jan-16 14:53:06.799 [main] INFO  o.pf4j.DefaultPluginStatusProvider - Disabled plugins: []
Jan-16 14:53:06.801 [main] INFO  org.pf4j.DefaultPluginManager - PF4J version 3.4.1 in 'deployment' mode
Jan-16 14:53:06.809 [main] INFO  org.pf4j.AbstractPluginManager - No plugins
Jan-16 14:53:06.828 [main] DEBUG nextflow.scm.AssetManager - Project manifest does not exist: /input/fork/nextflow.config (No such file or directory)
Jan-16 14:53:06.852 [main] DEBUG nextflow.config.ConfigBuilder - User config file: /experiments/experiment/fork/nextflow.config
Jan-16 14:53:06.852 [main] DEBUG nextflow.config.ConfigBuilder - User config file: /experiments/experiment/nextflow_cws.config
Jan-16 14:53:06.852 [main] DEBUG nextflow.config.ConfigBuilder - User config file: /experiments/experiment/nextflow_nfs.config
Jan-16 14:53:06.853 [main] DEBUG nextflow.config.ConfigBuilder - Parsing config file: /experiments/experiment/fork/nextflow.config
Jan-16 14:53:06.853 [main] DEBUG nextflow.config.ConfigBuilder - Parsing config file: /experiments/experiment/nextflow_cws.config
Jan-16 14:53:06.853 [main] DEBUG nextflow.config.ConfigBuilder - Parsing config file: /experiments/experiment/nextflow_nfs.config
Jan-16 14:53:06.870 [main] DEBUG nextflow.config.ConfigBuilder - Applying config profile: `standard`
Jan-16 14:53:07.354 [main] DEBUG nextflow.config.ConfigBuilder - Applying config profile: `standard`
Jan-16 14:53:07.504 [main] DEBUG nextflow.config.ConfigBuilder - Applying config profile: `standard`
Jan-16 14:53:07.532 [main] DEBUG nextflow.cli.CmdRun - Applied DSL=2 by global default
Jan-16 14:53:07.545 [main] INFO  nextflow.cli.CmdRun - Launching `/input/fork/main.nf` [intergalactic_almeida] DSL2 - revision: 64aabf06f3
Jan-16 14:53:07.545 [main] DEBUG nextflow.plugin.PluginsFacade - Plugins default=[]
Jan-16 14:53:07.545 [main] DEBUG nextflow.plugin.PluginsFacade - Plugins resolved requirement=[]
Jan-16 14:53:07.552 [main] DEBUG n.secret.LocalSecretsProvider - Secrets store: /.nextflow/secrets/store.json
Jan-16 14:53:07.555 [main] DEBUG nextflow.secret.SecretsLoader - Discovered secrets providers: [nextflow.secret.LocalSecretsProvider@5b7c8930] - activable => nextflow.secret.LocalSecretsProvider@5b7c8930
Jan-16 14:53:07.604 [main] DEBUG nextflow.Session - Session UUID: 20dca8a0-6333-4d11-825a-ba0446d32d15
Jan-16 14:53:07.605 [main] DEBUG nextflow.Session - Run name: intergalactic_almeida
Jan-16 14:53:07.605 [main] DEBUG nextflow.Session - Executor pool size: 32
Jan-16 14:53:07.611 [main] DEBUG nextflow.file.FilePorter - File porter settings maxRetries=3; maxTransfers=50; pollTimeout=null
Jan-16 14:53:07.614 [main] DEBUG nextflow.util.ThreadPoolBuilder - Creating thread pool 'FileTransfer' minSize=10; maxSize=96; workQueue=LinkedBlockingQueue[10000]; allowCoreThreadTimeout=false
Jan-16 14:53:07.640 [main] DEBUG nextflow.cli.CmdRun - 
  Version: 23.07.0-edge build 5875
  Created: 28-07-2023 20:27 UTC (20:27 GMT)
  System: Linux 5.4.0-169-generic
  Runtime: Groovy 3.0.18 on OpenJDK 64-Bit Server VM 17.0.6+10-LTS
  Encoding: UTF-8 (UTF-8)
  Process: 1619110@nextflow [10.233.76.29]
  CPUs: 32 - Mem: 125.7 GB (122.1 GB) - Swap: 0 (0)
Jan-16 14:53:07.686 [main] DEBUG nextflow.Session - Work-dir: /input/data/work [nfs]
Jan-16 14:53:07.686 [main] DEBUG nextflow.Session - Script base path does not exist or is not a directory: /input/fork/bin
Jan-16 14:53:07.694 [main] DEBUG nextflow.executor.ExecutorFactory - Extension executors providers=[]
Jan-16 14:53:07.702 [main] DEBUG nextflow.Session - Observer factory: DefaultObserverFactory
Jan-16 14:53:07.730 [main] DEBUG nextflow.cache.CacheFactory - Using Nextflow cache factory: nextflow.cache.DefaultCacheFactory
Jan-16 14:53:07.737 [main] DEBUG nextflow.util.CustomThreadPool - Creating default thread pool > poolSize: 33; maxThreads: 1000
Jan-16 14:53:07.836 [main] DEBUG nextflow.Session - Session start
Jan-16 14:53:07.840 [main] DEBUG nextflow.trace.TraceFileObserver - Workflow started -- trace file: /input/data/output/trace.csv
Jan-16 14:53:07.981 [main] DEBUG nextflow.script.ScriptRunner - > Launching execution
Jan-16 14:53:08.185 [main] DEBUG nextflow.script.ProcessConfig - Config settings `withName:writeLargeFile` matches process writeLargeFile
Jan-16 14:53:08.202 [main] DEBUG nextflow.executor.ExecutorFactory - << taskConfig executor: k8s
Jan-16 14:53:08.203 [main] DEBUG nextflow.executor.ExecutorFactory - >> processorType: 'k8s'
Jan-16 14:53:08.210 [main] DEBUG nextflow.executor.Executor - [warm up] executor > k8s
Jan-16 14:53:08.226 [main] DEBUG n.processor.TaskPollingMonitor - Creating task monitor for executor 'k8s' > capacity: 300; pollInterval: 5s; dumpInterval: 5m; schedulerBatch: null
Jan-16 14:53:08.230 [main] DEBUG nextflow.k8s.client.ConfigDiscovery - K8s config file does not exist: /root/.kube/config
Jan-16 14:53:08.241 [main] DEBUG nextflow.k8s.K8sExecutor - [K8s] config=[scheduler:[strategy:rank_max-fair, name:workflow-scheduler, autoClose:false, nodeSelector:usedby=anonymized, container:anonymized/test1:sch_v194], debug:[yaml:true], namespace:anonymized, serviceAccount:nextflow, workDir:/input/data/work/, projectDir:/input/data/project/, imagePullPolicy:IfNotPresent, launchDir:/input/data/launch/, runAsUser:0, fetchNodeName:true, storageMountPath:/input, pod:[nodeSelector:usedby=anonymized], storage:[nodeSelector:usedby=anonymized, imageName:anonymized/test1:ftp_v122], storageClaimName:nfs-experiment]; API client config=ClientConfig[ server=10.233.0.1:443, namespace=anonymized, serviceAccount=nextflow, token=eyJhbGciOiJ.., sslCert=LS0tLS1CRUd.., clientCert=-, clientKey=-, verifySsl=false, fromFile=true, httpReadTimeout=null, httpConnectTimeout=null, maxErrorRetry=4 ]
Jan-16 14:53:11.898 [main] DEBUG nextflow.script.ProcessConfig - Config settings `withName:revertFile` matches process revertFile
Jan-16 14:53:11.899 [main] DEBUG nextflow.executor.ExecutorFactory - << taskConfig executor: k8s
Jan-16 14:53:11.900 [main] DEBUG nextflow.executor.ExecutorFactory - >> processorType: 'k8s'
Jan-16 14:53:11.912 [main] DEBUG nextflow.Session - Workflow process names [dsl2]: revertFile, combineFiles, writeLargeFile
Jan-16 14:53:11.914 [main] DEBUG nextflow.Session - Igniting dataflow network (3)
Jan-16 14:53:11.915 [main] DEBUG nextflow.processor.TaskProcessor - Starting process > writeLargeFile
Jan-16 14:53:11.919 [main] DEBUG nextflow.processor.TaskProcessor - Starting process > revertFile
Jan-16 14:53:11.919 [main] DEBUG nextflow.script.ScriptRunner - > Awaiting termination 
Jan-16 14:53:11.919 [main] DEBUG nextflow.Session - Session await
Jan-16 14:53:12.170 [Task submitter] INFO  nextflow.Session - [71/8162a8] Submitted process > writeLargeFile (1)
Jan-16 14:53:28.285 [Task monitor] DEBUG n.processor.TaskPollingMonitor - Task completed > TaskHandler[id: 1; name: writeLargeFile (1); status: COMPLETED; exit: 0; error: -; workDir: /input/data/work/71/8162a86771105671719a0957b3b738]
Jan-16 14:53:28.426 [Task submitter] INFO  nextflow.Session - [8c/422f11] Submitted process > revertFile (6)
Jan-16 14:53:28.478 [Task submitter] INFO  nextflow.Session - [ee/980bfa] Submitted process > revertFile (20)
Jan-16 14:53:28.519 [Task submitter] INFO  nextflow.Session - [d9/ff2760] Submitted process > revertFile (15)
Jan-16 14:53:28.558 [Task submitter] INFO  nextflow.Session - [00/c7eb6e] Submitted process > revertFile (10)
Jan-16 14:53:28.598 [Task submitter] INFO  nextflow.Session - [4f/6aa68b] Submitted process > revertFile (25)
Jan-16 14:53:28.636 [Task submitter] INFO  nextflow.Session - [cf/8eae22] Submitted process > revertFile (17)
Jan-16 14:53:28.674 [Task submitter] INFO  nextflow.Session - [e2/155845] Submitted process > revertFile (26)
Jan-16 14:53:28.716 [Task submitter] INFO  nextflow.Session - [2c/d883ce] Submitted process > revertFile (13)
Jan-16 14:53:28.756 [Task submitter] INFO  nextflow.Session - [f9/54511d] Submitted process > revertFile (4)
Jan-16 14:53:28.793 [Task submitter] INFO  nextflow.Session - [ee/23b1d3] Submitted process > revertFile (8)
Jan-16 14:53:28.830 [Task submitter] INFO  nextflow.Session - [0d/ee9c34] Submitted process > revertFile (23)
Jan-16 14:53:28.865 [Task submitter] INFO  nextflow.Session - [c8/749054] Submitted process > revertFile (19)
Jan-16 14:53:28.900 [Task submitter] INFO  nextflow.Session - [ab/7b1dbf] Submitted process > revertFile (22)
Jan-16 14:53:28.935 [Task submitter] INFO  nextflow.Session - [e8/bb0f15] Submitted process > revertFile (5)
Jan-16 14:53:28.976 [Task submitter] INFO  nextflow.Session - [96/2ca0e3] Submitted process > revertFile (3)
Jan-16 14:53:29.017 [Task submitter] INFO  nextflow.Session - [45/376530] Submitted process > revertFile (18)
Jan-16 14:53:29.055 [Task submitter] INFO  nextflow.Session - [41/1eb675] Submitted process > revertFile (16)
Jan-16 14:53:29.097 [Task submitter] INFO  nextflow.Session - [e4/4b468a] Submitted process > revertFile (7)
Jan-16 14:53:29.134 [Task submitter] INFO  nextflow.Session - [f4/59f2df] Submitted process > revertFile (28)
Jan-16 14:53:29.170 [Task submitter] INFO  nextflow.Session - [4f/8e989c] Submitted process > revertFile (49)
Jan-16 14:53:29.205 [Task submitter] INFO  nextflow.Session - [d6/ad359b] Submitted process > revertFile (21)
Jan-16 14:53:29.240 [Task submitter] INFO  nextflow.Session - [22/ea8e77] Submitted process > revertFile (32)
Jan-16 14:53:29.274 [Task submitter] INFO  nextflow.Session - [33/8dc129] Submitted process > revertFile (31)
Jan-16 14:53:29.310 [Task submitter] INFO  nextflow.Session - [91/d7735e] Submitted process > revertFile (29)
Jan-16 14:53:29.347 [Task submitter] INFO  nextflow.Session - [91/8a0ec8] Submitted process > revertFile (52)
Jan-16 14:53:29.382 [Task submitter] INFO  nextflow.Session - [d1/ae31f2] Submitted process > revertFile (24)
Jan-16 14:53:29.416 [Task submitter] INFO  nextflow.Session - [37/a4c833] Submitted process > revertFile (1)
Jan-16 14:53:29.452 [Task submitter] INFO  nextflow.Session - [89/eb458f] Submitted process > revertFile (33)
Jan-16 14:53:29.487 [Task submitter] INFO  nextflow.Session - [6e/23aba7] Submitted process > revertFile (9)
Jan-16 14:53:29.522 [Task submitter] INFO  nextflow.Session - [c4/3863f1] Submitted process > revertFile (11)
Jan-16 14:53:29.558 [Task submitter] INFO  nextflow.Session - [9a/19d793] Submitted process > revertFile (30)
Jan-16 14:53:29.594 [Task submitter] INFO  nextflow.Session - [c7/369429] Submitted process > revertFile (27)
Jan-16 14:53:29.633 [Task submitter] INFO  nextflow.Session - [14/685a44] Submitted process > revertFile (2)
Jan-16 14:53:29.668 [Task submitter] INFO  nextflow.Session - [f7/94ce1c] Submitted process > revertFile (12)
Jan-16 14:53:29.702 [Task submitter] INFO  nextflow.Session - [ff/39cbb2] Submitted process > revertFile (14)
Jan-16 14:53:29.739 [Task submitter] INFO  nextflow.Session - [4d/038dea] Submitted process > revertFile (34)
Jan-16 14:53:29.775 [Task submitter] INFO  nextflow.Session - [0e/e2cfb4] Submitted process > revertFile (37)
Jan-16 14:53:29.811 [Task submitter] INFO  nextflow.Session - [c1/29b1cf] Submitted process > revertFile (35)
Jan-16 14:53:29.846 [Task submitter] INFO  nextflow.Session - [04/810f62] Submitted process > revertFile (38)
Jan-16 14:53:29.885 [Task submitter] INFO  nextflow.Session - [ec/2717cf] Submitted process > revertFile (36)
Jan-16 14:53:29.923 [Task submitter] INFO  nextflow.Session - [2d/cfaa0f] Submitted process > revertFile (39)
Jan-16 14:53:29.959 [Task submitter] INFO  nextflow.Session - [0e/76337c] Submitted process > revertFile (42)
Jan-16 14:53:29.992 [Task submitter] INFO  nextflow.Session - [22/2ffb6f] Submitted process > revertFile (46)
Jan-16 14:53:30.025 [Task submitter] INFO  nextflow.Session - [14/eed05d] Submitted process > revertFile (61)
Jan-16 14:53:30.063 [Task submitter] INFO  nextflow.Session - [78/47bd5f] Submitted process > revertFile (64)
Jan-16 14:53:30.097 [Task submitter] INFO  nextflow.Session - [f4/8ff980] Submitted process > revertFile (71)
Jan-16 14:53:30.130 [Task submitter] INFO  nextflow.Session - [30/a82ec5] Submitted process > revertFile (40)
Jan-16 14:53:30.167 [Task submitter] INFO  nextflow.Session - [ad/58f4c1] Submitted process > revertFile (43)
Jan-16 14:53:30.211 [Task submitter] INFO  nextflow.Session - [6b/21a620] Submitted process > revertFile (41)
Jan-16 14:53:30.248 [Task submitter] INFO  nextflow.Session - [6c/7fdee6] Submitted process > revertFile (47)
Jan-16 14:53:30.282 [Task submitter] INFO  nextflow.Session - [e4/248683] Submitted process > revertFile (78)
Jan-16 14:53:30.317 [Task submitter] INFO  nextflow.Session - [27/20db21] Submitted process > revertFile (44)
Jan-16 14:53:30.353 [Task submitter] INFO  nextflow.Session - [d1/46f410] Submitted process > revertFile (79)
Jan-16 14:53:30.390 [Task submitter] INFO  nextflow.Session - [ec/e5aff4] Submitted process > revertFile (80)
Jan-16 14:53:30.428 [Task submitter] INFO  nextflow.Session - [99/00e5c7] Submitted process > revertFile (51)
Jan-16 14:53:30.462 [Task submitter] INFO  nextflow.Session - [99/e88d0e] Submitted process > revertFile (81)
Jan-16 14:53:30.496 [Task submitter] INFO  nextflow.Session - [a2/fe0487] Submitted process > revertFile (45)
Jan-16 14:53:30.532 [Task submitter] INFO  nextflow.Session - [e7/9e6f14] Submitted process > revertFile (48)
Jan-16 14:53:30.563 [Task submitter] INFO  nextflow.Session - [41/ff9ec5] Submitted process > revertFile (83)
Jan-16 14:53:30.595 [Task submitter] INFO  nextflow.Session - [c1/531313] Submitted process > revertFile (85)
Jan-16 14:53:30.629 [Task submitter] INFO  nextflow.Session - [e8/8b0f16] Submitted process > revertFile (86)
Jan-16 14:53:30.666 [Task submitter] INFO  nextflow.Session - [80/215971] Submitted process > revertFile (53)
Jan-16 14:53:30.701 [Task submitter] INFO  nextflow.Session - [24/c47d06] Submitted process > revertFile (62)
Jan-16 14:53:30.737 [Task submitter] INFO  nextflow.Session - [04/2e1ecf] Submitted process > revertFile (87)
Jan-16 14:53:30.771 [Task submitter] INFO  nextflow.Session - [50/123621] Submitted process > revertFile (67)
Jan-16 14:53:30.807 [Task submitter] INFO  nextflow.Session - [ad/c3b510] Submitted process > revertFile (88)
Jan-16 14:53:30.843 [Task submitter] INFO  nextflow.Session - [e8/8c9b9f] Submitted process > revertFile (89)
Jan-16 14:53:30.875 [Task submitter] INFO  nextflow.Session - [8d/9afcd8] Submitted process > revertFile (63)
Jan-16 14:53:30.909 [Task submitter] INFO  nextflow.Session - [cf/17a552] Submitted process > revertFile (90)
Jan-16 14:53:30.943 [Task submitter] INFO  nextflow.Session - [8a/7204c4] Submitted process > revertFile (50)
Jan-16 14:53:30.974 [Task submitter] INFO  nextflow.Session - [4c/165237] Submitted process > revertFile (59)
Jan-16 14:53:31.010 [Task submitter] INFO  nextflow.Session - [20/d3a60e] Submitted process > revertFile (60)
Jan-16 14:53:31.042 [Task submitter] INFO  nextflow.Session - [27/7d99f1] Submitted process > revertFile (95)
Jan-16 14:53:31.076 [Task submitter] INFO  nextflow.Session - [fe/85f771] Submitted process > revertFile (55)
Jan-16 14:53:31.110 [Task submitter] INFO  nextflow.Session - [8a/2462b5] Submitted process > revertFile (97)
Jan-16 14:53:31.147 [Task submitter] INFO  nextflow.Session - [50/6d88cf] Submitted process > revertFile (99)
Jan-16 14:53:31.180 [Task submitter] INFO  nextflow.Session - [ac/dfabb5] Submitted process > revertFile (57)
Jan-16 14:53:31.210 [Task submitter] INFO  nextflow.Session - [2f/21c7b9] Submitted process > revertFile (54)
Jan-16 14:53:31.244 [Task submitter] INFO  nextflow.Session - [eb/2cdfd8] Submitted process > revertFile (72)
Jan-16 14:53:31.276 [Task submitter] INFO  nextflow.Session - [e3/862d47] Submitted process > revertFile (66)
Jan-16 14:53:31.310 [Task submitter] INFO  nextflow.Session - [db/ac687b] Submitted process > revertFile (68)
Jan-16 14:53:31.344 [Task submitter] INFO  nextflow.Session - [a7/2dc04d] Submitted process > revertFile (69)
Jan-16 14:53:31.376 [Task submitter] INFO  nextflow.Session - [56/fe0d2e] Submitted process > revertFile (65)
Jan-16 14:53:31.413 [Task submitter] INFO  nextflow.Session - [1a/a9c97b] Submitted process > revertFile (56)
Jan-16 14:53:31.449 [Task submitter] INFO  nextflow.Session - [10/ae6b69] Submitted process > revertFile (58)
Jan-16 14:53:31.484 [Task submitter] INFO  nextflow.Session - [d7/f5a8d9] Submitted process > revertFile (74)
Jan-16 14:53:31.527 [Task submitter] INFO  nextflow.Session - [2a/bf8d6e] Submitted process > revertFile (73)
Jan-16 14:53:31.559 [Task submitter] INFO  nextflow.Session - [f6/afdedc] Submitted process > revertFile (92)
Jan-16 14:53:31.589 [Task submitter] INFO  nextflow.Session - [c3/9614c6] Submitted process > revertFile (100)
Jan-16 14:53:31.622 [Task submitter] INFO  nextflow.Session - [61/bf276a] Submitted process > revertFile (94)
Jan-16 14:53:31.652 [Task submitter] INFO  nextflow.Session - [1b/a177e9] Submitted process > revertFile (77)
Jan-16 14:53:31.687 [Task submitter] INFO  nextflow.Session - [88/1ee6d6] Submitted process > revertFile (76)
Jan-16 14:53:31.718 [Task submitter] INFO  nextflow.Session - [a9/f6bbcb] Submitted process > revertFile (93)
Jan-16 14:53:31.754 [Task submitter] INFO  nextflow.Session - [1c/b1bc9e] Submitted process > revertFile (91)
Jan-16 14:53:31.788 [Task submitter] INFO  nextflow.Session - [bd/9b60a4] Submitted process > revertFile (70)
Jan-16 14:53:31.817 [Task submitter] INFO  nextflow.Session - [1b/a36659] Submitted process > revertFile (84)
Jan-16 14:53:31.849 [Task submitter] INFO  nextflow.Session - [34/358243] Submitted process > revertFile (75)
Jan-16 14:53:31.881 [Task submitter] INFO  nextflow.Session - [17/035d86] Submitted process > revertFile (98)
Jan-16 14:53:31.911 [Task submitter] INFO  nextflow.Session - [62/dfa34b] Submitted process > revertFile (96)
Jan-16 14:53:31.942 [Task submitter] INFO  nextflow.Session - [44/334835] Submitted process > revertFile (82)
Jan-16 14:54:28.386 [Task monitor] DEBUG n.processor.TaskPollingMonitor - Task completed > TaskHandler[id: 7; name: revertFile (6); status: COMPLETED; exit: 0; error: -; workDir: /input/data/work/8c/422f11003343e03c74cfa47454ddf1]
Jan-16 14:54:28.428 [Task monitor] DEBUG n.processor.TaskPollingMonitor - Task completed > TaskHandler[id: 21; name: revertFile (20); status: COMPLETED; exit: 0; error: -; workDir: /input/data/work/ee/980bfa0ac5b1f60e8a39cffebce1f1]
Jan-16 14:54:28.465 [Task monitor] DEBUG n.processor.TaskPollingMonitor - Task completed > TaskHandler[id: 16; name: revertFile (15); status: COMPLETED; exit: 0; error: -; workDir: /input/data/work/d9/ff2760bfe863309680cdff6ee006ab]
Jan-16 14:55:04.982 [Task monitor] DEBUG n.processor.TaskPollingMonitor - Task completed > TaskHandler[id: 11; name: revertFile (10); status: COMPLETED; exit: 0; error: -; workDir: /input/data/work/00/c7eb6ef253ad0ebef410be8be775af]
Jan-16 14:55:05.018 [Task monitor] DEBUG n.processor.TaskPollingMonitor - Task completed > TaskHandler[id: 26; name: revertFile (25); status: COMPLETED; exit: 0; error: -; workDir: /input/data/work/4f/6aa68b806ceb3fd3da3d53f3bea969]
Jan-16 14:55:05.059 [Task monitor] DEBUG n.processor.TaskPollingMonitor - Task completed > TaskHandler[id: 18; name: revertFile (17); status: COMPLETED; exit: 0; error: -; workDir: /input/data/work/cf/8eae221ec2a5c3a981ab7d9e1dedcb]
Jan-16 14:55:36.358 [Task monitor] DEBUG n.processor.TaskPollingMonitor - Task completed > TaskHandler[id: 27; name: revertFile (26); status: COMPLETED; exit: 0; error: -; workDir: /input/data/work/e2/155845111b67bb5ea8e31219e851e2]
Jan-16 14:55:36.393 [Task monitor] DEBUG n.processor.TaskPollingMonitor - Task completed > TaskHandler[id: 14; name: revertFile (13); status: COMPLETED; exit: 0; error: -; workDir: /input/data/work/2c/d883ced5a270fd8ecbc8fbf0ecd9b6]
Jan-16 14:55:36.430 [Task monitor] DEBUG n.processor.TaskPollingMonitor - Task completed > TaskHandler[id: 5; name: revertFile (4); status: COMPLETED; exit: 0; error: -; workDir: /input/data/work/f9/54511d6cfc6853c49fccb2e2cb0416]
Jan-16 14:56:11.944 [Task monitor] DEBUG n.processor.TaskPollingMonitor - Task completed > TaskHandler[id: 9; name: revertFile (8); status: COMPLETED; exit: 0; error: -; workDir: /input/data/work/ee/23b1d385f1eef49f9d6dcad45d8437]
Jan-16 14:56:11.981 [Task monitor] DEBUG n.processor.TaskPollingMonitor - Task completed > TaskHandler[id: 24; name: revertFile (23); status: COMPLETED; exit: 0; error: -; workDir: /input/data/work/0d/ee9c34c4c9e19c8650a1971ae94c16]
Jan-16 14:56:12.019 [Task monitor] DEBUG n.processor.TaskPollingMonitor - Task completed > TaskHandler[id: 20; name: revertFile (19); status: COMPLETED; exit: 0; error: -; workDir: /input/data/work/c8/749054bb92f1a1fc92f4dde5de4033]
Jan-16 14:56:46.943 [Task monitor] DEBUG n.processor.TaskPollingMonitor - Task completed > TaskHandler[id: 23; name: revertFile (22); status: COMPLETED; exit: 0; error: -; workDir: /input/data/work/ab/7b1dbff877823a3daac51782a7dbc7]
Jan-16 14:56:46.982 [Task monitor] DEBUG n.processor.TaskPollingMonitor - Task completed > TaskHandler[id: 6; name: revertFile (5); status: COMPLETED; exit: 0; error: -; workDir: /input/data/work/e8/bb0f153b598224c3adbee19b735769]
Jan-16 14:56:47.026 [Task monitor] DEBUG n.processor.TaskPollingMonitor - Task completed > TaskHandler[id: 4; name: revertFile (3); status: COMPLETED; exit: 0; error: -; workDir: /input/data/work/96/2ca0e391b1475cfd48fde7448c3c18]
Jan-16 14:57:21.948 [Task monitor] DEBUG n.processor.TaskPollingMonitor - Task completed > TaskHandler[id: 19; name: revertFile (18); status: COMPLETED; exit: 0; error: -; workDir: /input/data/work/45/376530f2204c51169b91327bee812e]
Jan-16 14:57:21.993 [Task monitor] DEBUG n.processor.TaskPollingMonitor - Task completed > TaskHandler[id: 17; name: revertFile (16); status: COMPLETED; exit: 0; error: -; workDir: /input/data/work/41/1eb6758952c29e0a160640fa3602c2]
Jan-16 14:57:22.039 [Task monitor] DEBUG n.processor.TaskPollingMonitor - Task completed > TaskHandler[id: 8; name: revertFile (7); status: COMPLETED; exit: 0; error: -; workDir: /input/data/work/e4/4b468a91d9998c04dc4e0a67fded86]
Jan-16 14:57:56.948 [Task monitor] DEBUG n.processor.TaskPollingMonitor - Task completed > TaskHandler[id: 29; name: revertFile (28); status: COMPLETED; exit: 0; error: -; workDir: /input/data/work/f4/59f2df18d3796e01bbc440b38584a7]
Jan-16 14:57:56.986 [Task monitor] DEBUG n.processor.TaskPollingMonitor - Task completed > TaskHandler[id: 50; name: revertFile (49); status: COMPLETED; exit: 0; error: -; workDir: /input/data/work/4f/8e989c856d66df2563d1e794c0618b]
Jan-16 14:57:57.020 [Task monitor] DEBUG n.processor.TaskPollingMonitor - Task completed > TaskHandler[id: 22; name: revertFile (21); status: COMPLETED; exit: 0; error: -; workDir: /input/data/work/d6/ad359bdd061afe0ddd6e64c39bd20b]
Jan-16 14:58:16.909 [Task monitor] DEBUG n.processor.TaskPollingMonitor - !! executor k8s > tasks to be completed: 79 -- submitted tasks are shown below
~> TaskHandler[id: 33; name: revertFile (32); status: RUNNING; exit: -; error: -; workDir: /input/data/work/22/ea8e778cfa466a5b5a497bbceffd9d]
~> TaskHandler[id: 32; name: revertFile (31); status: RUNNING; exit: -; error: -; workDir: /input/data/work/33/8dc129817d60ce2eac8c04c7a5e151]
~> TaskHandler[id: 30; name: revertFile (29); status: RUNNING; exit: -; error: -; workDir: /input/data/work/91/d7735ea7cb91bfec8b1093be8b0ae1]
~> TaskHandler[id: 53; name: revertFile (52); status: SUBMITTED; exit: -; error: -; workDir: /input/data/work/91/8a0ec8d81910e1ec3068a62faee01b]
~> TaskHandler[id: 25; name: revertFile (24); status: SUBMITTED; exit: -; error: -; workDir: /input/data/work/d1/ae31f2439dff9a375ac1e7a1f5e3de]
~> TaskHandler[id: 2; name: revertFile (1); status: SUBMITTED; exit: -; error: -; workDir: /input/data/work/37/a4c8330b722cc5dc17d806cb37e423]
~> TaskHandler[id: 34; name: revertFile (33); status: SUBMITTED; exit: -; error: -; workDir: /input/data/work/89/eb458f49326b9c17620ecbbcd18577]
~> TaskHandler[id: 10; name: revertFile (9); status: SUBMITTED; exit: -; error: -; workDir: /input/data/work/6e/23aba7fb6e0cea5c0313a7d44901f4]
~> TaskHandler[id: 12; name: revertFile (11); status: SUBMITTED; exit: -; error: -; workDir: /input/data/work/c4/3863f1d3e0c5285bbae11ff177421c]
~> TaskHandler[id: 31; name: revertFile (30); status: SUBMITTED; exit: -; error: -; workDir: /input/data/work/9a/19d793c76c8f6929f6142fc0ffe957]
.. remaining tasks omitted.
Jan-16 14:58:31.944 [Task monitor] DEBUG n.processor.TaskPollingMonitor - Task completed > TaskHandler[id: 33; name: revertFile (32); status: COMPLETED; exit: 0; error: -; workDir: /input/data/work/22/ea8e778cfa466a5b5a497bbceffd9d]
Jan-16 14:58:31.982 [Task monitor] DEBUG n.processor.TaskPollingMonitor - Task completed > TaskHandler[id: 32; name: revertFile (31); status: COMPLETED; exit: 0; error: -; workDir: /input/data/work/33/8dc129817d60ce2eac8c04c7a5e151]
Jan-16 14:58:32.019 [Task monitor] DEBUG n.processor.TaskPollingMonitor - Task completed > TaskHandler[id: 30; name: revertFile (29); status: COMPLETED; exit: 0; error: -; workDir: /input/data/work/91/d7735ea7cb91bfec8b1093be8b0ae1]
Jan-16 14:59:06.943 [Task monitor] DEBUG n.processor.TaskPollingMonitor - Task completed > TaskHandler[id: 53; name: revertFile (52); status: COMPLETED; exit: 0; error: -; workDir: /input/data/work/91/8a0ec8d81910e1ec3068a62faee01b]
Jan-16 14:59:06.983 [Task monitor] DEBUG n.processor.TaskPollingMonitor - Task completed > TaskHandler[id: 25; name: revertFile (24); status: COMPLETED; exit: 0; error: -; workDir: /input/data/work/d1/ae31f2439dff9a375ac1e7a1f5e3de]
Jan-16 14:59:07.020 [Task monitor] DEBUG n.processor.TaskPollingMonitor - Task completed > TaskHandler[id: 2; name: revertFile (1); status: COMPLETED; exit: 0; error: -; workDir: /input/data/work/37/a4c8330b722cc5dc17d806cb37e423]
Jan-16 14:59:41.943 [Task monitor] DEBUG n.processor.TaskPollingMonitor - Task completed > TaskHandler[id: 34; name: revertFile (33); status: COMPLETED; exit: 0; error: -; workDir: /input/data/work/89/eb458f49326b9c17620ecbbcd18577]
Jan-16 14:59:41.980 [Task monitor] DEBUG n.processor.TaskPollingMonitor - Task completed > TaskHandler[id: 10; name: revertFile (9); status: COMPLETED; exit: 0; error: -; workDir: /input/data/work/6e/23aba7fb6e0cea5c0313a7d44901f4]
Jan-16 14:59:42.017 [Task monitor] DEBUG n.processor.TaskPollingMonitor - Task completed > TaskHandler[id: 12; name: revertFile (11); status: COMPLETED; exit: 0; error: -; workDir: /input/data/work/c4/3863f1d3e0c5285bbae11ff177421c]
Jan-16 15:00:16.949 [Task monitor] DEBUG n.processor.TaskPollingMonitor - Task completed > TaskHandler[id: 31; name: revertFile (30); status: COMPLETED; exit: 0; error: -; workDir: /input/data/work/9a/19d793c76c8f6929f6142fc0ffe957]
Jan-16 15:00:16.983 [Task monitor] DEBUG n.processor.TaskPollingMonitor - Task completed > TaskHandler[id: 28; name: revertFile (27); status: COMPLETED; exit: 0; error: -; workDir: /input/data/work/c7/36942938633d9dca2bd01630bcf5b9]
Jan-16 15:00:17.020 [Task monitor] DEBUG n.processor.TaskPollingMonitor - Task completed > TaskHandler[id: 3; name: revertFile (2); status: COMPLETED; exit: 0; error: -; workDir: /input/data/work/14/685a442bebcb68d1bab5732fff2fd9]
Jan-16 15:00:51.951 [Task monitor] DEBUG n.processor.TaskPollingMonitor - Task completed > TaskHandler[id: 13; name: revertFile (12); status: COMPLETED; exit: 0; error: -; workDir: /input/data/work/f7/94ce1c0860e87df6916544fd8f60b6]
Jan-16 15:00:51.984 [Task monitor] DEBUG n.processor.TaskPollingMonitor - Task completed > TaskHandler[id: 15; name: revertFile (14); status: COMPLETED; exit: 0; error: -; workDir: /input/data/work/ff/39cbb24dd55fe91a5582c1d1554b18]
Jan-16 15:00:52.019 [Task monitor] DEBUG n.processor.TaskPollingMonitor - Task completed > TaskHandler[id: 35; name: revertFile (34); status: COMPLETED; exit: 0; error: -; workDir: /input/data/work/4d/038deaa94ab76c0f4f8cde90ae0494]
Jan-16 15:01:26.958 [Task monitor] DEBUG n.processor.TaskPollingMonitor - Task completed > TaskHandler[id: 38; name: revertFile (37); status: COMPLETED; exit: 0; error: -; workDir: /input/data/work/0e/e2cfb4cda724abe01ebc8c4039fd84]
Jan-16 15:01:26.997 [Task monitor] DEBUG n.processor.TaskPollingMonitor - Task completed > TaskHandler[id: 36; name: revertFile (35); status: COMPLETED; exit: 0; error: -; workDir: /input/data/work/c1/29b1cf3cadd6399e68686c1993d979]
Jan-16 15:01:27.031 [Task monitor] DEBUG n.processor.TaskPollingMonitor - Task completed > TaskHandler[id: 39; name: revertFile (38); status: COMPLETED; exit: 0; error: -; workDir: /input/data/work/04/810f62025f999fccc384f1f46a0f1a]
Jan-16 15:02:01.957 [Task monitor] DEBUG n.processor.TaskPollingMonitor - Task completed > TaskHandler[id: 37; name: revertFile (36); status: COMPLETED; exit: 0; error: -; workDir: /input/data/work/ec/2717cf63f47ac045b129f608b4c92f]
Jan-16 15:02:01.994 [Task monitor] DEBUG n.processor.TaskPollingMonitor - Task completed > TaskHandler[id: 40; name: revertFile (39); status: COMPLETED; exit: 0; error: -; workDir: /input/data/work/2d/cfaa0ff9a4fb8de7e4099d5f994761]
Jan-16 15:02:02.033 [Task monitor] DEBUG n.processor.TaskPollingMonitor - Task completed > TaskHandler[id: 43; name: revertFile (42); status: COMPLETED; exit: 0; error: -; workDir: /input/data/work/0e/76337c184c7eaae1499939b283058b]
Jan-16 15:02:36.959 [Task monitor] DEBUG n.processor.TaskPollingMonitor - Task completed > TaskHandler[id: 47; name: revertFile (46); status: COMPLETED; exit: 0; error: -; workDir: /input/data/work/22/2ffb6f8956b8f637b8b1387dbf9651]
Jan-16 15:02:36.997 [Task monitor] DEBUG n.processor.TaskPollingMonitor - Task completed > TaskHandler[id: 62; name: revertFile (61); status: COMPLETED; exit: 0; error: -; workDir: /input/data/work/14/eed05d4f4171cc513f50baa6140737]
Jan-16 15:02:37.036 [Task monitor] DEBUG n.processor.TaskPollingMonitor - Task completed > TaskHandler[id: 65; name: revertFile (64); status: COMPLETED; exit: 0; error: -; workDir: /input/data/work/78/47bd5f4cf9c1dda7205490e83faa99]
Jan-16 15:03:11.966 [Task monitor] DEBUG n.processor.TaskPollingMonitor - Task completed > TaskHandler[id: 72; name: revertFile (71); status: COMPLETED; exit: 0; error: -; workDir: /input/data/work/f4/8ff9806109b1e2ccd508a58cd49682]
Jan-16 15:03:12.004 [Task monitor] DEBUG n.processor.TaskPollingMonitor - Task completed > TaskHandler[id: 41; name: revertFile (40); status: COMPLETED; exit: 0; error: -; workDir: /input/data/work/30/a82ec5fdf032c0ea9f81acd0ae45e3]
Jan-16 15:03:12.043 [Task monitor] DEBUG n.processor.TaskPollingMonitor - Task completed > TaskHandler[id: 44; name: revertFile (43); status: COMPLETED; exit: 0; error: -; workDir: /input/data/work/ad/58f4c1d3af15cfc92f98c564ab8b72]
Jan-16 15:03:16.927 [Task monitor] DEBUG n.processor.TaskPollingMonitor - !! executor k8s > tasks to be completed: 52 -- submitted tasks are shown below
~> TaskHandler[id: 42; name: revertFile (41); status: SUBMITTED; exit: -; error: -; workDir: /input/data/work/6b/21a62036bb767450a2eb657cfb170d]
~> TaskHandler[id: 48; name: revertFile (47); status: SUBMITTED; exit: -; error: -; workDir: /input/data/work/6c/7fdee6f767596573210c478d820873]
~> TaskHandler[id: 79; name: revertFile (78); status: SUBMITTED; exit: -; error: -; workDir: /input/data/work/e4/24868374e647e73d5d2055709698a6]
~> TaskHandler[id: 45; name: revertFile (44); status: SUBMITTED; exit: -; error: -; workDir: /input/data/work/27/20db217395bf819f4102997c800211]
~> TaskHandler[id: 80; name: revertFile (79); status: SUBMITTED; exit: -; error: -; workDir: /input/data/work/d1/46f410fe4ce16b77b0a3cadf540935]
~> TaskHandler[id: 81; name: revertFile (80); status: SUBMITTED; exit: -; error: -; workDir: /input/data/work/ec/e5aff4e667ba9580979984d3be749b]
~> TaskHandler[id: 52; name: revertFile (51); status: SUBMITTED; exit: -; error: -; workDir: /input/data/work/99/00e5c7950700fce82fe4803cfbf4a3]
~> TaskHandler[id: 82; name: revertFile (81); status: SUBMITTED; exit: -; error: -; workDir: /input/data/work/99/e88d0eee3a7cfb84cdd5f7be6b806a]
~> TaskHandler[id: 46; name: revertFile (45); status: SUBMITTED; exit: -; error: -; workDir: /input/data/work/a2/fe04874b31bf929f7ef3d2f38e47f2]
~> TaskHandler[id: 49; name: revertFile (48); status: SUBMITTED; exit: -; error: -; workDir: /input/data/work/e7/9e6f1415d1140d2d1fa0a4afdc1f13]
.. remaining tasks omitted.
Jan-16 15:03:46.961 [Task monitor] DEBUG n.processor.TaskPollingMonitor - Task completed > TaskHandler[id: 42; name: revertFile (41); status: COMPLETED; exit: 0; error: -; workDir: /input/data/work/6b/21a62036bb767450a2eb657cfb170d]
Jan-16 15:03:46.998 [Task monitor] DEBUG n.processor.TaskPollingMonitor - Task completed > TaskHandler[id: 48; name: revertFile (47); status: COMPLETED; exit: 0; error: -; workDir: /input/data/work/6c/7fdee6f767596573210c478d820873]
Jan-16 15:03:47.037 [Task monitor] DEBUG n.processor.TaskPollingMonitor - Task completed > TaskHandler[id: 79; name: revertFile (78); status: COMPLETED; exit: 0; error: -; workDir: /input/data/work/e4/24868374e647e73d5d2055709698a6]
Jan-16 15:04:21.962 [Task monitor] DEBUG n.processor.TaskPollingMonitor - Task completed > TaskHandler[id: 45; name: revertFile (44); status: COMPLETED; exit: 0; error: -; workDir: /input/data/work/27/20db217395bf819f4102997c800211]
Jan-16 15:04:22.003 [Task monitor] DEBUG n.processor.TaskPollingMonitor - Task completed > TaskHandler[id: 80; name: revertFile (79); status: COMPLETED; exit: 0; error: -; workDir: /input/data/work/d1/46f410fe4ce16b77b0a3cadf540935]
Jan-16 15:04:22.040 [Task monitor] DEBUG n.processor.TaskPollingMonitor - Task completed > TaskHandler[id: 81; name: revertFile (80); status: COMPLETED; exit: 0; error: -; workDir: /input/data/work/ec/e5aff4e667ba9580979984d3be749b]
Jan-16 15:04:56.966 [Task monitor] DEBUG n.processor.TaskPollingMonitor - Task completed > TaskHandler[id: 52; name: revertFile (51); status: COMPLETED; exit: 0; error: -; workDir: /input/data/work/99/00e5c7950700fce82fe4803cfbf4a3]
Jan-16 15:04:57.003 [Task monitor] DEBUG n.processor.TaskPollingMonitor - Task completed > TaskHandler[id: 82; name: revertFile (81); status: COMPLETED; exit: 0; error: -; workDir: /input/data/work/99/e88d0eee3a7cfb84cdd5f7be6b806a]
Jan-16 15:04:57.043 [Task monitor] DEBUG n.processor.TaskPollingMonitor - Task completed > TaskHandler[id: 46; name: revertFile (45); status: COMPLETED; exit: 0; error: -; workDir: /input/data/work/a2/fe04874b31bf929f7ef3d2f38e47f2]
Jan-16 15:05:31.966 [Task monitor] DEBUG n.processor.TaskPollingMonitor - Task completed > TaskHandler[id: 49; name: revertFile (48); status: COMPLETED; exit: 0; error: -; workDir: /input/data/work/e7/9e6f1415d1140d2d1fa0a4afdc1f13]
Jan-16 15:05:32.000 [Task monitor] DEBUG n.processor.TaskPollingMonitor - Task completed > TaskHandler[id: 84; name: revertFile (83); status: COMPLETED; exit: 0; error: -; workDir: /input/data/work/41/ff9ec5bdf1a1d3a17c496e1e3c89d7]
Jan-16 15:05:32.043 [Task monitor] DEBUG n.processor.TaskPollingMonitor - Task completed > TaskHandler[id: 86; name: revertFile (85); status: COMPLETED; exit: 0; error: -; workDir: /input/data/work/c1/531313fe8f00687c58078614cc26c8]
Jan-16 15:06:06.967 [Task monitor] DEBUG n.processor.TaskPollingMonitor - Task completed > TaskHandler[id: 87; name: revertFile (86); status: COMPLETED; exit: 0; error: -; workDir: /input/data/work/e8/8b0f16a2f3ed8b2eea04deac9b5f44]
Jan-16 15:06:07.001 [Task monitor] DEBUG n.processor.TaskPollingMonitor - Task completed > TaskHandler[id: 54; name: revertFile (53); status: COMPLETED; exit: 0; error: -; workDir: /input/data/work/80/2159710eb35e0094b0167201dda7fc]
Jan-16 15:06:07.034 [Task monitor] DEBUG n.processor.TaskPollingMonitor - Task completed > TaskHandler[id: 63; name: revertFile (62); status: COMPLETED; exit: 0; error: -; workDir: /input/data/work/24/c47d06625ac02182a6ccba8606e6cb]
Jan-16 15:06:41.967 [Task monitor] DEBUG n.processor.TaskPollingMonitor - Task completed > TaskHandler[id: 88; name: revertFile (87); status: COMPLETED; exit: 0; error: -; workDir: /input/data/work/04/2e1ecfe248d6d1d4d6fad359245d0e]
Jan-16 15:06:42.001 [Task monitor] DEBUG n.processor.TaskPollingMonitor - Task completed > TaskHandler[id: 68; name: revertFile (67); status: COMPLETED; exit: 0; error: -; workDir: /input/data/work/50/12362114bce8ee521a3f4a0d174a0f]
Jan-16 15:06:42.039 [Task monitor] DEBUG n.processor.TaskPollingMonitor - Task completed > TaskHandler[id: 89; name: revertFile (88); status: COMPLETED; exit: 0; error: -; workDir: /input/data/work/ad/c3b510d98abfb49087535a80f87ca2]
Jan-16 15:07:16.972 [Task monitor] DEBUG n.processor.TaskPollingMonitor - Task completed > TaskHandler[id: 90; name: revertFile (89); status: COMPLETED; exit: 0; error: -; workDir: /input/data/work/e8/8c9b9fa4546332edb5e3969e2a4a84]
Jan-16 15:07:17.011 [Task monitor] DEBUG n.processor.TaskPollingMonitor - Task completed > TaskHandler[id: 64; name: revertFile (63); status: COMPLETED; exit: 0; error: -; workDir: /input/data/work/8d/9afcd83c705fe73328fc2397946dff]
Jan-16 15:07:17.051 [Task monitor] DEBUG n.processor.TaskPollingMonitor - Task completed > TaskHandler[id: 91; name: revertFile (90); status: COMPLETED; exit: 0; error: -; workDir: /input/data/work/cf/17a552da92b045537ba2bb27f51600]
Jan-16 15:07:51.977 [Task monitor] DEBUG n.processor.TaskPollingMonitor - Task completed > TaskHandler[id: 51; name: revertFile (50); status: COMPLETED; exit: 0; error: -; workDir: /input/data/work/8a/7204c4d72d43048e8e7bd0a1b576eb]
Jan-16 15:07:52.015 [Task monitor] DEBUG n.processor.TaskPollingMonitor - Task completed > TaskHandler[id: 60; name: revertFile (59); status: COMPLETED; exit: 0; error: -; workDir: /input/data/work/4c/165237c63c87021225c0c984070de7]
Jan-16 15:07:52.050 [Task monitor] DEBUG n.processor.TaskPollingMonitor - Task completed > TaskHandler[id: 61; name: revertFile (60); status: COMPLETED; exit: 0; error: -; workDir: /input/data/work/20/d3a60e8f76f3ef7f7772e2901aa53d]
Jan-16 15:08:16.941 [Task monitor] DEBUG n.processor.TaskPollingMonitor - !! executor k8s > tasks to be completed: 28 -- submitted tasks are shown below
~> TaskHandler[id: 96; name: revertFile (95); status: RUNNING; exit: -; error: -; workDir: /input/data/work/27/7d99f11a9059dc98c64ded262f5530]
~> TaskHandler[id: 56; name: revertFile (55); status: RUNNING; exit: -; error: -; workDir: /input/data/work/fe/85f77191082c36e3ec9ae1316b465a]
~> TaskHandler[id: 98; name: revertFile (97); status: RUNNING; exit: -; error: -; workDir: /input/data/work/8a/2462b54632d8b8e2fe113dbbf6c261]
~> TaskHandler[id: 100; name: revertFile (99); status: SUBMITTED; exit: -; error: -; workDir: /input/data/work/50/6d88cf2f6d73dc65143997e35b34bf]
~> TaskHandler[id: 58; name: revertFile (57); status: SUBMITTED; exit: -; error: -; workDir: /input/data/work/ac/dfabb5625af8fe6c0ae5ea5009b593]
~> TaskHandler[id: 55; name: revertFile (54); status: SUBMITTED; exit: -; error: -; workDir: /input/data/work/2f/21c7b9e7a99c8571e96022bd2086e6]
~> TaskHandler[id: 73; name: revertFile (72); status: SUBMITTED; exit: -; error: -; workDir: /input/data/work/eb/2cdfd82e741cc89babda2a76371529]
~> TaskHandler[id: 67; name: revertFile (66); status: SUBMITTED; exit: -; error: -; workDir: /input/data/work/e3/862d476187d3f384b4c844def6798a]
~> TaskHandler[id: 69; name: revertFile (68); status: SUBMITTED; exit: -; error: -; workDir: /input/data/work/db/ac687b60b5b0ef1ca7f54ea87f48d9]
~> TaskHandler[id: 70; name: revertFile (69); status: SUBMITTED; exit: -; error: -; workDir: /input/data/work/a7/2dc04debf56e917a7ccdbc0feb9b4a]
.. remaining tasks omitted.
Jan-16 15:08:26.980 [Task monitor] DEBUG n.processor.TaskPollingMonitor - Task completed > TaskHandler[id: 96; name: revertFile (95); status: COMPLETED; exit: 0; error: -; workDir: /input/data/work/27/7d99f11a9059dc98c64ded262f5530]
Jan-16 15:08:27.017 [Task monitor] DEBUG n.processor.TaskPollingMonitor - Task completed > TaskHandler[id: 56; name: revertFile (55); status: COMPLETED; exit: 0; error: -; workDir: /input/data/work/fe/85f77191082c36e3ec9ae1316b465a]
Jan-16 15:08:27.055 [Task monitor] DEBUG n.processor.TaskPollingMonitor - Task completed > TaskHandler[id: 98; name: revertFile (97); status: COMPLETED; exit: 0; error: -; workDir: /input/data/work/8a/2462b54632d8b8e2fe113dbbf6c261]
Jan-16 15:09:01.982 [Task monitor] DEBUG n.processor.TaskPollingMonitor - Task completed > TaskHandler[id: 100; name: revertFile (99); status: COMPLETED; exit: 0; error: -; workDir: /input/data/work/50/6d88cf2f6d73dc65143997e35b34bf]
Jan-16 15:09:02.019 [Task monitor] DEBUG n.processor.TaskPollingMonitor - Task completed > TaskHandler[id: 58; name: revertFile (57); status: COMPLETED; exit: 0; error: -; workDir: /input/data/work/ac/dfabb5625af8fe6c0ae5ea5009b593]
Jan-16 15:09:02.056 [Task monitor] DEBUG n.processor.TaskPollingMonitor - Task completed > TaskHandler[id: 55; name: revertFile (54); status: COMPLETED; exit: 0; error: -; workDir: /input/data/work/2f/21c7b9e7a99c8571e96022bd2086e6]
Jan-16 15:09:36.984 [Task monitor] DEBUG n.processor.TaskPollingMonitor - Task completed > TaskHandler[id: 73; name: revertFile (72); status: COMPLETED; exit: 0; error: -; workDir: /input/data/work/eb/2cdfd82e741cc89babda2a76371529]
Jan-16 15:09:37.021 [Task monitor] DEBUG n.processor.TaskPollingMonitor - Task completed > TaskHandler[id: 67; name: revertFile (66); status: COMPLETED; exit: 0; error: -; workDir: /input/data/work/e3/862d476187d3f384b4c844def6798a]
Jan-16 15:09:37.058 [Task monitor] DEBUG n.processor.TaskPollingMonitor - Task completed > TaskHandler[id: 69; name: revertFile (68); status: COMPLETED; exit: 0; error: -; workDir: /input/data/work/db/ac687b60b5b0ef1ca7f54ea87f48d9]
Jan-16 15:10:11.982 [Task monitor] DEBUG n.processor.TaskPollingMonitor - Task completed > TaskHandler[id: 70; name: revertFile (69); status: COMPLETED; exit: 0; error: -; workDir: /input/data/work/a7/2dc04debf56e917a7ccdbc0feb9b4a]
Jan-16 15:10:12.017 [Task monitor] DEBUG n.processor.TaskPollingMonitor - Task completed > TaskHandler[id: 66; name: revertFile (65); status: COMPLETED; exit: 0; error: -; workDir: /input/data/work/56/fe0d2ea86c17ab70e003797ed23e31]
Jan-16 15:10:12.054 [Task monitor] DEBUG n.processor.TaskPollingMonitor - Task completed > TaskHandler[id: 57; name: revertFile (56); status: COMPLETED; exit: 0; error: -; workDir: /input/data/work/1a/a9c97b7def7468ae2d2863e16bc674]
Jan-16 15:10:46.982 [Task monitor] DEBUG n.processor.TaskPollingMonitor - Task completed > TaskHandler[id: 59; name: revertFile (58); status: COMPLETED; exit: 0; error: -; workDir: /input/data/work/10/ae6b6997d577f608b27bdd03686ab2]
Jan-16 15:10:47.018 [Task monitor] DEBUG n.processor.TaskPollingMonitor - Task completed > TaskHandler[id: 75; name: revertFile (74); status: COMPLETED; exit: 0; error: -; workDir: /input/data/work/d7/f5a8d9dff40b93dfd5aea4d92dfec7]
Jan-16 15:10:47.059 [Task monitor] DEBUG n.processor.TaskPollingMonitor - Task completed > TaskHandler[id: 74; name: revertFile (73); status: COMPLETED; exit: 0; error: -; workDir: /input/data/work/2a/bf8d6ec72e49be6338882bfb1bebdd]
Jan-16 15:11:21.981 [Task monitor] DEBUG n.processor.TaskPollingMonitor - Task completed > TaskHandler[id: 93; name: revertFile (92); status: COMPLETED; exit: 0; error: -; workDir: /input/data/work/f6/afdedcbbe696f0ff93c1f97c64dbad]
Jan-16 15:11:22.014 [Task monitor] DEBUG n.processor.TaskPollingMonitor - Task completed > TaskHandler[id: 101; name: revertFile (100); status: COMPLETED; exit: 0; error: -; workDir: /input/data/work/c3/9614c6181fc63f0c8b7f4d9810d7ed]
Jan-16 15:11:22.052 [Task monitor] DEBUG n.processor.TaskPollingMonitor - Task completed > TaskHandler[id: 95; name: revertFile (94); status: COMPLETED; exit: 0; error: -; workDir: /input/data/work/61/bf276a3690bc86838012db0b3bafa6]
Jan-16 15:11:56.984 [Task monitor] DEBUG n.processor.TaskPollingMonitor - Task completed > TaskHandler[id: 78; name: revertFile (77); status: COMPLETED; exit: 0; error: -; workDir: /input/data/work/1b/a177e953374bb9ce9a9ce918278034]
Jan-16 15:11:57.016 [Task monitor] DEBUG n.processor.TaskPollingMonitor - Task completed > TaskHandler[id: 77; name: revertFile (76); status: COMPLETED; exit: 0; error: -; workDir: /input/data/work/88/1ee6d6333dc64d966007182a4aff5f]
Jan-16 15:11:57.050 [Task monitor] DEBUG n.processor.TaskPollingMonitor - Task completed > TaskHandler[id: 94; name: revertFile (93); status: COMPLETED; exit: 0; error: -; workDir: /input/data/work/a9/f6bbcb13073a2db00a2e4173f49f2b]
Jan-16 15:12:31.987 [Task monitor] DEBUG n.processor.TaskPollingMonitor - Task completed > TaskHandler[id: 92; name: revertFile (91); status: COMPLETED; exit: 0; error: -; workDir: /input/data/work/1c/b1bc9ede4f8ccbf3d55a553cd4c5cc]
Jan-16 15:12:32.024 [Task monitor] DEBUG n.processor.TaskPollingMonitor - Task completed > TaskHandler[id: 71; name: revertFile (70); status: COMPLETED; exit: 0; error: -; workDir: /input/data/work/bd/9b60a44b7ecfc0178ec8278599bd71]
Jan-16 15:12:32.064 [Task monitor] DEBUG n.processor.TaskPollingMonitor - Task completed > TaskHandler[id: 85; name: revertFile (84); status: COMPLETED; exit: 0; error: -; workDir: /input/data/work/1b/a36659f9a97a40ec6c197eee7bce7b]
Jan-16 15:13:06.990 [Task monitor] DEBUG n.processor.TaskPollingMonitor - Task completed > TaskHandler[id: 76; name: revertFile (75); status: COMPLETED; exit: 0; error: -; workDir: /input/data/work/34/358243573db309357b91dd102a3f96]
Jan-16 15:13:07.026 [Task monitor] DEBUG n.processor.TaskPollingMonitor - Task completed > TaskHandler[id: 99; name: revertFile (98); status: COMPLETED; exit: 0; error: -; workDir: /input/data/work/17/035d863153a6c8552b31abbad60e35]
Jan-16 15:13:07.066 [Task monitor] DEBUG n.processor.TaskPollingMonitor - Task completed > TaskHandler[id: 97; name: revertFile (96); status: COMPLETED; exit: 0; error: -; workDir: /input/data/work/62/dfa34b6494be3f05833b25ead9cf98]
Jan-16 15:13:16.953 [Task monitor] DEBUG n.processor.TaskPollingMonitor - !! executor k8s > tasks to be completed: 1 -- submitted tasks are shown below
~> TaskHandler[id: 83; name: revertFile (82); status: RUNNING; exit: -; error: -; workDir: /input/data/work/44/3348359a0b1d23282151784bef053a]
Jan-16 15:13:26.992 [Task monitor] DEBUG n.processor.TaskPollingMonitor - Task completed > TaskHandler[id: 83; name: revertFile (82); status: COMPLETED; exit: 0; error: -; workDir: /input/data/work/44/3348359a0b1d23282151784bef053a]
Jan-16 15:13:26.997 [main] DEBUG nextflow.Session - Session await > all processes finished
Jan-16 15:13:26.998 [main] DEBUG nextflow.Session - Session await > all barriers passed
Jan-16 15:13:27.013 [main] DEBUG n.trace.WorkflowStatsObserver - Workflow completed > WorkflowStats[succeededCount=101; failedCount=0; ignoredCount=0; cachedCount=0; pendingCount=0; submittedCount=0; runningCount=0; retriesCount=0; abortedCount=0; succeedDuration=1h 41m 2s; failedDuration=0ms; cachedDuration=0ms;loadCpus=0; loadMemory=0; peakRunning=3; peakCpus=30; peakMemory=30 GB; ]
Jan-16 15:13:27.013 [main] DEBUG nextflow.trace.TraceFileObserver - Workflow completed -- saving trace file
Jan-16 15:13:27.016 [main] DEBUG nextflow.trace.ReportObserver - Workflow completed -- rendering execution report
Jan-16 15:13:27.623 [main] DEBUG nextflow.trace.TimelineObserver - Workflow completed -- rendering execution timeline
Jan-16 15:13:27.776 [main] DEBUG nextflow.cache.CacheDB - Closing CacheDB done
Jan-16 15:13:27.804 [main] DEBUG nextflow.util.ThreadPoolManager - Thread pool 'FileTransfer' shutdown completed (hard=false)
Jan-16 15:13:27.804 [main] DEBUG nextflow.script.ScriptRunner - > Execution complete -- Goodbye
