Jan-07 20:59:32.875 [main] DEBUG nextflow.cli.Launcher - $> nextflow run /input/allIntoOne -c /experiments/experiment/allIntoOne/nextflow.config -c /experiments/experiment/nextflow_la.config -c /experiments/experiment/nextflow_nfs.config
Jan-07 20:59:32.931 [main] INFO  nextflow.cli.CmdRun - N E X T F L O W  ~  version 23.07.0-edge
Jan-07 20:59:32.948 [main] DEBUG nextflow.plugin.PluginsFacade - Setting up plugin manager > mode=prod; embedded=false; plugins-dir=/.nextflow/plugins; core-plugins: nf-amazon@2.1.0,nf-azure@1.1.4,nf-cloudcache@0.1.0,nf-codecommit@0.1.5,nf-console@1.0.6,nf-ga4gh@1.1.0,nf-google@1.8.1,nf-tower@1.5.15,nf-wave@0.11.0
Jan-07 20:59:32.956 [main] INFO  o.pf4j.DefaultPluginStatusProvider - Enabled plugins: []
Jan-07 20:59:32.957 [main] INFO  o.pf4j.DefaultPluginStatusProvider - Disabled plugins: []
Jan-07 20:59:32.959 [main] INFO  org.pf4j.DefaultPluginManager - PF4J version 3.4.1 in 'deployment' mode
Jan-07 20:59:32.966 [main] INFO  org.pf4j.AbstractPluginManager - No plugins
Jan-07 20:59:32.984 [main] DEBUG nextflow.scm.AssetManager - Project manifest does not exist: /input/allIntoOne/nextflow.config (No such file or directory)
Jan-07 20:59:33.004 [main] DEBUG nextflow.config.ConfigBuilder - User config file: /experiments/experiment/allIntoOne/nextflow.config
Jan-07 20:59:33.004 [main] DEBUG nextflow.config.ConfigBuilder - User config file: /experiments/experiment/nextflow_la.config
Jan-07 20:59:33.004 [main] DEBUG nextflow.config.ConfigBuilder - User config file: /experiments/experiment/nextflow_nfs.config
Jan-07 20:59:33.005 [main] DEBUG nextflow.config.ConfigBuilder - Parsing config file: /experiments/experiment/allIntoOne/nextflow.config
Jan-07 20:59:33.005 [main] DEBUG nextflow.config.ConfigBuilder - Parsing config file: /experiments/experiment/nextflow_la.config
Jan-07 20:59:33.005 [main] DEBUG nextflow.config.ConfigBuilder - Parsing config file: /experiments/experiment/nextflow_nfs.config
Jan-07 20:59:33.019 [main] DEBUG nextflow.config.ConfigBuilder - Applying config profile: `standard`
Jan-07 20:59:33.510 [main] DEBUG nextflow.config.ConfigBuilder - Applying config profile: `standard`
Jan-07 20:59:33.661 [main] DEBUG nextflow.config.ConfigBuilder - Applying config profile: `standard`
Jan-07 20:59:33.687 [main] DEBUG nextflow.cli.CmdRun - Applied DSL=2 by global default
Jan-07 20:59:33.699 [main] INFO  nextflow.cli.CmdRun - Launching `/input/allIntoOne/main.nf` [astonishing_snyder] DSL2 - revision: f2e677d52d
Jan-07 20:59:33.700 [main] DEBUG nextflow.plugin.PluginsFacade - Plugins default=[]
Jan-07 20:59:33.701 [main] DEBUG nextflow.plugin.PluginsFacade - Plugins resolved requirement=[]
Jan-07 20:59:33.712 [main] DEBUG n.secret.LocalSecretsProvider - Secrets store: /.nextflow/secrets/store.json
Jan-07 20:59:33.715 [main] DEBUG nextflow.secret.SecretsLoader - Discovered secrets providers: [nextflow.secret.LocalSecretsProvider@1d12e953] - activable => nextflow.secret.LocalSecretsProvider@1d12e953
Jan-07 20:59:33.773 [main] DEBUG nextflow.Session - Session UUID: 979972f6-4ab0-46b9-94c6-cfc03e988886
Jan-07 20:59:33.773 [main] DEBUG nextflow.Session - Run name: astonishing_snyder
Jan-07 20:59:33.774 [main] DEBUG nextflow.Session - Executor pool size: 32
Jan-07 20:59:33.779 [main] DEBUG nextflow.file.FilePorter - File porter settings maxRetries=3; maxTransfers=50; pollTimeout=null
Jan-07 20:59:33.782 [main] DEBUG nextflow.util.ThreadPoolBuilder - Creating thread pool 'FileTransfer' minSize=10; maxSize=96; workQueue=LinkedBlockingQueue[10000]; allowCoreThreadTimeout=false
Jan-07 20:59:33.812 [main] DEBUG nextflow.cli.CmdRun - 
  Version: 23.07.0-edge build 5875
  Created: 28-07-2023 20:27 UTC (20:27 GMT)
  System: Linux 5.4.0-169-generic
  Runtime: Groovy 3.0.18 on OpenJDK 64-Bit Server VM 17.0.6+10-LTS
  Encoding: UTF-8 (UTF-8)
  Process: 1584794@nextflow [10.233.76.53]
  CPUs: 32 - Mem: 125.7 GB (122.1 GB) - Swap: 0 (0)
Jan-07 20:59:33.851 [main] DEBUG nextflow.Session - Work-dir: /input/data/work [nfs]
Jan-07 20:59:33.852 [main] DEBUG nextflow.Session - Script base path does not exist or is not a directory: /input/allIntoOne/bin
Jan-07 20:59:33.860 [main] DEBUG nextflow.executor.ExecutorFactory - Extension executors providers=[]
Jan-07 20:59:33.866 [main] DEBUG nextflow.Session - Observer factory: DefaultObserverFactory
Jan-07 20:59:33.894 [main] DEBUG nextflow.cache.CacheFactory - Using Nextflow cache factory: nextflow.cache.DefaultCacheFactory
Jan-07 20:59:33.901 [main] DEBUG nextflow.util.CustomThreadPool - Creating default thread pool > poolSize: 33; maxThreads: 1000
Jan-07 20:59:33.991 [main] DEBUG nextflow.Session - Session start
Jan-07 20:59:33.995 [main] DEBUG nextflow.trace.TraceFileObserver - Workflow started -- trace file: /input/data/output/trace.csv
Jan-07 20:59:34.149 [main] DEBUG nextflow.script.ScriptRunner - > Launching execution
Jan-07 20:59:34.371 [main] DEBUG nextflow.script.ProcessConfig - Config settings `withName:writeLargeFile` matches process writeLargeFile
Jan-07 20:59:34.381 [main] DEBUG nextflow.executor.ExecutorFactory - << taskConfig executor: k8s
Jan-07 20:59:34.381 [main] DEBUG nextflow.executor.ExecutorFactory - >> processorType: 'k8s'
Jan-07 20:59:34.389 [main] DEBUG nextflow.executor.Executor - [warm up] executor > k8s
Jan-07 20:59:34.405 [main] DEBUG n.processor.TaskPollingMonitor - Creating task monitor for executor 'k8s' > capacity: 300; pollInterval: 5s; dumpInterval: 5m; schedulerBatch: null
Jan-07 20:59:34.410 [main] DEBUG nextflow.k8s.client.ConfigDiscovery - K8s config file does not exist: /root/.kube/config
Jan-07 20:59:34.420 [main] DEBUG nextflow.k8s.K8sExecutor - [K8s] config=[localPath:/localdata, localStorageMountPath:/localdata, scheduler:[strategy:LAv2, name:workflow-scheduler, autoClose:false, nodeSelector:usedby=anonymized, container:anonymized/test1:sch_v194], storage:[type:copy, workdir:/localdata/localwork/, nodeSelector:usedby=anonymized, imageName:anonymized/test1:ftp_v122], debug:[yaml:true], namespace:anonymized, serviceAccount:nextflow, workDir:/input/data/work/, projectDir:/input/data/project/, imagePullPolicy:IfNotPresent, launchDir:/input/data/launch/, runAsUser:0, fetchNodeName:true, storageMountPath:/input, pod:[nodeSelector:usedby=anonymized], storageClaimName:nfs-experiment]; API client config=ClientConfig[ server=10.233.0.1:443, namespace=anonymized, serviceAccount=nextflow, token=eyJhbGciOiJ.., sslCert=LS0tLS1CRUd.., clientCert=-, clientKey=-, verifySsl=false, fromFile=true, httpReadTimeout=null, httpConnectTimeout=null, maxErrorRetry=4 ]
Jan-07 20:59:34.860 [main] DEBUG nextflow.k8s.K8sExecutor - Created K8s configMap with name: nf-get-stat-41cac373
Jan-07 20:59:35.632 [main] DEBUG nextflow.script.ProcessConfig - Config settings `withName:combineFiles` matches process combineFiles
Jan-07 20:59:35.634 [main] DEBUG nextflow.executor.ExecutorFactory - << taskConfig executor: k8s
Jan-07 20:59:35.634 [main] DEBUG nextflow.executor.ExecutorFactory - >> processorType: 'k8s'
Jan-07 20:59:35.649 [main] DEBUG nextflow.Session - Workflow process names [dsl2]: revertFile, combineFiles, writeLargeFile
Jan-07 20:59:35.650 [main] DEBUG nextflow.Session - Igniting dataflow network (3)
Jan-07 20:59:35.652 [main] DEBUG nextflow.processor.TaskProcessor - Starting process > writeLargeFile
Jan-07 20:59:35.653 [main] DEBUG nextflow.processor.TaskProcessor - Starting process > combineFiles
Jan-07 20:59:35.654 [main] DEBUG nextflow.script.ScriptRunner - > Awaiting termination 
Jan-07 20:59:35.654 [main] DEBUG nextflow.Session - Session await
Jan-07 20:59:35.957 [Task submitter] INFO  nextflow.Session - [53/85e0c5] Submitted process > writeLargeFile (21)
Jan-07 20:59:36.011 [Task submitter] INFO  nextflow.Session - [ec/924d16] Submitted process > writeLargeFile (22)
Jan-07 20:59:36.057 [Task submitter] INFO  nextflow.Session - [a7/ea2893] Submitted process > writeLargeFile (10)
Jan-07 20:59:36.097 [Task submitter] INFO  nextflow.Session - [56/f51cc2] Submitted process > writeLargeFile (25)
Jan-07 20:59:36.138 [Task submitter] INFO  nextflow.Session - [0d/8bcf0e] Submitted process > writeLargeFile (1)
Jan-07 20:59:36.178 [Task submitter] INFO  nextflow.Session - [87/730ead] Submitted process > writeLargeFile (11)
Jan-07 20:59:36.220 [Task submitter] INFO  nextflow.Session - [3a/043a77] Submitted process > writeLargeFile (20)
Jan-07 20:59:36.261 [Task submitter] INFO  nextflow.Session - [d8/43f83a] Submitted process > writeLargeFile (4)
Jan-07 20:59:36.301 [Task submitter] INFO  nextflow.Session - [ca/2b22bb] Submitted process > writeLargeFile (28)
Jan-07 20:59:36.339 [Task submitter] INFO  nextflow.Session - [8a/8c51cd] Submitted process > writeLargeFile (6)
Jan-07 20:59:36.378 [Task submitter] INFO  nextflow.Session - [3d/feb3e9] Submitted process > writeLargeFile (23)
Jan-07 20:59:36.416 [Task submitter] INFO  nextflow.Session - [9c/49f177] Submitted process > writeLargeFile (19)
Jan-07 20:59:36.455 [Task submitter] INFO  nextflow.Session - [ed/7decab] Submitted process > writeLargeFile (32)
Jan-07 20:59:36.492 [Task submitter] INFO  nextflow.Session - [d2/995054] Submitted process > writeLargeFile (29)
Jan-07 20:59:36.551 [Task submitter] INFO  nextflow.Session - [8c/fb381b] Submitted process > writeLargeFile (16)
Jan-07 20:59:36.597 [Task submitter] INFO  nextflow.Session - [9f/df645d] Submitted process > writeLargeFile (8)
Jan-07 20:59:36.637 [Task submitter] INFO  nextflow.Session - [49/7be502] Submitted process > writeLargeFile (18)
Jan-07 20:59:36.674 [Task submitter] INFO  nextflow.Session - [24/5c811f] Submitted process > writeLargeFile (7)
Jan-07 20:59:36.711 [Task submitter] INFO  nextflow.Session - [40/756c4e] Submitted process > writeLargeFile (12)
Jan-07 20:59:36.749 [Task submitter] INFO  nextflow.Session - [7e/59ccd6] Submitted process > writeLargeFile (2)
Jan-07 20:59:36.788 [Task submitter] INFO  nextflow.Session - [62/e7aeef] Submitted process > writeLargeFile (9)
Jan-07 20:59:36.826 [Task submitter] INFO  nextflow.Session - [f4/443535] Submitted process > writeLargeFile (27)
Jan-07 20:59:36.862 [Task submitter] INFO  nextflow.Session - [1b/832999] Submitted process > writeLargeFile (26)
Jan-07 20:59:36.896 [Task submitter] INFO  nextflow.Session - [0b/861106] Submitted process > writeLargeFile (31)
Jan-07 20:59:36.933 [Task submitter] INFO  nextflow.Session - [d1/bdfa6f] Submitted process > writeLargeFile (3)
Jan-07 20:59:36.972 [Task submitter] INFO  nextflow.Session - [7f/e70a37] Submitted process > writeLargeFile (17)
Jan-07 20:59:37.010 [Task submitter] INFO  nextflow.Session - [50/f6be5a] Submitted process > writeLargeFile (5)
Jan-07 20:59:37.047 [Task submitter] INFO  nextflow.Session - [1e/0b9721] Submitted process > writeLargeFile (14)
Jan-07 20:59:37.084 [Task submitter] INFO  nextflow.Session - [33/e4f1eb] Submitted process > writeLargeFile (13)
Jan-07 20:59:37.123 [Task submitter] INFO  nextflow.Session - [8c/7419b0] Submitted process > writeLargeFile (37)
Jan-07 20:59:37.161 [Task submitter] INFO  nextflow.Session - [5f/e35e1f] Submitted process > writeLargeFile (15)
Jan-07 20:59:37.199 [Task submitter] INFO  nextflow.Session - [13/0ef826] Submitted process > writeLargeFile (24)
Jan-07 20:59:37.234 [Task submitter] INFO  nextflow.Session - [42/1d4267] Submitted process > writeLargeFile (30)
Jan-07 20:59:37.267 [Task submitter] INFO  nextflow.Session - [27/265743] Submitted process > writeLargeFile (34)
Jan-07 20:59:37.309 [Task submitter] INFO  nextflow.Session - [cb/d16c39] Submitted process > writeLargeFile (33)
Jan-07 20:59:37.346 [Task submitter] INFO  nextflow.Session - [be/dd4297] Submitted process > writeLargeFile (35)
Jan-07 20:59:37.382 [Task submitter] INFO  nextflow.Session - [60/e6e4af] Submitted process > writeLargeFile (36)
Jan-07 20:59:37.417 [Task submitter] INFO  nextflow.Session - [b3/0e01d1] Submitted process > writeLargeFile (40)
Jan-07 20:59:37.453 [Task submitter] INFO  nextflow.Session - [74/a98a55] Submitted process > writeLargeFile (39)
Jan-07 20:59:37.492 [Task submitter] INFO  nextflow.Session - [79/dcd536] Submitted process > writeLargeFile (38)
Jan-07 20:59:37.530 [Task submitter] INFO  nextflow.Session - [04/a01a14] Submitted process > writeLargeFile (46)
Jan-07 20:59:37.567 [Task submitter] INFO  nextflow.Session - [f6/558416] Submitted process > writeLargeFile (44)
Jan-07 20:59:37.601 [Task submitter] INFO  nextflow.Session - [50/3ddc90] Submitted process > writeLargeFile (53)
Jan-07 20:59:37.637 [Task submitter] INFO  nextflow.Session - [fe/648b9d] Submitted process > writeLargeFile (42)
Jan-07 20:59:37.674 [Task submitter] INFO  nextflow.Session - [fb/838fa8] Submitted process > writeLargeFile (45)
Jan-07 20:59:37.713 [Task submitter] INFO  nextflow.Session - [50/cd0b5a] Submitted process > writeLargeFile (54)
Jan-07 20:59:37.747 [Task submitter] INFO  nextflow.Session - [25/d23d0a] Submitted process > writeLargeFile (41)
Jan-07 20:59:37.783 [Task submitter] INFO  nextflow.Session - [7e/48a4dc] Submitted process > writeLargeFile (57)
Jan-07 20:59:37.819 [Task submitter] INFO  nextflow.Session - [56/0e6275] Submitted process > writeLargeFile (58)
Jan-07 20:59:37.854 [Task submitter] INFO  nextflow.Session - [fc/6899f4] Submitted process > writeLargeFile (43)
Jan-07 20:59:37.884 [Task submitter] INFO  nextflow.Session - [c2/acc1f9] Submitted process > writeLargeFile (47)
Jan-07 20:59:37.919 [Task submitter] INFO  nextflow.Session - [31/96bfdb] Submitted process > writeLargeFile (55)
Jan-07 20:59:37.954 [Task submitter] INFO  nextflow.Session - [93/b977fa] Submitted process > writeLargeFile (50)
Jan-07 20:59:37.988 [Task submitter] INFO  nextflow.Session - [69/d468e4] Submitted process > writeLargeFile (49)
Jan-07 20:59:38.023 [Task submitter] INFO  nextflow.Session - [79/26133f] Submitted process > writeLargeFile (64)
Jan-07 20:59:38.059 [Task submitter] INFO  nextflow.Session - [ef/e38a32] Submitted process > writeLargeFile (48)
Jan-07 20:59:38.095 [Task submitter] INFO  nextflow.Session - [59/ed7ea0] Submitted process > writeLargeFile (52)
Jan-07 20:59:38.130 [Task submitter] INFO  nextflow.Session - [e1/4bff51] Submitted process > writeLargeFile (51)
Jan-07 20:59:38.167 [Task submitter] INFO  nextflow.Session - [0b/12909f] Submitted process > writeLargeFile (70)
Jan-07 20:59:38.203 [Task submitter] INFO  nextflow.Session - [93/950fa0] Submitted process > writeLargeFile (68)
Jan-07 20:59:38.236 [Task submitter] INFO  nextflow.Session - [07/e4104c] Submitted process > writeLargeFile (60)
Jan-07 20:59:38.271 [Task submitter] INFO  nextflow.Session - [f4/104eb7] Submitted process > writeLargeFile (88)
Jan-07 20:59:38.306 [Task submitter] INFO  nextflow.Session - [2f/137f8b] Submitted process > writeLargeFile (59)
Jan-07 20:59:38.341 [Task submitter] INFO  nextflow.Session - [cd/9aec4d] Submitted process > writeLargeFile (56)
Jan-07 20:59:38.377 [Task submitter] INFO  nextflow.Session - [72/57d0c8] Submitted process > writeLargeFile (61)
Jan-07 20:59:38.412 [Task submitter] INFO  nextflow.Session - [60/3473c9] Submitted process > writeLargeFile (80)
Jan-07 20:59:38.444 [Task submitter] INFO  nextflow.Session - [02/d29080] Submitted process > writeLargeFile (72)
Jan-07 20:59:38.477 [Task submitter] INFO  nextflow.Session - [fc/eef09c] Submitted process > writeLargeFile (81)
Jan-07 20:59:38.511 [Task submitter] INFO  nextflow.Session - [2c/8c5617] Submitted process > writeLargeFile (63)
Jan-07 20:59:38.544 [Task submitter] INFO  nextflow.Session - [60/d9246b] Submitted process > writeLargeFile (82)
Jan-07 20:59:38.578 [Task submitter] INFO  nextflow.Session - [4a/f50320] Submitted process > writeLargeFile (66)
Jan-07 20:59:38.610 [Task submitter] INFO  nextflow.Session - [93/14e8bc] Submitted process > writeLargeFile (85)
Jan-07 20:59:38.641 [Task submitter] INFO  nextflow.Session - [97/aa8c83] Submitted process > writeLargeFile (75)
Jan-07 20:59:38.674 [Task submitter] INFO  nextflow.Session - [b9/452079] Submitted process > writeLargeFile (62)
Jan-07 20:59:38.707 [Task submitter] INFO  nextflow.Session - [0c/c5daed] Submitted process > writeLargeFile (71)
Jan-07 20:59:38.740 [Task submitter] INFO  nextflow.Session - [50/75328b] Submitted process > writeLargeFile (92)
Jan-07 20:59:38.772 [Task submitter] INFO  nextflow.Session - [bf/6d3426] Submitted process > writeLargeFile (74)
Jan-07 20:59:38.804 [Task submitter] INFO  nextflow.Session - [d6/6175b2] Submitted process > writeLargeFile (65)
Jan-07 20:59:38.843 [Task submitter] INFO  nextflow.Session - [fd/6afe5c] Submitted process > writeLargeFile (73)
Jan-07 20:59:38.877 [Task submitter] INFO  nextflow.Session - [56/bc8720] Submitted process > writeLargeFile (96)
Jan-07 20:59:38.910 [Task submitter] INFO  nextflow.Session - [66/6d0142] Submitted process > writeLargeFile (69)
Jan-07 20:59:38.944 [Task submitter] INFO  nextflow.Session - [68/cc94fa] Submitted process > writeLargeFile (67)
Jan-07 20:59:38.976 [Task submitter] INFO  nextflow.Session - [c9/2200b9] Submitted process > writeLargeFile (76)
Jan-07 20:59:39.008 [Task submitter] INFO  nextflow.Session - [c4/37146f] Submitted process > writeLargeFile (78)
Jan-07 20:59:39.040 [Task submitter] INFO  nextflow.Session - [28/919c3c] Submitted process > writeLargeFile (77)
Jan-07 20:59:39.073 [Task submitter] INFO  nextflow.Session - [9b/d11a97] Submitted process > writeLargeFile (79)
Jan-07 20:59:39.109 [Task submitter] INFO  nextflow.Session - [5c/edee46] Submitted process > writeLargeFile (84)
Jan-07 20:59:39.142 [Task submitter] INFO  nextflow.Session - [c1/eead5d] Submitted process > writeLargeFile (83)
Jan-07 20:59:39.176 [Task submitter] INFO  nextflow.Session - [4d/a26a8a] Submitted process > writeLargeFile (89)
Jan-07 20:59:39.208 [Task submitter] INFO  nextflow.Session - [76/be7d56] Submitted process > writeLargeFile (93)
Jan-07 20:59:39.242 [Task submitter] INFO  nextflow.Session - [9e/27939b] Submitted process > writeLargeFile (90)
Jan-07 20:59:39.276 [Task submitter] INFO  nextflow.Session - [45/4a3e93] Submitted process > writeLargeFile (91)
Jan-07 20:59:39.308 [Task submitter] INFO  nextflow.Session - [7b/dbf8c7] Submitted process > writeLargeFile (87)
Jan-07 20:59:39.341 [Task submitter] INFO  nextflow.Session - [7d/19225e] Submitted process > writeLargeFile (95)
Jan-07 20:59:39.380 [Task submitter] INFO  nextflow.Session - [d0/1c7dc7] Submitted process > writeLargeFile (94)
Jan-07 20:59:39.411 [Task submitter] INFO  nextflow.Session - [92/37eb31] Submitted process > writeLargeFile (97)
Jan-07 20:59:39.443 [Task submitter] INFO  nextflow.Session - [bd/a46107] Submitted process > writeLargeFile (100)
Jan-07 20:59:39.474 [Task submitter] INFO  nextflow.Session - [ae/79ae57] Submitted process > writeLargeFile (86)
Jan-07 20:59:39.507 [Task submitter] INFO  nextflow.Session - [1a/9d9ab9] Submitted process > writeLargeFile (99)
Jan-07 20:59:39.539 [Task submitter] INFO  nextflow.Session - [4e/af986a] Submitted process > writeLargeFile (98)
Jan-07 20:59:44.460 [Task monitor] DEBUG n.processor.TaskPollingMonitor - Task completed > TaskHandler[id: 21; name: writeLargeFile (21); status: COMPLETED; exit: 0; error: -; workDir: /input/data/work/53/85e0c570b757249ee6e2b2cd843e26]
Jan-07 20:59:44.571 [Task monitor] DEBUG n.processor.TaskPollingMonitor - Task completed > TaskHandler[id: 25; name: writeLargeFile (25); status: COMPLETED; exit: 0; error: -; workDir: /input/data/work/56/f51cc2768af30a9a515cc4af7c8fd9]
Jan-07 20:59:44.633 [Task monitor] DEBUG n.processor.TaskPollingMonitor - Task completed > TaskHandler[id: 1; name: writeLargeFile (1); status: COMPLETED; exit: 0; error: -; workDir: /input/data/work/0d/8bcf0e4ea02170c3bd3728adb0d1be]
Jan-07 20:59:49.453 [Task monitor] DEBUG n.processor.TaskPollingMonitor - Task completed > TaskHandler[id: 22; name: writeLargeFile (22); status: COMPLETED; exit: 0; error: -; workDir: /input/data/work/ec/924d16df6cd133fb0256269eb5fbfa]
Jan-07 20:59:49.497 [Task monitor] DEBUG n.processor.TaskPollingMonitor - Task completed > TaskHandler[id: 10; name: writeLargeFile (10); status: COMPLETED; exit: 0; error: -; workDir: /input/data/work/a7/ea289397fd55166ac19b96dc501b74]
Jan-07 20:59:49.538 [Task monitor] DEBUG n.processor.TaskPollingMonitor - Task completed > TaskHandler[id: 11; name: writeLargeFile (11); status: COMPLETED; exit: 0; error: -; workDir: /input/data/work/87/730eadf1f2e1473f15d18d82cafba2]
Jan-07 20:59:56.908 [Task monitor] DEBUG n.processor.TaskPollingMonitor - Task completed > TaskHandler[id: 94; name: writeLargeFile (94); status: COMPLETED; exit: 0; error: -; workDir: /input/data/work/d0/1c7dc7fd55059b1a8c3d7e11673543]
Jan-07 20:59:56.949 [Task monitor] DEBUG n.processor.TaskPollingMonitor - Task completed > TaskHandler[id: 97; name: writeLargeFile (97); status: COMPLETED; exit: 0; error: -; workDir: /input/data/work/92/37eb317f166fd04b2a867e84a01ba1]
Jan-07 20:59:56.991 [Task monitor] DEBUG n.processor.TaskPollingMonitor - Task completed > TaskHandler[id: 100; name: writeLargeFile (100); status: COMPLETED; exit: 0; error: -; workDir: /input/data/work/bd/a46107a7b55d2ceaac09ef097ae5a0]
Jan-07 20:59:57.032 [Task monitor] DEBUG n.processor.TaskPollingMonitor - Task completed > TaskHandler[id: 86; name: writeLargeFile (86); status: COMPLETED; exit: 0; error: -; workDir: /input/data/work/ae/79ae57eedb11bab30d237bef96ff4a]
Jan-07 20:59:57.081 [Task monitor] DEBUG n.processor.TaskPollingMonitor - Task completed > TaskHandler[id: 99; name: writeLargeFile (99); status: COMPLETED; exit: 0; error: -; workDir: /input/data/work/1a/9d9ab9f74e5fc63f1f2e613fd87cb2]
Jan-07 20:59:57.123 [Task monitor] DEBUG n.processor.TaskPollingMonitor - Task completed > TaskHandler[id: 98; name: writeLargeFile (98); status: COMPLETED; exit: 0; error: -; workDir: /input/data/work/4e/af986ad58f0258f90ae641edd904c3]
Jan-07 21:00:06.744 [Task monitor] DEBUG n.processor.TaskPollingMonitor - Task completed > TaskHandler[id: 89; name: writeLargeFile (89); status: COMPLETED; exit: 0; error: -; workDir: /input/data/work/4d/a26a8aaf9a112474fb7832eaaead45]
Jan-07 21:00:06.794 [Task monitor] DEBUG n.processor.TaskPollingMonitor - Task completed > TaskHandler[id: 93; name: writeLargeFile (93); status: COMPLETED; exit: 0; error: -; workDir: /input/data/work/76/be7d56bbd9039b6281e7b3c1bb4dc5]
Jan-07 21:00:06.843 [Task monitor] DEBUG n.processor.TaskPollingMonitor - Task completed > TaskHandler[id: 90; name: writeLargeFile (90); status: COMPLETED; exit: 0; error: -; workDir: /input/data/work/9e/27939bd08d8f2c0c317c16fc8916e7]
Jan-07 21:00:06.889 [Task monitor] DEBUG n.processor.TaskPollingMonitor - Task completed > TaskHandler[id: 91; name: writeLargeFile (91); status: COMPLETED; exit: 0; error: -; workDir: /input/data/work/45/4a3e93a2996831e84290d42e596f48]
Jan-07 21:00:06.945 [Task monitor] DEBUG n.processor.TaskPollingMonitor - Task completed > TaskHandler[id: 87; name: writeLargeFile (87); status: COMPLETED; exit: 0; error: -; workDir: /input/data/work/7b/dbf8c794c5086bab7aa1d35be87911]
Jan-07 21:00:06.990 [Task monitor] DEBUG n.processor.TaskPollingMonitor - Task completed > TaskHandler[id: 95; name: writeLargeFile (95); status: COMPLETED; exit: 0; error: -; workDir: /input/data/work/7d/19225eb8ce47c2e18c73313eecc54f]
Jan-07 21:00:16.575 [Task monitor] DEBUG n.processor.TaskPollingMonitor - Task completed > TaskHandler[id: 76; name: writeLargeFile (76); status: COMPLETED; exit: 0; error: -; workDir: /input/data/work/c9/2200b96cdab3c7cc35d6beb94f0dc2]
Jan-07 21:00:16.614 [Task monitor] DEBUG n.processor.TaskPollingMonitor - Task completed > TaskHandler[id: 78; name: writeLargeFile (78); status: COMPLETED; exit: 0; error: -; workDir: /input/data/work/c4/37146f817a0504a18214e65970b006]
Jan-07 21:00:16.659 [Task monitor] DEBUG n.processor.TaskPollingMonitor - Task completed > TaskHandler[id: 77; name: writeLargeFile (77); status: COMPLETED; exit: 0; error: -; workDir: /input/data/work/28/919c3c9f8160b693f36a4bb5d3b6c4]
Jan-07 21:00:16.703 [Task monitor] DEBUG n.processor.TaskPollingMonitor - Task completed > TaskHandler[id: 79; name: writeLargeFile (79); status: COMPLETED; exit: 0; error: -; workDir: /input/data/work/9b/d11a97933cf8e4df30e39b94e1b678]
Jan-07 21:00:16.746 [Task monitor] DEBUG n.processor.TaskPollingMonitor - Task completed > TaskHandler[id: 84; name: writeLargeFile (84); status: COMPLETED; exit: 0; error: -; workDir: /input/data/work/5c/edee468beace35d6c4d12a3bee6930]
Jan-07 21:00:16.787 [Task monitor] DEBUG n.processor.TaskPollingMonitor - Task completed > TaskHandler[id: 83; name: writeLargeFile (83); status: COMPLETED; exit: 0; error: -; workDir: /input/data/work/c1/eead5db2ab0992f5b3766abf120388]
Jan-07 21:00:26.410 [Task monitor] DEBUG n.processor.TaskPollingMonitor - Task completed > TaskHandler[id: 74; name: writeLargeFile (74); status: COMPLETED; exit: 0; error: -; workDir: /input/data/work/bf/6d3426146a21858d6690b0735b2392]
Jan-07 21:00:26.452 [Task monitor] DEBUG n.processor.TaskPollingMonitor - Task completed > TaskHandler[id: 65; name: writeLargeFile (65); status: COMPLETED; exit: 0; error: -; workDir: /input/data/work/d6/6175b26a847c0d28d019094a9e3a57]
Jan-07 21:00:26.498 [Task monitor] DEBUG n.processor.TaskPollingMonitor - Task completed > TaskHandler[id: 73; name: writeLargeFile (73); status: COMPLETED; exit: 0; error: -; workDir: /input/data/work/fd/6afe5c2fc5e249f4ceef2cfc203470]
Jan-07 21:00:26.566 [Task monitor] DEBUG n.processor.TaskPollingMonitor - Task completed > TaskHandler[id: 96; name: writeLargeFile (96); status: COMPLETED; exit: 0; error: -; workDir: /input/data/work/56/bc8720690835a20b963c8fe441c48b]
Jan-07 21:00:26.605 [Task monitor] DEBUG n.processor.TaskPollingMonitor - Task completed > TaskHandler[id: 69; name: writeLargeFile (69); status: COMPLETED; exit: 0; error: -; workDir: /input/data/work/66/6d01420d6601f5613816f39bab9beb]
Jan-07 21:00:26.647 [Task monitor] DEBUG n.processor.TaskPollingMonitor - Task completed > TaskHandler[id: 67; name: writeLargeFile (67); status: COMPLETED; exit: 0; error: -; workDir: /input/data/work/68/cc94fa8e76719e715e7838da9a491c]
Jan-07 21:00:31.320 [Task monitor] DEBUG n.processor.TaskPollingMonitor - Task completed > TaskHandler[id: 62; name: writeLargeFile (62); status: COMPLETED; exit: 0; error: -; workDir: /input/data/work/b9/4520796dd32294373313c4b9a77c0d]
Jan-07 21:00:31.362 [Task monitor] DEBUG n.processor.TaskPollingMonitor - Task completed > TaskHandler[id: 71; name: writeLargeFile (71); status: COMPLETED; exit: 0; error: -; workDir: /input/data/work/0c/c5daed6437428cf6c40cc1931ae026]
Jan-07 21:00:31.401 [Task monitor] DEBUG n.processor.TaskPollingMonitor - Task completed > TaskHandler[id: 92; name: writeLargeFile (92); status: COMPLETED; exit: 0; error: -; workDir: /input/data/work/50/75328bd7d565af905ee8832938b5d2]
Jan-07 21:00:36.254 [Task monitor] DEBUG n.processor.TaskPollingMonitor - Task completed > TaskHandler[id: 66; name: writeLargeFile (66); status: COMPLETED; exit: 0; error: -; workDir: /input/data/work/4a/f503200a4d824ea278d0525e964df0]
Jan-07 21:00:36.293 [Task monitor] DEBUG n.processor.TaskPollingMonitor - Task completed > TaskHandler[id: 85; name: writeLargeFile (85); status: COMPLETED; exit: 0; error: -; workDir: /input/data/work/93/14e8bce9ff7f9b47a95e57e70a7012]
Jan-07 21:00:36.335 [Task monitor] DEBUG n.processor.TaskPollingMonitor - Task completed > TaskHandler[id: 75; name: writeLargeFile (75); status: COMPLETED; exit: 0; error: -; workDir: /input/data/work/97/aa8c83daca92f581932367abdcbf1a]
Jan-07 21:00:41.140 [Task monitor] DEBUG n.processor.TaskPollingMonitor - Task completed > TaskHandler[id: 81; name: writeLargeFile (81); status: COMPLETED; exit: 0; error: -; workDir: /input/data/work/fc/eef09c2497496c42d4054a1c11590a]
Jan-07 21:00:41.184 [Task monitor] DEBUG n.processor.TaskPollingMonitor - Task completed > TaskHandler[id: 63; name: writeLargeFile (63); status: COMPLETED; exit: 0; error: -; workDir: /input/data/work/2c/8c5617b0d4afdb91ff5c62722af73c]
Jan-07 21:00:41.228 [Task monitor] DEBUG n.processor.TaskPollingMonitor - Task completed > TaskHandler[id: 82; name: writeLargeFile (82); status: COMPLETED; exit: 0; error: -; workDir: /input/data/work/60/d9246bfa0d61bec0d652cde5f05fe4]
Jan-07 21:00:45.138 [Task monitor] DEBUG n.processor.TaskPollingMonitor - Task completed > TaskHandler[id: 24; name: writeLargeFile (24); status: COMPLETED; exit: 0; error: -; workDir: /input/data/work/13/0ef826c1e48b6cf451ddb548a3761d]
Jan-07 21:00:45.175 [Task monitor] DEBUG n.processor.TaskPollingMonitor - Task completed > TaskHandler[id: 30; name: writeLargeFile (30); status: COMPLETED; exit: 0; error: -; workDir: /input/data/work/42/1d4267fa9324fdf5f94b1d58c1d00f]
Jan-07 21:00:46.126 [Task monitor] DEBUG n.processor.TaskPollingMonitor - Task completed > TaskHandler[id: 72; name: writeLargeFile (72); status: COMPLETED; exit: 0; error: -; workDir: /input/data/work/02/d290809464ce76b52aea6870d46319]
Jan-07 21:00:50.167 [Task monitor] DEBUG n.processor.TaskPollingMonitor - Task completed > TaskHandler[id: 34; name: writeLargeFile (34); status: COMPLETED; exit: 0; error: -; workDir: /input/data/work/27/265743f07ec300a38726b9359c98c6]
Jan-07 21:00:50.212 [Task monitor] DEBUG n.processor.TaskPollingMonitor - Task completed > TaskHandler[id: 33; name: writeLargeFile (33); status: COMPLETED; exit: 0; error: -; workDir: /input/data/work/cb/d16c3927fab70abbc1a62579d46c5a]
Jan-07 21:00:50.255 [Task monitor] DEBUG n.processor.TaskPollingMonitor - Task completed > TaskHandler[id: 35; name: writeLargeFile (35); status: COMPLETED; exit: 0; error: -; workDir: /input/data/work/be/dd4297c8bfc4b0fc38afc6d18f23be]
Jan-07 21:00:55.164 [Task monitor] DEBUG n.processor.TaskPollingMonitor - Task completed > TaskHandler[id: 36; name: writeLargeFile (36); status: COMPLETED; exit: 0; error: -; workDir: /input/data/work/60/e6e4af0a9f53b850df163f5852a858]
Jan-07 21:00:55.203 [Task monitor] DEBUG n.processor.TaskPollingMonitor - Task completed > TaskHandler[id: 40; name: writeLargeFile (40); status: COMPLETED; exit: 0; error: -; workDir: /input/data/work/b3/0e01d1870e1d1c44a090c56d99d3bc]
Jan-07 21:00:55.242 [Task monitor] DEBUG n.processor.TaskPollingMonitor - Task completed > TaskHandler[id: 39; name: writeLargeFile (39); status: COMPLETED; exit: 0; error: -; workDir: /input/data/work/74/a98a552a71dbfee7d0f7b4ef763dab]
Jan-07 21:01:00.152 [Task monitor] DEBUG n.processor.TaskPollingMonitor - Task completed > TaskHandler[id: 38; name: writeLargeFile (38); status: COMPLETED; exit: 0; error: -; workDir: /input/data/work/79/dcd5360d30dc1070630c4b024dc10e]
Jan-07 21:01:00.816 [Task monitor] DEBUG n.processor.TaskPollingMonitor - Task completed > TaskHandler[id: 61; name: writeLargeFile (61); status: COMPLETED; exit: 0; error: -; workDir: /input/data/work/72/57d0c80b279490809b6c37505cf584]
Jan-07 21:01:00.858 [Task monitor] DEBUG n.processor.TaskPollingMonitor - Task completed > TaskHandler[id: 80; name: writeLargeFile (80); status: COMPLETED; exit: 0; error: -; workDir: /input/data/work/60/3473c9112e9dfc68112e508990bf1c]
Jan-07 21:01:05.773 [Task monitor] DEBUG n.processor.TaskPollingMonitor - Task completed > TaskHandler[id: 88; name: writeLargeFile (88); status: COMPLETED; exit: 0; error: -; workDir: /input/data/work/f4/104eb75ff2740ebfbdbc2d1ef7ea18]
Jan-07 21:01:05.813 [Task monitor] DEBUG n.processor.TaskPollingMonitor - Task completed > TaskHandler[id: 59; name: writeLargeFile (59); status: COMPLETED; exit: 0; error: -; workDir: /input/data/work/2f/137f8be76ae92647b660245b166cbe]
Jan-07 21:01:05.855 [Task monitor] DEBUG n.processor.TaskPollingMonitor - Task completed > TaskHandler[id: 56; name: writeLargeFile (56); status: COMPLETED; exit: 0; error: -; workDir: /input/data/work/cd/9aec4db0c799c15ac23cee1ae181dc]
Jan-07 21:01:10.673 [Task monitor] DEBUG n.processor.TaskPollingMonitor - Task completed > TaskHandler[id: 70; name: writeLargeFile (70); status: COMPLETED; exit: 0; error: -; workDir: /input/data/work/0b/12909fc1e509cb848807a76f63b9fd]
Jan-07 21:01:10.717 [Task monitor] DEBUG n.processor.TaskPollingMonitor - Task completed > TaskHandler[id: 68; name: writeLargeFile (68); status: COMPLETED; exit: 0; error: -; workDir: /input/data/work/93/950fa0caf409e3318e61b17e4baaf8]
Jan-07 21:01:10.760 [Task monitor] DEBUG n.processor.TaskPollingMonitor - Task completed > TaskHandler[id: 60; name: writeLargeFile (60); status: COMPLETED; exit: 0; error: -; workDir: /input/data/work/07/e4104c7b96e1574e5fa31a45985969]
Jan-07 21:01:15.544 [Task monitor] DEBUG n.processor.TaskPollingMonitor - Task completed > TaskHandler[id: 48; name: writeLargeFile (48); status: COMPLETED; exit: 0; error: -; workDir: /input/data/work/ef/e38a3258ce70e49eb554c8b8c649b1]
Jan-07 21:01:15.584 [Task monitor] DEBUG n.processor.TaskPollingMonitor - Task completed > TaskHandler[id: 52; name: writeLargeFile (52); status: COMPLETED; exit: 0; error: -; workDir: /input/data/work/59/ed7ea0828958389626dc18f3da1e39]
Jan-07 21:01:15.633 [Task monitor] DEBUG n.processor.TaskPollingMonitor - Task completed > TaskHandler[id: 51; name: writeLargeFile (51); status: COMPLETED; exit: 0; error: -; workDir: /input/data/work/e1/4bff516de1233a20f1804cd85b2da6]
Jan-07 21:01:20.515 [Task monitor] DEBUG n.processor.TaskPollingMonitor - Task completed > TaskHandler[id: 50; name: writeLargeFile (50); status: COMPLETED; exit: 0; error: -; workDir: /input/data/work/93/b977fae8fe8acba965b48af34b400b]
Jan-07 21:01:20.557 [Task monitor] DEBUG n.processor.TaskPollingMonitor - Task completed > TaskHandler[id: 49; name: writeLargeFile (49); status: COMPLETED; exit: 0; error: -; workDir: /input/data/work/69/d468e4a6aa9f452587a883aa75f0ec]
Jan-07 21:01:20.594 [Task monitor] DEBUG n.processor.TaskPollingMonitor - Task completed > TaskHandler[id: 64; name: writeLargeFile (64); status: COMPLETED; exit: 0; error: -; workDir: /input/data/work/79/26133fbb9025668a1de9039e466687]
Jan-07 21:01:25.334 [Task monitor] DEBUG n.processor.TaskPollingMonitor - Task completed > TaskHandler[id: 41; name: writeLargeFile (41); status: COMPLETED; exit: 0; error: -; workDir: /input/data/work/25/d23d0a2104df166c11e84501da4fe6]
Jan-07 21:01:25.373 [Task monitor] DEBUG n.processor.TaskPollingMonitor - Task completed > TaskHandler[id: 57; name: writeLargeFile (57); status: COMPLETED; exit: 0; error: -; workDir: /input/data/work/7e/48a4dc07ffe0e4bc2fd70741a5901c]
Jan-07 21:01:25.411 [Task monitor] DEBUG n.processor.TaskPollingMonitor - Task completed > TaskHandler[id: 58; name: writeLargeFile (58); status: COMPLETED; exit: 0; error: -; workDir: /input/data/work/56/0e6275aa954b88268e6021ae8a3042]
Jan-07 21:01:25.451 [Task monitor] DEBUG n.processor.TaskPollingMonitor - Task completed > TaskHandler[id: 43; name: writeLargeFile (43); status: COMPLETED; exit: 0; error: -; workDir: /input/data/work/fc/6899f49f3f0ca4908889a5c1b8d705]
Jan-07 21:01:25.490 [Task monitor] DEBUG n.processor.TaskPollingMonitor - Task completed > TaskHandler[id: 47; name: writeLargeFile (47); status: COMPLETED; exit: 0; error: -; workDir: /input/data/work/c2/acc1f9dcc6f81ec545a5a502cce93b]
Jan-07 21:01:25.529 [Task monitor] DEBUG n.processor.TaskPollingMonitor - Task completed > TaskHandler[id: 55; name: writeLargeFile (55); status: COMPLETED; exit: 0; error: -; workDir: /input/data/work/31/96bfdb446e28620fae1b8ea4feb1ec]
Jan-07 21:01:35.201 [Task monitor] DEBUG n.processor.TaskPollingMonitor - Task completed > TaskHandler[id: 42; name: writeLargeFile (42); status: COMPLETED; exit: 0; error: -; workDir: /input/data/work/fe/648b9da9e96dd64839c0c12d3f7695]
Jan-07 21:01:35.244 [Task monitor] DEBUG n.processor.TaskPollingMonitor - Task completed > TaskHandler[id: 45; name: writeLargeFile (45); status: COMPLETED; exit: 0; error: -; workDir: /input/data/work/fb/838fa830efa638aef96176b1b4cb05]
Jan-07 21:01:35.288 [Task monitor] DEBUG n.processor.TaskPollingMonitor - Task completed > TaskHandler[id: 54; name: writeLargeFile (54); status: COMPLETED; exit: 0; error: -; workDir: /input/data/work/50/cd0b5affc940c7bd7e5b921a4f8ac5]
Jan-07 21:01:40.161 [Task monitor] DEBUG n.processor.TaskPollingMonitor - Task completed > TaskHandler[id: 46; name: writeLargeFile (46); status: COMPLETED; exit: 0; error: -; workDir: /input/data/work/04/a01a148c6e54e8cb05ec5fe25bb53c]
Jan-07 21:01:40.202 [Task monitor] DEBUG n.processor.TaskPollingMonitor - Task completed > TaskHandler[id: 44; name: writeLargeFile (44); status: COMPLETED; exit: 0; error: -; workDir: /input/data/work/f6/55841644ce273ab313867ca1080b36]
Jan-07 21:01:40.243 [Task monitor] DEBUG n.processor.TaskPollingMonitor - Task completed > TaskHandler[id: 53; name: writeLargeFile (53); status: COMPLETED; exit: 0; error: -; workDir: /input/data/work/50/3ddc90f5bcc8a5408a896f1d7530a6]
Jan-07 21:01:45.000 [Task monitor] DEBUG n.processor.TaskPollingMonitor - Task completed > TaskHandler[id: 13; name: writeLargeFile (13); status: COMPLETED; exit: 0; error: -; workDir: /input/data/work/33/e4f1ebc119f679c09dd04490202730]
Jan-07 21:01:45.040 [Task monitor] DEBUG n.processor.TaskPollingMonitor - Task completed > TaskHandler[id: 37; name: writeLargeFile (37); status: COMPLETED; exit: 0; error: -; workDir: /input/data/work/8c/7419b07282c3743442a4b915b97e91]
Jan-07 21:01:45.085 [Task monitor] DEBUG n.processor.TaskPollingMonitor - Task completed > TaskHandler[id: 15; name: writeLargeFile (15); status: COMPLETED; exit: 0; error: -; workDir: /input/data/work/5f/e35e1faa551b0504ca56a7a9da009e]
Jan-07 21:01:50.001 [Task monitor] DEBUG n.processor.TaskPollingMonitor - Task completed > TaskHandler[id: 17; name: writeLargeFile (17); status: COMPLETED; exit: 0; error: -; workDir: /input/data/work/7f/e70a3705620d454cd9c29f5f23f9c3]
Jan-07 21:01:50.041 [Task monitor] DEBUG n.processor.TaskPollingMonitor - Task completed > TaskHandler[id: 5; name: writeLargeFile (5); status: COMPLETED; exit: 0; error: -; workDir: /input/data/work/50/f6be5a79dcf884a893fe8bb47b2d9f]
Jan-07 21:01:50.080 [Task monitor] DEBUG n.processor.TaskPollingMonitor - Task completed > TaskHandler[id: 14; name: writeLargeFile (14); status: COMPLETED; exit: 0; error: -; workDir: /input/data/work/1e/0b9721f66a43cf4679b0b9f0eabee4]
Jan-07 21:01:54.829 [Task monitor] DEBUG n.processor.TaskPollingMonitor - Task completed > TaskHandler[id: 26; name: writeLargeFile (26); status: COMPLETED; exit: 0; error: -; workDir: /input/data/work/1b/83299952f4f1c2b37e79e91687d08b]
Jan-07 21:01:54.870 [Task monitor] DEBUG n.processor.TaskPollingMonitor - Task completed > TaskHandler[id: 31; name: writeLargeFile (31); status: COMPLETED; exit: 0; error: -; workDir: /input/data/work/0b/861106fc79edf6f3c7723a48faafab]
Jan-07 21:01:54.911 [Task monitor] DEBUG n.processor.TaskPollingMonitor - Task completed > TaskHandler[id: 3; name: writeLargeFile (3); status: COMPLETED; exit: 0; error: -; workDir: /input/data/work/d1/bdfa6fd8102b94b036403ec8959d1d]
Jan-07 21:01:59.824 [Task monitor] DEBUG n.processor.TaskPollingMonitor - Task completed > TaskHandler[id: 2; name: writeLargeFile (2); status: COMPLETED; exit: 0; error: -; workDir: /input/data/work/7e/59ccd6c018219fab4c05a3e3851c9c]
Jan-07 21:01:59.866 [Task monitor] DEBUG n.processor.TaskPollingMonitor - Task completed > TaskHandler[id: 9; name: writeLargeFile (9); status: COMPLETED; exit: 0; error: -; workDir: /input/data/work/62/e7aeef7605988b70b5207f740ec3be]
Jan-07 21:01:59.910 [Task monitor] DEBUG n.processor.TaskPollingMonitor - Task completed > TaskHandler[id: 27; name: writeLargeFile (27); status: COMPLETED; exit: 0; error: -; workDir: /input/data/work/f4/443535ed389ac0412cd5fd6fe0bc6c]
Jan-07 21:02:04.666 [Task monitor] DEBUG n.processor.TaskPollingMonitor - Task completed > TaskHandler[id: 18; name: writeLargeFile (18); status: COMPLETED; exit: 0; error: -; workDir: /input/data/work/49/7be50231df275904bf22edb663455a]
Jan-07 21:02:04.709 [Task monitor] DEBUG n.processor.TaskPollingMonitor - Task completed > TaskHandler[id: 7; name: writeLargeFile (7); status: COMPLETED; exit: 0; error: -; workDir: /input/data/work/24/5c811f1d91de8c67d1940c700f076b]
Jan-07 21:02:04.753 [Task monitor] DEBUG n.processor.TaskPollingMonitor - Task completed > TaskHandler[id: 12; name: writeLargeFile (12); status: COMPLETED; exit: 0; error: -; workDir: /input/data/work/40/756c4e0e8ce7a54446338bb432fa69]
Jan-07 21:02:09.668 [Task monitor] DEBUG n.processor.TaskPollingMonitor - Task completed > TaskHandler[id: 29; name: writeLargeFile (29); status: COMPLETED; exit: 0; error: -; workDir: /input/data/work/d2/995054121b06c4add1a2342f6da567]
Jan-07 21:02:09.712 [Task monitor] DEBUG n.processor.TaskPollingMonitor - Task completed > TaskHandler[id: 16; name: writeLargeFile (16); status: COMPLETED; exit: 0; error: -; workDir: /input/data/work/8c/fb381bd150fe71d15094dbb88164ff]
Jan-07 21:02:09.750 [Task monitor] DEBUG n.processor.TaskPollingMonitor - Task completed > TaskHandler[id: 8; name: writeLargeFile (8); status: COMPLETED; exit: 0; error: -; workDir: /input/data/work/9f/df645d05f3e931af019ac397e48de7]
Jan-07 21:02:14.555 [Task monitor] DEBUG n.processor.TaskPollingMonitor - Task completed > TaskHandler[id: 23; name: writeLargeFile (23); status: COMPLETED; exit: 0; error: -; workDir: /input/data/work/3d/feb3e97939707ba68d01845ac79189]
Jan-07 21:02:14.595 [Task monitor] DEBUG n.processor.TaskPollingMonitor - Task completed > TaskHandler[id: 19; name: writeLargeFile (19); status: COMPLETED; exit: 0; error: -; workDir: /input/data/work/9c/49f17709253939a58c98a4ad8adfa0]
Jan-07 21:02:14.636 [Task monitor] DEBUG n.processor.TaskPollingMonitor - Task completed > TaskHandler[id: 32; name: writeLargeFile (32); status: COMPLETED; exit: 0; error: -; workDir: /input/data/work/ed/7decab8ea58a1d720e2f6149f44491]
Jan-07 21:02:19.478 [Task monitor] DEBUG n.processor.TaskPollingMonitor - Task completed > TaskHandler[id: 20; name: writeLargeFile (20); status: COMPLETED; exit: 0; error: -; workDir: /input/data/work/3a/043a775029d41ecdb832a7a243c233]
Jan-07 21:02:19.519 [Task monitor] DEBUG n.processor.TaskPollingMonitor - Task completed > TaskHandler[id: 4; name: writeLargeFile (4); status: COMPLETED; exit: 0; error: -; workDir: /input/data/work/d8/43f83a47898d6d86c5335b44c6c4d0]
Jan-07 21:02:19.559 [Task monitor] DEBUG n.processor.TaskPollingMonitor - Task completed > TaskHandler[id: 28; name: writeLargeFile (28); status: COMPLETED; exit: 0; error: -; workDir: /input/data/work/ca/2b22bb55b64c42f62ff28f26741362]
Jan-07 21:02:19.603 [Task monitor] DEBUG n.processor.TaskPollingMonitor - Task completed > TaskHandler[id: 6; name: writeLargeFile (6); status: COMPLETED; exit: 0; error: -; workDir: /input/data/work/8a/8c51cdc6c7f152317f18f5ecfcdcd0]
Jan-07 21:02:19.725 [Task submitter] INFO  nextflow.Session - [c7/ffff5f] Submitted process > combineFiles (1)
Jan-07 21:04:39.429 [Task monitor] DEBUG n.processor.TaskPollingMonitor - !! executor k8s > tasks to be completed: 1 -- submitted tasks are shown below
~> TaskHandler[id: 101; name: combineFiles (1); status: SUBMITTED; exit: -; error: -; workDir: /input/data/work/c7/ffff5f02e7477bc0a18300a1ef4232]
Jan-07 21:09:39.448 [Task monitor] DEBUG n.processor.TaskPollingMonitor - !! executor k8s > tasks to be completed: 1 -- submitted tasks are shown below
~> TaskHandler[id: 101; name: combineFiles (1); status: SUBMITTED; exit: -; error: -; workDir: /input/data/work/c7/ffff5f02e7477bc0a18300a1ef4232]
Jan-07 21:13:39.513 [Task monitor] DEBUG n.processor.TaskPollingMonitor - Task completed > TaskHandler[id: 101; name: combineFiles (1); status: COMPLETED; exit: 0; error: -; workDir: /input/data/work/c7/ffff5f02e7477bc0a18300a1ef4232]
Jan-07 21:13:39.516 [main] DEBUG nextflow.Session - Session await > all processes finished
Jan-07 21:13:39.518 [main] DEBUG nextflow.Session - Session await > all barriers passed
Jan-07 21:13:39.529 [main] DEBUG n.trace.WorkflowStatsObserver - Workflow completed > WorkflowStats[succeededCount=101; failedCount=0; ignoredCount=0; cachedCount=0; pendingCount=0; submittedCount=0; runningCount=0; retriesCount=0; abortedCount=0; succeedDuration=48m 32s; failedDuration=0ms; cachedDuration=0ms;loadCpus=0; loadMemory=0; peakRunning=9; peakCpus=90; peakMemory=90 GB; ]
Jan-07 21:13:39.529 [main] DEBUG nextflow.trace.TraceFileObserver - Workflow completed -- saving trace file
Jan-07 21:13:39.540 [main] DEBUG nextflow.trace.ReportObserver - Workflow completed -- rendering execution report
Jan-07 21:13:40.180 [main] DEBUG nextflow.trace.TimelineObserver - Workflow completed -- rendering execution timeline
Jan-07 21:13:40.343 [main] DEBUG nextflow.cache.CacheDB - Closing CacheDB done
Jan-07 21:13:40.365 [main] DEBUG nextflow.util.ThreadPoolManager - Thread pool 'FileTransfer' shutdown completed (hard=false)
Jan-07 21:13:40.365 [main] DEBUG nextflow.script.ScriptRunner - > Execution complete -- Goodbye
