Dec-09 22:54:29.023 [main] DEBUG nextflow.cli.Launcher - $> nextflow run /input/chain -c /experiments/experiment/chain/nextflow.config -c /experiments/experiment/nextflow_la.config -c /experiments/experiment/nextflow_nfs.config
Dec-09 22:54:29.091 [main] INFO  nextflow.cli.CmdRun - N E X T F L O W  ~  version 23.07.0-edge
Dec-09 22:54:29.108 [main] DEBUG nextflow.plugin.PluginsFacade - Setting up plugin manager > mode=prod; embedded=false; plugins-dir=/.nextflow/plugins; core-plugins: nf-amazon@2.1.0,nf-azure@1.1.4,nf-cloudcache@0.1.0,nf-codecommit@0.1.5,nf-console@1.0.6,nf-ga4gh@1.1.0,nf-google@1.8.1,nf-tower@1.5.15,nf-wave@0.11.0
Dec-09 22:54:29.117 [main] INFO  o.pf4j.DefaultPluginStatusProvider - Enabled plugins: []
Dec-09 22:54:29.118 [main] INFO  o.pf4j.DefaultPluginStatusProvider - Disabled plugins: []
Dec-09 22:54:29.120 [main] INFO  org.pf4j.DefaultPluginManager - PF4J version 3.4.1 in 'deployment' mode
Dec-09 22:54:29.127 [main] INFO  org.pf4j.AbstractPluginManager - No plugins
Dec-09 22:54:29.148 [main] DEBUG nextflow.scm.AssetManager - Project manifest does not exist: /input/chain/nextflow.config (No such file or directory)
Dec-09 22:54:29.173 [main] DEBUG nextflow.config.ConfigBuilder - User config file: /experiments/experiment/chain/nextflow.config
Dec-09 22:54:29.173 [main] DEBUG nextflow.config.ConfigBuilder - User config file: /experiments/experiment/nextflow_la.config
Dec-09 22:54:29.174 [main] DEBUG nextflow.config.ConfigBuilder - User config file: /experiments/experiment/nextflow_nfs.config
Dec-09 22:54:29.174 [main] DEBUG nextflow.config.ConfigBuilder - Parsing config file: /experiments/experiment/chain/nextflow.config
Dec-09 22:54:29.174 [main] DEBUG nextflow.config.ConfigBuilder - Parsing config file: /experiments/experiment/nextflow_la.config
Dec-09 22:54:29.174 [main] DEBUG nextflow.config.ConfigBuilder - Parsing config file: /experiments/experiment/nextflow_nfs.config
Dec-09 22:54:29.189 [main] DEBUG nextflow.config.ConfigBuilder - Applying config profile: `standard`
Dec-09 22:54:29.682 [main] DEBUG nextflow.config.ConfigBuilder - Applying config profile: `standard`
Dec-09 22:54:29.832 [main] DEBUG nextflow.config.ConfigBuilder - Applying config profile: `standard`
Dec-09 22:54:29.858 [main] DEBUG nextflow.cli.CmdRun - Applied DSL=2 by global default
Dec-09 22:54:29.871 [main] INFO  nextflow.cli.CmdRun - Launching `/input/chain/main.nf` [sharp_caravaggio] DSL2 - revision: c6264bd70c
Dec-09 22:54:29.871 [main] DEBUG nextflow.plugin.PluginsFacade - Plugins default=[]
Dec-09 22:54:29.871 [main] DEBUG nextflow.plugin.PluginsFacade - Plugins resolved requirement=[]
Dec-09 22:54:29.878 [main] DEBUG n.secret.LocalSecretsProvider - Secrets store: /.nextflow/secrets/store.json
Dec-09 22:54:29.880 [main] DEBUG nextflow.secret.SecretsLoader - Discovered secrets providers: [nextflow.secret.LocalSecretsProvider@20d87335] - activable => nextflow.secret.LocalSecretsProvider@20d87335
Dec-09 22:54:29.937 [main] DEBUG nextflow.Session - Session UUID: 49f40886-31be-4401-a3d8-38ee85c94919
Dec-09 22:54:29.937 [main] DEBUG nextflow.Session - Run name: sharp_caravaggio
Dec-09 22:54:29.938 [main] DEBUG nextflow.Session - Executor pool size: 32
Dec-09 22:54:29.944 [main] DEBUG nextflow.file.FilePorter - File porter settings maxRetries=3; maxTransfers=50; pollTimeout=null
Dec-09 22:54:29.947 [main] DEBUG nextflow.util.ThreadPoolBuilder - Creating thread pool 'FileTransfer' minSize=10; maxSize=96; workQueue=LinkedBlockingQueue[10000]; allowCoreThreadTimeout=false
Dec-09 22:54:29.976 [main] DEBUG nextflow.cli.CmdRun - 
  Version: 23.07.0-edge build 5875
  Created: 28-07-2023 20:27 UTC (20:27 GMT)
  System: Linux 5.4.0-166-generic
  Runtime: Groovy 3.0.18 on OpenJDK 64-Bit Server VM 17.0.6+10-LTS
  Encoding: UTF-8 (UTF-8)
  Process: 1102370@nextflow [10.233.76.34]
  CPUs: 32 - Mem: 125.7 GB (121.4 GB) - Swap: 0 (0)
Dec-09 22:54:30.020 [main] DEBUG nextflow.Session - Work-dir: /input/data/work [nfs]
Dec-09 22:54:30.021 [main] DEBUG nextflow.Session - Script base path does not exist or is not a directory: /input/chain/bin
Dec-09 22:54:30.030 [main] DEBUG nextflow.executor.ExecutorFactory - Extension executors providers=[]
Dec-09 22:54:30.037 [main] DEBUG nextflow.Session - Observer factory: DefaultObserverFactory
Dec-09 22:54:30.068 [main] DEBUG nextflow.cache.CacheFactory - Using Nextflow cache factory: nextflow.cache.DefaultCacheFactory
Dec-09 22:54:30.075 [main] DEBUG nextflow.util.CustomThreadPool - Creating default thread pool > poolSize: 33; maxThreads: 1000
Dec-09 22:54:30.171 [main] DEBUG nextflow.Session - Session start
Dec-09 22:54:30.176 [main] DEBUG nextflow.trace.TraceFileObserver - Workflow started -- trace file: /input/data/output/trace.csv
Dec-09 22:54:30.305 [main] DEBUG nextflow.script.ScriptRunner - > Launching execution
Dec-09 22:54:30.550 [main] DEBUG nextflow.script.ProcessConfig - Config settings `withName:writeLargeFile` matches process writeLargeFile
Dec-09 22:54:30.560 [main] DEBUG nextflow.executor.ExecutorFactory - << taskConfig executor: k8s
Dec-09 22:54:30.560 [main] DEBUG nextflow.executor.ExecutorFactory - >> processorType: 'k8s'
Dec-09 22:54:30.568 [main] DEBUG nextflow.executor.Executor - [warm up] executor > k8s
Dec-09 22:54:30.585 [main] DEBUG n.processor.TaskPollingMonitor - Creating task monitor for executor 'k8s' > capacity: 300; pollInterval: 5s; dumpInterval: 5m; schedulerBatch: null
Dec-09 22:54:30.591 [main] DEBUG nextflow.k8s.client.ConfigDiscovery - K8s config file does not exist: /root/.kube/config
Dec-09 22:54:30.606 [main] DEBUG nextflow.k8s.K8sExecutor - [K8s] config=[localPath:/localdata, localStorageMountPath:/localdata, scheduler:[strategy:LAv2, name:workflow-scheduler, autoClose:false, nodeSelector:usedby=anonymized, container:anonymized/test1:sch_v194], storage:[type:copy, workdir:/localdata/localwork/, nodeSelector:usedby=anonymized, imageName:anonymized/test1:ftp_v122], debug:[yaml:true], namespace:anonymized, serviceAccount:nextflow, workDir:/input/data/work/, projectDir:/input/data/project/, imagePullPolicy:IfNotPresent, launchDir:/input/data/launch/, runAsUser:0, fetchNodeName:true, storageMountPath:/input, pod:[nodeSelector:usedby=anonymized], storageClaimName:nfs-experiment]; API client config=ClientConfig[ server=10.233.0.1:443, namespace=anonymized, serviceAccount=nextflow, token=eyJhbGciOiJ.., sslCert=LS0tLS1CRUd.., clientCert=-, clientKey=-, verifySsl=false, fromFile=true, httpReadTimeout=null, httpConnectTimeout=null, maxErrorRetry=4 ]
Dec-09 22:54:31.038 [main] DEBUG nextflow.k8s.K8sExecutor - Created K8s configMap with name: nf-get-stat-41cac373
Dec-09 22:54:34.727 [main] DEBUG nextflow.script.ProcessConfig - Config settings `withName:revertFile` matches process revertFile
Dec-09 22:54:34.729 [main] DEBUG nextflow.executor.ExecutorFactory - << taskConfig executor: k8s
Dec-09 22:54:34.730 [main] DEBUG nextflow.executor.ExecutorFactory - >> processorType: 'k8s'
Dec-09 22:54:34.744 [main] DEBUG nextflow.Session - Workflow process names [dsl2]: revertFile, combineFiles, writeLargeFile
Dec-09 22:54:34.746 [main] DEBUG nextflow.Session - Igniting dataflow network (3)
Dec-09 22:54:34.748 [main] DEBUG nextflow.processor.TaskProcessor - Starting process > writeLargeFile
Dec-09 22:54:34.763 [main] DEBUG nextflow.processor.TaskProcessor - Starting process > revertFile
Dec-09 22:54:34.764 [main] DEBUG nextflow.script.ScriptRunner - > Awaiting termination 
Dec-09 22:54:34.764 [main] DEBUG nextflow.Session - Session await
Dec-09 22:54:35.075 [Task submitter] INFO  nextflow.Session - [05/50298f] Submitted process > writeLargeFile (29)
Dec-09 22:54:35.131 [Task submitter] INFO  nextflow.Session - [82/cdbcdb] Submitted process > writeLargeFile (11)
Dec-09 22:54:35.180 [Task submitter] INFO  nextflow.Session - [68/0a191a] Submitted process > writeLargeFile (1)
Dec-09 22:54:35.220 [Task submitter] INFO  nextflow.Session - [f4/87da1b] Submitted process > writeLargeFile (25)
Dec-09 22:54:35.262 [Task submitter] INFO  nextflow.Session - [89/ad9aed] Submitted process > writeLargeFile (10)
Dec-09 22:54:35.310 [Task submitter] INFO  nextflow.Session - [2e/7ba1d6] Submitted process > writeLargeFile (30)
Dec-09 22:54:35.349 [Task submitter] INFO  nextflow.Session - [2b/7c6d0a] Submitted process > writeLargeFile (4)
Dec-09 22:54:35.391 [Task submitter] INFO  nextflow.Session - [52/8cb864] Submitted process > writeLargeFile (22)
Dec-09 22:54:35.429 [Task submitter] INFO  nextflow.Session - [5d/450912] Submitted process > writeLargeFile (28)
Dec-09 22:54:35.468 [Task submitter] INFO  nextflow.Session - [d2/af93e0] Submitted process > writeLargeFile (17)
Dec-09 22:54:35.505 [Task submitter] INFO  nextflow.Session - [c6/3f4567] Submitted process > writeLargeFile (24)
Dec-09 22:54:35.544 [Task submitter] INFO  nextflow.Session - [25/b19453] Submitted process > writeLargeFile (15)
Dec-09 22:54:35.580 [Task submitter] INFO  nextflow.Session - [e5/f5a262] Submitted process > writeLargeFile (14)
Dec-09 22:54:35.613 [Task submitter] INFO  nextflow.Session - [ee/88fb44] Submitted process > writeLargeFile (20)
Dec-09 22:54:35.650 [Task submitter] INFO  nextflow.Session - [16/600d78] Submitted process > writeLargeFile (6)
Dec-09 22:54:35.692 [Task submitter] INFO  nextflow.Session - [4e/0fd574] Submitted process > writeLargeFile (19)
Dec-09 22:54:35.729 [Task submitter] INFO  nextflow.Session - [f1/3bf18c] Submitted process > writeLargeFile (27)
Dec-09 22:54:35.768 [Task submitter] INFO  nextflow.Session - [4c/397be3] Submitted process > writeLargeFile (7)
Dec-09 22:54:35.806 [Task submitter] INFO  nextflow.Session - [f3/be7f4c] Submitted process > writeLargeFile (2)
Dec-09 22:54:35.840 [Task submitter] INFO  nextflow.Session - [07/cd99a2] Submitted process > writeLargeFile (32)
Dec-09 22:54:35.875 [Task submitter] INFO  nextflow.Session - [a3/e6f700] Submitted process > writeLargeFile (3)
Dec-09 22:54:35.912 [Task submitter] INFO  nextflow.Session - [b6/bad8ff] Submitted process > writeLargeFile (21)
Dec-09 22:54:35.947 [Task submitter] INFO  nextflow.Session - [5e/c2c750] Submitted process > writeLargeFile (35)
Dec-09 22:54:35.981 [Task submitter] INFO  nextflow.Session - [45/28ce5d] Submitted process > writeLargeFile (23)
Dec-09 22:54:36.018 [Task submitter] INFO  nextflow.Session - [8e/afc58b] Submitted process > writeLargeFile (16)
Dec-09 22:54:36.055 [Task submitter] INFO  nextflow.Session - [0a/d66d22] Submitted process > writeLargeFile (31)
Dec-09 22:54:36.090 [Task submitter] INFO  nextflow.Session - [fc/97060f] Submitted process > writeLargeFile (18)
Dec-09 22:54:36.124 [Task submitter] INFO  nextflow.Session - [36/5fb7a8] Submitted process > writeLargeFile (12)
Dec-09 22:54:36.164 [Task submitter] INFO  nextflow.Session - [2b/1d8cf4] Submitted process > writeLargeFile (8)
Dec-09 22:54:36.199 [Task submitter] INFO  nextflow.Session - [4b/bfabcd] Submitted process > writeLargeFile (13)
Dec-09 22:54:36.233 [Task submitter] INFO  nextflow.Session - [27/f8c759] Submitted process > writeLargeFile (26)
Dec-09 22:54:36.268 [Task submitter] INFO  nextflow.Session - [e1/9eac5b] Submitted process > writeLargeFile (9)
Dec-09 22:54:36.304 [Task submitter] INFO  nextflow.Session - [20/05d00e] Submitted process > writeLargeFile (5)
Dec-09 22:54:36.335 [Task submitter] INFO  nextflow.Session - [36/fb1aea] Submitted process > writeLargeFile (34)
Dec-09 22:54:36.376 [Task submitter] INFO  nextflow.Session - [42/06adbb] Submitted process > writeLargeFile (38)
Dec-09 22:54:36.414 [Task submitter] INFO  nextflow.Session - [c4/5eb191] Submitted process > writeLargeFile (39)
Dec-09 22:54:36.450 [Task submitter] INFO  nextflow.Session - [4d/199aaf] Submitted process > writeLargeFile (42)
Dec-09 22:54:36.483 [Task submitter] INFO  nextflow.Session - [f2/2d1edd] Submitted process > writeLargeFile (37)
Dec-09 22:54:36.520 [Task submitter] INFO  nextflow.Session - [ed/bb7864] Submitted process > writeLargeFile (36)
Dec-09 22:54:36.553 [Task submitter] INFO  nextflow.Session - [5e/461940] Submitted process > writeLargeFile (53)
Dec-09 22:54:36.590 [Task submitter] INFO  nextflow.Session - [e8/acdd00] Submitted process > writeLargeFile (33)
Dec-09 22:54:36.628 [Task submitter] INFO  nextflow.Session - [78/8c217f] Submitted process > writeLargeFile (43)
Dec-09 22:54:36.661 [Task submitter] INFO  nextflow.Session - [4e/9bb842] Submitted process > writeLargeFile (56)
Dec-09 22:54:36.699 [Task submitter] INFO  nextflow.Session - [21/931a32] Submitted process > writeLargeFile (45)
Dec-09 22:54:36.733 [Task submitter] INFO  nextflow.Session - [2c/46a9c7] Submitted process > writeLargeFile (46)
Dec-09 22:54:36.768 [Task submitter] INFO  nextflow.Session - [1c/20bb9c] Submitted process > writeLargeFile (41)
Dec-09 22:54:36.802 [Task submitter] INFO  nextflow.Session - [c8/42fb06] Submitted process > writeLargeFile (47)
Dec-09 22:54:36.835 [Task submitter] INFO  nextflow.Session - [e7/56b2bc] Submitted process > writeLargeFile (40)
Dec-09 22:54:36.871 [Task submitter] INFO  nextflow.Session - [1c/5d8b38] Submitted process > writeLargeFile (61)
Dec-09 22:54:36.906 [Task submitter] INFO  nextflow.Session - [d1/9254a2] Submitted process > writeLargeFile (44)
Dec-09 22:54:36.943 [Task submitter] INFO  nextflow.Session - [e7/b5e4c6] Submitted process > writeLargeFile (64)
Dec-09 22:54:36.976 [Task submitter] INFO  nextflow.Session - [66/e853d7] Submitted process > writeLargeFile (57)
Dec-09 22:54:37.010 [Task submitter] INFO  nextflow.Session - [5e/308b80] Submitted process > writeLargeFile (66)
Dec-09 22:54:37.045 [Task submitter] INFO  nextflow.Session - [fd/d9ca8d] Submitted process > writeLargeFile (48)
Dec-09 22:54:37.084 [Task submitter] INFO  nextflow.Session - [e7/009f8d] Submitted process > writeLargeFile (58)
Dec-09 22:54:37.118 [Task submitter] INFO  nextflow.Session - [d1/0a75fe] Submitted process > writeLargeFile (60)
Dec-09 22:54:37.159 [Task submitter] INFO  nextflow.Session - [1e/2c5df6] Submitted process > writeLargeFile (55)
Dec-09 22:54:37.217 [Task submitter] INFO  nextflow.Session - [d6/9d64be] Submitted process > writeLargeFile (49)
Dec-09 22:54:37.256 [Task submitter] INFO  nextflow.Session - [b6/1c3eab] Submitted process > writeLargeFile (71)
Dec-09 22:54:37.321 [Task submitter] INFO  nextflow.Session - [c7/b63a4b] Submitted process > writeLargeFile (51)
Dec-09 22:54:37.384 [Task submitter] INFO  nextflow.Session - [be/365541] Submitted process > writeLargeFile (50)
Dec-09 22:54:37.437 [Task submitter] INFO  nextflow.Session - [44/bfa022] Submitted process > writeLargeFile (54)
Dec-09 22:54:37.519 [Task submitter] INFO  nextflow.Session - [5d/1ef621] Submitted process > writeLargeFile (77)
Dec-09 22:54:37.580 [Task submitter] INFO  nextflow.Session - [38/a5fd0f] Submitted process > writeLargeFile (62)
Dec-09 22:54:37.651 [Task submitter] INFO  nextflow.Session - [86/aeead4] Submitted process > writeLargeFile (52)
Dec-09 22:54:37.709 [Task submitter] INFO  nextflow.Session - [4b/1914a8] Submitted process > writeLargeFile (83)
Dec-09 22:54:37.774 [Task submitter] INFO  nextflow.Session - [0b/56c13e] Submitted process > writeLargeFile (59)
Dec-09 22:54:37.819 [Task submitter] INFO  nextflow.Session - [35/7c24ac] Submitted process > writeLargeFile (63)
Dec-09 22:54:37.897 [Task submitter] INFO  nextflow.Session - [07/64fa99] Submitted process > writeLargeFile (88)
Dec-09 22:54:37.950 [Task submitter] INFO  nextflow.Session - [33/d53d40] Submitted process > writeLargeFile (75)
Dec-09 22:54:38.001 [Task submitter] INFO  nextflow.Session - [fa/e7e6ad] Submitted process > writeLargeFile (70)
Dec-09 22:54:38.046 [Task submitter] INFO  nextflow.Session - [a4/a8e4c8] Submitted process > writeLargeFile (76)
Dec-09 22:54:38.098 [Task submitter] INFO  nextflow.Session - [61/ac853c] Submitted process > writeLargeFile (81)
Dec-09 22:54:38.157 [Task submitter] INFO  nextflow.Session - [07/0034ce] Submitted process > writeLargeFile (96)
Dec-09 22:54:38.199 [Task submitter] INFO  nextflow.Session - [55/3bb3cb] Submitted process > writeLargeFile (79)
Dec-09 22:54:38.258 [Task submitter] INFO  nextflow.Session - [ee/0bd86c] Submitted process > writeLargeFile (98)
Dec-09 22:54:38.319 [Task submitter] INFO  nextflow.Session - [b2/25065a] Submitted process > writeLargeFile (82)
Dec-09 22:54:38.416 [Task submitter] INFO  nextflow.Session - [f1/ae3009] Submitted process > writeLargeFile (100)
Dec-09 22:54:38.474 [Task submitter] INFO  nextflow.Session - [9b/a4c193] Submitted process > writeLargeFile (69)
Dec-09 22:54:38.553 [Task submitter] INFO  nextflow.Session - [c3/2ed904] Submitted process > writeLargeFile (65)
Dec-09 22:54:38.614 [Task submitter] INFO  nextflow.Session - [aa/cf8d1e] Submitted process > writeLargeFile (80)
Dec-09 22:54:38.674 [Task submitter] INFO  nextflow.Session - [18/af1acf] Submitted process > writeLargeFile (85)
Dec-09 22:54:38.727 [Task submitter] INFO  nextflow.Session - [73/a59798] Submitted process > writeLargeFile (84)
Dec-09 22:54:38.785 [Task submitter] INFO  nextflow.Session - [5f/57d4b2] Submitted process > writeLargeFile (73)
Dec-09 22:54:38.833 [Task submitter] INFO  nextflow.Session - [24/1ed50f] Submitted process > writeLargeFile (68)
Dec-09 22:54:38.887 [Task submitter] INFO  nextflow.Session - [15/8ecc8b] Submitted process > writeLargeFile (67)
Dec-09 22:54:38.934 [Task submitter] INFO  nextflow.Session - [95/1bd374] Submitted process > writeLargeFile (78)
Dec-09 22:54:38.999 [Task submitter] INFO  nextflow.Session - [6a/b029be] Submitted process > writeLargeFile (74)
Dec-09 22:54:39.055 [Task submitter] INFO  nextflow.Session - [6c/56b6ea] Submitted process > writeLargeFile (72)
Dec-09 22:54:39.130 [Task submitter] INFO  nextflow.Session - [3a/dac8b4] Submitted process > writeLargeFile (87)
Dec-09 22:54:39.193 [Task submitter] INFO  nextflow.Session - [9e/0810f2] Submitted process > writeLargeFile (90)
Dec-09 22:54:39.249 [Task submitter] INFO  nextflow.Session - [ae/47b66e] Submitted process > writeLargeFile (86)
Dec-09 22:54:39.328 [Task submitter] INFO  nextflow.Session - [d0/b6334c] Submitted process > writeLargeFile (94)
Dec-09 22:54:39.386 [Task submitter] INFO  nextflow.Session - [31/107506] Submitted process > writeLargeFile (91)
Dec-09 22:54:39.442 [Task submitter] INFO  nextflow.Session - [2a/90a154] Submitted process > writeLargeFile (99)
Dec-09 22:54:39.522 [Task submitter] INFO  nextflow.Session - [02/f242e3] Submitted process > writeLargeFile (92)
Dec-09 22:54:39.598 [Task submitter] INFO  nextflow.Session - [37/6ec6d8] Submitted process > writeLargeFile (89)
Dec-09 22:54:39.653 [Task submitter] INFO  nextflow.Session - [32/b8200d] Submitted process > writeLargeFile (95)
Dec-09 22:54:39.714 [Task submitter] INFO  nextflow.Session - [e6/b1c3ab] Submitted process > writeLargeFile (93)
Dec-09 22:54:39.778 [Task submitter] INFO  nextflow.Session - [74/1bc5e0] Submitted process > writeLargeFile (97)
Dec-09 22:54:45.639 [Task monitor] DEBUG n.processor.TaskPollingMonitor - Task completed > TaskHandler[id: 29; name: writeLargeFile (29); status: COMPLETED; exit: 0; error: -; workDir: /input/data/work/05/50298f53c5e0ef0139ab92a462fd81]
Dec-09 22:54:45.723 [Task monitor] DEBUG n.processor.TaskPollingMonitor - Task completed > TaskHandler[id: 11; name: writeLargeFile (11); status: COMPLETED; exit: 0; error: -; workDir: /input/data/work/82/cdbcdb7d375223d436baaafe8a1fc2]
Dec-09 22:54:45.740 [Task submitter] INFO  nextflow.Session - [39/736caf] Submitted process > revertFile (29)
Dec-09 22:54:45.767 [Task monitor] DEBUG n.processor.TaskPollingMonitor - Task completed > TaskHandler[id: 1; name: writeLargeFile (1); status: COMPLETED; exit: 0; error: -; workDir: /input/data/work/68/0a191a7ca7d62e6cf99af0c60ba29b]
Dec-09 22:54:45.772 [Task submitter] INFO  nextflow.Session - [59/256c31] Submitted process > revertFile (11)
Dec-09 22:54:45.817 [Task submitter] INFO  nextflow.Session - [21/c19016] Submitted process > revertFile (1)
Dec-09 22:54:45.817 [Task monitor] DEBUG n.processor.TaskPollingMonitor - Task completed > TaskHandler[id: 25; name: writeLargeFile (25); status: COMPLETED; exit: 0; error: -; workDir: /input/data/work/f4/87da1b2d457ece32a83bc8a547050d]
Dec-09 22:54:45.863 [Task submitter] INFO  nextflow.Session - [5e/319960] Submitted process > revertFile (25)
Dec-09 22:54:45.864 [Task monitor] DEBUG n.processor.TaskPollingMonitor - Task completed > TaskHandler[id: 10; name: writeLargeFile (10); status: COMPLETED; exit: 0; error: -; workDir: /input/data/work/89/ad9aedf144b06222633320939f7211]
Dec-09 22:54:45.901 [Task submitter] INFO  nextflow.Session - [ed/c25ce3] Submitted process > revertFile (10)
Dec-09 22:54:45.916 [Task monitor] DEBUG n.processor.TaskPollingMonitor - Task completed > TaskHandler[id: 30; name: writeLargeFile (30); status: COMPLETED; exit: 0; error: -; workDir: /input/data/work/2e/7ba1d6b9adac74f8075a62db2b2ade]
Dec-09 22:54:45.950 [Task submitter] INFO  nextflow.Session - [4b/766516] Submitted process > revertFile (30)
Dec-09 22:54:45.956 [Task monitor] DEBUG n.processor.TaskPollingMonitor - Task completed > TaskHandler[id: 4; name: writeLargeFile (4); status: COMPLETED; exit: 0; error: -; workDir: /input/data/work/2b/7c6d0adf3e4b6dd56ef74e98c4eb0d]
Dec-09 22:54:45.991 [Task submitter] INFO  nextflow.Session - [54/fb1c60] Submitted process > revertFile (4)
Dec-09 22:54:46.002 [Task monitor] DEBUG n.processor.TaskPollingMonitor - Task completed > TaskHandler[id: 22; name: writeLargeFile (22); status: COMPLETED; exit: 0; error: -; workDir: /input/data/work/52/8cb86473c6a82347484bb6c75bc9eb]
Dec-09 22:54:46.043 [Task submitter] INFO  nextflow.Session - [3f/4664d8] Submitted process > revertFile (22)
Dec-09 22:54:46.048 [Task monitor] DEBUG n.processor.TaskPollingMonitor - Task completed > TaskHandler[id: 28; name: writeLargeFile (28); status: COMPLETED; exit: 0; error: -; workDir: /input/data/work/5d/450912154377ff7055d9271e0892b4]
Dec-09 22:54:46.089 [Task submitter] INFO  nextflow.Session - [44/ea68fc] Submitted process > revertFile (28)
Dec-09 22:54:46.093 [Task monitor] DEBUG n.processor.TaskPollingMonitor - Task completed > TaskHandler[id: 17; name: writeLargeFile (17); status: COMPLETED; exit: 0; error: -; workDir: /input/data/work/d2/af93e0273f492d5267bbbcd844a58c]
Dec-09 22:54:46.131 [Task submitter] INFO  nextflow.Session - [35/a30c4e] Submitted process > revertFile (17)
Dec-09 22:54:46.139 [Task monitor] DEBUG n.processor.TaskPollingMonitor - Task completed > TaskHandler[id: 24; name: writeLargeFile (24); status: COMPLETED; exit: 0; error: -; workDir: /input/data/work/c6/3f4567a33d4f18aa33669d3bf61aa8]
Dec-09 22:54:46.180 [Task monitor] DEBUG n.processor.TaskPollingMonitor - Task completed > TaskHandler[id: 15; name: writeLargeFile (15); status: COMPLETED; exit: 0; error: -; workDir: /input/data/work/25/b19453bf1b36f9366305da18d07ca8]
Dec-09 22:54:46.180 [Task submitter] INFO  nextflow.Session - [e4/4f3945] Submitted process > revertFile (24)
Dec-09 22:54:46.219 [Task submitter] INFO  nextflow.Session - [fe/21d83d] Submitted process > revertFile (15)
Dec-09 22:54:46.224 [Task monitor] DEBUG n.processor.TaskPollingMonitor - Task completed > TaskHandler[id: 14; name: writeLargeFile (14); status: COMPLETED; exit: 0; error: -; workDir: /input/data/work/e5/f5a2620cae9b220158699972572551]
Dec-09 22:54:46.275 [Task submitter] INFO  nextflow.Session - [82/216cf9] Submitted process > revertFile (14)
Dec-09 22:54:46.275 [Task monitor] DEBUG n.processor.TaskPollingMonitor - Task completed > TaskHandler[id: 20; name: writeLargeFile (20); status: COMPLETED; exit: 0; error: -; workDir: /input/data/work/ee/88fb44012472561da85a2b7fddea3a]
Dec-09 22:54:46.312 [Task submitter] INFO  nextflow.Session - [4e/cdb6d7] Submitted process > revertFile (20)
Dec-09 22:54:46.325 [Task monitor] DEBUG n.processor.TaskPollingMonitor - Task completed > TaskHandler[id: 6; name: writeLargeFile (6); status: COMPLETED; exit: 0; error: -; workDir: /input/data/work/16/600d78b25088386023327c1717a61f]
Dec-09 22:54:46.368 [Task submitter] INFO  nextflow.Session - [78/a3a53c] Submitted process > revertFile (6)
Dec-09 22:54:46.376 [Task monitor] DEBUG n.processor.TaskPollingMonitor - Task completed > TaskHandler[id: 19; name: writeLargeFile (19); status: COMPLETED; exit: 0; error: -; workDir: /input/data/work/4e/0fd5746bb9719bbed0d732bd8fa457]
Dec-09 22:54:46.423 [Task submitter] INFO  nextflow.Session - [cb/36f04f] Submitted process > revertFile (19)
Dec-09 22:54:46.518 [Task monitor] DEBUG n.processor.TaskPollingMonitor - Task completed > TaskHandler[id: 27; name: writeLargeFile (27); status: COMPLETED; exit: 0; error: -; workDir: /input/data/work/f1/3bf18c0c3941062846a4efa1932027]
Dec-09 22:54:46.634 [Task submitter] INFO  nextflow.Session - [f3/f01312] Submitted process > revertFile (27)
Dec-09 22:54:46.696 [Task monitor] DEBUG n.processor.TaskPollingMonitor - Task completed > TaskHandler[id: 7; name: writeLargeFile (7); status: COMPLETED; exit: 0; error: -; workDir: /input/data/work/4c/397be3a55f2d6bb7e582db87e82872]
Dec-09 22:54:46.734 [Task submitter] INFO  nextflow.Session - [e5/76de37] Submitted process > revertFile (7)
Dec-09 22:54:54.758 [Task monitor] DEBUG n.processor.TaskPollingMonitor - Task completed > TaskHandler[id: 78; name: writeLargeFile (78); status: COMPLETED; exit: 0; error: -; workDir: /input/data/work/95/1bd374f02ee107b7e2fb8b0cd51434]
Dec-09 22:54:54.830 [Task submitter] INFO  nextflow.Session - [b4/ecfbe8] Submitted process > revertFile (78)
Dec-09 22:54:54.852 [Task monitor] DEBUG n.processor.TaskPollingMonitor - Task completed > TaskHandler[id: 74; name: writeLargeFile (74); status: COMPLETED; exit: 0; error: -; workDir: /input/data/work/6a/b029bef510253de31bf55cb8429a35]
Dec-09 22:54:54.893 [Task submitter] INFO  nextflow.Session - [79/3a723a] Submitted process > revertFile (74)
Dec-09 22:54:54.931 [Task monitor] DEBUG n.processor.TaskPollingMonitor - Task completed > TaskHandler[id: 72; name: writeLargeFile (72); status: COMPLETED; exit: 0; error: -; workDir: /input/data/work/6c/56b6eaa48d748e77e4f1e448122db8]
Dec-09 22:54:54.972 [Task submitter] INFO  nextflow.Session - [51/a8f3ac] Submitted process > revertFile (72)
Dec-09 22:54:55.007 [Task monitor] DEBUG n.processor.TaskPollingMonitor - Task completed > TaskHandler[id: 87; name: writeLargeFile (87); status: COMPLETED; exit: 0; error: -; workDir: /input/data/work/3a/dac8b4272f81ba7955da8f85f067b4]
Dec-09 22:54:55.065 [Task monitor] DEBUG n.processor.TaskPollingMonitor - Task completed > TaskHandler[id: 90; name: writeLargeFile (90); status: COMPLETED; exit: 0; error: -; workDir: /input/data/work/9e/0810f261a3259108b4720b82d9f326]
Dec-09 22:54:55.068 [Task submitter] INFO  nextflow.Session - [e7/6c6f89] Submitted process > revertFile (87)
Dec-09 22:54:55.105 [Task submitter] INFO  nextflow.Session - [1f/324e80] Submitted process > revertFile (90)
Dec-09 22:54:55.175 [Task monitor] DEBUG n.processor.TaskPollingMonitor - Task completed > TaskHandler[id: 86; name: writeLargeFile (86); status: COMPLETED; exit: 0; error: -; workDir: /input/data/work/ae/47b66e1547101a7df5336a46da7810]
Dec-09 22:54:55.214 [Task submitter] INFO  nextflow.Session - [58/438287] Submitted process > revertFile (86)
Dec-09 22:54:55.253 [Task monitor] DEBUG n.processor.TaskPollingMonitor - Task completed > TaskHandler[id: 94; name: writeLargeFile (94); status: COMPLETED; exit: 0; error: -; workDir: /input/data/work/d0/b6334c280b55c96f885a7f48f287b2]
Dec-09 22:54:55.289 [Task submitter] INFO  nextflow.Session - [76/e64a35] Submitted process > revertFile (94)
Dec-09 22:54:55.333 [Task monitor] DEBUG n.processor.TaskPollingMonitor - Task completed > TaskHandler[id: 91; name: writeLargeFile (91); status: COMPLETED; exit: 0; error: -; workDir: /input/data/work/31/1075061908590d69e7228e5c9d2bf1]
Dec-09 22:54:55.400 [Task monitor] DEBUG n.processor.TaskPollingMonitor - Task completed > TaskHandler[id: 99; name: writeLargeFile (99); status: COMPLETED; exit: 0; error: -; workDir: /input/data/work/2a/90a15487d19895bb51991d1dc44af2]
Dec-09 22:54:55.401 [Task submitter] INFO  nextflow.Session - [0b/d5102c] Submitted process > revertFile (91)
Dec-09 22:54:55.437 [Task submitter] INFO  nextflow.Session - [f4/d4349c] Submitted process > revertFile (99)
Dec-09 22:54:55.464 [Task monitor] DEBUG n.processor.TaskPollingMonitor - Task completed > TaskHandler[id: 92; name: writeLargeFile (92); status: COMPLETED; exit: 0; error: -; workDir: /input/data/work/02/f242e3c760f98d5fb8ab5526eb705b]
Dec-09 22:54:55.509 [Task submitter] INFO  nextflow.Session - [70/1db7c0] Submitted process > revertFile (92)
Dec-09 22:54:55.569 [Task monitor] DEBUG n.processor.TaskPollingMonitor - Task completed > TaskHandler[id: 89; name: writeLargeFile (89); status: COMPLETED; exit: 0; error: -; workDir: /input/data/work/37/6ec6d8d5961e7a539bc51418793bcc]
Dec-09 22:54:55.607 [Task submitter] INFO  nextflow.Session - [cf/c2c715] Submitted process > revertFile (89)
Dec-09 22:54:55.662 [Task monitor] DEBUG n.processor.TaskPollingMonitor - Task completed > TaskHandler[id: 95; name: writeLargeFile (95); status: COMPLETED; exit: 0; error: -; workDir: /input/data/work/32/b8200d104cef400ff82206e40eb38d]
Dec-09 22:54:55.731 [Task submitter] INFO  nextflow.Session - [21/a6ce8c] Submitted process > revertFile (95)
Dec-09 22:54:55.738 [Task monitor] DEBUG n.processor.TaskPollingMonitor - Task completed > TaskHandler[id: 93; name: writeLargeFile (93); status: COMPLETED; exit: 0; error: -; workDir: /input/data/work/e6/b1c3ab8728cd56271b605ad0b18735]
Dec-09 22:54:55.776 [Task submitter] INFO  nextflow.Session - [ac/83a337] Submitted process > revertFile (93)
Dec-09 22:54:55.804 [Task monitor] DEBUG n.processor.TaskPollingMonitor - Task completed > TaskHandler[id: 97; name: writeLargeFile (97); status: COMPLETED; exit: 0; error: -; workDir: /input/data/work/74/1bc5e015d9da5b6652fa312cec00ea]
Dec-09 22:54:55.863 [Task submitter] INFO  nextflow.Session - [47/bbe4be] Submitted process > revertFile (97)
Dec-09 22:54:56.689 [Task monitor] DEBUG n.processor.TaskPollingMonitor - Task completed > TaskHandler[id: 2; name: writeLargeFile (2); status: COMPLETED; exit: 0; error: -; workDir: /input/data/work/f3/be7f4c56e3bdfec2ac89aadce33adc]
Dec-09 22:54:56.757 [Task submitter] INFO  nextflow.Session - [83/4d81c1] Submitted process > revertFile (2)
Dec-09 22:54:56.765 [Task monitor] DEBUG n.processor.TaskPollingMonitor - Task completed > TaskHandler[id: 32; name: writeLargeFile (32); status: COMPLETED; exit: 0; error: -; workDir: /input/data/work/07/cd99a2c4cf8fb311995c81b3addfa7]
Dec-09 22:54:56.806 [Task submitter] INFO  nextflow.Session - [40/e3b0ca] Submitted process > revertFile (32)
Dec-09 22:54:56.834 [Task monitor] DEBUG n.processor.TaskPollingMonitor - Task completed > TaskHandler[id: 3; name: writeLargeFile (3); status: COMPLETED; exit: 0; error: -; workDir: /input/data/work/a3/e6f7006518ff56a29f8c3efc3da81b]
Dec-09 22:54:56.872 [Task submitter] INFO  nextflow.Session - [28/e26889] Submitted process > revertFile (3)
Dec-09 22:54:56.947 [Task monitor] DEBUG n.processor.TaskPollingMonitor - Task completed > TaskHandler[id: 21; name: writeLargeFile (21); status: COMPLETED; exit: 0; error: -; workDir: /input/data/work/b6/bad8ffa9f20e6f4336b50833c25e8a]
Dec-09 22:54:57.024 [Task submitter] INFO  nextflow.Session - [fa/4c3d6d] Submitted process > revertFile (21)
Dec-09 22:55:03.259 [Task monitor] DEBUG n.processor.TaskPollingMonitor - Task completed > TaskHandler[id: 64; name: writeLargeFile (64); status: COMPLETED; exit: 0; error: -; workDir: /input/data/work/e7/b5e4c6e38ee2fd76c5aecf8544ab32]
Dec-09 22:55:03.327 [Task submitter] INFO  nextflow.Session - [90/3af64c] Submitted process > revertFile (64)
Dec-09 22:55:05.034 [Task monitor] DEBUG n.processor.TaskPollingMonitor - Task completed > TaskHandler[id: 84; name: writeLargeFile (84); status: COMPLETED; exit: 0; error: -; workDir: /input/data/work/73/a59798f316b837e7bc934acf4512bc]
Dec-09 22:55:05.074 [Task submitter] INFO  nextflow.Session - [15/bab7f2] Submitted process > revertFile (84)
Dec-09 22:55:05.122 [Task monitor] DEBUG n.processor.TaskPollingMonitor - Task completed > TaskHandler[id: 68; name: writeLargeFile (68); status: COMPLETED; exit: 0; error: -; workDir: /input/data/work/24/1ed50f581716694222ac1ad4033f91]
Dec-09 22:55:05.185 [Task submitter] INFO  nextflow.Session - [aa/41022a] Submitted process > revertFile (68)
Dec-09 22:55:07.051 [Task monitor] DEBUG n.processor.TaskPollingMonitor - Task completed > TaskHandler[id: 35; name: writeLargeFile (35); status: COMPLETED; exit: 0; error: -; workDir: /input/data/work/5e/c2c750a1e06ec109a45339d847e39a]
Dec-09 22:55:07.118 [Task monitor] DEBUG n.processor.TaskPollingMonitor - Task completed > TaskHandler[id: 23; name: writeLargeFile (23); status: COMPLETED; exit: 0; error: -; workDir: /input/data/work/45/28ce5d555ebd0f5f64361915bed497]
Dec-09 22:55:07.159 [Task submitter] INFO  nextflow.Session - [f0/785699] Submitted process > revertFile (35)
Dec-09 22:55:07.195 [Task submitter] INFO  nextflow.Session - [f4/366c75] Submitted process > revertFile (23)
Dec-09 22:55:07.196 [Task monitor] DEBUG n.processor.TaskPollingMonitor - Task completed > TaskHandler[id: 16; name: writeLargeFile (16); status: COMPLETED; exit: 0; error: -; workDir: /input/data/work/8e/afc58b0e8d44be92c934eed99b1c93]
Dec-09 22:55:07.236 [Task submitter] INFO  nextflow.Session - [e4/61ac93] Submitted process > revertFile (16)
Dec-09 22:55:08.462 [Task monitor] DEBUG n.processor.TaskPollingMonitor - Task completed > TaskHandler[id: 40; name: writeLargeFile (40); status: COMPLETED; exit: 0; error: -; workDir: /input/data/work/e7/56b2bc04aac8d49597ed3fbe0181e1]
Dec-09 22:55:08.523 [Task submitter] INFO  nextflow.Session - [43/30071b] Submitted process > revertFile (40)
Dec-09 22:55:08.652 [Task monitor] DEBUG n.processor.TaskPollingMonitor - Task completed > TaskHandler[id: 61; name: writeLargeFile (61); status: COMPLETED; exit: 0; error: -; workDir: /input/data/work/1c/5d8b38c81bf5fa729404092a0fb6f8]
Dec-09 22:55:08.754 [Task submitter] INFO  nextflow.Session - [71/b8a2ee] Submitted process > revertFile (61)
Dec-09 22:55:08.792 [Task monitor] DEBUG n.processor.TaskPollingMonitor - Task completed > TaskHandler[id: 44; name: writeLargeFile (44); status: COMPLETED; exit: 0; error: -; workDir: /input/data/work/d1/9254a222af9bde787defa6ca2b736b]
Dec-09 22:55:08.890 [Task submitter] INFO  nextflow.Session - [b0/0c1e24] Submitted process > revertFile (44)
Dec-09 22:55:08.920 [Task monitor] DEBUG n.processor.TaskPollingMonitor - Task completed > TaskHandler[id: 57; name: writeLargeFile (57); status: COMPLETED; exit: 0; error: -; workDir: /input/data/work/66/e853d7eecad709ad563553b6f79ea3]
Dec-09 22:55:09.008 [Task submitter] INFO  nextflow.Session - [ad/4164fe] Submitted process > revertFile (57)
Dec-09 22:55:09.082 [Task monitor] DEBUG n.processor.TaskPollingMonitor - Task completed > TaskHandler[id: 66; name: writeLargeFile (66); status: COMPLETED; exit: 0; error: -; workDir: /input/data/work/5e/308b8099c0e66574229873b8e752f1]
Dec-09 22:55:09.153 [Task submitter] INFO  nextflow.Session - [9c/4baec5] Submitted process > revertFile (66)
Dec-09 22:55:09.254 [Task monitor] DEBUG n.processor.TaskPollingMonitor - Task completed > TaskHandler[id: 48; name: writeLargeFile (48); status: COMPLETED; exit: 0; error: -; workDir: /input/data/work/fd/d9ca8d965dd353551479ecfecd62b7]
Dec-09 22:55:09.352 [Task submitter] INFO  nextflow.Session - [07/7f4fa2] Submitted process > revertFile (48)
Dec-09 22:55:09.595 [Task monitor] DEBUG n.processor.TaskPollingMonitor - Task completed > TaskHandler[id: 51; name: writeLargeFile (51); status: COMPLETED; exit: 0; error: -; workDir: /input/data/work/c7/b63a4b0d277f78f2a5e272f5ac4b1b]
Dec-09 22:55:09.688 [Task submitter] INFO  nextflow.Session - [86/011e56] Submitted process > revertFile (51)
Dec-09 22:55:09.748 [Task monitor] DEBUG n.processor.TaskPollingMonitor - Task completed > TaskHandler[id: 50; name: writeLargeFile (50); status: COMPLETED; exit: 0; error: -; workDir: /input/data/work/be/365541b30cbae663021c75a6b65290]
Dec-09 22:55:09.832 [Task submitter] INFO  nextflow.Session - [6d/250fae] Submitted process > revertFile (50)
Dec-09 22:55:11.246 [Task monitor] DEBUG n.processor.TaskPollingMonitor - Task completed > TaskHandler[id: 73; name: writeLargeFile (73); status: COMPLETED; exit: 0; error: -; workDir: /input/data/work/5f/57d4b28c64a7e6e413724fab3f38a7]
Dec-09 22:55:11.305 [Task submitter] INFO  nextflow.Session - [18/c92ba0] Submitted process > revertFile (73)
Dec-09 22:55:11.421 [Task monitor] DEBUG n.processor.TaskPollingMonitor - Task completed > TaskHandler[id: 67; name: writeLargeFile (67); status: COMPLETED; exit: 0; error: -; workDir: /input/data/work/15/8ecc8bfd2094ca6fd9e7384c397d88]
Dec-09 22:55:11.487 [Task submitter] INFO  nextflow.Session - [92/65beb7] Submitted process > revertFile (67)
Dec-09 22:55:14.133 [Task monitor] DEBUG n.processor.TaskPollingMonitor - Task completed > TaskHandler[id: 31; name: writeLargeFile (31); status: COMPLETED; exit: 0; error: -; workDir: /input/data/work/0a/d66d2289c0f6930cd4d3d0dff56aff]
Dec-09 22:55:14.260 [Task submitter] INFO  nextflow.Session - [e8/a31b48] Submitted process > revertFile (31)
Dec-09 22:55:14.352 [Task monitor] DEBUG n.processor.TaskPollingMonitor - Task completed > TaskHandler[id: 18; name: writeLargeFile (18); status: COMPLETED; exit: 0; error: -; workDir: /input/data/work/fc/97060fc3b3d0f947cc16db9d8c764e]
Dec-09 22:55:14.391 [Task submitter] INFO  nextflow.Session - [ae/ae282d] Submitted process > revertFile (18)
Dec-09 22:55:15.985 [Task monitor] DEBUG n.processor.TaskPollingMonitor - Task completed > TaskHandler[id: 55; name: writeLargeFile (55); status: COMPLETED; exit: 0; error: -; workDir: /input/data/work/1e/2c5df63ede9ca99f67284a1013b766]
Dec-09 22:55:16.097 [Task submitter] INFO  nextflow.Session - [42/d35d46] Submitted process > revertFile (55)
Dec-09 22:55:16.254 [Task monitor] DEBUG n.processor.TaskPollingMonitor - Task completed > TaskHandler[id: 49; name: writeLargeFile (49); status: COMPLETED; exit: 0; error: -; workDir: /input/data/work/d6/9d64be452c85af76eba4bd222d9018]
Dec-09 22:55:16.291 [Task submitter] INFO  nextflow.Session - [5e/721d6a] Submitted process > revertFile (49)
Dec-09 22:55:16.469 [Task monitor] DEBUG n.processor.TaskPollingMonitor - Task completed > TaskHandler[id: 71; name: writeLargeFile (71); status: COMPLETED; exit: 0; error: -; workDir: /input/data/work/b6/1c3eab4ff5a96f0e2d818062789dbd]
Dec-09 22:55:16.505 [Task submitter] INFO  nextflow.Session - [a4/1d7e56] Submitted process > revertFile (71)
Dec-09 22:55:16.774 [Task monitor] DEBUG n.processor.TaskPollingMonitor - Task completed > TaskHandler[id: 54; name: writeLargeFile (54); status: COMPLETED; exit: 0; error: -; workDir: /input/data/work/44/bfa022efe75d1519c1b7155a34d161]
Dec-09 22:55:16.902 [Task submitter] INFO  nextflow.Session - [e9/070bc4] Submitted process > revertFile (54)
Dec-09 22:55:16.905 [Task monitor] DEBUG n.processor.TaskPollingMonitor - Task completed > TaskHandler[id: 77; name: writeLargeFile (77); status: COMPLETED; exit: 0; error: -; workDir: /input/data/work/5d/1ef621f41cf2d7c3b33c85c64d58e4]
Dec-09 22:55:17.065 [Task submitter] INFO  nextflow.Session - [0f/9d900a] Submitted process > revertFile (77)
Dec-09 22:55:17.077 [Task monitor] DEBUG n.processor.TaskPollingMonitor - Task completed > TaskHandler[id: 62; name: writeLargeFile (62); status: COMPLETED; exit: 0; error: -; workDir: /input/data/work/38/a5fd0f8d7433759b926dad3a547660]
Dec-09 22:55:17.113 [Task submitter] INFO  nextflow.Session - [b6/75488f] Submitted process > revertFile (62)
Dec-09 22:55:17.180 [Task monitor] DEBUG n.processor.TaskPollingMonitor - Task completed > TaskHandler[id: 52; name: writeLargeFile (52); status: COMPLETED; exit: 0; error: -; workDir: /input/data/work/86/aeead4ef28107b07cf569035d23572]
Dec-09 22:55:17.220 [Task submitter] INFO  nextflow.Session - [8a/efa6b5] Submitted process > revertFile (52)
Dec-09 22:55:17.242 [Task monitor] DEBUG n.processor.TaskPollingMonitor - Task completed > TaskHandler[id: 83; name: writeLargeFile (83); status: COMPLETED; exit: 0; error: -; workDir: /input/data/work/4b/1914a8a55dcefbd5ebb7df179780c4]
Dec-09 22:55:17.279 [Task submitter] INFO  nextflow.Session - [9e/b0a360] Submitted process > revertFile (83)
Dec-09 22:55:17.931 [Task monitor] DEBUG n.processor.TaskPollingMonitor - Task completed > TaskHandler[id: 80; name: writeLargeFile (80); status: COMPLETED; exit: 0; error: -; workDir: /input/data/work/aa/cf8d1e26217f7d0c4ce719d5cc6f70]
Dec-09 22:55:17.972 [Task submitter] INFO  nextflow.Session - [5c/d69702] Submitted process > revertFile (80)
Dec-09 22:55:18.011 [Task monitor] DEBUG n.processor.TaskPollingMonitor - Task completed > TaskHandler[id: 85; name: writeLargeFile (85); status: COMPLETED; exit: 0; error: -; workDir: /input/data/work/18/af1acf7bd7fb1cefa21fed6d9eaa72]
Dec-09 22:55:18.087 [Task submitter] INFO  nextflow.Session - [78/1313df] Submitted process > revertFile (85)
Dec-09 22:55:21.461 [Task monitor] DEBUG n.processor.TaskPollingMonitor - Task completed > TaskHandler[id: 12; name: writeLargeFile (12); status: COMPLETED; exit: 0; error: -; workDir: /input/data/work/36/5fb7a875dab9c66e16ae35754038b0]
Dec-09 22:55:21.533 [Task submitter] INFO  nextflow.Session - [76/1e0f1e] Submitted process > revertFile (12)
Dec-09 22:55:21.632 [Task monitor] DEBUG n.processor.TaskPollingMonitor - Task completed > TaskHandler[id: 8; name: writeLargeFile (8); status: COMPLETED; exit: 0; error: -; workDir: /input/data/work/2b/1d8cf4fdd655676d62c8c21a8d91d4]
Dec-09 22:55:21.712 [Task submitter] INFO  nextflow.Session - [75/a3377a] Submitted process > revertFile (8)
Dec-09 22:55:22.923 [Task monitor] DEBUG n.processor.TaskPollingMonitor - Task completed > TaskHandler[id: 58; name: writeLargeFile (58); status: COMPLETED; exit: 0; error: -; workDir: /input/data/work/e7/009f8d79b0e3227e1d02d5afa6d095]
Dec-09 22:55:23.012 [Task submitter] INFO  nextflow.Session - [9d/a334a7] Submitted process > revertFile (58)
Dec-09 22:55:23.125 [Task monitor] DEBUG n.processor.TaskPollingMonitor - Task completed > TaskHandler[id: 60; name: writeLargeFile (60); status: COMPLETED; exit: 0; error: -; workDir: /input/data/work/d1/0a75fe9788006dbf53d45d884ed0fa]
Dec-09 22:55:23.179 [Task submitter] INFO  nextflow.Session - [d6/d429cc] Submitted process > revertFile (60)
Dec-09 22:55:23.309 [Task monitor] DEBUG n.processor.TaskPollingMonitor - Task completed > TaskHandler[id: 59; name: writeLargeFile (59); status: COMPLETED; exit: 0; error: -; workDir: /input/data/work/0b/56c13e47adf3f06bbbf8001eb45faf]
Dec-09 22:55:23.375 [Task submitter] INFO  nextflow.Session - [62/61f8d1] Submitted process > revertFile (59)
Dec-09 22:55:24.139 [Task monitor] DEBUG n.processor.TaskPollingMonitor - Task completed > TaskHandler[id: 65; name: writeLargeFile (65); status: COMPLETED; exit: 0; error: -; workDir: /input/data/work/c3/2ed904fd767fffce824321126ca7f9]
Dec-09 22:55:24.271 [Task submitter] INFO  nextflow.Session - [69/00c9a7] Submitted process > revertFile (65)
Dec-09 22:55:29.484 [Task monitor] DEBUG n.processor.TaskPollingMonitor - Task completed > TaskHandler[id: 13; name: writeLargeFile (13); status: COMPLETED; exit: 0; error: -; workDir: /input/data/work/4b/bfabcd72434294f7fa1614ed10e878]
Dec-09 22:55:29.692 [Task monitor] DEBUG n.processor.TaskPollingMonitor - Task completed > TaskHandler[id: 9; name: writeLargeFile (9); status: COMPLETED; exit: 0; error: -; workDir: /input/data/work/e1/9eac5baa51e0a051c2408e8cb72485]
Dec-09 22:55:29.734 [Task submitter] INFO  nextflow.Session - [b3/5bf0f6] Submitted process > revertFile (13)
Dec-09 22:55:29.795 [Task submitter] INFO  nextflow.Session - [fe/eba8a0] Submitted process > revertFile (9)
Dec-09 22:55:29.937 [Task monitor] DEBUG n.processor.TaskPollingMonitor - Task completed > TaskHandler[id: 5; name: writeLargeFile (5); status: COMPLETED; exit: 0; error: -; workDir: /input/data/work/20/05d00e19bd2a7c9faf7ce508625d7c]
Dec-09 22:55:29.999 [Task submitter] INFO  nextflow.Session - [c7/6e94e6] Submitted process > revertFile (5)
Dec-09 22:55:30.083 [Task monitor] DEBUG n.processor.TaskPollingMonitor - Task completed > TaskHandler[id: 34; name: writeLargeFile (34); status: COMPLETED; exit: 0; error: -; workDir: /input/data/work/36/fb1aeafff7d3691da1c2503b01b9e6]
Dec-09 22:55:30.184 [Task submitter] INFO  nextflow.Session - [fd/a1cb2a] Submitted process > revertFile (34)
Dec-09 22:55:30.321 [Task monitor] DEBUG n.processor.TaskPollingMonitor - Task completed > TaskHandler[id: 38; name: writeLargeFile (38); status: COMPLETED; exit: 0; error: -; workDir: /input/data/work/42/06adbb03bf5119982c81242545a39b]
Dec-09 22:55:30.430 [Task submitter] INFO  nextflow.Session - [f5/1af5ab] Submitted process > revertFile (38)
Dec-09 22:55:30.505 [Task monitor] DEBUG n.processor.TaskPollingMonitor - Task completed > TaskHandler[id: 39; name: writeLargeFile (39); status: COMPLETED; exit: 0; error: -; workDir: /input/data/work/c4/5eb191cda5bd8b2f1f6615751ded1a]
Dec-09 22:55:30.624 [Task submitter] INFO  nextflow.Session - [47/c05ba6] Submitted process > revertFile (39)
Dec-09 22:55:30.699 [Task monitor] DEBUG n.processor.TaskPollingMonitor - Task completed > TaskHandler[id: 42; name: writeLargeFile (42); status: COMPLETED; exit: 0; error: -; workDir: /input/data/work/4d/199aafe1b81e218ccf09dcd37c0075]
Dec-09 22:55:30.761 [Task submitter] INFO  nextflow.Session - [9f/4b417a] Submitted process > revertFile (42)
Dec-09 22:55:31.296 [Task monitor] DEBUG n.processor.TaskPollingMonitor - Task completed > TaskHandler[id: 41; name: writeLargeFile (41); status: COMPLETED; exit: 0; error: -; workDir: /input/data/work/1c/20bb9c0f77c0a8ed8d870f031d3894]
Dec-09 22:55:31.378 [Task submitter] INFO  nextflow.Session - [73/d748fd] Submitted process > revertFile (41)
Dec-09 22:55:31.460 [Task monitor] DEBUG n.processor.TaskPollingMonitor - Task completed > TaskHandler[id: 47; name: writeLargeFile (47); status: COMPLETED; exit: 0; error: -; workDir: /input/data/work/c8/42fb0614d1474fee8a5929bec30b3d]
Dec-09 22:55:31.595 [Task submitter] INFO  nextflow.Session - [2f/251d10] Submitted process > revertFile (47)
Dec-09 22:55:31.695 [Task monitor] DEBUG n.processor.TaskPollingMonitor - Task completed > TaskHandler[id: 63; name: writeLargeFile (63); status: COMPLETED; exit: 0; error: -; workDir: /input/data/work/35/7c24ac1557a7076afb27292f034126]
Dec-09 22:55:31.781 [Task submitter] INFO  nextflow.Session - [a0/f0b85f] Submitted process > revertFile (63)
Dec-09 22:55:31.848 [Task monitor] DEBUG n.processor.TaskPollingMonitor - Task completed > TaskHandler[id: 88; name: writeLargeFile (88); status: COMPLETED; exit: 0; error: -; workDir: /input/data/work/07/64fa99501a2294c0646527bf815872]
Dec-09 22:55:31.961 [Task submitter] INFO  nextflow.Session - [ee/7d5997] Submitted process > revertFile (88)
Dec-09 22:55:32.046 [Task monitor] DEBUG n.processor.TaskPollingMonitor - Task completed > TaskHandler[id: 75; name: writeLargeFile (75); status: COMPLETED; exit: 0; error: -; workDir: /input/data/work/33/d53d40c56a0720d33c5812b02a8494]
Dec-09 22:55:32.158 [Task submitter] INFO  nextflow.Session - [67/51fb37] Submitted process > revertFile (75)
Dec-09 22:55:32.212 [Task monitor] DEBUG n.processor.TaskPollingMonitor - Task completed > TaskHandler[id: 70; name: writeLargeFile (70); status: COMPLETED; exit: 0; error: -; workDir: /input/data/work/fa/e7e6ad9e8ec239bc88dd0c0ef308a8]
Dec-09 22:55:32.312 [Task submitter] INFO  nextflow.Session - [df/89d0e5] Submitted process > revertFile (70)
Dec-09 22:55:32.381 [Task monitor] DEBUG n.processor.TaskPollingMonitor - Task completed > TaskHandler[id: 76; name: writeLargeFile (76); status: COMPLETED; exit: 0; error: -; workDir: /input/data/work/a4/a8e4c85b7f92827b2b2ab14f215e2b]
Dec-09 22:55:32.486 [Task submitter] INFO  nextflow.Session - [64/a1313d] Submitted process > revertFile (76)
Dec-09 22:55:36.614 [Task monitor] DEBUG n.processor.TaskPollingMonitor - Task completed > TaskHandler[id: 37; name: writeLargeFile (37); status: COMPLETED; exit: 0; error: -; workDir: /input/data/work/f2/2d1edd0ef938c100e59db3b8f50f42]
Dec-09 22:55:36.653 [Task submitter] INFO  nextflow.Session - [8f/81ffb2] Submitted process > revertFile (37)
Dec-09 22:55:36.710 [Task monitor] DEBUG n.processor.TaskPollingMonitor - Task completed > TaskHandler[id: 36; name: writeLargeFile (36); status: COMPLETED; exit: 0; error: -; workDir: /input/data/work/ed/bb7864e4ded347068bc25bc0bfbd50]
Dec-09 22:55:36.751 [Task submitter] INFO  nextflow.Session - [bc/424d4b] Submitted process > revertFile (36)
Dec-09 22:55:36.844 [Task monitor] DEBUG n.processor.TaskPollingMonitor - Task completed > TaskHandler[id: 53; name: writeLargeFile (53); status: COMPLETED; exit: 0; error: -; workDir: /input/data/work/5e/4619403c888f748fba5c43115db0e0]
Dec-09 22:55:36.882 [Task monitor] DEBUG n.processor.TaskPollingMonitor - Task completed > TaskHandler[id: 33; name: writeLargeFile (33); status: COMPLETED; exit: 0; error: -; workDir: /input/data/work/e8/acdd00e007a6dced4391a152e662a1]
Dec-09 22:55:36.911 [Task submitter] INFO  nextflow.Session - [7b/8e4dbc] Submitted process > revertFile (53)
Dec-09 22:55:36.987 [Task submitter] INFO  nextflow.Session - [b3/0c8015] Submitted process > revertFile (33)
Dec-09 22:55:36.993 [Task monitor] DEBUG n.processor.TaskPollingMonitor - Task completed > TaskHandler[id: 43; name: writeLargeFile (43); status: COMPLETED; exit: 0; error: -; workDir: /input/data/work/78/8c217f6c7e783fa314539fdb2b03f8]
Dec-09 22:55:37.041 [Task monitor] DEBUG n.processor.TaskPollingMonitor - Task completed > TaskHandler[id: 56; name: writeLargeFile (56); status: COMPLETED; exit: 0; error: -; workDir: /input/data/work/4e/9bb8425d60771956830b44a83cfb60]
Dec-09 22:55:37.056 [Task submitter] INFO  nextflow.Session - [b8/1df248] Submitted process > revertFile (43)
Dec-09 22:55:37.084 [Task monitor] DEBUG n.processor.TaskPollingMonitor - Task completed > TaskHandler[id: 45; name: writeLargeFile (45); status: COMPLETED; exit: 0; error: -; workDir: /input/data/work/21/931a321d90b98e90e6a3c647ac0e37]
Dec-09 22:55:37.089 [Task submitter] INFO  nextflow.Session - [92/04c3a8] Submitted process > revertFile (56)
Dec-09 22:55:37.123 [Task monitor] DEBUG n.processor.TaskPollingMonitor - Task completed > TaskHandler[id: 46; name: writeLargeFile (46); status: COMPLETED; exit: 0; error: -; workDir: /input/data/work/2c/46a9c7d9296eb1ff19f7874c40cfab]
Dec-09 22:55:37.155 [Task submitter] INFO  nextflow.Session - [3c/d96b2a] Submitted process > revertFile (45)
Dec-09 22:55:37.187 [Task submitter] INFO  nextflow.Session - [40/ed5ba0] Submitted process > revertFile (46)
Dec-09 22:55:37.206 [Task monitor] DEBUG n.processor.TaskPollingMonitor - Task completed > TaskHandler[id: 81; name: writeLargeFile (81); status: COMPLETED; exit: 0; error: -; workDir: /input/data/work/61/ac853c16a1d455f78bd516d1062638]
Dec-09 22:55:37.259 [Task submitter] INFO  nextflow.Session - [87/b6ceaf] Submitted process > revertFile (81)
Dec-09 22:55:37.297 [Task monitor] DEBUG n.processor.TaskPollingMonitor - Task completed > TaskHandler[id: 96; name: writeLargeFile (96); status: COMPLETED; exit: 0; error: -; workDir: /input/data/work/07/0034cee78b85d05ca167b30637945b]
Dec-09 22:55:37.394 [Task submitter] INFO  nextflow.Session - [c6/afd9e0] Submitted process > revertFile (96)
Dec-09 22:55:37.485 [Task monitor] DEBUG n.processor.TaskPollingMonitor - Task completed > TaskHandler[id: 82; name: writeLargeFile (82); status: COMPLETED; exit: 0; error: -; workDir: /input/data/work/b2/25065a9132700a82dc0e6d78604b49]
Dec-09 22:55:37.522 [Task submitter] INFO  nextflow.Session - [9e/8fbf68] Submitted process > revertFile (82)
Dec-09 22:55:39.976 [Task monitor] DEBUG n.processor.TaskPollingMonitor - Task completed > TaskHandler[id: 162; name: revertFile (83); status: COMPLETED; exit: 0; error: -; workDir: /input/data/work/9e/b0a360fc476c1088b6a559f509474c]
Dec-09 22:55:41.777 [Task monitor] DEBUG n.processor.TaskPollingMonitor - Task completed > TaskHandler[id: 26; name: writeLargeFile (26); status: COMPLETED; exit: 0; error: -; workDir: /input/data/work/27/f8c759beea5a3242c7a42055e7d167]
Dec-09 22:55:41.850 [Task submitter] INFO  nextflow.Session - [12/7f1108] Submitted process > revertFile (26)
Dec-09 22:55:41.951 [Task monitor] DEBUG n.processor.TaskPollingMonitor - Task completed > TaskHandler[id: 79; name: writeLargeFile (79); status: COMPLETED; exit: 0; error: -; workDir: /input/data/work/55/3bb3cb171c8eb5c3f397893f4ae889]
Dec-09 22:55:41.993 [Task submitter] INFO  nextflow.Session - [56/782a1d] Submitted process > revertFile (79)
Dec-09 22:55:42.022 [Task monitor] DEBUG n.processor.TaskPollingMonitor - Task completed > TaskHandler[id: 98; name: writeLargeFile (98); status: COMPLETED; exit: 0; error: -; workDir: /input/data/work/ee/0bd86c74422490ffc7d89eb7826fbd]
Dec-09 22:55:42.079 [Task submitter] INFO  nextflow.Session - [0e/b36aa6] Submitted process > revertFile (98)
Dec-09 22:55:42.127 [Task monitor] DEBUG n.processor.TaskPollingMonitor - Task completed > TaskHandler[id: 100; name: writeLargeFile (100); status: COMPLETED; exit: 0; error: -; workDir: /input/data/work/f1/ae30091071a65bda8d304eb2816b63]
Dec-09 22:55:42.212 [Task submitter] INFO  nextflow.Session - [6d/d2e2fc] Submitted process > revertFile (100)
Dec-09 22:55:42.257 [Task monitor] DEBUG n.processor.TaskPollingMonitor - Task completed > TaskHandler[id: 69; name: writeLargeFile (69); status: COMPLETED; exit: 0; error: -; workDir: /input/data/work/9b/a4c19341de6b8e3791e44b02437b35]
Dec-09 22:55:42.320 [Task submitter] INFO  nextflow.Session - [5b/524f1e] Submitted process > revertFile (69)
Dec-09 22:55:43.094 [Task monitor] DEBUG n.processor.TaskPollingMonitor - Task completed > TaskHandler[id: 108; name: revertFile (22); status: COMPLETED; exit: 0; error: -; workDir: /input/data/work/3f/4664d80f9333c5165eff17e58ce789]
Dec-09 22:55:46.576 [Task monitor] DEBUG n.processor.TaskPollingMonitor - Task completed > TaskHandler[id: 165; name: revertFile (12); status: COMPLETED; exit: 0; error: -; workDir: /input/data/work/76/1e0f1eaa5a3a60837482999091ae96]
Dec-09 22:55:48.001 [Task monitor] DEBUG n.processor.TaskPollingMonitor - Task completed > TaskHandler[id: 111; name: revertFile (24); status: COMPLETED; exit: 0; error: -; workDir: /input/data/work/e4/4f3945147ef73d6c48692696991a83]
Dec-09 22:55:48.191 [Task monitor] DEBUG n.processor.TaskPollingMonitor - Task completed > TaskHandler[id: 115; name: revertFile (6); status: COMPLETED; exit: 0; error: -; workDir: /input/data/work/78/a3a53ceabf5593f541e12316432df4]
Dec-09 22:55:48.979 [Task monitor] DEBUG n.processor.TaskPollingMonitor - Task completed > TaskHandler[id: 134; name: revertFile (32); status: COMPLETED; exit: 0; error: -; workDir: /input/data/work/40/e3b0caef671c1774381c3954b5e21c]
Dec-09 22:55:51.331 [Task monitor] DEBUG n.processor.TaskPollingMonitor - Task completed > TaskHandler[id: 166; name: revertFile (8); status: COMPLETED; exit: 0; error: -; workDir: /input/data/work/75/a3377aca1c99a8424d92406202f82b]
Dec-09 22:55:51.526 [Task monitor] DEBUG n.processor.TaskPollingMonitor - Task completed > TaskHandler[id: 167; name: revertFile (58); status: COMPLETED; exit: 0; error: -; workDir: /input/data/work/9d/a334a7be175673a0d30fbf53bae220]
Dec-09 22:55:53.536 [Task monitor] DEBUG n.processor.TaskPollingMonitor - Task completed > TaskHandler[id: 192; name: revertFile (46); status: COMPLETED; exit: 0; error: -; workDir: /input/data/work/40/ed5ba0b07fd661f53ba9de10472693]
Dec-09 22:55:54.020 [Task monitor] DEBUG n.processor.TaskPollingMonitor - Task completed > TaskHandler[id: 200; name: revertFile (69); status: COMPLETED; exit: 0; error: -; workDir: /input/data/work/5b/524f1e80b4049bc0d37bf780bbcbe5]
Dec-09 22:55:54.143 [Task monitor] DEBUG n.processor.TaskPollingMonitor - Task completed > TaskHandler[id: 101; name: revertFile (29); status: COMPLETED; exit: 0; error: -; workDir: /input/data/work/39/736caff474432c9f906400e3ffecc6]
Dec-09 22:55:54.276 [Task monitor] DEBUG n.processor.TaskPollingMonitor - Task completed > TaskHandler[id: 103; name: revertFile (1); status: COMPLETED; exit: 0; error: -; workDir: /input/data/work/21/c19016e80d0a3aae0b021b13312eae]
Dec-09 22:55:54.369 [Task monitor] DEBUG n.processor.TaskPollingMonitor - Task completed > TaskHandler[id: 105; name: revertFile (10); status: COMPLETED; exit: 0; error: -; workDir: /input/data/work/ed/c25ce3812575744e12faf6faf9369c]
Dec-09 22:55:54.898 [Task monitor] DEBUG n.processor.TaskPollingMonitor - Task completed > TaskHandler[id: 122; name: revertFile (87); status: COMPLETED; exit: 0; error: -; workDir: /input/data/work/e7/6c6f89cdc17822e53b95bc353dbdd9]
Dec-09 22:55:54.943 [Task monitor] DEBUG n.processor.TaskPollingMonitor - Task completed > TaskHandler[id: 123; name: revertFile (90); status: COMPLETED; exit: 0; error: -; workDir: /input/data/work/1f/324e809bd6f77206f72b974741ebe9]
Dec-09 22:55:55.032 [Task monitor] DEBUG n.processor.TaskPollingMonitor - Task completed > TaskHandler[id: 125; name: revertFile (94); status: COMPLETED; exit: 0; error: -; workDir: /input/data/work/76/e64a35030283c9ac4ff209d249f864]
Dec-09 22:55:56.148 [Task monitor] DEBUG n.processor.TaskPollingMonitor - Task completed > TaskHandler[id: 155; name: revertFile (55); status: COMPLETED; exit: 0; error: -; workDir: /input/data/work/42/d35d46d4349c592f74d9211dc3fa12]
Dec-09 22:55:58.465 [Task monitor] DEBUG n.processor.TaskPollingMonitor - Task completed > TaskHandler[id: 196; name: revertFile (26); status: COMPLETED; exit: 0; error: -; workDir: /input/data/work/12/7f1108387f3a8b61b26d12cd77f47f]
Dec-09 22:55:59.860 [Task monitor] DEBUG n.processor.TaskPollingMonitor - Task completed > TaskHandler[id: 119; name: revertFile (78); status: COMPLETED; exit: 0; error: -; workDir: /input/data/work/b4/ecfbe86f66130c22eb277c0948c4b8]
Dec-09 22:55:59.970 [Task monitor] DEBUG n.processor.TaskPollingMonitor - Task completed > TaskHandler[id: 120; name: revertFile (74); status: COMPLETED; exit: 0; error: -; workDir: /input/data/work/79/3a723a2e0f32f7593d1a7189eef0e4]
Dec-09 22:56:01.807 [Task monitor] DEBUG n.processor.TaskPollingMonitor - Task completed > TaskHandler[id: 146; name: revertFile (57); status: COMPLETED; exit: 0; error: -; workDir: /input/data/work/ad/4164feac4f57c336f238848136489d]
Dec-09 22:56:02.500 [Task monitor] DEBUG n.processor.TaskPollingMonitor - Task completed > TaskHandler[id: 156; name: revertFile (49); status: COMPLETED; exit: 0; error: -; workDir: /input/data/work/5e/721d6a3dfdfda86aae0344961609f2]
Dec-09 22:56:04.260 [Task monitor] DEBUG n.processor.TaskPollingMonitor - Task completed > TaskHandler[id: 194; name: revertFile (96); status: COMPLETED; exit: 0; error: -; workDir: /input/data/work/c6/afd9e078eeb62e97b1d61d2ff203e9]
Dec-09 22:56:06.808 [Task monitor] DEBUG n.processor.TaskPollingMonitor - Task completed > TaskHandler[id: 179; name: revertFile (47); status: COMPLETED; exit: 0; error: -; workDir: /input/data/work/2f/251d10d759895886e9e491ad7ee68b]
Dec-09 22:56:06.931 [Task monitor] DEBUG n.processor.TaskPollingMonitor - Task completed > TaskHandler[id: 180; name: revertFile (63); status: COMPLETED; exit: 0; error: -; workDir: /input/data/work/a0/f0b85fab2cad8b3c28173e97558845]
Dec-09 22:56:07.210 [Task monitor] DEBUG n.processor.TaskPollingMonitor - Task completed > TaskHandler[id: 186; name: revertFile (36); status: COMPLETED; exit: 0; error: -; workDir: /input/data/work/bc/424d4b6c78ccab55e362e361a4a6df]
Dec-09 22:56:09.531 [Task monitor] DEBUG n.processor.TaskPollingMonitor - Task completed > TaskHandler[id: 104; name: revertFile (25); status: COMPLETED; exit: 0; error: -; workDir: /input/data/work/5e/3199609c1c56bb2a13d36d698a885d]
Dec-09 22:56:09.722 [Task monitor] DEBUG n.processor.TaskPollingMonitor - Task completed > TaskHandler[id: 110; name: revertFile (17); status: COMPLETED; exit: 0; error: -; workDir: /input/data/work/35/a30c4e322c76ea9afd06223e58de54]
Dec-09 22:56:10.050 [Task monitor] DEBUG n.processor.TaskPollingMonitor - Task completed > TaskHandler[id: 116; name: revertFile (19); status: COMPLETED; exit: 0; error: -; workDir: /input/data/work/cb/36f04f29e6866556221a609a49f853]
Dec-09 22:56:11.019 [Task monitor] DEBUG n.processor.TaskPollingMonitor - Task completed > TaskHandler[id: 131; name: revertFile (93); status: COMPLETED; exit: 0; error: -; workDir: /input/data/work/ac/83a33736991ff0874a4dae18b648b1]
Dec-09 22:56:11.289 [Task monitor] DEBUG n.processor.TaskPollingMonitor - Task completed > TaskHandler[id: 135; name: revertFile (3); status: COMPLETED; exit: 0; error: -; workDir: /input/data/work/28/e268895f1e68b4b15e19b14d92ae85]
Dec-09 22:56:11.884 [Task monitor] DEBUG n.processor.TaskPollingMonitor - Task completed > TaskHandler[id: 145; name: revertFile (44); status: COMPLETED; exit: 0; error: -; workDir: /input/data/work/b0/0c1e248e536eecc256282c31ad6e6f]
Dec-09 22:56:11.940 [Task monitor] DEBUG n.processor.TaskPollingMonitor - Task completed > TaskHandler[id: 147; name: revertFile (66); status: COMPLETED; exit: 0; error: -; workDir: /input/data/work/9c/4baec5ec651f48d6bd9f66ad7131f2]
Dec-09 22:56:12.195 [Task monitor] DEBUG n.processor.TaskPollingMonitor - Task completed > TaskHandler[id: 157; name: revertFile (71); status: COMPLETED; exit: 0; error: -; workDir: /input/data/work/a4/1d7e560d75cfacadad292dd0725435]
Dec-09 22:56:12.253 [Task monitor] DEBUG n.processor.TaskPollingMonitor - Task completed > TaskHandler[id: 158; name: revertFile (54); status: COMPLETED; exit: 0; error: -; workDir: /input/data/work/e9/070bc4bad294ee2674fdec59ead9dd]
Dec-09 22:56:12.423 [Task monitor] DEBUG n.processor.TaskPollingMonitor - Task completed > TaskHandler[id: 164; name: revertFile (85); status: COMPLETED; exit: 0; error: -; workDir: /input/data/work/78/1313df0825e312b36d50fe46d909c8]
Dec-09 22:56:12.562 [Task monitor] DEBUG n.processor.TaskPollingMonitor - Task completed > TaskHandler[id: 171; name: revertFile (13); status: COMPLETED; exit: 0; error: -; workDir: /input/data/work/b3/5bf0f6c740b0ae2ad7afcc74b13975]
Dec-09 22:56:14.550 [Task monitor] DEBUG n.processor.TaskPollingMonitor - Task completed > TaskHandler[id: 107; name: revertFile (4); status: COMPLETED; exit: 0; error: -; workDir: /input/data/work/54/fb1c60c31964f99536580c78dc3278]
Dec-09 22:56:15.289 [Task monitor] DEBUG n.processor.TaskPollingMonitor - Task completed > TaskHandler[id: 141; name: revertFile (23); status: COMPLETED; exit: 0; error: -; workDir: /input/data/work/f4/366c75025e4961ded9bbbb5f78c2ea]
Dec-09 22:56:15.523 [Task monitor] DEBUG n.processor.TaskPollingMonitor - Task completed > TaskHandler[id: 150; name: revertFile (50); status: COMPLETED; exit: 0; error: -; workDir: /input/data/work/6d/250fae4078f340ea7145acbab23fc9]
Dec-09 22:56:21.921 [Task monitor] DEBUG n.processor.TaskPollingMonitor - Task completed > TaskHandler[id: 181; name: revertFile (88); status: COMPLETED; exit: 0; error: -; workDir: /input/data/work/ee/7d5997f87ae0536a7d35e73b4e3580]
Dec-09 22:56:24.793 [Task monitor] DEBUG n.processor.TaskPollingMonitor - Task completed > TaskHandler[id: 113; name: revertFile (14); status: COMPLETED; exit: 0; error: -; workDir: /input/data/work/82/216cf95434eebeb75de678398956e7]
Dec-09 22:56:24.903 [Task monitor] DEBUG n.processor.TaskPollingMonitor - Task completed > TaskHandler[id: 114; name: revertFile (20); status: COMPLETED; exit: 0; error: -; workDir: /input/data/work/4e/cdb6d7618709c805188aca870c603c]
Dec-09 22:56:25.332 [Task monitor] DEBUG n.processor.TaskPollingMonitor - Task completed > TaskHandler[id: 126; name: revertFile (91); status: COMPLETED; exit: 0; error: -; workDir: /input/data/work/0b/d5102cdeb1b9907b797d7e08a73059]
Dec-09 22:56:25.498 [Task monitor] DEBUG n.processor.TaskPollingMonitor - Task completed > TaskHandler[id: 127; name: revertFile (99); status: COMPLETED; exit: 0; error: -; workDir: /input/data/work/f4/d4349c16d6d3025469b6e0c5d9f540]
Dec-09 22:56:25.838 [Task monitor] DEBUG n.processor.TaskPollingMonitor - Task completed > TaskHandler[id: 130; name: revertFile (95); status: COMPLETED; exit: 0; error: -; workDir: /input/data/work/21/a6ce8c229435deed724b07b80fb00f]
Dec-09 22:56:26.306 [Task monitor] DEBUG n.processor.TaskPollingMonitor - Task completed > TaskHandler[id: 137; name: revertFile (64); status: COMPLETED; exit: 0; error: -; workDir: /input/data/work/90/3af64cc4192ce8dd13238b566c85d6]
Dec-09 22:56:26.508 [Task monitor] DEBUG n.processor.TaskPollingMonitor - Task completed > TaskHandler[id: 140; name: revertFile (35); status: COMPLETED; exit: 0; error: -; workDir: /input/data/work/f0/78569972d003969d1949f2f835d9f8]
Dec-09 22:56:26.790 [Task monitor] DEBUG n.processor.TaskPollingMonitor - Task completed > TaskHandler[id: 144; name: revertFile (61); status: COMPLETED; exit: 0; error: -; workDir: /input/data/work/71/b8a2eeebf9d8c6673561c63cbeb7c2]
Dec-09 22:56:27.061 [Task monitor] DEBUG n.processor.TaskPollingMonitor - Task completed > TaskHandler[id: 151; name: revertFile (73); status: COMPLETED; exit: 0; error: -; workDir: /input/data/work/18/c92ba06104a72a8f0a89e714990fd7]
Dec-09 22:56:27.149 [Task monitor] DEBUG n.processor.TaskPollingMonitor - Task completed > TaskHandler[id: 153; name: revertFile (31); status: COMPLETED; exit: 0; error: -; workDir: /input/data/work/e8/a31b48593a95ddc917af1e25419bb3]
Dec-09 22:56:27.217 [Task monitor] DEBUG n.processor.TaskPollingMonitor - Task completed > TaskHandler[id: 154; name: revertFile (18); status: COMPLETED; exit: 0; error: -; workDir: /input/data/work/ae/ae282ddcc182fa102f3f1f8184ff1a]
Dec-09 22:56:27.451 [Task monitor] DEBUG n.processor.TaskPollingMonitor - Task completed > TaskHandler[id: 169; name: revertFile (59); status: COMPLETED; exit: 0; error: -; workDir: /input/data/work/62/61f8d162ffa27ebfffbce862d0300d]
Dec-09 22:56:27.639 [Task monitor] DEBUG n.processor.TaskPollingMonitor - Task completed > TaskHandler[id: 174; name: revertFile (34); status: COMPLETED; exit: 0; error: -; workDir: /input/data/work/fd/a1cb2ad101728d7630719233ab7424]
Dec-09 22:56:27.695 [Task monitor] DEBUG n.processor.TaskPollingMonitor - Task completed > TaskHandler[id: 175; name: revertFile (38); status: COMPLETED; exit: 0; error: -; workDir: /input/data/work/f5/1af5ab778608bcc444146289e01669]
Dec-09 22:56:27.734 [Task monitor] DEBUG n.processor.TaskPollingMonitor - Task completed > TaskHandler[id: 176; name: revertFile (39); status: COMPLETED; exit: 0; error: -; workDir: /input/data/work/47/c05ba6ad712aaf0be844304045f4cf]
Dec-09 22:56:28.357 [Task monitor] DEBUG n.processor.TaskPollingMonitor - Task completed > TaskHandler[id: 191; name: revertFile (45); status: COMPLETED; exit: 0; error: -; workDir: /input/data/work/3c/d96b2ab9d8bbf341836eb2d1fbc09c]
Dec-09 22:56:28.543 [Task monitor] DEBUG n.processor.TaskPollingMonitor - Task completed > TaskHandler[id: 197; name: revertFile (79); status: COMPLETED; exit: 0; error: -; workDir: /input/data/work/56/782a1dd246440e2001117b3fd815f5]
Dec-09 22:56:39.735 [Task monitor] DEBUG n.processor.TaskPollingMonitor - Task completed > TaskHandler[id: 106; name: revertFile (30); status: COMPLETED; exit: 0; error: -; workDir: /input/data/work/4b/766516e2782d27570f32322b31d3b5]
Dec-09 22:56:40.150 [Task monitor] DEBUG n.processor.TaskPollingMonitor - Task completed > TaskHandler[id: 117; name: revertFile (27); status: COMPLETED; exit: 0; error: -; workDir: /input/data/work/f3/f01312c8528c4abf9adb6270045c1a]
Dec-09 22:56:40.425 [Task monitor] DEBUG n.processor.TaskPollingMonitor - Task completed > TaskHandler[id: 128; name: revertFile (92); status: COMPLETED; exit: 0; error: -; workDir: /input/data/work/70/1db7c05d22c9c11c87e617804dda2e]
Dec-09 22:56:40.781 [Task monitor] DEBUG n.processor.TaskPollingMonitor - Task completed > TaskHandler[id: 139; name: revertFile (68); status: COMPLETED; exit: 0; error: -; workDir: /input/data/work/aa/41022abeb53fdcbc55c3cd49202921]
Dec-09 22:56:41.085 [Task monitor] DEBUG n.processor.TaskPollingMonitor - Task completed > TaskHandler[id: 163; name: revertFile (80); status: COMPLETED; exit: 0; error: -; workDir: /input/data/work/5c/d69702b4e74686ea8134e00ac47218]
Dec-09 22:56:41.564 [Task monitor] DEBUG n.processor.TaskPollingMonitor - Task completed > TaskHandler[id: 190; name: revertFile (56); status: COMPLETED; exit: 0; error: -; workDir: /input/data/work/92/04c3a8f905249c874a2ee3a6315cf1]
Dec-09 22:56:41.643 [Task monitor] DEBUG n.processor.TaskPollingMonitor - Task completed > TaskHandler[id: 193; name: revertFile (81); status: COMPLETED; exit: 0; error: -; workDir: /input/data/work/87/b6ceaf8e183a5cce0c9722965a7b91]
Dec-09 22:56:41.703 [Task monitor] DEBUG n.processor.TaskPollingMonitor - Task completed > TaskHandler[id: 195; name: revertFile (82); status: COMPLETED; exit: 0; error: -; workDir: /input/data/work/9e/8fbf68c4cb005645f7db192bbc4a11]
Dec-09 22:56:41.754 [Task monitor] DEBUG n.processor.TaskPollingMonitor - Task completed > TaskHandler[id: 198; name: revertFile (98); status: COMPLETED; exit: 0; error: -; workDir: /input/data/work/0e/b36aa6f8d6da321185e630567cf9b1]
Dec-09 22:56:44.668 [Task monitor] DEBUG n.processor.TaskPollingMonitor - Task completed > TaskHandler[id: 109; name: revertFile (28); status: COMPLETED; exit: 0; error: -; workDir: /input/data/work/44/ea68fc957de3a45e3f09fc2376b4bc]
Dec-09 22:56:45.173 [Task monitor] DEBUG n.processor.TaskPollingMonitor - Task completed > TaskHandler[id: 124; name: revertFile (86); status: COMPLETED; exit: 0; error: -; workDir: /input/data/work/58/43828794242eb076e1a04b365965ed]
Dec-09 22:56:45.567 [Task monitor] DEBUG n.processor.TaskPollingMonitor - Task completed > TaskHandler[id: 136; name: revertFile (21); status: COMPLETED; exit: 0; error: -; workDir: /input/data/work/fa/4c3d6d5aa513220085d899443eac4a]
Dec-09 22:56:45.774 [Task monitor] DEBUG n.processor.TaskPollingMonitor - Task completed > TaskHandler[id: 138; name: revertFile (84); status: COMPLETED; exit: 0; error: -; workDir: /input/data/work/15/bab7f294484e335aac89c86a49651f]
Dec-09 22:56:46.042 [Task monitor] DEBUG n.processor.TaskPollingMonitor - Task completed > TaskHandler[id: 143; name: revertFile (40); status: COMPLETED; exit: 0; error: -; workDir: /input/data/work/43/30071b379b0c9eec25bcab4e04d600]
Dec-09 22:56:46.394 [Task monitor] DEBUG n.processor.TaskPollingMonitor - Task completed > TaskHandler[id: 152; name: revertFile (67); status: COMPLETED; exit: 0; error: -; workDir: /input/data/work/92/65beb7da2f006ddf76cfee4bb69f4f]
Dec-09 22:56:47.609 [Task monitor] DEBUG n.processor.TaskPollingMonitor - Task completed > TaskHandler[id: 185; name: revertFile (37); status: COMPLETED; exit: 0; error: -; workDir: /input/data/work/8f/81ffb23fd530c8bbecbf5fce667b32]
Dec-09 22:56:47.807 [Task monitor] DEBUG n.processor.TaskPollingMonitor - Task completed > TaskHandler[id: 187; name: revertFile (53); status: COMPLETED; exit: 0; error: -; workDir: /input/data/work/7b/8e4dbc523357bc87c0427e47ea2b51]
Dec-09 22:56:48.170 [Task monitor] DEBUG n.processor.TaskPollingMonitor - Task completed > TaskHandler[id: 199; name: revertFile (100); status: COMPLETED; exit: 0; error: -; workDir: /input/data/work/6d/d2e2fc2577a8720fe6b1f23794eb13]
Dec-09 22:56:54.714 [Task monitor] DEBUG n.processor.TaskPollingMonitor - Task completed > TaskHandler[id: 118; name: revertFile (7); status: COMPLETED; exit: 0; error: -; workDir: /input/data/work/e5/76de37258129bbdbfa570a47ef321f]
Dec-09 22:56:55.144 [Task monitor] DEBUG n.processor.TaskPollingMonitor - Task completed > TaskHandler[id: 133; name: revertFile (2); status: COMPLETED; exit: 0; error: -; workDir: /input/data/work/83/4d81c16282acbc7acf2e98b41de068]
Dec-09 22:56:55.311 [Task monitor] DEBUG n.processor.TaskPollingMonitor - Task completed > TaskHandler[id: 142; name: revertFile (16); status: COMPLETED; exit: 0; error: -; workDir: /input/data/work/e4/61ac93dc8a76d7166b9eca5de145fe]
Dec-09 22:56:55.434 [Task monitor] DEBUG n.processor.TaskPollingMonitor - Task completed > TaskHandler[id: 148; name: revertFile (48); status: COMPLETED; exit: 0; error: -; workDir: /input/data/work/07/7f4fa2f0a4ece2587924bbc0979653]
Dec-09 22:56:55.599 [Task monitor] DEBUG n.processor.TaskPollingMonitor - Task completed > TaskHandler[id: 149; name: revertFile (51); status: COMPLETED; exit: 0; error: -; workDir: /input/data/work/86/011e5622b02a1eb520faf963a46c58]
Dec-09 22:56:55.909 [Task monitor] DEBUG n.processor.TaskPollingMonitor - Task completed > TaskHandler[id: 160; name: revertFile (62); status: COMPLETED; exit: 0; error: -; workDir: /input/data/work/b6/75488fa4df956bca562b1fc99cd5d3]
Dec-09 22:56:56.086 [Task monitor] DEBUG n.processor.TaskPollingMonitor - Task completed > TaskHandler[id: 161; name: revertFile (52); status: COMPLETED; exit: 0; error: -; workDir: /input/data/work/8a/efa6b5de2967760ea1b897ba0c7816]
Dec-09 22:56:56.228 [Task monitor] DEBUG n.processor.TaskPollingMonitor - Task completed > TaskHandler[id: 168; name: revertFile (60); status: COMPLETED; exit: 0; error: -; workDir: /input/data/work/d6/d429ccd06885e86f5020cdaf10f91f]
Dec-09 22:56:56.625 [Task monitor] DEBUG n.processor.TaskPollingMonitor - Task completed > TaskHandler[id: 177; name: revertFile (42); status: COMPLETED; exit: 0; error: -; workDir: /input/data/work/9f/4b417ade010e30271a98f628bb3155]
Dec-09 22:56:56.797 [Task monitor] DEBUG n.processor.TaskPollingMonitor - Task completed > TaskHandler[id: 178; name: revertFile (41); status: COMPLETED; exit: 0; error: -; workDir: /input/data/work/73/d748fdc4493e798b4811fe52bfc5ce]
Dec-09 22:56:57.068 [Task monitor] DEBUG n.processor.TaskPollingMonitor - Task completed > TaskHandler[id: 188; name: revertFile (33); status: COMPLETED; exit: 0; error: -; workDir: /input/data/work/b3/0c801579f6fe6ea0d476b021577401]
Dec-09 22:56:59.547 [Task monitor] DEBUG n.processor.TaskPollingMonitor - Task completed > TaskHandler[id: 102; name: revertFile (11); status: COMPLETED; exit: 0; error: -; workDir: /input/data/work/59/256c311f2f01f81a4d697b40564b7b]
Dec-09 22:56:59.941 [Task monitor] DEBUG n.processor.TaskPollingMonitor - Task completed > TaskHandler[id: 132; name: revertFile (97); status: COMPLETED; exit: 0; error: -; workDir: /input/data/work/47/bbe4be61cf48a8bd055f67fe1372aa]
Dec-09 22:57:00.102 [Task monitor] DEBUG n.processor.TaskPollingMonitor - Task completed > TaskHandler[id: 159; name: revertFile (77); status: COMPLETED; exit: 0; error: -; workDir: /input/data/work/0f/9d900ade951743a87d8c6b3a01ff13]
Dec-09 22:57:00.556 [Task monitor] DEBUG n.processor.TaskPollingMonitor - Task completed > TaskHandler[id: 173; name: revertFile (5); status: COMPLETED; exit: 0; error: -; workDir: /input/data/work/c7/6e94e6974010f745e9813fb60edf3f]
Dec-09 22:57:00.838 [Task monitor] DEBUG n.processor.TaskPollingMonitor - Task completed > TaskHandler[id: 183; name: revertFile (70); status: COMPLETED; exit: 0; error: -; workDir: /input/data/work/df/89d0e562970e5587083a121fe11c34]
Dec-09 22:57:09.720 [Task monitor] DEBUG n.processor.TaskPollingMonitor - Task completed > TaskHandler[id: 129; name: revertFile (89); status: COMPLETED; exit: 0; error: -; workDir: /input/data/work/cf/c2c7154444a754cf7db48988d52d24]
Dec-09 22:57:09.882 [Task monitor] DEBUG n.processor.TaskPollingMonitor - Task completed > TaskHandler[id: 170; name: revertFile (65); status: COMPLETED; exit: 0; error: -; workDir: /input/data/work/69/00c9a73d5efdc3628dd123f8535036]
Dec-09 22:57:10.107 [Task monitor] DEBUG n.processor.TaskPollingMonitor - Task completed > TaskHandler[id: 172; name: revertFile (9); status: COMPLETED; exit: 0; error: -; workDir: /input/data/work/fe/eba8a0cade71185e280ce8988c9274]
Dec-09 22:57:10.249 [Task monitor] DEBUG n.processor.TaskPollingMonitor - Task completed > TaskHandler[id: 182; name: revertFile (75); status: COMPLETED; exit: 0; error: -; workDir: /input/data/work/67/51fb37f974117b4664dd7240f9e4cd]
Dec-09 22:57:14.670 [Task monitor] DEBUG n.processor.TaskPollingMonitor - Task completed > TaskHandler[id: 112; name: revertFile (15); status: COMPLETED; exit: 0; error: -; workDir: /input/data/work/fe/21d83d40c2898d2c8936e08b90446b]
Dec-09 22:57:14.935 [Task monitor] DEBUG n.processor.TaskPollingMonitor - Task completed > TaskHandler[id: 121; name: revertFile (72); status: COMPLETED; exit: 0; error: -; workDir: /input/data/work/51/a8f3ac3ae746d895b6c8d63390db4e]
Dec-09 22:57:15.204 [Task monitor] DEBUG n.processor.TaskPollingMonitor - Task completed > TaskHandler[id: 184; name: revertFile (76); status: COMPLETED; exit: 0; error: -; workDir: /input/data/work/64/a1313d6a60d0fae80e68e6108efaec]
Dec-09 22:57:24.629 [Task monitor] DEBUG n.processor.TaskPollingMonitor - Task completed > TaskHandler[id: 189; name: revertFile (43); status: COMPLETED; exit: 0; error: -; workDir: /input/data/work/b8/1df2487808066226284d7fa48843e6]
Dec-09 22:57:24.632 [main] DEBUG nextflow.Session - Session await > all processes finished
Dec-09 22:57:24.635 [main] DEBUG nextflow.Session - Session await > all barriers passed
Dec-09 22:57:24.645 [main] DEBUG n.trace.WorkflowStatsObserver - Workflow completed > WorkflowStats[succeededCount=200; failedCount=0; ignoredCount=0; cachedCount=0; pendingCount=0; submittedCount=0; runningCount=0; retriesCount=0; abortedCount=0; succeedDuration=1h 37m 20s; failedDuration=0ms; cachedDuration=0ms;loadCpus=0; loadMemory=0; peakRunning=19; peakCpus=190; peakMemory=190 GB; ]
Dec-09 22:57:24.645 [main] DEBUG nextflow.trace.TraceFileObserver - Workflow completed -- saving trace file
Dec-09 22:57:24.657 [main] DEBUG nextflow.trace.ReportObserver - Workflow completed -- rendering execution report
Dec-09 22:57:25.365 [main] DEBUG nextflow.trace.TimelineObserver - Workflow completed -- rendering execution timeline
Dec-09 22:57:25.524 [main] DEBUG nextflow.cache.CacheDB - Closing CacheDB done
Dec-09 22:57:25.547 [main] DEBUG nextflow.util.ThreadPoolManager - Thread pool 'FileTransfer' shutdown completed (hard=false)
Dec-09 22:57:25.547 [main] DEBUG nextflow.script.ScriptRunner - > Execution complete -- Goodbye
