Dec-12 10:37:34.736 [main] DEBUG nextflow.cli.Launcher - $> nextflow run /input/allIntoOne -c /experiments/experiment/allIntoOne/nextflow.config -c /experiments/experiment/nextflow_la.config -c /experiments/experiment/nextflow_ceph.config
Dec-12 10:37:34.798 [main] INFO  nextflow.cli.CmdRun - N E X T F L O W  ~  version 23.07.0-edge
Dec-12 10:37:34.815 [main] DEBUG nextflow.plugin.PluginsFacade - Setting up plugin manager > mode=prod; embedded=false; plugins-dir=/.nextflow/plugins; core-plugins: nf-amazon@2.1.0,nf-azure@1.1.4,nf-cloudcache@0.1.0,nf-codecommit@0.1.5,nf-console@1.0.6,nf-ga4gh@1.1.0,nf-google@1.8.1,nf-tower@1.5.15,nf-wave@0.11.0
Dec-12 10:37:34.823 [main] INFO  o.pf4j.DefaultPluginStatusProvider - Enabled plugins: []
Dec-12 10:37:34.824 [main] INFO  o.pf4j.DefaultPluginStatusProvider - Disabled plugins: []
Dec-12 10:37:34.827 [main] INFO  org.pf4j.DefaultPluginManager - PF4J version 3.4.1 in 'deployment' mode
Dec-12 10:37:34.834 [main] INFO  org.pf4j.AbstractPluginManager - No plugins
Dec-12 10:37:34.855 [main] DEBUG nextflow.scm.AssetManager - Project manifest does not exist: /input/allIntoOne/nextflow.config (No such file or directory)
Dec-12 10:37:34.876 [main] DEBUG nextflow.config.ConfigBuilder - User config file: /experiments/experiment/allIntoOne/nextflow.config
Dec-12 10:37:34.876 [main] DEBUG nextflow.config.ConfigBuilder - User config file: /experiments/experiment/nextflow_la.config
Dec-12 10:37:34.876 [main] DEBUG nextflow.config.ConfigBuilder - User config file: /experiments/experiment/nextflow_ceph.config
Dec-12 10:37:34.876 [main] DEBUG nextflow.config.ConfigBuilder - Parsing config file: /experiments/experiment/allIntoOne/nextflow.config
Dec-12 10:37:34.876 [main] DEBUG nextflow.config.ConfigBuilder - Parsing config file: /experiments/experiment/nextflow_la.config
Dec-12 10:37:34.876 [main] DEBUG nextflow.config.ConfigBuilder - Parsing config file: /experiments/experiment/nextflow_ceph.config
Dec-12 10:37:34.891 [main] DEBUG nextflow.config.ConfigBuilder - Applying config profile: `standard`
Dec-12 10:37:35.376 [main] DEBUG nextflow.config.ConfigBuilder - Applying config profile: `standard`
Dec-12 10:37:35.547 [main] DEBUG nextflow.config.ConfigBuilder - Applying config profile: `standard`
Dec-12 10:37:35.573 [main] DEBUG nextflow.cli.CmdRun - Applied DSL=2 by global default
Dec-12 10:37:35.586 [main] INFO  nextflow.cli.CmdRun - Launching `/input/allIntoOne/main.nf` [high_miescher] DSL2 - revision: f2e677d52d
Dec-12 10:37:35.587 [main] DEBUG nextflow.plugin.PluginsFacade - Plugins default=[]
Dec-12 10:37:35.587 [main] DEBUG nextflow.plugin.PluginsFacade - Plugins resolved requirement=[]
Dec-12 10:37:35.598 [main] DEBUG n.secret.LocalSecretsProvider - Secrets store: /.nextflow/secrets/store.json
Dec-12 10:37:35.600 [main] DEBUG nextflow.secret.SecretsLoader - Discovered secrets providers: [nextflow.secret.LocalSecretsProvider@1d12e953] - activable => nextflow.secret.LocalSecretsProvider@1d12e953
Dec-12 10:37:35.653 [main] DEBUG nextflow.Session - Session UUID: 0468de6d-e89c-4c4e-a07f-c773374c4199
Dec-12 10:37:35.653 [main] DEBUG nextflow.Session - Run name: high_miescher
Dec-12 10:37:35.653 [main] DEBUG nextflow.Session - Executor pool size: 32
Dec-12 10:37:35.659 [main] DEBUG nextflow.file.FilePorter - File porter settings maxRetries=3; maxTransfers=50; pollTimeout=null
Dec-12 10:37:35.662 [main] DEBUG nextflow.util.ThreadPoolBuilder - Creating thread pool 'FileTransfer' minSize=10; maxSize=96; workQueue=LinkedBlockingQueue[10000]; allowCoreThreadTimeout=false
Dec-12 10:37:35.691 [main] DEBUG nextflow.cli.CmdRun - 
  Version: 23.07.0-edge build 5875
  Created: 28-07-2023 20:27 UTC (20:27 GMT)
  System: Linux 5.4.0-166-generic
  Runtime: Groovy 3.0.18 on OpenJDK 64-Bit Server VM 17.0.6+10-LTS
  Encoding: UTF-8 (UTF-8)
  Process: 2472972@nextflow [10.233.76.33]
  CPUs: 32 - Mem: 125.7 GB (121.5 GB) - Swap: 0 (0)
Dec-12 10:37:35.720 [main] DEBUG nextflow.Session - Work-dir: /input/data/work [ceph]
Dec-12 10:37:35.721 [main] DEBUG nextflow.Session - Script base path does not exist or is not a directory: /input/allIntoOne/bin
Dec-12 10:37:35.729 [main] DEBUG nextflow.executor.ExecutorFactory - Extension executors providers=[]
Dec-12 10:37:35.736 [main] DEBUG nextflow.Session - Observer factory: DefaultObserverFactory
Dec-12 10:37:35.763 [main] DEBUG nextflow.cache.CacheFactory - Using Nextflow cache factory: nextflow.cache.DefaultCacheFactory
Dec-12 10:37:35.770 [main] DEBUG nextflow.util.CustomThreadPool - Creating default thread pool > poolSize: 33; maxThreads: 1000
Dec-12 10:37:35.860 [main] DEBUG nextflow.Session - Session start
Dec-12 10:37:35.863 [main] DEBUG nextflow.trace.TraceFileObserver - Workflow started -- trace file: /input/data/output/trace.csv
Dec-12 10:37:36.015 [main] DEBUG nextflow.script.ScriptRunner - > Launching execution
Dec-12 10:37:36.240 [main] DEBUG nextflow.script.ProcessConfig - Config settings `withName:writeLargeFile` matches process writeLargeFile
Dec-12 10:37:36.250 [main] DEBUG nextflow.executor.ExecutorFactory - << taskConfig executor: k8s
Dec-12 10:37:36.250 [main] DEBUG nextflow.executor.ExecutorFactory - >> processorType: 'k8s'
Dec-12 10:37:36.258 [main] DEBUG nextflow.executor.Executor - [warm up] executor > k8s
Dec-12 10:37:36.275 [main] DEBUG n.processor.TaskPollingMonitor - Creating task monitor for executor 'k8s' > capacity: 300; pollInterval: 5s; dumpInterval: 5m; schedulerBatch: null
Dec-12 10:37:36.279 [main] DEBUG nextflow.k8s.client.ConfigDiscovery - K8s config file does not exist: /root/.kube/config
Dec-12 10:37:36.289 [main] DEBUG nextflow.k8s.K8sExecutor - [K8s] config=[localPath:/localdata, localStorageMountPath:/localdata, scheduler:[strategy:LAv2, name:workflow-scheduler, autoClose:false, nodeSelector:usedby=anonymized, container:anonymized/test1:sch_v194], storage:[type:copy, workdir:/localdata/localwork/, nodeSelector:usedby=anonymized, imageName:anonymized/test1:ftp_v122], debug:[yaml:true], namespace:anonymized, serviceAccount:nextflow, workDir:/input/data/work/, projectDir:/input/data/project/, imagePullPolicy:IfNotPresent, launchDir:/input/data/launch/, runAsUser:0, fetchNodeName:true, storageMountPath:/input, pod:[nodeSelector:usedby=anonymized], storageClaimName:ceph-data]; API client config=ClientConfig[ server=10.233.0.1:443, namespace=anonymized, serviceAccount=nextflow, token=eyJhbGciOiJ.., sslCert=LS0tLS1CRUd.., clientCert=-, clientKey=-, verifySsl=false, fromFile=true, httpReadTimeout=null, httpConnectTimeout=null, maxErrorRetry=4 ]
Dec-12 10:37:36.723 [main] DEBUG nextflow.k8s.K8sExecutor - Created K8s configMap with name: nf-get-stat-41cac373
Dec-12 10:37:40.457 [main] DEBUG nextflow.script.ProcessConfig - Config settings `withName:combineFiles` matches process combineFiles
Dec-12 10:37:40.459 [main] DEBUG nextflow.executor.ExecutorFactory - << taskConfig executor: k8s
Dec-12 10:37:40.460 [main] DEBUG nextflow.executor.ExecutorFactory - >> processorType: 'k8s'
Dec-12 10:37:40.474 [main] DEBUG nextflow.Session - Workflow process names [dsl2]: revertFile, combineFiles, writeLargeFile
Dec-12 10:37:40.476 [main] DEBUG nextflow.Session - Igniting dataflow network (3)
Dec-12 10:37:40.478 [main] DEBUG nextflow.processor.TaskProcessor - Starting process > writeLargeFile
Dec-12 10:37:40.479 [main] DEBUG nextflow.processor.TaskProcessor - Starting process > combineFiles
Dec-12 10:37:40.479 [main] DEBUG nextflow.script.ScriptRunner - > Awaiting termination 
Dec-12 10:37:40.479 [main] DEBUG nextflow.Session - Session await
Dec-12 10:37:40.761 [Task submitter] INFO  nextflow.Session - [79/c64360] Submitted process > writeLargeFile (12)
Dec-12 10:37:40.805 [Task submitter] INFO  nextflow.Session - [ed/057570] Submitted process > writeLargeFile (5)
Dec-12 10:37:40.844 [Task submitter] INFO  nextflow.Session - [5c/4f6b4d] Submitted process > writeLargeFile (20)
Dec-12 10:37:40.883 [Task submitter] INFO  nextflow.Session - [27/b2d147] Submitted process > writeLargeFile (17)
Dec-12 10:37:40.919 [Task submitter] INFO  nextflow.Session - [94/d8506d] Submitted process > writeLargeFile (33)
Dec-12 10:37:40.954 [Task submitter] INFO  nextflow.Session - [ea/6faad5] Submitted process > writeLargeFile (18)
Dec-12 10:37:40.992 [Task submitter] INFO  nextflow.Session - [92/175aff] Submitted process > writeLargeFile (30)
Dec-12 10:37:41.028 [Task submitter] INFO  nextflow.Session - [f7/bd3ef7] Submitted process > writeLargeFile (19)
Dec-12 10:37:41.062 [Task submitter] INFO  nextflow.Session - [3f/73d633] Submitted process > writeLargeFile (11)
Dec-12 10:37:41.096 [Task submitter] INFO  nextflow.Session - [3e/df9371] Submitted process > writeLargeFile (22)
Dec-12 10:37:41.129 [Task submitter] INFO  nextflow.Session - [19/b3627f] Submitted process > writeLargeFile (16)
Dec-12 10:37:41.163 [Task submitter] INFO  nextflow.Session - [cc/aee090] Submitted process > writeLargeFile (23)
Dec-12 10:37:41.194 [Task submitter] INFO  nextflow.Session - [a6/bde74d] Submitted process > writeLargeFile (4)
Dec-12 10:37:41.222 [Task submitter] INFO  nextflow.Session - [04/8c8257] Submitted process > writeLargeFile (42)
Dec-12 10:37:41.252 [Task submitter] INFO  nextflow.Session - [bc/61efc1] Submitted process > writeLargeFile (31)
Dec-12 10:37:41.288 [Task submitter] INFO  nextflow.Session - [09/3bf282] Submitted process > writeLargeFile (24)
Dec-12 10:37:41.319 [Task submitter] INFO  nextflow.Session - [8c/5fc960] Submitted process > writeLargeFile (25)
Dec-12 10:37:41.350 [Task submitter] INFO  nextflow.Session - [43/ce877a] Submitted process > writeLargeFile (21)
Dec-12 10:37:41.382 [Task submitter] INFO  nextflow.Session - [fe/852809] Submitted process > writeLargeFile (2)
Dec-12 10:37:41.414 [Task submitter] INFO  nextflow.Session - [53/7c20fd] Submitted process > writeLargeFile (9)
Dec-12 10:37:41.444 [Task submitter] INFO  nextflow.Session - [82/66505b] Submitted process > writeLargeFile (13)
Dec-12 10:37:41.476 [Task submitter] INFO  nextflow.Session - [94/6c6393] Submitted process > writeLargeFile (14)
Dec-12 10:37:41.508 [Task submitter] INFO  nextflow.Session - [2e/577bd5] Submitted process > writeLargeFile (29)
Dec-12 10:37:41.538 [Task submitter] INFO  nextflow.Session - [d1/be29eb] Submitted process > writeLargeFile (8)
Dec-12 10:37:41.568 [Task submitter] INFO  nextflow.Session - [5b/bbc2ed] Submitted process > writeLargeFile (27)
Dec-12 10:37:41.598 [Task submitter] INFO  nextflow.Session - [8e/39d138] Submitted process > writeLargeFile (3)
Dec-12 10:37:41.626 [Task submitter] INFO  nextflow.Session - [fd/2651a2] Submitted process > writeLargeFile (7)
Dec-12 10:37:41.657 [Task submitter] INFO  nextflow.Session - [3b/8bab9d] Submitted process > writeLargeFile (10)
Dec-12 10:37:41.687 [Task submitter] INFO  nextflow.Session - [57/a0f5f5] Submitted process > writeLargeFile (15)
Dec-12 10:37:41.722 [Task submitter] INFO  nextflow.Session - [61/518e40] Submitted process > writeLargeFile (32)
Dec-12 10:37:41.750 [Task submitter] INFO  nextflow.Session - [4b/3f622a] Submitted process > writeLargeFile (6)
Dec-12 10:37:41.779 [Task submitter] INFO  nextflow.Session - [50/6e3aae] Submitted process > writeLargeFile (26)
Dec-12 10:37:41.810 [Task submitter] INFO  nextflow.Session - [53/73ec75] Submitted process > writeLargeFile (28)
Dec-12 10:37:41.840 [Task submitter] INFO  nextflow.Session - [09/46feea] Submitted process > writeLargeFile (1)
Dec-12 10:37:41.869 [Task submitter] INFO  nextflow.Session - [db/bc9697] Submitted process > writeLargeFile (35)
Dec-12 10:37:41.899 [Task submitter] INFO  nextflow.Session - [d9/5e327f] Submitted process > writeLargeFile (34)
Dec-12 10:37:41.927 [Task submitter] INFO  nextflow.Session - [f2/4ef631] Submitted process > writeLargeFile (37)
Dec-12 10:37:41.958 [Task submitter] INFO  nextflow.Session - [dd/e8fdb6] Submitted process > writeLargeFile (36)
Dec-12 10:37:41.990 [Task submitter] INFO  nextflow.Session - [d3/e661fd] Submitted process > writeLargeFile (38)
Dec-12 10:37:42.019 [Task submitter] INFO  nextflow.Session - [03/b2013f] Submitted process > writeLargeFile (39)
Dec-12 10:37:42.047 [Task submitter] INFO  nextflow.Session - [d4/fc7c99] Submitted process > writeLargeFile (40)
Dec-12 10:37:42.081 [Task submitter] INFO  nextflow.Session - [37/a566b4] Submitted process > writeLargeFile (41)
Dec-12 10:37:42.114 [Task submitter] INFO  nextflow.Session - [b9/5ffcfd] Submitted process > writeLargeFile (43)
Dec-12 10:37:42.141 [Task submitter] INFO  nextflow.Session - [80/124624] Submitted process > writeLargeFile (44)
Dec-12 10:37:42.171 [Task submitter] INFO  nextflow.Session - [6a/8db9bd] Submitted process > writeLargeFile (45)
Dec-12 10:37:42.203 [Task submitter] INFO  nextflow.Session - [c9/8bf82e] Submitted process > writeLargeFile (46)
Dec-12 10:37:42.229 [Task submitter] INFO  nextflow.Session - [59/8e6674] Submitted process > writeLargeFile (47)
Dec-12 10:37:42.256 [Task submitter] INFO  nextflow.Session - [d4/6f06b5] Submitted process > writeLargeFile (48)
Dec-12 10:37:42.285 [Task submitter] INFO  nextflow.Session - [04/2cb39c] Submitted process > writeLargeFile (50)
Dec-12 10:37:42.316 [Task submitter] INFO  nextflow.Session - [1c/f7aaeb] Submitted process > writeLargeFile (49)
Dec-12 10:37:42.346 [Task submitter] INFO  nextflow.Session - [79/c9c1e3] Submitted process > writeLargeFile (51)
Dec-12 10:37:42.374 [Task submitter] INFO  nextflow.Session - [12/c3581c] Submitted process > writeLargeFile (79)
Dec-12 10:37:42.405 [Task submitter] INFO  nextflow.Session - [6e/ccb72b] Submitted process > writeLargeFile (52)
Dec-12 10:37:42.434 [Task submitter] INFO  nextflow.Session - [c2/c7e783] Submitted process > writeLargeFile (53)
Dec-12 10:37:42.462 [Task submitter] INFO  nextflow.Session - [81/8a90bd] Submitted process > writeLargeFile (54)
Dec-12 10:37:42.500 [Task submitter] INFO  nextflow.Session - [23/de7b2c] Submitted process > writeLargeFile (55)
Dec-12 10:37:42.528 [Task submitter] INFO  nextflow.Session - [e6/6028e3] Submitted process > writeLargeFile (57)
Dec-12 10:37:42.558 [Task submitter] INFO  nextflow.Session - [b7/7096b4] Submitted process > writeLargeFile (56)
Dec-12 10:37:42.588 [Task submitter] INFO  nextflow.Session - [d8/01a75b] Submitted process > writeLargeFile (58)
Dec-12 10:37:42.618 [Task submitter] INFO  nextflow.Session - [c8/e1b7cf] Submitted process > writeLargeFile (60)
Dec-12 10:37:42.645 [Task submitter] INFO  nextflow.Session - [94/e40223] Submitted process > writeLargeFile (61)
Dec-12 10:37:42.676 [Task submitter] INFO  nextflow.Session - [35/ebd9e8] Submitted process > writeLargeFile (59)
Dec-12 10:37:42.707 [Task submitter] INFO  nextflow.Session - [d1/bf7629] Submitted process > writeLargeFile (62)
Dec-12 10:37:42.738 [Task submitter] INFO  nextflow.Session - [f5/fe9b8d] Submitted process > writeLargeFile (63)
Dec-12 10:37:42.768 [Task submitter] INFO  nextflow.Session - [d6/02beb9] Submitted process > writeLargeFile (66)
Dec-12 10:37:42.795 [Task submitter] INFO  nextflow.Session - [f9/c71b03] Submitted process > writeLargeFile (64)
Dec-12 10:37:42.826 [Task submitter] INFO  nextflow.Session - [b8/57ef15] Submitted process > writeLargeFile (65)
Dec-12 10:37:42.855 [Task submitter] INFO  nextflow.Session - [39/ea1b89] Submitted process > writeLargeFile (69)
Dec-12 10:37:42.884 [Task submitter] INFO  nextflow.Session - [92/309288] Submitted process > writeLargeFile (68)
Dec-12 10:37:42.915 [Task submitter] INFO  nextflow.Session - [30/899ea7] Submitted process > writeLargeFile (67)
Dec-12 10:37:42.945 [Task submitter] INFO  nextflow.Session - [81/740399] Submitted process > writeLargeFile (70)
Dec-12 10:37:42.975 [Task submitter] INFO  nextflow.Session - [d0/cca200] Submitted process > writeLargeFile (71)
Dec-12 10:37:43.003 [Task submitter] INFO  nextflow.Session - [aa/59d91a] Submitted process > writeLargeFile (72)
Dec-12 10:37:43.034 [Task submitter] INFO  nextflow.Session - [01/f6503d] Submitted process > writeLargeFile (73)
Dec-12 10:37:43.062 [Task submitter] INFO  nextflow.Session - [dd/c3884a] Submitted process > writeLargeFile (74)
Dec-12 10:37:43.091 [Task submitter] INFO  nextflow.Session - [e3/0d541b] Submitted process > writeLargeFile (75)
Dec-12 10:37:43.118 [Task submitter] INFO  nextflow.Session - [f1/b2da98] Submitted process > writeLargeFile (76)
Dec-12 10:37:43.146 [Task submitter] INFO  nextflow.Session - [5d/ddd256] Submitted process > writeLargeFile (77)
Dec-12 10:37:43.178 [Task submitter] INFO  nextflow.Session - [db/8acc8b] Submitted process > writeLargeFile (78)
Dec-12 10:37:43.206 [Task submitter] INFO  nextflow.Session - [ed/359b20] Submitted process > writeLargeFile (80)
Dec-12 10:37:43.237 [Task submitter] INFO  nextflow.Session - [97/f57363] Submitted process > writeLargeFile (81)
Dec-12 10:37:43.265 [Task submitter] INFO  nextflow.Session - [e9/986d0d] Submitted process > writeLargeFile (82)
Dec-12 10:37:43.296 [Task submitter] INFO  nextflow.Session - [62/cd782d] Submitted process > writeLargeFile (83)
Dec-12 10:37:43.326 [Task submitter] INFO  nextflow.Session - [56/8f9598] Submitted process > writeLargeFile (84)
Dec-12 10:37:43.355 [Task submitter] INFO  nextflow.Session - [59/797f26] Submitted process > writeLargeFile (86)
Dec-12 10:37:43.382 [Task submitter] INFO  nextflow.Session - [ac/afb8b1] Submitted process > writeLargeFile (85)
Dec-12 10:37:43.411 [Task submitter] INFO  nextflow.Session - [90/947fe2] Submitted process > writeLargeFile (88)
Dec-12 10:37:43.442 [Task submitter] INFO  nextflow.Session - [44/a07c98] Submitted process > writeLargeFile (87)
Dec-12 10:37:43.468 [Task submitter] INFO  nextflow.Session - [45/2df693] Submitted process > writeLargeFile (89)
Dec-12 10:37:43.495 [Task submitter] INFO  nextflow.Session - [66/7c550a] Submitted process > writeLargeFile (90)
Dec-12 10:37:43.523 [Task submitter] INFO  nextflow.Session - [f1/c74f4a] Submitted process > writeLargeFile (91)
Dec-12 10:37:43.549 [Task submitter] INFO  nextflow.Session - [57/3293f7] Submitted process > writeLargeFile (94)
Dec-12 10:37:43.581 [Task submitter] INFO  nextflow.Session - [b4/1a3f10] Submitted process > writeLargeFile (92)
Dec-12 10:37:43.667 [Task submitter] INFO  nextflow.Session - [eb/198648] Submitted process > writeLargeFile (93)
Dec-12 10:37:43.697 [Task submitter] INFO  nextflow.Session - [e5/0804f8] Submitted process > writeLargeFile (95)
Dec-12 10:37:43.728 [Task submitter] INFO  nextflow.Session - [b2/9fcfec] Submitted process > writeLargeFile (96)
Dec-12 10:37:43.755 [Task submitter] INFO  nextflow.Session - [e3/f4a26a] Submitted process > writeLargeFile (99)
Dec-12 10:37:43.784 [Task submitter] INFO  nextflow.Session - [c7/9a0b78] Submitted process > writeLargeFile (97)
Dec-12 10:37:43.815 [Task submitter] INFO  nextflow.Session - [f3/2e260e] Submitted process > writeLargeFile (98)
Dec-12 10:37:43.865 [Task submitter] INFO  nextflow.Session - [d0/a1cddb] Submitted process > writeLargeFile (100)
Dec-12 10:37:51.338 [Task monitor] DEBUG n.processor.TaskPollingMonitor - Task completed > TaskHandler[id: 12; name: writeLargeFile (12); status: COMPLETED; exit: 0; error: -; workDir: /input/data/work/79/c643601e9e9ccf40c741479e8c1498]
Dec-12 10:37:51.532 [Task monitor] DEBUG n.processor.TaskPollingMonitor - Task completed > TaskHandler[id: 33; name: writeLargeFile (33); status: COMPLETED; exit: 0; error: -; workDir: /input/data/work/94/d8506d277e4e27dcb906ab511dd523]
Dec-12 10:37:51.573 [Task monitor] DEBUG n.processor.TaskPollingMonitor - Task completed > TaskHandler[id: 18; name: writeLargeFile (18); status: COMPLETED; exit: 0; error: -; workDir: /input/data/work/ea/6faad5b385f00837203431a47e0891]
Dec-12 10:37:51.623 [Task monitor] DEBUG n.processor.TaskPollingMonitor - Task completed > TaskHandler[id: 30; name: writeLargeFile (30); status: COMPLETED; exit: 0; error: -; workDir: /input/data/work/92/175aff58a462c8994f5c5f788b0b49]
Dec-12 10:37:51.675 [Task monitor] DEBUG n.processor.TaskPollingMonitor - Task completed > TaskHandler[id: 19; name: writeLargeFile (19); status: COMPLETED; exit: 0; error: -; workDir: /input/data/work/f7/bd3ef7e129acad8547d735145ab116]
Dec-12 10:37:51.728 [Task monitor] DEBUG n.processor.TaskPollingMonitor - Task completed > TaskHandler[id: 11; name: writeLargeFile (11); status: COMPLETED; exit: 0; error: -; workDir: /input/data/work/3f/73d63373c57237d1c597e4572a96d8]
Dec-12 10:37:51.775 [Task monitor] DEBUG n.processor.TaskPollingMonitor - Task completed > TaskHandler[id: 22; name: writeLargeFile (22); status: COMPLETED; exit: 0; error: -; workDir: /input/data/work/3e/df93718b6b99ba29d30dc608146120]
Dec-12 10:37:51.818 [Task monitor] DEBUG n.processor.TaskPollingMonitor - Task completed > TaskHandler[id: 16; name: writeLargeFile (16); status: COMPLETED; exit: 0; error: -; workDir: /input/data/work/19/b3627f21f288a4eac91534eeae174e]
Dec-12 10:37:51.862 [Task monitor] DEBUG n.processor.TaskPollingMonitor - Task completed > TaskHandler[id: 23; name: writeLargeFile (23); status: COMPLETED; exit: 0; error: -; workDir: /input/data/work/cc/aee09047ad38b2631cd38bca864b70]
Dec-12 10:37:56.329 [Task monitor] DEBUG n.processor.TaskPollingMonitor - Task completed > TaskHandler[id: 5; name: writeLargeFile (5); status: COMPLETED; exit: 0; error: -; workDir: /input/data/work/ed/0575704bab6d3de2490169cfc3a97a]
Dec-12 10:37:56.380 [Task monitor] DEBUG n.processor.TaskPollingMonitor - Task completed > TaskHandler[id: 20; name: writeLargeFile (20); status: COMPLETED; exit: 0; error: -; workDir: /input/data/work/5c/4f6b4dc3b78266fce1e3d1fca4eeec]
Dec-12 10:37:56.473 [Task monitor] DEBUG n.processor.TaskPollingMonitor - Task completed > TaskHandler[id: 17; name: writeLargeFile (17); status: COMPLETED; exit: 0; error: -; workDir: /input/data/work/27/b2d14752c6126a1663f599f8918a07]
Dec-12 10:38:01.334 [Task monitor] DEBUG n.processor.TaskPollingMonitor - Task completed > TaskHandler[id: 4; name: writeLargeFile (4); status: COMPLETED; exit: 0; error: -; workDir: /input/data/work/a6/bde74d0b309f5f471909bef54ee32f]
Dec-12 10:38:01.379 [Task monitor] DEBUG n.processor.TaskPollingMonitor - Task completed > TaskHandler[id: 42; name: writeLargeFile (42); status: COMPLETED; exit: 0; error: -; workDir: /input/data/work/04/8c82570de6e2bc4cb89a6cf5d335a5]
Dec-12 10:38:03.610 [Task monitor] DEBUG n.processor.TaskPollingMonitor - Task completed > TaskHandler[id: 91; name: writeLargeFile (91); status: COMPLETED; exit: 0; error: -; workDir: /input/data/work/f1/c74f4a75c5bd8087427e7f9d058c92]
Dec-12 10:38:03.660 [Task monitor] DEBUG n.processor.TaskPollingMonitor - Task completed > TaskHandler[id: 94; name: writeLargeFile (94); status: COMPLETED; exit: 0; error: -; workDir: /input/data/work/57/3293f7d0bb8d3e437a0b7468ca0f09]
Dec-12 10:38:03.721 [Task monitor] DEBUG n.processor.TaskPollingMonitor - Task completed > TaskHandler[id: 92; name: writeLargeFile (92); status: COMPLETED; exit: 0; error: -; workDir: /input/data/work/b4/1a3f1056aeead234f3a1f3e9d2e004]
Dec-12 10:38:03.790 [Task monitor] DEBUG n.processor.TaskPollingMonitor - Task completed > TaskHandler[id: 93; name: writeLargeFile (93); status: COMPLETED; exit: 0; error: -; workDir: /input/data/work/eb/1986480717380af9f92a5a1822634e]
Dec-12 10:38:03.879 [Task monitor] DEBUG n.processor.TaskPollingMonitor - Task completed > TaskHandler[id: 95; name: writeLargeFile (95); status: COMPLETED; exit: 0; error: -; workDir: /input/data/work/e5/0804f844120af06bbba48ccf8fb2af]
Dec-12 10:38:03.983 [Task monitor] DEBUG n.processor.TaskPollingMonitor - Task completed > TaskHandler[id: 96; name: writeLargeFile (96); status: COMPLETED; exit: 0; error: -; workDir: /input/data/work/b2/9fcfecec4f29234b7dc9df0af98230]
Dec-12 10:38:04.104 [Task monitor] DEBUG n.processor.TaskPollingMonitor - Task completed > TaskHandler[id: 99; name: writeLargeFile (99); status: COMPLETED; exit: 0; error: -; workDir: /input/data/work/e3/f4a26a0ea7f1029a09fa34e0dd856c]
Dec-12 10:38:04.222 [Task monitor] DEBUG n.processor.TaskPollingMonitor - Task completed > TaskHandler[id: 97; name: writeLargeFile (97); status: COMPLETED; exit: 0; error: -; workDir: /input/data/work/c7/9a0b78d93f4d4f19d3a52d3f844f3f]
Dec-12 10:38:04.325 [Task monitor] DEBUG n.processor.TaskPollingMonitor - Task completed > TaskHandler[id: 98; name: writeLargeFile (98); status: COMPLETED; exit: 0; error: -; workDir: /input/data/work/f3/2e260edcab482486d66bed2425189c]
Dec-12 10:38:04.379 [Task monitor] DEBUG n.processor.TaskPollingMonitor - Task completed > TaskHandler[id: 100; name: writeLargeFile (100); status: COMPLETED; exit: 0; error: -; workDir: /input/data/work/d0/a1cddb2ce1e9aaa0e06d314fbea0e6]
Dec-12 10:38:11.328 [Task monitor] DEBUG n.processor.TaskPollingMonitor - Task completed > TaskHandler[id: 31; name: writeLargeFile (31); status: COMPLETED; exit: 0; error: -; workDir: /input/data/work/bc/61efc1fb3860a92edf82e5821f4a56]
Dec-12 10:38:11.372 [Task monitor] DEBUG n.processor.TaskPollingMonitor - Task completed > TaskHandler[id: 24; name: writeLargeFile (24); status: COMPLETED; exit: 0; error: -; workDir: /input/data/work/09/3bf282ae97ce3100f2edd257dd0b22]
Dec-12 10:38:13.243 [Task monitor] DEBUG n.processor.TaskPollingMonitor - Task completed > TaskHandler[id: 81; name: writeLargeFile (81); status: COMPLETED; exit: 0; error: -; workDir: /input/data/work/97/f573633654e1aafc3ef4217449e266]
Dec-12 10:38:13.288 [Task monitor] DEBUG n.processor.TaskPollingMonitor - Task completed > TaskHandler[id: 82; name: writeLargeFile (82); status: COMPLETED; exit: 0; error: -; workDir: /input/data/work/e9/986d0d593554cfe96ee860a6635a41]
Dec-12 10:38:13.337 [Task monitor] DEBUG n.processor.TaskPollingMonitor - Task completed > TaskHandler[id: 83; name: writeLargeFile (83); status: COMPLETED; exit: 0; error: -; workDir: /input/data/work/62/cd782d8f82515b29280481df173b91]
Dec-12 10:38:13.385 [Task monitor] DEBUG n.processor.TaskPollingMonitor - Task completed > TaskHandler[id: 84; name: writeLargeFile (84); status: COMPLETED; exit: 0; error: -; workDir: /input/data/work/56/8f9598c14ee6847aa634ae08bd7728]
Dec-12 10:38:13.440 [Task monitor] DEBUG n.processor.TaskPollingMonitor - Task completed > TaskHandler[id: 86; name: writeLargeFile (86); status: COMPLETED; exit: 0; error: -; workDir: /input/data/work/59/797f26a606b525e730855c3e2c0207]
Dec-12 10:38:13.490 [Task monitor] DEBUG n.processor.TaskPollingMonitor - Task completed > TaskHandler[id: 85; name: writeLargeFile (85); status: COMPLETED; exit: 0; error: -; workDir: /input/data/work/ac/afb8b1b60fe6ecbfd65f3965690b4d]
Dec-12 10:38:13.535 [Task monitor] DEBUG n.processor.TaskPollingMonitor - Task completed > TaskHandler[id: 88; name: writeLargeFile (88); status: COMPLETED; exit: 0; error: -; workDir: /input/data/work/90/947fe2c30e06e4d38beb91d37f5e28]
Dec-12 10:38:13.578 [Task monitor] DEBUG n.processor.TaskPollingMonitor - Task completed > TaskHandler[id: 87; name: writeLargeFile (87); status: COMPLETED; exit: 0; error: -; workDir: /input/data/work/44/a07c981f8c64d55351c9841be1e05d]
Dec-12 10:38:13.670 [Task monitor] DEBUG n.processor.TaskPollingMonitor - Task completed > TaskHandler[id: 89; name: writeLargeFile (89); status: COMPLETED; exit: 0; error: -; workDir: /input/data/work/45/2df693c2bfe94b4080a13776b67ef6]
Dec-12 10:38:13.735 [Task monitor] DEBUG n.processor.TaskPollingMonitor - Task completed > TaskHandler[id: 90; name: writeLargeFile (90); status: COMPLETED; exit: 0; error: -; workDir: /input/data/work/66/7c550aebf84f8fabaf75695d56177a]
Dec-12 10:38:21.351 [Task monitor] DEBUG n.processor.TaskPollingMonitor - Task completed > TaskHandler[id: 21; name: writeLargeFile (21); status: COMPLETED; exit: 0; error: -; workDir: /input/data/work/43/ce877a5c663d655783631581c9e22c]
Dec-12 10:38:22.086 [Task monitor] DEBUG n.processor.TaskPollingMonitor - Task completed > TaskHandler[id: 43; name: writeLargeFile (43); status: COMPLETED; exit: 0; error: -; workDir: /input/data/work/b9/5ffcfd6a861d9319f4b0da3b90636c]
Dec-12 10:38:22.136 [Task monitor] DEBUG n.processor.TaskPollingMonitor - Task completed > TaskHandler[id: 44; name: writeLargeFile (44); status: COMPLETED; exit: 0; error: -; workDir: /input/data/work/80/12462428af5787f7d22c38ffc682f0]
Dec-12 10:38:22.186 [Task monitor] DEBUG n.processor.TaskPollingMonitor - Task completed > TaskHandler[id: 45; name: writeLargeFile (45); status: COMPLETED; exit: 0; error: -; workDir: /input/data/work/6a/8db9bd2616c75c6c47cf9ddbe34b1b]
Dec-12 10:38:22.233 [Task monitor] DEBUG n.processor.TaskPollingMonitor - Task completed > TaskHandler[id: 46; name: writeLargeFile (46); status: COMPLETED; exit: 0; error: -; workDir: /input/data/work/c9/8bf82e6246a1f296db152574fb5439]
Dec-12 10:38:22.276 [Task monitor] DEBUG n.processor.TaskPollingMonitor - Task completed > TaskHandler[id: 47; name: writeLargeFile (47); status: COMPLETED; exit: 0; error: -; workDir: /input/data/work/59/8e667414d234c05b7243f1a636075f]
Dec-12 10:38:22.322 [Task monitor] DEBUG n.processor.TaskPollingMonitor - Task completed > TaskHandler[id: 48; name: writeLargeFile (48); status: COMPLETED; exit: 0; error: -; workDir: /input/data/work/d4/6f06b57ed48a18a4dac03b87d87755]
Dec-12 10:38:22.373 [Task monitor] DEBUG n.processor.TaskPollingMonitor - Task completed > TaskHandler[id: 50; name: writeLargeFile (50); status: COMPLETED; exit: 0; error: -; workDir: /input/data/work/04/2cb39cf286f7f2eab2795d2f4292ac]
Dec-12 10:38:23.116 [Task monitor] DEBUG n.processor.TaskPollingMonitor - Task completed > TaskHandler[id: 76; name: writeLargeFile (76); status: COMPLETED; exit: 0; error: -; workDir: /input/data/work/f1/b2da9854aeab9bdbc01f46758481af]
Dec-12 10:38:23.169 [Task monitor] DEBUG n.processor.TaskPollingMonitor - Task completed > TaskHandler[id: 77; name: writeLargeFile (77); status: COMPLETED; exit: 0; error: -; workDir: /input/data/work/5d/ddd2567d77c553b8d797af2b819aa9]
Dec-12 10:38:23.216 [Task monitor] DEBUG n.processor.TaskPollingMonitor - Task completed > TaskHandler[id: 78; name: writeLargeFile (78); status: COMPLETED; exit: 0; error: -; workDir: /input/data/work/db/8acc8b7c32db71ad6950cf5ffab2d7]
Dec-12 10:38:23.264 [Task monitor] DEBUG n.processor.TaskPollingMonitor - Task completed > TaskHandler[id: 80; name: writeLargeFile (80); status: COMPLETED; exit: 0; error: -; workDir: /input/data/work/ed/359b202b41336c4b7c5bd0bc8ebaf2]
Dec-12 10:38:32.060 [Task monitor] DEBUG n.processor.TaskPollingMonitor - Task completed > TaskHandler[id: 49; name: writeLargeFile (49); status: COMPLETED; exit: 0; error: -; workDir: /input/data/work/1c/f7aaeb79fad8f075cb01406eb3370d]
Dec-12 10:38:32.429 [Task monitor] DEBUG n.processor.TaskPollingMonitor - Task completed > TaskHandler[id: 64; name: writeLargeFile (64); status: COMPLETED; exit: 0; error: -; workDir: /input/data/work/f9/c71b03d9e207af3c28c7318ccb1e64]
Dec-12 10:38:32.473 [Task monitor] DEBUG n.processor.TaskPollingMonitor - Task completed > TaskHandler[id: 65; name: writeLargeFile (65); status: COMPLETED; exit: 0; error: -; workDir: /input/data/work/b8/57ef15508426751f6be50e039c9787]
Dec-12 10:38:32.521 [Task monitor] DEBUG n.processor.TaskPollingMonitor - Task completed > TaskHandler[id: 69; name: writeLargeFile (69); status: COMPLETED; exit: 0; error: -; workDir: /input/data/work/39/ea1b89e720912fde4d883ebd99532b]
Dec-12 10:38:32.567 [Task monitor] DEBUG n.processor.TaskPollingMonitor - Task completed > TaskHandler[id: 68; name: writeLargeFile (68); status: COMPLETED; exit: 0; error: -; workDir: /input/data/work/92/309288e27c9e02354ad701bec35f9e]
Dec-12 10:38:32.617 [Task monitor] DEBUG n.processor.TaskPollingMonitor - Task completed > TaskHandler[id: 67; name: writeLargeFile (67); status: COMPLETED; exit: 0; error: -; workDir: /input/data/work/30/899ea753d4ac7e6e5454a8dba42fd5]
Dec-12 10:38:32.713 [Task monitor] DEBUG n.processor.TaskPollingMonitor - Task completed > TaskHandler[id: 70; name: writeLargeFile (70); status: COMPLETED; exit: 0; error: -; workDir: /input/data/work/81/74039935fdec70ef8a3671cdc3e584]
Dec-12 10:38:32.843 [Task monitor] DEBUG n.processor.TaskPollingMonitor - Task completed > TaskHandler[id: 71; name: writeLargeFile (71); status: COMPLETED; exit: 0; error: -; workDir: /input/data/work/d0/cca200dc46286756d4f346d1798011]
Dec-12 10:38:32.960 [Task monitor] DEBUG n.processor.TaskPollingMonitor - Task completed > TaskHandler[id: 72; name: writeLargeFile (72); status: COMPLETED; exit: 0; error: -; workDir: /input/data/work/aa/59d91aacf2c9f9e35eeb6d7063add7]
Dec-12 10:38:33.058 [Task monitor] DEBUG n.processor.TaskPollingMonitor - Task completed > TaskHandler[id: 73; name: writeLargeFile (73); status: COMPLETED; exit: 0; error: -; workDir: /input/data/work/01/f6503d64662583df13902e0285c7b4]
Dec-12 10:38:33.183 [Task monitor] DEBUG n.processor.TaskPollingMonitor - Task completed > TaskHandler[id: 74; name: writeLargeFile (74); status: COMPLETED; exit: 0; error: -; workDir: /input/data/work/dd/c3884a98a3c476a3405a6a62dfa329]
Dec-12 10:38:33.296 [Task monitor] DEBUG n.processor.TaskPollingMonitor - Task completed > TaskHandler[id: 75; name: writeLargeFile (75); status: COMPLETED; exit: 0; error: -; workDir: /input/data/work/e3/0d541bdf4d1b63c1679aa665810122]
Dec-12 10:38:41.974 [Task monitor] DEBUG n.processor.TaskPollingMonitor - Task completed > TaskHandler[id: 53; name: writeLargeFile (53); status: COMPLETED; exit: 0; error: -; workDir: /input/data/work/c2/c7e7830335d84c46e983b3a6092a54]
Dec-12 10:38:42.024 [Task monitor] DEBUG n.processor.TaskPollingMonitor - Task completed > TaskHandler[id: 54; name: writeLargeFile (54); status: COMPLETED; exit: 0; error: -; workDir: /input/data/work/81/8a90bd19fe9207b4cb143f74c3a1b3]
Dec-12 10:38:42.074 [Task monitor] DEBUG n.processor.TaskPollingMonitor - Task completed > TaskHandler[id: 55; name: writeLargeFile (55); status: COMPLETED; exit: 0; error: -; workDir: /input/data/work/23/de7b2c6730ee57bbc7301ff6a0d158]
Dec-12 10:38:42.125 [Task monitor] DEBUG n.processor.TaskPollingMonitor - Task completed > TaskHandler[id: 57; name: writeLargeFile (57); status: COMPLETED; exit: 0; error: -; workDir: /input/data/work/e6/6028e30f481fe6db6eca55b98ff41f]
Dec-12 10:38:42.173 [Task monitor] DEBUG n.processor.TaskPollingMonitor - Task completed > TaskHandler[id: 56; name: writeLargeFile (56); status: COMPLETED; exit: 0; error: -; workDir: /input/data/work/b7/7096b40922bf80982baa2cd4976ee0]
Dec-12 10:38:42.218 [Task monitor] DEBUG n.processor.TaskPollingMonitor - Task completed > TaskHandler[id: 58; name: writeLargeFile (58); status: COMPLETED; exit: 0; error: -; workDir: /input/data/work/d8/01a75b5928dab3176190e2adb05e37]
Dec-12 10:38:42.263 [Task monitor] DEBUG n.processor.TaskPollingMonitor - Task completed > TaskHandler[id: 60; name: writeLargeFile (60); status: COMPLETED; exit: 0; error: -; workDir: /input/data/work/c8/e1b7cfc15112f05c3e968d0c3c9e22]
Dec-12 10:38:42.314 [Task monitor] DEBUG n.processor.TaskPollingMonitor - Task completed > TaskHandler[id: 61; name: writeLargeFile (61); status: COMPLETED; exit: 0; error: -; workDir: /input/data/work/94/e40223ef911178fcf0f8411256eab9]
Dec-12 10:38:42.363 [Task monitor] DEBUG n.processor.TaskPollingMonitor - Task completed > TaskHandler[id: 59; name: writeLargeFile (59); status: COMPLETED; exit: 0; error: -; workDir: /input/data/work/35/ebd9e81b4d4d645c06ee9ca368a6c0]
Dec-12 10:38:42.407 [Task monitor] DEBUG n.processor.TaskPollingMonitor - Task completed > TaskHandler[id: 62; name: writeLargeFile (62); status: COMPLETED; exit: 0; error: -; workDir: /input/data/work/d1/bf76290dc8b04286149c46b56f218c]
Dec-12 10:38:42.450 [Task monitor] DEBUG n.processor.TaskPollingMonitor - Task completed > TaskHandler[id: 63; name: writeLargeFile (63); status: COMPLETED; exit: 0; error: -; workDir: /input/data/work/f5/fe9b8d5783ca591db9fb92a70a4b69]
Dec-12 10:38:42.494 [Task monitor] DEBUG n.processor.TaskPollingMonitor - Task completed > TaskHandler[id: 66; name: writeLargeFile (66); status: COMPLETED; exit: 0; error: -; workDir: /input/data/work/d6/02beb97a459bc688a79f58858ee47f]
Dec-12 10:38:51.358 [Task monitor] DEBUG n.processor.TaskPollingMonitor - Task completed > TaskHandler[id: 2; name: writeLargeFile (2); status: COMPLETED; exit: 0; error: -; workDir: /input/data/work/fe/852809870a0329bdb92baf69ba37cc]
Dec-12 10:38:51.404 [Task monitor] DEBUG n.processor.TaskPollingMonitor - Task completed > TaskHandler[id: 9; name: writeLargeFile (9); status: COMPLETED; exit: 0; error: -; workDir: /input/data/work/53/7c20fd8bf78b85bd6a77eb7c650611]
Dec-12 10:38:51.449 [Task monitor] DEBUG n.processor.TaskPollingMonitor - Task completed > TaskHandler[id: 13; name: writeLargeFile (13); status: COMPLETED; exit: 0; error: -; workDir: /input/data/work/82/66505b3cb710eb65fc4389bdbedffd]
Dec-12 10:38:51.771 [Task monitor] DEBUG n.processor.TaskPollingMonitor - Task completed > TaskHandler[id: 37; name: writeLargeFile (37); status: COMPLETED; exit: 0; error: -; workDir: /input/data/work/f2/4ef6314fd683c1e97f2e6472025e81]
Dec-12 10:38:51.819 [Task monitor] DEBUG n.processor.TaskPollingMonitor - Task completed > TaskHandler[id: 36; name: writeLargeFile (36); status: COMPLETED; exit: 0; error: -; workDir: /input/data/work/dd/e8fdb68856bbff1ad46bbd752af7f7]
Dec-12 10:38:51.866 [Task monitor] DEBUG n.processor.TaskPollingMonitor - Task completed > TaskHandler[id: 38; name: writeLargeFile (38); status: COMPLETED; exit: 0; error: -; workDir: /input/data/work/d3/e661fde2127e360c5711971b50bbdd]
Dec-12 10:38:51.915 [Task monitor] DEBUG n.processor.TaskPollingMonitor - Task completed > TaskHandler[id: 39; name: writeLargeFile (39); status: COMPLETED; exit: 0; error: -; workDir: /input/data/work/03/b2013f367e4ff5e6b4a7c7b91225a5]
Dec-12 10:38:51.970 [Task monitor] DEBUG n.processor.TaskPollingMonitor - Task completed > TaskHandler[id: 40; name: writeLargeFile (40); status: COMPLETED; exit: 0; error: -; workDir: /input/data/work/d4/fc7c99480d5aae764098e927ce9350]
Dec-12 10:38:52.011 [Task monitor] DEBUG n.processor.TaskPollingMonitor - Task completed > TaskHandler[id: 41; name: writeLargeFile (41); status: COMPLETED; exit: 0; error: -; workDir: /input/data/work/37/a566b4a3c310193be198aa9404eedf]
Dec-12 10:38:52.056 [Task monitor] DEBUG n.processor.TaskPollingMonitor - Task completed > TaskHandler[id: 51; name: writeLargeFile (51); status: COMPLETED; exit: 0; error: -; workDir: /input/data/work/79/c9c1e3793822b6c609ec7eaa36024d]
Dec-12 10:38:52.104 [Task monitor] DEBUG n.processor.TaskPollingMonitor - Task completed > TaskHandler[id: 79; name: writeLargeFile (79); status: COMPLETED; exit: 0; error: -; workDir: /input/data/work/12/c3581ca55a24c343a269875314ee0d]
Dec-12 10:38:52.153 [Task monitor] DEBUG n.processor.TaskPollingMonitor - Task completed > TaskHandler[id: 52; name: writeLargeFile (52); status: COMPLETED; exit: 0; error: -; workDir: /input/data/work/6e/ccb72b390d4bcfb301c87a2a2d3076]
Dec-12 10:39:01.438 [Task monitor] DEBUG n.processor.TaskPollingMonitor - Task completed > TaskHandler[id: 27; name: writeLargeFile (27); status: COMPLETED; exit: 0; error: -; workDir: /input/data/work/5b/bbc2ed61ec362d33907ce075267368]
Dec-12 10:39:01.483 [Task monitor] DEBUG n.processor.TaskPollingMonitor - Task completed > TaskHandler[id: 3; name: writeLargeFile (3); status: COMPLETED; exit: 0; error: -; workDir: /input/data/work/8e/39d138137cd5019f6a8b58f8d29ff0]
Dec-12 10:39:01.533 [Task monitor] DEBUG n.processor.TaskPollingMonitor - Task completed > TaskHandler[id: 7; name: writeLargeFile (7); status: COMPLETED; exit: 0; error: -; workDir: /input/data/work/fd/2651a2f04358e2b4ffdce3ff774c7c]
Dec-12 10:39:01.578 [Task monitor] DEBUG n.processor.TaskPollingMonitor - Task completed > TaskHandler[id: 10; name: writeLargeFile (10); status: COMPLETED; exit: 0; error: -; workDir: /input/data/work/3b/8bab9d8a4d153379ad806b7ec6d33e]
Dec-12 10:39:01.627 [Task monitor] DEBUG n.processor.TaskPollingMonitor - Task completed > TaskHandler[id: 15; name: writeLargeFile (15); status: COMPLETED; exit: 0; error: -; workDir: /input/data/work/57/a0f5f545f6f2bce4811d81f27c2e06]
Dec-12 10:39:01.672 [Task monitor] DEBUG n.processor.TaskPollingMonitor - Task completed > TaskHandler[id: 32; name: writeLargeFile (32); status: COMPLETED; exit: 0; error: -; workDir: /input/data/work/61/518e40386bdc4e54c53f29b13709c2]
Dec-12 10:39:01.728 [Task monitor] DEBUG n.processor.TaskPollingMonitor - Task completed > TaskHandler[id: 6; name: writeLargeFile (6); status: COMPLETED; exit: 0; error: -; workDir: /input/data/work/4b/3f622a4437972ff40c55f072ef07fb]
Dec-12 10:39:01.778 [Task monitor] DEBUG n.processor.TaskPollingMonitor - Task completed > TaskHandler[id: 26; name: writeLargeFile (26); status: COMPLETED; exit: 0; error: -; workDir: /input/data/work/50/6e3aae36f07fbd9b17742ab4ce9c4f]
Dec-12 10:39:01.826 [Task monitor] DEBUG n.processor.TaskPollingMonitor - Task completed > TaskHandler[id: 28; name: writeLargeFile (28); status: COMPLETED; exit: 0; error: -; workDir: /input/data/work/53/73ec75d23f7a9ddd60b0607450cf13]
Dec-12 10:39:01.869 [Task monitor] DEBUG n.processor.TaskPollingMonitor - Task completed > TaskHandler[id: 1; name: writeLargeFile (1); status: COMPLETED; exit: 0; error: -; workDir: /input/data/work/09/46feea68794d9881e86f47981045ad]
Dec-12 10:39:01.908 [Task monitor] DEBUG n.processor.TaskPollingMonitor - Task completed > TaskHandler[id: 35; name: writeLargeFile (35); status: COMPLETED; exit: 0; error: -; workDir: /input/data/work/db/bc96970480efeae3144534cc93261c]
Dec-12 10:39:01.949 [Task monitor] DEBUG n.processor.TaskPollingMonitor - Task completed > TaskHandler[id: 34; name: writeLargeFile (34); status: COMPLETED; exit: 0; error: -; workDir: /input/data/work/d9/5e327f0ce8fd87b5dede794272cd41]
Dec-12 10:39:11.333 [Task monitor] DEBUG n.processor.TaskPollingMonitor - Task completed > TaskHandler[id: 25; name: writeLargeFile (25); status: COMPLETED; exit: 0; error: -; workDir: /input/data/work/8c/5fc960963facda6a51586363dac267]
Dec-12 10:39:11.378 [Task monitor] DEBUG n.processor.TaskPollingMonitor - Task completed > TaskHandler[id: 14; name: writeLargeFile (14); status: COMPLETED; exit: 0; error: -; workDir: /input/data/work/94/6c6393df44cceff3af7872aaa53b16]
Dec-12 10:39:11.418 [Task monitor] DEBUG n.processor.TaskPollingMonitor - Task completed > TaskHandler[id: 29; name: writeLargeFile (29); status: COMPLETED; exit: 0; error: -; workDir: /input/data/work/2e/577bd59c8f1456bf7ea3ede55e49f8]
Dec-12 10:39:11.454 [Task monitor] DEBUG n.processor.TaskPollingMonitor - Task completed > TaskHandler[id: 8; name: writeLargeFile (8); status: COMPLETED; exit: 0; error: -; workDir: /input/data/work/d1/be29eb55c1a4b5b2c4f4729da2c57e]
Dec-12 10:39:11.534 [Task submitter] INFO  nextflow.Session - [79/771628] Submitted process > combineFiles (1)
Dec-12 10:42:41.292 [Task monitor] DEBUG n.processor.TaskPollingMonitor - !! executor k8s > tasks to be completed: 1 -- submitted tasks are shown below
~> TaskHandler[id: 101; name: combineFiles (1); status: SUBMITTED; exit: -; error: -; workDir: /input/data/work/79/7716288829e9189514a81336bf4de4]
Dec-12 10:47:41.306 [Task monitor] DEBUG n.processor.TaskPollingMonitor - !! executor k8s > tasks to be completed: 1 -- submitted tasks are shown below
~> TaskHandler[id: 101; name: combineFiles (1); status: SUBMITTED; exit: -; error: -; workDir: /input/data/work/79/7716288829e9189514a81336bf4de4]
Dec-12 10:52:41.320 [Task monitor] DEBUG n.processor.TaskPollingMonitor - !! executor k8s > tasks to be completed: 1 -- submitted tasks are shown below
~> TaskHandler[id: 101; name: combineFiles (1); status: RUNNING; exit: -; error: -; workDir: /input/data/work/79/7716288829e9189514a81336bf4de4]
Dec-12 10:52:51.361 [Task monitor] DEBUG n.processor.TaskPollingMonitor - Task completed > TaskHandler[id: 101; name: combineFiles (1); status: COMPLETED; exit: 0; error: -; workDir: /input/data/work/79/7716288829e9189514a81336bf4de4]
Dec-12 10:52:51.362 [main] DEBUG nextflow.Session - Session await > all processes finished
Dec-12 10:52:51.366 [main] DEBUG nextflow.Session - Session await > all barriers passed
Dec-12 10:52:51.376 [main] DEBUG n.trace.WorkflowStatsObserver - Workflow completed > WorkflowStats[succeededCount=101; failedCount=0; ignoredCount=0; cachedCount=0; pendingCount=0; submittedCount=0; runningCount=0; retriesCount=0; abortedCount=0; succeedDuration=41m 57s; failedDuration=0ms; cachedDuration=0ms;loadCpus=0; loadMemory=0; peakRunning=17; peakCpus=170; peakMemory=170 GB; ]
Dec-12 10:52:51.376 [main] DEBUG nextflow.trace.TraceFileObserver - Workflow completed -- saving trace file
Dec-12 10:52:51.377 [main] DEBUG nextflow.trace.ReportObserver - Workflow completed -- rendering execution report
Dec-12 10:52:51.957 [main] DEBUG nextflow.trace.TimelineObserver - Workflow completed -- rendering execution timeline
Dec-12 10:52:52.099 [main] DEBUG nextflow.cache.CacheDB - Closing CacheDB done
Dec-12 10:52:52.121 [main] DEBUG nextflow.util.ThreadPoolManager - Thread pool 'FileTransfer' shutdown completed (hard=false)
Dec-12 10:52:52.122 [main] DEBUG nextflow.script.ScriptRunner - > Execution complete -- Goodbye
