Dec-02 17:18:22.078 [main] DEBUG nextflow.cli.Launcher - $> nextflow run /input/fork -c /experiments/experiment/fork/nextflow.config -c /experiments/experiment/nextflow_cws.config -c /experiments/experiment/nextflow_nfs.config
Dec-02 17:18:22.138 [main] INFO  nextflow.cli.CmdRun - N E X T F L O W  ~  version 23.07.0-edge
Dec-02 17:18:22.167 [main] DEBUG nextflow.plugin.PluginsFacade - Setting up plugin manager > mode=prod; embedded=false; plugins-dir=/.nextflow/plugins; core-plugins: nf-amazon@2.1.0,nf-azure@1.1.4,nf-cloudcache@0.1.0,nf-codecommit@0.1.5,nf-console@1.0.6,nf-ga4gh@1.1.0,nf-google@1.8.1,nf-tower@1.5.15,nf-wave@0.11.0
Dec-02 17:18:22.178 [main] INFO  o.pf4j.DefaultPluginStatusProvider - Enabled plugins: []
Dec-02 17:18:22.179 [main] INFO  o.pf4j.DefaultPluginStatusProvider - Disabled plugins: []
Dec-02 17:18:22.181 [main] INFO  org.pf4j.DefaultPluginManager - PF4J version 3.4.1 in 'deployment' mode
Dec-02 17:18:22.189 [main] INFO  org.pf4j.AbstractPluginManager - No plugins
Dec-02 17:18:22.210 [main] DEBUG nextflow.scm.AssetManager - Project manifest does not exist: /input/fork/nextflow.config (No such file or directory)
Dec-02 17:18:22.232 [main] DEBUG nextflow.config.ConfigBuilder - User config file: /experiments/experiment/fork/nextflow.config
Dec-02 17:18:22.233 [main] DEBUG nextflow.config.ConfigBuilder - User config file: /experiments/experiment/nextflow_cws.config
Dec-02 17:18:22.234 [main] DEBUG nextflow.config.ConfigBuilder - User config file: /experiments/experiment/nextflow_nfs.config
Dec-02 17:18:22.234 [main] DEBUG nextflow.config.ConfigBuilder - Parsing config file: /experiments/experiment/fork/nextflow.config
Dec-02 17:18:22.234 [main] DEBUG nextflow.config.ConfigBuilder - Parsing config file: /experiments/experiment/nextflow_cws.config
Dec-02 17:18:22.234 [main] DEBUG nextflow.config.ConfigBuilder - Parsing config file: /experiments/experiment/nextflow_nfs.config
Dec-02 17:18:22.249 [main] DEBUG nextflow.config.ConfigBuilder - Applying config profile: `standard`
Dec-02 17:18:22.739 [main] DEBUG nextflow.config.ConfigBuilder - Applying config profile: `standard`
Dec-02 17:18:22.883 [main] DEBUG nextflow.config.ConfigBuilder - Applying config profile: `standard`
Dec-02 17:18:22.909 [main] DEBUG nextflow.cli.CmdRun - Applied DSL=2 by global default
Dec-02 17:18:22.922 [main] INFO  nextflow.cli.CmdRun - Launching `/input/fork/main.nf` [friendly_pike] DSL2 - revision: 64aabf06f3
Dec-02 17:18:22.922 [main] DEBUG nextflow.plugin.PluginsFacade - Plugins default=[]
Dec-02 17:18:22.922 [main] DEBUG nextflow.plugin.PluginsFacade - Plugins resolved requirement=[]
Dec-02 17:18:22.929 [main] DEBUG n.secret.LocalSecretsProvider - Secrets store: /.nextflow/secrets/store.json
Dec-02 17:18:22.931 [main] DEBUG nextflow.secret.SecretsLoader - Discovered secrets providers: [nextflow.secret.LocalSecretsProvider@5b7c8930] - activable => nextflow.secret.LocalSecretsProvider@5b7c8930
Dec-02 17:18:22.981 [main] DEBUG nextflow.Session - Session UUID: 3b9b75fa-2199-491d-a0e8-0c4574927a7e
Dec-02 17:18:22.981 [main] DEBUG nextflow.Session - Run name: friendly_pike
Dec-02 17:18:22.982 [main] DEBUG nextflow.Session - Executor pool size: 32
Dec-02 17:18:22.987 [main] DEBUG nextflow.file.FilePorter - File porter settings maxRetries=3; maxTransfers=50; pollTimeout=null
Dec-02 17:18:22.990 [main] DEBUG nextflow.util.ThreadPoolBuilder - Creating thread pool 'FileTransfer' minSize=10; maxSize=96; workQueue=LinkedBlockingQueue[10000]; allowCoreThreadTimeout=false
Dec-02 17:18:23.019 [main] DEBUG nextflow.cli.CmdRun - 
  Version: 23.07.0-edge build 5875
  Created: 28-07-2023 20:27 UTC (20:27 GMT)
  System: Linux 5.4.0-166-generic
  Runtime: Groovy 3.0.18 on OpenJDK 64-Bit Server VM 17.0.6+10-LTS
  Encoding: UTF-8 (UTF-8)
  Process: 3704036@nextflow [10.233.76.38]
  CPUs: 32 - Mem: 125.7 GB (121.4 GB) - Swap: 0 (0)
Dec-02 17:18:23.062 [main] DEBUG nextflow.Session - Work-dir: /input/data/work [nfs]
Dec-02 17:18:23.062 [main] DEBUG nextflow.Session - Script base path does not exist or is not a directory: /input/fork/bin
Dec-02 17:18:23.070 [main] DEBUG nextflow.executor.ExecutorFactory - Extension executors providers=[]
Dec-02 17:18:23.077 [main] DEBUG nextflow.Session - Observer factory: DefaultObserverFactory
Dec-02 17:18:23.105 [main] DEBUG nextflow.cache.CacheFactory - Using Nextflow cache factory: nextflow.cache.DefaultCacheFactory
Dec-02 17:18:23.112 [main] DEBUG nextflow.util.CustomThreadPool - Creating default thread pool > poolSize: 33; maxThreads: 1000
Dec-02 17:18:23.207 [main] DEBUG nextflow.Session - Session start
Dec-02 17:18:23.212 [main] DEBUG nextflow.trace.TraceFileObserver - Workflow started -- trace file: /input/data/output/trace.csv
Dec-02 17:18:23.351 [main] DEBUG nextflow.script.ScriptRunner - > Launching execution
Dec-02 17:18:23.555 [main] DEBUG nextflow.script.ProcessConfig - Config settings `withName:writeLargeFile` matches process writeLargeFile
Dec-02 17:18:23.573 [main] DEBUG nextflow.executor.ExecutorFactory - << taskConfig executor: k8s
Dec-02 17:18:23.573 [main] DEBUG nextflow.executor.ExecutorFactory - >> processorType: 'k8s'
Dec-02 17:18:23.581 [main] DEBUG nextflow.executor.Executor - [warm up] executor > k8s
Dec-02 17:18:23.596 [main] DEBUG n.processor.TaskPollingMonitor - Creating task monitor for executor 'k8s' > capacity: 300; pollInterval: 5s; dumpInterval: 5m; schedulerBatch: null
Dec-02 17:18:23.601 [main] DEBUG nextflow.k8s.client.ConfigDiscovery - K8s config file does not exist: /root/.kube/config
Dec-02 17:18:23.612 [main] DEBUG nextflow.k8s.K8sExecutor - [K8s] config=[scheduler:[strategy:rank_max-fair, name:workflow-scheduler, autoClose:false, nodeSelector:usedby=anonymized, container:anonymized/test1:sch_v194], debug:[yaml:true], namespace:anonymized, serviceAccount:nextflow, workDir:/input/data/work/, projectDir:/input/data/project/, imagePullPolicy:IfNotPresent, launchDir:/input/data/launch/, runAsUser:0, fetchNodeName:true, storageMountPath:/input, pod:[nodeSelector:usedby=anonymized], storage:[nodeSelector:usedby=anonymized, imageName:anonymized/test1:ftp_v122], storageClaimName:nfs-experiment]; API client config=ClientConfig[ server=10.233.0.1:443, namespace=anonymized, serviceAccount=nextflow, token=eyJhbGciOiJ.., sslCert=LS0tLS1CRUd.., clientCert=-, clientKey=-, verifySsl=false, fromFile=true, httpReadTimeout=null, httpConnectTimeout=null, maxErrorRetry=4 ]
Dec-02 17:18:27.261 [main] DEBUG nextflow.script.ProcessConfig - Config settings `withName:revertFile` matches process revertFile
Dec-02 17:18:27.263 [main] DEBUG nextflow.executor.ExecutorFactory - << taskConfig executor: k8s
Dec-02 17:18:27.263 [main] DEBUG nextflow.executor.ExecutorFactory - >> processorType: 'k8s'
Dec-02 17:18:27.276 [main] DEBUG nextflow.Session - Workflow process names [dsl2]: revertFile, combineFiles, writeLargeFile
Dec-02 17:18:27.277 [main] DEBUG nextflow.Session - Igniting dataflow network (3)
Dec-02 17:18:27.278 [main] DEBUG nextflow.processor.TaskProcessor - Starting process > writeLargeFile
Dec-02 17:18:27.280 [main] DEBUG nextflow.processor.TaskProcessor - Starting process > revertFile
Dec-02 17:18:27.281 [main] DEBUG nextflow.script.ScriptRunner - > Awaiting termination 
Dec-02 17:18:27.281 [main] DEBUG nextflow.Session - Session await
Dec-02 17:18:27.550 [Task submitter] INFO  nextflow.Session - [03/88b798] Submitted process > writeLargeFile (1)
Dec-02 17:18:38.657 [Task monitor] DEBUG n.processor.TaskPollingMonitor - Task completed > TaskHandler[id: 1; name: writeLargeFile (1); status: COMPLETED; exit: 0; error: -; workDir: /input/data/work/03/88b7980edf40edc166a0c383606fcd]
Dec-02 17:18:38.779 [Task submitter] INFO  nextflow.Session - [e2/edab28] Submitted process > revertFile (17)
Dec-02 17:18:38.826 [Task submitter] INFO  nextflow.Session - [bc/138e6d] Submitted process > revertFile (12)
Dec-02 17:18:38.870 [Task submitter] INFO  nextflow.Session - [72/5f8ee7] Submitted process > revertFile (27)
Dec-02 17:18:38.912 [Task submitter] INFO  nextflow.Session - [4c/47ba02] Submitted process > revertFile (11)
Dec-02 17:18:38.951 [Task submitter] INFO  nextflow.Session - [4f/8e8052] Submitted process > revertFile (3)
Dec-02 17:18:38.990 [Task submitter] INFO  nextflow.Session - [1d/a3ac55] Submitted process > revertFile (4)
Dec-02 17:18:39.029 [Task submitter] INFO  nextflow.Session - [72/bd4b22] Submitted process > revertFile (16)
Dec-02 17:18:39.071 [Task submitter] INFO  nextflow.Session - [da/155650] Submitted process > revertFile (21)
Dec-02 17:18:39.111 [Task submitter] INFO  nextflow.Session - [70/8c92d0] Submitted process > revertFile (6)
Dec-02 17:18:39.150 [Task submitter] INFO  nextflow.Session - [65/9f6843] Submitted process > revertFile (5)
Dec-02 17:18:39.191 [Task submitter] INFO  nextflow.Session - [52/1bc9ea] Submitted process > revertFile (23)
Dec-02 17:18:39.234 [Task submitter] INFO  nextflow.Session - [34/91c213] Submitted process > revertFile (20)
Dec-02 17:18:39.277 [Task submitter] INFO  nextflow.Session - [28/acf1a2] Submitted process > revertFile (19)
Dec-02 17:18:39.315 [Task submitter] INFO  nextflow.Session - [70/ac796f] Submitted process > revertFile (9)
Dec-02 17:18:39.354 [Task submitter] INFO  nextflow.Session - [1a/b0a074] Submitted process > revertFile (29)
Dec-02 17:18:39.391 [Task submitter] INFO  nextflow.Session - [d3/0da215] Submitted process > revertFile (14)
Dec-02 17:18:39.426 [Task submitter] INFO  nextflow.Session - [09/9e566e] Submitted process > revertFile (26)
Dec-02 17:18:39.464 [Task submitter] INFO  nextflow.Session - [27/5639e6] Submitted process > revertFile (13)
Dec-02 17:18:39.499 [Task submitter] INFO  nextflow.Session - [b0/5e1d0c] Submitted process > revertFile (2)
Dec-02 17:18:39.535 [Task submitter] INFO  nextflow.Session - [b7/9ba0b2] Submitted process > revertFile (15)
Dec-02 17:18:39.572 [Task submitter] INFO  nextflow.Session - [4c/b115a6] Submitted process > revertFile (48)
Dec-02 17:18:39.608 [Task submitter] INFO  nextflow.Session - [ba/fe05b8] Submitted process > revertFile (10)
Dec-02 17:18:39.642 [Task submitter] INFO  nextflow.Session - [89/455cf5] Submitted process > revertFile (7)
Dec-02 17:18:39.677 [Task submitter] INFO  nextflow.Session - [91/5e784c] Submitted process > revertFile (24)
Dec-02 17:18:39.710 [Task submitter] INFO  nextflow.Session - [43/66b77a] Submitted process > revertFile (31)
Dec-02 17:18:39.748 [Task submitter] INFO  nextflow.Session - [18/5d006f] Submitted process > revertFile (1)
Dec-02 17:18:39.786 [Task submitter] INFO  nextflow.Session - [dd/a63445] Submitted process > revertFile (8)
Dec-02 17:18:39.826 [Task submitter] INFO  nextflow.Session - [27/675c0b] Submitted process > revertFile (57)
Dec-02 17:18:39.859 [Task submitter] INFO  nextflow.Session - [f4/f5f43b] Submitted process > revertFile (18)
Dec-02 17:18:39.896 [Task submitter] INFO  nextflow.Session - [b9/89eb29] Submitted process > revertFile (32)
Dec-02 17:18:39.935 [Task submitter] INFO  nextflow.Session - [4e/1c492f] Submitted process > revertFile (28)
Dec-02 17:18:39.972 [Task submitter] INFO  nextflow.Session - [18/912e14] Submitted process > revertFile (30)
Dec-02 17:18:40.009 [Task submitter] INFO  nextflow.Session - [6f/09e24e] Submitted process > revertFile (25)
Dec-02 17:18:40.046 [Task submitter] INFO  nextflow.Session - [d2/9464ce] Submitted process > revertFile (22)
Dec-02 17:18:40.090 [Task submitter] INFO  nextflow.Session - [dd/2dfb51] Submitted process > revertFile (41)
Dec-02 17:18:40.172 [Task submitter] INFO  nextflow.Session - [3a/752620] Submitted process > revertFile (33)
Dec-02 17:18:40.207 [Task submitter] INFO  nextflow.Session - [40/d3edfb] Submitted process > revertFile (51)
Dec-02 17:18:40.242 [Task submitter] INFO  nextflow.Session - [d2/e70ada] Submitted process > revertFile (56)
Dec-02 17:18:40.277 [Task submitter] INFO  nextflow.Session - [98/46a62e] Submitted process > revertFile (36)
Dec-02 17:18:40.314 [Task submitter] INFO  nextflow.Session - [77/a14b33] Submitted process > revertFile (35)
Dec-02 17:18:40.350 [Task submitter] INFO  nextflow.Session - [c1/3f07f0] Submitted process > revertFile (37)
Dec-02 17:18:40.384 [Task submitter] INFO  nextflow.Session - [61/7a9813] Submitted process > revertFile (39)
Dec-02 17:18:40.418 [Task submitter] INFO  nextflow.Session - [cb/1d5fea] Submitted process > revertFile (43)
Dec-02 17:18:40.452 [Task submitter] INFO  nextflow.Session - [8b/55081f] Submitted process > revertFile (34)
Dec-02 17:18:40.480 [Task submitter] INFO  nextflow.Session - [0e/01c6ae] Submitted process > revertFile (50)
Dec-02 17:18:40.512 [Task submitter] INFO  nextflow.Session - [64/d3ff91] Submitted process > revertFile (49)
Dec-02 17:18:40.546 [Task submitter] INFO  nextflow.Session - [53/213479] Submitted process > revertFile (44)
Dec-02 17:18:40.581 [Task submitter] INFO  nextflow.Session - [f5/c856b4] Submitted process > revertFile (40)
Dec-02 17:18:40.618 [Task submitter] INFO  nextflow.Session - [03/560b29] Submitted process > revertFile (76)
Dec-02 17:18:40.655 [Task submitter] INFO  nextflow.Session - [85/f83842] Submitted process > revertFile (42)
Dec-02 17:18:40.698 [Task submitter] INFO  nextflow.Session - [d1/2ef7f4] Submitted process > revertFile (53)
Dec-02 17:18:40.735 [Task submitter] INFO  nextflow.Session - [04/ff2f49] Submitted process > revertFile (55)
Dec-02 17:18:40.772 [Task submitter] INFO  nextflow.Session - [bb/a4e68b] Submitted process > revertFile (52)
Dec-02 17:18:40.806 [Task submitter] INFO  nextflow.Session - [43/d8fdcf] Submitted process > revertFile (83)
Dec-02 17:18:40.838 [Task submitter] INFO  nextflow.Session - [8e/f060f9] Submitted process > revertFile (60)
Dec-02 17:18:40.872 [Task submitter] INFO  nextflow.Session - [30/3adde4] Submitted process > revertFile (38)
Dec-02 17:18:40.908 [Task submitter] INFO  nextflow.Session - [fa/c80bb9] Submitted process > revertFile (59)
Dec-02 17:18:40.946 [Task submitter] INFO  nextflow.Session - [7d/461450] Submitted process > revertFile (54)
Dec-02 17:18:40.979 [Task submitter] INFO  nextflow.Session - [25/16eb80] Submitted process > revertFile (46)
Dec-02 17:18:41.013 [Task submitter] INFO  nextflow.Session - [6c/f6f40f] Submitted process > revertFile (45)
Dec-02 17:18:41.075 [Task submitter] INFO  nextflow.Session - [ce/abcf53] Submitted process > revertFile (61)
Dec-02 17:18:41.123 [Task submitter] INFO  nextflow.Session - [aa/95baae] Submitted process > revertFile (47)
Dec-02 17:18:41.175 [Task submitter] INFO  nextflow.Session - [a3/7240c4] Submitted process > revertFile (58)
Dec-02 17:18:41.237 [Task submitter] INFO  nextflow.Session - [f9/0eb4d2] Submitted process > revertFile (63)
Dec-02 17:18:41.287 [Task submitter] INFO  nextflow.Session - [00/346f7f] Submitted process > revertFile (62)
Dec-02 17:18:41.330 [Task submitter] INFO  nextflow.Session - [28/53b56c] Submitted process > revertFile (94)
Dec-02 17:18:41.380 [Task submitter] INFO  nextflow.Session - [8d/68e22a] Submitted process > revertFile (67)
Dec-02 17:18:41.499 [Task submitter] INFO  nextflow.Session - [e7/bf4df2] Submitted process > revertFile (66)
Dec-02 17:18:41.541 [Task submitter] INFO  nextflow.Session - [63/5beed7] Submitted process > revertFile (70)
Dec-02 17:18:41.584 [Task submitter] INFO  nextflow.Session - [bf/d1e31d] Submitted process > revertFile (71)
Dec-02 17:18:41.632 [Task submitter] INFO  nextflow.Session - [17/e8c8b9] Submitted process > revertFile (64)
Dec-02 17:18:41.666 [Task submitter] INFO  nextflow.Session - [47/507808] Submitted process > revertFile (68)
Dec-02 17:18:41.700 [Task submitter] INFO  nextflow.Session - [cf/17f5d1] Submitted process > revertFile (72)
Dec-02 17:18:41.739 [Task submitter] INFO  nextflow.Session - [74/bba191] Submitted process > revertFile (69)
Dec-02 17:18:41.773 [Task submitter] INFO  nextflow.Session - [b5/81b1a3] Submitted process > revertFile (65)
Dec-02 17:18:41.809 [Task submitter] INFO  nextflow.Session - [30/1035af] Submitted process > revertFile (80)
Dec-02 17:18:41.844 [Task submitter] INFO  nextflow.Session - [00/e5adf5] Submitted process > revertFile (81)
Dec-02 17:18:41.879 [Task submitter] INFO  nextflow.Session - [80/f14e53] Submitted process > revertFile (75)
Dec-02 17:18:41.912 [Task submitter] INFO  nextflow.Session - [1c/7bbbec] Submitted process > revertFile (78)
Dec-02 17:18:41.948 [Task submitter] INFO  nextflow.Session - [d5/0e04d8] Submitted process > revertFile (73)
Dec-02 17:18:41.981 [Task submitter] INFO  nextflow.Session - [d8/487d79] Submitted process > revertFile (77)
Dec-02 17:18:42.016 [Task submitter] INFO  nextflow.Session - [ad/23ecef] Submitted process > revertFile (86)
Dec-02 17:18:42.051 [Task submitter] INFO  nextflow.Session - [50/707897] Submitted process > revertFile (79)
Dec-02 17:18:42.085 [Task submitter] INFO  nextflow.Session - [11/e19948] Submitted process > revertFile (74)
Dec-02 17:18:42.117 [Task submitter] INFO  nextflow.Session - [f1/bb1708] Submitted process > revertFile (84)
Dec-02 17:18:42.152 [Task submitter] INFO  nextflow.Session - [d7/d6bc6b] Submitted process > revertFile (82)
Dec-02 17:18:42.184 [Task submitter] INFO  nextflow.Session - [13/4686e5] Submitted process > revertFile (85)
Dec-02 17:18:42.217 [Task submitter] INFO  nextflow.Session - [0a/55f0e8] Submitted process > revertFile (92)
Dec-02 17:18:42.254 [Task submitter] INFO  nextflow.Session - [a1/dad584] Submitted process > revertFile (93)
Dec-02 17:18:42.285 [Task submitter] INFO  nextflow.Session - [db/3fb06d] Submitted process > revertFile (91)
Dec-02 17:18:42.318 [Task submitter] INFO  nextflow.Session - [84/a91fbe] Submitted process > revertFile (88)
Dec-02 17:18:42.355 [Task submitter] INFO  nextflow.Session - [4b/ab8930] Submitted process > revertFile (90)
Dec-02 17:18:42.385 [Task submitter] INFO  nextflow.Session - [69/e5245d] Submitted process > revertFile (87)
Dec-02 17:18:42.418 [Task submitter] INFO  nextflow.Session - [75/7a1835] Submitted process > revertFile (89)
Dec-02 17:18:42.453 [Task submitter] INFO  nextflow.Session - [5c/5d476a] Submitted process > revertFile (95)
Dec-02 17:18:42.487 [Task submitter] INFO  nextflow.Session - [2b/e3000a] Submitted process > revertFile (98)
Dec-02 17:18:42.522 [Task submitter] INFO  nextflow.Session - [c4/eef599] Submitted process > revertFile (96)
Dec-02 17:18:42.554 [Task submitter] INFO  nextflow.Session - [9e/2f5e78] Submitted process > revertFile (99)
Dec-02 17:18:42.590 [Task submitter] INFO  nextflow.Session - [86/88e86c] Submitted process > revertFile (100)
Dec-02 17:18:42.627 [Task submitter] INFO  nextflow.Session - [e3/05b2d6] Submitted process > revertFile (97)
Dec-02 17:20:35.678 [Task monitor] DEBUG n.processor.TaskPollingMonitor - Task completed > TaskHandler[id: 5; name: revertFile (4); status: COMPLETED; exit: 0; error: -; workDir: /input/data/work/1d/a3ac55b14dc9aebfe88d5420cdf0e0]
Dec-02 17:20:39.768 [Task monitor] DEBUG n.processor.TaskPollingMonitor - Task completed > TaskHandler[id: 10; name: revertFile (9); status: COMPLETED; exit: 0; error: -; workDir: /input/data/work/70/ac796f9167055907dbaf8df262be50]
Dec-02 17:20:43.686 [Task monitor] DEBUG n.processor.TaskPollingMonitor - Task completed > TaskHandler[id: 27; name: revertFile (26); status: COMPLETED; exit: 0; error: -; workDir: /input/data/work/09/9e566e14d16ed60683d71cec0a3fa7]
Dec-02 17:20:47.592 [Task monitor] DEBUG n.processor.TaskPollingMonitor - Task completed > TaskHandler[id: 11; name: revertFile (10); status: COMPLETED; exit: 0; error: -; workDir: /input/data/work/ba/fe05b8b1d00d6eefe69f0bb3f04742]
Dec-02 17:20:53.620 [Task monitor] DEBUG n.processor.TaskPollingMonitor - Task completed > TaskHandler[id: 18; name: revertFile (17); status: COMPLETED; exit: 0; error: -; workDir: /input/data/work/e2/edab28e7bdb98953f5417bad2a8712]
Dec-02 17:20:57.353 [Task monitor] DEBUG n.processor.TaskPollingMonitor - Task completed > TaskHandler[id: 7; name: revertFile (6); status: COMPLETED; exit: 0; error: -; workDir: /input/data/work/70/8c92d0890509c02aaec2c1a3c2bd31]
Dec-02 17:21:02.338 [Task monitor] DEBUG n.processor.TaskPollingMonitor - Task completed > TaskHandler[id: 13; name: revertFile (12); status: COMPLETED; exit: 0; error: -; workDir: /input/data/work/bc/138e6dbc04fce2c9e6a99d75851aa4]
Dec-02 17:21:03.112 [Task monitor] DEBUG n.processor.TaskPollingMonitor - Task completed > TaskHandler[id: 28; name: revertFile (27); status: COMPLETED; exit: 0; error: -; workDir: /input/data/work/72/5f8ee792607047d38c8e2d521f666d]
Dec-02 17:21:03.354 [Task monitor] DEBUG n.processor.TaskPollingMonitor - Task completed > TaskHandler[id: 12; name: revertFile (11); status: COMPLETED; exit: 0; error: -; workDir: /input/data/work/4c/47ba02c90a7e67a16d9531dec35604]
Dec-02 17:21:03.593 [Task monitor] DEBUG n.processor.TaskPollingMonitor - Task completed > TaskHandler[id: 17; name: revertFile (16); status: COMPLETED; exit: 0; error: -; workDir: /input/data/work/72/bd4b2256b8f8928b63716f93c45b94]
Dec-02 17:21:03.854 [Task monitor] DEBUG n.processor.TaskPollingMonitor - Task completed > TaskHandler[id: 6; name: revertFile (5); status: COMPLETED; exit: 0; error: -; workDir: /input/data/work/65/9f68438ed2f2a4749a5e4e46fda017]
Dec-02 17:21:04.048 [Task monitor] DEBUG n.processor.TaskPollingMonitor - Task completed > TaskHandler[id: 24; name: revertFile (23); status: COMPLETED; exit: 0; error: -; workDir: /input/data/work/52/1bc9ea1756ffa845ee3d28225b5f24]
Dec-02 17:21:04.096 [Task monitor] DEBUG n.processor.TaskPollingMonitor - Task completed > TaskHandler[id: 21; name: revertFile (20); status: COMPLETED; exit: 0; error: -; workDir: /input/data/work/34/91c2137144c9e52fe4f696a8c4fb3a]
Dec-02 17:21:04.148 [Task monitor] DEBUG n.processor.TaskPollingMonitor - Task completed > TaskHandler[id: 30; name: revertFile (29); status: COMPLETED; exit: 0; error: -; workDir: /input/data/work/1a/b0a0748e3902430772f4d3ff9c3d0a]
Dec-02 17:21:04.200 [Task monitor] DEBUG n.processor.TaskPollingMonitor - Task completed > TaskHandler[id: 14; name: revertFile (13); status: COMPLETED; exit: 0; error: -; workDir: /input/data/work/27/5639e6ee650c78e6037befa6f0387d]
Dec-02 17:21:04.241 [Task monitor] DEBUG n.processor.TaskPollingMonitor - Task completed > TaskHandler[id: 3; name: revertFile (2); status: COMPLETED; exit: 0; error: -; workDir: /input/data/work/b0/5e1d0c644ffc585155f5ade18fb3ed]
Dec-02 17:21:04.282 [Task monitor] DEBUG n.processor.TaskPollingMonitor - Task completed > TaskHandler[id: 16; name: revertFile (15); status: COMPLETED; exit: 0; error: -; workDir: /input/data/work/b7/9ba0b244c68340461ee05a353ad523]
Dec-02 17:21:04.333 [Task monitor] DEBUG n.processor.TaskPollingMonitor - Task completed > TaskHandler[id: 8; name: revertFile (7); status: COMPLETED; exit: 0; error: -; workDir: /input/data/work/89/455cf5dfd8a04c2521cdb2559c13d4]
Dec-02 17:21:04.370 [Task monitor] DEBUG n.processor.TaskPollingMonitor - Task completed > TaskHandler[id: 25; name: revertFile (24); status: COMPLETED; exit: 0; error: -; workDir: /input/data/work/91/5e784cfd6e1257369918b8b939efe3]
Dec-02 17:21:06.917 [Task monitor] DEBUG n.processor.TaskPollingMonitor - Task completed > TaskHandler[id: 4; name: revertFile (3); status: COMPLETED; exit: 0; error: -; workDir: /input/data/work/4f/8e80520515b7005267d8bd8e012de5]
Dec-02 17:21:06.982 [Task monitor] DEBUG n.processor.TaskPollingMonitor - Task completed > TaskHandler[id: 22; name: revertFile (21); status: COMPLETED; exit: 0; error: -; workDir: /input/data/work/da/15565077191750fc00a91dcdcda21c]
Dec-02 17:21:07.039 [Task monitor] DEBUG n.processor.TaskPollingMonitor - Task completed > TaskHandler[id: 20; name: revertFile (19); status: COMPLETED; exit: 0; error: -; workDir: /input/data/work/28/acf1a236d0954db87136a55235d415]
Dec-02 17:21:07.080 [Task monitor] DEBUG n.processor.TaskPollingMonitor - Task completed > TaskHandler[id: 15; name: revertFile (14); status: COMPLETED; exit: 0; error: -; workDir: /input/data/work/d3/0da21526f5caa25caca2be297f0715]
Dec-02 17:21:07.120 [Task monitor] DEBUG n.processor.TaskPollingMonitor - Task completed > TaskHandler[id: 49; name: revertFile (48); status: COMPLETED; exit: 0; error: -; workDir: /input/data/work/4c/b115a67b21121a28effd3bf66338e3]
Dec-02 17:21:32.072 [Task monitor] DEBUG n.processor.TaskPollingMonitor - Task completed > TaskHandler[id: 44; name: revertFile (43); status: COMPLETED; exit: 0; error: -; workDir: /input/data/work/cb/1d5fea95dcc75898850580c9e21b8c]
Dec-02 17:21:32.109 [Task monitor] DEBUG n.processor.TaskPollingMonitor - Task completed > TaskHandler[id: 35; name: revertFile (34); status: COMPLETED; exit: 0; error: -; workDir: /input/data/work/8b/55081f4dec973fa3d03777a758aaad]
Dec-02 17:21:32.152 [Task monitor] DEBUG n.processor.TaskPollingMonitor - Task completed > TaskHandler[id: 51; name: revertFile (50); status: COMPLETED; exit: 0; error: -; workDir: /input/data/work/0e/01c6ae775bc5145afa45fa277ec2ff]
Dec-02 17:21:52.102 [Task monitor] DEBUG n.processor.TaskPollingMonitor - Task completed > TaskHandler[id: 77; name: revertFile (76); status: COMPLETED; exit: 0; error: -; workDir: /input/data/work/03/560b29b835673469ec6cb9ee936d93]
Dec-02 17:21:52.137 [Task monitor] DEBUG n.processor.TaskPollingMonitor - Task completed > TaskHandler[id: 43; name: revertFile (42); status: COMPLETED; exit: 0; error: -; workDir: /input/data/work/85/f83842bb68620e7a3ede45d840d434]
Dec-02 17:21:52.174 [Task monitor] DEBUG n.processor.TaskPollingMonitor - Task completed > TaskHandler[id: 54; name: revertFile (53); status: COMPLETED; exit: 0; error: -; workDir: /input/data/work/d1/2ef7f4030ee33fe63301261acb107c]
Dec-02 17:23:27.882 [Task monitor] DEBUG n.processor.TaskPollingMonitor - Task completed > TaskHandler[id: 34; name: revertFile (33); status: COMPLETED; exit: 0; error: -; workDir: /input/data/work/3a/7526205df0eb2619d2931a169beac1]
Dec-02 17:23:29.185 [Task monitor] DEBUG n.processor.TaskPollingMonitor - Task completed > TaskHandler[id: 37; name: revertFile (36); status: COMPLETED; exit: 0; error: -; workDir: /input/data/work/98/46a62edbd265457d7f03ca0a392273]
Dec-02 17:23:30.469 [Task monitor] DEBUG n.processor.TaskPollingMonitor - Task completed > TaskHandler[id: 38; name: revertFile (37); status: COMPLETED; exit: 0; error: -; workDir: /input/data/work/c1/3f07f04024f90399465611bd33476d]
Dec-02 17:23:31.415 [Task monitor] DEBUG n.processor.TaskPollingMonitor - Task completed > TaskHandler[id: 56; name: revertFile (55); status: COMPLETED; exit: 0; error: -; workDir: /input/data/work/04/ff2f495087246fc320c03906cec5d8]
Dec-02 17:23:31.961 [Task monitor] DEBUG n.processor.TaskPollingMonitor - Task completed > TaskHandler[id: 53; name: revertFile (52); status: COMPLETED; exit: 0; error: -; workDir: /input/data/work/bb/a4e68bfb28389e1e60793c8e2a25f9]
Dec-02 17:23:32.444 [Task monitor] DEBUG n.processor.TaskPollingMonitor - Task completed > TaskHandler[id: 84; name: revertFile (83); status: COMPLETED; exit: 0; error: -; workDir: /input/data/work/43/d8fdcfc69115f42b31077fd9552beb]
Dec-02 17:23:34.047 [Task monitor] DEBUG n.processor.TaskPollingMonitor - !! executor k8s > tasks to be completed: 64 -- submitted tasks are shown below
~> TaskHandler[id: 32; name: revertFile (31); status: RUNNING; exit: -; error: -; workDir: /input/data/work/43/66b77aa8f324b77e11bf1f9e3e98c3]
~> TaskHandler[id: 2; name: revertFile (1); status: RUNNING; exit: -; error: -; workDir: /input/data/work/18/5d006fc38c81dc98ed96b05d6deb66]
~> TaskHandler[id: 9; name: revertFile (8); status: RUNNING; exit: -; error: -; workDir: /input/data/work/dd/a6344588b0c32fd648ded2c87db900]
~> TaskHandler[id: 58; name: revertFile (57); status: RUNNING; exit: -; error: -; workDir: /input/data/work/27/675c0b68cd71f5b25c4921f2250cc5]
~> TaskHandler[id: 19; name: revertFile (18); status: RUNNING; exit: -; error: -; workDir: /input/data/work/f4/f5f43b2351eb83b8462861b6c81e7d]
~> TaskHandler[id: 33; name: revertFile (32); status: RUNNING; exit: -; error: -; workDir: /input/data/work/b9/89eb29d1bf16a451d86a05b4525d95]
~> TaskHandler[id: 29; name: revertFile (28); status: RUNNING; exit: -; error: -; workDir: /input/data/work/4e/1c492f677a4d70db4e78a740dd2da5]
~> TaskHandler[id: 31; name: revertFile (30); status: RUNNING; exit: -; error: -; workDir: /input/data/work/18/912e14bb8c590a5391f4849378289b]
~> TaskHandler[id: 26; name: revertFile (25); status: RUNNING; exit: -; error: -; workDir: /input/data/work/6f/09e24e2975ef40d26ae20fc9b43067]
~> TaskHandler[id: 23; name: revertFile (22); status: RUNNING; exit: -; error: -; workDir: /input/data/work/d2/9464ceec3c511af234ba016187bf50]
.. remaining tasks omitted.
Dec-02 17:23:34.770 [Task monitor] DEBUG n.processor.TaskPollingMonitor - Task completed > TaskHandler[id: 50; name: revertFile (49); status: COMPLETED; exit: 0; error: -; workDir: /input/data/work/64/d3ff91e07a921c9c7efb6a78fc840f]
Dec-02 17:23:35.823 [Task monitor] DEBUG n.processor.TaskPollingMonitor - Task completed > TaskHandler[id: 45; name: revertFile (44); status: COMPLETED; exit: 0; error: -; workDir: /input/data/work/53/213479ba8cdc285534629c00502d8b]
Dec-02 17:23:36.869 [Task monitor] DEBUG n.processor.TaskPollingMonitor - Task completed > TaskHandler[id: 41; name: revertFile (40); status: COMPLETED; exit: 0; error: -; workDir: /input/data/work/f5/c856b47f0cf5b1f499c0ecc0b26a27]
Dec-02 17:23:45.055 [Task monitor] DEBUG n.processor.TaskPollingMonitor - Task completed > TaskHandler[id: 29; name: revertFile (28); status: COMPLETED; exit: 0; error: -; workDir: /input/data/work/4e/1c492f677a4d70db4e78a740dd2da5]
Dec-02 17:23:45.749 [Task monitor] DEBUG n.processor.TaskPollingMonitor - Task completed > TaskHandler[id: 31; name: revertFile (30); status: COMPLETED; exit: 0; error: -; workDir: /input/data/work/18/912e14bb8c590a5391f4849378289b]
Dec-02 17:23:46.414 [Task monitor] DEBUG n.processor.TaskPollingMonitor - Task completed > TaskHandler[id: 26; name: revertFile (25); status: COMPLETED; exit: 0; error: -; workDir: /input/data/work/6f/09e24e2975ef40d26ae20fc9b43067]
Dec-02 17:23:47.088 [Task monitor] DEBUG n.processor.TaskPollingMonitor - Task completed > TaskHandler[id: 23; name: revertFile (22); status: COMPLETED; exit: 0; error: -; workDir: /input/data/work/d2/9464ceec3c511af234ba016187bf50]
Dec-02 17:23:47.762 [Task monitor] DEBUG n.processor.TaskPollingMonitor - Task completed > TaskHandler[id: 42; name: revertFile (41); status: COMPLETED; exit: 0; error: -; workDir: /input/data/work/dd/2dfb51c451d662d0daea3e90d967b7]
Dec-02 17:23:48.438 [Task monitor] DEBUG n.processor.TaskPollingMonitor - Task completed > TaskHandler[id: 52; name: revertFile (51); status: COMPLETED; exit: 0; error: -; workDir: /input/data/work/40/d3edfb2f32590211fa7f523d2345c5]
Dec-02 17:23:49.071 [Task monitor] DEBUG n.processor.TaskPollingMonitor - Task completed > TaskHandler[id: 57; name: revertFile (56); status: COMPLETED; exit: 0; error: -; workDir: /input/data/work/d2/e70adaad923b2719cf3109f492c3a7]
Dec-02 17:23:49.734 [Task monitor] DEBUG n.processor.TaskPollingMonitor - Task completed > TaskHandler[id: 36; name: revertFile (35); status: COMPLETED; exit: 0; error: -; workDir: /input/data/work/77/a14b33cdcd8aa602a291cd0e018ed2]
Dec-02 17:23:50.417 [Task monitor] DEBUG n.processor.TaskPollingMonitor - Task completed > TaskHandler[id: 40; name: revertFile (39); status: COMPLETED; exit: 0; error: -; workDir: /input/data/work/61/7a981305430be764b30b47c1220db4]
Dec-02 17:23:52.163 [Task monitor] DEBUG n.processor.TaskPollingMonitor - Task completed > TaskHandler[id: 32; name: revertFile (31); status: COMPLETED; exit: 0; error: -; workDir: /input/data/work/43/66b77aa8f324b77e11bf1f9e3e98c3]
Dec-02 17:23:52.806 [Task monitor] DEBUG n.processor.TaskPollingMonitor - Task completed > TaskHandler[id: 2; name: revertFile (1); status: COMPLETED; exit: 0; error: -; workDir: /input/data/work/18/5d006fc38c81dc98ed96b05d6deb66]
Dec-02 17:23:53.450 [Task monitor] DEBUG n.processor.TaskPollingMonitor - Task completed > TaskHandler[id: 9; name: revertFile (8); status: COMPLETED; exit: 0; error: -; workDir: /input/data/work/dd/a6344588b0c32fd648ded2c87db900]
Dec-02 17:23:54.125 [Task monitor] DEBUG n.processor.TaskPollingMonitor - Task completed > TaskHandler[id: 58; name: revertFile (57); status: COMPLETED; exit: 0; error: -; workDir: /input/data/work/27/675c0b68cd71f5b25c4921f2250cc5]
Dec-02 17:23:54.794 [Task monitor] DEBUG n.processor.TaskPollingMonitor - Task completed > TaskHandler[id: 19; name: revertFile (18); status: COMPLETED; exit: 0; error: -; workDir: /input/data/work/f4/f5f43b2351eb83b8462861b6c81e7d]
Dec-02 17:23:55.469 [Task monitor] DEBUG n.processor.TaskPollingMonitor - Task completed > TaskHandler[id: 33; name: revertFile (32); status: COMPLETED; exit: 0; error: -; workDir: /input/data/work/b9/89eb29d1bf16a451d86a05b4525d95]
Dec-02 17:24:01.966 [Task monitor] DEBUG n.processor.TaskPollingMonitor - Task completed > TaskHandler[id: 55; name: revertFile (54); status: COMPLETED; exit: 0; error: -; workDir: /input/data/work/7d/4614506c27b17a25a66a71147cb94f]
Dec-02 17:24:02.003 [Task monitor] DEBUG n.processor.TaskPollingMonitor - Task completed > TaskHandler[id: 47; name: revertFile (46); status: COMPLETED; exit: 0; error: -; workDir: /input/data/work/25/16eb80431da8f43e23ee7d40a38caf]
Dec-02 17:24:02.044 [Task monitor] DEBUG n.processor.TaskPollingMonitor - Task completed > TaskHandler[id: 46; name: revertFile (45); status: COMPLETED; exit: 0; error: -; workDir: /input/data/work/6c/f6f40ffb03c0aa60f07af906b009cb]
Dec-02 17:24:27.229 [Task monitor] DEBUG n.processor.TaskPollingMonitor - Task completed > TaskHandler[id: 79; name: revertFile (78); status: COMPLETED; exit: 0; error: -; workDir: /input/data/work/1c/7bbbec277f707528224e16b824a250]
Dec-02 17:24:27.264 [Task monitor] DEBUG n.processor.TaskPollingMonitor - Task completed > TaskHandler[id: 74; name: revertFile (73); status: COMPLETED; exit: 0; error: -; workDir: /input/data/work/d5/0e04d87568aeacaf7ab18353746bf2]
Dec-02 17:24:27.303 [Task monitor] DEBUG n.processor.TaskPollingMonitor - Task completed > TaskHandler[id: 78; name: revertFile (77); status: COMPLETED; exit: 0; error: -; workDir: /input/data/work/d8/487d79017a2d09c76f71054f993112]
Dec-02 17:24:52.227 [Task monitor] DEBUG n.processor.TaskPollingMonitor - Task completed > TaskHandler[id: 87; name: revertFile (86); status: COMPLETED; exit: 0; error: -; workDir: /input/data/work/ad/23ecef5d9d72b956f5b69931d6bf93]
Dec-02 17:24:52.264 [Task monitor] DEBUG n.processor.TaskPollingMonitor - Task completed > TaskHandler[id: 80; name: revertFile (79); status: COMPLETED; exit: 0; error: -; workDir: /input/data/work/50/707897c8e2847c8700ca75fb061956]
Dec-02 17:24:52.302 [Task monitor] DEBUG n.processor.TaskPollingMonitor - Task completed > TaskHandler[id: 75; name: revertFile (74); status: COMPLETED; exit: 0; error: -; workDir: /input/data/work/11/e199488967902244a965b178f28f94]
Dec-02 17:26:32.566 [Task monitor] DEBUG n.processor.TaskPollingMonitor - Task completed > TaskHandler[id: 64; name: revertFile (63); status: COMPLETED; exit: 0; error: -; workDir: /input/data/work/f9/0eb4d26a04a3abf1529528084e6689]
Dec-02 17:26:33.795 [Task monitor] DEBUG n.processor.TaskPollingMonitor - Task completed > TaskHandler[id: 63; name: revertFile (62); status: COMPLETED; exit: 0; error: -; workDir: /input/data/work/00/346f7f2f65a72c40a0a2a917fe550c]
Dec-02 17:26:34.853 [Task monitor] DEBUG n.processor.TaskPollingMonitor - Task completed > TaskHandler[id: 95; name: revertFile (94); status: COMPLETED; exit: 0; error: -; workDir: /input/data/work/28/53b56ce24a4cd3ae40acb4e03ed053]
Dec-02 17:26:35.747 [Task monitor] DEBUG n.processor.TaskPollingMonitor - Task completed > TaskHandler[id: 85; name: revertFile (84); status: COMPLETED; exit: 0; error: -; workDir: /input/data/work/f1/bb1708e638af697e7232d10145e50b]
Dec-02 17:26:36.142 [Task monitor] DEBUG n.processor.TaskPollingMonitor - Task completed > TaskHandler[id: 83; name: revertFile (82); status: COMPLETED; exit: 0; error: -; workDir: /input/data/work/d7/d6bc6b68d642e38e0fbba196c5ff24]
Dec-02 17:26:36.541 [Task monitor] DEBUG n.processor.TaskPollingMonitor - Task completed > TaskHandler[id: 86; name: revertFile (85); status: COMPLETED; exit: 0; error: -; workDir: /input/data/work/13/4686e568aac294e3799e417464bd59]
Dec-02 17:26:37.399 [Task monitor] DEBUG n.processor.TaskPollingMonitor - Task completed > TaskHandler[id: 61; name: revertFile (60); status: COMPLETED; exit: 0; error: -; workDir: /input/data/work/8e/f060f9db41d8794bae07614a10560b]
Dec-02 17:26:37.966 [Task monitor] DEBUG n.processor.TaskPollingMonitor - Task completed > TaskHandler[id: 39; name: revertFile (38); status: COMPLETED; exit: 0; error: -; workDir: /input/data/work/30/3adde41bfa025c604a4f608ef47d76]
Dec-02 17:26:38.280 [Task monitor] DEBUG n.processor.TaskPollingMonitor - Task completed > TaskHandler[id: 60; name: revertFile (59); status: COMPLETED; exit: 0; error: -; workDir: /input/data/work/fa/c80bb9c9dbc598a4c72e505a0d3fab]
Dec-02 17:26:38.335 [Task monitor] DEBUG n.processor.TaskPollingMonitor - Task completed > TaskHandler[id: 62; name: revertFile (61); status: COMPLETED; exit: 0; error: -; workDir: /input/data/work/ce/abcf53efc6337728cd5a56f970c8bd]
Dec-02 17:26:38.370 [Task monitor] DEBUG n.processor.TaskPollingMonitor - Task completed > TaskHandler[id: 48; name: revertFile (47); status: COMPLETED; exit: 0; error: -; workDir: /input/data/work/aa/95baae993625fd5861ff491d1b019a]
Dec-02 17:26:38.408 [Task monitor] DEBUG n.processor.TaskPollingMonitor - Task completed > TaskHandler[id: 59; name: revertFile (58); status: COMPLETED; exit: 0; error: -; workDir: /input/data/work/a3/7240c41cbe83aa5c963a0e5962b7f6]
Dec-02 17:26:38.441 [Task monitor] DEBUG n.processor.TaskPollingMonitor - Task completed > TaskHandler[id: 68; name: revertFile (67); status: COMPLETED; exit: 0; error: -; workDir: /input/data/work/8d/68e22ac6ef4e5a8a9fe40c92f9e3b3]
Dec-02 17:26:38.476 [Task monitor] DEBUG n.processor.TaskPollingMonitor - Task completed > TaskHandler[id: 67; name: revertFile (66); status: COMPLETED; exit: 0; error: -; workDir: /input/data/work/e7/bf4df210713da74cf8fd490393fbd2]
Dec-02 17:26:38.509 [Task monitor] DEBUG n.processor.TaskPollingMonitor - Task completed > TaskHandler[id: 71; name: revertFile (70); status: COMPLETED; exit: 0; error: -; workDir: /input/data/work/63/5beed72903c0aef331f15619b5f2bc]
Dec-02 17:26:38.664 [Task monitor] DEBUG n.processor.TaskPollingMonitor - Task completed > TaskHandler[id: 76; name: revertFile (75); status: COMPLETED; exit: 0; error: -; workDir: /input/data/work/80/f14e531f722af8fa89bc5f35628b8a]
Dec-02 17:26:42.403 [Task monitor] DEBUG n.processor.TaskPollingMonitor - Task completed > TaskHandler[id: 72; name: revertFile (71); status: COMPLETED; exit: 0; error: -; workDir: /input/data/work/bf/d1e31daa3efc68f00b25d14d88e02c]
Dec-02 17:26:43.094 [Task monitor] DEBUG n.processor.TaskPollingMonitor - Task completed > TaskHandler[id: 65; name: revertFile (64); status: COMPLETED; exit: 0; error: -; workDir: /input/data/work/17/e8c8b90937149ccfffee367b2a6658]
Dec-02 17:26:43.775 [Task monitor] DEBUG n.processor.TaskPollingMonitor - Task completed > TaskHandler[id: 69; name: revertFile (68); status: COMPLETED; exit: 0; error: -; workDir: /input/data/work/47/507808a13642e33cf7a944bbf75518]
Dec-02 17:26:44.470 [Task monitor] DEBUG n.processor.TaskPollingMonitor - Task completed > TaskHandler[id: 73; name: revertFile (72); status: COMPLETED; exit: 0; error: -; workDir: /input/data/work/cf/17f5d1885162a90dfbe34d8d7ddbad]
Dec-02 17:26:45.169 [Task monitor] DEBUG n.processor.TaskPollingMonitor - Task completed > TaskHandler[id: 70; name: revertFile (69); status: COMPLETED; exit: 0; error: -; workDir: /input/data/work/74/bba191fbf74f60d2f4a22c8e46d1af]
Dec-02 17:26:45.844 [Task monitor] DEBUG n.processor.TaskPollingMonitor - Task completed > TaskHandler[id: 66; name: revertFile (65); status: COMPLETED; exit: 0; error: -; workDir: /input/data/work/b5/81b1a3b34b36dd434cc844cbff0499]
Dec-02 17:26:46.513 [Task monitor] DEBUG n.processor.TaskPollingMonitor - Task completed > TaskHandler[id: 81; name: revertFile (80); status: COMPLETED; exit: 0; error: -; workDir: /input/data/work/30/1035af79b4f866f13b82c9ff5efc2c]
Dec-02 17:26:47.172 [Task monitor] DEBUG n.processor.TaskPollingMonitor - Task completed > TaskHandler[id: 82; name: revertFile (81); status: COMPLETED; exit: 0; error: -; workDir: /input/data/work/00/e5adf5e78906941d2d29263ef93b3f]
Dec-02 17:26:57.917 [Task monitor] DEBUG n.processor.TaskPollingMonitor - Task completed > TaskHandler[id: 89; name: revertFile (88); status: COMPLETED; exit: 0; error: -; workDir: /input/data/work/84/a91fbeca8df94a45f6a0c70659fdce]
Dec-02 17:26:57.958 [Task monitor] DEBUG n.processor.TaskPollingMonitor - Task completed > TaskHandler[id: 91; name: revertFile (90); status: COMPLETED; exit: 0; error: -; workDir: /input/data/work/4b/ab8930697b960f1c2ed55300e586e7]
Dec-02 17:26:57.996 [Task monitor] DEBUG n.processor.TaskPollingMonitor - Task completed > TaskHandler[id: 88; name: revertFile (87); status: COMPLETED; exit: 0; error: -; workDir: /input/data/work/69/e5245dd250579c14c16dc8fbc8879e]
Dec-02 17:27:33.235 [Task monitor] DEBUG n.processor.TaskPollingMonitor - Task completed > TaskHandler[id: 98; name: revertFile (97); status: COMPLETED; exit: 0; error: -; workDir: /input/data/work/e3/05b2d6c927ae53a0c4d652314906ce]
Dec-02 17:27:43.097 [Task monitor] DEBUG n.processor.TaskPollingMonitor - Task completed > TaskHandler[id: 93; name: revertFile (92); status: COMPLETED; exit: 0; error: -; workDir: /input/data/work/0a/55f0e81755ec280048bfcf8174dfb7]
Dec-02 17:27:43.538 [Task monitor] DEBUG n.processor.TaskPollingMonitor - Task completed > TaskHandler[id: 94; name: revertFile (93); status: COMPLETED; exit: 0; error: -; workDir: /input/data/work/a1/dad584066164c2a7cad61f410b06bf]
Dec-02 17:27:43.980 [Task monitor] DEBUG n.processor.TaskPollingMonitor - Task completed > TaskHandler[id: 92; name: revertFile (91); status: COMPLETED; exit: 0; error: -; workDir: /input/data/work/db/3fb06d45918a5c85753dff7681de13]
Dec-02 17:28:02.884 [Task monitor] DEBUG n.processor.TaskPollingMonitor - Task completed > TaskHandler[id: 90; name: revertFile (89); status: COMPLETED; exit: 0; error: -; workDir: /input/data/work/75/7a1835883189e78fea9f04aca87ddc]
Dec-02 17:28:02.928 [Task monitor] DEBUG n.processor.TaskPollingMonitor - Task completed > TaskHandler[id: 96; name: revertFile (95); status: COMPLETED; exit: 0; error: -; workDir: /input/data/work/5c/5d476a45df006569210096b25bd280]
Dec-02 17:28:02.970 [Task monitor] DEBUG n.processor.TaskPollingMonitor - Task completed > TaskHandler[id: 99; name: revertFile (98); status: COMPLETED; exit: 0; error: -; workDir: /input/data/work/2b/e3000aa5fd173e88e31bb4a9c1d46d]
Dec-02 17:28:03.010 [Task monitor] DEBUG n.processor.TaskPollingMonitor - Task completed > TaskHandler[id: 97; name: revertFile (96); status: COMPLETED; exit: 0; error: -; workDir: /input/data/work/c4/eef599ce37badabcd23c0bf1453b11]
Dec-02 17:28:03.051 [Task monitor] DEBUG n.processor.TaskPollingMonitor - Task completed > TaskHandler[id: 100; name: revertFile (99); status: COMPLETED; exit: 0; error: -; workDir: /input/data/work/9e/2f5e786175976dbf0c5c7627bfb986]
Dec-02 17:28:03.090 [Task monitor] DEBUG n.processor.TaskPollingMonitor - Task completed > TaskHandler[id: 101; name: revertFile (100); status: COMPLETED; exit: 0; error: -; workDir: /input/data/work/86/88e86cb531e6821fdd1a6e45a851b7]
Dec-02 17:28:03.092 [main] DEBUG nextflow.Session - Session await > all processes finished
Dec-02 17:28:03.094 [main] DEBUG nextflow.Session - Session await > all barriers passed
Dec-02 17:28:03.104 [main] DEBUG n.trace.WorkflowStatsObserver - Workflow completed > WorkflowStats[succeededCount=101; failedCount=0; ignoredCount=0; cachedCount=0; pendingCount=0; submittedCount=0; runningCount=0; retriesCount=0; abortedCount=0; succeedDuration=11h 31m 1s; failedDuration=0ms; cachedDuration=0ms;loadCpus=0; loadMemory=0; peakRunning=27; peakCpus=270; peakMemory=270 GB; ]
Dec-02 17:28:03.104 [main] DEBUG nextflow.trace.TraceFileObserver - Workflow completed -- saving trace file
Dec-02 17:28:03.115 [main] DEBUG nextflow.trace.ReportObserver - Workflow completed -- rendering execution report
Dec-02 17:28:03.793 [main] DEBUG nextflow.trace.TimelineObserver - Workflow completed -- rendering execution timeline
Dec-02 17:28:03.974 [main] DEBUG nextflow.cache.CacheDB - Closing CacheDB done
Dec-02 17:28:03.997 [main] DEBUG nextflow.util.ThreadPoolManager - Thread pool 'FileTransfer' shutdown completed (hard=false)
Dec-02 17:28:03.998 [main] DEBUG nextflow.script.ScriptRunner - > Execution complete -- Goodbye
