Dec-05 02:33:15.429 [main] DEBUG nextflow.cli.Launcher - $> nextflow run /input/group -c /experiments/experiment/group/nextflow.config -c /experiments/experiment/nextflow_orig.config -c /experiments/experiment/nextflow_nfs.config
Dec-05 02:33:15.488 [main] INFO  nextflow.cli.CmdRun - N E X T F L O W  ~  version 23.07.0-edge
Dec-05 02:33:15.505 [main] DEBUG nextflow.plugin.PluginsFacade - Setting up plugin manager > mode=prod; embedded=false; plugins-dir=/.nextflow/plugins; core-plugins: nf-amazon@2.1.0,nf-azure@1.1.4,nf-cloudcache@0.1.0,nf-codecommit@0.1.5,nf-console@1.0.6,nf-ga4gh@1.1.0,nf-google@1.8.1,nf-tower@1.5.15,nf-wave@0.11.0
Dec-05 02:33:15.514 [main] INFO  o.pf4j.DefaultPluginStatusProvider - Enabled plugins: []
Dec-05 02:33:15.515 [main] INFO  o.pf4j.DefaultPluginStatusProvider - Disabled plugins: []
Dec-05 02:33:15.517 [main] INFO  org.pf4j.DefaultPluginManager - PF4J version 3.4.1 in 'deployment' mode
Dec-05 02:33:15.526 [main] INFO  org.pf4j.AbstractPluginManager - No plugins
Dec-05 02:33:15.553 [main] DEBUG nextflow.scm.AssetManager - Project manifest does not exist: /input/group/nextflow.config (No such file or directory)
Dec-05 02:33:15.575 [main] DEBUG nextflow.config.ConfigBuilder - User config file: /experiments/experiment/group/nextflow.config
Dec-05 02:33:15.576 [main] DEBUG nextflow.config.ConfigBuilder - User config file: /experiments/experiment/nextflow_orig.config
Dec-05 02:33:15.577 [main] DEBUG nextflow.config.ConfigBuilder - User config file: /experiments/experiment/nextflow_nfs.config
Dec-05 02:33:15.577 [main] DEBUG nextflow.config.ConfigBuilder - Parsing config file: /experiments/experiment/group/nextflow.config
Dec-05 02:33:15.577 [main] DEBUG nextflow.config.ConfigBuilder - Parsing config file: /experiments/experiment/nextflow_orig.config
Dec-05 02:33:15.577 [main] DEBUG nextflow.config.ConfigBuilder - Parsing config file: /experiments/experiment/nextflow_nfs.config
Dec-05 02:33:15.591 [main] DEBUG nextflow.config.ConfigBuilder - Applying config profile: `standard`
Dec-05 02:33:16.080 [main] DEBUG nextflow.config.ConfigBuilder - Applying config profile: `standard`
Dec-05 02:33:16.223 [main] DEBUG nextflow.config.ConfigBuilder - Applying config profile: `standard`
Dec-05 02:33:16.250 [main] DEBUG nextflow.cli.CmdRun - Applied DSL=2 by global default
Dec-05 02:33:16.267 [main] INFO  nextflow.cli.CmdRun - Launching `/input/group/main.nf` [scruffy_woese] DSL2 - revision: eb2bec4e66
Dec-05 02:33:16.268 [main] DEBUG nextflow.plugin.PluginsFacade - Plugins default=[]
Dec-05 02:33:16.268 [main] DEBUG nextflow.plugin.PluginsFacade - Plugins resolved requirement=[]
Dec-05 02:33:16.275 [main] DEBUG n.secret.LocalSecretsProvider - Secrets store: /.nextflow/secrets/store.json
Dec-05 02:33:16.277 [main] DEBUG nextflow.secret.SecretsLoader - Discovered secrets providers: [nextflow.secret.LocalSecretsProvider@75a0c890] - activable => nextflow.secret.LocalSecretsProvider@75a0c890
Dec-05 02:33:16.333 [main] DEBUG nextflow.Session - Session UUID: 6d67cb19-261d-48dd-8ed8-eb0c7d7a3efb
Dec-05 02:33:16.334 [main] DEBUG nextflow.Session - Run name: scruffy_woese
Dec-05 02:33:16.334 [main] DEBUG nextflow.Session - Executor pool size: 32
Dec-05 02:33:16.339 [main] DEBUG nextflow.file.FilePorter - File porter settings maxRetries=3; maxTransfers=50; pollTimeout=null
Dec-05 02:33:16.342 [main] DEBUG nextflow.util.ThreadPoolBuilder - Creating thread pool 'FileTransfer' minSize=10; maxSize=96; workQueue=LinkedBlockingQueue[10000]; allowCoreThreadTimeout=false
Dec-05 02:33:16.369 [main] DEBUG nextflow.cli.CmdRun - 
  Version: 23.07.0-edge build 5870
  Created: 22-07-2023 15:44 UTC 
  System: Linux 5.4.0-166-generic
  Runtime: Groovy 3.0.18 on OpenJDK 64-Bit Server VM 17.0.7+7-LTS
  Encoding: UTF-8 (UTF-8)
  Process: 1605749@nextflow [10.233.76.15]
  CPUs: 32 - Mem: 125.7 GB (121.3 GB) - Swap: 0 (0)
Dec-05 02:33:16.409 [main] DEBUG nextflow.Session - Work-dir: /input/data/work [nfs]
Dec-05 02:33:16.410 [main] DEBUG nextflow.Session - Script base path does not exist or is not a directory: /input/group/bin
Dec-05 02:33:16.418 [main] DEBUG nextflow.executor.ExecutorFactory - Extension executors providers=[]
Dec-05 02:33:16.425 [main] DEBUG nextflow.Session - Observer factory: DefaultObserverFactory
Dec-05 02:33:16.453 [main] DEBUG nextflow.cache.CacheFactory - Using Nextflow cache factory: nextflow.cache.DefaultCacheFactory
Dec-05 02:33:16.460 [main] DEBUG nextflow.util.CustomThreadPool - Creating default thread pool > poolSize: 33; maxThreads: 1000
Dec-05 02:33:16.551 [main] DEBUG nextflow.Session - Session start
Dec-05 02:33:16.555 [main] DEBUG nextflow.trace.TraceFileObserver - Workflow started -- trace file: /input/data/output/trace.csv
Dec-05 02:33:16.735 [main] DEBUG nextflow.script.ScriptRunner - > Launching execution
Dec-05 02:33:16.959 [main] DEBUG nextflow.script.ProcessConfig - Config settings `withName:writeLargeFile` matches process writeLargeFile
Dec-05 02:33:16.969 [main] DEBUG nextflow.executor.ExecutorFactory - << taskConfig executor: k8s
Dec-05 02:33:16.969 [main] DEBUG nextflow.executor.ExecutorFactory - >> processorType: 'k8s'
Dec-05 02:33:16.975 [main] DEBUG nextflow.executor.Executor - [warm up] executor > k8s
Dec-05 02:33:16.979 [main] DEBUG n.processor.TaskPollingMonitor - Creating task monitor for executor 'k8s' > capacity: 300; pollInterval: 5s; dumpInterval: 5m 
Dec-05 02:33:16.992 [main] DEBUG nextflow.k8s.client.ConfigDiscovery - K8s config file does not exist: /root/.kube/config
Dec-05 02:33:17.003 [main] DEBUG nextflow.k8s.K8sExecutor - [K8s] config=[debug:[yaml:true], namespace:anonymized, serviceAccount:nextflow, workDir:/input/data/work/, projectDir:/input/data/project/, imagePullPolicy:IfNotPresent, launchDir:/input/data/launch/, runAsUser:0, fetchNodeName:true, storageMountPath:/input, scheduler:[name:workflow-scheduler, autoClose:false, nodeSelector:usedby=anonymized, container:anonymized/test1:sch_v194], pod:[nodeSelector:usedby=anonymized], storage:[nodeSelector:usedby=anonymized, imageName:anonymized/test1:ftp_v122], storageClaimName:nfs-experiment]; API client config=ClientConfig[ server=10.233.0.1:443, namespace=anonymized, serviceAccount=nextflow, token=eyJhbGciOiJ.., sslCert=LS0tLS1CRUd.., clientCert=-, clientKey=-, verifySsl=false, fromFile=true, httpReadTimeout=null, httpConnectTimeout=null, maxErrorRetry=4 ]
Dec-05 02:33:17.079 [main] DEBUG nextflow.script.ProcessConfig - Config settings `withName:combineFiles` matches process combineFiles
Dec-05 02:33:17.080 [main] DEBUG nextflow.executor.ExecutorFactory - << taskConfig executor: k8s
Dec-05 02:33:17.080 [main] DEBUG nextflow.executor.ExecutorFactory - >> processorType: 'k8s'
Dec-05 02:33:17.083 [main] DEBUG nextflow.Session - Workflow process names [dsl2]: revertFile, combineFiles, writeLargeFile
Dec-05 02:33:17.084 [main] DEBUG nextflow.Session - Igniting dataflow network (3)
Dec-05 02:33:17.085 [main] DEBUG nextflow.processor.TaskProcessor - Starting process > writeLargeFile
Dec-05 02:33:17.086 [main] DEBUG nextflow.processor.TaskProcessor - Starting process > combineFiles
Dec-05 02:33:17.086 [main] DEBUG nextflow.script.ScriptRunner - > Awaiting termination 
Dec-05 02:33:17.086 [main] DEBUG nextflow.Session - Session await
Dec-05 02:33:17.549 [Task submitter] INFO  nextflow.Session - [8f/24320d] Submitted process > writeLargeFile (23)
Dec-05 02:33:17.593 [Task submitter] INFO  nextflow.Session - [04/8a9f36] Submitted process > writeLargeFile (8)
Dec-05 02:33:17.636 [Task submitter] INFO  nextflow.Session - [5f/893605] Submitted process > writeLargeFile (15)
Dec-05 02:33:17.676 [Task submitter] INFO  nextflow.Session - [b9/9ec18a] Submitted process > writeLargeFile (13)
Dec-05 02:33:17.710 [Task submitter] INFO  nextflow.Session - [19/7c6252] Submitted process > writeLargeFile (17)
Dec-05 02:33:17.746 [Task submitter] INFO  nextflow.Session - [dd/42dca4] Submitted process > writeLargeFile (14)
Dec-05 02:33:17.784 [Task submitter] INFO  nextflow.Session - [5f/0a2a9a] Submitted process > writeLargeFile (27)
Dec-05 02:33:17.819 [Task submitter] INFO  nextflow.Session - [34/aea9a5] Submitted process > writeLargeFile (11)
Dec-05 02:33:17.854 [Task submitter] INFO  nextflow.Session - [ac/637057] Submitted process > writeLargeFile (32)
Dec-05 02:33:17.888 [Task submitter] INFO  nextflow.Session - [7b/6efe02] Submitted process > writeLargeFile (10)
Dec-05 02:33:17.925 [Task submitter] INFO  nextflow.Session - [79/655bfc] Submitted process > writeLargeFile (31)
Dec-05 02:33:17.957 [Task submitter] INFO  nextflow.Session - [1f/ba43fc] Submitted process > writeLargeFile (26)
Dec-05 02:33:17.986 [Task submitter] INFO  nextflow.Session - [4f/1448f4] Submitted process > writeLargeFile (19)
Dec-05 02:33:18.017 [Task submitter] INFO  nextflow.Session - [5a/983dfe] Submitted process > writeLargeFile (29)
Dec-05 02:33:18.051 [Task submitter] INFO  nextflow.Session - [f1/c09eb0] Submitted process > writeLargeFile (12)
Dec-05 02:33:18.087 [Task submitter] INFO  nextflow.Session - [87/414631] Submitted process > writeLargeFile (21)
Dec-05 02:33:18.118 [Task submitter] INFO  nextflow.Session - [d4/e9967e] Submitted process > writeLargeFile (6)
Dec-05 02:33:18.147 [Task submitter] INFO  nextflow.Session - [7a/cf6a9f] Submitted process > writeLargeFile (7)
Dec-05 02:33:18.177 [Task submitter] INFO  nextflow.Session - [c8/3c45f9] Submitted process > writeLargeFile (20)
Dec-05 02:33:18.209 [Task submitter] INFO  nextflow.Session - [ba/3c7f48] Submitted process > writeLargeFile (22)
Dec-05 02:33:18.241 [Task submitter] INFO  nextflow.Session - [09/1ddb42] Submitted process > writeLargeFile (30)
Dec-05 02:33:18.272 [Task submitter] INFO  nextflow.Session - [76/480ea1] Submitted process > writeLargeFile (16)
Dec-05 02:33:18.308 [Task submitter] INFO  nextflow.Session - [a6/3b3344] Submitted process > writeLargeFile (28)
Dec-05 02:33:18.341 [Task submitter] INFO  nextflow.Session - [af/246926] Submitted process > writeLargeFile (25)
Dec-05 02:33:18.374 [Task submitter] INFO  nextflow.Session - [56/280d6d] Submitted process > writeLargeFile (24)
Dec-05 02:33:18.409 [Task submitter] INFO  nextflow.Session - [af/39b228] Submitted process > writeLargeFile (33)
Dec-05 02:33:18.442 [Task submitter] INFO  nextflow.Session - [dc/492347] Submitted process > writeLargeFile (5)
Dec-05 02:33:18.473 [Task submitter] INFO  nextflow.Session - [18/49dcd3] Submitted process > writeLargeFile (3)
Dec-05 02:33:18.507 [Task submitter] INFO  nextflow.Session - [bc/e8cccf] Submitted process > writeLargeFile (2)
Dec-05 02:33:18.538 [Task submitter] INFO  nextflow.Session - [04/8de053] Submitted process > writeLargeFile (1)
Dec-05 02:33:18.571 [Task submitter] INFO  nextflow.Session - [28/77733d] Submitted process > writeLargeFile (4)
Dec-05 02:33:18.606 [Task submitter] INFO  nextflow.Session - [cb/54a07e] Submitted process > writeLargeFile (9)
Dec-05 02:33:18.642 [Task submitter] INFO  nextflow.Session - [10/f14457] Submitted process > writeLargeFile (18)
Dec-05 02:33:18.674 [Task submitter] INFO  nextflow.Session - [f9/6b57bf] Submitted process > writeLargeFile (36)
Dec-05 02:33:18.704 [Task submitter] INFO  nextflow.Session - [99/f8bb89] Submitted process > writeLargeFile (37)
Dec-05 02:33:18.736 [Task submitter] INFO  nextflow.Session - [b6/b3986e] Submitted process > writeLargeFile (35)
Dec-05 02:33:18.769 [Task submitter] INFO  nextflow.Session - [ed/ab56f5] Submitted process > writeLargeFile (34)
Dec-05 02:33:18.798 [Task submitter] INFO  nextflow.Session - [df/8dc9d3] Submitted process > writeLargeFile (38)
Dec-05 02:33:18.835 [Task submitter] INFO  nextflow.Session - [72/a333e2] Submitted process > writeLargeFile (39)
Dec-05 02:33:18.863 [Task submitter] INFO  nextflow.Session - [16/2fb8a3] Submitted process > writeLargeFile (41)
Dec-05 02:33:18.896 [Task submitter] INFO  nextflow.Session - [9e/554879] Submitted process > writeLargeFile (44)
Dec-05 02:33:18.926 [Task submitter] INFO  nextflow.Session - [73/d74d43] Submitted process > writeLargeFile (42)
Dec-05 02:33:18.956 [Task submitter] INFO  nextflow.Session - [fe/984c16] Submitted process > writeLargeFile (43)
Dec-05 02:33:18.984 [Task submitter] INFO  nextflow.Session - [f1/5e0637] Submitted process > writeLargeFile (51)
Dec-05 02:33:19.012 [Task submitter] INFO  nextflow.Session - [40/c24c5a] Submitted process > writeLargeFile (40)
Dec-05 02:33:19.042 [Task submitter] INFO  nextflow.Session - [0f/7bafd3] Submitted process > writeLargeFile (46)
Dec-05 02:33:19.082 [Task submitter] INFO  nextflow.Session - [67/633b5f] Submitted process > writeLargeFile (47)
Dec-05 02:33:19.119 [Task submitter] INFO  nextflow.Session - [25/ab444e] Submitted process > writeLargeFile (45)
Dec-05 02:33:19.153 [Task submitter] INFO  nextflow.Session - [6f/e8de3c] Submitted process > writeLargeFile (49)
Dec-05 02:33:19.183 [Task submitter] INFO  nextflow.Session - [b4/d65207] Submitted process > writeLargeFile (50)
Dec-05 02:33:19.212 [Task submitter] INFO  nextflow.Session - [98/a68973] Submitted process > writeLargeFile (56)
Dec-05 02:33:19.244 [Task submitter] INFO  nextflow.Session - [86/36f5b8] Submitted process > writeLargeFile (48)
Dec-05 02:33:19.274 [Task submitter] INFO  nextflow.Session - [2e/2a7874] Submitted process > writeLargeFile (54)
Dec-05 02:33:19.303 [Task submitter] INFO  nextflow.Session - [1a/fe54c1] Submitted process > writeLargeFile (59)
Dec-05 02:33:19.334 [Task submitter] INFO  nextflow.Session - [bd/3f1d56] Submitted process > writeLargeFile (55)
Dec-05 02:33:19.364 [Task submitter] INFO  nextflow.Session - [f0/ad9bf2] Submitted process > writeLargeFile (52)
Dec-05 02:33:19.391 [Task submitter] INFO  nextflow.Session - [4f/065500] Submitted process > writeLargeFile (64)
Dec-05 02:33:19.423 [Task submitter] INFO  nextflow.Session - [fd/f52533] Submitted process > writeLargeFile (53)
Dec-05 02:33:19.452 [Task submitter] INFO  nextflow.Session - [3d/68e142] Submitted process > writeLargeFile (58)
Dec-05 02:33:19.483 [Task submitter] INFO  nextflow.Session - [40/3f9785] Submitted process > writeLargeFile (73)
Dec-05 02:33:19.515 [Task submitter] INFO  nextflow.Session - [94/25c5a7] Submitted process > writeLargeFile (65)
Dec-05 02:33:19.544 [Task submitter] INFO  nextflow.Session - [10/57dcec] Submitted process > writeLargeFile (76)
Dec-05 02:33:19.575 [Task submitter] INFO  nextflow.Session - [da/07eec7] Submitted process > writeLargeFile (57)
Dec-05 02:33:19.606 [Task submitter] INFO  nextflow.Session - [a4/b0a7cd] Submitted process > writeLargeFile (60)
Dec-05 02:33:19.638 [Task submitter] INFO  nextflow.Session - [55/fc1385] Submitted process > writeLargeFile (66)
Dec-05 02:33:19.668 [Task submitter] INFO  nextflow.Session - [1f/6380f4] Submitted process > writeLargeFile (82)
Dec-05 02:33:19.699 [Task submitter] INFO  nextflow.Session - [55/0bd3e5] Submitted process > writeLargeFile (61)
Dec-05 02:33:19.730 [Task submitter] INFO  nextflow.Session - [6e/1b0756] Submitted process > writeLargeFile (62)
Dec-05 02:33:19.761 [Task submitter] INFO  nextflow.Session - [8d/9e537a] Submitted process > writeLargeFile (63)
Dec-05 02:33:19.792 [Task submitter] INFO  nextflow.Session - [d4/657c31] Submitted process > writeLargeFile (88)
Dec-05 02:33:19.823 [Task submitter] INFO  nextflow.Session - [f3/c0b733] Submitted process > writeLargeFile (68)
Dec-05 02:33:19.855 [Task submitter] INFO  nextflow.Session - [5e/4dac44] Submitted process > writeLargeFile (69)
Dec-05 02:33:19.884 [Task submitter] INFO  nextflow.Session - [f0/d53e81] Submitted process > writeLargeFile (91)
Dec-05 02:33:19.914 [Task submitter] INFO  nextflow.Session - [8f/dd614f] Submitted process > writeLargeFile (90)
Dec-05 02:33:19.942 [Task submitter] INFO  nextflow.Session - [83/a0cbca] Submitted process > writeLargeFile (67)
Dec-05 02:33:19.971 [Task submitter] INFO  nextflow.Session - [b9/777d30] Submitted process > writeLargeFile (92)
Dec-05 02:33:19.999 [Task submitter] INFO  nextflow.Session - [58/71bf2d] Submitted process > writeLargeFile (70)
Dec-05 02:33:20.029 [Task submitter] INFO  nextflow.Session - [55/b4905d] Submitted process > writeLargeFile (94)
Dec-05 02:33:20.060 [Task submitter] INFO  nextflow.Session - [58/63b61e] Submitted process > writeLargeFile (72)
Dec-05 02:33:20.094 [Task submitter] INFO  nextflow.Session - [7a/851c23] Submitted process > writeLargeFile (95)
Dec-05 02:33:21.745 [Task submitter] INFO  nextflow.Session - [d0/d22ea7] Submitted process > writeLargeFile (77)
Dec-05 02:33:22.702 [Task monitor] WARN  nextflow.k8s.client.K8sClient - K8s pod cannot be scheduled -- 0/8 nodes are available: 8 Insufficient cpu. preemption: 0/8 nodes are available: 8 No preemption victims found for incoming pod..
Dec-05 02:33:33.987 [Task submitter] INFO  nextflow.Session - [5f/36aa3b] Submitted process > writeLargeFile (99)
Dec-05 02:33:38.165 [Task submitter] INFO  nextflow.Session - [59/9acc83] Submitted process > writeLargeFile (71)
Dec-05 02:33:41.631 [Task submitter] INFO  nextflow.Session - [f4/d4c1a5] Submitted process > writeLargeFile (74)
Dec-05 02:33:44.796 [Task submitter] INFO  nextflow.Session - [3e/e5ce5a] Submitted process > writeLargeFile (75)
Dec-05 02:33:48.457 [Task submitter] INFO  nextflow.Session - [f4/b8557b] Submitted process > writeLargeFile (86)
Dec-05 02:33:51.971 [Task submitter] INFO  nextflow.Session - [42/cc234b] Submitted process > writeLargeFile (78)
Dec-05 02:33:54.557 [Task submitter] INFO  nextflow.Session - [81/5822a6] Submitted process > writeLargeFile (84)
Dec-05 02:33:57.022 [Task submitter] INFO  nextflow.Session - [82/f213fc] Submitted process > writeLargeFile (81)
Dec-05 02:33:59.481 [Task submitter] INFO  nextflow.Session - [69/8dbe23] Submitted process > writeLargeFile (79)
Dec-05 02:34:02.130 [Task submitter] INFO  nextflow.Session - [51/a0dd27] Submitted process > writeLargeFile (83)
Dec-05 02:34:04.694 [Task submitter] INFO  nextflow.Session - [48/97b438] Submitted process > writeLargeFile (89)
Dec-05 02:34:07.785 [Task submitter] INFO  nextflow.Session - [00/d632c6] Submitted process > writeLargeFile (80)
Dec-05 02:34:10.566 [Task submitter] INFO  nextflow.Session - [00/f22227] Submitted process > writeLargeFile (85)
Dec-05 02:34:13.999 [Task submitter] INFO  nextflow.Session - [48/fdff9e] Submitted process > writeLargeFile (100)
Dec-05 02:34:17.859 [Task submitter] INFO  nextflow.Session - [d7/ea6cab] Submitted process > writeLargeFile (87)
Dec-05 02:34:22.068 [Task submitter] INFO  nextflow.Session - [71/b9e84c] Submitted process > writeLargeFile (93)
Dec-05 02:34:22.703 [Task monitor] WARN  nextflow.k8s.client.K8sClient - K8s pod cannot be scheduled -- 0/8 nodes are available: 8 Insufficient cpu. preemption: 0/8 nodes are available: 8 No preemption victims found for incoming pod..
Dec-05 02:34:28.070 [Task submitter] INFO  nextflow.Session - [c9/9c1117] Submitted process > writeLargeFile (98)
Dec-05 02:34:33.553 [Task submitter] INFO  nextflow.Session - [30/33cdf8] Submitted process > writeLargeFile (96)
Dec-05 02:34:38.913 [Task submitter] INFO  nextflow.Session - [bb/bf0285] Submitted process > writeLargeFile (97)
Dec-05 02:34:52.849 [Task monitor] DEBUG n.processor.TaskPollingMonitor - Task completed > TaskHandler[id: 13; name: writeLargeFile (13); status: COMPLETED; exit: 0; error: -; workDir: /input/data/work/b9/9ec18abceb47c6a450e0b7aa596c5a]
Dec-05 02:34:53.922 [Task monitor] DEBUG n.processor.TaskPollingMonitor - Task completed > TaskHandler[id: 17; name: writeLargeFile (17); status: COMPLETED; exit: 0; error: -; workDir: /input/data/work/19/7c6252378bb439a965bddc1c20fb47]
Dec-05 02:34:54.760 [Task monitor] DEBUG n.processor.TaskPollingMonitor - Task completed > TaskHandler[id: 11; name: writeLargeFile (11); status: COMPLETED; exit: 0; error: -; workDir: /input/data/work/34/aea9a5ed257a7b07c09868bf8464e2]
Dec-05 02:34:55.684 [Task monitor] DEBUG n.processor.TaskPollingMonitor - Task completed > TaskHandler[id: 32; name: writeLargeFile (32); status: COMPLETED; exit: 0; error: -; workDir: /input/data/work/ac/637057b4ff1ebb676986ec909d5a54]
Dec-05 02:34:56.450 [Task monitor] DEBUG n.processor.TaskPollingMonitor - Task completed > TaskHandler[id: 10; name: writeLargeFile (10); status: COMPLETED; exit: 0; error: -; workDir: /input/data/work/7b/6efe02f558661bf563d1d23193f9d4]
Dec-05 02:34:56.931 [Task monitor] DEBUG n.processor.TaskPollingMonitor - Task completed > TaskHandler[id: 31; name: writeLargeFile (31); status: COMPLETED; exit: 0; error: -; workDir: /input/data/work/79/655bfc971bce951e1f461bbb876857]
Dec-05 02:34:57.393 [Task monitor] DEBUG n.processor.TaskPollingMonitor - Task completed > TaskHandler[id: 26; name: writeLargeFile (26); status: COMPLETED; exit: 0; error: -; workDir: /input/data/work/1f/ba43fc813e52b835524dfbad7fa12f]
Dec-05 02:34:57.925 [Task monitor] DEBUG n.processor.TaskPollingMonitor - Task completed > TaskHandler[id: 29; name: writeLargeFile (29); status: COMPLETED; exit: 0; error: -; workDir: /input/data/work/5a/983dfeda85b98537b383e53ab58e55]
Dec-05 02:34:58.241 [Task monitor] DEBUG n.processor.TaskPollingMonitor - Task completed > TaskHandler[id: 12; name: writeLargeFile (12); status: COMPLETED; exit: 0; error: -; workDir: /input/data/work/f1/c09eb08151b35135a167817145ad9f]
Dec-05 02:34:58.647 [Task monitor] DEBUG n.processor.TaskPollingMonitor - Task completed > TaskHandler[id: 21; name: writeLargeFile (21); status: COMPLETED; exit: 0; error: -; workDir: /input/data/work/87/414631582b0fefb39c007b68a29aed]
Dec-05 02:34:59.193 [Task monitor] DEBUG n.processor.TaskPollingMonitor - Task completed > TaskHandler[id: 6; name: writeLargeFile (6); status: COMPLETED; exit: 0; error: -; workDir: /input/data/work/d4/e9967e00f1aa1f44c8194b302412fa]
Dec-05 02:34:59.795 [Task monitor] DEBUG n.processor.TaskPollingMonitor - Task completed > TaskHandler[id: 7; name: writeLargeFile (7); status: COMPLETED; exit: 0; error: -; workDir: /input/data/work/7a/cf6a9f25df8665d41650a769942830]
Dec-05 02:35:00.462 [Task monitor] DEBUG n.processor.TaskPollingMonitor - Task completed > TaskHandler[id: 20; name: writeLargeFile (20); status: COMPLETED; exit: 0; error: -; workDir: /input/data/work/c8/3c45f98cec4676e5aba24c5c96f6d9]
Dec-05 02:35:01.142 [Task monitor] DEBUG n.processor.TaskPollingMonitor - Task completed > TaskHandler[id: 22; name: writeLargeFile (22); status: COMPLETED; exit: 0; error: -; workDir: /input/data/work/ba/3c7f484816f186ca56d8cb6e00e7fd]
Dec-05 02:35:01.777 [Task monitor] DEBUG n.processor.TaskPollingMonitor - Task completed > TaskHandler[id: 16; name: writeLargeFile (16); status: COMPLETED; exit: 0; error: -; workDir: /input/data/work/76/480ea1c2eaa7d55bf5e48376c7bd6a]
Dec-05 02:35:02.125 [Task monitor] DEBUG n.processor.TaskPollingMonitor - Task completed > TaskHandler[id: 28; name: writeLargeFile (28); status: COMPLETED; exit: 0; error: -; workDir: /input/data/work/a6/3b334444b59ecb4955480f4e671d89]
Dec-05 02:35:02.570 [Task monitor] DEBUG n.processor.TaskPollingMonitor - Task completed > TaskHandler[id: 25; name: writeLargeFile (25); status: COMPLETED; exit: 0; error: -; workDir: /input/data/work/af/246926dd43dd5ec4baa925e6e3f424]
Dec-05 02:35:05.639 [Task monitor] DEBUG n.processor.TaskPollingMonitor - Task completed > TaskHandler[id: 23; name: writeLargeFile (23); status: COMPLETED; exit: 0; error: -; workDir: /input/data/work/8f/24320d435c7830c9c2a0d4e9dbbd4e]
Dec-05 02:35:06.638 [Task monitor] DEBUG n.processor.TaskPollingMonitor - Task completed > TaskHandler[id: 8; name: writeLargeFile (8); status: COMPLETED; exit: 0; error: -; workDir: /input/data/work/04/8a9f360dbc2406692b65f03e587fe1]
Dec-05 02:35:08.860 [Task monitor] DEBUG n.processor.TaskPollingMonitor - Task completed > TaskHandler[id: 15; name: writeLargeFile (15); status: COMPLETED; exit: 0; error: -; workDir: /input/data/work/5f/89360507c053713b4afc8da6bd3e35]
Dec-05 02:35:10.865 [Task monitor] DEBUG n.processor.TaskPollingMonitor - Task completed > TaskHandler[id: 14; name: writeLargeFile (14); status: COMPLETED; exit: 0; error: -; workDir: /input/data/work/dd/42dca4df264fbc5a6fb1bf7c0f42d6]
Dec-05 02:35:12.034 [Task monitor] DEBUG n.processor.TaskPollingMonitor - Task completed > TaskHandler[id: 27; name: writeLargeFile (27); status: COMPLETED; exit: 0; error: -; workDir: /input/data/work/5f/0a2a9a71a35ca1dd84259f42b44c20]
Dec-05 02:35:13.481 [Task monitor] DEBUG n.processor.TaskPollingMonitor - Task completed > TaskHandler[id: 19; name: writeLargeFile (19); status: COMPLETED; exit: 0; error: -; workDir: /input/data/work/4f/1448f4e90a4c0e5ee0250a35ed5509]
Dec-05 02:35:15.566 [Task monitor] DEBUG n.processor.TaskPollingMonitor - Task completed > TaskHandler[id: 30; name: writeLargeFile (30); status: COMPLETED; exit: 0; error: -; workDir: /input/data/work/09/1ddb42cae634b02b45823afe591059]
Dec-05 02:35:23.998 [Task monitor] WARN  nextflow.k8s.client.K8sClient - K8s pod cannot be scheduled -- 0/8 nodes are available: 8 Insufficient cpu. preemption: 0/8 nodes are available: 8 No preemption victims found for incoming pod..
Dec-05 02:36:16.018 [Task monitor] DEBUG n.processor.TaskPollingMonitor - Task completed > TaskHandler[id: 33; name: writeLargeFile (33); status: COMPLETED; exit: 0; error: -; workDir: /input/data/work/af/39b2289909a404acbc3734f12c6688]
Dec-05 02:36:19.934 [Task monitor] DEBUG n.processor.TaskPollingMonitor - Task completed > TaskHandler[id: 2; name: writeLargeFile (2); status: COMPLETED; exit: 0; error: -; workDir: /input/data/work/bc/e8cccf55ce7e1975ea4f177174d58f]
Dec-05 02:36:22.856 [Task monitor] DEBUG n.processor.TaskPollingMonitor - Task completed > TaskHandler[id: 1; name: writeLargeFile (1); status: COMPLETED; exit: 0; error: -; workDir: /input/data/work/04/8de0534cab496020b6d6657c5a1c68]
Dec-05 02:36:25.539 [Task monitor] DEBUG n.processor.TaskPollingMonitor - Task completed > TaskHandler[id: 9; name: writeLargeFile (9); status: COMPLETED; exit: 0; error: -; workDir: /input/data/work/cb/54a07e9201b301e2fd2262a03d2262]
Dec-05 02:36:27.934 [Task monitor] DEBUG n.processor.TaskPollingMonitor - Task completed > TaskHandler[id: 18; name: writeLargeFile (18); status: COMPLETED; exit: 0; error: -; workDir: /input/data/work/10/f1445729bf75ce55a9be5a3ea57311]
Dec-05 02:36:29.228 [Task monitor] WARN  nextflow.k8s.client.K8sClient - K8s pod cannot be scheduled -- 0/8 nodes are available: 8 Insufficient cpu. preemption: 0/8 nodes are available: 8 No preemption victims found for incoming pod..
Dec-05 02:36:31.717 [Task monitor] DEBUG n.processor.TaskPollingMonitor - Task completed > TaskHandler[id: 24; name: writeLargeFile (24); status: COMPLETED; exit: 0; error: -; workDir: /input/data/work/56/280d6d227649e0cfa136e50bea3169]
Dec-05 02:36:33.599 [Task monitor] DEBUG n.processor.TaskPollingMonitor - Task completed > TaskHandler[id: 5; name: writeLargeFile (5); status: COMPLETED; exit: 0; error: -; workDir: /input/data/work/dc/492347f7713d94f776b5e4d69d3fab]
Dec-05 02:36:35.275 [Task monitor] DEBUG n.processor.TaskPollingMonitor - Task completed > TaskHandler[id: 3; name: writeLargeFile (3); status: COMPLETED; exit: 0; error: -; workDir: /input/data/work/18/49dcd359eea2720482872245c50060]
Dec-05 02:36:36.540 [Task monitor] DEBUG n.processor.TaskPollingMonitor - Task completed > TaskHandler[id: 4; name: writeLargeFile (4); status: COMPLETED; exit: 0; error: -; workDir: /input/data/work/28/77733dea17b0967d50d9d6be103652]
Dec-05 02:36:37.187 [Task monitor] DEBUG n.processor.TaskPollingMonitor - Task completed > TaskHandler[id: 36; name: writeLargeFile (36); status: COMPLETED; exit: 0; error: -; workDir: /input/data/work/f9/6b57bfdf22fd99d2bbf8d063f4cf49]
Dec-05 02:36:37.690 [Task monitor] DEBUG n.processor.TaskPollingMonitor - Task completed > TaskHandler[id: 37; name: writeLargeFile (37); status: COMPLETED; exit: 0; error: -; workDir: /input/data/work/99/f8bb894ec27f10520d1fb18681701b]
Dec-05 02:36:38.244 [Task monitor] DEBUG n.processor.TaskPollingMonitor - Task completed > TaskHandler[id: 35; name: writeLargeFile (35); status: COMPLETED; exit: 0; error: -; workDir: /input/data/work/b6/b3986e0e7d7d58d150147a208e1709]
Dec-05 02:36:38.808 [Task monitor] DEBUG n.processor.TaskPollingMonitor - Task completed > TaskHandler[id: 34; name: writeLargeFile (34); status: COMPLETED; exit: 0; error: -; workDir: /input/data/work/ed/ab56f55e9a38759b3927e132096700]
Dec-05 02:36:39.183 [Task monitor] DEBUG n.processor.TaskPollingMonitor - Task completed > TaskHandler[id: 38; name: writeLargeFile (38); status: COMPLETED; exit: 0; error: -; workDir: /input/data/work/df/8dc9d390e611b59244e908f1b525e6]
Dec-05 02:36:39.535 [Task monitor] DEBUG n.processor.TaskPollingMonitor - Task completed > TaskHandler[id: 39; name: writeLargeFile (39); status: COMPLETED; exit: 0; error: -; workDir: /input/data/work/72/a333e25496cbddd2a44c69832eb388]
Dec-05 02:36:39.887 [Task monitor] DEBUG n.processor.TaskPollingMonitor - Task completed > TaskHandler[id: 41; name: writeLargeFile (41); status: COMPLETED; exit: 0; error: -; workDir: /input/data/work/16/2fb8a3a1d3b72367802208190d6399]
Dec-05 02:36:40.239 [Task monitor] DEBUG n.processor.TaskPollingMonitor - Task completed > TaskHandler[id: 44; name: writeLargeFile (44); status: COMPLETED; exit: 0; error: -; workDir: /input/data/work/9e/554879792f51ff74b50b163a104ecb]
Dec-05 02:36:40.592 [Task monitor] DEBUG n.processor.TaskPollingMonitor - Task completed > TaskHandler[id: 42; name: writeLargeFile (42); status: COMPLETED; exit: 0; error: -; workDir: /input/data/work/73/d74d43ba3660b2653264f5f0b8fbe0]
Dec-05 02:36:41.136 [Task monitor] DEBUG n.processor.TaskPollingMonitor - Task completed > TaskHandler[id: 43; name: writeLargeFile (43); status: COMPLETED; exit: 0; error: -; workDir: /input/data/work/fe/984c169327a1a8f3d5934b144d33ef]
Dec-05 02:36:41.844 [Task monitor] DEBUG n.processor.TaskPollingMonitor - Task completed > TaskHandler[id: 51; name: writeLargeFile (51); status: COMPLETED; exit: 0; error: -; workDir: /input/data/work/f1/5e0637b05cf83ffb84558a8d3b4d2d]
Dec-05 02:36:42.375 [Task monitor] DEBUG n.processor.TaskPollingMonitor - Task completed > TaskHandler[id: 40; name: writeLargeFile (40); status: COMPLETED; exit: 0; error: -; workDir: /input/data/work/40/c24c5ab3c80cff6aaf3977359c0d6b]
Dec-05 02:36:43.005 [Task monitor] DEBUG n.processor.TaskPollingMonitor - Task completed > TaskHandler[id: 46; name: writeLargeFile (46); status: COMPLETED; exit: 0; error: -; workDir: /input/data/work/0f/7bafd3d2c927dd28fa5f71e873d55e]
Dec-05 02:36:43.504 [Task monitor] DEBUG n.processor.TaskPollingMonitor - Task completed > TaskHandler[id: 47; name: writeLargeFile (47); status: COMPLETED; exit: 0; error: -; workDir: /input/data/work/67/633b5fbdfa9b0f9cfc13e45b1401e5]
Dec-05 02:36:43.859 [Task monitor] DEBUG n.processor.TaskPollingMonitor - Task completed > TaskHandler[id: 50; name: writeLargeFile (50); status: COMPLETED; exit: 0; error: -; workDir: /input/data/work/b4/d65207913acb942f4fa773be7b0419]
Dec-05 02:37:30.780 [Task monitor] WARN  nextflow.k8s.client.K8sClient - K8s pod cannot be scheduled -- 0/8 nodes are available: 8 Insufficient cpu. preemption: 0/8 nodes are available: 8 No preemption victims found for incoming pod..
Dec-05 02:37:47.608 [Task monitor] DEBUG n.processor.TaskPollingMonitor - Task completed > TaskHandler[id: 45; name: writeLargeFile (45); status: COMPLETED; exit: 0; error: -; workDir: /input/data/work/25/ab444ec396daab6bb414989d787f2d]
Dec-05 02:37:50.719 [Task monitor] DEBUG n.processor.TaskPollingMonitor - Task completed > TaskHandler[id: 56; name: writeLargeFile (56); status: COMPLETED; exit: 0; error: -; workDir: /input/data/work/98/a68973115bf444d1a8f0681628e053]
Dec-05 02:37:54.157 [Task monitor] DEBUG n.processor.TaskPollingMonitor - Task completed > TaskHandler[id: 48; name: writeLargeFile (48); status: COMPLETED; exit: 0; error: -; workDir: /input/data/work/86/36f5b8ec2407dc85156a064cca2ffe]
Dec-05 02:37:58.234 [Task monitor] DEBUG n.processor.TaskPollingMonitor - Task completed > TaskHandler[id: 54; name: writeLargeFile (54); status: COMPLETED; exit: 0; error: -; workDir: /input/data/work/2e/2a7874bd38b3e34e229263df16f4b7]
Dec-05 02:38:01.551 [Task monitor] DEBUG n.processor.TaskPollingMonitor - Task completed > TaskHandler[id: 59; name: writeLargeFile (59); status: COMPLETED; exit: 0; error: -; workDir: /input/data/work/1a/fe54c11d76e520544b5b2afdd81461]
Dec-05 02:38:06.910 [Task monitor] DEBUG n.processor.TaskPollingMonitor - Task completed > TaskHandler[id: 49; name: writeLargeFile (49); status: COMPLETED; exit: 0; error: -; workDir: /input/data/work/6f/e8de3c3ebc5025f5a5adb5342d4410]
Dec-05 02:38:11.210 [Task monitor] DEBUG n.processor.TaskPollingMonitor - Task completed > TaskHandler[id: 52; name: writeLargeFile (52); status: COMPLETED; exit: 0; error: -; workDir: /input/data/work/f0/ad9bf2476a8c7c5426d5be8b293534]
Dec-05 02:38:14.343 [Task monitor] DEBUG n.processor.TaskPollingMonitor - Task completed > TaskHandler[id: 64; name: writeLargeFile (64); status: COMPLETED; exit: 0; error: -; workDir: /input/data/work/4f/06550069a8ef8c744c50270f718bc2]
Dec-05 02:38:17.762 [Task monitor] DEBUG n.processor.TaskPollingMonitor - Task completed > TaskHandler[id: 53; name: writeLargeFile (53); status: COMPLETED; exit: 0; error: -; workDir: /input/data/work/fd/f52533eb303a6dc205c48a27a813cc]
Dec-05 02:38:21.083 [Task monitor] DEBUG n.processor.TaskPollingMonitor - Task completed > TaskHandler[id: 58; name: writeLargeFile (58); status: COMPLETED; exit: 0; error: -; workDir: /input/data/work/3d/68e1423e6fbd5ae715aa1d142168ee]
Dec-05 02:38:24.275 [Task monitor] DEBUG n.processor.TaskPollingMonitor - Task completed > TaskHandler[id: 73; name: writeLargeFile (73); status: COMPLETED; exit: 0; error: -; workDir: /input/data/work/40/3f9785106fe0e665468fa609ecb90d]
Dec-05 02:38:26.908 [Task monitor] DEBUG n.processor.TaskPollingMonitor - Task completed > TaskHandler[id: 65; name: writeLargeFile (65); status: COMPLETED; exit: 0; error: -; workDir: /input/data/work/94/25c5a7312b27fe11124c84729498b3]
Dec-05 02:38:28.850 [Task monitor] DEBUG n.processor.TaskPollingMonitor - Task completed > TaskHandler[id: 76; name: writeLargeFile (76); status: COMPLETED; exit: 0; error: -; workDir: /input/data/work/10/57dcec15f4b095389f382e98b7ab53]
Dec-05 02:38:30.074 [Task monitor] DEBUG n.processor.TaskPollingMonitor - Task completed > TaskHandler[id: 57; name: writeLargeFile (57); status: COMPLETED; exit: 0; error: -; workDir: /input/data/work/da/07eec76b8c0cb20f92f20056bbbef5]
Dec-05 02:38:31.032 [Task monitor] DEBUG n.processor.TaskPollingMonitor - Task completed > TaskHandler[id: 60; name: writeLargeFile (60); status: COMPLETED; exit: 0; error: -; workDir: /input/data/work/a4/b0a7cdd0cc5ca8f7c726b7f2ed7c92]
Dec-05 02:38:31.920 [Task monitor] DEBUG n.processor.TaskPollingMonitor - Task completed > TaskHandler[id: 66; name: writeLargeFile (66); status: COMPLETED; exit: 0; error: -; workDir: /input/data/work/55/fc1385aeeec18ea1fd193efcb6e972]
Dec-05 02:38:32.890 [Task monitor] DEBUG n.processor.TaskPollingMonitor - Task completed > TaskHandler[id: 82; name: writeLargeFile (82); status: COMPLETED; exit: 0; error: -; workDir: /input/data/work/1f/6380f4a04006c9609491363bc07740]
Dec-05 02:38:33.465 [Task monitor] DEBUG n.processor.TaskPollingMonitor - Task completed > TaskHandler[id: 61; name: writeLargeFile (61); status: COMPLETED; exit: 0; error: -; workDir: /input/data/work/55/0bd3e55671886e0e0c3899e6564c63]
Dec-05 02:38:34.202 [Task monitor] DEBUG n.processor.TaskPollingMonitor - Task completed > TaskHandler[id: 62; name: writeLargeFile (62); status: COMPLETED; exit: 0; error: -; workDir: /input/data/work/6e/1b07565cbb1336dd642a7e7cb6d65e]
Dec-05 02:38:34.784 [Task monitor] DEBUG n.processor.TaskPollingMonitor - Task completed > TaskHandler[id: 63; name: writeLargeFile (63); status: COMPLETED; exit: 0; error: -; workDir: /input/data/work/8d/9e537a48a2e870b5173bce7cf8b605]
Dec-05 02:38:35.516 [Task monitor] DEBUG n.processor.TaskPollingMonitor - Task completed > TaskHandler[id: 88; name: writeLargeFile (88); status: COMPLETED; exit: 0; error: -; workDir: /input/data/work/d4/657c31375fb56620df8b7ab57ad451]
Dec-05 02:38:36.568 [Task monitor] DEBUG n.processor.TaskPollingMonitor - Task completed > TaskHandler[id: 68; name: writeLargeFile (68); status: COMPLETED; exit: 0; error: -; workDir: /input/data/work/f3/c0b73391c1123894cb594ead18f1da]
Dec-05 02:38:37.294 [Task monitor] DEBUG n.processor.TaskPollingMonitor - Task completed > TaskHandler[id: 69; name: writeLargeFile (69); status: COMPLETED; exit: 0; error: -; workDir: /input/data/work/5e/4dac44ee1799b5e6d102347f09d31c]
Dec-05 02:38:37.704 [Task monitor] WARN  nextflow.k8s.client.K8sClient - K8s pod cannot be scheduled -- 0/8 nodes are available: 8 Insufficient cpu. preemption: 0/8 nodes are available: 8 No preemption victims found for incoming pod..
Dec-05 02:38:38.183 [Task monitor] DEBUG n.processor.TaskPollingMonitor - !! executor k8s > tasks to be completed: 29 -- submitted tasks are shown below
~> TaskHandler[id: 55; name: writeLargeFile (55); status: RUNNING; exit: -; error: -; workDir: /input/data/work/bd/3f1d56fd50374a14773548329d0cc3]
~> TaskHandler[id: 91; name: writeLargeFile (91); status: RUNNING; exit: -; error: -; workDir: /input/data/work/f0/d53e81508fcd210f5cd57a0a626b63]
~> TaskHandler[id: 90; name: writeLargeFile (90); status: RUNNING; exit: -; error: -; workDir: /input/data/work/8f/dd614fbe192f7eb3973571b2f70598]
~> TaskHandler[id: 67; name: writeLargeFile (67); status: RUNNING; exit: -; error: -; workDir: /input/data/work/83/a0cbca52a47e19d849ec5ca78681fe]
~> TaskHandler[id: 92; name: writeLargeFile (92); status: RUNNING; exit: -; error: -; workDir: /input/data/work/b9/777d309e39b426a7b8409e62fd6b50]
~> TaskHandler[id: 70; name: writeLargeFile (70); status: RUNNING; exit: -; error: -; workDir: /input/data/work/58/71bf2ddd0b4d321594ac30d7e885ed]
~> TaskHandler[id: 94; name: writeLargeFile (94); status: RUNNING; exit: -; error: -; workDir: /input/data/work/55/b4905d4520b90d980ebc092c7d1e0c]
~> TaskHandler[id: 72; name: writeLargeFile (72); status: RUNNING; exit: -; error: -; workDir: /input/data/work/58/63b61e5262d10811aebeff0aefbd01]
~> TaskHandler[id: 95; name: writeLargeFile (95); status: RUNNING; exit: -; error: -; workDir: /input/data/work/7a/851c236241ab092b3300c1565a83c6]
~> TaskHandler[id: 77; name: writeLargeFile (77); status: RUNNING; exit: -; error: -; workDir: /input/data/work/d0/d22ea76efc9d3971381296a205fa56]
.. remaining tasks omitted.
Dec-05 02:38:38.849 [Task monitor] DEBUG n.processor.TaskPollingMonitor - Task completed > TaskHandler[id: 55; name: writeLargeFile (55); status: COMPLETED; exit: 0; error: -; workDir: /input/data/work/bd/3f1d56fd50374a14773548329d0cc3]
Dec-05 02:39:04.479 [Task monitor] DEBUG n.processor.TaskPollingMonitor - Task completed > TaskHandler[id: 91; name: writeLargeFile (91); status: COMPLETED; exit: 0; error: -; workDir: /input/data/work/f0/d53e81508fcd210f5cd57a0a626b63]
Dec-05 02:39:06.722 [Task monitor] DEBUG n.processor.TaskPollingMonitor - Task completed > TaskHandler[id: 67; name: writeLargeFile (67); status: COMPLETED; exit: 0; error: -; workDir: /input/data/work/83/a0cbca52a47e19d849ec5ca78681fe]
Dec-05 02:39:09.306 [Task monitor] DEBUG n.processor.TaskPollingMonitor - Task completed > TaskHandler[id: 70; name: writeLargeFile (70); status: COMPLETED; exit: 0; error: -; workDir: /input/data/work/58/71bf2ddd0b4d321594ac30d7e885ed]
Dec-05 02:39:27.556 [Task monitor] DEBUG n.processor.TaskPollingMonitor - Task completed > TaskHandler[id: 90; name: writeLargeFile (90); status: COMPLETED; exit: 0; error: -; workDir: /input/data/work/8f/dd614fbe192f7eb3973571b2f70598]
Dec-05 02:39:30.409 [Task monitor] DEBUG n.processor.TaskPollingMonitor - Task completed > TaskHandler[id: 92; name: writeLargeFile (92); status: COMPLETED; exit: 0; error: -; workDir: /input/data/work/b9/777d309e39b426a7b8409e62fd6b50]
Dec-05 02:39:33.361 [Task monitor] DEBUG n.processor.TaskPollingMonitor - Task completed > TaskHandler[id: 94; name: writeLargeFile (94); status: COMPLETED; exit: 0; error: -; workDir: /input/data/work/55/b4905d4520b90d980ebc092c7d1e0c]
Dec-05 02:39:41.441 [Task monitor] DEBUG n.processor.TaskPollingMonitor - Task completed > TaskHandler[id: 72; name: writeLargeFile (72); status: COMPLETED; exit: 0; error: -; workDir: /input/data/work/58/63b61e5262d10811aebeff0aefbd01]
Dec-05 02:39:44.487 [Task monitor] DEBUG n.processor.TaskPollingMonitor - Task completed > TaskHandler[id: 75; name: writeLargeFile (75); status: COMPLETED; exit: 0; error: -; workDir: /input/data/work/3e/e5ce5acd577d73fe4073ccf00458f7]
Dec-05 02:39:47.889 [Task monitor] DEBUG n.processor.TaskPollingMonitor - Task completed > TaskHandler[id: 80; name: writeLargeFile (80); status: COMPLETED; exit: 0; error: -; workDir: /input/data/work/00/d632c606ab5b2023a4c1868acaf003]
Dec-05 02:39:54.631 [Task monitor] DEBUG n.processor.TaskPollingMonitor - Task completed > TaskHandler[id: 95; name: writeLargeFile (95); status: COMPLETED; exit: 0; error: -; workDir: /input/data/work/7a/851c236241ab092b3300c1565a83c6]
Dec-05 02:39:55.505 [Task monitor] DEBUG n.processor.TaskPollingMonitor - Task completed > TaskHandler[id: 77; name: writeLargeFile (77); status: COMPLETED; exit: 0; error: -; workDir: /input/data/work/d0/d22ea76efc9d3971381296a205fa56]
Dec-05 02:39:56.266 [Task monitor] DEBUG n.processor.TaskPollingMonitor - Task completed > TaskHandler[id: 99; name: writeLargeFile (99); status: COMPLETED; exit: 0; error: -; workDir: /input/data/work/5f/36aa3ba6ab013578d5554d90eb60cb]
Dec-05 02:39:57.029 [Task monitor] DEBUG n.processor.TaskPollingMonitor - Task completed > TaskHandler[id: 86; name: writeLargeFile (86); status: COMPLETED; exit: 0; error: -; workDir: /input/data/work/f4/b8557b264cd9c227e183a1e24d44c1]
Dec-05 02:39:57.599 [Task monitor] DEBUG n.processor.TaskPollingMonitor - Task completed > TaskHandler[id: 78; name: writeLargeFile (78); status: COMPLETED; exit: 0; error: -; workDir: /input/data/work/42/cc234b6d7003e18bdc068dc30cc609]
Dec-05 02:39:58.179 [Task monitor] DEBUG n.processor.TaskPollingMonitor - Task completed > TaskHandler[id: 84; name: writeLargeFile (84); status: COMPLETED; exit: 0; error: -; workDir: /input/data/work/81/5822a664f76546fc66fd4215e91f6d]
Dec-05 02:39:58.771 [Task monitor] DEBUG n.processor.TaskPollingMonitor - Task completed > TaskHandler[id: 81; name: writeLargeFile (81); status: COMPLETED; exit: 0; error: -; workDir: /input/data/work/82/f213fc7331e47c5e25a149ab4c7318]
Dec-05 02:39:59.330 [Task monitor] DEBUG n.processor.TaskPollingMonitor - Task completed > TaskHandler[id: 79; name: writeLargeFile (79); status: COMPLETED; exit: 0; error: -; workDir: /input/data/work/69/8dbe23c8c8eb273dd582e4c4b4de0e]
Dec-05 02:39:59.906 [Task monitor] DEBUG n.processor.TaskPollingMonitor - Task completed > TaskHandler[id: 83; name: writeLargeFile (83); status: COMPLETED; exit: 0; error: -; workDir: /input/data/work/51/a0dd273a0534587a27bd27e1b284a5]
Dec-05 02:40:00.557 [Task monitor] DEBUG n.processor.TaskPollingMonitor - Task completed > TaskHandler[id: 89; name: writeLargeFile (89); status: COMPLETED; exit: 0; error: -; workDir: /input/data/work/48/97b438dc3f95cfdce168102bdb89ec]
Dec-05 02:40:01.191 [Task monitor] DEBUG n.processor.TaskPollingMonitor - Task completed > TaskHandler[id: 85; name: writeLargeFile (85); status: COMPLETED; exit: 0; error: -; workDir: /input/data/work/00/f22227b0496e0dc122cf2485973a77]
Dec-05 02:40:01.795 [Task monitor] DEBUG n.processor.TaskPollingMonitor - Task completed > TaskHandler[id: 100; name: writeLargeFile (100); status: COMPLETED; exit: 0; error: -; workDir: /input/data/work/48/fdff9e66e0fbdef87fe293c8339bb4]
Dec-05 02:40:02.146 [Task monitor] DEBUG n.processor.TaskPollingMonitor - Task completed > TaskHandler[id: 74; name: writeLargeFile (74); status: COMPLETED; exit: 0; error: -; workDir: /input/data/work/f4/d4c1a511432a7bd47aa6b36676646a]
Dec-05 02:40:07.075 [Task monitor] DEBUG n.processor.TaskPollingMonitor - Task completed > TaskHandler[id: 71; name: writeLargeFile (71); status: COMPLETED; exit: 0; error: -; workDir: /input/data/work/59/9acc83a2a621b3e1ad2fa3f0746c65]
Dec-05 02:40:07.132 [Task monitor] DEBUG n.processor.TaskPollingMonitor - Task completed > TaskHandler[id: 93; name: writeLargeFile (93); status: COMPLETED; exit: 0; error: -; workDir: /input/data/work/71/b9e84c0241d8d9cb6b8e1f321dc1b1]
Dec-05 02:40:07.169 [Task monitor] DEBUG n.processor.TaskPollingMonitor - Task completed > TaskHandler[id: 98; name: writeLargeFile (98); status: COMPLETED; exit: 0; error: -; workDir: /input/data/work/c9/9c11176c264d7d0417a1357b905ed7]
Dec-05 02:40:07.204 [Task monitor] DEBUG n.processor.TaskPollingMonitor - Task completed > TaskHandler[id: 96; name: writeLargeFile (96); status: COMPLETED; exit: 0; error: -; workDir: /input/data/work/30/33cdf8e59bfcd0aeb5f841d17f3d80]
Dec-05 02:40:07.241 [Task monitor] DEBUG n.processor.TaskPollingMonitor - Task completed > TaskHandler[id: 97; name: writeLargeFile (97); status: COMPLETED; exit: 0; error: -; workDir: /input/data/work/bb/bf0285ceea3350c4497b9dff195d8f]
Dec-05 02:40:12.074 [Task monitor] DEBUG n.processor.TaskPollingMonitor - Task completed > TaskHandler[id: 87; name: writeLargeFile (87); status: COMPLETED; exit: 0; error: -; workDir: /input/data/work/d7/ea6cab5aea1140cd6b7215b427ce0d]
Dec-05 02:40:12.218 [Task submitter] INFO  nextflow.Session - [1f/27c3f4] Submitted process > combineFiles (15)
Dec-05 02:40:12.324 [Task submitter] INFO  nextflow.Session - [9e/1f47d0] Submitted process > combineFiles (17)
Dec-05 02:40:12.431 [Task submitter] INFO  nextflow.Session - [94/cac09f] Submitted process > combineFiles (24)
Dec-05 02:40:12.497 [Task submitter] INFO  nextflow.Session - [dd/d53c68] Submitted process > combineFiles (12)
Dec-05 02:40:12.562 [Task submitter] INFO  nextflow.Session - [56/e086a4] Submitted process > combineFiles (10)
Dec-05 02:40:12.625 [Task submitter] INFO  nextflow.Session - [bd/bb8b6c] Submitted process > combineFiles (32)
Dec-05 02:40:12.691 [Task submitter] INFO  nextflow.Session - [28/00a09c] Submitted process > combineFiles (2)
Dec-05 02:40:12.758 [Task submitter] INFO  nextflow.Session - [ed/f1e237] Submitted process > combineFiles (8)
Dec-05 02:40:12.822 [Task submitter] INFO  nextflow.Session - [0b/59d4c6] Submitted process > combineFiles (6)
Dec-05 02:40:12.892 [Task submitter] INFO  nextflow.Session - [89/35dbbd] Submitted process > combineFiles (25)
Dec-05 02:40:12.957 [Task submitter] INFO  nextflow.Session - [32/732c66] Submitted process > combineFiles (20)
Dec-05 02:40:13.034 [Task submitter] INFO  nextflow.Session - [9d/4bbe3b] Submitted process > combineFiles (26)
Dec-05 02:40:13.109 [Task submitter] INFO  nextflow.Session - [97/c1524f] Submitted process > combineFiles (22)
Dec-05 02:40:13.175 [Task submitter] INFO  nextflow.Session - [78/1903ea] Submitted process > combineFiles (30)
Dec-05 02:40:13.245 [Task submitter] INFO  nextflow.Session - [64/3b4b19] Submitted process > combineFiles (34)
Dec-05 02:40:13.332 [Task submitter] INFO  nextflow.Session - [7c/6783e4] Submitted process > combineFiles (1)
Dec-05 02:40:13.417 [Task submitter] INFO  nextflow.Session - [64/e46dea] Submitted process > combineFiles (27)
Dec-05 02:40:13.526 [Task submitter] INFO  nextflow.Session - [ea/835822] Submitted process > combineFiles (33)
Dec-05 02:40:13.776 [Task submitter] INFO  nextflow.Session - [06/feb061] Submitted process > combineFiles (16)
Dec-05 02:40:14.019 [Task submitter] INFO  nextflow.Session - [e8/77da9d] Submitted process > combineFiles (11)
Dec-05 02:40:14.263 [Task submitter] INFO  nextflow.Session - [ea/a760d4] Submitted process > combineFiles (23)
Dec-05 02:40:14.510 [Task submitter] INFO  nextflow.Session - [1d/569bbd] Submitted process > combineFiles (14)
Dec-05 02:40:14.808 [Task submitter] INFO  nextflow.Session - [de/eb13ce] Submitted process > combineFiles (19)
Dec-05 02:40:15.341 [Task submitter] INFO  nextflow.Session - [fa/d62b38] Submitted process > combineFiles (31)
Dec-05 02:40:15.854 [Task submitter] INFO  nextflow.Session - [47/ac8ec6] Submitted process > combineFiles (3)
Dec-05 02:40:16.378 [Task submitter] INFO  nextflow.Session - [08/26e3b6] Submitted process > combineFiles (7)
Dec-05 02:40:16.955 [Task submitter] INFO  nextflow.Session - [46/ab2e0a] Submitted process > combineFiles (4)
Dec-05 02:40:17.738 [Task submitter] INFO  nextflow.Session - [17/8f8b18] Submitted process > combineFiles (5)
Dec-05 02:40:17.741 [Task monitor] WARN  nextflow.k8s.client.K8sClient - K8s pod cannot be scheduled -- 0/8 nodes are available: 8 Insufficient cpu. preemption: 0/8 nodes are available: 8 No preemption victims found for incoming pod..
Dec-05 02:40:18.498 [Task submitter] INFO  nextflow.Session - [c7/56486a] Submitted process > combineFiles (13)
Dec-05 02:40:19.257 [Task submitter] INFO  nextflow.Session - [77/0b6911] Submitted process > combineFiles (9)
Dec-05 02:40:19.994 [Task submitter] INFO  nextflow.Session - [43/42c79e] Submitted process > combineFiles (18)
Dec-05 02:40:20.817 [Task submitter] INFO  nextflow.Session - [cd/90e500] Submitted process > combineFiles (29)
Dec-05 02:40:21.639 [Task submitter] INFO  nextflow.Session - [1b/64901e] Submitted process > combineFiles (21)
Dec-05 02:40:22.430 [Task submitter] INFO  nextflow.Session - [77/7f8100] Submitted process > combineFiles (28)
Dec-05 02:41:22.393 [Task monitor] WARN  nextflow.k8s.client.K8sClient - K8s pod cannot be scheduled -- 0/8 nodes are available: 8 Insufficient cpu. preemption: 0/8 nodes are available: 8 No preemption victims found for incoming pod..
Dec-05 02:42:22.397 [Task monitor] WARN  nextflow.k8s.client.K8sClient - K8s pod cannot be scheduled -- 0/8 nodes are available: 8 Insufficient cpu. preemption: 0/8 nodes are available: 8 No preemption victims found for incoming pod..
Dec-05 02:43:17.314 [Task monitor] DEBUG n.processor.TaskPollingMonitor - Task completed > TaskHandler[id: 102; name: combineFiles (2); status: COMPLETED; exit: 0; error: -; workDir: /input/data/work/28/00a09c350b975d5cbb3db275f6418c]
Dec-05 02:43:22.415 [Task monitor] WARN  nextflow.k8s.client.K8sClient - K8s pod cannot be scheduled -- 0/8 nodes are available: 8 Insufficient cpu. preemption: 0/8 nodes are available: 8 No preemption victims found for incoming pod..
Dec-05 02:43:42.044 [Task monitor] DEBUG n.processor.TaskPollingMonitor - !! executor k8s > tasks to be completed: 33 -- submitted tasks are shown below
~> TaskHandler[id: 115; name: combineFiles (15); status: RUNNING; exit: -; error: -; workDir: /input/data/work/1f/27c3f4f295b8b3b254a4c37751441a]
~> TaskHandler[id: 117; name: combineFiles (17); status: RUNNING; exit: -; error: -; workDir: /input/data/work/9e/1f47d01c1dc88b7e3a8507f88be850]
~> TaskHandler[id: 124; name: combineFiles (24); status: RUNNING; exit: -; error: -; workDir: /input/data/work/94/cac09f94e4448818523ecdb7305db5]
~> TaskHandler[id: 112; name: combineFiles (12); status: RUNNING; exit: -; error: -; workDir: /input/data/work/dd/d53c683367d3035525082b26bd9cd5]
~> TaskHandler[id: 110; name: combineFiles (10); status: RUNNING; exit: -; error: -; workDir: /input/data/work/56/e086a44c239d071bb9370c969e7de6]
~> TaskHandler[id: 132; name: combineFiles (32); status: RUNNING; exit: -; error: -; workDir: /input/data/work/bd/bb8b6c9db0b12c3ca8e823630e9f40]
~> TaskHandler[id: 108; name: combineFiles (8); status: RUNNING; exit: -; error: -; workDir: /input/data/work/ed/f1e23743979bb01687c1026eb77cec]
~> TaskHandler[id: 106; name: combineFiles (6); status: RUNNING; exit: -; error: -; workDir: /input/data/work/0b/59d4c62937621c1028ca702da0f88c]
~> TaskHandler[id: 125; name: combineFiles (25); status: RUNNING; exit: -; error: -; workDir: /input/data/work/89/35dbbd38bcf8162bc061f7e9bdb52c]
~> TaskHandler[id: 120; name: combineFiles (20); status: RUNNING; exit: -; error: -; workDir: /input/data/work/32/732c66c79e674d89bb9edd4694532a]
.. remaining tasks omitted.
Dec-05 02:43:47.352 [Task monitor] DEBUG n.processor.TaskPollingMonitor - Task completed > TaskHandler[id: 101; name: combineFiles (1); status: COMPLETED; exit: 0; error: -; workDir: /input/data/work/7c/6783e43d3fbca27ece1589fa097e04]
Dec-05 02:43:47.615 [Task monitor] DEBUG n.processor.TaskPollingMonitor - Task completed > TaskHandler[id: 119; name: combineFiles (19); status: COMPLETED; exit: 0; error: -; workDir: /input/data/work/de/eb13ce84962cad39759e3def57053a]
Dec-05 02:44:22.420 [Task monitor] WARN  nextflow.k8s.client.K8sClient - K8s pod cannot be scheduled -- 0/8 nodes are available: 8 Insufficient cpu. preemption: 0/8 nodes are available: 8 No preemption victims found for incoming pod..
Dec-05 02:44:47.789 [Task monitor] DEBUG n.processor.TaskPollingMonitor - Task completed > TaskHandler[id: 111; name: combineFiles (11); status: COMPLETED; exit: 0; error: -; workDir: /input/data/work/e8/77da9d170a5bfdb10ca57844d6d460]
Dec-05 02:45:15.843 [Task monitor] DEBUG n.processor.TaskPollingMonitor - Task completed > TaskHandler[id: 115; name: combineFiles (15); status: COMPLETED; exit: 0; error: -; workDir: /input/data/work/1f/27c3f4f295b8b3b254a4c37751441a]
Dec-05 02:45:20.618 [Task monitor] DEBUG n.processor.TaskPollingMonitor - Task completed > TaskHandler[id: 132; name: combineFiles (32); status: COMPLETED; exit: 0; error: -; workDir: /input/data/work/bd/bb8b6c9db0b12c3ca8e823630e9f40]
Dec-05 02:45:25.377 [Task monitor] DEBUG n.processor.TaskPollingMonitor - Task completed > TaskHandler[id: 125; name: combineFiles (25); status: COMPLETED; exit: 0; error: -; workDir: /input/data/work/89/35dbbd38bcf8162bc061f7e9bdb52c]
Dec-05 02:45:33.591 [Task monitor] DEBUG n.processor.TaskPollingMonitor - Task completed > TaskHandler[id: 127; name: combineFiles (27); status: COMPLETED; exit: 0; error: -; workDir: /input/data/work/64/e46deab2b3368e6c93b4e268099232]
Dec-05 02:45:36.405 [Task monitor] WARN  nextflow.k8s.client.K8sClient - K8s pod cannot be scheduled -- 0/8 nodes are available: 8 Insufficient cpu. preemption: 0/8 nodes are available: 8 No preemption victims found for incoming pod..
Dec-05 02:46:15.673 [Task monitor] DEBUG n.processor.TaskPollingMonitor - Task completed > TaskHandler[id: 117; name: combineFiles (17); status: COMPLETED; exit: 0; error: -; workDir: /input/data/work/9e/1f47d01c1dc88b7e3a8507f88be850]
Dec-05 02:46:21.769 [Task monitor] DEBUG n.processor.TaskPollingMonitor - Task completed > TaskHandler[id: 106; name: combineFiles (6); status: COMPLETED; exit: 0; error: -; workDir: /input/data/work/0b/59d4c62937621c1028ca702da0f88c]
Dec-05 02:46:27.682 [Task monitor] DEBUG n.processor.TaskPollingMonitor - Task completed > TaskHandler[id: 133; name: combineFiles (33); status: COMPLETED; exit: 0; error: -; workDir: /input/data/work/ea/835822d69afa48a360713083d1490d]
Dec-05 02:46:45.720 [Task monitor] DEBUG n.processor.TaskPollingMonitor - Task completed > TaskHandler[id: 124; name: combineFiles (24); status: COMPLETED; exit: 0; error: -; workDir: /input/data/work/94/cac09f94e4448818523ecdb7305db5]
Dec-05 02:46:46.891 [Task monitor] DEBUG n.processor.TaskPollingMonitor - Task completed > TaskHandler[id: 110; name: combineFiles (10); status: COMPLETED; exit: 0; error: -; workDir: /input/data/work/56/e086a44c239d071bb9370c969e7de6]
Dec-05 02:46:48.201 [Task monitor] DEBUG n.processor.TaskPollingMonitor - Task completed > TaskHandler[id: 122; name: combineFiles (22); status: COMPLETED; exit: 0; error: -; workDir: /input/data/work/97/c1524f2add36462e6cd129be775b99]
Dec-05 02:46:49.463 [Task monitor] DEBUG n.processor.TaskPollingMonitor - Task completed > TaskHandler[id: 130; name: combineFiles (30); status: COMPLETED; exit: 0; error: -; workDir: /input/data/work/78/1903eab5ea758dbff90d1de3d8df80]
Dec-05 02:46:50.710 [Task monitor] DEBUG n.processor.TaskPollingMonitor - Task completed > TaskHandler[id: 123; name: combineFiles (23); status: COMPLETED; exit: 0; error: -; workDir: /input/data/work/ea/a760d4a019a23205c0f190dd1b24f7]
Dec-05 02:46:52.018 [Task monitor] DEBUG n.processor.TaskPollingMonitor - Task completed > TaskHandler[id: 114; name: combineFiles (14); status: COMPLETED; exit: 0; error: -; workDir: /input/data/work/1d/569bbdd627e8168ff940c2dac8282c]
Dec-05 02:46:53.458 [Task monitor] DEBUG n.processor.TaskPollingMonitor - Task completed > TaskHandler[id: 112; name: combineFiles (12); status: COMPLETED; exit: 0; error: -; workDir: /input/data/work/dd/d53c683367d3035525082b26bd9cd5]
Dec-05 02:46:54.617 [Task monitor] DEBUG n.processor.TaskPollingMonitor - Task completed > TaskHandler[id: 126; name: combineFiles (26); status: COMPLETED; exit: 0; error: -; workDir: /input/data/work/9d/4bbe3b64b5a5884097245518b455cc]
Dec-05 02:47:28.060 [Task monitor] DEBUG n.processor.TaskPollingMonitor - Task completed > TaskHandler[id: 120; name: combineFiles (20); status: COMPLETED; exit: 0; error: -; workDir: /input/data/work/32/732c66c79e674d89bb9edd4694532a]
Dec-05 02:47:28.646 [Task monitor] DEBUG n.processor.TaskPollingMonitor - Task completed > TaskHandler[id: 116; name: combineFiles (16); status: COMPLETED; exit: 0; error: -; workDir: /input/data/work/06/feb0617b08219ffaf8d17b6a3510a4]
Dec-05 02:47:57.952 [Task monitor] DEBUG n.processor.TaskPollingMonitor - Task completed > TaskHandler[id: 103; name: combineFiles (3); status: COMPLETED; exit: 0; error: -; workDir: /input/data/work/47/ac8ec66fef75e7e974237853f61598]
Dec-05 02:48:13.262 [Task monitor] DEBUG n.processor.TaskPollingMonitor - Task completed > TaskHandler[id: 105; name: combineFiles (5); status: COMPLETED; exit: 0; error: -; workDir: /input/data/work/17/8f8b180f986577a4c0c7491eaf3dba]
Dec-05 02:48:32.992 [Task monitor] DEBUG n.processor.TaskPollingMonitor - Task completed > TaskHandler[id: 134; name: combineFiles (34); status: COMPLETED; exit: 0; error: -; workDir: /input/data/work/64/3b4b195fac88b29895a7a4065327e3]
Dec-05 02:48:33.403 [Task monitor] DEBUG n.processor.TaskPollingMonitor - Task completed > TaskHandler[id: 131; name: combineFiles (31); status: COMPLETED; exit: 0; error: -; workDir: /input/data/work/fa/d62b384c1fef43dc9a57d39214aaff]
Dec-05 02:48:37.953 [Task monitor] DEBUG n.processor.TaskPollingMonitor - Task completed > TaskHandler[id: 108; name: combineFiles (8); status: COMPLETED; exit: 0; error: -; workDir: /input/data/work/ed/f1e23743979bb01687c1026eb77cec]
Dec-05 02:48:42.691 [Task monitor] DEBUG n.processor.TaskPollingMonitor - !! executor k8s > tasks to be completed: 8 -- submitted tasks are shown below
~> TaskHandler[id: 107; name: combineFiles (7); status: RUNNING; exit: -; error: -; workDir: /input/data/work/08/26e3b6d0fd5d5a93192c0afaec83ff]
~> TaskHandler[id: 104; name: combineFiles (4); status: RUNNING; exit: -; error: -; workDir: /input/data/work/46/ab2e0ab680539ad6d9761ef09a580d]
~> TaskHandler[id: 113; name: combineFiles (13); status: RUNNING; exit: -; error: -; workDir: /input/data/work/c7/56486acd8054f6652c8a038034c675]
~> TaskHandler[id: 109; name: combineFiles (9); status: RUNNING; exit: -; error: -; workDir: /input/data/work/77/0b691180ba433cf56190ce4d9f8993]
~> TaskHandler[id: 118; name: combineFiles (18); status: RUNNING; exit: -; error: -; workDir: /input/data/work/43/42c79e5b619d47f1b565805257e025]
~> TaskHandler[id: 129; name: combineFiles (29); status: RUNNING; exit: -; error: -; workDir: /input/data/work/cd/90e500a1f35988cc51fb3021a15ea2]
~> TaskHandler[id: 121; name: combineFiles (21); status: RUNNING; exit: -; error: -; workDir: /input/data/work/1b/64901e6154d2c4454fc465386c41d3]
~> TaskHandler[id: 128; name: combineFiles (28); status: RUNNING; exit: -; error: -; workDir: /input/data/work/77/7f8100a22763e60370d90191209724]
Dec-05 02:48:47.736 [Task monitor] DEBUG n.processor.TaskPollingMonitor - Task completed > TaskHandler[id: 107; name: combineFiles (7); status: COMPLETED; exit: 0; error: -; workDir: /input/data/work/08/26e3b6d0fd5d5a93192c0afaec83ff]
Dec-05 02:48:47.785 [Task monitor] DEBUG n.processor.TaskPollingMonitor - Task completed > TaskHandler[id: 104; name: combineFiles (4); status: COMPLETED; exit: 0; error: -; workDir: /input/data/work/46/ab2e0ab680539ad6d9761ef09a580d]
Dec-05 02:49:12.828 [Task monitor] DEBUG n.processor.TaskPollingMonitor - Task completed > TaskHandler[id: 129; name: combineFiles (29); status: COMPLETED; exit: 0; error: -; workDir: /input/data/work/cd/90e500a1f35988cc51fb3021a15ea2]
Dec-05 02:49:47.875 [Task monitor] DEBUG n.processor.TaskPollingMonitor - Task completed > TaskHandler[id: 121; name: combineFiles (21); status: COMPLETED; exit: 0; error: -; workDir: /input/data/work/1b/64901e6154d2c4454fc465386c41d3]
Dec-05 02:49:48.063 [Task monitor] DEBUG n.processor.TaskPollingMonitor - Task completed > TaskHandler[id: 128; name: combineFiles (28); status: COMPLETED; exit: 0; error: -; workDir: /input/data/work/77/7f8100a22763e60370d90191209724]
Dec-05 02:50:12.735 [Task monitor] DEBUG n.processor.TaskPollingMonitor - Task completed > TaskHandler[id: 113; name: combineFiles (13); status: COMPLETED; exit: 0; error: -; workDir: /input/data/work/c7/56486acd8054f6652c8a038034c675]
Dec-05 02:50:12.771 [Task monitor] DEBUG n.processor.TaskPollingMonitor - Task completed > TaskHandler[id: 109; name: combineFiles (9); status: COMPLETED; exit: 0; error: -; workDir: /input/data/work/77/0b691180ba433cf56190ce4d9f8993]
Dec-05 02:50:12.810 [Task monitor] DEBUG n.processor.TaskPollingMonitor - Task completed > TaskHandler[id: 118; name: combineFiles (18); status: COMPLETED; exit: 0; error: -; workDir: /input/data/work/43/42c79e5b619d47f1b565805257e025]
Dec-05 02:50:12.811 [main] DEBUG nextflow.Session - Session await > all processes finished
Dec-05 02:50:12.813 [main] DEBUG nextflow.Session - Session await > all barriers passed
Dec-05 02:50:12.824 [main] DEBUG n.trace.WorkflowStatsObserver - Workflow completed > WorkflowStats[succeededCount=134; failedCount=0; ignoredCount=0; cachedCount=0; pendingCount=0; submittedCount=0; runningCount=0; retriesCount=0; abortedCount=0; succeedDuration=1d 37m 36s; failedDuration=0ms; cachedDuration=0ms;loadCpus=0; loadMemory=0; peakRunning=25; peakCpus=250; peakMemory=474.4 GB; ]
Dec-05 02:50:12.824 [main] DEBUG nextflow.trace.TraceFileObserver - Workflow completed -- saving trace file
Dec-05 02:50:12.833 [main] DEBUG nextflow.trace.ReportObserver - Workflow completed -- rendering execution report
Dec-05 02:50:13.379 [main] DEBUG nextflow.trace.TimelineObserver - Workflow completed -- rendering execution timeline
Dec-05 02:50:13.522 [main] DEBUG nextflow.cache.CacheDB - Closing CacheDB done
Dec-05 02:50:13.545 [main] DEBUG nextflow.util.ThreadPoolManager - Thread pool 'FileTransfer' shutdown completed (hard=false)
Dec-05 02:50:13.545 [main] DEBUG nextflow.script.ScriptRunner - > Execution complete -- Goodbye
