Jan-25 20:21:37.720 [main] DEBUG nextflow.cli.Launcher - $> nextflow run /input/groupMultiple -c /experiments/experiment/groupMultiple/nextflow.config -c /experiments/experiment/nextflow_cws.config -c /experiments/experiment/nextflow_ceph.config
Jan-25 20:21:37.784 [main] INFO  nextflow.cli.CmdRun - N E X T F L O W  ~  version 23.07.0-edge
Jan-25 20:21:37.803 [main] DEBUG nextflow.plugin.PluginsFacade - Setting up plugin manager > mode=prod; embedded=false; plugins-dir=/.nextflow/plugins; core-plugins: nf-amazon@2.1.0,nf-azure@1.1.4,nf-cloudcache@0.1.0,nf-codecommit@0.1.5,nf-console@1.0.6,nf-ga4gh@1.1.0,nf-google@1.8.1,nf-tower@1.5.15,nf-wave@0.11.0
Jan-25 20:21:37.815 [main] INFO  o.pf4j.DefaultPluginStatusProvider - Enabled plugins: []
Jan-25 20:21:37.816 [main] INFO  o.pf4j.DefaultPluginStatusProvider - Disabled plugins: []
Jan-25 20:21:37.820 [main] INFO  org.pf4j.DefaultPluginManager - PF4J version 3.4.1 in 'deployment' mode
Jan-25 20:21:37.830 [main] INFO  org.pf4j.AbstractPluginManager - No plugins
Jan-25 20:21:37.859 [main] DEBUG nextflow.scm.AssetManager - Project manifest does not exist: /input/groupMultiple/nextflow.config (No such file or directory)
Jan-25 20:21:37.885 [main] DEBUG nextflow.config.ConfigBuilder - User config file: /experiments/experiment/groupMultiple/nextflow.config
Jan-25 20:21:37.886 [main] DEBUG nextflow.config.ConfigBuilder - User config file: /experiments/experiment/nextflow_cws.config
Jan-25 20:21:37.887 [main] DEBUG nextflow.config.ConfigBuilder - User config file: /experiments/experiment/nextflow_ceph.config
Jan-25 20:21:37.887 [main] DEBUG nextflow.config.ConfigBuilder - Parsing config file: /experiments/experiment/groupMultiple/nextflow.config
Jan-25 20:21:37.887 [main] DEBUG nextflow.config.ConfigBuilder - Parsing config file: /experiments/experiment/nextflow_cws.config
Jan-25 20:21:37.887 [main] DEBUG nextflow.config.ConfigBuilder - Parsing config file: /experiments/experiment/nextflow_ceph.config
Jan-25 20:21:37.907 [main] DEBUG nextflow.config.ConfigBuilder - Applying config profile: `standard`
Jan-25 20:21:38.432 [main] DEBUG nextflow.config.ConfigBuilder - Applying config profile: `standard`
Jan-25 20:21:38.585 [main] DEBUG nextflow.config.ConfigBuilder - Applying config profile: `standard`
Jan-25 20:21:38.612 [main] DEBUG nextflow.cli.CmdRun - Applied DSL=2 by global default
Jan-25 20:21:38.627 [main] INFO  nextflow.cli.CmdRun - Launching `/input/groupMultiple/main.nf` [curious_sinoussi] DSL2 - revision: b7ed08cdab
Jan-25 20:21:38.627 [main] DEBUG nextflow.plugin.PluginsFacade - Plugins default=[]
Jan-25 20:21:38.627 [main] DEBUG nextflow.plugin.PluginsFacade - Plugins resolved requirement=[]
Jan-25 20:21:38.634 [main] DEBUG n.secret.LocalSecretsProvider - Secrets store: /.nextflow/secrets/store.json
Jan-25 20:21:38.637 [main] DEBUG nextflow.secret.SecretsLoader - Discovered secrets providers: [nextflow.secret.LocalSecretsProvider@5b7c8930] - activable => nextflow.secret.LocalSecretsProvider@5b7c8930
Jan-25 20:21:38.688 [main] DEBUG nextflow.Session - Session UUID: 62791c00-4ca1-494c-9e5c-48e469d617fd
Jan-25 20:21:38.689 [main] DEBUG nextflow.Session - Run name: curious_sinoussi
Jan-25 20:21:38.689 [main] DEBUG nextflow.Session - Executor pool size: 32
Jan-25 20:21:38.695 [main] DEBUG nextflow.file.FilePorter - File porter settings maxRetries=3; maxTransfers=50; pollTimeout=null
Jan-25 20:21:38.698 [main] DEBUG nextflow.util.ThreadPoolBuilder - Creating thread pool 'FileTransfer' minSize=10; maxSize=96; workQueue=LinkedBlockingQueue[10000]; allowCoreThreadTimeout=false
Jan-25 20:21:38.729 [main] DEBUG nextflow.cli.CmdRun - 
  Version: 23.07.0-edge build 5875
  Created: 28-07-2023 20:27 UTC (20:27 GMT)
  System: Linux 5.4.0-169-generic
  Runtime: Groovy 3.0.18 on OpenJDK 64-Bit Server VM 17.0.6+10-LTS
  Encoding: UTF-8 (UTF-8)
  Process: 915608@nextflow [10.233.76.39]
  CPUs: 32 - Mem: 125.7 GB (122.4 GB) - Swap: 0 (0)
Jan-25 20:21:38.764 [main] DEBUG nextflow.Session - Work-dir: /input/data/work [ceph]
Jan-25 20:21:38.765 [main] DEBUG nextflow.Session - Script base path does not exist or is not a directory: /input/groupMultiple/bin
Jan-25 20:21:38.774 [main] DEBUG nextflow.executor.ExecutorFactory - Extension executors providers=[]
Jan-25 20:21:38.781 [main] DEBUG nextflow.Session - Observer factory: DefaultObserverFactory
Jan-25 20:21:38.809 [main] DEBUG nextflow.cache.CacheFactory - Using Nextflow cache factory: nextflow.cache.DefaultCacheFactory
Jan-25 20:21:38.817 [main] DEBUG nextflow.util.CustomThreadPool - Creating default thread pool > poolSize: 33; maxThreads: 1000
Jan-25 20:21:38.904 [main] DEBUG nextflow.Session - Session start
Jan-25 20:21:38.909 [main] DEBUG nextflow.trace.TraceFileObserver - Workflow started -- trace file: /input/data/output/trace.csv
Jan-25 20:21:39.097 [main] DEBUG nextflow.script.ScriptRunner - > Launching execution
Jan-25 20:21:39.322 [main] DEBUG nextflow.script.ProcessConfig - Config settings `withName:writeLargeFile` matches process writeLargeFile
Jan-25 20:21:39.332 [main] DEBUG nextflow.executor.ExecutorFactory - << taskConfig executor: k8s
Jan-25 20:21:39.332 [main] DEBUG nextflow.executor.ExecutorFactory - >> processorType: 'k8s'
Jan-25 20:21:39.340 [main] DEBUG nextflow.executor.Executor - [warm up] executor > k8s
Jan-25 20:21:39.357 [main] DEBUG n.processor.TaskPollingMonitor - Creating task monitor for executor 'k8s' > capacity: 300; pollInterval: 5s; dumpInterval: 5m; schedulerBatch: null
Jan-25 20:21:39.362 [main] DEBUG nextflow.k8s.client.ConfigDiscovery - K8s config file does not exist: /root/.kube/config
Jan-25 20:21:39.373 [main] DEBUG nextflow.k8s.K8sExecutor - [K8s] config=[scheduler:[strategy:rank_max-fair, name:workflow-scheduler, autoClose:false, nodeSelector:usedby=anonymized, container:anonymized/test1:sch_v201], debug:[yaml:true], namespace:anonymized, serviceAccount:nextflow, workDir:/input/data/work/, projectDir:/input/data/project/, imagePullPolicy:IfNotPresent, launchDir:/input/data/launch/, runAsUser:0, fetchNodeName:true, storageMountPath:/input, pod:[nodeSelector:usedby=anonymized], storage:[nodeSelector:usedby=anonymized, imageName:anonymized/test1:ftp_v122], storageClaimName:ceph-data]; API client config=ClientConfig[ server=10.233.0.1:443, namespace=anonymized, serviceAccount=nextflow, token=eyJhbGciOiJ.., sslCert=LS0tLS1CRUd.., clientCert=-, clientKey=-, verifySsl=false, fromFile=true, httpReadTimeout=null, httpConnectTimeout=null, maxErrorRetry=4 ]
Jan-25 20:21:43.052 [main] DEBUG nextflow.script.ProcessConfig - Config settings `withName:combineFiles` matches process combineFilesA
Jan-25 20:21:43.053 [main] DEBUG nextflow.executor.ExecutorFactory - << taskConfig executor: k8s
Jan-25 20:21:43.054 [main] DEBUG nextflow.executor.ExecutorFactory - >> processorType: 'k8s'
Jan-25 20:21:43.096 [main] DEBUG nextflow.script.ProcessConfig - Config settings `withName:combineFiles` matches process combineFilesB
Jan-25 20:21:43.098 [main] DEBUG nextflow.executor.ExecutorFactory - << taskConfig executor: k8s
Jan-25 20:21:43.098 [main] DEBUG nextflow.executor.ExecutorFactory - >> processorType: 'k8s'
Jan-25 20:21:43.109 [main] DEBUG nextflow.Session - Workflow process names [dsl2]: revertFile, combineFiles, combineFilesA, writeLargeFile, combineFilesB
Jan-25 20:21:43.111 [main] DEBUG nextflow.Session - Igniting dataflow network (4)
Jan-25 20:21:43.113 [main] DEBUG nextflow.processor.TaskProcessor - Starting process > writeLargeFile
Jan-25 20:21:43.113 [main] DEBUG nextflow.processor.TaskProcessor - Starting process > combineFilesA
Jan-25 20:21:43.113 [main] DEBUG nextflow.processor.TaskProcessor - Starting process > combineFilesB
Jan-25 20:21:43.114 [main] DEBUG nextflow.script.ScriptRunner - > Awaiting termination 
Jan-25 20:21:43.114 [main] DEBUG nextflow.Session - Session await
Jan-25 20:21:43.407 [Task submitter] INFO  nextflow.Session - [a3/c5a7f1] Submitted process > writeLargeFile (14)
Jan-25 20:21:43.451 [Task submitter] INFO  nextflow.Session - [ae/6aaa80] Submitted process > writeLargeFile (23)
Jan-25 20:21:43.491 [Task submitter] INFO  nextflow.Session - [1c/c2d06c] Submitted process > writeLargeFile (27)
Jan-25 20:21:43.530 [Task submitter] INFO  nextflow.Session - [3a/ba7db5] Submitted process > writeLargeFile (3)
Jan-25 20:21:43.575 [Task submitter] INFO  nextflow.Session - [31/42e06e] Submitted process > writeLargeFile (11)
Jan-25 20:21:43.612 [Task submitter] INFO  nextflow.Session - [4f/576834] Submitted process > writeLargeFile (20)
Jan-25 20:21:43.647 [Task submitter] INFO  nextflow.Session - [26/4549ae] Submitted process > writeLargeFile (13)
Jan-25 20:21:43.682 [Task submitter] INFO  nextflow.Session - [3c/773ec5] Submitted process > writeLargeFile (19)
Jan-25 20:21:43.720 [Task submitter] INFO  nextflow.Session - [24/a291a5] Submitted process > writeLargeFile (21)
Jan-25 20:21:43.756 [Task submitter] INFO  nextflow.Session - [6e/90caa2] Submitted process > writeLargeFile (1)
Jan-25 20:21:43.790 [Task submitter] INFO  nextflow.Session - [41/b409ab] Submitted process > writeLargeFile (25)
Jan-25 20:21:43.823 [Task submitter] INFO  nextflow.Session - [85/f88905] Submitted process > writeLargeFile (6)
Jan-25 20:21:43.856 [Task submitter] INFO  nextflow.Session - [44/aa492c] Submitted process > writeLargeFile (10)
Jan-25 20:21:43.889 [Task submitter] INFO  nextflow.Session - [a9/687675] Submitted process > writeLargeFile (16)
Jan-25 20:21:43.922 [Task submitter] INFO  nextflow.Session - [c8/a99c32] Submitted process > writeLargeFile (9)
Jan-25 20:21:43.959 [Task submitter] INFO  nextflow.Session - [31/8aca33] Submitted process > writeLargeFile (30)
Jan-25 20:21:43.996 [Task submitter] INFO  nextflow.Session - [b2/312aa8] Submitted process > writeLargeFile (2)
Jan-25 20:21:44.029 [Task submitter] INFO  nextflow.Session - [ef/2c11b2] Submitted process > writeLargeFile (18)
Jan-25 20:21:44.060 [Task submitter] INFO  nextflow.Session - [b4/fa0f47] Submitted process > writeLargeFile (5)
Jan-25 20:21:44.090 [Task submitter] INFO  nextflow.Session - [85/949e4f] Submitted process > writeLargeFile (24)
Jan-25 20:21:44.120 [Task submitter] INFO  nextflow.Session - [74/04bddd] Submitted process > writeLargeFile (28)
Jan-25 20:21:44.151 [Task submitter] INFO  nextflow.Session - [78/6ef1f7] Submitted process > writeLargeFile (15)
Jan-25 20:21:44.185 [Task submitter] INFO  nextflow.Session - [48/53fd88] Submitted process > writeLargeFile (22)
Jan-25 20:21:44.216 [Task submitter] INFO  nextflow.Session - [9a/44b453] Submitted process > writeLargeFile (26)
Jan-25 20:21:44.246 [Task submitter] INFO  nextflow.Session - [f5/ecbe76] Submitted process > writeLargeFile (17)
Jan-25 20:21:44.279 [Task submitter] INFO  nextflow.Session - [ca/b266d4] Submitted process > writeLargeFile (7)
Jan-25 20:21:44.309 [Task submitter] INFO  nextflow.Session - [44/ce5f32] Submitted process > writeLargeFile (32)
Jan-25 20:21:44.343 [Task submitter] INFO  nextflow.Session - [6a/37ab26] Submitted process > writeLargeFile (8)
Jan-25 20:21:44.376 [Task submitter] INFO  nextflow.Session - [34/e1f47e] Submitted process > writeLargeFile (12)
Jan-25 20:21:44.404 [Task submitter] INFO  nextflow.Session - [45/032483] Submitted process > writeLargeFile (31)
Jan-25 20:21:44.436 [Task submitter] INFO  nextflow.Session - [d6/a0cc31] Submitted process > writeLargeFile (4)
Jan-25 20:21:44.469 [Task submitter] INFO  nextflow.Session - [e7/3a16e4] Submitted process > writeLargeFile (29)
Jan-25 20:21:44.497 [Task submitter] INFO  nextflow.Session - [ac/56a5a0] Submitted process > writeLargeFile (33)
Jan-25 20:21:44.529 [Task submitter] INFO  nextflow.Session - [10/edd519] Submitted process > writeLargeFile (34)
Jan-25 20:21:44.553 [Task submitter] INFO  nextflow.Session - [b9/5c6e62] Submitted process > writeLargeFile (35)
Jan-25 20:21:44.583 [Task submitter] INFO  nextflow.Session - [f8/324da2] Submitted process > writeLargeFile (36)
Jan-25 20:21:44.612 [Task submitter] INFO  nextflow.Session - [18/9fe579] Submitted process > writeLargeFile (37)
Jan-25 20:21:44.639 [Task submitter] INFO  nextflow.Session - [79/7e444e] Submitted process > writeLargeFile (38)
Jan-25 20:21:44.668 [Task submitter] INFO  nextflow.Session - [c9/c00143] Submitted process > writeLargeFile (39)
Jan-25 20:21:44.699 [Task submitter] INFO  nextflow.Session - [d2/236c23] Submitted process > writeLargeFile (65)
Jan-25 20:21:44.731 [Task submitter] INFO  nextflow.Session - [e0/9aae39] Submitted process > writeLargeFile (40)
Jan-25 20:21:44.761 [Task submitter] INFO  nextflow.Session - [6b/17e46b] Submitted process > writeLargeFile (42)
Jan-25 20:21:44.790 [Task submitter] INFO  nextflow.Session - [82/75eff6] Submitted process > writeLargeFile (41)
Jan-25 20:21:44.821 [Task submitter] INFO  nextflow.Session - [a3/0be1e7] Submitted process > writeLargeFile (43)
Jan-25 20:21:44.848 [Task submitter] INFO  nextflow.Session - [c0/252143] Submitted process > writeLargeFile (44)
Jan-25 20:21:44.875 [Task submitter] INFO  nextflow.Session - [f6/c23f05] Submitted process > writeLargeFile (45)
Jan-25 20:21:44.907 [Task submitter] INFO  nextflow.Session - [87/7f353c] Submitted process > writeLargeFile (46)
Jan-25 20:21:44.936 [Task submitter] INFO  nextflow.Session - [7f/d25cb2] Submitted process > writeLargeFile (47)
Jan-25 20:21:44.963 [Task submitter] INFO  nextflow.Session - [1a/b67fea] Submitted process > writeLargeFile (48)
Jan-25 20:21:44.992 [Task submitter] INFO  nextflow.Session - [9b/7e55ed] Submitted process > writeLargeFile (49)
Jan-25 20:21:45.018 [Task submitter] INFO  nextflow.Session - [cb/4b5cde] Submitted process > writeLargeFile (50)
Jan-25 20:21:45.044 [Task submitter] INFO  nextflow.Session - [75/5803c0] Submitted process > writeLargeFile (52)
Jan-25 20:21:45.073 [Task submitter] INFO  nextflow.Session - [a1/e2c974] Submitted process > writeLargeFile (51)
Jan-25 20:21:45.100 [Task submitter] INFO  nextflow.Session - [d3/0cdc1c] Submitted process > writeLargeFile (53)
Jan-25 20:21:45.132 [Task submitter] INFO  nextflow.Session - [ab/f904e1] Submitted process > writeLargeFile (55)
Jan-25 20:21:45.161 [Task submitter] INFO  nextflow.Session - [f8/198cd9] Submitted process > writeLargeFile (54)
Jan-25 20:21:45.189 [Task submitter] INFO  nextflow.Session - [d8/2f7d68] Submitted process > writeLargeFile (58)
Jan-25 20:21:45.218 [Task submitter] INFO  nextflow.Session - [03/8b4c8a] Submitted process > writeLargeFile (56)
Jan-25 20:21:45.247 [Task submitter] INFO  nextflow.Session - [fa/86c3f3] Submitted process > writeLargeFile (59)
Jan-25 20:21:45.275 [Task submitter] INFO  nextflow.Session - [5d/76183a] Submitted process > writeLargeFile (57)
Jan-25 20:21:45.304 [Task submitter] INFO  nextflow.Session - [a1/e7d01a] Submitted process > writeLargeFile (60)
Jan-25 20:21:45.331 [Task submitter] INFO  nextflow.Session - [84/c0e0f9] Submitted process > writeLargeFile (61)
Jan-25 20:21:45.362 [Task submitter] INFO  nextflow.Session - [f3/d6509f] Submitted process > writeLargeFile (62)
Jan-25 20:21:45.393 [Task submitter] INFO  nextflow.Session - [7b/a6709f] Submitted process > writeLargeFile (64)
Jan-25 20:21:45.423 [Task submitter] INFO  nextflow.Session - [83/eb3715] Submitted process > writeLargeFile (63)
Jan-25 20:21:45.454 [Task submitter] INFO  nextflow.Session - [2e/291c42] Submitted process > writeLargeFile (66)
Jan-25 20:21:45.485 [Task submitter] INFO  nextflow.Session - [24/c7f462] Submitted process > writeLargeFile (68)
Jan-25 20:21:45.513 [Task submitter] INFO  nextflow.Session - [3a/1939e7] Submitted process > writeLargeFile (67)
Jan-25 20:21:45.544 [Task submitter] INFO  nextflow.Session - [31/e54689] Submitted process > writeLargeFile (69)
Jan-25 20:21:45.573 [Task submitter] INFO  nextflow.Session - [8d/a409ee] Submitted process > writeLargeFile (70)
Jan-25 20:21:45.603 [Task submitter] INFO  nextflow.Session - [de/c01452] Submitted process > writeLargeFile (73)
Jan-25 20:21:45.637 [Task submitter] INFO  nextflow.Session - [9e/6d508b] Submitted process > writeLargeFile (71)
Jan-25 20:21:45.670 [Task submitter] INFO  nextflow.Session - [87/16dfb4] Submitted process > writeLargeFile (72)
Jan-25 20:21:45.697 [Task submitter] INFO  nextflow.Session - [bf/7942be] Submitted process > writeLargeFile (74)
Jan-25 20:21:45.727 [Task submitter] INFO  nextflow.Session - [22/8f37db] Submitted process > writeLargeFile (75)
Jan-25 20:21:45.755 [Task submitter] INFO  nextflow.Session - [80/7f625e] Submitted process > writeLargeFile (77)
Jan-25 20:21:45.788 [Task submitter] INFO  nextflow.Session - [c6/2c8e77] Submitted process > writeLargeFile (76)
Jan-25 20:21:45.820 [Task submitter] INFO  nextflow.Session - [ef/7eb06d] Submitted process > writeLargeFile (79)
Jan-25 20:21:45.853 [Task submitter] INFO  nextflow.Session - [47/ea7421] Submitted process > writeLargeFile (78)
Jan-25 20:21:45.883 [Task submitter] INFO  nextflow.Session - [fc/1029be] Submitted process > writeLargeFile (80)
Jan-25 20:21:45.909 [Task submitter] INFO  nextflow.Session - [0d/cea74d] Submitted process > writeLargeFile (81)
Jan-25 20:21:45.944 [Task submitter] INFO  nextflow.Session - [09/80c469] Submitted process > writeLargeFile (82)
Jan-25 20:21:45.980 [Task submitter] INFO  nextflow.Session - [66/1e8fd8] Submitted process > writeLargeFile (83)
Jan-25 20:21:46.007 [Task submitter] INFO  nextflow.Session - [b8/d3f532] Submitted process > writeLargeFile (84)
Jan-25 20:21:46.037 [Task submitter] INFO  nextflow.Session - [d1/03bd30] Submitted process > writeLargeFile (86)
Jan-25 20:21:46.064 [Task submitter] INFO  nextflow.Session - [58/0c1073] Submitted process > writeLargeFile (87)
Jan-25 20:21:46.140 [Task submitter] INFO  nextflow.Session - [4a/bc8126] Submitted process > writeLargeFile (88)
Jan-25 20:21:46.250 [Task submitter] INFO  nextflow.Session - [1d/08c149] Submitted process > writeLargeFile (85)
Jan-25 20:21:46.495 [Task submitter] INFO  nextflow.Session - [8f/c36de3] Submitted process > writeLargeFile (89)
Jan-25 20:21:46.674 [Task submitter] INFO  nextflow.Session - [d9/ebca03] Submitted process > writeLargeFile (90)
Jan-25 20:21:46.740 [Task submitter] INFO  nextflow.Session - [d8/60c8a3] Submitted process > writeLargeFile (91)
Jan-25 20:21:46.794 [Task submitter] INFO  nextflow.Session - [f3/5b3d0c] Submitted process > writeLargeFile (93)
Jan-25 20:21:46.848 [Task submitter] INFO  nextflow.Session - [d5/fa4c86] Submitted process > writeLargeFile (92)
Jan-25 20:21:46.899 [Task submitter] INFO  nextflow.Session - [1c/4787d0] Submitted process > writeLargeFile (94)
Jan-25 20:21:46.952 [Task submitter] INFO  nextflow.Session - [22/42f9e7] Submitted process > writeLargeFile (95)
Jan-25 20:21:47.004 [Task submitter] INFO  nextflow.Session - [39/c15a0b] Submitted process > writeLargeFile (96)
Jan-25 20:21:47.062 [Task submitter] INFO  nextflow.Session - [93/a6e002] Submitted process > writeLargeFile (97)
Jan-25 20:21:47.117 [Task submitter] INFO  nextflow.Session - [2b/cfb859] Submitted process > writeLargeFile (98)
Jan-25 20:21:47.169 [Task submitter] INFO  nextflow.Session - [d8/c95331] Submitted process > writeLargeFile (99)
Jan-25 20:21:47.226 [Task submitter] INFO  nextflow.Session - [79/33c06d] Submitted process > writeLargeFile (100)
Jan-25 20:22:14.591 [Task monitor] DEBUG n.processor.TaskPollingMonitor - Task completed > TaskHandler[id: 14; name: writeLargeFile (14); status: COMPLETED; exit: 0; error: -; workDir: /input/data/work/a3/c5a7f10ed5cac7acbb1da5a72df465]
Jan-25 20:22:14.652 [Task monitor] DEBUG n.processor.TaskPollingMonitor - Task completed > TaskHandler[id: 23; name: writeLargeFile (23); status: COMPLETED; exit: 0; error: -; workDir: /input/data/work/ae/6aaa804a37e3493f9b24ca57a7bf4f]
Jan-25 20:22:14.698 [Task monitor] DEBUG n.processor.TaskPollingMonitor - Task completed > TaskHandler[id: 27; name: writeLargeFile (27); status: COMPLETED; exit: 0; error: -; workDir: /input/data/work/1c/c2d06c167a9c7b027a761e206c2edf]
Jan-25 20:22:46.851 [Task monitor] DEBUG n.processor.TaskPollingMonitor - Task completed > TaskHandler[id: 3; name: writeLargeFile (3); status: COMPLETED; exit: 0; error: -; workDir: /input/data/work/3a/ba7db572c5138bc6b35b8d31e07859]
Jan-25 20:22:46.891 [Task monitor] DEBUG n.processor.TaskPollingMonitor - Task completed > TaskHandler[id: 11; name: writeLargeFile (11); status: COMPLETED; exit: 0; error: -; workDir: /input/data/work/31/42e06ebfd244e0e3f3fc9458a1a9dd]
Jan-25 20:22:46.925 [Task monitor] DEBUG n.processor.TaskPollingMonitor - Task completed > TaskHandler[id: 20; name: writeLargeFile (20); status: COMPLETED; exit: 0; error: -; workDir: /input/data/work/4f/576834a028220ace738bc79c173b16]
Jan-25 20:23:14.460 [Task monitor] DEBUG n.processor.TaskPollingMonitor - Task completed > TaskHandler[id: 13; name: writeLargeFile (13); status: COMPLETED; exit: 0; error: -; workDir: /input/data/work/26/4549aef16031ba854992db79841b4d]
Jan-25 20:23:14.502 [Task monitor] DEBUG n.processor.TaskPollingMonitor - Task completed > TaskHandler[id: 19; name: writeLargeFile (19); status: COMPLETED; exit: 0; error: -; workDir: /input/data/work/3c/773ec5baae9dfa287b1e09a453e146]
Jan-25 20:23:14.539 [Task monitor] DEBUG n.processor.TaskPollingMonitor - Task completed > TaskHandler[id: 21; name: writeLargeFile (21); status: COMPLETED; exit: 0; error: -; workDir: /input/data/work/24/a291a5adb417612995c461af457beb]
Jan-25 20:23:50.271 [Task monitor] DEBUG n.processor.TaskPollingMonitor - Task completed > TaskHandler[id: 1; name: writeLargeFile (1); status: COMPLETED; exit: 0; error: -; workDir: /input/data/work/6e/90caa27ebe036541fe0190ddbe9384]
Jan-25 20:23:50.308 [Task monitor] DEBUG n.processor.TaskPollingMonitor - Task completed > TaskHandler[id: 25; name: writeLargeFile (25); status: COMPLETED; exit: 0; error: -; workDir: /input/data/work/41/b409ab9665b98cf208d2f268ddfb18]
Jan-25 20:23:50.345 [Task monitor] DEBUG n.processor.TaskPollingMonitor - Task completed > TaskHandler[id: 6; name: writeLargeFile (6); status: COMPLETED; exit: 0; error: -; workDir: /input/data/work/85/f889052d181c0db05bbf89b0e4e928]
Jan-25 20:24:20.867 [Task monitor] DEBUG n.processor.TaskPollingMonitor - Task completed > TaskHandler[id: 10; name: writeLargeFile (10); status: COMPLETED; exit: 0; error: -; workDir: /input/data/work/44/aa492c8230f950d1504e23bff8fed6]
Jan-25 20:24:20.906 [Task monitor] DEBUG n.processor.TaskPollingMonitor - Task completed > TaskHandler[id: 16; name: writeLargeFile (16); status: COMPLETED; exit: 0; error: -; workDir: /input/data/work/a9/687675b82711bd88b8877a03231b24]
Jan-25 20:24:20.942 [Task monitor] DEBUG n.processor.TaskPollingMonitor - Task completed > TaskHandler[id: 9; name: writeLargeFile (9); status: COMPLETED; exit: 0; error: -; workDir: /input/data/work/c8/a99c32e03db2ea8f6f8dc074f0ffa7]
Jan-25 20:24:51.407 [Task monitor] DEBUG n.processor.TaskPollingMonitor - Task completed > TaskHandler[id: 30; name: writeLargeFile (30); status: COMPLETED; exit: 0; error: -; workDir: /input/data/work/31/8aca334dae5e051b93b5a4d357f600]
Jan-25 20:24:51.452 [Task monitor] DEBUG n.processor.TaskPollingMonitor - Task completed > TaskHandler[id: 2; name: writeLargeFile (2); status: COMPLETED; exit: 0; error: -; workDir: /input/data/work/b2/312aa8511bb38b5f6d494c2b7aa39c]
Jan-25 20:24:51.499 [Task monitor] DEBUG n.processor.TaskPollingMonitor - Task completed > TaskHandler[id: 18; name: writeLargeFile (18); status: COMPLETED; exit: 0; error: -; workDir: /input/data/work/ef/2c11b23354805dc6ec36c69d914293]
Jan-25 20:25:21.420 [Task monitor] DEBUG n.processor.TaskPollingMonitor - Task completed > TaskHandler[id: 5; name: writeLargeFile (5); status: COMPLETED; exit: 0; error: -; workDir: /input/data/work/b4/fa0f4794f77abace191aba62f2fb28]
Jan-25 20:25:21.477 [Task monitor] DEBUG n.processor.TaskPollingMonitor - Task completed > TaskHandler[id: 24; name: writeLargeFile (24); status: COMPLETED; exit: 0; error: -; workDir: /input/data/work/85/949e4f98d752534e5154c792539a69]
Jan-25 20:25:21.515 [Task monitor] DEBUG n.processor.TaskPollingMonitor - Task completed > TaskHandler[id: 28; name: writeLargeFile (28); status: COMPLETED; exit: 0; error: -; workDir: /input/data/work/74/04bddd92ca76f7270488f04e3f4015]
Jan-25 20:25:51.517 [Task monitor] DEBUG n.processor.TaskPollingMonitor - Task completed > TaskHandler[id: 15; name: writeLargeFile (15); status: COMPLETED; exit: 0; error: -; workDir: /input/data/work/78/6ef1f792842bdeda236953c46284d9]
Jan-25 20:25:51.562 [Task monitor] DEBUG n.processor.TaskPollingMonitor - Task completed > TaskHandler[id: 22; name: writeLargeFile (22); status: COMPLETED; exit: 0; error: -; workDir: /input/data/work/48/53fd88d4a7ce0d060d1e21f4b28b37]
Jan-25 20:25:51.607 [Task monitor] DEBUG n.processor.TaskPollingMonitor - Task completed > TaskHandler[id: 26; name: writeLargeFile (26); status: COMPLETED; exit: 0; error: -; workDir: /input/data/work/9a/44b453c2bb52b9d717d5949856c102]
Jan-25 20:26:21.853 [Task monitor] DEBUG n.processor.TaskPollingMonitor - Task completed > TaskHandler[id: 17; name: writeLargeFile (17); status: COMPLETED; exit: 0; error: -; workDir: /input/data/work/f5/ecbe76629d6b3fb1dac117dfdd90c7]
Jan-25 20:26:21.928 [Task monitor] DEBUG n.processor.TaskPollingMonitor - Task completed > TaskHandler[id: 7; name: writeLargeFile (7); status: COMPLETED; exit: 0; error: -; workDir: /input/data/work/ca/b266d420c768445b5c33f4f2298f2a]
Jan-25 20:26:22.011 [Task monitor] DEBUG n.processor.TaskPollingMonitor - Task completed > TaskHandler[id: 32; name: writeLargeFile (32); status: COMPLETED; exit: 0; error: -; workDir: /input/data/work/44/ce5f328bdc60df7bdfe7b491506dcb]
Jan-25 20:26:46.789 [Task monitor] DEBUG n.processor.TaskPollingMonitor - !! executor k8s > tasks to be completed: 73 -- submitted tasks are shown below
~> TaskHandler[id: 8; name: writeLargeFile (8); status: RUNNING; exit: -; error: -; workDir: /input/data/work/6a/37ab261c39dde5b3acd68258f689f0]
~> TaskHandler[id: 12; name: writeLargeFile (12); status: RUNNING; exit: -; error: -; workDir: /input/data/work/34/e1f47ea0e925514ca977f9bf0361b2]
~> TaskHandler[id: 31; name: writeLargeFile (31); status: RUNNING; exit: -; error: -; workDir: /input/data/work/45/032483c81da5245868c7e4fc51041b]
~> TaskHandler[id: 4; name: writeLargeFile (4); status: SUBMITTED; exit: -; error: -; workDir: /input/data/work/d6/a0cc3179d91621732d341f5d03da3e]
~> TaskHandler[id: 29; name: writeLargeFile (29); status: SUBMITTED; exit: -; error: -; workDir: /input/data/work/e7/3a16e48244e92e442a019c268ad171]
~> TaskHandler[id: 33; name: writeLargeFile (33); status: SUBMITTED; exit: -; error: -; workDir: /input/data/work/ac/56a5a066961ffc17ec852141c20475]
~> TaskHandler[id: 34; name: writeLargeFile (34); status: SUBMITTED; exit: -; error: -; workDir: /input/data/work/10/edd51961fbc28d189bcf0f136e0fb4]
~> TaskHandler[id: 35; name: writeLargeFile (35); status: SUBMITTED; exit: -; error: -; workDir: /input/data/work/b9/5c6e6279be3f2bd8372ed910c410ce]
~> TaskHandler[id: 36; name: writeLargeFile (36); status: SUBMITTED; exit: -; error: -; workDir: /input/data/work/f8/324da22397c3e9f9c7517260cbdaa9]
~> TaskHandler[id: 37; name: writeLargeFile (37); status: SUBMITTED; exit: -; error: -; workDir: /input/data/work/18/9fe579a31061f44a266ea1584df939]
.. remaining tasks omitted.
Jan-25 20:26:51.866 [Task monitor] DEBUG n.processor.TaskPollingMonitor - Task completed > TaskHandler[id: 8; name: writeLargeFile (8); status: COMPLETED; exit: 0; error: -; workDir: /input/data/work/6a/37ab261c39dde5b3acd68258f689f0]
Jan-25 20:26:51.942 [Task monitor] DEBUG n.processor.TaskPollingMonitor - Task completed > TaskHandler[id: 12; name: writeLargeFile (12); status: COMPLETED; exit: 0; error: -; workDir: /input/data/work/34/e1f47ea0e925514ca977f9bf0361b2]
Jan-25 20:26:52.020 [Task monitor] DEBUG n.processor.TaskPollingMonitor - Task completed > TaskHandler[id: 31; name: writeLargeFile (31); status: COMPLETED; exit: 0; error: -; workDir: /input/data/work/45/032483c81da5245868c7e4fc51041b]
Jan-25 20:27:21.933 [Task monitor] DEBUG n.processor.TaskPollingMonitor - Task completed > TaskHandler[id: 4; name: writeLargeFile (4); status: COMPLETED; exit: 0; error: -; workDir: /input/data/work/d6/a0cc3179d91621732d341f5d03da3e]
Jan-25 20:27:22.014 [Task monitor] DEBUG n.processor.TaskPollingMonitor - Task completed > TaskHandler[id: 29; name: writeLargeFile (29); status: COMPLETED; exit: 0; error: -; workDir: /input/data/work/e7/3a16e48244e92e442a019c268ad171]
Jan-25 20:27:22.090 [Task monitor] DEBUG n.processor.TaskPollingMonitor - Task completed > TaskHandler[id: 33; name: writeLargeFile (33); status: COMPLETED; exit: 0; error: -; workDir: /input/data/work/ac/56a5a066961ffc17ec852141c20475]
Jan-25 20:27:51.952 [Task monitor] DEBUG n.processor.TaskPollingMonitor - Task completed > TaskHandler[id: 34; name: writeLargeFile (34); status: COMPLETED; exit: 0; error: -; workDir: /input/data/work/10/edd51961fbc28d189bcf0f136e0fb4]
Jan-25 20:27:52.003 [Task monitor] DEBUG n.processor.TaskPollingMonitor - Task completed > TaskHandler[id: 35; name: writeLargeFile (35); status: COMPLETED; exit: 0; error: -; workDir: /input/data/work/b9/5c6e6279be3f2bd8372ed910c410ce]
Jan-25 20:27:52.052 [Task monitor] DEBUG n.processor.TaskPollingMonitor - Task completed > TaskHandler[id: 36; name: writeLargeFile (36); status: COMPLETED; exit: 0; error: -; workDir: /input/data/work/f8/324da22397c3e9f9c7517260cbdaa9]
Jan-25 20:28:21.903 [Task monitor] DEBUG n.processor.TaskPollingMonitor - Task completed > TaskHandler[id: 37; name: writeLargeFile (37); status: COMPLETED; exit: 0; error: -; workDir: /input/data/work/18/9fe579a31061f44a266ea1584df939]
Jan-25 20:28:21.946 [Task monitor] DEBUG n.processor.TaskPollingMonitor - Task completed > TaskHandler[id: 38; name: writeLargeFile (38); status: COMPLETED; exit: 0; error: -; workDir: /input/data/work/79/7e444e63a20b127e7c98bc8c7bb96a]
Jan-25 20:28:22.029 [Task monitor] DEBUG n.processor.TaskPollingMonitor - Task completed > TaskHandler[id: 39; name: writeLargeFile (39); status: COMPLETED; exit: 0; error: -; workDir: /input/data/work/c9/c001439802eeddac7859d2349354e4]
Jan-25 20:28:52.117 [Task monitor] DEBUG n.processor.TaskPollingMonitor - Task completed > TaskHandler[id: 65; name: writeLargeFile (65); status: COMPLETED; exit: 0; error: -; workDir: /input/data/work/d2/236c23a5577e2ca43eddfb1be5482f]
Jan-25 20:28:52.188 [Task monitor] DEBUG n.processor.TaskPollingMonitor - Task completed > TaskHandler[id: 40; name: writeLargeFile (40); status: COMPLETED; exit: 0; error: -; workDir: /input/data/work/e0/9aae39545ab42b1fde7eb46d58d541]
Jan-25 20:28:52.263 [Task monitor] DEBUG n.processor.TaskPollingMonitor - Task completed > TaskHandler[id: 42; name: writeLargeFile (42); status: COMPLETED; exit: 0; error: -; workDir: /input/data/work/6b/17e46bcc446af4ffe5bb4359ce9a88]
Jan-25 20:29:21.908 [Task monitor] DEBUG n.processor.TaskPollingMonitor - Task completed > TaskHandler[id: 41; name: writeLargeFile (41); status: COMPLETED; exit: 0; error: -; workDir: /input/data/work/82/75eff6fc552530d3403c9240b363eb]
Jan-25 20:29:21.943 [Task monitor] DEBUG n.processor.TaskPollingMonitor - Task completed > TaskHandler[id: 43; name: writeLargeFile (43); status: COMPLETED; exit: 0; error: -; workDir: /input/data/work/a3/0be1e738f2e738c80a3635d7d6eb26]
Jan-25 20:29:21.978 [Task monitor] DEBUG n.processor.TaskPollingMonitor - Task completed > TaskHandler[id: 44; name: writeLargeFile (44); status: COMPLETED; exit: 0; error: -; workDir: /input/data/work/c0/252143721a40c89267c2ad2fdb7b3f]
Jan-25 20:29:56.915 [Task monitor] DEBUG n.processor.TaskPollingMonitor - Task completed > TaskHandler[id: 45; name: writeLargeFile (45); status: COMPLETED; exit: 0; error: -; workDir: /input/data/work/f6/c23f0562de257adb700f417bedc526]
Jan-25 20:29:56.953 [Task monitor] DEBUG n.processor.TaskPollingMonitor - Task completed > TaskHandler[id: 46; name: writeLargeFile (46); status: COMPLETED; exit: 0; error: -; workDir: /input/data/work/87/7f353ccc654f57db8d72ea870c4c0f]
Jan-25 20:29:57.000 [Task monitor] DEBUG n.processor.TaskPollingMonitor - Task completed > TaskHandler[id: 47; name: writeLargeFile (47); status: COMPLETED; exit: 0; error: -; workDir: /input/data/work/7f/d25cb275afe082ff10bebb16e6eff5]
Jan-25 20:30:26.950 [Task monitor] DEBUG n.processor.TaskPollingMonitor - Task completed > TaskHandler[id: 48; name: writeLargeFile (48); status: COMPLETED; exit: 0; error: -; workDir: /input/data/work/1a/b67fea1ecbbd51007ab293bf5082e7]
Jan-25 20:30:27.035 [Task monitor] DEBUG n.processor.TaskPollingMonitor - Task completed > TaskHandler[id: 49; name: writeLargeFile (49); status: COMPLETED; exit: 0; error: -; workDir: /input/data/work/9b/7e55ed7fa0c343ac75aa24ca83dfb0]
Jan-25 20:30:27.112 [Task monitor] DEBUG n.processor.TaskPollingMonitor - Task completed > TaskHandler[id: 50; name: writeLargeFile (50); status: COMPLETED; exit: 0; error: -; workDir: /input/data/work/cb/4b5cdec8dd3adb0fb5cfb3d6af8fb0]
Jan-25 20:30:56.960 [Task monitor] DEBUG n.processor.TaskPollingMonitor - Task completed > TaskHandler[id: 52; name: writeLargeFile (52); status: COMPLETED; exit: 0; error: -; workDir: /input/data/work/75/5803c0ec8f59f0fe851d0219b2b369]
Jan-25 20:30:57.040 [Task monitor] DEBUG n.processor.TaskPollingMonitor - Task completed > TaskHandler[id: 51; name: writeLargeFile (51); status: COMPLETED; exit: 0; error: -; workDir: /input/data/work/a1/e2c974425f74c8384d926d376bc55a]
Jan-25 20:30:57.121 [Task monitor] DEBUG n.processor.TaskPollingMonitor - Task completed > TaskHandler[id: 53; name: writeLargeFile (53); status: COMPLETED; exit: 0; error: -; workDir: /input/data/work/d3/0cdc1c62788d241d005de2ac9eab85]
Jan-25 20:31:31.956 [Task monitor] DEBUG n.processor.TaskPollingMonitor - Task completed > TaskHandler[id: 55; name: writeLargeFile (55); status: COMPLETED; exit: 0; error: -; workDir: /input/data/work/ab/f904e15b6236e38e0673af3441d2ed]
Jan-25 20:31:32.026 [Task monitor] DEBUG n.processor.TaskPollingMonitor - Task completed > TaskHandler[id: 54; name: writeLargeFile (54); status: COMPLETED; exit: 0; error: -; workDir: /input/data/work/f8/198cd9f05e548df7e29f87cd806bca]
Jan-25 20:31:32.098 [Task monitor] DEBUG n.processor.TaskPollingMonitor - Task completed > TaskHandler[id: 58; name: writeLargeFile (58); status: COMPLETED; exit: 0; error: -; workDir: /input/data/work/d8/2f7d6803139b910cbe4546b673f0d8]
Jan-25 20:31:46.882 [Task monitor] DEBUG n.processor.TaskPollingMonitor - !! executor k8s > tasks to be completed: 43 -- submitted tasks are shown below
~> TaskHandler[id: 56; name: writeLargeFile (56); status: RUNNING; exit: -; error: -; workDir: /input/data/work/03/8b4c8ab592ad3d0638240a142c0575]
~> TaskHandler[id: 59; name: writeLargeFile (59); status: RUNNING; exit: -; error: -; workDir: /input/data/work/fa/86c3f3ce6b20aa0ddefb6cc21d53b8]
~> TaskHandler[id: 57; name: writeLargeFile (57); status: RUNNING; exit: -; error: -; workDir: /input/data/work/5d/76183adf3045a7f35f7e146fa9efaf]
~> TaskHandler[id: 60; name: writeLargeFile (60); status: SUBMITTED; exit: -; error: -; workDir: /input/data/work/a1/e7d01a23535236c30667d7a0dce83e]
~> TaskHandler[id: 61; name: writeLargeFile (61); status: SUBMITTED; exit: -; error: -; workDir: /input/data/work/84/c0e0f914c6584e008554694aa379a0]
~> TaskHandler[id: 62; name: writeLargeFile (62); status: SUBMITTED; exit: -; error: -; workDir: /input/data/work/f3/d6509fdceef2a1e74057f842a61348]
~> TaskHandler[id: 64; name: writeLargeFile (64); status: SUBMITTED; exit: -; error: -; workDir: /input/data/work/7b/a6709fec768cbe0083cf5674bf13a7]
~> TaskHandler[id: 63; name: writeLargeFile (63); status: SUBMITTED; exit: -; error: -; workDir: /input/data/work/83/eb3715359dd4a45729722a508ca39e]
~> TaskHandler[id: 66; name: writeLargeFile (66); status: SUBMITTED; exit: -; error: -; workDir: /input/data/work/2e/291c42aecdc207bae7b577ac9f2ec8]
~> TaskHandler[id: 68; name: writeLargeFile (68); status: SUBMITTED; exit: -; error: -; workDir: /input/data/work/24/c7f4623e20c524ba5af1b8827e6e1a]
.. remaining tasks omitted.
Jan-25 20:32:01.959 [Task monitor] DEBUG n.processor.TaskPollingMonitor - Task completed > TaskHandler[id: 56; name: writeLargeFile (56); status: COMPLETED; exit: 0; error: -; workDir: /input/data/work/03/8b4c8ab592ad3d0638240a142c0575]
Jan-25 20:32:02.033 [Task monitor] DEBUG n.processor.TaskPollingMonitor - Task completed > TaskHandler[id: 59; name: writeLargeFile (59); status: COMPLETED; exit: 0; error: -; workDir: /input/data/work/fa/86c3f3ce6b20aa0ddefb6cc21d53b8]
Jan-25 20:32:02.118 [Task monitor] DEBUG n.processor.TaskPollingMonitor - Task completed > TaskHandler[id: 57; name: writeLargeFile (57); status: COMPLETED; exit: 0; error: -; workDir: /input/data/work/5d/76183adf3045a7f35f7e146fa9efaf]
Jan-25 20:32:31.969 [Task monitor] DEBUG n.processor.TaskPollingMonitor - Task completed > TaskHandler[id: 60; name: writeLargeFile (60); status: COMPLETED; exit: 0; error: -; workDir: /input/data/work/a1/e7d01a23535236c30667d7a0dce83e]
Jan-25 20:32:32.048 [Task monitor] DEBUG n.processor.TaskPollingMonitor - Task completed > TaskHandler[id: 61; name: writeLargeFile (61); status: COMPLETED; exit: 0; error: -; workDir: /input/data/work/84/c0e0f914c6584e008554694aa379a0]
Jan-25 20:32:32.126 [Task monitor] DEBUG n.processor.TaskPollingMonitor - Task completed > TaskHandler[id: 62; name: writeLargeFile (62); status: COMPLETED; exit: 0; error: -; workDir: /input/data/work/f3/d6509fdceef2a1e74057f842a61348]
Jan-25 20:33:01.981 [Task monitor] DEBUG n.processor.TaskPollingMonitor - Task completed > TaskHandler[id: 64; name: writeLargeFile (64); status: COMPLETED; exit: 0; error: -; workDir: /input/data/work/7b/a6709fec768cbe0083cf5674bf13a7]
Jan-25 20:33:02.057 [Task monitor] DEBUG n.processor.TaskPollingMonitor - Task completed > TaskHandler[id: 63; name: writeLargeFile (63); status: COMPLETED; exit: 0; error: -; workDir: /input/data/work/83/eb3715359dd4a45729722a508ca39e]
Jan-25 20:33:02.135 [Task monitor] DEBUG n.processor.TaskPollingMonitor - Task completed > TaskHandler[id: 66; name: writeLargeFile (66); status: COMPLETED; exit: 0; error: -; workDir: /input/data/work/2e/291c42aecdc207bae7b577ac9f2ec8]
Jan-25 20:33:31.973 [Task monitor] DEBUG n.processor.TaskPollingMonitor - Task completed > TaskHandler[id: 68; name: writeLargeFile (68); status: COMPLETED; exit: 0; error: -; workDir: /input/data/work/24/c7f4623e20c524ba5af1b8827e6e1a]
Jan-25 20:33:32.049 [Task monitor] DEBUG n.processor.TaskPollingMonitor - Task completed > TaskHandler[id: 67; name: writeLargeFile (67); status: COMPLETED; exit: 0; error: -; workDir: /input/data/work/3a/1939e752582774ca5b78f6b337b1db]
Jan-25 20:33:32.130 [Task monitor] DEBUG n.processor.TaskPollingMonitor - Task completed > TaskHandler[id: 69; name: writeLargeFile (69); status: COMPLETED; exit: 0; error: -; workDir: /input/data/work/31/e54689ff1ae07b58cf4327cd1b23f4]
Jan-25 20:34:01.931 [Task monitor] DEBUG n.processor.TaskPollingMonitor - Task completed > TaskHandler[id: 70; name: writeLargeFile (70); status: COMPLETED; exit: 0; error: -; workDir: /input/data/work/8d/a409eeebd00e1c403a88215391c820]
Jan-25 20:34:02.056 [Task monitor] DEBUG n.processor.TaskPollingMonitor - Task completed > TaskHandler[id: 73; name: writeLargeFile (73); status: COMPLETED; exit: 0; error: -; workDir: /input/data/work/de/c01452f973eb2d8f3f3abb1cc86ebd]
Jan-25 20:34:02.191 [Task monitor] DEBUG n.processor.TaskPollingMonitor - Task completed > TaskHandler[id: 71; name: writeLargeFile (71); status: COMPLETED; exit: 0; error: -; workDir: /input/data/work/9e/6d508b05239faa9b5977329723d754]
Jan-25 20:34:31.971 [Task monitor] DEBUG n.processor.TaskPollingMonitor - Task completed > TaskHandler[id: 72; name: writeLargeFile (72); status: COMPLETED; exit: 0; error: -; workDir: /input/data/work/87/16dfb4c064ec5e057e93eb346dcd73]
Jan-25 20:34:32.048 [Task monitor] DEBUG n.processor.TaskPollingMonitor - Task completed > TaskHandler[id: 74; name: writeLargeFile (74); status: COMPLETED; exit: 0; error: -; workDir: /input/data/work/bf/7942be43ce972741bf7840b7db7e51]
Jan-25 20:34:32.125 [Task monitor] DEBUG n.processor.TaskPollingMonitor - Task completed > TaskHandler[id: 75; name: writeLargeFile (75); status: COMPLETED; exit: 0; error: -; workDir: /input/data/work/22/8f37db147b703eeb27eb5acd640513]
Jan-25 20:35:01.930 [Task monitor] DEBUG n.processor.TaskPollingMonitor - Task completed > TaskHandler[id: 77; name: writeLargeFile (77); status: COMPLETED; exit: 0; error: -; workDir: /input/data/work/80/7f625ea7406cc733ac3b4e82badc03]
Jan-25 20:35:01.969 [Task monitor] DEBUG n.processor.TaskPollingMonitor - Task completed > TaskHandler[id: 76; name: writeLargeFile (76); status: COMPLETED; exit: 0; error: -; workDir: /input/data/work/c6/2c8e7790c7ecb6c2e86f272d8ab0de]
Jan-25 20:35:02.005 [Task monitor] DEBUG n.processor.TaskPollingMonitor - Task completed > TaskHandler[id: 79; name: writeLargeFile (79); status: COMPLETED; exit: 0; error: -; workDir: /input/data/work/ef/7eb06df6894c1565770875fe999e7a]
Jan-25 20:35:31.936 [Task monitor] DEBUG n.processor.TaskPollingMonitor - Task completed > TaskHandler[id: 78; name: writeLargeFile (78); status: COMPLETED; exit: 0; error: -; workDir: /input/data/work/47/ea74211a0a6d5253e247ce5f3e8c55]
Jan-25 20:35:31.978 [Task monitor] DEBUG n.processor.TaskPollingMonitor - Task completed > TaskHandler[id: 80; name: writeLargeFile (80); status: COMPLETED; exit: 0; error: -; workDir: /input/data/work/fc/1029be480dc08df611ae7112d298fe]
Jan-25 20:35:32.031 [Task monitor] DEBUG n.processor.TaskPollingMonitor - Task completed > TaskHandler[id: 81; name: writeLargeFile (81); status: COMPLETED; exit: 0; error: -; workDir: /input/data/work/0d/cea74da79db51701b28a9673360705]
Jan-25 20:36:01.976 [Task monitor] DEBUG n.processor.TaskPollingMonitor - Task completed > TaskHandler[id: 82; name: writeLargeFile (82); status: COMPLETED; exit: 0; error: -; workDir: /input/data/work/09/80c469ef08ded62618929cd82d795e]
Jan-25 20:36:02.058 [Task monitor] DEBUG n.processor.TaskPollingMonitor - Task completed > TaskHandler[id: 83; name: writeLargeFile (83); status: COMPLETED; exit: 0; error: -; workDir: /input/data/work/66/1e8fd8c1dd327b77821cbacc2e41f4]
Jan-25 20:36:02.138 [Task monitor] DEBUG n.processor.TaskPollingMonitor - Task completed > TaskHandler[id: 84; name: writeLargeFile (84); status: COMPLETED; exit: 0; error: -; workDir: /input/data/work/b8/d3f532036c3189f2d84b60ce9a8191]
Jan-25 20:36:31.980 [Task monitor] DEBUG n.processor.TaskPollingMonitor - Task completed > TaskHandler[id: 86; name: writeLargeFile (86); status: COMPLETED; exit: 0; error: -; workDir: /input/data/work/d1/03bd30036055cd1f61b353dc737262]
Jan-25 20:36:32.058 [Task monitor] DEBUG n.processor.TaskPollingMonitor - Task completed > TaskHandler[id: 87; name: writeLargeFile (87); status: COMPLETED; exit: 0; error: -; workDir: /input/data/work/58/0c1073697d400ea4ba2396f65b05ec]
Jan-25 20:36:32.139 [Task monitor] DEBUG n.processor.TaskPollingMonitor - Task completed > TaskHandler[id: 88; name: writeLargeFile (88); status: COMPLETED; exit: 0; error: -; workDir: /input/data/work/4a/bc8126b7887504ed2317eef92c54ff]
Jan-25 20:36:46.898 [Task monitor] DEBUG n.processor.TaskPollingMonitor - !! executor k8s > tasks to be completed: 13 -- submitted tasks are shown below
~> TaskHandler[id: 85; name: writeLargeFile (85); status: RUNNING; exit: -; error: -; workDir: /input/data/work/1d/08c1494ad31bc43aba99f7ec003e97]
~> TaskHandler[id: 89; name: writeLargeFile (89); status: RUNNING; exit: -; error: -; workDir: /input/data/work/8f/c36de3e8ddd0865a623b2763c595ff]
~> TaskHandler[id: 90; name: writeLargeFile (90); status: RUNNING; exit: -; error: -; workDir: /input/data/work/d9/ebca03cc292978c3969ba2d3bddf56]
~> TaskHandler[id: 91; name: writeLargeFile (91); status: SUBMITTED; exit: -; error: -; workDir: /input/data/work/d8/60c8a35017795221290f327c8bd85f]
~> TaskHandler[id: 93; name: writeLargeFile (93); status: SUBMITTED; exit: -; error: -; workDir: /input/data/work/f3/5b3d0c9560ccdfcba4ad71c89381e2]
~> TaskHandler[id: 92; name: writeLargeFile (92); status: SUBMITTED; exit: -; error: -; workDir: /input/data/work/d5/fa4c8624f5e333feaa62509aa24a8f]
~> TaskHandler[id: 94; name: writeLargeFile (94); status: SUBMITTED; exit: -; error: -; workDir: /input/data/work/1c/4787d06041e4fbe8076d01edaccc28]
~> TaskHandler[id: 95; name: writeLargeFile (95); status: SUBMITTED; exit: -; error: -; workDir: /input/data/work/22/42f9e71c8689af0e43b7eba2a5e205]
~> TaskHandler[id: 96; name: writeLargeFile (96); status: SUBMITTED; exit: -; error: -; workDir: /input/data/work/39/c15a0b4bdf458e82b9a142ac8a2231]
~> TaskHandler[id: 97; name: writeLargeFile (97); status: SUBMITTED; exit: -; error: -; workDir: /input/data/work/93/a6e0025049f336e45d01adfaf6852c]
.. remaining tasks omitted.
Jan-25 20:37:01.977 [Task monitor] DEBUG n.processor.TaskPollingMonitor - Task completed > TaskHandler[id: 85; name: writeLargeFile (85); status: COMPLETED; exit: 0; error: -; workDir: /input/data/work/1d/08c1494ad31bc43aba99f7ec003e97]
Jan-25 20:37:02.064 [Task monitor] DEBUG n.processor.TaskPollingMonitor - Task completed > TaskHandler[id: 89; name: writeLargeFile (89); status: COMPLETED; exit: 0; error: -; workDir: /input/data/work/8f/c36de3e8ddd0865a623b2763c595ff]
Jan-25 20:37:02.138 [Task monitor] DEBUG n.processor.TaskPollingMonitor - Task completed > TaskHandler[id: 90; name: writeLargeFile (90); status: COMPLETED; exit: 0; error: -; workDir: /input/data/work/d9/ebca03cc292978c3969ba2d3bddf56]
Jan-25 20:37:31.983 [Task monitor] DEBUG n.processor.TaskPollingMonitor - Task completed > TaskHandler[id: 91; name: writeLargeFile (91); status: COMPLETED; exit: 0; error: -; workDir: /input/data/work/d8/60c8a35017795221290f327c8bd85f]
Jan-25 20:37:32.062 [Task monitor] DEBUG n.processor.TaskPollingMonitor - Task completed > TaskHandler[id: 93; name: writeLargeFile (93); status: COMPLETED; exit: 0; error: -; workDir: /input/data/work/f3/5b3d0c9560ccdfcba4ad71c89381e2]
Jan-25 20:37:32.151 [Task monitor] DEBUG n.processor.TaskPollingMonitor - Task completed > TaskHandler[id: 92; name: writeLargeFile (92); status: COMPLETED; exit: 0; error: -; workDir: /input/data/work/d5/fa4c8624f5e333feaa62509aa24a8f]
Jan-25 20:38:01.993 [Task monitor] DEBUG n.processor.TaskPollingMonitor - Task completed > TaskHandler[id: 94; name: writeLargeFile (94); status: COMPLETED; exit: 0; error: -; workDir: /input/data/work/1c/4787d06041e4fbe8076d01edaccc28]
Jan-25 20:38:02.073 [Task monitor] DEBUG n.processor.TaskPollingMonitor - Task completed > TaskHandler[id: 95; name: writeLargeFile (95); status: COMPLETED; exit: 0; error: -; workDir: /input/data/work/22/42f9e71c8689af0e43b7eba2a5e205]
Jan-25 20:38:02.151 [Task monitor] DEBUG n.processor.TaskPollingMonitor - Task completed > TaskHandler[id: 96; name: writeLargeFile (96); status: COMPLETED; exit: 0; error: -; workDir: /input/data/work/39/c15a0b4bdf458e82b9a142ac8a2231]
Jan-25 20:38:31.978 [Task monitor] DEBUG n.processor.TaskPollingMonitor - Task completed > TaskHandler[id: 97; name: writeLargeFile (97); status: COMPLETED; exit: 0; error: -; workDir: /input/data/work/93/a6e0025049f336e45d01adfaf6852c]
Jan-25 20:38:32.054 [Task monitor] DEBUG n.processor.TaskPollingMonitor - Task completed > TaskHandler[id: 98; name: writeLargeFile (98); status: COMPLETED; exit: 0; error: -; workDir: /input/data/work/2b/cfb8590fdecd56057dcc6c4908631b]
Jan-25 20:38:32.127 [Task monitor] DEBUG n.processor.TaskPollingMonitor - Task completed > TaskHandler[id: 99; name: writeLargeFile (99); status: COMPLETED; exit: 0; error: -; workDir: /input/data/work/d8/c9533121ada951babc2de0bedc3a15]
Jan-25 20:38:46.941 [Task monitor] DEBUG n.processor.TaskPollingMonitor - Task completed > TaskHandler[id: 100; name: writeLargeFile (100); status: COMPLETED; exit: 0; error: -; workDir: /input/data/work/79/33c06dddc1392cbbd06f23bb7a956f]
Jan-25 20:38:47.050 [Task submitter] INFO  nextflow.Session - [66/99f1b2] Submitted process > combineFilesB (14)
Jan-25 20:38:47.084 [Task submitter] INFO  nextflow.Session - [5d/a9ec7e] Submitted process > combineFilesA (12)
Jan-25 20:38:47.112 [Task submitter] INFO  nextflow.Session - [18/186b53] Submitted process > combineFilesA (11)
Jan-25 20:38:47.139 [Task submitter] INFO  nextflow.Session - [3a/1c593d] Submitted process > combineFilesA (23)
Jan-25 20:38:47.166 [Task submitter] INFO  nextflow.Session - [8d/80ca45] Submitted process > combineFilesA (13)
Jan-25 20:38:47.193 [Task submitter] INFO  nextflow.Session - [d5/2ffb49] Submitted process > combineFilesA (32)
Jan-25 20:38:47.223 [Task submitter] INFO  nextflow.Session - [93/d777f5] Submitted process > combineFilesA (29)
Jan-25 20:38:47.250 [Task submitter] INFO  nextflow.Session - [fa/f8c098] Submitted process > combineFilesA (17)
Jan-25 20:38:47.275 [Task submitter] INFO  nextflow.Session - [09/0bf6c8] Submitted process > combineFilesB (24)
Jan-25 20:38:47.300 [Task submitter] INFO  nextflow.Session - [83/abf426] Submitted process > combineFilesB (23)
Jan-25 20:38:47.325 [Task submitter] INFO  nextflow.Session - [43/56bb51] Submitted process > combineFilesB (26)
Jan-25 20:38:47.351 [Task submitter] INFO  nextflow.Session - [43/3994a0] Submitted process > combineFilesB (10)
Jan-25 20:38:47.378 [Task submitter] INFO  nextflow.Session - [9e/dce428] Submitted process > combineFilesA (10)
Jan-25 20:38:47.405 [Task submitter] INFO  nextflow.Session - [c3/a02247] Submitted process > combineFilesB (4)
Jan-25 20:38:47.433 [Task submitter] INFO  nextflow.Session - [ae/23117a] Submitted process > combineFilesA (14)
Jan-25 20:38:47.458 [Task submitter] INFO  nextflow.Session - [1d/ff99a0] Submitted process > combineFilesA (16)
Jan-25 20:38:47.484 [Task submitter] INFO  nextflow.Session - [74/403448] Submitted process > combineFilesA (20)
Jan-25 20:38:47.514 [Task submitter] INFO  nextflow.Session - [09/c042fa] Submitted process > combineFilesA (5)
Jan-25 20:38:47.541 [Task submitter] INFO  nextflow.Session - [3f/671fd2] Submitted process > combineFilesA (1)
Jan-25 20:38:47.567 [Task submitter] INFO  nextflow.Session - [bf/1f5c31] Submitted process > combineFilesB (16)
Jan-25 20:38:47.592 [Task submitter] INFO  nextflow.Session - [c4/3f78f1] Submitted process > combineFilesA (27)
Jan-25 20:38:47.618 [Task submitter] INFO  nextflow.Session - [24/7fbfda] Submitted process > combineFilesA (22)
Jan-25 20:38:47.642 [Task submitter] INFO  nextflow.Session - [96/7fa262] Submitted process > combineFilesB (18)
Jan-25 20:38:47.668 [Task submitter] INFO  nextflow.Session - [f0/60a5d1] Submitted process > combineFilesA (26)
Jan-25 20:38:47.693 [Task submitter] INFO  nextflow.Session - [81/f864b2] Submitted process > combineFilesB (6)
Jan-25 20:38:47.717 [Task submitter] INFO  nextflow.Session - [4a/a9d179] Submitted process > combineFilesA (33)
Jan-25 20:38:47.742 [Task submitter] INFO  nextflow.Session - [f9/199df6] Submitted process > combineFilesB (19)
Jan-25 20:38:47.772 [Task submitter] INFO  nextflow.Session - [81/a2ac73] Submitted process > combineFilesA (30)
Jan-25 20:38:47.801 [Task submitter] INFO  nextflow.Session - [62/2ee06f] Submitted process > combineFilesA (3)
Jan-25 20:38:47.829 [Task submitter] INFO  nextflow.Session - [1c/f0ea04] Submitted process > combineFilesA (34)
Jan-25 20:38:47.860 [Task submitter] INFO  nextflow.Session - [97/b65f5b] Submitted process > combineFilesA (25)
Jan-25 20:38:47.888 [Task submitter] INFO  nextflow.Session - [c7/18ceaa] Submitted process > combineFilesB (9)
Jan-25 20:38:47.916 [Task submitter] INFO  nextflow.Session - [cc/bb5a20] Submitted process > combineFilesB (20)
Jan-25 20:38:47.944 [Task submitter] INFO  nextflow.Session - [6c/cb0468] Submitted process > combineFilesB (7)
Jan-25 20:38:47.970 [Task submitter] INFO  nextflow.Session - [40/cecacd] Submitted process > combineFilesA (31)
Jan-25 20:38:47.997 [Task submitter] INFO  nextflow.Session - [a4/f70d25] Submitted process > combineFilesA (6)
Jan-25 20:38:48.024 [Task submitter] INFO  nextflow.Session - [e4/1eced0] Submitted process > combineFilesA (24)
Jan-25 20:38:48.053 [Task submitter] INFO  nextflow.Session - [be/83863f] Submitted process > combineFilesB (17)
Jan-25 20:38:48.079 [Task submitter] INFO  nextflow.Session - [e2/2eb6c3] Submitted process > combineFilesB (1)
Jan-25 20:38:48.106 [Task submitter] INFO  nextflow.Session - [e5/bee0e4] Submitted process > combineFilesB (8)
Jan-25 20:38:48.133 [Task submitter] INFO  nextflow.Session - [a8/54a6e3] Submitted process > combineFilesA (21)
Jan-25 20:38:48.159 [Task submitter] INFO  nextflow.Session - [42/d620c0] Submitted process > combineFilesB (25)
Jan-25 20:38:48.185 [Task submitter] INFO  nextflow.Session - [25/e91e94] Submitted process > combineFilesB (3)
Jan-25 20:38:48.213 [Task submitter] INFO  nextflow.Session - [ea/6142d0] Submitted process > combineFilesB (13)
Jan-25 20:38:48.240 [Task submitter] INFO  nextflow.Session - [90/68e5c1] Submitted process > combineFilesB (2)
Jan-25 20:38:48.268 [Task submitter] INFO  nextflow.Session - [e9/ad5cc9] Submitted process > combineFilesB (11)
Jan-25 20:38:48.293 [Task submitter] INFO  nextflow.Session - [4e/9aa9cc] Submitted process > combineFilesA (7)
Jan-25 20:38:48.321 [Task submitter] INFO  nextflow.Session - [d4/e9d159] Submitted process > combineFilesA (19)
Jan-25 20:38:48.347 [Task submitter] INFO  nextflow.Session - [eb/7666ab] Submitted process > combineFilesA (8)
Jan-25 20:38:48.375 [Task submitter] INFO  nextflow.Session - [a8/8bcf0f] Submitted process > combineFilesA (4)
Jan-25 20:38:48.402 [Task submitter] INFO  nextflow.Session - [15/1fe506] Submitted process > combineFilesA (18)
Jan-25 20:38:48.428 [Task submitter] INFO  nextflow.Session - [30/65e9ea] Submitted process > combineFilesA (9)
Jan-25 20:38:48.456 [Task submitter] INFO  nextflow.Session - [ce/e1505a] Submitted process > combineFilesB (5)
Jan-25 20:38:48.485 [Task submitter] INFO  nextflow.Session - [d4/b47721] Submitted process > combineFilesB (21)
Jan-25 20:38:48.513 [Task submitter] INFO  nextflow.Session - [2a/8e0ce2] Submitted process > combineFilesB (22)
Jan-25 20:38:48.540 [Task submitter] INFO  nextflow.Session - [4b/3bdef7] Submitted process > combineFilesB (15)
Jan-25 20:38:48.567 [Task submitter] INFO  nextflow.Session - [e1/d95c47] Submitted process > combineFilesB (12)
Jan-25 20:38:48.592 [Task submitter] INFO  nextflow.Session - [cd/6c9886] Submitted process > combineFilesA (15)
Jan-25 20:38:48.619 [Task submitter] INFO  nextflow.Session - [77/d8bf21] Submitted process > combineFilesA (2)
Jan-25 20:38:48.644 [Task submitter] INFO  nextflow.Session - [0c/1b07d9] Submitted process > combineFilesA (28)
Jan-25 20:40:21.949 [Task monitor] DEBUG n.processor.TaskPollingMonitor - Task completed > TaskHandler[id: 124; name: combineFilesB (14); status: COMPLETED; exit: 0; error: -; workDir: /input/data/work/66/99f1b2ffae0099df4452b7622fd261]
Jan-25 20:40:21.990 [Task monitor] DEBUG n.processor.TaskPollingMonitor - Task completed > TaskHandler[id: 128; name: combineFilesA (12); status: COMPLETED; exit: 0; error: -; workDir: /input/data/work/5d/a9ec7e87e8fbf7a5c2b87977d633ec]
Jan-25 20:40:22.034 [Task monitor] DEBUG n.processor.TaskPollingMonitor - Task completed > TaskHandler[id: 125; name: combineFilesA (11); status: COMPLETED; exit: 0; error: -; workDir: /input/data/work/18/186b53503a2cf210047488001ebe9f]
Jan-25 20:41:46.910 [Task monitor] DEBUG n.processor.TaskPollingMonitor - !! executor k8s > tasks to be completed: 57 -- submitted tasks are shown below
~> TaskHandler[id: 149; name: combineFilesA (23); status: SUBMITTED; exit: -; error: -; workDir: /input/data/work/3a/1c593d34873db5556181af29e005fa]
~> TaskHandler[id: 131; name: combineFilesA (13); status: SUBMITTED; exit: -; error: -; workDir: /input/data/work/8d/80ca4568f0d32406db504fbefb06da]
~> TaskHandler[id: 158; name: combineFilesA (32); status: SUBMITTED; exit: -; error: -; workDir: /input/data/work/d5/2ffb49b1a71775f161d268808f5e86]
~> TaskHandler[id: 155; name: combineFilesA (29); status: SUBMITTED; exit: -; error: -; workDir: /input/data/work/93/d777f50c63bb515fc631b82ab02cb0]
~> TaskHandler[id: 140; name: combineFilesA (17); status: SUBMITTED; exit: -; error: -; workDir: /input/data/work/fa/f8c0983ed1cb23d92f1280bfb21c00]
~> TaskHandler[id: 141; name: combineFilesB (24); status: SUBMITTED; exit: -; error: -; workDir: /input/data/work/09/0bf6c81df7d2c356a63b22b4088178]
~> TaskHandler[id: 139; name: combineFilesB (23); status: SUBMITTED; exit: -; error: -; workDir: /input/data/work/83/abf426f87db0cbfc56b6c809725212]
~> TaskHandler[id: 144; name: combineFilesB (26); status: SUBMITTED; exit: -; error: -; workDir: /input/data/work/43/56bb519e8e161ed990701b2bd7bcc1]
~> TaskHandler[id: 118; name: combineFilesB (10); status: SUBMITTED; exit: -; error: -; workDir: /input/data/work/43/3994a0456194a73bb886a19e173ed7]
~> TaskHandler[id: 122; name: combineFilesA (10); status: SUBMITTED; exit: -; error: -; workDir: /input/data/work/9e/dce428387d0a9d06703636f1cc2ed4]
.. remaining tasks omitted.
Jan-25 20:42:12.401 [Task monitor] DEBUG n.processor.TaskPollingMonitor - Task completed > TaskHandler[id: 127; name: combineFilesB (16); status: COMPLETED; exit: 0; error: -; workDir: /input/data/work/bf/1f5c31d819031192e2dc5062bcc3a1]
Jan-25 20:42:13.073 [Task monitor] DEBUG n.processor.TaskPollingMonitor - Task completed > TaskHandler[id: 105; name: combineFilesB (3); status: COMPLETED; exit: 0; error: -; workDir: /input/data/work/25/e91e942b257353efed38d8725f3cde]
Jan-25 20:42:13.108 [Task monitor] DEBUG n.processor.TaskPollingMonitor - Task completed > TaskHandler[id: 123; name: combineFilesB (13); status: COMPLETED; exit: 0; error: -; workDir: /input/data/work/ea/6142d09e17ec6b25df4019b72286c3]
Jan-25 20:44:03.055 [Task monitor] DEBUG n.processor.TaskPollingMonitor - Task completed > TaskHandler[id: 103; name: combineFilesB (2); status: COMPLETED; exit: 0; error: -; workDir: /input/data/work/90/68e5c10f86c210acb55682842c30c5]
Jan-25 20:44:03.345 [Task monitor] DEBUG n.processor.TaskPollingMonitor - Task completed > TaskHandler[id: 137; name: combineFilesB (22); status: COMPLETED; exit: 0; error: -; workDir: /input/data/work/2a/8e0ce23c3068e87e07084839554608]
Jan-25 20:44:07.628 [Task monitor] DEBUG n.processor.TaskPollingMonitor - Task completed > TaskHandler[id: 141; name: combineFilesB (24); status: COMPLETED; exit: 0; error: -; workDir: /input/data/work/09/0bf6c81df7d2c356a63b22b4088178]
Jan-25 20:45:57.992 [Task monitor] DEBUG n.processor.TaskPollingMonitor - Task completed > TaskHandler[id: 118; name: combineFilesB (10); status: COMPLETED; exit: 0; error: -; workDir: /input/data/work/43/3994a0456194a73bb886a19e173ed7]
Jan-25 20:45:58.291 [Task monitor] DEBUG n.processor.TaskPollingMonitor - Task completed > TaskHandler[id: 130; name: combineFilesB (18); status: COMPLETED; exit: 0; error: -; workDir: /input/data/work/96/7fa262042878c3418f722470e98598]
Jan-25 20:45:59.112 [Task monitor] DEBUG n.processor.TaskPollingMonitor - Task completed > TaskHandler[id: 126; name: combineFilesB (15); status: COMPLETED; exit: 0; error: -; workDir: /input/data/work/4b/3bdef75ad210af5071944ce1c8d4db]
Jan-25 20:46:50.237 [Task monitor] DEBUG n.processor.TaskPollingMonitor - !! executor k8s > tasks to be completed: 48 -- submitted tasks are shown below
~> TaskHandler[id: 149; name: combineFilesA (23); status: SUBMITTED; exit: -; error: -; workDir: /input/data/work/3a/1c593d34873db5556181af29e005fa]
~> TaskHandler[id: 131; name: combineFilesA (13); status: SUBMITTED; exit: -; error: -; workDir: /input/data/work/8d/80ca4568f0d32406db504fbefb06da]
~> TaskHandler[id: 158; name: combineFilesA (32); status: SUBMITTED; exit: -; error: -; workDir: /input/data/work/d5/2ffb49b1a71775f161d268808f5e86]
~> TaskHandler[id: 155; name: combineFilesA (29); status: SUBMITTED; exit: -; error: -; workDir: /input/data/work/93/d777f50c63bb515fc631b82ab02cb0]
~> TaskHandler[id: 140; name: combineFilesA (17); status: SUBMITTED; exit: -; error: -; workDir: /input/data/work/fa/f8c0983ed1cb23d92f1280bfb21c00]
~> TaskHandler[id: 139; name: combineFilesB (23); status: RUNNING; exit: -; error: -; workDir: /input/data/work/83/abf426f87db0cbfc56b6c809725212]
~> TaskHandler[id: 144; name: combineFilesB (26); status: SUBMITTED; exit: -; error: -; workDir: /input/data/work/43/56bb519e8e161ed990701b2bd7bcc1]
~> TaskHandler[id: 122; name: combineFilesA (10); status: SUBMITTED; exit: -; error: -; workDir: /input/data/work/9e/dce428387d0a9d06703636f1cc2ed4]
~> TaskHandler[id: 106; name: combineFilesB (4); status: SUBMITTED; exit: -; error: -; workDir: /input/data/work/c3/a022479ab587a0be55236452a46333]
~> TaskHandler[id: 134; name: combineFilesA (14); status: SUBMITTED; exit: -; error: -; workDir: /input/data/work/ae/23117ab0010078a21cca66c9d0b72c]
.. remaining tasks omitted.
Jan-25 20:48:05.997 [Task monitor] DEBUG n.processor.TaskPollingMonitor - Task completed > TaskHandler[id: 139; name: combineFilesB (23); status: COMPLETED; exit: 0; error: -; workDir: /input/data/work/83/abf426f87db0cbfc56b6c809725212]
Jan-25 20:48:08.502 [Task monitor] DEBUG n.processor.TaskPollingMonitor - Task completed > TaskHandler[id: 115; name: combineFilesB (9); status: COMPLETED; exit: 0; error: -; workDir: /input/data/work/c7/18ceaa441c3675add3b369bd3dd438]
Jan-25 20:48:10.052 [Task monitor] DEBUG n.processor.TaskPollingMonitor - Task completed > TaskHandler[id: 101; name: combineFilesB (1); status: COMPLETED; exit: 0; error: -; workDir: /input/data/work/e2/2eb6c3cde5e19aade623bdfd13300a]
Jan-25 20:50:12.619 [Task monitor] DEBUG n.processor.TaskPollingMonitor - Task completed > TaskHandler[id: 108; name: combineFilesB (5); status: COMPLETED; exit: 0; error: -; workDir: /input/data/work/ce/e1505a75b6871ec392ad082e83c766]
Jan-25 20:50:19.781 [Task monitor] DEBUG n.processor.TaskPollingMonitor - Task completed > TaskHandler[id: 110; name: combineFilesB (6); status: COMPLETED; exit: 0; error: -; workDir: /input/data/work/81/f864b2f8fa95f37c75be771fb5a9e7]
Jan-25 20:50:20.835 [Task monitor] DEBUG n.processor.TaskPollingMonitor - Task completed > TaskHandler[id: 112; name: combineFilesB (7); status: COMPLETED; exit: 0; error: -; workDir: /input/data/work/6c/cb04680fb485f3d333ab0abcde01c3]
Jan-25 20:51:54.343 [Task monitor] DEBUG n.processor.TaskPollingMonitor - !! executor k8s > tasks to be completed: 42 -- submitted tasks are shown below
~> TaskHandler[id: 149; name: combineFilesA (23); status: SUBMITTED; exit: -; error: -; workDir: /input/data/work/3a/1c593d34873db5556181af29e005fa]
~> TaskHandler[id: 131; name: combineFilesA (13); status: SUBMITTED; exit: -; error: -; workDir: /input/data/work/8d/80ca4568f0d32406db504fbefb06da]
~> TaskHandler[id: 158; name: combineFilesA (32); status: SUBMITTED; exit: -; error: -; workDir: /input/data/work/d5/2ffb49b1a71775f161d268808f5e86]
~> TaskHandler[id: 155; name: combineFilesA (29); status: SUBMITTED; exit: -; error: -; workDir: /input/data/work/93/d777f50c63bb515fc631b82ab02cb0]
~> TaskHandler[id: 140; name: combineFilesA (17); status: SUBMITTED; exit: -; error: -; workDir: /input/data/work/fa/f8c0983ed1cb23d92f1280bfb21c00]
~> TaskHandler[id: 144; name: combineFilesB (26); status: SUBMITTED; exit: -; error: -; workDir: /input/data/work/43/56bb519e8e161ed990701b2bd7bcc1]
~> TaskHandler[id: 122; name: combineFilesA (10); status: SUBMITTED; exit: -; error: -; workDir: /input/data/work/9e/dce428387d0a9d06703636f1cc2ed4]
~> TaskHandler[id: 106; name: combineFilesB (4); status: SUBMITTED; exit: -; error: -; workDir: /input/data/work/c3/a022479ab587a0be55236452a46333]
~> TaskHandler[id: 134; name: combineFilesA (14); status: SUBMITTED; exit: -; error: -; workDir: /input/data/work/ae/23117ab0010078a21cca66c9d0b72c]
~> TaskHandler[id: 138; name: combineFilesA (16); status: SUBMITTED; exit: -; error: -; workDir: /input/data/work/1d/ff99a0b3eef4bef8cf2a8beedff8de]
.. remaining tasks omitted.
Jan-25 20:52:35.117 [Task monitor] DEBUG n.processor.TaskPollingMonitor - Task completed > TaskHandler[id: 113; name: combineFilesB (8); status: COMPLETED; exit: 0; error: -; workDir: /input/data/work/e5/bee0e468d54ff07a2c01ce6245f923]
Jan-25 20:52:35.205 [Task monitor] DEBUG n.processor.TaskPollingMonitor - Task completed > TaskHandler[id: 120; name: combineFilesB (11); status: COMPLETED; exit: 0; error: -; workDir: /input/data/work/e9/ad5cc9496d31434165a6653a7b8269]
Jan-25 20:52:37.085 [Task monitor] DEBUG n.processor.TaskPollingMonitor - Task completed > TaskHandler[id: 135; name: combineFilesB (21); status: COMPLETED; exit: 0; error: -; workDir: /input/data/work/d4/b47721908ba0e2c3573d2a19c49944]
Jan-25 20:54:57.666 [Task monitor] DEBUG n.processor.TaskPollingMonitor - Task completed > TaskHandler[id: 132; name: combineFilesB (19); status: COMPLETED; exit: 0; error: -; workDir: /input/data/work/f9/199df68c2aa289671ad36c878c23f8]
Jan-25 20:54:57.809 [Task monitor] DEBUG n.processor.TaskPollingMonitor - Task completed > TaskHandler[id: 133; name: combineFilesB (20); status: COMPLETED; exit: 0; error: -; workDir: /input/data/work/cc/bb5a20ed58e7d88b98a76149d68848]
Jan-25 20:54:57.981 [Task monitor] DEBUG n.processor.TaskPollingMonitor - Task completed > TaskHandler[id: 142; name: combineFilesB (25); status: COMPLETED; exit: 0; error: -; workDir: /input/data/work/42/d620c09e54298e40411d335cc47c74]
Jan-25 20:56:58.830 [Task monitor] DEBUG n.processor.TaskPollingMonitor - !! executor k8s > tasks to be completed: 36 -- submitted tasks are shown below
~> TaskHandler[id: 149; name: combineFilesA (23); status: SUBMITTED; exit: -; error: -; workDir: /input/data/work/3a/1c593d34873db5556181af29e005fa]
~> TaskHandler[id: 131; name: combineFilesA (13); status: SUBMITTED; exit: -; error: -; workDir: /input/data/work/8d/80ca4568f0d32406db504fbefb06da]
~> TaskHandler[id: 158; name: combineFilesA (32); status: SUBMITTED; exit: -; error: -; workDir: /input/data/work/d5/2ffb49b1a71775f161d268808f5e86]
~> TaskHandler[id: 155; name: combineFilesA (29); status: SUBMITTED; exit: -; error: -; workDir: /input/data/work/93/d777f50c63bb515fc631b82ab02cb0]
~> TaskHandler[id: 140; name: combineFilesA (17); status: SUBMITTED; exit: -; error: -; workDir: /input/data/work/fa/f8c0983ed1cb23d92f1280bfb21c00]
~> TaskHandler[id: 144; name: combineFilesB (26); status: SUBMITTED; exit: -; error: -; workDir: /input/data/work/43/56bb519e8e161ed990701b2bd7bcc1]
~> TaskHandler[id: 122; name: combineFilesA (10); status: SUBMITTED; exit: -; error: -; workDir: /input/data/work/9e/dce428387d0a9d06703636f1cc2ed4]
~> TaskHandler[id: 106; name: combineFilesB (4); status: SUBMITTED; exit: -; error: -; workDir: /input/data/work/c3/a022479ab587a0be55236452a46333]
~> TaskHandler[id: 134; name: combineFilesA (14); status: SUBMITTED; exit: -; error: -; workDir: /input/data/work/ae/23117ab0010078a21cca66c9d0b72c]
~> TaskHandler[id: 138; name: combineFilesA (16); status: SUBMITTED; exit: -; error: -; workDir: /input/data/work/1d/ff99a0b3eef4bef8cf2a8beedff8de]
.. remaining tasks omitted.
Jan-25 20:57:14.541 [Task monitor] DEBUG n.processor.TaskPollingMonitor - Task completed > TaskHandler[id: 129; name: combineFilesB (17); status: COMPLETED; exit: 0; error: -; workDir: /input/data/work/be/83863f1d00ad913ea9d5212477bfb3]
Jan-25 20:57:14.662 [Task monitor] DEBUG n.processor.TaskPollingMonitor - Task completed > TaskHandler[id: 117; name: combineFilesA (8); status: COMPLETED; exit: 0; error: -; workDir: /input/data/work/eb/7666ab31105afadd1403bcbd844cec]
Jan-25 20:57:14.792 [Task monitor] DEBUG n.processor.TaskPollingMonitor - Task completed > TaskHandler[id: 121; name: combineFilesB (12); status: COMPLETED; exit: 0; error: -; workDir: /input/data/work/e1/d95c473fc175a811760ec3ba49b65b]
Jan-25 20:59:19.109 [Task monitor] DEBUG n.processor.TaskPollingMonitor - Task completed > TaskHandler[id: 147; name: combineFilesA (21); status: COMPLETED; exit: 0; error: -; workDir: /input/data/work/a8/54a6e347a020a70985df9902d5ecf3]
Jan-25 20:59:23.755 [Task monitor] DEBUG n.processor.TaskPollingMonitor - Task completed > TaskHandler[id: 158; name: combineFilesA (32); status: COMPLETED; exit: 0; error: -; workDir: /input/data/work/d5/2ffb49b1a71775f161d268808f5e86]
Jan-25 20:59:24.030 [Task monitor] DEBUG n.processor.TaskPollingMonitor - Task completed > TaskHandler[id: 140; name: combineFilesA (17); status: COMPLETED; exit: 0; error: -; workDir: /input/data/work/fa/f8c0983ed1cb23d92f1280bfb21c00]
Jan-25 21:01:27.700 [Task monitor] DEBUG n.processor.TaskPollingMonitor - Task completed > TaskHandler[id: 104; name: combineFilesA (2); status: COMPLETED; exit: 0; error: -; workDir: /input/data/work/77/d8bf2112da4e314cc5ca9d4a3a4b2b]
Jan-25 21:01:33.343 [Task monitor] DEBUG n.processor.TaskPollingMonitor - Task completed > TaskHandler[id: 146; name: combineFilesA (20); status: COMPLETED; exit: 0; error: -; workDir: /input/data/work/74/403448edb8f20840031ad111fb60d6]
Jan-25 21:01:34.609 [Task monitor] DEBUG n.processor.TaskPollingMonitor - Task completed > TaskHandler[id: 102; name: combineFilesA (1); status: COMPLETED; exit: 0; error: -; workDir: /input/data/work/3f/671fd23964f83a8b57749362219aa7]
Jan-25 21:02:10.775 [Task monitor] DEBUG n.processor.TaskPollingMonitor - !! executor k8s > tasks to be completed: 27 -- submitted tasks are shown below
~> TaskHandler[id: 149; name: combineFilesA (23); status: SUBMITTED; exit: -; error: -; workDir: /input/data/work/3a/1c593d34873db5556181af29e005fa]
~> TaskHandler[id: 131; name: combineFilesA (13); status: RUNNING; exit: -; error: -; workDir: /input/data/work/8d/80ca4568f0d32406db504fbefb06da]
~> TaskHandler[id: 155; name: combineFilesA (29); status: SUBMITTED; exit: -; error: -; workDir: /input/data/work/93/d777f50c63bb515fc631b82ab02cb0]
~> TaskHandler[id: 144; name: combineFilesB (26); status: SUBMITTED; exit: -; error: -; workDir: /input/data/work/43/56bb519e8e161ed990701b2bd7bcc1]
~> TaskHandler[id: 122; name: combineFilesA (10); status: SUBMITTED; exit: -; error: -; workDir: /input/data/work/9e/dce428387d0a9d06703636f1cc2ed4]
~> TaskHandler[id: 106; name: combineFilesB (4); status: SUBMITTED; exit: -; error: -; workDir: /input/data/work/c3/a022479ab587a0be55236452a46333]
~> TaskHandler[id: 134; name: combineFilesA (14); status: SUBMITTED; exit: -; error: -; workDir: /input/data/work/ae/23117ab0010078a21cca66c9d0b72c]
~> TaskHandler[id: 138; name: combineFilesA (16); status: SUBMITTED; exit: -; error: -; workDir: /input/data/work/1d/ff99a0b3eef4bef8cf2a8beedff8de]
~> TaskHandler[id: 111; name: combineFilesA (5); status: SUBMITTED; exit: -; error: -; workDir: /input/data/work/09/c042fa0f88ba41eff787b8310d6ea0]
~> TaskHandler[id: 153; name: combineFilesA (27); status: SUBMITTED; exit: -; error: -; workDir: /input/data/work/c4/3f78f1ceaa843e1cf9d2b893eda4f6]
.. remaining tasks omitted.
Jan-25 21:03:38.076 [Task monitor] DEBUG n.processor.TaskPollingMonitor - Task completed > TaskHandler[id: 150; name: combineFilesA (24); status: COMPLETED; exit: 0; error: -; workDir: /input/data/work/e4/1eced0d4d0beb7faed39803e981719]
Jan-25 21:03:38.224 [Task monitor] DEBUG n.processor.TaskPollingMonitor - Task completed > TaskHandler[id: 119; name: combineFilesA (9); status: COMPLETED; exit: 0; error: -; workDir: /input/data/work/30/65e9eaf4295d39f1b103be88383f16]
Jan-25 21:03:42.885 [Task monitor] DEBUG n.processor.TaskPollingMonitor - Task completed > TaskHandler[id: 131; name: combineFilesA (13); status: COMPLETED; exit: 0; error: -; workDir: /input/data/work/8d/80ca4568f0d32406db504fbefb06da]
Jan-25 21:05:55.660 [Task monitor] DEBUG n.processor.TaskPollingMonitor - Task completed > TaskHandler[id: 106; name: combineFilesB (4); status: COMPLETED; exit: 0; error: -; workDir: /input/data/work/c3/a022479ab587a0be55236452a46333]
Jan-25 21:05:57.053 [Task monitor] DEBUG n.processor.TaskPollingMonitor - Task completed > TaskHandler[id: 114; name: combineFilesA (6); status: COMPLETED; exit: 0; error: -; workDir: /input/data/work/a4/f70d254f960a3fa9057ba4ec1a5112]
Jan-25 21:05:57.762 [Task monitor] DEBUG n.processor.TaskPollingMonitor - Task completed > TaskHandler[id: 154; name: combineFilesA (28); status: COMPLETED; exit: 0; error: -; workDir: /input/data/work/0c/1b07d90926d8588958a33844d108ee]
Jan-25 21:07:13.291 [Task monitor] DEBUG n.processor.TaskPollingMonitor - !! executor k8s > tasks to be completed: 21 -- submitted tasks are shown below
~> TaskHandler[id: 149; name: combineFilesA (23); status: SUBMITTED; exit: -; error: -; workDir: /input/data/work/3a/1c593d34873db5556181af29e005fa]
~> TaskHandler[id: 155; name: combineFilesA (29); status: SUBMITTED; exit: -; error: -; workDir: /input/data/work/93/d777f50c63bb515fc631b82ab02cb0]
~> TaskHandler[id: 144; name: combineFilesB (26); status: SUBMITTED; exit: -; error: -; workDir: /input/data/work/43/56bb519e8e161ed990701b2bd7bcc1]
~> TaskHandler[id: 122; name: combineFilesA (10); status: SUBMITTED; exit: -; error: -; workDir: /input/data/work/9e/dce428387d0a9d06703636f1cc2ed4]
~> TaskHandler[id: 134; name: combineFilesA (14); status: SUBMITTED; exit: -; error: -; workDir: /input/data/work/ae/23117ab0010078a21cca66c9d0b72c]
~> TaskHandler[id: 138; name: combineFilesA (16); status: SUBMITTED; exit: -; error: -; workDir: /input/data/work/1d/ff99a0b3eef4bef8cf2a8beedff8de]
~> TaskHandler[id: 111; name: combineFilesA (5); status: SUBMITTED; exit: -; error: -; workDir: /input/data/work/09/c042fa0f88ba41eff787b8310d6ea0]
~> TaskHandler[id: 153; name: combineFilesA (27); status: SUBMITTED; exit: -; error: -; workDir: /input/data/work/c4/3f78f1ceaa843e1cf9d2b893eda4f6]
~> TaskHandler[id: 148; name: combineFilesA (22); status: SUBMITTED; exit: -; error: -; workDir: /input/data/work/24/7fbfdaf9031e4f15f17d79b1d4e3f4]
~> TaskHandler[id: 152; name: combineFilesA (26); status: SUBMITTED; exit: -; error: -; workDir: /input/data/work/f0/60a5d1b4d1cdcac7c4f04406f5b8f0]
.. remaining tasks omitted.
Jan-25 21:08:08.646 [Task monitor] DEBUG n.processor.TaskPollingMonitor - Task completed > TaskHandler[id: 156; name: combineFilesA (30); status: COMPLETED; exit: 0; error: -; workDir: /input/data/work/81/a2ac733818668fbd055fe563cc73ef]
Jan-25 21:08:08.731 [Task monitor] DEBUG n.processor.TaskPollingMonitor - Task completed > TaskHandler[id: 151; name: combineFilesA (25); status: COMPLETED; exit: 0; error: -; workDir: /input/data/work/97/b65f5bcad940daf510b66b55463085]
Jan-25 21:08:08.766 [Task monitor] DEBUG n.processor.TaskPollingMonitor - Task completed > TaskHandler[id: 157; name: combineFilesA (31); status: COMPLETED; exit: 0; error: -; workDir: /input/data/work/40/cecacd65daa39598b4ee6a567081b1]
Jan-25 21:09:33.785 [Task monitor] DEBUG n.processor.TaskPollingMonitor - Task completed > TaskHandler[id: 155; name: combineFilesA (29); status: COMPLETED; exit: 0; error: -; workDir: /input/data/work/93/d777f50c63bb515fc631b82ab02cb0]
Jan-25 21:10:24.703 [Task monitor] DEBUG n.processor.TaskPollingMonitor - Task completed > TaskHandler[id: 153; name: combineFilesA (27); status: COMPLETED; exit: 0; error: -; workDir: /input/data/work/c4/3f78f1ceaa843e1cf9d2b893eda4f6]
Jan-25 21:10:25.729 [Task monitor] DEBUG n.processor.TaskPollingMonitor - Task completed > TaskHandler[id: 109; name: combineFilesA (4); status: COMPLETED; exit: 0; error: -; workDir: /input/data/work/a8/8bcf0ff2d964ea65ffed59c358a02a]
Jan-25 21:11:35.855 [Task monitor] DEBUG n.processor.TaskPollingMonitor - Task completed > TaskHandler[id: 143; name: combineFilesA (18); status: COMPLETED; exit: 0; error: -; workDir: /input/data/work/15/1fe506340c4b71f0293de92310046f]
Jan-25 21:12:13.660 [Task monitor] DEBUG n.processor.TaskPollingMonitor - !! executor k8s > tasks to be completed: 14 -- submitted tasks are shown below
~> TaskHandler[id: 149; name: combineFilesA (23); status: SUBMITTED; exit: -; error: -; workDir: /input/data/work/3a/1c593d34873db5556181af29e005fa]
~> TaskHandler[id: 144; name: combineFilesB (26); status: SUBMITTED; exit: -; error: -; workDir: /input/data/work/43/56bb519e8e161ed990701b2bd7bcc1]
~> TaskHandler[id: 122; name: combineFilesA (10); status: SUBMITTED; exit: -; error: -; workDir: /input/data/work/9e/dce428387d0a9d06703636f1cc2ed4]
~> TaskHandler[id: 134; name: combineFilesA (14); status: RUNNING; exit: -; error: -; workDir: /input/data/work/ae/23117ab0010078a21cca66c9d0b72c]
~> TaskHandler[id: 138; name: combineFilesA (16); status: SUBMITTED; exit: -; error: -; workDir: /input/data/work/1d/ff99a0b3eef4bef8cf2a8beedff8de]
~> TaskHandler[id: 111; name: combineFilesA (5); status: SUBMITTED; exit: -; error: -; workDir: /input/data/work/09/c042fa0f88ba41eff787b8310d6ea0]
~> TaskHandler[id: 148; name: combineFilesA (22); status: SUBMITTED; exit: -; error: -; workDir: /input/data/work/24/7fbfdaf9031e4f15f17d79b1d4e3f4]
~> TaskHandler[id: 152; name: combineFilesA (26); status: SUBMITTED; exit: -; error: -; workDir: /input/data/work/f0/60a5d1b4d1cdcac7c4f04406f5b8f0]
~> TaskHandler[id: 159; name: combineFilesA (33); status: SUBMITTED; exit: -; error: -; workDir: /input/data/work/4a/a9d179db0bb9008d95bc09166cdb4e]
~> TaskHandler[id: 107; name: combineFilesA (3); status: RUNNING; exit: -; error: -; workDir: /input/data/work/62/2ee06f5161f2961923faf9ad410e7c]
.. remaining tasks omitted.
Jan-25 21:12:34.663 [Task monitor] DEBUG n.processor.TaskPollingMonitor - Task completed > TaskHandler[id: 107; name: combineFilesA (3); status: COMPLETED; exit: 0; error: -; workDir: /input/data/work/62/2ee06f5161f2961923faf9ad410e7c]
Jan-25 21:12:34.853 [Task monitor] DEBUG n.processor.TaskPollingMonitor - Task completed > TaskHandler[id: 136; name: combineFilesA (15); status: COMPLETED; exit: 0; error: -; workDir: /input/data/work/cd/6c98868a0ed3db6c8f4a5bf4ed7d76]
Jan-25 21:13:34.836 [Task monitor] DEBUG n.processor.TaskPollingMonitor - Task completed > TaskHandler[id: 134; name: combineFilesA (14); status: COMPLETED; exit: 0; error: -; workDir: /input/data/work/ae/23117ab0010078a21cca66c9d0b72c]
Jan-25 21:14:14.649 [Task monitor] DEBUG n.processor.TaskPollingMonitor - Task completed > TaskHandler[id: 149; name: combineFilesA (23); status: COMPLETED; exit: 0; error: -; workDir: /input/data/work/3a/1c593d34873db5556181af29e005fa]
Jan-25 21:14:39.847 [Task monitor] DEBUG n.processor.TaskPollingMonitor - Task completed > TaskHandler[id: 111; name: combineFilesA (5); status: COMPLETED; exit: 0; error: -; workDir: /input/data/work/09/c042fa0f88ba41eff787b8310d6ea0]
Jan-25 21:15:45.551 [Task monitor] DEBUG n.processor.TaskPollingMonitor - Task completed > TaskHandler[id: 159; name: combineFilesA (33); status: COMPLETED; exit: 0; error: -; workDir: /input/data/work/4a/a9d179db0bb9008d95bc09166cdb4e]
Jan-25 21:16:39.796 [Task monitor] DEBUG n.processor.TaskPollingMonitor - Task completed > TaskHandler[id: 122; name: combineFilesA (10); status: COMPLETED; exit: 0; error: -; workDir: /input/data/work/9e/dce428387d0a9d06703636f1cc2ed4]
Jan-25 21:16:39.872 [Task monitor] DEBUG n.processor.TaskPollingMonitor - Task completed > TaskHandler[id: 138; name: combineFilesA (16); status: COMPLETED; exit: 0; error: -; workDir: /input/data/work/1d/ff99a0b3eef4bef8cf2a8beedff8de]
Jan-25 21:17:14.576 [Task monitor] DEBUG n.processor.TaskPollingMonitor - !! executor k8s > tasks to be completed: 6 -- submitted tasks are shown below
~> TaskHandler[id: 144; name: combineFilesB (26); status: SUBMITTED; exit: -; error: -; workDir: /input/data/work/43/56bb519e8e161ed990701b2bd7bcc1]
~> TaskHandler[id: 148; name: combineFilesA (22); status: RUNNING; exit: -; error: -; workDir: /input/data/work/24/7fbfdaf9031e4f15f17d79b1d4e3f4]
~> TaskHandler[id: 152; name: combineFilesA (26); status: RUNNING; exit: -; error: -; workDir: /input/data/work/f0/60a5d1b4d1cdcac7c4f04406f5b8f0]
~> TaskHandler[id: 160; name: combineFilesA (34); status: SUBMITTED; exit: -; error: -; workDir: /input/data/work/1c/f0ea0443e25cea7c46227a894c3337]
~> TaskHandler[id: 116; name: combineFilesA (7); status: SUBMITTED; exit: -; error: -; workDir: /input/data/work/4e/9aa9cc1f4e0be02b4e4d8f532f9bef]
~> TaskHandler[id: 145; name: combineFilesA (19); status: RUNNING; exit: -; error: -; workDir: /input/data/work/d4/e9d1590b21d88d7af73dcf622b9ed7]
Jan-25 21:17:49.995 [Task monitor] DEBUG n.processor.TaskPollingMonitor - Task completed > TaskHandler[id: 148; name: combineFilesA (22); status: COMPLETED; exit: 0; error: -; workDir: /input/data/work/24/7fbfdaf9031e4f15f17d79b1d4e3f4]
Jan-25 21:18:44.849 [Task monitor] DEBUG n.processor.TaskPollingMonitor - Task completed > TaskHandler[id: 152; name: combineFilesA (26); status: COMPLETED; exit: 0; error: -; workDir: /input/data/work/f0/60a5d1b4d1cdcac7c4f04406f5b8f0]
Jan-25 21:18:45.204 [Task monitor] DEBUG n.processor.TaskPollingMonitor - Task completed > TaskHandler[id: 145; name: combineFilesA (19); status: COMPLETED; exit: 0; error: -; workDir: /input/data/work/d4/e9d1590b21d88d7af73dcf622b9ed7]
Jan-25 21:19:19.649 [Task monitor] DEBUG n.processor.TaskPollingMonitor - Task completed > TaskHandler[id: 116; name: combineFilesA (7); status: COMPLETED; exit: 0; error: -; workDir: /input/data/work/4e/9aa9cc1f4e0be02b4e4d8f532f9bef]
Jan-25 21:19:49.617 [Task monitor] DEBUG n.processor.TaskPollingMonitor - Task completed > TaskHandler[id: 144; name: combineFilesB (26); status: COMPLETED; exit: 0; error: -; workDir: /input/data/work/43/56bb519e8e161ed990701b2bd7bcc1]
Jan-25 21:19:49.655 [Task monitor] DEBUG n.processor.TaskPollingMonitor - Task completed > TaskHandler[id: 160; name: combineFilesA (34); status: COMPLETED; exit: 0; error: -; workDir: /input/data/work/1c/f0ea0443e25cea7c46227a894c3337]
Jan-25 21:19:49.656 [main] DEBUG nextflow.Session - Session await > all processes finished
Jan-25 21:19:49.660 [main] DEBUG nextflow.Session - Session await > all barriers passed
Jan-25 21:19:49.687 [main] DEBUG n.trace.WorkflowStatsObserver - Workflow completed > WorkflowStats[succeededCount=160; failedCount=0; ignoredCount=0; cachedCount=0; pendingCount=0; submittedCount=0; runningCount=0; retriesCount=0; abortedCount=0; succeedDuration=7h 20m 46s; failedDuration=0ms; cachedDuration=0ms;loadCpus=0; loadMemory=0; peakRunning=5; peakCpus=50; peakMemory=98.8 GB; ]
Jan-25 21:19:49.687 [main] DEBUG nextflow.trace.TraceFileObserver - Workflow completed -- saving trace file
Jan-25 21:19:49.689 [main] DEBUG nextflow.trace.ReportObserver - Workflow completed -- rendering execution report
Jan-25 21:19:50.300 [main] DEBUG nextflow.trace.TimelineObserver - Workflow completed -- rendering execution timeline
Jan-25 21:19:50.445 [main] DEBUG nextflow.cache.CacheDB - Closing CacheDB done
Jan-25 21:19:50.482 [main] DEBUG nextflow.util.ThreadPoolManager - Thread pool 'FileTransfer' shutdown completed (hard=false)
Jan-25 21:19:50.482 [main] DEBUG nextflow.script.ScriptRunner - > Execution complete -- Goodbye
