Dec-02 15:54:34.868 [main] DEBUG nextflow.cli.Launcher - $> nextflow run /input/chain -c /experiments/experiment/chain/nextflow.config -c /experiments/experiment/nextflow_la.config -c /experiments/experiment/nextflow_nfs.config
Dec-02 15:54:34.929 [main] INFO  nextflow.cli.CmdRun - N E X T F L O W  ~  version 23.07.0-edge
Dec-02 15:54:34.948 [main] DEBUG nextflow.plugin.PluginsFacade - Setting up plugin manager > mode=prod; embedded=false; plugins-dir=/.nextflow/plugins; core-plugins: nf-amazon@2.1.0,nf-azure@1.1.4,nf-cloudcache@0.1.0,nf-codecommit@0.1.5,nf-console@1.0.6,nf-ga4gh@1.1.0,nf-google@1.8.1,nf-tower@1.5.15,nf-wave@0.11.0
Dec-02 15:54:34.958 [main] INFO  o.pf4j.DefaultPluginStatusProvider - Enabled plugins: []
Dec-02 15:54:34.959 [main] INFO  o.pf4j.DefaultPluginStatusProvider - Disabled plugins: []
Dec-02 15:54:34.962 [main] INFO  org.pf4j.DefaultPluginManager - PF4J version 3.4.1 in 'deployment' mode
Dec-02 15:54:34.970 [main] INFO  org.pf4j.AbstractPluginManager - No plugins
Dec-02 15:54:34.990 [main] DEBUG nextflow.scm.AssetManager - Project manifest does not exist: /input/chain/nextflow.config (No such file or directory)
Dec-02 15:54:35.014 [main] DEBUG nextflow.config.ConfigBuilder - User config file: /experiments/experiment/chain/nextflow.config
Dec-02 15:54:35.015 [main] DEBUG nextflow.config.ConfigBuilder - User config file: /experiments/experiment/nextflow_la.config
Dec-02 15:54:35.015 [main] DEBUG nextflow.config.ConfigBuilder - User config file: /experiments/experiment/nextflow_nfs.config
Dec-02 15:54:35.016 [main] DEBUG nextflow.config.ConfigBuilder - Parsing config file: /experiments/experiment/chain/nextflow.config
Dec-02 15:54:35.016 [main] DEBUG nextflow.config.ConfigBuilder - Parsing config file: /experiments/experiment/nextflow_la.config
Dec-02 15:54:35.016 [main] DEBUG nextflow.config.ConfigBuilder - Parsing config file: /experiments/experiment/nextflow_nfs.config
Dec-02 15:54:35.031 [main] DEBUG nextflow.config.ConfigBuilder - Applying config profile: `standard`
Dec-02 15:54:35.519 [main] DEBUG nextflow.config.ConfigBuilder - Applying config profile: `standard`
Dec-02 15:54:35.682 [main] DEBUG nextflow.config.ConfigBuilder - Applying config profile: `standard`
Dec-02 15:54:35.710 [main] DEBUG nextflow.cli.CmdRun - Applied DSL=2 by global default
Dec-02 15:54:35.723 [main] INFO  nextflow.cli.CmdRun - Launching `/input/chain/main.nf` [fervent_bardeen] DSL2 - revision: c6264bd70c
Dec-02 15:54:35.724 [main] DEBUG nextflow.plugin.PluginsFacade - Plugins default=[]
Dec-02 15:54:35.724 [main] DEBUG nextflow.plugin.PluginsFacade - Plugins resolved requirement=[]
Dec-02 15:54:35.731 [main] DEBUG n.secret.LocalSecretsProvider - Secrets store: /.nextflow/secrets/store.json
Dec-02 15:54:35.734 [main] DEBUG nextflow.secret.SecretsLoader - Discovered secrets providers: [nextflow.secret.LocalSecretsProvider@20d87335] - activable => nextflow.secret.LocalSecretsProvider@20d87335
Dec-02 15:54:35.791 [main] DEBUG nextflow.Session - Session UUID: 9939285e-3907-4a64-bf7b-782e6f6c7f3d
Dec-02 15:54:35.791 [main] DEBUG nextflow.Session - Run name: fervent_bardeen
Dec-02 15:54:35.791 [main] DEBUG nextflow.Session - Executor pool size: 32
Dec-02 15:54:35.797 [main] DEBUG nextflow.file.FilePorter - File porter settings maxRetries=3; maxTransfers=50; pollTimeout=null
Dec-02 15:54:35.800 [main] DEBUG nextflow.util.ThreadPoolBuilder - Creating thread pool 'FileTransfer' minSize=10; maxSize=96; workQueue=LinkedBlockingQueue[10000]; allowCoreThreadTimeout=false
Dec-02 15:54:35.831 [main] DEBUG nextflow.cli.CmdRun - 
  Version: 23.07.0-edge build 5875
  Created: 28-07-2023 20:27 UTC (20:27 GMT)
  System: Linux 5.4.0-166-generic
  Runtime: Groovy 3.0.18 on OpenJDK 64-Bit Server VM 17.0.6+10-LTS
  Encoding: UTF-8 (UTF-8)
  Process: 3597887@nextflow [10.233.76.38]
  CPUs: 32 - Mem: 125.7 GB (121.7 GB) - Swap: 0 (0)
Dec-02 15:54:35.876 [main] DEBUG nextflow.Session - Work-dir: /input/data/work [nfs]
Dec-02 15:54:35.877 [main] DEBUG nextflow.Session - Script base path does not exist or is not a directory: /input/chain/bin
Dec-02 15:54:35.885 [main] DEBUG nextflow.executor.ExecutorFactory - Extension executors providers=[]
Dec-02 15:54:35.892 [main] DEBUG nextflow.Session - Observer factory: DefaultObserverFactory
Dec-02 15:54:35.924 [main] DEBUG nextflow.cache.CacheFactory - Using Nextflow cache factory: nextflow.cache.DefaultCacheFactory
Dec-02 15:54:35.932 [main] DEBUG nextflow.util.CustomThreadPool - Creating default thread pool > poolSize: 33; maxThreads: 1000
Dec-02 15:54:36.026 [main] DEBUG nextflow.Session - Session start
Dec-02 15:54:36.032 [main] DEBUG nextflow.trace.TraceFileObserver - Workflow started -- trace file: /input/data/output/trace.csv
Dec-02 15:54:36.166 [main] DEBUG nextflow.script.ScriptRunner - > Launching execution
Dec-02 15:54:36.390 [main] DEBUG nextflow.script.ProcessConfig - Config settings `withName:writeLargeFile` matches process writeLargeFile
Dec-02 15:54:36.399 [main] DEBUG nextflow.executor.ExecutorFactory - << taskConfig executor: k8s
Dec-02 15:54:36.400 [main] DEBUG nextflow.executor.ExecutorFactory - >> processorType: 'k8s'
Dec-02 15:54:36.407 [main] DEBUG nextflow.executor.Executor - [warm up] executor > k8s
Dec-02 15:54:36.424 [main] DEBUG n.processor.TaskPollingMonitor - Creating task monitor for executor 'k8s' > capacity: 300; pollInterval: 5s; dumpInterval: 5m; schedulerBatch: null
Dec-02 15:54:36.428 [main] DEBUG nextflow.k8s.client.ConfigDiscovery - K8s config file does not exist: /root/.kube/config
Dec-02 15:54:36.438 [main] DEBUG nextflow.k8s.K8sExecutor - [K8s] config=[localPath:/localdata, localStorageMountPath:/localdata, scheduler:[strategy:LAv2, name:workflow-scheduler, autoClose:false, nodeSelector:usedby=anonymized, container:anonymized/test1:sch_v194], storage:[type:copy, workdir:/localdata/localwork/, nodeSelector:usedby=anonymized, imageName:anonymized/test1:ftp_v122], debug:[yaml:true], namespace:anonymized, serviceAccount:nextflow, workDir:/input/data/work/, projectDir:/input/data/project/, imagePullPolicy:IfNotPresent, launchDir:/input/data/launch/, runAsUser:0, fetchNodeName:true, storageMountPath:/input, pod:[nodeSelector:usedby=anonymized], storageClaimName:nfs-experiment]; API client config=ClientConfig[ server=10.233.0.1:443, namespace=anonymized, serviceAccount=nextflow, token=eyJhbGciOiJ.., sslCert=LS0tLS1CRUd.., clientCert=-, clientKey=-, verifySsl=false, fromFile=true, httpReadTimeout=null, httpConnectTimeout=null, maxErrorRetry=4 ]
Dec-02 15:54:36.875 [main] DEBUG nextflow.k8s.K8sExecutor - Created K8s configMap with name: nf-get-stat-41cac373
Dec-02 15:54:40.586 [main] DEBUG nextflow.script.ProcessConfig - Config settings `withName:revertFile` matches process revertFile
Dec-02 15:54:40.587 [main] DEBUG nextflow.executor.ExecutorFactory - << taskConfig executor: k8s
Dec-02 15:54:40.587 [main] DEBUG nextflow.executor.ExecutorFactory - >> processorType: 'k8s'
Dec-02 15:54:40.601 [main] DEBUG nextflow.Session - Workflow process names [dsl2]: revertFile, combineFiles, writeLargeFile
Dec-02 15:54:40.603 [main] DEBUG nextflow.Session - Igniting dataflow network (3)
Dec-02 15:54:40.605 [main] DEBUG nextflow.processor.TaskProcessor - Starting process > writeLargeFile
Dec-02 15:54:40.606 [main] DEBUG nextflow.processor.TaskProcessor - Starting process > revertFile
Dec-02 15:54:40.606 [main] DEBUG nextflow.script.ScriptRunner - > Awaiting termination 
Dec-02 15:54:40.606 [main] DEBUG nextflow.Session - Session await
Dec-02 15:54:40.915 [Task submitter] INFO  nextflow.Session - [97/5a2edb] Submitted process > writeLargeFile (4)
Dec-02 15:54:40.964 [Task submitter] INFO  nextflow.Session - [b3/0fc1be] Submitted process > writeLargeFile (31)
Dec-02 15:54:41.008 [Task submitter] INFO  nextflow.Session - [4e/cddde7] Submitted process > writeLargeFile (1)
Dec-02 15:54:41.050 [Task submitter] INFO  nextflow.Session - [9a/3570a4] Submitted process > writeLargeFile (32)
Dec-02 15:54:41.090 [Task submitter] INFO  nextflow.Session - [0f/ea135f] Submitted process > writeLargeFile (15)
Dec-02 15:54:41.130 [Task submitter] INFO  nextflow.Session - [ee/31972a] Submitted process > writeLargeFile (3)
Dec-02 15:54:41.176 [Task submitter] INFO  nextflow.Session - [61/3d19b6] Submitted process > writeLargeFile (16)
Dec-02 15:54:41.218 [Task submitter] INFO  nextflow.Session - [b6/3149e1] Submitted process > writeLargeFile (10)
Dec-02 15:54:41.261 [Task submitter] INFO  nextflow.Session - [d2/13af61] Submitted process > writeLargeFile (17)
Dec-02 15:54:41.302 [Task submitter] INFO  nextflow.Session - [44/94cb1e] Submitted process > writeLargeFile (8)
Dec-02 15:54:41.339 [Task submitter] INFO  nextflow.Session - [e3/1f3b46] Submitted process > writeLargeFile (5)
Dec-02 15:54:41.376 [Task submitter] INFO  nextflow.Session - [3f/e918ed] Submitted process > writeLargeFile (28)
Dec-02 15:54:41.412 [Task submitter] INFO  nextflow.Session - [ce/eada96] Submitted process > writeLargeFile (11)
Dec-02 15:54:41.450 [Task submitter] INFO  nextflow.Session - [85/9b0e4b] Submitted process > writeLargeFile (30)
Dec-02 15:54:41.489 [Task submitter] INFO  nextflow.Session - [21/bfe92f] Submitted process > writeLargeFile (20)
Dec-02 15:54:41.532 [Task submitter] INFO  nextflow.Session - [3b/312f2a] Submitted process > writeLargeFile (9)
Dec-02 15:54:41.566 [Task submitter] INFO  nextflow.Session - [84/251e63] Submitted process > writeLargeFile (14)
Dec-02 15:54:41.598 [Task submitter] INFO  nextflow.Session - [5d/cae1ce] Submitted process > writeLargeFile (26)
Dec-02 15:54:41.634 [Task submitter] INFO  nextflow.Session - [a5/b364f1] Submitted process > writeLargeFile (25)
Dec-02 15:54:41.670 [Task submitter] INFO  nextflow.Session - [ff/067179] Submitted process > writeLargeFile (29)
Dec-02 15:54:41.706 [Task submitter] INFO  nextflow.Session - [8a/a500f4] Submitted process > writeLargeFile (13)
Dec-02 15:54:41.740 [Task submitter] INFO  nextflow.Session - [aa/d2121d] Submitted process > writeLargeFile (24)
Dec-02 15:54:41.784 [Task submitter] INFO  nextflow.Session - [b2/0c8d86] Submitted process > writeLargeFile (7)
Dec-02 15:54:41.821 [Task submitter] INFO  nextflow.Session - [30/8dabdd] Submitted process > writeLargeFile (6)
Dec-02 15:54:41.858 [Task submitter] INFO  nextflow.Session - [3c/0a6b0c] Submitted process > writeLargeFile (21)
Dec-02 15:54:41.897 [Task submitter] INFO  nextflow.Session - [1f/0c845f] Submitted process > writeLargeFile (19)
Dec-02 15:54:41.934 [Task submitter] INFO  nextflow.Session - [5d/655150] Submitted process > writeLargeFile (2)
Dec-02 15:54:41.970 [Task submitter] INFO  nextflow.Session - [aa/a94b16] Submitted process > writeLargeFile (27)
Dec-02 15:54:42.008 [Task submitter] INFO  nextflow.Session - [ff/bad82d] Submitted process > writeLargeFile (43)
Dec-02 15:54:42.048 [Task submitter] INFO  nextflow.Session - [49/d4b5d2] Submitted process > writeLargeFile (22)
Dec-02 15:54:42.084 [Task submitter] INFO  nextflow.Session - [a2/7e2198] Submitted process > writeLargeFile (12)
Dec-02 15:54:42.118 [Task submitter] INFO  nextflow.Session - [04/60b456] Submitted process > writeLargeFile (44)
Dec-02 15:54:42.154 [Task submitter] INFO  nextflow.Session - [b5/be6567] Submitted process > writeLargeFile (18)
Dec-02 15:54:42.189 [Task submitter] INFO  nextflow.Session - [65/3898bc] Submitted process > writeLargeFile (23)
Dec-02 15:54:42.225 [Task submitter] INFO  nextflow.Session - [cb/f53623] Submitted process > writeLargeFile (35)
Dec-02 15:54:42.259 [Task submitter] INFO  nextflow.Session - [c6/460908] Submitted process > writeLargeFile (36)
Dec-02 15:54:42.292 [Task submitter] INFO  nextflow.Session - [86/495979] Submitted process > writeLargeFile (37)
Dec-02 15:54:42.322 [Task submitter] INFO  nextflow.Session - [62/aff85b] Submitted process > writeLargeFile (34)
Dec-02 15:54:42.355 [Task submitter] INFO  nextflow.Session - [f3/76461b] Submitted process > writeLargeFile (40)
Dec-02 15:54:42.390 [Task submitter] INFO  nextflow.Session - [fa/f88fad] Submitted process > writeLargeFile (33)
Dec-02 15:54:42.426 [Task submitter] INFO  nextflow.Session - [b7/fd9df7] Submitted process > writeLargeFile (39)
Dec-02 15:54:42.462 [Task submitter] INFO  nextflow.Session - [42/75768c] Submitted process > writeLargeFile (38)
Dec-02 15:54:42.498 [Task submitter] INFO  nextflow.Session - [80/5e38ed] Submitted process > writeLargeFile (41)
Dec-02 15:54:42.533 [Task submitter] INFO  nextflow.Session - [24/17265f] Submitted process > writeLargeFile (42)
Dec-02 15:54:42.569 [Task submitter] INFO  nextflow.Session - [65/05b61a] Submitted process > writeLargeFile (57)
Dec-02 15:54:42.607 [Task submitter] INFO  nextflow.Session - [c4/0880b7] Submitted process > writeLargeFile (60)
Dec-02 15:54:42.642 [Task submitter] INFO  nextflow.Session - [a2/f08fb3] Submitted process > writeLargeFile (58)
Dec-02 15:54:42.681 [Task submitter] INFO  nextflow.Session - [ed/65fa43] Submitted process > writeLargeFile (46)
Dec-02 15:54:42.716 [Task submitter] INFO  nextflow.Session - [f2/c1306f] Submitted process > writeLargeFile (45)
Dec-02 15:54:42.748 [Task submitter] INFO  nextflow.Session - [6b/e09024] Submitted process > writeLargeFile (47)
Dec-02 15:54:42.783 [Task submitter] INFO  nextflow.Session - [42/59a464] Submitted process > writeLargeFile (49)
Dec-02 15:54:42.815 [Task submitter] INFO  nextflow.Session - [42/bef14a] Submitted process > writeLargeFile (50)
Dec-02 15:54:42.851 [Task submitter] INFO  nextflow.Session - [07/d7c8ba] Submitted process > writeLargeFile (51)
Dec-02 15:54:42.887 [Task submitter] INFO  nextflow.Session - [42/451f40] Submitted process > writeLargeFile (64)
Dec-02 15:54:42.922 [Task submitter] INFO  nextflow.Session - [0b/68a31c] Submitted process > writeLargeFile (59)
Dec-02 15:54:42.963 [Task submitter] INFO  nextflow.Session - [24/cd9be5] Submitted process > writeLargeFile (71)
Dec-02 15:54:43.000 [Task submitter] INFO  nextflow.Session - [f3/d140b7] Submitted process > writeLargeFile (70)
Dec-02 15:54:43.036 [Task submitter] INFO  nextflow.Session - [87/0ff15d] Submitted process > writeLargeFile (62)
Dec-02 15:54:43.073 [Task submitter] INFO  nextflow.Session - [23/80b2f0] Submitted process > writeLargeFile (52)
Dec-02 15:54:43.110 [Task submitter] INFO  nextflow.Session - [27/50875f] Submitted process > writeLargeFile (53)
Dec-02 15:54:43.177 [Task submitter] INFO  nextflow.Session - [dd/d8e45c] Submitted process > writeLargeFile (54)
Dec-02 15:54:43.211 [Task submitter] INFO  nextflow.Session - [3d/45e9f0] Submitted process > writeLargeFile (48)
Dec-02 15:54:43.244 [Task submitter] INFO  nextflow.Session - [6c/82fc23] Submitted process > writeLargeFile (56)
Dec-02 15:54:43.307 [Task submitter] INFO  nextflow.Session - [cb/cd64ea] Submitted process > writeLargeFile (85)
Dec-02 15:54:43.367 [Task submitter] INFO  nextflow.Session - [a3/0bf461] Submitted process > writeLargeFile (61)
Dec-02 15:54:43.472 [Task submitter] INFO  nextflow.Session - [16/244dc2] Submitted process > writeLargeFile (55)
Dec-02 15:54:43.529 [Task submitter] INFO  nextflow.Session - [8e/c62e69] Submitted process > writeLargeFile (63)
Dec-02 15:54:43.592 [Task submitter] INFO  nextflow.Session - [6c/62770e] Submitted process > writeLargeFile (94)
Dec-02 15:54:43.654 [Task submitter] INFO  nextflow.Session - [12/64ef05] Submitted process > writeLargeFile (74)
Dec-02 15:54:43.697 [Task submitter] INFO  nextflow.Session - [aa/ca0857] Submitted process > writeLargeFile (92)
Dec-02 15:54:43.750 [Task submitter] INFO  nextflow.Session - [cb/a7c5aa] Submitted process > writeLargeFile (96)
Dec-02 15:54:43.898 [Task submitter] INFO  nextflow.Session - [55/73e4ce] Submitted process > writeLargeFile (83)
Dec-02 15:54:43.964 [Task submitter] INFO  nextflow.Session - [b6/d23bce] Submitted process > writeLargeFile (95)
Dec-02 15:54:44.081 [Task submitter] INFO  nextflow.Session - [31/32e883] Submitted process > writeLargeFile (67)
Dec-02 15:54:44.162 [Task submitter] INFO  nextflow.Session - [1b/009fd7] Submitted process > writeLargeFile (82)
Dec-02 15:54:44.213 [Task submitter] INFO  nextflow.Session - [3c/a071fe] Submitted process > writeLargeFile (100)
Dec-02 15:54:44.275 [Task submitter] INFO  nextflow.Session - [59/8d507a] Submitted process > writeLargeFile (89)
Dec-02 15:54:44.328 [Task submitter] INFO  nextflow.Session - [10/cbd8c4] Submitted process > writeLargeFile (91)
Dec-02 15:54:44.408 [Task submitter] INFO  nextflow.Session - [56/10efb1] Submitted process > writeLargeFile (80)
Dec-02 15:54:44.508 [Task submitter] INFO  nextflow.Session - [1a/5bdfe9] Submitted process > writeLargeFile (87)
Dec-02 15:54:44.574 [Task submitter] INFO  nextflow.Session - [57/ac3637] Submitted process > writeLargeFile (68)
Dec-02 15:54:44.636 [Task submitter] INFO  nextflow.Session - [50/da1386] Submitted process > writeLargeFile (77)
Dec-02 15:54:44.702 [Task submitter] INFO  nextflow.Session - [f4/0dd1e2] Submitted process > writeLargeFile (78)
Dec-02 15:54:44.760 [Task submitter] INFO  nextflow.Session - [0a/b537f9] Submitted process > writeLargeFile (65)
Dec-02 15:54:44.812 [Task submitter] INFO  nextflow.Session - [ac/d958ba] Submitted process > writeLargeFile (84)
Dec-02 15:54:44.891 [Task submitter] INFO  nextflow.Session - [60/74b4bf] Submitted process > writeLargeFile (69)
Dec-02 15:54:44.966 [Task submitter] INFO  nextflow.Session - [99/155c8a] Submitted process > writeLargeFile (72)
Dec-02 15:54:45.034 [Task submitter] INFO  nextflow.Session - [da/6a72d3] Submitted process > writeLargeFile (75)
Dec-02 15:54:45.107 [Task submitter] INFO  nextflow.Session - [19/9cadda] Submitted process > writeLargeFile (81)
Dec-02 15:54:45.171 [Task submitter] INFO  nextflow.Session - [88/63aaba] Submitted process > writeLargeFile (73)
Dec-02 15:54:45.248 [Task submitter] INFO  nextflow.Session - [89/bed79f] Submitted process > writeLargeFile (86)
Dec-02 15:54:45.308 [Task submitter] INFO  nextflow.Session - [66/6f1817] Submitted process > writeLargeFile (76)
Dec-02 15:54:45.367 [Task submitter] INFO  nextflow.Session - [31/1584c3] Submitted process > writeLargeFile (79)
Dec-02 15:54:45.431 [Task submitter] INFO  nextflow.Session - [56/3d050c] Submitted process > writeLargeFile (66)
Dec-02 15:54:45.505 [Task submitter] INFO  nextflow.Session - [6e/98f2ba] Submitted process > writeLargeFile (90)
Dec-02 15:54:45.561 [Task submitter] INFO  nextflow.Session - [bb/304874] Submitted process > writeLargeFile (88)
Dec-02 15:54:45.626 [Task submitter] INFO  nextflow.Session - [d1/8e5ca2] Submitted process > writeLargeFile (93)
Dec-02 15:54:45.732 [Task submitter] INFO  nextflow.Session - [da/00b195] Submitted process > writeLargeFile (99)
Dec-02 15:54:45.782 [Task submitter] INFO  nextflow.Session - [c5/400e50] Submitted process > writeLargeFile (98)
Dec-02 15:54:45.854 [Task submitter] INFO  nextflow.Session - [36/8af0a1] Submitted process > writeLargeFile (97)
Dec-02 15:54:51.477 [Task monitor] DEBUG n.processor.TaskPollingMonitor - Task completed > TaskHandler[id: 4; name: writeLargeFile (4); status: COMPLETED; exit: 0; error: -; workDir: /input/data/work/97/5a2edb36647788a74597e5fba2cde0]
Dec-02 15:54:51.563 [Task monitor] DEBUG n.processor.TaskPollingMonitor - Task completed > TaskHandler[id: 31; name: writeLargeFile (31); status: COMPLETED; exit: 0; error: -; workDir: /input/data/work/b3/0fc1be4bed4596c862768f0fa6f23d]
Dec-02 15:54:51.572 [Task submitter] INFO  nextflow.Session - [5e/73d393] Submitted process > revertFile (4)
Dec-02 15:54:51.602 [Task submitter] INFO  nextflow.Session - [75/953b02] Submitted process > revertFile (31)
Dec-02 15:54:51.611 [Task monitor] DEBUG n.processor.TaskPollingMonitor - Task completed > TaskHandler[id: 1; name: writeLargeFile (1); status: COMPLETED; exit: 0; error: -; workDir: /input/data/work/4e/cddde7e0480d62b110d35a62dc7021]
Dec-02 15:54:51.661 [Task submitter] INFO  nextflow.Session - [58/7cd156] Submitted process > revertFile (1)
Dec-02 15:54:51.672 [Task monitor] DEBUG n.processor.TaskPollingMonitor - Task completed > TaskHandler[id: 32; name: writeLargeFile (32); status: COMPLETED; exit: 0; error: -; workDir: /input/data/work/9a/3570a47773aab6479449fff7aa0cd4]
Dec-02 15:54:51.715 [Task submitter] INFO  nextflow.Session - [1a/dbe0b9] Submitted process > revertFile (32)
Dec-02 15:54:51.719 [Task monitor] DEBUG n.processor.TaskPollingMonitor - Task completed > TaskHandler[id: 15; name: writeLargeFile (15); status: COMPLETED; exit: 0; error: -; workDir: /input/data/work/0f/ea135fd581d262945f39330eec1884]
Dec-02 15:54:51.760 [Task submitter] INFO  nextflow.Session - [f5/cce144] Submitted process > revertFile (15)
Dec-02 15:54:51.765 [Task monitor] DEBUG n.processor.TaskPollingMonitor - Task completed > TaskHandler[id: 3; name: writeLargeFile (3); status: COMPLETED; exit: 0; error: -; workDir: /input/data/work/ee/31972a098d9b47c0105857bfab5c7c]
Dec-02 15:54:51.802 [Task submitter] INFO  nextflow.Session - [53/052f0e] Submitted process > revertFile (3)
Dec-02 15:54:51.814 [Task monitor] DEBUG n.processor.TaskPollingMonitor - Task completed > TaskHandler[id: 16; name: writeLargeFile (16); status: COMPLETED; exit: 0; error: -; workDir: /input/data/work/61/3d19b66aa9d2f34528cd4352fe779d]
Dec-02 15:54:51.854 [Task submitter] INFO  nextflow.Session - [90/474e58] Submitted process > revertFile (16)
Dec-02 15:54:51.861 [Task monitor] DEBUG n.processor.TaskPollingMonitor - Task completed > TaskHandler[id: 10; name: writeLargeFile (10); status: COMPLETED; exit: 0; error: -; workDir: /input/data/work/b6/3149e13592eb7356594412d2093051]
Dec-02 15:54:51.905 [Task submitter] INFO  nextflow.Session - [a8/81a40a] Submitted process > revertFile (10)
Dec-02 15:54:51.909 [Task monitor] DEBUG n.processor.TaskPollingMonitor - Task completed > TaskHandler[id: 17; name: writeLargeFile (17); status: COMPLETED; exit: 0; error: -; workDir: /input/data/work/d2/13af61e9381e4e5d195beb176e21f8]
Dec-02 15:54:51.974 [Task submitter] INFO  nextflow.Session - [85/0fe177] Submitted process > revertFile (17)
Dec-02 15:54:51.978 [Task monitor] DEBUG n.processor.TaskPollingMonitor - Task completed > TaskHandler[id: 8; name: writeLargeFile (8); status: COMPLETED; exit: 0; error: -; workDir: /input/data/work/44/94cb1ef8784db03367e475325805c9]
Dec-02 15:54:52.018 [Task submitter] INFO  nextflow.Session - [90/c1822a] Submitted process > revertFile (8)
Dec-02 15:54:52.019 [Task monitor] DEBUG n.processor.TaskPollingMonitor - Task completed > TaskHandler[id: 5; name: writeLargeFile (5); status: COMPLETED; exit: 0; error: -; workDir: /input/data/work/e3/1f3b46875a0e919169f0f7e243b5ea]
Dec-02 15:54:52.061 [Task submitter] INFO  nextflow.Session - [ab/fe65a0] Submitted process > revertFile (5)
Dec-02 15:54:52.063 [Task monitor] DEBUG n.processor.TaskPollingMonitor - Task completed > TaskHandler[id: 28; name: writeLargeFile (28); status: COMPLETED; exit: 0; error: -; workDir: /input/data/work/3f/e918ed6c5c8838958638edbbf76227]
Dec-02 15:54:52.107 [Task submitter] INFO  nextflow.Session - [2d/1f0951] Submitted process > revertFile (28)
Dec-02 15:54:52.108 [Task monitor] DEBUG n.processor.TaskPollingMonitor - Task completed > TaskHandler[id: 11; name: writeLargeFile (11); status: COMPLETED; exit: 0; error: -; workDir: /input/data/work/ce/eada9664e4ea86b030fee8670ca041]
Dec-02 15:54:52.142 [Task submitter] INFO  nextflow.Session - [5e/14aba5] Submitted process > revertFile (11)
Dec-02 15:54:52.150 [Task monitor] DEBUG n.processor.TaskPollingMonitor - Task completed > TaskHandler[id: 30; name: writeLargeFile (30); status: COMPLETED; exit: 0; error: -; workDir: /input/data/work/85/9b0e4b46b051e1f1e5439cb6cb7a7e]
Dec-02 15:54:52.188 [Task submitter] INFO  nextflow.Session - [e6/987535] Submitted process > revertFile (30)
Dec-02 15:54:52.190 [Task monitor] DEBUG n.processor.TaskPollingMonitor - Task completed > TaskHandler[id: 20; name: writeLargeFile (20); status: COMPLETED; exit: 0; error: -; workDir: /input/data/work/21/bfe92faac95abfa4c1459af602b28a]
Dec-02 15:54:52.227 [Task submitter] INFO  nextflow.Session - [06/da8d06] Submitted process > revertFile (20)
Dec-02 15:54:52.231 [Task monitor] DEBUG n.processor.TaskPollingMonitor - Task completed > TaskHandler[id: 9; name: writeLargeFile (9); status: COMPLETED; exit: 0; error: -; workDir: /input/data/work/3b/312f2a5a1b383ae0145d0e0f468efc]
Dec-02 15:54:52.308 [Task submitter] INFO  nextflow.Session - [45/0ebaaf] Submitted process > revertFile (9)
Dec-02 15:54:52.329 [Task monitor] DEBUG n.processor.TaskPollingMonitor - Task completed > TaskHandler[id: 14; name: writeLargeFile (14); status: COMPLETED; exit: 0; error: -; workDir: /input/data/work/84/251e631122b6f88537f03e05dc31bf]
Dec-02 15:54:52.386 [Task submitter] INFO  nextflow.Session - [d8/5f4253] Submitted process > revertFile (14)
Dec-02 15:54:52.437 [Task monitor] DEBUG n.processor.TaskPollingMonitor - Task completed > TaskHandler[id: 26; name: writeLargeFile (26); status: COMPLETED; exit: 0; error: -; workDir: /input/data/work/5d/cae1ce5639eafadf6ec66fd92cd411]
Dec-02 15:54:52.507 [Task submitter] INFO  nextflow.Session - [d8/5adf09] Submitted process > revertFile (26)
Dec-02 15:54:52.604 [Task monitor] DEBUG n.processor.TaskPollingMonitor - Task completed > TaskHandler[id: 25; name: writeLargeFile (25); status: COMPLETED; exit: 0; error: -; workDir: /input/data/work/a5/b364f15668f8eb43563e5ef3916161]
Dec-02 15:54:52.682 [Task submitter] INFO  nextflow.Session - [e7/ac364e] Submitted process > revertFile (25)
Dec-02 15:54:52.757 [Task monitor] DEBUG n.processor.TaskPollingMonitor - Task completed > TaskHandler[id: 29; name: writeLargeFile (29); status: COMPLETED; exit: 0; error: -; workDir: /input/data/work/ff/067179afb1b5b08ca7ff413d2b5dea]
Dec-02 15:54:52.828 [Task submitter] INFO  nextflow.Session - [11/a780ef] Submitted process > revertFile (29)
Dec-02 15:54:52.916 [Task monitor] DEBUG n.processor.TaskPollingMonitor - Task completed > TaskHandler[id: 13; name: writeLargeFile (13); status: COMPLETED; exit: 0; error: -; workDir: /input/data/work/8a/a500f4aa932658886641e16dcf72f1]
Dec-02 15:54:52.980 [Task submitter] INFO  nextflow.Session - [f8/3e46c1] Submitted process > revertFile (13)
Dec-02 15:54:56.595 [Task monitor] DEBUG n.processor.TaskPollingMonitor - Task completed > TaskHandler[id: 24; name: writeLargeFile (24); status: COMPLETED; exit: 0; error: -; workDir: /input/data/work/aa/d2121d01e69684f2d369ea0945223c]
Dec-02 15:54:56.775 [Task monitor] DEBUG n.processor.TaskPollingMonitor - Task completed > TaskHandler[id: 7; name: writeLargeFile (7); status: COMPLETED; exit: 0; error: -; workDir: /input/data/work/b2/0c8d86a74a7d999dfaf82c7eadb8f3]
Dec-02 15:54:56.780 [Task submitter] INFO  nextflow.Session - [c4/8e27b6] Submitted process > revertFile (24)
Dec-02 15:54:56.856 [Task submitter] INFO  nextflow.Session - [4d/7fea60] Submitted process > revertFile (7)
Dec-02 15:54:56.911 [Task monitor] DEBUG n.processor.TaskPollingMonitor - Task completed > TaskHandler[id: 6; name: writeLargeFile (6); status: COMPLETED; exit: 0; error: -; workDir: /input/data/work/30/8dabdd184e5a7267111c5a14f27045]
Dec-02 15:54:57.044 [Task submitter] INFO  nextflow.Session - [2e/25a565] Submitted process > revertFile (6)
Dec-02 15:55:00.359 [Task monitor] DEBUG n.processor.TaskPollingMonitor - Task completed > TaskHandler[id: 72; name: writeLargeFile (72); status: COMPLETED; exit: 0; error: -; workDir: /input/data/work/99/155c8ac78c786f51c3d0072f7e5ad8]
Dec-02 15:55:00.398 [Task submitter] INFO  nextflow.Session - [dc/37e924] Submitted process > revertFile (72)
Dec-02 15:55:00.399 [Task monitor] DEBUG n.processor.TaskPollingMonitor - Task completed > TaskHandler[id: 75; name: writeLargeFile (75); status: COMPLETED; exit: 0; error: -; workDir: /input/data/work/da/6a72d3b6b2627c45a1755c08b2105f]
Dec-02 15:55:00.436 [Task monitor] DEBUG n.processor.TaskPollingMonitor - Task completed > TaskHandler[id: 81; name: writeLargeFile (81); status: COMPLETED; exit: 0; error: -; workDir: /input/data/work/19/9cadda52d49210d131a7d91c27bd3f]
Dec-02 15:55:00.438 [Task submitter] INFO  nextflow.Session - [3e/2c7932] Submitted process > revertFile (75)
Dec-02 15:55:00.477 [Task submitter] INFO  nextflow.Session - [0e/29f14e] Submitted process > revertFile (81)
Dec-02 15:55:00.479 [Task monitor] DEBUG n.processor.TaskPollingMonitor - Task completed > TaskHandler[id: 73; name: writeLargeFile (73); status: COMPLETED; exit: 0; error: -; workDir: /input/data/work/88/63aaba2b4ae48c3ec0942e4aefc379]
Dec-02 15:55:00.521 [Task monitor] DEBUG n.processor.TaskPollingMonitor - Task completed > TaskHandler[id: 86; name: writeLargeFile (86); status: COMPLETED; exit: 0; error: -; workDir: /input/data/work/89/bed79f725fff05821aebddb1ad008d]
Dec-02 15:55:00.521 [Task submitter] INFO  nextflow.Session - [b6/2f7479] Submitted process > revertFile (73)
Dec-02 15:55:00.559 [Task submitter] INFO  nextflow.Session - [6c/c5eb7c] Submitted process > revertFile (86)
Dec-02 15:55:00.653 [Task monitor] DEBUG n.processor.TaskPollingMonitor - Task completed > TaskHandler[id: 76; name: writeLargeFile (76); status: COMPLETED; exit: 0; error: -; workDir: /input/data/work/66/6f1817e56ab42cc9e8914c8a25f71f]
Dec-02 15:55:00.692 [Task submitter] INFO  nextflow.Session - [b6/3a9b5c] Submitted process > revertFile (76)
Dec-02 15:55:00.695 [Task monitor] DEBUG n.processor.TaskPollingMonitor - Task completed > TaskHandler[id: 79; name: writeLargeFile (79); status: COMPLETED; exit: 0; error: -; workDir: /input/data/work/31/1584c31a1d532270a7ca14bfa6d24b]
Dec-02 15:55:00.732 [Task monitor] DEBUG n.processor.TaskPollingMonitor - Task completed > TaskHandler[id: 66; name: writeLargeFile (66); status: COMPLETED; exit: 0; error: -; workDir: /input/data/work/56/3d050c4627c1ebd5ac7b0395155146]
Dec-02 15:55:00.736 [Task submitter] INFO  nextflow.Session - [df/b2e3e3] Submitted process > revertFile (79)
Dec-02 15:55:00.767 [Task monitor] DEBUG n.processor.TaskPollingMonitor - Task completed > TaskHandler[id: 90; name: writeLargeFile (90); status: COMPLETED; exit: 0; error: -; workDir: /input/data/work/6e/98f2ba39d14770e1ed43bb0be777a3]
Dec-02 15:55:00.770 [Task submitter] INFO  nextflow.Session - [a6/338dbc] Submitted process > revertFile (66)
Dec-02 15:55:00.808 [Task monitor] DEBUG n.processor.TaskPollingMonitor - Task completed > TaskHandler[id: 88; name: writeLargeFile (88); status: COMPLETED; exit: 0; error: -; workDir: /input/data/work/bb/30487451f4f0a2702370f0aae339ae]
Dec-02 15:55:00.809 [Task submitter] INFO  nextflow.Session - [8f/7b5b62] Submitted process > revertFile (90)
Dec-02 15:55:00.847 [Task monitor] DEBUG n.processor.TaskPollingMonitor - Task completed > TaskHandler[id: 93; name: writeLargeFile (93); status: COMPLETED; exit: 0; error: -; workDir: /input/data/work/d1/8e5ca2bf337060dd9e3194f5aa2e57]
Dec-02 15:55:00.851 [Task submitter] INFO  nextflow.Session - [73/2ffbcb] Submitted process > revertFile (88)
Dec-02 15:55:00.887 [Task submitter] INFO  nextflow.Session - [0c/bddba0] Submitted process > revertFile (93)
Dec-02 15:55:00.892 [Task monitor] DEBUG n.processor.TaskPollingMonitor - Task completed > TaskHandler[id: 99; name: writeLargeFile (99); status: COMPLETED; exit: 0; error: -; workDir: /input/data/work/da/00b195c609c4d30c629fe1438d32af]
Dec-02 15:55:00.929 [Task submitter] INFO  nextflow.Session - [90/bae7cd] Submitted process > revertFile (99)
Dec-02 15:55:00.996 [Task monitor] DEBUG n.processor.TaskPollingMonitor - Task completed > TaskHandler[id: 98; name: writeLargeFile (98); status: COMPLETED; exit: 0; error: -; workDir: /input/data/work/c5/400e50194feca1665d92f9496eeefb]
Dec-02 15:55:01.051 [Task submitter] INFO  nextflow.Session - [0c/76ca78] Submitted process > revertFile (98)
Dec-02 15:55:01.053 [Task monitor] DEBUG n.processor.TaskPollingMonitor - Task completed > TaskHandler[id: 97; name: writeLargeFile (97); status: COMPLETED; exit: 0; error: -; workDir: /input/data/work/36/8af0a13f38668a2b94af831c032526]
Dec-02 15:55:01.089 [Task submitter] INFO  nextflow.Session - [b2/55fdff] Submitted process > revertFile (97)
Dec-02 15:55:01.760 [Task monitor] DEBUG n.processor.TaskPollingMonitor - Task completed > TaskHandler[id: 19; name: writeLargeFile (19); status: COMPLETED; exit: 0; error: -; workDir: /input/data/work/1f/0c845fc7505e4a45e03ddcbab2aa75]
Dec-02 15:55:01.796 [Task submitter] INFO  nextflow.Session - [f9/51dde7] Submitted process > revertFile (19)
Dec-02 15:55:01.801 [Task monitor] DEBUG n.processor.TaskPollingMonitor - Task completed > TaskHandler[id: 2; name: writeLargeFile (2); status: COMPLETED; exit: 0; error: -; workDir: /input/data/work/5d/655150ae0f15adc757b901a7dbf5d8]
Dec-02 15:55:01.836 [Task submitter] INFO  nextflow.Session - [66/224c29] Submitted process > revertFile (2)
Dec-02 15:55:02.512 [Task monitor] DEBUG n.processor.TaskPollingMonitor - Task completed > TaskHandler[id: 50; name: writeLargeFile (50); status: COMPLETED; exit: 0; error: -; workDir: /input/data/work/42/bef14abcf06fc0a5feecbcafb4befd]
Dec-02 15:55:02.551 [Task submitter] INFO  nextflow.Session - [ce/7b0b2f] Submitted process > revertFile (50)
Dec-02 15:55:02.561 [Task monitor] DEBUG n.processor.TaskPollingMonitor - Task completed > TaskHandler[id: 51; name: writeLargeFile (51); status: COMPLETED; exit: 0; error: -; workDir: /input/data/work/07/d7c8bad430932adf8136b245f90c88]
Dec-02 15:55:02.602 [Task submitter] INFO  nextflow.Session - [04/79293c] Submitted process > revertFile (51)
Dec-02 15:55:02.603 [Task monitor] DEBUG n.processor.TaskPollingMonitor - Task completed > TaskHandler[id: 64; name: writeLargeFile (64); status: COMPLETED; exit: 0; error: -; workDir: /input/data/work/42/451f40b32c412aa04db7f67ff1a7e5]
Dec-02 15:55:02.644 [Task submitter] INFO  nextflow.Session - [02/d3a5eb] Submitted process > revertFile (64)
Dec-02 15:55:04.174 [Task monitor] DEBUG n.processor.TaskPollingMonitor - Task completed > TaskHandler[id: 78; name: writeLargeFile (78); status: COMPLETED; exit: 0; error: -; workDir: /input/data/work/f4/0dd1e224630a610a2034779ca30c01]
Dec-02 15:55:04.278 [Task submitter] INFO  nextflow.Session - [64/d5a693] Submitted process > revertFile (78)
Dec-02 15:55:04.427 [Task monitor] DEBUG n.processor.TaskPollingMonitor - Task completed > TaskHandler[id: 69; name: writeLargeFile (69); status: COMPLETED; exit: 0; error: -; workDir: /input/data/work/60/74b4bf9034f386aa48feb135138ba5]
Dec-02 15:55:04.501 [Task submitter] INFO  nextflow.Session - [91/db9b7f] Submitted process > revertFile (69)
Dec-02 15:55:11.762 [Task monitor] DEBUG n.processor.TaskPollingMonitor - Task completed > TaskHandler[id: 21; name: writeLargeFile (21); status: COMPLETED; exit: 0; error: -; workDir: /input/data/work/3c/0a6b0cb9183ab275511956113ac91f]
Dec-02 15:55:11.797 [Task submitter] INFO  nextflow.Session - [89/d93945] Submitted process > revertFile (21)
Dec-02 15:55:12.834 [Task monitor] DEBUG n.processor.TaskPollingMonitor - Task completed > TaskHandler[id: 58; name: writeLargeFile (58); status: COMPLETED; exit: 0; error: -; workDir: /input/data/work/a2/f08fb31baf0e2ce80431b359c10fb2]
Dec-02 15:55:12.873 [Task submitter] INFO  nextflow.Session - [b4/3a07f6] Submitted process > revertFile (58)
Dec-02 15:55:12.881 [Task monitor] DEBUG n.processor.TaskPollingMonitor - Task completed > TaskHandler[id: 46; name: writeLargeFile (46); status: COMPLETED; exit: 0; error: -; workDir: /input/data/work/ed/65fa43da5dcc83628b0c1ec53979bf]
Dec-02 15:55:12.920 [Task submitter] INFO  nextflow.Session - [0e/4e1cc3] Submitted process > revertFile (46)
Dec-02 15:55:12.923 [Task monitor] DEBUG n.processor.TaskPollingMonitor - Task completed > TaskHandler[id: 45; name: writeLargeFile (45); status: COMPLETED; exit: 0; error: -; workDir: /input/data/work/f2/c1306fd724ddb2a8f7bd4246f49878]
Dec-02 15:55:12.963 [Task submitter] INFO  nextflow.Session - [71/d17211] Submitted process > revertFile (45)
Dec-02 15:55:12.974 [Task monitor] DEBUG n.processor.TaskPollingMonitor - Task completed > TaskHandler[id: 47; name: writeLargeFile (47); status: COMPLETED; exit: 0; error: -; workDir: /input/data/work/6b/e0902431fa993c479b251fa1f81f38]
Dec-02 15:55:13.015 [Task submitter] INFO  nextflow.Session - [ff/f0309b] Submitted process > revertFile (47)
Dec-02 15:55:13.025 [Task monitor] DEBUG n.processor.TaskPollingMonitor - Task completed > TaskHandler[id: 49; name: writeLargeFile (49); status: COMPLETED; exit: 0; error: -; workDir: /input/data/work/42/59a464c974fb7fd398b84f19e7dae6]
Dec-02 15:55:13.067 [Task submitter] INFO  nextflow.Session - [18/3d5a74] Submitted process > revertFile (49)
Dec-02 15:55:13.079 [Task monitor] DEBUG n.processor.TaskPollingMonitor - Task completed > TaskHandler[id: 59; name: writeLargeFile (59); status: COMPLETED; exit: 0; error: -; workDir: /input/data/work/0b/68a31ca892b1b1a19e3c28c1954429]
Dec-02 15:55:13.118 [Task submitter] INFO  nextflow.Session - [d0/e40186] Submitted process > revertFile (59)
Dec-02 15:55:13.136 [Task monitor] DEBUG n.processor.TaskPollingMonitor - Task completed > TaskHandler[id: 71; name: writeLargeFile (71); status: COMPLETED; exit: 0; error: -; workDir: /input/data/work/24/cd9be577c9c1b8ef1ea24fdfceab62]
Dec-02 15:55:13.175 [Task submitter] INFO  nextflow.Session - [f8/ba5441] Submitted process > revertFile (71)
Dec-02 15:55:13.191 [Task monitor] DEBUG n.processor.TaskPollingMonitor - Task completed > TaskHandler[id: 70; name: writeLargeFile (70); status: COMPLETED; exit: 0; error: -; workDir: /input/data/work/f3/d140b76036b5da870e9318d3309df0]
Dec-02 15:55:13.234 [Task submitter] INFO  nextflow.Session - [55/260869] Submitted process > revertFile (70)
Dec-02 15:55:13.236 [Task monitor] DEBUG n.processor.TaskPollingMonitor - Task completed > TaskHandler[id: 62; name: writeLargeFile (62); status: COMPLETED; exit: 0; error: -; workDir: /input/data/work/87/0ff15d2f9b76fcc5a4e6ed48f42f77]
Dec-02 15:55:13.281 [Task submitter] INFO  nextflow.Session - [76/9ff099] Submitted process > revertFile (62)
Dec-02 15:55:13.282 [Task monitor] DEBUG n.processor.TaskPollingMonitor - Task completed > TaskHandler[id: 52; name: writeLargeFile (52); status: COMPLETED; exit: 0; error: -; workDir: /input/data/work/23/80b2f0b757820ba6eab18b5f417ee7]
Dec-02 15:55:13.320 [Task monitor] DEBUG n.processor.TaskPollingMonitor - Task completed > TaskHandler[id: 53; name: writeLargeFile (53); status: COMPLETED; exit: 0; error: -; workDir: /input/data/work/27/50875f43eabb779d7d9357cd808ed2]
Dec-02 15:55:13.324 [Task submitter] INFO  nextflow.Session - [93/6c0722] Submitted process > revertFile (52)
Dec-02 15:55:13.370 [Task submitter] INFO  nextflow.Session - [15/0ef462] Submitted process > revertFile (53)
Dec-02 15:55:13.370 [Task monitor] DEBUG n.processor.TaskPollingMonitor - Task completed > TaskHandler[id: 54; name: writeLargeFile (54); status: COMPLETED; exit: 0; error: -; workDir: /input/data/work/dd/d8e45ce2094cd390ae7d95799e7b70]
Dec-02 15:55:13.411 [Task submitter] INFO  nextflow.Session - [2f/697e2a] Submitted process > revertFile (54)
Dec-02 15:55:13.429 [Task monitor] DEBUG n.processor.TaskPollingMonitor - Task completed > TaskHandler[id: 48; name: writeLargeFile (48); status: COMPLETED; exit: 0; error: -; workDir: /input/data/work/3d/45e9f02bac368a96b76d111bef4752]
Dec-02 15:55:13.466 [Task submitter] INFO  nextflow.Session - [4d/83b1f9] Submitted process > revertFile (48)
Dec-02 15:55:13.486 [Task monitor] DEBUG n.processor.TaskPollingMonitor - Task completed > TaskHandler[id: 56; name: writeLargeFile (56); status: COMPLETED; exit: 0; error: -; workDir: /input/data/work/6c/82fc23a9950113b70133bcc8ce2864]
Dec-02 15:55:13.526 [Task submitter] INFO  nextflow.Session - [89/3be023] Submitted process > revertFile (56)
Dec-02 15:55:13.546 [Task monitor] DEBUG n.processor.TaskPollingMonitor - Task completed > TaskHandler[id: 85; name: writeLargeFile (85); status: COMPLETED; exit: 0; error: -; workDir: /input/data/work/cb/cd64eaf3cf482aabe30e9f5a63c825]
Dec-02 15:55:13.587 [Task submitter] INFO  nextflow.Session - [fc/376659] Submitted process > revertFile (85)
Dec-02 15:55:13.589 [Task monitor] DEBUG n.processor.TaskPollingMonitor - Task completed > TaskHandler[id: 61; name: writeLargeFile (61); status: COMPLETED; exit: 0; error: -; workDir: /input/data/work/a3/0bf461bbd90818ceb7423084ddfcfa]
Dec-02 15:55:13.629 [Task submitter] INFO  nextflow.Session - [b0/69ee7a] Submitted process > revertFile (61)
Dec-02 15:55:13.650 [Task monitor] DEBUG n.processor.TaskPollingMonitor - Task completed > TaskHandler[id: 55; name: writeLargeFile (55); status: COMPLETED; exit: 0; error: -; workDir: /input/data/work/16/244dc285552ec8cfa2edc49e08acf2]
Dec-02 15:55:13.693 [Task submitter] INFO  nextflow.Session - [5c/964a87] Submitted process > revertFile (55)
Dec-02 15:55:13.707 [Task monitor] DEBUG n.processor.TaskPollingMonitor - Task completed > TaskHandler[id: 63; name: writeLargeFile (63); status: COMPLETED; exit: 0; error: -; workDir: /input/data/work/8e/c62e69b61f46ed8b45845c8c228a8c]
Dec-02 15:55:13.749 [Task submitter] INFO  nextflow.Session - [4a/d63586] Submitted process > revertFile (63)
Dec-02 15:55:13.754 [Task monitor] DEBUG n.processor.TaskPollingMonitor - Task completed > TaskHandler[id: 94; name: writeLargeFile (94); status: COMPLETED; exit: 0; error: -; workDir: /input/data/work/6c/62770e88a634d62313c589d2595814]
Dec-02 15:55:13.795 [Task submitter] INFO  nextflow.Session - [64/f7636c] Submitted process > revertFile (94)
Dec-02 15:55:13.798 [Task monitor] DEBUG n.processor.TaskPollingMonitor - Task completed > TaskHandler[id: 74; name: writeLargeFile (74); status: COMPLETED; exit: 0; error: -; workDir: /input/data/work/12/64ef057e22f54653095b1c2ebdaf46]
Dec-02 15:55:13.834 [Task submitter] INFO  nextflow.Session - [84/194012] Submitted process > revertFile (74)
Dec-02 15:55:14.531 [Task monitor] DEBUG n.processor.TaskPollingMonitor - Task completed > TaskHandler[id: 84; name: writeLargeFile (84); status: COMPLETED; exit: 0; error: -; workDir: /input/data/work/ac/d958bac5660090f78dc9dfa5aa2f50]
Dec-02 15:55:14.587 [Task submitter] INFO  nextflow.Session - [3c/aca9ff] Submitted process > revertFile (84)
Dec-02 15:55:17.499 [Task monitor] DEBUG n.processor.TaskPollingMonitor - Task completed > TaskHandler[id: 57; name: writeLargeFile (57); status: COMPLETED; exit: 0; error: -; workDir: /input/data/work/65/05b61a0fd9ee3f011ead763d479827]
Dec-02 15:55:17.586 [Task submitter] INFO  nextflow.Session - [52/b4e062] Submitted process > revertFile (57)
Dec-02 15:55:17.692 [Task monitor] DEBUG n.processor.TaskPollingMonitor - Task completed > TaskHandler[id: 60; name: writeLargeFile (60); status: COMPLETED; exit: 0; error: -; workDir: /input/data/work/c4/0880b7827954e3e6ea7c5c868543e8]
Dec-02 15:55:17.747 [Task submitter] INFO  nextflow.Session - [81/a77599] Submitted process > revertFile (60)
Dec-02 15:55:21.984 [Task monitor] DEBUG n.processor.TaskPollingMonitor - Task completed > TaskHandler[id: 40; name: writeLargeFile (40); status: COMPLETED; exit: 0; error: -; workDir: /input/data/work/f3/76461b02264086f9b54c439b89c36c]
Dec-02 15:55:22.023 [Task submitter] INFO  nextflow.Session - [38/222c04] Submitted process > revertFile (40)
Dec-02 15:55:22.075 [Task monitor] DEBUG n.processor.TaskPollingMonitor - Task completed > TaskHandler[id: 33; name: writeLargeFile (33); status: COMPLETED; exit: 0; error: -; workDir: /input/data/work/fa/f88fadfc78b9bc4f3c36ec12d8071b]
Dec-02 15:55:22.117 [Task submitter] INFO  nextflow.Session - [07/5b1f2f] Submitted process > revertFile (33)
Dec-02 15:55:22.213 [Task monitor] DEBUG n.processor.TaskPollingMonitor - Task completed > TaskHandler[id: 39; name: writeLargeFile (39); status: COMPLETED; exit: 0; error: -; workDir: /input/data/work/b7/fd9df748b17641968baf3c6b503f70]
Dec-02 15:55:22.257 [Task submitter] INFO  nextflow.Session - [3e/c4fb2b] Submitted process > revertFile (39)
Dec-02 15:55:22.356 [Task monitor] DEBUG n.processor.TaskPollingMonitor - Task completed > TaskHandler[id: 92; name: writeLargeFile (92); status: COMPLETED; exit: 0; error: -; workDir: /input/data/work/aa/ca08579bb9d75ccba2d01bd6fcee76]
Dec-02 15:55:22.405 [Task monitor] DEBUG n.processor.TaskPollingMonitor - Task completed > TaskHandler[id: 96; name: writeLargeFile (96); status: COMPLETED; exit: 0; error: -; workDir: /input/data/work/cb/a7c5aab25a7f4dc7c17caec37ffdc0]
Dec-02 15:55:22.412 [Task submitter] INFO  nextflow.Session - [e1/65b0af] Submitted process > revertFile (92)
Dec-02 15:55:22.456 [Task submitter] INFO  nextflow.Session - [e5/5cdad1] Submitted process > revertFile (96)
Dec-02 15:55:22.460 [Task monitor] DEBUG n.processor.TaskPollingMonitor - Task completed > TaskHandler[id: 83; name: writeLargeFile (83); status: COMPLETED; exit: 0; error: -; workDir: /input/data/work/55/73e4ce66515e9eef27c93ef7eeed9e]
Dec-02 15:55:22.503 [Task submitter] INFO  nextflow.Session - [5f/424b73] Submitted process > revertFile (83)
Dec-02 15:55:22.515 [Task monitor] DEBUG n.processor.TaskPollingMonitor - Task completed > TaskHandler[id: 95; name: writeLargeFile (95); status: COMPLETED; exit: 0; error: -; workDir: /input/data/work/b6/d23bce92593d0f1c163c0701232a8e]
Dec-02 15:55:22.557 [Task submitter] INFO  nextflow.Session - [38/4d962f] Submitted process > revertFile (95)
Dec-02 15:55:22.816 [Task monitor] DEBUG n.processor.TaskPollingMonitor - Task completed > TaskHandler[id: 65; name: writeLargeFile (65); status: COMPLETED; exit: 0; error: -; workDir: /input/data/work/0a/b537f905374b89989120ed656eb49d]
Dec-02 15:55:22.852 [Task submitter] INFO  nextflow.Session - [2a/777297] Submitted process > revertFile (65)
Dec-02 15:55:26.805 [Task monitor] DEBUG n.processor.TaskPollingMonitor - Task completed > TaskHandler[id: 27; name: writeLargeFile (27); status: COMPLETED; exit: 0; error: -; workDir: /input/data/work/aa/a94b16ae84bb2716e467ccbdd2ad65]
Dec-02 15:55:26.876 [Task monitor] DEBUG n.processor.TaskPollingMonitor - Task completed > TaskHandler[id: 43; name: writeLargeFile (43); status: COMPLETED; exit: 0; error: -; workDir: /input/data/work/ff/bad82d4ec7909fcf30877aca205c71]
Dec-02 15:55:26.887 [Task submitter] INFO  nextflow.Session - [af/94a4ef] Submitted process > revertFile (27)
Dec-02 15:55:26.918 [Task submitter] INFO  nextflow.Session - [b1/76f430] Submitted process > revertFile (43)
Dec-02 15:55:26.962 [Task monitor] DEBUG n.processor.TaskPollingMonitor - Task completed > TaskHandler[id: 12; name: writeLargeFile (12); status: COMPLETED; exit: 0; error: -; workDir: /input/data/work/a2/7e2198e18380804893128faec202ec]
Dec-02 15:55:27.047 [Task submitter] INFO  nextflow.Session - [5d/880857] Submitted process > revertFile (12)
Dec-02 15:55:27.053 [Task monitor] DEBUG n.processor.TaskPollingMonitor - Task completed > TaskHandler[id: 44; name: writeLargeFile (44); status: COMPLETED; exit: 0; error: -; workDir: /input/data/work/04/60b45650574899b286fee8616db1e2]
Dec-02 15:55:27.099 [Task submitter] INFO  nextflow.Session - [28/40e81d] Submitted process > revertFile (44)
Dec-02 15:55:27.168 [Task monitor] DEBUG n.processor.TaskPollingMonitor - Task completed > TaskHandler[id: 18; name: writeLargeFile (18); status: COMPLETED; exit: 0; error: -; workDir: /input/data/work/b5/be6567693f8450165a4af8c0ac25f7]
Dec-02 15:55:27.208 [Task submitter] INFO  nextflow.Session - [4e/884c62] Submitted process > revertFile (18)
Dec-02 15:55:27.251 [Task monitor] DEBUG n.processor.TaskPollingMonitor - Task completed > TaskHandler[id: 23; name: writeLargeFile (23); status: COMPLETED; exit: 0; error: -; workDir: /input/data/work/65/3898bc1f743eb76393fcfb6b5b23f7]
Dec-02 15:55:27.290 [Task submitter] INFO  nextflow.Session - [d4/51d06f] Submitted process > revertFile (23)
Dec-02 15:55:27.319 [Task monitor] DEBUG n.processor.TaskPollingMonitor - Task completed > TaskHandler[id: 35; name: writeLargeFile (35); status: COMPLETED; exit: 0; error: -; workDir: /input/data/work/cb/f53623920a089ae513a486e897bd47]
Dec-02 15:55:27.358 [Task submitter] INFO  nextflow.Session - [8e/856302] Submitted process > revertFile (35)
Dec-02 15:55:27.456 [Task monitor] DEBUG n.processor.TaskPollingMonitor - Task completed > TaskHandler[id: 36; name: writeLargeFile (36); status: COMPLETED; exit: 0; error: -; workDir: /input/data/work/c6/460908fb2d7d8ab544793441776223]
Dec-02 15:55:27.495 [Task submitter] INFO  nextflow.Session - [7e/60462f] Submitted process > revertFile (36)
Dec-02 15:55:27.571 [Task monitor] DEBUG n.processor.TaskPollingMonitor - Task completed > TaskHandler[id: 37; name: writeLargeFile (37); status: COMPLETED; exit: 0; error: -; workDir: /input/data/work/86/49597988de07b821bfa14fe6301f3e]
Dec-02 15:55:27.610 [Task submitter] INFO  nextflow.Session - [a8/61c03c] Submitted process > revertFile (37)
Dec-02 15:55:27.662 [Task monitor] DEBUG n.processor.TaskPollingMonitor - Task completed > TaskHandler[id: 34; name: writeLargeFile (34); status: COMPLETED; exit: 0; error: -; workDir: /input/data/work/62/aff85bad33bf2b1dcbf22c50ebe695]
Dec-02 15:55:27.786 [Task submitter] INFO  nextflow.Session - [6d/8f4e56] Submitted process > revertFile (34)
Dec-02 15:55:27.787 [Task monitor] DEBUG n.processor.TaskPollingMonitor - Task completed > TaskHandler[id: 38; name: writeLargeFile (38); status: COMPLETED; exit: 0; error: -; workDir: /input/data/work/42/75768c32ec218d69c02020a924fb58]
Dec-02 15:55:27.900 [Task submitter] INFO  nextflow.Session - [b9/97ecc0] Submitted process > revertFile (38)
Dec-02 15:55:27.901 [Task monitor] DEBUG n.processor.TaskPollingMonitor - Task completed > TaskHandler[id: 41; name: writeLargeFile (41); status: COMPLETED; exit: 0; error: -; workDir: /input/data/work/80/5e38edffbb7957421f53b79cc8cd55]
Dec-02 15:55:27.938 [Task submitter] INFO  nextflow.Session - [94/3e4c28] Submitted process > revertFile (41)
Dec-02 15:55:28.026 [Task monitor] DEBUG n.processor.TaskPollingMonitor - Task completed > TaskHandler[id: 42; name: writeLargeFile (42); status: COMPLETED; exit: 0; error: -; workDir: /input/data/work/24/17265f0e951c1d34783842a232cc1a]
Dec-02 15:55:28.068 [Task submitter] INFO  nextflow.Session - [14/d71a93] Submitted process > revertFile (42)
Dec-02 15:55:28.131 [Task monitor] DEBUG n.processor.TaskPollingMonitor - Task completed > TaskHandler[id: 67; name: writeLargeFile (67); status: COMPLETED; exit: 0; error: -; workDir: /input/data/work/31/32e883200d5b2136a2e2641123c7bb]
Dec-02 15:55:28.224 [Task submitter] INFO  nextflow.Session - [e8/c4dada] Submitted process > revertFile (67)
Dec-02 15:55:28.230 [Task monitor] DEBUG n.processor.TaskPollingMonitor - Task completed > TaskHandler[id: 82; name: writeLargeFile (82); status: COMPLETED; exit: 0; error: -; workDir: /input/data/work/1b/009fd73e8792386f9741dca5a313ee]
Dec-02 15:55:28.271 [Task submitter] INFO  nextflow.Session - [ab/295aed] Submitted process > revertFile (82)
Dec-02 15:55:28.354 [Task monitor] DEBUG n.processor.TaskPollingMonitor - Task completed > TaskHandler[id: 100; name: writeLargeFile (100); status: COMPLETED; exit: 0; error: -; workDir: /input/data/work/3c/a071fe4bf01d0d11250e6122906404]
Dec-02 15:55:28.440 [Task submitter] INFO  nextflow.Session - [ac/132c1d] Submitted process > revertFile (100)
Dec-02 15:55:33.521 [Task monitor] DEBUG n.processor.TaskPollingMonitor - Task completed > TaskHandler[id: 145; name: revertFile (69); status: COMPLETED; exit: 0; error: -; workDir: /input/data/work/91/db9b7fff80a198fa0cb947d2287c07]
Dec-02 15:55:33.633 [Task monitor] DEBUG n.processor.TaskPollingMonitor - Task completed > TaskHandler[id: 147; name: revertFile (58); status: COMPLETED; exit: 0; error: -; workDir: /input/data/work/b4/3a07f62954080037178ccd6840799e]
Dec-02 15:55:35.016 [Task monitor] DEBUG n.processor.TaskPollingMonitor - Task completed > TaskHandler[id: 175; name: revertFile (83); status: COMPLETED; exit: 0; error: -; workDir: /input/data/work/5f/424b73f7f401101d419ac3ebde78b4]
Dec-02 15:55:37.422 [Task monitor] DEBUG n.processor.TaskPollingMonitor - Task completed > TaskHandler[id: 22; name: writeLargeFile (22); status: COMPLETED; exit: 0; error: -; workDir: /input/data/work/49/d4b5d27d2e7a0ac71ff941b67bd2a9]
Dec-02 15:55:37.580 [Task submitter] INFO  nextflow.Session - [b2/4a965d] Submitted process > revertFile (22)
Dec-02 15:55:37.783 [Task monitor] DEBUG n.processor.TaskPollingMonitor - Task completed > TaskHandler[id: 89; name: writeLargeFile (89); status: COMPLETED; exit: 0; error: -; workDir: /input/data/work/59/8d507a1bf389a08297cf26830fa078]
Dec-02 15:55:37.823 [Task submitter] INFO  nextflow.Session - [c8/1d070a] Submitted process > revertFile (89)
Dec-02 15:55:37.964 [Task monitor] DEBUG n.processor.TaskPollingMonitor - Task completed > TaskHandler[id: 91; name: writeLargeFile (91); status: COMPLETED; exit: 0; error: -; workDir: /input/data/work/10/cbd8c48b24345021dfd147b080c357]
Dec-02 15:55:38.023 [Task submitter] INFO  nextflow.Session - [63/3de45d] Submitted process > revertFile (91)
Dec-02 15:55:38.127 [Task monitor] DEBUG n.processor.TaskPollingMonitor - Task completed > TaskHandler[id: 80; name: writeLargeFile (80); status: COMPLETED; exit: 0; error: -; workDir: /input/data/work/56/10efb1af2562c06d3bce713bc47c84]
Dec-02 15:55:38.244 [Task submitter] INFO  nextflow.Session - [51/642385] Submitted process > revertFile (80)
Dec-02 15:55:38.301 [Task monitor] DEBUG n.processor.TaskPollingMonitor - Task completed > TaskHandler[id: 87; name: writeLargeFile (87); status: COMPLETED; exit: 0; error: -; workDir: /input/data/work/1a/5bdfe97871b0d23c2397c9ca56e0a9]
Dec-02 15:55:38.410 [Task submitter] INFO  nextflow.Session - [1b/1d7b5a] Submitted process > revertFile (87)
Dec-02 15:55:38.423 [Task monitor] DEBUG n.processor.TaskPollingMonitor - Task completed > TaskHandler[id: 68; name: writeLargeFile (68); status: COMPLETED; exit: 0; error: -; workDir: /input/data/work/57/ac36379fe11ecbbc49638b2ab43b7d]
Dec-02 15:55:38.525 [Task submitter] INFO  nextflow.Session - [7b/2e3aea] Submitted process > revertFile (68)
Dec-02 15:55:38.545 [Task monitor] DEBUG n.processor.TaskPollingMonitor - Task completed > TaskHandler[id: 77; name: writeLargeFile (77); status: COMPLETED; exit: 0; error: -; workDir: /input/data/work/50/da1386fa88d07b05384a5c7dbfdefc]
Dec-02 15:55:38.585 [Task submitter] INFO  nextflow.Session - [4d/715afd] Submitted process > revertFile (77)
Dec-02 15:55:38.848 [Task monitor] DEBUG n.processor.TaskPollingMonitor - Task completed > TaskHandler[id: 103; name: revertFile (1); status: COMPLETED; exit: 0; error: -; workDir: /input/data/work/58/7cd1566bcfbcd0473327806764f313]
Dec-02 15:55:39.050 [Task monitor] DEBUG n.processor.TaskPollingMonitor - Task completed > TaskHandler[id: 104; name: revertFile (32); status: COMPLETED; exit: 0; error: -; workDir: /input/data/work/1a/dbe0b9055b68793c02693335cf84e2]
Dec-02 15:55:39.203 [Task monitor] DEBUG n.processor.TaskPollingMonitor - Task completed > TaskHandler[id: 108; name: revertFile (10); status: COMPLETED; exit: 0; error: -; workDir: /input/data/work/a8/81a40a7a9a92a6b64136708c1c5432]
Dec-02 15:55:39.349 [Task monitor] DEBUG n.processor.TaskPollingMonitor - Task completed > TaskHandler[id: 110; name: revertFile (8); status: COMPLETED; exit: 0; error: -; workDir: /input/data/work/90/c1822af15caad164463b05770ecbbc]
Dec-02 15:55:40.501 [Task monitor] DEBUG n.processor.TaskPollingMonitor - Task completed > TaskHandler[id: 135; name: revertFile (93); status: COMPLETED; exit: 0; error: -; workDir: /input/data/work/0c/bddba0effd36108923282ed3954804]
Dec-02 15:55:43.234 [Task monitor] DEBUG n.processor.TaskPollingMonitor - Task completed > TaskHandler[id: 109; name: revertFile (17); status: COMPLETED; exit: 0; error: -; workDir: /input/data/work/85/0fe177397b43d49dffab5778193d24]
Dec-02 15:55:43.974 [Task monitor] DEBUG n.processor.TaskPollingMonitor - Task completed > TaskHandler[id: 124; name: revertFile (6); status: COMPLETED; exit: 0; error: -; workDir: /input/data/work/2e/25a5655a571d2f82f5bf7efb6a8e5c]
Dec-02 15:55:44.484 [Task monitor] DEBUG n.processor.TaskPollingMonitor - Task completed > TaskHandler[id: 133; name: revertFile (90); status: COMPLETED; exit: 0; error: -; workDir: /input/data/work/8f/7b5b62e81fd87e64b7f749195216c6]
Dec-02 15:55:45.075 [Task monitor] DEBUG n.processor.TaskPollingMonitor - Task completed > TaskHandler[id: 152; name: revertFile (59); status: COMPLETED; exit: 0; error: -; workDir: /input/data/work/d0/e40186cbe7b05eec212e66784c1c9b]
Dec-02 15:55:45.125 [Task monitor] DEBUG n.processor.TaskPollingMonitor - Task completed > TaskHandler[id: 153; name: revertFile (71); status: COMPLETED; exit: 0; error: -; workDir: /input/data/work/f8/ba54419855642d7990690ae0e50a5b]
Dec-02 15:55:45.818 [Task monitor] DEBUG n.processor.TaskPollingMonitor - Task completed > TaskHandler[id: 166; name: revertFile (74); status: COMPLETED; exit: 0; error: -; workDir: /input/data/work/84/19401232448bca48ce546572bfca8f]
Dec-02 15:55:46.765 [Task monitor] DEBUG n.processor.TaskPollingMonitor - Task completed > TaskHandler[id: 180; name: revertFile (12); status: COMPLETED; exit: 0; error: -; workDir: /input/data/work/5d/880857e547d490df56845e5d903fab]
Dec-02 15:55:48.822 [Task monitor] DEBUG n.processor.TaskPollingMonitor - Task completed > TaskHandler[id: 120; name: revertFile (29); status: COMPLETED; exit: 0; error: -; workDir: /input/data/work/11/a780ef9cb7a44841ea777d9bd967e2]
Dec-02 15:55:48.971 [Task monitor] DEBUG n.processor.TaskPollingMonitor - Task completed > TaskHandler[id: 122; name: revertFile (24); status: COMPLETED; exit: 0; error: -; workDir: /input/data/work/c4/8e27b6923ae96b423a405ee865bedd]
Dec-02 15:55:53.177 [Task monitor] DEBUG n.processor.TaskPollingMonitor - Task completed > TaskHandler[id: 101; name: revertFile (4); status: COMPLETED; exit: 0; error: -; workDir: /input/data/work/5e/73d393c9e192884eabf8b6ea39790f]
Dec-02 15:55:53.368 [Task monitor] DEBUG n.processor.TaskPollingMonitor - Task completed > TaskHandler[id: 106; name: revertFile (3); status: COMPLETED; exit: 0; error: -; workDir: /input/data/work/53/052f0e540f494ae9b6ba3e4c6ad8d9]
Dec-02 15:55:54.025 [Task monitor] DEBUG n.processor.TaskPollingMonitor - Task completed > TaskHandler[id: 118; name: revertFile (26); status: COMPLETED; exit: 0; error: -; workDir: /input/data/work/d8/5adf0913aea7d48f783b71cdf7775a]
Dec-02 15:55:54.845 [Task monitor] DEBUG n.processor.TaskPollingMonitor - Task completed > TaskHandler[id: 139; name: revertFile (19); status: COMPLETED; exit: 0; error: -; workDir: /input/data/work/f9/51dde792275d1377cc80a15e98b5dd]
Dec-02 15:55:54.941 [Task monitor] DEBUG n.processor.TaskPollingMonitor - Task completed > TaskHandler[id: 141; name: revertFile (50); status: COMPLETED; exit: 0; error: -; workDir: /input/data/work/ce/7b0b2f9af21f662cf024a73ec0d982]
Dec-02 15:55:55.233 [Task monitor] DEBUG n.processor.TaskPollingMonitor - Task completed > TaskHandler[id: 148; name: revertFile (46); status: COMPLETED; exit: 0; error: -; workDir: /input/data/work/0e/4e1cc31ff3d7c880a1a702649778aa]
Dec-02 15:55:55.469 [Task monitor] DEBUG n.processor.TaskPollingMonitor - Task completed > TaskHandler[id: 149; name: revertFile (45); status: COMPLETED; exit: 0; error: -; workDir: /input/data/work/71/d17211a4683470369f3352669b87d5]
Dec-02 15:55:55.583 [Task monitor] DEBUG n.processor.TaskPollingMonitor - Task completed > TaskHandler[id: 150; name: revertFile (47); status: COMPLETED; exit: 0; error: -; workDir: /input/data/work/ff/f0309bf36dfb5af5d91e718c425430]
Dec-02 15:55:56.075 [Task monitor] DEBUG n.processor.TaskPollingMonitor - Task completed > TaskHandler[id: 158; name: revertFile (54); status: COMPLETED; exit: 0; error: -; workDir: /input/data/work/2f/697e2a72678ba233707bd1fb44f991]
Dec-02 15:55:56.239 [Task monitor] DEBUG n.processor.TaskPollingMonitor - Task completed > TaskHandler[id: 163; name: revertFile (55); status: COMPLETED; exit: 0; error: -; workDir: /input/data/work/5c/964a87bce70800ae8ab00dcdf937ff]
Dec-02 15:55:56.309 [Task monitor] DEBUG n.processor.TaskPollingMonitor - Task completed > TaskHandler[id: 165; name: revertFile (94); status: COMPLETED; exit: 0; error: -; workDir: /input/data/work/64/f7636c4ed381fe6dfbf234ef1ae5ed]
Dec-02 15:55:56.558 [Task monitor] DEBUG n.processor.TaskPollingMonitor - Task completed > TaskHandler[id: 174; name: revertFile (96); status: COMPLETED; exit: 0; error: -; workDir: /input/data/work/e5/5cdad16be656b7e7076aa2260f39d2]
Dec-02 15:55:56.606 [Task monitor] DEBUG n.processor.TaskPollingMonitor - Task completed > TaskHandler[id: 176; name: revertFile (95); status: COMPLETED; exit: 0; error: -; workDir: /input/data/work/38/4d962fcc4a693c705b7ca109b6659f]
Dec-02 15:55:56.748 [Task monitor] DEBUG n.processor.TaskPollingMonitor - Task completed > TaskHandler[id: 181; name: revertFile (44); status: COMPLETED; exit: 0; error: -; workDir: /input/data/work/28/40e81d97866d186615872903ecb669]
Dec-02 15:55:56.812 [Task monitor] DEBUG n.processor.TaskPollingMonitor - Task completed > TaskHandler[id: 183; name: revertFile (23); status: COMPLETED; exit: 0; error: -; workDir: /input/data/work/d4/51d06ffe2af2eb3329acaf1564a9d4]
Dec-02 15:55:56.872 [Task monitor] DEBUG n.processor.TaskPollingMonitor - Task completed > TaskHandler[id: 185; name: revertFile (36); status: COMPLETED; exit: 0; error: -; workDir: /input/data/work/7e/60462fdac438ff0dc2d982a2c702a1]
Dec-02 15:55:58.968 [Task monitor] DEBUG n.processor.TaskPollingMonitor - Task completed > TaskHandler[id: 144; name: revertFile (78); status: COMPLETED; exit: 0; error: -; workDir: /input/data/work/64/d5a693290bfa260ea21bd16b460aa2]
Dec-02 15:55:59.084 [Task monitor] DEBUG n.processor.TaskPollingMonitor - Task completed > TaskHandler[id: 154; name: revertFile (70); status: COMPLETED; exit: 0; error: -; workDir: /input/data/work/55/260869317cdea6f33facc6f4b0ba63]
Dec-02 15:55:59.296 [Task monitor] DEBUG n.processor.TaskPollingMonitor - Task completed > TaskHandler[id: 161; name: revertFile (85); status: COMPLETED; exit: 0; error: -; workDir: /input/data/work/fc/37665926098e4427dfb3fdf8d0277d]
Dec-02 15:56:03.249 [Task monitor] DEBUG n.processor.TaskPollingMonitor - Task completed > TaskHandler[id: 105; name: revertFile (15); status: COMPLETED; exit: 0; error: -; workDir: /input/data/work/f5/cce144649b7445f5a3131ce58585c7]
Dec-02 15:56:03.600 [Task monitor] DEBUG n.processor.TaskPollingMonitor - Task completed > TaskHandler[id: 119; name: revertFile (25); status: COMPLETED; exit: 0; error: -; workDir: /input/data/work/e7/ac364e9eb33d0cfd9db95a413b30d1]
Dec-02 15:56:03.780 [Task monitor] DEBUG n.processor.TaskPollingMonitor - Task completed > TaskHandler[id: 123; name: revertFile (7); status: COMPLETED; exit: 0; error: -; workDir: /input/data/work/4d/7fea60d123d428476f78a72d79152a]
Dec-02 15:56:04.483 [Task monitor] DEBUG n.processor.TaskPollingMonitor - Task completed > TaskHandler[id: 143; name: revertFile (64); status: COMPLETED; exit: 0; error: -; workDir: /input/data/work/02/d3a5eb479e5d030836a1afec710271]
Dec-02 15:56:05.342 [Task monitor] DEBUG n.processor.TaskPollingMonitor - Task completed > TaskHandler[id: 168; name: revertFile (57); status: COMPLETED; exit: 0; error: -; workDir: /input/data/work/52/b4e062daac9a3f3e8e6cbc28f330c2]
Dec-02 15:56:13.173 [Task monitor] DEBUG n.processor.TaskPollingMonitor - Task completed > TaskHandler[id: 102; name: revertFile (31); status: COMPLETED; exit: 0; error: -; workDir: /input/data/work/75/953b023dd0a4f986e1911fa9fed5f4]
Dec-02 15:56:13.354 [Task monitor] DEBUG n.processor.TaskPollingMonitor - Task completed > TaskHandler[id: 112; name: revertFile (28); status: COMPLETED; exit: 0; error: -; workDir: /input/data/work/2d/1f0951b0ab492f85b83a5cbcd2c7fd]
Dec-02 15:56:13.754 [Task monitor] DEBUG n.processor.TaskPollingMonitor - Task completed > TaskHandler[id: 128; name: revertFile (73); status: COMPLETED; exit: 0; error: -; workDir: /input/data/work/b6/2f74798b2ba33ed40f5f0e2c35d1ce]
Dec-02 15:56:13.816 [Task monitor] DEBUG n.processor.TaskPollingMonitor - Task completed > TaskHandler[id: 129; name: revertFile (86); status: COMPLETED; exit: 0; error: -; workDir: /input/data/work/6c/c5eb7cda34ae8b575e69753f286666]
Dec-02 15:56:13.896 [Task monitor] DEBUG n.processor.TaskPollingMonitor - Task completed > TaskHandler[id: 131; name: revertFile (79); status: COMPLETED; exit: 0; error: -; workDir: /input/data/work/df/b2e3e3cc07c7d2c8e89ae5b16321d4]
Dec-02 15:56:13.988 [Task monitor] DEBUG n.processor.TaskPollingMonitor - Task completed > TaskHandler[id: 134; name: revertFile (88); status: COMPLETED; exit: 0; error: -; workDir: /input/data/work/73/2ffbcbbd20734bb201eb7dd5226d71]
Dec-02 15:56:14.159 [Task monitor] DEBUG n.processor.TaskPollingMonitor - Task completed > TaskHandler[id: 146; name: revertFile (21); status: COMPLETED; exit: 0; error: -; workDir: /input/data/work/89/d93945cafe28be7f3637aebad837df]
Dec-02 15:56:14.236 [Task monitor] DEBUG n.processor.TaskPollingMonitor - Task completed > TaskHandler[id: 151; name: revertFile (49); status: COMPLETED; exit: 0; error: -; workDir: /input/data/work/18/3d5a748a01c60d326d3d7320fd9c0b]
Dec-02 15:56:14.465 [Task monitor] DEBUG n.processor.TaskPollingMonitor - Task completed > TaskHandler[id: 162; name: revertFile (61); status: COMPLETED; exit: 0; error: -; workDir: /input/data/work/b0/69ee7a6f47972aebcb3cd24b53184d]
Dec-02 15:56:14.518 [Task monitor] DEBUG n.processor.TaskPollingMonitor - Task completed > TaskHandler[id: 164; name: revertFile (63); status: COMPLETED; exit: 0; error: -; workDir: /input/data/work/4a/d635869137fb40d403a2520caaa6e5]
Dec-02 15:56:14.602 [Task monitor] DEBUG n.processor.TaskPollingMonitor - Task completed > TaskHandler[id: 167; name: revertFile (84); status: COMPLETED; exit: 0; error: -; workDir: /input/data/work/3c/aca9ffbb67dd36edd29653bac55765]
Dec-02 15:56:14.941 [Task monitor] DEBUG n.processor.TaskPollingMonitor - Task completed > TaskHandler[id: 182; name: revertFile (18); status: COMPLETED; exit: 0; error: -; workDir: /input/data/work/4e/884c6277aac8295a578089a6642576]
Dec-02 15:56:15.001 [Task monitor] DEBUG n.processor.TaskPollingMonitor - Task completed > TaskHandler[id: 184; name: revertFile (35); status: COMPLETED; exit: 0; error: -; workDir: /input/data/work/8e/85630294c13eae654b85bfbb2ff7fc]
Dec-02 15:56:15.062 [Task monitor] DEBUG n.processor.TaskPollingMonitor - Task completed > TaskHandler[id: 186; name: revertFile (37); status: COMPLETED; exit: 0; error: -; workDir: /input/data/work/a8/61c03ce1f4bc84b967cebc655d2062]
Dec-02 15:56:15.134 [Task monitor] DEBUG n.processor.TaskPollingMonitor - Task completed > TaskHandler[id: 187; name: revertFile (34); status: COMPLETED; exit: 0; error: -; workDir: /input/data/work/6d/8f4e56f95086f5d3a552771f5d75cd]
Dec-02 15:56:15.366 [Task monitor] DEBUG n.processor.TaskPollingMonitor - Task completed > TaskHandler[id: 194; name: revertFile (22); status: COMPLETED; exit: 0; error: -; workDir: /input/data/work/b2/4a965d8ef9b7f69c68529e07d800d6]
Dec-02 15:56:15.478 [Task monitor] DEBUG n.processor.TaskPollingMonitor - Task completed > TaskHandler[id: 196; name: revertFile (91); status: COMPLETED; exit: 0; error: -; workDir: /input/data/work/63/3de45de8eeba02975e55085789b764]
Dec-02 15:56:15.603 [Task monitor] DEBUG n.processor.TaskPollingMonitor - Task completed > TaskHandler[id: 198; name: revertFile (87); status: COMPLETED; exit: 0; error: -; workDir: /input/data/work/1b/1d7b5a452c197c68a7d2d9524ca336]
Dec-02 15:56:19.295 [Task monitor] DEBUG n.processor.TaskPollingMonitor - Task completed > TaskHandler[id: 169; name: revertFile (60); status: COMPLETED; exit: 0; error: -; workDir: /input/data/work/81/a77599e3c6ecbf2aa2d5f89a2317f8]
Dec-02 15:56:19.745 [Task monitor] DEBUG n.processor.TaskPollingMonitor - Task completed > TaskHandler[id: 179; name: revertFile (43); status: COMPLETED; exit: 0; error: -; workDir: /input/data/work/b1/76f430491675a6d8fd6746dde159bf]
Dec-02 15:56:20.006 [Task monitor] DEBUG n.processor.TaskPollingMonitor - Task completed > TaskHandler[id: 190; name: revertFile (42); status: COMPLETED; exit: 0; error: -; workDir: /input/data/work/14/d71a93d8a32e32eb97e122f6059347]
Dec-02 15:56:23.722 [Task monitor] DEBUG n.processor.TaskPollingMonitor - Task completed > TaskHandler[id: 121; name: revertFile (13); status: COMPLETED; exit: 0; error: -; workDir: /input/data/work/f8/3e46c17b6af4c0f9bb1465495e76c0]
Dec-02 15:56:24.771 [Task monitor] DEBUG n.processor.TaskPollingMonitor - Task completed > TaskHandler[id: 191; name: revertFile (67); status: COMPLETED; exit: 0; error: -; workDir: /input/data/work/e8/c4dadaba5f519c49ce4ec4a482cb20]
Dec-02 15:56:24.928 [Task monitor] DEBUG n.processor.TaskPollingMonitor - Task completed > TaskHandler[id: 193; name: revertFile (100); status: COMPLETED; exit: 0; error: -; workDir: /input/data/work/ac/132c1d424551720011aaf2834bf69b]
Dec-02 15:56:28.173 [Task monitor] DEBUG n.processor.TaskPollingMonitor - Task completed > TaskHandler[id: 107; name: revertFile (16); status: COMPLETED; exit: 0; error: -; workDir: /input/data/work/90/474e58f17c7af8b8a75563c73723ec]
Dec-02 15:56:28.272 [Task monitor] DEBUG n.processor.TaskPollingMonitor - Task completed > TaskHandler[id: 113; name: revertFile (11); status: COMPLETED; exit: 0; error: -; workDir: /input/data/work/5e/14aba58ad0667a4c4930b83d82c069]
Dec-02 15:56:28.411 [Task monitor] DEBUG n.processor.TaskPollingMonitor - Task completed > TaskHandler[id: 115; name: revertFile (20); status: COMPLETED; exit: 0; error: -; workDir: /input/data/work/06/da8d06eba3ffa9898fd0326da6844d]
Dec-02 15:56:28.501 [Task monitor] DEBUG n.processor.TaskPollingMonitor - Task completed > TaskHandler[id: 117; name: revertFile (14); status: COMPLETED; exit: 0; error: -; workDir: /input/data/work/d8/5f4253a3b71e6775d4740039966176]
Dec-02 15:56:28.763 [Task monitor] DEBUG n.processor.TaskPollingMonitor - Task completed > TaskHandler[id: 132; name: revertFile (66); status: COMPLETED; exit: 0; error: -; workDir: /input/data/work/a6/338dbc23c0a3d5f20e58d55efdfd60]
Dec-02 15:56:28.854 [Task monitor] DEBUG n.processor.TaskPollingMonitor - Task completed > TaskHandler[id: 136; name: revertFile (99); status: COMPLETED; exit: 0; error: -; workDir: /input/data/work/90/bae7cd52f7af9456edd9c46cb228f5]
Dec-02 15:56:28.958 [Task monitor] DEBUG n.processor.TaskPollingMonitor - Task completed > TaskHandler[id: 138; name: revertFile (97); status: COMPLETED; exit: 0; error: -; workDir: /input/data/work/b2/55fdffdd56e096031290acc85229d7]
Dec-02 15:56:29.009 [Task monitor] DEBUG n.processor.TaskPollingMonitor - Task completed > TaskHandler[id: 140; name: revertFile (2); status: COMPLETED; exit: 0; error: -; workDir: /input/data/work/66/224c2992c45d9732c80fa9d5517c53]
Dec-02 15:56:29.054 [Task monitor] DEBUG n.processor.TaskPollingMonitor - Task completed > TaskHandler[id: 142; name: revertFile (51); status: COMPLETED; exit: 0; error: -; workDir: /input/data/work/04/79293c38d1bdff80a3d12e4abe2d64]
Dec-02 15:56:29.183 [Task monitor] DEBUG n.processor.TaskPollingMonitor - Task completed > TaskHandler[id: 157; name: revertFile (53); status: COMPLETED; exit: 0; error: -; workDir: /input/data/work/15/0ef46279b8a3e802c1ec03e28dc380]
Dec-02 15:56:29.279 [Task monitor] DEBUG n.processor.TaskPollingMonitor - Task completed > TaskHandler[id: 159; name: revertFile (48); status: COMPLETED; exit: 0; error: -; workDir: /input/data/work/4d/83b1f9351b0bd7fa5c1dddeab9a40f]
Dec-02 15:56:29.342 [Task monitor] DEBUG n.processor.TaskPollingMonitor - Task completed > TaskHandler[id: 160; name: revertFile (56); status: COMPLETED; exit: 0; error: -; workDir: /input/data/work/89/3be0231e26c9a253ccd60de2b00115]
Dec-02 15:56:29.426 [Task monitor] DEBUG n.processor.TaskPollingMonitor - Task completed > TaskHandler[id: 170; name: revertFile (40); status: COMPLETED; exit: 0; error: -; workDir: /input/data/work/38/222c04b47eb38c4d8dd3853e8ad59c]
Dec-02 15:56:29.511 [Task monitor] DEBUG n.processor.TaskPollingMonitor - Task completed > TaskHandler[id: 172; name: revertFile (39); status: COMPLETED; exit: 0; error: -; workDir: /input/data/work/3e/c4fb2b6391d0b2cabc2764f8206ed1]
Dec-02 15:56:29.574 [Task monitor] DEBUG n.processor.TaskPollingMonitor - Task completed > TaskHandler[id: 173; name: revertFile (92); status: COMPLETED; exit: 0; error: -; workDir: /input/data/work/e1/65b0af281fdaefba1e54367b17a30f]
Dec-02 15:56:29.685 [Task monitor] DEBUG n.processor.TaskPollingMonitor - Task completed > TaskHandler[id: 178; name: revertFile (27); status: COMPLETED; exit: 0; error: -; workDir: /input/data/work/af/94a4efe5f3e60b606a2b13cd96968c]
Dec-02 15:56:29.751 [Task monitor] DEBUG n.processor.TaskPollingMonitor - Task completed > TaskHandler[id: 188; name: revertFile (38); status: COMPLETED; exit: 0; error: -; workDir: /input/data/work/b9/97ecc0e54d4983d9bbf410c43c5428]
Dec-02 15:56:29.914 [Task monitor] DEBUG n.processor.TaskPollingMonitor - Task completed > TaskHandler[id: 195; name: revertFile (89); status: COMPLETED; exit: 0; error: -; workDir: /input/data/work/c8/1d070a20bff44960b50207509122cd]
Dec-02 15:56:38.573 [Task monitor] DEBUG n.processor.TaskPollingMonitor - Task completed > TaskHandler[id: 137; name: revertFile (98); status: COMPLETED; exit: 0; error: -; workDir: /input/data/work/0c/76ca78753390163c98c8d291c2fa1b]
Dec-02 15:56:38.813 [Task monitor] DEBUG n.processor.TaskPollingMonitor - Task completed > TaskHandler[id: 192; name: revertFile (82); status: COMPLETED; exit: 0; error: -; workDir: /input/data/work/ab/295aed924adc9a060e436e46e8fd8a]
Dec-02 15:56:38.940 [Task monitor] DEBUG n.processor.TaskPollingMonitor - Task completed > TaskHandler[id: 200; name: revertFile (77); status: COMPLETED; exit: 0; error: -; workDir: /input/data/work/4d/715afdcbcc0c1451a8a9ef976e2fe5]
Dec-02 15:56:43.168 [Task monitor] DEBUG n.processor.TaskPollingMonitor - Task completed > TaskHandler[id: 111; name: revertFile (5); status: COMPLETED; exit: 0; error: -; workDir: /input/data/work/ab/fe65a02f5994ba9ff147dcb878d813]
Dec-02 15:56:43.243 [Task monitor] DEBUG n.processor.TaskPollingMonitor - Task completed > TaskHandler[id: 114; name: revertFile (30); status: COMPLETED; exit: 0; error: -; workDir: /input/data/work/e6/987535e548a81b90a386ffab098e12]
Dec-02 15:56:43.315 [Task monitor] DEBUG n.processor.TaskPollingMonitor - Task completed > TaskHandler[id: 116; name: revertFile (9); status: COMPLETED; exit: 0; error: -; workDir: /input/data/work/45/0ebaaf083c1802b5795975b85fa25f]
Dec-02 15:56:43.377 [Task monitor] DEBUG n.processor.TaskPollingMonitor - Task completed > TaskHandler[id: 125; name: revertFile (72); status: COMPLETED; exit: 0; error: -; workDir: /input/data/work/dc/37e92413e2c051acecc6410c6f8612]
Dec-02 15:56:43.494 [Task monitor] DEBUG n.processor.TaskPollingMonitor - Task completed > TaskHandler[id: 127; name: revertFile (81); status: COMPLETED; exit: 0; error: -; workDir: /input/data/work/0e/29f14eac984ba2fe78c211c36990ff]
Dec-02 15:56:43.552 [Task monitor] DEBUG n.processor.TaskPollingMonitor - Task completed > TaskHandler[id: 130; name: revertFile (76); status: COMPLETED; exit: 0; error: -; workDir: /input/data/work/b6/3a9b5cc46fa1695f3b939ea67a287a]
Dec-02 15:56:43.618 [Task monitor] DEBUG n.processor.TaskPollingMonitor - Task completed > TaskHandler[id: 155; name: revertFile (62); status: COMPLETED; exit: 0; error: -; workDir: /input/data/work/76/9ff0997c3596bd399a0d9197f22140]
Dec-02 15:56:43.696 [Task monitor] DEBUG n.processor.TaskPollingMonitor - Task completed > TaskHandler[id: 156; name: revertFile (52); status: COMPLETED; exit: 0; error: -; workDir: /input/data/work/93/6c07224f26e7ab8541007a1fb9b4b0]
Dec-02 15:56:43.822 [Task monitor] DEBUG n.processor.TaskPollingMonitor - Task completed > TaskHandler[id: 177; name: revertFile (65); status: COMPLETED; exit: 0; error: -; workDir: /input/data/work/2a/77729795529dcb4d90189135ce508d]
Dec-02 15:56:43.891 [Task monitor] DEBUG n.processor.TaskPollingMonitor - Task completed > TaskHandler[id: 189; name: revertFile (41); status: COMPLETED; exit: 0; error: -; workDir: /input/data/work/94/3e4c28646a58a2d6ec1b762d1de603]
Dec-02 15:56:43.964 [Task monitor] DEBUG n.processor.TaskPollingMonitor - Task completed > TaskHandler[id: 197; name: revertFile (80); status: COMPLETED; exit: 0; error: -; workDir: /input/data/work/51/64238541b6352aceb9975b22bee13b]
Dec-02 15:56:44.042 [Task monitor] DEBUG n.processor.TaskPollingMonitor - Task completed > TaskHandler[id: 199; name: revertFile (68); status: COMPLETED; exit: 0; error: -; workDir: /input/data/work/7b/2e3aeab990e2f3f3f21db018c27ee9]
Dec-02 15:56:53.149 [Task monitor] DEBUG n.processor.TaskPollingMonitor - Task completed > TaskHandler[id: 126; name: revertFile (75); status: COMPLETED; exit: 0; error: -; workDir: /input/data/work/3e/2c79322ad026ba5e9d9d18cea1d411]
Dec-02 15:56:53.189 [Task monitor] DEBUG n.processor.TaskPollingMonitor - Task completed > TaskHandler[id: 171; name: revertFile (33); status: COMPLETED; exit: 0; error: -; workDir: /input/data/work/07/5b1f2fbad7cba99df1c4479a07264c]
Dec-02 15:56:53.191 [main] DEBUG nextflow.Session - Session await > all processes finished
Dec-02 15:56:53.194 [main] DEBUG nextflow.Session - Session await > all barriers passed
Dec-02 15:56:53.205 [main] DEBUG n.trace.WorkflowStatsObserver - Workflow completed > WorkflowStats[succeededCount=200; failedCount=0; ignoredCount=0; cachedCount=0; pendingCount=0; submittedCount=0; runningCount=0; retriesCount=0; abortedCount=0; succeedDuration=1h 37m 55s; failedDuration=0ms; cachedDuration=0ms;loadCpus=0; loadMemory=0; peakRunning=24; peakCpus=240; peakMemory=240 GB; ]
Dec-02 15:56:53.205 [main] DEBUG nextflow.trace.TraceFileObserver - Workflow completed -- saving trace file
Dec-02 15:56:53.217 [main] DEBUG nextflow.trace.ReportObserver - Workflow completed -- rendering execution report
Dec-02 15:56:53.873 [main] DEBUG nextflow.trace.TimelineObserver - Workflow completed -- rendering execution timeline
Dec-02 15:56:54.028 [main] DEBUG nextflow.cache.CacheDB - Closing CacheDB done
Dec-02 15:56:54.050 [main] DEBUG nextflow.util.ThreadPoolManager - Thread pool 'FileTransfer' shutdown completed (hard=false)
Dec-02 15:56:54.050 [main] DEBUG nextflow.script.ScriptRunner - > Execution complete -- Goodbye
