Jan-26 02:10:11.961 [main] DEBUG nextflow.cli.Launcher - $> nextflow run /input/fork -c /experiments/experiment/fork/nextflow.config -c /experiments/experiment/nextflow_cws.config -c /experiments/experiment/nextflow_nfs.config
Jan-26 02:10:12.033 [main] INFO  nextflow.cli.CmdRun - N E X T F L O W  ~  version 23.07.0-edge
Jan-26 02:10:12.053 [main] DEBUG nextflow.plugin.PluginsFacade - Setting up plugin manager > mode=prod; embedded=false; plugins-dir=/.nextflow/plugins; core-plugins: nf-amazon@2.1.0,nf-azure@1.1.4,nf-cloudcache@0.1.0,nf-codecommit@0.1.5,nf-console@1.0.6,nf-ga4gh@1.1.0,nf-google@1.8.1,nf-tower@1.5.15,nf-wave@0.11.0
Jan-26 02:10:12.062 [main] INFO  o.pf4j.DefaultPluginStatusProvider - Enabled plugins: []
Jan-26 02:10:12.063 [main] INFO  o.pf4j.DefaultPluginStatusProvider - Disabled plugins: []
Jan-26 02:10:12.065 [main] INFO  org.pf4j.DefaultPluginManager - PF4J version 3.4.1 in 'deployment' mode
Jan-26 02:10:12.074 [main] INFO  org.pf4j.AbstractPluginManager - No plugins
Jan-26 02:10:12.093 [main] DEBUG nextflow.scm.AssetManager - Project manifest does not exist: /input/fork/nextflow.config (No such file or directory)
Jan-26 02:10:12.118 [main] DEBUG nextflow.config.ConfigBuilder - User config file: /experiments/experiment/fork/nextflow.config
Jan-26 02:10:12.119 [main] DEBUG nextflow.config.ConfigBuilder - User config file: /experiments/experiment/nextflow_cws.config
Jan-26 02:10:12.119 [main] DEBUG nextflow.config.ConfigBuilder - User config file: /experiments/experiment/nextflow_nfs.config
Jan-26 02:10:12.119 [main] DEBUG nextflow.config.ConfigBuilder - Parsing config file: /experiments/experiment/fork/nextflow.config
Jan-26 02:10:12.120 [main] DEBUG nextflow.config.ConfigBuilder - Parsing config file: /experiments/experiment/nextflow_cws.config
Jan-26 02:10:12.120 [main] DEBUG nextflow.config.ConfigBuilder - Parsing config file: /experiments/experiment/nextflow_nfs.config
Jan-26 02:10:12.134 [main] DEBUG nextflow.config.ConfigBuilder - Applying config profile: `standard`
Jan-26 02:10:12.652 [main] DEBUG nextflow.config.ConfigBuilder - Applying config profile: `standard`
Jan-26 02:10:12.805 [main] DEBUG nextflow.config.ConfigBuilder - Applying config profile: `standard`
Jan-26 02:10:12.831 [main] DEBUG nextflow.cli.CmdRun - Applied DSL=2 by global default
Jan-26 02:10:12.844 [main] INFO  nextflow.cli.CmdRun - Launching `/input/fork/main.nf` [curious_nightingale] DSL2 - revision: 64aabf06f3
Jan-26 02:10:12.845 [main] DEBUG nextflow.plugin.PluginsFacade - Plugins default=[]
Jan-26 02:10:12.845 [main] DEBUG nextflow.plugin.PluginsFacade - Plugins resolved requirement=[]
Jan-26 02:10:12.852 [main] DEBUG n.secret.LocalSecretsProvider - Secrets store: /.nextflow/secrets/store.json
Jan-26 02:10:12.854 [main] DEBUG nextflow.secret.SecretsLoader - Discovered secrets providers: [nextflow.secret.LocalSecretsProvider@5b7c8930] - activable => nextflow.secret.LocalSecretsProvider@5b7c8930
Jan-26 02:10:12.904 [main] DEBUG nextflow.Session - Session UUID: 1abdcccb-78c6-47ca-8a16-98e99c77a02e
Jan-26 02:10:12.904 [main] DEBUG nextflow.Session - Run name: curious_nightingale
Jan-26 02:10:12.904 [main] DEBUG nextflow.Session - Executor pool size: 32
Jan-26 02:10:12.910 [main] DEBUG nextflow.file.FilePorter - File porter settings maxRetries=3; maxTransfers=50; pollTimeout=null
Jan-26 02:10:12.913 [main] DEBUG nextflow.util.ThreadPoolBuilder - Creating thread pool 'FileTransfer' minSize=10; maxSize=96; workQueue=LinkedBlockingQueue[10000]; allowCoreThreadTimeout=false
Jan-26 02:10:12.940 [main] DEBUG nextflow.cli.CmdRun - 
  Version: 23.07.0-edge build 5875
  Created: 28-07-2023 20:27 UTC (20:27 GMT)
  System: Linux 5.4.0-169-generic
  Runtime: Groovy 3.0.18 on OpenJDK 64-Bit Server VM 17.0.6+10-LTS
  Encoding: UTF-8 (UTF-8)
  Process: 321114@nextflow [10.233.76.49]
  CPUs: 32 - Mem: 125.7 GB (122.2 GB) - Swap: 0 (0)
Jan-26 02:10:12.983 [main] DEBUG nextflow.Session - Work-dir: /input/data/work [nfs]
Jan-26 02:10:12.983 [main] DEBUG nextflow.Session - Script base path does not exist or is not a directory: /input/fork/bin
Jan-26 02:10:12.992 [main] DEBUG nextflow.executor.ExecutorFactory - Extension executors providers=[]
Jan-26 02:10:12.999 [main] DEBUG nextflow.Session - Observer factory: DefaultObserverFactory
Jan-26 02:10:13.026 [main] DEBUG nextflow.cache.CacheFactory - Using Nextflow cache factory: nextflow.cache.DefaultCacheFactory
Jan-26 02:10:13.033 [main] DEBUG nextflow.util.CustomThreadPool - Creating default thread pool > poolSize: 33; maxThreads: 1000
Jan-26 02:10:13.120 [main] DEBUG nextflow.Session - Session start
Jan-26 02:10:13.125 [main] DEBUG nextflow.trace.TraceFileObserver - Workflow started -- trace file: /input/data/output/trace.csv
Jan-26 02:10:13.254 [main] DEBUG nextflow.script.ScriptRunner - > Launching execution
Jan-26 02:10:13.451 [main] DEBUG nextflow.script.ProcessConfig - Config settings `withName:writeLargeFile` matches process writeLargeFile
Jan-26 02:10:13.468 [main] DEBUG nextflow.executor.ExecutorFactory - << taskConfig executor: k8s
Jan-26 02:10:13.468 [main] DEBUG nextflow.executor.ExecutorFactory - >> processorType: 'k8s'
Jan-26 02:10:13.476 [main] DEBUG nextflow.executor.Executor - [warm up] executor > k8s
Jan-26 02:10:13.491 [main] DEBUG n.processor.TaskPollingMonitor - Creating task monitor for executor 'k8s' > capacity: 300; pollInterval: 5s; dumpInterval: 5m; schedulerBatch: null
Jan-26 02:10:13.495 [main] DEBUG nextflow.k8s.client.ConfigDiscovery - K8s config file does not exist: /root/.kube/config
Jan-26 02:10:13.506 [main] DEBUG nextflow.k8s.K8sExecutor - [K8s] config=[scheduler:[strategy:rank_max-fair, name:workflow-scheduler, autoClose:false, nodeSelector:usedby=anonymized, container:anonymized/test1:sch_v201], debug:[yaml:true], namespace:anonymized, serviceAccount:nextflow, workDir:/input/data/work/, projectDir:/input/data/project/, imagePullPolicy:IfNotPresent, launchDir:/input/data/launch/, runAsUser:0, fetchNodeName:true, storageMountPath:/input, pod:[nodeSelector:usedby=anonymized], storage:[nodeSelector:usedby=anonymized, imageName:anonymized/test1:ftp_v122], storageClaimName:nfs-experiment]; API client config=ClientConfig[ server=10.233.0.1:443, namespace=anonymized, serviceAccount=nextflow, token=eyJhbGciOiJ.., sslCert=LS0tLS1CRUd.., clientCert=-, clientKey=-, verifySsl=false, fromFile=true, httpReadTimeout=null, httpConnectTimeout=null, maxErrorRetry=4 ]
Jan-26 02:10:17.148 [main] DEBUG nextflow.script.ProcessConfig - Config settings `withName:revertFile` matches process revertFile
Jan-26 02:10:17.150 [main] DEBUG nextflow.executor.ExecutorFactory - << taskConfig executor: k8s
Jan-26 02:10:17.150 [main] DEBUG nextflow.executor.ExecutorFactory - >> processorType: 'k8s'
Jan-26 02:10:17.162 [main] DEBUG nextflow.Session - Workflow process names [dsl2]: revertFile, combineFiles, writeLargeFile
Jan-26 02:10:17.164 [main] DEBUG nextflow.Session - Igniting dataflow network (3)
Jan-26 02:10:17.165 [main] DEBUG nextflow.processor.TaskProcessor - Starting process > writeLargeFile
Jan-26 02:10:17.169 [main] DEBUG nextflow.processor.TaskProcessor - Starting process > revertFile
Jan-26 02:10:17.169 [main] DEBUG nextflow.script.ScriptRunner - > Awaiting termination 
Jan-26 02:10:17.169 [main] DEBUG nextflow.Session - Session await
Jan-26 02:10:17.405 [Task submitter] INFO  nextflow.Session - [e9/50a3ac] Submitted process > writeLargeFile (1)
Jan-26 02:10:33.546 [Task monitor] DEBUG n.processor.TaskPollingMonitor - Task completed > TaskHandler[id: 1; name: writeLargeFile (1); status: COMPLETED; exit: 0; error: -; workDir: /input/data/work/e9/50a3ac361852df9c86adaaefe26fa9]
Jan-26 02:10:33.671 [Task submitter] INFO  nextflow.Session - [88/c9476d] Submitted process > revertFile (8)
Jan-26 02:10:33.723 [Task submitter] INFO  nextflow.Session - [03/00f093] Submitted process > revertFile (12)
Jan-26 02:10:33.765 [Task submitter] INFO  nextflow.Session - [69/cc3abf] Submitted process > revertFile (32)
Jan-26 02:10:33.804 [Task submitter] INFO  nextflow.Session - [33/448a1f] Submitted process > revertFile (3)
Jan-26 02:10:33.844 [Task submitter] INFO  nextflow.Session - [35/a7297f] Submitted process > revertFile (23)
Jan-26 02:10:33.882 [Task submitter] INFO  nextflow.Session - [d8/53aacd] Submitted process > revertFile (18)
Jan-26 02:10:33.922 [Task submitter] INFO  nextflow.Session - [4f/60f911] Submitted process > revertFile (2)
Jan-26 02:10:33.964 [Task submitter] INFO  nextflow.Session - [23/00ddb2] Submitted process > revertFile (25)
Jan-26 02:10:34.002 [Task submitter] INFO  nextflow.Session - [6c/48c478] Submitted process > revertFile (6)
Jan-26 02:10:34.037 [Task submitter] INFO  nextflow.Session - [88/e4fe02] Submitted process > revertFile (17)
Jan-26 02:10:34.074 [Task submitter] INFO  nextflow.Session - [a5/d7e1a7] Submitted process > revertFile (14)
Jan-26 02:10:34.111 [Task submitter] INFO  nextflow.Session - [3b/706273] Submitted process > revertFile (19)
Jan-26 02:10:34.148 [Task submitter] INFO  nextflow.Session - [00/b10698] Submitted process > revertFile (30)
Jan-26 02:10:34.186 [Task submitter] INFO  nextflow.Session - [19/d67238] Submitted process > revertFile (26)
Jan-26 02:10:34.223 [Task submitter] INFO  nextflow.Session - [7f/1c0a8b] Submitted process > revertFile (27)
Jan-26 02:10:34.262 [Task submitter] INFO  nextflow.Session - [ff/8b0af2] Submitted process > revertFile (21)
Jan-26 02:10:34.296 [Task submitter] INFO  nextflow.Session - [61/d51d7f] Submitted process > revertFile (24)
Jan-26 02:10:34.330 [Task submitter] INFO  nextflow.Session - [d0/05d1d7] Submitted process > revertFile (13)
Jan-26 02:10:34.364 [Task submitter] INFO  nextflow.Session - [d4/66bc3d] Submitted process > revertFile (28)
Jan-26 02:10:34.399 [Task submitter] INFO  nextflow.Session - [0b/7bad50] Submitted process > revertFile (22)
Jan-26 02:10:34.435 [Task submitter] INFO  nextflow.Session - [26/c4f47c] Submitted process > revertFile (10)
Jan-26 02:10:34.474 [Task submitter] INFO  nextflow.Session - [44/203d5f] Submitted process > revertFile (9)
Jan-26 02:10:34.512 [Task submitter] INFO  nextflow.Session - [c4/caa748] Submitted process > revertFile (15)
Jan-26 02:10:34.550 [Task submitter] INFO  nextflow.Session - [d2/e37680] Submitted process > revertFile (20)
Jan-26 02:10:34.586 [Task submitter] INFO  nextflow.Session - [04/4d7901] Submitted process > revertFile (5)
Jan-26 02:10:34.622 [Task submitter] INFO  nextflow.Session - [b9/63f362] Submitted process > revertFile (4)
Jan-26 02:10:34.655 [Task submitter] INFO  nextflow.Session - [03/de00ee] Submitted process > revertFile (57)
Jan-26 02:10:34.688 [Task submitter] INFO  nextflow.Session - [51/fe21ca] Submitted process > revertFile (29)
Jan-26 02:10:34.724 [Task submitter] INFO  nextflow.Session - [f9/20c6aa] Submitted process > revertFile (16)
Jan-26 02:10:34.762 [Task submitter] INFO  nextflow.Session - [1f/fc7b64] Submitted process > revertFile (7)
Jan-26 02:10:34.800 [Task submitter] INFO  nextflow.Session - [d8/f32510] Submitted process > revertFile (58)
Jan-26 02:10:34.835 [Task submitter] INFO  nextflow.Session - [ee/8f9b18] Submitted process > revertFile (1)
Jan-26 02:10:34.875 [Task submitter] INFO  nextflow.Session - [b9/70f110] Submitted process > revertFile (11)
Jan-26 02:10:34.910 [Task submitter] INFO  nextflow.Session - [8b/fb78c7] Submitted process > revertFile (31)
Jan-26 02:10:34.946 [Task submitter] INFO  nextflow.Session - [36/b6400b] Submitted process > revertFile (42)
Jan-26 02:10:34.980 [Task submitter] INFO  nextflow.Session - [44/2cedce] Submitted process > revertFile (44)
Jan-26 02:10:35.019 [Task submitter] INFO  nextflow.Session - [ac/bd7773] Submitted process > revertFile (54)
Jan-26 02:10:35.054 [Task submitter] INFO  nextflow.Session - [1d/19d6b5] Submitted process > revertFile (55)
Jan-26 02:10:35.086 [Task submitter] INFO  nextflow.Session - [38/453896] Submitted process > revertFile (34)
Jan-26 02:10:35.119 [Task submitter] INFO  nextflow.Session - [74/562f0e] Submitted process > revertFile (33)
Jan-26 02:10:35.158 [Task submitter] INFO  nextflow.Session - [15/484718] Submitted process > revertFile (36)
Jan-26 02:10:35.194 [Task submitter] INFO  nextflow.Session - [2e/6c2340] Submitted process > revertFile (40)
Jan-26 02:10:35.228 [Task submitter] INFO  nextflow.Session - [88/78f60b] Submitted process > revertFile (71)
Jan-26 02:10:35.266 [Task submitter] INFO  nextflow.Session - [94/aa0412] Submitted process > revertFile (49)
Jan-26 02:10:35.298 [Task submitter] INFO  nextflow.Session - [ec/895a26] Submitted process > revertFile (37)
Jan-26 02:10:35.334 [Task submitter] INFO  nextflow.Session - [9f/fa4ad1] Submitted process > revertFile (35)
Jan-26 02:10:35.367 [Task submitter] INFO  nextflow.Session - [f8/2089b2] Submitted process > revertFile (48)
Jan-26 02:10:35.403 [Task submitter] INFO  nextflow.Session - [9e/b85b8b] Submitted process > revertFile (38)
Jan-26 02:10:35.435 [Task submitter] INFO  nextflow.Session - [2c/237c97] Submitted process > revertFile (50)
Jan-26 02:10:35.468 [Task submitter] INFO  nextflow.Session - [10/2fff4c] Submitted process > revertFile (46)
Jan-26 02:10:35.512 [Task submitter] INFO  nextflow.Session - [ab/9e89db] Submitted process > revertFile (59)
Jan-26 02:10:35.553 [Task submitter] INFO  nextflow.Session - [26/e8ba5a] Submitted process > revertFile (81)
Jan-26 02:10:35.585 [Task submitter] INFO  nextflow.Session - [eb/50eb47] Submitted process > revertFile (43)
Jan-26 02:10:35.623 [Task submitter] INFO  nextflow.Session - [ad/b5d6c7] Submitted process > revertFile (39)
Jan-26 02:10:35.658 [Task submitter] INFO  nextflow.Session - [6c/c9ae8a] Submitted process > revertFile (82)
Jan-26 02:10:35.691 [Task submitter] INFO  nextflow.Session - [34/fec665] Submitted process > revertFile (47)
Jan-26 02:10:35.729 [Task submitter] INFO  nextflow.Session - [6c/4b7b35] Submitted process > revertFile (83)
Jan-26 02:10:35.764 [Task submitter] INFO  nextflow.Session - [8c/52fdc1] Submitted process > revertFile (53)
Jan-26 02:10:35.796 [Task submitter] INFO  nextflow.Session - [04/d69cb2] Submitted process > revertFile (88)
Jan-26 02:10:35.827 [Task submitter] INFO  nextflow.Session - [da/c83fad] Submitted process > revertFile (56)
Jan-26 02:10:35.861 [Task submitter] INFO  nextflow.Session - [4f/361579] Submitted process > revertFile (89)
Jan-26 02:10:35.898 [Task submitter] INFO  nextflow.Session - [bf/ccc926] Submitted process > revertFile (45)
Jan-26 02:10:35.937 [Task submitter] INFO  nextflow.Session - [07/497263] Submitted process > revertFile (51)
Jan-26 02:10:35.975 [Task submitter] INFO  nextflow.Session - [1e/a1f7c9] Submitted process > revertFile (52)
Jan-26 02:10:36.012 [Task submitter] INFO  nextflow.Session - [5e/c28d8e] Submitted process > revertFile (41)
Jan-26 02:10:36.045 [Task submitter] INFO  nextflow.Session - [f5/dc98c7] Submitted process > revertFile (64)
Jan-26 02:10:36.080 [Task submitter] INFO  nextflow.Session - [b3/e54cf3] Submitted process > revertFile (60)
Jan-26 02:10:36.114 [Task submitter] INFO  nextflow.Session - [82/f62a14] Submitted process > revertFile (63)
Jan-26 02:10:36.149 [Task submitter] INFO  nextflow.Session - [a8/a5aac4] Submitted process > revertFile (61)
Jan-26 02:10:36.181 [Task submitter] INFO  nextflow.Session - [53/f1e7b1] Submitted process > revertFile (65)
Jan-26 02:10:36.215 [Task submitter] INFO  nextflow.Session - [97/58e5a8] Submitted process > revertFile (66)
Jan-26 02:10:36.251 [Task submitter] INFO  nextflow.Session - [81/4bc374] Submitted process > revertFile (62)
Jan-26 02:10:36.286 [Task submitter] INFO  nextflow.Session - [fe/5fe010] Submitted process > revertFile (84)
Jan-26 02:10:36.320 [Task submitter] INFO  nextflow.Session - [57/c4dd5c] Submitted process > revertFile (70)
Jan-26 02:10:36.354 [Task submitter] INFO  nextflow.Session - [ba/d463dc] Submitted process > revertFile (73)
Jan-26 02:10:36.388 [Task submitter] INFO  nextflow.Session - [3a/6bd844] Submitted process > revertFile (93)
Jan-26 02:10:36.421 [Task submitter] INFO  nextflow.Session - [df/ed3f49] Submitted process > revertFile (72)
Jan-26 02:10:36.456 [Task submitter] INFO  nextflow.Session - [50/65a789] Submitted process > revertFile (76)
Jan-26 02:10:36.486 [Task submitter] INFO  nextflow.Session - [63/aa98bd] Submitted process > revertFile (85)
Jan-26 02:10:36.540 [Task submitter] INFO  nextflow.Session - [47/7887b8] Submitted process > revertFile (68)
Jan-26 02:10:36.574 [Task submitter] INFO  nextflow.Session - [c7/7dc7f6] Submitted process > revertFile (67)
Jan-26 02:10:36.608 [Task submitter] INFO  nextflow.Session - [3c/a328ae] Submitted process > revertFile (75)
Jan-26 02:10:36.643 [Task submitter] INFO  nextflow.Session - [e8/35ca48] Submitted process > revertFile (97)
Jan-26 02:10:36.677 [Task submitter] INFO  nextflow.Session - [cc/b1f85f] Submitted process > revertFile (98)
Jan-26 02:10:36.711 [Task submitter] INFO  nextflow.Session - [66/e8b8e8] Submitted process > revertFile (79)
Jan-26 02:10:36.744 [Task submitter] INFO  nextflow.Session - [4d/9bfc64] Submitted process > revertFile (100)
Jan-26 02:10:36.776 [Task submitter] INFO  nextflow.Session - [5c/71b7fc] Submitted process > revertFile (92)
Jan-26 02:10:36.809 [Task submitter] INFO  nextflow.Session - [e3/df5bd2] Submitted process > revertFile (77)
Jan-26 02:10:36.844 [Task submitter] INFO  nextflow.Session - [11/d96038] Submitted process > revertFile (87)
Jan-26 02:10:36.879 [Task submitter] INFO  nextflow.Session - [14/bffaa5] Submitted process > revertFile (95)
Jan-26 02:10:36.912 [Task submitter] INFO  nextflow.Session - [55/37f5e5] Submitted process > revertFile (78)
Jan-26 02:10:36.946 [Task submitter] INFO  nextflow.Session - [01/6fbc3f] Submitted process > revertFile (69)
Jan-26 02:10:36.978 [Task submitter] INFO  nextflow.Session - [cc/960dbf] Submitted process > revertFile (96)
Jan-26 02:10:37.010 [Task submitter] INFO  nextflow.Session - [45/00d7dd] Submitted process > revertFile (74)
Jan-26 02:10:37.041 [Task submitter] INFO  nextflow.Session - [3e/125f68] Submitted process > revertFile (94)
Jan-26 02:10:37.074 [Task submitter] INFO  nextflow.Session - [be/00e3de] Submitted process > revertFile (99)
Jan-26 02:10:37.107 [Task submitter] INFO  nextflow.Session - [32/c97096] Submitted process > revertFile (86)
Jan-26 02:10:37.140 [Task submitter] INFO  nextflow.Session - [b5/39a08b] Submitted process > revertFile (90)
Jan-26 02:10:37.174 [Task submitter] INFO  nextflow.Session - [c6/e96c08] Submitted process > revertFile (80)
Jan-26 02:10:37.205 [Task submitter] INFO  nextflow.Session - [79/ca6754] Submitted process > revertFile (91)
Jan-26 02:11:30.310 [Task monitor] DEBUG n.processor.TaskPollingMonitor - Task completed > TaskHandler[id: 9; name: revertFile (8); status: COMPLETED; exit: 0; error: -; workDir: /input/data/work/88/c9476d0a52c69d9b02f5f9af1e1e24]
Jan-26 02:11:30.350 [Task monitor] DEBUG n.processor.TaskPollingMonitor - Task completed > TaskHandler[id: 13; name: revertFile (12); status: COMPLETED; exit: 0; error: -; workDir: /input/data/work/03/00f0938637ba96228bd6c74f1504d1]
Jan-26 02:11:30.389 [Task monitor] DEBUG n.processor.TaskPollingMonitor - Task completed > TaskHandler[id: 33; name: revertFile (32); status: COMPLETED; exit: 0; error: -; workDir: /input/data/work/69/cc3abff1132866f26d3ea04d8b085d]
Jan-26 02:12:06.777 [Task monitor] DEBUG n.processor.TaskPollingMonitor - Task completed > TaskHandler[id: 4; name: revertFile (3); status: COMPLETED; exit: 0; error: -; workDir: /input/data/work/33/448a1f16c598269765fc179759a2bd]
Jan-26 02:12:06.818 [Task monitor] DEBUG n.processor.TaskPollingMonitor - Task completed > TaskHandler[id: 24; name: revertFile (23); status: COMPLETED; exit: 0; error: -; workDir: /input/data/work/35/a7297fced557800b9133c0e5b5f940]
Jan-26 02:12:06.857 [Task monitor] DEBUG n.processor.TaskPollingMonitor - Task completed > TaskHandler[id: 19; name: revertFile (18); status: COMPLETED; exit: 0; error: -; workDir: /input/data/work/d8/53aacddb155473fa61b818db2f7688]
Jan-26 02:12:42.581 [Task monitor] DEBUG n.processor.TaskPollingMonitor - Task completed > TaskHandler[id: 3; name: revertFile (2); status: COMPLETED; exit: 0; error: -; workDir: /input/data/work/4f/60f91114cdac1d825f13953f573d20]
Jan-26 02:12:42.620 [Task monitor] DEBUG n.processor.TaskPollingMonitor - Task completed > TaskHandler[id: 26; name: revertFile (25); status: COMPLETED; exit: 0; error: -; workDir: /input/data/work/23/00ddb2ee11d7518e4e5535e40c8da4]
Jan-26 02:12:42.662 [Task monitor] DEBUG n.processor.TaskPollingMonitor - Task completed > TaskHandler[id: 7; name: revertFile (6); status: COMPLETED; exit: 0; error: -; workDir: /input/data/work/6c/48c478df311f59bae5ef378aaef6b0]
Jan-26 02:13:18.981 [Task monitor] DEBUG n.processor.TaskPollingMonitor - Task completed > TaskHandler[id: 18; name: revertFile (17); status: COMPLETED; exit: 0; error: -; workDir: /input/data/work/88/e4fe02f44b7c464e84a427fc826131]
Jan-26 02:13:19.019 [Task monitor] DEBUG n.processor.TaskPollingMonitor - Task completed > TaskHandler[id: 15; name: revertFile (14); status: COMPLETED; exit: 0; error: -; workDir: /input/data/work/a5/d7e1a741a9aa900734914aad5e0431]
Jan-26 02:13:19.059 [Task monitor] DEBUG n.processor.TaskPollingMonitor - Task completed > TaskHandler[id: 20; name: revertFile (19); status: COMPLETED; exit: 0; error: -; workDir: /input/data/work/3b/7062731255d7fc94d98ac721ac2948]
Jan-26 02:13:53.981 [Task monitor] DEBUG n.processor.TaskPollingMonitor - Task completed > TaskHandler[id: 31; name: revertFile (30); status: COMPLETED; exit: 0; error: -; workDir: /input/data/work/00/b1069893cb110d1ba354e8d688b337]
Jan-26 02:13:54.018 [Task monitor] DEBUG n.processor.TaskPollingMonitor - Task completed > TaskHandler[id: 27; name: revertFile (26); status: COMPLETED; exit: 0; error: -; workDir: /input/data/work/19/d67238f9dddd3d34e651160154acb6]
Jan-26 02:13:54.054 [Task monitor] DEBUG n.processor.TaskPollingMonitor - Task completed > TaskHandler[id: 28; name: revertFile (27); status: COMPLETED; exit: 0; error: -; workDir: /input/data/work/7f/1c0a8b0b06453045d79d7219eddf04]
Jan-26 02:14:28.983 [Task monitor] DEBUG n.processor.TaskPollingMonitor - Task completed > TaskHandler[id: 22; name: revertFile (21); status: COMPLETED; exit: 0; error: -; workDir: /input/data/work/ff/8b0af2e3fd20bcb47833db6b195994]
Jan-26 02:14:29.022 [Task monitor] DEBUG n.processor.TaskPollingMonitor - Task completed > TaskHandler[id: 25; name: revertFile (24); status: COMPLETED; exit: 0; error: -; workDir: /input/data/work/61/d51d7f2946ffc3d15efc56faa22742]
Jan-26 02:14:29.058 [Task monitor] DEBUG n.processor.TaskPollingMonitor - Task completed > TaskHandler[id: 14; name: revertFile (13); status: COMPLETED; exit: 0; error: -; workDir: /input/data/work/d0/05d1d718d2e95a17ca77df7bab8a00]
Jan-26 02:15:08.986 [Task monitor] DEBUG n.processor.TaskPollingMonitor - Task completed > TaskHandler[id: 29; name: revertFile (28); status: COMPLETED; exit: 0; error: -; workDir: /input/data/work/d4/66bc3db861da8e88a96eb811269986]
Jan-26 02:15:09.025 [Task monitor] DEBUG n.processor.TaskPollingMonitor - Task completed > TaskHandler[id: 23; name: revertFile (22); status: COMPLETED; exit: 0; error: -; workDir: /input/data/work/0b/7bad50bb13400b9bb6c5ccf4fb5dd1]
Jan-26 02:15:09.063 [Task monitor] DEBUG n.processor.TaskPollingMonitor - Task completed > TaskHandler[id: 11; name: revertFile (10); status: COMPLETED; exit: 0; error: -; workDir: /input/data/work/26/c4f47ca80154c9d5967c9ecda37b52]
Jan-26 02:15:18.949 [Task monitor] DEBUG n.processor.TaskPollingMonitor - !! executor k8s > tasks to be completed: 79 -- submitted tasks are shown below
~> TaskHandler[id: 10; name: revertFile (9); status: RUNNING; exit: -; error: -; workDir: /input/data/work/44/203d5f695d31d6f312e0f57f30a2e2]
~> TaskHandler[id: 16; name: revertFile (15); status: RUNNING; exit: -; error: -; workDir: /input/data/work/c4/caa74873c7e7bce4ca586b8069efcd]
~> TaskHandler[id: 21; name: revertFile (20); status: RUNNING; exit: -; error: -; workDir: /input/data/work/d2/e37680b0fb2f5d782e81475fbb1b1d]
~> TaskHandler[id: 6; name: revertFile (5); status: SUBMITTED; exit: -; error: -; workDir: /input/data/work/04/4d7901583e20a94419be51ca8e3c52]
~> TaskHandler[id: 5; name: revertFile (4); status: SUBMITTED; exit: -; error: -; workDir: /input/data/work/b9/63f362ee43efa6c15f5f41375aaa92]
~> TaskHandler[id: 58; name: revertFile (57); status: SUBMITTED; exit: -; error: -; workDir: /input/data/work/03/de00ee82fdc03712fae0e1446035e0]
~> TaskHandler[id: 30; name: revertFile (29); status: SUBMITTED; exit: -; error: -; workDir: /input/data/work/51/fe21cad950baea827e017772e1f6ba]
~> TaskHandler[id: 17; name: revertFile (16); status: SUBMITTED; exit: -; error: -; workDir: /input/data/work/f9/20c6aa3c7c6e4c139b076c9c3a6810]
~> TaskHandler[id: 8; name: revertFile (7); status: SUBMITTED; exit: -; error: -; workDir: /input/data/work/1f/fc7b64454c08ff49be958734c24307]
~> TaskHandler[id: 59; name: revertFile (58); status: SUBMITTED; exit: -; error: -; workDir: /input/data/work/d8/f32510032dfbd6c180de374d190ffc]
.. remaining tasks omitted.
Jan-26 02:15:43.987 [Task monitor] DEBUG n.processor.TaskPollingMonitor - Task completed > TaskHandler[id: 10; name: revertFile (9); status: COMPLETED; exit: 0; error: -; workDir: /input/data/work/44/203d5f695d31d6f312e0f57f30a2e2]
Jan-26 02:15:44.027 [Task monitor] DEBUG n.processor.TaskPollingMonitor - Task completed > TaskHandler[id: 16; name: revertFile (15); status: COMPLETED; exit: 0; error: -; workDir: /input/data/work/c4/caa74873c7e7bce4ca586b8069efcd]
Jan-26 02:15:44.067 [Task monitor] DEBUG n.processor.TaskPollingMonitor - Task completed > TaskHandler[id: 21; name: revertFile (20); status: COMPLETED; exit: 0; error: -; workDir: /input/data/work/d2/e37680b0fb2f5d782e81475fbb1b1d]
Jan-26 02:16:18.993 [Task monitor] DEBUG n.processor.TaskPollingMonitor - Task completed > TaskHandler[id: 6; name: revertFile (5); status: COMPLETED; exit: 0; error: -; workDir: /input/data/work/04/4d7901583e20a94419be51ca8e3c52]
Jan-26 02:16:19.027 [Task monitor] DEBUG n.processor.TaskPollingMonitor - Task completed > TaskHandler[id: 5; name: revertFile (4); status: COMPLETED; exit: 0; error: -; workDir: /input/data/work/b9/63f362ee43efa6c15f5f41375aaa92]
Jan-26 02:16:19.065 [Task monitor] DEBUG n.processor.TaskPollingMonitor - Task completed > TaskHandler[id: 58; name: revertFile (57); status: COMPLETED; exit: 0; error: -; workDir: /input/data/work/03/de00ee82fdc03712fae0e1446035e0]
Jan-26 02:16:53.989 [Task monitor] DEBUG n.processor.TaskPollingMonitor - Task completed > TaskHandler[id: 30; name: revertFile (29); status: COMPLETED; exit: 0; error: -; workDir: /input/data/work/51/fe21cad950baea827e017772e1f6ba]
Jan-26 02:16:54.027 [Task monitor] DEBUG n.processor.TaskPollingMonitor - Task completed > TaskHandler[id: 17; name: revertFile (16); status: COMPLETED; exit: 0; error: -; workDir: /input/data/work/f9/20c6aa3c7c6e4c139b076c9c3a6810]
Jan-26 02:16:54.067 [Task monitor] DEBUG n.processor.TaskPollingMonitor - Task completed > TaskHandler[id: 8; name: revertFile (7); status: COMPLETED; exit: 0; error: -; workDir: /input/data/work/1f/fc7b64454c08ff49be958734c24307]
Jan-26 02:17:28.987 [Task monitor] DEBUG n.processor.TaskPollingMonitor - Task completed > TaskHandler[id: 59; name: revertFile (58); status: COMPLETED; exit: 0; error: -; workDir: /input/data/work/d8/f32510032dfbd6c180de374d190ffc]
Jan-26 02:17:29.025 [Task monitor] DEBUG n.processor.TaskPollingMonitor - Task completed > TaskHandler[id: 2; name: revertFile (1); status: COMPLETED; exit: 0; error: -; workDir: /input/data/work/ee/8f9b18addf9e504b01cf2253928314]
Jan-26 02:17:29.062 [Task monitor] DEBUG n.processor.TaskPollingMonitor - Task completed > TaskHandler[id: 12; name: revertFile (11); status: COMPLETED; exit: 0; error: -; workDir: /input/data/work/b9/70f1106e8fd9411b869a7efcce22dc]
Jan-26 02:18:08.993 [Task monitor] DEBUG n.processor.TaskPollingMonitor - Task completed > TaskHandler[id: 32; name: revertFile (31); status: COMPLETED; exit: 0; error: -; workDir: /input/data/work/8b/fb78c7bee505e8e3272d3f072a5a3f]
Jan-26 02:18:09.032 [Task monitor] DEBUG n.processor.TaskPollingMonitor - Task completed > TaskHandler[id: 43; name: revertFile (42); status: COMPLETED; exit: 0; error: -; workDir: /input/data/work/36/b6400bade00bb1a4e9b86ddb826b2c]
Jan-26 02:18:09.069 [Task monitor] DEBUG n.processor.TaskPollingMonitor - Task completed > TaskHandler[id: 45; name: revertFile (44); status: COMPLETED; exit: 0; error: -; workDir: /input/data/work/44/2cedced6dfaee825dc0903fe9cca8b]
Jan-26 02:18:43.994 [Task monitor] DEBUG n.processor.TaskPollingMonitor - Task completed > TaskHandler[id: 55; name: revertFile (54); status: COMPLETED; exit: 0; error: -; workDir: /input/data/work/ac/bd7773b9d983df5c849dbb94686382]
Jan-26 02:18:44.031 [Task monitor] DEBUG n.processor.TaskPollingMonitor - Task completed > TaskHandler[id: 56; name: revertFile (55); status: COMPLETED; exit: 0; error: -; workDir: /input/data/work/1d/19d6b50ddf93a0a5c64416c7317cb0]
Jan-26 02:18:44.072 [Task monitor] DEBUG n.processor.TaskPollingMonitor - Task completed > TaskHandler[id: 35; name: revertFile (34); status: COMPLETED; exit: 0; error: -; workDir: /input/data/work/38/453896c20979ac981600cca62bdcdd]
Jan-26 02:19:18.993 [Task monitor] DEBUG n.processor.TaskPollingMonitor - Task completed > TaskHandler[id: 34; name: revertFile (33); status: COMPLETED; exit: 0; error: -; workDir: /input/data/work/74/562f0e313e693e7d147cfa376a0936]
Jan-26 02:19:19.034 [Task monitor] DEBUG n.processor.TaskPollingMonitor - Task completed > TaskHandler[id: 37; name: revertFile (36); status: COMPLETED; exit: 0; error: -; workDir: /input/data/work/15/484718fa208f1c82ec8f04d0737055]
Jan-26 02:19:19.070 [Task monitor] DEBUG n.processor.TaskPollingMonitor - Task completed > TaskHandler[id: 41; name: revertFile (40); status: COMPLETED; exit: 0; error: -; workDir: /input/data/work/2e/6c2340b8d421d1ba06c074c3edf0d4]
Jan-26 02:19:53.994 [Task monitor] DEBUG n.processor.TaskPollingMonitor - Task completed > TaskHandler[id: 72; name: revertFile (71); status: COMPLETED; exit: 0; error: -; workDir: /input/data/work/88/78f60b8d48fdd12f089a7bc0044dab]
Jan-26 02:19:54.034 [Task monitor] DEBUG n.processor.TaskPollingMonitor - Task completed > TaskHandler[id: 50; name: revertFile (49); status: COMPLETED; exit: 0; error: -; workDir: /input/data/work/94/aa0412540bd05e14c18d93906aa768]
Jan-26 02:19:54.076 [Task monitor] DEBUG n.processor.TaskPollingMonitor - Task completed > TaskHandler[id: 38; name: revertFile (37); status: COMPLETED; exit: 0; error: -; workDir: /input/data/work/ec/895a265227e11a04102684dd7c8aa2]
Jan-26 02:20:18.958 [Task monitor] DEBUG n.processor.TaskPollingMonitor - !! executor k8s > tasks to be completed: 55 -- submitted tasks are shown below
~> TaskHandler[id: 36; name: revertFile (35); status: RUNNING; exit: -; error: -; workDir: /input/data/work/9f/fa4ad10721374a692ae8e29b53b94d]
~> TaskHandler[id: 49; name: revertFile (48); status: RUNNING; exit: -; error: -; workDir: /input/data/work/f8/2089b2e2ba9cecafa4656e1846a168]
~> TaskHandler[id: 39; name: revertFile (38); status: RUNNING; exit: -; error: -; workDir: /input/data/work/9e/b85b8b1bcf3a76a55b67195907e1c2]
~> TaskHandler[id: 51; name: revertFile (50); status: SUBMITTED; exit: -; error: -; workDir: /input/data/work/2c/237c97a36bf284fe7461fc3e14e2a3]
~> TaskHandler[id: 47; name: revertFile (46); status: SUBMITTED; exit: -; error: -; workDir: /input/data/work/10/2fff4c9826f3e508b1d7f1949b04bc]
~> TaskHandler[id: 60; name: revertFile (59); status: SUBMITTED; exit: -; error: -; workDir: /input/data/work/ab/9e89dbdb9f38dacc3cc861117483a0]
~> TaskHandler[id: 82; name: revertFile (81); status: SUBMITTED; exit: -; error: -; workDir: /input/data/work/26/e8ba5ae4773c5078bb819892bf178f]
~> TaskHandler[id: 44; name: revertFile (43); status: SUBMITTED; exit: -; error: -; workDir: /input/data/work/eb/50eb4757a12c770fbeb41a3cfc71be]
~> TaskHandler[id: 40; name: revertFile (39); status: SUBMITTED; exit: -; error: -; workDir: /input/data/work/ad/b5d6c72ba85631fe221d2800aa1813]
~> TaskHandler[id: 83; name: revertFile (82); status: SUBMITTED; exit: -; error: -; workDir: /input/data/work/6c/c9ae8a222364850234cdd130f3c647]
.. remaining tasks omitted.
Jan-26 02:20:28.995 [Task monitor] DEBUG n.processor.TaskPollingMonitor - Task completed > TaskHandler[id: 36; name: revertFile (35); status: COMPLETED; exit: 0; error: -; workDir: /input/data/work/9f/fa4ad10721374a692ae8e29b53b94d]
Jan-26 02:20:29.051 [Task monitor] DEBUG n.processor.TaskPollingMonitor - Task completed > TaskHandler[id: 39; name: revertFile (38); status: COMPLETED; exit: 0; error: -; workDir: /input/data/work/9e/b85b8b1bcf3a76a55b67195907e1c2]
Jan-26 02:20:33.994 [Task monitor] DEBUG n.processor.TaskPollingMonitor - Task completed > TaskHandler[id: 49; name: revertFile (48); status: COMPLETED; exit: 0; error: -; workDir: /input/data/work/f8/2089b2e2ba9cecafa4656e1846a168]
Jan-26 02:21:03.996 [Task monitor] DEBUG n.processor.TaskPollingMonitor - Task completed > TaskHandler[id: 51; name: revertFile (50); status: COMPLETED; exit: 0; error: -; workDir: /input/data/work/2c/237c97a36bf284fe7461fc3e14e2a3]
Jan-26 02:21:04.032 [Task monitor] DEBUG n.processor.TaskPollingMonitor - Task completed > TaskHandler[id: 47; name: revertFile (46); status: COMPLETED; exit: 0; error: -; workDir: /input/data/work/10/2fff4c9826f3e508b1d7f1949b04bc]
Jan-26 02:21:04.067 [Task monitor] DEBUG n.processor.TaskPollingMonitor - Task completed > TaskHandler[id: 60; name: revertFile (59); status: COMPLETED; exit: 0; error: -; workDir: /input/data/work/ab/9e89dbdb9f38dacc3cc861117483a0]
Jan-26 02:21:38.994 [Task monitor] DEBUG n.processor.TaskPollingMonitor - Task completed > TaskHandler[id: 82; name: revertFile (81); status: COMPLETED; exit: 0; error: -; workDir: /input/data/work/26/e8ba5ae4773c5078bb819892bf178f]
Jan-26 02:21:39.030 [Task monitor] DEBUG n.processor.TaskPollingMonitor - Task completed > TaskHandler[id: 44; name: revertFile (43); status: COMPLETED; exit: 0; error: -; workDir: /input/data/work/eb/50eb4757a12c770fbeb41a3cfc71be]
Jan-26 02:21:39.068 [Task monitor] DEBUG n.processor.TaskPollingMonitor - Task completed > TaskHandler[id: 40; name: revertFile (39); status: COMPLETED; exit: 0; error: -; workDir: /input/data/work/ad/b5d6c72ba85631fe221d2800aa1813]
Jan-26 02:22:13.996 [Task monitor] DEBUG n.processor.TaskPollingMonitor - Task completed > TaskHandler[id: 83; name: revertFile (82); status: COMPLETED; exit: 0; error: -; workDir: /input/data/work/6c/c9ae8a222364850234cdd130f3c647]
Jan-26 02:22:14.031 [Task monitor] DEBUG n.processor.TaskPollingMonitor - Task completed > TaskHandler[id: 48; name: revertFile (47); status: COMPLETED; exit: 0; error: -; workDir: /input/data/work/34/fec66537eb3b73dcea0a4b05edf5ef]
Jan-26 02:22:14.067 [Task monitor] DEBUG n.processor.TaskPollingMonitor - Task completed > TaskHandler[id: 84; name: revertFile (83); status: COMPLETED; exit: 0; error: -; workDir: /input/data/work/6c/4b7b3596b0b75ed6e8c9087326d9f3]
Jan-26 02:22:49.002 [Task monitor] DEBUG n.processor.TaskPollingMonitor - Task completed > TaskHandler[id: 54; name: revertFile (53); status: COMPLETED; exit: 0; error: -; workDir: /input/data/work/8c/52fdc1c9811dfb25a6ad5d811814a3]
Jan-26 02:22:49.039 [Task monitor] DEBUG n.processor.TaskPollingMonitor - Task completed > TaskHandler[id: 89; name: revertFile (88); status: COMPLETED; exit: 0; error: -; workDir: /input/data/work/04/d69cb2cf39a81bf2121720c2ba4900]
Jan-26 02:22:49.076 [Task monitor] DEBUG n.processor.TaskPollingMonitor - Task completed > TaskHandler[id: 57; name: revertFile (56); status: COMPLETED; exit: 0; error: -; workDir: /input/data/work/da/c83fad8e66b68c7244a6d02c62925d]
Jan-26 02:23:24.001 [Task monitor] DEBUG n.processor.TaskPollingMonitor - Task completed > TaskHandler[id: 90; name: revertFile (89); status: COMPLETED; exit: 0; error: -; workDir: /input/data/work/4f/361579b8ac3ef3546a2957fe6dbf68]
Jan-26 02:23:24.035 [Task monitor] DEBUG n.processor.TaskPollingMonitor - Task completed > TaskHandler[id: 46; name: revertFile (45); status: COMPLETED; exit: 0; error: -; workDir: /input/data/work/bf/ccc926fc6b272a1d80c7ebee27b242]
Jan-26 02:23:24.075 [Task monitor] DEBUG n.processor.TaskPollingMonitor - Task completed > TaskHandler[id: 52; name: revertFile (51); status: COMPLETED; exit: 0; error: -; workDir: /input/data/work/07/497263c9fe589b16574d8ec5377d34]
Jan-26 02:23:59.002 [Task monitor] DEBUG n.processor.TaskPollingMonitor - Task completed > TaskHandler[id: 53; name: revertFile (52); status: COMPLETED; exit: 0; error: -; workDir: /input/data/work/1e/a1f7c9c1e8646021fac0518b491163]
Jan-26 02:23:59.040 [Task monitor] DEBUG n.processor.TaskPollingMonitor - Task completed > TaskHandler[id: 42; name: revertFile (41); status: COMPLETED; exit: 0; error: -; workDir: /input/data/work/5e/c28d8ed4ee283adcd573e734f5e33a]
Jan-26 02:23:59.077 [Task monitor] DEBUG n.processor.TaskPollingMonitor - Task completed > TaskHandler[id: 65; name: revertFile (64); status: COMPLETED; exit: 0; error: -; workDir: /input/data/work/f5/dc98c7dab381b2f366a6f430c35894]
Jan-26 02:24:39.007 [Task monitor] DEBUG n.processor.TaskPollingMonitor - Task completed > TaskHandler[id: 61; name: revertFile (60); status: COMPLETED; exit: 0; error: -; workDir: /input/data/work/b3/e54cf36449ca5eced7374c39696276]
Jan-26 02:24:39.044 [Task monitor] DEBUG n.processor.TaskPollingMonitor - Task completed > TaskHandler[id: 64; name: revertFile (63); status: COMPLETED; exit: 0; error: -; workDir: /input/data/work/82/f62a14ee94f2692f26a01daed54917]
Jan-26 02:24:39.081 [Task monitor] DEBUG n.processor.TaskPollingMonitor - Task completed > TaskHandler[id: 62; name: revertFile (61); status: COMPLETED; exit: 0; error: -; workDir: /input/data/work/a8/a5aac4669a8af25dd2b09be8832854]
Jan-26 02:25:14.005 [Task monitor] DEBUG n.processor.TaskPollingMonitor - Task completed > TaskHandler[id: 66; name: revertFile (65); status: COMPLETED; exit: 0; error: -; workDir: /input/data/work/53/f1e7b1af3058eb035eaf87477ad834]
Jan-26 02:25:14.041 [Task monitor] DEBUG n.processor.TaskPollingMonitor - Task completed > TaskHandler[id: 67; name: revertFile (66); status: COMPLETED; exit: 0; error: -; workDir: /input/data/work/97/58e5a8a72fd259b3ae955310044b33]
Jan-26 02:25:14.080 [Task monitor] DEBUG n.processor.TaskPollingMonitor - Task completed > TaskHandler[id: 63; name: revertFile (62); status: COMPLETED; exit: 0; error: -; workDir: /input/data/work/81/4bc3746cb628ffc52378c3dba36a4e]
Jan-26 02:25:18.968 [Task monitor] DEBUG n.processor.TaskPollingMonitor - !! executor k8s > tasks to be completed: 28 -- submitted tasks are shown below
~> TaskHandler[id: 85; name: revertFile (84); status: SUBMITTED; exit: -; error: -; workDir: /input/data/work/fe/5fe0100aa2764fc8baf0594b2be0d8]
~> TaskHandler[id: 71; name: revertFile (70); status: SUBMITTED; exit: -; error: -; workDir: /input/data/work/57/c4dd5cc2594376058006c8a4036e5d]
~> TaskHandler[id: 74; name: revertFile (73); status: SUBMITTED; exit: -; error: -; workDir: /input/data/work/ba/d463dce1cc7cb1f43e5c366648fc6f]
~> TaskHandler[id: 94; name: revertFile (93); status: SUBMITTED; exit: -; error: -; workDir: /input/data/work/3a/6bd844d0b52201887f7b0fe9427fda]
~> TaskHandler[id: 73; name: revertFile (72); status: SUBMITTED; exit: -; error: -; workDir: /input/data/work/df/ed3f496f4292c7a5a6f4854c64e0ae]
~> TaskHandler[id: 77; name: revertFile (76); status: SUBMITTED; exit: -; error: -; workDir: /input/data/work/50/65a789b7879f8a351487ecc7602485]
~> TaskHandler[id: 86; name: revertFile (85); status: SUBMITTED; exit: -; error: -; workDir: /input/data/work/63/aa98bd0df24f35fc6adc3a21be92b5]
~> TaskHandler[id: 69; name: revertFile (68); status: SUBMITTED; exit: -; error: -; workDir: /input/data/work/47/7887b86cddc0d9df5e30d26b842262]
~> TaskHandler[id: 68; name: revertFile (67); status: SUBMITTED; exit: -; error: -; workDir: /input/data/work/c7/7dc7f68d0deb38eb4c7666c646b85c]
~> TaskHandler[id: 76; name: revertFile (75); status: SUBMITTED; exit: -; error: -; workDir: /input/data/work/3c/a328ae7de7a3fa6ec1e1b84d3c6929]
.. remaining tasks omitted.
Jan-26 02:25:49.007 [Task monitor] DEBUG n.processor.TaskPollingMonitor - Task completed > TaskHandler[id: 85; name: revertFile (84); status: COMPLETED; exit: 0; error: -; workDir: /input/data/work/fe/5fe0100aa2764fc8baf0594b2be0d8]
Jan-26 02:25:49.045 [Task monitor] DEBUG n.processor.TaskPollingMonitor - Task completed > TaskHandler[id: 71; name: revertFile (70); status: COMPLETED; exit: 0; error: -; workDir: /input/data/work/57/c4dd5cc2594376058006c8a4036e5d]
Jan-26 02:25:49.080 [Task monitor] DEBUG n.processor.TaskPollingMonitor - Task completed > TaskHandler[id: 74; name: revertFile (73); status: COMPLETED; exit: 0; error: -; workDir: /input/data/work/ba/d463dce1cc7cb1f43e5c366648fc6f]
Jan-26 02:26:24.007 [Task monitor] DEBUG n.processor.TaskPollingMonitor - Task completed > TaskHandler[id: 94; name: revertFile (93); status: COMPLETED; exit: 0; error: -; workDir: /input/data/work/3a/6bd844d0b52201887f7b0fe9427fda]
Jan-26 02:26:24.046 [Task monitor] DEBUG n.processor.TaskPollingMonitor - Task completed > TaskHandler[id: 73; name: revertFile (72); status: COMPLETED; exit: 0; error: -; workDir: /input/data/work/df/ed3f496f4292c7a5a6f4854c64e0ae]
Jan-26 02:26:24.084 [Task monitor] DEBUG n.processor.TaskPollingMonitor - Task completed > TaskHandler[id: 77; name: revertFile (76); status: COMPLETED; exit: 0; error: -; workDir: /input/data/work/50/65a789b7879f8a351487ecc7602485]
Jan-26 02:26:59.009 [Task monitor] DEBUG n.processor.TaskPollingMonitor - Task completed > TaskHandler[id: 86; name: revertFile (85); status: COMPLETED; exit: 0; error: -; workDir: /input/data/work/63/aa98bd0df24f35fc6adc3a21be92b5]
Jan-26 02:26:59.045 [Task monitor] DEBUG n.processor.TaskPollingMonitor - Task completed > TaskHandler[id: 69; name: revertFile (68); status: COMPLETED; exit: 0; error: -; workDir: /input/data/work/47/7887b86cddc0d9df5e30d26b842262]
Jan-26 02:26:59.081 [Task monitor] DEBUG n.processor.TaskPollingMonitor - Task completed > TaskHandler[id: 68; name: revertFile (67); status: COMPLETED; exit: 0; error: -; workDir: /input/data/work/c7/7dc7f68d0deb38eb4c7666c646b85c]
Jan-26 02:27:39.008 [Task monitor] DEBUG n.processor.TaskPollingMonitor - Task completed > TaskHandler[id: 76; name: revertFile (75); status: COMPLETED; exit: 0; error: -; workDir: /input/data/work/3c/a328ae7de7a3fa6ec1e1b84d3c6929]
Jan-26 02:27:39.041 [Task monitor] DEBUG n.processor.TaskPollingMonitor - Task completed > TaskHandler[id: 98; name: revertFile (97); status: COMPLETED; exit: 0; error: -; workDir: /input/data/work/e8/35ca484568ad7c7ffa47a28da2d3f2]
Jan-26 02:27:39.077 [Task monitor] DEBUG n.processor.TaskPollingMonitor - Task completed > TaskHandler[id: 99; name: revertFile (98); status: COMPLETED; exit: 0; error: -; workDir: /input/data/work/cc/b1f85f0f60481c0d1ca8d52d2245e2]
Jan-26 02:28:14.014 [Task monitor] DEBUG n.processor.TaskPollingMonitor - Task completed > TaskHandler[id: 80; name: revertFile (79); status: COMPLETED; exit: 0; error: -; workDir: /input/data/work/66/e8b8e8e6698f1979f912955906fe46]
Jan-26 02:28:14.050 [Task monitor] DEBUG n.processor.TaskPollingMonitor - Task completed > TaskHandler[id: 101; name: revertFile (100); status: COMPLETED; exit: 0; error: -; workDir: /input/data/work/4d/9bfc64f2d62c5930fa4851371ed34f]
Jan-26 02:28:14.086 [Task monitor] DEBUG n.processor.TaskPollingMonitor - Task completed > TaskHandler[id: 93; name: revertFile (92); status: COMPLETED; exit: 0; error: -; workDir: /input/data/work/5c/71b7fc9cec01e2686313ffd01cd479]
Jan-26 02:28:49.018 [Task monitor] DEBUG n.processor.TaskPollingMonitor - Task completed > TaskHandler[id: 78; name: revertFile (77); status: COMPLETED; exit: 0; error: -; workDir: /input/data/work/e3/df5bd2e5805cbc3cf9e03adf6440c4]
Jan-26 02:28:49.056 [Task monitor] DEBUG n.processor.TaskPollingMonitor - Task completed > TaskHandler[id: 88; name: revertFile (87); status: COMPLETED; exit: 0; error: -; workDir: /input/data/work/11/d96038b669b40aee48a17ce7577814]
Jan-26 02:28:49.095 [Task monitor] DEBUG n.processor.TaskPollingMonitor - Task completed > TaskHandler[id: 96; name: revertFile (95); status: COMPLETED; exit: 0; error: -; workDir: /input/data/work/14/bffaa5240c1d8f6f2d8fe9bbb40322]
Jan-26 02:29:24.018 [Task monitor] DEBUG n.processor.TaskPollingMonitor - Task completed > TaskHandler[id: 79; name: revertFile (78); status: COMPLETED; exit: 0; error: -; workDir: /input/data/work/55/37f5e5f18c59afb0fe772588ceef9d]
Jan-26 02:29:24.053 [Task monitor] DEBUG n.processor.TaskPollingMonitor - Task completed > TaskHandler[id: 70; name: revertFile (69); status: COMPLETED; exit: 0; error: -; workDir: /input/data/work/01/6fbc3f00ed297378a59873b6c4f5b3]
Jan-26 02:29:24.089 [Task monitor] DEBUG n.processor.TaskPollingMonitor - Task completed > TaskHandler[id: 97; name: revertFile (96); status: COMPLETED; exit: 0; error: -; workDir: /input/data/work/cc/960dbf55747699c1057662530cba42]
Jan-26 02:29:59.019 [Task monitor] DEBUG n.processor.TaskPollingMonitor - Task completed > TaskHandler[id: 75; name: revertFile (74); status: COMPLETED; exit: 0; error: -; workDir: /input/data/work/45/00d7dd5e02a8e35886e57e4816bd7f]
Jan-26 02:29:59.058 [Task monitor] DEBUG n.processor.TaskPollingMonitor - Task completed > TaskHandler[id: 95; name: revertFile (94); status: COMPLETED; exit: 0; error: -; workDir: /input/data/work/3e/125f6864d21fe74f186491f5a050f2]
Jan-26 02:29:59.095 [Task monitor] DEBUG n.processor.TaskPollingMonitor - Task completed > TaskHandler[id: 100; name: revertFile (99); status: COMPLETED; exit: 0; error: -; workDir: /input/data/work/be/00e3de6bd39df23ab88e66c1e625e6]
Jan-26 02:30:18.983 [Task monitor] DEBUG n.processor.TaskPollingMonitor - !! executor k8s > tasks to be completed: 4 -- submitted tasks are shown below
~> TaskHandler[id: 87; name: revertFile (86); status: RUNNING; exit: -; error: -; workDir: /input/data/work/32/c97096087c24020c360ddd835f2b45]
~> TaskHandler[id: 91; name: revertFile (90); status: RUNNING; exit: -; error: -; workDir: /input/data/work/b5/39a08b4e54548fdbb70c5f1895e671]
~> TaskHandler[id: 81; name: revertFile (80); status: RUNNING; exit: -; error: -; workDir: /input/data/work/c6/e96c082ad596bdbae8dda1ad974363]
~> TaskHandler[id: 92; name: revertFile (91); status: SUBMITTED; exit: -; error: -; workDir: /input/data/work/79/ca6754d7782f2b4bed624d35bc572a]
Jan-26 02:30:34.019 [Task monitor] DEBUG n.processor.TaskPollingMonitor - Task completed > TaskHandler[id: 87; name: revertFile (86); status: COMPLETED; exit: 0; error: -; workDir: /input/data/work/32/c97096087c24020c360ddd835f2b45]
Jan-26 02:30:34.053 [Task monitor] DEBUG n.processor.TaskPollingMonitor - Task completed > TaskHandler[id: 91; name: revertFile (90); status: COMPLETED; exit: 0; error: -; workDir: /input/data/work/b5/39a08b4e54548fdbb70c5f1895e671]
Jan-26 02:30:34.091 [Task monitor] DEBUG n.processor.TaskPollingMonitor - Task completed > TaskHandler[id: 81; name: revertFile (80); status: COMPLETED; exit: 0; error: -; workDir: /input/data/work/c6/e96c082ad596bdbae8dda1ad974363]
Jan-26 02:30:54.019 [Task monitor] DEBUG n.processor.TaskPollingMonitor - Task completed > TaskHandler[id: 92; name: revertFile (91); status: COMPLETED; exit: 0; error: -; workDir: /input/data/work/79/ca6754d7782f2b4bed624d35bc572a]
Jan-26 02:30:54.022 [main] DEBUG nextflow.Session - Session await > all processes finished
Jan-26 02:30:54.023 [main] DEBUG nextflow.Session - Session await > all barriers passed
Jan-26 02:30:54.038 [main] DEBUG n.trace.WorkflowStatsObserver - Workflow completed > WorkflowStats[succeededCount=101; failedCount=0; ignoredCount=0; cachedCount=0; pendingCount=0; submittedCount=0; runningCount=0; retriesCount=0; abortedCount=0; succeedDuration=1h 40m 34s; failedDuration=0ms; cachedDuration=0ms;loadCpus=0; loadMemory=0; peakRunning=3; peakCpus=30; peakMemory=30 GB; ]
Jan-26 02:30:54.038 [main] DEBUG nextflow.trace.TraceFileObserver - Workflow completed -- saving trace file
Jan-26 02:30:54.048 [main] DEBUG nextflow.trace.ReportObserver - Workflow completed -- rendering execution report
Jan-26 02:30:54.685 [main] DEBUG nextflow.trace.TimelineObserver - Workflow completed -- rendering execution timeline
Jan-26 02:30:54.870 [main] DEBUG nextflow.cache.CacheDB - Closing CacheDB done
Jan-26 02:30:54.900 [main] DEBUG nextflow.util.ThreadPoolManager - Thread pool 'FileTransfer' shutdown completed (hard=false)
Jan-26 02:30:54.900 [main] DEBUG nextflow.script.ScriptRunner - > Execution complete -- Goodbye
