Nov-26 22:31:12.376 [main] DEBUG nextflow.cli.Launcher - $> nextflow run /input/fork -c /experiments/experiment/fork/nextflow.config -c /experiments/experiment/nextflow_orig.config -c /experiments/experiment/nextflow_ceph.config
Nov-26 22:31:12.436 [main] INFO  nextflow.cli.CmdRun - N E X T F L O W  ~  version 23.07.0-edge
Nov-26 22:31:12.456 [main] DEBUG nextflow.plugin.PluginsFacade - Setting up plugin manager > mode=prod; embedded=false; plugins-dir=/.nextflow/plugins; core-plugins: nf-amazon@2.1.0,nf-azure@1.1.4,nf-cloudcache@0.1.0,nf-codecommit@0.1.5,nf-console@1.0.6,nf-ga4gh@1.1.0,nf-google@1.8.1,nf-tower@1.5.15,nf-wave@0.11.0
Nov-26 22:31:12.465 [main] INFO  o.pf4j.DefaultPluginStatusProvider - Enabled plugins: []
Nov-26 22:31:12.465 [main] INFO  o.pf4j.DefaultPluginStatusProvider - Disabled plugins: []
Nov-26 22:31:12.468 [main] INFO  org.pf4j.DefaultPluginManager - PF4J version 3.4.1 in 'deployment' mode
Nov-26 22:31:12.475 [main] INFO  org.pf4j.AbstractPluginManager - No plugins
Nov-26 22:31:12.492 [main] DEBUG nextflow.scm.AssetManager - Project manifest does not exist: /input/fork/nextflow.config (No such file or directory)
Nov-26 22:31:12.514 [main] DEBUG nextflow.config.ConfigBuilder - User config file: /experiments/experiment/fork/nextflow.config
Nov-26 22:31:12.514 [main] DEBUG nextflow.config.ConfigBuilder - User config file: /experiments/experiment/nextflow_orig.config
Nov-26 22:31:12.514 [main] DEBUG nextflow.config.ConfigBuilder - User config file: /experiments/experiment/nextflow_ceph.config
Nov-26 22:31:12.514 [main] DEBUG nextflow.config.ConfigBuilder - Parsing config file: /experiments/experiment/fork/nextflow.config
Nov-26 22:31:12.514 [main] DEBUG nextflow.config.ConfigBuilder - Parsing config file: /experiments/experiment/nextflow_orig.config
Nov-26 22:31:12.515 [main] DEBUG nextflow.config.ConfigBuilder - Parsing config file: /experiments/experiment/nextflow_ceph.config
Nov-26 22:31:12.529 [main] DEBUG nextflow.config.ConfigBuilder - Applying config profile: `standard`
Nov-26 22:31:13.006 [main] DEBUG nextflow.config.ConfigBuilder - Applying config profile: `standard`
Nov-26 22:31:13.145 [main] DEBUG nextflow.config.ConfigBuilder - Applying config profile: `standard`
Nov-26 22:31:13.172 [main] DEBUG nextflow.cli.CmdRun - Applied DSL=2 by global default
Nov-26 22:31:13.184 [main] INFO  nextflow.cli.CmdRun - Launching `/input/fork/main.nf` [wise_caravaggio] DSL2 - revision: 64aabf06f3
Nov-26 22:31:13.184 [main] DEBUG nextflow.plugin.PluginsFacade - Plugins default=[]
Nov-26 22:31:13.184 [main] DEBUG nextflow.plugin.PluginsFacade - Plugins resolved requirement=[]
Nov-26 22:31:13.191 [main] DEBUG n.secret.LocalSecretsProvider - Secrets store: /.nextflow/secrets/store.json
Nov-26 22:31:13.193 [main] DEBUG nextflow.secret.SecretsLoader - Discovered secrets providers: [nextflow.secret.LocalSecretsProvider@44065156] - activable => nextflow.secret.LocalSecretsProvider@44065156
Nov-26 22:31:13.243 [main] DEBUG nextflow.Session - Session UUID: e903be17-348e-474a-9ffd-1b88d498725f
Nov-26 22:31:13.243 [main] DEBUG nextflow.Session - Run name: wise_caravaggio
Nov-26 22:31:13.244 [main] DEBUG nextflow.Session - Executor pool size: 32
Nov-26 22:31:13.249 [main] DEBUG nextflow.file.FilePorter - File porter settings maxRetries=3; maxTransfers=50; pollTimeout=null
Nov-26 22:31:13.252 [main] DEBUG nextflow.util.ThreadPoolBuilder - Creating thread pool 'FileTransfer' minSize=10; maxSize=96; workQueue=LinkedBlockingQueue[10000]; allowCoreThreadTimeout=false
Nov-26 22:31:13.278 [main] DEBUG nextflow.cli.CmdRun - 
  Version: 23.07.0-edge build 5870
  Created: 22-07-2023 15:44 UTC 
  System: Linux 5.4.0-166-generic
  Runtime: Groovy 3.0.18 on OpenJDK 64-Bit Server VM 17.0.7+7-LTS
  Encoding: UTF-8 (UTF-8)
  Process: 1202352@nextflow [10.233.76.42]
  CPUs: 32 - Mem: 125.7 GB (92.4 GB) - Swap: 0 (0)
Nov-26 22:31:13.303 [main] DEBUG nextflow.Session - Work-dir: /input/data/work [ceph]
Nov-26 22:31:13.303 [main] DEBUG nextflow.Session - Script base path does not exist or is not a directory: /input/fork/bin
Nov-26 22:31:13.314 [main] DEBUG nextflow.executor.ExecutorFactory - Extension executors providers=[]
Nov-26 22:31:13.321 [main] DEBUG nextflow.Session - Observer factory: DefaultObserverFactory
Nov-26 22:31:13.350 [main] DEBUG nextflow.cache.CacheFactory - Using Nextflow cache factory: nextflow.cache.DefaultCacheFactory
Nov-26 22:31:13.357 [main] DEBUG nextflow.util.CustomThreadPool - Creating default thread pool > poolSize: 33; maxThreads: 1000
Nov-26 22:31:13.448 [main] DEBUG nextflow.Session - Session start
Nov-26 22:31:13.453 [main] DEBUG nextflow.trace.TraceFileObserver - Workflow started -- trace file: /input/data/output/trace.csv
Nov-26 22:31:13.586 [main] DEBUG nextflow.script.ScriptRunner - > Launching execution
Nov-26 22:31:13.794 [main] DEBUG nextflow.script.ProcessConfig - Config settings `withName:writeLargeFile` matches process writeLargeFile
Nov-26 22:31:13.811 [main] DEBUG nextflow.executor.ExecutorFactory - << taskConfig executor: k8s
Nov-26 22:31:13.811 [main] DEBUG nextflow.executor.ExecutorFactory - >> processorType: 'k8s'
Nov-26 22:31:13.817 [main] DEBUG nextflow.executor.Executor - [warm up] executor > k8s
Nov-26 22:31:13.822 [main] DEBUG n.processor.TaskPollingMonitor - Creating task monitor for executor 'k8s' > capacity: 300; pollInterval: 5s; dumpInterval: 5m 
Nov-26 22:31:13.835 [main] DEBUG nextflow.k8s.client.ConfigDiscovery - K8s config file does not exist: /root/.kube/config
Nov-26 22:31:13.845 [main] DEBUG nextflow.k8s.K8sExecutor - [K8s] config=[debug:[yaml:true], namespace:anonymized, serviceAccount:nextflow, workDir:/input/data/work/, projectDir:/input/data/project/, imagePullPolicy:IfNotPresent, launchDir:/input/data/launch/, runAsUser:0, fetchNodeName:true, storageMountPath:/input, scheduler:[name:workflow-scheduler, autoClose:false, nodeSelector:usedby=anonymized, container:anonymized/test1:sch_v194], pod:[nodeSelector:usedby=anonymized], storage:[nodeSelector:usedby=anonymized, imageName:anonymized/test1:ftp_v122], storageClaimName:ceph-data]; API client config=ClientConfig[ server=10.233.0.1:443, namespace=anonymized, serviceAccount=nextflow, token=eyJhbGciOiJ.., sslCert=LS0tLS1CRUd.., clientCert=-, clientKey=-, verifySsl=false, fromFile=true, httpReadTimeout=null, httpConnectTimeout=null, maxErrorRetry=4 ]
Nov-26 22:31:13.948 [main] DEBUG nextflow.script.ProcessConfig - Config settings `withName:revertFile` matches process revertFile
Nov-26 22:31:13.949 [main] DEBUG nextflow.executor.ExecutorFactory - << taskConfig executor: k8s
Nov-26 22:31:13.950 [main] DEBUG nextflow.executor.ExecutorFactory - >> processorType: 'k8s'
Nov-26 22:31:13.952 [main] DEBUG nextflow.Session - Workflow process names [dsl2]: revertFile, combineFiles, writeLargeFile
Nov-26 22:31:13.953 [main] DEBUG nextflow.Session - Igniting dataflow network (3)
Nov-26 22:31:13.953 [main] DEBUG nextflow.processor.TaskProcessor - Starting process > writeLargeFile
Nov-26 22:31:13.955 [main] DEBUG nextflow.processor.TaskProcessor - Starting process > revertFile
Nov-26 22:31:13.955 [main] DEBUG nextflow.script.ScriptRunner - > Awaiting termination 
Nov-26 22:31:13.955 [main] DEBUG nextflow.Session - Session await
Nov-26 22:31:14.300 [Task submitter] INFO  nextflow.Session - [40/442666] Submitted process > writeLargeFile (1)
Nov-26 22:31:38.886 [Task monitor] DEBUG n.processor.TaskPollingMonitor - Task completed > TaskHandler[id: 1; name: writeLargeFile (1); status: COMPLETED; exit: 0; error: -; workDir: /input/data/work/40/442666de5e7900f092706e9e9f23dd]
Nov-26 22:31:38.968 [Task submitter] INFO  nextflow.Session - [54/9f7154] Submitted process > revertFile (5)
Nov-26 22:31:39.016 [Task submitter] INFO  nextflow.Session - [54/820642] Submitted process > revertFile (9)
Nov-26 22:31:39.044 [Task submitter] INFO  nextflow.Session - [2d/b63c0c] Submitted process > revertFile (3)
Nov-26 22:31:39.069 [Task submitter] INFO  nextflow.Session - [90/c2b6ba] Submitted process > revertFile (19)
Nov-26 22:31:39.097 [Task submitter] INFO  nextflow.Session - [fd/3a34d6] Submitted process > revertFile (20)
Nov-26 22:31:39.124 [Task submitter] INFO  nextflow.Session - [77/5e5a39] Submitted process > revertFile (29)
Nov-26 22:31:39.159 [Task submitter] INFO  nextflow.Session - [c0/c22910] Submitted process > revertFile (10)
Nov-26 22:31:39.186 [Task submitter] INFO  nextflow.Session - [16/408000] Submitted process > revertFile (31)
Nov-26 22:31:39.212 [Task submitter] INFO  nextflow.Session - [61/d80f14] Submitted process > revertFile (24)
Nov-26 22:31:39.242 [Task submitter] INFO  nextflow.Session - [6a/fc665c] Submitted process > revertFile (16)
Nov-26 22:31:39.269 [Task submitter] INFO  nextflow.Session - [f9/52f287] Submitted process > revertFile (7)
Nov-26 22:31:39.294 [Task submitter] INFO  nextflow.Session - [9d/eee6c2] Submitted process > revertFile (2)
Nov-26 22:31:39.321 [Task submitter] INFO  nextflow.Session - [c5/01269b] Submitted process > revertFile (21)
Nov-26 22:31:39.344 [Task submitter] INFO  nextflow.Session - [b8/e93762] Submitted process > revertFile (12)
Nov-26 22:31:39.370 [Task submitter] INFO  nextflow.Session - [5e/2cd568] Submitted process > revertFile (25)
Nov-26 22:31:39.395 [Task submitter] INFO  nextflow.Session - [14/a101bb] Submitted process > revertFile (15)
Nov-26 22:31:39.418 [Task submitter] INFO  nextflow.Session - [26/ae2d94] Submitted process > revertFile (6)
Nov-26 22:31:39.443 [Task submitter] INFO  nextflow.Session - [ef/d9e4a9] Submitted process > revertFile (26)
Nov-26 22:31:39.469 [Task submitter] INFO  nextflow.Session - [39/0b772e] Submitted process > revertFile (27)
Nov-26 22:31:39.492 [Task submitter] INFO  nextflow.Session - [26/4f36e1] Submitted process > revertFile (30)
Nov-26 22:31:39.516 [Task submitter] INFO  nextflow.Session - [72/84d21c] Submitted process > revertFile (28)
Nov-26 22:31:39.540 [Task submitter] INFO  nextflow.Session - [8e/e5ae0e] Submitted process > revertFile (18)
Nov-26 22:31:39.564 [Task submitter] INFO  nextflow.Session - [2c/1b9e80] Submitted process > revertFile (8)
Nov-26 22:31:39.589 [Task submitter] INFO  nextflow.Session - [24/5efd7a] Submitted process > revertFile (4)
Nov-26 22:31:39.613 [Task submitter] INFO  nextflow.Session - [61/2422af] Submitted process > revertFile (40)
Nov-26 22:31:39.635 [Task submitter] INFO  nextflow.Session - [68/20a2d8] Submitted process > revertFile (14)
Nov-26 22:31:39.659 [Task submitter] INFO  nextflow.Session - [50/b100ca] Submitted process > revertFile (17)
Nov-26 22:31:39.680 [Task submitter] INFO  nextflow.Session - [a4/5feed5] Submitted process > revertFile (13)
Nov-26 22:31:39.704 [Task submitter] INFO  nextflow.Session - [c2/b18e60] Submitted process > revertFile (22)
Nov-26 22:31:39.734 [Task submitter] INFO  nextflow.Session - [28/b8164d] Submitted process > revertFile (1)
Nov-26 22:31:39.758 [Task submitter] INFO  nextflow.Session - [d5/920047] Submitted process > revertFile (23)
Nov-26 22:31:39.784 [Task submitter] INFO  nextflow.Session - [5c/9e7c40] Submitted process > revertFile (11)
Nov-26 22:31:39.812 [Task submitter] INFO  nextflow.Session - [81/358f31] Submitted process > revertFile (32)
Nov-26 22:31:39.836 [Task submitter] INFO  nextflow.Session - [02/17b019] Submitted process > revertFile (34)
Nov-26 22:31:39.863 [Task submitter] INFO  nextflow.Session - [d4/c85a2b] Submitted process > revertFile (33)
Nov-26 22:31:39.887 [Task submitter] INFO  nextflow.Session - [c6/78c6b3] Submitted process > revertFile (35)
Nov-26 22:31:39.912 [Task submitter] INFO  nextflow.Session - [94/a0856e] Submitted process > revertFile (37)
Nov-26 22:31:39.939 [Task submitter] INFO  nextflow.Session - [03/088d58] Submitted process > revertFile (36)
Nov-26 22:31:39.965 [Task submitter] INFO  nextflow.Session - [5d/b8e4aa] Submitted process > revertFile (38)
Nov-26 22:31:39.991 [Task submitter] INFO  nextflow.Session - [0a/614460] Submitted process > revertFile (41)
Nov-26 22:31:40.017 [Task submitter] INFO  nextflow.Session - [1c/6fb056] Submitted process > revertFile (43)
Nov-26 22:31:40.039 [Task submitter] INFO  nextflow.Session - [36/82106b] Submitted process > revertFile (66)
Nov-26 22:31:40.067 [Task submitter] INFO  nextflow.Session - [4f/08e503] Submitted process > revertFile (42)
Nov-26 22:31:40.091 [Task submitter] INFO  nextflow.Session - [8f/31e0d5] Submitted process > revertFile (39)
Nov-26 22:31:40.115 [Task submitter] INFO  nextflow.Session - [31/fd3172] Submitted process > revertFile (44)
Nov-26 22:31:40.138 [Task submitter] INFO  nextflow.Session - [bc/f48ec8] Submitted process > revertFile (45)
Nov-26 22:31:40.162 [Task submitter] INFO  nextflow.Session - [4c/4f047f] Submitted process > revertFile (46)
Nov-26 22:31:40.187 [Task submitter] INFO  nextflow.Session - [1f/e0001f] Submitted process > revertFile (47)
Nov-26 22:31:40.215 [Task submitter] INFO  nextflow.Session - [4a/bad432] Submitted process > revertFile (48)
Nov-26 22:31:40.239 [Task submitter] INFO  nextflow.Session - [c1/922bb5] Submitted process > revertFile (49)
Nov-26 22:31:40.263 [Task submitter] INFO  nextflow.Session - [0a/2e5331] Submitted process > revertFile (51)
Nov-26 22:31:40.285 [Task submitter] INFO  nextflow.Session - [74/9a3fb3] Submitted process > revertFile (50)
Nov-26 22:31:40.312 [Task submitter] INFO  nextflow.Session - [40/742af9] Submitted process > revertFile (53)
Nov-26 22:31:40.336 [Task submitter] INFO  nextflow.Session - [4f/3961f9] Submitted process > revertFile (54)
Nov-26 22:31:40.366 [Task submitter] INFO  nextflow.Session - [7b/d95899] Submitted process > revertFile (52)
Nov-26 22:31:40.394 [Task submitter] INFO  nextflow.Session - [8d/c13864] Submitted process > revertFile (55)
Nov-26 22:31:40.418 [Task submitter] INFO  nextflow.Session - [19/5dfb59] Submitted process > revertFile (56)
Nov-26 22:31:40.440 [Task submitter] INFO  nextflow.Session - [96/bc881f] Submitted process > revertFile (57)
Nov-26 22:31:40.473 [Task submitter] INFO  nextflow.Session - [86/cc3b82] Submitted process > revertFile (58)
Nov-26 22:31:40.495 [Task submitter] INFO  nextflow.Session - [4f/0369d8] Submitted process > revertFile (60)
Nov-26 22:31:40.516 [Task submitter] INFO  nextflow.Session - [d6/1c6d5b] Submitted process > revertFile (59)
Nov-26 22:31:40.538 [Task submitter] INFO  nextflow.Session - [19/d8fd60] Submitted process > revertFile (62)
Nov-26 22:31:40.562 [Task submitter] INFO  nextflow.Session - [15/e05d35] Submitted process > revertFile (61)
Nov-26 22:31:40.584 [Task submitter] INFO  nextflow.Session - [be/6485fd] Submitted process > revertFile (63)
Nov-26 22:31:40.606 [Task submitter] INFO  nextflow.Session - [e4/b20c77] Submitted process > revertFile (65)
Nov-26 22:31:40.628 [Task submitter] INFO  nextflow.Session - [4e/32da1f] Submitted process > revertFile (64)
Nov-26 22:31:40.652 [Task submitter] INFO  nextflow.Session - [d8/04a4e5] Submitted process > revertFile (67)
Nov-26 22:31:40.679 [Task submitter] INFO  nextflow.Session - [c0/531525] Submitted process > revertFile (70)
Nov-26 22:31:40.702 [Task submitter] INFO  nextflow.Session - [ac/802b1b] Submitted process > revertFile (68)
Nov-26 22:31:40.723 [Task submitter] INFO  nextflow.Session - [51/e9c432] Submitted process > revertFile (69)
Nov-26 22:31:40.746 [Task submitter] INFO  nextflow.Session - [23/4394b3] Submitted process > revertFile (71)
Nov-26 22:31:40.768 [Task submitter] INFO  nextflow.Session - [21/45a380] Submitted process > revertFile (72)
Nov-26 22:31:40.790 [Task submitter] INFO  nextflow.Session - [8b/6e0af0] Submitted process > revertFile (73)
Nov-26 22:31:40.812 [Task submitter] INFO  nextflow.Session - [be/c051f3] Submitted process > revertFile (75)
Nov-26 22:31:40.833 [Task submitter] INFO  nextflow.Session - [9f/da5ab8] Submitted process > revertFile (74)
Nov-26 22:31:40.856 [Task submitter] INFO  nextflow.Session - [7b/81c90a] Submitted process > revertFile (78)
Nov-26 22:31:40.879 [Task submitter] INFO  nextflow.Session - [10/0458b9] Submitted process > revertFile (76)
Nov-26 22:31:40.900 [Task submitter] INFO  nextflow.Session - [de/6cbe0b] Submitted process > revertFile (77)
Nov-26 22:31:40.922 [Task submitter] INFO  nextflow.Session - [79/37be4a] Submitted process > revertFile (79)
Nov-26 22:31:40.943 [Task submitter] INFO  nextflow.Session - [a4/2ad517] Submitted process > revertFile (82)
Nov-26 22:31:40.966 [Task submitter] INFO  nextflow.Session - [d5/e24164] Submitted process > revertFile (81)
Nov-26 22:31:40.990 [Task submitter] INFO  nextflow.Session - [45/099626] Submitted process > revertFile (80)
Nov-26 22:31:41.012 [Task submitter] INFO  nextflow.Session - [f5/43dfaf] Submitted process > revertFile (84)
Nov-26 22:31:41.034 [Task submitter] INFO  nextflow.Session - [9f/7b8c54] Submitted process > revertFile (85)
Nov-26 22:31:41.058 [Task submitter] INFO  nextflow.Session - [80/11279f] Submitted process > revertFile (86)
Nov-26 22:31:41.079 [Task submitter] INFO  nextflow.Session - [3f/8f5715] Submitted process > revertFile (83)
Nov-26 22:31:41.099 [Task submitter] INFO  nextflow.Session - [96/90102f] Submitted process > revertFile (88)
Nov-26 22:31:41.121 [Task submitter] INFO  nextflow.Session - [02/2817b8] Submitted process > revertFile (89)
Nov-26 22:31:41.143 [Task submitter] INFO  nextflow.Session - [19/a5051b] Submitted process > revertFile (91)
Nov-26 22:31:41.166 [Task submitter] INFO  nextflow.Session - [76/cdec05] Submitted process > revertFile (87)
Nov-26 22:31:41.188 [Task submitter] INFO  nextflow.Session - [92/222b36] Submitted process > revertFile (90)
Nov-26 22:31:41.209 [Task submitter] INFO  nextflow.Session - [59/bc12ce] Submitted process > revertFile (92)
Nov-26 22:31:41.235 [Task submitter] INFO  nextflow.Session - [97/7d2244] Submitted process > revertFile (93)
Nov-26 22:31:41.258 [Task submitter] INFO  nextflow.Session - [3e/3153f5] Submitted process > revertFile (94)
Nov-26 22:31:41.285 [Task submitter] INFO  nextflow.Session - [89/bc4590] Submitted process > revertFile (95)
Nov-26 22:31:41.308 [Task submitter] INFO  nextflow.Session - [c8/43fa66] Submitted process > revertFile (97)
Nov-26 22:31:41.328 [Task submitter] INFO  nextflow.Session - [db/766c7c] Submitted process > revertFile (96)
Nov-26 22:31:41.352 [Task submitter] INFO  nextflow.Session - [6b/fd50c5] Submitted process > revertFile (99)
Nov-26 22:31:41.376 [Task submitter] INFO  nextflow.Session - [0b/a2a101] Submitted process > revertFile (98)
Nov-26 22:31:41.399 [Task submitter] INFO  nextflow.Session - [2e/a2344d] Submitted process > revertFile (100)
Nov-26 22:31:44.409 [Task monitor] WARN  nextflow.k8s.client.K8sClient - K8s pod cannot be scheduled -- 0/8 nodes are available: 8 Insufficient cpu. preemption: 0/8 nodes are available: 8 No preemption victims found for incoming pod..
Nov-26 22:32:44.411 [Task monitor] WARN  nextflow.k8s.client.K8sClient - K8s pod cannot be scheduled -- 0/8 nodes are available: 8 Insufficient cpu. preemption: 0/8 nodes are available: 8 No preemption victims found for incoming pod..
Nov-26 22:33:44.419 [Task monitor] WARN  nextflow.k8s.client.K8sClient - K8s pod cannot be scheduled -- 0/8 nodes are available: 8 Insufficient cpu. preemption: 0/8 nodes are available: 8 No preemption victims found for incoming pod..
Nov-26 22:33:59.450 [Task monitor] DEBUG n.processor.TaskPollingMonitor - Task completed > TaskHandler[id: 30; name: revertFile (29); status: COMPLETED; exit: 0; error: -; workDir: /input/data/work/77/5e5a396e93450e3c5838b47d97c742]
Nov-26 22:33:59.575 [Task monitor] DEBUG n.processor.TaskPollingMonitor - Task completed > TaskHandler[id: 22; name: revertFile (21); status: COMPLETED; exit: 0; error: -; workDir: /input/data/work/c5/01269b2102654993ea7602750c4f24]
Nov-26 22:33:59.710 [Task monitor] DEBUG n.processor.TaskPollingMonitor - Task completed > TaskHandler[id: 31; name: revertFile (30); status: COMPLETED; exit: 0; error: -; workDir: /input/data/work/26/4f36e1d1cead44b65096c1bd24f5cc]
Nov-26 22:34:02.249 [Task monitor] DEBUG n.processor.TaskPollingMonitor - Task completed > TaskHandler[id: 6; name: revertFile (5); status: COMPLETED; exit: 0; error: -; workDir: /input/data/work/54/9f7154dc8416732ad80bae44bfbeb6]
Nov-26 22:34:02.294 [Task monitor] DEBUG n.processor.TaskPollingMonitor - Task completed > TaskHandler[id: 10; name: revertFile (9); status: COMPLETED; exit: 0; error: -; workDir: /input/data/work/54/8206427fe989a09ab8c36ecba7a55f]
Nov-26 22:34:02.393 [Task monitor] DEBUG n.processor.TaskPollingMonitor - Task completed > TaskHandler[id: 32; name: revertFile (31); status: COMPLETED; exit: 0; error: -; workDir: /input/data/work/16/408000aab75c83b966eb7d9c6595d9]
Nov-26 22:34:02.433 [Task monitor] DEBUG n.processor.TaskPollingMonitor - Task completed > TaskHandler[id: 25; name: revertFile (24); status: COMPLETED; exit: 0; error: -; workDir: /input/data/work/61/d80f14ee011479c512dd06142097b6]
Nov-26 22:34:02.485 [Task monitor] DEBUG n.processor.TaskPollingMonitor - Task completed > TaskHandler[id: 8; name: revertFile (7); status: COMPLETED; exit: 0; error: -; workDir: /input/data/work/f9/52f2879deb0bcb993fb3b26eecaa36]
Nov-26 22:34:02.573 [Task monitor] DEBUG n.processor.TaskPollingMonitor - Task completed > TaskHandler[id: 16; name: revertFile (15); status: COMPLETED; exit: 0; error: -; workDir: /input/data/work/14/a101bb05daa0f523e3a15a563eae05]
Nov-26 22:34:02.632 [Task monitor] DEBUG n.processor.TaskPollingMonitor - Task completed > TaskHandler[id: 27; name: revertFile (26); status: COMPLETED; exit: 0; error: -; workDir: /input/data/work/ef/d9e4a9047a9b13681bbca19b789a2d]
Nov-26 22:34:02.693 [Task monitor] DEBUG n.processor.TaskPollingMonitor - Task completed > TaskHandler[id: 29; name: revertFile (28); status: COMPLETED; exit: 0; error: -; workDir: /input/data/work/72/84d21cbd4e9b5a32563351e104ad5c]
Nov-26 22:34:02.759 [Task monitor] DEBUG n.processor.TaskPollingMonitor - Task completed > TaskHandler[id: 5; name: revertFile (4); status: COMPLETED; exit: 0; error: -; workDir: /input/data/work/24/5efd7a1979305dff6b7a05f1657994]
Nov-26 22:34:07.260 [Task monitor] DEBUG n.processor.TaskPollingMonitor - Task completed > TaskHandler[id: 20; name: revertFile (19); status: COMPLETED; exit: 0; error: -; workDir: /input/data/work/90/c2b6ba0de287ea04f399c6a17edde5]
Nov-26 22:34:07.299 [Task monitor] DEBUG n.processor.TaskPollingMonitor - Task completed > TaskHandler[id: 21; name: revertFile (20); status: COMPLETED; exit: 0; error: -; workDir: /input/data/work/fd/3a34d678a274fc00479a0eb860724e]
Nov-26 22:34:07.336 [Task monitor] DEBUG n.processor.TaskPollingMonitor - Task completed > TaskHandler[id: 11; name: revertFile (10); status: COMPLETED; exit: 0; error: -; workDir: /input/data/work/c0/c229108bc7ee7a3bc5244c021aa502]
Nov-26 22:34:07.380 [Task monitor] DEBUG n.processor.TaskPollingMonitor - Task completed > TaskHandler[id: 17; name: revertFile (16); status: COMPLETED; exit: 0; error: -; workDir: /input/data/work/6a/fc665cbfb437de43c719c46ef17f36]
Nov-26 22:34:07.428 [Task monitor] DEBUG n.processor.TaskPollingMonitor - Task completed > TaskHandler[id: 3; name: revertFile (2); status: COMPLETED; exit: 0; error: -; workDir: /input/data/work/9d/eee6c2f741b7ee6da76a1a218e796e]
Nov-26 22:34:07.466 [Task monitor] DEBUG n.processor.TaskPollingMonitor - Task completed > TaskHandler[id: 13; name: revertFile (12); status: COMPLETED; exit: 0; error: -; workDir: /input/data/work/b8/e93762fbda4c16f916bb441135bfb9]
Nov-26 22:34:07.503 [Task monitor] DEBUG n.processor.TaskPollingMonitor - Task completed > TaskHandler[id: 26; name: revertFile (25); status: COMPLETED; exit: 0; error: -; workDir: /input/data/work/5e/2cd5684cac57e155e29f6c644756cf]
Nov-26 22:34:07.544 [Task monitor] DEBUG n.processor.TaskPollingMonitor - Task completed > TaskHandler[id: 7; name: revertFile (6); status: COMPLETED; exit: 0; error: -; workDir: /input/data/work/26/ae2d94338968e6f0b4c2267d2eda8a]
Nov-26 22:34:07.588 [Task monitor] DEBUG n.processor.TaskPollingMonitor - Task completed > TaskHandler[id: 28; name: revertFile (27); status: COMPLETED; exit: 0; error: -; workDir: /input/data/work/39/0b772e629e10c6451b2f88dfcd5056]
Nov-26 22:34:07.624 [Task monitor] DEBUG n.processor.TaskPollingMonitor - Task completed > TaskHandler[id: 19; name: revertFile (18); status: COMPLETED; exit: 0; error: -; workDir: /input/data/work/8e/e5ae0eefe2987b22babbe2cee1348c]
Nov-26 22:34:07.669 [Task monitor] DEBUG n.processor.TaskPollingMonitor - Task completed > TaskHandler[id: 9; name: revertFile (8); status: COMPLETED; exit: 0; error: -; workDir: /input/data/work/2c/1b9e802270a01b5f6bc8389deaf91e]
Nov-26 22:34:12.245 [Task monitor] DEBUG n.processor.TaskPollingMonitor - Task completed > TaskHandler[id: 4; name: revertFile (3); status: COMPLETED; exit: 0; error: -; workDir: /input/data/work/2d/b63c0c340172c2e270049afa2ff20a]
Nov-26 22:34:41.970 [Task monitor] DEBUG n.processor.TaskPollingMonitor - Task completed > TaskHandler[id: 14; name: revertFile (13); status: COMPLETED; exit: 0; error: -; workDir: /input/data/work/a4/5feed53a9dfcdc20869767f2259c69]
Nov-26 22:34:43.757 [Task monitor] DEBUG n.processor.TaskPollingMonitor - Task completed > TaskHandler[id: 41; name: revertFile (40); status: COMPLETED; exit: 0; error: -; workDir: /input/data/work/61/2422afe8719a2242c36bf535a08bf3]
Nov-26 22:34:43.801 [Task monitor] DEBUG n.processor.TaskPollingMonitor - Task completed > TaskHandler[id: 15; name: revertFile (14); status: COMPLETED; exit: 0; error: -; workDir: /input/data/work/68/20a2d8051637087cd011c652fc77ab]
Nov-26 22:34:43.844 [Task monitor] DEBUG n.processor.TaskPollingMonitor - Task completed > TaskHandler[id: 18; name: revertFile (17); status: COMPLETED; exit: 0; error: -; workDir: /input/data/work/50/b100ca0b7a07ddc3d4fcbe841c4aca]
Nov-26 22:34:44.421 [Task monitor] WARN  nextflow.k8s.client.K8sClient - K8s pod cannot be scheduled -- 0/8 nodes are available: 8 Insufficient cpu. preemption: 0/8 nodes are available: 8 No preemption victims found for incoming pod..
Nov-26 22:34:48.759 [Task monitor] DEBUG n.processor.TaskPollingMonitor - Task completed > TaskHandler[id: 23; name: revertFile (22); status: COMPLETED; exit: 0; error: -; workDir: /input/data/work/c2/b18e60280e571ff6cea2964cfaf738]
Nov-26 22:34:48.886 [Task monitor] DEBUG n.processor.TaskPollingMonitor - Task completed > TaskHandler[id: 36; name: revertFile (35); status: COMPLETED; exit: 0; error: -; workDir: /input/data/work/c6/78c6b32376ea7b26a114156cbca274]
Nov-26 22:34:49.031 [Task monitor] DEBUG n.processor.TaskPollingMonitor - Task completed > TaskHandler[id: 45; name: revertFile (44); status: COMPLETED; exit: 0; error: -; workDir: /input/data/work/31/fd3172290ca1d9982f7fe479cbb441]
Nov-26 22:34:53.816 [Task monitor] DEBUG n.processor.TaskPollingMonitor - Task completed > TaskHandler[id: 33; name: revertFile (32); status: COMPLETED; exit: 0; error: -; workDir: /input/data/work/81/358f31d9073c05cd52d49f228b6d46]
Nov-26 22:34:53.997 [Task monitor] DEBUG n.processor.TaskPollingMonitor - Task completed > TaskHandler[id: 43; name: revertFile (42); status: COMPLETED; exit: 0; error: -; workDir: /input/data/work/4f/08e5035e0c3ca100177ac5efb6b818]
Nov-26 22:35:19.180 [Task monitor] DEBUG n.processor.TaskPollingMonitor - Task completed > TaskHandler[id: 47; name: revertFile (46); status: COMPLETED; exit: 0; error: -; workDir: /input/data/work/4c/4f047f5a70ef4416c3d8017f132dd9]
Nov-26 22:35:24.934 [Task monitor] DEBUG n.processor.TaskPollingMonitor - Task completed > TaskHandler[id: 50; name: revertFile (49); status: COMPLETED; exit: 0; error: -; workDir: /input/data/work/c1/922bb5949915f57b0c97e33c59fa59]
Nov-26 22:35:25.285 [Task monitor] DEBUG n.processor.TaskPollingMonitor - Task completed > TaskHandler[id: 62; name: revertFile (61); status: COMPLETED; exit: 0; error: -; workDir: /input/data/work/15/e05d351133733db00dad543316f323]
Nov-26 22:35:31.597 [Task monitor] DEBUG n.processor.TaskPollingMonitor - Task completed > TaskHandler[id: 52; name: revertFile (51); status: COMPLETED; exit: 0; error: -; workDir: /input/data/work/0a/2e533166db5059660dae56c29c5545]
Nov-26 22:35:31.674 [Task monitor] DEBUG n.processor.TaskPollingMonitor - Task completed > TaskHandler[id: 55; name: revertFile (54); status: COMPLETED; exit: 0; error: -; workDir: /input/data/work/4f/3961f97772adb436148ba81daeef64]
Nov-26 22:35:31.745 [Task monitor] DEBUG n.processor.TaskPollingMonitor - Task completed > TaskHandler[id: 57; name: revertFile (56); status: COMPLETED; exit: 0; error: -; workDir: /input/data/work/19/5dfb597014f95f437c7e02a619ee6a]
Nov-26 22:35:36.753 [Task monitor] DEBUG n.processor.TaskPollingMonitor - Task completed > TaskHandler[id: 51; name: revertFile (50); status: COMPLETED; exit: 0; error: -; workDir: /input/data/work/74/9a3fb3a99c2f74201f1578a612eec3]
Nov-26 22:35:36.940 [Task monitor] DEBUG n.processor.TaskPollingMonitor - Task completed > TaskHandler[id: 56; name: revertFile (55); status: COMPLETED; exit: 0; error: -; workDir: /input/data/work/8d/c13864ec5910686afcd4993f6305fd]
Nov-26 22:35:46.772 [Task monitor] WARN  nextflow.k8s.client.K8sClient - K8s pod cannot be scheduled -- 0/8 nodes are available: 8 Insufficient cpu. preemption: 0/8 nodes are available: 8 No preemption victims found for incoming pod..
Nov-26 22:36:03.887 [Task monitor] DEBUG n.processor.TaskPollingMonitor - Task completed > TaskHandler[id: 53; name: revertFile (52); status: COMPLETED; exit: 0; error: -; workDir: /input/data/work/7b/d95899e85aab737a8c122179ffa717]
Nov-26 22:36:03.967 [Task monitor] DEBUG n.processor.TaskPollingMonitor - Task completed > TaskHandler[id: 59; name: revertFile (58); status: COMPLETED; exit: 0; error: -; workDir: /input/data/work/86/cc3b821fc4c2b2596f5e5767c37cbf]
Nov-26 22:36:05.432 [Task monitor] DEBUG n.processor.TaskPollingMonitor - Task completed > TaskHandler[id: 61; name: revertFile (60); status: COMPLETED; exit: 0; error: -; workDir: /input/data/work/4f/0369d8acce2a5e560cb17b4d9b7791]
Nov-26 22:36:05.468 [Task monitor] DEBUG n.processor.TaskPollingMonitor - Task completed > TaskHandler[id: 60; name: revertFile (59); status: COMPLETED; exit: 0; error: -; workDir: /input/data/work/d6/1c6d5b3cb9cd92644f4cfbef6db6f3]
Nov-26 22:36:05.539 [Task monitor] DEBUG n.processor.TaskPollingMonitor - Task completed > TaskHandler[id: 64; name: revertFile (63); status: COMPLETED; exit: 0; error: -; workDir: /input/data/work/be/6485fd042a131a67eef7aea778e961]
Nov-26 22:36:05.652 [Task monitor] DEBUG n.processor.TaskPollingMonitor - Task completed > TaskHandler[id: 65; name: revertFile (64); status: COMPLETED; exit: 0; error: -; workDir: /input/data/work/4e/32da1ffd6929867179f93a9ed09701]
Nov-26 22:36:10.459 [Task monitor] DEBUG n.processor.TaskPollingMonitor - Task completed > TaskHandler[id: 58; name: revertFile (57); status: COMPLETED; exit: 0; error: -; workDir: /input/data/work/96/bc881f645659ca32fd593cca5d4e1a]
Nov-26 22:36:16.499 [Task monitor] DEBUG n.processor.TaskPollingMonitor - Task completed > TaskHandler[id: 66; name: revertFile (65); status: COMPLETED; exit: 0; error: -; workDir: /input/data/work/e4/b20c779e095207f5089582d2fca1ba]
Nov-26 22:36:21.332 [Task monitor] DEBUG n.processor.TaskPollingMonitor - Task completed > TaskHandler[id: 78; name: revertFile (77); status: COMPLETED; exit: 0; error: -; workDir: /input/data/work/de/6cbe0bb9ea409b5fb5406496bdde1b]
Nov-26 22:36:23.010 [Task monitor] DEBUG n.processor.TaskPollingMonitor - !! executor k8s > tasks to be completed: 50 -- submitted tasks are shown below
~> TaskHandler[id: 2; name: revertFile (1); status: RUNNING; exit: -; error: -; workDir: /input/data/work/28/b8164da6f6e558c0883db94c678738]
~> TaskHandler[id: 24; name: revertFile (23); status: RUNNING; exit: -; error: -; workDir: /input/data/work/d5/92004793454da98357a2eb1329e2af]
~> TaskHandler[id: 12; name: revertFile (11); status: RUNNING; exit: -; error: -; workDir: /input/data/work/5c/9e7c404c6110f034be1c52f29c4a45]
~> TaskHandler[id: 35; name: revertFile (34); status: RUNNING; exit: -; error: -; workDir: /input/data/work/02/17b019b6b267d19deaa8be92b1136f]
~> TaskHandler[id: 34; name: revertFile (33); status: RUNNING; exit: -; error: -; workDir: /input/data/work/d4/c85a2be614a2210fb376accd406369]
~> TaskHandler[id: 38; name: revertFile (37); status: RUNNING; exit: -; error: -; workDir: /input/data/work/94/a0856ebd25a22916a1032682de18bf]
~> TaskHandler[id: 37; name: revertFile (36); status: RUNNING; exit: -; error: -; workDir: /input/data/work/03/088d58d5c3c888f7a26e3ec8dd11b1]
~> TaskHandler[id: 39; name: revertFile (38); status: RUNNING; exit: -; error: -; workDir: /input/data/work/5d/b8e4aae673c960b1e994c387f9efda]
~> TaskHandler[id: 42; name: revertFile (41); status: RUNNING; exit: -; error: -; workDir: /input/data/work/0a/614460569e0bb42423eefca2b3b220]
~> TaskHandler[id: 44; name: revertFile (43); status: RUNNING; exit: -; error: -; workDir: /input/data/work/1c/6fb0565d9194337f5f9d12082464eb]
.. remaining tasks omitted.
Nov-26 22:36:48.241 [Task monitor] WARN  nextflow.k8s.client.K8sClient - K8s pod cannot be scheduled -- 0/8 nodes are available: 8 Insufficient cpu. preemption: 0/8 nodes are available: 8 No preemption victims found for incoming pod..
Nov-26 22:37:13.401 [Task monitor] DEBUG n.processor.TaskPollingMonitor - Task completed > TaskHandler[id: 70; name: revertFile (69); status: COMPLETED; exit: 0; error: -; workDir: /input/data/work/51/e9c4326917567bb8b684f56d2caafa]
Nov-26 22:37:13.548 [Task monitor] DEBUG n.processor.TaskPollingMonitor - Task completed > TaskHandler[id: 79; name: revertFile (78); status: COMPLETED; exit: 0; error: -; workDir: /input/data/work/7b/81c90a67fc94f663951fcc63c4e71e]
Nov-26 22:37:13.721 [Task monitor] DEBUG n.processor.TaskPollingMonitor - Task completed > TaskHandler[id: 86; name: revertFile (85); status: COMPLETED; exit: 0; error: -; workDir: /input/data/work/9f/7b8c548aefde98a60fac97de8bacaa]
Nov-26 22:37:18.336 [Task monitor] DEBUG n.processor.TaskPollingMonitor - Task completed > TaskHandler[id: 68; name: revertFile (67); status: COMPLETED; exit: 0; error: -; workDir: /input/data/work/d8/04a4e5adc70c33cba8096b25681e54]
Nov-26 22:37:18.393 [Task monitor] DEBUG n.processor.TaskPollingMonitor - Task completed > TaskHandler[id: 71; name: revertFile (70); status: COMPLETED; exit: 0; error: -; workDir: /input/data/work/c0/53152573c31449a1bd08184ee88f79]
Nov-26 22:37:18.686 [Task monitor] DEBUG n.processor.TaskPollingMonitor - Task completed > TaskHandler[id: 81; name: revertFile (80); status: COMPLETED; exit: 0; error: -; workDir: /input/data/work/45/099626b9394791b423b2217b736e53]
Nov-26 22:37:29.268 [Task monitor] DEBUG n.processor.TaskPollingMonitor - Task completed > TaskHandler[id: 2; name: revertFile (1); status: COMPLETED; exit: 0; error: -; workDir: /input/data/work/28/b8164da6f6e558c0883db94c678738]
Nov-26 22:37:29.320 [Task monitor] DEBUG n.processor.TaskPollingMonitor - Task completed > TaskHandler[id: 24; name: revertFile (23); status: COMPLETED; exit: 0; error: -; workDir: /input/data/work/d5/92004793454da98357a2eb1329e2af]
Nov-26 22:37:29.385 [Task monitor] DEBUG n.processor.TaskPollingMonitor - Task completed > TaskHandler[id: 12; name: revertFile (11); status: COMPLETED; exit: 0; error: -; workDir: /input/data/work/5c/9e7c404c6110f034be1c52f29c4a45]
Nov-26 22:37:29.455 [Task monitor] DEBUG n.processor.TaskPollingMonitor - Task completed > TaskHandler[id: 34; name: revertFile (33); status: COMPLETED; exit: 0; error: -; workDir: /input/data/work/d4/c85a2be614a2210fb376accd406369]
Nov-26 22:37:29.810 [Task monitor] DEBUG n.processor.TaskPollingMonitor - Task completed > TaskHandler[id: 38; name: revertFile (37); status: COMPLETED; exit: 0; error: -; workDir: /input/data/work/94/a0856ebd25a22916a1032682de18bf]
Nov-26 22:37:29.909 [Task monitor] DEBUG n.processor.TaskPollingMonitor - Task completed > TaskHandler[id: 37; name: revertFile (36); status: COMPLETED; exit: 0; error: -; workDir: /input/data/work/03/088d58d5c3c888f7a26e3ec8dd11b1]
Nov-26 22:37:29.945 [Task monitor] DEBUG n.processor.TaskPollingMonitor - Task completed > TaskHandler[id: 39; name: revertFile (38); status: COMPLETED; exit: 0; error: -; workDir: /input/data/work/5d/b8e4aae673c960b1e994c387f9efda]
Nov-26 22:37:29.982 [Task monitor] DEBUG n.processor.TaskPollingMonitor - Task completed > TaskHandler[id: 42; name: revertFile (41); status: COMPLETED; exit: 0; error: -; workDir: /input/data/work/0a/614460569e0bb42423eefca2b3b220]
Nov-26 22:37:30.023 [Task monitor] DEBUG n.processor.TaskPollingMonitor - Task completed > TaskHandler[id: 44; name: revertFile (43); status: COMPLETED; exit: 0; error: -; workDir: /input/data/work/1c/6fb0565d9194337f5f9d12082464eb]
Nov-26 22:37:30.079 [Task monitor] DEBUG n.processor.TaskPollingMonitor - Task completed > TaskHandler[id: 40; name: revertFile (39); status: COMPLETED; exit: 0; error: -; workDir: /input/data/work/8f/31e0d5f01b93779d5f7fabb220b07c]
Nov-26 22:37:30.128 [Task monitor] DEBUG n.processor.TaskPollingMonitor - Task completed > TaskHandler[id: 46; name: revertFile (45); status: COMPLETED; exit: 0; error: -; workDir: /input/data/work/bc/f48ec870574613bd01780f63fc6a8d]
Nov-26 22:37:30.930 [Task monitor] DEBUG n.processor.TaskPollingMonitor - Task completed > TaskHandler[id: 101; name: revertFile (100); status: COMPLETED; exit: 0; error: -; workDir: /input/data/work/2e/a2344dbbcfe2dc5b45c4d9e0413d4e]
Nov-26 22:37:51.039 [Task monitor] WARN  nextflow.k8s.client.K8sClient - K8s pod cannot be scheduled -- 0/8 nodes are available: 8 Insufficient cpu. preemption: 0/8 nodes are available: 8 No preemption victims found for incoming pod..
Nov-26 22:37:56.152 [Task monitor] DEBUG n.processor.TaskPollingMonitor - Task completed > TaskHandler[id: 76; name: revertFile (75); status: COMPLETED; exit: 0; error: -; workDir: /input/data/work/be/c051f33b9f5e337bee85bf8159c085]
Nov-26 22:37:56.306 [Task monitor] DEBUG n.processor.TaskPollingMonitor - Task completed > TaskHandler[id: 87; name: revertFile (86); status: COMPLETED; exit: 0; error: -; workDir: /input/data/work/80/11279fd44f5e0e2a33ef189cf5a3ac]
Nov-26 22:37:56.572 [Task monitor] DEBUG n.processor.TaskPollingMonitor - Task completed > TaskHandler[id: 99; name: revertFile (98); status: COMPLETED; exit: 0; error: -; workDir: /input/data/work/0b/a2a10104ab4a0188ace65575416418]
Nov-26 22:38:10.991 [Task monitor] DEBUG n.processor.TaskPollingMonitor - Task completed > TaskHandler[id: 35; name: revertFile (34); status: COMPLETED; exit: 0; error: -; workDir: /input/data/work/02/17b019b6b267d19deaa8be92b1136f]
Nov-26 22:38:11.055 [Task monitor] DEBUG n.processor.TaskPollingMonitor - Task completed > TaskHandler[id: 67; name: revertFile (66); status: COMPLETED; exit: 0; error: -; workDir: /input/data/work/36/82106b3b17d19fe412125e8a15d806]
Nov-26 22:38:11.462 [Task monitor] DEBUG n.processor.TaskPollingMonitor - Task completed > TaskHandler[id: 88; name: revertFile (87); status: COMPLETED; exit: 0; error: -; workDir: /input/data/work/76/cdec059b51262d2816f4252afb826b]
Nov-26 22:38:36.028 [Task monitor] DEBUG n.processor.TaskPollingMonitor - Task completed > TaskHandler[id: 69; name: revertFile (68); status: COMPLETED; exit: 0; error: -; workDir: /input/data/work/ac/802b1b8e2bb7edf4dc0f7e16db9d60]
Nov-26 22:38:36.065 [Task monitor] DEBUG n.processor.TaskPollingMonitor - Task completed > TaskHandler[id: 72; name: revertFile (71); status: COMPLETED; exit: 0; error: -; workDir: /input/data/work/23/4394b34625421656a737f42dd65b4b]
Nov-26 22:38:36.171 [Task monitor] DEBUG n.processor.TaskPollingMonitor - Task completed > TaskHandler[id: 83; name: revertFile (82); status: COMPLETED; exit: 0; error: -; workDir: /input/data/work/a4/2ad5176c90c4ae4498f0d73e4f4a46]
Nov-26 22:39:36.018 [Task monitor] DEBUG n.processor.TaskPollingMonitor - Task completed > TaskHandler[id: 63; name: revertFile (62); status: COMPLETED; exit: 0; error: -; workDir: /input/data/work/19/d8fd60d9c5c577cc312b5fea394af0]
Nov-26 22:39:36.063 [Task monitor] DEBUG n.processor.TaskPollingMonitor - Task completed > TaskHandler[id: 73; name: revertFile (72); status: COMPLETED; exit: 0; error: -; workDir: /input/data/work/21/45a38018905abcaf43e7fa239572da]
Nov-26 22:39:39.034 [Task monitor] DEBUG n.processor.TaskPollingMonitor - Task completed > TaskHandler[id: 74; name: revertFile (73); status: COMPLETED; exit: 0; error: -; workDir: /input/data/work/8b/6e0af01237977f6c6394c24a9f60c7]
Nov-26 22:39:39.134 [Task monitor] DEBUG n.processor.TaskPollingMonitor - Task completed > TaskHandler[id: 85; name: revertFile (84); status: COMPLETED; exit: 0; error: -; workDir: /input/data/work/f5/43dfafa67f93ae54103c1371b61564]
Nov-26 22:39:39.234 [Task monitor] DEBUG n.processor.TaskPollingMonitor - Task completed > TaskHandler[id: 91; name: revertFile (90); status: COMPLETED; exit: 0; error: -; workDir: /input/data/work/92/222b363bdf507fa9ac15ce5d26bc2b]
Nov-26 22:39:42.943 [Task monitor] DEBUG n.processor.TaskPollingMonitor - Task completed > TaskHandler[id: 98; name: revertFile (97); status: COMPLETED; exit: 0; error: -; workDir: /input/data/work/c8/43fa66c718926673af5aefadc5accd]
Nov-26 22:39:42.999 [Task monitor] DEBUG n.processor.TaskPollingMonitor - Task completed > TaskHandler[id: 100; name: revertFile (99); status: COMPLETED; exit: 0; error: -; workDir: /input/data/work/6b/fd50c5862fadbc7b02703186f699f0]
Nov-26 22:39:45.165 [Task monitor] DEBUG n.processor.TaskPollingMonitor - Task completed > TaskHandler[id: 54; name: revertFile (53); status: COMPLETED; exit: 0; error: -; workDir: /input/data/work/40/742af984143f6c505c6c53b5a5a043]
Nov-26 22:39:45.222 [Task monitor] DEBUG n.processor.TaskPollingMonitor - Task completed > TaskHandler[id: 77; name: revertFile (76); status: COMPLETED; exit: 0; error: -; workDir: /input/data/work/10/0458b9c7109b8f5b6d8f317993eb76]
Nov-26 22:39:45.302 [Task monitor] DEBUG n.processor.TaskPollingMonitor - Task completed > TaskHandler[id: 89; name: revertFile (88); status: COMPLETED; exit: 0; error: -; workDir: /input/data/work/96/90102f9e7b1dc200d49dde4e61a774]
Nov-26 22:39:45.342 [Task monitor] DEBUG n.processor.TaskPollingMonitor - Task completed > TaskHandler[id: 90; name: revertFile (89); status: COMPLETED; exit: 0; error: -; workDir: /input/data/work/02/2817b8d848afc2522307cffe84c133]
Nov-26 22:39:45.438 [Task monitor] DEBUG n.processor.TaskPollingMonitor - Task completed > TaskHandler[id: 96; name: revertFile (95); status: COMPLETED; exit: 0; error: -; workDir: /input/data/work/89/bc45909df2b035f0334ad06707bf2b]
Nov-26 22:39:50.165 [Task monitor] DEBUG n.processor.TaskPollingMonitor - Task completed > TaskHandler[id: 48; name: revertFile (47); status: COMPLETED; exit: 0; error: -; workDir: /input/data/work/1f/e0001f030680756435fbf60fb5c4ae]
Nov-26 22:39:50.235 [Task monitor] DEBUG n.processor.TaskPollingMonitor - Task completed > TaskHandler[id: 80; name: revertFile (79); status: COMPLETED; exit: 0; error: -; workDir: /input/data/work/79/37be4a5b5b4ba7a704b29d284792df]
Nov-26 22:39:50.320 [Task monitor] DEBUG n.processor.TaskPollingMonitor - Task completed > TaskHandler[id: 93; name: revertFile (92); status: COMPLETED; exit: 0; error: -; workDir: /input/data/work/59/bc12cec23d65a3b26bbad767342594]
Nov-26 22:39:50.374 [Task monitor] DEBUG n.processor.TaskPollingMonitor - Task completed > TaskHandler[id: 95; name: revertFile (94); status: COMPLETED; exit: 0; error: -; workDir: /input/data/work/3e/3153f5c18ab2c5a3fa04235d38c071]
Nov-26 22:39:50.413 [Task monitor] DEBUG n.processor.TaskPollingMonitor - Task completed > TaskHandler[id: 97; name: revertFile (96); status: COMPLETED; exit: 0; error: -; workDir: /input/data/work/db/766c7c3ccec383123cfff6e21c8d88]
Nov-26 22:40:10.157 [Task monitor] DEBUG n.processor.TaskPollingMonitor - Task completed > TaskHandler[id: 49; name: revertFile (48); status: COMPLETED; exit: 0; error: -; workDir: /input/data/work/4a/bad43260380457c993bfc97fd49e93]
Nov-26 22:40:10.220 [Task monitor] DEBUG n.processor.TaskPollingMonitor - Task completed > TaskHandler[id: 84; name: revertFile (83); status: COMPLETED; exit: 0; error: -; workDir: /input/data/work/3f/8f571535409836bbd0cc6ba5bd0074]
Nov-26 22:40:10.276 [Task monitor] DEBUG n.processor.TaskPollingMonitor - Task completed > TaskHandler[id: 94; name: revertFile (93); status: COMPLETED; exit: 0; error: -; workDir: /input/data/work/97/7d22449ee19a8b4883733167bf8945]
Nov-26 22:40:55.141 [Task monitor] DEBUG n.processor.TaskPollingMonitor - Task completed > TaskHandler[id: 75; name: revertFile (74); status: COMPLETED; exit: 0; error: -; workDir: /input/data/work/9f/da5ab8d9b8977601772cd1d4907af9]
Nov-26 22:40:55.180 [Task monitor] DEBUG n.processor.TaskPollingMonitor - Task completed > TaskHandler[id: 82; name: revertFile (81); status: COMPLETED; exit: 0; error: -; workDir: /input/data/work/d5/e24164494a54370dd437534a58c31d]
Nov-26 22:40:55.220 [Task monitor] DEBUG n.processor.TaskPollingMonitor - Task completed > TaskHandler[id: 92; name: revertFile (91); status: COMPLETED; exit: 0; error: -; workDir: /input/data/work/19/a5051b4b2860319059c4369004597f]
Nov-26 22:40:55.222 [main] DEBUG nextflow.Session - Session await > all processes finished
Nov-26 22:40:55.224 [main] DEBUG nextflow.Session - Session await > all barriers passed
Nov-26 22:40:55.236 [main] DEBUG n.trace.WorkflowStatsObserver - Workflow completed > WorkflowStats[succeededCount=101; failedCount=0; ignoredCount=0; cachedCount=0; pendingCount=0; submittedCount=0; runningCount=0; retriesCount=0; abortedCount=0; succeedDuration=15h 11m 44s; failedDuration=0ms; cachedDuration=0ms;loadCpus=0; loadMemory=0; peakRunning=24; peakCpus=240; peakMemory=240 GB; ]
Nov-26 22:40:55.236 [main] DEBUG nextflow.trace.TraceFileObserver - Workflow completed -- saving trace file
Nov-26 22:40:55.237 [main] DEBUG nextflow.trace.ReportObserver - Workflow completed -- rendering execution report
Nov-26 22:40:55.794 [main] DEBUG nextflow.trace.TimelineObserver - Workflow completed -- rendering execution timeline
Nov-26 22:40:55.888 [main] DEBUG nextflow.cache.CacheDB - Closing CacheDB done
Nov-26 22:40:55.913 [main] DEBUG nextflow.util.ThreadPoolManager - Thread pool 'FileTransfer' shutdown completed (hard=false)
Nov-26 22:40:55.913 [main] DEBUG nextflow.script.ScriptRunner - > Execution complete -- Goodbye
