Dec-04 09:28:17.351 [main] DEBUG nextflow.cli.Launcher - $> nextflow run /input/groupMultiple -c /experiments/experiment/groupMultiple/nextflow.config -c /experiments/experiment/nextflow_orig.config -c /experiments/experiment/nextflow_ceph.config
Dec-04 09:28:17.404 [main] INFO  nextflow.cli.CmdRun - N E X T F L O W  ~  version 23.07.0-edge
Dec-04 09:28:17.421 [main] DEBUG nextflow.plugin.PluginsFacade - Setting up plugin manager > mode=prod; embedded=false; plugins-dir=/.nextflow/plugins; core-plugins: nf-amazon@2.1.0,nf-azure@1.1.4,nf-cloudcache@0.1.0,nf-codecommit@0.1.5,nf-console@1.0.6,nf-ga4gh@1.1.0,nf-google@1.8.1,nf-tower@1.5.15,nf-wave@0.11.0
Dec-04 09:28:17.430 [main] INFO  o.pf4j.DefaultPluginStatusProvider - Enabled plugins: []
Dec-04 09:28:17.430 [main] INFO  o.pf4j.DefaultPluginStatusProvider - Disabled plugins: []
Dec-04 09:28:17.432 [main] INFO  org.pf4j.DefaultPluginManager - PF4J version 3.4.1 in 'deployment' mode
Dec-04 09:28:17.439 [main] INFO  org.pf4j.AbstractPluginManager - No plugins
Dec-04 09:28:17.457 [main] DEBUG nextflow.scm.AssetManager - Project manifest does not exist: /input/groupMultiple/nextflow.config (No such file or directory)
Dec-04 09:28:17.478 [main] DEBUG nextflow.config.ConfigBuilder - User config file: /experiments/experiment/groupMultiple/nextflow.config
Dec-04 09:28:17.479 [main] DEBUG nextflow.config.ConfigBuilder - User config file: /experiments/experiment/nextflow_orig.config
Dec-04 09:28:17.479 [main] DEBUG nextflow.config.ConfigBuilder - User config file: /experiments/experiment/nextflow_ceph.config
Dec-04 09:28:17.479 [main] DEBUG nextflow.config.ConfigBuilder - Parsing config file: /experiments/experiment/groupMultiple/nextflow.config
Dec-04 09:28:17.479 [main] DEBUG nextflow.config.ConfigBuilder - Parsing config file: /experiments/experiment/nextflow_orig.config
Dec-04 09:28:17.479 [main] DEBUG nextflow.config.ConfigBuilder - Parsing config file: /experiments/experiment/nextflow_ceph.config
Dec-04 09:28:17.493 [main] DEBUG nextflow.config.ConfigBuilder - Applying config profile: `standard`
Dec-04 09:28:18.004 [main] DEBUG nextflow.config.ConfigBuilder - Applying config profile: `standard`
Dec-04 09:28:18.158 [main] DEBUG nextflow.config.ConfigBuilder - Applying config profile: `standard`
Dec-04 09:28:18.183 [main] DEBUG nextflow.cli.CmdRun - Applied DSL=2 by global default
Dec-04 09:28:18.196 [main] INFO  nextflow.cli.CmdRun - Launching `/input/groupMultiple/main.nf` [furious_angela] DSL2 - revision: b7ed08cdab
Dec-04 09:28:18.197 [main] DEBUG nextflow.plugin.PluginsFacade - Plugins default=[]
Dec-04 09:28:18.197 [main] DEBUG nextflow.plugin.PluginsFacade - Plugins resolved requirement=[]
Dec-04 09:28:18.204 [main] DEBUG n.secret.LocalSecretsProvider - Secrets store: /.nextflow/secrets/store.json
Dec-04 09:28:18.206 [main] DEBUG nextflow.secret.SecretsLoader - Discovered secrets providers: [nextflow.secret.LocalSecretsProvider@44065156] - activable => nextflow.secret.LocalSecretsProvider@44065156
Dec-04 09:28:18.259 [main] DEBUG nextflow.Session - Session UUID: f6f801c5-ec59-4e8b-a4e2-6cba4ef64120
Dec-04 09:28:18.259 [main] DEBUG nextflow.Session - Run name: furious_angela
Dec-04 09:28:18.260 [main] DEBUG nextflow.Session - Executor pool size: 32
Dec-04 09:28:18.265 [main] DEBUG nextflow.file.FilePorter - File porter settings maxRetries=3; maxTransfers=50; pollTimeout=null
Dec-04 09:28:18.268 [main] DEBUG nextflow.util.ThreadPoolBuilder - Creating thread pool 'FileTransfer' minSize=10; maxSize=96; workQueue=LinkedBlockingQueue[10000]; allowCoreThreadTimeout=false
Dec-04 09:28:18.296 [main] DEBUG nextflow.cli.CmdRun - 
  Version: 23.07.0-edge build 5870
  Created: 22-07-2023 15:44 UTC 
  System: Linux 5.4.0-166-generic
  Runtime: Groovy 3.0.18 on OpenJDK 64-Bit Server VM 17.0.7+7-LTS
  Encoding: UTF-8 (UTF-8)
  Process: 1277650@nextflow [10.233.76.27]
  CPUs: 32 - Mem: 125.7 GB (121.2 GB) - Swap: 0 (0)
Dec-04 09:28:18.323 [main] DEBUG nextflow.Session - Work-dir: /input/data/work [ceph]
Dec-04 09:28:18.324 [main] DEBUG nextflow.Session - Script base path does not exist or is not a directory: /input/groupMultiple/bin
Dec-04 09:28:18.333 [main] DEBUG nextflow.executor.ExecutorFactory - Extension executors providers=[]
Dec-04 09:28:18.340 [main] DEBUG nextflow.Session - Observer factory: DefaultObserverFactory
Dec-04 09:28:18.369 [main] DEBUG nextflow.cache.CacheFactory - Using Nextflow cache factory: nextflow.cache.DefaultCacheFactory
Dec-04 09:28:18.375 [main] DEBUG nextflow.util.CustomThreadPool - Creating default thread pool > poolSize: 33; maxThreads: 1000
Dec-04 09:28:18.469 [main] DEBUG nextflow.Session - Session start
Dec-04 09:28:18.473 [main] DEBUG nextflow.trace.TraceFileObserver - Workflow started -- trace file: /input/data/output/trace.csv
Dec-04 09:28:18.654 [main] DEBUG nextflow.script.ScriptRunner - > Launching execution
Dec-04 09:28:18.885 [main] DEBUG nextflow.script.ProcessConfig - Config settings `withName:writeLargeFile` matches process writeLargeFile
Dec-04 09:28:18.895 [main] DEBUG nextflow.executor.ExecutorFactory - << taskConfig executor: k8s
Dec-04 09:28:18.895 [main] DEBUG nextflow.executor.ExecutorFactory - >> processorType: 'k8s'
Dec-04 09:28:18.901 [main] DEBUG nextflow.executor.Executor - [warm up] executor > k8s
Dec-04 09:28:18.905 [main] DEBUG n.processor.TaskPollingMonitor - Creating task monitor for executor 'k8s' > capacity: 300; pollInterval: 5s; dumpInterval: 5m 
Dec-04 09:28:18.919 [main] DEBUG nextflow.k8s.client.ConfigDiscovery - K8s config file does not exist: /root/.kube/config
Dec-04 09:28:18.929 [main] DEBUG nextflow.k8s.K8sExecutor - [K8s] config=[debug:[yaml:true], namespace:anonymized, serviceAccount:nextflow, workDir:/input/data/work/, projectDir:/input/data/project/, imagePullPolicy:IfNotPresent, launchDir:/input/data/launch/, runAsUser:0, fetchNodeName:true, storageMountPath:/input, scheduler:[name:workflow-scheduler, autoClose:false, nodeSelector:usedby=anonymized, container:anonymized/test1:sch_v194], pod:[nodeSelector:usedby=anonymized], storage:[nodeSelector:usedby=anonymized, imageName:anonymized/test1:ftp_v122], storageClaimName:ceph-data]; API client config=ClientConfig[ server=10.233.0.1:443, namespace=anonymized, serviceAccount=nextflow, token=eyJhbGciOiJ.., sslCert=LS0tLS1CRUd.., clientCert=-, clientKey=-, verifySsl=false, fromFile=true, httpReadTimeout=null, httpConnectTimeout=null, maxErrorRetry=4 ]
Dec-04 09:28:19.014 [main] DEBUG nextflow.script.ProcessConfig - Config settings `withName:combineFiles` matches process combineFilesA
Dec-04 09:28:19.016 [main] DEBUG nextflow.executor.ExecutorFactory - << taskConfig executor: k8s
Dec-04 09:28:19.016 [main] DEBUG nextflow.executor.ExecutorFactory - >> processorType: 'k8s'
Dec-04 09:28:19.022 [main] DEBUG nextflow.script.ProcessConfig - Config settings `withName:combineFiles` matches process combineFilesB
Dec-04 09:28:19.022 [main] DEBUG nextflow.executor.ExecutorFactory - << taskConfig executor: k8s
Dec-04 09:28:19.023 [main] DEBUG nextflow.executor.ExecutorFactory - >> processorType: 'k8s'
Dec-04 09:28:19.031 [main] DEBUG nextflow.Session - Workflow process names [dsl2]: revertFile, combineFiles, combineFilesA, writeLargeFile, combineFilesB
Dec-04 09:28:19.032 [main] DEBUG nextflow.Session - Igniting dataflow network (4)
Dec-04 09:28:19.034 [main] DEBUG nextflow.processor.TaskProcessor - Starting process > writeLargeFile
Dec-04 09:28:19.035 [main] DEBUG nextflow.processor.TaskProcessor - Starting process > combineFilesA
Dec-04 09:28:19.035 [main] DEBUG nextflow.processor.TaskProcessor - Starting process > combineFilesB
Dec-04 09:28:19.036 [main] DEBUG nextflow.script.ScriptRunner - > Awaiting termination 
Dec-04 09:28:19.036 [main] DEBUG nextflow.Session - Session await
Dec-04 09:28:19.427 [Task submitter] INFO  nextflow.Session - [b0/6d6c9e] Submitted process > writeLargeFile (31)
Dec-04 09:28:19.461 [Task submitter] INFO  nextflow.Session - [c8/a7898f] Submitted process > writeLargeFile (7)
Dec-04 09:28:19.493 [Task submitter] INFO  nextflow.Session - [53/3ff120] Submitted process > writeLargeFile (26)
Dec-04 09:28:19.527 [Task submitter] INFO  nextflow.Session - [30/8c39bd] Submitted process > writeLargeFile (2)
Dec-04 09:28:19.556 [Task submitter] INFO  nextflow.Session - [21/c0fc95] Submitted process > writeLargeFile (11)
Dec-04 09:28:19.587 [Task submitter] INFO  nextflow.Session - [67/781952] Submitted process > writeLargeFile (17)
Dec-04 09:28:19.617 [Task submitter] INFO  nextflow.Session - [db/d10798] Submitted process > writeLargeFile (1)
Dec-04 09:28:19.644 [Task submitter] INFO  nextflow.Session - [6b/11faf1] Submitted process > writeLargeFile (4)
Dec-04 09:28:19.669 [Task submitter] INFO  nextflow.Session - [42/5c40b0] Submitted process > writeLargeFile (16)
Dec-04 09:28:19.694 [Task submitter] INFO  nextflow.Session - [39/3bee3f] Submitted process > writeLargeFile (21)
Dec-04 09:28:19.717 [Task submitter] INFO  nextflow.Session - [ce/196145] Submitted process > writeLargeFile (23)
Dec-04 09:28:19.745 [Task submitter] INFO  nextflow.Session - [8e/3baeb6] Submitted process > writeLargeFile (27)
Dec-04 09:28:19.771 [Task submitter] INFO  nextflow.Session - [92/89e49f] Submitted process > writeLargeFile (32)
Dec-04 09:28:19.797 [Task submitter] INFO  nextflow.Session - [ae/eee2e2] Submitted process > writeLargeFile (20)
Dec-04 09:28:19.824 [Task submitter] INFO  nextflow.Session - [f3/92affe] Submitted process > writeLargeFile (24)
Dec-04 09:28:19.853 [Task submitter] INFO  nextflow.Session - [d0/60e752] Submitted process > writeLargeFile (8)
Dec-04 09:28:19.879 [Task submitter] INFO  nextflow.Session - [3f/e9d9ae] Submitted process > writeLargeFile (19)
Dec-04 09:28:19.904 [Task submitter] INFO  nextflow.Session - [4d/380631] Submitted process > writeLargeFile (14)
Dec-04 09:28:19.928 [Task submitter] INFO  nextflow.Session - [93/2903a9] Submitted process > writeLargeFile (22)
Dec-04 09:28:19.960 [Task submitter] INFO  nextflow.Session - [75/cbe2b6] Submitted process > writeLargeFile (28)
Dec-04 09:28:19.984 [Task submitter] INFO  nextflow.Session - [88/8d4f2a] Submitted process > writeLargeFile (3)
Dec-04 09:28:20.009 [Task submitter] INFO  nextflow.Session - [aa/2df4ba] Submitted process > writeLargeFile (6)
Dec-04 09:28:20.037 [Task submitter] INFO  nextflow.Session - [3b/61c124] Submitted process > writeLargeFile (12)
Dec-04 09:28:20.064 [Task submitter] INFO  nextflow.Session - [00/d26899] Submitted process > writeLargeFile (15)
Dec-04 09:28:20.090 [Task submitter] INFO  nextflow.Session - [16/555cd6] Submitted process > writeLargeFile (10)
Dec-04 09:28:20.116 [Task submitter] INFO  nextflow.Session - [cc/84732e] Submitted process > writeLargeFile (18)
Dec-04 09:28:20.152 [Task submitter] INFO  nextflow.Session - [63/f646b7] Submitted process > writeLargeFile (5)
Dec-04 09:28:20.179 [Task submitter] INFO  nextflow.Session - [8d/1d648f] Submitted process > writeLargeFile (13)
Dec-04 09:28:20.201 [Task submitter] INFO  nextflow.Session - [fe/420816] Submitted process > writeLargeFile (25)
Dec-04 09:28:20.226 [Task submitter] INFO  nextflow.Session - [e6/fa4b44] Submitted process > writeLargeFile (9)
Dec-04 09:28:20.250 [Task submitter] INFO  nextflow.Session - [81/195122] Submitted process > writeLargeFile (29)
Dec-04 09:28:20.276 [Task submitter] INFO  nextflow.Session - [d2/08fdbe] Submitted process > writeLargeFile (30)
Dec-04 09:28:20.298 [Task submitter] INFO  nextflow.Session - [3f/455246] Submitted process > writeLargeFile (33)
Dec-04 09:28:20.324 [Task submitter] INFO  nextflow.Session - [6d/73651c] Submitted process > writeLargeFile (34)
Dec-04 09:28:20.348 [Task submitter] INFO  nextflow.Session - [8e/df5d81] Submitted process > writeLargeFile (35)
Dec-04 09:28:20.371 [Task submitter] INFO  nextflow.Session - [22/410cdb] Submitted process > writeLargeFile (36)
Dec-04 09:28:20.398 [Task submitter] INFO  nextflow.Session - [c2/3a5e60] Submitted process > writeLargeFile (37)
Dec-04 09:28:20.422 [Task submitter] INFO  nextflow.Session - [cc/bd771a] Submitted process > writeLargeFile (38)
Dec-04 09:28:20.445 [Task submitter] INFO  nextflow.Session - [59/d4a019] Submitted process > writeLargeFile (40)
Dec-04 09:28:20.469 [Task submitter] INFO  nextflow.Session - [be/4b6f87] Submitted process > writeLargeFile (39)
Dec-04 09:28:20.494 [Task submitter] INFO  nextflow.Session - [e8/f10e99] Submitted process > writeLargeFile (41)
Dec-04 09:28:20.522 [Task submitter] INFO  nextflow.Session - [fe/b6a09c] Submitted process > writeLargeFile (42)
Dec-04 09:28:20.548 [Task submitter] INFO  nextflow.Session - [19/ffbdd1] Submitted process > writeLargeFile (43)
Dec-04 09:28:20.572 [Task submitter] INFO  nextflow.Session - [9a/e04880] Submitted process > writeLargeFile (44)
Dec-04 09:28:20.597 [Task submitter] INFO  nextflow.Session - [be/83b9b7] Submitted process > writeLargeFile (45)
Dec-04 09:28:20.622 [Task submitter] INFO  nextflow.Session - [dc/fc370b] Submitted process > writeLargeFile (47)
Dec-04 09:28:20.644 [Task submitter] INFO  nextflow.Session - [f6/d08091] Submitted process > writeLargeFile (46)
Dec-04 09:28:20.667 [Task submitter] INFO  nextflow.Session - [62/00790b] Submitted process > writeLargeFile (48)
Dec-04 09:28:20.693 [Task submitter] INFO  nextflow.Session - [d8/4176d1] Submitted process > writeLargeFile (50)
Dec-04 09:28:20.719 [Task submitter] INFO  nextflow.Session - [02/ad0da2] Submitted process > writeLargeFile (49)
Dec-04 09:28:20.744 [Task submitter] INFO  nextflow.Session - [1b/e22522] Submitted process > writeLargeFile (51)
Dec-04 09:28:20.768 [Task submitter] INFO  nextflow.Session - [3f/c0c619] Submitted process > writeLargeFile (52)
Dec-04 09:28:20.793 [Task submitter] INFO  nextflow.Session - [a0/210e8f] Submitted process > writeLargeFile (53)
Dec-04 09:28:20.816 [Task submitter] INFO  nextflow.Session - [5a/d4d943] Submitted process > writeLargeFile (54)
Dec-04 09:28:20.838 [Task submitter] INFO  nextflow.Session - [b3/134efb] Submitted process > writeLargeFile (55)
Dec-04 09:28:20.864 [Task submitter] INFO  nextflow.Session - [8b/0faf78] Submitted process > writeLargeFile (56)
Dec-04 09:28:20.883 [Task submitter] INFO  nextflow.Session - [36/e5d6b0] Submitted process > writeLargeFile (57)
Dec-04 09:28:20.912 [Task submitter] INFO  nextflow.Session - [1e/aa2ee3] Submitted process > writeLargeFile (58)
Dec-04 09:28:20.934 [Task submitter] INFO  nextflow.Session - [1f/5d8736] Submitted process > writeLargeFile (59)
Dec-04 09:28:20.958 [Task submitter] INFO  nextflow.Session - [03/aaf588] Submitted process > writeLargeFile (60)
Dec-04 09:28:20.982 [Task submitter] INFO  nextflow.Session - [ae/7332a9] Submitted process > writeLargeFile (61)
Dec-04 09:28:21.012 [Task submitter] INFO  nextflow.Session - [3b/f1fbe9] Submitted process > writeLargeFile (62)
Dec-04 09:28:21.035 [Task submitter] INFO  nextflow.Session - [0a/608681] Submitted process > writeLargeFile (64)
Dec-04 09:28:21.058 [Task submitter] INFO  nextflow.Session - [9e/4020b9] Submitted process > writeLargeFile (63)
Dec-04 09:28:21.079 [Task submitter] INFO  nextflow.Session - [1f/a6adf5] Submitted process > writeLargeFile (65)
Dec-04 09:28:21.100 [Task submitter] INFO  nextflow.Session - [95/4b37e0] Submitted process > writeLargeFile (66)
Dec-04 09:28:21.120 [Task submitter] INFO  nextflow.Session - [ab/c311da] Submitted process > writeLargeFile (67)
Dec-04 09:28:21.149 [Task submitter] INFO  nextflow.Session - [db/84bf0f] Submitted process > writeLargeFile (68)
Dec-04 09:28:21.174 [Task submitter] INFO  nextflow.Session - [7c/7788c7] Submitted process > writeLargeFile (69)
Dec-04 09:28:21.194 [Task submitter] INFO  nextflow.Session - [92/9a027f] Submitted process > writeLargeFile (71)
Dec-04 09:28:21.216 [Task submitter] INFO  nextflow.Session - [96/f4737a] Submitted process > writeLargeFile (70)
Dec-04 09:28:21.237 [Task submitter] INFO  nextflow.Session - [a6/115c44] Submitted process > writeLargeFile (72)
Dec-04 09:28:21.258 [Task submitter] INFO  nextflow.Session - [aa/598e35] Submitted process > writeLargeFile (75)
Dec-04 09:28:21.280 [Task submitter] INFO  nextflow.Session - [b2/0fc548] Submitted process > writeLargeFile (73)
Dec-04 09:28:21.301 [Task submitter] INFO  nextflow.Session - [74/d85213] Submitted process > writeLargeFile (74)
Dec-04 09:28:21.322 [Task submitter] INFO  nextflow.Session - [6c/8de5af] Submitted process > writeLargeFile (76)
Dec-04 09:28:21.346 [Task submitter] INFO  nextflow.Session - [8c/c2c2f5] Submitted process > writeLargeFile (77)
Dec-04 09:28:21.369 [Task submitter] INFO  nextflow.Session - [4b/c8a3b5] Submitted process > writeLargeFile (78)
Dec-04 09:28:21.392 [Task submitter] INFO  nextflow.Session - [4a/24208d] Submitted process > writeLargeFile (79)
Dec-04 09:28:21.414 [Task submitter] INFO  nextflow.Session - [09/0ade8c] Submitted process > writeLargeFile (80)
Dec-04 09:28:21.434 [Task submitter] INFO  nextflow.Session - [f4/3f96e7] Submitted process > writeLargeFile (81)
Dec-04 09:28:21.457 [Task submitter] INFO  nextflow.Session - [0b/31db53] Submitted process > writeLargeFile (82)
Dec-04 09:28:21.485 [Task submitter] INFO  nextflow.Session - [13/0ee20c] Submitted process > writeLargeFile (83)
Dec-04 09:28:21.507 [Task submitter] INFO  nextflow.Session - [cf/1d90b7] Submitted process > writeLargeFile (84)
Dec-04 09:28:21.529 [Task submitter] INFO  nextflow.Session - [86/0144d2] Submitted process > writeLargeFile (85)
Dec-04 09:28:21.553 [Task submitter] INFO  nextflow.Session - [19/905eb9] Submitted process > writeLargeFile (88)
Dec-04 09:28:21.576 [Task submitter] INFO  nextflow.Session - [31/08537f] Submitted process > writeLargeFile (86)
Dec-04 09:28:21.598 [Task submitter] INFO  nextflow.Session - [c6/55085a] Submitted process > writeLargeFile (87)
Dec-04 09:28:21.621 [Task submitter] INFO  nextflow.Session - [e0/3e3b9d] Submitted process > writeLargeFile (89)
Dec-04 09:28:21.643 [Task submitter] INFO  nextflow.Session - [e0/18c3e8] Submitted process > writeLargeFile (90)
Dec-04 09:28:21.665 [Task submitter] INFO  nextflow.Session - [b0/b658c7] Submitted process > writeLargeFile (92)
Dec-04 09:28:21.688 [Task submitter] INFO  nextflow.Session - [8a/3e2587] Submitted process > writeLargeFile (91)
Dec-04 09:28:21.710 [Task submitter] INFO  nextflow.Session - [e4/8b6ced] Submitted process > writeLargeFile (93)
Dec-04 09:28:21.733 [Task submitter] INFO  nextflow.Session - [ff/02d0c5] Submitted process > writeLargeFile (94)
Dec-04 09:28:21.753 [Task submitter] INFO  nextflow.Session - [28/f50720] Submitted process > writeLargeFile (95)
Dec-04 09:28:21.775 [Task submitter] INFO  nextflow.Session - [3a/a686d0] Submitted process > writeLargeFile (96)
Dec-04 09:28:21.799 [Task submitter] INFO  nextflow.Session - [2e/c7e43e] Submitted process > writeLargeFile (97)
Dec-04 09:28:21.822 [Task submitter] INFO  nextflow.Session - [04/370b5e] Submitted process > writeLargeFile (99)
Dec-04 09:28:21.845 [Task submitter] INFO  nextflow.Session - [a1/719acf] Submitted process > writeLargeFile (98)
Dec-04 09:28:21.870 [Task submitter] INFO  nextflow.Session - [06/c53ee3] Submitted process > writeLargeFile (100)
Dec-04 09:28:24.752 [Task monitor] WARN  nextflow.k8s.client.K8sClient - K8s pod cannot be scheduled -- 0/8 nodes are available: 8 Insufficient cpu. preemption: 0/8 nodes are available: 8 No preemption victims found for incoming pod..
Dec-04 09:29:12.313 [Task monitor] DEBUG n.processor.TaskPollingMonitor - Task completed > TaskHandler[id: 2; name: writeLargeFile (2); status: COMPLETED; exit: 0; error: -; workDir: /input/data/work/30/8c39bdb2512c8b58c97548d38f798a]
Dec-04 09:29:12.394 [Task monitor] DEBUG n.processor.TaskPollingMonitor - Task completed > TaskHandler[id: 1; name: writeLargeFile (1); status: COMPLETED; exit: 0; error: -; workDir: /input/data/work/db/d1079862d4b4da38747cac73ee01d0]
Dec-04 09:29:12.503 [Task monitor] DEBUG n.processor.TaskPollingMonitor - Task completed > TaskHandler[id: 32; name: writeLargeFile (32); status: COMPLETED; exit: 0; error: -; workDir: /input/data/work/92/89e49f21bf19b21537422ccb53707d]
Dec-04 09:29:12.554 [Task monitor] DEBUG n.processor.TaskPollingMonitor - Task completed > TaskHandler[id: 24; name: writeLargeFile (24); status: COMPLETED; exit: 0; error: -; workDir: /input/data/work/f3/92affef6f63e29ca67460531abd0ca]
Dec-04 09:29:12.624 [Task monitor] DEBUG n.processor.TaskPollingMonitor - Task completed > TaskHandler[id: 14; name: writeLargeFile (14); status: COMPLETED; exit: 0; error: -; workDir: /input/data/work/4d/380631741dce7b7e9c156b06802081]
Dec-04 09:29:12.711 [Task monitor] DEBUG n.processor.TaskPollingMonitor - Task completed > TaskHandler[id: 6; name: writeLargeFile (6); status: COMPLETED; exit: 0; error: -; workDir: /input/data/work/aa/2df4ba88729f014768e7fd0f0f884e]
Dec-04 09:29:17.267 [Task monitor] DEBUG n.processor.TaskPollingMonitor - Task completed > TaskHandler[id: 31; name: writeLargeFile (31); status: COMPLETED; exit: 0; error: -; workDir: /input/data/work/b0/6d6c9e0b5e83d331fedc3221eba332]
Dec-04 09:29:17.309 [Task monitor] DEBUG n.processor.TaskPollingMonitor - Task completed > TaskHandler[id: 7; name: writeLargeFile (7); status: COMPLETED; exit: 0; error: -; workDir: /input/data/work/c8/a7898f1be7ab99ca839474be79702a]
Dec-04 09:29:17.348 [Task monitor] DEBUG n.processor.TaskPollingMonitor - Task completed > TaskHandler[id: 26; name: writeLargeFile (26); status: COMPLETED; exit: 0; error: -; workDir: /input/data/work/53/3ff12050fabb24f848ba756dfa933d]
Dec-04 09:29:17.388 [Task monitor] DEBUG n.processor.TaskPollingMonitor - Task completed > TaskHandler[id: 11; name: writeLargeFile (11); status: COMPLETED; exit: 0; error: -; workDir: /input/data/work/21/c0fc954a18069acc366db2bb90a469]
Dec-04 09:29:17.427 [Task monitor] DEBUG n.processor.TaskPollingMonitor - Task completed > TaskHandler[id: 17; name: writeLargeFile (17); status: COMPLETED; exit: 0; error: -; workDir: /input/data/work/67/78195241563822e7bf6d0cfb84b276]
Dec-04 09:29:17.463 [Task monitor] DEBUG n.processor.TaskPollingMonitor - Task completed > TaskHandler[id: 4; name: writeLargeFile (4); status: COMPLETED; exit: 0; error: -; workDir: /input/data/work/6b/11faf1ca7a5a5b7816498365074e01]
Dec-04 09:29:17.503 [Task monitor] DEBUG n.processor.TaskPollingMonitor - Task completed > TaskHandler[id: 16; name: writeLargeFile (16); status: COMPLETED; exit: 0; error: -; workDir: /input/data/work/42/5c40b0c9b4ddeaf8fffce8289944bb]
Dec-04 09:29:17.539 [Task monitor] DEBUG n.processor.TaskPollingMonitor - Task completed > TaskHandler[id: 21; name: writeLargeFile (21); status: COMPLETED; exit: 0; error: -; workDir: /input/data/work/39/3bee3fcbe865624171d545b8ea4814]
Dec-04 09:29:17.573 [Task monitor] DEBUG n.processor.TaskPollingMonitor - Task completed > TaskHandler[id: 23; name: writeLargeFile (23); status: COMPLETED; exit: 0; error: -; workDir: /input/data/work/ce/196145f29334121b9797601ef6e3a7]
Dec-04 09:29:17.613 [Task monitor] DEBUG n.processor.TaskPollingMonitor - Task completed > TaskHandler[id: 27; name: writeLargeFile (27); status: COMPLETED; exit: 0; error: -; workDir: /input/data/work/8e/3baeb686e33274be23da7a4b34e905]
Dec-04 09:29:17.650 [Task monitor] DEBUG n.processor.TaskPollingMonitor - Task completed > TaskHandler[id: 20; name: writeLargeFile (20); status: COMPLETED; exit: 0; error: -; workDir: /input/data/work/ae/eee2e28a0c2d3ab47900312083ed90]
Dec-04 09:29:17.688 [Task monitor] DEBUG n.processor.TaskPollingMonitor - Task completed > TaskHandler[id: 8; name: writeLargeFile (8); status: COMPLETED; exit: 0; error: -; workDir: /input/data/work/d0/60e752a1b66b42803d9738a2fdd502]
Dec-04 09:29:17.726 [Task monitor] DEBUG n.processor.TaskPollingMonitor - Task completed > TaskHandler[id: 19; name: writeLargeFile (19); status: COMPLETED; exit: 0; error: -; workDir: /input/data/work/3f/e9d9aebb286213420a122f30152ad3]
Dec-04 09:29:17.763 [Task monitor] DEBUG n.processor.TaskPollingMonitor - Task completed > TaskHandler[id: 22; name: writeLargeFile (22); status: COMPLETED; exit: 0; error: -; workDir: /input/data/work/93/2903a95a8523325c6d273946792498]
Dec-04 09:29:17.800 [Task monitor] DEBUG n.processor.TaskPollingMonitor - Task completed > TaskHandler[id: 28; name: writeLargeFile (28); status: COMPLETED; exit: 0; error: -; workDir: /input/data/work/75/cbe2b685592033d6791e9183a0b25c]
Dec-04 09:29:17.838 [Task monitor] DEBUG n.processor.TaskPollingMonitor - Task completed > TaskHandler[id: 3; name: writeLargeFile (3); status: COMPLETED; exit: 0; error: -; workDir: /input/data/work/88/8d4f2ac8573a1d3aa14cf83e9a2796]
Dec-04 09:29:17.876 [Task monitor] DEBUG n.processor.TaskPollingMonitor - Task completed > TaskHandler[id: 12; name: writeLargeFile (12); status: COMPLETED; exit: 0; error: -; workDir: /input/data/work/3b/61c12433cf8959d282072bcb4c3d76]
Dec-04 09:29:17.918 [Task monitor] DEBUG n.processor.TaskPollingMonitor - Task completed > TaskHandler[id: 15; name: writeLargeFile (15); status: COMPLETED; exit: 0; error: -; workDir: /input/data/work/00/d268998173c0ec6dd371f28a359240]
Dec-04 09:29:17.950 [Task monitor] DEBUG n.processor.TaskPollingMonitor - Task completed > TaskHandler[id: 10; name: writeLargeFile (10); status: COMPLETED; exit: 0; error: -; workDir: /input/data/work/16/555cd6bcd3c3fc14c5a0cb04940ddf]
Dec-04 09:29:28.484 [Task monitor] WARN  nextflow.k8s.client.K8sClient - K8s pod cannot be scheduled -- 0/8 nodes are available: 8 Insufficient cpu. preemption: 0/8 nodes are available: 8 No preemption victims found for incoming pod..
Dec-04 09:29:56.145 [Task monitor] DEBUG n.processor.TaskPollingMonitor - Task completed > TaskHandler[id: 30; name: writeLargeFile (30); status: COMPLETED; exit: 0; error: -; workDir: /input/data/work/d2/08fdbed47f565ac5637bb4acb2e391]
Dec-04 09:29:56.344 [Task monitor] DEBUG n.processor.TaskPollingMonitor - Task completed > TaskHandler[id: 39; name: writeLargeFile (39); status: COMPLETED; exit: 0; error: -; workDir: /input/data/work/be/4b6f87bb083f35027d6ec458b25f4c]
Dec-04 09:29:56.535 [Task monitor] DEBUG n.processor.TaskPollingMonitor - Task completed > TaskHandler[id: 48; name: writeLargeFile (48); status: COMPLETED; exit: 0; error: -; workDir: /input/data/work/62/00790ba5ecc96c9fbc81b0378fa967]
Dec-04 09:30:20.020 [Task monitor] DEBUG n.processor.TaskPollingMonitor - Task completed > TaskHandler[id: 9; name: writeLargeFile (9); status: COMPLETED; exit: 0; error: -; workDir: /input/data/work/e6/fa4b44c9a2ea62bc2af397871afe36]
Dec-04 09:30:20.060 [Task monitor] DEBUG n.processor.TaskPollingMonitor - Task completed > TaskHandler[id: 29; name: writeLargeFile (29); status: COMPLETED; exit: 0; error: -; workDir: /input/data/work/81/19512289812ce1f5eec1a25c2ccb77]
Dec-04 09:30:20.098 [Task monitor] DEBUG n.processor.TaskPollingMonitor - Task completed > TaskHandler[id: 33; name: writeLargeFile (33); status: COMPLETED; exit: 0; error: -; workDir: /input/data/work/3f/4552469e1fd6109013b76f16bdfbe5]
Dec-04 09:30:20.170 [Task monitor] DEBUG n.processor.TaskPollingMonitor - Task completed > TaskHandler[id: 35; name: writeLargeFile (35); status: COMPLETED; exit: 0; error: -; workDir: /input/data/work/8e/df5d81d3428a52304f716eac8298e9]
Dec-04 09:30:20.210 [Task monitor] DEBUG n.processor.TaskPollingMonitor - Task completed > TaskHandler[id: 36; name: writeLargeFile (36); status: COMPLETED; exit: 0; error: -; workDir: /input/data/work/22/410cdb9dfc71b8e43f34aeff7a94af]
Dec-04 09:30:20.255 [Task monitor] DEBUG n.processor.TaskPollingMonitor - Task completed > TaskHandler[id: 37; name: writeLargeFile (37); status: COMPLETED; exit: 0; error: -; workDir: /input/data/work/c2/3a5e60bacee53c9163715c696d240b]
Dec-04 09:30:20.294 [Task monitor] DEBUG n.processor.TaskPollingMonitor - Task completed > TaskHandler[id: 38; name: writeLargeFile (38); status: COMPLETED; exit: 0; error: -; workDir: /input/data/work/cc/bd771a825ff989dddde1cb5471c4e9]
Dec-04 09:30:20.332 [Task monitor] DEBUG n.processor.TaskPollingMonitor - Task completed > TaskHandler[id: 40; name: writeLargeFile (40); status: COMPLETED; exit: 0; error: -; workDir: /input/data/work/59/d4a019584d9093101ab2f627a2414f]
Dec-04 09:30:20.370 [Task monitor] DEBUG n.processor.TaskPollingMonitor - Task completed > TaskHandler[id: 41; name: writeLargeFile (41); status: COMPLETED; exit: 0; error: -; workDir: /input/data/work/e8/f10e997f09c8811583ca0a07664040]
Dec-04 09:30:20.429 [Task monitor] DEBUG n.processor.TaskPollingMonitor - Task completed > TaskHandler[id: 43; name: writeLargeFile (43); status: COMPLETED; exit: 0; error: -; workDir: /input/data/work/19/ffbdd1da947fd80a0df141e0b442ba]
Dec-04 09:30:20.463 [Task monitor] DEBUG n.processor.TaskPollingMonitor - Task completed > TaskHandler[id: 44; name: writeLargeFile (44); status: COMPLETED; exit: 0; error: -; workDir: /input/data/work/9a/e048802ba8ded993ed7990bd99d8cf]
Dec-04 09:30:20.501 [Task monitor] DEBUG n.processor.TaskPollingMonitor - Task completed > TaskHandler[id: 45; name: writeLargeFile (45); status: COMPLETED; exit: 0; error: -; workDir: /input/data/work/be/83b9b7d8a92d2f85e0e11bf95a28bc]
Dec-04 09:30:20.538 [Task monitor] DEBUG n.processor.TaskPollingMonitor - Task completed > TaskHandler[id: 47; name: writeLargeFile (47); status: COMPLETED; exit: 0; error: -; workDir: /input/data/work/dc/fc370b37fc98956c4cacb557a999f8]
Dec-04 09:30:20.581 [Task monitor] DEBUG n.processor.TaskPollingMonitor - Task completed > TaskHandler[id: 46; name: writeLargeFile (46); status: COMPLETED; exit: 0; error: -; workDir: /input/data/work/f6/d08091f937cdb995cda33681856620]
Dec-04 09:30:20.617 [Task monitor] DEBUG n.processor.TaskPollingMonitor - Task completed > TaskHandler[id: 50; name: writeLargeFile (50); status: COMPLETED; exit: 0; error: -; workDir: /input/data/work/d8/4176d18ee0bf7666172aff6ae07b68]
Dec-04 09:30:20.651 [Task monitor] DEBUG n.processor.TaskPollingMonitor - Task completed > TaskHandler[id: 49; name: writeLargeFile (49); status: COMPLETED; exit: 0; error: -; workDir: /input/data/work/02/ad0da25bf3d674ebe0e29c23e0fed6]
Dec-04 09:30:20.750 [Task monitor] DEBUG n.processor.TaskPollingMonitor - Task completed > TaskHandler[id: 53; name: writeLargeFile (53); status: COMPLETED; exit: 0; error: -; workDir: /input/data/work/a0/210e8fdf4aae0f703165c6955a4d33]
Dec-04 09:30:20.799 [Task monitor] DEBUG n.processor.TaskPollingMonitor - Task completed > TaskHandler[id: 54; name: writeLargeFile (54); status: COMPLETED; exit: 0; error: -; workDir: /input/data/work/5a/d4d943dcedc3e4d25a8dc243ae2831]
Dec-04 09:30:31.444 [Task monitor] DEBUG n.processor.TaskPollingMonitor - Task completed > TaskHandler[id: 18; name: writeLargeFile (18); status: COMPLETED; exit: 0; error: -; workDir: /input/data/work/cc/84732eeedbcf5debacc43e48894df3]
Dec-04 09:30:31.492 [Task monitor] DEBUG n.processor.TaskPollingMonitor - Task completed > TaskHandler[id: 5; name: writeLargeFile (5); status: COMPLETED; exit: 0; error: -; workDir: /input/data/work/63/f646b7b847758326a3df1cdb8620e5]
Dec-04 09:30:31.531 [Task monitor] DEBUG n.processor.TaskPollingMonitor - Task completed > TaskHandler[id: 13; name: writeLargeFile (13); status: COMPLETED; exit: 0; error: -; workDir: /input/data/work/8d/1d648f9545aec6616ec9c521bec266]
Dec-04 09:30:31.597 [Task monitor] DEBUG n.processor.TaskPollingMonitor - Task completed > TaskHandler[id: 25; name: writeLargeFile (25); status: COMPLETED; exit: 0; error: -; workDir: /input/data/work/fe/420816e61367d29f8099e3307dc6d2]
Dec-04 09:30:31.643 [Task monitor] DEBUG n.processor.TaskPollingMonitor - Task completed > TaskHandler[id: 34; name: writeLargeFile (34); status: COMPLETED; exit: 0; error: -; workDir: /input/data/work/6d/73651c7054a637011d78db27a60b0f]
Dec-04 09:30:31.712 [Task monitor] DEBUG n.processor.TaskPollingMonitor - Task completed > TaskHandler[id: 42; name: writeLargeFile (42); status: COMPLETED; exit: 0; error: -; workDir: /input/data/work/fe/b6a09ce271a57184ebef86ed0c441e]
Dec-04 09:30:31.731 [Task monitor] WARN  nextflow.k8s.client.K8sClient - K8s pod cannot be scheduled -- 0/8 nodes are available: 8 Insufficient cpu. preemption: 0/8 nodes are available: 8 No preemption victims found for incoming pod..
Dec-04 09:30:44.174 [Task monitor] DEBUG n.processor.TaskPollingMonitor - Task completed > TaskHandler[id: 56; name: writeLargeFile (56); status: COMPLETED; exit: 0; error: -; workDir: /input/data/work/8b/0faf786b78bfc6da3d776f3e884907]
Dec-04 09:30:47.860 [Task monitor] DEBUG n.processor.TaskPollingMonitor - Task completed > TaskHandler[id: 59; name: writeLargeFile (59); status: COMPLETED; exit: 0; error: -; workDir: /input/data/work/1f/5d873629ed4b563283157b6b7ba04b]
Dec-04 09:30:48.376 [Task monitor] DEBUG n.processor.TaskPollingMonitor - Task completed > TaskHandler[id: 61; name: writeLargeFile (61); status: COMPLETED; exit: 0; error: -; workDir: /input/data/work/ae/7332a981bab02350e8c1a73add818f]
Dec-04 09:31:16.744 [Task monitor] DEBUG n.processor.TaskPollingMonitor - Task completed > TaskHandler[id: 68; name: writeLargeFile (68); status: COMPLETED; exit: 0; error: -; workDir: /input/data/work/db/84bf0f7328f7d3f1244cf61c9758c1]
Dec-04 09:31:16.881 [Task monitor] DEBUG n.processor.TaskPollingMonitor - Task completed > TaskHandler[id: 74; name: writeLargeFile (74); status: COMPLETED; exit: 0; error: -; workDir: /input/data/work/74/d852136fef624d31b51920b760eaa5]
Dec-04 09:31:17.072 [Task monitor] DEBUG n.processor.TaskPollingMonitor - Task completed > TaskHandler[id: 84; name: writeLargeFile (84); status: COMPLETED; exit: 0; error: -; workDir: /input/data/work/cf/1d90b7145b73f8052e0f69e7b5edeb]
Dec-04 09:31:22.218 [Task monitor] DEBUG n.processor.TaskPollingMonitor - Task completed > TaskHandler[id: 62; name: writeLargeFile (62); status: COMPLETED; exit: 0; error: -; workDir: /input/data/work/3b/f1fbe9465b35922bed82338ac2d2ac]
Dec-04 09:31:24.461 [Task monitor] DEBUG n.processor.TaskPollingMonitor - Task completed > TaskHandler[id: 66; name: writeLargeFile (66); status: COMPLETED; exit: 0; error: -; workDir: /input/data/work/95/4b37e0c1b1d3d7baf59c1427573a35]
Dec-04 09:31:24.542 [Task monitor] DEBUG n.processor.TaskPollingMonitor - Task completed > TaskHandler[id: 71; name: writeLargeFile (71); status: COMPLETED; exit: 0; error: -; workDir: /input/data/work/92/9a027f8ecfede98e8fc2eddaf8e5f9]
Dec-04 09:31:24.583 [Task monitor] DEBUG n.processor.TaskPollingMonitor - Task completed > TaskHandler[id: 70; name: writeLargeFile (70); status: COMPLETED; exit: 0; error: -; workDir: /input/data/work/96/f4737aa72ade0e6aaa45296e4166c6]
Dec-04 09:31:24.621 [Task monitor] DEBUG n.processor.TaskPollingMonitor - Task completed > TaskHandler[id: 72; name: writeLargeFile (72); status: COMPLETED; exit: 0; error: -; workDir: /input/data/work/a6/115c44c5e73a90c6d093ec50432895]
Dec-04 09:31:24.684 [Task monitor] DEBUG n.processor.TaskPollingMonitor - Task completed > TaskHandler[id: 73; name: writeLargeFile (73); status: COMPLETED; exit: 0; error: -; workDir: /input/data/work/b2/0fc548f05e5ab45e8c5558134ce0a1]
Dec-04 09:31:24.800 [Task monitor] DEBUG n.processor.TaskPollingMonitor - Task completed > TaskHandler[id: 79; name: writeLargeFile (79); status: COMPLETED; exit: 0; error: -; workDir: /input/data/work/4a/24208d86830b0b3b6d5964ab3f91ab]
Dec-04 09:31:24.838 [Task monitor] DEBUG n.processor.TaskPollingMonitor - Task completed > TaskHandler[id: 80; name: writeLargeFile (80); status: COMPLETED; exit: 0; error: -; workDir: /input/data/work/09/0ade8c48c546cd50117a85b4fa8554]
Dec-04 09:31:24.881 [Task monitor] DEBUG n.processor.TaskPollingMonitor - Task completed > TaskHandler[id: 81; name: writeLargeFile (81); status: COMPLETED; exit: 0; error: -; workDir: /input/data/work/f4/3f96e781a066a35466ac5427a933fe]
Dec-04 09:31:24.947 [Task monitor] DEBUG n.processor.TaskPollingMonitor - Task completed > TaskHandler[id: 83; name: writeLargeFile (83); status: COMPLETED; exit: 0; error: -; workDir: /input/data/work/13/0ee20c95c019066a74a77b09678b7d]
Dec-04 09:31:25.004 [Task monitor] DEBUG n.processor.TaskPollingMonitor - Task completed > TaskHandler[id: 88; name: writeLargeFile (88); status: COMPLETED; exit: 0; error: -; workDir: /input/data/work/19/905eb9c315af619fb8ddcc89084808]
Dec-04 09:31:25.040 [Task monitor] DEBUG n.processor.TaskPollingMonitor - Task completed > TaskHandler[id: 86; name: writeLargeFile (86); status: COMPLETED; exit: 0; error: -; workDir: /input/data/work/31/08537f0e84a5f3e87ef4c920487eaf]
Dec-04 09:31:25.085 [Task monitor] DEBUG n.processor.TaskPollingMonitor - Task completed > TaskHandler[id: 87; name: writeLargeFile (87); status: COMPLETED; exit: 0; error: -; workDir: /input/data/work/c6/55085a070059e96d317b553cfdd193]
Dec-04 09:31:26.904 [Task monitor] DEBUG n.processor.TaskPollingMonitor - Task completed > TaskHandler[id: 55; name: writeLargeFile (55); status: COMPLETED; exit: 0; error: -; workDir: /input/data/work/b3/134efb09cbc52a6259f7b66cdee229]
Dec-04 09:31:27.099 [Task monitor] DEBUG n.processor.TaskPollingMonitor - Task completed > TaskHandler[id: 57; name: writeLargeFile (57); status: COMPLETED; exit: 0; error: -; workDir: /input/data/work/36/e5d6b097a1d44d47f4bbad59cf6d8b]
Dec-04 09:31:27.281 [Task monitor] DEBUG n.processor.TaskPollingMonitor - Task completed > TaskHandler[id: 60; name: writeLargeFile (60); status: COMPLETED; exit: 0; error: -; workDir: /input/data/work/03/aaf5888b2765fdabe44face46c48a7]
Dec-04 09:31:27.426 [Task monitor] DEBUG n.processor.TaskPollingMonitor - Task completed > TaskHandler[id: 64; name: writeLargeFile (64); status: COMPLETED; exit: 0; error: -; workDir: /input/data/work/0a/608681ef56b246a7809e73545a47b7]
Dec-04 09:31:27.554 [Task monitor] DEBUG n.processor.TaskPollingMonitor - Task completed > TaskHandler[id: 63; name: writeLargeFile (63); status: COMPLETED; exit: 0; error: -; workDir: /input/data/work/9e/4020b9db4d3d2d16f63fe8b13440b8]
Dec-04 09:31:28.092 [Task monitor] DEBUG n.processor.TaskPollingMonitor - Task completed > TaskHandler[id: 89; name: writeLargeFile (89); status: COMPLETED; exit: 0; error: -; workDir: /input/data/work/e0/3e3b9d5585e1ba13dc8acf2aeba791]
Dec-04 09:31:32.001 [Task monitor] DEBUG n.processor.TaskPollingMonitor - Task completed > TaskHandler[id: 69; name: writeLargeFile (69); status: COMPLETED; exit: 0; error: -; workDir: /input/data/work/7c/7788c7e3fa9be4d1da730aba4bf42c]
Dec-04 09:31:42.465 [Task monitor] DEBUG n.processor.TaskPollingMonitor - Task completed > TaskHandler[id: 77; name: writeLargeFile (77); status: COMPLETED; exit: 0; error: -; workDir: /input/data/work/8c/c2c2f536be02245bbffec844099250]
Dec-04 09:31:42.651 [Task monitor] DEBUG n.processor.TaskPollingMonitor - Task completed > TaskHandler[id: 85; name: writeLargeFile (85); status: COMPLETED; exit: 0; error: -; workDir: /input/data/work/86/0144d25cd47bcf8c61b39d48752f8d]
Dec-04 09:32:07.169 [Task monitor] DEBUG n.processor.TaskPollingMonitor - Task completed > TaskHandler[id: 51; name: writeLargeFile (51); status: COMPLETED; exit: 0; error: -; workDir: /input/data/work/1b/e225222f39459ddf400b05c130e5d8]
Dec-04 09:32:07.232 [Task monitor] DEBUG n.processor.TaskPollingMonitor - Task completed > TaskHandler[id: 58; name: writeLargeFile (58); status: COMPLETED; exit: 0; error: -; workDir: /input/data/work/1e/aa2ee3f64862d8610f43e42803bcf8]
Dec-04 09:32:07.311 [Task monitor] DEBUG n.processor.TaskPollingMonitor - Task completed > TaskHandler[id: 65; name: writeLargeFile (65); status: COMPLETED; exit: 0; error: -; workDir: /input/data/work/1f/a6adf520cc3d76d819f2deb0e010e4]
Dec-04 09:32:07.390 [Task monitor] DEBUG n.processor.TaskPollingMonitor - Task completed > TaskHandler[id: 75; name: writeLargeFile (75); status: COMPLETED; exit: 0; error: -; workDir: /input/data/work/aa/598e353606c699b26ed06f24c090dd]
Dec-04 09:32:07.527 [Task monitor] DEBUG n.processor.TaskPollingMonitor - Task completed > TaskHandler[id: 92; name: writeLargeFile (92); status: COMPLETED; exit: 0; error: -; workDir: /input/data/work/b0/b658c72565ee4153727cffe0ff2e8c]
Dec-04 09:32:07.610 [Task monitor] DEBUG n.processor.TaskPollingMonitor - Task completed > TaskHandler[id: 95; name: writeLargeFile (95); status: COMPLETED; exit: 0; error: -; workDir: /input/data/work/28/f507202493059f9126b00218fcd283]
Dec-04 09:32:07.666 [Task monitor] DEBUG n.processor.TaskPollingMonitor - Task completed > TaskHandler[id: 97; name: writeLargeFile (97); status: COMPLETED; exit: 0; error: -; workDir: /input/data/work/2e/c7e43eec43d6ab292e65d8ee942062]
Dec-04 09:32:11.335 [Task monitor] DEBUG n.processor.TaskPollingMonitor - Task completed > TaskHandler[id: 52; name: writeLargeFile (52); status: COMPLETED; exit: 0; error: -; workDir: /input/data/work/3f/c0c6193602a48c580f27f17e8b9460]
Dec-04 09:32:11.385 [Task monitor] DEBUG n.processor.TaskPollingMonitor - Task completed > TaskHandler[id: 76; name: writeLargeFile (76); status: COMPLETED; exit: 0; error: -; workDir: /input/data/work/6c/8de5afe190638f6959248676036c25]
Dec-04 09:32:11.428 [Task monitor] DEBUG n.processor.TaskPollingMonitor - Task completed > TaskHandler[id: 78; name: writeLargeFile (78); status: COMPLETED; exit: 0; error: -; workDir: /input/data/work/4b/c8a3b544630c8720c8cec47aa4bdae]
Dec-04 09:32:11.473 [Task monitor] DEBUG n.processor.TaskPollingMonitor - Task completed > TaskHandler[id: 82; name: writeLargeFile (82); status: COMPLETED; exit: 0; error: -; workDir: /input/data/work/0b/31db53b7ec49c7e43598c126fc52d4]
Dec-04 09:32:11.514 [Task monitor] DEBUG n.processor.TaskPollingMonitor - Task completed > TaskHandler[id: 90; name: writeLargeFile (90); status: COMPLETED; exit: 0; error: -; workDir: /input/data/work/e0/18c3e85be3b4a534a48387de3d33a9]
Dec-04 09:32:11.564 [Task monitor] DEBUG n.processor.TaskPollingMonitor - Task completed > TaskHandler[id: 93; name: writeLargeFile (93); status: COMPLETED; exit: 0; error: -; workDir: /input/data/work/e4/8b6ced20d7097eda5ec89e8d0fe2e4]
Dec-04 09:32:11.601 [Task monitor] DEBUG n.processor.TaskPollingMonitor - Task completed > TaskHandler[id: 94; name: writeLargeFile (94); status: COMPLETED; exit: 0; error: -; workDir: /input/data/work/ff/02d0c5f9faee9601ff56e0b5fc23dc]
Dec-04 09:32:11.636 [Task monitor] DEBUG n.processor.TaskPollingMonitor - Task completed > TaskHandler[id: 96; name: writeLargeFile (96); status: COMPLETED; exit: 0; error: -; workDir: /input/data/work/3a/a686d0bb9b818306e7d0d60482d445]
Dec-04 09:32:11.677 [Task monitor] DEBUG n.processor.TaskPollingMonitor - Task completed > TaskHandler[id: 99; name: writeLargeFile (99); status: COMPLETED; exit: 0; error: -; workDir: /input/data/work/04/370b5e0be8daf39f3d6f672103f16a]
Dec-04 09:32:11.716 [Task monitor] DEBUG n.processor.TaskPollingMonitor - Task completed > TaskHandler[id: 98; name: writeLargeFile (98); status: COMPLETED; exit: 0; error: -; workDir: /input/data/work/a1/719acf1d0202ad63082c55f2281d21]
Dec-04 09:32:11.751 [Task monitor] DEBUG n.processor.TaskPollingMonitor - Task completed > TaskHandler[id: 100; name: writeLargeFile (100); status: COMPLETED; exit: 0; error: -; workDir: /input/data/work/06/c53ee31ee569005f5a49a220886a35]
Dec-04 09:32:16.334 [Task monitor] DEBUG n.processor.TaskPollingMonitor - Task completed > TaskHandler[id: 67; name: writeLargeFile (67); status: COMPLETED; exit: 0; error: -; workDir: /input/data/work/ab/c311da6581332fba5f1e656a2bb601]
Dec-04 09:32:16.375 [Task monitor] DEBUG n.processor.TaskPollingMonitor - Task completed > TaskHandler[id: 91; name: writeLargeFile (91); status: COMPLETED; exit: 0; error: -; workDir: /input/data/work/8a/3e2587e2d4303fefd50daa1d44d4bb]
Dec-04 09:32:16.433 [Task submitter] INFO  nextflow.Session - [81/d16ebd] Submitted process > combineFilesB (26)
Dec-04 09:32:16.457 [Task submitter] INFO  nextflow.Session - [1a/1ae300] Submitted process > combineFilesB (1)
Dec-04 09:32:16.476 [Task submitter] INFO  nextflow.Session - [99/7a3400] Submitted process > combineFilesA (22)
Dec-04 09:32:16.497 [Task submitter] INFO  nextflow.Session - [19/1d74c9] Submitted process > combineFilesA (12)
Dec-04 09:32:16.516 [Task submitter] INFO  nextflow.Session - [11/e0673e] Submitted process > combineFilesA (8)
Dec-04 09:32:16.539 [Task submitter] INFO  nextflow.Session - [02/5f6164] Submitted process > combineFilesA (18)
Dec-04 09:32:16.561 [Task submitter] INFO  nextflow.Session - [9a/796af8] Submitted process > combineFilesA (3)
Dec-04 09:32:16.582 [Task submitter] INFO  nextflow.Session - [aa/ab434f] Submitted process > combineFilesA (14)
Dec-04 09:32:16.606 [Task submitter] INFO  nextflow.Session - [11/59f741] Submitted process > combineFilesA (1)
Dec-04 09:32:16.625 [Task submitter] INFO  nextflow.Session - [e6/b589e5] Submitted process > combineFilesB (11)
Dec-04 09:32:16.645 [Task submitter] INFO  nextflow.Session - [b0/34721d] Submitted process > combineFilesB (3)
Dec-04 09:32:16.666 [Task submitter] INFO  nextflow.Session - [a6/540ffe] Submitted process > combineFilesB (15)
Dec-04 09:32:16.687 [Task submitter] INFO  nextflow.Session - [f3/fa7b3e] Submitted process > combineFilesA (26)
Dec-04 09:32:16.706 [Task submitter] INFO  nextflow.Session - [16/7c137f] Submitted process > combineFilesA (20)
Dec-04 09:32:16.724 [Task submitter] INFO  nextflow.Session - [7c/4d5737] Submitted process > combineFilesA (31)
Dec-04 09:32:16.745 [Task submitter] INFO  nextflow.Session - [a0/b7b7b3] Submitted process > combineFilesA (25)
Dec-04 09:32:16.769 [Task submitter] INFO  nextflow.Session - [00/939e1a] Submitted process > combineFilesA (10)
Dec-04 09:32:16.790 [Task submitter] INFO  nextflow.Session - [99/944439] Submitted process > combineFilesA (6)
Dec-04 09:32:16.809 [Task submitter] INFO  nextflow.Session - [06/d76729] Submitted process > combineFilesB (5)
Dec-04 09:32:16.829 [Task submitter] INFO  nextflow.Session - [e4/1a644d] Submitted process > combineFilesA (9)
Dec-04 09:32:16.849 [Task submitter] INFO  nextflow.Session - [b7/bdc6e8] Submitted process > combineFilesA (19)
Dec-04 09:32:16.870 [Task submitter] INFO  nextflow.Session - [8e/7595c4] Submitted process > combineFilesA (23)
Dec-04 09:32:16.890 [Task submitter] INFO  nextflow.Session - [89/dfe606] Submitted process > combineFilesB (2)
Dec-04 09:32:16.909 [Task submitter] INFO  nextflow.Session - [f7/e45eca] Submitted process > combineFilesB (12)
Dec-04 09:32:16.930 [Task submitter] INFO  nextflow.Session - [4d/db1255] Submitted process > combineFilesB (25)
Dec-04 09:32:16.950 [Task submitter] INFO  nextflow.Session - [b7/15622c] Submitted process > combineFilesB (7)
Dec-04 09:32:16.971 [Task submitter] INFO  nextflow.Session - [03/bd1efc] Submitted process > combineFilesB (24)
Dec-04 09:32:16.994 [Task submitter] INFO  nextflow.Session - [20/9e1fc9] Submitted process > combineFilesB (14)
Dec-04 09:32:17.012 [Task submitter] INFO  nextflow.Session - [f7/c7199e] Submitted process > combineFilesB (18)
Dec-04 09:32:17.032 [Task submitter] INFO  nextflow.Session - [fd/ac0adc] Submitted process > combineFilesA (7)
Dec-04 09:32:17.050 [Task submitter] INFO  nextflow.Session - [30/e7af4e] Submitted process > combineFilesA (34)
Dec-04 09:32:17.071 [Task submitter] INFO  nextflow.Session - [ee/0200a9] Submitted process > combineFilesB (20)
Dec-04 09:32:17.090 [Task submitter] INFO  nextflow.Session - [ee/946d5d] Submitted process > combineFilesA (29)
Dec-04 09:32:17.112 [Task submitter] INFO  nextflow.Session - [40/bdd9e4] Submitted process > combineFilesA (28)
Dec-04 09:32:17.131 [Task submitter] INFO  nextflow.Session - [fc/674a3a] Submitted process > combineFilesA (5)
Dec-04 09:32:17.157 [Task submitter] INFO  nextflow.Session - [fd/a9b128] Submitted process > combineFilesB (21)
Dec-04 09:32:17.179 [Task submitter] INFO  nextflow.Session - [32/cfbfaf] Submitted process > combineFilesA (21)
Dec-04 09:32:17.198 [Task submitter] INFO  nextflow.Session - [45/a869bf] Submitted process > combineFilesA (11)
Dec-04 09:32:17.217 [Task submitter] INFO  nextflow.Session - [6a/b98ddb] Submitted process > combineFilesA (30)
Dec-04 09:32:17.237 [Task submitter] INFO  nextflow.Session - [c9/67a163] Submitted process > combineFilesA (4)
Dec-04 09:32:17.258 [Task submitter] INFO  nextflow.Session - [3e/b30c42] Submitted process > combineFilesA (13)
Dec-04 09:32:17.279 [Task submitter] INFO  nextflow.Session - [20/6c6fb1] Submitted process > combineFilesB (13)
Dec-04 09:32:17.300 [Task submitter] INFO  nextflow.Session - [6a/bfc515] Submitted process > combineFilesA (17)
Dec-04 09:32:17.321 [Task submitter] INFO  nextflow.Session - [fd/45bc43] Submitted process > combineFilesB (6)
Dec-04 09:32:17.347 [Task submitter] INFO  nextflow.Session - [7d/66cec2] Submitted process > combineFilesB (16)
Dec-04 09:32:17.369 [Task submitter] INFO  nextflow.Session - [17/69633a] Submitted process > combineFilesB (8)
Dec-04 09:32:17.392 [Task submitter] INFO  nextflow.Session - [79/0d7035] Submitted process > combineFilesB (4)
Dec-04 09:32:17.412 [Task submitter] INFO  nextflow.Session - [80/8f6c8f] Submitted process > combineFilesB (10)
Dec-04 09:32:17.432 [Task submitter] INFO  nextflow.Session - [c7/e8b113] Submitted process > combineFilesA (27)
Dec-04 09:32:17.458 [Task submitter] INFO  nextflow.Session - [2d/35b40e] Submitted process > combineFilesA (15)
Dec-04 09:32:17.483 [Task submitter] INFO  nextflow.Session - [35/b3875a] Submitted process > combineFilesB (22)
Dec-04 09:32:17.505 [Task submitter] INFO  nextflow.Session - [d5/66d8df] Submitted process > combineFilesA (33)
Dec-04 09:32:17.527 [Task submitter] INFO  nextflow.Session - [5f/08c9cc] Submitted process > combineFilesB (9)
Dec-04 09:32:17.548 [Task submitter] INFO  nextflow.Session - [57/8d2225] Submitted process > combineFilesB (23)
Dec-04 09:32:17.569 [Task submitter] INFO  nextflow.Session - [41/1724b5] Submitted process > combineFilesA (32)
Dec-04 09:32:17.591 [Task submitter] INFO  nextflow.Session - [66/153c37] Submitted process > combineFilesA (16)
Dec-04 09:32:17.614 [Task submitter] INFO  nextflow.Session - [ac/e479c4] Submitted process > combineFilesA (2)
Dec-04 09:32:17.636 [Task submitter] INFO  nextflow.Session - [a2/4a2eca] Submitted process > combineFilesA (24)
Dec-04 09:32:17.660 [Task submitter] INFO  nextflow.Session - [46/3b2227] Submitted process > combineFilesB (19)
Dec-04 09:32:17.682 [Task submitter] INFO  nextflow.Session - [51/c9cc2a] Submitted process > combineFilesB (17)
Dec-04 09:32:22.944 [Task monitor] WARN  nextflow.k8s.client.K8sClient - K8s pod cannot be scheduled -- 0/8 nodes are available: 8 Insufficient cpu. preemption: 0/8 nodes are available: 8 No preemption victims found for incoming pod..
Dec-04 09:33:22.973 [Task monitor] WARN  nextflow.k8s.client.K8sClient - K8s pod cannot be scheduled -- 0/8 nodes are available: 8 Insufficient cpu. preemption: 0/8 nodes are available: 8 No preemption victims found for incoming pod..
Dec-04 09:33:26.636 [Task monitor] DEBUG n.processor.TaskPollingMonitor - !! executor k8s > tasks to be completed: 60 -- submitted tasks are shown below
~> TaskHandler[id: 157; name: combineFilesB (26); status: RUNNING; exit: -; error: -; workDir: /input/data/work/81/d16ebde47e942c6692daf0519462e8]
~> TaskHandler[id: 102; name: combineFilesB (1); status: RUNNING; exit: -; error: -; workDir: /input/data/work/1a/1ae300f90529280675b1f2f1e26f56]
~> TaskHandler[id: 139; name: combineFilesA (22); status: RUNNING; exit: -; error: -; workDir: /input/data/work/99/7a3400a5b4bd743be5ad528e8d1411]
~> TaskHandler[id: 123; name: combineFilesA (12); status: RUNNING; exit: -; error: -; workDir: /input/data/work/19/1d74c910c810d150d031e1ee5424b1]
~> TaskHandler[id: 115; name: combineFilesA (8); status: RUNNING; exit: -; error: -; workDir: /input/data/work/11/e0673ef3bdaeba51a9de22090eaa1c]
~> TaskHandler[id: 132; name: combineFilesA (18); status: RUNNING; exit: -; error: -; workDir: /input/data/work/02/5f616419f3f5821ae9924fcae5f8b9]
~> TaskHandler[id: 105; name: combineFilesA (3); status: RUNNING; exit: -; error: -; workDir: /input/data/work/9a/796af8907c38e4f40051968f989119]
~> TaskHandler[id: 125; name: combineFilesA (14); status: RUNNING; exit: -; error: -; workDir: /input/data/work/aa/ab434fa1f26efa1f6e0cf723b82acd]
~> TaskHandler[id: 101; name: combineFilesA (1); status: RUNNING; exit: -; error: -; workDir: /input/data/work/11/59f741c9165304ee3e9d1ff1c3bd35]
~> TaskHandler[id: 122; name: combineFilesB (11); status: RUNNING; exit: -; error: -; workDir: /input/data/work/e6/b589e5f8ab085951ad65829408f32f]
.. remaining tasks omitted.
Dec-04 09:33:31.780 [Task monitor] DEBUG n.processor.TaskPollingMonitor - Task completed > TaskHandler[id: 157; name: combineFilesB (26); status: COMPLETED; exit: 0; error: -; workDir: /input/data/work/81/d16ebde47e942c6692daf0519462e8]
Dec-04 09:33:42.463 [Task monitor] DEBUG n.processor.TaskPollingMonitor - Task completed > TaskHandler[id: 105; name: combineFilesA (3); status: COMPLETED; exit: 0; error: -; workDir: /input/data/work/9a/796af8907c38e4f40051968f989119]
Dec-04 09:34:03.161 [Task monitor] DEBUG n.processor.TaskPollingMonitor - Task completed > TaskHandler[id: 123; name: combineFilesA (12); status: COMPLETED; exit: 0; error: -; workDir: /input/data/work/19/1d74c910c810d150d031e1ee5424b1]
Dec-04 09:34:03.441 [Task monitor] DEBUG n.processor.TaskPollingMonitor - Task completed > TaskHandler[id: 140; name: combineFilesA (23); status: COMPLETED; exit: 0; error: -; workDir: /input/data/work/8e/7595c42ed0d3600e4fa73f1070f245]
Dec-04 09:34:05.301 [Task monitor] DEBUG n.processor.TaskPollingMonitor - Task completed > TaskHandler[id: 104; name: combineFilesB (2); status: COMPLETED; exit: 0; error: -; workDir: /input/data/work/89/dfe606337c53e885116ad99d217cdd]
Dec-04 09:34:08.632 [Task monitor] DEBUG n.processor.TaskPollingMonitor - Task completed > TaskHandler[id: 125; name: combineFilesA (14); status: COMPLETED; exit: 0; error: -; workDir: /input/data/work/aa/ab434fa1f26efa1f6e0cf723b82acd]
Dec-04 09:34:08.777 [Task monitor] DEBUG n.processor.TaskPollingMonitor - Task completed > TaskHandler[id: 156; name: combineFilesA (31); status: COMPLETED; exit: 0; error: -; workDir: /input/data/work/7c/4d5737ae5ade44fa9f692226e5aa22]
Dec-04 09:34:13.556 [Task monitor] DEBUG n.processor.TaskPollingMonitor - Task completed > TaskHandler[id: 132; name: combineFilesA (18); status: COMPLETED; exit: 0; error: -; workDir: /input/data/work/02/5f616419f3f5821ae9924fcae5f8b9]
Dec-04 09:34:47.357 [Task monitor] DEBUG n.processor.TaskPollingMonitor - Task completed > TaskHandler[id: 145; name: combineFilesA (25); status: COMPLETED; exit: 0; error: -; workDir: /input/data/work/a0/b7b7b3b680ab2a5fde3f02bb7a60d7]
Dec-04 09:34:47.673 [Task monitor] WARN  nextflow.k8s.client.K8sClient - K8s pod cannot be scheduled -- 0/8 nodes are available: 8 Insufficient cpu. preemption: 0/8 nodes are available: 8 No preemption victims found for incoming pod..
Dec-04 09:34:59.321 [Task monitor] DEBUG n.processor.TaskPollingMonitor - Task completed > TaskHandler[id: 101; name: combineFilesA (1); status: COMPLETED; exit: 0; error: -; workDir: /input/data/work/11/59f741c9165304ee3e9d1ff1c3bd35]
Dec-04 09:35:03.771 [Task monitor] DEBUG n.processor.TaskPollingMonitor - Task completed > TaskHandler[id: 148; name: combineFilesA (26); status: COMPLETED; exit: 0; error: -; workDir: /input/data/work/f3/fa7b3e94ebe1406fa87dbaca468348]
Dec-04 09:35:04.344 [Task monitor] DEBUG n.processor.TaskPollingMonitor - Task completed > TaskHandler[id: 128; name: combineFilesB (12); status: COMPLETED; exit: 0; error: -; workDir: /input/data/work/f7/e45ecaaedce7e87edb22deaa155f0f]
Dec-04 09:35:13.628 [Task monitor] DEBUG n.processor.TaskPollingMonitor - Task completed > TaskHandler[id: 134; name: combineFilesB (15); status: COMPLETED; exit: 0; error: -; workDir: /input/data/work/a6/540ffe51fd2a5d66ee102ec3720b13]
Dec-04 09:35:38.461 [Task monitor] DEBUG n.processor.TaskPollingMonitor - Task completed > TaskHandler[id: 102; name: combineFilesB (1); status: COMPLETED; exit: 0; error: -; workDir: /input/data/work/1a/1ae300f90529280675b1f2f1e26f56]
Dec-04 09:35:38.776 [Task monitor] DEBUG n.processor.TaskPollingMonitor - Task completed > TaskHandler[id: 139; name: combineFilesA (22); status: COMPLETED; exit: 0; error: -; workDir: /input/data/work/99/7a3400a5b4bd743be5ad528e8d1411]
Dec-04 09:35:40.145 [Task monitor] DEBUG n.processor.TaskPollingMonitor - Task completed > TaskHandler[id: 118; name: combineFilesA (10); status: COMPLETED; exit: 0; error: -; workDir: /input/data/work/00/939e1a78288064a07502218366c075]
Dec-04 09:35:41.162 [Task monitor] DEBUG n.processor.TaskPollingMonitor - Task completed > TaskHandler[id: 133; name: combineFilesA (19); status: COMPLETED; exit: 0; error: -; workDir: /input/data/work/b7/bdc6e816fc6bc2e2200182829b47b4]
Dec-04 09:35:49.003 [Task monitor] WARN  nextflow.k8s.client.K8sClient - K8s pod cannot be scheduled -- 0/8 nodes are available: 8 Insufficient cpu. preemption: 0/8 nodes are available: 8 No preemption victims found for incoming pod..
Dec-04 09:36:10.501 [Task monitor] DEBUG n.processor.TaskPollingMonitor - Task completed > TaskHandler[id: 111; name: combineFilesA (6); status: COMPLETED; exit: 0; error: -; workDir: /input/data/work/99/944439beda3d3ffe2832d429d212ec]
Dec-04 09:36:26.207 [Task monitor] DEBUG n.processor.TaskPollingMonitor - Task completed > TaskHandler[id: 160; name: combineFilesA (34); status: COMPLETED; exit: 0; error: -; workDir: /input/data/work/30/e7af4e9d534d7b8e6d5723daad7cbd]
Dec-04 09:36:50.526 [Task monitor] DEBUG n.processor.TaskPollingMonitor - Task completed > TaskHandler[id: 115; name: combineFilesA (8); status: COMPLETED; exit: 0; error: -; workDir: /input/data/work/11/e0673ef3bdaeba51a9de22090eaa1c]
Dec-04 09:36:51.205 [Task monitor] DEBUG n.processor.TaskPollingMonitor - Task completed > TaskHandler[id: 122; name: combineFilesB (11); status: COMPLETED; exit: 0; error: -; workDir: /input/data/work/e6/b589e5f8ab085951ad65829408f32f]
Dec-04 09:36:51.301 [Task monitor] DEBUG n.processor.TaskPollingMonitor - Task completed > TaskHandler[id: 135; name: combineFilesA (20); status: COMPLETED; exit: 0; error: -; workDir: /input/data/work/16/7c137f2ca36d4d3a917e8e590f4520]
Dec-04 09:36:51.572 [Task monitor] DEBUG n.processor.TaskPollingMonitor - Task completed > TaskHandler[id: 110; name: combineFilesB (5); status: COMPLETED; exit: 0; error: -; workDir: /input/data/work/06/d76729d6f2f3e854fce47317246960]
Dec-04 09:36:51.762 [Task monitor] DEBUG n.processor.TaskPollingMonitor - Task completed > TaskHandler[id: 117; name: combineFilesA (9); status: COMPLETED; exit: 0; error: -; workDir: /input/data/work/e4/1a644d130517481b2cf41f9f3ab1bd]
Dec-04 09:36:52.169 [Task monitor] WARN  nextflow.k8s.client.K8sClient - K8s pod cannot be scheduled -- 0/8 nodes are available: 8 Insufficient cpu. preemption: 0/8 nodes are available: 8 No preemption victims found for incoming pod..
Dec-04 09:37:02.948 [Task monitor] DEBUG n.processor.TaskPollingMonitor - Task completed > TaskHandler[id: 106; name: combineFilesB (3); status: COMPLETED; exit: 0; error: -; workDir: /input/data/work/b0/34721d6718751ea7cc76708fe822ab]
Dec-04 09:37:10.406 [Task monitor] DEBUG n.processor.TaskPollingMonitor - Task completed > TaskHandler[id: 113; name: combineFilesA (7); status: COMPLETED; exit: 0; error: -; workDir: /input/data/work/fd/ac0adc169fe497ff9bdb93e81d5674]
Dec-04 09:37:18.376 [Task monitor] DEBUG n.processor.TaskPollingMonitor - Task completed > TaskHandler[id: 114; name: combineFilesB (7); status: COMPLETED; exit: 0; error: -; workDir: /input/data/work/b7/15622cc290abb09cebcca4f4b49761]
Dec-04 09:37:53.821 [Task monitor] WARN  nextflow.k8s.client.K8sClient - K8s pod cannot be scheduled -- 0/8 nodes are available: 8 Insufficient cpu. preemption: 0/8 nodes are available: 8 No preemption victims found for incoming pod..
Dec-04 09:38:08.352 [Task monitor] DEBUG n.processor.TaskPollingMonitor - Task completed > TaskHandler[id: 152; name: combineFilesB (25); status: COMPLETED; exit: 0; error: -; workDir: /input/data/work/4d/db1255a8b91a3e0d9d344ead788112]
Dec-04 09:38:18.880 [Task monitor] DEBUG n.processor.TaskPollingMonitor - Task completed > TaskHandler[id: 109; name: combineFilesA (5); status: COMPLETED; exit: 0; error: -; workDir: /input/data/work/fc/674a3aaecc3aed9133f8179673c5c6]
Dec-04 09:38:19.052 [Task monitor] DEBUG n.processor.TaskPollingMonitor - Task completed > TaskHandler[id: 146; name: combineFilesB (21); status: COMPLETED; exit: 0; error: -; workDir: /input/data/work/fd/a9b12822a9ca7541c72929a87ae3f4]
Dec-04 09:38:28.293 [Task monitor] DEBUG n.processor.TaskPollingMonitor - !! executor k8s > tasks to be completed: 30 -- submitted tasks are shown below
~> TaskHandler[id: 151; name: combineFilesB (24); status: RUNNING; exit: -; error: -; workDir: /input/data/work/03/bd1efc676f8e6ef11116d15eeb36d7]
~> TaskHandler[id: 131; name: combineFilesB (14); status: RUNNING; exit: -; error: -; workDir: /input/data/work/20/9e1fc9eeeddbd5c8cf23e9a544fb19]
~> TaskHandler[id: 141; name: combineFilesB (18); status: RUNNING; exit: -; error: -; workDir: /input/data/work/f7/c7199e2d0d74f2816cac198904e395]
~> TaskHandler[id: 144; name: combineFilesB (20); status: RUNNING; exit: -; error: -; workDir: /input/data/work/ee/0200a95eabe191a6a11a7d836722aa]
~> TaskHandler[id: 154; name: combineFilesA (29); status: RUNNING; exit: -; error: -; workDir: /input/data/work/ee/946d5d9988f70e747e05040f4001f7]
~> TaskHandler[id: 153; name: combineFilesA (28); status: RUNNING; exit: -; error: -; workDir: /input/data/work/40/bdd9e4cba2a9b0c9f68048a5681727]
~> TaskHandler[id: 137; name: combineFilesA (21); status: RUNNING; exit: -; error: -; workDir: /input/data/work/32/cfbfaf69336328d92f01c6c1e55095]
~> TaskHandler[id: 120; name: combineFilesA (11); status: RUNNING; exit: -; error: -; workDir: /input/data/work/45/a869bf72c36271b216b3d53be9803c]
~> TaskHandler[id: 155; name: combineFilesA (30); status: RUNNING; exit: -; error: -; workDir: /input/data/work/6a/b98ddbaa3c392d8a8e6293247deddc]
~> TaskHandler[id: 107; name: combineFilesA (4); status: RUNNING; exit: -; error: -; workDir: /input/data/work/c9/67a163d948eedd398956ba0a0b4b25]
.. remaining tasks omitted.
Dec-04 09:38:29.785 [Task monitor] DEBUG n.processor.TaskPollingMonitor - Task completed > TaskHandler[id: 151; name: combineFilesB (24); status: COMPLETED; exit: 0; error: -; workDir: /input/data/work/03/bd1efc676f8e6ef11116d15eeb36d7]
Dec-04 09:38:33.748 [Task monitor] DEBUG n.processor.TaskPollingMonitor - Task completed > TaskHandler[id: 137; name: combineFilesA (21); status: COMPLETED; exit: 0; error: -; workDir: /input/data/work/32/cfbfaf69336328d92f01c6c1e55095]
Dec-04 09:38:54.480 [Task monitor] DEBUG n.processor.TaskPollingMonitor - Task completed > TaskHandler[id: 131; name: combineFilesB (14); status: COMPLETED; exit: 0; error: -; workDir: /input/data/work/20/9e1fc9eeeddbd5c8cf23e9a544fb19]
Dec-04 09:38:54.674 [Task monitor] DEBUG n.processor.TaskPollingMonitor - Task completed > TaskHandler[id: 141; name: combineFilesB (18); status: COMPLETED; exit: 0; error: -; workDir: /input/data/work/f7/c7199e2d0d74f2816cac198904e395]
Dec-04 09:38:54.786 [Task monitor] DEBUG n.processor.TaskPollingMonitor - Task completed > TaskHandler[id: 144; name: combineFilesB (20); status: COMPLETED; exit: 0; error: -; workDir: /input/data/work/ee/0200a95eabe191a6a11a7d836722aa]
Dec-04 09:38:54.997 [Task monitor] DEBUG n.processor.TaskPollingMonitor - Task completed > TaskHandler[id: 154; name: combineFilesA (29); status: COMPLETED; exit: 0; error: -; workDir: /input/data/work/ee/946d5d9988f70e747e05040f4001f7]
Dec-04 09:38:55.244 [Task monitor] DEBUG n.processor.TaskPollingMonitor - Task completed > TaskHandler[id: 129; name: combineFilesA (17); status: COMPLETED; exit: 0; error: -; workDir: /input/data/work/6a/bfc5157ad27eac3d4b0ca923f59f65]
Dec-04 09:38:55.500 [Task monitor] WARN  nextflow.k8s.client.K8sClient - K8s pod cannot be scheduled -- 0/8 nodes are available: 8 Insufficient cpu. preemption: 0/8 nodes are available: 8 No preemption victims found for incoming pod..
Dec-04 09:39:29.327 [Task monitor] DEBUG n.processor.TaskPollingMonitor - Task completed > TaskHandler[id: 153; name: combineFilesA (28); status: COMPLETED; exit: 0; error: -; workDir: /input/data/work/40/bdd9e4cba2a9b0c9f68048a5681727]
Dec-04 09:39:29.434 [Task monitor] DEBUG n.processor.TaskPollingMonitor - Task completed > TaskHandler[id: 120; name: combineFilesA (11); status: COMPLETED; exit: 0; error: -; workDir: /input/data/work/45/a869bf72c36271b216b3d53be9803c]
Dec-04 09:39:29.553 [Task monitor] DEBUG n.processor.TaskPollingMonitor - Task completed > TaskHandler[id: 124; name: combineFilesA (13); status: COMPLETED; exit: 0; error: -; workDir: /input/data/work/3e/b30c42f702d069099b3126df408b2a]
Dec-04 09:39:59.562 [Task monitor] DEBUG n.processor.TaskPollingMonitor - Task completed > TaskHandler[id: 126; name: combineFilesA (15); status: COMPLETED; exit: 0; error: -; workDir: /input/data/work/2d/35b40e4826ea0cde409fc7d95da0ca]
Dec-04 09:40:19.392 [Task monitor] DEBUG n.processor.TaskPollingMonitor - Task completed > TaskHandler[id: 130; name: combineFilesB (13); status: COMPLETED; exit: 0; error: -; workDir: /input/data/work/20/6c6fb14739d2688498c6c9b5f24f72]
Dec-04 09:40:24.403 [Task monitor] DEBUG n.processor.TaskPollingMonitor - Task completed > TaskHandler[id: 155; name: combineFilesA (30); status: COMPLETED; exit: 0; error: -; workDir: /input/data/work/6a/b98ddbaa3c392d8a8e6293247deddc]
Dec-04 09:40:24.569 [Task monitor] DEBUG n.processor.TaskPollingMonitor - Task completed > TaskHandler[id: 107; name: combineFilesA (4); status: COMPLETED; exit: 0; error: -; workDir: /input/data/work/c9/67a163d948eedd398956ba0a0b4b25]
Dec-04 09:40:24.905 [Task monitor] DEBUG n.processor.TaskPollingMonitor - Task completed > TaskHandler[id: 108; name: combineFilesB (4); status: COMPLETED; exit: 0; error: -; workDir: /input/data/work/79/0d7035acc596ec7222fdf45dba0b46]
Dec-04 09:40:25.451 [Task monitor] DEBUG n.processor.TaskPollingMonitor - Task completed > TaskHandler[id: 127; name: combineFilesA (16); status: COMPLETED; exit: 0; error: -; workDir: /input/data/work/66/153c37a4b560f392f158e2b8d094ab]
Dec-04 09:40:50.761 [Task monitor] DEBUG n.processor.TaskPollingMonitor - Task completed > TaskHandler[id: 149; name: combineFilesA (27); status: COMPLETED; exit: 0; error: -; workDir: /input/data/work/c7/e8b11330c5c3036e9bf66b624509d5]
Dec-04 09:41:37.212 [Task monitor] DEBUG n.processor.TaskPollingMonitor - Task completed > TaskHandler[id: 121; name: combineFilesB (10); status: COMPLETED; exit: 0; error: -; workDir: /input/data/work/80/8f6c8f76a0aeb8a9ac4b21c3be7c3e]
Dec-04 09:42:00.860 [Task monitor] DEBUG n.processor.TaskPollingMonitor - Task completed > TaskHandler[id: 112; name: combineFilesB (6); status: COMPLETED; exit: 0; error: -; workDir: /input/data/work/fd/45bc434a933facb1dea1f0b1b7ab99]
Dec-04 09:42:00.924 [Task monitor] DEBUG n.processor.TaskPollingMonitor - Task completed > TaskHandler[id: 136; name: combineFilesB (16); status: COMPLETED; exit: 0; error: -; workDir: /input/data/work/7d/66cec2940586e08a19378b21585523]
Dec-04 09:42:00.964 [Task monitor] DEBUG n.processor.TaskPollingMonitor - Task completed > TaskHandler[id: 116; name: combineFilesB (8); status: COMPLETED; exit: 0; error: -; workDir: /input/data/work/17/69633a868567b1974e452b4931fb7c]
Dec-04 09:42:01.020 [Task monitor] DEBUG n.processor.TaskPollingMonitor - Task completed > TaskHandler[id: 159; name: combineFilesA (33); status: COMPLETED; exit: 0; error: -; workDir: /input/data/work/d5/66d8dfb2fd829d055cea42187ed65d]
Dec-04 09:42:08.289 [Task monitor] DEBUG n.processor.TaskPollingMonitor - Task completed > TaskHandler[id: 138; name: combineFilesB (17); status: COMPLETED; exit: 0; error: -; workDir: /input/data/work/51/c9cc2a0a98030ae2e70b2c1c145560]
Dec-04 09:42:12.846 [Task monitor] DEBUG n.processor.TaskPollingMonitor - Task completed > TaskHandler[id: 147; name: combineFilesB (22); status: COMPLETED; exit: 0; error: -; workDir: /input/data/work/35/b3875a0d74013ed45d4634873532a4]
Dec-04 09:42:22.842 [Task monitor] DEBUG n.processor.TaskPollingMonitor - Task completed > TaskHandler[id: 150; name: combineFilesB (23); status: COMPLETED; exit: 0; error: -; workDir: /input/data/work/57/8d2225b80d68b30469a2981c32b49d]
Dec-04 09:42:22.888 [Task monitor] DEBUG n.processor.TaskPollingMonitor - Task completed > TaskHandler[id: 158; name: combineFilesA (32); status: COMPLETED; exit: 0; error: -; workDir: /input/data/work/41/1724b5002f9b6ae557f84cb13b78ae]
Dec-04 09:42:32.842 [Task monitor] DEBUG n.processor.TaskPollingMonitor - Task completed > TaskHandler[id: 103; name: combineFilesA (2); status: COMPLETED; exit: 0; error: -; workDir: /input/data/work/ac/e479c40e26e4d653250ede5f4d7a0e]
Dec-04 09:42:32.879 [Task monitor] DEBUG n.processor.TaskPollingMonitor - Task completed > TaskHandler[id: 143; name: combineFilesA (24); status: COMPLETED; exit: 0; error: -; workDir: /input/data/work/a2/4a2eca5eca1ca8e7c2b770eff80b61]
Dec-04 09:42:37.828 [Task monitor] DEBUG n.processor.TaskPollingMonitor - Task completed > TaskHandler[id: 119; name: combineFilesB (9); status: COMPLETED; exit: 0; error: -; workDir: /input/data/work/5f/08c9ccd5baf3097e2bc786159aa5a5]
Dec-04 09:42:37.872 [Task monitor] DEBUG n.processor.TaskPollingMonitor - Task completed > TaskHandler[id: 142; name: combineFilesB (19); status: COMPLETED; exit: 0; error: -; workDir: /input/data/work/46/3b222706b31f8fbc6872093e052653]
Dec-04 09:42:37.874 [main] DEBUG nextflow.Session - Session await > all processes finished
Dec-04 09:42:37.875 [main] DEBUG nextflow.Session - Session await > all barriers passed
Dec-04 09:42:37.886 [main] DEBUG n.trace.WorkflowStatsObserver - Workflow completed > WorkflowStats[succeededCount=160; failedCount=0; ignoredCount=0; cachedCount=0; pendingCount=0; submittedCount=0; runningCount=0; retriesCount=0; abortedCount=0; succeedDuration=1d 44m 10s; failedDuration=0ms; cachedDuration=0ms;loadCpus=0; loadMemory=0; peakRunning=24; peakCpus=240; peakMemory=474.4 GB; ]
Dec-04 09:42:37.886 [main] DEBUG nextflow.trace.TraceFileObserver - Workflow completed -- saving trace file
Dec-04 09:42:37.888 [main] DEBUG nextflow.trace.ReportObserver - Workflow completed -- rendering execution report
Dec-04 09:42:38.440 [main] DEBUG nextflow.trace.TimelineObserver - Workflow completed -- rendering execution timeline
Dec-04 09:42:38.551 [main] DEBUG nextflow.cache.CacheDB - Closing CacheDB done
Dec-04 09:42:38.573 [main] DEBUG nextflow.util.ThreadPoolManager - Thread pool 'FileTransfer' shutdown completed (hard=false)
Dec-04 09:42:38.573 [main] DEBUG nextflow.script.ScriptRunner - > Execution complete -- Goodbye
