Dec-14 22:20:45.366 [main] DEBUG nextflow.cli.Launcher - $> nextflow run /input/chain -c /experiments/experiment/chain/nextflow.config -c /experiments/experiment/nextflow_la.config -c /experiments/experiment/nextflow_nfs.config
Dec-14 22:20:45.432 [main] INFO  nextflow.cli.CmdRun - N E X T F L O W  ~  version 23.07.0-edge
Dec-14 22:20:45.455 [main] DEBUG nextflow.plugin.PluginsFacade - Setting up plugin manager > mode=prod; embedded=false; plugins-dir=/.nextflow/plugins; core-plugins: nf-amazon@2.1.0,nf-azure@1.1.4,nf-cloudcache@0.1.0,nf-codecommit@0.1.5,nf-console@1.0.6,nf-ga4gh@1.1.0,nf-google@1.8.1,nf-tower@1.5.15,nf-wave@0.11.0
Dec-14 22:20:45.466 [main] INFO  o.pf4j.DefaultPluginStatusProvider - Enabled plugins: []
Dec-14 22:20:45.467 [main] INFO  o.pf4j.DefaultPluginStatusProvider - Disabled plugins: []
Dec-14 22:20:45.470 [main] INFO  org.pf4j.DefaultPluginManager - PF4J version 3.4.1 in 'deployment' mode
Dec-14 22:20:45.479 [main] INFO  org.pf4j.AbstractPluginManager - No plugins
Dec-14 22:20:45.501 [main] DEBUG nextflow.scm.AssetManager - Project manifest does not exist: /input/chain/nextflow.config (No such file or directory)
Dec-14 22:20:45.534 [main] DEBUG nextflow.config.ConfigBuilder - User config file: /experiments/experiment/chain/nextflow.config
Dec-14 22:20:45.534 [main] DEBUG nextflow.config.ConfigBuilder - User config file: /experiments/experiment/nextflow_la.config
Dec-14 22:20:45.535 [main] DEBUG nextflow.config.ConfigBuilder - User config file: /experiments/experiment/nextflow_nfs.config
Dec-14 22:20:45.535 [main] DEBUG nextflow.config.ConfigBuilder - Parsing config file: /experiments/experiment/chain/nextflow.config
Dec-14 22:20:45.535 [main] DEBUG nextflow.config.ConfigBuilder - Parsing config file: /experiments/experiment/nextflow_la.config
Dec-14 22:20:45.535 [main] DEBUG nextflow.config.ConfigBuilder - Parsing config file: /experiments/experiment/nextflow_nfs.config
Dec-14 22:20:45.553 [main] DEBUG nextflow.config.ConfigBuilder - Applying config profile: `standard`
Dec-14 22:20:46.059 [main] DEBUG nextflow.config.ConfigBuilder - Applying config profile: `standard`
Dec-14 22:20:46.210 [main] DEBUG nextflow.config.ConfigBuilder - Applying config profile: `standard`
Dec-14 22:20:46.234 [main] DEBUG nextflow.cli.CmdRun - Applied DSL=2 by global default
Dec-14 22:20:46.247 [main] INFO  nextflow.cli.CmdRun - Launching `/input/chain/main.nf` [clever_koch] DSL2 - revision: c6264bd70c
Dec-14 22:20:46.247 [main] DEBUG nextflow.plugin.PluginsFacade - Plugins default=[]
Dec-14 22:20:46.247 [main] DEBUG nextflow.plugin.PluginsFacade - Plugins resolved requirement=[]
Dec-14 22:20:46.254 [main] DEBUG n.secret.LocalSecretsProvider - Secrets store: /.nextflow/secrets/store.json
Dec-14 22:20:46.257 [main] DEBUG nextflow.secret.SecretsLoader - Discovered secrets providers: [nextflow.secret.LocalSecretsProvider@20d87335] - activable => nextflow.secret.LocalSecretsProvider@20d87335
Dec-14 22:20:46.306 [main] DEBUG nextflow.Session - Session UUID: d776c3cd-95c0-4825-bb5b-b8136a7cf40f
Dec-14 22:20:46.307 [main] DEBUG nextflow.Session - Run name: clever_koch
Dec-14 22:20:46.307 [main] DEBUG nextflow.Session - Executor pool size: 32
Dec-14 22:20:46.313 [main] DEBUG nextflow.file.FilePorter - File porter settings maxRetries=3; maxTransfers=50; pollTimeout=null
Dec-14 22:20:46.315 [main] DEBUG nextflow.util.ThreadPoolBuilder - Creating thread pool 'FileTransfer' minSize=10; maxSize=96; workQueue=LinkedBlockingQueue[10000]; allowCoreThreadTimeout=false
Dec-14 22:20:46.349 [main] DEBUG nextflow.cli.CmdRun - 
  Version: 23.07.0-edge build 5875
  Created: 28-07-2023 20:27 UTC (20:27 GMT)
  System: Linux 5.4.0-166-generic
  Runtime: Groovy 3.0.18 on OpenJDK 64-Bit Server VM 17.0.6+10-LTS
  Encoding: UTF-8 (UTF-8)
  Process: 488086@nextflow [10.233.76.59]
  CPUs: 32 - Mem: 125.7 GB (121.7 GB) - Swap: 0 (0)
Dec-14 22:20:46.392 [main] DEBUG nextflow.Session - Work-dir: /input/data/work [nfs]
Dec-14 22:20:46.393 [main] DEBUG nextflow.Session - Script base path does not exist or is not a directory: /input/chain/bin
Dec-14 22:20:46.403 [main] DEBUG nextflow.executor.ExecutorFactory - Extension executors providers=[]
Dec-14 22:20:46.410 [main] DEBUG nextflow.Session - Observer factory: DefaultObserverFactory
Dec-14 22:20:46.437 [main] DEBUG nextflow.cache.CacheFactory - Using Nextflow cache factory: nextflow.cache.DefaultCacheFactory
Dec-14 22:20:46.444 [main] DEBUG nextflow.util.CustomThreadPool - Creating default thread pool > poolSize: 33; maxThreads: 1000
Dec-14 22:20:46.535 [main] DEBUG nextflow.Session - Session start
Dec-14 22:20:46.539 [main] DEBUG nextflow.trace.TraceFileObserver - Workflow started -- trace file: /input/data/output/trace.csv
Dec-14 22:20:46.665 [main] DEBUG nextflow.script.ScriptRunner - > Launching execution
Dec-14 22:20:46.888 [main] DEBUG nextflow.script.ProcessConfig - Config settings `withName:writeLargeFile` matches process writeLargeFile
Dec-14 22:20:46.898 [main] DEBUG nextflow.executor.ExecutorFactory - << taskConfig executor: k8s
Dec-14 22:20:46.898 [main] DEBUG nextflow.executor.ExecutorFactory - >> processorType: 'k8s'
Dec-14 22:20:46.906 [main] DEBUG nextflow.executor.Executor - [warm up] executor > k8s
Dec-14 22:20:46.923 [main] DEBUG n.processor.TaskPollingMonitor - Creating task monitor for executor 'k8s' > capacity: 300; pollInterval: 5s; dumpInterval: 5m; schedulerBatch: null
Dec-14 22:20:46.927 [main] DEBUG nextflow.k8s.client.ConfigDiscovery - K8s config file does not exist: /root/.kube/config
Dec-14 22:20:46.937 [main] DEBUG nextflow.k8s.K8sExecutor - [K8s] config=[localPath:/localdata, localStorageMountPath:/localdata, scheduler:[strategy:LAv2, name:workflow-scheduler, autoClose:false, nodeSelector:usedby=anonymized, container:anonymized/test1:sch_v194], storage:[type:copy, workdir:/localdata/localwork/, nodeSelector:usedby=anonymized, imageName:anonymized/test1:ftp_v122], debug:[yaml:true], namespace:anonymized, serviceAccount:nextflow, workDir:/input/data/work/, projectDir:/input/data/project/, imagePullPolicy:IfNotPresent, launchDir:/input/data/launch/, runAsUser:0, fetchNodeName:true, storageMountPath:/input, pod:[nodeSelector:usedby=anonymized], storageClaimName:nfs-experiment]; API client config=ClientConfig[ server=10.233.0.1:443, namespace=anonymized, serviceAccount=nextflow, token=eyJhbGciOiJ.., sslCert=LS0tLS1CRUd.., clientCert=-, clientKey=-, verifySsl=false, fromFile=true, httpReadTimeout=null, httpConnectTimeout=null, maxErrorRetry=4 ]
Dec-14 22:20:47.365 [main] DEBUG nextflow.k8s.K8sExecutor - Created K8s configMap with name: nf-get-stat-41cac373
Dec-14 22:20:51.120 [main] DEBUG nextflow.script.ProcessConfig - Config settings `withName:revertFile` matches process revertFile
Dec-14 22:20:51.122 [main] DEBUG nextflow.executor.ExecutorFactory - << taskConfig executor: k8s
Dec-14 22:20:51.122 [main] DEBUG nextflow.executor.ExecutorFactory - >> processorType: 'k8s'
Dec-14 22:20:51.135 [main] DEBUG nextflow.Session - Workflow process names [dsl2]: revertFile, combineFiles, writeLargeFile
Dec-14 22:20:51.136 [main] DEBUG nextflow.Session - Igniting dataflow network (3)
Dec-14 22:20:51.138 [main] DEBUG nextflow.processor.TaskProcessor - Starting process > writeLargeFile
Dec-14 22:20:51.139 [main] DEBUG nextflow.processor.TaskProcessor - Starting process > revertFile
Dec-14 22:20:51.139 [main] DEBUG nextflow.script.ScriptRunner - > Awaiting termination 
Dec-14 22:20:51.139 [main] DEBUG nextflow.Session - Session await
Dec-14 22:20:51.444 [Task submitter] INFO  nextflow.Session - [b7/54715e] Submitted process > writeLargeFile (12)
Dec-14 22:20:51.490 [Task submitter] INFO  nextflow.Session - [42/4f43a2] Submitted process > writeLargeFile (29)
Dec-14 22:20:51.535 [Task submitter] INFO  nextflow.Session - [81/dd3670] Submitted process > writeLargeFile (24)
Dec-14 22:20:51.577 [Task submitter] INFO  nextflow.Session - [85/9bfbc9] Submitted process > writeLargeFile (4)
Dec-14 22:20:51.619 [Task submitter] INFO  nextflow.Session - [9e/f0bfc1] Submitted process > writeLargeFile (26)
Dec-14 22:20:51.661 [Task submitter] INFO  nextflow.Session - [1f/f6a239] Submitted process > writeLargeFile (32)
Dec-14 22:20:51.701 [Task submitter] INFO  nextflow.Session - [53/a72316] Submitted process > writeLargeFile (13)
Dec-14 22:20:51.743 [Task submitter] INFO  nextflow.Session - [b0/b86a8d] Submitted process > writeLargeFile (15)
Dec-14 22:20:51.779 [Task submitter] INFO  nextflow.Session - [16/3a2401] Submitted process > writeLargeFile (17)
Dec-14 22:20:51.819 [Task submitter] INFO  nextflow.Session - [4b/3d2451] Submitted process > writeLargeFile (2)
Dec-14 22:20:51.859 [Task submitter] INFO  nextflow.Session - [c9/9c8818] Submitted process > writeLargeFile (14)
Dec-14 22:20:51.901 [Task submitter] INFO  nextflow.Session - [22/cfddfa] Submitted process > writeLargeFile (19)
Dec-14 22:20:51.939 [Task submitter] INFO  nextflow.Session - [d6/b342d7] Submitted process > writeLargeFile (23)
Dec-14 22:20:51.976 [Task submitter] INFO  nextflow.Session - [43/cc43d1] Submitted process > writeLargeFile (9)
Dec-14 22:20:52.017 [Task submitter] INFO  nextflow.Session - [53/37b4fc] Submitted process > writeLargeFile (3)
Dec-14 22:20:52.054 [Task submitter] INFO  nextflow.Session - [76/d3419d] Submitted process > writeLargeFile (10)
Dec-14 22:20:52.089 [Task submitter] INFO  nextflow.Session - [84/3c15f8] Submitted process > writeLargeFile (6)
Dec-14 22:20:52.125 [Task submitter] INFO  nextflow.Session - [bd/14df9c] Submitted process > writeLargeFile (11)
Dec-14 22:20:52.162 [Task submitter] INFO  nextflow.Session - [ae/ec3755] Submitted process > writeLargeFile (25)
Dec-14 22:20:52.200 [Task submitter] INFO  nextflow.Session - [af/536347] Submitted process > writeLargeFile (7)
Dec-14 22:20:52.237 [Task submitter] INFO  nextflow.Session - [3e/902b84] Submitted process > writeLargeFile (1)
Dec-14 22:20:52.273 [Task submitter] INFO  nextflow.Session - [fd/62fb54] Submitted process > writeLargeFile (5)
Dec-14 22:20:52.311 [Task submitter] INFO  nextflow.Session - [f7/20dca9] Submitted process > writeLargeFile (8)
Dec-14 22:20:52.345 [Task submitter] INFO  nextflow.Session - [fb/7bbc3c] Submitted process > writeLargeFile (27)
Dec-14 22:20:52.384 [Task submitter] INFO  nextflow.Session - [50/3f41d8] Submitted process > writeLargeFile (28)
Dec-14 22:20:52.420 [Task submitter] INFO  nextflow.Session - [01/6eb9fe] Submitted process > writeLargeFile (18)
Dec-14 22:20:52.461 [Task submitter] INFO  nextflow.Session - [af/56cc4c] Submitted process > writeLargeFile (20)
Dec-14 22:20:52.494 [Task submitter] INFO  nextflow.Session - [df/fc3108] Submitted process > writeLargeFile (21)
Dec-14 22:20:52.530 [Task submitter] INFO  nextflow.Session - [94/fd4f77] Submitted process > writeLargeFile (30)
Dec-14 22:20:52.564 [Task submitter] INFO  nextflow.Session - [de/8dc8f9] Submitted process > writeLargeFile (22)
Dec-14 22:20:52.603 [Task submitter] INFO  nextflow.Session - [19/ff7337] Submitted process > writeLargeFile (31)
Dec-14 22:20:52.639 [Task submitter] INFO  nextflow.Session - [57/17b7da] Submitted process > writeLargeFile (16)
Dec-14 22:20:52.677 [Task submitter] INFO  nextflow.Session - [5f/9bd21c] Submitted process > writeLargeFile (38)
Dec-14 22:20:52.713 [Task submitter] INFO  nextflow.Session - [7f/c02fad] Submitted process > writeLargeFile (37)
Dec-14 22:20:52.749 [Task submitter] INFO  nextflow.Session - [9f/a30a1e] Submitted process > writeLargeFile (34)
Dec-14 22:20:52.785 [Task submitter] INFO  nextflow.Session - [7f/6111e6] Submitted process > writeLargeFile (47)
Dec-14 22:20:52.819 [Task submitter] INFO  nextflow.Session - [98/4a162e] Submitted process > writeLargeFile (33)
Dec-14 22:20:52.855 [Task submitter] INFO  nextflow.Session - [a9/ccbce8] Submitted process > writeLargeFile (41)
Dec-14 22:20:52.895 [Task submitter] INFO  nextflow.Session - [2f/e79216] Submitted process > writeLargeFile (44)
Dec-14 22:20:52.933 [Task submitter] INFO  nextflow.Session - [f5/9c7124] Submitted process > writeLargeFile (35)
Dec-14 22:20:52.970 [Task submitter] INFO  nextflow.Session - [02/e0d79f] Submitted process > writeLargeFile (45)
Dec-14 22:20:53.005 [Task submitter] INFO  nextflow.Session - [f0/b9870e] Submitted process > writeLargeFile (39)
Dec-14 22:20:53.041 [Task submitter] INFO  nextflow.Session - [45/d834d1] Submitted process > writeLargeFile (40)
Dec-14 22:20:53.078 [Task submitter] INFO  nextflow.Session - [e2/24ddce] Submitted process > writeLargeFile (36)
Dec-14 22:20:53.111 [Task submitter] INFO  nextflow.Session - [04/639432] Submitted process > writeLargeFile (50)
Dec-14 22:20:53.150 [Task submitter] INFO  nextflow.Session - [83/9e5607] Submitted process > writeLargeFile (46)
Dec-14 22:20:53.187 [Task submitter] INFO  nextflow.Session - [a5/a551b7] Submitted process > writeLargeFile (42)
Dec-14 22:20:53.222 [Task submitter] INFO  nextflow.Session - [a9/bf1a1d] Submitted process > writeLargeFile (48)
Dec-14 22:20:53.257 [Task submitter] INFO  nextflow.Session - [bc/91ea4c] Submitted process > writeLargeFile (43)
Dec-14 22:20:53.293 [Task submitter] INFO  nextflow.Session - [87/e43dcd] Submitted process > writeLargeFile (51)
Dec-14 22:20:53.331 [Task submitter] INFO  nextflow.Session - [c4/8c5a11] Submitted process > writeLargeFile (58)
Dec-14 22:20:53.368 [Task submitter] INFO  nextflow.Session - [ba/69beba] Submitted process > writeLargeFile (49)
Dec-14 22:20:53.404 [Task submitter] INFO  nextflow.Session - [79/8e2be3] Submitted process > writeLargeFile (56)
Dec-14 22:20:53.440 [Task submitter] INFO  nextflow.Session - [c6/215149] Submitted process > writeLargeFile (60)
Dec-14 22:20:53.476 [Task submitter] INFO  nextflow.Session - [a1/7ccd44] Submitted process > writeLargeFile (53)
Dec-14 22:20:53.511 [Task submitter] INFO  nextflow.Session - [ae/24665a] Submitted process > writeLargeFile (70)
Dec-14 22:20:53.546 [Task submitter] INFO  nextflow.Session - [9e/870964] Submitted process > writeLargeFile (73)
Dec-14 22:20:53.583 [Task submitter] INFO  nextflow.Session - [76/3a5de9] Submitted process > writeLargeFile (72)
Dec-14 22:20:53.620 [Task submitter] INFO  nextflow.Session - [49/985915] Submitted process > writeLargeFile (52)
Dec-14 22:20:53.664 [Task submitter] INFO  nextflow.Session - [88/1a3941] Submitted process > writeLargeFile (57)
Dec-14 22:20:53.698 [Task submitter] INFO  nextflow.Session - [9c/2f572d] Submitted process > writeLargeFile (54)
Dec-14 22:20:53.735 [Task submitter] INFO  nextflow.Session - [8a/9f23b5] Submitted process > writeLargeFile (59)
Dec-14 22:20:53.768 [Task submitter] INFO  nextflow.Session - [78/024016] Submitted process > writeLargeFile (55)
Dec-14 22:20:53.808 [Task submitter] INFO  nextflow.Session - [59/ec41ed] Submitted process > writeLargeFile (61)
Dec-14 22:20:53.842 [Task submitter] INFO  nextflow.Session - [dc/4a01bc] Submitted process > writeLargeFile (75)
Dec-14 22:20:53.875 [Task submitter] INFO  nextflow.Session - [8b/a1bc2d] Submitted process > writeLargeFile (66)
Dec-14 22:20:53.917 [Task submitter] INFO  nextflow.Session - [81/bcd42e] Submitted process > writeLargeFile (89)
Dec-14 22:20:53.952 [Task submitter] INFO  nextflow.Session - [9d/9d5643] Submitted process > writeLargeFile (69)
Dec-14 22:20:54.008 [Task submitter] INFO  nextflow.Session - [42/dc640b] Submitted process > writeLargeFile (92)
Dec-14 22:20:54.055 [Task submitter] INFO  nextflow.Session - [b2/55b0a7] Submitted process > writeLargeFile (67)
Dec-14 22:20:54.092 [Task submitter] INFO  nextflow.Session - [ca/4c0861] Submitted process > writeLargeFile (64)
Dec-14 22:20:54.128 [Task submitter] INFO  nextflow.Session - [2c/b0cbf7] Submitted process > writeLargeFile (63)
Dec-14 22:20:54.165 [Task submitter] INFO  nextflow.Session - [2f/481305] Submitted process > writeLargeFile (100)
Dec-14 22:20:54.202 [Task submitter] INFO  nextflow.Session - [db/bc324f] Submitted process > writeLargeFile (65)
Dec-14 22:20:54.252 [Task submitter] INFO  nextflow.Session - [f7/1c0669] Submitted process > writeLargeFile (99)
Dec-14 22:20:54.307 [Task submitter] INFO  nextflow.Session - [5d/a680ec] Submitted process > writeLargeFile (62)
Dec-14 22:20:54.343 [Task submitter] INFO  nextflow.Session - [b2/0f2976] Submitted process > writeLargeFile (68)
Dec-14 22:20:54.376 [Task submitter] INFO  nextflow.Session - [52/399d9e] Submitted process > writeLargeFile (71)
Dec-14 22:20:54.412 [Task submitter] INFO  nextflow.Session - [09/4ac694] Submitted process > writeLargeFile (74)
Dec-14 22:20:54.446 [Task submitter] INFO  nextflow.Session - [00/d53d7b] Submitted process > writeLargeFile (77)
Dec-14 22:20:54.502 [Task submitter] INFO  nextflow.Session - [e5/3c4c37] Submitted process > writeLargeFile (76)
Dec-14 22:20:54.559 [Task submitter] INFO  nextflow.Session - [20/eb3ddd] Submitted process > writeLargeFile (80)
Dec-14 22:20:54.596 [Task submitter] INFO  nextflow.Session - [c5/de3c69] Submitted process > writeLargeFile (84)
Dec-14 22:20:54.629 [Task submitter] INFO  nextflow.Session - [77/9b573b] Submitted process > writeLargeFile (79)
Dec-14 22:20:54.664 [Task submitter] INFO  nextflow.Session - [dd/134b8e] Submitted process > writeLargeFile (81)
Dec-14 22:20:54.698 [Task submitter] INFO  nextflow.Session - [63/7b707a] Submitted process > writeLargeFile (82)
Dec-14 22:20:54.739 [Task submitter] INFO  nextflow.Session - [e8/b9e354] Submitted process > writeLargeFile (78)
Dec-14 22:20:54.791 [Task submitter] INFO  nextflow.Session - [d4/621a3a] Submitted process > writeLargeFile (83)
Dec-14 22:20:54.825 [Task submitter] INFO  nextflow.Session - [ab/590753] Submitted process > writeLargeFile (88)
Dec-14 22:20:54.855 [Task submitter] INFO  nextflow.Session - [29/f6919f] Submitted process > writeLargeFile (85)
Dec-14 22:20:54.889 [Task submitter] INFO  nextflow.Session - [3d/2b98e3] Submitted process > writeLargeFile (86)
Dec-14 22:20:54.922 [Task submitter] INFO  nextflow.Session - [29/f99e78] Submitted process > writeLargeFile (91)
Dec-14 22:20:55.013 [Task submitter] INFO  nextflow.Session - [47/9846c7] Submitted process > writeLargeFile (90)
Dec-14 22:20:55.057 [Task submitter] INFO  nextflow.Session - [8d/e54da6] Submitted process > writeLargeFile (98)
Dec-14 22:20:55.087 [Task submitter] INFO  nextflow.Session - [be/f90cff] Submitted process > writeLargeFile (93)
Dec-14 22:20:55.120 [Task submitter] INFO  nextflow.Session - [e6/885bc9] Submitted process > writeLargeFile (87)
Dec-14 22:20:55.155 [Task submitter] INFO  nextflow.Session - [3b/ae9cb4] Submitted process > writeLargeFile (95)
Dec-14 22:20:55.186 [Task submitter] INFO  nextflow.Session - [82/64dc7e] Submitted process > writeLargeFile (96)
Dec-14 22:20:55.254 [Task submitter] INFO  nextflow.Session - [27/5a7e68] Submitted process > writeLargeFile (97)
Dec-14 22:20:55.304 [Task submitter] INFO  nextflow.Session - [6f/5c2260] Submitted process > writeLargeFile (94)
Dec-14 22:21:01.975 [Task monitor] DEBUG n.processor.TaskPollingMonitor - Task completed > TaskHandler[id: 12; name: writeLargeFile (12); status: COMPLETED; exit: 0; error: -; workDir: /input/data/work/b7/54715edcc47ce8a85a722d146e970a]
Dec-14 22:21:02.051 [Task monitor] DEBUG n.processor.TaskPollingMonitor - Task completed > TaskHandler[id: 29; name: writeLargeFile (29); status: COMPLETED; exit: 0; error: -; workDir: /input/data/work/42/4f43a2a7668da0c675cc8f2085055b]
Dec-14 22:21:02.065 [Task submitter] INFO  nextflow.Session - [fc/61e338] Submitted process > revertFile (12)
Dec-14 22:21:02.093 [Task monitor] DEBUG n.processor.TaskPollingMonitor - Task completed > TaskHandler[id: 24; name: writeLargeFile (24); status: COMPLETED; exit: 0; error: -; workDir: /input/data/work/81/dd3670c731b374fb3b164b579ca3ec]
Dec-14 22:21:02.099 [Task submitter] INFO  nextflow.Session - [98/5a807a] Submitted process > revertFile (29)
Dec-14 22:21:02.130 [Task submitter] INFO  nextflow.Session - [77/1b1708] Submitted process > revertFile (24)
Dec-14 22:21:02.149 [Task monitor] DEBUG n.processor.TaskPollingMonitor - Task completed > TaskHandler[id: 4; name: writeLargeFile (4); status: COMPLETED; exit: 0; error: -; workDir: /input/data/work/85/9bfbc9f51d2e74d6d161973a5590ea]
Dec-14 22:21:02.190 [Task monitor] DEBUG n.processor.TaskPollingMonitor - Task completed > TaskHandler[id: 26; name: writeLargeFile (26); status: COMPLETED; exit: 0; error: -; workDir: /input/data/work/9e/f0bfc1c22484595fc6ec1fede79645]
Dec-14 22:21:02.193 [Task submitter] INFO  nextflow.Session - [f6/d2b9b7] Submitted process > revertFile (4)
Dec-14 22:21:02.253 [Task submitter] INFO  nextflow.Session - [22/785e25] Submitted process > revertFile (26)
Dec-14 22:21:02.254 [Task monitor] DEBUG n.processor.TaskPollingMonitor - Task completed > TaskHandler[id: 32; name: writeLargeFile (32); status: COMPLETED; exit: 0; error: -; workDir: /input/data/work/1f/f6a2396d8efc8bd1e8b58e685b3066]
Dec-14 22:21:02.294 [Task submitter] INFO  nextflow.Session - [a9/7561c0] Submitted process > revertFile (32)
Dec-14 22:21:02.297 [Task monitor] DEBUG n.processor.TaskPollingMonitor - Task completed > TaskHandler[id: 13; name: writeLargeFile (13); status: COMPLETED; exit: 0; error: -; workDir: /input/data/work/53/a72316b466b9405df9121553de33b0]
Dec-14 22:21:02.334 [Task submitter] INFO  nextflow.Session - [16/d37c8d] Submitted process > revertFile (13)
Dec-14 22:21:02.341 [Task monitor] DEBUG n.processor.TaskPollingMonitor - Task completed > TaskHandler[id: 15; name: writeLargeFile (15); status: COMPLETED; exit: 0; error: -; workDir: /input/data/work/b0/b86a8d96bacab9ae0355c0e32c8fb1]
Dec-14 22:21:02.383 [Task monitor] DEBUG n.processor.TaskPollingMonitor - Task completed > TaskHandler[id: 17; name: writeLargeFile (17); status: COMPLETED; exit: 0; error: -; workDir: /input/data/work/16/3a2401b701731ada4e6055466d2b90]
Dec-14 22:21:02.391 [Task submitter] INFO  nextflow.Session - [a1/b94e37] Submitted process > revertFile (15)
Dec-14 22:21:02.424 [Task submitter] INFO  nextflow.Session - [b6/eae5a7] Submitted process > revertFile (17)
Dec-14 22:21:08.006 [Task monitor] DEBUG n.processor.TaskPollingMonitor - Task completed > TaskHandler[id: 2; name: writeLargeFile (2); status: COMPLETED; exit: 0; error: -; workDir: /input/data/work/4b/3d2451f7153a814cae81ad2a4a7392]
Dec-14 22:21:08.044 [Task submitter] INFO  nextflow.Session - [0a/94a496] Submitted process > revertFile (2)
Dec-14 22:21:08.285 [Task monitor] DEBUG n.processor.TaskPollingMonitor - Task completed > TaskHandler[id: 14; name: writeLargeFile (14); status: COMPLETED; exit: 0; error: -; workDir: /input/data/work/c9/9c8818a7e6e2ddf43bd3bb45008568]
Dec-14 22:21:08.472 [Task submitter] INFO  nextflow.Session - [2b/52112e] Submitted process > revertFile (14)
Dec-14 22:21:08.488 [Task monitor] DEBUG n.processor.TaskPollingMonitor - Task completed > TaskHandler[id: 19; name: writeLargeFile (19); status: COMPLETED; exit: 0; error: -; workDir: /input/data/work/22/cfddfa98491cbf8f2da66e43bc4877]
Dec-14 22:21:08.594 [Task submitter] INFO  nextflow.Session - [e9/2a2917] Submitted process > revertFile (19)
Dec-14 22:21:14.372 [Task monitor] DEBUG n.processor.TaskPollingMonitor - Task completed > TaskHandler[id: 93; name: writeLargeFile (93); status: COMPLETED; exit: 0; error: -; workDir: /input/data/work/be/f90cff1917b0d41cc826069bb018a9]
Dec-14 22:21:14.448 [Task submitter] INFO  nextflow.Session - [ea/372d96] Submitted process > revertFile (93)
Dec-14 22:21:14.469 [Task monitor] DEBUG n.processor.TaskPollingMonitor - Task completed > TaskHandler[id: 87; name: writeLargeFile (87); status: COMPLETED; exit: 0; error: -; workDir: /input/data/work/e6/885bc9f1bbe250ea099a53768cabc0]
Dec-14 22:21:14.510 [Task submitter] INFO  nextflow.Session - [cd/491db4] Submitted process > revertFile (87)
Dec-14 22:21:14.563 [Task monitor] DEBUG n.processor.TaskPollingMonitor - Task completed > TaskHandler[id: 95; name: writeLargeFile (95); status: COMPLETED; exit: 0; error: -; workDir: /input/data/work/3b/ae9cb408e67429617c8dcb01244556]
Dec-14 22:21:14.643 [Task submitter] INFO  nextflow.Session - [4f/31ac51] Submitted process > revertFile (95)
Dec-14 22:21:14.644 [Task monitor] DEBUG n.processor.TaskPollingMonitor - Task completed > TaskHandler[id: 96; name: writeLargeFile (96); status: COMPLETED; exit: 0; error: -; workDir: /input/data/work/82/64dc7ee5df05707fd9d6c52b3c5dc1]
Dec-14 22:21:14.695 [Task submitter] INFO  nextflow.Session - [b8/6f3bc1] Submitted process > revertFile (96)
Dec-14 22:21:14.749 [Task monitor] DEBUG n.processor.TaskPollingMonitor - Task completed > TaskHandler[id: 97; name: writeLargeFile (97); status: COMPLETED; exit: 0; error: -; workDir: /input/data/work/27/5a7e688829d9080efe9b94f57d8986]
Dec-14 22:21:14.811 [Task monitor] DEBUG n.processor.TaskPollingMonitor - Task completed > TaskHandler[id: 94; name: writeLargeFile (94); status: COMPLETED; exit: 0; error: -; workDir: /input/data/work/6f/5c22605ea31133a40c0d1a83967a22]
Dec-14 22:21:14.817 [Task submitter] INFO  nextflow.Session - [db/b2ff34] Submitted process > revertFile (97)
Dec-14 22:21:14.865 [Task submitter] INFO  nextflow.Session - [14/d50b0d] Submitted process > revertFile (94)
Dec-14 22:21:16.991 [Task monitor] DEBUG n.processor.TaskPollingMonitor - Task completed > TaskHandler[id: 34; name: writeLargeFile (34); status: COMPLETED; exit: 0; error: -; workDir: /input/data/work/9f/a30a1ed9bd48200f0aa1ae978b6900]
Dec-14 22:21:17.086 [Task submitter] INFO  nextflow.Session - [89/dbbebd] Submitted process > revertFile (34)
Dec-14 22:21:17.157 [Task monitor] DEBUG n.processor.TaskPollingMonitor - Task completed > TaskHandler[id: 47; name: writeLargeFile (47); status: COMPLETED; exit: 0; error: -; workDir: /input/data/work/7f/6111e62febaf3fcbb5409bc37fda85]
Dec-14 22:21:17.212 [Task submitter] INFO  nextflow.Session - [ce/a6037f] Submitted process > revertFile (47)
Dec-14 22:21:17.289 [Task monitor] DEBUG n.processor.TaskPollingMonitor - Task completed > TaskHandler[id: 33; name: writeLargeFile (33); status: COMPLETED; exit: 0; error: -; workDir: /input/data/work/98/4a162e0609bfb0199bb08ce10cab76]
Dec-14 22:21:17.357 [Task submitter] INFO  nextflow.Session - [1e/085e1e] Submitted process > revertFile (33)
Dec-14 22:21:20.153 [Task monitor] DEBUG n.processor.TaskPollingMonitor - Task completed > TaskHandler[id: 91; name: writeLargeFile (91); status: COMPLETED; exit: 0; error: -; workDir: /input/data/work/29/f99e78ebb2af09f749a590ed2b3a83]
Dec-14 22:21:20.210 [Task submitter] INFO  nextflow.Session - [3b/f1869e] Submitted process > revertFile (91)
Dec-14 22:21:20.255 [Task monitor] DEBUG n.processor.TaskPollingMonitor - Task completed > TaskHandler[id: 90; name: writeLargeFile (90); status: COMPLETED; exit: 0; error: -; workDir: /input/data/work/47/9846c703137f801c9ae73e03784228]
Dec-14 22:21:20.294 [Task monitor] DEBUG n.processor.TaskPollingMonitor - Task completed > TaskHandler[id: 98; name: writeLargeFile (98); status: COMPLETED; exit: 0; error: -; workDir: /input/data/work/8d/e54da67806df918984030a78a39a6e]
Dec-14 22:21:20.390 [Task submitter] INFO  nextflow.Session - [fb/a18fa1] Submitted process > revertFile (90)
Dec-14 22:21:20.425 [Task submitter] INFO  nextflow.Session - [16/fe8a15] Submitted process > revertFile (98)
Dec-14 22:21:23.174 [Task monitor] DEBUG n.processor.TaskPollingMonitor - Task completed > TaskHandler[id: 16; name: writeLargeFile (16); status: COMPLETED; exit: 0; error: -; workDir: /input/data/work/57/17b7da4de53c4f0ddf7550dad850c3]
Dec-14 22:21:23.245 [Task submitter] INFO  nextflow.Session - [ce/ccff6e] Submitted process > revertFile (16)
Dec-14 22:21:23.283 [Task monitor] DEBUG n.processor.TaskPollingMonitor - Task completed > TaskHandler[id: 38; name: writeLargeFile (38); status: COMPLETED; exit: 0; error: -; workDir: /input/data/work/5f/9bd21c336cde21a29ab399cf634619]
Dec-14 22:21:23.327 [Task submitter] INFO  nextflow.Session - [30/765b1c] Submitted process > revertFile (38)
Dec-14 22:21:23.430 [Task monitor] DEBUG n.processor.TaskPollingMonitor - Task completed > TaskHandler[id: 37; name: writeLargeFile (37); status: COMPLETED; exit: 0; error: -; workDir: /input/data/work/7f/c02fada076c45a2e3c060e877474bb]
Dec-14 22:21:23.496 [Task submitter] INFO  nextflow.Session - [53/24a6f0] Submitted process > revertFile (37)
Dec-14 22:21:23.519 [Task monitor] DEBUG n.processor.TaskPollingMonitor - Task completed > TaskHandler[id: 41; name: writeLargeFile (41); status: COMPLETED; exit: 0; error: -; workDir: /input/data/work/a9/ccbce8b9a6de4d2603f01cb31d3683]
Dec-14 22:21:23.561 [Task submitter] INFO  nextflow.Session - [2c/b968a9] Submitted process > revertFile (41)
Dec-14 22:21:23.628 [Task monitor] DEBUG n.processor.TaskPollingMonitor - Task completed > TaskHandler[id: 44; name: writeLargeFile (44); status: COMPLETED; exit: 0; error: -; workDir: /input/data/work/2f/e79216fc3c35507620f647e8edc3e2]
Dec-14 22:21:23.673 [Task submitter] INFO  nextflow.Session - [7e/bf0949] Submitted process > revertFile (44)
Dec-14 22:21:23.694 [Task monitor] DEBUG n.processor.TaskPollingMonitor - Task completed > TaskHandler[id: 35; name: writeLargeFile (35); status: COMPLETED; exit: 0; error: -; workDir: /input/data/work/f5/9c7124edb08d5563d60e1c46010189]
Dec-14 22:21:23.756 [Task submitter] INFO  nextflow.Session - [24/a09158] Submitted process > revertFile (35)
Dec-14 22:21:23.814 [Task monitor] DEBUG n.processor.TaskPollingMonitor - Task completed > TaskHandler[id: 45; name: writeLargeFile (45); status: COMPLETED; exit: 0; error: -; workDir: /input/data/work/02/e0d79fc2bc45d727c79084c16c8929]
Dec-14 22:21:23.881 [Task monitor] DEBUG n.processor.TaskPollingMonitor - Task completed > TaskHandler[id: 39; name: writeLargeFile (39); status: COMPLETED; exit: 0; error: -; workDir: /input/data/work/f0/b9870e2071b99a2dc6cc7e87e7ac50]
Dec-14 22:21:23.887 [Task submitter] INFO  nextflow.Session - [15/15ee5b] Submitted process > revertFile (45)
Dec-14 22:21:23.921 [Task submitter] INFO  nextflow.Session - [62/a291a5] Submitted process > revertFile (39)
Dec-14 22:21:24.002 [Task monitor] DEBUG n.processor.TaskPollingMonitor - Task completed > TaskHandler[id: 40; name: writeLargeFile (40); status: COMPLETED; exit: 0; error: -; workDir: /input/data/work/45/d834d159cef0becc08bf2f22dcf49c]
Dec-14 22:21:24.064 [Task submitter] INFO  nextflow.Session - [2e/126313] Submitted process > revertFile (40)
Dec-14 22:21:31.641 [Task monitor] DEBUG n.processor.TaskPollingMonitor - Task completed > TaskHandler[id: 50; name: writeLargeFile (50); status: COMPLETED; exit: 0; error: -; workDir: /input/data/work/04/639432b02b4c9819d5022291a95294]
Dec-14 22:21:31.700 [Task submitter] INFO  nextflow.Session - [e4/978646] Submitted process > revertFile (50)
Dec-14 22:21:31.783 [Task monitor] DEBUG n.processor.TaskPollingMonitor - Task completed > TaskHandler[id: 46; name: writeLargeFile (46); status: COMPLETED; exit: 0; error: -; workDir: /input/data/work/83/9e560700d3ba4e4559b5c42896aaab]
Dec-14 22:21:31.821 [Task submitter] INFO  nextflow.Session - [50/c3c7fc] Submitted process > revertFile (46)
Dec-14 22:21:32.031 [Task monitor] DEBUG n.processor.TaskPollingMonitor - Task completed > TaskHandler[id: 42; name: writeLargeFile (42); status: COMPLETED; exit: 0; error: -; workDir: /input/data/work/a5/a551b78491c35bbf953f1441232669]
Dec-14 22:21:32.110 [Task submitter] INFO  nextflow.Session - [1b/3fa045] Submitted process > revertFile (42)
Dec-14 22:21:35.267 [Task monitor] DEBUG n.processor.TaskPollingMonitor - Task completed > TaskHandler[id: 86; name: writeLargeFile (86); status: COMPLETED; exit: 0; error: -; workDir: /input/data/work/3d/2b98e3b3d1ca56961fdeb3782f1c43]
Dec-14 22:21:35.323 [Task submitter] INFO  nextflow.Session - [2b/71563a] Submitted process > revertFile (86)
Dec-14 22:21:37.523 [Task monitor] DEBUG n.processor.TaskPollingMonitor - Task completed > TaskHandler[id: 23; name: writeLargeFile (23); status: COMPLETED; exit: 0; error: -; workDir: /input/data/work/d6/b342d747c3206ede3d5efdf1db2280]
Dec-14 22:21:37.564 [Task submitter] INFO  nextflow.Session - [d0/d10a73] Submitted process > revertFile (23)
Dec-14 22:21:38.269 [Task monitor] DEBUG n.processor.TaskPollingMonitor - Task completed > TaskHandler[id: 31; name: writeLargeFile (31); status: COMPLETED; exit: 0; error: -; workDir: /input/data/work/19/ff73372d5da61f1da8819e43bf1452]
Dec-14 22:21:38.304 [Task submitter] INFO  nextflow.Session - [74/5f7e55] Submitted process > revertFile (31)
Dec-14 22:21:38.344 [Task monitor] DEBUG n.processor.TaskPollingMonitor - Task completed > TaskHandler[id: 36; name: writeLargeFile (36); status: COMPLETED; exit: 0; error: -; workDir: /input/data/work/e2/24ddce7719c54a0e80c65692e8b305]
Dec-14 22:21:38.395 [Task submitter] INFO  nextflow.Session - [14/3d2360] Submitted process > revertFile (36)
Dec-14 22:21:38.413 [Task monitor] DEBUG n.processor.TaskPollingMonitor - Task completed > TaskHandler[id: 48; name: writeLargeFile (48); status: COMPLETED; exit: 0; error: -; workDir: /input/data/work/a9/bf1a1da006e5ee948efbb4f45b675e]
Dec-14 22:21:38.455 [Task submitter] INFO  nextflow.Session - [07/10179a] Submitted process > revertFile (48)
Dec-14 22:21:38.552 [Task monitor] DEBUG n.processor.TaskPollingMonitor - Task completed > TaskHandler[id: 51; name: writeLargeFile (51); status: COMPLETED; exit: 0; error: -; workDir: /input/data/work/87/e43dcdfe1c3e40a99e2a564b1be447]
Dec-14 22:21:38.611 [Task submitter] INFO  nextflow.Session - [c0/899185] Submitted process > revertFile (51)
Dec-14 22:21:38.654 [Task monitor] DEBUG n.processor.TaskPollingMonitor - Task completed > TaskHandler[id: 58; name: writeLargeFile (58); status: COMPLETED; exit: 0; error: -; workDir: /input/data/work/c4/8c5a11863242b228bc00071320aac2]
Dec-14 22:21:38.723 [Task submitter] INFO  nextflow.Session - [8c/ded0fd] Submitted process > revertFile (58)
Dec-14 22:21:38.934 [Task monitor] DEBUG n.processor.TaskPollingMonitor - Task completed > TaskHandler[id: 52; name: writeLargeFile (52); status: COMPLETED; exit: 0; error: -; workDir: /input/data/work/49/985915f9b548375d9244d5d8edf041]
Dec-14 22:21:38.972 [Task submitter] INFO  nextflow.Session - [d1/e05187] Submitted process > revertFile (52)
Dec-14 22:21:39.015 [Task monitor] DEBUG n.processor.TaskPollingMonitor - Task completed > TaskHandler[id: 57; name: writeLargeFile (57); status: COMPLETED; exit: 0; error: -; workDir: /input/data/work/88/1a39418508f2da5a497b466f7e7ba6]
Dec-14 22:21:39.073 [Task submitter] INFO  nextflow.Session - [42/d4a0d7] Submitted process > revertFile (57)
Dec-14 22:21:43.613 [Task monitor] DEBUG n.processor.TaskPollingMonitor - Task completed > TaskHandler[id: 54; name: writeLargeFile (54); status: COMPLETED; exit: 0; error: -; workDir: /input/data/work/9c/2f572daa85f219f930e08d11602ac9]
Dec-14 22:21:43.652 [Task submitter] INFO  nextflow.Session - [c7/d4e25d] Submitted process > revertFile (54)
Dec-14 22:21:43.787 [Task monitor] DEBUG n.processor.TaskPollingMonitor - Task completed > TaskHandler[id: 59; name: writeLargeFile (59); status: COMPLETED; exit: 0; error: -; workDir: /input/data/work/8a/9f23b508cdc18ed430749f37477b17]
Dec-14 22:21:43.838 [Task submitter] INFO  nextflow.Session - [63/eea4bd] Submitted process > revertFile (59)
Dec-14 22:21:43.840 [Task monitor] DEBUG n.processor.TaskPollingMonitor - Task completed > TaskHandler[id: 55; name: writeLargeFile (55); status: COMPLETED; exit: 0; error: -; workDir: /input/data/work/78/0240165f367e7bd628724dd4e76224]
Dec-14 22:21:43.962 [Task submitter] INFO  nextflow.Session - [14/80b5d3] Submitted process > revertFile (55)
Dec-14 22:21:45.522 [Task monitor] DEBUG n.processor.TaskPollingMonitor - Task completed > TaskHandler[id: 85; name: writeLargeFile (85); status: COMPLETED; exit: 0; error: -; workDir: /input/data/work/29/f6919f55803b8d9af9dfd3aa6514e4]
Dec-14 22:21:45.564 [Task submitter] INFO  nextflow.Session - [da/b0a4a1] Submitted process > revertFile (85)
Dec-14 22:21:51.524 [Task monitor] DEBUG n.processor.TaskPollingMonitor - Task completed > TaskHandler[id: 61; name: writeLargeFile (61); status: COMPLETED; exit: 0; error: -; workDir: /input/data/work/59/ec41ed0d9408f905df0b29f218840e]
Dec-14 22:21:51.650 [Task submitter] INFO  nextflow.Session - [41/2ff52e] Submitted process > revertFile (61)
Dec-14 22:21:51.721 [Task monitor] DEBUG n.processor.TaskPollingMonitor - Task completed > TaskHandler[id: 75; name: writeLargeFile (75); status: COMPLETED; exit: 0; error: -; workDir: /input/data/work/dc/4a01bc8ea16a8e567cfc39f39cbaca]
Dec-14 22:21:51.828 [Task submitter] INFO  nextflow.Session - [91/e76618] Submitted process > revertFile (75)
Dec-14 22:21:51.892 [Task monitor] DEBUG n.processor.TaskPollingMonitor - Task completed > TaskHandler[id: 89; name: writeLargeFile (89); status: COMPLETED; exit: 0; error: -; workDir: /input/data/work/81/bcd42efd5a171f71860a1c454bce4a]
Dec-14 22:21:52.008 [Task submitter] INFO  nextflow.Session - [ae/a8c143] Submitted process > revertFile (89)
Dec-14 22:21:52.051 [Task monitor] DEBUG n.processor.TaskPollingMonitor - Task completed > TaskHandler[id: 69; name: writeLargeFile (69); status: COMPLETED; exit: 0; error: -; workDir: /input/data/work/9d/9d5643682bbe266fb1abf38e45b438]
Dec-14 22:21:52.241 [Task monitor] DEBUG n.processor.TaskPollingMonitor - Task completed > TaskHandler[id: 92; name: writeLargeFile (92); status: COMPLETED; exit: 0; error: -; workDir: /input/data/work/42/dc640ba8413b7074a033dcb12692bb]
Dec-14 22:21:52.242 [Task submitter] INFO  nextflow.Session - [40/5b0805] Submitted process > revertFile (69)
Dec-14 22:21:52.380 [Task submitter] INFO  nextflow.Session - [62/7bf210] Submitted process > revertFile (92)
Dec-14 22:21:52.447 [Task monitor] DEBUG n.processor.TaskPollingMonitor - Task completed > TaskHandler[id: 67; name: writeLargeFile (67); status: COMPLETED; exit: 0; error: -; workDir: /input/data/work/b2/55b0a749dca44b53e9567ddb440997]
Dec-14 22:21:52.557 [Task submitter] INFO  nextflow.Session - [e0/e7fb79] Submitted process > revertFile (67)
Dec-14 22:21:52.654 [Task monitor] DEBUG n.processor.TaskPollingMonitor - Task completed > TaskHandler[id: 64; name: writeLargeFile (64); status: COMPLETED; exit: 0; error: -; workDir: /input/data/work/ca/4c0861d57326c28a899dd6aa2158aa]
Dec-14 22:21:52.832 [Task submitter] INFO  nextflow.Session - [ee/29f35e] Submitted process > revertFile (64)
Dec-14 22:21:52.962 [Task monitor] DEBUG n.processor.TaskPollingMonitor - Task completed > TaskHandler[id: 100; name: writeLargeFile (100); status: COMPLETED; exit: 0; error: -; workDir: /input/data/work/2f/4813053e8d5848e2a5d3d028646ee1]
Dec-14 22:21:53.213 [Task submitter] INFO  nextflow.Session - [51/a933d8] Submitted process > revertFile (100)
Dec-14 22:21:53.235 [Task monitor] DEBUG n.processor.TaskPollingMonitor - Task completed > TaskHandler[id: 65; name: writeLargeFile (65); status: COMPLETED; exit: 0; error: -; workDir: /input/data/work/db/bc324ffc9d74e18202ad7c4e8de327]
Dec-14 22:21:53.384 [Task submitter] INFO  nextflow.Session - [72/42e2ee] Submitted process > revertFile (65)
Dec-14 22:21:56.831 [Task monitor] DEBUG n.processor.TaskPollingMonitor - Task completed > TaskHandler[id: 9; name: writeLargeFile (9); status: COMPLETED; exit: 0; error: -; workDir: /input/data/work/43/cc43d151b0365627c999e6495dc56e]
Dec-14 22:21:56.872 [Task submitter] INFO  nextflow.Session - [2d/19f1e7] Submitted process > revertFile (9)
Dec-14 22:21:57.961 [Task monitor] DEBUG n.processor.TaskPollingMonitor - Task completed > TaskHandler[id: 63; name: writeLargeFile (63); status: COMPLETED; exit: 0; error: -; workDir: /input/data/work/2c/b0cbf7bb61246f8f242abb290c85d2]
Dec-14 22:21:58.010 [Task monitor] DEBUG n.processor.TaskPollingMonitor - Task completed > TaskHandler[id: 99; name: writeLargeFile (99); status: COMPLETED; exit: 0; error: -; workDir: /input/data/work/f7/1c0669fbaac0f82fa19be98cff94f9]
Dec-14 22:21:58.010 [Task submitter] INFO  nextflow.Session - [38/b84371] Submitted process > revertFile (63)
Dec-14 22:21:58.047 [Task monitor] DEBUG n.processor.TaskPollingMonitor - Task completed > TaskHandler[id: 62; name: writeLargeFile (62); status: COMPLETED; exit: 0; error: -; workDir: /input/data/work/5d/a680ecdfc4ef5b393ee85a5ce3fa54]
Dec-14 22:21:58.050 [Task submitter] INFO  nextflow.Session - [78/da6d72] Submitted process > revertFile (99)
Dec-14 22:21:58.085 [Task submitter] INFO  nextflow.Session - [96/943976] Submitted process > revertFile (62)
Dec-14 22:21:58.089 [Task monitor] DEBUG n.processor.TaskPollingMonitor - Task completed > TaskHandler[id: 68; name: writeLargeFile (68); status: COMPLETED; exit: 0; error: -; workDir: /input/data/work/b2/0f2976031d6d7c17046c0f6dab9c68]
Dec-14 22:21:58.126 [Task submitter] INFO  nextflow.Session - [47/5c1e6d] Submitted process > revertFile (68)
Dec-14 22:22:02.694 [Task monitor] DEBUG n.processor.TaskPollingMonitor - Task completed > TaskHandler[id: 66; name: writeLargeFile (66); status: COMPLETED; exit: 0; error: -; workDir: /input/data/work/8b/a1bc2dd896ceb53500f7d3af7bbf2e]
Dec-14 22:22:02.740 [Task submitter] INFO  nextflow.Session - [2d/c5996b] Submitted process > revertFile (66)
Dec-14 22:22:02.779 [Task monitor] DEBUG n.processor.TaskPollingMonitor - Task completed > TaskHandler[id: 71; name: writeLargeFile (71); status: COMPLETED; exit: 0; error: -; workDir: /input/data/work/52/399d9e1f70a7b1bcd7d4602f43b415]
Dec-14 22:22:02.847 [Task submitter] INFO  nextflow.Session - [a9/0a7b02] Submitted process > revertFile (71)
Dec-14 22:22:02.893 [Task monitor] DEBUG n.processor.TaskPollingMonitor - Task completed > TaskHandler[id: 74; name: writeLargeFile (74); status: COMPLETED; exit: 0; error: -; workDir: /input/data/work/09/4ac6947c35ef70119ca72fea0c82ac]
Dec-14 22:22:02.942 [Task submitter] INFO  nextflow.Session - [b2/dab66f] Submitted process > revertFile (74)
Dec-14 22:22:03.107 [Task monitor] DEBUG n.processor.TaskPollingMonitor - Task completed > TaskHandler[id: 84; name: writeLargeFile (84); status: COMPLETED; exit: 0; error: -; workDir: /input/data/work/c5/de3c69bc9c6861812a8607fc340e48]
Dec-14 22:22:03.153 [Task monitor] DEBUG n.processor.TaskPollingMonitor - Task completed > TaskHandler[id: 79; name: writeLargeFile (79); status: COMPLETED; exit: 0; error: -; workDir: /input/data/work/77/9b573b1f833541b707aef11a70e9fb]
Dec-14 22:22:03.163 [Task submitter] INFO  nextflow.Session - [71/e360a7] Submitted process > revertFile (84)
Dec-14 22:22:03.200 [Task submitter] INFO  nextflow.Session - [1e/ad505a] Submitted process > revertFile (79)
Dec-14 22:22:07.460 [Task monitor] DEBUG n.processor.TaskPollingMonitor - Task completed > TaskHandler[id: 53; name: writeLargeFile (53); status: COMPLETED; exit: 0; error: -; workDir: /input/data/work/a1/7ccd44c6d74ccebb608d98390fd02c]
Dec-14 22:22:07.501 [Task submitter] INFO  nextflow.Session - [9e/486e01] Submitted process > revertFile (53)
Dec-14 22:22:07.508 [Task monitor] DEBUG n.processor.TaskPollingMonitor - Task completed > TaskHandler[id: 70; name: writeLargeFile (70); status: COMPLETED; exit: 0; error: -; workDir: /input/data/work/ae/24665a8dcc8aa33b660a25df341437]
Dec-14 22:22:07.541 [Task submitter] INFO  nextflow.Session - [3d/78bf7c] Submitted process > revertFile (70)
Dec-14 22:22:07.550 [Task monitor] DEBUG n.processor.TaskPollingMonitor - Task completed > TaskHandler[id: 73; name: writeLargeFile (73); status: COMPLETED; exit: 0; error: -; workDir: /input/data/work/9e/870964e8fed446019f83d98095d1af]
Dec-14 22:22:07.589 [Task submitter] INFO  nextflow.Session - [67/b8aca5] Submitted process > revertFile (73)
Dec-14 22:22:07.621 [Task monitor] DEBUG n.processor.TaskPollingMonitor - Task completed > TaskHandler[id: 76; name: writeLargeFile (76); status: COMPLETED; exit: 0; error: -; workDir: /input/data/work/e5/3c4c3767d1cd0581b6b6957a47ab5d]
Dec-14 22:22:07.661 [Task submitter] INFO  nextflow.Session - [d4/f99397] Submitted process > revertFile (76)
Dec-14 22:22:07.665 [Task monitor] DEBUG n.processor.TaskPollingMonitor - Task completed > TaskHandler[id: 80; name: writeLargeFile (80); status: COMPLETED; exit: 0; error: -; workDir: /input/data/work/20/eb3dddd914e788e496372e22e5a3e5]
Dec-14 22:22:07.704 [Task monitor] DEBUG n.processor.TaskPollingMonitor - Task completed > TaskHandler[id: 81; name: writeLargeFile (81); status: COMPLETED; exit: 0; error: -; workDir: /input/data/work/dd/134b8eec94f62968c8e492c2efff9c]
Dec-14 22:22:07.704 [Task submitter] INFO  nextflow.Session - [e5/6805cc] Submitted process > revertFile (80)
Dec-14 22:22:07.745 [Task submitter] INFO  nextflow.Session - [aa/ca6ca3] Submitted process > revertFile (81)
Dec-14 22:22:07.746 [Task monitor] DEBUG n.processor.TaskPollingMonitor - Task completed > TaskHandler[id: 82; name: writeLargeFile (82); status: COMPLETED; exit: 0; error: -; workDir: /input/data/work/63/7b707a232e1c3986ed7f894a149598]
Dec-14 22:22:07.784 [Task submitter] INFO  nextflow.Session - [a4/feb625] Submitted process > revertFile (82)
Dec-14 22:22:12.669 [Task monitor] DEBUG n.processor.TaskPollingMonitor - Task completed > TaskHandler[id: 72; name: writeLargeFile (72); status: COMPLETED; exit: 0; error: -; workDir: /input/data/work/76/3a5de90c690ff4b74415aef417de74]
Dec-14 22:22:12.706 [Task submitter] INFO  nextflow.Session - [24/e19987] Submitted process > revertFile (72)
Dec-14 22:22:12.756 [Task monitor] DEBUG n.processor.TaskPollingMonitor - Task completed > TaskHandler[id: 77; name: writeLargeFile (77); status: COMPLETED; exit: 0; error: -; workDir: /input/data/work/00/d53d7b5b866d7a5e2a1fa83f667e8c]
Dec-14 22:22:12.796 [Task submitter] INFO  nextflow.Session - [72/6bb344] Submitted process > revertFile (77)
Dec-14 22:22:12.884 [Task monitor] DEBUG n.processor.TaskPollingMonitor - Task completed > TaskHandler[id: 78; name: writeLargeFile (78); status: COMPLETED; exit: 0; error: -; workDir: /input/data/work/e8/b9e3547bf946af1fbc7b320cd0f8e8]
Dec-14 22:22:12.924 [Task submitter] INFO  nextflow.Session - [48/7258a7] Submitted process > revertFile (78)
Dec-14 22:22:12.962 [Task monitor] DEBUG n.processor.TaskPollingMonitor - Task completed > TaskHandler[id: 83; name: writeLargeFile (83); status: COMPLETED; exit: 0; error: -; workDir: /input/data/work/d4/621a3a7286b5a663fb1f2e14a86abb]
Dec-14 22:22:13.006 [Task submitter] INFO  nextflow.Session - [6c/687b04] Submitted process > revertFile (83)
Dec-14 22:22:13.039 [Task monitor] DEBUG n.processor.TaskPollingMonitor - Task completed > TaskHandler[id: 88; name: writeLargeFile (88); status: COMPLETED; exit: 0; error: -; workDir: /input/data/work/ab/590753cfb1c9bf0679192ad0ee202f]
Dec-14 22:22:13.081 [Task submitter] INFO  nextflow.Session - [6f/8bbe8c] Submitted process > revertFile (88)
Dec-14 22:22:17.105 [Task monitor] DEBUG n.processor.TaskPollingMonitor - Task completed > TaskHandler[id: 30; name: writeLargeFile (30); status: COMPLETED; exit: 0; error: -; workDir: /input/data/work/94/fd4f779d087799a5d8dc7e691e6ddd]
Dec-14 22:22:17.141 [Task submitter] INFO  nextflow.Session - [54/6f2c79] Submitted process > revertFile (30)
Dec-14 22:22:21.844 [Task monitor] DEBUG n.processor.TaskPollingMonitor - Task completed > TaskHandler[id: 3; name: writeLargeFile (3); status: COMPLETED; exit: 0; error: -; workDir: /input/data/work/53/37b4fc6d26ec239e2dd7a4de0051e8]
Dec-14 22:22:21.939 [Task submitter] INFO  nextflow.Session - [d2/ada94c] Submitted process > revertFile (3)
Dec-14 22:22:21.959 [Task monitor] DEBUG n.processor.TaskPollingMonitor - Task completed > TaskHandler[id: 10; name: writeLargeFile (10); status: COMPLETED; exit: 0; error: -; workDir: /input/data/work/76/d3419d0488b7b613155448f28abad3]
Dec-14 22:22:21.996 [Task submitter] INFO  nextflow.Session - [15/a635e8] Submitted process > revertFile (10)
Dec-14 22:22:22.060 [Task monitor] DEBUG n.processor.TaskPollingMonitor - Task completed > TaskHandler[id: 6; name: writeLargeFile (6); status: COMPLETED; exit: 0; error: -; workDir: /input/data/work/84/3c15f877ed46ffc9f4f2ec1dc77a15]
Dec-14 22:22:22.098 [Task submitter] INFO  nextflow.Session - [76/d1322b] Submitted process > revertFile (6)
Dec-14 22:22:22.201 [Task monitor] DEBUG n.processor.TaskPollingMonitor - Task completed > TaskHandler[id: 11; name: writeLargeFile (11); status: COMPLETED; exit: 0; error: -; workDir: /input/data/work/bd/14df9cd3a9207740161b51bcb7f6e2]
Dec-14 22:22:22.276 [Task submitter] INFO  nextflow.Session - [3a/7277de] Submitted process > revertFile (11)
Dec-14 22:22:22.311 [Task monitor] DEBUG n.processor.TaskPollingMonitor - Task completed > TaskHandler[id: 25; name: writeLargeFile (25); status: COMPLETED; exit: 0; error: -; workDir: /input/data/work/ae/ec3755b885e8d7930408255864e10c]
Dec-14 22:22:22.421 [Task submitter] INFO  nextflow.Session - [f4/a7104c] Submitted process > revertFile (25)
Dec-14 22:22:22.687 [Task monitor] DEBUG n.processor.TaskPollingMonitor - Task completed > TaskHandler[id: 43; name: writeLargeFile (43); status: COMPLETED; exit: 0; error: -; workDir: /input/data/work/bc/91ea4c315a99e50fb99003694eeb1b]
Dec-14 22:22:22.796 [Task monitor] DEBUG n.processor.TaskPollingMonitor - Task completed > TaskHandler[id: 49; name: writeLargeFile (49); status: COMPLETED; exit: 0; error: -; workDir: /input/data/work/ba/69beba301bb676cf9194ad852bdc66]
Dec-14 22:22:22.796 [Task submitter] INFO  nextflow.Session - [07/a96ae2] Submitted process > revertFile (43)
Dec-14 22:22:22.835 [Task submitter] INFO  nextflow.Session - [2c/10e994] Submitted process > revertFile (49)
Dec-14 22:22:22.843 [Task monitor] DEBUG n.processor.TaskPollingMonitor - Task completed > TaskHandler[id: 56; name: writeLargeFile (56); status: COMPLETED; exit: 0; error: -; workDir: /input/data/work/79/8e2be3c40fcb75f4ec4febb52f5e0d]
Dec-14 22:22:22.878 [Task submitter] INFO  nextflow.Session - [13/527783] Submitted process > revertFile (56)
Dec-14 22:22:22.963 [Task monitor] DEBUG n.processor.TaskPollingMonitor - Task completed > TaskHandler[id: 60; name: writeLargeFile (60); status: COMPLETED; exit: 0; error: -; workDir: /input/data/work/c6/215149dff0409e8ec6d1ebc5771c18]
Dec-14 22:22:23.002 [Task submitter] INFO  nextflow.Session - [64/f666e5] Submitted process > revertFile (60)
Dec-14 22:22:26.788 [Task monitor] DEBUG n.processor.TaskPollingMonitor - Task completed > TaskHandler[id: 7; name: writeLargeFile (7); status: COMPLETED; exit: 0; error: -; workDir: /input/data/work/af/53634745446b2fcea79415070118c5]
Dec-14 22:22:26.844 [Task submitter] INFO  nextflow.Session - [b8/f8f6c3] Submitted process > revertFile (7)
Dec-14 22:22:27.091 [Task monitor] DEBUG n.processor.TaskPollingMonitor - Task completed > TaskHandler[id: 22; name: writeLargeFile (22); status: COMPLETED; exit: 0; error: -; workDir: /input/data/work/de/8dc8f910a4a9cd1fd4af31037c6d88]
Dec-14 22:22:27.153 [Task submitter] INFO  nextflow.Session - [df/7c35eb] Submitted process > revertFile (22)
Dec-14 22:22:31.797 [Task monitor] DEBUG n.processor.TaskPollingMonitor - Task completed > TaskHandler[id: 1; name: writeLargeFile (1); status: COMPLETED; exit: 0; error: -; workDir: /input/data/work/3e/902b840822740860113bc3bdb8a984]
Dec-14 22:22:31.837 [Task monitor] DEBUG n.processor.TaskPollingMonitor - Task completed > TaskHandler[id: 5; name: writeLargeFile (5); status: COMPLETED; exit: 0; error: -; workDir: /input/data/work/fd/62fb54992a2c0c6edcb039d3b3aac3]
Dec-14 22:22:31.854 [Task submitter] INFO  nextflow.Session - [ae/31ddbc] Submitted process > revertFile (1)
Dec-14 22:22:31.882 [Task monitor] DEBUG n.processor.TaskPollingMonitor - Task completed > TaskHandler[id: 8; name: writeLargeFile (8); status: COMPLETED; exit: 0; error: -; workDir: /input/data/work/f7/20dca9e3a6053edba5764da957ca22]
Dec-14 22:22:31.887 [Task submitter] INFO  nextflow.Session - [85/623f00] Submitted process > revertFile (5)
Dec-14 22:22:31.917 [Task submitter] INFO  nextflow.Session - [8e/bdf8da] Submitted process > revertFile (8)
Dec-14 22:22:31.921 [Task monitor] DEBUG n.processor.TaskPollingMonitor - Task completed > TaskHandler[id: 27; name: writeLargeFile (27); status: COMPLETED; exit: 0; error: -; workDir: /input/data/work/fb/7bbc3c398baefaa4a5829246b2b56a]
Dec-14 22:22:31.958 [Task submitter] INFO  nextflow.Session - [97/16a05f] Submitted process > revertFile (27)
Dec-14 22:22:33.528 [Task monitor] DEBUG n.processor.TaskPollingMonitor - Task completed > TaskHandler[id: 153; name: revertFile (69); status: COMPLETED; exit: 0; error: -; workDir: /input/data/work/40/5b0805fdb7844edfea416f3709b0c8]
Dec-14 22:22:36.882 [Task monitor] DEBUG n.processor.TaskPollingMonitor - Task completed > TaskHandler[id: 28; name: writeLargeFile (28); status: COMPLETED; exit: 0; error: -; workDir: /input/data/work/50/3f41d8072f5e332ff9e418a0bcc0fb]
Dec-14 22:22:37.033 [Task monitor] DEBUG n.processor.TaskPollingMonitor - Task completed > TaskHandler[id: 18; name: writeLargeFile (18); status: COMPLETED; exit: 0; error: -; workDir: /input/data/work/01/6eb9fef61ee919e7b8f479de3e7f85]
Dec-14 22:22:37.093 [Task submitter] INFO  nextflow.Session - [f9/bf3a31] Submitted process > revertFile (28)
Dec-14 22:22:37.209 [Task monitor] DEBUG n.processor.TaskPollingMonitor - Task completed > TaskHandler[id: 20; name: writeLargeFile (20); status: COMPLETED; exit: 0; error: -; workDir: /input/data/work/af/56cc4cd72a6f4d85b86df24209ecd0]
Dec-14 22:22:37.247 [Task submitter] INFO  nextflow.Session - [15/38926f] Submitted process > revertFile (18)
Dec-14 22:22:37.417 [Task monitor] DEBUG n.processor.TaskPollingMonitor - Task completed > TaskHandler[id: 21; name: writeLargeFile (21); status: COMPLETED; exit: 0; error: -; workDir: /input/data/work/df/fc3108e6d2342757bff8e20bc0dfb5]
Dec-14 22:22:37.433 [Task submitter] INFO  nextflow.Session - [6b/072101] Submitted process > revertFile (20)
Dec-14 22:22:37.691 [Task submitter] INFO  nextflow.Session - [49/5af447] Submitted process > revertFile (21)
Dec-14 22:22:37.694 [Task monitor] DEBUG n.processor.TaskPollingMonitor - Task completed > TaskHandler[id: 101; name: revertFile (12); status: COMPLETED; exit: 0; error: -; workDir: /input/data/work/fc/61e338eefc2c1a144b325b56e91f84]
Dec-14 22:22:43.941 [Task monitor] DEBUG n.processor.TaskPollingMonitor - Task completed > TaskHandler[id: 179; name: revertFile (83); status: COMPLETED; exit: 0; error: -; workDir: /input/data/work/6c/687b04301ed32dc4ce3ddbd68ffabf]
Dec-14 22:22:45.059 [Task monitor] DEBUG n.processor.TaskPollingMonitor - Task completed > TaskHandler[id: 192; name: revertFile (22); status: COMPLETED; exit: 0; error: -; workDir: /input/data/work/df/7c35eb485f2a47a1a8af8f49edf36f]
Dec-14 22:22:45.570 [Task monitor] DEBUG n.processor.TaskPollingMonitor - Task completed > TaskHandler[id: 103; name: revertFile (24); status: COMPLETED; exit: 0; error: -; workDir: /input/data/work/77/1b17084a659130983cc7e3de3258e2]
Dec-14 22:22:45.893 [Task monitor] DEBUG n.processor.TaskPollingMonitor - Task completed > TaskHandler[id: 106; name: revertFile (32); status: COMPLETED; exit: 0; error: -; workDir: /input/data/work/a9/7561c0a03a3df4b36894fbf5a8b21e]
Dec-14 22:22:48.520 [Task monitor] DEBUG n.processor.TaskPollingMonitor - Task completed > TaskHandler[id: 143; name: revertFile (58); status: COMPLETED; exit: 0; error: -; workDir: /input/data/work/8c/ded0fd14d6c237a44305e2facb79cc]
Dec-14 22:22:48.891 [Task monitor] DEBUG n.processor.TaskPollingMonitor - Task completed > TaskHandler[id: 148; name: revertFile (55); status: COMPLETED; exit: 0; error: -; workDir: /input/data/work/14/80b5d3554b88d2d0ac83cac18eeb7b]
Dec-14 22:22:50.090 [Task monitor] DEBUG n.processor.TaskPollingMonitor - Task completed > TaskHandler[id: 165; name: revertFile (71); status: COMPLETED; exit: 0; error: -; workDir: /input/data/work/a9/0a7b02f0e07c2e2b0ddb8f7a075e93]
Dec-14 22:22:52.724 [Task monitor] DEBUG n.processor.TaskPollingMonitor - Task completed > TaskHandler[id: 114; name: revertFile (87); status: COMPLETED; exit: 0; error: -; workDir: /input/data/work/cd/491db4d554ace350560ad2e3fded46]
Dec-14 22:22:53.351 [Task monitor] DEBUG n.processor.TaskPollingMonitor - Task completed > TaskHandler[id: 123; name: revertFile (90); status: COMPLETED; exit: 0; error: -; workDir: /input/data/work/fb/a18fa11239f47836a9cdfb75153844]
Dec-14 22:22:56.690 [Task monitor] DEBUG n.processor.TaskPollingMonitor - Task completed > TaskHandler[id: 184; name: revertFile (6); status: COMPLETED; exit: 0; error: -; workDir: /input/data/work/76/d1322bfed0cdb8e2ff7d33efaf1d8e]
Dec-14 22:22:57.765 [Task monitor] DEBUG n.processor.TaskPollingMonitor - Task completed > TaskHandler[id: 105; name: revertFile (26); status: COMPLETED; exit: 0; error: -; workDir: /input/data/work/22/785e25cd7ac5d81f6246be32b0a36c]
Dec-14 22:22:58.215 [Task monitor] DEBUG n.processor.TaskPollingMonitor - Task completed > TaskHandler[id: 118; name: revertFile (94); status: COMPLETED; exit: 0; error: -; workDir: /input/data/work/14/d50b0dd96cf3c8a5f395d208a40793]
Dec-14 22:22:58.668 [Task monitor] DEBUG n.processor.TaskPollingMonitor - Task completed > TaskHandler[id: 135; name: revertFile (46); status: COMPLETED; exit: 0; error: -; workDir: /input/data/work/50/c3c7fc522c733049a80c3ab6e7020c]
Dec-14 22:22:59.026 [Task monitor] DEBUG n.processor.TaskPollingMonitor - Task completed > TaskHandler[id: 140; name: revertFile (36); status: COMPLETED; exit: 0; error: -; workDir: /input/data/work/14/3d2360a232c8c50c718973286314bb]
Dec-14 22:22:59.320 [Task monitor] DEBUG n.processor.TaskPollingMonitor - Task completed > TaskHandler[id: 146; name: revertFile (54); status: COMPLETED; exit: 0; error: -; workDir: /input/data/work/c7/d4e25d55b2c98822be2f6f1af2612b]
Dec-14 22:23:03.185 [Task monitor] DEBUG n.processor.TaskPollingMonitor - Task completed > TaskHandler[id: 129; name: revertFile (44); status: COMPLETED; exit: 0; error: -; workDir: /input/data/work/7e/bf094910ef2edddcab1101e303abe6]
Dec-14 22:23:04.700 [Task monitor] DEBUG n.processor.TaskPollingMonitor - Task completed > TaskHandler[id: 193; name: revertFile (1); status: COMPLETED; exit: 0; error: -; workDir: /input/data/work/ae/31ddbc607a48580c18072921a71267]
Dec-14 22:23:04.773 [Task monitor] DEBUG n.processor.TaskPollingMonitor - Task completed > TaskHandler[id: 195; name: revertFile (8); status: COMPLETED; exit: 0; error: -; workDir: /input/data/work/8e/bdf8daa0d2be204dc7d5c4a4346c13]
Dec-14 22:23:07.583 [Task monitor] DEBUG n.processor.TaskPollingMonitor - Task completed > TaskHandler[id: 102; name: revertFile (29); status: COMPLETED; exit: 0; error: -; workDir: /input/data/work/98/5a807a9508f989c0970a322df07a67]
Dec-14 22:23:07.819 [Task monitor] DEBUG n.processor.TaskPollingMonitor - Task completed > TaskHandler[id: 113; name: revertFile (93); status: COMPLETED; exit: 0; error: -; workDir: /input/data/work/ea/372d96cb78d4e5b2d133f6d25d78af]
Dec-14 22:23:09.032 [Task monitor] DEBUG n.processor.TaskPollingMonitor - Task completed > TaskHandler[id: 166; name: revertFile (74); status: COMPLETED; exit: 0; error: -; workDir: /input/data/work/b2/dab66f18f02e9be93945349c922096]
Dec-14 22:23:17.703 [Task monitor] DEBUG n.processor.TaskPollingMonitor - Task completed > TaskHandler[id: 109; name: revertFile (17); status: COMPLETED; exit: 0; error: -; workDir: /input/data/work/b6/eae5a796e5053357816d2bc4552725]
Dec-14 22:23:17.916 [Task monitor] DEBUG n.processor.TaskPollingMonitor - Task completed > TaskHandler[id: 119; name: revertFile (34); status: COMPLETED; exit: 0; error: -; workDir: /input/data/work/89/dbbebd56f5c55f0b45ccfe660ec1f8]
Dec-14 22:23:17.957 [Task monitor] DEBUG n.processor.TaskPollingMonitor - Task completed > TaskHandler[id: 120; name: revertFile (47); status: COMPLETED; exit: 0; error: -; workDir: /input/data/work/ce/a6037ffbc905e66a7d82bf790ed0b4]
Dec-14 22:23:18.321 [Task monitor] DEBUG n.processor.TaskPollingMonitor - Task completed > TaskHandler[id: 134; name: revertFile (50); status: COMPLETED; exit: 0; error: -; workDir: /input/data/work/e4/978646106c620132097c337d5accf2]
Dec-14 22:23:18.616 [Task monitor] DEBUG n.processor.TaskPollingMonitor - Task completed > TaskHandler[id: 149; name: revertFile (85); status: COMPLETED; exit: 0; error: -; workDir: /input/data/work/da/b0a4a1da05a4efa8c948485839275b]
Dec-14 22:23:19.147 [Task monitor] DEBUG n.processor.TaskPollingMonitor - Task completed > TaskHandler[id: 171; name: revertFile (73); status: COMPLETED; exit: 0; error: -; workDir: /input/data/work/67/b8aca5bdf971050e4f41431a0f04eb]
Dec-14 22:23:19.443 [Task monitor] DEBUG n.processor.TaskPollingMonitor - Task completed > TaskHandler[id: 183; name: revertFile (10); status: COMPLETED; exit: 0; error: -; workDir: /input/data/work/15/a635e8dff3f07bb70d38d57af30ead]
Dec-14 22:23:19.515 [Task monitor] DEBUG n.processor.TaskPollingMonitor - Task completed > TaskHandler[id: 186; name: revertFile (25); status: COMPLETED; exit: 0; error: -; workDir: /input/data/work/f4/a7104ccd3613ad0b22d6b30dcd72e1]
Dec-14 22:23:19.587 [Task monitor] DEBUG n.processor.TaskPollingMonitor - Task completed > TaskHandler[id: 188; name: revertFile (49); status: COMPLETED; exit: 0; error: -; workDir: /input/data/work/2c/10e994c0cc5e908a997719251e6ddd]
Dec-14 22:23:23.281 [Task monitor] DEBUG n.processor.TaskPollingMonitor - Task completed > TaskHandler[id: 145; name: revertFile (57); status: COMPLETED; exit: 0; error: -; workDir: /input/data/work/42/d4a0d7ccd7973156d54e61c2a9ac46]
Dec-14 22:23:23.990 [Task monitor] DEBUG n.processor.TaskPollingMonitor - Task completed > TaskHandler[id: 178; name: revertFile (78); status: COMPLETED; exit: 0; error: -; workDir: /input/data/work/48/7258a7ba3b2848df4dff6c31074b12]
Dec-14 22:23:27.601 [Task monitor] DEBUG n.processor.TaskPollingMonitor - Task completed > TaskHandler[id: 104; name: revertFile (4); status: COMPLETED; exit: 0; error: -; workDir: /input/data/work/f6/d2b9b7272df0a5cc98f3eaf6db52f8]
Dec-14 22:23:28.741 [Task monitor] DEBUG n.processor.TaskPollingMonitor - Task completed > TaskHandler[id: 160; name: revertFile (63); status: COMPLETED; exit: 0; error: -; workDir: /input/data/work/38/b843719910e2c691658d5731f101a3]
Dec-14 22:23:32.585 [Task monitor] DEBUG n.processor.TaskPollingMonitor - Task completed > TaskHandler[id: 107; name: revertFile (13); status: COMPLETED; exit: 0; error: -; workDir: /input/data/work/16/d37c8d4d83ec859e61da98f051197e]
Dec-14 22:23:32.760 [Task monitor] DEBUG n.processor.TaskPollingMonitor - Task completed > TaskHandler[id: 116; name: revertFile (96); status: COMPLETED; exit: 0; error: -; workDir: /input/data/work/b8/6f3bc1e90011c8a3d426e221c10658]
Dec-14 22:23:33.151 [Task monitor] DEBUG n.processor.TaskPollingMonitor - Task completed > TaskHandler[id: 137; name: revertFile (86); status: COMPLETED; exit: 0; error: -; workDir: /input/data/work/2b/71563a97b824966c5ba93a19240322]
Dec-14 22:23:33.343 [Task monitor] DEBUG n.processor.TaskPollingMonitor - Task completed > TaskHandler[id: 150; name: revertFile (61); status: COMPLETED; exit: 0; error: -; workDir: /input/data/work/41/2ff52e5b967c85a3441d3e7e2a92c1]
Dec-14 22:23:34.050 [Task monitor] DEBUG n.processor.TaskPollingMonitor - Task completed > TaskHandler[id: 182; name: revertFile (3); status: COMPLETED; exit: 0; error: -; workDir: /input/data/work/d2/ada94cd0e49a91fde0413d45af5885]
Dec-14 22:23:37.656 [Task monitor] DEBUG n.processor.TaskPollingMonitor - Task completed > TaskHandler[id: 112; name: revertFile (19); status: COMPLETED; exit: 0; error: -; workDir: /input/data/work/e9/2a291776137729d40c7cefdb076dd9]
Dec-14 22:23:38.117 [Task monitor] DEBUG n.processor.TaskPollingMonitor - Task completed > TaskHandler[id: 139; name: revertFile (31); status: COMPLETED; exit: 0; error: -; workDir: /input/data/work/74/5f7e5522bbc6f8cd9fb7aea2101a41]
Dec-14 22:23:39.218 [Task monitor] DEBUG n.processor.TaskPollingMonitor - Task completed > TaskHandler[id: 198; name: revertFile (18); status: COMPLETED; exit: 0; error: -; workDir: /input/data/work/15/38926f744c4e05b2543d2de7633f50]
Dec-14 22:23:43.183 [Task monitor] DEBUG n.processor.TaskPollingMonitor - Task completed > TaskHandler[id: 131; name: revertFile (45); status: COMPLETED; exit: 0; error: -; workDir: /input/data/work/15/15ee5b9db21033891585ed2a46d056]
Dec-14 22:23:43.427 [Task monitor] DEBUG n.processor.TaskPollingMonitor - Task completed > TaskHandler[id: 138; name: revertFile (23); status: COMPLETED; exit: 0; error: -; workDir: /input/data/work/d0/d10a73c2e3af63ae3c1ee70a058695]
Dec-14 22:23:43.555 [Task monitor] DEBUG n.processor.TaskPollingMonitor - Task completed > TaskHandler[id: 147; name: revertFile (59); status: COMPLETED; exit: 0; error: -; workDir: /input/data/work/63/eea4bd17fc326cff006b955c0eaf7f]
Dec-14 22:23:43.843 [Task monitor] DEBUG n.processor.TaskPollingMonitor - Task completed > TaskHandler[id: 156; name: revertFile (64); status: COMPLETED; exit: 0; error: -; workDir: /input/data/work/ee/29f35eb2182ca8e468eb8179d66e76]
Dec-14 22:23:44.418 [Task monitor] DEBUG n.processor.TaskPollingMonitor - Task completed > TaskHandler[id: 168; name: revertFile (79); status: COMPLETED; exit: 0; error: -; workDir: /input/data/work/1e/ad505a06ee6b29ec5c899444ab857d]
Dec-14 22:23:44.737 [Task monitor] DEBUG n.processor.TaskPollingMonitor - Task completed > TaskHandler[id: 180; name: revertFile (88); status: COMPLETED; exit: 0; error: -; workDir: /input/data/work/6f/8bbe8c85e3e7bfe069761d1a5b5217]
Dec-14 22:23:48.303 [Task monitor] DEBUG n.processor.TaskPollingMonitor - Task completed > TaskHandler[id: 161; name: revertFile (99); status: COMPLETED; exit: 0; error: -; workDir: /input/data/work/78/da6d7298ca29e5a5deefe0ec8a78d5]
Dec-14 22:23:48.578 [Task monitor] DEBUG n.processor.TaskPollingMonitor - Task completed > TaskHandler[id: 175; name: revertFile (82); status: COMPLETED; exit: 0; error: -; workDir: /input/data/work/a4/feb625d72fde716d0c6901f0d697d8]
Dec-14 22:23:48.709 [Task monitor] DEBUG n.processor.TaskPollingMonitor - Task completed > TaskHandler[id: 185; name: revertFile (11); status: COMPLETED; exit: 0; error: -; workDir: /input/data/work/3a/7277ded12bdf396498b2ad6a17897a]
Dec-14 22:23:57.850 [Task monitor] DEBUG n.processor.TaskPollingMonitor - Task completed > TaskHandler[id: 111; name: revertFile (14); status: COMPLETED; exit: 0; error: -; workDir: /input/data/work/2b/52112e75f1a2265125f141f74598b4]
Dec-14 22:23:58.078 [Task monitor] DEBUG n.processor.TaskPollingMonitor - Task completed > TaskHandler[id: 115; name: revertFile (95); status: COMPLETED; exit: 0; error: -; workDir: /input/data/work/4f/31ac51df73c600cbae7515965021d6]
Dec-14 22:23:58.351 [Task monitor] DEBUG n.processor.TaskPollingMonitor - Task completed > TaskHandler[id: 122; name: revertFile (91); status: COMPLETED; exit: 0; error: -; workDir: /input/data/work/3b/f1869ea2424e28771b8610ce4fd4ca]
Dec-14 22:23:58.458 [Task monitor] DEBUG n.processor.TaskPollingMonitor - Task completed > TaskHandler[id: 126; name: revertFile (38); status: COMPLETED; exit: 0; error: -; workDir: /input/data/work/30/765b1c341f9d158e1ac1c38c3a41f7]
Dec-14 22:23:58.498 [Task monitor] DEBUG n.processor.TaskPollingMonitor - Task completed > TaskHandler[id: 127; name: revertFile (37); status: COMPLETED; exit: 0; error: -; workDir: /input/data/work/53/24a6f0adbb71e3795c8537c626bf25]
Dec-14 22:23:58.619 [Task monitor] DEBUG n.processor.TaskPollingMonitor - Task completed > TaskHandler[id: 132; name: revertFile (39); status: COMPLETED; exit: 0; error: -; workDir: /input/data/work/62/a291a5c26aa69ffd15e4a76f80240d]
Dec-14 22:23:58.661 [Task monitor] DEBUG n.processor.TaskPollingMonitor - Task completed > TaskHandler[id: 133; name: revertFile (40); status: COMPLETED; exit: 0; error: -; workDir: /input/data/work/2e/1263131385c7d8fb0c910c78960507]
Dec-14 22:23:59.111 [Task monitor] DEBUG n.processor.TaskPollingMonitor - Task completed > TaskHandler[id: 157; name: revertFile (100); status: COMPLETED; exit: 0; error: -; workDir: /input/data/work/51/a933d8a17ddab168e450071fd48491]
Dec-14 22:23:59.302 [Task monitor] DEBUG n.processor.TaskPollingMonitor - Task completed > TaskHandler[id: 169; name: revertFile (53); status: COMPLETED; exit: 0; error: -; workDir: /input/data/work/9e/486e01bb7d4e209e18c87268503c57]
Dec-14 22:24:02.766 [Task monitor] DEBUG n.processor.TaskPollingMonitor - Task completed > TaskHandler[id: 130; name: revertFile (35); status: COMPLETED; exit: 0; error: -; workDir: /input/data/work/24/a0915890c0098650ea61d1a64588cf]
Dec-14 22:24:03.317 [Task monitor] DEBUG n.processor.TaskPollingMonitor - Task completed > TaskHandler[id: 174; name: revertFile (81); status: COMPLETED; exit: 0; error: -; workDir: /input/data/work/aa/ca6ca38962451ed24df41b5f625e64]
Dec-14 22:24:03.593 [Task monitor] DEBUG n.processor.TaskPollingMonitor - Task completed > TaskHandler[id: 196; name: revertFile (27); status: COMPLETED; exit: 0; error: -; workDir: /input/data/work/97/16a05fb764dc136eb17da98e89c04c]
Dec-14 22:24:12.627 [Task monitor] DEBUG n.processor.TaskPollingMonitor - Task completed > TaskHandler[id: 117; name: revertFile (97); status: COMPLETED; exit: 0; error: -; workDir: /input/data/work/db/b2ff3470b646db9f12d0ab32ca5782]
Dec-14 22:24:12.814 [Task monitor] DEBUG n.processor.TaskPollingMonitor - Task completed > TaskHandler[id: 124; name: revertFile (98); status: COMPLETED; exit: 0; error: -; workDir: /input/data/work/16/fe8a15cafdaad2a8960de0dd901997]
Dec-14 22:24:13.239 [Task monitor] DEBUG n.processor.TaskPollingMonitor - Task completed > TaskHandler[id: 167; name: revertFile (84); status: COMPLETED; exit: 0; error: -; workDir: /input/data/work/71/e360a78c66d214c24b92af98238625]
Dec-14 22:24:13.414 [Task monitor] DEBUG n.processor.TaskPollingMonitor - Task completed > TaskHandler[id: 181; name: revertFile (30); status: COMPLETED; exit: 0; error: -; workDir: /input/data/work/54/6f2c79c5ede4cdd4b6b2ea229da4ee]
Dec-14 22:24:13.584 [Task monitor] DEBUG n.processor.TaskPollingMonitor - Task completed > TaskHandler[id: 197; name: revertFile (28); status: COMPLETED; exit: 0; error: -; workDir: /input/data/work/f9/bf3a3161d66c91d5789faf932bf0b6]
Dec-14 22:24:13.625 [Task monitor] DEBUG n.processor.TaskPollingMonitor - Task completed > TaskHandler[id: 199; name: revertFile (20); status: COMPLETED; exit: 0; error: -; workDir: /input/data/work/6b/0721014d6b0dfa507800e569cb7790]
Dec-14 22:24:17.877 [Task monitor] DEBUG n.processor.TaskPollingMonitor - Task completed > TaskHandler[id: 152; name: revertFile (89); status: COMPLETED; exit: 0; error: -; workDir: /input/data/work/ae/a8c1430f14ae5d89cda17a79a8f498]
Dec-14 22:24:17.934 [Task monitor] DEBUG n.processor.TaskPollingMonitor - Task completed > TaskHandler[id: 155; name: revertFile (67); status: COMPLETED; exit: 0; error: -; workDir: /input/data/work/e0/e7fb798a12f60ec0327747bcb73c7f]
Dec-14 22:24:18.026 [Task monitor] DEBUG n.processor.TaskPollingMonitor - Task completed > TaskHandler[id: 162; name: revertFile (62); status: COMPLETED; exit: 0; error: -; workDir: /input/data/work/96/9439766901804ba74603a136b0720c]
Dec-14 22:24:18.065 [Task monitor] DEBUG n.processor.TaskPollingMonitor - Task completed > TaskHandler[id: 163; name: revertFile (68); status: COMPLETED; exit: 0; error: -; workDir: /input/data/work/47/5c1e6d6787277091b22bbba72f6861]
Dec-14 22:24:18.108 [Task monitor] DEBUG n.processor.TaskPollingMonitor - Task completed > TaskHandler[id: 164; name: revertFile (66); status: COMPLETED; exit: 0; error: -; workDir: /input/data/work/2d/c5996bf0975e8971da662cf26676ae]
Dec-14 22:24:18.420 [Task monitor] DEBUG n.processor.TaskPollingMonitor - Task completed > TaskHandler[id: 200; name: revertFile (21); status: COMPLETED; exit: 0; error: -; workDir: /input/data/work/49/5af447149090bff0ceb3b5fa50010c]
Dec-14 22:24:27.604 [Task monitor] DEBUG n.processor.TaskPollingMonitor - Task completed > TaskHandler[id: 110; name: revertFile (2); status: COMPLETED; exit: 0; error: -; workDir: /input/data/work/0a/94a4966169685da5ce4108313d4733]
Dec-14 22:24:27.642 [Task monitor] DEBUG n.processor.TaskPollingMonitor - Task completed > TaskHandler[id: 121; name: revertFile (33); status: COMPLETED; exit: 0; error: -; workDir: /input/data/work/1e/085e1e2475661600602d9ab5a2c250]
Dec-14 22:24:27.684 [Task monitor] DEBUG n.processor.TaskPollingMonitor - Task completed > TaskHandler[id: 125; name: revertFile (16); status: COMPLETED; exit: 0; error: -; workDir: /input/data/work/ce/ccff6ef2d447a078c71533753b76fd]
Dec-14 22:24:27.726 [Task monitor] DEBUG n.processor.TaskPollingMonitor - Task completed > TaskHandler[id: 128; name: revertFile (41); status: COMPLETED; exit: 0; error: -; workDir: /input/data/work/2c/b968a9c1781b1db45ec32d7b7487f6]
Dec-14 22:24:27.796 [Task monitor] DEBUG n.processor.TaskPollingMonitor - Task completed > TaskHandler[id: 141; name: revertFile (48); status: COMPLETED; exit: 0; error: -; workDir: /input/data/work/07/10179a9f22cb8083b058e629be2014]
Dec-14 22:24:27.842 [Task monitor] DEBUG n.processor.TaskPollingMonitor - Task completed > TaskHandler[id: 142; name: revertFile (51); status: COMPLETED; exit: 0; error: -; workDir: /input/data/work/c0/89918535ce8e90c74a5685fdefbce1]
Dec-14 22:24:28.014 [Task monitor] DEBUG n.processor.TaskPollingMonitor - Task completed > TaskHandler[id: 170; name: revertFile (70); status: COMPLETED; exit: 0; error: -; workDir: /input/data/work/3d/78bf7c693eee8577d258b0417a9ed8]
Dec-14 22:24:28.097 [Task monitor] DEBUG n.processor.TaskPollingMonitor - Task completed > TaskHandler[id: 173; name: revertFile (80); status: COMPLETED; exit: 0; error: -; workDir: /input/data/work/e5/6805cc2f2d494fe8c3ad93d4b99dff]
Dec-14 22:24:28.261 [Task monitor] DEBUG n.processor.TaskPollingMonitor - Task completed > TaskHandler[id: 194; name: revertFile (5); status: COMPLETED; exit: 0; error: -; workDir: /input/data/work/85/623f00f23883eee66e52cd8be37bfa]
Dec-14 22:24:32.678 [Task monitor] DEBUG n.processor.TaskPollingMonitor - Task completed > TaskHandler[id: 154; name: revertFile (92); status: COMPLETED; exit: 0; error: -; workDir: /input/data/work/62/7bf21073f69de0416aa6d9865751dd]
Dec-14 22:24:32.799 [Task monitor] DEBUG n.processor.TaskPollingMonitor - Task completed > TaskHandler[id: 177; name: revertFile (77); status: COMPLETED; exit: 0; error: -; workDir: /input/data/work/72/6bb344168ccc6e5e18b3e8b7b36233]
Dec-14 22:24:32.869 [Task monitor] DEBUG n.processor.TaskPollingMonitor - Task completed > TaskHandler[id: 189; name: revertFile (56); status: COMPLETED; exit: 0; error: -; workDir: /input/data/work/13/527783cb2db0f2b5631775d1e7bd3a]
Dec-14 22:24:37.672 [Task monitor] DEBUG n.processor.TaskPollingMonitor - Task completed > TaskHandler[id: 158; name: revertFile (65); status: COMPLETED; exit: 0; error: -; workDir: /input/data/work/72/42e2ee243a8338dbec86e230c56ef7]
Dec-14 22:24:37.724 [Task monitor] DEBUG n.processor.TaskPollingMonitor - Task completed > TaskHandler[id: 172; name: revertFile (76); status: COMPLETED; exit: 0; error: -; workDir: /input/data/work/d4/f99397a1d9b000adad7c2cfc296e71]
Dec-14 22:24:37.842 [Task monitor] DEBUG n.processor.TaskPollingMonitor - Task completed > TaskHandler[id: 191; name: revertFile (7); status: COMPLETED; exit: 0; error: -; workDir: /input/data/work/b8/f8f6c303b99247c9060795ae6b3883]
Dec-14 22:24:42.592 [Task monitor] DEBUG n.processor.TaskPollingMonitor - Task completed > TaskHandler[id: 108; name: revertFile (15); status: COMPLETED; exit: 0; error: -; workDir: /input/data/work/a1/b94e372ea3e3cb64a664ef11232210]
Dec-14 22:24:42.681 [Task monitor] DEBUG n.processor.TaskPollingMonitor - Task completed > TaskHandler[id: 151; name: revertFile (75); status: COMPLETED; exit: 0; error: -; workDir: /input/data/work/91/e7661850891cc55e660f9a59e342e1]
Dec-14 22:24:42.722 [Task monitor] DEBUG n.processor.TaskPollingMonitor - Task completed > TaskHandler[id: 159; name: revertFile (9); status: COMPLETED; exit: 0; error: -; workDir: /input/data/work/2d/19f1e7cfb4cdb75f3475e262a0036e]
Dec-14 22:24:47.610 [Task monitor] DEBUG n.processor.TaskPollingMonitor - Task completed > TaskHandler[id: 144; name: revertFile (52); status: COMPLETED; exit: 0; error: -; workDir: /input/data/work/d1/e0518716c2f755c09e59f71f760b93]
Dec-14 22:24:47.652 [Task monitor] DEBUG n.processor.TaskPollingMonitor - Task completed > TaskHandler[id: 176; name: revertFile (72); status: COMPLETED; exit: 0; error: -; workDir: /input/data/work/24/e19987664077e49f06b0314a5767ff]
Dec-14 22:24:47.708 [Task monitor] DEBUG n.processor.TaskPollingMonitor - Task completed > TaskHandler[id: 190; name: revertFile (60); status: COMPLETED; exit: 0; error: -; workDir: /input/data/work/64/f666e5e08daad4260fc6798f09af4f]
Dec-14 22:24:52.593 [Task monitor] DEBUG n.processor.TaskPollingMonitor - Task completed > TaskHandler[id: 136; name: revertFile (42); status: COMPLETED; exit: 0; error: -; workDir: /input/data/work/1b/3fa045fa89eb14474586b867154418]
Dec-14 22:24:57.589 [Task monitor] DEBUG n.processor.TaskPollingMonitor - Task completed > TaskHandler[id: 187; name: revertFile (43); status: COMPLETED; exit: 0; error: -; workDir: /input/data/work/07/a96ae2b366db81aa24bc26afee2471]
Dec-14 22:24:57.592 [main] DEBUG nextflow.Session - Session await > all processes finished
Dec-14 22:24:57.594 [main] DEBUG nextflow.Session - Session await > all barriers passed
Dec-14 22:24:57.605 [main] DEBUG n.trace.WorkflowStatsObserver - Workflow completed > WorkflowStats[succeededCount=200; failedCount=0; ignoredCount=0; cachedCount=0; pendingCount=0; submittedCount=0; runningCount=0; retriesCount=0; abortedCount=0; succeedDuration=1h 36m 40s; failedDuration=0ms; cachedDuration=0ms;loadCpus=0; loadMemory=0; peakRunning=14; peakCpus=140; peakMemory=140 GB; ]
Dec-14 22:24:57.605 [main] DEBUG nextflow.trace.TraceFileObserver - Workflow completed -- saving trace file
Dec-14 22:24:57.608 [main] DEBUG nextflow.trace.ReportObserver - Workflow completed -- rendering execution report
Dec-14 22:24:58.281 [main] DEBUG nextflow.trace.TimelineObserver - Workflow completed -- rendering execution timeline
Dec-14 22:24:58.440 [main] DEBUG nextflow.cache.CacheDB - Closing CacheDB done
Dec-14 22:24:58.463 [main] DEBUG nextflow.util.ThreadPoolManager - Thread pool 'FileTransfer' shutdown completed (hard=false)
Dec-14 22:24:58.463 [main] DEBUG nextflow.script.ScriptRunner - > Execution complete -- Goodbye
