Jan-26 02:32:13.755 [main] DEBUG nextflow.cli.Launcher - $> nextflow run /input/group -c /experiments/experiment/group/nextflow.config -c /experiments/experiment/nextflow_la.config -c /experiments/experiment/nextflow_nfs.config
Jan-26 02:32:13.811 [main] INFO  nextflow.cli.CmdRun - N E X T F L O W  ~  version 23.07.0-edge
Jan-26 02:32:13.829 [main] DEBUG nextflow.plugin.PluginsFacade - Setting up plugin manager > mode=prod; embedded=false; plugins-dir=/.nextflow/plugins; core-plugins: nf-amazon@2.1.0,nf-azure@1.1.4,nf-cloudcache@0.1.0,nf-codecommit@0.1.5,nf-console@1.0.6,nf-ga4gh@1.1.0,nf-google@1.8.1,nf-tower@1.5.15,nf-wave@0.11.0
Jan-26 02:32:13.839 [main] INFO  o.pf4j.DefaultPluginStatusProvider - Enabled plugins: []
Jan-26 02:32:13.839 [main] INFO  o.pf4j.DefaultPluginStatusProvider - Disabled plugins: []
Jan-26 02:32:13.842 [main] INFO  org.pf4j.DefaultPluginManager - PF4J version 3.4.1 in 'deployment' mode
Jan-26 02:32:13.849 [main] INFO  org.pf4j.AbstractPluginManager - No plugins
Jan-26 02:32:13.868 [main] DEBUG nextflow.scm.AssetManager - Project manifest does not exist: /input/group/nextflow.config (No such file or directory)
Jan-26 02:32:13.890 [main] DEBUG nextflow.config.ConfigBuilder - User config file: /experiments/experiment/group/nextflow.config
Jan-26 02:32:13.891 [main] DEBUG nextflow.config.ConfigBuilder - User config file: /experiments/experiment/nextflow_la.config
Jan-26 02:32:13.891 [main] DEBUG nextflow.config.ConfigBuilder - User config file: /experiments/experiment/nextflow_nfs.config
Jan-26 02:32:13.891 [main] DEBUG nextflow.config.ConfigBuilder - Parsing config file: /experiments/experiment/group/nextflow.config
Jan-26 02:32:13.892 [main] DEBUG nextflow.config.ConfigBuilder - Parsing config file: /experiments/experiment/nextflow_la.config
Jan-26 02:32:13.892 [main] DEBUG nextflow.config.ConfigBuilder - Parsing config file: /experiments/experiment/nextflow_nfs.config
Jan-26 02:32:13.912 [main] DEBUG nextflow.config.ConfigBuilder - Applying config profile: `standard`
Jan-26 02:32:14.405 [main] DEBUG nextflow.config.ConfigBuilder - Applying config profile: `standard`
Jan-26 02:32:14.562 [main] DEBUG nextflow.config.ConfigBuilder - Applying config profile: `standard`
Jan-26 02:32:14.595 [main] DEBUG nextflow.cli.CmdRun - Applied DSL=2 by global default
Jan-26 02:32:14.609 [main] INFO  nextflow.cli.CmdRun - Launching `/input/group/main.nf` [small_shirley] DSL2 - revision: eb2bec4e66
Jan-26 02:32:14.609 [main] DEBUG nextflow.plugin.PluginsFacade - Plugins default=[]
Jan-26 02:32:14.609 [main] DEBUG nextflow.plugin.PluginsFacade - Plugins resolved requirement=[]
Jan-26 02:32:14.617 [main] DEBUG n.secret.LocalSecretsProvider - Secrets store: /.nextflow/secrets/store.json
Jan-26 02:32:14.619 [main] DEBUG nextflow.secret.SecretsLoader - Discovered secrets providers: [nextflow.secret.LocalSecretsProvider@1d12e953] - activable => nextflow.secret.LocalSecretsProvider@1d12e953
Jan-26 02:32:14.673 [main] DEBUG nextflow.Session - Session UUID: 86579dd1-ce1d-470e-b914-85bc598c58e0
Jan-26 02:32:14.673 [main] DEBUG nextflow.Session - Run name: small_shirley
Jan-26 02:32:14.674 [main] DEBUG nextflow.Session - Executor pool size: 32
Jan-26 02:32:14.679 [main] DEBUG nextflow.file.FilePorter - File porter settings maxRetries=3; maxTransfers=50; pollTimeout=null
Jan-26 02:32:14.682 [main] DEBUG nextflow.util.ThreadPoolBuilder - Creating thread pool 'FileTransfer' minSize=10; maxSize=96; workQueue=LinkedBlockingQueue[10000]; allowCoreThreadTimeout=false
Jan-26 02:32:14.715 [main] DEBUG nextflow.cli.CmdRun - 
  Version: 23.07.0-edge build 5875
  Created: 28-07-2023 20:27 UTC (20:27 GMT)
  System: Linux 5.4.0-169-generic
  Runtime: Groovy 3.0.18 on OpenJDK 64-Bit Server VM 17.0.6+10-LTS
  Encoding: UTF-8 (UTF-8)
  Process: 348783@nextflow [10.233.76.49]
  CPUs: 32 - Mem: 125.7 GB (122.1 GB) - Swap: 0 (0)
Jan-26 02:32:14.756 [main] DEBUG nextflow.Session - Work-dir: /input/data/work [nfs]
Jan-26 02:32:14.756 [main] DEBUG nextflow.Session - Script base path does not exist or is not a directory: /input/group/bin
Jan-26 02:32:14.764 [main] DEBUG nextflow.executor.ExecutorFactory - Extension executors providers=[]
Jan-26 02:32:14.771 [main] DEBUG nextflow.Session - Observer factory: DefaultObserverFactory
Jan-26 02:32:14.805 [main] DEBUG nextflow.cache.CacheFactory - Using Nextflow cache factory: nextflow.cache.DefaultCacheFactory
Jan-26 02:32:14.812 [main] DEBUG nextflow.util.CustomThreadPool - Creating default thread pool > poolSize: 33; maxThreads: 1000
Jan-26 02:32:14.912 [main] DEBUG nextflow.Session - Session start
Jan-26 02:32:14.916 [main] DEBUG nextflow.trace.TraceFileObserver - Workflow started -- trace file: /input/data/output/trace.csv
Jan-26 02:32:15.099 [main] DEBUG nextflow.script.ScriptRunner - > Launching execution
Jan-26 02:32:15.321 [main] DEBUG nextflow.script.ProcessConfig - Config settings `withName:writeLargeFile` matches process writeLargeFile
Jan-26 02:32:15.332 [main] DEBUG nextflow.executor.ExecutorFactory - << taskConfig executor: k8s
Jan-26 02:32:15.333 [main] DEBUG nextflow.executor.ExecutorFactory - >> processorType: 'k8s'
Jan-26 02:32:15.341 [main] DEBUG nextflow.executor.Executor - [warm up] executor > k8s
Jan-26 02:32:15.358 [main] DEBUG n.processor.TaskPollingMonitor - Creating task monitor for executor 'k8s' > capacity: 300; pollInterval: 5s; dumpInterval: 5m; schedulerBatch: null
Jan-26 02:32:15.363 [main] DEBUG nextflow.k8s.client.ConfigDiscovery - K8s config file does not exist: /root/.kube/config
Jan-26 02:32:15.373 [main] DEBUG nextflow.k8s.K8sExecutor - [K8s] config=[localPath:/localdata, localStorageMountPath:/localdata, scheduler:[strategy:LAv2, name:workflow-scheduler, autoClose:false, nodeSelector:usedby=anonymized, container:anonymized/test1:sch_v201], storage:[type:copy, workdir:/localdata/localwork/, nodeSelector:usedby=anonymized, imageName:anonymized/test1:ftp_v122], debug:[yaml:true], namespace:anonymized, serviceAccount:nextflow, workDir:/input/data/work/, projectDir:/input/data/project/, imagePullPolicy:IfNotPresent, launchDir:/input/data/launch/, runAsUser:0, fetchNodeName:true, storageMountPath:/input, pod:[nodeSelector:usedby=anonymized], storageClaimName:nfs-experiment]; API client config=ClientConfig[ server=10.233.0.1:443, namespace=anonymized, serviceAccount=nextflow, token=eyJhbGciOiJ.., sslCert=LS0tLS1CRUd.., clientCert=-, clientKey=-, verifySsl=false, fromFile=true, httpReadTimeout=null, httpConnectTimeout=null, maxErrorRetry=4 ]
Jan-26 02:32:15.810 [main] DEBUG nextflow.k8s.K8sExecutor - Created K8s configMap with name: nf-get-stat-41cac373
Jan-26 02:32:19.594 [main] DEBUG nextflow.script.ProcessConfig - Config settings `withName:combineFiles` matches process combineFiles
Jan-26 02:32:19.596 [main] DEBUG nextflow.executor.ExecutorFactory - << taskConfig executor: k8s
Jan-26 02:32:19.596 [main] DEBUG nextflow.executor.ExecutorFactory - >> processorType: 'k8s'
Jan-26 02:32:19.608 [main] DEBUG nextflow.Session - Workflow process names [dsl2]: revertFile, combineFiles, writeLargeFile
Jan-26 02:32:19.610 [main] DEBUG nextflow.Session - Igniting dataflow network (3)
Jan-26 02:32:19.612 [main] DEBUG nextflow.processor.TaskProcessor - Starting process > writeLargeFile
Jan-26 02:32:19.613 [main] DEBUG nextflow.processor.TaskProcessor - Starting process > combineFiles
Jan-26 02:32:19.614 [main] DEBUG nextflow.script.ScriptRunner - > Awaiting termination 
Jan-26 02:32:19.614 [main] DEBUG nextflow.Session - Session await
Jan-26 02:32:19.907 [Task submitter] INFO  nextflow.Session - [52/7c4e2f] Submitted process > writeLargeFile (30)
Jan-26 02:32:19.959 [Task submitter] INFO  nextflow.Session - [a6/0152df] Submitted process > writeLargeFile (15)
Jan-26 02:32:20.002 [Task submitter] INFO  nextflow.Session - [0f/f704e1] Submitted process > writeLargeFile (31)
Jan-26 02:32:20.046 [Task submitter] INFO  nextflow.Session - [32/be687b] Submitted process > writeLargeFile (23)
Jan-26 02:32:20.088 [Task submitter] INFO  nextflow.Session - [d8/6c6ecd] Submitted process > writeLargeFile (2)
Jan-26 02:32:20.128 [Task submitter] INFO  nextflow.Session - [66/65cabd] Submitted process > writeLargeFile (13)
Jan-26 02:32:20.169 [Task submitter] INFO  nextflow.Session - [57/e4cf6b] Submitted process > writeLargeFile (18)
Jan-26 02:32:20.209 [Task submitter] INFO  nextflow.Session - [83/fa73ea] Submitted process > writeLargeFile (4)
Jan-26 02:32:20.248 [Task submitter] INFO  nextflow.Session - [0c/96304c] Submitted process > writeLargeFile (28)
Jan-26 02:32:20.284 [Task submitter] INFO  nextflow.Session - [eb/0d85de] Submitted process > writeLargeFile (7)
Jan-26 02:32:20.322 [Task submitter] INFO  nextflow.Session - [67/1eb966] Submitted process > writeLargeFile (20)
Jan-26 02:32:20.359 [Task submitter] INFO  nextflow.Session - [4e/7363c2] Submitted process > writeLargeFile (16)
Jan-26 02:32:20.398 [Task submitter] INFO  nextflow.Session - [40/0505b2] Submitted process > writeLargeFile (17)
Jan-26 02:32:20.441 [Task submitter] INFO  nextflow.Session - [76/f23bc9] Submitted process > writeLargeFile (26)
Jan-26 02:32:20.479 [Task submitter] INFO  nextflow.Session - [69/3bb08f] Submitted process > writeLargeFile (21)
Jan-26 02:32:20.517 [Task submitter] INFO  nextflow.Session - [7a/800359] Submitted process > writeLargeFile (24)
Jan-26 02:32:20.555 [Task submitter] INFO  nextflow.Session - [ef/bc5457] Submitted process > writeLargeFile (3)
Jan-26 02:32:20.594 [Task submitter] INFO  nextflow.Session - [6d/1f7b40] Submitted process > writeLargeFile (11)
Jan-26 02:32:20.631 [Task submitter] INFO  nextflow.Session - [40/554882] Submitted process > writeLargeFile (39)
Jan-26 02:32:20.664 [Task submitter] INFO  nextflow.Session - [66/c459a7] Submitted process > writeLargeFile (38)
Jan-26 02:32:20.700 [Task submitter] INFO  nextflow.Session - [27/c20a74] Submitted process > writeLargeFile (12)
Jan-26 02:32:20.735 [Task submitter] INFO  nextflow.Session - [1d/092eec] Submitted process > writeLargeFile (10)
Jan-26 02:32:20.770 [Task submitter] INFO  nextflow.Session - [2c/ce7212] Submitted process > writeLargeFile (9)
Jan-26 02:32:20.810 [Task submitter] INFO  nextflow.Session - [32/98b579] Submitted process > writeLargeFile (25)
Jan-26 02:32:20.844 [Task submitter] INFO  nextflow.Session - [bd/5bb5aa] Submitted process > writeLargeFile (19)
Jan-26 02:32:20.881 [Task submitter] INFO  nextflow.Session - [64/029073] Submitted process > writeLargeFile (32)
Jan-26 02:32:20.915 [Task submitter] INFO  nextflow.Session - [7b/0eb2de] Submitted process > writeLargeFile (8)
Jan-26 02:32:20.951 [Task submitter] INFO  nextflow.Session - [0b/cf2c00] Submitted process > writeLargeFile (5)
Jan-26 02:32:20.987 [Task submitter] INFO  nextflow.Session - [bc/895aa6] Submitted process > writeLargeFile (14)
Jan-26 02:32:21.024 [Task submitter] INFO  nextflow.Session - [93/594375] Submitted process > writeLargeFile (22)
Jan-26 02:32:21.065 [Task submitter] INFO  nextflow.Session - [6a/ea7c11] Submitted process > writeLargeFile (27)
Jan-26 02:32:21.100 [Task submitter] INFO  nextflow.Session - [fb/50a913] Submitted process > writeLargeFile (29)
Jan-26 02:32:21.134 [Task submitter] INFO  nextflow.Session - [1a/f0a580] Submitted process > writeLargeFile (6)
Jan-26 02:32:21.170 [Task submitter] INFO  nextflow.Session - [29/a2653c] Submitted process > writeLargeFile (1)
Jan-26 02:32:21.209 [Task submitter] INFO  nextflow.Session - [76/6fa226] Submitted process > writeLargeFile (41)
Jan-26 02:32:21.245 [Task submitter] INFO  nextflow.Session - [be/cba51d] Submitted process > writeLargeFile (42)
Jan-26 02:32:21.279 [Task submitter] INFO  nextflow.Session - [59/4b81df] Submitted process > writeLargeFile (35)
Jan-26 02:32:21.324 [Task submitter] INFO  nextflow.Session - [2f/597119] Submitted process > writeLargeFile (33)
Jan-26 02:32:21.358 [Task submitter] INFO  nextflow.Session - [59/db7024] Submitted process > writeLargeFile (56)
Jan-26 02:32:21.394 [Task submitter] INFO  nextflow.Session - [95/93c5e9] Submitted process > writeLargeFile (36)
Jan-26 02:32:21.429 [Task submitter] INFO  nextflow.Session - [01/89f76f] Submitted process > writeLargeFile (67)
Jan-26 02:32:21.463 [Task submitter] INFO  nextflow.Session - [01/06f762] Submitted process > writeLargeFile (49)
Jan-26 02:32:21.501 [Task submitter] INFO  nextflow.Session - [6a/cd8b8f] Submitted process > writeLargeFile (65)
Jan-26 02:32:21.539 [Task submitter] INFO  nextflow.Session - [ed/d8e3d0] Submitted process > writeLargeFile (37)
Jan-26 02:32:21.576 [Task submitter] INFO  nextflow.Session - [61/3550b5] Submitted process > writeLargeFile (47)
Jan-26 02:32:21.608 [Task submitter] INFO  nextflow.Session - [2c/50380f] Submitted process > writeLargeFile (69)
Jan-26 02:32:21.642 [Task submitter] INFO  nextflow.Session - [81/588ef8] Submitted process > writeLargeFile (43)
Jan-26 02:32:21.684 [Task submitter] INFO  nextflow.Session - [27/f55988] Submitted process > writeLargeFile (71)
Jan-26 02:32:21.719 [Task submitter] INFO  nextflow.Session - [e4/e4f573] Submitted process > writeLargeFile (45)
Jan-26 02:32:21.758 [Task submitter] INFO  nextflow.Session - [ac/f232f3] Submitted process > writeLargeFile (46)
Jan-26 02:32:21.796 [Task submitter] INFO  nextflow.Session - [58/053f58] Submitted process > writeLargeFile (40)
Jan-26 02:32:21.833 [Task submitter] INFO  nextflow.Session - [57/b15080] Submitted process > writeLargeFile (78)
Jan-26 02:32:21.868 [Task submitter] INFO  nextflow.Session - [42/702765] Submitted process > writeLargeFile (44)
Jan-26 02:32:21.905 [Task submitter] INFO  nextflow.Session - [2d/487674] Submitted process > writeLargeFile (34)
Jan-26 02:32:21.939 [Task submitter] INFO  nextflow.Session - [fe/223071] Submitted process > writeLargeFile (51)
Jan-26 02:32:21.975 [Task submitter] INFO  nextflow.Session - [7b/055bd1] Submitted process > writeLargeFile (85)
Jan-26 02:32:22.008 [Task submitter] INFO  nextflow.Session - [4b/101c46] Submitted process > writeLargeFile (50)
Jan-26 02:32:22.042 [Task submitter] INFO  nextflow.Session - [61/cb5588] Submitted process > writeLargeFile (53)
Jan-26 02:32:22.073 [Task submitter] INFO  nextflow.Session - [fe/8dff8b] Submitted process > writeLargeFile (83)
Jan-26 02:32:22.110 [Task submitter] INFO  nextflow.Session - [01/4d2212] Submitted process > writeLargeFile (54)
Jan-26 02:32:22.142 [Task submitter] INFO  nextflow.Session - [58/fb7b15] Submitted process > writeLargeFile (48)
Jan-26 02:32:22.175 [Task submitter] INFO  nextflow.Session - [b5/25bee5] Submitted process > writeLargeFile (52)
Jan-26 02:32:22.209 [Task submitter] INFO  nextflow.Session - [40/84907e] Submitted process > writeLargeFile (88)
Jan-26 02:32:22.245 [Task submitter] INFO  nextflow.Session - [e4/0524f4] Submitted process > writeLargeFile (66)
Jan-26 02:32:22.278 [Task submitter] INFO  nextflow.Session - [a9/e5f4b0] Submitted process > writeLargeFile (82)
Jan-26 02:32:22.316 [Task submitter] INFO  nextflow.Session - [58/9a4a1a] Submitted process > writeLargeFile (90)
Jan-26 02:32:22.351 [Task submitter] INFO  nextflow.Session - [d9/4f96fc] Submitted process > writeLargeFile (55)
Jan-26 02:32:22.386 [Task submitter] INFO  nextflow.Session - [6a/941a1f] Submitted process > writeLargeFile (92)
Jan-26 02:32:22.418 [Task submitter] INFO  nextflow.Session - [7b/9c9244] Submitted process > writeLargeFile (94)
Jan-26 02:32:22.450 [Task submitter] INFO  nextflow.Session - [fd/47d2b2] Submitted process > writeLargeFile (59)
Jan-26 02:32:22.483 [Task submitter] INFO  nextflow.Session - [c7/ad430c] Submitted process > writeLargeFile (58)
Jan-26 02:32:22.516 [Task submitter] INFO  nextflow.Session - [fc/90219a] Submitted process > writeLargeFile (57)
Jan-26 02:32:22.555 [Task submitter] INFO  nextflow.Session - [83/d3a3c7] Submitted process > writeLargeFile (98)
Jan-26 02:32:22.590 [Task submitter] INFO  nextflow.Session - [88/8d3b09] Submitted process > writeLargeFile (61)
Jan-26 02:32:22.623 [Task submitter] INFO  nextflow.Session - [91/1523db] Submitted process > writeLargeFile (73)
Jan-26 02:32:22.655 [Task submitter] INFO  nextflow.Session - [b6/78dad7] Submitted process > writeLargeFile (63)
Jan-26 02:32:22.689 [Task submitter] INFO  nextflow.Session - [e0/b443fd] Submitted process > writeLargeFile (60)
Jan-26 02:32:22.722 [Task submitter] INFO  nextflow.Session - [fa/5fb267] Submitted process > writeLargeFile (72)
Jan-26 02:32:22.757 [Task submitter] INFO  nextflow.Session - [a4/e4e35c] Submitted process > writeLargeFile (62)
Jan-26 02:32:22.791 [Task submitter] INFO  nextflow.Session - [9d/14d768] Submitted process > writeLargeFile (70)
Jan-26 02:32:22.822 [Task submitter] INFO  nextflow.Session - [77/4a3981] Submitted process > writeLargeFile (77)
Jan-26 02:32:22.857 [Task submitter] INFO  nextflow.Session - [8a/effd06] Submitted process > writeLargeFile (76)
Jan-26 02:32:22.889 [Task submitter] INFO  nextflow.Session - [23/c5d370] Submitted process > writeLargeFile (81)
Jan-26 02:32:22.923 [Task submitter] INFO  nextflow.Session - [c4/4b085e] Submitted process > writeLargeFile (80)
Jan-26 02:32:22.957 [Task submitter] INFO  nextflow.Session - [ad/7863f0] Submitted process > writeLargeFile (68)
Jan-26 02:32:22.992 [Task submitter] INFO  nextflow.Session - [cb/0dff51] Submitted process > writeLargeFile (79)
Jan-26 02:32:23.026 [Task submitter] INFO  nextflow.Session - [9c/885ccb] Submitted process > writeLargeFile (75)
Jan-26 02:32:23.060 [Task submitter] INFO  nextflow.Session - [ff/649a13] Submitted process > writeLargeFile (87)
Jan-26 02:32:23.094 [Task submitter] INFO  nextflow.Session - [3d/03ab29] Submitted process > writeLargeFile (74)
Jan-26 02:32:23.129 [Task submitter] INFO  nextflow.Session - [ba/d81f4a] Submitted process > writeLargeFile (84)
Jan-26 02:32:23.161 [Task submitter] INFO  nextflow.Session - [71/40c3a7] Submitted process > writeLargeFile (64)
Jan-26 02:32:23.195 [Task submitter] INFO  nextflow.Session - [e9/042d9b] Submitted process > writeLargeFile (91)
Jan-26 02:32:23.228 [Task submitter] INFO  nextflow.Session - [55/81dfa1] Submitted process > writeLargeFile (89)
Jan-26 02:32:23.263 [Task submitter] INFO  nextflow.Session - [0d/68f5e4] Submitted process > writeLargeFile (86)
Jan-26 02:32:23.296 [Task submitter] INFO  nextflow.Session - [e3/32929f] Submitted process > writeLargeFile (100)
Jan-26 02:32:23.329 [Task submitter] INFO  nextflow.Session - [db/8c48e8] Submitted process > writeLargeFile (96)
Jan-26 02:32:23.362 [Task submitter] INFO  nextflow.Session - [73/4d3015] Submitted process > writeLargeFile (99)
Jan-26 02:32:23.396 [Task submitter] INFO  nextflow.Session - [e1/ac805a] Submitted process > writeLargeFile (97)
Jan-26 02:32:23.430 [Task submitter] INFO  nextflow.Session - [2a/54ebab] Submitted process > writeLargeFile (93)
Jan-26 02:32:23.464 [Task submitter] INFO  nextflow.Session - [92/45ddfc] Submitted process > writeLargeFile (95)
Jan-26 02:32:30.411 [Task monitor] DEBUG n.processor.TaskPollingMonitor - Task completed > TaskHandler[id: 30; name: writeLargeFile (30); status: COMPLETED; exit: 0; error: -; workDir: /input/data/work/52/7c4e2f2b751d338173ddba174e3700]
Jan-26 02:32:30.489 [Task monitor] DEBUG n.processor.TaskPollingMonitor - Task completed > TaskHandler[id: 15; name: writeLargeFile (15); status: COMPLETED; exit: 0; error: -; workDir: /input/data/work/a6/0152df283af5de0eca7abc54e52093]
Jan-26 02:32:30.533 [Task monitor] DEBUG n.processor.TaskPollingMonitor - Task completed > TaskHandler[id: 31; name: writeLargeFile (31); status: COMPLETED; exit: 0; error: -; workDir: /input/data/work/0f/f704e1dbec87e4808185d455938eca]
Jan-26 02:32:38.042 [Task monitor] DEBUG n.processor.TaskPollingMonitor - Task completed > TaskHandler[id: 97; name: writeLargeFile (97); status: COMPLETED; exit: 0; error: -; workDir: /input/data/work/e1/ac805ad244c851fc0c5dc2eab115ca]
Jan-26 02:32:38.089 [Task monitor] DEBUG n.processor.TaskPollingMonitor - Task completed > TaskHandler[id: 93; name: writeLargeFile (93); status: COMPLETED; exit: 0; error: -; workDir: /input/data/work/2a/54ebab0007e2e016588e76336c0bb8]
Jan-26 02:32:38.132 [Task monitor] DEBUG n.processor.TaskPollingMonitor - Task completed > TaskHandler[id: 95; name: writeLargeFile (95); status: COMPLETED; exit: 0; error: -; workDir: /input/data/work/92/45ddfc03d77de0d549e468086d52d6]
Jan-26 02:32:47.964 [Task monitor] DEBUG n.processor.TaskPollingMonitor - Task completed > TaskHandler[id: 100; name: writeLargeFile (100); status: COMPLETED; exit: 0; error: -; workDir: /input/data/work/e3/32929f9e5eefdd1e730fd57cfbade9]
Jan-26 02:32:48.005 [Task monitor] DEBUG n.processor.TaskPollingMonitor - Task completed > TaskHandler[id: 96; name: writeLargeFile (96); status: COMPLETED; exit: 0; error: -; workDir: /input/data/work/db/8c48e8e383d516fcb959d56cfa3b17]
Jan-26 02:32:48.048 [Task monitor] DEBUG n.processor.TaskPollingMonitor - Task completed > TaskHandler[id: 99; name: writeLargeFile (99); status: COMPLETED; exit: 0; error: -; workDir: /input/data/work/73/4d3015cf57e859e66cefbf06881749]
Jan-26 02:32:57.864 [Task monitor] DEBUG n.processor.TaskPollingMonitor - Task completed > TaskHandler[id: 91; name: writeLargeFile (91); status: COMPLETED; exit: 0; error: -; workDir: /input/data/work/e9/042d9baf3caee65313d556e44aa4c4]
Jan-26 02:32:57.906 [Task monitor] DEBUG n.processor.TaskPollingMonitor - Task completed > TaskHandler[id: 89; name: writeLargeFile (89); status: COMPLETED; exit: 0; error: -; workDir: /input/data/work/55/81dfa1d0ce26dbee5ce52a460b5e7e]
Jan-26 02:32:57.947 [Task monitor] DEBUG n.processor.TaskPollingMonitor - Task completed > TaskHandler[id: 86; name: writeLargeFile (86); status: COMPLETED; exit: 0; error: -; workDir: /input/data/work/0d/68f5e4d780f7110f9a00afd99ac2d8]
Jan-26 02:33:07.793 [Task monitor] DEBUG n.processor.TaskPollingMonitor - Task completed > TaskHandler[id: 74; name: writeLargeFile (74); status: COMPLETED; exit: 0; error: -; workDir: /input/data/work/3d/03ab29bd4b1fff6fa484933698413d]
Jan-26 02:33:07.833 [Task monitor] DEBUG n.processor.TaskPollingMonitor - Task completed > TaskHandler[id: 84; name: writeLargeFile (84); status: COMPLETED; exit: 0; error: -; workDir: /input/data/work/ba/d81f4a96963f835366a7d67f58ac7a]
Jan-26 02:33:07.879 [Task monitor] DEBUG n.processor.TaskPollingMonitor - Task completed > TaskHandler[id: 64; name: writeLargeFile (64); status: COMPLETED; exit: 0; error: -; workDir: /input/data/work/71/40c3a7b2991d3f894ff37750339ae8]
Jan-26 02:33:17.753 [Task monitor] DEBUG n.processor.TaskPollingMonitor - Task completed > TaskHandler[id: 79; name: writeLargeFile (79); status: COMPLETED; exit: 0; error: -; workDir: /input/data/work/cb/0dff51fe3d04c4e98e6c8e2f5a056c]
Jan-26 02:33:17.805 [Task monitor] DEBUG n.processor.TaskPollingMonitor - Task completed > TaskHandler[id: 75; name: writeLargeFile (75); status: COMPLETED; exit: 0; error: -; workDir: /input/data/work/9c/885ccb5e651ca365bceff2ec53a081]
Jan-26 02:33:17.847 [Task monitor] DEBUG n.processor.TaskPollingMonitor - Task completed > TaskHandler[id: 87; name: writeLargeFile (87); status: COMPLETED; exit: 0; error: -; workDir: /input/data/work/ff/649a13fb0755548f1a557a277fae2d]
Jan-26 02:33:27.727 [Task monitor] DEBUG n.processor.TaskPollingMonitor - Task completed > TaskHandler[id: 81; name: writeLargeFile (81); status: COMPLETED; exit: 0; error: -; workDir: /input/data/work/23/c5d370f7da4a297d559d8ffb0b7bed]
Jan-26 02:33:27.775 [Task monitor] DEBUG n.processor.TaskPollingMonitor - Task completed > TaskHandler[id: 80; name: writeLargeFile (80); status: COMPLETED; exit: 0; error: -; workDir: /input/data/work/c4/4b085e0ebbf5beca9e896fdd6df49d]
Jan-26 02:33:27.820 [Task monitor] DEBUG n.processor.TaskPollingMonitor - Task completed > TaskHandler[id: 68; name: writeLargeFile (68); status: COMPLETED; exit: 0; error: -; workDir: /input/data/work/ad/7863f051995fe90796be1579a7d655]
Jan-26 02:33:42.571 [Task monitor] DEBUG n.processor.TaskPollingMonitor - Task completed > TaskHandler[id: 70; name: writeLargeFile (70); status: COMPLETED; exit: 0; error: -; workDir: /input/data/work/9d/14d768c044188cbcf1fccb8d887335]
Jan-26 02:33:42.614 [Task monitor] DEBUG n.processor.TaskPollingMonitor - Task completed > TaskHandler[id: 77; name: writeLargeFile (77); status: COMPLETED; exit: 0; error: -; workDir: /input/data/work/77/4a39812ed4ed68c3fd765ee32cf441]
Jan-26 02:33:42.660 [Task monitor] DEBUG n.processor.TaskPollingMonitor - Task completed > TaskHandler[id: 76; name: writeLargeFile (76); status: COMPLETED; exit: 0; error: -; workDir: /input/data/work/8a/effd0688392747653651a877376964]
Jan-26 02:33:52.486 [Task monitor] DEBUG n.processor.TaskPollingMonitor - Task completed > TaskHandler[id: 60; name: writeLargeFile (60); status: COMPLETED; exit: 0; error: -; workDir: /input/data/work/e0/b443fd4d9df277870c92e92667858b]
Jan-26 02:33:52.529 [Task monitor] DEBUG n.processor.TaskPollingMonitor - Task completed > TaskHandler[id: 72; name: writeLargeFile (72); status: COMPLETED; exit: 0; error: -; workDir: /input/data/work/fa/5fb267726a7b6ba2bd1801231b8c83]
Jan-26 02:33:52.573 [Task monitor] DEBUG n.processor.TaskPollingMonitor - Task completed > TaskHandler[id: 62; name: writeLargeFile (62); status: COMPLETED; exit: 0; error: -; workDir: /input/data/work/a4/e4e35cac5cb73f027549706bea6ddc]
Jan-26 02:34:02.423 [Task monitor] DEBUG n.processor.TaskPollingMonitor - Task completed > TaskHandler[id: 61; name: writeLargeFile (61); status: COMPLETED; exit: 0; error: -; workDir: /input/data/work/88/8d3b090f8a802a7fd57aab71d0deb5]
Jan-26 02:34:02.465 [Task monitor] DEBUG n.processor.TaskPollingMonitor - Task completed > TaskHandler[id: 73; name: writeLargeFile (73); status: COMPLETED; exit: 0; error: -; workDir: /input/data/work/91/1523db899647b6460566bce20fdcf8]
Jan-26 02:34:02.508 [Task monitor] DEBUG n.processor.TaskPollingMonitor - Task completed > TaskHandler[id: 63; name: writeLargeFile (63); status: COMPLETED; exit: 0; error: -; workDir: /input/data/work/b6/78dad77c76e6a115190333bf71a5bf]
Jan-26 02:34:12.301 [Task monitor] DEBUG n.processor.TaskPollingMonitor - Task completed > TaskHandler[id: 58; name: writeLargeFile (58); status: COMPLETED; exit: 0; error: -; workDir: /input/data/work/c7/ad430c7a6c448b5d19f2647fab284b]
Jan-26 02:34:12.342 [Task monitor] DEBUG n.processor.TaskPollingMonitor - Task completed > TaskHandler[id: 57; name: writeLargeFile (57); status: COMPLETED; exit: 0; error: -; workDir: /input/data/work/fc/90219a46a72dd287a8aa146ebeeb57]
Jan-26 02:34:12.386 [Task monitor] DEBUG n.processor.TaskPollingMonitor - Task completed > TaskHandler[id: 98; name: writeLargeFile (98); status: COMPLETED; exit: 0; error: -; workDir: /input/data/work/83/d3a3c79a6014520ff83e93222b0448]
Jan-26 02:34:22.234 [Task monitor] DEBUG n.processor.TaskPollingMonitor - Task completed > TaskHandler[id: 92; name: writeLargeFile (92); status: COMPLETED; exit: 0; error: -; workDir: /input/data/work/6a/941a1f4ab39b010754e7cad2c3969f]
Jan-26 02:34:22.279 [Task monitor] DEBUG n.processor.TaskPollingMonitor - Task completed > TaskHandler[id: 94; name: writeLargeFile (94); status: COMPLETED; exit: 0; error: -; workDir: /input/data/work/7b/9c9244ffde903b07925c4174649606]
Jan-26 02:34:22.321 [Task monitor] DEBUG n.processor.TaskPollingMonitor - Task completed > TaskHandler[id: 59; name: writeLargeFile (59); status: COMPLETED; exit: 0; error: -; workDir: /input/data/work/fd/47d2b292c36dcdba1dc45749309147]
Jan-26 02:34:32.149 [Task monitor] DEBUG n.processor.TaskPollingMonitor - Task completed > TaskHandler[id: 82; name: writeLargeFile (82); status: COMPLETED; exit: 0; error: -; workDir: /input/data/work/a9/e5f4b0b47560699c3660d8a985541c]
Jan-26 02:34:32.190 [Task monitor] DEBUG n.processor.TaskPollingMonitor - Task completed > TaskHandler[id: 90; name: writeLargeFile (90); status: COMPLETED; exit: 0; error: -; workDir: /input/data/work/58/9a4a1afb85ea3a18ffb2c124bb6726]
Jan-26 02:34:32.232 [Task monitor] DEBUG n.processor.TaskPollingMonitor - Task completed > TaskHandler[id: 55; name: writeLargeFile (55); status: COMPLETED; exit: 0; error: -; workDir: /input/data/work/d9/4f96fc3b7f1a26c342f71ac03ca718]
Jan-26 02:34:41.136 [Task monitor] DEBUG n.processor.TaskPollingMonitor - Task completed > TaskHandler[id: 14; name: writeLargeFile (14); status: COMPLETED; exit: 0; error: -; workDir: /input/data/work/bc/895aa6ec5be93dc662d8fa7d6921bb]
Jan-26 02:34:41.181 [Task monitor] DEBUG n.processor.TaskPollingMonitor - Task completed > TaskHandler[id: 22; name: writeLargeFile (22); status: COMPLETED; exit: 0; error: -; workDir: /input/data/work/93/59437542dfb8943c907d63a9eef4fe]
Jan-26 02:34:42.115 [Task monitor] DEBUG n.processor.TaskPollingMonitor - Task completed > TaskHandler[id: 66; name: writeLargeFile (66); status: COMPLETED; exit: 0; error: -; workDir: /input/data/work/e4/0524f4866237cc5d4f0597476e55e5]
Jan-26 02:34:51.130 [Task monitor] DEBUG n.processor.TaskPollingMonitor - Task completed > TaskHandler[id: 27; name: writeLargeFile (27); status: COMPLETED; exit: 0; error: -; workDir: /input/data/work/6a/ea7c11b5314a6a06590af8928ebe3e]
Jan-26 02:34:51.172 [Task monitor] DEBUG n.processor.TaskPollingMonitor - Task completed > TaskHandler[id: 29; name: writeLargeFile (29); status: COMPLETED; exit: 0; error: -; workDir: /input/data/work/fb/50a9133e0d8f7ff67c09b76439c9f4]
Jan-26 02:34:51.214 [Task monitor] DEBUG n.processor.TaskPollingMonitor - Task completed > TaskHandler[id: 6; name: writeLargeFile (6); status: COMPLETED; exit: 0; error: -; workDir: /input/data/work/1a/f0a580ac0553f3ee65f7c1c2ee7f59]
Jan-26 02:35:01.121 [Task monitor] DEBUG n.processor.TaskPollingMonitor - Task completed > TaskHandler[id: 1; name: writeLargeFile (1); status: COMPLETED; exit: 0; error: -; workDir: /input/data/work/29/a2653c9fc1c4f76abb213f1fab7a40]
Jan-26 02:35:01.163 [Task monitor] DEBUG n.processor.TaskPollingMonitor - Task completed > TaskHandler[id: 41; name: writeLargeFile (41); status: COMPLETED; exit: 0; error: -; workDir: /input/data/work/76/6fa2266d1f88a7f29f5c5c422ff86e]
Jan-26 02:35:01.204 [Task monitor] DEBUG n.processor.TaskPollingMonitor - Task completed > TaskHandler[id: 42; name: writeLargeFile (42); status: COMPLETED; exit: 0; error: -; workDir: /input/data/work/be/cba51d8d3aaf8fcda107d693cb5578]
Jan-26 02:35:11.146 [Task monitor] DEBUG n.processor.TaskPollingMonitor - Task completed > TaskHandler[id: 35; name: writeLargeFile (35); status: COMPLETED; exit: 0; error: -; workDir: /input/data/work/59/4b81df4a49d2323b6d3c617135eeac]
Jan-26 02:35:11.892 [Task monitor] DEBUG n.processor.TaskPollingMonitor - Task completed > TaskHandler[id: 52; name: writeLargeFile (52); status: COMPLETED; exit: 0; error: -; workDir: /input/data/work/b5/25bee5a0509765e539679f28350e85]
Jan-26 02:35:11.933 [Task monitor] DEBUG n.processor.TaskPollingMonitor - Task completed > TaskHandler[id: 88; name: writeLargeFile (88); status: COMPLETED; exit: 0; error: -; workDir: /input/data/work/40/84907e62af53ba176eb3e3df9182b7]
Jan-26 02:35:21.743 [Task monitor] DEBUG n.processor.TaskPollingMonitor - Task completed > TaskHandler[id: 83; name: writeLargeFile (83); status: COMPLETED; exit: 0; error: -; workDir: /input/data/work/fe/8dff8bc3aa762164f57f6bf34e309f]
Jan-26 02:35:21.784 [Task monitor] DEBUG n.processor.TaskPollingMonitor - Task completed > TaskHandler[id: 54; name: writeLargeFile (54); status: COMPLETED; exit: 0; error: -; workDir: /input/data/work/01/4d221283208cb5f509d784198ea3a5]
Jan-26 02:35:21.827 [Task monitor] DEBUG n.processor.TaskPollingMonitor - Task completed > TaskHandler[id: 48; name: writeLargeFile (48); status: COMPLETED; exit: 0; error: -; workDir: /input/data/work/58/fb7b15ed6048f2e30be56cc307ca95]
Jan-26 02:35:31.657 [Task monitor] DEBUG n.processor.TaskPollingMonitor - Task completed > TaskHandler[id: 85; name: writeLargeFile (85); status: COMPLETED; exit: 0; error: -; workDir: /input/data/work/7b/055bd1027e8de8bcecb892f3838ffe]
Jan-26 02:35:31.699 [Task monitor] DEBUG n.processor.TaskPollingMonitor - Task completed > TaskHandler[id: 50; name: writeLargeFile (50); status: COMPLETED; exit: 0; error: -; workDir: /input/data/work/4b/101c4652aafa123b7e3655e87e6aa3]
Jan-26 02:35:31.742 [Task monitor] DEBUG n.processor.TaskPollingMonitor - Task completed > TaskHandler[id: 53; name: writeLargeFile (53); status: COMPLETED; exit: 0; error: -; workDir: /input/data/work/61/cb5588e82800d2b5dcbe56a3dfc2c0]
Jan-26 02:35:41.546 [Task monitor] DEBUG n.processor.TaskPollingMonitor - Task completed > TaskHandler[id: 44; name: writeLargeFile (44); status: COMPLETED; exit: 0; error: -; workDir: /input/data/work/42/7027652eb0b32456c007ca87cf54ae]
Jan-26 02:35:41.586 [Task monitor] DEBUG n.processor.TaskPollingMonitor - Task completed > TaskHandler[id: 34; name: writeLargeFile (34); status: COMPLETED; exit: 0; error: -; workDir: /input/data/work/2d/487674206d2d5aa8c101d682639936]
Jan-26 02:35:41.629 [Task monitor] DEBUG n.processor.TaskPollingMonitor - Task completed > TaskHandler[id: 51; name: writeLargeFile (51); status: COMPLETED; exit: 0; error: -; workDir: /input/data/work/fe/2230718bb89a5e238442a2a54e3b3c]
Jan-26 02:35:51.416 [Task monitor] DEBUG n.processor.TaskPollingMonitor - Task completed > TaskHandler[id: 46; name: writeLargeFile (46); status: COMPLETED; exit: 0; error: -; workDir: /input/data/work/ac/f232f3a602c619f08d9731f6d0befa]
Jan-26 02:35:51.460 [Task monitor] DEBUG n.processor.TaskPollingMonitor - Task completed > TaskHandler[id: 40; name: writeLargeFile (40); status: COMPLETED; exit: 0; error: -; workDir: /input/data/work/58/053f5896a23af8a5427a98b9314484]
Jan-26 02:35:51.505 [Task monitor] DEBUG n.processor.TaskPollingMonitor - Task completed > TaskHandler[id: 78; name: writeLargeFile (78); status: COMPLETED; exit: 0; error: -; workDir: /input/data/work/57/b150805cce90b890b303f8afff9c0c]
Jan-26 02:36:01.393 [Task monitor] DEBUG n.processor.TaskPollingMonitor - Task completed > TaskHandler[id: 43; name: writeLargeFile (43); status: COMPLETED; exit: 0; error: -; workDir: /input/data/work/81/588ef8befb5879d503efcd11337873]
Jan-26 02:36:01.436 [Task monitor] DEBUG n.processor.TaskPollingMonitor - Task completed > TaskHandler[id: 71; name: writeLargeFile (71); status: COMPLETED; exit: 0; error: -; workDir: /input/data/work/27/f559889db81e8d3d6a2b21b12549a3]
Jan-26 02:36:01.480 [Task monitor] DEBUG n.processor.TaskPollingMonitor - Task completed > TaskHandler[id: 45; name: writeLargeFile (45); status: COMPLETED; exit: 0; error: -; workDir: /input/data/work/e4/e4f573e14a33e3c782c37135c01c01]
Jan-26 02:36:11.315 [Task monitor] DEBUG n.processor.TaskPollingMonitor - Task completed > TaskHandler[id: 37; name: writeLargeFile (37); status: COMPLETED; exit: 0; error: -; workDir: /input/data/work/ed/d8e3d0641ad59c7323a666d4a2a3b9]
Jan-26 02:36:11.361 [Task monitor] DEBUG n.processor.TaskPollingMonitor - Task completed > TaskHandler[id: 47; name: writeLargeFile (47); status: COMPLETED; exit: 0; error: -; workDir: /input/data/work/61/3550b57d532edad64c8f84fd248af5]
Jan-26 02:36:11.402 [Task monitor] DEBUG n.processor.TaskPollingMonitor - Task completed > TaskHandler[id: 69; name: writeLargeFile (69); status: COMPLETED; exit: 0; error: -; workDir: /input/data/work/2c/50380fec402cea6b1799948a02e1ea]
Jan-26 02:36:21.216 [Task monitor] DEBUG n.processor.TaskPollingMonitor - Task completed > TaskHandler[id: 67; name: writeLargeFile (67); status: COMPLETED; exit: 0; error: -; workDir: /input/data/work/01/89f76f9bbd9aeb2a07464b54ae3eba]
Jan-26 02:36:21.256 [Task monitor] DEBUG n.processor.TaskPollingMonitor - Task completed > TaskHandler[id: 49; name: writeLargeFile (49); status: COMPLETED; exit: 0; error: -; workDir: /input/data/work/01/06f7625921b3bbf6c15080cf939bc1]
Jan-26 02:36:21.307 [Task monitor] DEBUG n.processor.TaskPollingMonitor - Task completed > TaskHandler[id: 65; name: writeLargeFile (65); status: COMPLETED; exit: 0; error: -; workDir: /input/data/work/6a/cd8b8fd61efa384102b1c6c3614baf]
Jan-26 02:36:31.123 [Task monitor] DEBUG n.processor.TaskPollingMonitor - Task completed > TaskHandler[id: 33; name: writeLargeFile (33); status: COMPLETED; exit: 0; error: -; workDir: /input/data/work/2f/59711953d18ea73ab935a46a7f6719]
Jan-26 02:36:31.168 [Task monitor] DEBUG n.processor.TaskPollingMonitor - Task completed > TaskHandler[id: 56; name: writeLargeFile (56); status: COMPLETED; exit: 0; error: -; workDir: /input/data/work/59/db702452e1f77af9fe4fc4e96d0939]
Jan-26 02:36:31.208 [Task monitor] DEBUG n.processor.TaskPollingMonitor - Task completed > TaskHandler[id: 36; name: writeLargeFile (36); status: COMPLETED; exit: 0; error: -; workDir: /input/data/work/95/93c5e9e27e81ad58a436c11f27f46a]
Jan-26 02:36:41.054 [Task monitor] DEBUG n.processor.TaskPollingMonitor - Task completed > TaskHandler[id: 32; name: writeLargeFile (32); status: COMPLETED; exit: 0; error: -; workDir: /input/data/work/64/029073ac3434723ab564e6866b3a12]
Jan-26 02:36:41.095 [Task monitor] DEBUG n.processor.TaskPollingMonitor - Task completed > TaskHandler[id: 8; name: writeLargeFile (8); status: COMPLETED; exit: 0; error: -; workDir: /input/data/work/7b/0eb2de48c3b9d3955522aedbc78ee1]
Jan-26 02:36:41.134 [Task monitor] DEBUG n.processor.TaskPollingMonitor - Task completed > TaskHandler[id: 5; name: writeLargeFile (5); status: COMPLETED; exit: 0; error: -; workDir: /input/data/work/0b/cf2c00d497d732cbd63da7dd65accc]
Jan-26 02:36:50.957 [Task monitor] DEBUG n.processor.TaskPollingMonitor - Task completed > TaskHandler[id: 9; name: writeLargeFile (9); status: COMPLETED; exit: 0; error: -; workDir: /input/data/work/2c/ce72121306db7ee8ef6dce268bc030]
Jan-26 02:36:50.998 [Task monitor] DEBUG n.processor.TaskPollingMonitor - Task completed > TaskHandler[id: 25; name: writeLargeFile (25); status: COMPLETED; exit: 0; error: -; workDir: /input/data/work/32/98b5798bcc7e4db2ba989191b35ab3]
Jan-26 02:36:51.038 [Task monitor] DEBUG n.processor.TaskPollingMonitor - Task completed > TaskHandler[id: 19; name: writeLargeFile (19); status: COMPLETED; exit: 0; error: -; workDir: /input/data/work/bd/5bb5aa50a604c9fa7580126c18d34b]
Jan-26 02:37:00.832 [Task monitor] DEBUG n.processor.TaskPollingMonitor - Task completed > TaskHandler[id: 38; name: writeLargeFile (38); status: COMPLETED; exit: 0; error: -; workDir: /input/data/work/66/c459a7bc53ad2bc5616f3359479274]
Jan-26 02:37:00.876 [Task monitor] DEBUG n.processor.TaskPollingMonitor - Task completed > TaskHandler[id: 12; name: writeLargeFile (12); status: COMPLETED; exit: 0; error: -; workDir: /input/data/work/27/c20a74356908786d8c15069d41def6]
Jan-26 02:37:00.920 [Task monitor] DEBUG n.processor.TaskPollingMonitor - Task completed > TaskHandler[id: 10; name: writeLargeFile (10); status: COMPLETED; exit: 0; error: -; workDir: /input/data/work/1d/092eec630414fb387bcdd9055a1612]
Jan-26 02:37:10.785 [Task monitor] DEBUG n.processor.TaskPollingMonitor - Task completed > TaskHandler[id: 3; name: writeLargeFile (3); status: COMPLETED; exit: 0; error: -; workDir: /input/data/work/ef/bc54573dd75fbf48b0ab1b331559a5]
Jan-26 02:37:10.827 [Task monitor] DEBUG n.processor.TaskPollingMonitor - Task completed > TaskHandler[id: 11; name: writeLargeFile (11); status: COMPLETED; exit: 0; error: -; workDir: /input/data/work/6d/1f7b40cde58de266f8ec6ab126c44f]
Jan-26 02:37:10.872 [Task monitor] DEBUG n.processor.TaskPollingMonitor - Task completed > TaskHandler[id: 39; name: writeLargeFile (39); status: COMPLETED; exit: 0; error: -; workDir: /input/data/work/40/554882fb03fd18c27df39ecfba856c]
Jan-26 02:37:20.377 [Task monitor] DEBUG n.processor.TaskPollingMonitor - !! executor k8s > tasks to be completed: 13 -- submitted tasks are shown below
~> TaskHandler[id: 23; name: writeLargeFile (23); status: SUBMITTED; exit: -; error: -; workDir: /input/data/work/32/be687bf69551c2c19e990ed756cbc8]
~> TaskHandler[id: 2; name: writeLargeFile (2); status: SUBMITTED; exit: -; error: -; workDir: /input/data/work/d8/6c6ecd28da20effd016a1dd9e50c3f]
~> TaskHandler[id: 13; name: writeLargeFile (13); status: SUBMITTED; exit: -; error: -; workDir: /input/data/work/66/65cabda56e8c72c39130e83a7bdc13]
~> TaskHandler[id: 18; name: writeLargeFile (18); status: SUBMITTED; exit: -; error: -; workDir: /input/data/work/57/e4cf6b327dacd902e17819fe4174d9]
~> TaskHandler[id: 4; name: writeLargeFile (4); status: SUBMITTED; exit: -; error: -; workDir: /input/data/work/83/fa73ea95817c0879a6a8fbe70e9d4b]
~> TaskHandler[id: 28; name: writeLargeFile (28); status: SUBMITTED; exit: -; error: -; workDir: /input/data/work/0c/96304cdd92d51b9a8ede4c3c2d0a17]
~> TaskHandler[id: 7; name: writeLargeFile (7); status: SUBMITTED; exit: -; error: -; workDir: /input/data/work/eb/0d85de40ae457e757d47f538fb3672]
~> TaskHandler[id: 20; name: writeLargeFile (20); status: SUBMITTED; exit: -; error: -; workDir: /input/data/work/67/1eb9662055cf6b657cd2344996f40c]
~> TaskHandler[id: 16; name: writeLargeFile (16); status: SUBMITTED; exit: -; error: -; workDir: /input/data/work/4e/7363c288b0b176c6bef85428a119d2]
~> TaskHandler[id: 17; name: writeLargeFile (17); status: SUBMITTED; exit: -; error: -; workDir: /input/data/work/40/0505b240d2d0f4c7c41744bb7b8467]
.. remaining tasks omitted.
Jan-26 02:37:20.669 [Task monitor] DEBUG n.processor.TaskPollingMonitor - Task completed > TaskHandler[id: 26; name: writeLargeFile (26); status: COMPLETED; exit: 0; error: -; workDir: /input/data/work/76/f23bc95be1ed9041abfebc9ced5e9a]
Jan-26 02:37:20.712 [Task monitor] DEBUG n.processor.TaskPollingMonitor - Task completed > TaskHandler[id: 21; name: writeLargeFile (21); status: COMPLETED; exit: 0; error: -; workDir: /input/data/work/69/3bb08f3e6d1d9dd4187bf27418de55]
Jan-26 02:37:20.753 [Task monitor] DEBUG n.processor.TaskPollingMonitor - Task completed > TaskHandler[id: 24; name: writeLargeFile (24); status: COMPLETED; exit: 0; error: -; workDir: /input/data/work/7a/8003599c127723e7215edeae7c7e70]
Jan-26 02:37:30.629 [Task monitor] DEBUG n.processor.TaskPollingMonitor - Task completed > TaskHandler[id: 20; name: writeLargeFile (20); status: COMPLETED; exit: 0; error: -; workDir: /input/data/work/67/1eb9662055cf6b657cd2344996f40c]
Jan-26 02:37:30.672 [Task monitor] DEBUG n.processor.TaskPollingMonitor - Task completed > TaskHandler[id: 16; name: writeLargeFile (16); status: COMPLETED; exit: 0; error: -; workDir: /input/data/work/4e/7363c288b0b176c6bef85428a119d2]
Jan-26 02:37:30.715 [Task monitor] DEBUG n.processor.TaskPollingMonitor - Task completed > TaskHandler[id: 17; name: writeLargeFile (17); status: COMPLETED; exit: 0; error: -; workDir: /input/data/work/40/0505b240d2d0f4c7c41744bb7b8467]
Jan-26 02:37:40.492 [Task monitor] DEBUG n.processor.TaskPollingMonitor - Task completed > TaskHandler[id: 4; name: writeLargeFile (4); status: COMPLETED; exit: 0; error: -; workDir: /input/data/work/83/fa73ea95817c0879a6a8fbe70e9d4b]
Jan-26 02:37:40.535 [Task monitor] DEBUG n.processor.TaskPollingMonitor - Task completed > TaskHandler[id: 28; name: writeLargeFile (28); status: COMPLETED; exit: 0; error: -; workDir: /input/data/work/0c/96304cdd92d51b9a8ede4c3c2d0a17]
Jan-26 02:37:40.577 [Task monitor] DEBUG n.processor.TaskPollingMonitor - Task completed > TaskHandler[id: 7; name: writeLargeFile (7); status: COMPLETED; exit: 0; error: -; workDir: /input/data/work/eb/0d85de40ae457e757d47f538fb3672]
Jan-26 02:37:50.453 [Task monitor] DEBUG n.processor.TaskPollingMonitor - Task completed > TaskHandler[id: 2; name: writeLargeFile (2); status: COMPLETED; exit: 0; error: -; workDir: /input/data/work/d8/6c6ecd28da20effd016a1dd9e50c3f]
Jan-26 02:37:50.493 [Task monitor] DEBUG n.processor.TaskPollingMonitor - Task completed > TaskHandler[id: 13; name: writeLargeFile (13); status: COMPLETED; exit: 0; error: -; workDir: /input/data/work/66/65cabda56e8c72c39130e83a7bdc13]
Jan-26 02:37:50.538 [Task monitor] DEBUG n.processor.TaskPollingMonitor - Task completed > TaskHandler[id: 18; name: writeLargeFile (18); status: COMPLETED; exit: 0; error: -; workDir: /input/data/work/57/e4cf6b327dacd902e17819fe4174d9]
Jan-26 02:37:55.418 [Task monitor] DEBUG n.processor.TaskPollingMonitor - Task completed > TaskHandler[id: 23; name: writeLargeFile (23); status: COMPLETED; exit: 0; error: -; workDir: /input/data/work/32/be687bf69551c2c19e990ed756cbc8]
Jan-26 02:37:55.524 [Task submitter] INFO  nextflow.Session - [67/1482fe] Submitted process > combineFiles (18)
Jan-26 02:37:55.562 [Task submitter] INFO  nextflow.Session - [4e/23cb0b] Submitted process > combineFiles (26)
Jan-26 02:37:55.593 [Task submitter] INFO  nextflow.Session - [be/f1abb6] Submitted process > combineFiles (24)
Jan-26 02:37:55.625 [Task submitter] INFO  nextflow.Session - [0c/79a264] Submitted process > combineFiles (3)
Jan-26 02:37:55.654 [Task submitter] INFO  nextflow.Session - [88/bc3dd8] Submitted process > combineFiles (13)
Jan-26 02:37:55.685 [Task submitter] INFO  nextflow.Session - [59/4735a6] Submitted process > combineFiles (5)
Jan-26 02:37:55.717 [Task submitter] INFO  nextflow.Session - [92/56a21b] Submitted process > combineFiles (32)
Jan-26 02:37:55.748 [Task submitter] INFO  nextflow.Session - [65/999203] Submitted process > combineFiles (6)
Jan-26 02:37:55.778 [Task submitter] INFO  nextflow.Session - [4f/09adc0] Submitted process > combineFiles (16)
Jan-26 02:37:55.809 [Task submitter] INFO  nextflow.Session - [0a/b7a311] Submitted process > combineFiles (27)
Jan-26 02:37:55.837 [Task submitter] INFO  nextflow.Session - [4f/b76d83] Submitted process > combineFiles (25)
Jan-26 02:37:55.865 [Task submitter] INFO  nextflow.Session - [53/ecb022] Submitted process > combineFiles (29)
Jan-26 02:37:55.893 [Task submitter] INFO  nextflow.Session - [a3/6e8c9d] Submitted process > combineFiles (20)
Jan-26 02:37:55.923 [Task submitter] INFO  nextflow.Session - [15/c662ba] Submitted process > combineFiles (1)
Jan-26 02:37:55.955 [Task submitter] INFO  nextflow.Session - [b3/8fd95a] Submitted process > combineFiles (9)
Jan-26 02:37:55.985 [Task submitter] INFO  nextflow.Session - [b3/8c43be] Submitted process > combineFiles (4)
Jan-26 02:37:56.017 [Task submitter] INFO  nextflow.Session - [9e/7018a1] Submitted process > combineFiles (22)
Jan-26 02:37:56.046 [Task submitter] INFO  nextflow.Session - [c3/c1c614] Submitted process > combineFiles (30)
Jan-26 02:37:56.077 [Task submitter] INFO  nextflow.Session - [7e/33bb63] Submitted process > combineFiles (14)
Jan-26 02:37:56.109 [Task submitter] INFO  nextflow.Session - [d5/8e8330] Submitted process > combineFiles (8)
Jan-26 02:37:56.141 [Task submitter] INFO  nextflow.Session - [28/fb4494] Submitted process > combineFiles (31)
Jan-26 02:37:56.171 [Task submitter] INFO  nextflow.Session - [8d/157b5e] Submitted process > combineFiles (19)
Jan-26 02:37:56.206 [Task submitter] INFO  nextflow.Session - [54/a6695e] Submitted process > combineFiles (7)
Jan-26 02:37:56.236 [Task submitter] INFO  nextflow.Session - [41/63a664] Submitted process > combineFiles (10)
Jan-26 02:37:56.268 [Task submitter] INFO  nextflow.Session - [a7/3556dd] Submitted process > combineFiles (15)
Jan-26 02:37:56.302 [Task submitter] INFO  nextflow.Session - [26/2f2ddf] Submitted process > combineFiles (11)
Jan-26 02:37:56.335 [Task submitter] INFO  nextflow.Session - [72/f30854] Submitted process > combineFiles (21)
Jan-26 02:37:56.371 [Task submitter] INFO  nextflow.Session - [1c/7c8971] Submitted process > combineFiles (2)
Jan-26 02:37:56.402 [Task submitter] INFO  nextflow.Session - [75/7347bc] Submitted process > combineFiles (12)
Jan-26 02:37:56.433 [Task submitter] INFO  nextflow.Session - [6f/125e45] Submitted process > combineFiles (28)
Jan-26 02:37:56.463 [Task submitter] INFO  nextflow.Session - [d7/722e1b] Submitted process > combineFiles (23)
Jan-26 02:37:56.493 [Task submitter] INFO  nextflow.Session - [e2/802ac8] Submitted process > combineFiles (17)
Jan-26 02:37:56.529 [Task submitter] INFO  nextflow.Session - [46/138a34] Submitted process > combineFiles (33)
Jan-26 02:37:56.559 [Task submitter] INFO  nextflow.Session - [aa/cc9236] Submitted process > combineFiles (34)
Jan-26 02:38:20.421 [Task monitor] DEBUG n.processor.TaskPollingMonitor - Task completed > TaskHandler[id: 118; name: combineFiles (18); status: COMPLETED; exit: 0; error: -; workDir: /input/data/work/67/1482fe09d6f6ee8463fa8dcae273e8]
Jan-26 02:38:20.461 [Task monitor] DEBUG n.processor.TaskPollingMonitor - Task completed > TaskHandler[id: 126; name: combineFiles (26); status: COMPLETED; exit: 0; error: -; workDir: /input/data/work/4e/23cb0bee1c775059f5ce1125ebb667]
Jan-26 02:38:20.503 [Task monitor] DEBUG n.processor.TaskPollingMonitor - Task completed > TaskHandler[id: 124; name: combineFiles (24); status: COMPLETED; exit: 0; error: -; workDir: /input/data/work/be/f1abb6394f10c5a25b02cbe64a0f59]
Jan-26 02:38:45.656 [Task monitor] DEBUG n.processor.TaskPollingMonitor - Task completed > TaskHandler[id: 129; name: combineFiles (29); status: COMPLETED; exit: 0; error: -; workDir: /input/data/work/53/ecb022f4959cc1e119e34acc9af76b]
Jan-26 02:38:46.201 [Task monitor] DEBUG n.processor.TaskPollingMonitor - Task completed > TaskHandler[id: 117; name: combineFiles (17); status: COMPLETED; exit: 0; error: -; workDir: /input/data/work/e2/802ac84d319bb4dc4be80f6dbe018b]
Jan-26 02:38:46.246 [Task monitor] DEBUG n.processor.TaskPollingMonitor - Task completed > TaskHandler[id: 133; name: combineFiles (33); status: COMPLETED; exit: 0; error: -; workDir: /input/data/work/46/138a34c0d064ee183fe26625fe734c]
Jan-26 02:39:10.662 [Task monitor] DEBUG n.processor.TaskPollingMonitor - Task completed > TaskHandler[id: 120; name: combineFiles (20); status: COMPLETED; exit: 0; error: -; workDir: /input/data/work/a3/6e8c9ddd31b9066dbaafdd53b35806]
Jan-26 02:39:10.745 [Task monitor] DEBUG n.processor.TaskPollingMonitor - Task completed > TaskHandler[id: 104; name: combineFiles (4); status: COMPLETED; exit: 0; error: -; workDir: /input/data/work/b3/8c43be571b1c485e0361d510c3f382]
Jan-26 02:39:10.917 [Task monitor] DEBUG n.processor.TaskPollingMonitor - Task completed > TaskHandler[id: 119; name: combineFiles (19); status: COMPLETED; exit: 0; error: -; workDir: /input/data/work/8d/157b5e07ec54b01060d103d5279ff5]
Jan-26 02:39:35.640 [Task monitor] DEBUG n.processor.TaskPollingMonitor - Task completed > TaskHandler[id: 101; name: combineFiles (1); status: COMPLETED; exit: 0; error: -; workDir: /input/data/work/15/c662ba85d9cddaefe55b73e12f92b3]
Jan-26 02:39:35.715 [Task monitor] DEBUG n.processor.TaskPollingMonitor - Task completed > TaskHandler[id: 122; name: combineFiles (22); status: COMPLETED; exit: 0; error: -; workDir: /input/data/work/9e/7018a15f3a36cc821d0227d8fa5978]
Jan-26 02:39:35.913 [Task monitor] DEBUG n.processor.TaskPollingMonitor - Task completed > TaskHandler[id: 115; name: combineFiles (15); status: COMPLETED; exit: 0; error: -; workDir: /input/data/work/a7/3556ddaedace5eaeb95916034a0cb6]
Jan-26 02:40:05.456 [Task monitor] DEBUG n.processor.TaskPollingMonitor - Task completed > TaskHandler[id: 113; name: combineFiles (13); status: COMPLETED; exit: 0; error: -; workDir: /input/data/work/88/bc3dd8da165a4e846f604246b729bc]
Jan-26 02:40:05.673 [Task monitor] DEBUG n.processor.TaskPollingMonitor - Task completed > TaskHandler[id: 130; name: combineFiles (30); status: COMPLETED; exit: 0; error: -; workDir: /input/data/work/c3/c1c614502021e4c88093d6f8711255]
Jan-26 02:40:06.020 [Task monitor] DEBUG n.processor.TaskPollingMonitor - Task completed > TaskHandler[id: 134; name: combineFiles (34); status: COMPLETED; exit: 0; error: -; workDir: /input/data/work/aa/cc9236c0d7a749d18c16558965d43c]
Jan-26 02:40:30.512 [Task monitor] DEBUG n.processor.TaskPollingMonitor - Task completed > TaskHandler[id: 106; name: combineFiles (6); status: COMPLETED; exit: 0; error: -; workDir: /input/data/work/65/999203e6fbe02b841d7ea2d77dea57]
Jan-26 02:40:30.645 [Task monitor] DEBUG n.processor.TaskPollingMonitor - Task completed > TaskHandler[id: 109; name: combineFiles (9); status: COMPLETED; exit: 0; error: -; workDir: /input/data/work/b3/8fd95a7fbd5d0778f44dbcd9dac63a]
Jan-26 02:40:30.779 [Task monitor] DEBUG n.processor.TaskPollingMonitor - Task completed > TaskHandler[id: 107; name: combineFiles (7); status: COMPLETED; exit: 0; error: -; workDir: /input/data/work/54/a6695e469ce80c6e1112ce7bf85cea]
Jan-26 02:40:55.641 [Task monitor] DEBUG n.processor.TaskPollingMonitor - Task completed > TaskHandler[id: 108; name: combineFiles (8); status: COMPLETED; exit: 0; error: -; workDir: /input/data/work/d5/8e8330c9c74f4f3249af3b51264b7c]
Jan-26 02:40:55.684 [Task monitor] DEBUG n.processor.TaskPollingMonitor - Task completed > TaskHandler[id: 131; name: combineFiles (31); status: COMPLETED; exit: 0; error: -; workDir: /input/data/work/28/fb4494c0c6b23abd843febe17f7764]
Jan-26 02:40:55.744 [Task monitor] DEBUG n.processor.TaskPollingMonitor - Task completed > TaskHandler[id: 111; name: combineFiles (11); status: COMPLETED; exit: 0; error: -; workDir: /input/data/work/26/2f2ddfd5667ebbce421966824027e4]
Jan-26 02:41:20.596 [Task monitor] DEBUG n.processor.TaskPollingMonitor - Task completed > TaskHandler[id: 110; name: combineFiles (10); status: COMPLETED; exit: 0; error: -; workDir: /input/data/work/41/63a6649499839243135681a046e1a3]
Jan-26 02:41:20.638 [Task monitor] DEBUG n.processor.TaskPollingMonitor - Task completed > TaskHandler[id: 121; name: combineFiles (21); status: COMPLETED; exit: 0; error: -; workDir: /input/data/work/72/f30854c492f315a85e58f72b5e6925]
Jan-26 02:41:20.735 [Task monitor] DEBUG n.processor.TaskPollingMonitor - Task completed > TaskHandler[id: 128; name: combineFiles (28); status: COMPLETED; exit: 0; error: -; workDir: /input/data/work/6f/125e45905b401b887e4acaf0765c35]
Jan-26 02:41:45.434 [Task monitor] DEBUG n.processor.TaskPollingMonitor - Task completed > TaskHandler[id: 103; name: combineFiles (3); status: COMPLETED; exit: 0; error: -; workDir: /input/data/work/0c/79a26424b9a064a174260f40470ecb]
Jan-26 02:41:45.510 [Task monitor] DEBUG n.processor.TaskPollingMonitor - Task completed > TaskHandler[id: 132; name: combineFiles (32); status: COMPLETED; exit: 0; error: -; workDir: /input/data/work/92/56a21bcf2e4ad260ac6a5443583d0c]
Jan-26 02:41:45.610 [Task monitor] DEBUG n.processor.TaskPollingMonitor - Task completed > TaskHandler[id: 114; name: combineFiles (14); status: COMPLETED; exit: 0; error: -; workDir: /input/data/work/7e/33bb6370dfb66a2fb3f2ca3d6e0be6]
Jan-26 02:42:20.392 [Task monitor] DEBUG n.processor.TaskPollingMonitor - !! executor k8s > tasks to be completed: 7 -- submitted tasks are shown below
~> TaskHandler[id: 105; name: combineFiles (5); status: SUBMITTED; exit: -; error: -; workDir: /input/data/work/59/4735a6a6d13ccdfa083d0beeea77a2]
~> TaskHandler[id: 116; name: combineFiles (16); status: RUNNING; exit: -; error: -; workDir: /input/data/work/4f/09adc06b3599eea4e5d3a38d0910f4]
~> TaskHandler[id: 127; name: combineFiles (27); status: SUBMITTED; exit: -; error: -; workDir: /input/data/work/0a/b7a311e063e0b2b5a7d44d0382a5ae]
~> TaskHandler[id: 125; name: combineFiles (25); status: RUNNING; exit: -; error: -; workDir: /input/data/work/4f/b76d8313b9b355b55f9bb4540c1f06]
~> TaskHandler[id: 102; name: combineFiles (2); status: RUNNING; exit: -; error: -; workDir: /input/data/work/1c/7c89711a95cba1514c5467615422d5]
~> TaskHandler[id: 112; name: combineFiles (12); status: SUBMITTED; exit: -; error: -; workDir: /input/data/work/75/7347bcfff68c69b2900d07131ee1f6]
~> TaskHandler[id: 123; name: combineFiles (23); status: SUBMITTED; exit: -; error: -; workDir: /input/data/work/d7/722e1bacb3cc6f81e7ac6853d512ba]
Jan-26 02:42:20.465 [Task monitor] DEBUG n.processor.TaskPollingMonitor - Task completed > TaskHandler[id: 116; name: combineFiles (16); status: COMPLETED; exit: 0; error: -; workDir: /input/data/work/4f/09adc06b3599eea4e5d3a38d0910f4]
Jan-26 02:42:20.532 [Task monitor] DEBUG n.processor.TaskPollingMonitor - Task completed > TaskHandler[id: 125; name: combineFiles (25); status: COMPLETED; exit: 0; error: -; workDir: /input/data/work/4f/b76d8313b9b355b55f9bb4540c1f06]
Jan-26 02:42:20.573 [Task monitor] DEBUG n.processor.TaskPollingMonitor - Task completed > TaskHandler[id: 102; name: combineFiles (2); status: COMPLETED; exit: 0; error: -; workDir: /input/data/work/1c/7c89711a95cba1514c5467615422d5]
Jan-26 02:42:50.463 [Task monitor] DEBUG n.processor.TaskPollingMonitor - Task completed > TaskHandler[id: 127; name: combineFiles (27); status: COMPLETED; exit: 0; error: -; workDir: /input/data/work/0a/b7a311e063e0b2b5a7d44d0382a5ae]
Jan-26 02:42:50.502 [Task monitor] DEBUG n.processor.TaskPollingMonitor - Task completed > TaskHandler[id: 112; name: combineFiles (12); status: COMPLETED; exit: 0; error: -; workDir: /input/data/work/75/7347bcfff68c69b2900d07131ee1f6]
Jan-26 02:42:50.543 [Task monitor] DEBUG n.processor.TaskPollingMonitor - Task completed > TaskHandler[id: 123; name: combineFiles (23); status: COMPLETED; exit: 0; error: -; workDir: /input/data/work/d7/722e1bacb3cc6f81e7ac6853d512ba]
Jan-26 02:43:00.429 [Task monitor] DEBUG n.processor.TaskPollingMonitor - Task completed > TaskHandler[id: 105; name: combineFiles (5); status: COMPLETED; exit: 0; error: -; workDir: /input/data/work/59/4735a6a6d13ccdfa083d0beeea77a2]
Jan-26 02:43:00.431 [main] DEBUG nextflow.Session - Session await > all processes finished
Jan-26 02:43:00.433 [main] DEBUG nextflow.Session - Session await > all barriers passed
Jan-26 02:43:00.444 [main] DEBUG n.trace.WorkflowStatsObserver - Workflow completed > WorkflowStats[succeededCount=134; failedCount=0; ignoredCount=0; cachedCount=0; pendingCount=0; submittedCount=0; runningCount=0; retriesCount=0; abortedCount=0; succeedDuration=1h 55s; failedDuration=0ms; cachedDuration=0ms;loadCpus=0; loadMemory=0; peakRunning=6; peakCpus=60; peakMemory=60 GB; ]
Jan-26 02:43:00.444 [main] DEBUG nextflow.trace.TraceFileObserver - Workflow completed -- saving trace file
Jan-26 02:43:00.456 [main] DEBUG nextflow.trace.ReportObserver - Workflow completed -- rendering execution report
Jan-26 02:43:01.080 [main] DEBUG nextflow.trace.TimelineObserver - Workflow completed -- rendering execution timeline
Jan-26 02:43:01.231 [main] DEBUG nextflow.cache.CacheDB - Closing CacheDB done
Jan-26 02:43:01.255 [main] DEBUG nextflow.util.ThreadPoolManager - Thread pool 'FileTransfer' shutdown completed (hard=false)
Jan-26 02:43:01.255 [main] DEBUG nextflow.script.ScriptRunner - > Execution complete -- Goodbye
