Nov-26 23:49:06.439 [main] DEBUG nextflow.cli.Launcher - $> nextflow run /input/groupMultiple -c /experiments/experiment/groupMultiple/nextflow.config -c /experiments/experiment/nextflow_orig.config -c /experiments/experiment/nextflow_ceph.config
Nov-26 23:49:06.498 [main] INFO  nextflow.cli.CmdRun - N E X T F L O W  ~  version 23.07.0-edge
Nov-26 23:49:06.515 [main] DEBUG nextflow.plugin.PluginsFacade - Setting up plugin manager > mode=prod; embedded=false; plugins-dir=/.nextflow/plugins; core-plugins: nf-amazon@2.1.0,nf-azure@1.1.4,nf-cloudcache@0.1.0,nf-codecommit@0.1.5,nf-console@1.0.6,nf-ga4gh@1.1.0,nf-google@1.8.1,nf-tower@1.5.15,nf-wave@0.11.0
Nov-26 23:49:06.524 [main] INFO  o.pf4j.DefaultPluginStatusProvider - Enabled plugins: []
Nov-26 23:49:06.525 [main] INFO  o.pf4j.DefaultPluginStatusProvider - Disabled plugins: []
Nov-26 23:49:06.527 [main] INFO  org.pf4j.DefaultPluginManager - PF4J version 3.4.1 in 'deployment' mode
Nov-26 23:49:06.534 [main] INFO  org.pf4j.AbstractPluginManager - No plugins
Nov-26 23:49:06.554 [main] DEBUG nextflow.scm.AssetManager - Project manifest does not exist: /input/groupMultiple/nextflow.config (No such file or directory)
Nov-26 23:49:06.579 [main] DEBUG nextflow.config.ConfigBuilder - User config file: /experiments/experiment/groupMultiple/nextflow.config
Nov-26 23:49:06.579 [main] DEBUG nextflow.config.ConfigBuilder - User config file: /experiments/experiment/nextflow_orig.config
Nov-26 23:49:06.579 [main] DEBUG nextflow.config.ConfigBuilder - User config file: /experiments/experiment/nextflow_ceph.config
Nov-26 23:49:06.579 [main] DEBUG nextflow.config.ConfigBuilder - Parsing config file: /experiments/experiment/groupMultiple/nextflow.config
Nov-26 23:49:06.580 [main] DEBUG nextflow.config.ConfigBuilder - Parsing config file: /experiments/experiment/nextflow_orig.config
Nov-26 23:49:06.580 [main] DEBUG nextflow.config.ConfigBuilder - Parsing config file: /experiments/experiment/nextflow_ceph.config
Nov-26 23:49:06.594 [main] DEBUG nextflow.config.ConfigBuilder - Applying config profile: `standard`
Nov-26 23:49:07.102 [main] DEBUG nextflow.config.ConfigBuilder - Applying config profile: `standard`
Nov-26 23:49:07.254 [main] DEBUG nextflow.config.ConfigBuilder - Applying config profile: `standard`
Nov-26 23:49:07.282 [main] DEBUG nextflow.cli.CmdRun - Applied DSL=2 by global default
Nov-26 23:49:07.295 [main] INFO  nextflow.cli.CmdRun - Launching `/input/groupMultiple/main.nf` [peaceful_shannon] DSL2 - revision: b7ed08cdab
Nov-26 23:49:07.295 [main] DEBUG nextflow.plugin.PluginsFacade - Plugins default=[]
Nov-26 23:49:07.295 [main] DEBUG nextflow.plugin.PluginsFacade - Plugins resolved requirement=[]
Nov-26 23:49:07.303 [main] DEBUG n.secret.LocalSecretsProvider - Secrets store: /.nextflow/secrets/store.json
Nov-26 23:49:07.306 [main] DEBUG nextflow.secret.SecretsLoader - Discovered secrets providers: [nextflow.secret.LocalSecretsProvider@44065156] - activable => nextflow.secret.LocalSecretsProvider@44065156
Nov-26 23:49:07.359 [main] DEBUG nextflow.Session - Session UUID: b99bf981-415f-498a-97e3-e74cbdd48763
Nov-26 23:49:07.359 [main] DEBUG nextflow.Session - Run name: peaceful_shannon
Nov-26 23:49:07.359 [main] DEBUG nextflow.Session - Executor pool size: 32
Nov-26 23:49:07.365 [main] DEBUG nextflow.file.FilePorter - File porter settings maxRetries=3; maxTransfers=50; pollTimeout=null
Nov-26 23:49:07.368 [main] DEBUG nextflow.util.ThreadPoolBuilder - Creating thread pool 'FileTransfer' minSize=10; maxSize=96; workQueue=LinkedBlockingQueue[10000]; allowCoreThreadTimeout=false
Nov-26 23:49:07.394 [main] DEBUG nextflow.cli.CmdRun - 
  Version: 23.07.0-edge build 5870
  Created: 22-07-2023 15:44 UTC 
  System: Linux 5.4.0-166-generic
  Runtime: Groovy 3.0.18 on OpenJDK 64-Bit Server VM 17.0.7+7-LTS
  Encoding: UTF-8 (UTF-8)
  Process: 1265835@nextflow [10.233.76.42]
  CPUs: 32 - Mem: 125.7 GB (92.4 GB) - Swap: 0 (0)
Nov-26 23:49:07.425 [main] DEBUG nextflow.Session - Work-dir: /input/data/work [ceph]
Nov-26 23:49:07.426 [main] DEBUG nextflow.Session - Script base path does not exist or is not a directory: /input/groupMultiple/bin
Nov-26 23:49:07.436 [main] DEBUG nextflow.executor.ExecutorFactory - Extension executors providers=[]
Nov-26 23:49:07.443 [main] DEBUG nextflow.Session - Observer factory: DefaultObserverFactory
Nov-26 23:49:07.473 [main] DEBUG nextflow.cache.CacheFactory - Using Nextflow cache factory: nextflow.cache.DefaultCacheFactory
Nov-26 23:49:07.480 [main] DEBUG nextflow.util.CustomThreadPool - Creating default thread pool > poolSize: 33; maxThreads: 1000
Nov-26 23:49:07.573 [main] DEBUG nextflow.Session - Session start
Nov-26 23:49:07.578 [main] DEBUG nextflow.trace.TraceFileObserver - Workflow started -- trace file: /input/data/output/trace.csv
Nov-26 23:49:07.761 [main] DEBUG nextflow.script.ScriptRunner - > Launching execution
Nov-26 23:49:07.974 [main] DEBUG nextflow.script.ProcessConfig - Config settings `withName:writeLargeFile` matches process writeLargeFile
Nov-26 23:49:07.984 [main] DEBUG nextflow.executor.ExecutorFactory - << taskConfig executor: k8s
Nov-26 23:49:07.984 [main] DEBUG nextflow.executor.ExecutorFactory - >> processorType: 'k8s'
Nov-26 23:49:07.990 [main] DEBUG nextflow.executor.Executor - [warm up] executor > k8s
Nov-26 23:49:07.994 [main] DEBUG n.processor.TaskPollingMonitor - Creating task monitor for executor 'k8s' > capacity: 300; pollInterval: 5s; dumpInterval: 5m 
Nov-26 23:49:08.009 [main] DEBUG nextflow.k8s.client.ConfigDiscovery - K8s config file does not exist: /root/.kube/config
Nov-26 23:49:08.019 [main] DEBUG nextflow.k8s.K8sExecutor - [K8s] config=[debug:[yaml:true], namespace:anonymized, serviceAccount:nextflow, workDir:/input/data/work/, projectDir:/input/data/project/, imagePullPolicy:IfNotPresent, launchDir:/input/data/launch/, runAsUser:0, fetchNodeName:true, storageMountPath:/input, scheduler:[name:workflow-scheduler, autoClose:false, nodeSelector:usedby=anonymized, container:anonymized/test1:sch_v194], pod:[nodeSelector:usedby=anonymized], storage:[nodeSelector:usedby=anonymized, imageName:anonymized/test1:ftp_v122], storageClaimName:ceph-data]; API client config=ClientConfig[ server=10.233.0.1:443, namespace=anonymized, serviceAccount=nextflow, token=eyJhbGciOiJ.., sslCert=LS0tLS1CRUd.., clientCert=-, clientKey=-, verifySsl=false, fromFile=true, httpReadTimeout=null, httpConnectTimeout=null, maxErrorRetry=4 ]
Nov-26 23:49:08.097 [main] DEBUG nextflow.script.ProcessConfig - Config settings `withName:combineFiles` matches process combineFilesA
Nov-26 23:49:08.098 [main] DEBUG nextflow.executor.ExecutorFactory - << taskConfig executor: k8s
Nov-26 23:49:08.098 [main] DEBUG nextflow.executor.ExecutorFactory - >> processorType: 'k8s'
Nov-26 23:49:08.105 [main] DEBUG nextflow.script.ProcessConfig - Config settings `withName:combineFiles` matches process combineFilesB
Nov-26 23:49:08.105 [main] DEBUG nextflow.executor.ExecutorFactory - << taskConfig executor: k8s
Nov-26 23:49:08.106 [main] DEBUG nextflow.executor.ExecutorFactory - >> processorType: 'k8s'
Nov-26 23:49:08.108 [main] DEBUG nextflow.Session - Workflow process names [dsl2]: revertFile, combineFiles, combineFilesA, writeLargeFile, combineFilesB
Nov-26 23:49:08.109 [main] DEBUG nextflow.Session - Igniting dataflow network (4)
Nov-26 23:49:08.110 [main] DEBUG nextflow.processor.TaskProcessor - Starting process > writeLargeFile
Nov-26 23:49:08.111 [main] DEBUG nextflow.processor.TaskProcessor - Starting process > combineFilesA
Nov-26 23:49:08.111 [main] DEBUG nextflow.processor.TaskProcessor - Starting process > combineFilesB
Nov-26 23:49:08.111 [main] DEBUG nextflow.script.ScriptRunner - > Awaiting termination 
Nov-26 23:49:08.111 [main] DEBUG nextflow.Session - Session await
Nov-26 23:49:08.502 [Task submitter] INFO  nextflow.Session - [c5/5a7848] Submitted process > writeLargeFile (19)
Nov-26 23:49:08.543 [Task submitter] INFO  nextflow.Session - [f4/6ec7f3] Submitted process > writeLargeFile (5)
Nov-26 23:49:08.576 [Task submitter] INFO  nextflow.Session - [d5/7b390b] Submitted process > writeLargeFile (16)
Nov-26 23:49:08.611 [Task submitter] INFO  nextflow.Session - [09/e19ae4] Submitted process > writeLargeFile (30)
Nov-26 23:49:08.648 [Task submitter] INFO  nextflow.Session - [af/07b2b0] Submitted process > writeLargeFile (3)
Nov-26 23:49:08.677 [Task submitter] INFO  nextflow.Session - [d1/c29678] Submitted process > writeLargeFile (23)
Nov-26 23:49:08.705 [Task submitter] INFO  nextflow.Session - [8b/429307] Submitted process > writeLargeFile (10)
Nov-26 23:49:08.733 [Task submitter] INFO  nextflow.Session - [e6/8e99e8] Submitted process > writeLargeFile (12)
Nov-26 23:49:08.765 [Task submitter] INFO  nextflow.Session - [32/60eef1] Submitted process > writeLargeFile (17)
Nov-26 23:49:08.793 [Task submitter] INFO  nextflow.Session - [f2/e2f834] Submitted process > writeLargeFile (22)
Nov-26 23:49:08.821 [Task submitter] INFO  nextflow.Session - [02/af8435] Submitted process > writeLargeFile (13)
Nov-26 23:49:08.848 [Task submitter] INFO  nextflow.Session - [6c/02d7a5] Submitted process > writeLargeFile (26)
Nov-26 23:49:08.876 [Task submitter] INFO  nextflow.Session - [26/d465e0] Submitted process > writeLargeFile (15)
Nov-26 23:49:08.903 [Task submitter] INFO  nextflow.Session - [94/deafb2] Submitted process > writeLargeFile (28)
Nov-26 23:49:08.932 [Task submitter] INFO  nextflow.Session - [8c/ee381a] Submitted process > writeLargeFile (4)
Nov-26 23:49:08.958 [Task submitter] INFO  nextflow.Session - [c5/d40f28] Submitted process > writeLargeFile (7)
Nov-26 23:49:08.985 [Task submitter] INFO  nextflow.Session - [97/0e06e2] Submitted process > writeLargeFile (20)
Nov-26 23:49:09.011 [Task submitter] INFO  nextflow.Session - [96/6a45f1] Submitted process > writeLargeFile (21)
Nov-26 23:49:09.037 [Task submitter] INFO  nextflow.Session - [a7/fb4a9b] Submitted process > writeLargeFile (32)
Nov-26 23:49:09.064 [Task submitter] INFO  nextflow.Session - [ef/c5f222] Submitted process > writeLargeFile (11)
Nov-26 23:49:09.090 [Task submitter] INFO  nextflow.Session - [77/c6fcac] Submitted process > writeLargeFile (27)
Nov-26 23:49:09.117 [Task submitter] INFO  nextflow.Session - [ee/630539] Submitted process > writeLargeFile (2)
Nov-26 23:49:09.142 [Task submitter] INFO  nextflow.Session - [9d/00c1b3] Submitted process > writeLargeFile (24)
Nov-26 23:49:09.168 [Task submitter] INFO  nextflow.Session - [75/c88e9f] Submitted process > writeLargeFile (9)
Nov-26 23:49:09.197 [Task submitter] INFO  nextflow.Session - [97/f15673] Submitted process > writeLargeFile (25)
Nov-26 23:49:09.220 [Task submitter] INFO  nextflow.Session - [39/b0ae08] Submitted process > writeLargeFile (29)
Nov-26 23:49:09.246 [Task submitter] INFO  nextflow.Session - [0b/030b39] Submitted process > writeLargeFile (8)
Nov-26 23:49:09.270 [Task submitter] INFO  nextflow.Session - [c7/2c4e51] Submitted process > writeLargeFile (54)
Nov-26 23:49:09.297 [Task submitter] INFO  nextflow.Session - [ce/6eccc5] Submitted process > writeLargeFile (31)
Nov-26 23:49:09.319 [Task submitter] INFO  nextflow.Session - [d0/468ee7] Submitted process > writeLargeFile (18)
Nov-26 23:49:09.342 [Task submitter] INFO  nextflow.Session - [4d/e54f87] Submitted process > writeLargeFile (6)
Nov-26 23:49:09.368 [Task submitter] INFO  nextflow.Session - [55/275beb] Submitted process > writeLargeFile (1)
Nov-26 23:49:09.390 [Task submitter] INFO  nextflow.Session - [e5/fc446a] Submitted process > writeLargeFile (14)
Nov-26 23:49:09.414 [Task submitter] INFO  nextflow.Session - [2b/63fcad] Submitted process > writeLargeFile (33)
Nov-26 23:49:09.440 [Task submitter] INFO  nextflow.Session - [33/a075af] Submitted process > writeLargeFile (34)
Nov-26 23:49:09.465 [Task submitter] INFO  nextflow.Session - [da/608743] Submitted process > writeLargeFile (35)
Nov-26 23:49:09.491 [Task submitter] INFO  nextflow.Session - [c2/c8f2c5] Submitted process > writeLargeFile (37)
Nov-26 23:49:09.516 [Task submitter] INFO  nextflow.Session - [c3/29e843] Submitted process > writeLargeFile (36)
Nov-26 23:49:09.548 [Task submitter] INFO  nextflow.Session - [30/92bceb] Submitted process > writeLargeFile (38)
Nov-26 23:49:09.576 [Task submitter] INFO  nextflow.Session - [39/3a55e1] Submitted process > writeLargeFile (40)
Nov-26 23:49:09.600 [Task submitter] INFO  nextflow.Session - [0e/4265c3] Submitted process > writeLargeFile (39)
Nov-26 23:49:09.628 [Task submitter] INFO  nextflow.Session - [d4/76131d] Submitted process > writeLargeFile (42)
Nov-26 23:49:09.657 [Task submitter] INFO  nextflow.Session - [2e/4b63c8] Submitted process > writeLargeFile (41)
Nov-26 23:49:09.681 [Task submitter] INFO  nextflow.Session - [1b/6b43cf] Submitted process > writeLargeFile (43)
Nov-26 23:49:09.705 [Task submitter] INFO  nextflow.Session - [94/8375b4] Submitted process > writeLargeFile (44)
Nov-26 23:49:09.731 [Task submitter] INFO  nextflow.Session - [86/4abdf4] Submitted process > writeLargeFile (46)
Nov-26 23:49:09.760 [Task submitter] INFO  nextflow.Session - [5e/4b5217] Submitted process > writeLargeFile (45)
Nov-26 23:49:09.783 [Task submitter] INFO  nextflow.Session - [da/be6191] Submitted process > writeLargeFile (47)
Nov-26 23:49:09.820 [Task submitter] INFO  nextflow.Session - [47/a3a7fd] Submitted process > writeLargeFile (48)
Nov-26 23:49:09.844 [Task submitter] INFO  nextflow.Session - [93/94c80c] Submitted process > writeLargeFile (77)
Nov-26 23:49:09.870 [Task submitter] INFO  nextflow.Session - [e2/6690e9] Submitted process > writeLargeFile (50)
Nov-26 23:49:09.892 [Task submitter] INFO  nextflow.Session - [06/3d86dc] Submitted process > writeLargeFile (49)
Nov-26 23:49:09.917 [Task submitter] INFO  nextflow.Session - [3a/f5ec9f] Submitted process > writeLargeFile (51)
Nov-26 23:49:09.937 [Task submitter] INFO  nextflow.Session - [78/698994] Submitted process > writeLargeFile (53)
Nov-26 23:49:09.959 [Task submitter] INFO  nextflow.Session - [24/392058] Submitted process > writeLargeFile (52)
Nov-26 23:49:09.987 [Task submitter] INFO  nextflow.Session - [e5/d0452d] Submitted process > writeLargeFile (56)
Nov-26 23:49:10.008 [Task submitter] INFO  nextflow.Session - [b3/0b31c8] Submitted process > writeLargeFile (55)
Nov-26 23:49:10.033 [Task submitter] INFO  nextflow.Session - [4c/44298a] Submitted process > writeLargeFile (57)
Nov-26 23:49:10.062 [Task submitter] INFO  nextflow.Session - [31/7e3f08] Submitted process > writeLargeFile (58)
Nov-26 23:49:10.084 [Task submitter] INFO  nextflow.Session - [7c/97033e] Submitted process > writeLargeFile (59)
Nov-26 23:49:10.108 [Task submitter] INFO  nextflow.Session - [16/c23b22] Submitted process > writeLargeFile (60)
Nov-26 23:49:10.153 [Task submitter] INFO  nextflow.Session - [e7/c93408] Submitted process > writeLargeFile (61)
Nov-26 23:49:10.178 [Task submitter] INFO  nextflow.Session - [2e/efa9a6] Submitted process > writeLargeFile (62)
Nov-26 23:49:10.211 [Task submitter] INFO  nextflow.Session - [b8/065eeb] Submitted process > writeLargeFile (63)
Nov-26 23:49:10.234 [Task submitter] INFO  nextflow.Session - [fc/61d836] Submitted process > writeLargeFile (64)
Nov-26 23:49:10.257 [Task submitter] INFO  nextflow.Session - [a7/6c7c49] Submitted process > writeLargeFile (66)
Nov-26 23:49:10.279 [Task submitter] INFO  nextflow.Session - [ab/2cfb57] Submitted process > writeLargeFile (65)
Nov-26 23:49:10.302 [Task submitter] INFO  nextflow.Session - [65/183360] Submitted process > writeLargeFile (67)
Nov-26 23:49:10.325 [Task submitter] INFO  nextflow.Session - [f4/6f57b5] Submitted process > writeLargeFile (68)
Nov-26 23:49:10.350 [Task submitter] INFO  nextflow.Session - [89/b30adf] Submitted process > writeLargeFile (69)
Nov-26 23:49:10.373 [Task submitter] INFO  nextflow.Session - [0b/94e146] Submitted process > writeLargeFile (70)
Nov-26 23:49:10.399 [Task submitter] INFO  nextflow.Session - [03/60dbbd] Submitted process > writeLargeFile (71)
Nov-26 23:49:10.422 [Task submitter] INFO  nextflow.Session - [30/df4411] Submitted process > writeLargeFile (72)
Nov-26 23:49:10.446 [Task submitter] INFO  nextflow.Session - [b8/11982c] Submitted process > writeLargeFile (73)
Nov-26 23:49:10.469 [Task submitter] INFO  nextflow.Session - [23/82db4a] Submitted process > writeLargeFile (74)
Nov-26 23:49:10.491 [Task submitter] INFO  nextflow.Session - [74/05f2d4] Submitted process > writeLargeFile (75)
Nov-26 23:49:10.520 [Task submitter] INFO  nextflow.Session - [9e/2e4856] Submitted process > writeLargeFile (76)
Nov-26 23:49:10.545 [Task submitter] INFO  nextflow.Session - [a4/4ac7ed] Submitted process > writeLargeFile (78)
Nov-26 23:49:10.569 [Task submitter] INFO  nextflow.Session - [08/e1dd0a] Submitted process > writeLargeFile (79)
Nov-26 23:49:10.592 [Task submitter] INFO  nextflow.Session - [93/fe7dcc] Submitted process > writeLargeFile (80)
Nov-26 23:49:10.614 [Task submitter] INFO  nextflow.Session - [7b/486d05] Submitted process > writeLargeFile (81)
Nov-26 23:49:10.639 [Task submitter] INFO  nextflow.Session - [76/d220a7] Submitted process > writeLargeFile (82)
Nov-26 23:49:10.665 [Task submitter] INFO  nextflow.Session - [95/6fe42c] Submitted process > writeLargeFile (83)
Nov-26 23:49:10.690 [Task submitter] INFO  nextflow.Session - [24/3283c4] Submitted process > writeLargeFile (84)
Nov-26 23:49:10.715 [Task submitter] INFO  nextflow.Session - [03/2aed29] Submitted process > writeLargeFile (85)
Nov-26 23:49:10.740 [Task submitter] INFO  nextflow.Session - [51/79506b] Submitted process > writeLargeFile (86)
Nov-26 23:49:10.763 [Task submitter] INFO  nextflow.Session - [95/4b0c0c] Submitted process > writeLargeFile (87)
Nov-26 23:49:10.786 [Task submitter] INFO  nextflow.Session - [3a/6a464e] Submitted process > writeLargeFile (88)
Nov-26 23:49:10.809 [Task submitter] INFO  nextflow.Session - [51/a86de8] Submitted process > writeLargeFile (89)
Nov-26 23:49:10.832 [Task submitter] INFO  nextflow.Session - [f6/1d1368] Submitted process > writeLargeFile (90)
Nov-26 23:49:10.857 [Task submitter] INFO  nextflow.Session - [92/f027a6] Submitted process > writeLargeFile (91)
Nov-26 23:49:10.879 [Task submitter] INFO  nextflow.Session - [80/b45e9a] Submitted process > writeLargeFile (92)
Nov-26 23:49:10.902 [Task submitter] INFO  nextflow.Session - [fd/a2e045] Submitted process > writeLargeFile (93)
Nov-26 23:49:10.925 [Task submitter] INFO  nextflow.Session - [06/05c749] Submitted process > writeLargeFile (94)
Nov-26 23:49:10.948 [Task submitter] INFO  nextflow.Session - [65/ff9dcb] Submitted process > writeLargeFile (96)
Nov-26 23:49:10.972 [Task submitter] INFO  nextflow.Session - [6a/b883f6] Submitted process > writeLargeFile (95)
Nov-26 23:49:10.997 [Task submitter] INFO  nextflow.Session - [7b/ccfd12] Submitted process > writeLargeFile (97)
Nov-26 23:49:11.022 [Task submitter] INFO  nextflow.Session - [a3/ddb446] Submitted process > writeLargeFile (98)
Nov-26 23:49:11.047 [Task submitter] INFO  nextflow.Session - [6d/f10059] Submitted process > writeLargeFile (100)
Nov-26 23:49:11.071 [Task submitter] INFO  nextflow.Session - [60/41dcdb] Submitted process > writeLargeFile (99)
Nov-26 23:49:13.880 [Task monitor] WARN  nextflow.k8s.client.K8sClient - K8s pod cannot be scheduled -- 0/8 nodes are available: 8 Insufficient cpu. preemption: 0/8 nodes are available: 8 No preemption victims found for incoming pod..
Nov-26 23:50:13.902 [Task monitor] WARN  nextflow.k8s.client.K8sClient - K8s pod cannot be scheduled -- 0/8 nodes are available: 8 Insufficient cpu. preemption: 0/8 nodes are available: 8 No preemption victims found for incoming pod..
Nov-26 23:50:16.156 [Task monitor] DEBUG n.processor.TaskPollingMonitor - Task completed > TaskHandler[id: 30; name: writeLargeFile (30); status: COMPLETED; exit: 0; error: -; workDir: /input/data/work/09/e19ae4ab233d717118a99cca7a071c]
Nov-26 23:50:16.298 [Task monitor] DEBUG n.processor.TaskPollingMonitor - Task completed > TaskHandler[id: 3; name: writeLargeFile (3); status: COMPLETED; exit: 0; error: -; workDir: /input/data/work/af/07b2b0098b16c75115154cbb7eb5dd]
Nov-26 23:50:16.406 [Task monitor] DEBUG n.processor.TaskPollingMonitor - Task completed > TaskHandler[id: 10; name: writeLargeFile (10); status: COMPLETED; exit: 0; error: -; workDir: /input/data/work/8b/4293079f79a5b4ff485b049d7bae39]
Nov-26 23:50:16.583 [Task monitor] DEBUG n.processor.TaskPollingMonitor - Task completed > TaskHandler[id: 13; name: writeLargeFile (13); status: COMPLETED; exit: 0; error: -; workDir: /input/data/work/02/af843557d541d7cb59a6fa9e13961c]
Nov-26 23:50:16.707 [Task monitor] DEBUG n.processor.TaskPollingMonitor - Task completed > TaskHandler[id: 28; name: writeLargeFile (28); status: COMPLETED; exit: 0; error: -; workDir: /input/data/work/94/deafb22eee487b319a72721e624a2d]
Nov-26 23:50:16.786 [Task monitor] DEBUG n.processor.TaskPollingMonitor - Task completed > TaskHandler[id: 4; name: writeLargeFile (4); status: COMPLETED; exit: 0; error: -; workDir: /input/data/work/8c/ee381aa9989ff9a435e39527339d0a]
Nov-26 23:50:16.955 [Task monitor] DEBUG n.processor.TaskPollingMonitor - Task completed > TaskHandler[id: 27; name: writeLargeFile (27); status: COMPLETED; exit: 0; error: -; workDir: /input/data/work/77/c6fcac28b60b2608ac2245108247b9]
Nov-26 23:50:17.033 [Task monitor] DEBUG n.processor.TaskPollingMonitor - Task completed > TaskHandler[id: 2; name: writeLargeFile (2); status: COMPLETED; exit: 0; error: -; workDir: /input/data/work/ee/630539f2a466958f423b460780f526]
Nov-26 23:50:26.341 [Task monitor] DEBUG n.processor.TaskPollingMonitor - Task completed > TaskHandler[id: 19; name: writeLargeFile (19); status: COMPLETED; exit: 0; error: -; workDir: /input/data/work/c5/5a7848ce13e9753a98266ebb116190]
Nov-26 23:50:26.448 [Task monitor] DEBUG n.processor.TaskPollingMonitor - Task completed > TaskHandler[id: 5; name: writeLargeFile (5); status: COMPLETED; exit: 0; error: -; workDir: /input/data/work/f4/6ec7f3189d6423aaefea11d0a91ee3]
Nov-26 23:50:26.517 [Task monitor] DEBUG n.processor.TaskPollingMonitor - Task completed > TaskHandler[id: 23; name: writeLargeFile (23); status: COMPLETED; exit: 0; error: -; workDir: /input/data/work/d1/c296786e4e0d2839d5f03e4bcb5cf9]
Nov-26 23:50:26.583 [Task monitor] DEBUG n.processor.TaskPollingMonitor - Task completed > TaskHandler[id: 12; name: writeLargeFile (12); status: COMPLETED; exit: 0; error: -; workDir: /input/data/work/e6/8e99e8f05ae5a63f545ec03ca7f734]
Nov-26 23:50:26.670 [Task monitor] DEBUG n.processor.TaskPollingMonitor - Task completed > TaskHandler[id: 17; name: writeLargeFile (17); status: COMPLETED; exit: 0; error: -; workDir: /input/data/work/32/60eef152826102c50001c811ca502d]
Nov-26 23:50:26.741 [Task monitor] DEBUG n.processor.TaskPollingMonitor - Task completed > TaskHandler[id: 26; name: writeLargeFile (26); status: COMPLETED; exit: 0; error: -; workDir: /input/data/work/6c/02d7a55ee9e5115d17ac0de0b947a0]
Nov-26 23:50:26.804 [Task monitor] DEBUG n.processor.TaskPollingMonitor - Task completed > TaskHandler[id: 15; name: writeLargeFile (15); status: COMPLETED; exit: 0; error: -; workDir: /input/data/work/26/d465e09772de9b1fe49aa5adb43fda]
Nov-26 23:50:26.867 [Task monitor] DEBUG n.processor.TaskPollingMonitor - Task completed > TaskHandler[id: 7; name: writeLargeFile (7); status: COMPLETED; exit: 0; error: -; workDir: /input/data/work/c5/d40f2836c0411eebf5ead1e0bf270f]
Nov-26 23:50:26.925 [Task monitor] DEBUG n.processor.TaskPollingMonitor - Task completed > TaskHandler[id: 20; name: writeLargeFile (20); status: COMPLETED; exit: 0; error: -; workDir: /input/data/work/97/0e06e234033089e48f3f6218b1577d]
Nov-26 23:50:27.004 [Task monitor] DEBUG n.processor.TaskPollingMonitor - Task completed > TaskHandler[id: 32; name: writeLargeFile (32); status: COMPLETED; exit: 0; error: -; workDir: /input/data/work/a7/fb4a9b23a70bf1cfade1e3e1afdb8a]
Nov-26 23:50:27.052 [Task monitor] DEBUG n.processor.TaskPollingMonitor - Task completed > TaskHandler[id: 11; name: writeLargeFile (11); status: COMPLETED; exit: 0; error: -; workDir: /input/data/work/ef/c5f222c93cc6a31d73e04752eb1c35]
Nov-26 23:50:27.123 [Task monitor] DEBUG n.processor.TaskPollingMonitor - Task completed > TaskHandler[id: 9; name: writeLargeFile (9); status: COMPLETED; exit: 0; error: -; workDir: /input/data/work/75/c88e9f6a51c1ebdfee618ce94da72b]
Nov-26 23:51:14.855 [Task monitor] DEBUG n.processor.TaskPollingMonitor - Task completed > TaskHandler[id: 24; name: writeLargeFile (24); status: COMPLETED; exit: 0; error: -; workDir: /input/data/work/9d/00c1b38bdea15115dc8bff1e4d3c01]
Nov-26 23:51:14.962 [Task monitor] DEBUG n.processor.TaskPollingMonitor - Task completed > TaskHandler[id: 25; name: writeLargeFile (25); status: COMPLETED; exit: 0; error: -; workDir: /input/data/work/97/f15673351041ec8e9cf318acc26f3c]
Nov-26 23:51:15.858 [Task monitor] WARN  nextflow.k8s.client.K8sClient - K8s pod cannot be scheduled -- 0/8 nodes are available: 8 Insufficient cpu. preemption: 0/8 nodes are available: 8 No preemption victims found for incoming pod..
Nov-26 23:51:38.058 [Task monitor] DEBUG n.processor.TaskPollingMonitor - Task completed > TaskHandler[id: 16; name: writeLargeFile (16); status: COMPLETED; exit: 0; error: -; workDir: /input/data/work/d5/7b390b894327f80bb6b3fbb19688a0]
Nov-26 23:51:38.109 [Task monitor] DEBUG n.processor.TaskPollingMonitor - Task completed > TaskHandler[id: 22; name: writeLargeFile (22); status: COMPLETED; exit: 0; error: -; workDir: /input/data/work/f2/e2f8344844e81caaaa830ce30ae2b9]
Nov-26 23:51:38.150 [Task monitor] DEBUG n.processor.TaskPollingMonitor - Task completed > TaskHandler[id: 21; name: writeLargeFile (21); status: COMPLETED; exit: 0; error: -; workDir: /input/data/work/96/6a45f1c413084a592c93915c04c590]
Nov-26 23:51:38.215 [Task monitor] DEBUG n.processor.TaskPollingMonitor - Task completed > TaskHandler[id: 54; name: writeLargeFile (54); status: COMPLETED; exit: 0; error: -; workDir: /input/data/work/c7/2c4e519cae88c05f0396d2c822da5d]
Nov-26 23:51:38.294 [Task monitor] DEBUG n.processor.TaskPollingMonitor - Task completed > TaskHandler[id: 1; name: writeLargeFile (1); status: COMPLETED; exit: 0; error: -; workDir: /input/data/work/55/275bebf458a552f2813c791b486f80]
Nov-26 23:51:38.421 [Task monitor] DEBUG n.processor.TaskPollingMonitor - Task completed > TaskHandler[id: 37; name: writeLargeFile (37); status: COMPLETED; exit: 0; error: -; workDir: /input/data/work/c2/c8f2c5b9ace64ef0632b1b2dda0687]
Nov-26 23:51:43.087 [Task monitor] DEBUG n.processor.TaskPollingMonitor - Task completed > TaskHandler[id: 31; name: writeLargeFile (31); status: COMPLETED; exit: 0; error: -; workDir: /input/data/work/ce/6eccc58f1e877450ec1973a0060857]
Nov-26 23:51:43.163 [Task monitor] DEBUG n.processor.TaskPollingMonitor - Task completed > TaskHandler[id: 33; name: writeLargeFile (33); status: COMPLETED; exit: 0; error: -; workDir: /input/data/work/2b/63fcaddd0fe97eca6e9e8da693c3d0]
Nov-26 23:51:43.256 [Task monitor] DEBUG n.processor.TaskPollingMonitor - Task completed > TaskHandler[id: 40; name: writeLargeFile (40); status: COMPLETED; exit: 0; error: -; workDir: /input/data/work/39/3a55e186a76eec7127656af60b9894]
Nov-26 23:51:48.086 [Task monitor] DEBUG n.processor.TaskPollingMonitor - Task completed > TaskHandler[id: 18; name: writeLargeFile (18); status: COMPLETED; exit: 0; error: -; workDir: /input/data/work/d0/468ee7b9ac31d4d95f7dd58ebaed2c]
Nov-26 23:51:48.158 [Task monitor] DEBUG n.processor.TaskPollingMonitor - Task completed > TaskHandler[id: 34; name: writeLargeFile (34); status: COMPLETED; exit: 0; error: -; workDir: /input/data/work/33/a075af4e7ba1acdb7daf0a4bcefc7b]
Nov-26 23:52:12.866 [Task monitor] DEBUG n.processor.TaskPollingMonitor - Task completed > TaskHandler[id: 35; name: writeLargeFile (35); status: COMPLETED; exit: 0; error: -; workDir: /input/data/work/da/608743ab8eaf8b3ecea81c94897e72]
Nov-26 23:52:13.014 [Task monitor] DEBUG n.processor.TaskPollingMonitor - Task completed > TaskHandler[id: 36; name: writeLargeFile (36); status: COMPLETED; exit: 0; error: -; workDir: /input/data/work/c3/29e843d0690c52ba34ca114640e700]
Nov-26 23:52:29.884 [Task monitor] DEBUG n.processor.TaskPollingMonitor - Task completed > TaskHandler[id: 38; name: writeLargeFile (38); status: COMPLETED; exit: 0; error: -; workDir: /input/data/work/30/92bceb2e5bf162ef601bc975bfcc7c]
Nov-26 23:52:33.439 [Task monitor] DEBUG n.processor.TaskPollingMonitor - Task completed > TaskHandler[id: 39; name: writeLargeFile (39); status: COMPLETED; exit: 0; error: -; workDir: /input/data/work/0e/4265c3357bb91a6aa483ac6880ba2e]
Nov-26 23:52:33.554 [Task monitor] DEBUG n.processor.TaskPollingMonitor - Task completed > TaskHandler[id: 42; name: writeLargeFile (42); status: COMPLETED; exit: 0; error: -; workDir: /input/data/work/d4/76131d8ac651bc5e0540752da5c87f]
Nov-26 23:52:33.675 [Task monitor] DEBUG n.processor.TaskPollingMonitor - Task completed > TaskHandler[id: 41; name: writeLargeFile (41); status: COMPLETED; exit: 0; error: -; workDir: /input/data/work/2e/4b63c8cbedd1e1ba4925ffd465d4d2]
Nov-26 23:52:33.793 [Task monitor] DEBUG n.processor.TaskPollingMonitor - Task completed > TaskHandler[id: 43; name: writeLargeFile (43); status: COMPLETED; exit: 0; error: -; workDir: /input/data/work/1b/6b43cfaadd5ed277d595b7ca81e8bf]
Nov-26 23:52:33.895 [Task monitor] DEBUG n.processor.TaskPollingMonitor - Task completed > TaskHandler[id: 44; name: writeLargeFile (44); status: COMPLETED; exit: 0; error: -; workDir: /input/data/work/94/8375b4722e19f0fbec9f629f7f91a9]
Nov-26 23:52:34.022 [Task monitor] DEBUG n.processor.TaskPollingMonitor - Task completed > TaskHandler[id: 46; name: writeLargeFile (46); status: COMPLETED; exit: 0; error: -; workDir: /input/data/work/86/4abdf435d990de17d296e924ff0cfc]
Nov-26 23:52:35.369 [Task monitor] WARN  nextflow.k8s.client.K8sClient - K8s pod cannot be scheduled -- 0/8 nodes are available: 8 Insufficient cpu. preemption: 0/8 nodes are available: 8 No preemption victims found for incoming pod..
Nov-26 23:52:37.104 [Task monitor] DEBUG n.processor.TaskPollingMonitor - Task completed > TaskHandler[id: 29; name: writeLargeFile (29); status: COMPLETED; exit: 0; error: -; workDir: /input/data/work/39/b0ae086b56a915edb2267b1e75a4fa]
Nov-26 23:52:48.315 [Task monitor] DEBUG n.processor.TaskPollingMonitor - Task completed > TaskHandler[id: 8; name: writeLargeFile (8); status: COMPLETED; exit: 0; error: -; workDir: /input/data/work/0b/030b395ee8a20147b9340d4f6aa0b9]
Nov-26 23:52:48.355 [Task monitor] DEBUG n.processor.TaskPollingMonitor - Task completed > TaskHandler[id: 6; name: writeLargeFile (6); status: COMPLETED; exit: 0; error: -; workDir: /input/data/work/4d/e54f87aad798208f7431bb16af67d2]
Nov-26 23:52:48.396 [Task monitor] DEBUG n.processor.TaskPollingMonitor - Task completed > TaskHandler[id: 14; name: writeLargeFile (14); status: COMPLETED; exit: 0; error: -; workDir: /input/data/work/e5/fc446ac04f1bb288aa261c6c62b8c1]
Nov-26 23:52:48.448 [Task monitor] DEBUG n.processor.TaskPollingMonitor - Task completed > TaskHandler[id: 45; name: writeLargeFile (45); status: COMPLETED; exit: 0; error: -; workDir: /input/data/work/5e/4b5217876a322827543b17a6cbda81]
Nov-26 23:52:48.532 [Task monitor] DEBUG n.processor.TaskPollingMonitor - Task completed > TaskHandler[id: 50; name: writeLargeFile (50); status: COMPLETED; exit: 0; error: -; workDir: /input/data/work/e2/6690e9a2e19a69799e22cfeb7fdded]
Nov-26 23:52:48.623 [Task monitor] DEBUG n.processor.TaskPollingMonitor - Task completed > TaskHandler[id: 53; name: writeLargeFile (53); status: COMPLETED; exit: 0; error: -; workDir: /input/data/work/78/698994946d78b61e6dd15221e97f1e]
Nov-26 23:52:48.662 [Task monitor] DEBUG n.processor.TaskPollingMonitor - Task completed > TaskHandler[id: 52; name: writeLargeFile (52); status: COMPLETED; exit: 0; error: -; workDir: /input/data/work/24/3920586fdee4e7608f8bc61585a52d]
Nov-26 23:52:48.792 [Task monitor] DEBUG n.processor.TaskPollingMonitor - Task completed > TaskHandler[id: 61; name: writeLargeFile (61); status: COMPLETED; exit: 0; error: -; workDir: /input/data/work/e7/c93408c23ac1f4e6a2b5e2503e1093]
Nov-26 23:52:48.894 [Task monitor] DEBUG n.processor.TaskPollingMonitor - Task completed > TaskHandler[id: 66; name: writeLargeFile (66); status: COMPLETED; exit: 0; error: -; workDir: /input/data/work/a7/6c7c49557a30d0e770cb9442fd5417]
Nov-26 23:52:54.797 [Task monitor] DEBUG n.processor.TaskPollingMonitor - Task completed > TaskHandler[id: 48; name: writeLargeFile (48); status: COMPLETED; exit: 0; error: -; workDir: /input/data/work/47/a3a7fddd3a7efdf4bf536265419c97]
Nov-26 23:52:54.856 [Task monitor] DEBUG n.processor.TaskPollingMonitor - Task completed > TaskHandler[id: 49; name: writeLargeFile (49); status: COMPLETED; exit: 0; error: -; workDir: /input/data/work/06/3d86dc5455307006907756ec01372f]
Nov-26 23:52:54.912 [Task monitor] DEBUG n.processor.TaskPollingMonitor - Task completed > TaskHandler[id: 56; name: writeLargeFile (56); status: COMPLETED; exit: 0; error: -; workDir: /input/data/work/e5/d0452d32da92bdfbb8cbe37770ca55]
Nov-26 23:52:59.856 [Task monitor] DEBUG n.processor.TaskPollingMonitor - Task completed > TaskHandler[id: 58; name: writeLargeFile (58); status: COMPLETED; exit: 0; error: -; workDir: /input/data/work/31/7e3f08fae6b3a45a5f2bea869f3d72]
Nov-26 23:53:01.370 [Task monitor] DEBUG n.processor.TaskPollingMonitor - Task completed > TaskHandler[id: 62; name: writeLargeFile (62); status: COMPLETED; exit: 0; error: -; workDir: /input/data/work/2e/efa9a6a95e5f0cb53a9f40f25c1efe]
Nov-26 23:53:01.679 [Task monitor] DEBUG n.processor.TaskPollingMonitor - Task completed > TaskHandler[id: 65; name: writeLargeFile (65); status: COMPLETED; exit: 0; error: -; workDir: /input/data/work/ab/2cfb57edab963122287b7d3818b21e]
Nov-26 23:53:31.309 [Task monitor] DEBUG n.processor.TaskPollingMonitor - Task completed > TaskHandler[id: 47; name: writeLargeFile (47); status: COMPLETED; exit: 0; error: -; workDir: /input/data/work/da/be6191f424115710cf876074ec9316]
Nov-26 23:53:47.329 [Task monitor] DEBUG n.processor.TaskPollingMonitor - Task completed > TaskHandler[id: 77; name: writeLargeFile (77); status: COMPLETED; exit: 0; error: -; workDir: /input/data/work/93/94c80c8d4f01340a53e74daa872cfb]
Nov-26 23:53:47.385 [Task monitor] DEBUG n.processor.TaskPollingMonitor - Task completed > TaskHandler[id: 51; name: writeLargeFile (51); status: COMPLETED; exit: 0; error: -; workDir: /input/data/work/3a/f5ec9faa3ffdf9b58f6fae625650a3]
Nov-26 23:53:47.487 [Task monitor] DEBUG n.processor.TaskPollingMonitor - Task completed > TaskHandler[id: 55; name: writeLargeFile (55); status: COMPLETED; exit: 0; error: -; workDir: /input/data/work/b3/0b31c89f338315ad635a4cc6b946fa]
Nov-26 23:53:47.536 [Task monitor] DEBUG n.processor.TaskPollingMonitor - Task completed > TaskHandler[id: 57; name: writeLargeFile (57); status: COMPLETED; exit: 0; error: -; workDir: /input/data/work/4c/44298adf66f7498ffd60fa172653f5]
Nov-26 23:53:55.208 [Task monitor] DEBUG n.processor.TaskPollingMonitor - Task completed > TaskHandler[id: 59; name: writeLargeFile (59); status: COMPLETED; exit: 0; error: -; workDir: /input/data/work/7c/97033e19b67748f2a1a912811bf47c]
Nov-26 23:53:55.290 [Task monitor] DEBUG n.processor.TaskPollingMonitor - Task completed > TaskHandler[id: 60; name: writeLargeFile (60); status: COMPLETED; exit: 0; error: -; workDir: /input/data/work/16/c23b22381f51fd939cad8bf864f223]
Nov-26 23:53:55.351 [Task monitor] DEBUG n.processor.TaskPollingMonitor - Task completed > TaskHandler[id: 63; name: writeLargeFile (63); status: COMPLETED; exit: 0; error: -; workDir: /input/data/work/b8/065eebd725c28bba4f712eb8bd886b]
Nov-26 23:53:55.418 [Task monitor] DEBUG n.processor.TaskPollingMonitor - Task completed > TaskHandler[id: 64; name: writeLargeFile (64); status: COMPLETED; exit: 0; error: -; workDir: /input/data/work/fc/61d836e14998271702026d49dc102b]
Nov-26 23:53:56.717 [Task monitor] DEBUG n.processor.TaskPollingMonitor - Task completed > TaskHandler[id: 67; name: writeLargeFile (67); status: COMPLETED; exit: 0; error: -; workDir: /input/data/work/65/1833603457fb58622aec97f2e50676]
Nov-26 23:53:56.768 [Task monitor] DEBUG n.processor.TaskPollingMonitor - Task completed > TaskHandler[id: 68; name: writeLargeFile (68); status: COMPLETED; exit: 0; error: -; workDir: /input/data/work/f4/6f57b5da0181481990ba0707c2c0c8]
Nov-26 23:53:56.799 [Task monitor] WARN  nextflow.k8s.client.K8sClient - K8s pod cannot be scheduled -- 0/8 nodes are available: 8 Insufficient cpu. preemption: 0/8 nodes are available: 8 No preemption victims found for incoming pod..
Nov-26 23:53:58.914 [Task monitor] DEBUG n.processor.TaskPollingMonitor - Task completed > TaskHandler[id: 70; name: writeLargeFile (70); status: COMPLETED; exit: 0; error: -; workDir: /input/data/work/0b/94e1464de1010206196193bd660062]
Nov-26 23:53:58.957 [Task monitor] DEBUG n.processor.TaskPollingMonitor - Task completed > TaskHandler[id: 71; name: writeLargeFile (71); status: COMPLETED; exit: 0; error: -; workDir: /input/data/work/03/60dbbd0ccba34b71d718c24cabe8c1]
Nov-26 23:53:59.011 [Task monitor] DEBUG n.processor.TaskPollingMonitor - Task completed > TaskHandler[id: 73; name: writeLargeFile (73); status: COMPLETED; exit: 0; error: -; workDir: /input/data/work/b8/11982ca1388d294887b53c26204e9e]
Nov-26 23:53:59.062 [Task monitor] DEBUG n.processor.TaskPollingMonitor - Task completed > TaskHandler[id: 75; name: writeLargeFile (75); status: COMPLETED; exit: 0; error: -; workDir: /input/data/work/74/05f2d4cc7bc305f86328521106c30d]
Nov-26 23:54:09.747 [Task monitor] DEBUG n.processor.TaskPollingMonitor - Task completed > TaskHandler[id: 72; name: writeLargeFile (72); status: COMPLETED; exit: 0; error: -; workDir: /input/data/work/30/df44111ccb796776d2cde6f89c5848]
Nov-26 23:54:09.795 [Task monitor] DEBUG n.processor.TaskPollingMonitor - Task completed > TaskHandler[id: 74; name: writeLargeFile (74); status: COMPLETED; exit: 0; error: -; workDir: /input/data/work/23/82db4a9fd5a96ac39f885f137a2a70]
Nov-26 23:54:09.838 [Task monitor] DEBUG n.processor.TaskPollingMonitor - Task completed > TaskHandler[id: 76; name: writeLargeFile (76); status: COMPLETED; exit: 0; error: -; workDir: /input/data/work/9e/2e4856028c721538d13e9ff6849b31]
Nov-26 23:54:09.985 [Task monitor] DEBUG n.processor.TaskPollingMonitor - Task completed > TaskHandler[id: 82; name: writeLargeFile (82); status: COMPLETED; exit: 0; error: -; workDir: /input/data/work/76/d220a7d09c3648fc027034b4fa4fd7]
Nov-26 23:54:10.083 [Task monitor] DEBUG n.processor.TaskPollingMonitor - Task completed > TaskHandler[id: 85; name: writeLargeFile (85); status: COMPLETED; exit: 0; error: -; workDir: /input/data/work/03/2aed29a5f194102779a6480ff60d05]
Nov-26 23:54:10.402 [Task monitor] DEBUG n.processor.TaskPollingMonitor - Task completed > TaskHandler[id: 89; name: writeLargeFile (89); status: COMPLETED; exit: 0; error: -; workDir: /input/data/work/51/a86de88dcb6e5037f5ea6e1135f9e7]
Nov-26 23:54:10.490 [Task monitor] DEBUG n.processor.TaskPollingMonitor - Task completed > TaskHandler[id: 92; name: writeLargeFile (92); status: COMPLETED; exit: 0; error: -; workDir: /input/data/work/80/b45e9a2cac775ef19443a60316e967]
Nov-26 23:54:10.556 [Task monitor] DEBUG n.processor.TaskPollingMonitor - Task completed > TaskHandler[id: 94; name: writeLargeFile (94); status: COMPLETED; exit: 0; error: -; workDir: /input/data/work/06/05c7495aa672d80b6c6e88ef114dd5]
Nov-26 23:54:10.615 [Task monitor] DEBUG n.processor.TaskPollingMonitor - Task completed > TaskHandler[id: 95; name: writeLargeFile (95); status: COMPLETED; exit: 0; error: -; workDir: /input/data/work/6a/b883f61cb71a9d68acd9f8a3866b75]
Nov-26 23:54:14.676 [Task monitor] DEBUG n.processor.TaskPollingMonitor - !! executor k8s > tasks to be completed: 18 -- submitted tasks are shown below
~> TaskHandler[id: 69; name: writeLargeFile (69); status: SUBMITTED; exit: -; error: -; workDir: /input/data/work/89/b30adf2cc6899cadfa064077cfb545]
~> TaskHandler[id: 78; name: writeLargeFile (78); status: RUNNING; exit: -; error: -; workDir: /input/data/work/a4/4ac7ed5b566b84a2b957bb150763a7]
~> TaskHandler[id: 79; name: writeLargeFile (79); status: RUNNING; exit: -; error: -; workDir: /input/data/work/08/e1dd0ada3c00d0427dd7a03e34e03f]
~> TaskHandler[id: 80; name: writeLargeFile (80); status: RUNNING; exit: -; error: -; workDir: /input/data/work/93/fe7dccc823a3b497cae9e48aedbbe4]
~> TaskHandler[id: 81; name: writeLargeFile (81); status: SUBMITTED; exit: -; error: -; workDir: /input/data/work/7b/486d05dbb12d5ded20bc098cbda143]
~> TaskHandler[id: 83; name: writeLargeFile (83); status: RUNNING; exit: -; error: -; workDir: /input/data/work/95/6fe42cb4e5ce7f0e598f709abfc415]
~> TaskHandler[id: 84; name: writeLargeFile (84); status: RUNNING; exit: -; error: -; workDir: /input/data/work/24/3283c40167c16c0e6ecc6bb16fd978]
~> TaskHandler[id: 86; name: writeLargeFile (86); status: SUBMITTED; exit: -; error: -; workDir: /input/data/work/51/79506b480dec1111b27eefa7183be7]
~> TaskHandler[id: 87; name: writeLargeFile (87); status: RUNNING; exit: -; error: -; workDir: /input/data/work/95/4b0c0c8341dc1b0da491ac811f8559]
~> TaskHandler[id: 88; name: writeLargeFile (88); status: SUBMITTED; exit: -; error: -; workDir: /input/data/work/3a/6a464e273c2a47ff8dc778e3d163af]
.. remaining tasks omitted.
Nov-26 23:54:14.766 [Task monitor] DEBUG n.processor.TaskPollingMonitor - Task completed > TaskHandler[id: 78; name: writeLargeFile (78); status: COMPLETED; exit: 0; error: -; workDir: /input/data/work/a4/4ac7ed5b566b84a2b957bb150763a7]
Nov-26 23:54:14.836 [Task monitor] DEBUG n.processor.TaskPollingMonitor - Task completed > TaskHandler[id: 79; name: writeLargeFile (79); status: COMPLETED; exit: 0; error: -; workDir: /input/data/work/08/e1dd0ada3c00d0427dd7a03e34e03f]
Nov-26 23:54:14.945 [Task monitor] DEBUG n.processor.TaskPollingMonitor - Task completed > TaskHandler[id: 80; name: writeLargeFile (80); status: COMPLETED; exit: 0; error: -; workDir: /input/data/work/93/fe7dccc823a3b497cae9e48aedbbe4]
Nov-26 23:54:15.143 [Task monitor] DEBUG n.processor.TaskPollingMonitor - Task completed > TaskHandler[id: 84; name: writeLargeFile (84); status: COMPLETED; exit: 0; error: -; workDir: /input/data/work/24/3283c40167c16c0e6ecc6bb16fd978]
Nov-26 23:54:15.412 [Task monitor] DEBUG n.processor.TaskPollingMonitor - Task completed > TaskHandler[id: 90; name: writeLargeFile (90); status: COMPLETED; exit: 0; error: -; workDir: /input/data/work/f6/1d13688e3db30a4072146ac466080f]
Nov-26 23:54:15.630 [Task monitor] DEBUG n.processor.TaskPollingMonitor - Task completed > TaskHandler[id: 96; name: writeLargeFile (96); status: COMPLETED; exit: 0; error: -; workDir: /input/data/work/65/ff9dcb3daeca027f42c454815ce3ff]
Nov-26 23:54:30.011 [Task monitor] DEBUG n.processor.TaskPollingMonitor - Task completed > TaskHandler[id: 99; name: writeLargeFile (99); status: COMPLETED; exit: 0; error: -; workDir: /input/data/work/60/41dcdbc21eb292e83cce34941ad92a]
Nov-26 23:54:44.995 [Task monitor] DEBUG n.processor.TaskPollingMonitor - Task completed > TaskHandler[id: 81; name: writeLargeFile (81); status: COMPLETED; exit: 0; error: -; workDir: /input/data/work/7b/486d05dbb12d5ded20bc098cbda143]
Nov-26 23:54:45.040 [Task monitor] DEBUG n.processor.TaskPollingMonitor - Task completed > TaskHandler[id: 83; name: writeLargeFile (83); status: COMPLETED; exit: 0; error: -; workDir: /input/data/work/95/6fe42cb4e5ce7f0e598f709abfc415]
Nov-26 23:54:45.096 [Task monitor] DEBUG n.processor.TaskPollingMonitor - Task completed > TaskHandler[id: 86; name: writeLargeFile (86); status: COMPLETED; exit: 0; error: -; workDir: /input/data/work/51/79506b480dec1111b27eefa7183be7]
Nov-26 23:54:45.157 [Task monitor] DEBUG n.processor.TaskPollingMonitor - Task completed > TaskHandler[id: 87; name: writeLargeFile (87); status: COMPLETED; exit: 0; error: -; workDir: /input/data/work/95/4b0c0c8341dc1b0da491ac811f8559]
Nov-26 23:54:45.201 [Task monitor] DEBUG n.processor.TaskPollingMonitor - Task completed > TaskHandler[id: 88; name: writeLargeFile (88); status: COMPLETED; exit: 0; error: -; workDir: /input/data/work/3a/6a464e273c2a47ff8dc778e3d163af]
Nov-26 23:54:45.262 [Task monitor] DEBUG n.processor.TaskPollingMonitor - Task completed > TaskHandler[id: 93; name: writeLargeFile (93); status: COMPLETED; exit: 0; error: -; workDir: /input/data/work/fd/a2e0458da9003092b0525546962570]
Nov-26 23:54:50.353 [Task monitor] DEBUG n.processor.TaskPollingMonitor - Task completed > TaskHandler[id: 69; name: writeLargeFile (69); status: COMPLETED; exit: 0; error: -; workDir: /input/data/work/89/b30adf2cc6899cadfa064077cfb545]
Nov-26 23:54:50.394 [Task monitor] DEBUG n.processor.TaskPollingMonitor - Task completed > TaskHandler[id: 91; name: writeLargeFile (91); status: COMPLETED; exit: 0; error: -; workDir: /input/data/work/92/f027a6b9ae32e6e7f2b2bc79e7bae1]
Nov-26 23:54:50.437 [Task monitor] DEBUG n.processor.TaskPollingMonitor - Task completed > TaskHandler[id: 97; name: writeLargeFile (97); status: COMPLETED; exit: 0; error: -; workDir: /input/data/work/7b/ccfd12a0ad2d5bd5a240833cb78e28]
Nov-26 23:54:50.471 [Task monitor] DEBUG n.processor.TaskPollingMonitor - Task completed > TaskHandler[id: 98; name: writeLargeFile (98); status: COMPLETED; exit: 0; error: -; workDir: /input/data/work/a3/ddb446bcf74f75c03958e4636bbf40]
Nov-26 23:54:50.508 [Task monitor] DEBUG n.processor.TaskPollingMonitor - Task completed > TaskHandler[id: 100; name: writeLargeFile (100); status: COMPLETED; exit: 0; error: -; workDir: /input/data/work/6d/f10059571cbd4e59e587d266a72077]
Nov-26 23:54:50.564 [Task submitter] INFO  nextflow.Session - [90/aca26d] Submitted process > combineFilesB (26)
Nov-26 23:54:50.589 [Task submitter] INFO  nextflow.Session - [2e/f476d3] Submitted process > combineFilesA (7)
Nov-26 23:54:50.611 [Task submitter] INFO  nextflow.Session - [7c/febb18] Submitted process > combineFilesB (1)
Nov-26 23:54:50.633 [Task submitter] INFO  nextflow.Session - [31/6d140c] Submitted process > combineFilesA (5)
Nov-26 23:54:50.653 [Task submitter] INFO  nextflow.Session - [93/0e185e] Submitted process > combineFilesA (16)
Nov-26 23:54:50.672 [Task submitter] INFO  nextflow.Session - [1b/ea32a7] Submitted process > combineFilesA (18)
Nov-26 23:54:50.692 [Task submitter] INFO  nextflow.Session - [65/b80276] Submitted process > combineFilesA (29)
Nov-26 23:54:50.712 [Task submitter] INFO  nextflow.Session - [9d/653910] Submitted process > combineFilesA (19)
Nov-26 23:54:50.732 [Task submitter] INFO  nextflow.Session - [94/1b0299] Submitted process > combineFilesB (6)
Nov-26 23:54:50.753 [Task submitter] INFO  nextflow.Session - [0e/6d1546] Submitted process > combineFilesA (27)
Nov-26 23:54:50.774 [Task submitter] INFO  nextflow.Session - [de/b6003c] Submitted process > combineFilesA (22)
Nov-26 23:54:50.793 [Task submitter] INFO  nextflow.Session - [30/5e27c4] Submitted process > combineFilesA (6)
Nov-26 23:54:50.812 [Task submitter] INFO  nextflow.Session - [75/bf8b6f] Submitted process > combineFilesB (16)
Nov-26 23:54:50.833 [Task submitter] INFO  nextflow.Session - [d5/fa765e] Submitted process > combineFilesA (13)
Nov-26 23:54:50.857 [Task submitter] INFO  nextflow.Session - [6a/9b2f11] Submitted process > combineFilesA (32)
Nov-26 23:54:50.881 [Task submitter] INFO  nextflow.Session - [58/b7c438] Submitted process > combineFilesB (17)
Nov-26 23:54:50.902 [Task submitter] INFO  nextflow.Session - [4b/359f5e] Submitted process > combineFilesA (30)
Nov-26 23:54:50.923 [Task submitter] INFO  nextflow.Session - [80/92bedf] Submitted process > combineFilesA (14)
Nov-26 23:54:50.942 [Task submitter] INFO  nextflow.Session - [0e/740303] Submitted process > combineFilesA (23)
Nov-26 23:54:50.964 [Task submitter] INFO  nextflow.Session - [94/7f70be] Submitted process > combineFilesA (15)
Nov-26 23:54:50.984 [Task submitter] INFO  nextflow.Session - [a6/0e8da0] Submitted process > combineFilesA (26)
Nov-26 23:54:51.003 [Task submitter] INFO  nextflow.Session - [35/6f82c2] Submitted process > combineFilesA (1)
Nov-26 23:54:51.023 [Task submitter] INFO  nextflow.Session - [df/e86e79] Submitted process > combineFilesA (21)
Nov-26 23:54:51.042 [Task submitter] INFO  nextflow.Session - [c9/2bbdb4] Submitted process > combineFilesB (15)
Nov-26 23:54:51.064 [Task submitter] INFO  nextflow.Session - [e1/740b42] Submitted process > combineFilesB (24)
Nov-26 23:54:51.085 [Task submitter] INFO  nextflow.Session - [7d/a1cedc] Submitted process > combineFilesA (4)
Nov-26 23:54:51.105 [Task submitter] INFO  nextflow.Session - [bc/96ef0d] Submitted process > combineFilesA (28)
Nov-26 23:54:51.126 [Task submitter] INFO  nextflow.Session - [84/87643c] Submitted process > combineFilesA (2)
Nov-26 23:54:51.143 [Task submitter] INFO  nextflow.Session - [49/1b2125] Submitted process > combineFilesA (31)
Nov-26 23:54:51.162 [Task submitter] INFO  nextflow.Session - [28/8eb078] Submitted process > combineFilesA (10)
Nov-26 23:54:51.182 [Task submitter] INFO  nextflow.Session - [20/3e4ba1] Submitted process > combineFilesB (22)
Nov-26 23:54:51.204 [Task submitter] INFO  nextflow.Session - [2a/bfd4c8] Submitted process > combineFilesB (12)
Nov-26 23:54:51.224 [Task submitter] INFO  nextflow.Session - [17/2bdf04] Submitted process > combineFilesB (5)
Nov-26 23:54:51.243 [Task submitter] INFO  nextflow.Session - [15/d545fc] Submitted process > combineFilesA (11)
Nov-26 23:54:51.265 [Task submitter] INFO  nextflow.Session - [3b/9e918a] Submitted process > combineFilesB (23)
Nov-26 23:54:51.287 [Task submitter] INFO  nextflow.Session - [f0/52972f] Submitted process > combineFilesB (21)
Nov-26 23:54:51.307 [Task submitter] INFO  nextflow.Session - [11/879048] Submitted process > combineFilesB (10)
Nov-26 23:54:51.326 [Task submitter] INFO  nextflow.Session - [20/b319a7] Submitted process > combineFilesA (20)
Nov-26 23:54:51.346 [Task submitter] INFO  nextflow.Session - [a0/f8dc05] Submitted process > combineFilesB (14)
Nov-26 23:54:51.367 [Task submitter] INFO  nextflow.Session - [57/ed3443] Submitted process > combineFilesB (25)
Nov-26 23:54:51.389 [Task submitter] INFO  nextflow.Session - [ae/1d33c7] Submitted process > combineFilesA (3)
Nov-26 23:54:51.410 [Task submitter] INFO  nextflow.Session - [5a/dcc039] Submitted process > combineFilesA (25)
Nov-26 23:54:51.432 [Task submitter] INFO  nextflow.Session - [ad/7bdac0] Submitted process > combineFilesA (12)
Nov-26 23:54:51.453 [Task submitter] INFO  nextflow.Session - [3c/383e14] Submitted process > combineFilesA (9)
Nov-26 23:54:51.476 [Task submitter] INFO  nextflow.Session - [4a/3796e2] Submitted process > combineFilesB (18)
Nov-26 23:54:51.497 [Task submitter] INFO  nextflow.Session - [5c/988bc5] Submitted process > combineFilesB (9)
Nov-26 23:54:51.517 [Task submitter] INFO  nextflow.Session - [72/2c91e2] Submitted process > combineFilesB (3)
Nov-26 23:54:51.539 [Task submitter] INFO  nextflow.Session - [e4/bb7411] Submitted process > combineFilesB (11)
Nov-26 23:54:51.562 [Task submitter] INFO  nextflow.Session - [9c/ca652f] Submitted process > combineFilesB (2)
Nov-26 23:54:51.584 [Task submitter] INFO  nextflow.Session - [00/bef047] Submitted process > combineFilesB (4)
Nov-26 23:54:51.608 [Task submitter] INFO  nextflow.Session - [a0/8fa457] Submitted process > combineFilesA (17)
Nov-26 23:54:51.629 [Task submitter] INFO  nextflow.Session - [04/4adb0b] Submitted process > combineFilesB (7)
Nov-26 23:54:51.654 [Task submitter] INFO  nextflow.Session - [68/fd4fdc] Submitted process > combineFilesB (20)
Nov-26 23:54:51.677 [Task submitter] INFO  nextflow.Session - [15/c22835] Submitted process > combineFilesB (8)
Nov-26 23:54:51.697 [Task submitter] INFO  nextflow.Session - [e0/4d08ac] Submitted process > combineFilesA (8)
Nov-26 23:54:51.719 [Task submitter] INFO  nextflow.Session - [5a/003af7] Submitted process > combineFilesB (19)
Nov-26 23:54:51.741 [Task submitter] INFO  nextflow.Session - [68/a4b740] Submitted process > combineFilesA (34)
Nov-26 23:54:51.765 [Task submitter] INFO  nextflow.Session - [01/90590d] Submitted process > combineFilesB (13)
Nov-26 23:54:51.787 [Task submitter] INFO  nextflow.Session - [0d/abfdd7] Submitted process > combineFilesA (24)
Nov-26 23:54:51.808 [Task submitter] INFO  nextflow.Session - [ec/96c96a] Submitted process > combineFilesA (33)
Nov-26 23:54:57.409 [Task monitor] WARN  nextflow.k8s.client.K8sClient - K8s pod cannot be scheduled -- 0/8 nodes are available: 8 Insufficient cpu. preemption: 0/8 nodes are available: 8 No preemption victims found for incoming pod..
Nov-26 23:55:37.781 [Task monitor] DEBUG n.processor.TaskPollingMonitor - Task completed > TaskHandler[id: 158; name: combineFilesA (32); status: COMPLETED; exit: 0; error: -; workDir: /input/data/work/6a/9b2f11a36a2e46ca38adb5b0a79eec]
Nov-26 23:55:57.886 [Task monitor] WARN  nextflow.k8s.client.K8sClient - K8s pod cannot be scheduled -- 0/8 nodes are available: 8 Insufficient cpu. preemption: 0/8 nodes are available: 8 No preemption victims found for incoming pod..
Nov-26 23:56:59.936 [Task monitor] WARN  nextflow.k8s.client.K8sClient - K8s pod cannot be scheduled -- 0/8 nodes are available: 8 Insufficient cpu. preemption: 0/8 nodes are available: 8 No preemption victims found for incoming pod..
Nov-26 23:57:35.033 [Task monitor] DEBUG n.processor.TaskPollingMonitor - Task completed > TaskHandler[id: 111; name: combineFilesA (6); status: COMPLETED; exit: 0; error: -; workDir: /input/data/work/30/5e27c4c236bf4926377c3ca383b766]
Nov-26 23:57:50.295 [Task monitor] DEBUG n.processor.TaskPollingMonitor - Task completed > TaskHandler[id: 154; name: combineFilesB (26); status: COMPLETED; exit: 0; error: -; workDir: /input/data/work/90/aca26d6d499f5bb9f4f99a14d2b52a]
Nov-26 23:58:00.729 [Task monitor] DEBUG n.processor.TaskPollingMonitor - Task completed > TaskHandler[id: 136; name: combineFilesA (19); status: COMPLETED; exit: 0; error: -; workDir: /input/data/work/9d/653910829020cc1b5a49aa6618792e]
Nov-26 23:58:01.046 [Task monitor] WARN  nextflow.k8s.client.K8sClient - K8s pod cannot be scheduled -- 0/8 nodes are available: 8 Insufficient cpu. preemption: 0/8 nodes are available: 8 No preemption victims found for incoming pod..
Nov-26 23:58:22.105 [Task monitor] DEBUG n.processor.TaskPollingMonitor - Task completed > TaskHandler[id: 130; name: combineFilesA (16); status: COMPLETED; exit: 0; error: -; workDir: /input/data/work/93/0e185e3a8a1b34c815ad001bd531c1]
Nov-26 23:58:22.356 [Task monitor] DEBUG n.processor.TaskPollingMonitor - Task completed > TaskHandler[id: 155; name: combineFilesA (29); status: COMPLETED; exit: 0; error: -; workDir: /input/data/work/65/b80276c2e5bbb0ba43d03dafd4e3e7]
Nov-26 23:58:22.441 [Task monitor] DEBUG n.processor.TaskPollingMonitor - Task completed > TaskHandler[id: 143; name: combineFilesA (22); status: COMPLETED; exit: 0; error: -; workDir: /input/data/work/de/b6003c8c6bc4fccb93876f088517e4]
Nov-26 23:58:22.761 [Task monitor] DEBUG n.processor.TaskPollingMonitor - Task completed > TaskHandler[id: 124; name: combineFilesA (13); status: COMPLETED; exit: 0; error: -; workDir: /input/data/work/d5/fa765eeed8bc8fdb04b14da34aa343]
Nov-26 23:58:22.870 [Task monitor] DEBUG n.processor.TaskPollingMonitor - Task completed > TaskHandler[id: 144; name: combineFilesA (23); status: COMPLETED; exit: 0; error: -; workDir: /input/data/work/0e/740303d414bb7be47c9aa682b6729a]
Nov-26 23:58:22.952 [Task monitor] DEBUG n.processor.TaskPollingMonitor - Task completed > TaskHandler[id: 140; name: combineFilesA (21); status: COMPLETED; exit: 0; error: -; workDir: /input/data/work/df/e86e790b0da5d85016815478e3c79a]
Nov-26 23:58:27.055 [Task monitor] DEBUG n.processor.TaskPollingMonitor - Task completed > TaskHandler[id: 109; name: combineFilesA (5); status: COMPLETED; exit: 0; error: -; workDir: /input/data/work/31/6d140c772edd4e5675589cc61a0e9d]
Nov-26 23:58:27.264 [Task monitor] DEBUG n.processor.TaskPollingMonitor - Task completed > TaskHandler[id: 150; name: combineFilesA (26); status: COMPLETED; exit: 0; error: -; workDir: /input/data/work/a6/0e8da055ac767beab1e05c5c4c921d]
Nov-26 23:58:47.382 [Task monitor] DEBUG n.processor.TaskPollingMonitor - Task completed > TaskHandler[id: 113; name: combineFilesA (7); status: COMPLETED; exit: 0; error: -; workDir: /input/data/work/2e/f476d303c3ad5ca1bb3202a038b3d9]
Nov-26 23:58:48.045 [Task monitor] DEBUG n.processor.TaskPollingMonitor - Task completed > TaskHandler[id: 156; name: combineFilesA (30); status: COMPLETED; exit: 0; error: -; workDir: /input/data/work/4b/359f5e79b89906d999165cb5f334e4]
Nov-26 23:59:04.212 [Task monitor] WARN  nextflow.k8s.client.K8sClient - K8s pod cannot be scheduled -- 0/8 nodes are available: 8 Insufficient cpu. preemption: 0/8 nodes are available: 8 No preemption victims found for incoming pod..
Nov-26 23:59:18.000 [Task monitor] DEBUG n.processor.TaskPollingMonitor - !! executor k8s > tasks to be completed: 46 -- submitted tasks are shown below
~> TaskHandler[id: 101; name: combineFilesB (1); status: RUNNING; exit: -; error: -; workDir: /input/data/work/7c/febb18b92f22d5701ec7f3e59bcf92]
~> TaskHandler[id: 133; name: combineFilesA (18); status: RUNNING; exit: -; error: -; workDir: /input/data/work/1b/ea32a7652bf2ff1fe4167fc5b57dca]
~> TaskHandler[id: 112; name: combineFilesB (6); status: RUNNING; exit: -; error: -; workDir: /input/data/work/94/1b0299a83f7128b64002e026c237c7]
~> TaskHandler[id: 152; name: combineFilesA (27); status: RUNNING; exit: -; error: -; workDir: /input/data/work/0e/6d1546363dbaebc4feb2e4e2a9d111]
~> TaskHandler[id: 134; name: combineFilesB (16); status: RUNNING; exit: -; error: -; workDir: /input/data/work/75/bf8b6fb1c575afbe41731a19ff2dff]
~> TaskHandler[id: 135; name: combineFilesB (17); status: RUNNING; exit: -; error: -; workDir: /input/data/work/58/b7c4384cfa964a2359029936c00cb8]
~> TaskHandler[id: 126; name: combineFilesA (14); status: RUNNING; exit: -; error: -; workDir: /input/data/work/80/92bedfaa7e37aba2b93e582e2340af]
~> TaskHandler[id: 128; name: combineFilesA (15); status: RUNNING; exit: -; error: -; workDir: /input/data/work/94/7f70be56a8ab297219341afcc9bef8]
~> TaskHandler[id: 102; name: combineFilesA (1); status: RUNNING; exit: -; error: -; workDir: /input/data/work/35/6f82c209ccf3514b1524c72964e8a7]
~> TaskHandler[id: 131; name: combineFilesB (15); status: RUNNING; exit: -; error: -; workDir: /input/data/work/c9/2bbdb4441da680c82a518bab028d53]
.. remaining tasks omitted.
Nov-27 00:00:01.496 [Task monitor] DEBUG n.processor.TaskPollingMonitor - Task completed > TaskHandler[id: 133; name: combineFilesA (18); status: COMPLETED; exit: 0; error: -; workDir: /input/data/work/1b/ea32a7652bf2ff1fe4167fc5b57dca]
Nov-27 00:00:14.970 [Task monitor] DEBUG n.processor.TaskPollingMonitor - Task completed > TaskHandler[id: 102; name: combineFilesA (1); status: COMPLETED; exit: 0; error: -; workDir: /input/data/work/35/6f82c209ccf3514b1524c72964e8a7]
Nov-27 00:00:15.406 [Task monitor] WARN  nextflow.k8s.client.K8sClient - K8s pod cannot be scheduled -- 0/8 nodes are available: 8 Insufficient cpu. preemption: 0/8 nodes are available: 8 No preemption victims found for incoming pod..
Nov-27 00:00:16.863 [Task monitor] DEBUG n.processor.TaskPollingMonitor - Task completed > TaskHandler[id: 128; name: combineFilesA (15); status: COMPLETED; exit: 0; error: -; workDir: /input/data/work/94/7f70be56a8ab297219341afcc9bef8]
Nov-27 00:00:41.901 [Task monitor] DEBUG n.processor.TaskPollingMonitor - Task completed > TaskHandler[id: 149; name: combineFilesB (24); status: COMPLETED; exit: 0; error: -; workDir: /input/data/work/e1/740b425669fcd19e4204c3861393fb]
Nov-27 00:00:56.984 [Task monitor] DEBUG n.processor.TaskPollingMonitor - Task completed > TaskHandler[id: 112; name: combineFilesB (6); status: COMPLETED; exit: 0; error: -; workDir: /input/data/work/94/1b0299a83f7128b64002e026c237c7]
Nov-27 00:00:57.640 [Task monitor] DEBUG n.processor.TaskPollingMonitor - Task completed > TaskHandler[id: 134; name: combineFilesB (16); status: COMPLETED; exit: 0; error: -; workDir: /input/data/work/75/bf8b6fb1c575afbe41731a19ff2dff]
Nov-27 00:00:57.804 [Task monitor] DEBUG n.processor.TaskPollingMonitor - Task completed > TaskHandler[id: 135; name: combineFilesB (17); status: COMPLETED; exit: 0; error: -; workDir: /input/data/work/58/b7c4384cfa964a2359029936c00cb8]
Nov-27 00:00:57.976 [Task monitor] DEBUG n.processor.TaskPollingMonitor - Task completed > TaskHandler[id: 131; name: combineFilesB (15); status: COMPLETED; exit: 0; error: -; workDir: /input/data/work/c9/2bbdb4441da680c82a518bab028d53]
Nov-27 00:01:17.180 [Task monitor] WARN  nextflow.k8s.client.K8sClient - K8s pod cannot be scheduled -- 0/8 nodes are available: 8 Insufficient cpu. preemption: 0/8 nodes are available: 8 No preemption victims found for incoming pod..
Nov-27 00:03:13.643 [Task monitor] DEBUG n.processor.TaskPollingMonitor - Task completed > TaskHandler[id: 152; name: combineFilesA (27); status: COMPLETED; exit: 0; error: -; workDir: /input/data/work/0e/6d1546363dbaebc4feb2e4e2a9d111]
Nov-27 00:03:14.100 [Task monitor] DEBUG n.processor.TaskPollingMonitor - Task completed > TaskHandler[id: 126; name: combineFilesA (14); status: COMPLETED; exit: 0; error: -; workDir: /input/data/work/80/92bedfaa7e37aba2b93e582e2340af]
Nov-27 00:03:14.326 [Task monitor] DEBUG n.processor.TaskPollingMonitor - Task completed > TaskHandler[id: 104; name: combineFilesA (2); status: COMPLETED; exit: 0; error: -; workDir: /input/data/work/84/87643cb25b40d02388cd1ff26c589e]
Nov-27 00:03:14.465 [Task monitor] WARN  nextflow.k8s.client.K8sClient - K8s pod cannot be scheduled -- 0/8 nodes are available: 8 Insufficient cpu. preemption: 0/8 nodes are available: 8 No preemption victims found for incoming pod..
Nov-27 00:03:14.530 [Task monitor] DEBUG n.processor.TaskPollingMonitor - Task completed > TaskHandler[id: 137; name: combineFilesA (20); status: COMPLETED; exit: 0; error: -; workDir: /input/data/work/20/b319a70d0c70f1a94e12ec379edc03]
Nov-27 00:03:15.196 [Task monitor] DEBUG n.processor.TaskPollingMonitor - Task completed > TaskHandler[id: 101; name: combineFilesB (1); status: COMPLETED; exit: 0; error: -; workDir: /input/data/work/7c/febb18b92f22d5701ec7f3e59bcf92]
Nov-27 00:03:35.503 [Task monitor] DEBUG n.processor.TaskPollingMonitor - Task completed > TaskHandler[id: 119; name: combineFilesA (10); status: COMPLETED; exit: 0; error: -; workDir: /input/data/work/28/8eb078ed1bb993195b5d7c97a17b43]
Nov-27 00:03:35.565 [Task monitor] DEBUG n.processor.TaskPollingMonitor - Task completed > TaskHandler[id: 125; name: combineFilesB (12); status: COMPLETED; exit: 0; error: -; workDir: /input/data/work/2a/bfd4c87b116678326257ca70e322c4]
Nov-27 00:03:35.615 [Task monitor] DEBUG n.processor.TaskPollingMonitor - Task completed > TaskHandler[id: 121; name: combineFilesA (11); status: COMPLETED; exit: 0; error: -; workDir: /input/data/work/15/d545fc9de0307f8513002482d877a7]
Nov-27 00:03:35.693 [Task monitor] DEBUG n.processor.TaskPollingMonitor - Task completed > TaskHandler[id: 120; name: combineFilesB (10); status: COMPLETED; exit: 0; error: -; workDir: /input/data/work/11/8790489c4adc73300684e8da998b03]
Nov-27 00:03:40.627 [Task monitor] DEBUG n.processor.TaskPollingMonitor - Task completed > TaskHandler[id: 157; name: combineFilesA (31); status: COMPLETED; exit: 0; error: -; workDir: /input/data/work/49/1b21255153dd228b6115ba3ff94bc3]
Nov-27 00:04:15.398 [Task monitor] WARN  nextflow.k8s.client.K8sClient - K8s pod cannot be scheduled -- 0/8 nodes are available: 8 Insufficient cpu. preemption: 0/8 nodes are available: 8 No preemption victims found for incoming pod..
Nov-27 00:04:20.065 [Task monitor] DEBUG n.processor.TaskPollingMonitor - !! executor k8s > tasks to be completed: 28 -- submitted tasks are shown below
~> TaskHandler[id: 108; name: combineFilesA (4); status: RUNNING; exit: -; error: -; workDir: /input/data/work/7d/a1cedcda9537e01661482cb00d6aaa]
~> TaskHandler[id: 153; name: combineFilesA (28); status: RUNNING; exit: -; error: -; workDir: /input/data/work/bc/96ef0d2fbf591e7dae00627667adb1]
~> TaskHandler[id: 145; name: combineFilesB (22); status: RUNNING; exit: -; error: -; workDir: /input/data/work/20/3e4ba1b4a72368b049db8738544a23]
~> TaskHandler[id: 110; name: combineFilesB (5); status: RUNNING; exit: -; error: -; workDir: /input/data/work/17/2bdf042d9abc1097399a966d5b5c8d]
~> TaskHandler[id: 146; name: combineFilesB (23); status: RUNNING; exit: -; error: -; workDir: /input/data/work/3b/9e918a4cab60ab9414bd37fc82992e]
~> TaskHandler[id: 142; name: combineFilesB (21); status: SUBMITTED; exit: -; error: -; workDir: /input/data/work/f0/52972f57fa384485e538a3d78b9279]
~> TaskHandler[id: 129; name: combineFilesB (14); status: RUNNING; exit: -; error: -; workDir: /input/data/work/a0/f8dc05e53d11dba785ab38ce8b20f3]
~> TaskHandler[id: 151; name: combineFilesB (25); status: RUNNING; exit: -; error: -; workDir: /input/data/work/57/ed34435c0f3e8c2b09edc60a16c974]
~> TaskHandler[id: 106; name: combineFilesA (3); status: SUBMITTED; exit: -; error: -; workDir: /input/data/work/ae/1d33c74bec205f153cc13e38594da9]
~> TaskHandler[id: 148; name: combineFilesA (25); status: SUBMITTED; exit: -; error: -; workDir: /input/data/work/5a/dcc0399590a1bad90dab000e444700]
.. remaining tasks omitted.
Nov-27 00:05:15.402 [Task monitor] WARN  nextflow.k8s.client.K8sClient - K8s pod cannot be scheduled -- 0/8 nodes are available: 8 Insufficient cpu. preemption: 0/8 nodes are available: 8 No preemption victims found for incoming pod..
Nov-27 00:05:25.109 [Task monitor] DEBUG n.processor.TaskPollingMonitor - Task completed > TaskHandler[id: 108; name: combineFilesA (4); status: COMPLETED; exit: 0; error: -; workDir: /input/data/work/7d/a1cedcda9537e01661482cb00d6aaa]
Nov-27 00:05:30.105 [Task monitor] DEBUG n.processor.TaskPollingMonitor - Task completed > TaskHandler[id: 153; name: combineFilesA (28); status: COMPLETED; exit: 0; error: -; workDir: /input/data/work/bc/96ef0d2fbf591e7dae00627667adb1]
Nov-27 00:05:35.164 [Task monitor] DEBUG n.processor.TaskPollingMonitor - Task completed > TaskHandler[id: 129; name: combineFilesB (14); status: COMPLETED; exit: 0; error: -; workDir: /input/data/work/a0/f8dc05e53d11dba785ab38ce8b20f3]
Nov-27 00:05:35.287 [Task monitor] DEBUG n.processor.TaskPollingMonitor - Task completed > TaskHandler[id: 117; name: combineFilesA (9); status: COMPLETED; exit: 0; error: -; workDir: /input/data/work/3c/383e14e5e53deb2c3c9e4be444d838]
Nov-27 00:05:35.340 [Task monitor] DEBUG n.processor.TaskPollingMonitor - Task completed > TaskHandler[id: 138; name: combineFilesB (18); status: COMPLETED; exit: 0; error: -; workDir: /input/data/work/4a/3796e2b47bda631e85e8dacea12716]
Nov-27 00:06:45.327 [Task monitor] DEBUG n.processor.TaskPollingMonitor - Task completed > TaskHandler[id: 123; name: combineFilesA (12); status: COMPLETED; exit: 0; error: -; workDir: /input/data/work/ad/7bdac0972697d88cbd0a2aaedea56c]
Nov-27 00:06:50.288 [Task monitor] DEBUG n.processor.TaskPollingMonitor - Task completed > TaskHandler[id: 110; name: combineFilesB (5); status: COMPLETED; exit: 0; error: -; workDir: /input/data/work/17/2bdf042d9abc1097399a966d5b5c8d]
Nov-27 00:06:50.790 [Task monitor] DEBUG n.processor.TaskPollingMonitor - Task completed > TaskHandler[id: 118; name: combineFilesB (9); status: COMPLETED; exit: 0; error: -; workDir: /input/data/work/5c/988bc5554a6dca8c9f0d2e13a7e5d8]
Nov-27 00:06:51.231 [Task monitor] DEBUG n.processor.TaskPollingMonitor - Task completed > TaskHandler[id: 132; name: combineFilesA (17); status: COMPLETED; exit: 0; error: -; workDir: /input/data/work/a0/8fa4570c7ee50558a80bf1546952f9]
Nov-27 00:06:53.735 [Task monitor] DEBUG n.processor.TaskPollingMonitor - Task completed > TaskHandler[id: 127; name: combineFilesB (13); status: COMPLETED; exit: 0; error: -; workDir: /input/data/work/01/90590dddce924a6c5cf16aa2c21059]
Nov-27 00:07:22.855 [Task monitor] DEBUG n.processor.TaskPollingMonitor - Task completed > TaskHandler[id: 146; name: combineFilesB (23); status: COMPLETED; exit: 0; error: -; workDir: /input/data/work/3b/9e918a4cab60ab9414bd37fc82992e]
Nov-27 00:07:53.537 [Task monitor] DEBUG n.processor.TaskPollingMonitor - Task completed > TaskHandler[id: 160; name: combineFilesA (34); status: COMPLETED; exit: 0; error: -; workDir: /input/data/work/68/a4b7407e7c6a187c4bb45e1ea046f4]
Nov-27 00:07:57.640 [Task monitor] DEBUG n.processor.TaskPollingMonitor - Task completed > TaskHandler[id: 151; name: combineFilesB (25); status: COMPLETED; exit: 0; error: -; workDir: /input/data/work/57/ed34435c0f3e8c2b09edc60a16c974]
Nov-27 00:08:02.820 [Task monitor] DEBUG n.processor.TaskPollingMonitor - Task completed > TaskHandler[id: 103; name: combineFilesB (2); status: COMPLETED; exit: 0; error: -; workDir: /input/data/work/9c/ca652ff910bc1c8e0fa16a003f7400]
Nov-27 00:08:06.373 [Task monitor] DEBUG n.processor.TaskPollingMonitor - Task completed > TaskHandler[id: 114; name: combineFilesB (7); status: COMPLETED; exit: 0; error: -; workDir: /input/data/work/04/4adb0b90125eb5134174f845d6fae8]
Nov-27 00:08:06.579 [Task monitor] DEBUG n.processor.TaskPollingMonitor - Task completed > TaskHandler[id: 159; name: combineFilesA (33); status: COMPLETED; exit: 0; error: -; workDir: /input/data/work/ec/96c96a2237df456b8ad7db4bf90b62]
Nov-27 00:08:09.410 [Task monitor] DEBUG n.processor.TaskPollingMonitor - Task completed > TaskHandler[id: 145; name: combineFilesB (22); status: COMPLETED; exit: 0; error: -; workDir: /input/data/work/20/3e4ba1b4a72368b049db8738544a23]
Nov-27 00:08:59.635 [Task monitor] DEBUG n.processor.TaskPollingMonitor - Task completed > TaskHandler[id: 107; name: combineFilesB (4); status: COMPLETED; exit: 0; error: -; workDir: /input/data/work/00/bef047c80856e7f9af4ca45beb7a52]
Nov-27 00:09:06.219 [Task monitor] DEBUG n.processor.TaskPollingMonitor - Task completed > TaskHandler[id: 115; name: combineFilesA (8); status: COMPLETED; exit: 0; error: -; workDir: /input/data/work/e0/4d08ac538e2f7217f844a08d12ff99]
Nov-27 00:09:06.288 [Task monitor] DEBUG n.processor.TaskPollingMonitor - Task completed > TaskHandler[id: 147; name: combineFilesA (24); status: COMPLETED; exit: 0; error: -; workDir: /input/data/work/0d/abfdd75cd014cd1b8be1fa6997aa6b]
Nov-27 00:09:07.457 [Task monitor] DEBUG n.processor.TaskPollingMonitor - Task completed > TaskHandler[id: 116; name: combineFilesB (8); status: COMPLETED; exit: 0; error: -; workDir: /input/data/work/15/c22835d4cb24036ff623b80814ba94]
Nov-27 00:09:11.502 [Task monitor] DEBUG n.processor.TaskPollingMonitor - Task completed > TaskHandler[id: 148; name: combineFilesA (25); status: COMPLETED; exit: 0; error: -; workDir: /input/data/work/5a/dcc0399590a1bad90dab000e444700]
Nov-27 00:09:11.666 [Task monitor] DEBUG n.processor.TaskPollingMonitor - Task completed > TaskHandler[id: 139; name: combineFilesB (19); status: COMPLETED; exit: 0; error: -; workDir: /input/data/work/5a/003af791943ef3b5d0fa4d704b4968]
Nov-27 00:09:21.305 [Task monitor] DEBUG n.processor.TaskPollingMonitor - !! executor k8s > tasks to be completed: 5 -- submitted tasks are shown below
~> TaskHandler[id: 142; name: combineFilesB (21); status: RUNNING; exit: -; error: -; workDir: /input/data/work/f0/52972f57fa384485e538a3d78b9279]
~> TaskHandler[id: 106; name: combineFilesA (3); status: RUNNING; exit: -; error: -; workDir: /input/data/work/ae/1d33c74bec205f153cc13e38594da9]
~> TaskHandler[id: 105; name: combineFilesB (3); status: RUNNING; exit: -; error: -; workDir: /input/data/work/72/2c91e26a980dae143ca0903b1a4f17]
~> TaskHandler[id: 122; name: combineFilesB (11); status: RUNNING; exit: -; error: -; workDir: /input/data/work/e4/bb7411ed0b1b54aea6b5359dfa574a]
~> TaskHandler[id: 141; name: combineFilesB (20); status: RUNNING; exit: -; error: -; workDir: /input/data/work/68/fd4fdc087b1cacf931e8cebf309b94]
Nov-27 00:09:26.478 [Task monitor] DEBUG n.processor.TaskPollingMonitor - Task completed > TaskHandler[id: 122; name: combineFilesB (11); status: COMPLETED; exit: 0; error: -; workDir: /input/data/work/e4/bb7411ed0b1b54aea6b5359dfa574a]
Nov-27 00:10:01.359 [Task monitor] DEBUG n.processor.TaskPollingMonitor - Task completed > TaskHandler[id: 142; name: combineFilesB (21); status: COMPLETED; exit: 0; error: -; workDir: /input/data/work/f0/52972f57fa384485e538a3d78b9279]
Nov-27 00:10:02.352 [Task monitor] DEBUG n.processor.TaskPollingMonitor - Task completed > TaskHandler[id: 141; name: combineFilesB (20); status: COMPLETED; exit: 0; error: -; workDir: /input/data/work/68/fd4fdc087b1cacf931e8cebf309b94]
Nov-27 00:10:26.370 [Task monitor] DEBUG n.processor.TaskPollingMonitor - Task completed > TaskHandler[id: 105; name: combineFilesB (3); status: COMPLETED; exit: 0; error: -; workDir: /input/data/work/72/2c91e26a980dae143ca0903b1a4f17]
Nov-27 00:10:32.381 [Task monitor] DEBUG n.processor.TaskPollingMonitor - Task completed > TaskHandler[id: 106; name: combineFilesA (3); status: COMPLETED; exit: 0; error: -; workDir: /input/data/work/ae/1d33c74bec205f153cc13e38594da9]
Nov-27 00:10:32.383 [main] DEBUG nextflow.Session - Session await > all processes finished
Nov-27 00:10:32.390 [main] DEBUG nextflow.Session - Session await > all barriers passed
Nov-27 00:10:32.401 [main] DEBUG n.trace.WorkflowStatsObserver - Workflow completed > WorkflowStats[succeededCount=160; failedCount=0; ignoredCount=0; cachedCount=0; pendingCount=0; submittedCount=0; runningCount=0; retriesCount=0; abortedCount=0; succeedDuration=1d 12h 58m 36s; failedDuration=0ms; cachedDuration=0ms;loadCpus=0; loadMemory=0; peakRunning=28; peakCpus=280; peakMemory=494.1 GB; ]
Nov-27 00:10:32.402 [main] DEBUG nextflow.trace.TraceFileObserver - Workflow completed -- saving trace file
Nov-27 00:10:32.403 [main] DEBUG nextflow.trace.ReportObserver - Workflow completed -- rendering execution report
Nov-27 00:10:32.984 [main] DEBUG nextflow.trace.TimelineObserver - Workflow completed -- rendering execution timeline
Nov-27 00:10:33.083 [main] DEBUG nextflow.cache.CacheDB - Closing CacheDB done
Nov-27 00:10:33.108 [main] DEBUG nextflow.util.ThreadPoolManager - Thread pool 'FileTransfer' shutdown completed (hard=false)
Nov-27 00:10:33.108 [main] DEBUG nextflow.script.ScriptRunner - > Execution complete -- Goodbye
