Jan-16 12:53:49.386 [main] DEBUG nextflow.cli.Launcher - $> nextflow run /input/allIntoOne -c /experiments/experiment/allIntoOne/nextflow.config -c /experiments/experiment/nextflow_cws.config -c /experiments/experiment/nextflow_nfs.config
Jan-16 12:53:49.440 [main] INFO  nextflow.cli.CmdRun - N E X T F L O W  ~  version 23.07.0-edge
Jan-16 12:53:49.457 [main] DEBUG nextflow.plugin.PluginsFacade - Setting up plugin manager > mode=prod; embedded=false; plugins-dir=/.nextflow/plugins; core-plugins: nf-amazon@2.1.0,nf-azure@1.1.4,nf-cloudcache@0.1.0,nf-codecommit@0.1.5,nf-console@1.0.6,nf-ga4gh@1.1.0,nf-google@1.8.1,nf-tower@1.5.15,nf-wave@0.11.0
Jan-16 12:53:49.465 [main] INFO  o.pf4j.DefaultPluginStatusProvider - Enabled plugins: []
Jan-16 12:53:49.466 [main] INFO  o.pf4j.DefaultPluginStatusProvider - Disabled plugins: []
Jan-16 12:53:49.468 [main] INFO  org.pf4j.DefaultPluginManager - PF4J version 3.4.1 in 'deployment' mode
Jan-16 12:53:49.475 [main] INFO  org.pf4j.AbstractPluginManager - No plugins
Jan-16 12:53:49.492 [main] DEBUG nextflow.scm.AssetManager - Project manifest does not exist: /input/allIntoOne/nextflow.config (No such file or directory)
Jan-16 12:53:49.513 [main] DEBUG nextflow.config.ConfigBuilder - User config file: /experiments/experiment/allIntoOne/nextflow.config
Jan-16 12:53:49.514 [main] DEBUG nextflow.config.ConfigBuilder - User config file: /experiments/experiment/nextflow_cws.config
Jan-16 12:53:49.514 [main] DEBUG nextflow.config.ConfigBuilder - User config file: /experiments/experiment/nextflow_nfs.config
Jan-16 12:53:49.514 [main] DEBUG nextflow.config.ConfigBuilder - Parsing config file: /experiments/experiment/allIntoOne/nextflow.config
Jan-16 12:53:49.514 [main] DEBUG nextflow.config.ConfigBuilder - Parsing config file: /experiments/experiment/nextflow_cws.config
Jan-16 12:53:49.514 [main] DEBUG nextflow.config.ConfigBuilder - Parsing config file: /experiments/experiment/nextflow_nfs.config
Jan-16 12:53:49.530 [main] DEBUG nextflow.config.ConfigBuilder - Applying config profile: `standard`
Jan-16 12:53:50.019 [main] DEBUG nextflow.config.ConfigBuilder - Applying config profile: `standard`
Jan-16 12:53:50.176 [main] DEBUG nextflow.config.ConfigBuilder - Applying config profile: `standard`
Jan-16 12:53:50.201 [main] DEBUG nextflow.cli.CmdRun - Applied DSL=2 by global default
Jan-16 12:53:50.214 [main] INFO  nextflow.cli.CmdRun - Launching `/input/allIntoOne/main.nf` [elegant_hopper] DSL2 - revision: f2e677d52d
Jan-16 12:53:50.214 [main] DEBUG nextflow.plugin.PluginsFacade - Plugins default=[]
Jan-16 12:53:50.214 [main] DEBUG nextflow.plugin.PluginsFacade - Plugins resolved requirement=[]
Jan-16 12:53:50.221 [main] DEBUG n.secret.LocalSecretsProvider - Secrets store: /.nextflow/secrets/store.json
Jan-16 12:53:50.223 [main] DEBUG nextflow.secret.SecretsLoader - Discovered secrets providers: [nextflow.secret.LocalSecretsProvider@2c05ff9d] - activable => nextflow.secret.LocalSecretsProvider@2c05ff9d
Jan-16 12:53:50.280 [main] DEBUG nextflow.Session - Session UUID: 53a3db8d-59a9-4680-a965-cc940644b93c
Jan-16 12:53:50.280 [main] DEBUG nextflow.Session - Run name: elegant_hopper
Jan-16 12:53:50.280 [main] DEBUG nextflow.Session - Executor pool size: 32
Jan-16 12:53:50.286 [main] DEBUG nextflow.file.FilePorter - File porter settings maxRetries=3; maxTransfers=50; pollTimeout=null
Jan-16 12:53:50.289 [main] DEBUG nextflow.util.ThreadPoolBuilder - Creating thread pool 'FileTransfer' minSize=10; maxSize=96; workQueue=LinkedBlockingQueue[10000]; allowCoreThreadTimeout=false
Jan-16 12:53:50.316 [main] DEBUG nextflow.cli.CmdRun - 
  Version: 23.07.0-edge build 5875
  Created: 28-07-2023 20:27 UTC (20:27 GMT)
  System: Linux 5.4.0-169-generic
  Runtime: Groovy 3.0.18 on OpenJDK 64-Bit Server VM 17.0.6+10-LTS
  Encoding: UTF-8 (UTF-8)
  Process: 1480487@nextflow [10.233.76.29]
  CPUs: 32 - Mem: 125.7 GB (120.6 GB) - Swap: 0 (0)
Jan-16 12:53:50.355 [main] DEBUG nextflow.Session - Work-dir: /input/data/work [nfs]
Jan-16 12:53:50.356 [main] DEBUG nextflow.Session - Script base path does not exist or is not a directory: /input/allIntoOne/bin
Jan-16 12:53:50.368 [main] DEBUG nextflow.executor.ExecutorFactory - Extension executors providers=[]
Jan-16 12:53:50.375 [main] DEBUG nextflow.Session - Observer factory: DefaultObserverFactory
Jan-16 12:53:50.402 [main] DEBUG nextflow.cache.CacheFactory - Using Nextflow cache factory: nextflow.cache.DefaultCacheFactory
Jan-16 12:53:50.409 [main] DEBUG nextflow.util.CustomThreadPool - Creating default thread pool > poolSize: 33; maxThreads: 1000
Jan-16 12:53:50.503 [main] DEBUG nextflow.Session - Session start
Jan-16 12:53:50.508 [main] DEBUG nextflow.trace.TraceFileObserver - Workflow started -- trace file: /input/data/output/trace.csv
Jan-16 12:53:50.667 [main] DEBUG nextflow.script.ScriptRunner - > Launching execution
Jan-16 12:53:50.890 [main] DEBUG nextflow.script.ProcessConfig - Config settings `withName:writeLargeFile` matches process writeLargeFile
Jan-16 12:53:50.899 [main] DEBUG nextflow.executor.ExecutorFactory - << taskConfig executor: k8s
Jan-16 12:53:50.899 [main] DEBUG nextflow.executor.ExecutorFactory - >> processorType: 'k8s'
Jan-16 12:53:50.907 [main] DEBUG nextflow.executor.Executor - [warm up] executor > k8s
Jan-16 12:53:50.922 [main] DEBUG n.processor.TaskPollingMonitor - Creating task monitor for executor 'k8s' > capacity: 300; pollInterval: 5s; dumpInterval: 5m; schedulerBatch: null
Jan-16 12:53:50.927 [main] DEBUG nextflow.k8s.client.ConfigDiscovery - K8s config file does not exist: /root/.kube/config
Jan-16 12:53:50.937 [main] DEBUG nextflow.k8s.K8sExecutor - [K8s] config=[scheduler:[strategy:rank_max-fair, name:workflow-scheduler, autoClose:false, nodeSelector:usedby=anonymized, container:anonymized/test1:sch_v194], debug:[yaml:true], namespace:anonymized, serviceAccount:nextflow, workDir:/input/data/work/, projectDir:/input/data/project/, imagePullPolicy:IfNotPresent, launchDir:/input/data/launch/, runAsUser:0, fetchNodeName:true, storageMountPath:/input, pod:[nodeSelector:usedby=anonymized], storage:[nodeSelector:usedby=anonymized, imageName:anonymized/test1:ftp_v122], storageClaimName:nfs-experiment]; API client config=ClientConfig[ server=10.233.0.1:443, namespace=anonymized, serviceAccount=nextflow, token=eyJhbGciOiJ.., sslCert=LS0tLS1CRUd.., clientCert=-, clientKey=-, verifySsl=false, fromFile=true, httpReadTimeout=null, httpConnectTimeout=null, maxErrorRetry=4 ]
Jan-16 12:53:54.579 [main] DEBUG nextflow.script.ProcessConfig - Config settings `withName:combineFiles` matches process combineFiles
Jan-16 12:53:54.581 [main] DEBUG nextflow.executor.ExecutorFactory - << taskConfig executor: k8s
Jan-16 12:53:54.581 [main] DEBUG nextflow.executor.ExecutorFactory - >> processorType: 'k8s'
Jan-16 12:53:54.595 [main] DEBUG nextflow.Session - Workflow process names [dsl2]: revertFile, combineFiles, writeLargeFile
Jan-16 12:53:54.597 [main] DEBUG nextflow.Session - Igniting dataflow network (3)
Jan-16 12:53:54.599 [main] DEBUG nextflow.processor.TaskProcessor - Starting process > writeLargeFile
Jan-16 12:53:54.600 [main] DEBUG nextflow.processor.TaskProcessor - Starting process > combineFiles
Jan-16 12:53:54.601 [main] DEBUG nextflow.script.ScriptRunner - > Awaiting termination 
Jan-16 12:53:54.601 [main] DEBUG nextflow.Session - Session await
Jan-16 12:53:54.936 [Task submitter] INFO  nextflow.Session - [bd/ee8842] Submitted process > writeLargeFile (30)
Jan-16 12:53:54.990 [Task submitter] INFO  nextflow.Session - [1f/ca480a] Submitted process > writeLargeFile (13)
Jan-16 12:53:55.033 [Task submitter] INFO  nextflow.Session - [1f/519d89] Submitted process > writeLargeFile (21)
Jan-16 12:53:55.074 [Task submitter] INFO  nextflow.Session - [2f/e1ff86] Submitted process > writeLargeFile (5)
Jan-16 12:53:55.115 [Task submitter] INFO  nextflow.Session - [7b/b801b3] Submitted process > writeLargeFile (9)
Jan-16 12:53:55.161 [Task submitter] INFO  nextflow.Session - [53/3f1661] Submitted process > writeLargeFile (7)
Jan-16 12:53:55.201 [Task submitter] INFO  nextflow.Session - [d2/6e1e2f] Submitted process > writeLargeFile (20)
Jan-16 12:53:55.241 [Task submitter] INFO  nextflow.Session - [37/a69395] Submitted process > writeLargeFile (24)
Jan-16 12:53:55.279 [Task submitter] INFO  nextflow.Session - [c9/5fecdd] Submitted process > writeLargeFile (17)
Jan-16 12:53:55.317 [Task submitter] INFO  nextflow.Session - [2d/0c1220] Submitted process > writeLargeFile (10)
Jan-16 12:53:55.357 [Task submitter] INFO  nextflow.Session - [3e/4878f9] Submitted process > writeLargeFile (16)
Jan-16 12:53:55.399 [Task submitter] INFO  nextflow.Session - [9f/24033d] Submitted process > writeLargeFile (27)
Jan-16 12:53:55.439 [Task submitter] INFO  nextflow.Session - [57/274f7a] Submitted process > writeLargeFile (19)
Jan-16 12:53:55.478 [Task submitter] INFO  nextflow.Session - [4e/117234] Submitted process > writeLargeFile (32)
Jan-16 12:53:55.515 [Task submitter] INFO  nextflow.Session - [11/42b9e7] Submitted process > writeLargeFile (26)
Jan-16 12:53:55.553 [Task submitter] INFO  nextflow.Session - [75/ddcc8b] Submitted process > writeLargeFile (18)
Jan-16 12:53:55.589 [Task submitter] INFO  nextflow.Session - [4e/944c18] Submitted process > writeLargeFile (42)
Jan-16 12:53:55.626 [Task submitter] INFO  nextflow.Session - [c4/e3c740] Submitted process > writeLargeFile (11)
Jan-16 12:53:55.660 [Task submitter] INFO  nextflow.Session - [9b/96e455] Submitted process > writeLargeFile (1)
Jan-16 12:53:55.701 [Task submitter] INFO  nextflow.Session - [ba/40e748] Submitted process > writeLargeFile (4)
Jan-16 12:53:55.740 [Task submitter] INFO  nextflow.Session - [51/643ca2] Submitted process > writeLargeFile (14)
Jan-16 12:53:55.776 [Task submitter] INFO  nextflow.Session - [65/e7ee28] Submitted process > writeLargeFile (22)
Jan-16 12:53:55.814 [Task submitter] INFO  nextflow.Session - [d9/457a7c] Submitted process > writeLargeFile (15)
Jan-16 12:53:55.849 [Task submitter] INFO  nextflow.Session - [00/7fc69c] Submitted process > writeLargeFile (29)
Jan-16 12:53:55.882 [Task submitter] INFO  nextflow.Session - [e4/b55ed0] Submitted process > writeLargeFile (23)
Jan-16 12:53:55.922 [Task submitter] INFO  nextflow.Session - [47/e1e19b] Submitted process > writeLargeFile (28)
Jan-16 12:53:55.958 [Task submitter] INFO  nextflow.Session - [40/08e308] Submitted process > writeLargeFile (6)
Jan-16 12:53:55.993 [Task submitter] INFO  nextflow.Session - [35/133d09] Submitted process > writeLargeFile (31)
Jan-16 12:53:56.028 [Task submitter] INFO  nextflow.Session - [d1/1a13ce] Submitted process > writeLargeFile (12)
Jan-16 12:53:56.060 [Task submitter] INFO  nextflow.Session - [57/fa9fda] Submitted process > writeLargeFile (59)
Jan-16 12:53:56.101 [Task submitter] INFO  nextflow.Session - [85/cc913a] Submitted process > writeLargeFile (8)
Jan-16 12:53:56.139 [Task submitter] INFO  nextflow.Session - [d2/b0f828] Submitted process > writeLargeFile (60)
Jan-16 12:53:56.172 [Task submitter] INFO  nextflow.Session - [2a/157ed6] Submitted process > writeLargeFile (3)
Jan-16 12:53:56.205 [Task submitter] INFO  nextflow.Session - [1c/5b42dc] Submitted process > writeLargeFile (25)
Jan-16 12:53:56.237 [Task submitter] INFO  nextflow.Session - [af/e7449a] Submitted process > writeLargeFile (2)
Jan-16 12:53:56.280 [Task submitter] INFO  nextflow.Session - [02/7154e2] Submitted process > writeLargeFile (38)
Jan-16 12:53:56.312 [Task submitter] INFO  nextflow.Session - [4e/5c10a3] Submitted process > writeLargeFile (35)
Jan-16 12:53:56.346 [Task submitter] INFO  nextflow.Session - [00/64d7fe] Submitted process > writeLargeFile (39)
Jan-16 12:53:56.378 [Task submitter] INFO  nextflow.Session - [1c/646b7e] Submitted process > writeLargeFile (49)
Jan-16 12:53:56.412 [Task submitter] INFO  nextflow.Session - [d9/4ba64a] Submitted process > writeLargeFile (43)
Jan-16 12:53:56.446 [Task submitter] INFO  nextflow.Session - [85/24f113] Submitted process > writeLargeFile (57)
Jan-16 12:53:56.480 [Task submitter] INFO  nextflow.Session - [b8/a329ba] Submitted process > writeLargeFile (33)
Jan-16 12:53:56.535 [Task submitter] INFO  nextflow.Session - [17/a060c4] Submitted process > writeLargeFile (36)
Jan-16 12:53:56.569 [Task submitter] INFO  nextflow.Session - [30/f5eefa] Submitted process > writeLargeFile (34)
Jan-16 12:53:56.602 [Task submitter] INFO  nextflow.Session - [d3/be5f32] Submitted process > writeLargeFile (45)
Jan-16 12:53:56.635 [Task submitter] INFO  nextflow.Session - [d8/d99141] Submitted process > writeLargeFile (37)
Jan-16 12:53:56.668 [Task submitter] INFO  nextflow.Session - [f6/83fe5b] Submitted process > writeLargeFile (47)
Jan-16 12:53:56.702 [Task submitter] INFO  nextflow.Session - [d6/6b13eb] Submitted process > writeLargeFile (44)
Jan-16 12:53:56.735 [Task submitter] INFO  nextflow.Session - [9f/e0dc44] Submitted process > writeLargeFile (76)
Jan-16 12:53:56.769 [Task submitter] INFO  nextflow.Session - [18/238813] Submitted process > writeLargeFile (48)
Jan-16 12:53:56.803 [Task submitter] INFO  nextflow.Session - [70/6ef517] Submitted process > writeLargeFile (53)
Jan-16 12:53:56.838 [Task submitter] INFO  nextflow.Session - [29/5931c9] Submitted process > writeLargeFile (62)
Jan-16 12:53:56.873 [Task submitter] INFO  nextflow.Session - [3d/609517] Submitted process > writeLargeFile (40)
Jan-16 12:53:56.906 [Task submitter] INFO  nextflow.Session - [fa/6c6531] Submitted process > writeLargeFile (52)
Jan-16 12:53:56.939 [Task submitter] INFO  nextflow.Session - [92/88e639] Submitted process > writeLargeFile (46)
Jan-16 12:53:56.976 [Task submitter] INFO  nextflow.Session - [7c/ee19e9] Submitted process > writeLargeFile (50)
Jan-16 12:53:57.010 [Task submitter] INFO  nextflow.Session - [a7/6d7e7b] Submitted process > writeLargeFile (61)
Jan-16 12:53:57.047 [Task submitter] INFO  nextflow.Session - [96/63a7e3] Submitted process > writeLargeFile (58)
Jan-16 12:53:57.081 [Task submitter] INFO  nextflow.Session - [bb/94c64b] Submitted process > writeLargeFile (54)
Jan-16 12:53:57.121 [Task submitter] INFO  nextflow.Session - [5e/31cfec] Submitted process > writeLargeFile (41)
Jan-16 12:53:57.163 [Task submitter] INFO  nextflow.Session - [42/89f431] Submitted process > writeLargeFile (51)
Jan-16 12:53:57.204 [Task submitter] INFO  nextflow.Session - [2e/d8a5d7] Submitted process > writeLargeFile (56)
Jan-16 12:53:57.238 [Task submitter] INFO  nextflow.Session - [50/3dd3ab] Submitted process > writeLargeFile (55)
Jan-16 12:53:57.275 [Task submitter] INFO  nextflow.Session - [5e/4f570e] Submitted process > writeLargeFile (64)
Jan-16 12:53:57.311 [Task submitter] INFO  nextflow.Session - [10/7bef2e] Submitted process > writeLargeFile (66)
Jan-16 12:53:57.347 [Task submitter] INFO  nextflow.Session - [3b/45d057] Submitted process > writeLargeFile (83)
Jan-16 12:53:57.384 [Task submitter] INFO  nextflow.Session - [cd/be5d6c] Submitted process > writeLargeFile (67)
Jan-16 12:53:57.421 [Task submitter] INFO  nextflow.Session - [eb/de620d] Submitted process > writeLargeFile (70)
Jan-16 12:53:57.459 [Task submitter] INFO  nextflow.Session - [7b/016346] Submitted process > writeLargeFile (97)
Jan-16 12:53:57.497 [Task submitter] INFO  nextflow.Session - [87/b31345] Submitted process > writeLargeFile (78)
Jan-16 12:53:57.586 [Task submitter] INFO  nextflow.Session - [6b/291a57] Submitted process > writeLargeFile (73)
Jan-16 12:53:58.371 [Task submitter] INFO  nextflow.Session - [30/bf977b] Submitted process > writeLargeFile (99)
Jan-16 12:53:59.239 [Task submitter] INFO  nextflow.Session - [c8/2b3cdc] Submitted process > writeLargeFile (63)
Jan-16 12:54:00.102 [Task submitter] INFO  nextflow.Session - [38/8a92de] Submitted process > writeLargeFile (69)
Jan-16 12:54:00.962 [Task submitter] INFO  nextflow.Session - [6a/7029bb] Submitted process > writeLargeFile (71)
Jan-16 12:54:01.822 [Task submitter] INFO  nextflow.Session - [43/59ed0d] Submitted process > writeLargeFile (75)
Jan-16 12:54:02.682 [Task submitter] INFO  nextflow.Session - [87/2d57a3] Submitted process > writeLargeFile (65)
Jan-16 12:54:03.534 [Task submitter] INFO  nextflow.Session - [09/11d712] Submitted process > writeLargeFile (68)
Jan-16 12:54:04.386 [Task submitter] INFO  nextflow.Session - [41/c12ea4] Submitted process > writeLargeFile (77)
Jan-16 12:54:05.237 [Task submitter] INFO  nextflow.Session - [54/8e6721] Submitted process > writeLargeFile (74)
Jan-16 12:54:06.094 [Task submitter] INFO  nextflow.Session - [12/ca42fd] Submitted process > writeLargeFile (72)
Jan-16 12:54:06.949 [Task submitter] INFO  nextflow.Session - [3d/15b8aa] Submitted process > writeLargeFile (80)
Jan-16 12:54:07.816 [Task submitter] INFO  nextflow.Session - [b9/f1619d] Submitted process > writeLargeFile (79)
Jan-16 12:54:08.672 [Task submitter] INFO  nextflow.Session - [5a/b85a60] Submitted process > writeLargeFile (81)
Jan-16 12:54:09.525 [Task submitter] INFO  nextflow.Session - [8c/4bec23] Submitted process > writeLargeFile (82)
Jan-16 12:54:10.378 [Task submitter] INFO  nextflow.Session - [14/00540e] Submitted process > writeLargeFile (85)
Jan-16 12:54:11.239 [Task submitter] INFO  nextflow.Session - [16/5576e5] Submitted process > writeLargeFile (84)
Jan-16 12:54:12.090 [Task submitter] INFO  nextflow.Session - [52/9b430b] Submitted process > writeLargeFile (86)
Jan-16 12:54:12.952 [Task submitter] INFO  nextflow.Session - [61/eebcae] Submitted process > writeLargeFile (89)
Jan-16 12:54:13.831 [Task submitter] INFO  nextflow.Session - [77/0b43f9] Submitted process > writeLargeFile (87)
Jan-16 12:54:14.692 [Task submitter] INFO  nextflow.Session - [a0/657047] Submitted process > writeLargeFile (90)
Jan-16 12:54:15.543 [Task submitter] INFO  nextflow.Session - [28/20dcf6] Submitted process > writeLargeFile (92)
Jan-16 12:54:16.397 [Task submitter] INFO  nextflow.Session - [b5/700cab] Submitted process > writeLargeFile (91)
Jan-16 12:54:17.261 [Task submitter] INFO  nextflow.Session - [1b/b3b484] Submitted process > writeLargeFile (100)
Jan-16 12:54:18.126 [Task submitter] INFO  nextflow.Session - [b5/ddfcfa] Submitted process > writeLargeFile (88)
Jan-16 12:54:18.916 [Task submitter] INFO  nextflow.Session - [ce/09327f] Submitted process > writeLargeFile (96)
Jan-16 12:54:19.611 [Task submitter] INFO  nextflow.Session - [6d/3decd7] Submitted process > writeLargeFile (98)
Jan-16 12:54:20.271 [Task submitter] INFO  nextflow.Session - [fc/9d4bdb] Submitted process > writeLargeFile (95)
Jan-16 12:54:20.539 [Task submitter] INFO  nextflow.Session - [1d/81b4c9] Submitted process > writeLargeFile (93)
Jan-16 12:54:20.571 [Task submitter] INFO  nextflow.Session - [20/55dc3a] Submitted process > writeLargeFile (94)
Jan-16 12:54:25.967 [Task monitor] DEBUG n.processor.TaskPollingMonitor - Task completed > TaskHandler[id: 30; name: writeLargeFile (30); status: COMPLETED; exit: 0; error: -; workDir: /input/data/work/bd/ee8842c56688978cfa3a536927d7eb]
Jan-16 12:54:26.025 [Task monitor] DEBUG n.processor.TaskPollingMonitor - Task completed > TaskHandler[id: 13; name: writeLargeFile (13); status: COMPLETED; exit: 0; error: -; workDir: /input/data/work/1f/ca480a1a4ed88999a623af2beb02c2]
Jan-16 12:54:26.063 [Task monitor] DEBUG n.processor.TaskPollingMonitor - Task completed > TaskHandler[id: 21; name: writeLargeFile (21); status: COMPLETED; exit: 0; error: -; workDir: /input/data/work/1f/519d899dbf600a343445a5c06d75f9]
Jan-16 12:54:51.098 [Task monitor] DEBUG n.processor.TaskPollingMonitor - Task completed > TaskHandler[id: 5; name: writeLargeFile (5); status: COMPLETED; exit: 0; error: -; workDir: /input/data/work/2f/e1ff86f1e88626691ad27110158eee]
Jan-16 12:54:56.226 [Task monitor] DEBUG n.processor.TaskPollingMonitor - Task completed > TaskHandler[id: 9; name: writeLargeFile (9); status: COMPLETED; exit: 0; error: -; workDir: /input/data/work/7b/b801b306f5a4396fb5cff37d38a0b9]
Jan-16 12:54:56.718 [Task monitor] DEBUG n.processor.TaskPollingMonitor - Task completed > TaskHandler[id: 7; name: writeLargeFile (7); status: COMPLETED; exit: 0; error: -; workDir: /input/data/work/53/3f1661a679c5b82f7628aa80f0e22c]
Jan-16 12:55:22.148 [Task monitor] DEBUG n.processor.TaskPollingMonitor - Task completed > TaskHandler[id: 20; name: writeLargeFile (20); status: COMPLETED; exit: 0; error: -; workDir: /input/data/work/d2/6e1e2f7222c72afa314bc48939c65a]
Jan-16 12:55:22.189 [Task monitor] DEBUG n.processor.TaskPollingMonitor - Task completed > TaskHandler[id: 24; name: writeLargeFile (24); status: COMPLETED; exit: 0; error: -; workDir: /input/data/work/37/a69395a368cec8f6496af6c7a08972]
Jan-16 12:55:22.227 [Task monitor] DEBUG n.processor.TaskPollingMonitor - Task completed > TaskHandler[id: 17; name: writeLargeFile (17); status: COMPLETED; exit: 0; error: -; workDir: /input/data/work/c9/5fecddde1086a5e12eda45d4c57700]
Jan-16 12:55:47.750 [Task monitor] DEBUG n.processor.TaskPollingMonitor - Task completed > TaskHandler[id: 10; name: writeLargeFile (10); status: COMPLETED; exit: 0; error: -; workDir: /input/data/work/2d/0c1220c428cf6c0ce2da423e249964]
Jan-16 12:55:47.784 [Task monitor] DEBUG n.processor.TaskPollingMonitor - Task completed > TaskHandler[id: 16; name: writeLargeFile (16); status: COMPLETED; exit: 0; error: -; workDir: /input/data/work/3e/4878f9a7e69f6e4f97e02ba2e409da]
Jan-16 12:55:47.825 [Task monitor] DEBUG n.processor.TaskPollingMonitor - Task completed > TaskHandler[id: 27; name: writeLargeFile (27); status: COMPLETED; exit: 0; error: -; workDir: /input/data/work/9f/24033d8b632cef0cb1050d5952744a]
Jan-16 12:56:23.537 [Task monitor] DEBUG n.processor.TaskPollingMonitor - Task completed > TaskHandler[id: 19; name: writeLargeFile (19); status: COMPLETED; exit: 0; error: -; workDir: /input/data/work/57/274f7a7efef3589000859555f9e1ff]
Jan-16 12:56:23.578 [Task monitor] DEBUG n.processor.TaskPollingMonitor - Task completed > TaskHandler[id: 32; name: writeLargeFile (32); status: COMPLETED; exit: 0; error: -; workDir: /input/data/work/4e/117234cd95aa4f4495d3f707ab4e68]
Jan-16 12:56:23.617 [Task monitor] DEBUG n.processor.TaskPollingMonitor - Task completed > TaskHandler[id: 26; name: writeLargeFile (26); status: COMPLETED; exit: 0; error: -; workDir: /input/data/work/11/42b9e721fb20761d9854026c715d29]
Jan-16 12:56:54.992 [Task monitor] DEBUG n.processor.TaskPollingMonitor - Task completed > TaskHandler[id: 18; name: writeLargeFile (18); status: COMPLETED; exit: 0; error: -; workDir: /input/data/work/75/ddcc8b949b6cd0ee1f519a94c00612]
Jan-16 12:56:55.612 [Task monitor] DEBUG n.processor.TaskPollingMonitor - Task completed > TaskHandler[id: 42; name: writeLargeFile (42); status: COMPLETED; exit: 0; error: -; workDir: /input/data/work/4e/944c18240221cb78b720fec2a6e4c3]
Jan-16 12:56:56.208 [Task monitor] DEBUG n.processor.TaskPollingMonitor - Task completed > TaskHandler[id: 11; name: writeLargeFile (11); status: COMPLETED; exit: 0; error: -; workDir: /input/data/work/c4/e3c7407f9c69bc297a02754085e81a]
Jan-16 12:57:20.736 [Task monitor] DEBUG n.processor.TaskPollingMonitor - Task completed > TaskHandler[id: 1; name: writeLargeFile (1); status: COMPLETED; exit: 0; error: -; workDir: /input/data/work/9b/96e45558efd984b1cf6682fcb8fa43]
Jan-16 12:57:20.778 [Task monitor] DEBUG n.processor.TaskPollingMonitor - Task completed > TaskHandler[id: 4; name: writeLargeFile (4); status: COMPLETED; exit: 0; error: -; workDir: /input/data/work/ba/40e748cad718d94b92e2b2395be0c4]
Jan-16 12:57:20.815 [Task monitor] DEBUG n.processor.TaskPollingMonitor - Task completed > TaskHandler[id: 14; name: writeLargeFile (14); status: COMPLETED; exit: 0; error: -; workDir: /input/data/work/51/643ca272636dacbd4bc51e01e37bbc]
Jan-16 12:57:50.735 [Task monitor] DEBUG n.processor.TaskPollingMonitor - Task completed > TaskHandler[id: 22; name: writeLargeFile (22); status: COMPLETED; exit: 0; error: -; workDir: /input/data/work/65/e7ee28e65f16a7a14cf1c2900b729f]
Jan-16 12:57:50.771 [Task monitor] DEBUG n.processor.TaskPollingMonitor - Task completed > TaskHandler[id: 15; name: writeLargeFile (15); status: COMPLETED; exit: 0; error: -; workDir: /input/data/work/d9/457a7c339a853791abc881251bcdec]
Jan-16 12:57:50.808 [Task monitor] DEBUG n.processor.TaskPollingMonitor - Task completed > TaskHandler[id: 29; name: writeLargeFile (29); status: COMPLETED; exit: 0; error: -; workDir: /input/data/work/00/7fc69c93cf58c1855e76bd5e5d6081]
Jan-16 12:58:20.731 [Task monitor] DEBUG n.processor.TaskPollingMonitor - Task completed > TaskHandler[id: 23; name: writeLargeFile (23); status: COMPLETED; exit: 0; error: -; workDir: /input/data/work/e4/b55ed055449d7392b207be51e6cddc]
Jan-16 12:58:20.764 [Task monitor] DEBUG n.processor.TaskPollingMonitor - Task completed > TaskHandler[id: 28; name: writeLargeFile (28); status: COMPLETED; exit: 0; error: -; workDir: /input/data/work/47/e1e19b9e8546ed446332620dba6a4d]
Jan-16 12:58:20.797 [Task monitor] DEBUG n.processor.TaskPollingMonitor - Task completed > TaskHandler[id: 6; name: writeLargeFile (6); status: COMPLETED; exit: 0; error: -; workDir: /input/data/work/40/08e30865280df3f389de8fdca251dd]
Jan-16 12:58:50.736 [Task monitor] DEBUG n.processor.TaskPollingMonitor - Task completed > TaskHandler[id: 31; name: writeLargeFile (31); status: COMPLETED; exit: 0; error: -; workDir: /input/data/work/35/133d0941747243d4163ce7f149838b]
Jan-16 12:58:50.772 [Task monitor] DEBUG n.processor.TaskPollingMonitor - Task completed > TaskHandler[id: 12; name: writeLargeFile (12); status: COMPLETED; exit: 0; error: -; workDir: /input/data/work/d1/1a13ce8333e7c4769c2e4c4af40d7f]
Jan-16 12:58:50.808 [Task monitor] DEBUG n.processor.TaskPollingMonitor - Task completed > TaskHandler[id: 59; name: writeLargeFile (59); status: COMPLETED; exit: 0; error: -; workDir: /input/data/work/57/fa9fda25296bef18730632000fedb5]
Jan-16 12:59:00.701 [Task monitor] DEBUG n.processor.TaskPollingMonitor - !! executor k8s > tasks to be completed: 70 -- submitted tasks are shown below
~> TaskHandler[id: 8; name: writeLargeFile (8); status: RUNNING; exit: -; error: -; workDir: /input/data/work/85/cc913a9b0adf7c7bdd20d799070668]
~> TaskHandler[id: 60; name: writeLargeFile (60); status: RUNNING; exit: -; error: -; workDir: /input/data/work/d2/b0f8286e260043181446b109b758cb]
~> TaskHandler[id: 3; name: writeLargeFile (3); status: RUNNING; exit: -; error: -; workDir: /input/data/work/2a/157ed612d7fc3ecc0da28c99a35ecf]
~> TaskHandler[id: 25; name: writeLargeFile (25); status: SUBMITTED; exit: -; error: -; workDir: /input/data/work/1c/5b42dcb7dc3af3e7e7b2ac1579f691]
~> TaskHandler[id: 2; name: writeLargeFile (2); status: SUBMITTED; exit: -; error: -; workDir: /input/data/work/af/e7449aa5636811c012e43b1fc581d9]
~> TaskHandler[id: 38; name: writeLargeFile (38); status: SUBMITTED; exit: -; error: -; workDir: /input/data/work/02/7154e2ba324da69820e624d767f38f]
~> TaskHandler[id: 35; name: writeLargeFile (35); status: SUBMITTED; exit: -; error: -; workDir: /input/data/work/4e/5c10a3cf45200fdae9775b15939e22]
~> TaskHandler[id: 39; name: writeLargeFile (39); status: SUBMITTED; exit: -; error: -; workDir: /input/data/work/00/64d7fe786621273ab60c41f4a19c53]
~> TaskHandler[id: 49; name: writeLargeFile (49); status: SUBMITTED; exit: -; error: -; workDir: /input/data/work/1c/646b7ee11792ac4bd6863ab83315ef]
~> TaskHandler[id: 43; name: writeLargeFile (43); status: SUBMITTED; exit: -; error: -; workDir: /input/data/work/d9/4ba64a79ac8f52dadb2e060a363f69]
.. remaining tasks omitted.
Jan-16 12:59:20.738 [Task monitor] DEBUG n.processor.TaskPollingMonitor - Task completed > TaskHandler[id: 8; name: writeLargeFile (8); status: COMPLETED; exit: 0; error: -; workDir: /input/data/work/85/cc913a9b0adf7c7bdd20d799070668]
Jan-16 12:59:20.773 [Task monitor] DEBUG n.processor.TaskPollingMonitor - Task completed > TaskHandler[id: 60; name: writeLargeFile (60); status: COMPLETED; exit: 0; error: -; workDir: /input/data/work/d2/b0f8286e260043181446b109b758cb]
Jan-16 12:59:20.811 [Task monitor] DEBUG n.processor.TaskPollingMonitor - Task completed > TaskHandler[id: 3; name: writeLargeFile (3); status: COMPLETED; exit: 0; error: -; workDir: /input/data/work/2a/157ed612d7fc3ecc0da28c99a35ecf]
Jan-16 12:59:50.742 [Task monitor] DEBUG n.processor.TaskPollingMonitor - Task completed > TaskHandler[id: 25; name: writeLargeFile (25); status: COMPLETED; exit: 0; error: -; workDir: /input/data/work/1c/5b42dcb7dc3af3e7e7b2ac1579f691]
Jan-16 12:59:50.780 [Task monitor] DEBUG n.processor.TaskPollingMonitor - Task completed > TaskHandler[id: 2; name: writeLargeFile (2); status: COMPLETED; exit: 0; error: -; workDir: /input/data/work/af/e7449aa5636811c012e43b1fc581d9]
Jan-16 12:59:50.817 [Task monitor] DEBUG n.processor.TaskPollingMonitor - Task completed > TaskHandler[id: 38; name: writeLargeFile (38); status: COMPLETED; exit: 0; error: -; workDir: /input/data/work/02/7154e2ba324da69820e624d767f38f]
Jan-16 13:00:20.745 [Task monitor] DEBUG n.processor.TaskPollingMonitor - Task completed > TaskHandler[id: 35; name: writeLargeFile (35); status: COMPLETED; exit: 0; error: -; workDir: /input/data/work/4e/5c10a3cf45200fdae9775b15939e22]
Jan-16 13:00:20.784 [Task monitor] DEBUG n.processor.TaskPollingMonitor - Task completed > TaskHandler[id: 39; name: writeLargeFile (39); status: COMPLETED; exit: 0; error: -; workDir: /input/data/work/00/64d7fe786621273ab60c41f4a19c53]
Jan-16 13:00:20.823 [Task monitor] DEBUG n.processor.TaskPollingMonitor - Task completed > TaskHandler[id: 49; name: writeLargeFile (49); status: COMPLETED; exit: 0; error: -; workDir: /input/data/work/1c/646b7ee11792ac4bd6863ab83315ef]
Jan-16 13:00:45.740 [Task monitor] DEBUG n.processor.TaskPollingMonitor - Task completed > TaskHandler[id: 43; name: writeLargeFile (43); status: COMPLETED; exit: 0; error: -; workDir: /input/data/work/d9/4ba64a79ac8f52dadb2e060a363f69]
Jan-16 13:00:45.775 [Task monitor] DEBUG n.processor.TaskPollingMonitor - Task completed > TaskHandler[id: 57; name: writeLargeFile (57); status: COMPLETED; exit: 0; error: -; workDir: /input/data/work/85/24f113c49a5ee804b1396c43cca095]
Jan-16 13:00:45.813 [Task monitor] DEBUG n.processor.TaskPollingMonitor - Task completed > TaskHandler[id: 33; name: writeLargeFile (33); status: COMPLETED; exit: 0; error: -; workDir: /input/data/work/b8/a329ba5a709e7236dc879cf2992011]
Jan-16 13:01:15.742 [Task monitor] DEBUG n.processor.TaskPollingMonitor - Task completed > TaskHandler[id: 36; name: writeLargeFile (36); status: COMPLETED; exit: 0; error: -; workDir: /input/data/work/17/a060c4f3bdc8e32e08aeca6c270427]
Jan-16 13:01:15.778 [Task monitor] DEBUG n.processor.TaskPollingMonitor - Task completed > TaskHandler[id: 34; name: writeLargeFile (34); status: COMPLETED; exit: 0; error: -; workDir: /input/data/work/30/f5eefa474afb08bacb85fab05403e3]
Jan-16 13:01:15.817 [Task monitor] DEBUG n.processor.TaskPollingMonitor - Task completed > TaskHandler[id: 45; name: writeLargeFile (45); status: COMPLETED; exit: 0; error: -; workDir: /input/data/work/d3/be5f32ad8b4ddc46235cb0ec423481]
Jan-16 13:01:50.931 [Task monitor] DEBUG n.processor.TaskPollingMonitor - Task completed > TaskHandler[id: 37; name: writeLargeFile (37); status: COMPLETED; exit: 0; error: -; workDir: /input/data/work/d8/d99141905278aa48d22acf72eb8bc9]
Jan-16 13:01:51.547 [Task monitor] DEBUG n.processor.TaskPollingMonitor - Task completed > TaskHandler[id: 47; name: writeLargeFile (47); status: COMPLETED; exit: 0; error: -; workDir: /input/data/work/f6/83fe5ba588ce4208eab62dedec86fa]
Jan-16 13:01:52.167 [Task monitor] DEBUG n.processor.TaskPollingMonitor - Task completed > TaskHandler[id: 44; name: writeLargeFile (44); status: COMPLETED; exit: 0; error: -; workDir: /input/data/work/d6/6b13eb5f75444c51eb20fe1a347853]
Jan-16 13:02:15.908 [Task monitor] DEBUG n.processor.TaskPollingMonitor - Task completed > TaskHandler[id: 76; name: writeLargeFile (76); status: COMPLETED; exit: 0; error: -; workDir: /input/data/work/9f/e0dc44d95e2cdf7781a5bf1847394c]
Jan-16 13:02:16.544 [Task monitor] DEBUG n.processor.TaskPollingMonitor - Task completed > TaskHandler[id: 48; name: writeLargeFile (48); status: COMPLETED; exit: 0; error: -; workDir: /input/data/work/18/238813259cfa40dad1dec39b950abd]
Jan-16 13:02:17.179 [Task monitor] DEBUG n.processor.TaskPollingMonitor - Task completed > TaskHandler[id: 53; name: writeLargeFile (53); status: COMPLETED; exit: 0; error: -; workDir: /input/data/work/70/6ef5178a7b6d5891e535b0641d7531]
Jan-16 13:02:40.748 [Task monitor] DEBUG n.processor.TaskPollingMonitor - Task completed > TaskHandler[id: 62; name: writeLargeFile (62); status: COMPLETED; exit: 0; error: -; workDir: /input/data/work/29/5931c9b617b7eaf6af6e1864ddcaf3]
Jan-16 13:02:40.786 [Task monitor] DEBUG n.processor.TaskPollingMonitor - Task completed > TaskHandler[id: 40; name: writeLargeFile (40); status: COMPLETED; exit: 0; error: -; workDir: /input/data/work/3d/60951720667c16f24ce2b34e9de2a5]
Jan-16 13:02:40.824 [Task monitor] DEBUG n.processor.TaskPollingMonitor - Task completed > TaskHandler[id: 52; name: writeLargeFile (52); status: COMPLETED; exit: 0; error: -; workDir: /input/data/work/fa/6c6531be444927254c760bd0c62c82]
Jan-16 13:03:10.751 [Task monitor] DEBUG n.processor.TaskPollingMonitor - Task completed > TaskHandler[id: 46; name: writeLargeFile (46); status: COMPLETED; exit: 0; error: -; workDir: /input/data/work/92/88e63968f71c87bd27f4936fc4c263]
Jan-16 13:03:10.791 [Task monitor] DEBUG n.processor.TaskPollingMonitor - Task completed > TaskHandler[id: 50; name: writeLargeFile (50); status: COMPLETED; exit: 0; error: -; workDir: /input/data/work/7c/ee19e98c04503d818ff50b644de282]
Jan-16 13:03:10.825 [Task monitor] DEBUG n.processor.TaskPollingMonitor - Task completed > TaskHandler[id: 61; name: writeLargeFile (61); status: COMPLETED; exit: 0; error: -; workDir: /input/data/work/a7/6d7e7bfd52793fe62c3bbeecc05533]
Jan-16 13:03:40.747 [Task monitor] DEBUG n.processor.TaskPollingMonitor - Task completed > TaskHandler[id: 58; name: writeLargeFile (58); status: COMPLETED; exit: 0; error: -; workDir: /input/data/work/96/63a7e3515b85a9eac41574c0d07781]
Jan-16 13:03:40.786 [Task monitor] DEBUG n.processor.TaskPollingMonitor - Task completed > TaskHandler[id: 54; name: writeLargeFile (54); status: COMPLETED; exit: 0; error: -; workDir: /input/data/work/bb/94c64b132e922f3f5e3675c76537fe]
Jan-16 13:03:40.824 [Task monitor] DEBUG n.processor.TaskPollingMonitor - Task completed > TaskHandler[id: 41; name: writeLargeFile (41); status: COMPLETED; exit: 0; error: -; workDir: /input/data/work/5e/31cfec2c5226c0d25a0771a068dcf3]
Jan-16 13:04:00.715 [Task monitor] DEBUG n.processor.TaskPollingMonitor - !! executor k8s > tasks to be completed: 40 -- submitted tasks are shown below
~> TaskHandler[id: 51; name: writeLargeFile (51); status: RUNNING; exit: -; error: -; workDir: /input/data/work/42/89f431f86a478021c52a150acbc539]
~> TaskHandler[id: 56; name: writeLargeFile (56); status: RUNNING; exit: -; error: -; workDir: /input/data/work/2e/d8a5d7fab75228049b5707c548b224]
~> TaskHandler[id: 55; name: writeLargeFile (55); status: RUNNING; exit: -; error: -; workDir: /input/data/work/50/3dd3abe9339b1c326856b6f905bf9c]
~> TaskHandler[id: 64; name: writeLargeFile (64); status: SUBMITTED; exit: -; error: -; workDir: /input/data/work/5e/4f570e4a69ce5185765b49f2715cf1]
~> TaskHandler[id: 66; name: writeLargeFile (66); status: SUBMITTED; exit: -; error: -; workDir: /input/data/work/10/7bef2e29b663b24bfafb3045bd887d]
~> TaskHandler[id: 83; name: writeLargeFile (83); status: SUBMITTED; exit: -; error: -; workDir: /input/data/work/3b/45d0574835666b5ed78fbe171abd87]
~> TaskHandler[id: 67; name: writeLargeFile (67); status: SUBMITTED; exit: -; error: -; workDir: /input/data/work/cd/be5d6c895c594685b0b835178c5b6e]
~> TaskHandler[id: 70; name: writeLargeFile (70); status: SUBMITTED; exit: -; error: -; workDir: /input/data/work/eb/de620ddcd1b1ec9b0e3b1db4a142fc]
~> TaskHandler[id: 97; name: writeLargeFile (97); status: SUBMITTED; exit: -; error: -; workDir: /input/data/work/7b/01634656df118adf2b5a4c4e51b39e]
~> TaskHandler[id: 78; name: writeLargeFile (78); status: SUBMITTED; exit: -; error: -; workDir: /input/data/work/87/b313455d57196f8feed43bca961e2a]
.. remaining tasks omitted.
Jan-16 13:04:05.750 [Task monitor] DEBUG n.processor.TaskPollingMonitor - Task completed > TaskHandler[id: 51; name: writeLargeFile (51); status: COMPLETED; exit: 0; error: -; workDir: /input/data/work/42/89f431f86a478021c52a150acbc539]
Jan-16 13:04:05.789 [Task monitor] DEBUG n.processor.TaskPollingMonitor - Task completed > TaskHandler[id: 56; name: writeLargeFile (56); status: COMPLETED; exit: 0; error: -; workDir: /input/data/work/2e/d8a5d7fab75228049b5707c548b224]
Jan-16 13:04:05.820 [Task monitor] DEBUG n.processor.TaskPollingMonitor - Task completed > TaskHandler[id: 55; name: writeLargeFile (55); status: COMPLETED; exit: 0; error: -; workDir: /input/data/work/50/3dd3abe9339b1c326856b6f905bf9c]
Jan-16 13:04:35.751 [Task monitor] DEBUG n.processor.TaskPollingMonitor - Task completed > TaskHandler[id: 64; name: writeLargeFile (64); status: COMPLETED; exit: 0; error: -; workDir: /input/data/work/5e/4f570e4a69ce5185765b49f2715cf1]
Jan-16 13:04:35.786 [Task monitor] DEBUG n.processor.TaskPollingMonitor - Task completed > TaskHandler[id: 66; name: writeLargeFile (66); status: COMPLETED; exit: 0; error: -; workDir: /input/data/work/10/7bef2e29b663b24bfafb3045bd887d]
Jan-16 13:04:35.823 [Task monitor] DEBUG n.processor.TaskPollingMonitor - Task completed > TaskHandler[id: 83; name: writeLargeFile (83); status: COMPLETED; exit: 0; error: -; workDir: /input/data/work/3b/45d0574835666b5ed78fbe171abd87]
Jan-16 13:05:05.752 [Task monitor] DEBUG n.processor.TaskPollingMonitor - Task completed > TaskHandler[id: 67; name: writeLargeFile (67); status: COMPLETED; exit: 0; error: -; workDir: /input/data/work/cd/be5d6c895c594685b0b835178c5b6e]
Jan-16 13:05:05.789 [Task monitor] DEBUG n.processor.TaskPollingMonitor - Task completed > TaskHandler[id: 70; name: writeLargeFile (70); status: COMPLETED; exit: 0; error: -; workDir: /input/data/work/eb/de620ddcd1b1ec9b0e3b1db4a142fc]
Jan-16 13:05:05.828 [Task monitor] DEBUG n.processor.TaskPollingMonitor - Task completed > TaskHandler[id: 97; name: writeLargeFile (97); status: COMPLETED; exit: 0; error: -; workDir: /input/data/work/7b/01634656df118adf2b5a4c4e51b39e]
Jan-16 13:05:35.753 [Task monitor] DEBUG n.processor.TaskPollingMonitor - Task completed > TaskHandler[id: 78; name: writeLargeFile (78); status: COMPLETED; exit: 0; error: -; workDir: /input/data/work/87/b313455d57196f8feed43bca961e2a]
Jan-16 13:05:35.789 [Task monitor] DEBUG n.processor.TaskPollingMonitor - Task completed > TaskHandler[id: 73; name: writeLargeFile (73); status: COMPLETED; exit: 0; error: -; workDir: /input/data/work/6b/291a573c1206c3f34ec6c617575d36]
Jan-16 13:05:35.825 [Task monitor] DEBUG n.processor.TaskPollingMonitor - Task completed > TaskHandler[id: 99; name: writeLargeFile (99); status: COMPLETED; exit: 0; error: -; workDir: /input/data/work/30/bf977b47f75a4b8758d69c6151a41b]
Jan-16 13:06:05.754 [Task monitor] DEBUG n.processor.TaskPollingMonitor - Task completed > TaskHandler[id: 63; name: writeLargeFile (63); status: COMPLETED; exit: 0; error: -; workDir: /input/data/work/c8/2b3cdcc421d1853ae8218cedd10071]
Jan-16 13:06:05.792 [Task monitor] DEBUG n.processor.TaskPollingMonitor - Task completed > TaskHandler[id: 69; name: writeLargeFile (69); status: COMPLETED; exit: 0; error: -; workDir: /input/data/work/38/8a92de002a877e0acf4799306780bb]
Jan-16 13:06:05.828 [Task monitor] DEBUG n.processor.TaskPollingMonitor - Task completed > TaskHandler[id: 71; name: writeLargeFile (71); status: COMPLETED; exit: 0; error: -; workDir: /input/data/work/6a/7029bbab7764fd85feac18d39ddb5d]
Jan-16 13:06:30.752 [Task monitor] DEBUG n.processor.TaskPollingMonitor - Task completed > TaskHandler[id: 75; name: writeLargeFile (75); status: COMPLETED; exit: 0; error: -; workDir: /input/data/work/43/59ed0d50f29cb7c74e7fa7a84c9724]
Jan-16 13:06:30.788 [Task monitor] DEBUG n.processor.TaskPollingMonitor - Task completed > TaskHandler[id: 65; name: writeLargeFile (65); status: COMPLETED; exit: 0; error: -; workDir: /input/data/work/87/2d57a3b7123a4084cf410d43a64829]
Jan-16 13:06:30.821 [Task monitor] DEBUG n.processor.TaskPollingMonitor - Task completed > TaskHandler[id: 68; name: writeLargeFile (68); status: COMPLETED; exit: 0; error: -; workDir: /input/data/work/09/11d71271577599daaec8bcbedaf5a6]
Jan-16 13:07:00.756 [Task monitor] DEBUG n.processor.TaskPollingMonitor - Task completed > TaskHandler[id: 77; name: writeLargeFile (77); status: COMPLETED; exit: 0; error: -; workDir: /input/data/work/41/c12ea4cf5f430b21cce731fb4f1db8]
Jan-16 13:07:00.793 [Task monitor] DEBUG n.processor.TaskPollingMonitor - Task completed > TaskHandler[id: 74; name: writeLargeFile (74); status: COMPLETED; exit: 0; error: -; workDir: /input/data/work/54/8e6721087d5fdf3324b587a9ef654d]
Jan-16 13:07:00.828 [Task monitor] DEBUG n.processor.TaskPollingMonitor - Task completed > TaskHandler[id: 72; name: writeLargeFile (72); status: COMPLETED; exit: 0; error: -; workDir: /input/data/work/12/ca42fd1fc0da814f6de1c52571d443]
Jan-16 13:07:30.756 [Task monitor] DEBUG n.processor.TaskPollingMonitor - Task completed > TaskHandler[id: 80; name: writeLargeFile (80); status: COMPLETED; exit: 0; error: -; workDir: /input/data/work/3d/15b8aaad7396216fb9d8f6963b0c99]
Jan-16 13:07:30.793 [Task monitor] DEBUG n.processor.TaskPollingMonitor - Task completed > TaskHandler[id: 79; name: writeLargeFile (79); status: COMPLETED; exit: 0; error: -; workDir: /input/data/work/b9/f1619d1b4aa685acd8150f26e21259]
Jan-16 13:07:30.830 [Task monitor] DEBUG n.processor.TaskPollingMonitor - Task completed > TaskHandler[id: 81; name: writeLargeFile (81); status: COMPLETED; exit: 0; error: -; workDir: /input/data/work/5a/b85a60b9cfebd4f9f21687b303aacb]
Jan-16 13:08:00.937 [Task monitor] DEBUG n.processor.TaskPollingMonitor - Task completed > TaskHandler[id: 82; name: writeLargeFile (82); status: COMPLETED; exit: 0; error: -; workDir: /input/data/work/8c/4bec238ad19271201ee1d70790a97e]
Jan-16 13:08:01.561 [Task monitor] DEBUG n.processor.TaskPollingMonitor - Task completed > TaskHandler[id: 85; name: writeLargeFile (85); status: COMPLETED; exit: 0; error: -; workDir: /input/data/work/14/00540ea335f66d58478b198f680a0c]
Jan-16 13:08:02.185 [Task monitor] DEBUG n.processor.TaskPollingMonitor - Task completed > TaskHandler[id: 84; name: writeLargeFile (84); status: COMPLETED; exit: 0; error: -; workDir: /input/data/work/16/5576e5e33a1d533c7aa0363728560a]
Jan-16 13:08:25.761 [Task monitor] DEBUG n.processor.TaskPollingMonitor - Task completed > TaskHandler[id: 86; name: writeLargeFile (86); status: COMPLETED; exit: 0; error: -; workDir: /input/data/work/52/9b430ba94654469c3a76dd9c83dc65]
Jan-16 13:08:25.804 [Task monitor] DEBUG n.processor.TaskPollingMonitor - Task completed > TaskHandler[id: 89; name: writeLargeFile (89); status: COMPLETED; exit: 0; error: -; workDir: /input/data/work/61/eebcae8158c7e4139dc91bde9c2719]
Jan-16 13:08:25.839 [Task monitor] DEBUG n.processor.TaskPollingMonitor - Task completed > TaskHandler[id: 87; name: writeLargeFile (87); status: COMPLETED; exit: 0; error: -; workDir: /input/data/work/77/0b43f936189d3f0c3f77798ef3fa9e]
Jan-16 13:08:56.010 [Task monitor] DEBUG n.processor.TaskPollingMonitor - Task completed > TaskHandler[id: 90; name: writeLargeFile (90); status: COMPLETED; exit: 0; error: -; workDir: /input/data/work/a0/6570475afc9e66ad0343d3734abbcf]
Jan-16 13:08:56.632 [Task monitor] DEBUG n.processor.TaskPollingMonitor - Task completed > TaskHandler[id: 92; name: writeLargeFile (92); status: COMPLETED; exit: 0; error: -; workDir: /input/data/work/28/20dcf60e353bb917a21eca4f4f963f]
Jan-16 13:08:57.263 [Task monitor] DEBUG n.processor.TaskPollingMonitor - Task completed > TaskHandler[id: 91; name: writeLargeFile (91); status: COMPLETED; exit: 0; error: -; workDir: /input/data/work/b5/700cabc4d73f23ad9f271936346ad0]
Jan-16 13:09:00.726 [Task monitor] DEBUG n.processor.TaskPollingMonitor - !! executor k8s > tasks to be completed: 7 -- submitted tasks are shown below
~> TaskHandler[id: 100; name: writeLargeFile (100); status: RUNNING; exit: -; error: -; workDir: /input/data/work/1b/b3b484b921e9d8a481ab8644823977]
~> TaskHandler[id: 88; name: writeLargeFile (88); status: RUNNING; exit: -; error: -; workDir: /input/data/work/b5/ddfcfa49af12f4433d075dcbac7734]
~> TaskHandler[id: 96; name: writeLargeFile (96); status: RUNNING; exit: -; error: -; workDir: /input/data/work/ce/09327f736071624708ab6e66207a30]
~> TaskHandler[id: 98; name: writeLargeFile (98); status: SUBMITTED; exit: -; error: -; workDir: /input/data/work/6d/3decd7ebd364eddf4a99efcb95ff01]
~> TaskHandler[id: 95; name: writeLargeFile (95); status: SUBMITTED; exit: -; error: -; workDir: /input/data/work/fc/9d4bdb0eb5b51f9141eccd28b0b68c]
~> TaskHandler[id: 93; name: writeLargeFile (93); status: SUBMITTED; exit: -; error: -; workDir: /input/data/work/1d/81b4c99a2891722e04f43d4ac2e55b]
~> TaskHandler[id: 94; name: writeLargeFile (94); status: SUBMITTED; exit: -; error: -; workDir: /input/data/work/20/55dc3ab846fe339bfd817f77a33f8a]
Jan-16 13:09:20.764 [Task monitor] DEBUG n.processor.TaskPollingMonitor - Task completed > TaskHandler[id: 100; name: writeLargeFile (100); status: COMPLETED; exit: 0; error: -; workDir: /input/data/work/1b/b3b484b921e9d8a481ab8644823977]
Jan-16 13:09:20.803 [Task monitor] DEBUG n.processor.TaskPollingMonitor - Task completed > TaskHandler[id: 88; name: writeLargeFile (88); status: COMPLETED; exit: 0; error: -; workDir: /input/data/work/b5/ddfcfa49af12f4433d075dcbac7734]
Jan-16 13:09:20.841 [Task monitor] DEBUG n.processor.TaskPollingMonitor - Task completed > TaskHandler[id: 96; name: writeLargeFile (96); status: COMPLETED; exit: 0; error: -; workDir: /input/data/work/ce/09327f736071624708ab6e66207a30]
Jan-16 13:09:50.768 [Task monitor] DEBUG n.processor.TaskPollingMonitor - Task completed > TaskHandler[id: 98; name: writeLargeFile (98); status: COMPLETED; exit: 0; error: -; workDir: /input/data/work/6d/3decd7ebd364eddf4a99efcb95ff01]
Jan-16 13:09:50.808 [Task monitor] DEBUG n.processor.TaskPollingMonitor - Task completed > TaskHandler[id: 95; name: writeLargeFile (95); status: COMPLETED; exit: 0; error: -; workDir: /input/data/work/fc/9d4bdb0eb5b51f9141eccd28b0b68c]
Jan-16 13:09:50.847 [Task monitor] DEBUG n.processor.TaskPollingMonitor - Task completed > TaskHandler[id: 93; name: writeLargeFile (93); status: COMPLETED; exit: 0; error: -; workDir: /input/data/work/1d/81b4c99a2891722e04f43d4ac2e55b]
Jan-16 13:10:05.766 [Task monitor] DEBUG n.processor.TaskPollingMonitor - Task completed > TaskHandler[id: 94; name: writeLargeFile (94); status: COMPLETED; exit: 0; error: -; workDir: /input/data/work/20/55dc3ab846fe339bfd817f77a33f8a]
Jan-16 13:10:05.960 [Task submitter] INFO  nextflow.Session - [0c/87ddbc] Submitted process > combineFiles (1)
Jan-16 13:14:00.737 [Task monitor] DEBUG n.processor.TaskPollingMonitor - !! executor k8s > tasks to be completed: 1 -- submitted tasks are shown below
~> TaskHandler[id: 101; name: combineFiles (1); status: RUNNING; exit: -; error: -; workDir: /input/data/work/0c/87ddbcca403fba9d2483db713e5f85]
Jan-16 13:19:00.747 [Task monitor] DEBUG n.processor.TaskPollingMonitor - !! executor k8s > tasks to be completed: 1 -- submitted tasks are shown below
~> TaskHandler[id: 101; name: combineFiles (1); status: RUNNING; exit: -; error: -; workDir: /input/data/work/0c/87ddbcca403fba9d2483db713e5f85]
Jan-16 13:24:00.754 [Task monitor] DEBUG n.processor.TaskPollingMonitor - !! executor k8s > tasks to be completed: 1 -- submitted tasks are shown below
~> TaskHandler[id: 101; name: combineFiles (1); status: RUNNING; exit: -; error: -; workDir: /input/data/work/0c/87ddbcca403fba9d2483db713e5f85]
Jan-16 13:29:00.762 [Task monitor] DEBUG n.processor.TaskPollingMonitor - !! executor k8s > tasks to be completed: 1 -- submitted tasks are shown below
~> TaskHandler[id: 101; name: combineFiles (1); status: RUNNING; exit: -; error: -; workDir: /input/data/work/0c/87ddbcca403fba9d2483db713e5f85]
Jan-16 13:34:00.773 [Task monitor] DEBUG n.processor.TaskPollingMonitor - !! executor k8s > tasks to be completed: 1 -- submitted tasks are shown below
~> TaskHandler[id: 101; name: combineFiles (1); status: RUNNING; exit: -; error: -; workDir: /input/data/work/0c/87ddbcca403fba9d2483db713e5f85]
Jan-16 13:37:10.815 [Task monitor] DEBUG n.processor.TaskPollingMonitor - Task completed > TaskHandler[id: 101; name: combineFiles (1); status: COMPLETED; exit: 0; error: -; workDir: /input/data/work/0c/87ddbcca403fba9d2483db713e5f85]
Jan-16 13:37:10.817 [main] DEBUG nextflow.Session - Session await > all processes finished
Jan-16 13:37:10.819 [main] DEBUG nextflow.Session - Session await > all barriers passed
Jan-16 13:37:10.833 [main] DEBUG n.trace.WorkflowStatsObserver - Workflow completed > WorkflowStats[succeededCount=101; failedCount=0; ignoredCount=0; cachedCount=0; pendingCount=0; submittedCount=0; runningCount=0; retriesCount=0; abortedCount=0; succeedDuration=2h 32m 29s; failedDuration=0ms; cachedDuration=0ms;loadCpus=0; loadMemory=0; peakRunning=3; peakCpus=30; peakMemory=30 GB; ]
Jan-16 13:37:10.834 [main] DEBUG nextflow.trace.TraceFileObserver - Workflow completed -- saving trace file
Jan-16 13:37:10.846 [main] DEBUG nextflow.trace.ReportObserver - Workflow completed -- rendering execution report
Jan-16 13:37:11.475 [main] DEBUG nextflow.trace.TimelineObserver - Workflow completed -- rendering execution timeline
Jan-16 13:37:11.621 [main] DEBUG nextflow.cache.CacheDB - Closing CacheDB done
Jan-16 13:37:11.651 [main] DEBUG nextflow.util.ThreadPoolManager - Thread pool 'FileTransfer' shutdown completed (hard=false)
Jan-16 13:37:11.651 [main] DEBUG nextflow.script.ScriptRunner - > Execution complete -- Goodbye
