Nov-11 02:02:00.099 [main] DEBUG nextflow.cli.Launcher - $> nextflow run /input/groupMultiple -c /experiments/experiment/groupMultiple/nextflow.config -c /experiments/experiment/nextflow_cws.config -c /experiments/experiment/nextflow_nfs.config
Nov-11 02:02:00.157 [main] INFO  nextflow.cli.CmdRun - N E X T F L O W  ~  version 23.07.0-edge
Nov-11 02:02:00.176 [main] DEBUG nextflow.plugin.PluginsFacade - Setting up plugin manager > mode=prod; embedded=false; plugins-dir=/.nextflow/plugins; core-plugins: nf-amazon@2.1.0,nf-azure@1.1.4,nf-cloudcache@0.1.0,nf-codecommit@0.1.5,nf-console@1.0.6,nf-ga4gh@1.1.0,nf-google@1.8.1,nf-tower@1.5.15,nf-wave@0.11.0
Nov-11 02:02:00.186 [main] INFO  o.pf4j.DefaultPluginStatusProvider - Enabled plugins: []
Nov-11 02:02:00.186 [main] INFO  o.pf4j.DefaultPluginStatusProvider - Disabled plugins: []
Nov-11 02:02:00.189 [main] INFO  org.pf4j.DefaultPluginManager - PF4J version 3.4.1 in 'deployment' mode
Nov-11 02:02:00.196 [main] INFO  org.pf4j.AbstractPluginManager - No plugins
Nov-11 02:02:00.216 [main] DEBUG nextflow.scm.AssetManager - Project manifest does not exist: /input/groupMultiple/nextflow.config (No such file or directory)
Nov-11 02:02:00.238 [main] DEBUG nextflow.config.ConfigBuilder - User config file: /experiments/experiment/groupMultiple/nextflow.config
Nov-11 02:02:00.238 [main] DEBUG nextflow.config.ConfigBuilder - User config file: /experiments/experiment/nextflow_cws.config
Nov-11 02:02:00.238 [main] DEBUG nextflow.config.ConfigBuilder - User config file: /experiments/experiment/nextflow_nfs.config
Nov-11 02:02:00.238 [main] DEBUG nextflow.config.ConfigBuilder - Parsing config file: /experiments/experiment/groupMultiple/nextflow.config
Nov-11 02:02:00.238 [main] DEBUG nextflow.config.ConfigBuilder - Parsing config file: /experiments/experiment/nextflow_cws.config
Nov-11 02:02:00.238 [main] DEBUG nextflow.config.ConfigBuilder - Parsing config file: /experiments/experiment/nextflow_nfs.config
Nov-11 02:02:00.252 [main] DEBUG nextflow.config.ConfigBuilder - Applying config profile: `standard`
Nov-11 02:02:00.741 [main] DEBUG nextflow.config.ConfigBuilder - Applying config profile: `standard`
Nov-11 02:02:00.889 [main] DEBUG nextflow.config.ConfigBuilder - Applying config profile: `standard`
Nov-11 02:02:00.917 [main] DEBUG nextflow.cli.CmdRun - Applied DSL=2 by global default
Nov-11 02:02:00.937 [main] INFO  nextflow.cli.CmdRun - Launching `/input/groupMultiple/main.nf` [prickly_bassi] DSL2 - revision: b7ed08cdab
Nov-11 02:02:00.938 [main] DEBUG nextflow.plugin.PluginsFacade - Plugins default=[]
Nov-11 02:02:00.938 [main] DEBUG nextflow.plugin.PluginsFacade - Plugins resolved requirement=[]
Nov-11 02:02:00.945 [main] DEBUG n.secret.LocalSecretsProvider - Secrets store: /.nextflow/secrets/store.json
Nov-11 02:02:00.948 [main] DEBUG nextflow.secret.SecretsLoader - Discovered secrets providers: [nextflow.secret.LocalSecretsProvider@5b7c8930] - activable => nextflow.secret.LocalSecretsProvider@5b7c8930
Nov-11 02:02:00.998 [main] DEBUG nextflow.Session - Session UUID: 5d9ce9a9-e9b1-4147-a563-b3f0793f5c81
Nov-11 02:02:00.998 [main] DEBUG nextflow.Session - Run name: prickly_bassi
Nov-11 02:02:00.998 [main] DEBUG nextflow.Session - Executor pool size: 32
Nov-11 02:02:01.004 [main] DEBUG nextflow.file.FilePorter - File porter settings maxRetries=3; maxTransfers=50; pollTimeout=null
Nov-11 02:02:01.007 [main] DEBUG nextflow.util.ThreadPoolBuilder - Creating thread pool 'FileTransfer' minSize=10; maxSize=96; workQueue=LinkedBlockingQueue[10000]; allowCoreThreadTimeout=false
Nov-11 02:02:01.037 [main] DEBUG nextflow.cli.CmdRun - 
  Version: 23.07.0-edge build 5875
  Created: 28-07-2023 20:27 UTC (20:27 GMT)
  System: Linux 5.4.0-166-generic
  Runtime: Groovy 3.0.18 on OpenJDK 64-Bit Server VM 17.0.6+10-LTS
  Encoding: UTF-8 (UTF-8)
  Process: 3553949@nextflow [10.233.76.21]
  CPUs: 32 - Mem: 125.7 GB (119.4 GB) - Swap: 0 (0)
Nov-11 02:02:01.078 [main] DEBUG nextflow.Session - Work-dir: /input/data/work [nfs]
Nov-11 02:02:01.078 [main] DEBUG nextflow.Session - Script base path does not exist or is not a directory: /input/groupMultiple/bin
Nov-11 02:02:01.090 [main] DEBUG nextflow.executor.ExecutorFactory - Extension executors providers=[]
Nov-11 02:02:01.097 [main] DEBUG nextflow.Session - Observer factory: DefaultObserverFactory
Nov-11 02:02:01.123 [main] DEBUG nextflow.cache.CacheFactory - Using Nextflow cache factory: nextflow.cache.DefaultCacheFactory
Nov-11 02:02:01.130 [main] DEBUG nextflow.util.CustomThreadPool - Creating default thread pool > poolSize: 33; maxThreads: 1000
Nov-11 02:02:01.221 [main] DEBUG nextflow.Session - Session start
Nov-11 02:02:01.226 [main] DEBUG nextflow.trace.TraceFileObserver - Workflow started -- trace file: /input/data/output/trace.csv
Nov-11 02:02:01.401 [main] DEBUG nextflow.script.ScriptRunner - > Launching execution
Nov-11 02:02:01.613 [main] DEBUG nextflow.script.ProcessConfig - Config settings `withName:writeLargeFile` matches process writeLargeFile
Nov-11 02:02:01.622 [main] DEBUG nextflow.executor.ExecutorFactory - << taskConfig executor: k8s
Nov-11 02:02:01.623 [main] DEBUG nextflow.executor.ExecutorFactory - >> processorType: 'k8s'
Nov-11 02:02:01.631 [main] DEBUG nextflow.executor.Executor - [warm up] executor > k8s
Nov-11 02:02:01.646 [main] DEBUG n.processor.TaskPollingMonitor - Creating task monitor for executor 'k8s' > capacity: 300; pollInterval: 5s; dumpInterval: 5m; schedulerBatch: null
Nov-11 02:02:01.651 [main] DEBUG nextflow.k8s.client.ConfigDiscovery - K8s config file does not exist: /root/.kube/config
Nov-11 02:02:01.661 [main] DEBUG nextflow.k8s.K8sExecutor - [K8s] config=[scheduler:[strategy:rank_max-fair, name:workflow-scheduler, autoClose:false, nodeSelector:usedby=anonymized, container:anonymized/test1:sch_v194], debug:[yaml:true], namespace:anonymized, serviceAccount:nextflow, workDir:/input/data/work/, projectDir:/input/data/project/, imagePullPolicy:IfNotPresent, launchDir:/input/data/launch/, runAsUser:0, fetchNodeName:true, storageMountPath:/input, pod:[nodeSelector:usedby=anonymized], storage:[nodeSelector:usedby=anonymized, imageName:anonymized/test1:ftp_v122], storageClaimName:nfs-experiment]; API client config=ClientConfig[ server=10.233.0.1:443, namespace=anonymized, serviceAccount=nextflow, token=eyJhbGciOiJ.., sslCert=LS0tLS1CRUd.., clientCert=-, clientKey=-, verifySsl=false, fromFile=true, httpReadTimeout=null, httpConnectTimeout=null, maxErrorRetry=4 ]
Nov-11 02:02:05.289 [main] DEBUG nextflow.script.ProcessConfig - Config settings `withName:combineFiles` matches process combineFilesA
Nov-11 02:02:05.290 [main] DEBUG nextflow.executor.ExecutorFactory - << taskConfig executor: k8s
Nov-11 02:02:05.290 [main] DEBUG nextflow.executor.ExecutorFactory - >> processorType: 'k8s'
Nov-11 02:02:05.331 [main] DEBUG nextflow.script.ProcessConfig - Config settings `withName:combineFiles` matches process combineFilesB
Nov-11 02:02:05.332 [main] DEBUG nextflow.executor.ExecutorFactory - << taskConfig executor: k8s
Nov-11 02:02:05.332 [main] DEBUG nextflow.executor.ExecutorFactory - >> processorType: 'k8s'
Nov-11 02:02:05.344 [main] DEBUG nextflow.Session - Workflow process names [dsl2]: revertFile, combineFiles, combineFilesA, writeLargeFile, combineFilesB
Nov-11 02:02:05.346 [main] DEBUG nextflow.Session - Igniting dataflow network (4)
Nov-11 02:02:05.348 [main] DEBUG nextflow.processor.TaskProcessor - Starting process > writeLargeFile
Nov-11 02:02:05.349 [main] DEBUG nextflow.processor.TaskProcessor - Starting process > combineFilesA
Nov-11 02:02:05.350 [main] DEBUG nextflow.processor.TaskProcessor - Starting process > combineFilesB
Nov-11 02:02:05.350 [main] DEBUG nextflow.script.ScriptRunner - > Awaiting termination 
Nov-11 02:02:05.350 [main] DEBUG nextflow.Session - Session await
Nov-11 02:02:05.683 [Task submitter] INFO  nextflow.Session - [83/554fe2] Submitted process > writeLargeFile (29)
Nov-11 02:02:05.736 [Task submitter] INFO  nextflow.Session - [4a/c8f26c] Submitted process > writeLargeFile (11)
Nov-11 02:02:05.779 [Task submitter] INFO  nextflow.Session - [c4/4734ac] Submitted process > writeLargeFile (16)
Nov-11 02:02:05.819 [Task submitter] INFO  nextflow.Session - [a4/55f781] Submitted process > writeLargeFile (14)
Nov-11 02:02:05.857 [Task submitter] INFO  nextflow.Session - [92/b8c11c] Submitted process > writeLargeFile (32)
Nov-11 02:02:05.898 [Task submitter] INFO  nextflow.Session - [59/499822] Submitted process > writeLargeFile (6)
Nov-11 02:02:05.935 [Task submitter] INFO  nextflow.Session - [51/ea2fef] Submitted process > writeLargeFile (30)
Nov-11 02:02:05.973 [Task submitter] INFO  nextflow.Session - [0c/25ebe5] Submitted process > writeLargeFile (28)
Nov-11 02:02:06.011 [Task submitter] INFO  nextflow.Session - [89/9ab707] Submitted process > writeLargeFile (15)
Nov-11 02:02:06.050 [Task submitter] INFO  nextflow.Session - [ac/257798] Submitted process > writeLargeFile (1)
Nov-11 02:02:06.087 [Task submitter] INFO  nextflow.Session - [cd/89737e] Submitted process > writeLargeFile (3)
Nov-11 02:02:06.126 [Task submitter] INFO  nextflow.Session - [ea/09bab5] Submitted process > writeLargeFile (8)
Nov-11 02:02:06.168 [Task submitter] INFO  nextflow.Session - [4b/f5935f] Submitted process > writeLargeFile (18)
Nov-11 02:02:06.204 [Task submitter] INFO  nextflow.Session - [53/42c897] Submitted process > writeLargeFile (4)
Nov-11 02:02:06.242 [Task submitter] INFO  nextflow.Session - [91/73013d] Submitted process > writeLargeFile (21)
Nov-11 02:02:06.281 [Task submitter] INFO  nextflow.Session - [c1/4473a3] Submitted process > writeLargeFile (24)
Nov-11 02:02:06.316 [Task submitter] INFO  nextflow.Session - [98/63cce3] Submitted process > writeLargeFile (7)
Nov-11 02:02:06.349 [Task submitter] INFO  nextflow.Session - [54/5d81aa] Submitted process > writeLargeFile (5)
Nov-11 02:02:06.384 [Task submitter] INFO  nextflow.Session - [b1/b437e7] Submitted process > writeLargeFile (23)
Nov-11 02:02:06.419 [Task submitter] INFO  nextflow.Session - [92/e2a574] Submitted process > writeLargeFile (10)
Nov-11 02:02:06.458 [Task submitter] INFO  nextflow.Session - [22/f5dcb4] Submitted process > writeLargeFile (20)
Nov-11 02:02:06.497 [Task submitter] INFO  nextflow.Session - [cc/ad4503] Submitted process > writeLargeFile (12)
Nov-11 02:02:06.536 [Task submitter] INFO  nextflow.Session - [04/a5fa26] Submitted process > writeLargeFile (2)
Nov-11 02:02:06.572 [Task submitter] INFO  nextflow.Session - [91/9c4634] Submitted process > writeLargeFile (17)
Nov-11 02:02:06.609 [Task submitter] INFO  nextflow.Session - [80/5b965d] Submitted process > writeLargeFile (25)
Nov-11 02:02:06.644 [Task submitter] INFO  nextflow.Session - [4e/eb9ee2] Submitted process > writeLargeFile (27)
Nov-11 02:02:06.679 [Task submitter] INFO  nextflow.Session - [ab/acf3ba] Submitted process > writeLargeFile (22)
Nov-11 02:02:06.713 [Task submitter] INFO  nextflow.Session - [79/5bcfde] Submitted process > writeLargeFile (26)
Nov-11 02:02:06.748 [Task submitter] INFO  nextflow.Session - [56/b4265c] Submitted process > writeLargeFile (19)
Nov-11 02:02:06.783 [Task submitter] INFO  nextflow.Session - [88/b8a7d8] Submitted process > writeLargeFile (31)
Nov-11 02:02:06.818 [Task submitter] INFO  nextflow.Session - [a1/5c20ea] Submitted process > writeLargeFile (9)
Nov-11 02:02:06.855 [Task submitter] INFO  nextflow.Session - [ea/84873c] Submitted process > writeLargeFile (48)
Nov-11 02:02:06.889 [Task submitter] INFO  nextflow.Session - [be/6989cb] Submitted process > writeLargeFile (13)
Nov-11 02:02:06.926 [Task submitter] INFO  nextflow.Session - [b1/55f399] Submitted process > writeLargeFile (37)
Nov-11 02:02:06.962 [Task submitter] INFO  nextflow.Session - [05/6998d6] Submitted process > writeLargeFile (39)
Nov-11 02:02:06.998 [Task submitter] INFO  nextflow.Session - [54/bc13e8] Submitted process > writeLargeFile (52)
Nov-11 02:02:07.032 [Task submitter] INFO  nextflow.Session - [b8/f8831e] Submitted process > writeLargeFile (34)
Nov-11 02:02:07.065 [Task submitter] INFO  nextflow.Session - [8f/9f8d0c] Submitted process > writeLargeFile (36)
Nov-11 02:02:07.098 [Task submitter] INFO  nextflow.Session - [fc/debeaf] Submitted process > writeLargeFile (40)
Nov-11 02:02:07.132 [Task submitter] INFO  nextflow.Session - [98/595959] Submitted process > writeLargeFile (56)
Nov-11 02:02:07.167 [Task submitter] INFO  nextflow.Session - [38/f8c419] Submitted process > writeLargeFile (33)
Nov-11 02:02:07.203 [Task submitter] INFO  nextflow.Session - [b6/2d8601] Submitted process > writeLargeFile (43)
Nov-11 02:02:07.245 [Task submitter] INFO  nextflow.Session - [1f/1fe5cc] Submitted process > writeLargeFile (38)
Nov-11 02:02:07.280 [Task submitter] INFO  nextflow.Session - [47/38475e] Submitted process > writeLargeFile (42)
Nov-11 02:02:07.317 [Task submitter] INFO  nextflow.Session - [4b/843571] Submitted process > writeLargeFile (61)
Nov-11 02:02:07.350 [Task submitter] INFO  nextflow.Session - [41/feb5bc] Submitted process > writeLargeFile (46)
Nov-11 02:02:07.383 [Task submitter] INFO  nextflow.Session - [bd/21b7b7] Submitted process > writeLargeFile (45)
Nov-11 02:02:07.418 [Task submitter] INFO  nextflow.Session - [94/017b73] Submitted process > writeLargeFile (44)
Nov-11 02:02:07.454 [Task submitter] INFO  nextflow.Session - [be/aa74c0] Submitted process > writeLargeFile (65)
Nov-11 02:02:07.491 [Task submitter] INFO  nextflow.Session - [cf/042a6c] Submitted process > writeLargeFile (41)
Nov-11 02:02:07.525 [Task submitter] INFO  nextflow.Session - [a4/e5d71a] Submitted process > writeLargeFile (71)
Nov-11 02:02:07.560 [Task submitter] INFO  nextflow.Session - [3a/27b385] Submitted process > writeLargeFile (35)
Nov-11 02:02:07.599 [Task submitter] INFO  nextflow.Session - [e1/508fa5] Submitted process > writeLargeFile (47)
Nov-11 02:02:07.628 [Task submitter] INFO  nextflow.Session - [f9/62a705] Submitted process > writeLargeFile (49)
Nov-11 02:02:07.661 [Task submitter] INFO  nextflow.Session - [3a/4cd42e] Submitted process > writeLargeFile (51)
Nov-11 02:02:07.696 [Task submitter] INFO  nextflow.Session - [b7/ca2887] Submitted process > writeLargeFile (72)
Nov-11 02:02:07.727 [Task submitter] INFO  nextflow.Session - [04/ae34ab] Submitted process > writeLargeFile (80)
Nov-11 02:02:07.763 [Task submitter] INFO  nextflow.Session - [83/2a1dfe] Submitted process > writeLargeFile (79)
Nov-11 02:02:07.798 [Task submitter] INFO  nextflow.Session - [a2/25c176] Submitted process > writeLargeFile (55)
Nov-11 02:02:07.831 [Task submitter] INFO  nextflow.Session - [89/bbcede] Submitted process > writeLargeFile (83)
Nov-11 02:02:07.865 [Task submitter] INFO  nextflow.Session - [ec/8e31a4] Submitted process > writeLargeFile (59)
Nov-11 02:02:07.901 [Task submitter] INFO  nextflow.Session - [fb/781c3a] Submitted process > writeLargeFile (58)
Nov-11 02:02:07.937 [Task submitter] INFO  nextflow.Session - [21/c6ab50] Submitted process > writeLargeFile (62)
Nov-11 02:02:07.971 [Task submitter] INFO  nextflow.Session - [0d/070d37] Submitted process > writeLargeFile (53)
Nov-11 02:02:08.008 [Task submitter] INFO  nextflow.Session - [81/59f095] Submitted process > writeLargeFile (50)
Nov-11 02:02:08.040 [Task submitter] INFO  nextflow.Session - [40/d3a69c] Submitted process > writeLargeFile (69)
Nov-11 02:02:08.073 [Task submitter] INFO  nextflow.Session - [ec/237d9b] Submitted process > writeLargeFile (94)
Nov-11 02:02:08.109 [Task submitter] INFO  nextflow.Session - [7f/df01ad] Submitted process > writeLargeFile (63)
Nov-11 02:02:08.142 [Task submitter] INFO  nextflow.Session - [da/1d77d4] Submitted process > writeLargeFile (74)
Nov-11 02:02:08.175 [Task submitter] INFO  nextflow.Session - [2f/a42239] Submitted process > writeLargeFile (64)
Nov-11 02:02:08.208 [Task submitter] INFO  nextflow.Session - [7e/56e4c5] Submitted process > writeLargeFile (70)
Nov-11 02:02:08.243 [Task submitter] INFO  nextflow.Session - [7e/a5a293] Submitted process > writeLargeFile (100)
Nov-11 02:02:08.281 [Task submitter] INFO  nextflow.Session - [37/395a69] Submitted process > writeLargeFile (60)
Nov-11 02:02:08.323 [Task submitter] INFO  nextflow.Session - [08/c093aa] Submitted process > writeLargeFile (73)
Nov-11 02:02:08.396 [Task submitter] INFO  nextflow.Session - [69/82b42d] Submitted process > writeLargeFile (54)
Nov-11 02:02:08.990 [Task submitter] INFO  nextflow.Session - [27/33a9e6] Submitted process > writeLargeFile (67)
Nov-11 02:02:10.000 [Task submitter] INFO  nextflow.Session - [66/d51b58] Submitted process > writeLargeFile (57)
Nov-11 02:02:11.740 [Task submitter] INFO  nextflow.Session - [e9/4e70d8] Submitted process > writeLargeFile (66)
Nov-11 02:02:17.400 [Task submitter] INFO  nextflow.Session - [00/2e5378] Submitted process > writeLargeFile (68)
Nov-11 02:02:23.365 [Task submitter] INFO  nextflow.Session - [43/494d33] Submitted process > writeLargeFile (75)
Nov-11 02:02:28.603 [Task submitter] INFO  nextflow.Session - [24/c72f22] Submitted process > writeLargeFile (85)
Nov-11 02:02:33.064 [Task submitter] INFO  nextflow.Session - [44/ba3391] Submitted process > writeLargeFile (89)
Nov-11 02:02:38.132 [Task submitter] INFO  nextflow.Session - [b5/530689] Submitted process > writeLargeFile (84)
Nov-11 02:02:43.917 [Task submitter] INFO  nextflow.Session - [25/5ca2bd] Submitted process > writeLargeFile (88)
Nov-11 02:02:50.903 [Task submitter] INFO  nextflow.Session - [f7/a40e69] Submitted process > writeLargeFile (78)
Nov-11 02:02:58.641 [Task submitter] INFO  nextflow.Session - [d1/129231] Submitted process > writeLargeFile (87)
Nov-11 02:03:06.099 [Task submitter] INFO  nextflow.Session - [c2/af73a5] Submitted process > writeLargeFile (90)
Nov-11 02:03:11.959 [Task submitter] INFO  nextflow.Session - [a9/ccd629] Submitted process > writeLargeFile (86)
Nov-11 02:03:17.050 [Task submitter] INFO  nextflow.Session - [e7/f64e36] Submitted process > writeLargeFile (97)
Nov-11 02:03:21.853 [Task submitter] INFO  nextflow.Session - [52/e55684] Submitted process > writeLargeFile (82)
Nov-11 02:03:28.479 [Task submitter] INFO  nextflow.Session - [6b/4461da] Submitted process > writeLargeFile (99)
Nov-11 02:03:38.402 [Task submitter] INFO  nextflow.Session - [73/a412ac] Submitted process > writeLargeFile (76)
Nov-11 02:03:48.379 [Task submitter] INFO  nextflow.Session - [97/8e52d3] Submitted process > writeLargeFile (96)
Nov-11 02:03:56.057 [Task submitter] INFO  nextflow.Session - [e5/054829] Submitted process > writeLargeFile (93)
Nov-11 02:04:06.690 [Task submitter] INFO  nextflow.Session - [34/e9bbb5] Submitted process > writeLargeFile (95)
Nov-11 02:04:18.535 [Task submitter] INFO  nextflow.Session - [ff/f08392] Submitted process > writeLargeFile (98)
Nov-11 02:04:26.190 [Task submitter] INFO  nextflow.Session - [f7/13c231] Submitted process > writeLargeFile (77)
Nov-11 02:04:33.409 [Task submitter] INFO  nextflow.Session - [61/88f6f9] Submitted process > writeLargeFile (81)
Nov-11 02:04:39.316 [Task submitter] INFO  nextflow.Session - [5a/1d65bd] Submitted process > writeLargeFile (92)
Nov-11 02:04:45.411 [Task submitter] INFO  nextflow.Session - [7d/2f3419] Submitted process > writeLargeFile (91)
Nov-11 02:05:04.479 [Task monitor] DEBUG n.processor.TaskPollingMonitor - Task completed > TaskHandler[id: 15; name: writeLargeFile (15); status: COMPLETED; exit: 0; error: -; workDir: /input/data/work/89/9ab707ebe46fae7456886855ac8264]
Nov-11 02:05:08.574 [Task monitor] DEBUG n.processor.TaskPollingMonitor - Task completed > TaskHandler[id: 7; name: writeLargeFile (7); status: COMPLETED; exit: 0; error: -; workDir: /input/data/work/98/63cce339bcb54de6c95d7009e05399]
Nov-11 02:05:10.153 [Task monitor] DEBUG n.processor.TaskPollingMonitor - Task completed > TaskHandler[id: 10; name: writeLargeFile (10); status: COMPLETED; exit: 0; error: -; workDir: /input/data/work/92/e2a574ba0c525dc9aadcd7a491969d]
Nov-11 02:05:14.062 [Task monitor] DEBUG n.processor.TaskPollingMonitor - Task completed > TaskHandler[id: 29; name: writeLargeFile (29); status: COMPLETED; exit: 0; error: -; workDir: /input/data/work/83/554fe27fa1793708316f2b1fd0143d]
Nov-11 02:05:16.112 [Task monitor] DEBUG n.processor.TaskPollingMonitor - Task completed > TaskHandler[id: 14; name: writeLargeFile (14); status: COMPLETED; exit: 0; error: -; workDir: /input/data/work/a4/55f781769f576c0a384c55e4094aac]
Nov-11 02:05:17.824 [Task monitor] DEBUG n.processor.TaskPollingMonitor - Task completed > TaskHandler[id: 30; name: writeLargeFile (30); status: COMPLETED; exit: 0; error: -; workDir: /input/data/work/51/ea2fef34b334bdac60d379857ca3f9]
Nov-11 02:05:18.989 [Task monitor] DEBUG n.processor.TaskPollingMonitor - Task completed > TaskHandler[id: 28; name: writeLargeFile (28); status: COMPLETED; exit: 0; error: -; workDir: /input/data/work/0c/25ebe51ddc2f96e5ea028d34a7919a]
Nov-11 02:05:20.248 [Task monitor] DEBUG n.processor.TaskPollingMonitor - Task completed > TaskHandler[id: 8; name: writeLargeFile (8); status: COMPLETED; exit: 0; error: -; workDir: /input/data/work/ea/09bab5abccc81346cb669885e955cd]
Nov-11 02:05:22.998 [Task monitor] DEBUG n.processor.TaskPollingMonitor - Task completed > TaskHandler[id: 21; name: writeLargeFile (21); status: COMPLETED; exit: 0; error: -; workDir: /input/data/work/91/73013d4a5aacfc877529bd8a215b34]
Nov-11 02:05:26.693 [Task monitor] DEBUG n.processor.TaskPollingMonitor - Task completed > TaskHandler[id: 24; name: writeLargeFile (24); status: COMPLETED; exit: 0; error: -; workDir: /input/data/work/c1/4473a34f1f751efa01fdfefd054781]
Nov-11 02:05:30.742 [Task monitor] DEBUG n.processor.TaskPollingMonitor - Task completed > TaskHandler[id: 5; name: writeLargeFile (5); status: COMPLETED; exit: 0; error: -; workDir: /input/data/work/54/5d81aa090a26ccec1d3fcd7881ec4f]
Nov-11 02:05:35.666 [Task monitor] DEBUG n.processor.TaskPollingMonitor - Task completed > TaskHandler[id: 23; name: writeLargeFile (23); status: COMPLETED; exit: 0; error: -; workDir: /input/data/work/b1/b437e79ad9871947e8b036191c3d5a]
Nov-11 02:05:42.050 [Task monitor] DEBUG n.processor.TaskPollingMonitor - Task completed > TaskHandler[id: 20; name: writeLargeFile (20); status: COMPLETED; exit: 0; error: -; workDir: /input/data/work/22/f5dcb417a76c9f9887901efd623088]
Nov-11 02:05:48.976 [Task monitor] DEBUG n.processor.TaskPollingMonitor - Task completed > TaskHandler[id: 12; name: writeLargeFile (12); status: COMPLETED; exit: 0; error: -; workDir: /input/data/work/cc/ad45035d45a79699768d28c64d6c3b]
Nov-11 02:05:56.518 [Task monitor] DEBUG n.processor.TaskPollingMonitor - Task completed > TaskHandler[id: 2; name: writeLargeFile (2); status: COMPLETED; exit: 0; error: -; workDir: /input/data/work/04/a5fa26f6097dd16cc244a127b33ad5]
Nov-11 02:06:01.855 [Task monitor] DEBUG n.processor.TaskPollingMonitor - Task completed > TaskHandler[id: 17; name: writeLargeFile (17); status: COMPLETED; exit: 0; error: -; workDir: /input/data/work/91/9c463424ba03c713c3429e9d4dbc91]
Nov-11 02:06:12.501 [Task monitor] DEBUG n.processor.TaskPollingMonitor - Task completed > TaskHandler[id: 11; name: writeLargeFile (11); status: COMPLETED; exit: 0; error: -; workDir: /input/data/work/4a/c8f26ce1cf27e40dc272d78838159e]
Nov-11 02:06:25.663 [Task monitor] DEBUG n.processor.TaskPollingMonitor - Task completed > TaskHandler[id: 16; name: writeLargeFile (16); status: COMPLETED; exit: 0; error: -; workDir: /input/data/work/c4/4734ac5b6a5df67d3f8bae19080f78]
Nov-11 02:06:40.991 [Task monitor] DEBUG n.processor.TaskPollingMonitor - Task completed > TaskHandler[id: 32; name: writeLargeFile (32); status: COMPLETED; exit: 0; error: -; workDir: /input/data/work/92/b8c11c112dba44586b6b41cc8adb19]
Nov-11 02:06:54.727 [Task monitor] DEBUG n.processor.TaskPollingMonitor - Task completed > TaskHandler[id: 6; name: writeLargeFile (6); status: COMPLETED; exit: 0; error: -; workDir: /input/data/work/59/499822c8ac3d77ea2bf564333a1fec]
Nov-11 02:07:09.669 [Task monitor] DEBUG n.processor.TaskPollingMonitor - Task completed > TaskHandler[id: 1; name: writeLargeFile (1); status: COMPLETED; exit: 0; error: -; workDir: /input/data/work/ac/2577985feb04e0d283cb68dcd5d1c3]
Nov-11 02:07:23.780 [Task monitor] DEBUG n.processor.TaskPollingMonitor - Task completed > TaskHandler[id: 3; name: writeLargeFile (3); status: COMPLETED; exit: 0; error: -; workDir: /input/data/work/cd/89737e1b0a06dc17bf9fec275d57d2]
Nov-11 02:07:35.892 [Task monitor] DEBUG n.processor.TaskPollingMonitor - Task completed > TaskHandler[id: 18; name: writeLargeFile (18); status: COMPLETED; exit: 0; error: -; workDir: /input/data/work/4b/f5935fb11a9ab531ea31b7509626c4]
Nov-11 02:07:53.728 [Task monitor] DEBUG n.processor.TaskPollingMonitor - Task completed > TaskHandler[id: 4; name: writeLargeFile (4); status: COMPLETED; exit: 0; error: -; workDir: /input/data/work/53/42c897ab3a7954958ef32ea63d207f]
Nov-11 02:08:04.624 [Task monitor] DEBUG n.processor.TaskPollingMonitor - !! executor k8s > tasks to be completed: 76 -- submitted tasks are shown below
~> TaskHandler[id: 25; name: writeLargeFile (25); status: RUNNING; exit: -; error: -; workDir: /input/data/work/80/5b965d89e11d51a6585951c231a59e]
~> TaskHandler[id: 27; name: writeLargeFile (27); status: RUNNING; exit: -; error: -; workDir: /input/data/work/4e/eb9ee20bf8bf10d88c58edaa266291]
~> TaskHandler[id: 22; name: writeLargeFile (22); status: RUNNING; exit: -; error: -; workDir: /input/data/work/ab/acf3baa2c49d03cb18fe20fd8fd0da]
~> TaskHandler[id: 26; name: writeLargeFile (26); status: RUNNING; exit: -; error: -; workDir: /input/data/work/79/5bcfde0e7bea08417f57a05ac4b643]
~> TaskHandler[id: 19; name: writeLargeFile (19); status: RUNNING; exit: -; error: -; workDir: /input/data/work/56/b4265cdc356675375559da3efed910]
~> TaskHandler[id: 31; name: writeLargeFile (31); status: RUNNING; exit: -; error: -; workDir: /input/data/work/88/b8a7d8048dda76d1d9eaa3eff15d94]
~> TaskHandler[id: 9; name: writeLargeFile (9); status: RUNNING; exit: -; error: -; workDir: /input/data/work/a1/5c20ea07aea4a6acdf9638c47edfe4]
~> TaskHandler[id: 48; name: writeLargeFile (48); status: RUNNING; exit: -; error: -; workDir: /input/data/work/ea/84873c8fc2a1abcf7b773501fd3104]
~> TaskHandler[id: 13; name: writeLargeFile (13); status: RUNNING; exit: -; error: -; workDir: /input/data/work/be/6989cb451c583c29618bc123725b54]
~> TaskHandler[id: 37; name: writeLargeFile (37); status: RUNNING; exit: -; error: -; workDir: /input/data/work/b1/55f399f9b996db11581d208a3273bc]
.. remaining tasks omitted.
Nov-11 02:08:14.308 [Task monitor] DEBUG n.processor.TaskPollingMonitor - Task completed > TaskHandler[id: 40; name: writeLargeFile (40); status: COMPLETED; exit: 0; error: -; workDir: /input/data/work/fc/debeaf0affdc84fa50704329bba37e]
Nov-11 02:08:21.130 [Task monitor] DEBUG n.processor.TaskPollingMonitor - Task completed > TaskHandler[id: 56; name: writeLargeFile (56); status: COMPLETED; exit: 0; error: -; workDir: /input/data/work/98/59595957bbc20845c60d58f6af2f2d]
Nov-11 02:08:24.900 [Task monitor] DEBUG n.processor.TaskPollingMonitor - Task completed > TaskHandler[id: 43; name: writeLargeFile (43); status: COMPLETED; exit: 0; error: -; workDir: /input/data/work/b6/2d8601bef9674257681c74accbe175]
Nov-11 02:08:29.610 [Task monitor] DEBUG n.processor.TaskPollingMonitor - Task completed > TaskHandler[id: 26; name: writeLargeFile (26); status: COMPLETED; exit: 0; error: -; workDir: /input/data/work/79/5bcfde0e7bea08417f57a05ac4b643]
Nov-11 02:08:31.221 [Task monitor] DEBUG n.processor.TaskPollingMonitor - Task completed > TaskHandler[id: 19; name: writeLargeFile (19); status: COMPLETED; exit: 0; error: -; workDir: /input/data/work/56/b4265cdc356675375559da3efed910]
Nov-11 02:08:32.580 [Task monitor] DEBUG n.processor.TaskPollingMonitor - Task completed > TaskHandler[id: 31; name: writeLargeFile (31); status: COMPLETED; exit: 0; error: -; workDir: /input/data/work/88/b8a7d8048dda76d1d9eaa3eff15d94]
Nov-11 02:08:33.692 [Task monitor] DEBUG n.processor.TaskPollingMonitor - Task completed > TaskHandler[id: 9; name: writeLargeFile (9); status: COMPLETED; exit: 0; error: -; workDir: /input/data/work/a1/5c20ea07aea4a6acdf9638c47edfe4]
Nov-11 02:08:34.428 [Task monitor] DEBUG n.processor.TaskPollingMonitor - Task completed > TaskHandler[id: 48; name: writeLargeFile (48); status: COMPLETED; exit: 0; error: -; workDir: /input/data/work/ea/84873c8fc2a1abcf7b773501fd3104]
Nov-11 02:08:35.179 [Task monitor] DEBUG n.processor.TaskPollingMonitor - Task completed > TaskHandler[id: 13; name: writeLargeFile (13); status: COMPLETED; exit: 0; error: -; workDir: /input/data/work/be/6989cb451c583c29618bc123725b54]
Nov-11 02:08:36.405 [Task monitor] DEBUG n.processor.TaskPollingMonitor - Task completed > TaskHandler[id: 37; name: writeLargeFile (37); status: COMPLETED; exit: 0; error: -; workDir: /input/data/work/b1/55f399f9b996db11581d208a3273bc]
Nov-11 02:08:37.783 [Task monitor] DEBUG n.processor.TaskPollingMonitor - Task completed > TaskHandler[id: 39; name: writeLargeFile (39); status: COMPLETED; exit: 0; error: -; workDir: /input/data/work/05/6998d66d1c53197860a566250d5c35]
Nov-11 02:08:39.082 [Task monitor] DEBUG n.processor.TaskPollingMonitor - Task completed > TaskHandler[id: 52; name: writeLargeFile (52); status: COMPLETED; exit: 0; error: -; workDir: /input/data/work/54/bc13e85abd05c8f0a9d71e3b99892a]
Nov-11 02:08:41.410 [Task monitor] DEBUG n.processor.TaskPollingMonitor - Task completed > TaskHandler[id: 34; name: writeLargeFile (34); status: COMPLETED; exit: 0; error: -; workDir: /input/data/work/b8/f8831ea12a0bed49d08e971a231e0f]
Nov-11 02:08:46.534 [Task monitor] DEBUG n.processor.TaskPollingMonitor - Task completed > TaskHandler[id: 36; name: writeLargeFile (36); status: COMPLETED; exit: 0; error: -; workDir: /input/data/work/8f/9f8d0c6c37d50c14542f711107c5dd]
Nov-11 02:08:55.207 [Task monitor] DEBUG n.processor.TaskPollingMonitor - Task completed > TaskHandler[id: 33; name: writeLargeFile (33); status: COMPLETED; exit: 0; error: -; workDir: /input/data/work/38/f8c419413c184c39f6c744accbe0a2]
Nov-11 02:09:04.144 [Task monitor] DEBUG n.processor.TaskPollingMonitor - Task completed > TaskHandler[id: 38; name: writeLargeFile (38); status: COMPLETED; exit: 0; error: -; workDir: /input/data/work/1f/1fe5ccde6a2292c0d312008b379147]
Nov-11 02:09:13.690 [Task monitor] DEBUG n.processor.TaskPollingMonitor - Task completed > TaskHandler[id: 42; name: writeLargeFile (42); status: COMPLETED; exit: 0; error: -; workDir: /input/data/work/47/38475e67caa946aa5ac3b2438f173a]
Nov-11 02:09:22.013 [Task monitor] DEBUG n.processor.TaskPollingMonitor - Task completed > TaskHandler[id: 61; name: writeLargeFile (61); status: COMPLETED; exit: 0; error: -; workDir: /input/data/work/4b/8435713f5a4e31ab5cfcaf23494c65]
Nov-11 02:09:29.594 [Task monitor] DEBUG n.processor.TaskPollingMonitor - Task completed > TaskHandler[id: 46; name: writeLargeFile (46); status: COMPLETED; exit: 0; error: -; workDir: /input/data/work/41/feb5bc4a801d7088e4961ea7cfb974]
Nov-11 02:09:37.752 [Task monitor] DEBUG n.processor.TaskPollingMonitor - Task completed > TaskHandler[id: 45; name: writeLargeFile (45); status: COMPLETED; exit: 0; error: -; workDir: /input/data/work/bd/21b7b7f0e99c33f8aac68702fbd7ef]
Nov-11 02:09:48.352 [Task monitor] DEBUG n.processor.TaskPollingMonitor - Task completed > TaskHandler[id: 44; name: writeLargeFile (44); status: COMPLETED; exit: 0; error: -; workDir: /input/data/work/94/017b738ec103cb3e3e0fb9f75a8277]
Nov-11 02:10:02.526 [Task monitor] DEBUG n.processor.TaskPollingMonitor - Task completed > TaskHandler[id: 25; name: writeLargeFile (25); status: COMPLETED; exit: 0; error: -; workDir: /input/data/work/80/5b965d89e11d51a6585951c231a59e]
Nov-11 02:10:17.318 [Task monitor] DEBUG n.processor.TaskPollingMonitor - Task completed > TaskHandler[id: 27; name: writeLargeFile (27); status: COMPLETED; exit: 0; error: -; workDir: /input/data/work/4e/eb9ee20bf8bf10d88c58edaa266291]
Nov-11 02:10:33.180 [Task monitor] DEBUG n.processor.TaskPollingMonitor - Task completed > TaskHandler[id: 22; name: writeLargeFile (22); status: COMPLETED; exit: 0; error: -; workDir: /input/data/work/ab/acf3baa2c49d03cb18fe20fd8fd0da]
Nov-11 02:11:00.533 [Task monitor] DEBUG n.processor.TaskPollingMonitor - Task completed > TaskHandler[id: 65; name: writeLargeFile (65); status: COMPLETED; exit: 0; error: -; workDir: /input/data/work/be/aa74c0a77ac89f068425d3b3c1dff1]
Nov-11 02:11:09.080 [Task monitor] DEBUG n.processor.TaskPollingMonitor - Task completed > TaskHandler[id: 41; name: writeLargeFile (41); status: COMPLETED; exit: 0; error: -; workDir: /input/data/work/cf/042a6cc2e188e4819b918379cd9f1e]
Nov-11 02:11:17.963 [Task monitor] DEBUG n.processor.TaskPollingMonitor - Task completed > TaskHandler[id: 71; name: writeLargeFile (71); status: COMPLETED; exit: 0; error: -; workDir: /input/data/work/a4/e5d71aec56da63ce26b3c65244ca1d]
Nov-11 02:11:39.940 [Task monitor] DEBUG n.processor.TaskPollingMonitor - Task completed > TaskHandler[id: 35; name: writeLargeFile (35); status: COMPLETED; exit: 0; error: -; workDir: /input/data/work/3a/27b3854777c1ccf14e70dac684825c]
Nov-11 02:11:41.794 [Task monitor] DEBUG n.processor.TaskPollingMonitor - Task completed > TaskHandler[id: 49; name: writeLargeFile (49); status: COMPLETED; exit: 0; error: -; workDir: /input/data/work/f9/62a705344e9f50cec0d1a6a537004e]
Nov-11 02:11:43.011 [Task monitor] DEBUG n.processor.TaskPollingMonitor - Task completed > TaskHandler[id: 72; name: writeLargeFile (72); status: COMPLETED; exit: 0; error: -; workDir: /input/data/work/b7/ca288719bf04d0c15996b33b409080]
Nov-11 02:11:44.103 [Task monitor] DEBUG n.processor.TaskPollingMonitor - Task completed > TaskHandler[id: 79; name: writeLargeFile (79); status: COMPLETED; exit: 0; error: -; workDir: /input/data/work/83/2a1dfea4732caae518d5af5c24c9c5]
Nov-11 02:11:44.954 [Task monitor] DEBUG n.processor.TaskPollingMonitor - Task completed > TaskHandler[id: 55; name: writeLargeFile (55); status: COMPLETED; exit: 0; error: -; workDir: /input/data/work/a2/25c1769d3b0902b16fde5ce09a4756]
Nov-11 02:11:45.830 [Task monitor] DEBUG n.processor.TaskPollingMonitor - Task completed > TaskHandler[id: 83; name: writeLargeFile (83); status: COMPLETED; exit: 0; error: -; workDir: /input/data/work/89/bbcede6adbd53c99995deddc5da5c4]
Nov-11 02:11:46.451 [Task monitor] DEBUG n.processor.TaskPollingMonitor - Task completed > TaskHandler[id: 58; name: writeLargeFile (58); status: COMPLETED; exit: 0; error: -; workDir: /input/data/work/fb/781c3a459a583bffe87b4ce0a14824]
Nov-11 02:11:47.014 [Task monitor] DEBUG n.processor.TaskPollingMonitor - Task completed > TaskHandler[id: 62; name: writeLargeFile (62); status: COMPLETED; exit: 0; error: -; workDir: /input/data/work/21/c6ab50aeaf4b6c72bbfa22188a9b84]
Nov-11 02:11:47.730 [Task monitor] DEBUG n.processor.TaskPollingMonitor - Task completed > TaskHandler[id: 53; name: writeLargeFile (53); status: COMPLETED; exit: 0; error: -; workDir: /input/data/work/0d/070d372448ee2368a25f43711babb3]
Nov-11 02:11:48.359 [Task monitor] DEBUG n.processor.TaskPollingMonitor - Task completed > TaskHandler[id: 50; name: writeLargeFile (50); status: COMPLETED; exit: 0; error: -; workDir: /input/data/work/81/59f09511a64bfa24404c9a78ecf474]
Nov-11 02:11:49.146 [Task monitor] DEBUG n.processor.TaskPollingMonitor - Task completed > TaskHandler[id: 69; name: writeLargeFile (69); status: COMPLETED; exit: 0; error: -; workDir: /input/data/work/40/d3a69c1391814f0255a82fcde834e3]
Nov-11 02:11:51.286 [Task monitor] DEBUG n.processor.TaskPollingMonitor - Task completed > TaskHandler[id: 47; name: writeLargeFile (47); status: COMPLETED; exit: 0; error: -; workDir: /input/data/work/e1/508fa51b37e734eef8251c82ed3b02]
Nov-11 02:11:52.713 [Task monitor] DEBUG n.processor.TaskPollingMonitor - Task completed > TaskHandler[id: 51; name: writeLargeFile (51); status: COMPLETED; exit: 0; error: -; workDir: /input/data/work/3a/4cd42e4eee000a4ac7a95ab069fb55]
Nov-11 02:11:54.498 [Task monitor] DEBUG n.processor.TaskPollingMonitor - Task completed > TaskHandler[id: 80; name: writeLargeFile (80); status: COMPLETED; exit: 0; error: -; workDir: /input/data/work/04/ae34ab07f029bdcc115002878f9150]
Nov-11 02:11:57.583 [Task monitor] DEBUG n.processor.TaskPollingMonitor - Task completed > TaskHandler[id: 59; name: writeLargeFile (59); status: COMPLETED; exit: 0; error: -; workDir: /input/data/work/ec/8e31a4db59dc6dc00e9faceb943f17]
Nov-11 02:12:02.642 [Task monitor] DEBUG n.processor.TaskPollingMonitor - Task completed > TaskHandler[id: 94; name: writeLargeFile (94); status: COMPLETED; exit: 0; error: -; workDir: /input/data/work/ec/237d9b3301bf5c7fb1d91ce509e771]
Nov-11 02:12:09.854 [Task monitor] DEBUG n.processor.TaskPollingMonitor - Task completed > TaskHandler[id: 63; name: writeLargeFile (63); status: COMPLETED; exit: 0; error: -; workDir: /input/data/work/7f/df01ad678014de26f5c58cebd6fe15]
Nov-11 02:12:18.608 [Task monitor] DEBUG n.processor.TaskPollingMonitor - Task completed > TaskHandler[id: 74; name: writeLargeFile (74); status: COMPLETED; exit: 0; error: -; workDir: /input/data/work/da/1d77d4cdcf86aff612e0c54559f072]
Nov-11 02:12:44.422 [Task monitor] DEBUG n.processor.TaskPollingMonitor - Task completed > TaskHandler[id: 64; name: writeLargeFile (64); status: COMPLETED; exit: 0; error: -; workDir: /input/data/work/2f/a422390225dd6fd491f419ea8af29a]
Nov-11 02:12:53.484 [Task monitor] DEBUG n.processor.TaskPollingMonitor - Task completed > TaskHandler[id: 70; name: writeLargeFile (70); status: COMPLETED; exit: 0; error: -; workDir: /input/data/work/7e/56e4c5d94b4136ec3736c96298e056]
Nov-11 02:13:01.496 [Task monitor] DEBUG n.processor.TaskPollingMonitor - Task completed > TaskHandler[id: 100; name: writeLargeFile (100); status: COMPLETED; exit: 0; error: -; workDir: /input/data/work/7e/a5a293a6086803700bfa25d16a45c7]
Nov-11 02:13:07.186 [Task monitor] DEBUG n.processor.TaskPollingMonitor - !! executor k8s > tasks to be completed: 28 -- submitted tasks are shown below
~> TaskHandler[id: 60; name: writeLargeFile (60); status: RUNNING; exit: -; error: -; workDir: /input/data/work/37/395a6912e7760e508ad52717a8ed14]
~> TaskHandler[id: 73; name: writeLargeFile (73); status: RUNNING; exit: -; error: -; workDir: /input/data/work/08/c093aa3ed1e07835d035e0c0b13eca]
~> TaskHandler[id: 54; name: writeLargeFile (54); status: RUNNING; exit: -; error: -; workDir: /input/data/work/69/82b42df13de7facb4958146300ddb0]
~> TaskHandler[id: 67; name: writeLargeFile (67); status: RUNNING; exit: -; error: -; workDir: /input/data/work/27/33a9e6639a87db0807f3ae27334be9]
~> TaskHandler[id: 57; name: writeLargeFile (57); status: RUNNING; exit: -; error: -; workDir: /input/data/work/66/d51b58adc18042f1e21655a04f7e83]
~> TaskHandler[id: 66; name: writeLargeFile (66); status: RUNNING; exit: -; error: -; workDir: /input/data/work/e9/4e70d85b6eecbf1dcadbc7a2b75e06]
~> TaskHandler[id: 68; name: writeLargeFile (68); status: RUNNING; exit: -; error: -; workDir: /input/data/work/00/2e5378f56af2f25239f836b5c6303f]
~> TaskHandler[id: 75; name: writeLargeFile (75); status: RUNNING; exit: -; error: -; workDir: /input/data/work/43/494d3338cff40f81a1fdbb4f992327]
~> TaskHandler[id: 85; name: writeLargeFile (85); status: RUNNING; exit: -; error: -; workDir: /input/data/work/24/c72f22c8dd93ab86df8abd161d9703]
~> TaskHandler[id: 89; name: writeLargeFile (89); status: RUNNING; exit: -; error: -; workDir: /input/data/work/44/ba33913a7e40ae8d227ae37fe71d1d]
.. remaining tasks omitted.
Nov-11 02:14:31.428 [Task monitor] DEBUG n.processor.TaskPollingMonitor - Task completed > TaskHandler[id: 89; name: writeLargeFile (89); status: COMPLETED; exit: 0; error: -; workDir: /input/data/work/44/ba33913a7e40ae8d227ae37fe71d1d]
Nov-11 02:14:37.638 [Task monitor] DEBUG n.processor.TaskPollingMonitor - Task completed > TaskHandler[id: 84; name: writeLargeFile (84); status: COMPLETED; exit: 0; error: -; workDir: /input/data/work/b5/53068911d5af4a968b1afc98ae6535]
Nov-11 02:14:43.147 [Task monitor] DEBUG n.processor.TaskPollingMonitor - Task completed > TaskHandler[id: 88; name: writeLargeFile (88); status: COMPLETED; exit: 0; error: -; workDir: /input/data/work/25/5ca2bd6e1c1f07975fb78f0d309eb9]
Nov-11 02:14:48.085 [Task monitor] DEBUG n.processor.TaskPollingMonitor - Task completed > TaskHandler[id: 97; name: writeLargeFile (97); status: COMPLETED; exit: 0; error: -; workDir: /input/data/work/e7/f64e360fdc013cc884e005b77a5cea]
Nov-11 02:14:49.531 [Task monitor] DEBUG n.processor.TaskPollingMonitor - Task completed > TaskHandler[id: 82; name: writeLargeFile (82); status: COMPLETED; exit: 0; error: -; workDir: /input/data/work/52/e556844162705c74760d0e0cddacac]
Nov-11 02:14:51.235 [Task monitor] DEBUG n.processor.TaskPollingMonitor - Task completed > TaskHandler[id: 60; name: writeLargeFile (60); status: COMPLETED; exit: 0; error: -; workDir: /input/data/work/37/395a6912e7760e508ad52717a8ed14]
Nov-11 02:14:52.704 [Task monitor] DEBUG n.processor.TaskPollingMonitor - Task completed > TaskHandler[id: 73; name: writeLargeFile (73); status: COMPLETED; exit: 0; error: -; workDir: /input/data/work/08/c093aa3ed1e07835d035e0c0b13eca]
Nov-11 02:14:54.183 [Task monitor] DEBUG n.processor.TaskPollingMonitor - Task completed > TaskHandler[id: 54; name: writeLargeFile (54); status: COMPLETED; exit: 0; error: -; workDir: /input/data/work/69/82b42df13de7facb4958146300ddb0]
Nov-11 02:14:55.652 [Task monitor] DEBUG n.processor.TaskPollingMonitor - Task completed > TaskHandler[id: 67; name: writeLargeFile (67); status: COMPLETED; exit: 0; error: -; workDir: /input/data/work/27/33a9e6639a87db0807f3ae27334be9]
Nov-11 02:14:57.146 [Task monitor] DEBUG n.processor.TaskPollingMonitor - Task completed > TaskHandler[id: 57; name: writeLargeFile (57); status: COMPLETED; exit: 0; error: -; workDir: /input/data/work/66/d51b58adc18042f1e21655a04f7e83]
Nov-11 02:14:58.619 [Task monitor] DEBUG n.processor.TaskPollingMonitor - Task completed > TaskHandler[id: 66; name: writeLargeFile (66); status: COMPLETED; exit: 0; error: -; workDir: /input/data/work/e9/4e70d85b6eecbf1dcadbc7a2b75e06]
Nov-11 02:15:00.099 [Task monitor] DEBUG n.processor.TaskPollingMonitor - Task completed > TaskHandler[id: 68; name: writeLargeFile (68); status: COMPLETED; exit: 0; error: -; workDir: /input/data/work/00/2e5378f56af2f25239f836b5c6303f]
Nov-11 02:15:01.587 [Task monitor] DEBUG n.processor.TaskPollingMonitor - Task completed > TaskHandler[id: 75; name: writeLargeFile (75); status: COMPLETED; exit: 0; error: -; workDir: /input/data/work/43/494d3338cff40f81a1fdbb4f992327]
Nov-11 02:15:03.075 [Task monitor] DEBUG n.processor.TaskPollingMonitor - Task completed > TaskHandler[id: 85; name: writeLargeFile (85); status: COMPLETED; exit: 0; error: -; workDir: /input/data/work/24/c72f22c8dd93ab86df8abd161d9703]
Nov-11 02:15:04.492 [Task monitor] DEBUG n.processor.TaskPollingMonitor - Task completed > TaskHandler[id: 78; name: writeLargeFile (78); status: COMPLETED; exit: 0; error: -; workDir: /input/data/work/f7/a40e697d23377d6223c898be96cf94]
Nov-11 02:15:05.555 [Task monitor] DEBUG n.processor.TaskPollingMonitor - Task completed > TaskHandler[id: 87; name: writeLargeFile (87); status: COMPLETED; exit: 0; error: -; workDir: /input/data/work/d1/12923101ff698b982ab77857357048]
Nov-11 02:15:06.259 [Task monitor] DEBUG n.processor.TaskPollingMonitor - Task completed > TaskHandler[id: 90; name: writeLargeFile (90); status: COMPLETED; exit: 0; error: -; workDir: /input/data/work/c2/af73a54f14fd803dd3a6271af960f7]
Nov-11 02:15:06.964 [Task monitor] DEBUG n.processor.TaskPollingMonitor - Task completed > TaskHandler[id: 86; name: writeLargeFile (86); status: COMPLETED; exit: 0; error: -; workDir: /input/data/work/a9/ccd629b21649bc4999fa45f4e910a6]
Nov-11 02:15:18.165 [Task monitor] DEBUG n.processor.TaskPollingMonitor - Task completed > TaskHandler[id: 99; name: writeLargeFile (99); status: COMPLETED; exit: 0; error: -; workDir: /input/data/work/6b/4461dae2ab63e43446852a1e94ec5d]
Nov-11 02:15:19.266 [Task monitor] DEBUG n.processor.TaskPollingMonitor - Task completed > TaskHandler[id: 76; name: writeLargeFile (76); status: COMPLETED; exit: 0; error: -; workDir: /input/data/work/73/a412ace5621c78d3e873e4c41805e4]
Nov-11 02:15:20.091 [Task monitor] DEBUG n.processor.TaskPollingMonitor - Task completed > TaskHandler[id: 96; name: writeLargeFile (96); status: COMPLETED; exit: 0; error: -; workDir: /input/data/work/97/8e52d36a5e2366d022356d5aa977a4]
Nov-11 02:15:23.012 [Task monitor] DEBUG n.processor.TaskPollingMonitor - Task completed > TaskHandler[id: 91; name: writeLargeFile (91); status: COMPLETED; exit: 0; error: -; workDir: /input/data/work/7d/2f341921cb0ba363236e85ff9b0553]
Nov-11 02:15:32.890 [Task monitor] DEBUG n.processor.TaskPollingMonitor - Task completed > TaskHandler[id: 93; name: writeLargeFile (93); status: COMPLETED; exit: 0; error: -; workDir: /input/data/work/e5/0548293da3ab0aa5dacb8369489924]
Nov-11 02:15:33.324 [Task monitor] DEBUG n.processor.TaskPollingMonitor - Task completed > TaskHandler[id: 95; name: writeLargeFile (95); status: COMPLETED; exit: 0; error: -; workDir: /input/data/work/34/e9bbb5c36e14c6bef0fce5ba905a51]
Nov-11 02:15:33.754 [Task monitor] DEBUG n.processor.TaskPollingMonitor - Task completed > TaskHandler[id: 98; name: writeLargeFile (98); status: COMPLETED; exit: 0; error: -; workDir: /input/data/work/ff/f08392a4b2b461cf7560318fc4c3b5]
Nov-11 02:15:37.636 [Task monitor] DEBUG n.processor.TaskPollingMonitor - Task completed > TaskHandler[id: 77; name: writeLargeFile (77); status: COMPLETED; exit: 0; error: -; workDir: /input/data/work/f7/13c23116d938a977415b36ca33fedf]
Nov-11 02:15:37.672 [Task monitor] DEBUG n.processor.TaskPollingMonitor - Task completed > TaskHandler[id: 81; name: writeLargeFile (81); status: COMPLETED; exit: 0; error: -; workDir: /input/data/work/61/88f6f9a7d011d40524046cc23d8d78]
Nov-11 02:15:37.710 [Task monitor] DEBUG n.processor.TaskPollingMonitor - Task completed > TaskHandler[id: 92; name: writeLargeFile (92); status: COMPLETED; exit: 0; error: -; workDir: /input/data/work/5a/1d65bdf4e5dc71b3ee804e40e4963e]
Nov-11 02:15:37.777 [Task submitter] INFO  nextflow.Session - [a4/b42066] Submitted process > combineFilesB (23)
Nov-11 02:15:37.813 [Task submitter] INFO  nextflow.Session - [ab/8dec33] Submitted process > combineFilesA (32)
Nov-11 02:15:37.844 [Task submitter] INFO  nextflow.Session - [a2/b37608] Submitted process > combineFilesA (30)
Nov-11 02:15:37.877 [Task submitter] INFO  nextflow.Session - [44/79b339] Submitted process > combineFilesB (22)
Nov-11 02:15:37.908 [Task submitter] INFO  nextflow.Session - [87/9d6175] Submitted process > combineFilesA (25)
Nov-11 02:15:37.945 [Task submitter] INFO  nextflow.Session - [38/2a262c] Submitted process > combineFilesB (18)
Nov-11 02:15:37.982 [Task submitter] INFO  nextflow.Session - [59/5b28aa] Submitted process > combineFilesA (22)
Nov-11 02:15:38.014 [Task submitter] INFO  nextflow.Session - [f9/db0d8a] Submitted process > combineFilesA (27)
Nov-11 02:15:38.042 [Task submitter] INFO  nextflow.Session - [22/0071b5] Submitted process > combineFilesB (10)
Nov-11 02:15:38.072 [Task submitter] INFO  nextflow.Session - [3a/0f4a26] Submitted process > combineFilesB (9)
Nov-11 02:15:38.102 [Task submitter] INFO  nextflow.Session - [fc/e15004] Submitted process > combineFilesA (8)
Nov-11 02:15:38.132 [Task submitter] INFO  nextflow.Session - [91/9c2746] Submitted process > combineFilesB (6)
Nov-11 02:15:38.163 [Task submitter] INFO  nextflow.Session - [b5/1a6a01] Submitted process > combineFilesA (31)
Nov-11 02:15:38.194 [Task submitter] INFO  nextflow.Session - [97/7cfdec] Submitted process > combineFilesA (6)
Nov-11 02:15:38.230 [Task submitter] INFO  nextflow.Session - [ff/9a34cc] Submitted process > combineFilesB (21)
Nov-11 02:15:38.263 [Task submitter] INFO  nextflow.Session - [aa/011b79] Submitted process > combineFilesA (1)
Nov-11 02:15:38.294 [Task submitter] INFO  nextflow.Session - [e1/edebc8] Submitted process > combineFilesA (29)
Nov-11 02:15:38.325 [Task submitter] INFO  nextflow.Session - [94/c753f1] Submitted process > combineFilesA (4)
Nov-11 02:15:38.354 [Task submitter] INFO  nextflow.Session - [38/2e5f10] Submitted process > combineFilesB (13)
Nov-11 02:15:38.384 [Task submitter] INFO  nextflow.Session - [21/e6b2ee] Submitted process > combineFilesA (33)
Nov-11 02:15:38.421 [Task submitter] INFO  nextflow.Session - [da/44621a] Submitted process > combineFilesA (15)
Nov-11 02:15:38.450 [Task submitter] INFO  nextflow.Session - [2a/510054] Submitted process > combineFilesB (17)
Nov-11 02:15:38.479 [Task submitter] INFO  nextflow.Session - [14/648392] Submitted process > combineFilesA (21)
Nov-11 02:15:38.508 [Task submitter] INFO  nextflow.Session - [ce/0b30ef] Submitted process > combineFilesA (19)
Nov-11 02:15:38.538 [Task submitter] INFO  nextflow.Session - [bf/6f1daa] Submitted process > combineFilesB (11)
Nov-11 02:15:38.569 [Task submitter] INFO  nextflow.Session - [ce/29057d] Submitted process > combineFilesA (26)
Nov-11 02:15:38.594 [Task submitter] INFO  nextflow.Session - [6f/4381cb] Submitted process > combineFilesA (12)
Nov-11 02:15:38.630 [Task submitter] INFO  nextflow.Session - [2a/b4f0d7] Submitted process > combineFilesB (2)
Nov-11 02:15:38.658 [Task submitter] INFO  nextflow.Session - [e8/f2c97b] Submitted process > combineFilesB (16)
Nov-11 02:15:38.688 [Task submitter] INFO  nextflow.Session - [f0/905015] Submitted process > combineFilesA (13)
Nov-11 02:15:38.720 [Task submitter] INFO  nextflow.Session - [71/75803a] Submitted process > combineFilesB (15)
Nov-11 02:15:38.756 [Task submitter] INFO  nextflow.Session - [cb/71db9d] Submitted process > combineFilesB (26)
Nov-11 02:15:38.795 [Task submitter] INFO  nextflow.Session - [71/824dd0] Submitted process > combineFilesA (7)
Nov-11 02:15:38.860 [Task submitter] INFO  nextflow.Session - [d3/053358] Submitted process > combineFilesA (11)
Nov-11 02:15:38.959 [Task submitter] INFO  nextflow.Session - [c8/57dd75] Submitted process > combineFilesB (25)
Nov-11 02:15:39.467 [Task submitter] INFO  nextflow.Session - [36/c613cf] Submitted process > combineFilesB (7)
Nov-11 02:15:40.684 [Task submitter] INFO  nextflow.Session - [86/db9f4a] Submitted process > combineFilesA (9)
Nov-11 02:15:42.679 [Task submitter] INFO  nextflow.Session - [5d/575c2f] Submitted process > combineFilesA (14)
Nov-11 02:15:44.513 [Task submitter] INFO  nextflow.Session - [e6/408993] Submitted process > combineFilesB (14)
Nov-11 02:15:46.651 [Task submitter] INFO  nextflow.Session - [ef/39738b] Submitted process > combineFilesA (17)
Nov-11 02:15:49.030 [Task submitter] INFO  nextflow.Session - [dd/cb7755] Submitted process > combineFilesA (18)
Nov-11 02:15:51.863 [Task submitter] INFO  nextflow.Session - [58/b15512] Submitted process > combineFilesA (2)
Nov-11 02:15:54.450 [Task submitter] INFO  nextflow.Session - [2d/aa7153] Submitted process > combineFilesB (5)
Nov-11 02:15:57.001 [Task submitter] INFO  nextflow.Session - [6d/cfbb5c] Submitted process > combineFilesA (28)
Nov-11 02:15:59.546 [Task submitter] INFO  nextflow.Session - [82/4dfc7e] Submitted process > combineFilesB (4)
Nov-11 02:16:02.178 [Task submitter] INFO  nextflow.Session - [e6/010d39] Submitted process > combineFilesB (19)
Nov-11 02:16:04.878 [Task submitter] INFO  nextflow.Session - [5f/ea99b4] Submitted process > combineFilesA (20)
Nov-11 02:16:07.491 [Task submitter] INFO  nextflow.Session - [0a/9ba375] Submitted process > combineFilesB (20)
Nov-11 02:16:11.320 [Task submitter] INFO  nextflow.Session - [f8/3f923f] Submitted process > combineFilesA (5)
Nov-11 02:16:15.827 [Task submitter] INFO  nextflow.Session - [0a/cb3759] Submitted process > combineFilesA (23)
Nov-11 02:16:20.264 [Task submitter] INFO  nextflow.Session - [5c/57fa6b] Submitted process > combineFilesA (24)
Nov-11 02:16:24.712 [Task submitter] INFO  nextflow.Session - [13/5d35de] Submitted process > combineFilesA (10)
Nov-11 02:16:29.390 [Task submitter] INFO  nextflow.Session - [d9/7ffd82] Submitted process > combineFilesA (16)
Nov-11 02:16:33.775 [Task submitter] INFO  nextflow.Session - [b4/deb80b] Submitted process > combineFilesB (8)
Nov-11 02:16:39.133 [Task submitter] INFO  nextflow.Session - [07/4ac587] Submitted process > combineFilesA (34)
Nov-11 02:16:43.642 [Task submitter] INFO  nextflow.Session - [f8/8265e1] Submitted process > combineFilesB (12)
Nov-11 02:16:48.029 [Task submitter] INFO  nextflow.Session - [12/4a8f68] Submitted process > combineFilesA (3)
Nov-11 02:16:52.488 [Task submitter] INFO  nextflow.Session - [3e/75915a] Submitted process > combineFilesB (3)
Nov-11 02:16:57.043 [Task submitter] INFO  nextflow.Session - [a0/a9f5d0] Submitted process > combineFilesB (1)
Nov-11 02:17:01.544 [Task submitter] INFO  nextflow.Session - [85/302849] Submitted process > combineFilesB (24)
Nov-11 02:18:07.605 [Task monitor] DEBUG n.processor.TaskPollingMonitor - !! executor k8s > tasks to be completed: 60 -- submitted tasks are shown below
~> TaskHandler[id: 150; name: combineFilesB (23); status: RUNNING; exit: -; error: -; workDir: /input/data/work/a4/b42066f5bf3a5a98454a2a594d0828]
~> TaskHandler[id: 158; name: combineFilesA (32); status: RUNNING; exit: -; error: -; workDir: /input/data/work/ab/8dec33a00c0d45ef3cd37b2f054574]
~> TaskHandler[id: 156; name: combineFilesA (30); status: RUNNING; exit: -; error: -; workDir: /input/data/work/a2/b37608b594828d1f27c3c91b290197]
~> TaskHandler[id: 149; name: combineFilesB (22); status: RUNNING; exit: -; error: -; workDir: /input/data/work/44/79b339bb3daf7982a8bc66a04cf682]
~> TaskHandler[id: 142; name: combineFilesA (25); status: RUNNING; exit: -; error: -; workDir: /input/data/work/87/9d617520a66a40c0bddc2a4a751ab2]
~> TaskHandler[id: 143; name: combineFilesB (18); status: RUNNING; exit: -; error: -; workDir: /input/data/work/38/2a262cab51fc91fcd72491c59ec06a]
~> TaskHandler[id: 136; name: combineFilesA (22); status: RUNNING; exit: -; error: -; workDir: /input/data/work/59/5b28aa60ea5a7ecb77c8ac3cbc0156]
~> TaskHandler[id: 146; name: combineFilesA (27); status: RUNNING; exit: -; error: -; workDir: /input/data/work/f9/db0d8a405c016cb632521a12130e88]
~> TaskHandler[id: 122; name: combineFilesB (10); status: RUNNING; exit: -; error: -; workDir: /input/data/work/22/0071b587fa8bcd3c5a1308f027792c]
~> TaskHandler[id: 120; name: combineFilesB (9); status: RUNNING; exit: -; error: -; workDir: /input/data/work/3a/0f4a269015dafe24dfec175c23edac]
.. remaining tasks omitted.
Nov-11 02:18:26.966 [Task monitor] DEBUG n.processor.TaskPollingMonitor - Task completed > TaskHandler[id: 150; name: combineFilesB (23); status: COMPLETED; exit: 0; error: -; workDir: /input/data/work/a4/b42066f5bf3a5a98454a2a594d0828]
Nov-11 02:21:46.726 [Task monitor] DEBUG n.processor.TaskPollingMonitor - Task completed > TaskHandler[id: 101; name: combineFilesA (1); status: COMPLETED; exit: 0; error: -; workDir: /input/data/work/aa/011b79591f7a4a2c8d0817bbeb91c3]
Nov-11 02:21:55.113 [Task monitor] DEBUG n.processor.TaskPollingMonitor - Task completed > TaskHandler[id: 158; name: combineFilesA (32); status: COMPLETED; exit: 0; error: -; workDir: /input/data/work/ab/8dec33a00c0d45ef3cd37b2f054574]
Nov-11 02:22:33.231 [Task monitor] DEBUG n.processor.TaskPollingMonitor - Task completed > TaskHandler[id: 122; name: combineFilesB (10); status: COMPLETED; exit: 0; error: -; workDir: /input/data/work/22/0071b587fa8bcd3c5a1308f027792c]
Nov-11 02:23:08.831 [Task monitor] DEBUG n.processor.TaskPollingMonitor - !! executor k8s > tasks to be completed: 56 -- submitted tasks are shown below
~> TaskHandler[id: 156; name: combineFilesA (30); status: RUNNING; exit: -; error: -; workDir: /input/data/work/a2/b37608b594828d1f27c3c91b290197]
~> TaskHandler[id: 149; name: combineFilesB (22); status: RUNNING; exit: -; error: -; workDir: /input/data/work/44/79b339bb3daf7982a8bc66a04cf682]
~> TaskHandler[id: 142; name: combineFilesA (25); status: RUNNING; exit: -; error: -; workDir: /input/data/work/87/9d617520a66a40c0bddc2a4a751ab2]
~> TaskHandler[id: 143; name: combineFilesB (18); status: RUNNING; exit: -; error: -; workDir: /input/data/work/38/2a262cab51fc91fcd72491c59ec06a]
~> TaskHandler[id: 136; name: combineFilesA (22); status: RUNNING; exit: -; error: -; workDir: /input/data/work/59/5b28aa60ea5a7ecb77c8ac3cbc0156]
~> TaskHandler[id: 146; name: combineFilesA (27); status: RUNNING; exit: -; error: -; workDir: /input/data/work/f9/db0d8a405c016cb632521a12130e88]
~> TaskHandler[id: 120; name: combineFilesB (9); status: RUNNING; exit: -; error: -; workDir: /input/data/work/3a/0f4a269015dafe24dfec175c23edac]
~> TaskHandler[id: 114; name: combineFilesA (8); status: RUNNING; exit: -; error: -; workDir: /input/data/work/fc/e15004e5cc3fc6c201220244bc7bb2]
~> TaskHandler[id: 113; name: combineFilesB (6); status: RUNNING; exit: -; error: -; workDir: /input/data/work/91/9c27469aa82d33736d0a2cf73c889f]
~> TaskHandler[id: 157; name: combineFilesA (31); status: RUNNING; exit: -; error: -; workDir: /input/data/work/b5/1a6a010311b33e39e66876ec016b38]
.. remaining tasks omitted.
Nov-11 02:25:44.984 [Task monitor] DEBUG n.processor.TaskPollingMonitor - Task completed > TaskHandler[id: 156; name: combineFilesA (30); status: COMPLETED; exit: 0; error: -; workDir: /input/data/work/a2/b37608b594828d1f27c3c91b290197]
Nov-11 02:25:47.978 [Task monitor] DEBUG n.processor.TaskPollingMonitor - Task completed > TaskHandler[id: 155; name: combineFilesA (29); status: COMPLETED; exit: 0; error: -; workDir: /input/data/work/e1/edebc894643fc2a20e0cc7b4008240]
Nov-11 02:26:01.989 [Task monitor] DEBUG n.processor.TaskPollingMonitor - Task completed > TaskHandler[id: 142; name: combineFilesA (25); status: COMPLETED; exit: 0; error: -; workDir: /input/data/work/87/9d617520a66a40c0bddc2a4a751ab2]
Nov-11 02:26:16.862 [Task monitor] DEBUG n.processor.TaskPollingMonitor - Task completed > TaskHandler[id: 146; name: combineFilesA (27); status: COMPLETED; exit: 0; error: -; workDir: /input/data/work/f9/db0d8a405c016cb632521a12130e88]
Nov-11 02:27:12.413 [Task monitor] DEBUG n.processor.TaskPollingMonitor - Task completed > TaskHandler[id: 107; name: combineFilesA (4); status: COMPLETED; exit: 0; error: -; workDir: /input/data/work/94/c753f184db64fdeb910884b6099b3f]
Nov-11 02:27:16.884 [Task monitor] DEBUG n.processor.TaskPollingMonitor - Task completed > TaskHandler[id: 114; name: combineFilesA (8); status: COMPLETED; exit: 0; error: -; workDir: /input/data/work/fc/e15004e5cc3fc6c201220244bc7bb2]
Nov-11 02:28:10.711 [Task monitor] DEBUG n.processor.TaskPollingMonitor - !! executor k8s > tasks to be completed: 50 -- submitted tasks are shown below
~> TaskHandler[id: 149; name: combineFilesB (22); status: RUNNING; exit: -; error: -; workDir: /input/data/work/44/79b339bb3daf7982a8bc66a04cf682]
~> TaskHandler[id: 143; name: combineFilesB (18); status: RUNNING; exit: -; error: -; workDir: /input/data/work/38/2a262cab51fc91fcd72491c59ec06a]
~> TaskHandler[id: 136; name: combineFilesA (22); status: RUNNING; exit: -; error: -; workDir: /input/data/work/59/5b28aa60ea5a7ecb77c8ac3cbc0156]
~> TaskHandler[id: 120; name: combineFilesB (9); status: RUNNING; exit: -; error: -; workDir: /input/data/work/3a/0f4a269015dafe24dfec175c23edac]
~> TaskHandler[id: 113; name: combineFilesB (6); status: RUNNING; exit: -; error: -; workDir: /input/data/work/91/9c27469aa82d33736d0a2cf73c889f]
~> TaskHandler[id: 157; name: combineFilesA (31); status: RUNNING; exit: -; error: -; workDir: /input/data/work/b5/1a6a010311b33e39e66876ec016b38]
~> TaskHandler[id: 111; name: combineFilesA (6); status: RUNNING; exit: -; error: -; workDir: /input/data/work/97/7cfdec198063f00e7e71f1360cc41d]
~> TaskHandler[id: 148; name: combineFilesB (21); status: RUNNING; exit: -; error: -; workDir: /input/data/work/ff/9a34ccf24100a20dfed839657ae2a5]
~> TaskHandler[id: 133; name: combineFilesB (13); status: RUNNING; exit: -; error: -; workDir: /input/data/work/38/2e5f1046d436d20bde35fc223d4025]
~> TaskHandler[id: 159; name: combineFilesA (33); status: RUNNING; exit: -; error: -; workDir: /input/data/work/21/e6b2ee05826e3899285fc3a414356d]
.. remaining tasks omitted.
Nov-11 02:28:11.708 [Task monitor] DEBUG n.processor.TaskPollingMonitor - Task completed > TaskHandler[id: 159; name: combineFilesA (33); status: COMPLETED; exit: 0; error: -; workDir: /input/data/work/21/e6b2ee05826e3899285fc3a414356d]
Nov-11 02:28:17.312 [Task monitor] DEBUG n.processor.TaskPollingMonitor - Task completed > TaskHandler[id: 157; name: combineFilesA (31); status: COMPLETED; exit: 0; error: -; workDir: /input/data/work/b5/1a6a010311b33e39e66876ec016b38]
Nov-11 02:28:27.450 [Task monitor] DEBUG n.processor.TaskPollingMonitor - Task completed > TaskHandler[id: 120; name: combineFilesB (9); status: COMPLETED; exit: 0; error: -; workDir: /input/data/work/3a/0f4a269015dafe24dfec175c23edac]
Nov-11 02:29:48.077 [Task monitor] DEBUG n.processor.TaskPollingMonitor - Task completed > TaskHandler[id: 148; name: combineFilesB (21); status: COMPLETED; exit: 0; error: -; workDir: /input/data/work/ff/9a34ccf24100a20dfed839657ae2a5]
Nov-11 02:31:29.574 [Task monitor] DEBUG n.processor.TaskPollingMonitor - Task completed > TaskHandler[id: 149; name: combineFilesB (22); status: COMPLETED; exit: 0; error: -; workDir: /input/data/work/44/79b339bb3daf7982a8bc66a04cf682]
Nov-11 02:33:13.581 [Task monitor] DEBUG n.processor.TaskPollingMonitor - !! executor k8s > tasks to be completed: 45 -- submitted tasks are shown below
~> TaskHandler[id: 143; name: combineFilesB (18); status: RUNNING; exit: -; error: -; workDir: /input/data/work/38/2a262cab51fc91fcd72491c59ec06a]
~> TaskHandler[id: 136; name: combineFilesA (22); status: RUNNING; exit: -; error: -; workDir: /input/data/work/59/5b28aa60ea5a7ecb77c8ac3cbc0156]
~> TaskHandler[id: 113; name: combineFilesB (6); status: RUNNING; exit: -; error: -; workDir: /input/data/work/91/9c27469aa82d33736d0a2cf73c889f]
~> TaskHandler[id: 111; name: combineFilesA (6); status: RUNNING; exit: -; error: -; workDir: /input/data/work/97/7cfdec198063f00e7e71f1360cc41d]
~> TaskHandler[id: 133; name: combineFilesB (13); status: RUNNING; exit: -; error: -; workDir: /input/data/work/38/2e5f1046d436d20bde35fc223d4025]
~> TaskHandler[id: 126; name: combineFilesA (15); status: RUNNING; exit: -; error: -; workDir: /input/data/work/da/44621a33c3d9eb22ee939dfc78001f]
~> TaskHandler[id: 140; name: combineFilesB (17); status: RUNNING; exit: -; error: -; workDir: /input/data/work/2a/510054e3816050f542b8af7b4192ee]
~> TaskHandler[id: 135; name: combineFilesA (21); status: SUBMITTED; exit: -; error: -; workDir: /input/data/work/14/648392dff919776429764012d51910]
~> TaskHandler[id: 130; name: combineFilesA (19); status: SUBMITTED; exit: -; error: -; workDir: /input/data/work/ce/0b30ef4d79255f1f2bd97ee2cb073b]
~> TaskHandler[id: 124; name: combineFilesB (11); status: RUNNING; exit: -; error: -; workDir: /input/data/work/bf/6f1daa6f2e2a82a5ea8398c08f08e9]
.. remaining tasks omitted.
Nov-11 02:33:58.832 [Task monitor] DEBUG n.processor.TaskPollingMonitor - Task completed > TaskHandler[id: 136; name: combineFilesA (22); status: COMPLETED; exit: 0; error: -; workDir: /input/data/work/59/5b28aa60ea5a7ecb77c8ac3cbc0156]
Nov-11 02:33:59.591 [Task monitor] DEBUG n.processor.TaskPollingMonitor - Task completed > TaskHandler[id: 111; name: combineFilesA (6); status: COMPLETED; exit: 0; error: -; workDir: /input/data/work/97/7cfdec198063f00e7e71f1360cc41d]
Nov-11 02:34:00.547 [Task monitor] DEBUG n.processor.TaskPollingMonitor - Task completed > TaskHandler[id: 126; name: combineFilesA (15); status: COMPLETED; exit: 0; error: -; workDir: /input/data/work/da/44621a33c3d9eb22ee939dfc78001f]
Nov-11 02:34:12.404 [Task monitor] DEBUG n.processor.TaskPollingMonitor - Task completed > TaskHandler[id: 113; name: combineFilesB (6); status: COMPLETED; exit: 0; error: -; workDir: /input/data/work/91/9c27469aa82d33736d0a2cf73c889f]
Nov-11 02:34:20.226 [Task monitor] DEBUG n.processor.TaskPollingMonitor - Task completed > TaskHandler[id: 133; name: combineFilesB (13); status: COMPLETED; exit: 0; error: -; workDir: /input/data/work/38/2e5f1046d436d20bde35fc223d4025]
Nov-11 02:35:05.358 [Task monitor] DEBUG n.processor.TaskPollingMonitor - Task completed > TaskHandler[id: 143; name: combineFilesB (18); status: COMPLETED; exit: 0; error: -; workDir: /input/data/work/38/2a262cab51fc91fcd72491c59ec06a]
Nov-11 02:35:55.320 [Task monitor] DEBUG n.processor.TaskPollingMonitor - Task completed > TaskHandler[id: 110; name: combineFilesB (5); status: COMPLETED; exit: 0; error: -; workDir: /input/data/work/2d/aa7153f188135b6ba02f8fa9b572e8]
Nov-11 02:36:28.031 [Task monitor] DEBUG n.processor.TaskPollingMonitor - Task completed > TaskHandler[id: 124; name: combineFilesB (11); status: COMPLETED; exit: 0; error: -; workDir: /input/data/work/bf/6f1daa6f2e2a82a5ea8398c08f08e9]
Nov-11 02:36:33.827 [Task monitor] DEBUG n.processor.TaskPollingMonitor - Task completed > TaskHandler[id: 104; name: combineFilesB (2); status: COMPLETED; exit: 0; error: -; workDir: /input/data/work/2a/b4f0d78cc05d51922eeea55bb2c4a7]
Nov-11 02:36:41.464 [Task monitor] DEBUG n.processor.TaskPollingMonitor - Task completed > TaskHandler[id: 138; name: combineFilesB (16); status: COMPLETED; exit: 0; error: -; workDir: /input/data/work/e8/f2c97bd2dbad7bfaaf604ab3cb81fc]
Nov-11 02:37:00.740 [Task monitor] DEBUG n.processor.TaskPollingMonitor - Task completed > TaskHandler[id: 153; name: combineFilesB (26); status: COMPLETED; exit: 0; error: -; workDir: /input/data/work/cb/71db9daa86a49d7948a7b79179750e]
Nov-11 02:37:09.750 [Task monitor] DEBUG n.processor.TaskPollingMonitor - Task completed > TaskHandler[id: 147; name: combineFilesB (20); status: COMPLETED; exit: 0; error: -; workDir: /input/data/work/0a/9ba3758c237389e878022c41215b41]
Nov-11 02:37:24.948 [Task monitor] DEBUG n.processor.TaskPollingMonitor - Task completed > TaskHandler[id: 151; name: combineFilesB (24); status: COMPLETED; exit: 0; error: -; workDir: /input/data/work/85/302849a823d81a6441db6591dc522c]
Nov-11 02:37:35.907 [Task monitor] DEBUG n.processor.TaskPollingMonitor - Task completed > TaskHandler[id: 152; name: combineFilesB (25); status: COMPLETED; exit: 0; error: -; workDir: /input/data/work/c8/57dd757973f193a09b1ef4f75bd426]
Nov-11 02:37:44.776 [Task monitor] DEBUG n.processor.TaskPollingMonitor - Task completed > TaskHandler[id: 134; name: combineFilesB (14); status: COMPLETED; exit: 0; error: -; workDir: /input/data/work/e6/4089934675bf595ba202a6377f6311]
Nov-11 02:37:53.525 [Task monitor] DEBUG n.processor.TaskPollingMonitor - Task completed > TaskHandler[id: 102; name: combineFilesB (1); status: COMPLETED; exit: 0; error: -; workDir: /input/data/work/a0/a9f5d0f66f1b93caa5d8d86cb6b65b]
Nov-11 02:38:18.347 [Task monitor] DEBUG n.processor.TaskPollingMonitor - !! executor k8s > tasks to be completed: 29 -- submitted tasks are shown below
~> TaskHandler[id: 140; name: combineFilesB (17); status: RUNNING; exit: -; error: -; workDir: /input/data/work/2a/510054e3816050f542b8af7b4192ee]
~> TaskHandler[id: 135; name: combineFilesA (21); status: RUNNING; exit: -; error: -; workDir: /input/data/work/14/648392dff919776429764012d51910]
~> TaskHandler[id: 130; name: combineFilesA (19); status: SUBMITTED; exit: -; error: -; workDir: /input/data/work/ce/0b30ef4d79255f1f2bd97ee2cb073b]
~> TaskHandler[id: 145; name: combineFilesA (26); status: RUNNING; exit: -; error: -; workDir: /input/data/work/ce/29057d2b78a77d0d254d8065704aac]
~> TaskHandler[id: 121; name: combineFilesA (12); status: RUNNING; exit: -; error: -; workDir: /input/data/work/6f/4381cbfd292d45c302785b83350b6b]
~> TaskHandler[id: 123; name: combineFilesA (13); status: RUNNING; exit: -; error: -; workDir: /input/data/work/f0/905015659e88d25fe31716d090b740]
~> TaskHandler[id: 137; name: combineFilesB (15); status: RUNNING; exit: -; error: -; workDir: /input/data/work/71/75803a7c18880aeacbfaaa463c9ede]
~> TaskHandler[id: 112; name: combineFilesA (7); status: RUNNING; exit: -; error: -; workDir: /input/data/work/71/824dd0ad3155f076eb202136bfc16a]
~> TaskHandler[id: 119; name: combineFilesA (11); status: SUBMITTED; exit: -; error: -; workDir: /input/data/work/d3/0533587fe188b7068dbfbe14cfc119]
~> TaskHandler[id: 115; name: combineFilesB (7); status: RUNNING; exit: -; error: -; workDir: /input/data/work/36/c613cf0179ebc76271df9cbbd0ece6]
.. remaining tasks omitted.
Nov-11 02:39:37.195 [Task monitor] DEBUG n.processor.TaskPollingMonitor - Task completed > TaskHandler[id: 106; name: combineFilesB (3); status: COMPLETED; exit: 0; error: -; workDir: /input/data/work/3e/75915a28fea67521bbd3fcbe440102]
Nov-11 02:40:17.671 [Task monitor] DEBUG n.processor.TaskPollingMonitor - Task completed > TaskHandler[id: 141; name: combineFilesA (24); status: COMPLETED; exit: 0; error: -; workDir: /input/data/work/5c/57fa6b9cf061b14afe886e0b4ef7de]
Nov-11 02:40:31.129 [Task monitor] DEBUG n.processor.TaskPollingMonitor - Task completed > TaskHandler[id: 103; name: combineFilesA (2); status: COMPLETED; exit: 0; error: -; workDir: /input/data/work/58/b1551268c3ba9bd95fa6e6ce7a9d99]
Nov-11 02:41:55.589 [Task monitor] DEBUG n.processor.TaskPollingMonitor - Task completed > TaskHandler[id: 140; name: combineFilesB (17); status: COMPLETED; exit: 0; error: -; workDir: /input/data/work/2a/510054e3816050f542b8af7b4192ee]
Nov-11 02:42:07.638 [Task monitor] DEBUG n.processor.TaskPollingMonitor - Task completed > TaskHandler[id: 145; name: combineFilesA (26); status: COMPLETED; exit: 0; error: -; workDir: /input/data/work/ce/29057d2b78a77d0d254d8065704aac]
Nov-11 02:42:19.520 [Task monitor] DEBUG n.processor.TaskPollingMonitor - Task completed > TaskHandler[id: 144; name: combineFilesB (19); status: COMPLETED; exit: 0; error: -; workDir: /input/data/work/e6/010d3942dc4da6d0b54f14ced9b05d]
Nov-11 02:42:33.031 [Task monitor] DEBUG n.processor.TaskPollingMonitor - Task completed > TaskHandler[id: 112; name: combineFilesA (7); status: COMPLETED; exit: 0; error: -; workDir: /input/data/work/71/824dd0ad3155f076eb202136bfc16a]
Nov-11 02:42:50.082 [Task monitor] DEBUG n.processor.TaskPollingMonitor - Task completed > TaskHandler[id: 118; name: combineFilesB (8); status: COMPLETED; exit: 0; error: -; workDir: /input/data/work/b4/deb80bac6b129621a6b1873b40fe6b]
Nov-11 02:43:20.076 [Task monitor] DEBUG n.processor.TaskPollingMonitor - !! executor k8s > tasks to be completed: 21 -- submitted tasks are shown below
~> TaskHandler[id: 135; name: combineFilesA (21); status: RUNNING; exit: -; error: -; workDir: /input/data/work/14/648392dff919776429764012d51910]
~> TaskHandler[id: 130; name: combineFilesA (19); status: RUNNING; exit: -; error: -; workDir: /input/data/work/ce/0b30ef4d79255f1f2bd97ee2cb073b]
~> TaskHandler[id: 121; name: combineFilesA (12); status: RUNNING; exit: -; error: -; workDir: /input/data/work/6f/4381cbfd292d45c302785b83350b6b]
~> TaskHandler[id: 123; name: combineFilesA (13); status: RUNNING; exit: -; error: -; workDir: /input/data/work/f0/905015659e88d25fe31716d090b740]
~> TaskHandler[id: 137; name: combineFilesB (15); status: RUNNING; exit: -; error: -; workDir: /input/data/work/71/75803a7c18880aeacbfaaa463c9ede]
~> TaskHandler[id: 119; name: combineFilesA (11); status: RUNNING; exit: -; error: -; workDir: /input/data/work/d3/0533587fe188b7068dbfbe14cfc119]
~> TaskHandler[id: 115; name: combineFilesB (7); status: RUNNING; exit: -; error: -; workDir: /input/data/work/36/c613cf0179ebc76271df9cbbd0ece6]
~> TaskHandler[id: 116; name: combineFilesA (9); status: RUNNING; exit: -; error: -; workDir: /input/data/work/86/db9f4a8ff6f725cc7d06575604d0b7]
~> TaskHandler[id: 125; name: combineFilesA (14); status: RUNNING; exit: -; error: -; workDir: /input/data/work/5d/575c2fce676c0702e2b55ae44c1043]
~> TaskHandler[id: 128; name: combineFilesA (17); status: RUNNING; exit: -; error: -; workDir: /input/data/work/ef/39738b991b9dd5dbfab42d5c156310]
.. remaining tasks omitted.
Nov-11 02:44:43.444 [Task monitor] DEBUG n.processor.TaskPollingMonitor - Task completed > TaskHandler[id: 131; name: combineFilesB (12); status: COMPLETED; exit: 0; error: -; workDir: /input/data/work/f8/8265e1ce9ca261baad864e8abba252]
Nov-11 02:44:46.625 [Task monitor] DEBUG n.processor.TaskPollingMonitor - Task completed > TaskHandler[id: 116; name: combineFilesA (9); status: COMPLETED; exit: 0; error: -; workDir: /input/data/work/86/db9f4a8ff6f725cc7d06575604d0b7]
Nov-11 02:44:48.855 [Task monitor] DEBUG n.processor.TaskPollingMonitor - Task completed > TaskHandler[id: 127; name: combineFilesA (16); status: COMPLETED; exit: 0; error: -; workDir: /input/data/work/d9/7ffd82c55276e1178886ea17cea592]
Nov-11 02:46:06.357 [Task monitor] DEBUG n.processor.TaskPollingMonitor - Task completed > TaskHandler[id: 108; name: combineFilesB (4); status: COMPLETED; exit: 0; error: -; workDir: /input/data/work/82/4dfc7ef03703133bcd80fde3a53285]
Nov-11 02:46:36.994 [Task monitor] DEBUG n.processor.TaskPollingMonitor - Task completed > TaskHandler[id: 135; name: combineFilesA (21); status: COMPLETED; exit: 0; error: -; workDir: /input/data/work/14/648392dff919776429764012d51910]
Nov-11 02:48:00.215 [Task monitor] DEBUG n.processor.TaskPollingMonitor - Task completed > TaskHandler[id: 130; name: combineFilesA (19); status: COMPLETED; exit: 0; error: -; workDir: /input/data/work/ce/0b30ef4d79255f1f2bd97ee2cb073b]
Nov-11 02:48:24.339 [Task monitor] DEBUG n.processor.TaskPollingMonitor - !! executor k8s > tasks to be completed: 15 -- submitted tasks are shown below
~> TaskHandler[id: 121; name: combineFilesA (12); status: RUNNING; exit: -; error: -; workDir: /input/data/work/6f/4381cbfd292d45c302785b83350b6b]
~> TaskHandler[id: 123; name: combineFilesA (13); status: RUNNING; exit: -; error: -; workDir: /input/data/work/f0/905015659e88d25fe31716d090b740]
~> TaskHandler[id: 137; name: combineFilesB (15); status: RUNNING; exit: -; error: -; workDir: /input/data/work/71/75803a7c18880aeacbfaaa463c9ede]
~> TaskHandler[id: 119; name: combineFilesA (11); status: RUNNING; exit: -; error: -; workDir: /input/data/work/d3/0533587fe188b7068dbfbe14cfc119]
~> TaskHandler[id: 115; name: combineFilesB (7); status: RUNNING; exit: -; error: -; workDir: /input/data/work/36/c613cf0179ebc76271df9cbbd0ece6]
~> TaskHandler[id: 125; name: combineFilesA (14); status: RUNNING; exit: -; error: -; workDir: /input/data/work/5d/575c2fce676c0702e2b55ae44c1043]
~> TaskHandler[id: 128; name: combineFilesA (17); status: RUNNING; exit: -; error: -; workDir: /input/data/work/ef/39738b991b9dd5dbfab42d5c156310]
~> TaskHandler[id: 129; name: combineFilesA (18); status: RUNNING; exit: -; error: -; workDir: /input/data/work/dd/cb77554e7dc4951cf49618301a045a]
~> TaskHandler[id: 154; name: combineFilesA (28); status: RUNNING; exit: -; error: -; workDir: /input/data/work/6d/cfbb5ce697e128d87940474431e989]
~> TaskHandler[id: 132; name: combineFilesA (20); status: RUNNING; exit: -; error: -; workDir: /input/data/work/5f/ea99b4c4b396601f411d376c1b8ca3]
.. remaining tasks omitted.
Nov-11 02:48:38.956 [Task monitor] DEBUG n.processor.TaskPollingMonitor - Task completed > TaskHandler[id: 125; name: combineFilesA (14); status: COMPLETED; exit: 0; error: -; workDir: /input/data/work/5d/575c2fce676c0702e2b55ae44c1043]
Nov-11 02:48:48.846 [Task monitor] DEBUG n.processor.TaskPollingMonitor - Task completed > TaskHandler[id: 128; name: combineFilesA (17); status: COMPLETED; exit: 0; error: -; workDir: /input/data/work/ef/39738b991b9dd5dbfab42d5c156310]
Nov-11 02:48:59.968 [Task monitor] DEBUG n.processor.TaskPollingMonitor - Task completed > TaskHandler[id: 129; name: combineFilesA (18); status: COMPLETED; exit: 0; error: -; workDir: /input/data/work/dd/cb77554e7dc4951cf49618301a045a]
Nov-11 02:49:10.161 [Task monitor] DEBUG n.processor.TaskPollingMonitor - Task completed > TaskHandler[id: 105; name: combineFilesA (3); status: COMPLETED; exit: 0; error: -; workDir: /input/data/work/12/4a8f68c540cc0340adee7d20a93eca]
Nov-11 02:49:20.092 [Task monitor] DEBUG n.processor.TaskPollingMonitor - Task completed > TaskHandler[id: 121; name: combineFilesA (12); status: COMPLETED; exit: 0; error: -; workDir: /input/data/work/6f/4381cbfd292d45c302785b83350b6b]
Nov-11 02:50:11.513 [Task monitor] DEBUG n.processor.TaskPollingMonitor - Task completed > TaskHandler[id: 137; name: combineFilesB (15); status: COMPLETED; exit: 0; error: -; workDir: /input/data/work/71/75803a7c18880aeacbfaaa463c9ede]
Nov-11 02:50:18.676 [Task monitor] DEBUG n.processor.TaskPollingMonitor - Task completed > TaskHandler[id: 119; name: combineFilesA (11); status: COMPLETED; exit: 0; error: -; workDir: /input/data/work/d3/0533587fe188b7068dbfbe14cfc119]
Nov-11 02:50:24.014 [Task monitor] DEBUG n.processor.TaskPollingMonitor - Task completed > TaskHandler[id: 115; name: combineFilesB (7); status: COMPLETED; exit: 0; error: -; workDir: /input/data/work/36/c613cf0179ebc76271df9cbbd0ece6]
Nov-11 02:50:24.088 [Task monitor] DEBUG n.processor.TaskPollingMonitor - Task completed > TaskHandler[id: 154; name: combineFilesA (28); status: COMPLETED; exit: 0; error: -; workDir: /input/data/work/6d/cfbb5ce697e128d87940474431e989]
Nov-11 02:50:29.612 [Task monitor] DEBUG n.processor.TaskPollingMonitor - Task completed > TaskHandler[id: 139; name: combineFilesA (23); status: COMPLETED; exit: 0; error: -; workDir: /input/data/work/0a/cb37596d10fa901e38c323cc01d229]
Nov-11 02:50:30.154 [Task monitor] DEBUG n.processor.TaskPollingMonitor - Task completed > TaskHandler[id: 117; name: combineFilesA (10); status: COMPLETED; exit: 0; error: -; workDir: /input/data/work/13/5d35de45d9169baadbf6f7a40b74b7]
Nov-11 02:50:30.680 [Task monitor] DEBUG n.processor.TaskPollingMonitor - Task completed > TaskHandler[id: 160; name: combineFilesA (34); status: COMPLETED; exit: 0; error: -; workDir: /input/data/work/07/4ac587326827caa226b4234c7355e8]
Nov-11 02:51:59.319 [Task monitor] DEBUG n.processor.TaskPollingMonitor - Task completed > TaskHandler[id: 132; name: combineFilesA (20); status: COMPLETED; exit: 0; error: -; workDir: /input/data/work/5f/ea99b4c4b396601f411d376c1b8ca3]
Nov-11 02:52:04.306 [Task monitor] DEBUG n.processor.TaskPollingMonitor - Task completed > TaskHandler[id: 123; name: combineFilesA (13); status: COMPLETED; exit: 0; error: -; workDir: /input/data/work/f0/905015659e88d25fe31716d090b740]
Nov-11 02:52:04.347 [Task monitor] DEBUG n.processor.TaskPollingMonitor - Task completed > TaskHandler[id: 109; name: combineFilesA (5); status: COMPLETED; exit: 0; error: -; workDir: /input/data/work/f8/3f923fbe94a5c3d3deb28cbaf2c125]
Nov-11 02:52:04.349 [main] DEBUG nextflow.Session - Session await > all processes finished
Nov-11 02:52:04.351 [main] DEBUG nextflow.Session - Session await > all barriers passed
Nov-11 02:52:04.362 [main] DEBUG n.trace.WorkflowStatsObserver - Workflow completed > WorkflowStats[succeededCount=160; failedCount=0; ignoredCount=0; cachedCount=0; pendingCount=0; submittedCount=0; runningCount=0; retriesCount=0; abortedCount=0; succeedDuration=4d 5h 22m 8s; failedDuration=0ms; cachedDuration=0ms;loadCpus=0; loadMemory=0; peakRunning=30; peakCpus=300; peakMemory=474.4 GB; ]
Nov-11 02:52:04.362 [main] DEBUG nextflow.trace.TraceFileObserver - Workflow completed -- saving trace file
Nov-11 02:52:04.369 [main] DEBUG nextflow.trace.ReportObserver - Workflow completed -- rendering execution report
Nov-11 02:52:05.036 [main] DEBUG nextflow.trace.TimelineObserver - Workflow completed -- rendering execution timeline
Nov-11 02:52:05.222 [main] DEBUG nextflow.cache.CacheDB - Closing CacheDB done
Nov-11 02:52:05.245 [main] DEBUG nextflow.util.ThreadPoolManager - Thread pool 'FileTransfer' shutdown completed (hard=false)
Nov-11 02:52:05.245 [main] DEBUG nextflow.script.ScriptRunner - > Execution complete -- Goodbye
