Jan-26 01:48:26.173 [main] DEBUG nextflow.cli.Launcher - $> nextflow run /input/fork -c /experiments/experiment/fork/nextflow.config -c /experiments/experiment/nextflow_cws.config -c /experiments/experiment/nextflow_nfs.config
Jan-26 01:48:26.234 [main] INFO  nextflow.cli.CmdRun - N E X T F L O W  ~  version 23.07.0-edge
Jan-26 01:48:26.252 [main] DEBUG nextflow.plugin.PluginsFacade - Setting up plugin manager > mode=prod; embedded=false; plugins-dir=/.nextflow/plugins; core-plugins: nf-amazon@2.1.0,nf-azure@1.1.4,nf-cloudcache@0.1.0,nf-codecommit@0.1.5,nf-console@1.0.6,nf-ga4gh@1.1.0,nf-google@1.8.1,nf-tower@1.5.15,nf-wave@0.11.0
Jan-26 01:48:26.261 [main] INFO  o.pf4j.DefaultPluginStatusProvider - Enabled plugins: []
Jan-26 01:48:26.262 [main] INFO  o.pf4j.DefaultPluginStatusProvider - Disabled plugins: []
Jan-26 01:48:26.265 [main] INFO  org.pf4j.DefaultPluginManager - PF4J version 3.4.1 in 'deployment' mode
Jan-26 01:48:26.272 [main] INFO  org.pf4j.AbstractPluginManager - No plugins
Jan-26 01:48:26.291 [main] DEBUG nextflow.scm.AssetManager - Project manifest does not exist: /input/fork/nextflow.config (No such file or directory)
Jan-26 01:48:26.312 [main] DEBUG nextflow.config.ConfigBuilder - User config file: /experiments/experiment/fork/nextflow.config
Jan-26 01:48:26.313 [main] DEBUG nextflow.config.ConfigBuilder - User config file: /experiments/experiment/nextflow_cws.config
Jan-26 01:48:26.314 [main] DEBUG nextflow.config.ConfigBuilder - User config file: /experiments/experiment/nextflow_nfs.config
Jan-26 01:48:26.314 [main] DEBUG nextflow.config.ConfigBuilder - Parsing config file: /experiments/experiment/fork/nextflow.config
Jan-26 01:48:26.314 [main] DEBUG nextflow.config.ConfigBuilder - Parsing config file: /experiments/experiment/nextflow_cws.config
Jan-26 01:48:26.315 [main] DEBUG nextflow.config.ConfigBuilder - Parsing config file: /experiments/experiment/nextflow_nfs.config
Jan-26 01:48:26.329 [main] DEBUG nextflow.config.ConfigBuilder - Applying config profile: `standard`
Jan-26 01:48:26.848 [main] DEBUG nextflow.config.ConfigBuilder - Applying config profile: `standard`
Jan-26 01:48:27.010 [main] DEBUG nextflow.config.ConfigBuilder - Applying config profile: `standard`
Jan-26 01:48:27.037 [main] DEBUG nextflow.cli.CmdRun - Applied DSL=2 by global default
Jan-26 01:48:27.050 [main] INFO  nextflow.cli.CmdRun - Launching `/input/fork/main.nf` [lonely_rubens] DSL2 - revision: 64aabf06f3
Jan-26 01:48:27.051 [main] DEBUG nextflow.plugin.PluginsFacade - Plugins default=[]
Jan-26 01:48:27.051 [main] DEBUG nextflow.plugin.PluginsFacade - Plugins resolved requirement=[]
Jan-26 01:48:27.059 [main] DEBUG n.secret.LocalSecretsProvider - Secrets store: /.nextflow/secrets/store.json
Jan-26 01:48:27.061 [main] DEBUG nextflow.secret.SecretsLoader - Discovered secrets providers: [nextflow.secret.LocalSecretsProvider@5b7c8930] - activable => nextflow.secret.LocalSecretsProvider@5b7c8930
Jan-26 01:48:27.112 [main] DEBUG nextflow.Session - Session UUID: 49921b21-f177-4b68-a9d0-720ae3a0bb08
Jan-26 01:48:27.112 [main] DEBUG nextflow.Session - Run name: lonely_rubens
Jan-26 01:48:27.113 [main] DEBUG nextflow.Session - Executor pool size: 32
Jan-26 01:48:27.118 [main] DEBUG nextflow.file.FilePorter - File porter settings maxRetries=3; maxTransfers=50; pollTimeout=null
Jan-26 01:48:27.121 [main] DEBUG nextflow.util.ThreadPoolBuilder - Creating thread pool 'FileTransfer' minSize=10; maxSize=96; workQueue=LinkedBlockingQueue[10000]; allowCoreThreadTimeout=false
Jan-26 01:48:27.148 [main] DEBUG nextflow.cli.CmdRun - 
  Version: 23.07.0-edge build 5875
  Created: 28-07-2023 20:27 UTC (20:27 GMT)
  System: Linux 5.4.0-169-generic
  Runtime: Groovy 3.0.18 on OpenJDK 64-Bit Server VM 17.0.6+10-LTS
  Encoding: UTF-8 (UTF-8)
  Process: 294676@nextflow [10.233.76.49]
  CPUs: 32 - Mem: 125.7 GB (122.2 GB) - Swap: 0 (0)
Jan-26 01:48:27.196 [main] DEBUG nextflow.Session - Work-dir: /input/data/work [nfs]
Jan-26 01:48:27.197 [main] DEBUG nextflow.Session - Script base path does not exist or is not a directory: /input/fork/bin
Jan-26 01:48:27.206 [main] DEBUG nextflow.executor.ExecutorFactory - Extension executors providers=[]
Jan-26 01:48:27.213 [main] DEBUG nextflow.Session - Observer factory: DefaultObserverFactory
Jan-26 01:48:27.239 [main] DEBUG nextflow.cache.CacheFactory - Using Nextflow cache factory: nextflow.cache.DefaultCacheFactory
Jan-26 01:48:27.246 [main] DEBUG nextflow.util.CustomThreadPool - Creating default thread pool > poolSize: 33; maxThreads: 1000
Jan-26 01:48:27.336 [main] DEBUG nextflow.Session - Session start
Jan-26 01:48:27.340 [main] DEBUG nextflow.trace.TraceFileObserver - Workflow started -- trace file: /input/data/output/trace.csv
Jan-26 01:48:27.473 [main] DEBUG nextflow.script.ScriptRunner - > Launching execution
Jan-26 01:48:27.672 [main] DEBUG nextflow.script.ProcessConfig - Config settings `withName:writeLargeFile` matches process writeLargeFile
Jan-26 01:48:27.697 [main] DEBUG nextflow.executor.ExecutorFactory - << taskConfig executor: k8s
Jan-26 01:48:27.697 [main] DEBUG nextflow.executor.ExecutorFactory - >> processorType: 'k8s'
Jan-26 01:48:27.704 [main] DEBUG nextflow.executor.Executor - [warm up] executor > k8s
Jan-26 01:48:27.720 [main] DEBUG n.processor.TaskPollingMonitor - Creating task monitor for executor 'k8s' > capacity: 300; pollInterval: 5s; dumpInterval: 5m; schedulerBatch: null
Jan-26 01:48:27.725 [main] DEBUG nextflow.k8s.client.ConfigDiscovery - K8s config file does not exist: /root/.kube/config
Jan-26 01:48:27.735 [main] DEBUG nextflow.k8s.K8sExecutor - [K8s] config=[scheduler:[strategy:rank_max-fair, name:workflow-scheduler, autoClose:false, nodeSelector:usedby=anonymized, container:anonymized/test1:sch_v201], debug:[yaml:true], namespace:anonymized, serviceAccount:nextflow, workDir:/input/data/work/, projectDir:/input/data/project/, imagePullPolicy:IfNotPresent, launchDir:/input/data/launch/, runAsUser:0, fetchNodeName:true, storageMountPath:/input, pod:[nodeSelector:usedby=anonymized], storage:[nodeSelector:usedby=anonymized, imageName:anonymized/test1:ftp_v122], storageClaimName:nfs-experiment]; API client config=ClientConfig[ server=10.233.0.1:443, namespace=anonymized, serviceAccount=nextflow, token=eyJhbGciOiJ.., sslCert=LS0tLS1CRUd.., clientCert=-, clientKey=-, verifySsl=false, fromFile=true, httpReadTimeout=null, httpConnectTimeout=null, maxErrorRetry=4 ]
Jan-26 01:48:31.384 [main] DEBUG nextflow.script.ProcessConfig - Config settings `withName:revertFile` matches process revertFile
Jan-26 01:48:31.386 [main] DEBUG nextflow.executor.ExecutorFactory - << taskConfig executor: k8s
Jan-26 01:48:31.387 [main] DEBUG nextflow.executor.ExecutorFactory - >> processorType: 'k8s'
Jan-26 01:48:31.398 [main] DEBUG nextflow.Session - Workflow process names [dsl2]: revertFile, combineFiles, writeLargeFile
Jan-26 01:48:31.400 [main] DEBUG nextflow.Session - Igniting dataflow network (3)
Jan-26 01:48:31.401 [main] DEBUG nextflow.processor.TaskProcessor - Starting process > writeLargeFile
Jan-26 01:48:31.405 [main] DEBUG nextflow.processor.TaskProcessor - Starting process > revertFile
Jan-26 01:48:31.405 [main] DEBUG nextflow.script.ScriptRunner - > Awaiting termination 
Jan-26 01:48:31.405 [main] DEBUG nextflow.Session - Session await
Jan-26 01:48:31.648 [Task submitter] INFO  nextflow.Session - [47/a8e503] Submitted process > writeLargeFile (1)
Jan-26 01:48:47.782 [Task monitor] DEBUG n.processor.TaskPollingMonitor - Task completed > TaskHandler[id: 1; name: writeLargeFile (1); status: COMPLETED; exit: 0; error: -; workDir: /input/data/work/47/a8e503b0c94a9d6a4e18dedc5b30b0]
Jan-26 01:48:47.907 [Task submitter] INFO  nextflow.Session - [3f/79200b] Submitted process > revertFile (17)
Jan-26 01:48:47.959 [Task submitter] INFO  nextflow.Session - [26/2248f0] Submitted process > revertFile (27)
Jan-26 01:48:47.999 [Task submitter] INFO  nextflow.Session - [7d/8161f3] Submitted process > revertFile (23)
Jan-26 01:48:48.042 [Task submitter] INFO  nextflow.Session - [7e/c25d88] Submitted process > revertFile (11)
Jan-26 01:48:48.080 [Task submitter] INFO  nextflow.Session - [8d/3ab305] Submitted process > revertFile (28)
Jan-26 01:48:48.117 [Task submitter] INFO  nextflow.Session - [07/4ecc1f] Submitted process > revertFile (9)
Jan-26 01:48:48.161 [Task submitter] INFO  nextflow.Session - [71/98e83e] Submitted process > revertFile (15)
Jan-26 01:48:48.202 [Task submitter] INFO  nextflow.Session - [20/440804] Submitted process > revertFile (29)
Jan-26 01:48:48.237 [Task submitter] INFO  nextflow.Session - [02/3ce33c] Submitted process > revertFile (19)
Jan-26 01:48:48.274 [Task submitter] INFO  nextflow.Session - [0a/87a61f] Submitted process > revertFile (5)
Jan-26 01:48:48.313 [Task submitter] INFO  nextflow.Session - [6a/ebafcc] Submitted process > revertFile (32)
Jan-26 01:48:48.350 [Task submitter] INFO  nextflow.Session - [46/81d6fa] Submitted process > revertFile (4)
Jan-26 01:48:48.385 [Task submitter] INFO  nextflow.Session - [28/6552c3] Submitted process > revertFile (20)
Jan-26 01:48:48.422 [Task submitter] INFO  nextflow.Session - [99/aa0fe3] Submitted process > revertFile (16)
Jan-26 01:48:48.463 [Task submitter] INFO  nextflow.Session - [96/7a0adf] Submitted process > revertFile (24)
Jan-26 01:48:48.503 [Task submitter] INFO  nextflow.Session - [3f/3c51f0] Submitted process > revertFile (42)
Jan-26 01:48:48.538 [Task submitter] INFO  nextflow.Session - [38/3f2927] Submitted process > revertFile (21)
Jan-26 01:48:48.574 [Task submitter] INFO  nextflow.Session - [f6/5831d2] Submitted process > revertFile (3)
Jan-26 01:48:48.613 [Task submitter] INFO  nextflow.Session - [13/b1d122] Submitted process > revertFile (22)
Jan-26 01:48:48.650 [Task submitter] INFO  nextflow.Session - [b1/bd8980] Submitted process > revertFile (25)
Jan-26 01:48:48.685 [Task submitter] INFO  nextflow.Session - [41/a24d69] Submitted process > revertFile (10)
Jan-26 01:48:48.722 [Task submitter] INFO  nextflow.Session - [55/bbae6b] Submitted process > revertFile (18)
Jan-26 01:48:48.758 [Task submitter] INFO  nextflow.Session - [e0/df5684] Submitted process > revertFile (8)
Jan-26 01:48:48.796 [Task submitter] INFO  nextflow.Session - [6b/767a0b] Submitted process > revertFile (12)
Jan-26 01:48:48.833 [Task submitter] INFO  nextflow.Session - [b7/f58847] Submitted process > revertFile (7)
Jan-26 01:48:48.870 [Task submitter] INFO  nextflow.Session - [51/5e60f4] Submitted process > revertFile (30)
Jan-26 01:48:48.909 [Task submitter] INFO  nextflow.Session - [47/95929a] Submitted process > revertFile (54)
Jan-26 01:48:48.945 [Task submitter] INFO  nextflow.Session - [cc/41f7b2] Submitted process > revertFile (14)
Jan-26 01:48:48.980 [Task submitter] INFO  nextflow.Session - [8c/d98206] Submitted process > revertFile (2)
Jan-26 01:48:49.016 [Task submitter] INFO  nextflow.Session - [2b/fa5e58] Submitted process > revertFile (26)
Jan-26 01:48:49.049 [Task submitter] INFO  nextflow.Session - [50/d73b1f] Submitted process > revertFile (6)
Jan-26 01:48:49.089 [Task submitter] INFO  nextflow.Session - [6c/dda84e] Submitted process > revertFile (31)
Jan-26 01:48:49.123 [Task submitter] INFO  nextflow.Session - [9e/d6c460] Submitted process > revertFile (13)
Jan-26 01:48:49.156 [Task submitter] INFO  nextflow.Session - [c6/e96356] Submitted process > revertFile (1)
Jan-26 01:48:49.193 [Task submitter] INFO  nextflow.Session - [50/515068] Submitted process > revertFile (44)
Jan-26 01:48:49.229 [Task submitter] INFO  nextflow.Session - [76/2f15c2] Submitted process > revertFile (56)
Jan-26 01:48:49.264 [Task submitter] INFO  nextflow.Session - [50/9fab5e] Submitted process > revertFile (53)
Jan-26 01:48:49.298 [Task submitter] INFO  nextflow.Session - [56/a6e9ea] Submitted process > revertFile (58)
Jan-26 01:48:49.334 [Task submitter] INFO  nextflow.Session - [e8/ad839f] Submitted process > revertFile (36)
Jan-26 01:48:49.370 [Task submitter] INFO  nextflow.Session - [b4/23e3b7] Submitted process > revertFile (33)
Jan-26 01:48:49.404 [Task submitter] INFO  nextflow.Session - [b9/9abf70] Submitted process > revertFile (35)
Jan-26 01:48:49.439 [Task submitter] INFO  nextflow.Session - [d4/ab04b3] Submitted process > revertFile (37)
Jan-26 01:48:49.475 [Task submitter] INFO  nextflow.Session - [96/84cd12] Submitted process > revertFile (72)
Jan-26 01:48:49.509 [Task submitter] INFO  nextflow.Session - [d6/1373ad] Submitted process > revertFile (38)
Jan-26 01:48:49.542 [Task submitter] INFO  nextflow.Session - [4e/940474] Submitted process > revertFile (43)
Jan-26 01:48:49.575 [Task submitter] INFO  nextflow.Session - [99/b357ca] Submitted process > revertFile (74)
Jan-26 01:48:49.610 [Task submitter] INFO  nextflow.Session - [40/4cc66a] Submitted process > revertFile (34)
Jan-26 01:48:49.646 [Task submitter] INFO  nextflow.Session - [ae/0c0cb2] Submitted process > revertFile (41)
Jan-26 01:48:49.687 [Task submitter] INFO  nextflow.Session - [2d/e8d633] Submitted process > revertFile (39)
Jan-26 01:48:49.727 [Task submitter] INFO  nextflow.Session - [c6/90164d] Submitted process > revertFile (80)
Jan-26 01:48:49.760 [Task submitter] INFO  nextflow.Session - [f5/e6bc37] Submitted process > revertFile (47)
Jan-26 01:48:49.799 [Task submitter] INFO  nextflow.Session - [d3/262d47] Submitted process > revertFile (51)
Jan-26 01:48:49.835 [Task submitter] INFO  nextflow.Session - [b3/23283d] Submitted process > revertFile (48)
Jan-26 01:48:49.869 [Task submitter] INFO  nextflow.Session - [08/1b13b3] Submitted process > revertFile (62)
Jan-26 01:48:49.904 [Task submitter] INFO  nextflow.Session - [c8/cfe00c] Submitted process > revertFile (57)
Jan-26 01:48:49.939 [Task submitter] INFO  nextflow.Session - [c1/e0f819] Submitted process > revertFile (50)
Jan-26 01:48:49.974 [Task submitter] INFO  nextflow.Session - [d2/fd1235] Submitted process > revertFile (59)
Jan-26 01:48:50.009 [Task submitter] INFO  nextflow.Session - [2d/9f4c12] Submitted process > revertFile (52)
Jan-26 01:48:50.045 [Task submitter] INFO  nextflow.Session - [79/acb9e4] Submitted process > revertFile (49)
Jan-26 01:48:50.079 [Task submitter] INFO  nextflow.Session - [d6/4ddbf3] Submitted process > revertFile (87)
Jan-26 01:48:50.115 [Task submitter] INFO  nextflow.Session - [c2/f1f171] Submitted process > revertFile (40)
Jan-26 01:48:50.149 [Task submitter] INFO  nextflow.Session - [34/4ff81a] Submitted process > revertFile (60)
Jan-26 01:48:50.183 [Task submitter] INFO  nextflow.Session - [8f/9a1727] Submitted process > revertFile (55)
Jan-26 01:48:50.219 [Task submitter] INFO  nextflow.Session - [51/d2c04b] Submitted process > revertFile (91)
Jan-26 01:48:50.251 [Task submitter] INFO  nextflow.Session - [58/e7bfcb] Submitted process > revertFile (61)
Jan-26 01:48:50.286 [Task submitter] INFO  nextflow.Session - [1d/e11512] Submitted process > revertFile (46)
Jan-26 01:48:50.317 [Task submitter] INFO  nextflow.Session - [1d/75d327] Submitted process > revertFile (68)
Jan-26 01:48:50.351 [Task submitter] INFO  nextflow.Session - [5b/9c38b9] Submitted process > revertFile (84)
Jan-26 01:48:50.384 [Task submitter] INFO  nextflow.Session - [5d/3d4e8a] Submitted process > revertFile (64)
Jan-26 01:48:50.418 [Task submitter] INFO  nextflow.Session - [e9/a8bb45] Submitted process > revertFile (45)
Jan-26 01:48:50.450 [Task submitter] INFO  nextflow.Session - [2d/7c3c72] Submitted process > revertFile (97)
Jan-26 01:48:50.487 [Task submitter] INFO  nextflow.Session - [43/5de42a] Submitted process > revertFile (63)
Jan-26 01:48:50.521 [Task submitter] INFO  nextflow.Session - [09/0a866d] Submitted process > revertFile (69)
Jan-26 01:48:50.554 [Task submitter] INFO  nextflow.Session - [54/ec782e] Submitted process > revertFile (78)
Jan-26 01:48:50.587 [Task submitter] INFO  nextflow.Session - [61/03462c] Submitted process > revertFile (67)
Jan-26 01:48:50.622 [Task submitter] INFO  nextflow.Session - [0e/c5b4f2] Submitted process > revertFile (65)
Jan-26 01:48:50.655 [Task submitter] INFO  nextflow.Session - [cf/58f219] Submitted process > revertFile (76)
Jan-26 01:48:50.693 [Task submitter] INFO  nextflow.Session - [ed/06c161] Submitted process > revertFile (66)
Jan-26 01:48:50.723 [Task submitter] INFO  nextflow.Session - [c7/f95dc9] Submitted process > revertFile (75)
Jan-26 01:48:50.758 [Task submitter] INFO  nextflow.Session - [dc/ccbc03] Submitted process > revertFile (82)
Jan-26 01:48:50.789 [Task submitter] INFO  nextflow.Session - [6e/ba2a68] Submitted process > revertFile (85)
Jan-26 01:48:50.828 [Task submitter] INFO  nextflow.Session - [2e/1e5a2a] Submitted process > revertFile (71)
Jan-26 01:48:50.861 [Task submitter] INFO  nextflow.Session - [27/c47fe1] Submitted process > revertFile (81)
Jan-26 01:48:50.896 [Task submitter] INFO  nextflow.Session - [ba/eec1ea] Submitted process > revertFile (73)
Jan-26 01:48:50.931 [Task submitter] INFO  nextflow.Session - [bb/cc0003] Submitted process > revertFile (70)
Jan-26 01:48:50.966 [Task submitter] INFO  nextflow.Session - [fd/38d1eb] Submitted process > revertFile (86)
Jan-26 01:48:50.997 [Task submitter] INFO  nextflow.Session - [24/bef2b5] Submitted process > revertFile (77)
Jan-26 01:48:51.029 [Task submitter] INFO  nextflow.Session - [bf/458162] Submitted process > revertFile (83)
Jan-26 01:48:51.063 [Task submitter] INFO  nextflow.Session - [63/fb98cc] Submitted process > revertFile (79)
Jan-26 01:48:51.094 [Task submitter] INFO  nextflow.Session - [89/dfd471] Submitted process > revertFile (88)
Jan-26 01:48:51.130 [Task submitter] INFO  nextflow.Session - [ee/c026c8] Submitted process > revertFile (89)
Jan-26 01:48:51.163 [Task submitter] INFO  nextflow.Session - [30/e1fbf5] Submitted process > revertFile (96)
Jan-26 01:48:51.196 [Task submitter] INFO  nextflow.Session - [df/ccb878] Submitted process > revertFile (90)
Jan-26 01:48:51.229 [Task submitter] INFO  nextflow.Session - [9a/bfe994] Submitted process > revertFile (99)
Jan-26 01:48:51.262 [Task submitter] INFO  nextflow.Session - [0b/99d9ad] Submitted process > revertFile (98)
Jan-26 01:48:51.300 [Task submitter] INFO  nextflow.Session - [4d/a559fc] Submitted process > revertFile (94)
Jan-26 01:48:51.333 [Task submitter] INFO  nextflow.Session - [c3/9c6fef] Submitted process > revertFile (93)
Jan-26 01:48:51.372 [Task submitter] INFO  nextflow.Session - [b8/4bdae2] Submitted process > revertFile (92)
Jan-26 01:48:51.404 [Task submitter] INFO  nextflow.Session - [59/fde366] Submitted process > revertFile (100)
Jan-26 01:48:51.441 [Task submitter] INFO  nextflow.Session - [77/d86280] Submitted process > revertFile (95)
Jan-26 01:49:47.769 [Task monitor] DEBUG n.processor.TaskPollingMonitor - Task completed > TaskHandler[id: 18; name: revertFile (17); status: COMPLETED; exit: 0; error: -; workDir: /input/data/work/3f/79200bcf17d295cb40a58c57704dc0]
Jan-26 01:49:47.810 [Task monitor] DEBUG n.processor.TaskPollingMonitor - Task completed > TaskHandler[id: 28; name: revertFile (27); status: COMPLETED; exit: 0; error: -; workDir: /input/data/work/26/2248f0f2f4a221830f3ee2bfba366c]
Jan-26 01:49:47.849 [Task monitor] DEBUG n.processor.TaskPollingMonitor - Task completed > TaskHandler[id: 24; name: revertFile (23); status: COMPLETED; exit: 0; error: -; workDir: /input/data/work/7d/8161f38b21128adfe6c21d1dad68ab]
Jan-26 01:50:19.893 [Task monitor] DEBUG n.processor.TaskPollingMonitor - Task completed > TaskHandler[id: 12; name: revertFile (11); status: COMPLETED; exit: 0; error: -; workDir: /input/data/work/7e/c25d883eb39033ad72f9b5a2b22e27]
Jan-26 01:50:19.934 [Task monitor] DEBUG n.processor.TaskPollingMonitor - Task completed > TaskHandler[id: 29; name: revertFile (28); status: COMPLETED; exit: 0; error: -; workDir: /input/data/work/8d/3ab305822bf4e5bef3fe1b47804ac4]
Jan-26 01:50:19.973 [Task monitor] DEBUG n.processor.TaskPollingMonitor - Task completed > TaskHandler[id: 10; name: revertFile (9); status: COMPLETED; exit: 0; error: -; workDir: /input/data/work/07/4ecc1f8b0e5228f65f8b0eb8a99b9d]
Jan-26 01:50:57.076 [Task monitor] DEBUG n.processor.TaskPollingMonitor - Task completed > TaskHandler[id: 16; name: revertFile (15); status: COMPLETED; exit: 0; error: -; workDir: /input/data/work/71/98e83e803e840ca63d6101ba0ce2f6]
Jan-26 01:50:57.115 [Task monitor] DEBUG n.processor.TaskPollingMonitor - Task completed > TaskHandler[id: 30; name: revertFile (29); status: COMPLETED; exit: 0; error: -; workDir: /input/data/work/20/4408042cfd024d770c45013ad97e88]
Jan-26 01:50:57.156 [Task monitor] DEBUG n.processor.TaskPollingMonitor - Task completed > TaskHandler[id: 20; name: revertFile (19); status: COMPLETED; exit: 0; error: -; workDir: /input/data/work/02/3ce33c7ec34c586228ba38c47f694d]
Jan-26 01:51:33.496 [Task monitor] DEBUG n.processor.TaskPollingMonitor - Task completed > TaskHandler[id: 6; name: revertFile (5); status: COMPLETED; exit: 0; error: -; workDir: /input/data/work/0a/87a61f7d657dd4362caec1113374e7]
Jan-26 01:51:33.542 [Task monitor] DEBUG n.processor.TaskPollingMonitor - Task completed > TaskHandler[id: 33; name: revertFile (32); status: COMPLETED; exit: 0; error: -; workDir: /input/data/work/6a/ebafcce2b1721d776b6679981eb895]
Jan-26 01:51:33.577 [Task monitor] DEBUG n.processor.TaskPollingMonitor - Task completed > TaskHandler[id: 5; name: revertFile (4); status: COMPLETED; exit: 0; error: -; workDir: /input/data/work/46/81d6fa2d84171b0d17dc14bb22e167]
Jan-26 01:52:04.258 [Task monitor] DEBUG n.processor.TaskPollingMonitor - Task completed > TaskHandler[id: 21; name: revertFile (20); status: COMPLETED; exit: 0; error: -; workDir: /input/data/work/28/6552c312421ac3718768d1e271bdbc]
Jan-26 01:52:04.297 [Task monitor] DEBUG n.processor.TaskPollingMonitor - Task completed > TaskHandler[id: 17; name: revertFile (16); status: COMPLETED; exit: 0; error: -; workDir: /input/data/work/99/aa0fe33c75bbaf096f2a3302461aa6]
Jan-26 01:52:04.334 [Task monitor] DEBUG n.processor.TaskPollingMonitor - Task completed > TaskHandler[id: 25; name: revertFile (24); status: COMPLETED; exit: 0; error: -; workDir: /input/data/work/96/7a0adf3cc4da556eadadb3316e2ee4]
Jan-26 01:52:39.332 [Task monitor] DEBUG n.processor.TaskPollingMonitor - Task completed > TaskHandler[id: 43; name: revertFile (42); status: COMPLETED; exit: 0; error: -; workDir: /input/data/work/3f/3c51f04615214db419bd6eca949ded]
Jan-26 01:52:39.370 [Task monitor] DEBUG n.processor.TaskPollingMonitor - Task completed > TaskHandler[id: 22; name: revertFile (21); status: COMPLETED; exit: 0; error: -; workDir: /input/data/work/38/3f2927a5cfeeb0261c16c0a76e9e7a]
Jan-26 01:52:39.406 [Task monitor] DEBUG n.processor.TaskPollingMonitor - Task completed > TaskHandler[id: 4; name: revertFile (3); status: COMPLETED; exit: 0; error: -; workDir: /input/data/work/f6/5831d2edb9efde2776d20b8d5be0c3]
Jan-26 01:53:19.334 [Task monitor] DEBUG n.processor.TaskPollingMonitor - Task completed > TaskHandler[id: 23; name: revertFile (22); status: COMPLETED; exit: 0; error: -; workDir: /input/data/work/13/b1d122086b391575d951762ca3f3a5]
Jan-26 01:53:19.371 [Task monitor] DEBUG n.processor.TaskPollingMonitor - Task completed > TaskHandler[id: 26; name: revertFile (25); status: COMPLETED; exit: 0; error: -; workDir: /input/data/work/b1/bd8980dc0daaa649827dd5fb6a8a98]
Jan-26 01:53:19.411 [Task monitor] DEBUG n.processor.TaskPollingMonitor - Task completed > TaskHandler[id: 11; name: revertFile (10); status: COMPLETED; exit: 0; error: -; workDir: /input/data/work/41/a24d69d79df7dcac63aef60f298d47]
Jan-26 01:53:34.298 [Task monitor] DEBUG n.processor.TaskPollingMonitor - !! executor k8s > tasks to be completed: 79 -- submitted tasks are shown below
~> TaskHandler[id: 19; name: revertFile (18); status: RUNNING; exit: -; error: -; workDir: /input/data/work/55/bbae6b9b9e421856649cb1cf0bd0e8]
~> TaskHandler[id: 9; name: revertFile (8); status: RUNNING; exit: -; error: -; workDir: /input/data/work/e0/df568454a51fc7a90c5729742f2916]
~> TaskHandler[id: 13; name: revertFile (12); status: RUNNING; exit: -; error: -; workDir: /input/data/work/6b/767a0bf8c87946cac8b93215fefcf8]
~> TaskHandler[id: 8; name: revertFile (7); status: SUBMITTED; exit: -; error: -; workDir: /input/data/work/b7/f588479671fc4c1f605058e3a1f16d]
~> TaskHandler[id: 31; name: revertFile (30); status: SUBMITTED; exit: -; error: -; workDir: /input/data/work/51/5e60f43f70e1adffa12421515f3f5a]
~> TaskHandler[id: 55; name: revertFile (54); status: SUBMITTED; exit: -; error: -; workDir: /input/data/work/47/95929af1e327f4693c1b775a53d01b]
~> TaskHandler[id: 15; name: revertFile (14); status: SUBMITTED; exit: -; error: -; workDir: /input/data/work/cc/41f7b25302bcb09cdda3bf99912784]
~> TaskHandler[id: 3; name: revertFile (2); status: SUBMITTED; exit: -; error: -; workDir: /input/data/work/8c/d98206025cc1c39abbb54d52ef29b1]
~> TaskHandler[id: 27; name: revertFile (26); status: SUBMITTED; exit: -; error: -; workDir: /input/data/work/2b/fa5e5880ef34dffdeac160bb4f26e0]
~> TaskHandler[id: 7; name: revertFile (6); status: SUBMITTED; exit: -; error: -; workDir: /input/data/work/50/d73b1f826ba3f624d83510ef3ad72b]
.. remaining tasks omitted.
Jan-26 01:53:54.331 [Task monitor] DEBUG n.processor.TaskPollingMonitor - Task completed > TaskHandler[id: 19; name: revertFile (18); status: COMPLETED; exit: 0; error: -; workDir: /input/data/work/55/bbae6b9b9e421856649cb1cf0bd0e8]
Jan-26 01:53:54.369 [Task monitor] DEBUG n.processor.TaskPollingMonitor - Task completed > TaskHandler[id: 9; name: revertFile (8); status: COMPLETED; exit: 0; error: -; workDir: /input/data/work/e0/df568454a51fc7a90c5729742f2916]
Jan-26 01:53:54.408 [Task monitor] DEBUG n.processor.TaskPollingMonitor - Task completed > TaskHandler[id: 13; name: revertFile (12); status: COMPLETED; exit: 0; error: -; workDir: /input/data/work/6b/767a0bf8c87946cac8b93215fefcf8]
Jan-26 01:54:29.329 [Task monitor] DEBUG n.processor.TaskPollingMonitor - Task completed > TaskHandler[id: 8; name: revertFile (7); status: COMPLETED; exit: 0; error: -; workDir: /input/data/work/b7/f588479671fc4c1f605058e3a1f16d]
Jan-26 01:54:29.366 [Task monitor] DEBUG n.processor.TaskPollingMonitor - Task completed > TaskHandler[id: 31; name: revertFile (30); status: COMPLETED; exit: 0; error: -; workDir: /input/data/work/51/5e60f43f70e1adffa12421515f3f5a]
Jan-26 01:54:29.401 [Task monitor] DEBUG n.processor.TaskPollingMonitor - Task completed > TaskHandler[id: 55; name: revertFile (54); status: COMPLETED; exit: 0; error: -; workDir: /input/data/work/47/95929af1e327f4693c1b775a53d01b]
Jan-26 01:55:04.331 [Task monitor] DEBUG n.processor.TaskPollingMonitor - Task completed > TaskHandler[id: 15; name: revertFile (14); status: COMPLETED; exit: 0; error: -; workDir: /input/data/work/cc/41f7b25302bcb09cdda3bf99912784]
Jan-26 01:55:04.366 [Task monitor] DEBUG n.processor.TaskPollingMonitor - Task completed > TaskHandler[id: 3; name: revertFile (2); status: COMPLETED; exit: 0; error: -; workDir: /input/data/work/8c/d98206025cc1c39abbb54d52ef29b1]
Jan-26 01:55:04.402 [Task monitor] DEBUG n.processor.TaskPollingMonitor - Task completed > TaskHandler[id: 27; name: revertFile (26); status: COMPLETED; exit: 0; error: -; workDir: /input/data/work/2b/fa5e5880ef34dffdeac160bb4f26e0]
Jan-26 01:55:39.335 [Task monitor] DEBUG n.processor.TaskPollingMonitor - Task completed > TaskHandler[id: 7; name: revertFile (6); status: COMPLETED; exit: 0; error: -; workDir: /input/data/work/50/d73b1f826ba3f624d83510ef3ad72b]
Jan-26 01:55:39.381 [Task monitor] DEBUG n.processor.TaskPollingMonitor - Task completed > TaskHandler[id: 32; name: revertFile (31); status: COMPLETED; exit: 0; error: -; workDir: /input/data/work/6c/dda84e502e1ea1c3e6a14113ae9822]
Jan-26 01:55:39.414 [Task monitor] DEBUG n.processor.TaskPollingMonitor - Task completed > TaskHandler[id: 14; name: revertFile (13); status: COMPLETED; exit: 0; error: -; workDir: /input/data/work/9e/d6c46053264dd256ef2b3eba92acf1]
Jan-26 01:56:14.337 [Task monitor] DEBUG n.processor.TaskPollingMonitor - Task completed > TaskHandler[id: 2; name: revertFile (1); status: COMPLETED; exit: 0; error: -; workDir: /input/data/work/c6/e963561c2044cb550a6498cebc79ad]
Jan-26 01:56:14.376 [Task monitor] DEBUG n.processor.TaskPollingMonitor - Task completed > TaskHandler[id: 45; name: revertFile (44); status: COMPLETED; exit: 0; error: -; workDir: /input/data/work/50/5150685f24bec6b1e0c18a430b8b38]
Jan-26 01:56:14.413 [Task monitor] DEBUG n.processor.TaskPollingMonitor - Task completed > TaskHandler[id: 57; name: revertFile (56); status: COMPLETED; exit: 0; error: -; workDir: /input/data/work/76/2f15c25102698037011d4ad7920365]
Jan-26 01:56:49.335 [Task monitor] DEBUG n.processor.TaskPollingMonitor - Task completed > TaskHandler[id: 54; name: revertFile (53); status: COMPLETED; exit: 0; error: -; workDir: /input/data/work/50/9fab5e4c1a5a87cc4d0eb56c2a8fa7]
Jan-26 01:56:49.373 [Task monitor] DEBUG n.processor.TaskPollingMonitor - Task completed > TaskHandler[id: 59; name: revertFile (58); status: COMPLETED; exit: 0; error: -; workDir: /input/data/work/56/a6e9ea7967ba077cbbec83e7b992fd]
Jan-26 01:56:49.408 [Task monitor] DEBUG n.processor.TaskPollingMonitor - Task completed > TaskHandler[id: 37; name: revertFile (36); status: COMPLETED; exit: 0; error: -; workDir: /input/data/work/e8/ad839ffe485efd310466265eda53ef]
Jan-26 01:57:29.335 [Task monitor] DEBUG n.processor.TaskPollingMonitor - Task completed > TaskHandler[id: 34; name: revertFile (33); status: COMPLETED; exit: 0; error: -; workDir: /input/data/work/b4/23e3b7ad620e983a45637949e21143]
Jan-26 01:57:29.372 [Task monitor] DEBUG n.processor.TaskPollingMonitor - Task completed > TaskHandler[id: 36; name: revertFile (35); status: COMPLETED; exit: 0; error: -; workDir: /input/data/work/b9/9abf70bf5c4062e867694cda2d25f1]
Jan-26 01:57:29.409 [Task monitor] DEBUG n.processor.TaskPollingMonitor - Task completed > TaskHandler[id: 38; name: revertFile (37); status: COMPLETED; exit: 0; error: -; workDir: /input/data/work/d4/ab04b33139f1c49d60710530256eee]
Jan-26 01:58:04.341 [Task monitor] DEBUG n.processor.TaskPollingMonitor - Task completed > TaskHandler[id: 73; name: revertFile (72); status: COMPLETED; exit: 0; error: -; workDir: /input/data/work/96/84cd12442ed27cfd21d6d7a6722f6c]
Jan-26 01:58:04.378 [Task monitor] DEBUG n.processor.TaskPollingMonitor - Task completed > TaskHandler[id: 39; name: revertFile (38); status: COMPLETED; exit: 0; error: -; workDir: /input/data/work/d6/1373adffa424011ef776d9a81608c6]
Jan-26 01:58:04.415 [Task monitor] DEBUG n.processor.TaskPollingMonitor - Task completed > TaskHandler[id: 44; name: revertFile (43); status: COMPLETED; exit: 0; error: -; workDir: /input/data/work/4e/9404746d06ef3b124768e47f1a5229]
Jan-26 01:58:34.305 [Task monitor] DEBUG n.processor.TaskPollingMonitor - !! executor k8s > tasks to be completed: 55 -- submitted tasks are shown below
~> TaskHandler[id: 75; name: revertFile (74); status: RUNNING; exit: -; error: -; workDir: /input/data/work/99/b357caa30ab63c8615c7abcb458e32]
~> TaskHandler[id: 35; name: revertFile (34); status: RUNNING; exit: -; error: -; workDir: /input/data/work/40/4cc66a9f5bd780aec8a7ea430c29b5]
~> TaskHandler[id: 42; name: revertFile (41); status: RUNNING; exit: -; error: -; workDir: /input/data/work/ae/0c0cb20506bc5062294c35a5395513]
~> TaskHandler[id: 40; name: revertFile (39); status: SUBMITTED; exit: -; error: -; workDir: /input/data/work/2d/e8d633eb07066507aab7cf31a722d9]
~> TaskHandler[id: 81; name: revertFile (80); status: SUBMITTED; exit: -; error: -; workDir: /input/data/work/c6/90164daaaafa48f852fc820baad91a]
~> TaskHandler[id: 48; name: revertFile (47); status: SUBMITTED; exit: -; error: -; workDir: /input/data/work/f5/e6bc37413686c6b084cc5c32639913]
~> TaskHandler[id: 52; name: revertFile (51); status: SUBMITTED; exit: -; error: -; workDir: /input/data/work/d3/262d470b7427fb121f42f985869f2c]
~> TaskHandler[id: 49; name: revertFile (48); status: SUBMITTED; exit: -; error: -; workDir: /input/data/work/b3/23283d0c02260650538d9315cc0ca9]
~> TaskHandler[id: 63; name: revertFile (62); status: SUBMITTED; exit: -; error: -; workDir: /input/data/work/08/1b13b339c9d16153af289664ac72c3]
~> TaskHandler[id: 58; name: revertFile (57); status: SUBMITTED; exit: -; error: -; workDir: /input/data/work/c8/cfe00ce1b5f3da969f2c95dbfd5173]
.. remaining tasks omitted.
Jan-26 01:58:39.343 [Task monitor] DEBUG n.processor.TaskPollingMonitor - Task completed > TaskHandler[id: 75; name: revertFile (74); status: COMPLETED; exit: 0; error: -; workDir: /input/data/work/99/b357caa30ab63c8615c7abcb458e32]
Jan-26 01:58:39.380 [Task monitor] DEBUG n.processor.TaskPollingMonitor - Task completed > TaskHandler[id: 35; name: revertFile (34); status: COMPLETED; exit: 0; error: -; workDir: /input/data/work/40/4cc66a9f5bd780aec8a7ea430c29b5]
Jan-26 01:58:39.419 [Task monitor] DEBUG n.processor.TaskPollingMonitor - Task completed > TaskHandler[id: 42; name: revertFile (41); status: COMPLETED; exit: 0; error: -; workDir: /input/data/work/ae/0c0cb20506bc5062294c35a5395513]
Jan-26 01:59:14.341 [Task monitor] DEBUG n.processor.TaskPollingMonitor - Task completed > TaskHandler[id: 40; name: revertFile (39); status: COMPLETED; exit: 0; error: -; workDir: /input/data/work/2d/e8d633eb07066507aab7cf31a722d9]
Jan-26 01:59:14.378 [Task monitor] DEBUG n.processor.TaskPollingMonitor - Task completed > TaskHandler[id: 81; name: revertFile (80); status: COMPLETED; exit: 0; error: -; workDir: /input/data/work/c6/90164daaaafa48f852fc820baad91a]
Jan-26 01:59:14.417 [Task monitor] DEBUG n.processor.TaskPollingMonitor - Task completed > TaskHandler[id: 48; name: revertFile (47); status: COMPLETED; exit: 0; error: -; workDir: /input/data/work/f5/e6bc37413686c6b084cc5c32639913]
Jan-26 01:59:49.340 [Task monitor] DEBUG n.processor.TaskPollingMonitor - Task completed > TaskHandler[id: 52; name: revertFile (51); status: COMPLETED; exit: 0; error: -; workDir: /input/data/work/d3/262d470b7427fb121f42f985869f2c]
Jan-26 01:59:49.374 [Task monitor] DEBUG n.processor.TaskPollingMonitor - Task completed > TaskHandler[id: 49; name: revertFile (48); status: COMPLETED; exit: 0; error: -; workDir: /input/data/work/b3/23283d0c02260650538d9315cc0ca9]
Jan-26 01:59:49.410 [Task monitor] DEBUG n.processor.TaskPollingMonitor - Task completed > TaskHandler[id: 63; name: revertFile (62); status: COMPLETED; exit: 0; error: -; workDir: /input/data/work/08/1b13b339c9d16153af289664ac72c3]
Jan-26 02:00:24.344 [Task monitor] DEBUG n.processor.TaskPollingMonitor - Task completed > TaskHandler[id: 58; name: revertFile (57); status: COMPLETED; exit: 0; error: -; workDir: /input/data/work/c8/cfe00ce1b5f3da969f2c95dbfd5173]
Jan-26 02:00:24.381 [Task monitor] DEBUG n.processor.TaskPollingMonitor - Task completed > TaskHandler[id: 51; name: revertFile (50); status: COMPLETED; exit: 0; error: -; workDir: /input/data/work/c1/e0f819c5336c5e82cb890d2042f0cd]
Jan-26 02:00:24.414 [Task monitor] DEBUG n.processor.TaskPollingMonitor - Task completed > TaskHandler[id: 60; name: revertFile (59); status: COMPLETED; exit: 0; error: -; workDir: /input/data/work/d2/fd12353be449e18366c57eb0f8d643]
Jan-26 02:00:59.346 [Task monitor] DEBUG n.processor.TaskPollingMonitor - Task completed > TaskHandler[id: 53; name: revertFile (52); status: COMPLETED; exit: 0; error: -; workDir: /input/data/work/2d/9f4c120d50b221bb12b43e30dd679b]
Jan-26 02:00:59.380 [Task monitor] DEBUG n.processor.TaskPollingMonitor - Task completed > TaskHandler[id: 50; name: revertFile (49); status: COMPLETED; exit: 0; error: -; workDir: /input/data/work/79/acb9e4bc7a35c83fb2475f1860ce3c]
Jan-26 02:00:59.413 [Task monitor] DEBUG n.processor.TaskPollingMonitor - Task completed > TaskHandler[id: 88; name: revertFile (87); status: COMPLETED; exit: 0; error: -; workDir: /input/data/work/d6/4ddbf3ecfcf628536505d7f2f65156]
Jan-26 02:01:34.345 [Task monitor] DEBUG n.processor.TaskPollingMonitor - Task completed > TaskHandler[id: 41; name: revertFile (40); status: COMPLETED; exit: 0; error: -; workDir: /input/data/work/c2/f1f1716d2f0bb4c0a2bb05b81865bf]
Jan-26 02:01:34.382 [Task monitor] DEBUG n.processor.TaskPollingMonitor - Task completed > TaskHandler[id: 61; name: revertFile (60); status: COMPLETED; exit: 0; error: -; workDir: /input/data/work/34/4ff81a5c2431a3a88fc5d491bc2e64]
Jan-26 02:01:34.417 [Task monitor] DEBUG n.processor.TaskPollingMonitor - Task completed > TaskHandler[id: 56; name: revertFile (55); status: COMPLETED; exit: 0; error: -; workDir: /input/data/work/8f/9a172743bf611353f6e5cb2e2da9ad]
Jan-26 02:02:09.349 [Task monitor] DEBUG n.processor.TaskPollingMonitor - Task completed > TaskHandler[id: 92; name: revertFile (91); status: COMPLETED; exit: 0; error: -; workDir: /input/data/work/51/d2c04b35d99c2485e7f4d08d22dafb]
Jan-26 02:02:09.386 [Task monitor] DEBUG n.processor.TaskPollingMonitor - Task completed > TaskHandler[id: 62; name: revertFile (61); status: COMPLETED; exit: 0; error: -; workDir: /input/data/work/58/e7bfcb2f64d28af2b1b310a66e2135]
Jan-26 02:02:09.421 [Task monitor] DEBUG n.processor.TaskPollingMonitor - Task completed > TaskHandler[id: 47; name: revertFile (46); status: COMPLETED; exit: 0; error: -; workDir: /input/data/work/1d/e11512d9bbd24c7d7d632c3696dc5f]
Jan-26 02:02:44.349 [Task monitor] DEBUG n.processor.TaskPollingMonitor - Task completed > TaskHandler[id: 69; name: revertFile (68); status: COMPLETED; exit: 0; error: -; workDir: /input/data/work/1d/75d32758199d15bc7246de1e4ec9f1]
Jan-26 02:02:44.386 [Task monitor] DEBUG n.processor.TaskPollingMonitor - Task completed > TaskHandler[id: 85; name: revertFile (84); status: COMPLETED; exit: 0; error: -; workDir: /input/data/work/5b/9c38b9fbfcc9597d98a8ad5aeaa220]
Jan-26 02:02:44.424 [Task monitor] DEBUG n.processor.TaskPollingMonitor - Task completed > TaskHandler[id: 65; name: revertFile (64); status: COMPLETED; exit: 0; error: -; workDir: /input/data/work/5d/3d4e8acf4c2ea74c7991586155d3de]
Jan-26 02:03:19.351 [Task monitor] DEBUG n.processor.TaskPollingMonitor - Task completed > TaskHandler[id: 46; name: revertFile (45); status: COMPLETED; exit: 0; error: -; workDir: /input/data/work/e9/a8bb458be6f9a5b7c7430f63251b7b]
Jan-26 02:03:19.389 [Task monitor] DEBUG n.processor.TaskPollingMonitor - Task completed > TaskHandler[id: 98; name: revertFile (97); status: COMPLETED; exit: 0; error: -; workDir: /input/data/work/2d/7c3c7276da6b5424b93feaa00b47bc]
Jan-26 02:03:19.425 [Task monitor] DEBUG n.processor.TaskPollingMonitor - Task completed > TaskHandler[id: 64; name: revertFile (63); status: COMPLETED; exit: 0; error: -; workDir: /input/data/work/43/5de42a34c9c39a3504b745bc76c0df]
Jan-26 02:03:34.314 [Task monitor] DEBUG n.processor.TaskPollingMonitor - !! executor k8s > tasks to be completed: 28 -- submitted tasks are shown below
~> TaskHandler[id: 70; name: revertFile (69); status: RUNNING; exit: -; error: -; workDir: /input/data/work/09/0a866d7bb4736ca864e3534fbefc21]
~> TaskHandler[id: 79; name: revertFile (78); status: RUNNING; exit: -; error: -; workDir: /input/data/work/54/ec782ee199e30fae2e76cfea655a18]
~> TaskHandler[id: 68; name: revertFile (67); status: RUNNING; exit: -; error: -; workDir: /input/data/work/61/03462ce4962eb9c403a6fd8bf6af19]
~> TaskHandler[id: 66; name: revertFile (65); status: SUBMITTED; exit: -; error: -; workDir: /input/data/work/0e/c5b4f23c26543561b3434e023e1a26]
~> TaskHandler[id: 77; name: revertFile (76); status: SUBMITTED; exit: -; error: -; workDir: /input/data/work/cf/58f2195ed0e92f8937db369fda19f4]
~> TaskHandler[id: 67; name: revertFile (66); status: SUBMITTED; exit: -; error: -; workDir: /input/data/work/ed/06c161fbd972aa141870f184ca489a]
~> TaskHandler[id: 76; name: revertFile (75); status: SUBMITTED; exit: -; error: -; workDir: /input/data/work/c7/f95dc992beaa96128db9a4a4924dba]
~> TaskHandler[id: 83; name: revertFile (82); status: SUBMITTED; exit: -; error: -; workDir: /input/data/work/dc/ccbc0352eba237e97d29862a0b6bbd]
~> TaskHandler[id: 86; name: revertFile (85); status: SUBMITTED; exit: -; error: -; workDir: /input/data/work/6e/ba2a68ac38fbc5bc363798e2a9b19c]
~> TaskHandler[id: 72; name: revertFile (71); status: SUBMITTED; exit: -; error: -; workDir: /input/data/work/2e/1e5a2abac9f9a7d70f4ae308eaa296]
.. remaining tasks omitted.
Jan-26 02:03:59.353 [Task monitor] DEBUG n.processor.TaskPollingMonitor - Task completed > TaskHandler[id: 70; name: revertFile (69); status: COMPLETED; exit: 0; error: -; workDir: /input/data/work/09/0a866d7bb4736ca864e3534fbefc21]
Jan-26 02:03:59.393 [Task monitor] DEBUG n.processor.TaskPollingMonitor - Task completed > TaskHandler[id: 79; name: revertFile (78); status: COMPLETED; exit: 0; error: -; workDir: /input/data/work/54/ec782ee199e30fae2e76cfea655a18]
Jan-26 02:03:59.431 [Task monitor] DEBUG n.processor.TaskPollingMonitor - Task completed > TaskHandler[id: 68; name: revertFile (67); status: COMPLETED; exit: 0; error: -; workDir: /input/data/work/61/03462ce4962eb9c403a6fd8bf6af19]
Jan-26 02:04:34.353 [Task monitor] DEBUG n.processor.TaskPollingMonitor - Task completed > TaskHandler[id: 66; name: revertFile (65); status: COMPLETED; exit: 0; error: -; workDir: /input/data/work/0e/c5b4f23c26543561b3434e023e1a26]
Jan-26 02:04:34.389 [Task monitor] DEBUG n.processor.TaskPollingMonitor - Task completed > TaskHandler[id: 77; name: revertFile (76); status: COMPLETED; exit: 0; error: -; workDir: /input/data/work/cf/58f2195ed0e92f8937db369fda19f4]
Jan-26 02:04:34.426 [Task monitor] DEBUG n.processor.TaskPollingMonitor - Task completed > TaskHandler[id: 67; name: revertFile (66); status: COMPLETED; exit: 0; error: -; workDir: /input/data/work/ed/06c161fbd972aa141870f184ca489a]
Jan-26 02:05:09.355 [Task monitor] DEBUG n.processor.TaskPollingMonitor - Task completed > TaskHandler[id: 76; name: revertFile (75); status: COMPLETED; exit: 0; error: -; workDir: /input/data/work/c7/f95dc992beaa96128db9a4a4924dba]
Jan-26 02:05:09.395 [Task monitor] DEBUG n.processor.TaskPollingMonitor - Task completed > TaskHandler[id: 83; name: revertFile (82); status: COMPLETED; exit: 0; error: -; workDir: /input/data/work/dc/ccbc0352eba237e97d29862a0b6bbd]
Jan-26 02:05:09.431 [Task monitor] DEBUG n.processor.TaskPollingMonitor - Task completed > TaskHandler[id: 86; name: revertFile (85); status: COMPLETED; exit: 0; error: -; workDir: /input/data/work/6e/ba2a68ac38fbc5bc363798e2a9b19c]
Jan-26 02:05:44.353 [Task monitor] DEBUG n.processor.TaskPollingMonitor - Task completed > TaskHandler[id: 72; name: revertFile (71); status: COMPLETED; exit: 0; error: -; workDir: /input/data/work/2e/1e5a2abac9f9a7d70f4ae308eaa296]
Jan-26 02:05:44.386 [Task monitor] DEBUG n.processor.TaskPollingMonitor - Task completed > TaskHandler[id: 82; name: revertFile (81); status: COMPLETED; exit: 0; error: -; workDir: /input/data/work/27/c47fe1e40b9f4f21424adb8ef914cc]
Jan-26 02:05:44.422 [Task monitor] DEBUG n.processor.TaskPollingMonitor - Task completed > TaskHandler[id: 74; name: revertFile (73); status: COMPLETED; exit: 0; error: -; workDir: /input/data/work/ba/eec1eaf4b187f166ea6f5e35105b84]
Jan-26 02:06:19.353 [Task monitor] DEBUG n.processor.TaskPollingMonitor - Task completed > TaskHandler[id: 71; name: revertFile (70); status: COMPLETED; exit: 0; error: -; workDir: /input/data/work/bb/cc00036dd14582e5b5a3b0841df1a8]
Jan-26 02:06:19.386 [Task monitor] DEBUG n.processor.TaskPollingMonitor - Task completed > TaskHandler[id: 87; name: revertFile (86); status: COMPLETED; exit: 0; error: -; workDir: /input/data/work/fd/38d1ebd38a9bc9f96bd8e1c4d9696f]
Jan-26 02:06:19.426 [Task monitor] DEBUG n.processor.TaskPollingMonitor - Task completed > TaskHandler[id: 78; name: revertFile (77); status: COMPLETED; exit: 0; error: -; workDir: /input/data/work/24/bef2b5389e3400008db815fb0ae7b4]
Jan-26 02:06:54.353 [Task monitor] DEBUG n.processor.TaskPollingMonitor - Task completed > TaskHandler[id: 84; name: revertFile (83); status: COMPLETED; exit: 0; error: -; workDir: /input/data/work/bf/458162c07622673aada33e4d2351d6]
Jan-26 02:06:54.388 [Task monitor] DEBUG n.processor.TaskPollingMonitor - Task completed > TaskHandler[id: 80; name: revertFile (79); status: COMPLETED; exit: 0; error: -; workDir: /input/data/work/63/fb98cc785093c7185a4319116fd935]
Jan-26 02:06:54.424 [Task monitor] DEBUG n.processor.TaskPollingMonitor - Task completed > TaskHandler[id: 89; name: revertFile (88); status: COMPLETED; exit: 0; error: -; workDir: /input/data/work/89/dfd471c9c7f6d56a1fb54622d02949]
Jan-26 02:07:34.361 [Task monitor] DEBUG n.processor.TaskPollingMonitor - Task completed > TaskHandler[id: 90; name: revertFile (89); status: COMPLETED; exit: 0; error: -; workDir: /input/data/work/ee/c026c88873ebe0f4031dbfa7da3f1a]
Jan-26 02:07:34.400 [Task monitor] DEBUG n.processor.TaskPollingMonitor - Task completed > TaskHandler[id: 97; name: revertFile (96); status: COMPLETED; exit: 0; error: -; workDir: /input/data/work/30/e1fbf58e0cb84c761d5657bdfa8612]
Jan-26 02:07:34.443 [Task monitor] DEBUG n.processor.TaskPollingMonitor - Task completed > TaskHandler[id: 91; name: revertFile (90); status: COMPLETED; exit: 0; error: -; workDir: /input/data/work/df/ccb878db69608e25b130b1edd8e02c]
Jan-26 02:08:09.359 [Task monitor] DEBUG n.processor.TaskPollingMonitor - Task completed > TaskHandler[id: 100; name: revertFile (99); status: COMPLETED; exit: 0; error: -; workDir: /input/data/work/9a/bfe994b26c07cf271541cdd5a4e7f2]
Jan-26 02:08:09.398 [Task monitor] DEBUG n.processor.TaskPollingMonitor - Task completed > TaskHandler[id: 99; name: revertFile (98); status: COMPLETED; exit: 0; error: -; workDir: /input/data/work/0b/99d9adbe355d579ee2910d8c6c216d]
Jan-26 02:08:09.436 [Task monitor] DEBUG n.processor.TaskPollingMonitor - Task completed > TaskHandler[id: 95; name: revertFile (94); status: COMPLETED; exit: 0; error: -; workDir: /input/data/work/4d/a559fcc990011ad9fc92faa46c362d]
Jan-26 02:08:34.323 [Task monitor] DEBUG n.processor.TaskPollingMonitor - !! executor k8s > tasks to be completed: 4 -- submitted tasks are shown below
~> TaskHandler[id: 94; name: revertFile (93); status: RUNNING; exit: -; error: -; workDir: /input/data/work/c3/9c6fef33485987a7365fb3612b87d3]
~> TaskHandler[id: 93; name: revertFile (92); status: RUNNING; exit: -; error: -; workDir: /input/data/work/b8/4bdae22300c611a5c95080213849b9]
~> TaskHandler[id: 101; name: revertFile (100); status: RUNNING; exit: -; error: -; workDir: /input/data/work/59/fde3660065b67915c1a80976c529ba]
~> TaskHandler[id: 96; name: revertFile (95); status: SUBMITTED; exit: -; error: -; workDir: /input/data/work/77/d86280921fac23d8c32709d34e2d05]
Jan-26 02:08:44.360 [Task monitor] DEBUG n.processor.TaskPollingMonitor - Task completed > TaskHandler[id: 94; name: revertFile (93); status: COMPLETED; exit: 0; error: -; workDir: /input/data/work/c3/9c6fef33485987a7365fb3612b87d3]
Jan-26 02:08:44.395 [Task monitor] DEBUG n.processor.TaskPollingMonitor - Task completed > TaskHandler[id: 93; name: revertFile (92); status: COMPLETED; exit: 0; error: -; workDir: /input/data/work/b8/4bdae22300c611a5c95080213849b9]
Jan-26 02:08:44.434 [Task monitor] DEBUG n.processor.TaskPollingMonitor - Task completed > TaskHandler[id: 101; name: revertFile (100); status: COMPLETED; exit: 0; error: -; workDir: /input/data/work/59/fde3660065b67915c1a80976c529ba]
Jan-26 02:09:04.365 [Task monitor] DEBUG n.processor.TaskPollingMonitor - Task completed > TaskHandler[id: 96; name: revertFile (95); status: COMPLETED; exit: 0; error: -; workDir: /input/data/work/77/d86280921fac23d8c32709d34e2d05]
Jan-26 02:09:04.367 [main] DEBUG nextflow.Session - Session await > all processes finished
Jan-26 02:09:04.368 [main] DEBUG nextflow.Session - Session await > all barriers passed
Jan-26 02:09:04.384 [main] DEBUG n.trace.WorkflowStatsObserver - Workflow completed > WorkflowStats[succeededCount=101; failedCount=0; ignoredCount=0; cachedCount=0; pendingCount=0; submittedCount=0; runningCount=0; retriesCount=0; abortedCount=0; succeedDuration=1h 40m 42s; failedDuration=0ms; cachedDuration=0ms;loadCpus=0; loadMemory=0; peakRunning=3; peakCpus=30; peakMemory=30 GB; ]
Jan-26 02:09:04.385 [main] DEBUG nextflow.trace.TraceFileObserver - Workflow completed -- saving trace file
Jan-26 02:09:04.397 [main] DEBUG nextflow.trace.ReportObserver - Workflow completed -- rendering execution report
Jan-26 02:09:05.019 [main] DEBUG nextflow.trace.TimelineObserver - Workflow completed -- rendering execution timeline
Jan-26 02:09:05.178 [main] DEBUG nextflow.cache.CacheDB - Closing CacheDB done
Jan-26 02:09:05.208 [main] DEBUG nextflow.util.ThreadPoolManager - Thread pool 'FileTransfer' shutdown completed (hard=false)
Jan-26 02:09:05.208 [main] DEBUG nextflow.script.ScriptRunner - > Execution complete -- Goodbye
