Dec-14 19:52:48.833 [main] DEBUG nextflow.cli.Launcher - $> nextflow run /input/allIntoOne -c /experiments/experiment/allIntoOne/nextflow.config -c /experiments/experiment/nextflow_la.config -c /experiments/experiment/nextflow_nfs.config
Dec-14 19:52:48.892 [main] INFO  nextflow.cli.CmdRun - N E X T F L O W  ~  version 23.07.0-edge
Dec-14 19:52:48.915 [main] DEBUG nextflow.plugin.PluginsFacade - Setting up plugin manager > mode=prod; embedded=false; plugins-dir=/.nextflow/plugins; core-plugins: nf-amazon@2.1.0,nf-azure@1.1.4,nf-cloudcache@0.1.0,nf-codecommit@0.1.5,nf-console@1.0.6,nf-ga4gh@1.1.0,nf-google@1.8.1,nf-tower@1.5.15,nf-wave@0.11.0
Dec-14 19:52:48.924 [main] INFO  o.pf4j.DefaultPluginStatusProvider - Enabled plugins: []
Dec-14 19:52:48.925 [main] INFO  o.pf4j.DefaultPluginStatusProvider - Disabled plugins: []
Dec-14 19:52:48.927 [main] INFO  org.pf4j.DefaultPluginManager - PF4J version 3.4.1 in 'deployment' mode
Dec-14 19:52:48.934 [main] INFO  org.pf4j.AbstractPluginManager - No plugins
Dec-14 19:52:48.953 [main] DEBUG nextflow.scm.AssetManager - Project manifest does not exist: /input/allIntoOne/nextflow.config (No such file or directory)
Dec-14 19:52:48.974 [main] DEBUG nextflow.config.ConfigBuilder - User config file: /experiments/experiment/allIntoOne/nextflow.config
Dec-14 19:52:48.974 [main] DEBUG nextflow.config.ConfigBuilder - User config file: /experiments/experiment/nextflow_la.config
Dec-14 19:52:48.975 [main] DEBUG nextflow.config.ConfigBuilder - User config file: /experiments/experiment/nextflow_nfs.config
Dec-14 19:52:48.975 [main] DEBUG nextflow.config.ConfigBuilder - Parsing config file: /experiments/experiment/allIntoOne/nextflow.config
Dec-14 19:52:48.975 [main] DEBUG nextflow.config.ConfigBuilder - Parsing config file: /experiments/experiment/nextflow_la.config
Dec-14 19:52:48.975 [main] DEBUG nextflow.config.ConfigBuilder - Parsing config file: /experiments/experiment/nextflow_nfs.config
Dec-14 19:52:48.989 [main] DEBUG nextflow.config.ConfigBuilder - Applying config profile: `standard`
Dec-14 19:52:49.472 [main] DEBUG nextflow.config.ConfigBuilder - Applying config profile: `standard`
Dec-14 19:52:49.622 [main] DEBUG nextflow.config.ConfigBuilder - Applying config profile: `standard`
Dec-14 19:52:49.649 [main] DEBUG nextflow.cli.CmdRun - Applied DSL=2 by global default
Dec-14 19:52:49.661 [main] INFO  nextflow.cli.CmdRun - Launching `/input/allIntoOne/main.nf` [wise_hamilton] DSL2 - revision: f2e677d52d
Dec-14 19:52:49.662 [main] DEBUG nextflow.plugin.PluginsFacade - Plugins default=[]
Dec-14 19:52:49.662 [main] DEBUG nextflow.plugin.PluginsFacade - Plugins resolved requirement=[]
Dec-14 19:52:49.669 [main] DEBUG n.secret.LocalSecretsProvider - Secrets store: /.nextflow/secrets/store.json
Dec-14 19:52:49.671 [main] DEBUG nextflow.secret.SecretsLoader - Discovered secrets providers: [nextflow.secret.LocalSecretsProvider@1d12e953] - activable => nextflow.secret.LocalSecretsProvider@1d12e953
Dec-14 19:52:49.723 [main] DEBUG nextflow.Session - Session UUID: fdec30c5-c81a-497f-8253-11c30e562188
Dec-14 19:52:49.723 [main] DEBUG nextflow.Session - Run name: wise_hamilton
Dec-14 19:52:49.723 [main] DEBUG nextflow.Session - Executor pool size: 32
Dec-14 19:52:49.729 [main] DEBUG nextflow.file.FilePorter - File porter settings maxRetries=3; maxTransfers=50; pollTimeout=null
Dec-14 19:52:49.732 [main] DEBUG nextflow.util.ThreadPoolBuilder - Creating thread pool 'FileTransfer' minSize=10; maxSize=96; workQueue=LinkedBlockingQueue[10000]; allowCoreThreadTimeout=false
Dec-14 19:52:49.762 [main] DEBUG nextflow.cli.CmdRun - 
  Version: 23.07.0-edge build 5875
  Created: 28-07-2023 20:27 UTC (20:27 GMT)
  System: Linux 5.4.0-166-generic
  Runtime: Groovy 3.0.18 on OpenJDK 64-Bit Server VM 17.0.6+10-LTS
  Encoding: UTF-8 (UTF-8)
  Process: 425998@nextflow [10.233.76.59]
  CPUs: 32 - Mem: 125.7 GB (121.7 GB) - Swap: 0 (0)
Dec-14 19:52:49.812 [main] DEBUG nextflow.Session - Work-dir: /input/data/work [nfs]
Dec-14 19:52:49.812 [main] DEBUG nextflow.Session - Script base path does not exist or is not a directory: /input/allIntoOne/bin
Dec-14 19:52:49.822 [main] DEBUG nextflow.executor.ExecutorFactory - Extension executors providers=[]
Dec-14 19:52:49.829 [main] DEBUG nextflow.Session - Observer factory: DefaultObserverFactory
Dec-14 19:52:49.855 [main] DEBUG nextflow.cache.CacheFactory - Using Nextflow cache factory: nextflow.cache.DefaultCacheFactory
Dec-14 19:52:49.862 [main] DEBUG nextflow.util.CustomThreadPool - Creating default thread pool > poolSize: 33; maxThreads: 1000
Dec-14 19:52:49.961 [main] DEBUG nextflow.Session - Session start
Dec-14 19:52:49.968 [main] DEBUG nextflow.trace.TraceFileObserver - Workflow started -- trace file: /input/data/output/trace.csv
Dec-14 19:52:50.123 [main] DEBUG nextflow.script.ScriptRunner - > Launching execution
Dec-14 19:52:50.352 [main] DEBUG nextflow.script.ProcessConfig - Config settings `withName:writeLargeFile` matches process writeLargeFile
Dec-14 19:52:50.367 [main] DEBUG nextflow.executor.ExecutorFactory - << taskConfig executor: k8s
Dec-14 19:52:50.367 [main] DEBUG nextflow.executor.ExecutorFactory - >> processorType: 'k8s'
Dec-14 19:52:50.375 [main] DEBUG nextflow.executor.Executor - [warm up] executor > k8s
Dec-14 19:52:50.393 [main] DEBUG n.processor.TaskPollingMonitor - Creating task monitor for executor 'k8s' > capacity: 300; pollInterval: 5s; dumpInterval: 5m; schedulerBatch: null
Dec-14 19:52:50.397 [main] DEBUG nextflow.k8s.client.ConfigDiscovery - K8s config file does not exist: /root/.kube/config
Dec-14 19:52:50.408 [main] DEBUG nextflow.k8s.K8sExecutor - [K8s] config=[localPath:/localdata, localStorageMountPath:/localdata, scheduler:[strategy:LAv2, name:workflow-scheduler, autoClose:false, nodeSelector:usedby=anonymized, container:anonymized/test1:sch_v194], storage:[type:copy, workdir:/localdata/localwork/, nodeSelector:usedby=anonymized, imageName:anonymized/test1:ftp_v122], debug:[yaml:true], namespace:anonymized, serviceAccount:nextflow, workDir:/input/data/work/, projectDir:/input/data/project/, imagePullPolicy:IfNotPresent, launchDir:/input/data/launch/, runAsUser:0, fetchNodeName:true, storageMountPath:/input, pod:[nodeSelector:usedby=anonymized], storageClaimName:nfs-experiment]; API client config=ClientConfig[ server=10.233.0.1:443, namespace=anonymized, serviceAccount=nextflow, token=eyJhbGciOiJ.., sslCert=LS0tLS1CRUd.., clientCert=-, clientKey=-, verifySsl=false, fromFile=true, httpReadTimeout=null, httpConnectTimeout=null, maxErrorRetry=4 ]
Dec-14 19:52:50.841 [main] DEBUG nextflow.k8s.K8sExecutor - Created K8s configMap with name: nf-get-stat-41cac373
Dec-14 19:52:54.653 [main] DEBUG nextflow.script.ProcessConfig - Config settings `withName:combineFiles` matches process combineFiles
Dec-14 19:52:54.656 [main] DEBUG nextflow.executor.ExecutorFactory - << taskConfig executor: k8s
Dec-14 19:52:54.656 [main] DEBUG nextflow.executor.ExecutorFactory - >> processorType: 'k8s'
Dec-14 19:52:54.670 [main] DEBUG nextflow.Session - Workflow process names [dsl2]: revertFile, combineFiles, writeLargeFile
Dec-14 19:52:54.671 [main] DEBUG nextflow.Session - Igniting dataflow network (3)
Dec-14 19:52:54.672 [main] DEBUG nextflow.processor.TaskProcessor - Starting process > writeLargeFile
Dec-14 19:52:54.674 [main] DEBUG nextflow.processor.TaskProcessor - Starting process > combineFiles
Dec-14 19:52:54.674 [main] DEBUG nextflow.script.ScriptRunner - > Awaiting termination 
Dec-14 19:52:54.674 [main] DEBUG nextflow.Session - Session await
Dec-14 19:52:54.971 [Task submitter] INFO  nextflow.Session - [92/b2b3eb] Submitted process > writeLargeFile (28)
Dec-14 19:52:55.021 [Task submitter] INFO  nextflow.Session - [70/2b9082] Submitted process > writeLargeFile (15)
Dec-14 19:52:55.064 [Task submitter] INFO  nextflow.Session - [15/b977f9] Submitted process > writeLargeFile (8)
Dec-14 19:52:55.106 [Task submitter] INFO  nextflow.Session - [3d/510335] Submitted process > writeLargeFile (12)
Dec-14 19:52:55.145 [Task submitter] INFO  nextflow.Session - [6b/379071] Submitted process > writeLargeFile (2)
Dec-14 19:52:55.186 [Task submitter] INFO  nextflow.Session - [1e/3b5617] Submitted process > writeLargeFile (21)
Dec-14 19:52:55.224 [Task submitter] INFO  nextflow.Session - [11/fd9fa8] Submitted process > writeLargeFile (18)
Dec-14 19:52:55.263 [Task submitter] INFO  nextflow.Session - [f0/03fbb1] Submitted process > writeLargeFile (19)
Dec-14 19:52:55.302 [Task submitter] INFO  nextflow.Session - [a2/deadef] Submitted process > writeLargeFile (22)
Dec-14 19:52:55.345 [Task submitter] INFO  nextflow.Session - [7f/d196dd] Submitted process > writeLargeFile (30)
Dec-14 19:52:55.386 [Task submitter] INFO  nextflow.Session - [76/655d4e] Submitted process > writeLargeFile (32)
Dec-14 19:52:55.424 [Task submitter] INFO  nextflow.Session - [62/a15ab6] Submitted process > writeLargeFile (17)
Dec-14 19:52:55.460 [Task submitter] INFO  nextflow.Session - [af/485043] Submitted process > writeLargeFile (27)
Dec-14 19:52:55.498 [Task submitter] INFO  nextflow.Session - [fc/bdeb2d] Submitted process > writeLargeFile (3)
Dec-14 19:52:55.536 [Task submitter] INFO  nextflow.Session - [15/7baab2] Submitted process > writeLargeFile (34)
Dec-14 19:52:55.571 [Task submitter] INFO  nextflow.Session - [3e/6e94fb] Submitted process > writeLargeFile (14)
Dec-14 19:52:55.607 [Task submitter] INFO  nextflow.Session - [ea/b47814] Submitted process > writeLargeFile (9)
Dec-14 19:52:55.644 [Task submitter] INFO  nextflow.Session - [d8/26a072] Submitted process > writeLargeFile (31)
Dec-14 19:52:55.679 [Task submitter] INFO  nextflow.Session - [8e/fc46d9] Submitted process > writeLargeFile (23)
Dec-14 19:52:55.718 [Task submitter] INFO  nextflow.Session - [5b/e89c0c] Submitted process > writeLargeFile (7)
Dec-14 19:52:55.755 [Task submitter] INFO  nextflow.Session - [8a/49d892] Submitted process > writeLargeFile (26)
Dec-14 19:52:55.790 [Task submitter] INFO  nextflow.Session - [88/b0a0b2] Submitted process > writeLargeFile (5)
Dec-14 19:52:55.824 [Task submitter] INFO  nextflow.Session - [3e/bd305f] Submitted process > writeLargeFile (43)
Dec-14 19:52:55.859 [Task submitter] INFO  nextflow.Session - [74/73936f] Submitted process > writeLargeFile (25)
Dec-14 19:52:55.894 [Task submitter] INFO  nextflow.Session - [da/835612] Submitted process > writeLargeFile (4)
Dec-14 19:52:55.928 [Task submitter] INFO  nextflow.Session - [f0/bfb8b4] Submitted process > writeLargeFile (47)
Dec-14 19:52:55.964 [Task submitter] INFO  nextflow.Session - [77/c7e517] Submitted process > writeLargeFile (6)
Dec-14 19:52:55.998 [Task submitter] INFO  nextflow.Session - [43/dd9766] Submitted process > writeLargeFile (29)
Dec-14 19:52:56.027 [Task submitter] INFO  nextflow.Session - [59/26bac4] Submitted process > writeLargeFile (10)
Dec-14 19:52:56.065 [Task submitter] INFO  nextflow.Session - [ad/c6af3d] Submitted process > writeLargeFile (11)
Dec-14 19:52:56.100 [Task submitter] INFO  nextflow.Session - [5b/a9d80e] Submitted process > writeLargeFile (49)
Dec-14 19:52:56.139 [Task submitter] INFO  nextflow.Session - [d6/03ee3c] Submitted process > writeLargeFile (24)
Dec-14 19:52:56.177 [Task submitter] INFO  nextflow.Session - [b4/0dae66] Submitted process > writeLargeFile (13)
Dec-14 19:52:56.216 [Task submitter] INFO  nextflow.Session - [06/f147c2] Submitted process > writeLargeFile (1)
Dec-14 19:52:56.249 [Task submitter] INFO  nextflow.Session - [36/ecb521] Submitted process > writeLargeFile (16)
Dec-14 19:52:56.285 [Task submitter] INFO  nextflow.Session - [87/2a8e17] Submitted process > writeLargeFile (20)
Dec-14 19:52:56.322 [Task submitter] INFO  nextflow.Session - [b4/60d321] Submitted process > writeLargeFile (46)
Dec-14 19:52:56.357 [Task submitter] INFO  nextflow.Session - [6b/213ff7] Submitted process > writeLargeFile (62)
Dec-14 19:52:56.395 [Task submitter] INFO  nextflow.Session - [79/f63dd0] Submitted process > writeLargeFile (33)
Dec-14 19:52:56.429 [Task submitter] INFO  nextflow.Session - [4f/113d45] Submitted process > writeLargeFile (35)
Dec-14 19:52:56.465 [Task submitter] INFO  nextflow.Session - [94/6cdbb4] Submitted process > writeLargeFile (36)
Dec-14 19:52:56.500 [Task submitter] INFO  nextflow.Session - [b4/9fd052] Submitted process > writeLargeFile (67)
Dec-14 19:52:56.542 [Task submitter] INFO  nextflow.Session - [ba/310f35] Submitted process > writeLargeFile (44)
Dec-14 19:52:56.577 [Task submitter] INFO  nextflow.Session - [2a/be7244] Submitted process > writeLargeFile (41)
Dec-14 19:52:56.610 [Task submitter] INFO  nextflow.Session - [37/021c1e] Submitted process > writeLargeFile (38)
Dec-14 19:52:56.644 [Task submitter] INFO  nextflow.Session - [02/5b0d34] Submitted process > writeLargeFile (56)
Dec-14 19:52:56.681 [Task submitter] INFO  nextflow.Session - [9d/c1af36] Submitted process > writeLargeFile (39)
Dec-14 19:52:56.716 [Task submitter] INFO  nextflow.Session - [10/884629] Submitted process > writeLargeFile (58)
Dec-14 19:52:56.752 [Task submitter] INFO  nextflow.Session - [7b/5d1b88] Submitted process > writeLargeFile (37)
Dec-14 19:52:56.786 [Task submitter] INFO  nextflow.Session - [9d/f3991b] Submitted process > writeLargeFile (42)
Dec-14 19:52:56.820 [Task submitter] INFO  nextflow.Session - [3c/14f9da] Submitted process > writeLargeFile (51)
Dec-14 19:52:56.856 [Task submitter] INFO  nextflow.Session - [6f/0b3aba] Submitted process > writeLargeFile (50)
Dec-14 19:52:56.892 [Task submitter] INFO  nextflow.Session - [37/a44dea] Submitted process > writeLargeFile (82)
Dec-14 19:52:56.928 [Task submitter] INFO  nextflow.Session - [fb/1942f2] Submitted process > writeLargeFile (54)
Dec-14 19:52:56.958 [Task submitter] INFO  nextflow.Session - [09/c78541] Submitted process > writeLargeFile (48)
Dec-14 19:52:56.993 [Task submitter] INFO  nextflow.Session - [f2/ae04d3] Submitted process > writeLargeFile (59)
Dec-14 19:52:57.034 [Task submitter] INFO  nextflow.Session - [78/d307ca] Submitted process > writeLargeFile (40)
Dec-14 19:52:57.069 [Task submitter] INFO  nextflow.Session - [1c/a2d0ca] Submitted process > writeLargeFile (53)
Dec-14 19:52:57.104 [Task submitter] INFO  nextflow.Session - [fb/56cd49] Submitted process > writeLargeFile (88)
Dec-14 19:52:57.139 [Task submitter] INFO  nextflow.Session - [71/7d6beb] Submitted process > writeLargeFile (55)
Dec-14 19:52:57.179 [Task submitter] INFO  nextflow.Session - [00/6efd0d] Submitted process > writeLargeFile (57)
Dec-14 19:52:57.213 [Task submitter] INFO  nextflow.Session - [63/359584] Submitted process > writeLargeFile (52)
Dec-14 19:52:57.247 [Task submitter] INFO  nextflow.Session - [24/ba01be] Submitted process > writeLargeFile (45)
Dec-14 19:52:57.282 [Task submitter] INFO  nextflow.Session - [59/b040fe] Submitted process > writeLargeFile (92)
Dec-14 19:52:57.363 [Task submitter] INFO  nextflow.Session - [f2/8a6984] Submitted process > writeLargeFile (63)
Dec-14 19:52:57.404 [Task submitter] INFO  nextflow.Session - [9d/2df39b] Submitted process > writeLargeFile (69)
Dec-14 19:52:57.439 [Task submitter] INFO  nextflow.Session - [94/a92ca8] Submitted process > writeLargeFile (93)
Dec-14 19:52:57.473 [Task submitter] INFO  nextflow.Session - [01/1349e9] Submitted process > writeLargeFile (60)
Dec-14 19:52:57.509 [Task submitter] INFO  nextflow.Session - [f2/08bdf5] Submitted process > writeLargeFile (61)
Dec-14 19:52:57.545 [Task submitter] INFO  nextflow.Session - [d1/9628a8] Submitted process > writeLargeFile (68)
Dec-14 19:52:57.595 [Task submitter] INFO  nextflow.Session - [11/4c7236] Submitted process > writeLargeFile (94)
Dec-14 19:52:57.660 [Task submitter] INFO  nextflow.Session - [a6/ad622a] Submitted process > writeLargeFile (81)
Dec-14 19:52:57.694 [Task submitter] INFO  nextflow.Session - [05/5c7535] Submitted process > writeLargeFile (79)
Dec-14 19:52:57.726 [Task submitter] INFO  nextflow.Session - [9f/532bb1] Submitted process > writeLargeFile (80)
Dec-14 19:52:57.760 [Task submitter] INFO  nextflow.Session - [78/44f0b0] Submitted process > writeLargeFile (99)
Dec-14 19:52:57.794 [Task submitter] INFO  nextflow.Session - [b8/4dea99] Submitted process > writeLargeFile (71)
Dec-14 19:52:57.861 [Task submitter] INFO  nextflow.Session - [0a/73bfb6] Submitted process > writeLargeFile (72)
Dec-14 19:52:57.897 [Task submitter] INFO  nextflow.Session - [f1/5913e9] Submitted process > writeLargeFile (74)
Dec-14 19:52:57.931 [Task submitter] INFO  nextflow.Session - [ec/7c7f29] Submitted process > writeLargeFile (77)
Dec-14 19:52:57.964 [Task submitter] INFO  nextflow.Session - [8f/abd69a] Submitted process > writeLargeFile (65)
Dec-14 19:52:57.995 [Task submitter] INFO  nextflow.Session - [66/722a42] Submitted process > writeLargeFile (76)
Dec-14 19:52:58.027 [Task submitter] INFO  nextflow.Session - [17/5f8fa6] Submitted process > writeLargeFile (78)
Dec-14 19:52:58.094 [Task submitter] INFO  nextflow.Session - [ed/d8930e] Submitted process > writeLargeFile (66)
Dec-14 19:52:58.158 [Task submitter] INFO  nextflow.Session - [f7/e13d6f] Submitted process > writeLargeFile (73)
Dec-14 19:52:58.192 [Task submitter] INFO  nextflow.Session - [31/3db3e1] Submitted process > writeLargeFile (75)
Dec-14 19:52:58.227 [Task submitter] INFO  nextflow.Session - [e8/0d3199] Submitted process > writeLargeFile (70)
Dec-14 19:52:58.261 [Task submitter] INFO  nextflow.Session - [5d/310f5c] Submitted process > writeLargeFile (83)
Dec-14 19:52:58.296 [Task submitter] INFO  nextflow.Session - [05/b9822a] Submitted process > writeLargeFile (64)
Dec-14 19:52:58.347 [Task submitter] INFO  nextflow.Session - [d1/45046c] Submitted process > writeLargeFile (91)
Dec-14 19:52:58.393 [Task submitter] INFO  nextflow.Session - [a7/f70f1e] Submitted process > writeLargeFile (85)
Dec-14 19:52:58.428 [Task submitter] INFO  nextflow.Session - [3f/2e3f27] Submitted process > writeLargeFile (97)
Dec-14 19:52:58.461 [Task submitter] INFO  nextflow.Session - [e9/efde67] Submitted process > writeLargeFile (89)
Dec-14 19:52:58.495 [Task submitter] INFO  nextflow.Session - [4b/0633df] Submitted process > writeLargeFile (87)
Dec-14 19:52:58.528 [Task submitter] INFO  nextflow.Session - [a0/5d6640] Submitted process > writeLargeFile (96)
Dec-14 19:52:58.580 [Task submitter] INFO  nextflow.Session - [d2/8f353b] Submitted process > writeLargeFile (84)
Dec-14 19:52:58.625 [Task submitter] INFO  nextflow.Session - [6c/bf4b71] Submitted process > writeLargeFile (95)
Dec-14 19:52:58.660 [Task submitter] INFO  nextflow.Session - [52/62ed29] Submitted process > writeLargeFile (98)
Dec-14 19:52:58.692 [Task submitter] INFO  nextflow.Session - [1a/e3f46e] Submitted process > writeLargeFile (86)
Dec-14 19:52:58.725 [Task submitter] INFO  nextflow.Session - [e3/f606ae] Submitted process > writeLargeFile (100)
Dec-14 19:52:58.757 [Task submitter] INFO  nextflow.Session - [32/0a941d] Submitted process > writeLargeFile (90)
Dec-14 19:53:05.449 [Task monitor] DEBUG n.processor.TaskPollingMonitor - Task completed > TaskHandler[id: 28; name: writeLargeFile (28); status: COMPLETED; exit: 0; error: -; workDir: /input/data/work/92/b2b3ebdc6658331dc3a7a3f2ad2b7a]
Dec-14 19:53:05.538 [Task monitor] DEBUG n.processor.TaskPollingMonitor - Task completed > TaskHandler[id: 15; name: writeLargeFile (15); status: COMPLETED; exit: 0; error: -; workDir: /input/data/work/70/2b9082e995e80c21e91f6ee7bcde55]
Dec-14 19:53:05.581 [Task monitor] DEBUG n.processor.TaskPollingMonitor - Task completed > TaskHandler[id: 8; name: writeLargeFile (8); status: COMPLETED; exit: 0; error: -; workDir: /input/data/work/15/b977f9aedae9605c6e08f3f7ee3121]
Dec-14 19:53:05.627 [Task monitor] DEBUG n.processor.TaskPollingMonitor - Task completed > TaskHandler[id: 12; name: writeLargeFile (12); status: COMPLETED; exit: 0; error: -; workDir: /input/data/work/3d/510335a05cfbc273270b70710f861e]
Dec-14 19:53:05.739 [Task monitor] DEBUG n.processor.TaskPollingMonitor - Task completed > TaskHandler[id: 2; name: writeLargeFile (2); status: COMPLETED; exit: 0; error: -; workDir: /input/data/work/6b/3790716eaa98ab6014e481fc9e6e19]
Dec-14 19:53:05.903 [Task monitor] DEBUG n.processor.TaskPollingMonitor - Task completed > TaskHandler[id: 21; name: writeLargeFile (21); status: COMPLETED; exit: 0; error: -; workDir: /input/data/work/1e/3b56174a80517d9c30d2b4c59328e9]
Dec-14 19:53:05.945 [Task monitor] DEBUG n.processor.TaskPollingMonitor - Task completed > TaskHandler[id: 18; name: writeLargeFile (18); status: COMPLETED; exit: 0; error: -; workDir: /input/data/work/11/fd9fa8dee4b7a82eaeed37661a1e35]
Dec-14 19:53:06.062 [Task monitor] DEBUG n.processor.TaskPollingMonitor - Task completed > TaskHandler[id: 19; name: writeLargeFile (19); status: COMPLETED; exit: 0; error: -; workDir: /input/data/work/f0/03fbb1f187798592d128a8f803f7da]
Dec-14 19:53:06.146 [Task monitor] DEBUG n.processor.TaskPollingMonitor - Task completed > TaskHandler[id: 22; name: writeLargeFile (22); status: COMPLETED; exit: 0; error: -; workDir: /input/data/work/a2/deadef28c668b713b21d4103d35154]
Dec-14 19:53:06.258 [Task monitor] DEBUG n.processor.TaskPollingMonitor - Task completed > TaskHandler[id: 30; name: writeLargeFile (30); status: COMPLETED; exit: 0; error: -; workDir: /input/data/work/7f/d196dd144dabdb06d9b657a99876b7]
Dec-14 19:53:06.377 [Task monitor] DEBUG n.processor.TaskPollingMonitor - Task completed > TaskHandler[id: 32; name: writeLargeFile (32); status: COMPLETED; exit: 0; error: -; workDir: /input/data/work/76/655d4ec46ed66856515d899aff139a]
Dec-14 19:53:06.447 [Task monitor] DEBUG n.processor.TaskPollingMonitor - Task completed > TaskHandler[id: 17; name: writeLargeFile (17); status: COMPLETED; exit: 0; error: -; workDir: /input/data/work/62/a15ab658d5b5d057073da28ae7ce9b]
Dec-14 19:53:12.775 [Task monitor] DEBUG n.processor.TaskPollingMonitor - Task completed > TaskHandler[id: 84; name: writeLargeFile (84); status: COMPLETED; exit: 0; error: -; workDir: /input/data/work/d2/8f353bd958c6112886f920872f139e]
Dec-14 19:53:12.816 [Task monitor] DEBUG n.processor.TaskPollingMonitor - Task completed > TaskHandler[id: 95; name: writeLargeFile (95); status: COMPLETED; exit: 0; error: -; workDir: /input/data/work/6c/bf4b71aa753687aded7e3e1351af32]
Dec-14 19:53:12.864 [Task monitor] DEBUG n.processor.TaskPollingMonitor - Task completed > TaskHandler[id: 98; name: writeLargeFile (98); status: COMPLETED; exit: 0; error: -; workDir: /input/data/work/52/62ed2974ed64e7e34eb8876f95527e]
Dec-14 19:53:12.908 [Task monitor] DEBUG n.processor.TaskPollingMonitor - Task completed > TaskHandler[id: 86; name: writeLargeFile (86); status: COMPLETED; exit: 0; error: -; workDir: /input/data/work/1a/e3f46ee9c4c5533f62f94eff14b2cb]
Dec-14 19:53:12.953 [Task monitor] DEBUG n.processor.TaskPollingMonitor - Task completed > TaskHandler[id: 100; name: writeLargeFile (100); status: COMPLETED; exit: 0; error: -; workDir: /input/data/work/e3/f606ae192e50a5a25f64af98a1ca62]
Dec-14 19:53:13.000 [Task monitor] DEBUG n.processor.TaskPollingMonitor - Task completed > TaskHandler[id: 90; name: writeLargeFile (90); status: COMPLETED; exit: 0; error: -; workDir: /input/data/work/32/0a941dec9d3b05bb34a459ead2c0f3]
Dec-14 19:53:18.477 [Task monitor] DEBUG n.processor.TaskPollingMonitor - Task completed > TaskHandler[id: 91; name: writeLargeFile (91); status: COMPLETED; exit: 0; error: -; workDir: /input/data/work/d1/45046ce33a52a4bf6d55e21afb097b]
Dec-14 19:53:18.559 [Task monitor] DEBUG n.processor.TaskPollingMonitor - Task completed > TaskHandler[id: 85; name: writeLargeFile (85); status: COMPLETED; exit: 0; error: -; workDir: /input/data/work/a7/f70f1ef3b6591f728edebaf391bf78]
Dec-14 19:53:18.648 [Task monitor] DEBUG n.processor.TaskPollingMonitor - Task completed > TaskHandler[id: 97; name: writeLargeFile (97); status: COMPLETED; exit: 0; error: -; workDir: /input/data/work/3f/2e3f27c12da47fc80902cac58f5f53]
Dec-14 19:53:18.729 [Task monitor] DEBUG n.processor.TaskPollingMonitor - Task completed > TaskHandler[id: 89; name: writeLargeFile (89); status: COMPLETED; exit: 0; error: -; workDir: /input/data/work/e9/efde676c755071e3ce5a95d5d59f25]
Dec-14 19:53:18.809 [Task monitor] DEBUG n.processor.TaskPollingMonitor - Task completed > TaskHandler[id: 87; name: writeLargeFile (87); status: COMPLETED; exit: 0; error: -; workDir: /input/data/work/4b/0633dfd674947e5be496855e4e0d53]
Dec-14 19:53:18.905 [Task monitor] DEBUG n.processor.TaskPollingMonitor - Task completed > TaskHandler[id: 96; name: writeLargeFile (96); status: COMPLETED; exit: 0; error: -; workDir: /input/data/work/a0/5d664099c7c38300cfd4f0f43ae24c]
Dec-14 19:53:22.278 [Task monitor] DEBUG n.processor.TaskPollingMonitor - Task completed > TaskHandler[id: 66; name: writeLargeFile (66); status: COMPLETED; exit: 0; error: -; workDir: /input/data/work/ed/d8930e330e4b3ba4792c7dfa669aee]
Dec-14 19:53:22.320 [Task monitor] DEBUG n.processor.TaskPollingMonitor - Task completed > TaskHandler[id: 73; name: writeLargeFile (73); status: COMPLETED; exit: 0; error: -; workDir: /input/data/work/f7/e13d6ffcbf065a0ea1c4f27ee9e224]
Dec-14 19:53:22.359 [Task monitor] DEBUG n.processor.TaskPollingMonitor - Task completed > TaskHandler[id: 75; name: writeLargeFile (75); status: COMPLETED; exit: 0; error: -; workDir: /input/data/work/31/3db3e1c6349e733be7cfb2b0cd683a]
Dec-14 19:53:22.398 [Task monitor] DEBUG n.processor.TaskPollingMonitor - Task completed > TaskHandler[id: 70; name: writeLargeFile (70); status: COMPLETED; exit: 0; error: -; workDir: /input/data/work/e8/0d319902c10da9fd629c491a8d7374]
Dec-14 19:53:22.439 [Task monitor] DEBUG n.processor.TaskPollingMonitor - Task completed > TaskHandler[id: 83; name: writeLargeFile (83); status: COMPLETED; exit: 0; error: -; workDir: /input/data/work/5d/310f5caaa1afdffbea03b6b8ed0962]
Dec-14 19:53:22.480 [Task monitor] DEBUG n.processor.TaskPollingMonitor - Task completed > TaskHandler[id: 64; name: writeLargeFile (64); status: COMPLETED; exit: 0; error: -; workDir: /input/data/work/05/b9822a0cdb7eee83d3cc9447616e48]
Dec-14 19:53:27.804 [Task monitor] DEBUG n.processor.TaskPollingMonitor - Task completed > TaskHandler[id: 72; name: writeLargeFile (72); status: COMPLETED; exit: 0; error: -; workDir: /input/data/work/0a/73bfb6ac8f6fad8b96554ef1e83a72]
Dec-14 19:53:27.908 [Task monitor] DEBUG n.processor.TaskPollingMonitor - Task completed > TaskHandler[id: 74; name: writeLargeFile (74); status: COMPLETED; exit: 0; error: -; workDir: /input/data/work/f1/5913e927b69ce26bc02cb9a51830bb]
Dec-14 19:53:27.990 [Task monitor] DEBUG n.processor.TaskPollingMonitor - Task completed > TaskHandler[id: 77; name: writeLargeFile (77); status: COMPLETED; exit: 0; error: -; workDir: /input/data/work/ec/7c7f29ade9f9535e97b65590a2672b]
Dec-14 19:53:28.083 [Task monitor] DEBUG n.processor.TaskPollingMonitor - Task completed > TaskHandler[id: 65; name: writeLargeFile (65); status: COMPLETED; exit: 0; error: -; workDir: /input/data/work/8f/abd69a9f5e9f9e38c68a520c00ac5d]
Dec-14 19:53:28.158 [Task monitor] DEBUG n.processor.TaskPollingMonitor - Task completed > TaskHandler[id: 76; name: writeLargeFile (76); status: COMPLETED; exit: 0; error: -; workDir: /input/data/work/66/722a42d1bf4bd4b831c19804278cad]
Dec-14 19:53:28.281 [Task monitor] DEBUG n.processor.TaskPollingMonitor - Task completed > TaskHandler[id: 78; name: writeLargeFile (78); status: COMPLETED; exit: 0; error: -; workDir: /input/data/work/17/5f8fa62d9f68de0be8c335543c0763]
Dec-14 19:53:31.146 [Task monitor] DEBUG n.processor.TaskPollingMonitor - Task completed > TaskHandler[id: 62; name: writeLargeFile (62); status: COMPLETED; exit: 0; error: -; workDir: /input/data/work/6b/213ff7c1b6ea86404a80d5a6d9bc0c]
Dec-14 19:53:31.189 [Task monitor] DEBUG n.processor.TaskPollingMonitor - Task completed > TaskHandler[id: 33; name: writeLargeFile (33); status: COMPLETED; exit: 0; error: -; workDir: /input/data/work/79/f63dd06cb2da520791d32f996148ac]
Dec-14 19:53:32.103 [Task monitor] DEBUG n.processor.TaskPollingMonitor - Task completed > TaskHandler[id: 79; name: writeLargeFile (79); status: COMPLETED; exit: 0; error: -; workDir: /input/data/work/05/5c7535e3ea2d076f0e8aae76447f58]
Dec-14 19:53:32.151 [Task monitor] DEBUG n.processor.TaskPollingMonitor - Task completed > TaskHandler[id: 80; name: writeLargeFile (80); status: COMPLETED; exit: 0; error: -; workDir: /input/data/work/9f/532bb1b93e553bc1dc3f1aed6cff3f]
Dec-14 19:53:32.194 [Task monitor] DEBUG n.processor.TaskPollingMonitor - Task completed > TaskHandler[id: 99; name: writeLargeFile (99); status: COMPLETED; exit: 0; error: -; workDir: /input/data/work/78/44f0b0958f8c6f16c1d8a6e8df111c]
Dec-14 19:53:32.235 [Task monitor] DEBUG n.processor.TaskPollingMonitor - Task completed > TaskHandler[id: 71; name: writeLargeFile (71); status: COMPLETED; exit: 0; error: -; workDir: /input/data/work/b8/4dea99554c4cd29d9158934df55b1f]
Dec-14 19:53:36.576 [Task monitor] DEBUG n.processor.TaskPollingMonitor - Task completed > TaskHandler[id: 35; name: writeLargeFile (35); status: COMPLETED; exit: 0; error: -; workDir: /input/data/work/4f/113d45e10828bcd0dbbe11387ac5f4]
Dec-14 19:53:36.712 [Task monitor] DEBUG n.processor.TaskPollingMonitor - Task completed > TaskHandler[id: 36; name: writeLargeFile (36); status: COMPLETED; exit: 0; error: -; workDir: /input/data/work/94/6cdbb4e70483e966c46c59a3bb3cca]
Dec-14 19:53:36.884 [Task monitor] DEBUG n.processor.TaskPollingMonitor - Task completed > TaskHandler[id: 67; name: writeLargeFile (67); status: COMPLETED; exit: 0; error: -; workDir: /input/data/work/b4/9fd0529f0d73950f8a2e666af2e095]
Dec-14 19:53:37.079 [Task monitor] DEBUG n.processor.TaskPollingMonitor - Task completed > TaskHandler[id: 44; name: writeLargeFile (44); status: COMPLETED; exit: 0; error: -; workDir: /input/data/work/ba/310f359b0f8ff655dbf652f8ab300d]
Dec-14 19:53:37.144 [Task monitor] DEBUG n.processor.TaskPollingMonitor - Task completed > TaskHandler[id: 41; name: writeLargeFile (41); status: COMPLETED; exit: 0; error: -; workDir: /input/data/work/2a/be7244590f8091deeff434b580bd1e]
Dec-14 19:53:37.224 [Task monitor] DEBUG n.processor.TaskPollingMonitor - Task completed > TaskHandler[id: 38; name: writeLargeFile (38); status: COMPLETED; exit: 0; error: -; workDir: /input/data/work/37/021c1ef70989c525a0846751329bea]
Dec-14 19:53:41.165 [Task monitor] DEBUG n.processor.TaskPollingMonitor - Task completed > TaskHandler[id: 56; name: writeLargeFile (56); status: COMPLETED; exit: 0; error: -; workDir: /input/data/work/02/5b0d341f9221144a7873a06e1770ce]
Dec-14 19:53:41.638 [Task monitor] DEBUG n.processor.TaskPollingMonitor - Task completed > TaskHandler[id: 60; name: writeLargeFile (60); status: COMPLETED; exit: 0; error: -; workDir: /input/data/work/01/1349e92a39e06df0975ce7bacacc27]
Dec-14 19:53:41.680 [Task monitor] DEBUG n.processor.TaskPollingMonitor - Task completed > TaskHandler[id: 61; name: writeLargeFile (61); status: COMPLETED; exit: 0; error: -; workDir: /input/data/work/f2/08bdf590a10c9a8c456a0f6c2e233c]
Dec-14 19:53:41.724 [Task monitor] DEBUG n.processor.TaskPollingMonitor - Task completed > TaskHandler[id: 68; name: writeLargeFile (68); status: COMPLETED; exit: 0; error: -; workDir: /input/data/work/d1/9628a81647ce2631a107bea97616e6]
Dec-14 19:53:41.765 [Task monitor] DEBUG n.processor.TaskPollingMonitor - Task completed > TaskHandler[id: 94; name: writeLargeFile (94); status: COMPLETED; exit: 0; error: -; workDir: /input/data/work/11/4c7236473efa9d6aec62b082091ca8]
Dec-14 19:53:41.803 [Task monitor] DEBUG n.processor.TaskPollingMonitor - Task completed > TaskHandler[id: 81; name: writeLargeFile (81); status: COMPLETED; exit: 0; error: -; workDir: /input/data/work/a6/ad622a969d3d2a8380a4b6e830f235]
Dec-14 19:53:47.087 [Task monitor] DEBUG n.processor.TaskPollingMonitor - Task completed > TaskHandler[id: 52; name: writeLargeFile (52); status: COMPLETED; exit: 0; error: -; workDir: /input/data/work/63/359584b5fe3996f871df4d8c42121b]
Dec-14 19:53:47.190 [Task monitor] DEBUG n.processor.TaskPollingMonitor - Task completed > TaskHandler[id: 45; name: writeLargeFile (45); status: COMPLETED; exit: 0; error: -; workDir: /input/data/work/24/ba01be9973477f9d5a9681447db8b4]
Dec-14 19:53:47.267 [Task monitor] DEBUG n.processor.TaskPollingMonitor - Task completed > TaskHandler[id: 92; name: writeLargeFile (92); status: COMPLETED; exit: 0; error: -; workDir: /input/data/work/59/b040fed467d53c3848c1d53a479c29]
Dec-14 19:53:47.351 [Task monitor] DEBUG n.processor.TaskPollingMonitor - Task completed > TaskHandler[id: 63; name: writeLargeFile (63); status: COMPLETED; exit: 0; error: -; workDir: /input/data/work/f2/8a698432ab386750d7c47698e45751]
Dec-14 19:53:47.457 [Task monitor] DEBUG n.processor.TaskPollingMonitor - Task completed > TaskHandler[id: 69; name: writeLargeFile (69); status: COMPLETED; exit: 0; error: -; workDir: /input/data/work/9d/2df39bcb712ac488b18cb868e0ebee]
Dec-14 19:53:47.522 [Task monitor] DEBUG n.processor.TaskPollingMonitor - Task completed > TaskHandler[id: 93; name: writeLargeFile (93); status: COMPLETED; exit: 0; error: -; workDir: /input/data/work/94/a92ca8572104054f85b84a65c60e08]
Dec-14 19:53:51.247 [Task monitor] DEBUG n.processor.TaskPollingMonitor - Task completed > TaskHandler[id: 82; name: writeLargeFile (82); status: COMPLETED; exit: 0; error: -; workDir: /input/data/work/37/a44dead130e0f29cb06d10c3570957]
Dec-14 19:53:51.286 [Task monitor] DEBUG n.processor.TaskPollingMonitor - Task completed > TaskHandler[id: 54; name: writeLargeFile (54); status: COMPLETED; exit: 0; error: -; workDir: /input/data/work/fb/1942f2968649db7bf33164e4606f8a]
Dec-14 19:53:51.332 [Task monitor] DEBUG n.processor.TaskPollingMonitor - Task completed > TaskHandler[id: 48; name: writeLargeFile (48); status: COMPLETED; exit: 0; error: -; workDir: /input/data/work/09/c785410f4e6098035ca920e0aec767]
Dec-14 19:53:51.374 [Task monitor] DEBUG n.processor.TaskPollingMonitor - Task completed > TaskHandler[id: 59; name: writeLargeFile (59); status: COMPLETED; exit: 0; error: -; workDir: /input/data/work/f2/ae04d347403b47089cc07be51226a5]
Dec-14 19:53:51.417 [Task monitor] DEBUG n.processor.TaskPollingMonitor - Task completed > TaskHandler[id: 40; name: writeLargeFile (40); status: COMPLETED; exit: 0; error: -; workDir: /input/data/work/78/d307ca1a4f4c7b5fd19e99849e04c3]
Dec-14 19:53:51.458 [Task monitor] DEBUG n.processor.TaskPollingMonitor - Task completed > TaskHandler[id: 53; name: writeLargeFile (53); status: COMPLETED; exit: 0; error: -; workDir: /input/data/work/1c/a2d0ca4af8e0f5db56fad0c30b9197]
Dec-14 19:53:51.498 [Task monitor] DEBUG n.processor.TaskPollingMonitor - Task completed > TaskHandler[id: 88; name: writeLargeFile (88); status: COMPLETED; exit: 0; error: -; workDir: /input/data/work/fb/56cd492e1e8feaf04ec45bb0b14afe]
Dec-14 19:53:51.538 [Task monitor] DEBUG n.processor.TaskPollingMonitor - Task completed > TaskHandler[id: 55; name: writeLargeFile (55); status: COMPLETED; exit: 0; error: -; workDir: /input/data/work/71/7d6bebd6879ad4d287ee2b3781ca34]
Dec-14 19:53:51.581 [Task monitor] DEBUG n.processor.TaskPollingMonitor - Task completed > TaskHandler[id: 57; name: writeLargeFile (57); status: COMPLETED; exit: 0; error: -; workDir: /input/data/work/00/6efd0d935318c56c883dff0f018b19]
Dec-14 19:53:56.445 [Task monitor] DEBUG n.processor.TaskPollingMonitor - Task completed > TaskHandler[id: 42; name: writeLargeFile (42); status: COMPLETED; exit: 0; error: -; workDir: /input/data/work/9d/f3991bd20ab162827e7c7464117f28]
Dec-14 19:53:56.606 [Task monitor] DEBUG n.processor.TaskPollingMonitor - Task completed > TaskHandler[id: 51; name: writeLargeFile (51); status: COMPLETED; exit: 0; error: -; workDir: /input/data/work/3c/14f9dabdd371cd71f15f43e956450d]
Dec-14 19:53:56.709 [Task monitor] DEBUG n.processor.TaskPollingMonitor - Task completed > TaskHandler[id: 50; name: writeLargeFile (50); status: COMPLETED; exit: 0; error: -; workDir: /input/data/work/6f/0b3aba97973a978da0d4df65f78d7b]
Dec-14 19:54:00.958 [Task monitor] DEBUG n.processor.TaskPollingMonitor - Task completed > TaskHandler[id: 16; name: writeLargeFile (16); status: COMPLETED; exit: 0; error: -; workDir: /input/data/work/36/ecb5217f7c979648c4e470a65bc218]
Dec-14 19:54:00.996 [Task monitor] DEBUG n.processor.TaskPollingMonitor - Task completed > TaskHandler[id: 20; name: writeLargeFile (20); status: COMPLETED; exit: 0; error: -; workDir: /input/data/work/87/2a8e173b6a5d6780df4cbae5706363]
Dec-14 19:54:01.035 [Task monitor] DEBUG n.processor.TaskPollingMonitor - Task completed > TaskHandler[id: 46; name: writeLargeFile (46); status: COMPLETED; exit: 0; error: -; workDir: /input/data/work/b4/60d321c08203d0548aebaa58503f2a]
Dec-14 19:54:01.077 [Task monitor] DEBUG n.processor.TaskPollingMonitor - Task completed > TaskHandler[id: 39; name: writeLargeFile (39); status: COMPLETED; exit: 0; error: -; workDir: /input/data/work/9d/c1af364cd0aa4efa0213b92e2d9fab]
Dec-14 19:54:01.122 [Task monitor] DEBUG n.processor.TaskPollingMonitor - Task completed > TaskHandler[id: 58; name: writeLargeFile (58); status: COMPLETED; exit: 0; error: -; workDir: /input/data/work/10/884629ce1683ce6f201ad0bf650161]
Dec-14 19:54:01.162 [Task monitor] DEBUG n.processor.TaskPollingMonitor - Task completed > TaskHandler[id: 37; name: writeLargeFile (37); status: COMPLETED; exit: 0; error: -; workDir: /input/data/work/7b/5d1b8833585530b61f9c672b628e96]
Dec-14 19:54:06.018 [Task monitor] DEBUG n.processor.TaskPollingMonitor - Task completed > TaskHandler[id: 10; name: writeLargeFile (10); status: COMPLETED; exit: 0; error: -; workDir: /input/data/work/59/26bac4c9a3dc23ca529e4ddb8a32ed]
Dec-14 19:54:06.225 [Task monitor] DEBUG n.processor.TaskPollingMonitor - Task completed > TaskHandler[id: 11; name: writeLargeFile (11); status: COMPLETED; exit: 0; error: -; workDir: /input/data/work/ad/c6af3d896d07a09334792a6dc9c25d]
Dec-14 19:54:06.323 [Task monitor] DEBUG n.processor.TaskPollingMonitor - Task completed > TaskHandler[id: 49; name: writeLargeFile (49); status: COMPLETED; exit: 0; error: -; workDir: /input/data/work/5b/a9d80edd609131aac5e5fdcb8c368a]
Dec-14 19:54:06.387 [Task monitor] DEBUG n.processor.TaskPollingMonitor - Task completed > TaskHandler[id: 24; name: writeLargeFile (24); status: COMPLETED; exit: 0; error: -; workDir: /input/data/work/d6/03ee3ce4f3600b767ec61b656fd893]
Dec-14 19:54:06.485 [Task monitor] DEBUG n.processor.TaskPollingMonitor - Task completed > TaskHandler[id: 13; name: writeLargeFile (13); status: COMPLETED; exit: 0; error: -; workDir: /input/data/work/b4/0dae661fb28eb6fd93d32403722674]
Dec-14 19:54:06.569 [Task monitor] DEBUG n.processor.TaskPollingMonitor - Task completed > TaskHandler[id: 1; name: writeLargeFile (1); status: COMPLETED; exit: 0; error: -; workDir: /input/data/work/06/f147c23689c8b995e53c06d488f5c0]
Dec-14 19:54:10.585 [Task monitor] DEBUG n.processor.TaskPollingMonitor - Task completed > TaskHandler[id: 7; name: writeLargeFile (7); status: COMPLETED; exit: 0; error: -; workDir: /input/data/work/5b/e89c0cec68144ca3e1a6f321313a35]
Dec-14 19:54:10.625 [Task monitor] DEBUG n.processor.TaskPollingMonitor - Task completed > TaskHandler[id: 26; name: writeLargeFile (26); status: COMPLETED; exit: 0; error: -; workDir: /input/data/work/8a/49d89228f6f2fee27efebd4c35be09]
Dec-14 19:54:10.665 [Task monitor] DEBUG n.processor.TaskPollingMonitor - Task completed > TaskHandler[id: 5; name: writeLargeFile (5); status: COMPLETED; exit: 0; error: -; workDir: /input/data/work/88/b0a0b2a038d4b41cec1256c76b1fd9]
Dec-14 19:54:10.706 [Task monitor] DEBUG n.processor.TaskPollingMonitor - Task completed > TaskHandler[id: 43; name: writeLargeFile (43); status: COMPLETED; exit: 0; error: -; workDir: /input/data/work/3e/bd305fea009b8a51823931151ac687]
Dec-14 19:54:10.746 [Task monitor] DEBUG n.processor.TaskPollingMonitor - Task completed > TaskHandler[id: 25; name: writeLargeFile (25); status: COMPLETED; exit: 0; error: -; workDir: /input/data/work/74/73936faca2679ff1ef4bf0ed85c116]
Dec-14 19:54:10.790 [Task monitor] DEBUG n.processor.TaskPollingMonitor - Task completed > TaskHandler[id: 4; name: writeLargeFile (4); status: COMPLETED; exit: 0; error: -; workDir: /input/data/work/da/835612a2ca149a5853c45577319968]
Dec-14 19:54:10.832 [Task monitor] DEBUG n.processor.TaskPollingMonitor - Task completed > TaskHandler[id: 47; name: writeLargeFile (47); status: COMPLETED; exit: 0; error: -; workDir: /input/data/work/f0/bfb8b49b5f8488d4da1016dfcb3d66]
Dec-14 19:54:10.871 [Task monitor] DEBUG n.processor.TaskPollingMonitor - Task completed > TaskHandler[id: 6; name: writeLargeFile (6); status: COMPLETED; exit: 0; error: -; workDir: /input/data/work/77/c7e5173323081078b0c422d68e0421]
Dec-14 19:54:10.908 [Task monitor] DEBUG n.processor.TaskPollingMonitor - Task completed > TaskHandler[id: 29; name: writeLargeFile (29); status: COMPLETED; exit: 0; error: -; workDir: /input/data/work/43/dd97668855c22753d4f8b2cb8e3d64]
Dec-14 19:54:15.511 [Task monitor] DEBUG n.processor.TaskPollingMonitor - Task completed > TaskHandler[id: 27; name: writeLargeFile (27); status: COMPLETED; exit: 0; error: -; workDir: /input/data/work/af/4850432053d3f74209609e857b039a]
Dec-14 19:54:15.674 [Task monitor] DEBUG n.processor.TaskPollingMonitor - Task completed > TaskHandler[id: 9; name: writeLargeFile (9); status: COMPLETED; exit: 0; error: -; workDir: /input/data/work/ea/b47814f5fbf319a297b83c734d9f42]
Dec-14 19:54:15.755 [Task monitor] DEBUG n.processor.TaskPollingMonitor - Task completed > TaskHandler[id: 31; name: writeLargeFile (31); status: COMPLETED; exit: 0; error: -; workDir: /input/data/work/d8/26a072bac404c106d3bad0a28ccd9b]
Dec-14 19:54:15.836 [Task monitor] DEBUG n.processor.TaskPollingMonitor - Task completed > TaskHandler[id: 23; name: writeLargeFile (23); status: COMPLETED; exit: 0; error: -; workDir: /input/data/work/8e/fc46d90037a0fa1c6f77c1497c602b]
Dec-14 19:54:20.444 [Task monitor] DEBUG n.processor.TaskPollingMonitor - Task completed > TaskHandler[id: 3; name: writeLargeFile (3); status: COMPLETED; exit: 0; error: -; workDir: /input/data/work/fc/bdeb2d8f1a3d01b00666099fa1add1]
Dec-14 19:54:20.487 [Task monitor] DEBUG n.processor.TaskPollingMonitor - Task completed > TaskHandler[id: 34; name: writeLargeFile (34); status: COMPLETED; exit: 0; error: -; workDir: /input/data/work/15/7baab24d8df7e2e0e28bf469e67077]
Dec-14 19:54:20.525 [Task monitor] DEBUG n.processor.TaskPollingMonitor - Task completed > TaskHandler[id: 14; name: writeLargeFile (14); status: COMPLETED; exit: 0; error: -; workDir: /input/data/work/3e/6e94fb23e7ab2f78b9e8cd8eb2a91f]
Dec-14 19:54:20.618 [Task submitter] INFO  nextflow.Session - [37/80114a] Submitted process > combineFiles (1)
Dec-14 19:57:55.415 [Task monitor] DEBUG n.processor.TaskPollingMonitor - !! executor k8s > tasks to be completed: 1 -- submitted tasks are shown below
~> TaskHandler[id: 101; name: combineFiles (1); status: SUBMITTED; exit: -; error: -; workDir: /input/data/work/37/80114a3043fdcb7a8d1c6cd6c0cd47]
Dec-14 20:02:55.421 [Task monitor] DEBUG n.processor.TaskPollingMonitor - !! executor k8s > tasks to be completed: 1 -- submitted tasks are shown below
~> TaskHandler[id: 101; name: combineFiles (1); status: SUBMITTED; exit: -; error: -; workDir: /input/data/work/37/80114a3043fdcb7a8d1c6cd6c0cd47]
Dec-14 20:07:55.432 [Task monitor] DEBUG n.processor.TaskPollingMonitor - !! executor k8s > tasks to be completed: 1 -- submitted tasks are shown below
~> TaskHandler[id: 101; name: combineFiles (1); status: RUNNING; exit: -; error: -; workDir: /input/data/work/37/80114a3043fdcb7a8d1c6cd6c0cd47]
Dec-14 20:08:25.481 [Task monitor] DEBUG n.processor.TaskPollingMonitor - Task completed > TaskHandler[id: 101; name: combineFiles (1); status: COMPLETED; exit: 0; error: -; workDir: /input/data/work/37/80114a3043fdcb7a8d1c6cd6c0cd47]
Dec-14 20:08:25.484 [main] DEBUG nextflow.Session - Session await > all processes finished
Dec-14 20:08:25.487 [main] DEBUG nextflow.Session - Session await > all barriers passed
Dec-14 20:08:25.498 [main] DEBUG n.trace.WorkflowStatsObserver - Workflow completed > WorkflowStats[succeededCount=101; failedCount=0; ignoredCount=0; cachedCount=0; pendingCount=0; submittedCount=0; runningCount=0; retriesCount=0; abortedCount=0; succeedDuration=46m 23s; failedDuration=0ms; cachedDuration=0ms;loadCpus=0; loadMemory=0; peakRunning=18; peakCpus=180; peakMemory=180 GB; ]
Dec-14 20:08:25.498 [main] DEBUG nextflow.trace.TraceFileObserver - Workflow completed -- saving trace file
Dec-14 20:08:25.510 [main] DEBUG nextflow.trace.ReportObserver - Workflow completed -- rendering execution report
Dec-14 20:08:26.155 [main] DEBUG nextflow.trace.TimelineObserver - Workflow completed -- rendering execution timeline
Dec-14 20:08:26.302 [main] DEBUG nextflow.cache.CacheDB - Closing CacheDB done
Dec-14 20:08:26.329 [main] DEBUG nextflow.util.ThreadPoolManager - Thread pool 'FileTransfer' shutdown completed (hard=false)
Dec-14 20:08:26.329 [main] DEBUG nextflow.script.ScriptRunner - > Execution complete -- Goodbye
